5
10
15
20
25
30
35
40
45
50
55
60
65
70
75
80
85
90
95
100
105
110
115
121
127
133
139
145
151
157
162
168
174
180
186
192
198
204
210
219
228
237
246
255
265
274
283
292
301
310
320
332
344
356
368
381
393
405
417
430
445
461
477
492
508
524
540
550
560
570
580
590
600
610
620
630
640
650
655
660
665
670
675
680
685
690
695
700
705
710
715
720
725
730
735
740
745
750
755
760
770
780
790
800
809
820
830
840
850
860
870
880
889
899
909
919
929
940
950
955
960
965
970
976
981
986
991
997
1002
1007
1012
1018
1023
1028
1033
1039
1044
1049
1054
1060
1064
1068
1073
1077
1081
1086
1090
1094
1099
1103
1107
1112
1116
1120
1125
1129
1133
1138
1142
1146
1151
1155
1160
1164
1169
1173
1178
1182
1187
1192
1196
1201
1205
1210
1214
1219
1224
1228
1233
1237
1242
1247
1251
1256
1260
1265
1270
1275
1281
1286
1292
1297
1303
1308
1314
1320
1325
1331
1336
1342
1347
1353
1358
1364
1370
1374
1379
1383
1388
1393
1397
1402
1406
1411
1416
1420
1425
1430
1434
1439
1443
1448
1453
1457
1462
1466
1471
1476
1480
1485
1490
1496
1502
1508
1514
1520
1526
1532
1538
1545
1551
1557
1563
1569
1575
1581
1587
1593
1600
1610
1620
1630
1640
1650
1660
1670
1680
1690
1700
1704
1708
1712
1716
1721
1725
1729
1733
1738
1742
1746
1750
1755
1759
1763
1767
1771
1776
1780
1784
1788
1793
1797
1801
1805
1810
1816
1822
1828
1835
1841
1847
1853
1859
1866
1872
1878
1885
1891
1897
1903
1910
1915
1920
1925
1930
1936
1941
1946
1951
1957
1962
1967
1972
1978
1983
1988
1993
1999
2004
2009
2014
2020
2024
2028
2032
2036
2040
2045
2049
2053
2057
2061
2065
2070
2074
2078
2082
2086
2090
2095
2099
2103
2107
2111
2115
2120
2130
2140
2150
2160
2170
2180
2190
2200
2210
2220
2230
2238
2246
2254
2262
2270
2278
2286
2294
2302
2310
2318
2326
2334
2342
2350
2354
2358
2363
2367
2371
2376
2380
2384
2389
2393
2397
2402
2406
2410
2415
2419
2423
2428
2432
2436
2441
2445
2450
2457
2465
2472
2480
2487
2495
2502
2510
2517
2525
2532
2540
2547
2554
2562
2570
2574
2578
2583
2587
2591
2596
2600
2604
2609
2613
2617
2622
2626
2630
2635
2639
2643
2648
2652
2656
2661
2665
2670
2676
2682
2688
2694
2700
2706
2712
2718
2724
2731
2737
2743
2749
2755
2761
2767
2773
2780
2785
2791
2797
2803
2809
2815
2821
2827
2832
2838
2844
2850
2856
2862
2868
2874
2880
2885
2891
2896
2902
2907
2913
2918
2924
2929
2935
2940
2946
2951
2957
2962
2968
2973
2979
2984
2990
2995
3001
3006
3012
3017
3023
3028
3034
3039
3045
3050
3056
3061
3067
3072
3078
3083
3089
3094
3100
3104
3109
3114
3119
3123
3128
3133
3138
3142
3147
3152
3157
3161
3166
3171
3176
3180
3185
3190
3195
3200
3206
3212
3218
3224
3230
3236
3242
3248
3255
3261
3267
3273
3279
3285
3291
3297
3303
3310
3317
3325
3333
3340
3348
3356
3363
3371
3379
3386
3394
3402
3410
3415
3420
3425
3430
3435
3440
3445
3450
3455
3460
3465
3470
3475
3480
3485
3490
3495
3500
3505
3510
3515
3520
3524
3528
3532
3536
3540
3545
3549
3553
3557
3561
3565
3570
3574
3578
3582
3586
3590
3595
3599
3603
3607
3611
3615
3620
3624
3628
3633
3637
3642
3646
3650
3655
3659
3664
3668
3672
3677
3681
3686
3690
3694
3699
3703
3708
3712
3716
3721
3725
3730
3735
3740
3745
3750
3756
3761
3766
3771
3777
3782
3787
3792
3798
3803
3808
3813
3819
3824
3829
3834
3840
3846
3852
3858
3864
3871
3877
3883
3889
3896
3902
3908
3915
3921
3927
3933
3940
3946
3953
3960
3967
3974
3981
3988
3995
4001
4008
4015
4022
4029
4036
4043
4050
4059
4068
4077
4086
4095
4104
4113
4122
4131
4140
4150
4155
4160
4165
4170
4176
4181
4186
4191
4197
4202
4207
4212
4218
4223
4228
4233
4239
4244
4249
4254
4260
4265
4271
4276
4282
4287
4293
4298
4304
4309
4314
4320
4326
4331
4337
4342
4348
4353
4359
4364
4370
4374
4379
4384
4389
4393
4398
4403
4408
4413
4417
4422
4427
4432
4436
4441
4446
4451
4456
4460
4465
4470
4475
4480
4485
4491
4496
4502
4507
4513
4518
4524
4529
4535
4540
4546
4551
4557
4562
4568
4573
4579
4584
4590
4596
4603
4610
4616
4623
4630
4636
4643
4650
4656
4663
4670
4676
4683
4690
4695
4700
4705
4710
4716
4721
4726
4731
4737
4742
4747
4752
4758
4763
4768
4773
4779
4784
4789
4794
4800
4805
4810
4815
4821
4826
4831
4836
4842
4847
4852
4857
4863
4868
4873
4878
4884
4889
4894
4900
4904
4909
4913
4918
4922
4927
4932
4936
4941
4945
4950
4955
4959
4964
4968
4973
4977
4982
4987
4991
4996
5000
5005
5010
5014
5018
5023
5027
5032
5036
5040
5045
5049
5054
5058
5062
5067
5071
5076
5080
5084
5089
5093
5098
5102
5106
5111
5115
5120
5124
5128
5133
5137
5142
5146
5150
5155
5159
5164
5168
5172
5177
5181
5186
5190
5194
5199
5203
5208
5212
5216
5221
5225
5230
5233
5236
5240
5243
5247
5250
5254
5257
5260
5264
5267
5271
5274
5278
5281
5285
5288
5291
5295
5298
5302
5305
5309
5312
5315
5319
5322
5326
5329
5333
5336
5340
5343
5346
5350
5353
5357
5360
5364
5367
5371
5374
5377
5381
5384
5388
5391
5395
5398
5402
5405
5408
5412
5415
5419
5422
5426
5429
5433
5436
5440
5450
5460
5470
5480
5490
5500
5510
5520
5530
5540
5550
5560
5570
5580
5590
5600
5610
5612
5615
5618
5621
5624
5627
5630
5633
5636
5639
5642
5645
5648
5651
5654
5657
5660
5662
5665
5668
5671
5674
5677
5680
5683
5686
5689
5692
5695
5698
5701
5704
5707
5710
5714
5718
5722
5726
5730
5734
5738
5743
5747
5751
5755
5759
5763
5767
5772
5776
5780
5784
5788
5792
5796
5801
5805
5809
5813
5817
5821
5825
5830
5834
5838
5842
5846
5850
5854
5858
5862
5866
5870
5874
5878
5882
5886
5890
5894
5898
5902
5906
5910
5914
5918
5922
5926
5930
5933
5937
5941
5944
5948
5952
5956
5960
5963
5967
5971
5975
5978
5982
5986
5990
5993
5997
6001
6005
6008
6012
6016
6020
6023
6027
6031
6035
6038
6042
6046
6050
6058
6067
6075
6084
6092
6101
6110
6118
6127
6135
6144
6152
6161
6170
6178
6187
6195
6204
6212
6221
6230
6233
6236
6240
6243
6247
6250
6254
6257
6260
6264
6267
6271
6274
6278
6281
6285
6288
6291
6295
6298
6302
6305
6309
6312
6315
6319
6322
6326
6329
6333
6336
6340
6342
6344
6347
6349
6352
6354
6357
6359
6361
6364
6366
6369
6371
6374
6376
6379
6381
6383
6386
6388
6391
6393
6396
6398
6400
6403
6405
6408
6410
6413
6415
6418
6420
6422
6425
6427
6430
6432
6435
6437
6440
6446
6452
6458
6464
6470
6476
6482
6488
6494
6500
6506
6512
6518
6524
6529
6536
6542
6548
6553
6560
6562
6565
6568
6571
6574
6577
6580
6582
6585
6588
6591
6594
6597
6600
6602
6605
6608
6611
6614
6617
6620
6622
6625
6628
6631
6634
6637
6640
6642
6645
6648
6651
6654
6657
6660
6666
6672
6679
6685
6692
6698
6705
6711
6718
6724
6731
6737
6744
6750
6757
6763
6770
6774
6779
6784
6790
6795
6800
6805
6810
6814
6820
6825
6830
6835
6840
6845
6850
6855
6860
6865
6870
6874
6879
6884
6889
6893
6898
6903
6908
6913
6917
6922
6927
6932
6936
6941
6946
6951
6956
6960
6965
6970
6975
6980
6984
6988
6992
6996
7001
7005
7009
7013
7018
7022
7026
7030
7035
7039
7043
7047
7051
7056
7060
7064
7068
7073
7077
7081
7085
7090
7094
7098
7103
7107
7111
7116
7120
7124
7129
7133
7137
7142
7146
7150
7155
7159
7163
7168
7172
7176
7181
7185
7190
7198
7206
7215
7223
7232
7240
7248
7257
7265
7274
7282
7291
7299
7307
7316
7324
7333
7341
7350
7354
7358
7362
7366
7370
7374
7378
7382
7386
7390
7394
7398
7402
7406
7410
7414
7418
7422
7426
7430
7434
7438
7442
7446
7450
7453
7456
7459
7462
7466
7469
7472
7475
7479
7482
7485
7488
7492
7495
7498
7501
7505
7508
7511
7514
7517
7521
7524
7527
7530
7534
7537
7540
7543
7547
7550
7553
7556
7560
7581
7602
7624
7645
7667
7688
7710
7712
7715
7718
7721
7724
7727
7730
7733
7736
7739
7742
7745
7748
7751
7754
7757
7760
7763
7766
7769
7772
7775
7778
7781
7784
7787
7790
7793
7796
7799
7802
7805
7808
7811
7814
7817
7820
7823
7827
7830
7834
7837
7841
7845
7848
7852
7855
7859
7862
7866
7870
7873
7877
7880
7884
7887
7891
7895
7898
7902
7905
7909
7912
7916
7920
7936
7953
7970
7986
8003
8020
8036
8053
8070
8075
8080
8085
8090
8095
8100
8105
8109
8115
8120
8125
8130
8135
8140
8145
8150
8154
8160
8164
8170
8175
8180
8185
8190
8196
8201
8206
8211
8216
8222
8227
8232
8237
8242
8248
8253
8258
8263
8268
8274
8279
8284
8289
8294
8300
8305
8310
8315
8321
8326
8331
8336
8342
8347
8352
8357
8363
8368
8373
8378
8384
8389
8394
8400
8404
8409
8413
8418
8422
8427
8432
8436
8441
8445
8450
8455
8459
8464
8468
8473
8477
8482
8487
8491
8496
8500
8505
8510
8513
8517
8521
8525
8528
8532
8536
8540
8544
8547
8551
8555
8559
8563
8566
8570
8574
8578
8582
8585
8589
8593
8597
8601
8604
8608
8612
8616
8620
8623
8627
8631
8634
8638
8642
8645
8649
8652
8656
8660
8664
8667
8671
8675
8678
8682
8686
8689
8693
8697
8700
8704
8708
8711
8715
8719
8722
8726
8730
8734
8739
8744
8749
8753
8758
8763
8768
8773
8777
8782
8787
8792
8796
8801
8806
8811
8816
8820
8825
8830
8835
8840
8845
8850
8855
8860
8865
8870
8875
8879
8885
8890
8895
8900
8905
8910
8915
8920
8924
8930
8934
8940
8945
8951
8956
8962
8967
8972
8978
8984
8989
8995
9000
9006
9011
9017
9022
9028
9033
9039
9044
9050
9057
9065
9073
9080
9088
9096
9103
9111
9119
9126
9134
9142
9150
9155
9161
9167
9173
9178
9184
9190
9196
9202
9207
9213
9219
9225
9231
9236
9242
9248
9254
9260
9265
9270
9275
9280
9285
9290
9295
9299
9305
9309
9315
9320
9325
9330
9334
9340
9344
9350
9354
9360
9364
9370
9375
9379
9385
9389
9395
9400
9405
9410
9415
9420
9425
9430
9435
9440
9445
9450
9455
9460
9465
9470
9475
9480
9484
9488
9493
9497
9502
9506
9511
9515
9520
9524
9528
9533
9537
9542
9546
9551
9555
9560
9564
9568
9573
9577
9582
9586
9591
9595
9600
9605
9610
9615
9620
9626
9631
9636
9641
9647
9652
9657
9662
9668
9673
9678
9683
9689
9694
9699
9704
9710
9718
9727
9736
9744
9753
9762
9770
9779
9788
9796
9805
9814
9822
9831
9840
9849
9858
9867
9876
9885
9894
9903
9912
9921
9930
9940
9953
9967
9981
9995
10008
10022
10036
10050
10065
10081
10097
10112
10128
10144
10160
10171
10182
10193
10204
10215
10226
10237
10248
10259
10270
10282
10294
10306
10318
10330
10342
10354
10366
10378
10390
10398
10406
10415
10423
10432
10440
10449
10457
10466
10474
10483
10491
10500
10510
10520
10530
10540
10549
10560
10570
10580
10590
10600
10610
10614
10619
10624
10629
10633
10638
10643
10648
10652
10657
10662
10667
10671
10676
10681
10686
10690
10695
10700
10705
10710
10715
10721
10727
10733
10738
10744
10750
10756
10762
10767
10773
10779
10785
10791
10796
10802
10808
10814
10820
10825
10830
10835
10841
10846
10851
10856
10862
10867
10872
10877
10883
10888
10893
10898
10904
10909
10914
10920
10926
10932
10938
10944
10950
10956
10962
10968
10975
10981
10987
10993
10999
11005
11011
11017
11023
11030
11036
11043
11049
11056
11063
11070
11076
11083
11090
11096
11103
11110
11116
11123
11130
11134
11139
11144
11149
11153
11158
11163
11168
11173
11177
11182
11187
11192
11196
11201
11206
11211
11216
11220
11225
11230
11235
11240
11245
11251
11257
11263
11268
11274
11280
11286
11292
11297
11303
11309
11315
11321
11326
11332
11338
11344
11350
11354
11358
11362
11366
11370
11374
11378
11382
11386
11390
11394
11398
11402
11407
11411
11415
11419
11423
11427
11431
11435
11439
11443
11447
11451
11455
11460
11463
11467
11471
11475
11478
11482
11486
11490
11494
11497
11501
11505
11509
11513
11516
11520
11524
11528
11532
11535
11539
11543
11547
11551
11554
11558
11562
11566
11570
11574
11578
11582
11586
11590
11595
11599
11603
11607
11611
11615
11620
11624
11628
11632
11636
11640
11645
11649
11653
11657
11661
11665
11670
11674
11679
11683
11688
11692
11697
11702
11706
11711
11715
11720
11725
11729
11734
11738
11743
11747
11752
11757
11761
11766
11770
11775
11780
11784
11789
11793
11798
11802
11807
11812
11816
11821
11825
11830
11835
11839
11844
11848
11853
11857
11862
11867
11871
11876
11880
11885
11890
11901
11912
11923
11934
11946
11957
11968
11979
11990
12002
12013
12024
12035
12046
12058
12069
12080
12091
12102
12114
12125
12136
12147
12158
12170
12174
12178
12183
12187
12192
12196
12201
12205
12209
12214
12218
12223
12227
12232
12236
12241
12245
12250
12254
12258
12263
12267
12272
12276
12281
12285
12290
12293
12298
12302
12306
12309
12314
12318
12322
12326
12330
12334
12338
12342
12346
12350
12354
12358
12362
12366
12370
12374
12378
12382
12386
12390
12395
12400
12405
12410
12416
12421
12426
12431
12437
12442
12447
12452
12458
12463
12468
12473
12479
12484
12489
12494
12500
12508
12517
12525
12534
12542
12551
12560
12568
12577
12585
12594
12602
12611
12620
12626
12632
12638
12644
12649
12655
12661
12668
12674
12680
12686
12692
12698
12704
12710
12716
12722
12728
12734
12740
12743
12747
12750
12754
12757
12761
12764
12768
12771
12775
12779
12782
12786
12789
12793
12796
12800
12803
12807
12810
12814
12818
12821
12825
12828
12832
12835
12839
12842
12846
12850
12856
12863
12870
12876
12883
12889
12896
12903
12910
12916
12923
12930
12936
12943
12950
12957
12965
12972
12980
12987
12995
13002
13010
13017
13025
13032
13040
13047
13055
13062
13070
13074
13078
13082
13086
13091
13095
13099
13103
13108
13112
13116
13120
13125
13129
13133
13137
13141
13146
13150
13154
13158
13163
13167
13171
13175
13180
13183
13187
13191
13195
13198
13202
13206
13210
13214
13217
13221
13225
13229
13233
13236
13240
13244
13248
13252
13255
13259
13263
13267
13271
13274
13278
13282
13286
13290
13298
13307
13315
13324
13332
13341
13350
13358
13367
13375
13384
13392
13401
13410
13415
13420
13425
13430
13435
13440
13445
13450
13455
13459
13465
13470
13475
13480
13485
13490
13495
13500
13504
13510
13514
13520
13534
13548
13562
13577
13591
13605
13620
13635
13651
13667
13682
13698
13714
13730
13740
13750
13760
13770
13780
13790
13800
13810
13820
13830
13840
13850
13860
13870
13879
13890
13900
13910
13920
13930
13940
13953
13967
13981
13995
14008
14022
14036
14050
14059
14068
14077
14086
14095
14104
14113
14122
14131
14140
14150
14156
14163
14170
14177
14184
14191
14198
14205
14211
14218
14225
14232
14239
14246
14253
14260
14263
14266
14270
14273
14277
14280
14284
14287
14290
14294
14297
14301
14304
14308
14311
14315
14318
14321
14325
14328
14332
14335
14339
14342
14345
14349
14352
14356
14359
14363
14366
14370
14376
14382
14388
14394
14400
14406
14412
14418
14425
14431
14437
14443
14449
14455
14461
14467
14473
14480
14486
14493
14500
14507
14514
14521
14528
14535
14541
14548
14555
14562
14569
14576
14583
14590
14593
14596
14600
14603
14606
14610
14613
14616
14620
14623
14626
14629
14633
14636
14640
14643
14646
14650
14653
14656
14660
14663
14666
14670
14673
14676
14680
14683
14686
14690
14696
14702
14708
14714
14719
14726
14732
14738
14744
14750
14756
14762
14768
14774
14780
14786
14792
14798
14804
14810
14814
14818
14822
14826
14830
14834
14838
14842
14846
14850
14854
14858
14862
14866
14870
14874
14878
14882
14886
14890
14894
14898
14902
14906
14910
14914
14919
14924
14929
14933
14938
14943
14948
14953
14957
14962
14967
14972
14976
14981
14986
14991
14996
15000
15005
15010
15015
15020
15025
15031
15037
15043
15049
15055
15061
15067
15072
15078
15084
15090
15096
15102
15108
15114
15120
15136
15152
15168
15184
15200
15216
15232
15248
15264
15280
15296
15312
15328
15344
15360
15365
15370
15375
15381
15386
15391
15396
15402
15407
15412
15417
15423
15428
15433
15438
15444
15449
15454
15460
15464
15468
15473
15477
15482
15486
15490
15495
15499
15504
15508
15512
15517
15521
15526
15530
15534
15539
15543
15548
15552
15556
15561
15565
15570
15573
15576
15580
15583
15587
15590
15594
15597
15601
15604
15607
15611
15614
15618
15621
15625
15628
15632
15635
15638
15642
15645
15649
15652
15656
15659
15663
15666
15670
15673
15677
15681
15685
15688
15692
15696
15700
15703
15707
15711
15715
15718
15722
15726
15730
15733
15737
15741
15745
15748
15752
15756
15760
15763
15767
15771
15774
15778
15782
15786
15790
15793
15797
15800
15804
15807
15811
15815
15818
15822
15825
15829
15832
15836
15840
15843
15847
15850
15854
15857
15861
15865
15868
15872
15875
15879
15882
15886
15890
15893
15896
15899
15902
15905
15908
15912
15915
15918
15921
15924
15927
15930
15934
15937
15940
15943
15946
15949
15952
15956
15959
15962
15965
15968
15971
15974
15978
15981
15984
15987
15990
15993
15996
16000
16003
16006
16009
16012
16016
16019
16022
16025
16029
16032
16035
16038
16042
16045
16048
16051
16055
16058
16061
16064
16067
16071
16074
16077
16080
16084
16087
16090
16093
16097
16100
16103
16106
16110
16114
16119
16124
16129
16133
16138
16143
16148
16152
16157
16162
16167
16171
16176
16181
16186
16190
16195
16200
16205
16210
16214
16219
16224
16229
16233
16238
16243
16248
16253
16257
16262
16267
16272
16276
16281
16286
16291
16296
16300
16305
16310
16315
16320
16333
16347
16361
16375
16388
16402
16416
16430
16435
16441
16447
16452
16458
16464
16470
16475
16481
16487
16492
16498
16504
16510
16515
16521
16527
16532
16538
16544
16550
16557
16564
16571
16578
16585
16592
16600
16607
16614
16621
16628
16635
16642
16650
16654
16659
16663
16668
16672
16677
16682
16686
16691
16695
16700
16705
16709
16714
16718
16723
16727
16732
16737
16741
16746
16750
16755
16760
16764
16769
16774
16779
16783
16788
16793
16798
16803
16807
16812
16817
16822
16826
16831
16836
16841
16846
16850
16855
16860
16865
16870
16873
16877
16880
16884
16887
16891
16894
16898
16901
16905
16909
16912
16916
16919
16923
16926
16930
16933
16937
16940
16944
16948
16951
16955
16958
16962
16965
16969
16972
16976
16980
16984
16989
16993
16998
17003
17007
17012
17017
17021
17026
17031
17035
17040
17045
17049
17054
17058
17063
17068
17072
17077
17082
17086
17091
17096
17100
17105
17110
17115
17121
17126
17132
17137
17143
17148
17154
17160
17165
17171
17176
17182
17187
17193
17198
17204
17210
17217
17224
17232
17239
17246
17254
17261
17268
17276
17283
17290
17298
17305
17312
17320
17324
17328
17333
17337
17341
17346
17350
17354
17359
17363
17367
17372
17376
17380
17385
17389
17393
17398
17402
17406
17411
17415
17420
17424
17428
17432
17436
17440
17444
17448
17452
17456
17460
17464
17468
17472
17477
17481
17485
17489
17493
17497
17501
17505
17509
17513
17517
17521
17525
17530
17534
17539
17544
17549
17553
17558
17563
17568
17572
17577
17582
17587
17591
17596
17601
17606
17610
17615
17620
17625
17630
17633
17637
17640
17644
17647
17651
17654
17658
17661
17665
17669
17672
17676
17679
17683
17686
17690
17693
17697
17700
17704
17708
17711
17715
17718
17722
17725
17729
17732
17736
17740
17776
17813
17850
17853
17857
17861
17864
17868
17872
17875
17879
17883
17887
17890
17894
17898
17901
17905
17909
17912
17916
17920
17924
17927
17931
17935
17938
17942
17946
17950
17953
17957
17961
17965
17969
17973
17977
17981
17985
17989
17993
17997
18001
18005
18008
18012
18016
18020
18024
18028
18032
18036
18040
18044
18048
18052
18056
18060
18064
18068
18072
18076
18080
18085
18089
18093
18097
18101
18105
18110
18114
18118
18122
18126
18130
18134
18139
18143
18147
18151
18155
18160
18165
18170
18175
18180
18185
18190
18195
18200
18205
18210
18215
18220
18225
18230
18235
18240
18245
18250
18255
18260
18265
18270
18275
18280
18284
18288
18292
18296
18300
18305
18309
18313
18317
18321
18325
18330
18334
18338
18342
18346
18350
18355
18359
18363
18367
18371
18375
18380
18383
18387
18390
18394
18397
18401
18404
18408
18411
18415
18419
18422
18426
18429
18433
18436
18440
18443
18447
18450
18454
18458
18461
18465
18468
18472
18475
18479
18482
18486
18490
18493
18496
18500
18503
18507
18510
18514
18517
18520
18524
18527
18531
18534
18538
18541
18544
18548
18551
18555
18558
18561
18565
18568
18572
18575
18579
18582
18586
18589
18592
18596
18599
18603
18606
18610
18618
18626
18634
18642
18650
18658
18666
18674
18682
18690
18698
18706
18715
18723
18731
18739
18747
18755
18763
18771
18779
18787
18795
18803
18811
18820
18822
18825
18828
18831
18834
18837
18840
18843
18846
18849
18852
18855
18858
18861
18864
18867
18870
18872
18875
18878
18881
18884
18887
18890
18893
18896
18899
18902
18905
18908
18911
18914
18917
18920
18924
18928
18933
18937
18942
18946
18950
18955
18959
18964
18968
18972
18977
18981
18986
18990
18994
18999
19003
19008
19012
19016
19021
19025
19030
19033
19036
19040
19043
19047
19050
19054
19057
19061
19064
19067
19071
19074
19078
19081
19085
19088
19092
19095
19098
19102
19105
19109
19112
19116
19119
19123
19126
19130
19134
19137
19142
19146
19150
19154
19157
19162
19166
19169
19174
19178
19182
19186
19189
19194
19198
19202
19206
19210
19214
19218
19222
19226
19230
19234
19238
19242
19246
19250
19253
19257
19261
19265
19269
19273
19277
19280
19284
19288
19292
19296
19300
19304
19308
19311
19315
19319
19323
19327
19331
19335
19339
19342
19346
19350
19354
19358
19362
19366
19370
19374
19378
19383
19387
19392
19396
19401
19405
19410
19414
19419
19423
19428
19432
19437
19441
19446
19450
19455
19459
19464
19468
19473
19477
19482
19486
19491
19495
19500
19504
19508
19512
19516
19520
19524
19528
19533
19537
19541
19545
19549
19553
19557
19562
19566
19570
19574
19578
19582
19586
19591
19595
19599
19603
19607
19611
19615
19620
19624
19629
19634
19639
19643
19648
19653
19658
19663
19667
19672
19677
19682
19686
19691
19696
19701
19706
19710
19715
19720
19725
19730
19735
19741
19746
19752
19757
19763
19768
19774
19779
19785
19790
19796
19801
19807
19812
19818
19823
19829
19834
19840
19846
19853
19860
19866
19873
19880
19886
19893
19900
19906
19913
19920
19926
19933
19940
19945
19950
19955
19960
19966
19971
19976
19981
19987
19992
19997
20002
20008
20013
20018
20023
20029
20034
20039
20044
20050
20055
20061
20066
20072
20077
20083
20088
20094
20100
20105
20111
20116
20122
20127
20133
20138
20144
20150
20155
20161
20167
20172
20178
20184
20189
20195
20201
20207
20212
20218
20224
20230
20235
20241
20247
20252
20258
20264
20270
20280
20290
20300
20310
20320
20330
20340
20349
20360
20369
20380
20384
20388
20392
20396
20400
20404
20408
20412
20416
20420
20424
20428
20432
20437
20441
20445
20449
20453
20457
20461
20465
20469
20473
20477
20481
20485
20490
20493
20496
20500
20503
20506
20509
20513
20516
20520
20523
20526
20529
20533
20536
20540
20543
20546
20549
20553
20556
20560
20563
20566
20570
20573
20576
20580
20583
20586
20590
20593
20596
20599
20603
20606
20610
20613
20616
20619
20622
20625
20628
20631
20634
20638
20641
20644
20647
20650
20653
20656
20660
20663
20666
20669
20672
20675
20678
20681
20685
20688
20691
20694
20697
20700
20703
20706
20710
20713
20716
20720
20723
20727
20730
20734
20737
20740
20744
20747
20751
20754
20758
20761
20765
20768
20771
20775
20778
20782
20785
20789
20792
20795
20799
20802
20806
20809
20813
20816
20820
20824
20829
20834
20839
20843
20848
20853
20858
20863
20867
20872
20877
20882
20886
20891
20896
20901
20906
20910
20915
20920
20925
20930
20933
20936
20939
20942
20945
20948
20952
20955
20958
20961
20964
20967
20971
20974
20977
20980
20983
20986
20990
20993
20996
20999
21002
21005
21008
21012
21015
21018
21021
21024
21027
21031
21034
21037
21040
21043
21046
21050
21070
21090
21110
21130
21150
21170
21190
21210
21230
21250
21270
21290
21310
21330
21350
21355
21360
21365
21371
21376
21381
21386
21392
21397
21402
21407
21413
21418
21423
21428
21434
21439
21444
21450
21454
21458
21462
21466
21470
21474
21478
21483
21487
21491
21495
21499
21503
21507
21512
21516
21520
21524
21528
21532
21536
21541
21545
21549
21553
21557
21561
21565
21570
21574
21578
21583
21587
21591
21596
21600
21604
21609
21613
21617
21622
21626
21630
21635
21639
21643
21648
21652
21656
21661
21665
21670
21677
21684
21692
21699
21706
21714
21721
21728
21736
21743
21750
21758
21765
21772
21780
21785
21790
21795
21800
21805
21810
21815
21820
21825
21830
21835
21840
21845
21850
21855
21860
21865
21869
21875
21880
21884
21888
21892
21896
21901
21905
21909
21913
21918
21922
21926
21930
21935
21939
21943
21947
21951
21956
21960
21964
21968
21973
21977
21981
21985
21990
21998
22006
22015
22023
22032
22040
22049
22057
22066
22074
22083
22091
22100
22105
22111
22116
22122
22127
22133
22138
22144
22150
22155
22161
22166
22172
22177
22183
22188
22194
22200
22203
22207
22211
22215
22219
22223
22227
22231
22235
22239
22243
22247
22251
22255
22258
22262
22266
22270
22274
22278
22282
22286
22290
22294
22298
22302
22306
22310
22318
22326
22335
22343
22351
22360
22368
22376
22384
22393
22401
22410
22415
22421
22426
22432
22437
22443
22448
22454
22459
22465
22470
22476
22481
22487
22492
22498
22503
22509
22514
22520
22530
22540
22550
22560
22570
22580
22590
22600
22610
22620
22629
22638
22647
22656
22665
22675
22684
22693
22702
22711
22720
22730
22745
22760
22775
22790
22805
22820
22835
22850
22858
22866
22875
22883
22891
22900
22908
22916
22925
22933
22941
22950
22958
22966
22975
22983
22992
23000
23009
23017
23026
23034
23043
23051
23060
23068
23076
23085
23093
23101
23110
23118
23126
23134
23143
23151
23160
23171
23182
23193
23204
23215
23226
23237
23248
23259
23270
23281
23292
23303
23314
23325
23336
23347
23358
23370
23379
23388
23397
23406
23415
23425
23434
23443
23452
23461
23470
23480
23491
23502
23513
23524
23535
23546
23557
23568
23579
23590
23597
23605
23613
23620
23628
23636
23643
23651
23659
23666
23674
23682
23690
23698
23706
23715
23723
23732
23740
23749
23757
23766
23774
23783
23791
23800
23805
23811
23816
23822
23827
23833
23838
23844
23850
23855
23861
23866
23872
23877
23883
23888
23894
23900
23905
23910
23916
23922
23927
23933
23938
23944
23949
23955
23960
23966
23971
23977
23982
23988
23993
23999
24004
24010
24015
24021
24027
24033
24038
24044
24050
24056
24062
24067
24073
24079
24085
24091
24096
24102
24108
24114
24120
24131
24142
24153
24164
24175
24186
24197
24208
24219
24230
24237
24244
24252
24259
24266
24274
24281
24288
24296
24303
24310
24318
24325
24332
24340
24346
24353
24360
24366
24373
24380
24386
24393
24400
24406
24413
24420
24426
24433
24440
24444
24449
24453
24458
24462
24467
24472
24476
24481
24485
24490
24495
24499
24504
24508
24513
24517
24522
24527
24531
24536
24540
24545
24550
24557
24564
24571
24578
24585
24592
24600
24607
24614
24621
24628
24635
24642
24650
24655
24660
24666
24671
24677
24682
24688
24693
24699
24704
24710
24715
24720
24726
24731
24737
24742
24748
24753
24759
24764
24770
24773
24777
24781
24784
24788
24792
24795
24799
24803
24807
24810
24814
24818
24821
24825
24829
24832
24836
24840
24844
24847
24851
24855
24858
24862
24866
24870
24873
24877
24880
24884
24887
24891
24894
24898
24901
24905
24909
24912
24916
24919
24923
24926
24930
24933
24937
24940
24944
24948
24951
24955
24958
24962
24965
24969
24972
24976
24980
24985
24990
24995
25000
25006
25011
25016
25021
25026
25032
25037
25042
25047
25053
25058
25063
25068
25073
25079
25084
25089
25094
25100
25104
25109
25113
25118
25122
25127
25131
25136
25140
25145
25150
25154
25159
25163
25168
25172
25177
25181
25186
25190
25195
25200
25206
25212
25219
25225
25232
25238
25245
25251
25258
25264
25271
25277
25284
25290
25297
25303
25310
25314
25319
25323
25328
25332
25337
25341
25346
25350
25355
25360
25364
25369
25373
25378
25382
25387
25391
25396
25400
25405
25410
25413
25417
25420
25424
25427
25431
25434
25438
25441
25445
25448
25452
25455
25459
25462
25466
25470
25473
25477
25480
25484
25487
25491
25494
25498
25501
25505
25508
25512
25515
25519
25522
25526
25530
25533
25536
25539
25542
25546
25549
25552
25555
25559
25562
25565
25568
25571
25575
25578
25581
25584
25588
25591
25594
25597
25600
25604
25607
25610
25613
25617
25620
25623
25626
25630
25634
25640
25645
25650
25654
25660
25665
25669
25674
25680
25685
25689
25695
25700
25705
25709
25715
25720
25724
25729
25735
25740
25744
25748
25753
25757
25762
25766
25770
25775
25779
25784
25788
25792
25797
25801
25806
25810
25814
25819
25823
25828
25832
25836
25841
25845
25850
25857
25864
25872
25879
25886
25894
25901
25908
25916
25923
25931
25938
25945
25953
25960
25967
25975
25982
25990
25993
25997
26001
26005
26009
26013
26017
26021
26025
26029
26033
26037
26041
26045
26048
26052
26056
26060
26064
26068
26072
26076
26080
26084
26088
26092
26096
26100
26103
26106
26110
26113
26116
26120
26123
26126
26130
26133
26136
26140
26143
26146
26150
26153
26156
26160
26163
26166
26170
26173
26176
26180
26183
26186
26189
26193
26196
26200
26203
26207
26211
26215
26218
26222
26226
26230
26234
26237
26241
26245
26249
26253
26256
26260
26264
26268
26272
26275
26279
26283
26287
26291
26294
26298
26302
26306
26310
26313
26316
26319
26322
26325
26328
26331
26335
26338
26341
26344
26347
26350
26353
26356
26360
26363
26366
26369
26372
26375
26378
26381
26384
26388
26391
26394
26397
26400
26403
26406
26410
26413
26417
26421
26425
26429
26433
26437
26441
26445
26449
26453
26457
26461
26465
26468
26472
26476
26480
26484
26488
26492
26496
26500
26504
26508
26512
26516
26520
26523
26526
26530
26533
26537
26540
26544
26547
26551
26554
26557
26561
26564
26568
26571
26575
26578
26582
26585
26588
26592
26595
26599
26602
26606
26609
26613
26616
26620
26623
26626
26630
26633
26636
26640
26643
26646
26650
26653
26656
26660
26663
26666
26670
26673
26676
26680
26683
26686
26690
26693
26696
26700
26703
26706
26710
26713
26716
26720
26723
26726
26730
26733
26737
26741
26745
26749
26753
26757
26761
26765
26769
26773
26777
26781
26785
26788
26792
26796
26800
26804
26808
26812
26816
26820
26824
26828
26832
26836
26840
26844
26849
26854
26859
26864
26868
26873
26878
26883
26888
26892
26897
26902
26907
26912
26916
26921
26926
26931
26936
26940
26945
26950
26955
26960
26964
26968
26973
26977
26982
26986
26990
26995
26999
27004
27008
27012
27017
27021
27026
27030
27034
27039
27043
27048
27052
27056
27061
27065
27070
27077
27085
27092
27100
27107
27115
27122
27130
27137
27145
27152
27160
27167
27175
27182
27190
27194
27198
27203
27207
27212
27216
27220
27225
27229
27234
27238
27242
27247
27251
27256
27260
27264
27269
27273
27278
27282
27286
27291
27295
27300
27304
27308
27313
27317
27321
27326
27330
27334
27339
27343
27347
27352
27356
27360
27365
27369
27373
27378
27382
27386
27391
27395
27400
27402
27405
27408
27411
27414
27417
27420
27423
27426
27429
27432
27435
27438
27441
27444
27447
27450
27453
27456
27459
27462
27465
27468
27471
27474
27477
27480
27483
27486
27489
27492
27495
27498
27501
27504
27507
27510
27515
27520
27525
27530
27536
27541
27546
27551
27557
27562
27567
27572
27578
27583
27588
27593
27599
27604
27609
27614
27620
27624
27629
27634
27639
27643
27648
27653
27658
27663
27667
27672
27677
27682
27686
27691
27696
27701
27706
27710
27715
27720
27725
27730
27735
27741
27747
27753
27758
27764
27770
27776
27782
27787
27793
27799
27805
27811
27816
27822
27828
27834
27840
27846
27853
27860
27866
27873
27880
27886
27893
27900
27906
27913
27920
27926
27933
27940
27948
27956
27965
27973
27982
27990
27999
28007
28016
28024
28033
28041
28050
28059
28068
28077
28087
28096
28105
28115
28124
28133
28142
28152
28161
28170
28180
28186
28192
28199
28205
28212
28218
28225
28231
28238
28244
28251
28257
28264
28270
28277
28283
28290
28294
28298
28302
28306
28311
28315
28319
28323
28328
28332
28336
28340
28345
28349
28353
28357
28361
28366
28370
28374
28378
28383
28387
28391
28395
28400
28404
28409
28413
28418
28422
28427
28432
28436
28441
28445
28450
28455
28459
28464
28468
28473
28477
28482
28487
28491
28496
28500
28505
28510
28516
28522
28528
28534
28540
28546
28552
28558
28565
28571
28577
28583
28589
28595
28601
28607
28613
28620
28625
28631
28636
28642
28647
28653
28658
28664
28669
28675
28680
28686
28691
28697
28702
28708
28713
28719
28724
28730
28735
28741
28746
28752
28757
28763
28768
28774
28779
28785
28790
28796
28801
28807
28812
28818
28823
28829
28834
28840
28845
28851
28856
28862
28867
28873
28878
28884
28889
28895
28900
28906
28911
28916
28922
28928
28933
28939
28944
28950
28953
28957
28961
28964
28968
28971
28975
28979
28983
28986
28990
28994
28997
29001
29005
29008
29012
29016
29019
29023
29026
29030
29034
29038
29041
29045
29049
29052
29056
29060
29064
29069
29074
29079
29083
29088
29093
29098
29102
29107
29112
29117
29121
29126
29131
29136
29140
29145
29150
29155
29160
29165
29170
29175
29180
29186
29191
29196
29201
29207
29212
29217
29222
29228
29233
29238
29243
29249
29254
29259
29264
29270
29275
29280
29285
29291
29296
29301
29306
29312
29317
29322
29327
29333
29338
29343
29348
29354
29359
29364
29370
29376
29382
29389
29395
29401
29408
29414
29420
29427
29433
29440
29446
29452
29459
29465
29471
29478
29484
29490
29497
29503
29510
29514
29518
29522
29526
29530
29534
29538
29543
29547
29551
29555
29559
29563
29567
29572
29576
29580
29584
29588
29592
29596
29601
29605
29609
29613
29617
29621
29625
29630
29635
29641
29646
29651
29657
29663
29668
29674
29679
29685
29690
29695
29701
29706
29712
29718
29723
29729
29734
29740
29746
29753
29760
29767
29774
29781
29788
29795
29801
29808
29815
29822
29829
29836
29843
29850
29856
29862
29868
29874
29880
29886
29892
29898
29904
29910
29916
29922
29928
29934
29939
29945
29952
29958
29964
29970
