3
7
11
15
19
23
27
31
35
39
43
47
51
55
58
62
66
70
74
78
82
86
90
94
98
102
106
110
113
117
121
125
129
133
136
140
144
148
152
156
160
163
167
171
175
179
183
186
190
194
198
202
206
210
212
215
217
220
222
225
227
230
233
235
238
240
243
245
248
250
253
256
258
261
263
266
268
271
273
276
279
281
284
286
289
291
294
296
299
302
304
307
309
312
314
317
320
322
324
326
329
331
333
335
338
340
342
345
347
349
351
354
356
358
360
363
365
367
370
372
374
376
379
381
383
385
388
390
392
395
397
399
401
404
406
408
410
413
415
417
420
422
425
428
431
434
436
439
442
445
448
451
453
456
459
462
465
467
470
473
476
479
482
484
487
490
493
496
498
501
504
507
510
513
515
518
521
524
527
530
533
537
541
544
548
552
555
559
563
566
570
574
577
581
585
588
592
596
599
603
607
610
614
618
621
625
629
632
636
640
642
645
648
651
654
657
660
663
666
669
672
675
678
681
684
687
690
693
696
699
702
705
708
711
714
717
720
723
726
729
732
735
738
741
744
747
750
753
757
761
765
769
773
777
781
785
789
793
797
801
804
808
812
816
820
824
828
832
836
840
844
848
852
856
860
863
867
871
875
879
883
886
890
894
898
902
906
909
913
917
921
925
929
933
936
940
944
948
952
956
960
964
968
972
976
981
985
989
993
998
1002
1006
1010
1014
1019
1023
1027
1031
1036
1040
1044
1048
1053
1057
1061
1065
1070
1074
1079
1083
1088
1092
1097
1101
1106
1110
1115
1120
1124
1129
1133
1138
1142
1147
1151
1156
1160
1165
1170
1173
1176
1179
1182
1186
1189
1192
1195
1199
1202
1205
1208
1212
1215
1218
1221
1225
1228
1231
1234
1237
1241
1244
1247
1250
1254
1257
1260
1263
1267
1270
1273
1276
1280
1282
1284
1286
1288
1290
1292
1294
1296
1298
1300
1302
1304
1306
1308
1310
1312
1314
1316
1318
1320
1322
1324
1326
1328
1331
1333
1335
1337
1339
1341
1343
1345
1347
1349
1351
1353
1355
1357
1359
1361
1363
1365
1367
1369
1371
1373
1375
1377
1380
1382
1385
1388
1391
1393
1396
1399
1402
1404
1407
1410
1412
1415
1418
1421
1424
1426
1429
1432
1435
1437
1440
1443
1446
1448
1451
1454
1456
1459
1462
1465
1468
1470
1473
1476
1479
1481
1484
1487
1490
1492
1495
1498
1501
1503
1506
1509
1512
1514
1517
1520
1523
1525
1528
1531
1534
1536
1539
1542
1545
1547
1550
1553
1556
1558
1561
1564
1567
1569
1572
1575
1578
1580
1583
1586
1589
1591
1594
1597
1600
1602
1605
1608
1610
1613
1616
1618
1621
1624
1627
1629
1632
1635
1637
1640
1643
1645
1648
1651
1654
1656
1659
1662
1664
1667
1670
1672
1675
1678
1681
1683
1686
1689
1691
1694
1697
1700
1704
1708
1712
1716
1721
1725
1729
1733
1738
1742
1746
1750
1755
1759
1763
1767
1771
1776
1780
1784
1788
1793
1797
1801
1805
1810
1814
1818
1822
1826
1830
1834
1838
1842
1846
1850
1854
1858
1862
1867
1871
1875
1879
1883
1887
1891
1895
1899
1903
1907
1911
1915
1920
1923
1927
1930
1934
1937
1941
1944
1948
1951
1955
1958
1962
1965
1969
1972
1976
1980
1983
1987
1990
1994
1997
2001
2004
2008
2011
2015
2018
2022
2025
2029
2032
2036
2040
2043
2047
2051
2054
2058
2062
2065
2069
2073
2076
2080
2084
2087
2091
2094
2098
2102
2106
2109
2113
2117
2120
2124
2128
2131
2135
2139
2142
2146
2150
2152
2155
2158
2161
2163
2166
2169
2171
2174
2177
2180
2183
2185
2188
2191
2194
2196
2199
2202
2205
2207
2210
2213
2215
2218
2221
2224
2227
2229
2232
2235
2238
2240
2243
2246
2248
2251
2254
2257
2260
2262
2265
2268
2271
2274
2277
2280
2283
2286
2289
2292
2295
2298
2301
2304
2307
2310
2313
2316
2319
2322
2325
2328
2331
2334
2337
2340
2343
2346
2349
2352
2355
2358
2361
2364
2367
2370
2372
2375
2377
2380
2383
2385
2388
2390
2393
2396
2398
2401
2404
2406
2409
2411
2414
2417
2419
2422
2425
2427
2430
2432
2435
2438
2440
2443
2445
2448
2451
2453
2456
2459
2461
2464
2466
2469
2472
2474
2477
2480
2483
2486
2490
2493
2496
2500
2503
2506
2510
2513
2516
2520
2523
2526
2530
2533
2536
2540
2543
2546
2550
2553
2556
2560
2563
2566
2570
2573
2576
2580
2583
2586
2590
2593
2596
2600
2602
2605
2607
2610
2613
2615
2618
2621
2623
2626
2628
2631
2634
2636
2639
2642
2644
2647
2650
2652
2655
2657
2660
2663
2665
2668
2671
2673
2676
2678
2681
2684
2686
2689
2692
2694
2697
2700
2702
2705
2708
2711
2714
2716
2719
2722
2725
2728
2731
2733
2736
2739
2742
2745
2747
2750
2753
2756
2759
2762
2764
2767
2770
2773
2776
2778
2781
2784
2787
2790
2793
2795
2798
2801
2804
2807
2810
2812
2815
2818
2821
2824
2827
2830
2833
2836
2839
2842
2845
2848
2851
2854
2857
2860
2862
2865
2868
2871
2874
2877
2880
2883
2886
2889
2892
2895
2898
2901
2904
2907
2910
2913
2916
2919
2922
2926
2929
2932
2935
2939
2942
2945
2948
2952
2955
2958
2961
2965
2968
2971
2974
2977
2981
2984
2987
2990
2994
2997
3000
3003
3007
3010
3013
3016
3020
3022
3025
3028
3031
3033
3036
3039
3042
3045
3047
3050
3053
3056
3058
3061
3064
3067
3070
3072
3075
3078
3081
3083
3086
3089
3092
3095
3097
3100
3103
3106
3108
3111
3114
3117
3120
3123
3126
3129
3132
3135
3138
3142
3145
3148
3151
3154
3157
3161
3164
3167
3170
3173
3176
3180
3183
3186
3189
3192
3195
3198
3202
3205
3208
3211
3214
3217
3221
3224
3227
3230
3233
3236
3240
3243
3246
3249
3252
3256
3259
3262
3265
3269
3272
3275
3278
3282
3285
3288
3291
3295
3298
3301
3304
3307
3311
3314
3317
3320
3324
3327
3330
3333
3337
3340
3343
3346
3350
3352
3355
3358
3361
3364
3367
3370
3372
3375
3378
3381
3384
3387
3390
3392
3395
3398
3401
3404
3407
3410
3412
3415
3418
3421
3424
3427
3430
3432
3435
3438
3441
3444
3447
3450
3453
3457
3460
3464
3468
3471
3475
3479
3482
3486
3490
3493
3497
3500
3504
3508
3511
3515
3519
3522
3526
3530
3533
3537
3540
3544
3548
3551
3555
3559
3562
3566
3570
3572
3575
3578
3581
3584
3587
3590
3592
3595
3598
3601
3604
3607
3610
3612
3615
3618
3621
3624
3627
3630
3632
3635
3638
3641
3644
3647
3650
3652
3655
3658
3661
3664
3667
3670
3673
3676
3679
3682
3686
3689
3692
3695
3699
3702
3705
3708
3712
3715
3718
3721
3724
3728
3731
3734
3737
3741
3744
3747
3750
3754
3757
3760
3763
3767
3770
3773
3776
3780
3783
3787
3790
3794
3797
3801
3804
3808
3812
3815
3819
3822
3826
3830
3833
3837
3840
3844
3847
3851
3855
3858
3862
3865
3869
3872
3876
3880
3883
3886
3889
3892
3895
3898
3901
3904
3907
3910
3913
3916
3919
3922
3925
3928
3931
3935
3938
3941
3944
3947
3950
3953
3956
3959
3962
3965
3968
3971
3974
3977
3980
3983
3986
3990
3993
3996
4000
4003
4006
4010
4013
4016
4020
4023
4026
4030
4033
4036
4040
4043
4046
4050
4053
4056
4059
4063
4066
4069
4073
4076
4080
4083
4086
4090
4093
4096
4100
4103
4107
4110
4114
4117
4121
4125
4128
4132
4135
4139
4142
4146
4150
4153
4157
4160
4164
4167
4171
4175
4178
4182
4185
4189
4192
4196
4200
4203
4207
4211
4215
4218
4222
4226
4230
4234
4237
4241
4245
4249
4253
4256
4260
4264
4268
4272
4275
4279
4283
4287
4291
4294
4298
4302
4306
4310
4312
4315
4318
4321
4324
4327
4330
4333
4336
4339
4342
4345
4348
4351
4354
4357
4359
4362
4365
4368
4371
4374
4377
4380
4383
4386
4389
4392
4395
4398
4401
4404
4407
4410
4412
4415
4418
4421
4423
4426
4429
4432
4434
4437
4440
4443
4445
4448
4451
4454
4456
4459
4462
4465
4467
4470
4473
4476
4478
4481
4484
4487
4489
4492
4495
4497
4500
4503
4506
4508
4511
4514
4517
4520
4522
4525
4528
4531
4533
4536
4539
4542
4545
4547
4550
4553
4556
4558
4561
4564
4567
4570
4572
4575
4578
4581
4583
4586
4589
4592
4595
4597
4600
4603
4606
4608
4611
4614
4617
4620
4623
4626
4630
4633
4637
4640
4644
4647
4650
4654
4657
4661
4664
4668
4671
4675
4678
4681
4685
4688
4692
4695
4699
4702
4705
4709
4712
4716
4719
4723
4726
4730
4732
4735
4738
4740
4743
4746
4748
4751
4754
4756
4759
4762
4764
4767
4770
4772
4775
4778
4780
4783
4786
4789
4791
4794
4797
4799
4802
4805
4807
4810
4813
4815
4818
4821
4823
4826
4829
4831
4834
4837
4840
4842
4845
4848
4851
4854
4857
4860
4863
4866
4869
4872
4875
4878
4881
4884
4887
4890
4892
4895
4898
4901
4904
4907
4910
4913
4916
4919
4922
4925
4928
4931
4934
4937
4940
4942
4945
4948
4951
4954
4957
4960
4963
4966
4969
4972
4975
4978
4981
4984
4987
4990
4993
4996
4999
5002
5005
5008
5011
5014
5017
5020
5023
5026
5029
5032
5035
5038
5041
5044
5047
5050
5053
5056
5059
5062
5065
5068
5071
5075
5078
5081
5084
5087
5090
5093
5096
5100
5103
5106
5109
5112
5115
5118
5121
5125
5128
5131
5134
5137
5140
5143
5146
5150
5153
5156
5159
5162
5165
5168
5172
5175
5178
5181
5184
5187
5190
5194
5197
5200
5203
5206
5209
5212
5216
5219
5222
5225
5228
5231
5234
5238
5241
5244
5247
5250
5253
5256
5260
5264
5268
5272
5276
5280
5284
5288
5292
5296
5300
5304
5308
5312
5317
5321
5325
5329
5333
5337
5341
5345
5349
5353
5357
5361
5365
5370
5373
5377
5381
5385
5388
5392
5396
5400
5404
5407
5411
5415
5419
5423
5426
5430
5434
5438
5442
5445
5449
5453
5457
5461
5464
5468
5472
5476
5480
5483
5486
5490
5493
5497
5500
5504
5507
5510
5514
5517
5521
5524
5528
5531
5535
5538
5541
5545
5548
5552
5555
5559
5562
5565
5569
5572
5576
5579
5583
5586
5590
5595
5600
5604
5610
5615
5620
5625
5630
5635
5640
5645
5650
5655
5660
5665
5670
5675
5680
5685
5690
5693
5696
5699
5702
5706
5709
5712
5715
5719
5722
5725
5728
5732
5735
5738
5741
5745
5748
5751
5754
5757
5761
5764
5767
5770
5774
5777
5780
5783
5787
5790
5793
5796
5800
5803
5807
5811
5815
5818
5822
5826
5830
5834
5837
5841
5845
5849
5853
5856
5860
5864
5868
5872
5875
5879
5883
5887
5891
5894
5898
5902
5906
5910
5913
5916
5920
5923
5927
5930
5934
5937
5940
5944
5947
5951
5954
5958
5961
5964
5968
5971
5975
5978
5982
5985
5988
5992
5995
5999
6002
6006
6009
6012
6016
6019
6023
6026
6030
6032
6035
6037
6040
6043
6045
6048
6051
6053
6056
6058
6061
6064
6066
6069
6072
6074
6077
6080
6082
6085
6087
6090
6093
6095
6098
6101
6103
6106
6108
6111
6114
6116
6119
6122
6124
6127
6130
6133
6137
6141
6144
6148
6152
6155
6159
6163
6166
6170
6174
6177
6181
6185
6188
6192
6196
6199
6203
6207
6210
6214
6218
6221
6225
6229
6232
6236
6240
6242
6245
6247
6250
6253
6255
6258
6260
6263
6266
6268
6271
6274
6276
6279
6281
6284
6287
6289
6292
6295
6297
6300
6302
6305
6308
6310
6313
6315
6318
6321
6323
6326
6329
6331
6334
6336
6339
6342
6344
6347
6350
6352
6355
6358
6361
6364
6367
6370
6373
6376
6379
6382
6385
6388
6391
6394
6397
6400
6402
6405
6408
6411
6414
6417
6420
6423
6426
6429
6432
6435
6438
6441
6444
6447
6450
6452
6455
6458
6461
6464
6467
6470
6473
6476
6479
6482
6485
6488
6491
6494
6497
6500
6503
6506
6509
6512
6515
6518
6521
6524
6527
6530
6533
6536
6539
6542
6545
6548
6551
6554
6557
6560
6562
6565
6568
6570
6573
6576
6578
6581
6584
6587
6589
6592
6595
6597
6600
6603
6605
6608
6611
6614
6616
6619
6622
6624
6627
6630
6632
6635
6638
6641
6643
6646
6649
6651
6654
6657
6660
6663
6666
6669
6672
6675
6678
6681
6684
6687
6690
6693
6696
6699
6702
6705
6708
6711
6715
6718
6721
6724
6727
6730
6733
6736
6739
6742
6745
6748
6751
6754
6757
6760
6763
6766
6770
6773
6777
6781
6784
6788
6792
6795
6799
6803
6807
6810
6814
6818
6821
6825
6829
6832
6836
6840
6844
6847
6851
6855
6858
6862
6866
6870
6874
6878
6882
6886
6890
6894
6898
6902
6906
6910
6914
6918
6922
6926
6930
6934
6938
6942
6946
6950
6954
6958
6962
6966
6970
6974
6978
6982
6986
6990
6993
6996
7000
7003
7007
7010
7014
7017
7020
7024
7027
7031
7034
7038
7041
7045
7048
7051
7055
7058
7062
7065
7069
7072
7075
7079
7082
7086
7089
7093
7096
7100
7106
7112
7118
7125
7131
7137
7143
7150
7156
7162
7168
7175
7181
7187
7193
7200
7203
7206
7209
7212
7215
7218
7222
7225
7228
7231
7234
7237
7240
7244
7247
7250
7253
7256
7259
7262
7266
7269
7272
7275
7278
7281
7284
7287
7291
7294
7297
7300
7303
7306
7310
7313
7316
7320
7323
7327
7330
7334
7337
7341
7344
7347
7351
7354
7358
7361
7365
7368
7372
7375
7378
7382
7385
7389
7392
7396
7399
7403
7406
7410
7412
7415
7418
7420
7423
7426
7428
7431
7434
7436
7439
7442
7444
7447
7450
7452
7455
7458
7460
7463
7466
7469
7471
7474
7477
7479
7482
7485
7487
7490
7493
7495
7498
7501
7503
7506
7509
7511
7514
7517
7520
7522
7525
7528
7530
7533
7536
7538
7541
7544
7547
7549
7552
7555
7557
7560
7563
7565
7568
7571
7574
7576
7579
7582
7584
7587
7590
7592
7595
7598
7601
7603
7606
7609
7611
7614
7617
7620
7622
7625
7628
7631
7634
7637
7640
7643
7646
7649
7652
7655
7658
7661
7664
7667
7670
7673
7676
7679
7682
7685
7688
7691
7694
7697
7700
7703
7706
7709
7712
7715
7718
7721
7724
7727
7730
7733
7736
7739
7742
7745
7748
7751
7754
7757
7760
7763
7766
7769
7772
7775
7778
7781
7785
7788
7791
7794
7797
7800
7803
7806
7809
7812
7815
7818
7821
7824
7827
7830
7833
7836
7840
7842
7845
7848
7850
7853
7856
7858
7861
7864
7867
7869
7872
7875
7877
7880
7883
7885
7888
7891
7894
7896
7899
7902
7904
7907
7910
7912
7915
7918
7921
7923
7926
7929
7931
7934
7937
7940
7942
7945
7948
7951
7954
7957
7960
7963
7966
7969
7972
7975
7978
7981
7984
7987
7990
7993
7996
7999
8002
8005
8008
8011
8014
8017
8020
8023
8026
8029
8032
8035
8038
8041
8044
8047
8050
8053
8056
8059
8062
8066
8069
8072
8075
8079
8082
8085
8088
8091
8095
8098
8101
8104
8108
8111
8114
8117
8120
8124
8127
8130
8133
8137
8140
8143
8146
8150
8153
8156
8159
8162
8166
8169
8172
8175
8179
8182
8185
8188
8192
8195
8198
8201
8205
8208
8211
8214
8217
8221
8224
8227
8230
8234
8237
8240
8243
8247
8250
8253
8256
8260
8262
8265
8268
8270
8273
8276
8278
8281
8284
8286
8289
8292
8294
8297
8300
8302
8305
8308
8310
8313
8316
8319
8321
8324
8327
8329
8332
8335
8337
8340
8343
8345
8348
8351
8353
8356
8359
8361
8364
8367
8370
8373
8376
8379
8382
8386
8389
8392
8395
8399
8402
8405
8408
8412
8415
8418
8421
8425
8428
8431
8434
8437
8441
8444
8447
8450
8454
8457
8460
8463
8467
8470
8473
8476
8480
8483
8487
8491
8495
8499
8503
8507
8511
8515
8519
8523
8527
8531
8535
8538
8542
8546
8550
8554
8558
8562
8566
8570
8574
8578
8582
8586
8590
8593
8596
8599
8602
8605
8608
8611
8614
8617
8620
8623
8626
8629
8632
8635
8638
8641
8644
8647
8650
8653
8656
8659
8662
8665
8668
8671
8674
8677
8680
8683
8686
8690
8693
8696
8699
8702
8705
8708
8712
8715
8718
8721
8724
8727
8730
8734
8737
8740
8743
8746
8749
8752
8756
8759
8762
8765
8768
8771
8774
8778
8781
8784
8787
8790
8793
8796
8800
8803
8806
8809
8812
8815
8818
8821
8824
8827
8830
8833
8836
8839
8842
8845
8848
8851
8854
8857
8860
8863
8866
8869
8872
8875
8878
8881
8884
8887
8890
8893
8896
8900
8903
8907
8911
8915
8919
8923
8927
8931
8935
8939
8943
8947
8951
8955
8958
8962
8966
8970
8974
8978
8982
8986
8990
8994
8998
9002
9006
9010
9013
9016
9020
9023
9026
9030
9033
9036
9040
9043
9046
9049
9053
9056
9059
9063
9066
9070
9073
9076
9080
9083
9086
9090
9093
9096
9100
9103
9106
9110
9113
9116
9120
9123
9126
9130
9133
9137
9140
9144
9147
9150
9154
9157
9161
9164
9168
9171
9175
9178
9181
9185
9188
9192
9195
9199
9202
9205
9209
9212
9216
9219
9223
9226
9230
9233
9236
9240
9243
9247
9250
9254
9257
9260
9264
9267
9271
9274
9278
9281
9285
9288
9291
9295
9298
9302
9305
9309
9312
9315
9319
9322
9326
9329
9333
9336
9340
9343
9346
9349
9352
9355
9358
9361
9364
9367
9370
9373
9376
9379
9382
9385
9388
9391
9394
9397
9400
9403
9406
9409
9412
9415
9418
9421
9424
9427
9430
9433
9436
9440
9442
9445
9448
9451
9454
9457
9460
9463
9466
9469
9472
9475
9478
9481
9484
9487
9490
9493
9496
9499
9502
9505
9508
9511
9514
9517
9520
9523
9526
9529
9532
9535
9538
9541
9544
9547
9550
9553
9557
9561
9565
9569
9573
9576
9580
9584
9588
9592
9596
9600
9603
9607
9611
9615
9619
9623
9626
9630
9634
9638
9642
9646
9650
9652
9655
9658
9661
9664
9667
9670
9673
9676
9678
9681
9684
9687
9690
9693
9696
9699
9702
9705
9707
9710
9713
9716
9719
9722
9725
9728
9731
9733
9736
9739
9742
9745
9748
9751
9754
9757
9760
9763
9766
9770
9773
9777
9780
9784
9787
9790
9794
9797
9801
9804
9808
9811
9815
9818
9821
9825
9828
9832
9835
9839
9842
9845
9849
9852
9856
9859
9863
9866
9870
9873
9876
9880
9883
9887
9890
9894
9897
9900
9904
9907
9911
9914
9918
9921
9925
9928
9931
9935
9938
9942
9945
9949
9952
9955
9959
9962
9966
9969
9973
9976
9980
9983
9987
9990
9994
9997
10001
10004
10008
10011
10015
10019
10022
10026
10029
10033
10036
10040
10043
10047
10050
10054
10058
10061
10065
10068
10072
10075
10079
10082
10086
10090
10093
10097
10101
10105
10108
10112
10116
10120
10124
10127
10131
10135
10139
10143
10146
10150
10154
10158
10162
10165
10169
10173
10177
10181
10184
10188
10192
10196
10200
10203
10206
10209
10212
10216
10219
10222
10225
10229
10232
10235
10238
10242
10245
10248
10251
10254
10258
10261
10264
10267
10271
10274
10277
10280
10284
10287
10290
10293
10297
10300
10303
10306
10310
10313
10317
10320
10324
10327
10331
10335
10338
10342
10345
10349
10352
10356
10360
10363
10367
10370
10374
10377
10381
10385
10388
10392
10395
10399
10402
10406
10410
10413
10416
10420
10423
10426
10430
10433
10436
10440
10443
10446
10450
10453
10456
10459
10463
10466
10470
10473
10476
10480
10483
10486
10490
10493
10496
10500
10503
10506
10510
10513
10516
10520
10523
10526
10530
10533
10537
10540
10544
10547
10551
10554
10557
10561
10564
10568
10571
10575
10578
10582
10585
10588
10592
10595
10599
10602
10606
10609
10613
10616
10620
10624
10628
10632
10636
10640
10644
10648
10652
10656
10660
10664
10668
10672
10677
10681
10685
10689
10693
10697
10701
10705
10709
10713
10717
10721
10725
10730
10733
10736
10739
10742
10745
10748
10752
10755
10758
10761
10764
10767
10770
10774
10777
10780
10783
10786
10789
10792
10796
10799
10802
10805
10808
10811
10814
10818
10821
10824
10827
10830
10833
10836
10840
10843
10846
10849
10852
10855
10858
10861
10864
10867
10870
10873
10876
10879
10882
10885
10888
10891
10894
10897
10900
10903
10906
10909
10912
10915
10918
10921
10924
10927
10930
10933
10936
10940
10943
10946
10949
10952
10956
10959
10962
10965
10969
10972
10975
10978
10982
10985
10988
10991
10995
10998
11001
11004
11007
11011
11014
11017
11020
11024
11027
11030
11033
11037
11040
11043
11046
11050
11053
11056
11060
11063
11067
11070
11074
11077
11081
11084
11087
11091
11094
11098
11101
11105
11108
11112
11115
11118
11122
11125
11129
11132
11136
11139
11143
11146
11150
11153
11156
11159
11162
11166
11169
11172
11175
11179
11182
11185
11188
11192
11195
11198
11201
11205
11208
11211
11214
11217
11221
11224
11227
11230
11234
11237
11240
11243
11247
11250
11253
11256
11260
11263
11267
11270
11274
11277
11281
11284
11288
11291
11295
11299
11302
11306
11309
11313
11316
11320
11323
11327
11330
11334
11338
11341
11345
11348
11352
11355
11359
11362
11366
11370
11374
11378
11382
11386
11390
11394
11398
11402
11406
11410
11414
11418
11422
11427
11431
11435
11439
11443
11447
11451
11455
11459
11463
11467
11471
11475
11480
11483
11487
11490
11494
11497
11501
11504
11508
11511
11515
11519
11522
11526
11529
11533
11536
11540
11543
11547
11550
11554
11558
11561
11565
11568
11572
11575
11579
11582
11586
11590
11594
11599
11604
11609
11613
11618
11623
11628
11632
11637
11642
11647
11651
11656
11661
11666
11670
11675
11680
11685
11690
11693
11697
11701
11705
11709
11713
11717
11721
11725
11729
11733
11737
11741
11745
11748
11752
11756
11760
11764
11768
11772
11776
11780
11784
11788
11792
11796
11800
11804
11808
11813
11817
11821
11826
11830
11834
11839
11843
11847
11852
11856
11860
11865
11869
11873
11878
11882
11886
11891
11895
11900
11908
11916
11925
11933
11942
11950
11959
11967
11976
11984
11993
12001
12010
12015
12020
12025
12030
12036
12041
12046
12051
12057
12062
12067
12072
12078
12083
12088
12093
12099
12104
12109
12114
12120
12123
12127
12131
12135
12139
12143
12147
12151
12155
12159
12163
12167
12171
12174
12178
12182
12186
12190
12194
12198
12202
12206
12210
12214
12218
12222
12226
12230
12234
12238
12242
12246
12251
12255
12259
12263
12268
12272
12276
12280
12285
12289
12293
12297
12301
12306
12310
12314
12318
12323
12327
12331
12335
12340
12344
12348
12353
12357
12361
12366
12370
12374
12379
12383
12387
12392
12396
12400
12405
12409
12413
12418
12422
12426
12431
12435
12440
12444
12449
12454
12459
12463
12468
12473
12478
12483
12487
12492
12497
12502
12506
12511
12516
12521
12526
12530
12535
12540
12545
12550
12554
12559
12563
12568
12572
12577
12581
12586
12590
12595
12600
12604
12609
12613
12618
12622
12627
12631
12636
12640
12645
12650
12653
12656
12659
12662
12665
12668
12671
12674
12677
12680
12683
12686
12689
12692
12695
12698
12701
12705
12708
12711
12714
12717
12720
12723
12726
12729
12732
12735
12738
12741
12744
12747
12750
12753
12756
12760
12764
12768
12772
12776
12780
12784
12788
12792
12796
12800
12804
12808
12812
12816
12820
12824
12828
12832
12836
12840
12844
12848
12852
12856
12860
12864
12868
12872
12876
12880
12884
12888
12892
12896
12900
12904
12908
12912
12916
12920
12924
12928
12932
12937
12941
12945
12949
12953
12957
12961
12965
12969
12973
12977
12981
12985
12990
12994
12998
13002
13006
13011
13015
13019
13023
13028
13032
13036
13040
13045
13049
13053
13057
13061
13066
13070
13074
13078
13083
13087
13091
13095
13100
13103
13107
13110
13114
13117
13121
13125
13128
13132
13135
13139
13142
13146
13149
13153
13157
13160
13164
13167
13171
13174
13178
13182
13185
13189
13192
13196
13200
13203
13206
13209
13212
13215
13218
13222
13225
13228
13231
13234
13237
13240
13244
13247
13250
13253
13256
13259
13262
13266
13269
13272
13275
13278
13281
13284
13288
13291
13294
13297
13300
13303
13306
13310
13314
13318
13322
13326
13331
13335
13339
13343
13348
13352
13356
13360
13365
13369
13373
13377
13381
13386
13390
13394
13398
13403
13407
13411
13415
13420
13425
13430
13435
13440
13445
13450
13455
13459
13465
13469
13475
13480
13485
13490
13495
13500
13504
13510
13514
13520
13524
13530
13534
13540
13547
13554
13561
13568
13575
13582
13590
13597
13604
13611
13618
13625
13632
13640
13646
13652
13658
13664
13670
13676
13682
13688
13695
13701
13707
13713
13719
13725
13731
13737
13743
13750
13754
13758
13763
13767
13772
13776
13780
13785
13789
13794
13798
13802
13807
13811
13815
13820
13824
13829
13833
13838
13842
13846
13851
13855
13860
13867
13875
13883
13891
13899
13907
13915
13922
13930
13938
13946
13954
13962
13970
13980
13990
14000
14010
14020
14030
14040
14050
14060
14070
14080
14086
14092
14098
14105
14111
14117
14123
14129
14136
14142
14148
14155
14161
14167
14173
14180
14184
14189
14194
14199
14203
14208
14213
14218
14223
14227
14232
14237
14242
14246
14251
14256
14261
14266
14270
14275
14280
14285
14290
14296
14303
14309
14316
14323
14330
14336
14343
14350
14356
14363
14370
14376
14383
14390
14395
14401
14406
14412
14417
14423
14428
14434
14439
14445
14450
14456
14461
14467
14472
14478
14483
14489
14494
14500
14506
14512
14519
14525
14532
14538
14545
14551
14558
14564
14571
14577
14584
14590
14597
14603
14610
14613
14618
14622
14626
14629
14634
14638
14642
14646
14650
14654
14658
14662
14666
14670
14674
14678
14682
14686
14690
14694
14698
14702
14706
14710
14712
14715
14718
14721
14724
14727
14730
14733
14736
14738
14741
14744
14747
14750
14753
14756
14759
14762
14765
14767
14770
14773
14776
14779
14782
14785
14788
14791
14793
14796
14799
14802
14805
14808
14811
14814
14817
14820
14823
14826
14829
14832
14835
14838
14841
14845
14848
14851
14854
14857
14860
14863
14866
14870
14873
14876
14879
14882
14885
14888
14891
14895
14898
14901
14904
14907
14910
14913
14916
14920
14923
14926
14929
14932
14935
14938
14941
14944
14947
14950
14953
14956
14959
14962
14965
14968
14971
14975
14978
14981
14984
14987
14990
14993
14996
14999
15002
15005
15008
15011
15014
15017
15020
15023
15026
15030
15036
15043
15049
15056
15063
15070
15076
15083
15090
15096
15103
15110
15116
15123
15130
15135
15140
15145
15150
15155
15160
15165
15170
15175
15180
15185
15190
15195
15200
15205
15210
15215
15220
15225
15230
15235
15240
15245
15250
15254
15258
15263
15267
15272
15276
15281
15285
15290
15294
15298
15303
15307
15312
15316
15321
15325
15330
15334
15338
15343
15347
15352
15356
15361
15365
15370
15376
15383
15390
15397
15404
15411
15418
15425
15431
15438
15445
15452
15459
15466
15473
15480
15486
15492
15498
15504
15510
15516
15522
15528
15535
15541
15547
15553
15559
15565
15571
15577
15583
15590
15596
15602
15608
15615
15621
15627
15633
15640
15646
15652
15658
15665
15671
15677
15683
15690
15695
15700
15705
15709
15715
15720
15725
15730
15735
15740
15745
15750
15755
15760
15765
15770
15775
15780
15785
15790
15795
15800
15804
15808
15812
15816
15820
15825
15829
15833
15837
15841
15845
15850
15854
15858
15862
15866
15870
15875
15879
15883
15887
15891
15895
15900
15904
15908
15913
15917
15922
15926
15930
15935
15939
15944
15948
15952
15957
15961
15966
15970
15974
15979
15983
15988
15992
15996
16001
16005
16010
16013
16017
16020
16024
16027
16031
16034
16038
16041
16045
16049
16052
16056
16059
16063
16066
16070
16073
16077
16080
16084
16088
16091
16095
16098
16102
16105
16109
16112
16116
16120
16123
16127
16131
16134
16138
16142
16145
16149
16153
16156
16160
16164
16167
16171
16175
16178
16182
16186
16189
16193
16197
16200
16204
16208
16211
16215
16219
16222
16226
16230
16234
16238
16242
16246
16251
16255
16259
16263
16268
16272
16276
16280
16285
16289
16293
16297
16301
16306
16310
16314
16318
16323
16327
16331
16335
16340
16344
16348
16353
16357
16361
16366
16370
16374
16379
16383
16387
16392
16396
16400
16405
16409
16413
16418
16422
16426
16431
16435
16440
16444
16448
16452
16456
16460
16464
16468
16472
16476
16480
16484
16488
16492
16497
16501
16505
16509
16513
16517
16521
16525
16529
16533
16537
16541
16545
16550
16553
16557
16561
16564
16568
16572
16575
16579
16583
16587
16590
16594
16598
16601
16605
16609
16612
16616
16620
16624
16627
16631
16635
16638
16642
16646
16650
16654
16658
16662
16666
16671
16675
16679
16683
16688
16692
16696
16700
16705
16709
16713
16717
16721
16726
16730
16734
16738
16743
16747
16751
16755
16760
16766
16772
16779
16785
16792
16798
16805
16811
16818
16824
16831
16837
16844
16850
16857
16863
16870
16877
16885
16893
16901
16909
16917
16925
16932
16940
16948
16956
16964
16972
16980
16987
16994
17002
17009
17016
17024
17031
17038
17046
17053
17060
17068
17075
17082
17090
17094
17098
17102
17106
17110
17115
17119
17123
17127
17131
17135
17140
17144
17148
17152
17156
17160
17165
17169
17173
17177
17181
17185
17190
17194
17198
17203
17207
17212
17216
17221
17225
17230
17234
17238
17243
17247
17252
17256
17261
17265
17270
17274
17278
17283
17287
17292
17296
17301
17305
17310
17315
17321
17327
17333
17339
17345
17351
17357
17362
17368
17374
17380
17386
17392
17398
17404
17410
17416
17422
17429
17435
17442
17448
17455
17461
17468
17474
17481
17487
17494
17500
17507
17513
17520
17528
17536
17545
17553
17561
17570
17578
17586
17595
17603
17611
17620
17625
17631
17636
17642
17647
17653
17658
17664
17669
17675
17680
17686
17691
17697
17702
17708
17713
17719
17724
17730
17737
17744
17752
17759
17766
17774
17781
17788
17796
17803
17810
17818
17825
17832
17840
17845
17850
17855
17860
17865
17870
17875
17880
17885
17890
17895
17900
17905
17910
17915
17920
17925
17930
17935
17940
17946
17952
17959
17965
17972
17978
17985
17991
17998
18004
18011
18017
18024
18030
18037
18043
18050
18055
18061
18066
18072
18077
18083
18088
18094
18100
18105
18111
18116
18122
18127
18133
18138
18144
18150
18153
18157
18160
18164
18167
18171
18174
18178
18181
18185
18189
18192
18196
18199
18203
18206
18210
18213
18217
18220
18224
18228
18231
18235
18238
18242
18245
18249
18252
18256
18260
18264
18268
18273
18277
18282
18286
18290
18295
18299
18304
18308
18312
18317
18321
18326
18330
18334
18339
18343
18348
18352
18356
18361
18365
18370
18375
18381
18386
18392
18397
18403
18408
18414
18419
18425
18430
18436
18441
18447
18452
18458
18463
18469
18474
18480
18484
18488
18492
18496
18501
18505
18509
18513
18518
18522
18526
18530
18535
18539
18543
18547
18551
18556
18560
18564
18568
18573
18577
18581
18585
18590
18592
18595
18598
18600
18603
18606
18608
18611
18614
18617
18619
18622
18625
18627
18630
18633
18635
18638
18641
18644
18646
18649
18652
18654
18657
18660
18662
18665
18668
18671
18673
18676
18679
18681
18684
18687
18690
18692
18695
18698
18701
18704
18706
18709
18712
18715
18718
18721
18723
18726
18729
18732
18735
18737
18740
18743
18746
18749
18752
18754
18757
18760
18763
18766
18768
18771
18774
18777
18780
18783
18785
18788
18791
18794
18797
18800
18803
18807
18810
18814
18817
18821
18825
18828
18832
18835
18839
18842
18846
18850
18853
18857
18860
18864
18867
18871
18875
18878
18882
18885
18889
18892
18896
18900
18929
18958
18987
19016
19045
19074
19103
19132
19161
19190
19220
19221
19222
19223
19224
19225
19226
19227
19229
19230
19231
19232
19233
19234
19235
19237
19238
19239
19240
19241
19242
19243
19244
19246
19247
19248
19249
19250
19251
19252
19254
19255
19256
19257
19258
19259
19260
19261
19263
19264
19265
19266
19267
19268
19269
19271
19272
19273
19274
19275
19276
19277
19278
19280
19281
19282
19283
19284
19285
19286
19288
19289
19290
19291
19292
19293
19294
19295
19297
19298
19299
19300
19301
19302
19303
19305
19306
19307
19308
19309
19310
19311
19312
19314
19315
19316
19317
19318
19319
19320
19322
19323
19324
19325
19326
19327
19328
19330
19333
19336
19340
19343
19346
19349
19353
19356
19360
19363
19366
19369
19373
19376
19380
19383
19386
19390
19393
19396
19400
19403
19406
19410
19413
19416
19419
19423
19426
19430
19433
19436
19440
19443
19447
19450
19454
19457
19460
19464
19467
19471
19474
19478
19481
19485
19488
19491
19495
19498
19502
19505
19509
19512
19515
19519
19522
19526
19529
19533
19536
19540
19543
19547
19551
19554
19558
19562
19565
19569
19573
19577
19580
19584
19588
19591
19595
19599
19602
19606
19610
19614
19617
19621
19625
19628
19632
19636
19640
19644
19648
19653
19657
19662
19666
19670
19675
19679
19684
19688
19692
19697
19701
19706
19710
19714
19719
19723
19728
19732
19736
19741
19745
19750
19752
19755
19758
19761
19764
19767
19770
19773
19776
19779
19782
19785
19788
19791
19794
19797
19800
19803
19806
19809
19812
19815
19818
19821
19824
19827
19830
19833
19836
19839
19842
19845
19848
19851
19854
19857
19860
19863
19867
19870
19874
19877
19881
19884
19888
19892
19895
19899
19902
19906
19910
19913
19917
19920
19924
19927
19931
19935
19938
19942
19945
19949
19952
19956
19960
19963
19966
19969
19972
19975
19978
19981
19984
19987
19990
19993
19996
19999
20002
20005
20008
20011
20015
20018
20021
20024
20027
20030
20033
20036
20039
20042
20045
20048
20051
20054
20057
20060
20063
20066
20070
20074
20078
20082
20086
20090
20095
20099
20103
20107
20111
20115
20120
20124
20128
20132
20136
20140
20145
20149
20153
20157
20161
20165
20170
20172
20175
20178
20181
20184
20186
20189
20192
20195
20198
20201
20203
20206
20209
20212
20215
20217
20220
20223
20226
20229
20232
20234
20237
20240
20243
20246
20248
20251
20254
20257
20260
20263
20265
20268
20271
20274
20277
20280
20283
20286
20289
20292
20295
20298
20301
20304
20307
20310
20313
20316
20319
20322
20325
20328
20331
20334
20337
20340
20343
20346
20349
20352
20355
20358
20361
20364
20367
20370
20373
20376
20380
20383
20387
20391
20395
20398
20402
20406
20410
20414
20417
20421
20425
20429
20433
20436
20440
20444
20448
20452
20455
20459
20463
20467
20471
20474
20478
20482
20486
20490
20494
20499
20504
20509
20513
20518
20523
20528
20533
20537
20542
20547
20552
20556
20561
20566
20571
20576
20580
20585
20590
20595
20600
20603
20606
20610
20613
20617
20620
20624
20627
20630
20634
20637
20641
20644
20648
20651
20655
20658
20661
20665
20668
20672
20675
20679
20682
20685
20689
20692
20696
20699
20703
20706
20710
20713
20716
20720
20723
20727
20730
20734
20737
20740
20744
20747
20751
20754
20758
20761
20765
20768
20771
20775
20778
20782
20785
20789
20792
20795
20799
20802
20806
20809
20813
20816
20820
20824
20828
20832
20836
20840
20845
20849
20853
20857
20861
20865
20870
20874
20878
20882
20886
20890
20895
20899
20903
20907
20911
20915
20920
20924
20928
20932
20936
20941
20945
20949
20953
20958
20962
20966
20970
20975
20979
20983
20987
20991
20996
21000
21004
21008
21013
21017
21021
21025
21030
21037
21045
21053
21060
21068
21076
21083
21091
21099
21106
21114
21122
21130
21135
21140
21145
21150
21156
21161
21166
21171
21177
21182
21187
21192
21198
21203
21208
21213
21219
21224
21229
21234
21240
21246
21253
21260
21267
21274
21281
21288
21295
21301
21308
21315
21322
21329
21336
21343
21350
21353
21357
21361
21365
21369
21373
21376
21380
21384
21388
21392
21396
21400
21403
21407
21411
21415
21419
21423
21426
21430
21434
21438
21442
21446
21450
21455
21460
21465
21470
21474
21480
21485
21490
21494
21500
21505
21509
21515
21520
21525
21529
21535
21540
21544
21549
21555
21560
21567
21574
21581
21588
21595
21602
21610
21617
21624
21631
21638
21645
21652
21660
21664
21669
21674
21679
21683
21688
21693
21698
21703
21707
21712
21717
21722
21726
21731
21736
21741
21746
21750
21755
21760
21765
21770
21774
21779
21783
21788
21792
21797
21801
21806
21810
21815
21820
21824
21829
21833
21838
21842
21847
21851
21856
21860
21865
21870
21874
21879
21884
21889
21893
21898
21903
21908
21913
21917
21922
21927
21932
21936
21941
21946
21951
21956
21960
21965
21970
21975
21980
21986
21992
21998
22004
22010
22016
22022
22028
22035
22041
22047
22053
22059
22065
22071
22077
22083
22090
22096
22103
22110
22116
22123
22130
22136
22143
22150
22156
22163
22170
22176
22183
22190
22194
22199
22203
22208
22212
22217
22222
22226
22231
22235
22240
22245
22249
22254
22258
22263
22267
22272
22277
22281
22286
22290
22295
22300
22305
22311
22317
22323
22328
22334
22340
22346
22352
22357
22363
22369
22375
22381
22386
22392
22398
22404
22410
22417
22425
22433
22441
22449
22457
22465
22472
22480
22488
22496
22504
22512
22520
22526
22533
22540
22546
22553
22560
22566
22573
22580
22586
22593
22600
22606
22613
22620
22627
22635
22642
22650
22657
22665
22672
22680
22687
22695
22702
22710
22717
22724
22732
22740
22746
22752
22759
22765
22772
22778
22785
22791
22798
22804
22811
22817
22824
22830
22837
22843
22850
22853
22857
22861
22864
22868
22872
22875
22879
22883
22887
22890
22894
22898
22901
22905
22909
22912
22916
22920
22924
22927
22931
22935
22938
22942
22946
22950
22954
22958
22963
22967
22972
22976
22981
22985
22990
22994
22998
23003
23007
23012
23016
23021
23025
23030
23034
23038
23043
23047
23052
23056
23061
23065
23070
23074
23079
23083
23088
23092
23097
23101
23106
23110
23115
23120
23124
23129
23133
23138
23142
23147
23151
23156
23160
23165
23170
23175
23181
23187
23193
23198
23204
23210
23216
23222
23227
23233
23239
23245
23251
23256
23262
23268
23274
23280
23284
23288
23292
23296
23300
23305
23309
23313
23317
23321
23325
23330
23334
23338
23342
23346
23350
23355
23359
23363
23367
23371
23375
23380
23383
23387
23390
23394
23397
23401
23404
23408
23411
23415
23419
23422
23426
23429
23433
23436
23440
23443
23447
23450
23454
23458
23461
23465
23468
23472
23475
23479
23482
23486
23490
23493
23496
23499
23502
23505
23508
23512
23515
23518
23521
23524
23527
23530
23534
23537
23540
23543
23546
23549
23552
23556
23559
23562
23565
23568
23571
23574
23578
23581
23584
23587
23590
23593
23596
23600
23603
23607
23611
23614
23618
23622
23625
23629
23633
23637
23640
23644
23648
23651
23655
23659
23662
23666
23670
23674
23677
23681
23685
23688
23692
23696
23700
23704
23708
23713
23717
23721
23726
23730
23735
23739
23744
23748
23752
23757
23761
23766
23770
23774
23779
23783
23788
23792
23796
23801
23805
23810
23816
23823
23830
23836
23843
23849
23856
23863
23870
23876
23883
23890
23896
23903
23910
23915
23920
23925
23930
23935
23940
23945
23950
23955
23960
23965
23970
23975
23980
23985
23990
23995
24000
24005
24009
24015
24020
24023
24027
24031
24034
24038
24042
24045
24049
24053
24057
24060
24064
24068
24071
24075
24079
24082
24086
24090
24094
24097
24101
24105
24108
24112
24116
24120
24125
24130
24135
24140
24145
24150
24155
24160
24165
24170
24175
24180
24185
24189
24195
24200
24205
24210
24215
24220
24224
24229
24235
24240
24244
24249
24253
24258
24263
24267
24272
24276
24281
24286
24290
24295
24300
24304
24309
24313
24318
24323
24327
24332
24336
24341
24346
24350
24355
24360
24365
24370
24375
24380
24384
24390
24395
24400
24405
24410
24415
24420
24425
24430
24435
24440
24445
24450
24455
24460
24470
24481
24492
24503
24514
24525
24536
24547
24558
24569
24580
24588
24596
24604
24613
24621
24630
24638
24646
24655
24663
24671
24680
24693
24707
24721
24735
24748
24762
24776
24790
24802
24814
24827
24840
24852
24865
24877
24890
24898
24906
24915
24923
24932
24940
24949
24957
24966
24974
24983
24991
25000
25008
25016
25025
25033
25042
25050
25059
25067
25076
25084
25093
25101
25110
25121
25132
25143
25154
25165
25176
25187
25198
25210
25216
25222
25228
25234
25240
25246
25252
25258
25265
25271
25277
25283
25289
25295
25301
25307
25313
25320
25327
25335
25343
25350
25358
25366
25373
25381
25389
25396
25404
25412
25420
25427
25434
25442
25449
25456
25464
25471
25478
25486
25493
25500
25508
25515
25522
25530
25537
25545
25553
25560
25568
25576
25583
25591
25599
25606
25614
25622
25630
25635
25641
25647
25653
25658
25664
25670
25676
25682
25687
25693
25699
25705
25711
25716
25722
25728
25734
25740
25750
25761
25772
25783
25794
25805
25816
25827
25838
25849
25860
25884
25910
25935
25960
25967
25975
25983
25991
25999
26007
26015
26022
26030
26038
26046
26054
26062
26070
26082
26095
26107
26120
26132
26145
26157
26170
26179
26188
26197
26206
26216
26225
26234
26243
26253
26262
26271
26280
26290
26297
26305
26313
26320
26328
26336
26343
26351
26359
26366
26374
26382
26390
26397
26404
26412
26419
26426
26434
26441
26448
26456
26463
26470
26478
26485
26492
26500
26507
26515
26523
26531
26539
26547
26555
26562
26570
26578
26586
26594
26602
26610
26618
26626
26634
26643
26651
26660
26668
26676
26685
26693
26701
26710
26718
26726
26735
26743
26752
26760
26769
26777
26786
26794
26803
26811
26820
26827
26834
26841
26848
26855
26862
26870
26877
26884
26891
26898
26905
26912
26920
26926
26933
26940
26947
26954
26961
26968
26975
26981
26988
26995
27002
27009
27016
27023
27030
27037
27044
27051
27058
27065
27072
27080
27087
27094
27101
27108
27115
27122
27130
27137
27145
27153
27161
27169
27177
27185
27192
27200
27208
27216
27224
27232
27240
27249
27258
27267
27276
27285
27295
27304
27313
27322
27331
27340
27350
27358
27366
27375
27383
27391
27400
27408
27416
27425
27433
27441
27450
27457
27465
27473
27481
27489
27497
27505
27512
27520
27528
27536
27544
27552
27560
27569
27578
27587
27596
27605
27615
27624
27633
27642
27651
27660
27670
27680
27690
27700
27710
27720
27730
27740
27750
27760
27770
27780
27790
27800
27810
27820
27830
27840
27850
27860
27869
27880
27892
27904
27916
27928
27941
27953
27965
27977
27990
27999
28008
28017
28026
28035
28045
28054
28063
28072
28081
28090
28100
28106
28113
28120
28126
28133
28140
28146
28153
28160
28166
28173
28180
28186
28193
28200
28207
28214
28221
28229
28236
28244
28251
28258
28266
28273
28280
28288
28295
28302
28310
28317
28324
28331
28338
28345
28352
28360
28367
28374
28381
28388
28395
28402
28410
28416
28422
28429
28435
28442
28448
28455
28461
28468
28474
28481
28487
28494
28500
28507
28513
28520
28524
28528
28532
28536
28540
28544
28548
28552
28556
28560
28564
28568
28572
28576
28580
28584
28588
28592
28596
28600
28604
28608
28612
28616
28620
28623
28627
28630
28634
28637
28641
28644
28648
28651
28655
28659
28662
28666
28669
28673
28676
28680
28683
28687
28690
28694
28698
28701
28705
28708
28712
28715
28719
28722
28726
28730
28735
28741
28746
28752
28757
28763
28768
28774
28779
28785
28790
28796
28801
28807
28812
28818
28823
28829
28834
28840
28846
28852
28858
28865
28871
28877
28883
28890
28896
28902
28908
28915
28921
28927
28933
28940
28946
28952
28959
28965
28972
28978
28985
28991
28998
29004
29011
29017
29024
29030
29037
29043
29050
29057
29064
29071
29078
29085
29092
29100
29107
29114
29121
29128
29135
29142
29150
29156
29163
29170
29177
29184
29191
29198
29205
29211
29218
29225
29232
29239
29246
29253
29260
29267
29274
29282
29289
29296
29304
29311
29318
29326
29333
29340
29348
29355
29362
29370
29375
29381
29386
29392
29397
29403
29408
29414
29419
29425
29430
29436
29441
29447
29452
29458
29463
29469
29474
29480
29487
29495
29502
29510
29517
29525
29532
29540
29547
29555
29562
29570
29577
29585
29592
29600
29607
29614
29621
29628
29635
29642
29650
29657
29664
29671
29678
29685
29692
29700
29706
29712
29718
29724
29730
29736
29742
29748
29755
29761
29767
29773
29779
29785
29791
29797
29803
29810
29815
29821
29827
29833
29839
29845
29851
29857
29862
29868
29874
29880
29886
29892
29898
29904
29910
