1
2
4
5
6
8
9
11
12
13
15
16
17
19
20
22
23
24
26
27
28
30
31
33
34
35
37
38
39
41
42
44
45
46
48
49
50
52
53
54
56
57
59
60
61
63
64
66
67
68
70
71
72
74
75
77
78
79
81
82
83
85
86
88
89
90
92
93
94
96
97
98
100
101
103
104
105
107
108
109
111
113
115
117
118
120
122
124
126
127
129
131
133
135
136
138
140
142
143
145
147
149
151
152
154
156
158
160
161
163
165
167
168
170
172
174
176
177
179
181
183
185
186
188
190
192
193
195
197
199
201
202
204
206
208
210
211
212
214
215
216
218
219
221
222
223
225
226
228
229
230
232
233
235
236
237
239
240
242
243
244
246
247
248
250
251
253
254
255
257
258
260
261
262
264
265
267
268
269
271
272
274
275
276
278
279
281
282
283
285
286
287
289
290
292
293
294
296
297
299
300
301
303
304
306
307
308
310
311
313
314
315
317
318
320
322
324
326
328
330
332
334
336
338
340
342
344
346
348
350
352
354
356
358
360
362
364
366
368
371
373
375
377
379
381
383
385
387
389
391
393
395
397
399
401
403
405
407
409
411
413
415
417
420
421
423
425
426
428
430
431
433
435
436
438
440
442
443
445
447
448
450
452
453
455
457
458
460
462
464
465
467
469
470
472
474
475
477
479
480
482
484
486
487
489
491
492
494
496
497
499
501
502
504
506
508
509
511
513
514
516
518
519
521
523
524
526
528
530
531
532
534
535
537
538
540
541
543
544
546
547
549
550
552
553
555
556
558
559
561
562
564
565
567
568
570
571
573
574
576
577
579
580
582
583
585
586
588
589
591
592
594
595
597
598
600
601
603
604
606
607
609
610
612
613
615
616
618
619
621
622
624
625
627
628
630
631
633
635
637
639
641
643
645
647
649
651
653
655
657
659
661
663
665
667
669
671
673
675
677
679
681
683
685
686
688
690
692
694
696
698
700
702
704
706
708
710
712
714
716
718
720
722
724
726
728
730
732
734
736
738
740
741
743
745
747
749
751
753
755
757
759
761
763
765
767
769
771
773
775
777
779
781
783
785
787
789
791
793
794
796
798
800
802
804
806
808
810
812
814
816
818
820
822
824
826
828
830
832
834
836
838
840
842
844
846
848
850
851
853
854
856
857
859
861
862
864
865
867
869
870
872
873
875
876
878
880
881
883
884
886
888
889
891
892
894
896
897
899
900
902
903
905
907
908
910
911
913
915
916
918
919
921
923
924
926
927
929
930
932
934
935
937
938
940
942
943
945
946
948
950
951
952
954
955
956
958
959
961
962
963
965
966
967
969
970
972
973
974
976
977
978
980
981
983
984
985
987
988
989
991
992
994
995
996
998
999
1000
1002
1003
1004
1006
1007
1009
1010
1011
1013
1014
1016
1017
1018
1020
1021
1022
1024
1025
1027
1028
1029
1031
1032
1033
1035
1036
1038
1039
1040
1042
1043
1044
1046
1047
1049
1050
1051
1053
1054
1055
1057
1058
1060
1061
1063
1065
1067
1069
1070
1072
1074
1076
1078
1080
1081
1083
1085
1087
1089
1090
1092
1094
1096
1098
1100
1101
1103
1105
1107
1109
1110
1112
1114
1116
1118
1119
1121
1123
1125
1127
1129
1130
1132
1134
1136
1138
1140
1141
1143
1145
1147
1149
1150
1152
1154
1156
1158
1160
1161
1163
1164
1166
1167
1169
1170
1172
1174
1175
1177
1178
1180
1182
1183
1185
1186
1188
1189
1191
1193
1194
1196
1197
1199
1200
1202
1204
1205
1207
1208
1210
1211
1213
1214
1216
1218
1219
1221
1222
1224
1226
1227
1229
1230
1232
1233
1235
1237
1238
1240
1241
1243
1244
1246
1248
1249
1251
1252
1254
1255
1257
1259
1260
1262
1263
1265
1266
1268
1270
1271
1273
1274
1276
1278
1279
1281
1283
1284
1286
1288
1289
1291
1292
1294
1296
1297
1299
1301
1302
1304
1306
1307
1309
1310
1312
1314
1315
1317
1319
1320
1322
1324
1325
1327
1329
1330
1332
1333
1335
1337
1338
1340
1342
1343
1345
1347
1348
1350
1351
1353
1355
1356
1358
1360
1361
1363
1365
1366
1368
1370
1371
1373
1375
1377
1379
1381
1382
1384
1386
1388
1390
1392
1393
1395
1397
1399
1401
1403
1404
1406
1408
1410
1412
1414
1415
1417
1419
1421
1423
1425
1426
1428
1430
1432
1434
1436
1437
1439
1441
1443
1445
1447
1448
1450
1452
1454
1456
1458
1459
1461
1463
1465
1467
1469
1470
1472
1474
1476
1478
1480
1481
1482
1484
1485
1486
1488
1489
1490
1492
1493
1494
1496
1497
1498
1500
1501
1502
1504
1505
1506
1508
1509
1510
1512
1513
1514
1516
1517
1518
1520
1521
1522
1524
1525
1526
1528
1529
1530
1532
1533
1535
1536
1537
1539
1540
1541
1543
1544
1545
1547
1548
1549
1551
1552
1553
1555
1556
1557
1559
1560
1561
1563
1564
1565
1567
1568
1569
1571
1572
1573
1575
1576
1577
1579
1580
1581
1583
1584
1585
1587
1588
1590
1591
1593
1594
1596
1597
1599
1600
1602
1603
1605
1606
1608
1610
1611
1613
1614
1616
1617
1619
1620
1622
1623
1625
1626
1628
1630
1631
1633
1634
1636
1637
1639
1640
1642
1643
1645
1646
1648
1650
1651
1653
1654
1656
1657
1659
1660
1662
1663
1665
1666
1668
1670
1671
1673
1674
1676
1677
1679
1680
1682
1683
1685
1686
1688
1690
1691
1693
1695
1696
1698
1700
1702
1703
1705
1707
1709
1710
1712
1714
1716
1717
1719
1721
1723
1724
1726
1728
1730
1731
1733
1735
1737
1738
1740
1742
1744
1745
1747
1749
1751
1752
1754
1756
1758
1759
1761
1763
1765
1766
1768
1770
1772
1773
1775
1777
1779
1780
1782
1784
1786
1787
1789
1791
1793
1794
1796
1798
1800
1801
1803
1805
1807
1808
1810
1812
1814
1815
1817
1819
1821
1822
1824
1826
1828
1829
1831
1833
1835
1836
1838
1840
1842
1843
1845
1847
1849
1850
1852
1854
1856
1857
1859
1861
1863
1864
1866
1868
1870
1871
1873
1875
1877
1878
1880
1882
1884
1885
1887
1889
1891
1892
1894
1896
1898
1900
1901
1903
1905
1907
1908
1910
1912
1914
1915
1917
1919
1921
1923
1924
1926
1928
1930
1931
1933
1935
1937
1939
1940
1942
1944
1946
1947
1949
1951
1953
1954
1956
1958
1960
1962
1963
1965
1967
1969
1970
1972
1974
1976
1978
1979
1981
1983
1985
1986
1988
1990
1992
1994
1995
1997
1999
2001
2002
2004
2006
2008
2009
2011
2013
2014
2016
2017
2019
2020
2022
2023
2025
2026
2028
2029
2031
2032
2034
2035
2037
2039
2040
2042
2043
2045
2046
2048
2049
2051
2052
2054
2055
2057
2058
2060
2061
2063
2065
2066
2068
2069
2071
2072
2074
2075
2077
2078
2080
2081
2083
2084
2086
2087
2089
2090
2092
2094
2095
2097
2098
2100
2101
2103
2104
2106
2107
2109
2110
2112
2113
2115
2116
2118
2120
2121
2122
2124
2125
2127
2128
2130
2131
2133
2134
2135
2137
2138
2140
2141
2143
2144
2146
2147
2148
2150
2151
2153
2154
2156
2157
2159
2160
2161
2163
2164
2166
2167
2169
2170
2172
2173
2175
2176
2177
2179
2180
2182
2183
2185
2186
2188
2189
2190
2192
2193
2195
2196
2198
2199
2201
2202
2203
2205
2206
2208
2209
2211
2212
2214
2215
2216
2218
2219
2221
2222
2224
2225
2227
2228
2230
2231
2233
2234
2236
2238
2239
2241
2242
2244
2246
2247
2249
2251
2252
2254
2255
2257
2259
2260
2262
2263
2265
2267
2268
2270
2272
2273
2275
2276
2278
2280
2281
2283
2285
2286
2288
2289
2291
2293
2294
2296
2297
2299
2301
2302
2304
2306
2307
2309
2310
2312
2314
2315
2317
2318
2320
2322
2323
2325
2327
2328
2330
2331
2333
2335
2336
2338
2340
2341
2343
2345
2347
2349
2351
2352
2354
2356
2358
2360
2362
2364
2365
2367
2369
2371
2373
2375
2377
2378
2380
2382
2384
2386
2388
2389
2391
2393
2395
2397
2399
2401
2402
2404
2406
2408
2410
2412
2414
2415
2417
2419
2421
2423
2425
2427
2428
2430
2432
2434
2436
2438
2440
2441
2443
2445
2446
2448
2450
2452
2453
2455
2457
2458
2460
2462
2464
2465
2467
2469
2470
2472
2474
2476
2477
2479
2481
2482
2484
2486
2488
2489
2491
2493
2495
2496
2498
2500
2501
2503
2505
2507
2508
2510
2512
2513
2515
2517
2519
2520
2522
2524
2525
2527
2529
2531
2532
2534
2536
2537
2539
2541
2543
2544
2546
2548
2550
2551
2553
2555
2556
2558
2560
2562
2563
2565
2567
2569
2570
2572
2574
2576
2577
2579
2581
2583
2584
2586
2588
2590
2591
2593
2595
2597
2598
2600
2602
2604
2605
2607
2609
2611
2612
2614
2616
2618
2619
2621
2623
2625
2626
2628
2630
2632
2633
2635
2637
2639
2640
2642
2644
2646
2647
2649
2651
2653
2654
2656
2658
2660
2661
2662
2664
2665
2667
2668
2669
2671
2672
2674
2675
2676
2678
2679
2681
2682
2683
2685
2686
2688
2689
2691
2692
2693
2695
2696
2698
2699
2700
2702
2703
2705
2706
2707
2709
2710
2712
2713
2715
2716
2717
2719
2720
2722
2723
2724
2726
2727
2729
2730
2731
2733
2734
2736
2737
2738
2740
2741
2743
2744
2746
2747
2748
2750
2751
2753
2754
2755
2757
2758
2760
2761
2762
2764
2765
2767
2768
2770
2771
2773
2775
2776
2778
2780
2781
2783
2785
2786
2788
2790
2791
2793
2795
2796
2798
2800
2801
2803
2805
2806
2808
2810
2811
2813
2815
2816
2818
2820
2821
2823
2825
2826
2828
2830
2831
2833
2835
2836
2838
2840
2841
2843
2845
2846
2848
2850
2851
2853
2855
2856
2858
2860
2861
2863
2865
2866
2868
2870
2871
2873
2874
2876
2878
2879
2881
2882
2884
2886
2887
2889
2891
2892
2894
2895
2897
2899
2900
2902
2903
2905
2907
2908
2910
2912
2913
2915
2916
2918
2920
2921
2923
2925
2926
2928
2929
2931
2933
2934
2936
2937
2939
2941
2942
2944
2946
2947
2949
2950
2952
2954
2955
2957
2958
2960
2962
2963
2965
2967
2968
2970
2971
2973
2975
2976
2978
2980
2981
2982
2984
2985
2987
2988
2989
2991
2992
2994
2995
2996
2998
2999
3001
3002
3003
3005
3006
3008
3009
3011
3012
3013
3015
3016
3018
3019
3020
3022
3023
3025
3026
3027
3029
3030
3032
3033
3035
3036
3037
3039
3040
3042
3043
3044
3046
3047
3049
3050
3051
3053
3054
3056
3057
3058
3060
3061
3063
3064
3066
3067
3068
3070
3071
3073
3074
3075
3077
3078
3080
3081
3082
3084
3085
3087
3088
3090
3091
3093
3094
3096
3098
3099
3101
3103
3105
3106
3108
3110
3111
3113
3114
3116
3118
3120
3121
3123
3125
3126
3128
3130
3131
3133
3135
3136
3138
3139
3141
3143
3145
3146
3148
3150
3151
3153
3155
3156
3158
3160
3161
3163
3165
3166
3168
3170
3171
3173
3175
3176
3178
3179
3181
3183
3185
3186
3188
3190
3191
3193
3194
3196
3198
3199
3201
3203
3204
3206
3208
3209
3211
3212
3214
3216
3217
3219
3221
3222
3224
3226
3227
3229
3231
3232
3234
3235
3237
3239
3240
3242
3244
3245
3247
3249
3250
3252
3254
3255
3257
3258
3260
3262
3263
3265
3267
3268
3270
3272
3273
3275
3277
3278
3280
3281
3283
3285
3286
3288
3290
3291
3293
3295
3296
3298
3300
3301
3302
3304
3305
3306
3308
3309
3310
3312
3313
3314
3316
3317
3318
3320
3321
3322
3324
3325
3327
3328
3329
3331
3332
3333
3335
3336
3337
3339
3340
3341
3343
3344
3345
3347
3348
3349
3351
3352
3354
3355
3356
3358
3359
3360
3362
3363
3364
3366
3367
3368
3370
3371
3372
3374
3375
3377
3378
3379
3381
3382
3383
3385
3386
3387
3389
3390
3391
3393
3394
3395
3397
3398
3400
3401
3403
3404
3406
3407
3409
3411
3412
3414
3415
3417
3418
3420
3421
3423
3425
3426
3428
3429
3431
3433
3434
3436
3437
3439
3440
3442
3444
3445
3447
3448
3450
3451
3453
3455
3456
3458
3459
3461
3462
3464
3465
3467
3469
3470
3472
3473
3475
3477
3478
3480
3481
3483
3484
3486
3488
3489
3491
3492
3494
3495
3497
3498
3500
3502
3503
3505
3506
3508
3510
3511
3513
3514
3516
3518
3520
3521
3523
3525
3526
3528
3530
3531
3533
3534
3536
3538
3540
3541
3543
3545
3546
3548
3550
3551
3553
3554
3556
3558
3560
3561
3563
3565
3566
3568
3570
3571
3573
3575
3576
3578
3580
3581
3583
3585
3586
3588
3590
3591
3593
3595
3596
3598
3600
3601
3603
3605
3606
3608
3610
3611
3613
3615
3616
3618
3620
3621
3623
3625
3626
3628
3630
3631
3633
3635
3636
3638
3640
3641
3643
3645
3646
3648
3650
3651
3653
3655
3656
3658
3660
3661
3663
3665
3666
3668
3670
3671
3673
3675
3676
3678
3680
3681
3683
3685
3686
3688
3690
3691
3693
3695
3696
3698
3700
3701
3703
3705
3706
3708
3710
3711
3713
3715
3716
3718
3720
3721
3723
3725
3726
3728
3730
3731
3733
3735
3736
3738
3740
3742
3743
3745
3747
3749
3750
3752
3754
3756
3757
3759
3761
3763
3764
3766
3768
3770
3771
3773
3775
3777
3778
3780
3782
3784
3785
3787
3789
3791
3792
3794
3796
3798
3799
3801
3803
3805
3806
3808
3810
3812
3813
3815
3817
3819
3820
3822
3824
3826
3827
3829
3831
3833
3834
3836
3838
3840
3841
3842
3844
3845
3847
3848
3850
3851
3853
3854
3855
3857
3858
3860
3861
3863
3864
3866
3867
3868
3870
3871
3873
3874
3876
3877
3879
3880
3882
3883
3884
3886
3887
3889
3890
3892
3893
3895
3896
3897
3899
3900
3902
3903
3905
3906
3908
3909
3911
3912
3913
3915
3916
3918
3919
3921
3922
3924
3925
3926
3928
3929
3931
3932
3934
3935
3937
3938
3940
3941
3943
3945
3946
3948
3950
3952
3953
3955
3957
3958
3960
3962
3964
3965
3967
3969
3970
3972
3974
3976
3977
3979
3981
3982
3984
3986
3988
3989
3991
3993
3995
3996
3998
4000
4001
4003
4005
4007
4008
4010
4012
4013
4015
4017
4019
4020
4022
4024
4025
4027
4029
4031
4032
4034
4036
4037
4039
4041
4043
4044
4046
4048
4050
4051
4053
4054
4056
4057
4059
4060
4062
4064
4065
4067
4068
4070
4071
4073
4075
4076
4078
4079
4081
4082
4084
4085
4087
4089
4090
4092
4093
4095
4096
4098
4100
4101
4103
4104
4106
4107
4109
4110
4112
4114
4115
4117
4118
4120
4121
4123
4125
4126
4128
4129
4131
4132
4134
4135
4137
4139
4140
4142
4143
4145
4146
4148
4150
4151
4153
4154
4156
4157
4159
4161
4162
4164
4165
4167
4169
4170
4172
4173
4175
4177
4178
4180
4181
4183
4185
4186
4188
4189
4191
4193
4194
4196
4197
4199
4201
4202
4204
4205
4207
4208
4210
4212
4213
4215
4216
4218
4220
4221
4223
4224
4226
4228
4229
4231
4232
4234
4236
4237
4239
4240
4242
4244
4245
4247
4248
4250
4252
4253
4255
4256
4258
4260
4261
4263
4264
4266
4267
4269
4270
4272
4273
4275
4277
4278
4280
4281
4283
4284
4286
4287
4289
4290
4292
4294
4295
4297
4298
4300
4301
4303
4304
4306
4308
4309
4311
4312
4314
4315
4317
4318
4320
4321
4323
4325
4326
4328
4329
4331
4332
4334
4335
4337
4339
4340
4342
4343
4345
4346
4348
4349
4351
4352
4354
4356
4357
4359
4360
4362
4363
4365
4366
4368
4370
4371
4373
4375
4377
4379
4381
4383
4385
4387
4389
4391
4393
4395
4397
4398
4400
4402
4404
4406
4408
4410
4412
4414
4416
4418
4420
4422
4424
4425
4427
4429
4431
4433
4435
4437
4439
4441
4443
4445
4447
4449
4451
4452
4454
4456
4458
4460
4462
4464
4466
4468
4470
4472
4474
4476
4478
4480
4481
4483
4485
4487
4489
4491
4493
4495
4497
4499
4501
4503
4505
4507
4508
4510
4512
4514
4516
4518
4520
4522
4524
4526
4528
4530
4532
4534
4535
4537
4539
4541
4543
4545
4547
4549
4551
4553
4555
4557
4559
4561
4562
4564
4566
4568
4570
4572
4574
4576
4578
4580
4582
4584
4586
4588
4590
4591
4593
4594
4596
4597
4599
4600
4602
4604
4605
4607
4608
4610
4611
4613
4615
4616
4618
4619
4621
4622
4624
4625
4627
4629
4630
4632
4633
4635
4636
4638
4640
4641
4643
4644
4646
4647
4649
4650
4652
4654
4655
4657
4658
4660
4661
4663
4665
4666
4668
4669
4671
4672
4674
4675
4677
4679
4680
4682
4683
4685
4686
4688
4690
4691
4693
4694
4696
4697
4699
4701
4702
4704
4705
4707
4709
4710
4712
4713
4715
4717
4718
4720
4721
4723
4725
4726
4728
4729
4731
4733
4734
4736
4737
4739
4741
4742
4744
4745
4747
4748
4750
4752
4753
4755
4756
4758
4760
4761
4763
4764
4766
4768
4769
4771
4772
4774
4776
4777
4779
4780
4782
4784
4785
4787
4788
4790
4792
4793
4795
4796
4798
4800
4801
4803
4805
4806
4808
4810
4812
4813
4815
4817
4818
4820
4822
4824
4825
4827
4829
4831
4832
4834
4836
4837
4839
4841
4843
4844
4846
4848
4850
4851
4853
4855
4856
4858
4860
4862
4863
4865
4867
4868
4870
4872
4874
4875
4877
4879
4881
4882
4884
4886
4887
4889
4891
4893
4894
4896
4898
4900
4901
4903
4905
4906
4908
4910
4911
4913
4915
4916
4918
4920
4922
4923
4925
4927
4928
4930
4932
4933
4935
4937
4938
4940
4942
4944
4945
4947
4949
4950
4952
4954
4955
4957
4959
4960
4962
4964
4966
4967
4969
4971
4972
4974
4976
4977
4979
4981
4982
4984
4986
4988
4989
4991
4993
4994
4996
4998
4999
5001
5003
5004
5006
5008
5010
5011
5013
5014
5016
5017
5019
5020
5022
5023
5025
5026
5028
5029
5031
5032
5034
5035
5037
5038
5040
5041
5043
5044
5046
5047
5049
5050
5052
5053
5055
5056
5058
5059
5061
5062
5064
5065
5067
5068
5070
5071
5073
5074
5076
5077
5079
5080
5082
5083
5085
5086
5088
5089
5091
5092
5094
5095
5097
5098
5100
5101
5103
5104
5106
5107
5109
5110
5112
5113
5115
5116
5118
5120
5121
5123
5125
5127
5128
5130
5132
5134
5135
5137
5139
5141
5143
5144
5146
5148
5150
5151
5153
5155
5157
5159
5160
5162
5164
5166
5167
5169
5171
5173
5175
5176
5178
5180
5182
5183
5185
5187
5189
5190
5192
5194
5196
5198
5199
5201
5203
5205
5206
5208
5210
5212
5214
5215
5217
5219
5221
5222
5224
5226
5228
5230
5231
5233
5235
5236
5238
5240
5242
5243
5245
5247
5248
5250
5252
5254
5255
5257
5259
5260
5262
5264
5266
5267
5269
5271
5272
5274
5276
5278
5279
5281
5283
5284
5286
5288
5290
5291
5293
5295
5296
5298
5300
5302
5303
5305
5307
5308
5310
5312
5314
5315
5317
5319
5320
5322
5324
5326
5327
5329
5331
5332
5334
5336
5338
5339
5341
5343
5344
5346
5348
5350
5351
5353
5354
5356
5357
5359
5361
5362
5364
5365
5367
5369
5370
5372
5373
5375
5376
5378
5380
5381
5383
5384
5386
5388
5389
5391
5392
5394
5396
5397
5399
5400
5402
5403
5405
5407
5408
5410
5411
5413
5415
5416
5418
5419
5421
5423
5424
5426
5427
5429
5430
5432
5434
5435
5437
5438
5440
5442
5443
5445
5446
5448
5450
5451
5453
5455
5457
5458
5460
5462
5464
5465
5467
5469
5471
5473
5474
5476
5478
5480
5481
5483
5485
5487
5489
5490
5492
5494
5496
5497
5499
5501
5503
5505
5506
5508
5510
5512
5513
5515
5517
5519
5520
5522
5524
5526
5528
5529
5531
5533
5535
5536
5538
5540
5542
5544
5545
5547
5549
5551
5552
5554
5556
5558
5560
5561
5563
5564
5566
5567
5569
5570
5572
5574
5575
5577
5578
5580
5581
5583
5585
5586
5588
5589
5591
5592
5594
5595
5597
5599
5600
5602
5603
5605
5606
5608
5609
5611
5613
5614
5616
5617
5619
5620
5622
5624
5625
5627
5628
5630
5631
5633
5635
5636
5638
5639
5641
5642
5644
5645
5647
5649
5650
5652
5653
5655
5656
5658
5660
5661
5663
5665
5666
5668
5670
5672
5673
5675
5677
5678
5680
5682
5684
5685
5687
5689
5690
5692
5694
5696
5697
5699
5701
5702
5704
5706
5708
5709
5711
5713
5715
5716
5718
5720
5721
5723
5725
5727
5728
5730
5732
5733
5735
5737
5739
5740
5742
5744
5745
5747
5749
5751
5752
5754
5756
5757
5759
5761
5763
5764
5766
5768
5770
5771
5773
5774
5776
5777
5779
5780
5782
5783
5785
5786
5788
5789
5791
5792
5794
5795
5797
5798
5800
5801
5803
5804
5806
5807
5809
5810
5812
5813
5815
5816
5818
5820
5821
5823
5824
5826
5827
5829
5830
5832
5833
5835
5836
5838
5839
5841
5842
5844
5845
5847
5848
5850
5851
5853
5854
5856
5857
5859
5860
5862
5863
5865
5866
5868
5870
5871
5873
5875
5877
5878
5880
5882
5884
5885
5887
5889
5891
5893
5894
5896
5898
5900
5901
5903
5905
5907
5909
5910
5912
5914
5916
5917
5919
5921
5923
5925
5926
5928
5930
5932
5933
5935
5937
5939
5940
5942
5944
5946
5948
5949
5951
5953
5955
5956
5958
5960
5962
5964
5965
5967
5969
5971
5972
5974
5976
5978
5980
5981
5983
5985
5986
5988
5990
5992
5993
5995
5997
5998
6000
6002
6004
6005
6007
6009
6010
6012
6014
6016
6017
6019
6021
6022
6024
6026
6028
6029
6031
6033
6035
6036
6038
6040
6041
6043
6045
6047
6048
6050
6052
6053
6055
6057
6059
6060
6062
6064
6065
6067
6069
6071
6072
6074
6076
6077
6079
6081
6083
6084
6086
6088
6090
6091
6093
6095
6096
6098
6100
6102
6103
6105
6107
6108
6110
6112
6114
6115
6117
6119
6121
6122
6124
6126
6127
6129
6131
6133
6134
6136
6138
6140
6141
6143
6145
6146
6148
6150
6152
6153
6155
6157
6158
6160
6162
6164
6165
6167
6169
6171
6172
6174
6176
6177
6179
6181
6183
6184
6186
6188
6190
6191
6193
6195
6197
6198
6200
6202
6204
6205
6207
6209
6211
6213
6214
6216
6218
6220
6221
6223
6225
6227
6229
6230
6232
6234
6236
6237
6239
6241
6243
6245
6246
6248
6250
6252
6253
6255
6257
6259
6260
6262
6264
6266
6268
6269
6271
6273
6275
6276
6278
6280
6282
6284
6285
6287
6289
6291
6292
6294
6296
6298
6300
6301
6302
6304
6305
6307
6308
6310
6311
6313
6314
6316
6317
6319
6320
6322
6323
6325
6326
6327
6329
6330
6332
6333
6335
6336
6338
6339
6341
6342
6344
6345
6347
6348
6350
6351
6352
6354
6355
6357
6358
6360
6361
6363
6364
6366
6367
6369
6370
6372
6373
6375
6376
6377
6379
6380
6382
6383
6385
6386
6388
6389
6391
6392
6394
6395
6397
6398
6400
6401
6403
6404
6406
6407
6409
6410
6412
6413
6415
6417
6418
6420
6421
6423
6424
6426
6427
6429
6430
6432
6434
6435
6437
6438
6440
6441
6443
6444
6446
6448
6449
6451
6452
6454
6455
6457
6458
6460
6461
6463
6465
6466
6468
6469
6471
6472
6474
6475
6477
6479
6480
6482
6483
6485
6486
6488
6489
6491
6492
6494
6496
6497
6499
6500
6502
6503
6505
6506
6508
6510
6511
6513
6515
6516
6518
6520
6521
6523
6524
6526
6528
6530
6531
6533
6535
6536
6538
6540
6541
6543
6545
6546
6548
6550
6551
6553
6555
6556
6558
6560
6561
6563
6564
6566
6568
6570
6571
6573
6575
6576
6578
6580
6581
6583
6585
6586
6588
6590
6591
6593
6595
6596
6598
6600
6601
6603
6605
6606
6608
6610
6611
6613
6615
6616
6618
6620
6621
6622
6624
6625
6627
6628
6630
6631
6633
6634
6635
6637
6638
6640
6641
6643
6644
6646
6647
6648
6650
6651
6653
6654
6656
6657
6659
6660
6661
6663
6664
6666
6667
6669
6670
6672
6673
6675
6676
6677
6679
6680
6682
6683
6685
6686
6688
6689
6690
6692
6693
6695
6696
6698
6699
6701
6702
6703
6705
6706
6708
6709
6711
6712
6714
6715
6716
6718
6719
6721
6722
6724
6725
6727
6728
6730
6731
6733
6735
6736
6738
6740
6741
6743
6745
6746
6748
6750
6752
6753
6755
6757
6758
6760
6762
6763
6765
6767
6768
6770
6772
6774
6775
6777
6779
6780
6782
6784
6785
6787
6789
6790
6792
6794
6796
6797
6799
6801
6802
6804
6806
6807
6809
6811
6812
6814
6816
6818
6819
6821
6823
6824
6826
6828
6829
6831
6833
6834
6836
6838
6840
6841
6843
6844
6846
6847
6849
6850
6852
6853
6855
6856
6858
6860
6861
6863
6864
6866
6867
6869
6870
6872
6873
6875
6876
6878
6880
6881
6883
6884
6886
6887
6889
6890
6892
6893
6895
6896
6898
6900
6901
6903
6904
6906
6907
6909
6910
6912
6913
6915
6916
6918
6920
6921
6923
6924
6926
6927
6929
6930
6932
6933
6935
6936
6938
6940
6941
6943
6945
6947
6948
6950
6952
6954
6955
6957
6959
6961
6963
6964
6966
6968
6970
6971
6973
6975
6977
6979
6980
6982
6984
6986
6987
6989
6991
6993
6995
6996
6998
7000
7002
7003
7005
7007
7009
7010
7012
7014
7016
7018
7019
7021
7023
7025
7026
7028
7030
7032
7034
7035
7037
7039
7041
7042
7044
7046
7048
7050
7051
7053
7054
7056
7057
7059
7061
7062
7064
7065
7067
7069
7070
7072
7073
7075
7076
7078
7080
7081
7083
7084
7086
7088
7089
7091
7092
7094
7096
7097
7099
7100
7102
7103
7105
7107
7108
7110
7111
7113
7115
7116
7118
7119
7121
7123
7124
7126
7127
7129
7130
7132
7134
7135
7137
7138
7140
7142
7143
7145
7146
7148
7150
7151
7153
7154
7156
7157
7159
7161
7162
7164
7165
7167
7169
7170
7172
7173
7175
7177
7178
7180
7181
7183
7185
7186
7188
7189
7191
7193
7194
7196
7197
7199
7201
7202
7204
7205
7207
7208
7210
7212
7213
7215
7216
7218
7220
7221
7223
7224
7226
7228
7229
7231
7232
7234
7236
7237
7239
7240
7242
7244
7245
7247
7248
7250
7252
7253
7255
7256
7258
7260
7261
7263
7265
7266
7268
7270
7271
7273
7275
7276
7278
7280
7282
7283
7285
7287
7288
7290
7292
7293
7295
7297
7298
7300
7302
7304
7305
7307
7309
7310
7312
7314
7315
7317
7319
7320
7322
7324
7326
7327
7329
7331
7332
7334
7336
7337
7339
7341
7342
7344
7346
7348
7349
7351
7353
7354
7356
7358
7359
7361
7363
7364
7366
7368
7370
7371
7373
7374
7376
7377
7379
7380
7382
7383
7385
7386
7388
7389
7391
7392
7394
7395
7397
7399
7400
7402
7403
7405
7406
7408
7409
7411
7412
7414
7415
7417
7418
7420
7421
7423
7425
7426
7428
7429
7431
7432
7434
7435
7437
7438
7440
7441
7443
7444
7446
7447
7449
7450
7452
7454
7455
7457
7458
7460
7461
7463
7464
7466
7467
7469
7470
7472
7473
7475
7476
7478
7480
7481
7483
7484
7486
7487
7489
7491
7492
7494
7495
7497
7499
7500
7502
7503
7505
7507
7508
7510
7511
7513
7515
7516
7518
7519
7521
7523
7524
7526
7527
7529
7531
7532
7534
7535
7537
7538
7540
7542
7543
7545
7546
7548
7550
7551
7553
7554
7556
7558
7559
7561
7562
7564
7566
7567
7569
7570
7572
7574
7575
7577
7578
7580
7582
7583
7585
7586
7588
7590
7591
7593
7595
7597
7599
7601
7602
7604
7606
7608
7610
7612
7614
7615
7617
7619
7621
7623
7625
7627
7628
7630
7632
7634
7636
7638
7640
7641
7643
7645
7647
7649
7651
7652
7654
7656
7658
7660
7662
7664
7665
7667
7669
7671
7673
7675
7677
7678
7680
7682
7684
7686
7688
7690
7691
7693
7695
7697
7698
7700
7702
7704
7705
7707
7709
7711
7713
7714
7716
7718
7720
7721
7723
7725
7727
7729
7730
7732
7734
7736
7737
7739
7741
7743
7745
7746
7748
7750
7752
7753
7755
7757
7759
7760
7762
7764
7766
7768
7769
7771
7773
7775
7776
7778
7780
7782
7784
7785
7787
7789
7791
7792
7794
7796
7798
7800
7802
7804
7806
7808
7810
7813
7815
7817
7819
7821
7823
7826
7828
7830
7832
7834
7836
7839
7841
7843
7845
7847
7850
7852
7854
7856
7858
7860
7863
7865
7867
7869
7871
7873
7876
7878
7880
7882
7884
7886
7889
7891
7893
7895
7897
7900
7901
7903
7904
7906
7907
7909
7911
7912
7914
7915
7917
7919
7920
7922
7923
7925
7927
7928
7930
7931
7933
7935
7936
7938
7939
7941
7943
7944
7946
7947
7949
7951
7952
7954
7955
7957
7958
7960
7962
7963
7965
7966
7968
7970
7971
7973
7974
7976
7978
7979
7981
7982
7984
7986
7987
7989
7990
7992
7994
7995
7997
7998
8000
8002
8003
8005
8006
8008
8010
8011
8013
8015
8016
8018
8020
8021
8023
8025
8026
8028
8029
8031
8033
8035
8036
8038
8039
8041
8043
8045
8046
8048
8049
8051
8053
8055
8056
8058
8059
8061
8063
8064
8066
8068
8070
8071
8073
8074
8076
8078
8080
8081
8083
8084
8086
8088
8090
8091
8093
8094
8096
8098
8100
8101
8103
8104
8106
8108
8109
8111
8113
8114
8116
8118
8119
8121
8123
8125
8126
8128
8130
8132
8133
8135
8137
8139
8140
8142
8144
8146
8147
8149
8151
8153
8154
8156
8158
8160
8161
8163
8165
8167
8168
8170
8172
8174
8175
8177
8179
8181
8182
8184
8186
8188
8189
8191
8193
8195
8196
8198
8200
8202
8203
8205
8207
8209
8210
8212
8214
8216
8217
8219
8221
8223
8224
8226
8228
8230
8232
8234
8236
8238
8241
8243
8245
8247
8250
8252
8254
8256
8259
8261
8263
8265
8268
8270
8272
8274
8277
8279
8281
8283
8286
8288
8290
8292
8295
8297
8299
8301
8304
8306
8308
8310
8313
8315
8317
8319
8322
8324
8326
8328
8331
8333
8335
8337
8340
8341
8342
8344
8345
8347
8348
8350
8351
8353
8354
8356
8357
8359
8360
8362
8363
8365
8366
8368
8369
8371
8372
8374
8375
8377
8378
8380
8381
8383
8384
8386
8387
8389
8390
8392
8393
8395
8396
8398
8399
8401
8402
8404
8405
8407
8408
8410
8411
8413
8414
8416
8417
8419
8420
8422
8423
8425
8426
8428
8429
8431
8432
8434
8435
8437
8438
8440
8441
8443
8445
8447
8449
8451
8453
8454
8456
8458
8460
8462
8464
8466
8467
8469
8471
8473
8475
8477
8479
8481
8482
8484
8486
8488
8490
8492
8494
8495
8497
8499
8501
8503
8505
8507
8508
8510
8512
8514
8516
8518
8520
8522
8523
8525
8527
8529
8531
8533
8535
8536
8538
8540
8542
8544
8546
8548
8550
8551
8553
8554
8556
8557
8559
8560
8562
8563
8565
8566
8568
8569
8571
8572
8574
8575
8577
8578
8580
8581
8583
8584
8586
8587
8589
8590
8592
8593
8595
8596
8598
8600
8601
8603
8604
8606
8607
8609
8610
8612
8613
8615
8616
8618
8619
8621
8622
8624
8625
8627
8628
8630
8631
8633
8634
8636
8637
8639
8640
8642
8643
8645
8646
8648
8650
8651
8653
8655
8657
8659
8660
8662
8664
8666
8668
8669
8671
8673
8675
8677
8678
8680
8682
8684
8686
8687
8689
8691
8693
8695
8696
8698
8700
8702
8704
8705
8707
8709
8711
8713
8714
8716
8718
8720
8722
8723
8725
8727
8729
8731
8732
8734
8736
8738
8740
8741
8743
8745
8747
8749
8750
8752
8754
8756
8758
8760
8761
8763
8764
8766
8768
8769
8771
8773
8774
8776
8778
8779
8781
8782
8784
8786
8787
8789
8791
8792
8794
8796
8797
8799
8801
8802
8804
8805
8807
8809
8810
8812
8814
8815
8817
8819
8820
8822
8824
8825
8827
8828
8830
8832
8833
8835
8837
8838
8840
8842
8843
8845
8847
8848
8850
8851
8853
8855
8856
8858
8860
8861
8863
8865
8866
8868
8870
8871
8873
8875
8876
8878
8880
8882
8883
8885
8887
8889
8890
8892
8894
8896
8897
8899
8901
8903
8904
8906
8908
8910
8911
8913
8915
8917
8918
8920
8922
8924
8925
8927
8929
8931
8932
8934
8936
8938
8939
8941
8943
8945
8946
8948
8950
8952
8953
8955
8957
8959
8960
8962
8964
8966
8967
8969
8971
8973
8974
8976
8978
8980
8981
8983
8984
8986
8987
8989
8990
8992
8993
8995
8997
8998
9000
9001
9003
9004
9006
9007
9009
9010
9012
9014
9015
9017
9018
9020
9021
9023
9024
9026
9028
9029
9031
9032
9034
9035
9037
9038
9040
9041
9043
9045
9046
9048
9049
9051
9052
9054
9055
9057
9059
9060
9062
9063
9065
9066
9068
9069
9071
9072
9074
9076
9077
9079
9080
9082
9083
9085
9086
9088
9090
9091
9093
9094
9096
9097
9099
9100
9102
9103
9105
9106
9108
9110
9111
9113
9114
9116
9117
9119
9120
9122
9123
9125
9126
9128
9129
9131
9133
9134
9136
9137
9139
9140
9142
9143
9145
9146
9148
9150
9151
9153
9154
9156
9157
9159
9160
9162
9163
9165
9166
9168
9170
9171
9173
9174
9176
9177
9179
9180
9182
9183
9185
9186
9188
9190
9191
9193
9195
9196
9198
9200
9201
9203
9205
9206
9208
9209
9211
9213
9215
9216
9218
9220
9221
9223
9225
9226
9228
9230
9231
9233
9235
9236
9238
9240
9241
9243
9245
9246
9248
9250
9251
9253
9255
9256
9258
9260
9261
9263
9265
9266
9268
9270
9271
9273
9275
9276
9278
9280
9281
9283
9285
9286
9288
9290
9291
9293
9295
9296
9298
9300
9301
9302
9304
9305
9307
9308
9310
9311
9313
9314
9316
9317
9319
9320
9322
9323
9325
9326
9327
9329
9330
9332
9333
9335
9336
9338
9339
9341
9342
9344
9345
9347
9348
9350
9351
9352
9354
9355
9357
9358
9360
9361
9363
9364
9366
9367
9369
9370
9372
9373
9375
9376
9377
9379
9380
9382
9383
9385
9386
9388
9389
9391
9392
9394
9395
9397
9398
9400
9401
9403
9404
9406
9408
9409
9411
9412
9414
9416
9417
9419
9421
9422
9424
9425
9427
9429
9430
9432
9433
9435
9437
9438
9440
9442
9443
9445
9446
9448
9450
9451
9453
9455
9456
9458
9459
9461
9463
9464
9466
9467
9469
9471
9472
9474
9476
9477
9479
9480
9482
9484
9485
9487
9488
9490
9492
9493
9495
9497
9498
9500
9501
9503
9505
9506
9508
9510
9511
9513
9514
9516
9517
9519
9520
9522
9523
9525
9526
9528
9529
9531
9532
9534
9535
9537
9539
9540
9542
9543
9545
9546
9548
9549
9551
9552
9554
9555
9557
9558
9560
9561
9563
9565
9566
9568
9569
9571
9572
9574
9575
9577
9578
9580
9581
9583
9584
9586
9587
9589
9590
9592
9594
9595
9597
9598
9600
9601
9603
9604
9606
9607
9609
9610
9612
9613
9615
9616
9618
9620
9621
9623
9624
9626
9627
9629
9630
9632
9633
9635
9636
9638
9639
9641
9642
9644
9645
9647
9648
9650
9651
9653
9654
9656
9657
9659
9660
9662
9663
9665
9666
9668
9669
9671
9672
9674
9675
9677
9678
9680
9681
9683
9684
9686
9687
9689
9690
9692
9693
9695
9696
9698
9699
9701
9702
9704
9705
9707
9708
9710
9711
9713
9714
9716
9717
9719
9720
9722
9723
9725
9726
9728
9730
9731
9733
9734
9736
9737
9739
9741
9742
9744
9745
9747
9749
9750
9752
9753
9755
9757
9758
9760
9761
9763
9765
9766
9768
9769
9771
9773
9774
9776
9777
9779
9781
9782
9784
9785
9787
9788
9790
9792
9793
9795
9796
9798
9800
9801
9803
9804
9806
9808
9809
9811
9812
9814
9816
9817
9819
9820
9822
9824
9825
9827
9828
9830
9832
9833
9835
9836
9838
9840
9841
9843
9844
9846
9847
9849
9851
9852
9854
9855
9857
9859
9860
9862
9863
9865
9866
9868
9870
9871
9873
9874
9876
9878
9879
9881
9882
9884
9886
9887
9889
9890
9892
9893
9895
9897
9898
9900
9901
9903
9905
9906
9908
9909
9911
9913
9914
9916
9917
9919
9920
9922
9924
9925
9927
9928
9930
9932
9933
9935
9936
9938
9940
9941
9943
9945
9946
9948
9950
9951
9953
9955
9956
9958
9959
9961
9963
9965
9966
9968
9970
9971
9973
9975
9976
9978
9980
9981
9983
9985
9986
9988
9990
9991
9993
9995
9996
9998
10000
10001
10003
10005
10006
10008
10010
10011
10013
10015
10016
10018
10020
10021
10023
10025
10026
10028
10030
10031
10033
10035
10036
10038
10040
10041
10043
10045
10046
10048
10050
10051
10053
10055
10057
10058
10060
10062
10064
10065
10067
10069
10071
10072
10074
10076
10078
10079
10081
10083
10085
10086
10088
10090
10092
10093
10095
10097
10099
10100
10102
10104
10106
10107
10109
10111
10113
10114
10116
10118
10120
10121
10123
10125
10127
10128
10130
10132
10134
10135
10137
10139
10141
10142
10144
10146
10148
10150
10151
10153
10154
10156
10157
10159
10161
10162
10164
10165
10167
10168
10170
10172
10173
10175
10176
10178
10179
10181
10183
10184
10186
10187
10189
10190
10192
10194
10195
10197
10198
10200
10201
10203
10205
10206
10208
10209
10211
10212
10214
10216
10217
10219
10220
10222
10223
10225
10227
10228
10230
10231
10233
10234
10236
10238
10239
10241
10242
10244
10245
10247
10249
10250
10252
10253
10255
10256
10258
10260
10261
10263
10265
10267
10269
10270
10272
10274
10276
10278
10279
10281
10283
10285
10287
10288
10290
10292
10294
10296
10297
10299
10301
10303
10305
10306
10308
10310
10312
10314
10315
10317
10319
10321
10323
10324
10326
10328
10330
10332
10333
10335
10337
10339
10341
10342
10344
10346
10348
10350
10351
10353
10355
10357
10359
10360
10362
10364
10366
10368
10370
10371
10373
10374
10376
10377
10379
10380
10382
10383
10385
10387
10388
10390
10391
10393
10394
10396
10397
10399
10400
10402
10404
10405
10407
10408
10410
10411
10413
10414
10416
10418
10419
10421
10422
10424
10425
10427
10428
10430
10431
10433
10435
10436
10438
10439
10441
10442
10444
10445
10447
10449
10450
10452
10453
10455
10456
10458
10459
10461
10462
10464
10466
10467
10469
10470
10472
10473
10475
10476
10478
10480
10481
10483
10485
10487
10489
10491
10493
10495
10497
10499
10501
10503
10505
10507
10508
10510
10512
10514
10516
10518
10520
10522
10524
10526
10528
10530
10532
10534
10535
10537
10539
10541
10543
10545
10547
10549
10551
10553
10555
10557
10559
10561
10562
10564
10566
10568
10570
10572
10574
10576
10578
10580
10582
10584
10586
10588
10590
10591
10593
10595
10596
10598
10600
10602
10603
10605
10607
10608
10610
10612
10614
10615
10617
10619
10621
10622
10624
10626
10627
10629
10631
10633
10634
10636
10638
10640
10641
10643
10645
10646
10648
10650
10652
10653
10655
10657
10658
10660
10662
10664
10665
10667
10669
10671
10672
10674
10676
10677
10679
10681
10683
10684
10686
10688
10690
10691
10693
10695
10697
10698
10700
10702
10704
10705
10707
10709
10711
10712
10714
10716
10718
10719
10721
10723
10725
10727
10728
10730
10732
10734
10735
10737
10739
10741
10742
10744
10746
10748
10750
10751
10753
10755
10757
10758
10760
10762
10764
10765
10767
10769
10771
10772
10774
10776
10778
10780
10781
10783
10785
10787
10788
10790
10792
10794
10795
10797
10799
10801
10802
10804
10806
10808
10810
10811
10813
10814
10816
10817
10819
10820
10822
10823
10825
10826
10828
10829
10831
10832
10834
10835
10837
10838
10840
10841
10843
10844
10846
10847
10849
10850
10852
10853
10855
10856
10858
10860
10861
10863
10864
10866
10867
10869
10870
10872
10873
10875
10876
10878
10879
10881
10882
10884
10885
10887
10888
10890
10891
10893
10894
10896
10897
10899
10900
10902
10903
10905
10906
10908
10910
10911
10913
10914
10916
10918
10919
10921
10923
10924
10926
10928
10929
10931
10932
10934
10936
10937
10939
10941
10942
10944
10946
10947
10949
10951
10952
10954
10955
10957
10959
10960
10962
10964
10965
10967
10969
10970
10972
10974
10975
10977
10978
10980
10982
10983
10985
10987
10988
10990
10992
10993
10995
10997
10998
11000
11001
11003
11005
11006
11008
11010
11011
11013
11015
11016
11018
11020
11021
11023
11025
11027
11029
11030
11032
11034
11036
11038
11040
11041
11043
11045
11047
11049
11050
11052
11054
11056
11058
11059
11061
11063
11065
11067
11069
11070
11072
11074
11076
11078
11080
11081
11083
11085
11087
11089
11090
11092
11094
11096
11098
11100
11101
11103
11105
11107
11109
11110
11112
11114
11116
11118
11120
11121
11122
11124
11125
11126
11128
11129
11131
11132
11133
11135
11136
11137
11139
11140
11142
11143
11144
11146
11147
11148
11150
11151
11152
11154
11155
11157
11158
11159
11161
11162
11164
11165
11166
11168
11169
11170
11172
11173
11175
11176
11177
11179
11180
11181
11183
11184
11186
11187
11188
11190
11191
11192
11194
11195
11197
11198
11199
11201
11202
11203
11205
11206
11208
11209
11210
11212
11213
11214
11216
11217
11219
11220
11221
11223
11224
11225
11227
11228
11230
11231
11233
11234
11236
11237
11239
11241
11242
11244
11245
11247
11248
11250
11252
11253
11255
11256
11258
11259
11261
11263
11264
11266
11267
11269
11270
11272
11274
11275
11277
11278
11280
11281
11283
11285
11286
11288
11289
11291
11292
11294
11296
11297
11299
11300
11302
11303
11305
11307
11308
11310
11311
11313
11314
11316
11318
11319
11321
11322
11324
11325
11327
11329
11330
11332
11333
11335
11336
11338
11340
11341
11343
11344
11346
11347
11349
11350
11352
11353
11355
11356
11358
11359
11361
11362
11364
11365
11367
11368
11370
11371
11373
11374
11376
11377
11379
11380
11382
11383
11385
11386
11388
11390
11391
11393
11394
11396
11397
11399
11400
11402
11403
11405
11406
11408
11409
11411
11412
11414
11415
11417
11418
11420
11421
11423
11424
11426
11427
11429
11430
11432
11433
11435
11436
11438
11440
11441
11443
11445
11447
11449
11451
11453
11455
11457
11459
11461
11463
11465
11467
11468
11470
11472
11474
11476
11478
11480
11482
11484
11486
11488
11490
11492
11494
11495
11497
11499
11501
11503
11505
11507
11509
11511
11513
11515
11517
11519
11521
11522
11524
11526
11528
11530
11532
11534
11536
11538
11540
11542
11544
11546
11548
11550
11551
11553
11554
11556
11557
11559
11560
11562
11563
11565
11566
11568
11570
11571
11573
11574
11576
11577
11579
11580
11582
11583
11585
11586
11588
11590
11591
11593
11594
11596
11597
11599
11600
11602
11603
11605
11606
11608
11610
11611
11613
11614
11616
11617
11619
11620
11622
11623
11625
11626
11628
11630
11631
11633
11634
11636
11637
11639
11640
11642
11643
11645
11646
11648
11650
11652
11654
11656
11658
11660
11662
11664
11666
11668
11670
11672
11674
11676
11678
11680
11682
11684
11686
11688
11690
11692
11694
11696
11698
11700
11702
11704
11706
11708
11710
11712
11714
11716
11718
11720
11722
11724
11726
11728
11730
11732
11734
11736
11738
11740
11742
11744
11746
11748
11750
11752
11754
11756
11758
11760
11761
11763
11765
11766
11768
11770
11772
11773
11775
11777
11778
11780
11782
11784
11785
11787
11789
11790
11792
11794
11796
11797
11799
11801
11802
11804
11806
11808
11809
11811
11813
11814
11816
11818
11820
11821
11823
11825
11826
11828
11830
11832
11833
11835
11837
11838
11840
11842
11844
11845
11847
11849
11850
11852
11854
11856
11857
11859
11861
11862
11864
11866
11868
11869
11871
11873
11874
11876
11878
11880
11881
11883
11884
11886
11887
11889
11890
11892
11893
11895
11896
11898
11899
11901
11902
11904
11905
11907
11909
11910
11912
11913
11915
11916
11918
11919
11921
11922
11924
11925
11927
11928
11930
11931
11933
11935
11936
11938
11939
11941
11942
11944
11945
11947
11948
11950
11951
11953
11954
11956
11957
11959
11960
11962
11964
11965
11967
11968
11970
11971
11973
11974
11976
11977
11979
11980
11982
11983
11985
11986
11988
11990
11991
11993
11994
11996
11997
11999
12000
12002
12003
12005
12006
12008
12009
12011
12012
12014
12015
12017
12019
12020
12022
12023
12025
12026
12028
12029
12031
12032
12034
12035
12037
12038
12040
12041
12043
12045
12046
12048
12049
12051
12052
12054
12055
12057
12058
12060
12061
12063
12064
12066
12067
12069
12070
12072
12074
12075
12077
12078
12080
12081
12083
12084
12086
12087
12089
12090
12092
12093
12095
12096
12098
12100
12101
12103
12105
12107
12109
12111
12113
12115
12116
12118
12120
12122
12124
12126
12128
12130
12132
12133
12135
12137
12139
12141
12143
12145
12147
12149
12150
12152
12154
12156
12158
12160
12162
12164
12166
12167
12169
12171
12173
12175
12177
12179
12181
12183
12184
12186
12188
12190
12192
12194
12196
12198
12200
12201
12203
12204
12206
12207
12209
12210
12212
12214
12215
12217
12218
12220
12222
12223
12225
12226
12228
12229
12231
12233
12234
12236
12237
12239
12240
12242
12244
12245
12247
12248
12250
12251
12253
12254
12256
12258
12259
12261
12262
12264
12266
12267
12269
12270
12272
12273
12275
12277
12278
12280
12281
12283
12284
12286
12288
12289
12291
12292
12294
12295
12297
12299
12300
12302
12303
12305
12306
12308
12310
12311
12313
12315
12317
12319
12320
12322
12324
12326
12328
12330
12331
12333
12335
12337
12339
12340
12342
12344
12346
12348
12350
12351
12353
12355
12357
12359
12360
12362
12364
12366
12368
12370
12371
12373
12375
12377
12379
12380
12382
12384
12386
12388
12390
12391
12393
12395
12397
12399
12400
12402
12404
12406
12408
12410
12411
12413
12414
12416
12417
12419
12420
12422
12423
12425
12427
12428
12430
12431
12433
12434
12436
12437
12439
12440
12442
12444
12445
12447
12448
12450
12451
12453
12454
12456
12458
12459
12461
12462
12464
12465
12467
12468
12470
12471
12473
12475
12476
12478
12479
12481
12482
12484
12485
12487
12489
12490
12492
12493
12495
12496
12498
12499
12501
12502
12504
12506
12507
12509
12510
12512
12513
12515
12516
12518
12520
12522
12524
12526
12527
12530
12532
12533
12536
12538
12540
12542
12543
12546
12548
12549
12552
12554
12556
12558
12559
12562
12564
12565
12568
12570
12572
12574
12575
12578
12580
12581
12584
12585
12588
12590
12591
12594
12596
12597
12600
12601
12604
12606
12607
12610
12612
12613
12616
12617
12620
12622
12624
12626
12628
12631
12633
12635
12637
12639
12642
12644
12646
12648
12650
12652
12655
12657
12659
12661
12664
12666
12668
12670
12672
12674
12677
12679
12681
12683
12686
12688
12690
12692
12694
12697
12699
12701
12703
12705
12708
12710
12712
12714
12716
12719
12721
12723
12725
12727
12730
12731
12733
12735
12737
12739
12741
12742
12744
12746
12748
12750
12752
12753
12755
12757
12759
12761
12763
12764
12766
12768
12770
12772
12774
12775
12777
12779
12781
12783
12785
12786
12788
12790
12792
12794
12796
12797
12799
12801
12803
12805
12807
12808
12810
12812
12814
12816
12818
12819
12821
12823
12825
12827
12829
12830
12832
12834
12836
12838
12840
12841
12843
12845
12847
12848
12850
12852
12854
12856
12857
12859
12861
12863
12865
12866
12868
12870
12872
12873
12875
12877
12879
12881
12882
12884
12886
12888
12890
12891
12893
12895
12897
12898
12900
12902
12904
12906
12907
12909
12911
12913
12915
12916
12918
12920
12922
12923
12925
12927
12929
12931
12932
12934
12936
12938
12940
12941
12943
12945
12946
12948
12950
12951
12953
12955
12956
12958
12960
12962
12963
12965
12967
12968
12970
12972
12973
12975
12977
12978
12980
12982
12984
12985
12987
12989
12990
12992
12994
12995
12997
12999
13000
13002
13004
13006
13007
13009
13011
13012
13014
13016
13017
13019
13021
13022
13024
13026
13028
13029
13031
13033
13034
13036
13038
13039
13041
13043
13044
13046
13048
13050
13052
13054
13056
13058
13060
13062
13064
13066
13068
13070
13072
13075
13077
13079
13081
13083
13085
13087
13089
13091
13093
13095
13097
13100
13102
13104
13106
13108
13110
13112
13114
13116
13118
13120
13122
13125
13127
13129
13131
13133
13135
13137
13139
13141
13143
13145
13147
13150
13151
13153
13154
13156
13157
13159
13160
13162
13163
13165
13166
13168
13169
13171
13172
13174
13175
13177
13178
13180
13181
13183
13184
13186
13187
13189
13190
13192
13193
13195
13196
13198
13199
13201
13202
13204
13205
13207
13208
13210
13211
13213
13214
13216
13217
13219
13220
13222
13223
13225
13226
13228
13229
13231
13232
13234
13235
13237
13238
13240
13241
13243
13244
13246
13247
13249
13250
13252
13253
13255
13256
13258
13260
13261
13263
13265
13267
13269
13271
13273
13275
13277
13278
13280
13282
13284
13286
13288
13290
13292
13294
13296
13297
13299
13301
13303
13305
13307
13309
13311
13313
13315
13316
13318
13320
13322
13324
13326
13328
13330
13332
13333
13335
13337
13339
13341
13343
13345
13347
13349
13351
13352
13354
13356
13358
13360
13362
13364
13366
13368
13370
13371
13373
13375
13376
13378
13380
13381
13383
13385
13386
13388
13390
13392
13393
13395
13397
13398
13400
13402
13403
13405
13407
13408
13410
13412
13414
13415
13417
13419
13420
13422
13424
13425
13427
13429
13430
13432
13434
13436
13437
13439
13441
13442
13444
13446
13447
13449
13451
13452
13454
13456
13458
13459
13461
13463
13464
13466
13468
13469
13471
13473
13474
13476
13478
13480
13481
13483
13484
13486
13488
13489
13491
13493
13494
13496
13498
13499
13501
13502
13504
13506
13507
13509
13511
13512
13514
13516
13517
13519
13521
13522
13524
13525
13527
13529
13530
13532
13534
13535
13537
13539
13540
13542
13544
13545
13547
13548
13550
13552
13553
13555
13557
13558
13560
13562
13563
13565
13567
13568
13570
13571
13573
13575
13576
13578
13580
13581
13583
13585
13586
13588
13590
13591
13593
13595
13597
13599
13601
13603
13605
13606
13608
13610
13612
13614
13616
13618
13620
13622
13623
13625
13627
13629
13631
13633
13635
13637
13639
13640
13642
13644
13646
13648
13650
13652
13654
13656
13657
13659
13661
13663
13665
13667
13669
13671
13673
13674
13676
13678
13680
13682
13684
13686
13688
13690
13691
13693
13695
13696
13698
13700
13702
13703
13705
13707
13708
13710
13712
13714
13715
13717
13719
13720
13722
13724
13726
13727
13729
13731
13732
13734
13736
13738
13739
13741
13743
13745
13746
13748
13750
13751
13753
13755
13757
13758
13760
13762
13763
13765
13767
13769
13770
13772
13774
13775
13777
13779
13781
13782
13784
13786
13787
13789
13791
13793
13794
13796
13798
13800
13801
13803
13805
13807
13809
13810
13812
13814
13816
13818
13820
13821
13823
13825
13827
13829
13830
13832
13834
13836
13838
13840
13841
13843
13845
13847
13849
13850
13852
13854
13856
13858
13860
13861
13863
13865
13867
13869
13870
13872
13874
13876
13878
13880
13881
13883
13885
13887
13889
13890
13892
13894
13896
13898
13900
13901
13903
13904
13906
13908
13909
13911
13913
13914
13916
13918
13919
13921
13922
13924
13926
13927
13929
13931
13932
13934
13936
13937
13939
13941
13942
13944
13945
13947
13949
13950
13952
13954
13955
13957
13959
13960
13962
13964
13965
13967
13968
13970
13972
13973
13975
13977
13978
13980
13982
13983
13985
13987
13988
13990
13991
13993
13995
13996
13998
14000
14001
14003
14005
14006
14008
14010
14011
14013
14015
14016
14018
14020
14022
14023
14025
14027
14029
14030
14032
14034
14036
14037
14039
14041
14043
14044
14046
14048
14050
14051
14053
14055
14057
14058
14060
14062
14064
14065
14067
14069
14071
14072
14074
14076
14078
14079
14081
14083
14085
14086
14088
14090
14092
14093
14095
14097
14099
14100
14102
14104
14106
14107
14109
14111
14113
14114
14116
14118
14120
14121
14123
14124
14126
14127
14129
14130
14132
14133
14135
14137
14138
14140
14141
14143
14144
14146
14147
14149
14150
14152
14154
14155
14157
14158
14160
14161
14163
14164
14166
14168
14169
14171
14172
14174
14175
14177
14178
14180
14181
14183
14185
14186
14188
14189
14191
14192
14194
14195
14197
14199
14200
14202
14203
14205
14206
14208
14209
14211
14212
14214
14216
14217
14219
14220
14222
14223
14225
14226
14228
14230
14231
14233
14235
14236
14238
14240
14242
14243
14245
14247
14248
14250
14252
14254
14255
14257
14259
14260
14262
14264
14266
14267
14269
14271
14272
14274
14276
14278
14279
14281
14283
14285
14286
14288
14290
14291
14293
14295
14297
14298
14300
14302
14303
14305
14307
14309
14310
14312
14314
14315
14317
14319
14321
14322
14324
14326
14327
14329
14331
14333
14334
14336
14338
14340
14341
14343
14345
14347
14349
14351
14352
14354
14356
14358
14360
14362
14364
14365
14367
14369
14371
14373
14375
14377
14378
14380
14382
14384
14386
14388
14390
14391
14393
14395
14397
14399
14401
14402
14404
14406
14408
14410
14412
14414
14415
14417
14419
14421
14423
14425
14427
14428
14430
14432
14434
14436
14438
14440
14441
14443
14445
14447
14449
14451
14453
14455
14457
14459
14461
14463
14465
14467
14468
14470
14472
14474
14476
14478
14480
14482
14484
14486
14488
14490
14492
14494
14495
14497
14499
14501
14503
14505
14507
14509
14511
14513
14515
14517
14519
14521
14522
14524
14526
14528
14530
14532
14534
14536
14538
14540
14542
14544
14546
14548
14550
14551
14553
14555
14557
14559
14561
14563
14565
14567
14569
14571
14573
14575
14576
14578
14580
14582
14584
14586
14588
14590
14592
14594
14596
14598
14600
14601
14603
14605
14607
14609
14611
14613
14615
14617
14619
14621
14623
14625
14626
14628
14630
14632
14634
14636
14638
14640
14642
14644
14646
14648
14650
14651
14653
14655
14656
14658
14660
14661
14663
14665
14666
14668
14670
14672
14673
14675
14677
14678
14680
14682
14683
14685
14687
14688
14690
14692
14694
14695
14697
14699
14700
14702
14704
14705
14707
14709
14710
14712
14714
14716
14717
14719
14721
14722
14724
14726
14727
14729
14731
14732
14734
14736
14738
14739
14741
14743
14744
14746
14748
14749
14751
14753
14754
14756
14758
14760
14762
14764
14766
14768
14770
14772
14774
14776
14778
14780
14782
14784
14786
14788
14790
14792
14794
14796
14798
14800
14802
14804
14806
14808
14810
14812
14815
14817
14819
14821
14823
14825
14827
14829
14831
14833
14835
14837
14839
14841
14843
14845
14847
14849
14851
14853
14855
14857
14859
14861
14863
14865
14867
14870
14871
14873
14875
14876
14878
14879
14881
14883
14885
14886
14888
14889
14891
14893
14895
14896
14898
14900
14901
14903
14905
14906
14908
14910
14911
14913
14915
14916
14918
14920
14921
14923
14925
14926
14928
14930
14931
14933
14935
14936
14938
14940
14941
14943
14945
14946
14948
14950
14951
14953
14955
14956
14958
14960
14961
14963
14965
14966
14968
14970
14971
14973
14975
14976
14978
14980
14981
14983
14985
14986
14988
14990
14992
14993
14995
14997
14999
15000
15002
15004
15006
15007
15009
15011
15013
15014
15016
15018
15020
15021
15023
15025
15027
15028
15030
15032
15034
15035
15037
15039
15041
15042
15044
15046
15048
15049
15051
15053
15055
15056
15058
15060
15062
15063
15065
15067
15069
15070
15072
15074
15076
15077
15079
15081
15083
15084
15086
15088
15090
15092
15094
15096
15098
15100
15102
15104
15106
15108
15110
15112
15114
15116
15118
15120
15122
15124
15126
15128
15130
15132
15134
15136
15138
15141
15143
15145
15147
15149
15151
15153
15155
15157
15159
15161
15163
15165
15167
15169
15171
15173
15175
15177
15179
15181
15183
15185
15187
15190
15191
15193
15195
15197
15199
15200
15202
15204
15206
15208
15209
15211
15213
15215
15217
15218
15220
15222
15224
15226
15227
15229
15231
15233
15235
15236
15238
15240
15242
15244
15245
15247
15249
15251
15253
15254
15256
15258
15260
15262
15263
15265
15267
15269
15271
15272
15274
15276
15278
15280
15281
15283
15285
15287
15289
15290
15292
15294
15296
15298
15300
15301
15303
15305
15307
15308
15310
15312
15314
15315
15317
15319
15321
15322
15324
15326
15328
15329
15331
15333
15335
15336
15338
15340
15342
15343
15345
15347
15349
15350
15352
15354
15356
15357
15359
15361
15363
15364
15366
15368
15370
15371
15373
15375
15377
15378
15380
15382
15384
15385
15387
15389
15391
15392
15394
15396
15398
15400
15401
15403
15405
15407
15409
15411
15413
15415
15417
15418
15420
15422
15424
15426
15428
15430
15432
15434
15436
15437
15439
15441
15443
15445
15447
15449
15451
15453
15455
15456
15458
15460
15462
15464
15466
15468
15470
15472
15473
15475
15477
15479
15481
15483
15485
15487
15489
15491
15492
15494
15496
15498
15500
15502
15504
15506
15508
15510
15511
15513
15514
15516
15517
15519
15520
15522
15524
15525
15527
15528
15530
15532
15533
15535
15536
15538
15539
15541
15543
15544
15546
15547
15549
15550
15552
15554
15555
15557
15558
15560
15561
15563
15565
15566
15568
15569
15571
15572
15574
15575
15577
15579
15580
15582
15583
15585
15587
15588
15590
15591
15593
15594
15596
15597
15599
15601
15602
15604
15605
15607
15609
15610
15612
15613
15615
15616
15618
15620
15621
15623
15625
15627
15629
15630
15632
15634
15636
15638
15639
15641
15643
15645
15647
15649
15650
15652
15654
15656
15658
15660
15661
15663
15665
15667
15669
15670
15672
15674
15676
15678
15680
15681
15683
15685
15687
15689
15690
15692
15694
15696
15698
15700
15701
15703
15705
15707
15709
15710
15712
15714
15716
15718
15720
15721
15723
15725
15727
15729
15730
15732
15734
15736
15738
15740
15741
15743
15744
15746
15747
15749
15750
15752
15753
15755
15757
15758
15760
15761
15763
15764
15766
15767
15769
15770
15772
15774
15775
15777
15778
15780
15781
15783
15784
15786
15788
15789
15791
15792
15794
15795
15797
15798
15800
15801
15803
15805
15806
15808
15809
15811
15812
15814
15815
15817
15819
15820
15822
15823
15825
15826
15828
15829
15831
15832
15834
15836
15837
15839
15840
15842
15843
15845
15846
15848
15850
15851
15853
15855
15856
15858
15860
15861
15863
15865
15866
15868
15870
15872
15873
15875
15877
15878
15880
15882
15883
15885
15887
15888
15890
15892
15894
15895
15897
15899
15900
15902
15904
15905
15907
15909
15911
15912
15914
15916
15917
15919
15921
15922
15924
15926
15927
15929
15931
15933
15934
15936
15938
15939
15941
15943
15944
15946
15948
15950
15951
15953
15955
15956
15958
15960
15962
15963
15965
15967
15968
15970
15972
15974
15975
15977
15979
15980
15982
15984
15986
15987
15989
15991
15992
15994
15996
15998
15999
16001
16003
16004
16006
16008
16010
16011
16013
16015
16017
16018
16020
16022
16023
16025
16027
16029
16030
16032
16034
16035
16037
16039
16041
16042
16044
16046
16047
16049
16051
16053
16054
16056
16058
16059
16061
16063
16065
16067
16069
16071
16073
16075
16077
16079
16081
16083
16085
16087
16089
16091
16093
16095
16097
16099
16101
16103
16105
16107
16109
16110
16112
16114
16116
16118
16120
16122
16124
16126
16128
16130
16132
16134
16136
16138
16140
16142
16144
16146
16148
16150
16152
16154
16156
16158
16160
16161
16163
16165
16167
16168
16170
16172
16174
16175
16177
16179
16181
16183
16184
16186
16188
16190
16191
16193
16195
16197
16199
16200
16202
16204
16206
16207
16209
16211
16213
16215
16216
16218
16220
16222
16223
16225
16227
16229
16230
16232
16234
16236
16238
16239
16241
16243
16245
16246
16248
16250
16252
16254
16255
16257
16259
16261
16262
16264
16266
16268
16270
16271
16273
16275
16277
16279
16281
16283
16285
16287
16289
16291
16293
16295
16297
16299
16301
16303
16305
16307
16309
16311
16313
16315
16317
16319
16320
16322
16324
16326
16328
16330
16332
16334
16336
16338
16340
16342
16344
16346
16348
16350
16352
16354
16356
16358
16360
16362
16364
16366
16368
16370
16371
16373
16374
16376
16377
16379
16381
16382
16384
16385
16387
16389
16390
16392
16393
16395
16397
16398
16400
16401
16403
16405
16406
16408
16409
16411
16413
16414
16416
16417
16419
16421
16422
16424
16425
16427
16428
16430
16432
16433
16435
16436
16438
16440
16441
16443
16444
16446
16448
16449
16451
16452
16454
16456
16457
16459
16460
16462
16464
16465
16467
16468
16470
16472
16473
16475
16476
16478
16480
16481
16483
16484
16486
16487
16489
16491
16492
16494
16495
16497
16498
16500
16502
16503
16505
16506
16508
16509
16511
16513
16514
16516
16517
16519
16520
16522
16524
16525
16527
16528
16530
16531
16533
16535
16536
16538
16539
16541
16542
16544
16546
16547
16549
16550
16552
16553
16555
16557
16558
16560
16561
16563
16564
16566
16568
16569
16571
16572
16574
16575
16577
16579
16580
16582
16583
16585
16586
16588
16590
16591
16593
16594
16596
16598
16599
16601
16603
16604
16606
16608
16609
16611
16612
16614
16616
16617
16619
16621
16622
16624
16626
16627
16629
16630
16632
16634
16635
16637
16639
16640
16642
16644
16645
16647
16649
16650
16652
16653
16655
16657
16658
16660
16662
16663
16665
16667
16668
16670
16671
16673
16675
16676
16678
16680
16681
16683
16685
16686
16688
16690
16691
16693
16695
16696
16698
16700
16702
16703
16705
16707
16709
16710
16712
16714
16716
16717
16719
16721
16723
16724
16726
16728
16730
16731
16733
16735
16737
16738
16740
16742
16744
16745
16747
16749
16751
16752
16754
16756
16758
16759
16761
16763
16765
16766
16768
16770
16772
16773
16775
16777
16779
16780
16782
16784
16786
16787
16789
16791
16793
16794
16796
16798
16800
16802
16804
16806
16808
16810
16812
16814
16816
16818
16820
16822
16824
16826
16828
16830
16832
16834
16836
16838
16840
16842
16844
16846
16848
16850
16852
16854
16856
16858
16860
16862
16864
16866
16868
16870
16872
16874
16876
16878
16880
16882
16884
16886
16888
16890
16892
16894
16896
16898
16900
16902
16904
16906
16908
16910
16911
16913
16915
16917
16919
16921
16922
16924
16926
16928
16930
16932
16934
16935
16937
16939
16941
16943
16945
16946
16948
16950
16952
16954
16956
16958
16959
16961
16963
16965
16967
16969
16970
16972
16974
16976
16978
16980
16982
16983
16985
16987
16989
16991
16993
16994
16996
16998
17000
17002
17004
17006
17007
17009
17011
17013
17015
17017
17018
17020
17022
17024
17026
17028
17030
17031
17033
17034
17036
17037
17039
17040
17042
17044
17045
17047
17048
17050
17051
17053
17055
17056
17058
17059
17061
17062
17064
17065
17067
17069
17070
17072
17073
17075
17076
17078
17080
17081
17083
17084
17086
17087
17089
17090
17092
17094
17095
17097
17098
17100
17101
17103
17105
17106
17108
17109
17111
17112
17114
17115
17117
17119
17120
17122
17123
17125
17126
17128
17130
17131
17133
17135
17137
17139
17141
17143
17145
17147
17149
17151
17153
17155
17157
17158
17160
17162
17164
17166
17168
17170
17172
17174
17176
17178
17180
17182
17184
17185
17187
17189
17191
17193
17195
17197
17199
17201
17203
17205
17207
17209
17211
17212
17214
17216
17218
17220
17222
17224
17226
17228
17230
17232
17234
17236
17238
17240
17241
17243
17245
17247
17249
17250
17252
17254
17256
17258
17260
17262
17263
17265
17267
17269
17271
17273
17274
17276
17278
17280
17282
17284
17285
17287
17289
17291
17293
17295
17296
17298
17300
17302
17304
17306
17307
17309
17311
17313
17315
17317
17318
17320
17322
17324
17326
17328
17329
17331
17333
17335
17337
17339
17340
17342
17344
17346
17348
17350
17351
17353
17355
17357
17359
17361
17362
17364
17366
17368
17370
17372
17374
17375
17377
17379
17381
17383
17385
17387
17388
17390
17392
17394
17396
17398
17400
17401
17403
17405
17407
17409
17411
17412
17414
17416
17418
17420
17422
17424
17425
17427
17429
17431
17433
17435
17437
17438
17440
17442
17444
17446
17448
17450
17451
17453
17455
17456
17458
17460
17462
17463
17465
17467
17469
17470
17472
17474
17476
17477
17479
17481
17483
17484
17486
17488
17490
17491
17493
17495
17497
17498
17500
17502
17504
17505
17507
17509
17511
17512
17514
17516
17518
17519
17521
17523
17525
17526
17528
17530
17532
17533
17535
17537
17539
17540
17542
17544
17546
17547
17549
17551
17553
17554
17556
17558
17560
17561
17563
17565
17567
17569
17571
17573
17575
17577
17579
17581
17583
17585
17587
17589
17591
17593
17595
17597
17599
17601
17603
17605
17607
17609
17610
17612
17614
17616
17618
17620
17622
17624
17626
17628
17630
17632
17634
17636
17638
17640
17642
17644
17646
17648
17650
17652
17654
17656
17658
17660
17662
17664
17666
17668
17670
17672
17674
17676
17678
17680
17682
17684
17686
17688
17690
17692
17694
17696
17698
17700
17702
17704
17706
17708
17710
17712
17714
17716
17718
17721
17723
17725
17727
17729
17731
17733
17735
17737
17739
17741
17743
17745
17747
17749
17751
17753
17755
17757
17759
17761
17763
17765
17767
17769
17771
17773
17775
17777
17780
17781
17783
17785
17786
17788
17790
17791
17793
17795
17796
17798
17800
17802
17803
17805
17807
17808
17810
17812
17813
17815
17817
17818
17820
17822
17824
17825
17827
17829
17830
17832
17834
17835
17837
17839
17841
17842
17844
17846
17847
17849
17851
17852
17854
17856
17857
17859
17861
17863
17864
17866
17868
17869
17871
17873
17874
17876
17878
17880
17881
17883
17884
17886
17888
17890
17891
17893
17895
17896
17898
17900
17901
17903
17904
17906
17908
17910
17911
17913
17915
17916
17918
17919
17921
17923
17924
17926
17928
17930
17931
17933
17935
17936
17938
17939
17941
17943
17945
17946
17948
17950
17951
17953
17955
17956
17958
17959
17961
17963
17965
17966
17968
17970
17971
17973
17974
17976
17978
17979
17981
17983
17985
17986
17988
17990
17991
17993
17995
17997
17999
18001
18003
18005
18007
18008
18010
18012
18014
18016
18018
18020
18022
18024
18026
18027
18029
18031
18033
18035
18037
18039
18041
18043
18045
18046
18048
18050
18052
18054
18056
18058
18060
18062
18063
18065
18067
18069
18071
18073
18075
18077
18079
18081
18082
18084
18086
18088
18090
18092
18094
18096
18098
18100
18101
18103
18104
18106
18108
18109
18111
18113
18114
18116
18118
18119
18121
18122
18124
18126
18127
18129
18131
18132
18134
18136
18137
18139
18140
18142
18144
18145
18147
18149
18150
18152
18154
18155
18157
18159
18160
18162
18163
18165
18167
18168
18170
18172
18173
18175
18177
18178
18180
18181
18183
18185
18186
18188
18190
18191
18193
18195
18196
18198
18200
18201
18203
18204
18206
18207
18209
18211
18212
18214
18215
18217
18219
18220
18222
18223
18225
18227
18228
18230
18231
18233
18235
18236
18238
18239
18241
18243
18244
18246
18247
18249
18251
18252
18254
18255
18257
18258
18260
18262
18263
18265
18266
18268
18270
18271
18273
18274
18276
18278
18279
18281
18282
18284
18286
18287
18289
18290
18292
18294
18295
18297
18298
18300
18302
18303
18305
18306
18308
18310
18311
18313
18314
18316
18317
18319
18320
18322
18323
18325
18326
18328
18330
18331
18333
18334
18336
18337
18339
18340
18342
18343
18345
18346
18348
18349
18351
18353
18354
18356
18357
18359
18360
18362
18363
18365
18366
18368
18370
18371
18373
18374
18376
18377
18379
18380
18382
18383
18385
18386
18388
18390
18391
18393
18394
18396
18397
18399
18400
18402
18403
18405
18406
18408
18410
18411
18413
18414
18416
18417
18419
18421
18422
18424
18425
18427
18429
18430
18432
18433
18435
18437
18438
18440
18441
18443
18445
18446
18448
18449
18451
18453
18454
18456
18457
18459
18461
18462
18464
18465
18467
18468
18470
18472
18473
18475
18476
18478
18480
18481
18483
18484
18486
18488
18489
18491
18492
18494
18496
18497
18499
18500
18502
18504
18505
18507
18508
18510
18512
18513
18515
18516
18518
18520
18521
18523
18525
18527
18528
18530
18532
18534
18535
18537
18539
18541
18542
18544
18546
18548
18549
18551
18553
18555
18556
18558
18560
18562
18563
18565
18567
18569
18570
18572
18574
18576
18577
18579
18581
18583
18584
18586
18588
18590
18591
18593
18595
18597
18598
18600
18602
18604
18605
18607
18609
18611
18612
18614
18616
18618
18620
18621
18623
18625
18627
18629
18630
18632
18634
18636
18638
18640
18641
18643
18645
18647
18649
18650
18652
18654
18656
18658
18660
18661
18663
18665
18667
18669
18670
18672
18674
18676
18678
18680
18681
18683
18685
18687
18689
18690
18692
18694
18696
18698
18700
18701
18703
18705
18707
18709
18710
18712
18714
18716
18718
18720
18721
18723
18725
18727
18729
18730
18732
18734
18736
18738
18740
18741
18743
18744
18746
18747
18749
18750
18752
18753
18755
18756
18758
18759
18761
18762
18764
18765
18767
18768
18770
18771
18773
18774
18776
18777
18779
18780
18782
18783
18785
18786
18788
18789
18791
18792
18794
18795
18797
18798
18800
18801
18803
18804
18806
18807
18809
18810
18812
18813
18815
18816
18818
18819
18821
18822
18824
18825
18827
18828
18830
18831
18833
18834
18836
18837
18839
18840
18842
18843
18845
18846
18848
18850
18851
18853
18855
18857
18859
18861
18863
18865
18867
18869
18871
18873
18875
18876
18878
18880
18882
18884
18886
18888
18890
18892
18894
18896
18898
18900
18901
18903
18905
18907
18909
18911
18913
18915
18917
18919
18921
18923
18925
18926
18928
18930
18932
18934
18936
18938
18940
18942
18944
18946
18948
18950
18951
18953
18954
18956
18957
18959
18961
18962
18964
18965
18967
18968
18970
18971
18973
18975
18976
18978
18979
18981
18983
18984
18986
18987
18989
18990
18992
18994
18995
18997
18998
19000
19001
19003
19005
19006
19008
19009
19011
19012
19014
19016
19017
19019
19020
19022
19023
19025
19026
19028
19030
19031
19033
19034
19036
19038
19039
19041
19042
19044
19045
19047
19049
19050
19052
19053
19055
19056
19058
19060
19061
19063
19065
19066
19068
19070
19071
19073
19075
19076
19078
19080
19082
19083
19085
19087
19088
19090
19092
19093
19095
19097
19098
19100
19102
19104
19105
19107
19109
19110
19112
19114
19115
19117
19119
19121
19122
19124
19126
19127
19129
19131
19132
19134
19136
19137
19139
19141
19143
19144
19146
19148
19149
19151
19153
19154
19156
19158
19160
19161
19163
19165
19167
19168
19170
19172
19174
19175
19177
19179
19181
19183
19184
19186
19188
19190
19191
19193
19195
19197
19199
19200
19202
19204
19206
19207
19209
19211
19213
19215
19216
19218
19220
19222
19223
19225
19227
19229
19230
19232
19234
19236
19238
19239
19241
19243
19245
19246
19248
19250
19252
19254
19255
19257
19259
19261
19262
19264
19266
19268
19270
19271
19272
19274
19275
19277
19278
19280
19281
19283
19284
19286
19287
19289
19290
19292
19293
19295
19296
19297
19299
19300
19302
19303
19305
19306
19308
19309
19311
19312
19314
19315
19317
19318
19320
19321
19322
19324
19325
19327
19328
19330
19331
19333
19334
19336
19337
19339
19340
19342
19343
19345
19346
19347
19349
19350
19352
19353
19355
19356
19358
19359
19361
19362
19364
19365
19367
19368
19370
19371
19373
19375
19377
19379
19381
19382
19384
19386
19388
19390
19392
19393
19395
19397
19399
19401
19403
19404
19406
19408
19410
19412
19414
19415
19417
19419
19421
19423
19425
19426
19428
19430
19432
19434
19436
19437
19439
19441
19443
19445
19447
19448
19450
19452
19454
19456
19458
19459
19461
19463
19465
19467
19469
19470
19472
19474
19476
19478
19480
19481
19483
19485
19486
19488
19490
19491
19493
19495
19496
19498
19500
19502
19503
19505
19507
19508
19510
19512
19513
19515
19517
19518
19520
19522
19524
19525
19527
19529
19530
19532
19534
19535
19537
19539
19540
19542
19544
19546
19547
19549
19551
19552
19554
19556
19557
19559
19561
19562
19564
19566
19568
19569
19571
19573
19574
19576
19578
19579
19581
19583
19584
19586
19588
19590
19591
19593
19595
19597
19599
19601
19603
19605
19606
19608
19610
19612
19614
19616
19618
19620
19622
19623
19625
19627
19629
19631
19633
19635
19637
19639
19640
19642
19644
19646
19648
19650
19652
19654
19656
19657
19659
19661
19663
19665
19667
19669
19671
19673
19674
19676
19678
19680
19682
19684
19686
19688
19690
19691
19693
19695
19696
19698
19700
19702
19703
19705
19707
19708
19710
19712
19714
19715
19717
19719
19720
19722
19724
19726
19727
19729
19731
19732
19734
19736
19738
19739
19741
19743
19745
19746
19748
19750
19751
19753
19755
19757
19758
19760
19762
19763
19765
19767
19769
19770
19772
19774
19775
19777
19779
19781
19782
19784
19786
19787
19789
19791
19793
19794
19796
19798
19800
19801
19803
19804
19806
19807
19809
19810
19812
19813
19815
19816
19818
19820
19821
19823
19824
19826
19827
19829
19830
19832
19833
19835
19836
19838
19840
19841
19843
19844
19846
19847
19849
19850
19852
19853
19855
19856
19858
19860
19861
19863
19864
19866
19867
19869
19870
19872
19873
19875
19876
19878
19880
19881
19883
19884
19886
19887
19889
19890
19892
19893
19895
19896
19898
19900
19901
19903
19904
19906
19907
19909
19910
19912
19913
19915
19917
19918
19920
19921
19923
19924
19926
19927
19929
19930
19932
19934
19935
19937
19938
19940
19941
19943
19944
19946
19948
19949
19951
19952
19954
19955
19957
19958
19960
19961
19963
19965
19966
19968
19969
19971
19972
19974
19975
19977
19979
19980
19982
19983
19985
19986
19988
19989
19991
19992
19994
19996
19997
19999
20000
20002
20003
20005
20006
20008
20010
20011
20013
20015
20016
20018
20020
20022
20023
20025
20027
20028
20030
20032
20034
20035
20037
20039
20040
20042
20044
20046
20047
20049
20051
20052
20054
20056
20058
20059
20061
20063
20065
20066
20068
20070
20071
20073
20075
20077
20078
20080
20082
20083
20085
20087
20089
20090
20092
20094
20095
20097
20099
20101
20102
20104
20106
20107
20109
20111
20113
20114
20116
20118
20120
20121
20123
20125
20127
20129
20130
20132
20134
20136
20138
20139
20141
20143
20145
20147
20148
20150
20152
20154
20156
20157
20159
20161
20163
20165
20166
20168
20170
20172
20174
20175
20177
20179
20181
20183
20184
20186
20188
20190
20192
20193
20195
20197
20199
20201
20202
20204
20206
20208
20210
20211
20213
20215
20217
20219
20220
20222
20224
20226
20228
20230
20231
20233
20234
20236
20237
20239
20241
20242
20244
20245
20247
20249
20250
20252
20253
20255
20257
20258
20260
20261
20263
20265
20266
20268
20269
20271
20273
20274
20276
20277
20279
20281
20282
20284
20285
20287
20288
20290
20292
20293
20295
20296
20298
20300
20301
20303
20304
20306
20308
20309
20311
20312
20314
20316
20317
20319
20320
20322
20324
20325
20327
20328
20330
20332
20333
20335
20336
20338
20340
20341
20343
20344
20346
20348
20349
20351
20353
20354
20356
20358
20359
20361
20362
20364
20366
20367
20369
20371
20372
20374
20376
20377
20379
20380
20382
20384
20385
20387
20389
20390
20392
20394
20395
20397
20399
20400
20402
20403
20405
20407
20408
20410
20412
20413
20415
20417
20418
20420
20421
20423
20425
20426
20428
20430
20431
20433
20435
20436
20438
20440
20442
20444
20446
20448
20450
20452
20454
20456
20458
20460
20462
20464
20466
20468
20470
20472
20474
20476
20478
20480
20482
20484
20486
20488
20490
20492
20495
20497
20499
20501
20503
20505
20507
20509
20511
20513
20515
20517
20519
20521
20523
20525
20527
20529
20531
20533
20535
20537
20539
20541
20543
20545
20547
20550
20551
20553
20555
20556
20558
20560
20561
20563
20565
20566
20568
20570
20571
20573
20575
20576
20578
20580
20581
20583
20585
20586
20588
20590
20591
20593
20595
20596
20598
20600
20601
20603
20605
20606
20608
20610
20611
20613
20615
20616
20618
20619
20621
20623
20625
20626
20628
20630
20631
20633
20634
20636
20638
20640
20641
20643
20645
20646
20648
20650
20651
20652
20654
20655
20657
20658
20659
20661
20662
20664
20665
20666
20668
20669
20671
20672
20673
20675
20676
20678
20679
20681
20682
20683
20685
20686
20688
20689
20690
20692
20693
20695
20696
20697
20699
20700
20702
20703
20705
20706
20707
20709
20710
20712
20713
20714
20716
20717
20719
20720
20721
20723
20724
20726
20727
20728
20730
20731
20733
20734
20736
20737
20738
20740
20741
20743
20744
20745
20747
20748
20750
20751
20752
20754
20755
20757
20758
20760
20761
20763
20765
20766
20768
20770
20771
20773
20775
20776
20778
20780
20781
20783
20785
20786
20788
20790
20791
20793
20795
20796
20798
20800
20801
20803
20805
20806
20808
20810
20811
20813
20815
20816
20818
20820
20821
20823
20825
20826
20828
20830
20831
20833
20835
20836
20838
20840
20841
20843
20845
20846
20848
20850
20851
20853
20855
20856
20858
20860
20861
20863
20865
20866
20868
20870
20871
20873
20875
20876
20878
20880
20881
20883
20885
20886
20888
20890
20891
20893
20895
20896
20898
20900
20901
20903
20905
20906
20908
20910
20911
20913
20915
20916
20918
20920
20921
20923
20925
20926
20928
20930
20931
20933
20935
20936
20938
20940
20941
20943
20945
20946
20948
20950
20951
20953
20955
20956
20958
20960
20961
20963
20965
20966
20968
20970
20971
20973
20975
20976
20978
20980
20981
20983
20985
20986
20988
20990
20992
20993
20995
20997
20998
21000
21002
21004
21005
21007
21009
21010
21012
21014
21016
21017
21019
21021
21022
21024
21026
21028
21029
21031
21033
21035
21036
21038
21040
21041
21043
21045
21047
21048
21050
21052
21053
21055
21057
21059
21060
21062
21064
21065
21067
21069
21071
21072
21074
21076
21077
21079
21081
21083
21084
21086
21088
21090
21091
21093
21094
21096
21097
21099
21100
21102
21103
21105
21106
21108
21110
21111
21113
21114
21116
21117
21119
21120
21122
21123
21125
21126
21128
21130
21131
21133
21134
21136
21137
21139
21140
21142
21143
21145
21146
21148
21150
21151
21153
21154
21156
21157
21159
21160
21162
21163
21165
21166
21168
21170
21171
21173
21174
21176
21177
21179
21180
21182
21183
21185
21186
21188
21190
21191
21193
21194
21196
21197
21199
21200
21202
21203
21205
21206
21208
21209
21211
21212
21214
21215
21217
21218
21220
21221
21223
21224
21226
21227
21229
21230
21232
21233
21235
21236
21238
21239
21241
21242
21244
21245
21247
21248
21250
21251
21253
21254
21256
21257
21259
21260
21262
21263
21265
21266
21268
21269
21271
21272
21274
21275
21277
21278
21280
21281
21283
21284
21286
21287
21289
21290
21292
21293
21295
21296
21298
21300
21301
21303
21304
21306
21307
21309
21311
21312
21314
21315
21317
21319
21320
21322
21323
21325
21326
21328
21330
21331
21333
21334
21336
21338
21339
21341
21342
21344
21346
21347
21349
21350
21352
21353
21355
21357
21358
21360
21361
21363
21365
21366
21368
21369
21371
21373
21374
21376
21377
21379
21380
21382
21384
21385
21387
21388
21390
21392
21393
21395
21396
21398
21400
21401
21403
21404
21406
21407
21409
21410
21412
21413
21415
21417
21418
21420
21421
21423
21424
21426
21427
21429
21430
21432
21434
21435
21437
21438
21440
21441
21443
21444
21446
21448
21449
21451
21452
21454
21455
21457
21458
21460
21461
21463
21465
21466
21468
21469
21471
21472
21474
21475
21477
21479
21480
21482
21483
21485
21486
21488
21489
21491
21492
21494
21496
21497
21499
21500
21502
21503
21505
21506
21508
21510
21511
21513
21515
21517
21519
21521
21523
21524
21526
21528
21530
21532
21534
21536
21537
21539
21541
21543
21545
21547
21549
21551
21552
21554
21556
21558
21560
21562
21564
21565
21567
21569
21571
21573
21575
21577
21578
21580
21582
21584
21586
21588
21590
21592
21593
21595
21597
21599
21601
21603
21605
21606
21608
21610
21612
21614
21616
21618
21620
21621
21622
21624
21625
21627
21628
21630
21631
21633
21634
21636
21637
21639
21640
21642
21643
21645
21646
21648
21649
21651
21652
21654
21655
21657
21658
21660
21661
21663
21664
21666
21667
21669
21670
21672
21673
21675
21676
21677
21679
21680
21682
21683
21685
21686
21688
21689
21691
21692
21694
21695
21697
21698
21700
21701
21703
21704
21706
21707
21709
21710
21712
21713
21715
21716
21718
21719
21721
21722
21724
21725
21727
21728
21730
21731
21732
21734
21735
21737
21738
21740
21741
21743
21744
21746
21747
21749
21750
21752
21753
21755
21756
21758
21759
21761
21762
21764
21765
21767
21768
21770
21771
21773
21774
21776
21777
21779
21780
21782
21783
21785
21786
21787
21789
21790
21792
21793
21795
21796
21798
21799
21801
21802
21804
21805
21807
21808
21810
21811
21813
21814
21816
21817
21819
21820
21822
21823
21825
21826
21828
21829
21831
21832
21834
21835
21837
21838
21840
21841
21843
21845
21847
21848
21850
21852
21854
21855
21857
21859
21861
21863
21864
21866
21868
21870
21871
21873
21875
21877
21879
21880
21882
21884
21886
21887
21889
21891
21893
21895
21896
21898
21900
21902
21903
21905
21907
21909
21910
21912
21914
21916
21918
21919
21921
21923
21925
21926
21928
21930
21932
21934
21935
21937
21939
21941
21942
21944
21946
21948
21950
21951
21953
21955
21956
21958
21960
21961
21963
21965
21966
21968
21970
21971
21973
21975
21977
21978
21980
21982
21983
21985
21987
21988
21990
21992
21994
21995
21997
21999
22000
22002
22004
22005
22007
22009
22010
22012
22014
22016
22017
22019
22021
22022
22024
22026
22027
22029
22031
22032
22034
22036
22038
22039
22041
22043
22044
22046
22048
22049
22051
22053
22054
22056
22058
22060
22061
22063
22064
22066
22067
22069
22070
22072
22073
22075
22076
22078
22080
22081
22083
22084
22086
22087
22089
22090
22092
22093
22095
22096
22098
22099
22101
22103
22104
22106
22107
22109
22110
22112
22113
22115
22116
22118
22120
22121
22123
22124
22126
22127
22129
22130
22132
22133
22135
22136
22138
22140
22141
22143
22144
22146
22147
22149
22150
22152
22153
22155
22156
22158
22160
22161
22163
22164
22166
22168
22169
22171
22173
22174
22176
22178
22179
22181
22182
22184
22186
22187
22189
22191
22192
22194
22196
22197
22199
22201
22202
22204
22205
22207
22209
22210
22212
22214
22215
22217
22219
22220
22222
22224
22225
22227
22228
22230
22232
22233
22235
22237
22238
22240
22242
22243
22245
22247
22248
22250
22251
22253
22255
22256
22258
22260
22261
22263
22265
22266
22268
22270
22271
22273
22274
22276
22277
22279
22280
22282
22283
22285
22286
22288
22290
22291
22293
22294
22296
22297
22299
22300
22302
22303
22305
22306
22308
22310
22311
22313
22314
22316
22317
22319
22320
22322
22323
22325
22326
22328
22330
22331
22333
22334
22336
22337
22339
22340
22342
22343
22345
22346
22348
22350
22351
22353
22354
22356
22357
22359
22360
22362
22363
22365
22366
22368
22370
22371
22373
22374
22376
22378
22379
22381
22383
22384
22386
22388
22389
22391
22393
22394
22396
22397
22399
22401
22402
22404
22406
22407
22409
22411
22412
22414
22416
22417
22419
22420
22422
22424
22425
22427
22429
22430
22432
22434
22435
22437
22439
22440
22442
22443
22445
22447
22448
22450
22452
22453
22455
22457
22458
22460
22462
22463
22465
22466
22468
22470
22471
22473
22475
22476
22478
22480
22481
22483
22485
22486
22488
22490
22491
22492
22494
22495
22496
22498
22499
22501
22502
22503
22505
22506
22508
22509
22510
22512
22513
22515
22516
22517
22519
22520
22522
22523
22524
22526
22527
22528
22530
22531
22533
22534
22535
22537
22538
22540
22541
22542
22544
22545
22547
22548
22549
22551
22552
22554
22555
22556
22558
22559
22561
22562
22563
22565
22566
22567
22569
22570
22572
22573
22574
22576
22577
22579
22580
22581
22583
22584
22586
22587
22588
22590
22591
22593
22594
22595
22597
22598
22600
22601
22603
22605
22607
22608
22610
22612
22614
22616
22617
22619
22621
22623
22625
22626
22628
22630
22632
22633
22635
22637
22639
22641
22642
22644
22646
22648
22650
22651
22653
22655
22657
22658
22660
22662
22664
22666
22667
22669
22671
22673
22675
22676
22678
22680
22682
22683
22685
22687
22689
22691
22692
22694
22696
22698
22700
22701
22702
22704
22705
22707
22708
22710
22711
22713
22714
22715
22717
22718
22720
22721
22723
22724
22726
22727
22728
22730
22731
22733
22734
22736
22737
22739
22740
22741
22743
22744
22746
22747
22749
22750
22752
22753
22755
22756
22757
22759
22760
22762
22763
22765
22766
22768
22769
22770
22772
22773
22775
22776
22778
22779
22781
22782
22783
22785
22786
22788
22789
22791
22792
22794
22795
22796
22798
22799
22801
22802
22804
22805
22807
22808
22810
22811
22813
22814
22816
22817
22819
22820
22822
22823
22825
22826
22828
22829
22831
22832
22834
22835
22837
22838
22840
22841
22843
22844
22846
22847
22849
22850
22852
22853
22855
22856
22858
22860
22861
22863
22864
22866
22867
22869
22870
22872
22873
22875
22876
22878
22879
22881
22882
22884
22885
22887
22888
22890
22891
22893
22894
22896
22897
22899
22900
22902
22903
22905
22906
22908
22910
22911
22913
22915
22917
22919
22921
22923
22925
22927
22928
22930
22932
22934
22936
22938
22940
22942
22944
22946
22947
22949
22951
22953
22955
22957
22959
22961
22963
22965
22966
22968
22970
22972
22974
22976
22978
22980
22982
22983
22985
22987
22989
22991
22993
22995
22997
22999
23001
23002
23004
23006
23008
23010
23012
23014
23016
23018
23020
23021
23023
23024
23026
23027
23029
23031
23032
23034
23035
23037
23039
23040
23042
23043
23045
23046
23048
23050
23051
23053
23054
23056
23058
23059
23061
23062
23064
23066
23067
23069
23070
23072
23073
23075
23077
23078
23080
23081
23083
23085
23086
23088
23089
23091
23093
23094
23096
23097
23099
23100
23102
23104
23105
23107
23108
23110
23112
23113
23115
23116
23118
23120
23121
23123
23125
23127
23129
23130
23132
23134
23136
23138
23139
23141
23143
23145
23147
23148
23150
23152
23154
23156
23157
23159
23161
23163
23165
23166
23168
23170
23172
23174
23175
23177
23179
23181
23183
23184
23186
23188
23190
23192
23193
23195
23197
23199
23201
23202
23204
23206
23208
23210
23211
23213
23215
23217
23219
23220
23222
23224
23226
23228
23230
23231
23232
23234
23235
23237
23238
23240
23241
23243
23244
23246
23247
23249
23250
23252
23253
23255
23256
23258
23259
23261
23262
23264
23265
23267
23268
23270
23271
23273
23274
23276
23277
23279
23280
23282
23283
23285
23286
23287
23289
23290
23292
23293
23295
23296
23298
23299
23301
23302
23304
23305
23307
23308
23310
23311
23313
23314
23316
23317
23319
23320
23322
23323
23325
23326
23328
23329
23331
23332
23334
23335
23337
23338
23340
23341
23343
23345
23347
23348
23350
23352
23354
23356
23357
23359
23361
23363
23365
23366
23368
23370
23372
23373
23375
23377
23379
23381
23382
23384
23386
23388
23390
23391
23393
23395
23397
23398
23400
23402
23404
23406
23407
23409
23411
23413
23415
23416
23418
23420
23422
23423
23425
23427
23429
23431
23432
23434
23436
23438
23440
23441
23443
23445
23447
23449
23451
23453
23455
23457
23459
23461
23463
23465
23467
23469
23471
23473
23475
23477
23479
23481
23483
23485
23487
23489
23491
23493
23495
23496
23498
23500
23502
23504
23506
23508
23510
23512
23514
23516
23518
23520
23522
23524
23526
23528
23530
23532
23534
23536
23538
23540
23542
23544
23546
23548
23550
23551
23553
23554
23556
23558
23559
23561
23563
23564
23566
23568
23569
23571
23572
23574
23576
23577
23579
23581
23582
23584
23586
23587
23589
23590
23592
23594
23595
23597
23599
23600
23602
23604
23605
23607
23609
23610
23612
23613
23615
23617
23618
23620
23622
23623
23625
23627
23628
23630
23631
23633
23635
23636
23638
23640
23641
23643
23645
23646
23648
23650
23651
23653
23654
23656
23658
23659
23661
23663
23664
23666
23668
23669
23671
23672
23674
23676
23677
23679
23681
23682
23684
23686
23687
23689
23691
23692
23694
23695
23697
23699
23700
23702
23704
23705
23707
23709
23710
23712
23714
23715
23717
23718
23720
23722
23723
23725
23727
23728
23730
23732
23733
23735
23737
23738
23740
23741
23743
23745
23746
23748
23750
23751
23753
23755
23756
23758
23760
23761
23763
23765
23767
23769
23770
23772
23774
23776
23778
23779
23781
23783
23785
23787
23788
23790
23792
23794
23796
23797
23799
23801
23803
23805
23806
23808
23810
23812
23814
23815
23817
23819
23821
23823
23824
23826
23828
23830
23832
23833
23835
23837
23839
23841
23842
23844
23846
23848
23850
23851
23853
23855
23857
23859
23860
23862
23864
23866
23868
23870
23871
23873
23875
23877
23879
23881
23883
23885
23887
23889
23890
23892
23894
23896
23898
23900
23902
23904
23906
23908
23910
23911
23913
23915
23917
23919
23921
23923
23925
23927
23929
23930
23932
23934
23936
23938
23940
23942
23944
23946
23948
23950
23951
23953
23955
23957
23959
23961
23963
23965
23967
23969
23970
23972
23974
23976
23978
23980
23982
23984
23986
23988
23990
23991
23993
23994
23996
23998
23999
24001
24002
24004
24006
24007
24009
24011
24012
24014
24015
24017
24019
24020
24022
24023
24025
24027
24028
24030
24032
24033
24035
24036
24038
24040
24041
24043
24045
24046
24048
24049
24051
24053
24054
24056
24057
24059
24061
24062
24064
24066
24067
24069
24070
24072
24074
24075
24077
24078
24080
24082
24083
24085
24087
24088
24090
24091
24093
24095
24096
24098
24100
24101
24103
24105
24107
24109
24111
24113
24114
24116
24118
24120
24122
24124
24126
24127
24129
24131
24133
24135
24137
24139
24141
24142
24144
24146
24148
24150
24152
24154
24155
24157
24159
24161
24163
24165
24167
24168
24170
24172
24174
24176
24178
24180
24182
24183
24185
24187
24189
24191
24193
24195
24196
24198
24200
24202
24204
24206
24208
24210
24211
24213
24215
24216
24218
24220
24221
24223
24225
24226
24228
24230
24232
24233
24235
24237
24238
24240
24242
24243
24245
24247
24248
24250
24252
24254
24255
24257
24259
24260
24262
24264
24265
24267
24269
24270
24272
24274
24276
24277
24279
24281
24282
24284
24286
24287
24289
24291
24292
24294
24296
24298
24299
24301
24303
24304
24306
24308
24309
24311
24313
24314
24316
24318
24320
24321
24323
24325
24327
24329
24331
24333
24335
24337
24339
24341
24343
24345
24346
24348
24350
24352
24354
24356
24358
24360
24362
24364
24366
24368
24370
24371
24373
24375
24377
24379
24381
24383
24385
24387
24389
24391
24393
24395
24396
24398
24400
24402
24404
24406
24408
24410
24412
24414
24416
24418
24420
24422
24424
24426
24428
24430
24432
24434
24436
24438
24440
24442
24444
24446
24448
24450
24452
24454
24456
24458
24460
24462
24464
24466
24468
24470
24472
24474
24476
24478
24480
24482
24484
24486
24488
24490
24492
24494
24496
24498
24500
24502
24504
24506
24508
24510
24512
24514
24516
24518
24520
24522
24524
24526
24528
24530
24532
24534
24535
24538
24540
24541
24543
24545
24547
24549
24551
24553
24555
24556
24558
24560
24562
24564
24566
24568
24570
24572
24573
24575
24577
24579
24581
24583
24585
24587
24589
24590
24592
24594
24596
24598
24600
24602
24604
24606
24607
24609
24611
24613
24615
24617
24619
24621
24623
24624
24626
24628
24630
24632
24634
24636
24638
24640
24642
24644
24647
24649
24651
24654
24656
24658
24661
24663
24665
24668
24670
24672
24675
24677
24679
24682
24684
24686
24689
24691
24693
24696
24698
24700
24703
24705
24707
24710
24712
24714
24717
24719
24721
24724
24726
24728
24731
24733
24735
24738
24740
24742
24745
24747
24750
24752
24754
24756
24758
24761
24763
24765
24767
24769
24772
24774
24776
24778
24780
24783
24785
24787
24789
24791
24794
24796
24798
24800
24802
24805
24807
24809
24811
24813
24816
24818
24820
24822
24824
24827
24829
24831
24833
24835
24838
24840
24842
24844
24846
24849
24851
24853
24855
24857
24860
24861
24863
24865
24866
24868
24870
24871
24873
24875
24876
24878
24880
24882
24883
24885
24887
24888
24890
24892
24893
24895
24897
24898
24900
24902
24904
24905
24907
24909
24910
24912
24914
24915
24917
24919
24921
24922
24924
24926
24927
24929
24931
24932
24934
24936
24937
24939
24941
24943
24944
24946
24948
24949
24951
24953
24954
24956
24958
24960
24961
24963
24964
24966
24967
24969
24971
24972
24974
24975
24977
24978
24980
24982
24983
24985
24986
24988
24989
24991
24993
24994
24996
24997
24999
25000
25002
25004
25005
25007
25008
25010
25011
25013
25015
25016
25018
25019
25021
25022
25024
25026
25027
25029
25030
25032
25033
25035
25037
25038
25040
25041
25043
25044
25046
25048
25049
25051
25052
25054
25055
25057
25059
25060
25062
25063
25065
25066
25068
25070
25071
25073
25075
25076
25078
25080
25082
25083
25085
25087
25088
25090
25092
25094
25095
25097
25099
25101
25102
25104
25106
25107
25109
25111
25113
25114
25116
25118
25120
25121
25123
25125
25126
25128
25130
25132
25133
25135
25137
25138
25140
25142
25144
25145
25147
25149
25151
25152
25154
25156
25157
25159
25161
25163
25164
25166
25168
25170
25171
25173
25174
25176
25177
25179
25180
25182
25183
25185
25187
25188
25190
25191
25193
25194
25196
25197
25199
25200
25202
25204
25205
25207
25208
25210
25211
25213
25214
25216
25218
25219
25221
25222
25224
25225
25227
25228
25230
25231
25233
25235
25236
25238
25239
25241
25242
25244
25245
25247
25249
25250
25252
25253
25255
25256
25258
25259
25261
25262
25264
25266
25267
25269
25270
25272
25273
25275
25276
25278
25280
25281
25283
25285
25286
25288
25290
25292
25293
25295
25297
25299
25300
25302
25304
25306
25307
25309
25311
25313
25314
25316
25318
25320
25321
25323
25325
25327
25328
25330
25332
25334
25335
25337
25339
25341
25342
25344
25346
25348
25349
25351
25353
25355
25356
25358
25360
25362
25363
25365
25367
25369
25370
25372
25374
25376
25377
25379
25381
25383
25384
25386
25388
25390
25391
25393
25395
25397
25398
25400
25402
25404
25405
25407
25409
25411
25413
25414
25416
25418
25420
25421
25423
25425
25427
25429
25430
25432
25434
25436
25437
25439
25441
25443
25445
25446
25448
25450
25452
25453
25455
25457
25459
25460
25462
25464
25466
25468
25469
25471
25473
25475
25476
25478
25480
25482
25484
25485
25487
25489
25491
25492
25494
25496
25498
25500
25501
25503
25505
25506
25508
25510
25511
25513
25515
25516
25518
25520
25521
25523
25525
25526
25528
25530
25531
25533
25535
25536
25538
25540
25541
25543
25544
25546
25548
25550
25551
25553
25555
25556
25558
25560
25561
25563
25565
25566
25568
25570
25571
25573
25575
25576
25578
25580
25581
25583
25585
25586
25588
25590
25591
25593
25595
25596
25598
25599
25601
25603
25605
25606
25608
25610
25611
25613
25615
25616
25618
25620
25621
25623
25625
25626
25628
25630
25632
25633
25635
25637
25638
25640
25642
25643
25645
25647
25648
25650
25652
25654
25655
25657
25659
25660
25662
25664
25665
25667
25669
25671
25672
25674
25676
25677
25679
25681
25682
25684
25686
25687
25689
25691
25693
25694
25696
25698
25699
25701
25703
25704
25706
25708
25710
25711
25713
25715
25716
25718
25720
25721
25723
25725
25726
25728
25730
25731
25733
25735
25736
25738
25740
25741
25743
25745
25746
25748
25750
25751
25753
25755
25756
25758
25760
25761
25763
25765
25766
25768
25770
25771
25773
25775
25776
25778
25780
25781
25783
25785
25786
25788
25790
25791
25793
25795
25796
25798
25800
25801
25803
25805
25806
25808
25810
25811
25813
25815
25816
25818
25820
25821
25823
25825
25826
25828
25830
25831
25833
25835
25836
25838
25840
25842
25843
25845
25847
25848
25850
25852
25853
25855
25857
25858
25860
25862
25864
25865
25867
25869
25870
25872
25874
25875
25877
25879
25881
25882
25884
25886
25887
25889
25891
25892
25894
25896
25897
25899
25901
25903
25904
25906
25908
25909
25911
25913
25914
25916
25918
25920
25921
25923
25925
25927
25929
25931
25933
25935
25937
25938
25940
25942
25944
25946
25948
25950
25952
25954
25956
25957
25959
25961
25963
25965
25967
25969
25971
25973
25975
25976
25978
25980
25982
25984
25986
25988
25990
25992
25993
25995
25997
25999
26001
26003
26005
26007
26009
26011
26012
26014
26016
26018
26020
26022
26024
26026
26028
26030
26031
26032
26034
26035
26037
26038
26040
26041
26043
26044
26045
26047
26048
26050
26051
26053
26054
26056
26057
26058
26060
26061
26063
26064
26066
26067
26069
26070
26072
26073
26074
26076
26077
26079
26080
26082
26083
26085
26086
26087
26089
26090
26092
26093
26095
26096
26098
26099
26101
26102
26103
26105
26106
26108
26109
26111
26112
26114
26115
26116
26118
26119
26121
26122
26124
26125
26127
26128
26130
26131
26133
26135
26136
26138
26140
26142
26143
26145
26147
26149
26150
26152
26154
26156
26157
26159
26161
26163
26164
26166
26168
26170
26171
26173
26175
26177
26178
26180
26182
26184
26185
26187
26189
26191
26192
26194
26196
26198
26199
26201
26203
26205
26206
26208
26210
26212
26213
26215
26217
26219
26220
26222
26224
26226
26227
26229
26231
26233
26234
26236
26238
26240
26241
26244
26246
26247
26250
26252
26253
26256
26258
26259
26262
26264
26266
26268
26270
26272
26274
26276
26278
26280
26282
26284
26286
26288
26290
26292
26294
26296
26298
26300
26302
26304
26306
26308
26310
26312
26314
26316
26318
26320
26322
26324
26326
26328
26330
26332
26334
26336
26338
26340
26342
26344
26346
26348
26350
26351
26353
26355
26357
26359
26361
26363
26365
26367
26369
26371
26373
26375
26376
26378
26380
26382
26384
26386
26388
26390
26392
26394
26396
26398
26400
26401
26403
26405
26407
26409
26411
26413
26415
26417
26419
26421
26423
26425
26426
26428
26430
26432
26434
26436
26438
26440
26442
26444
26446
26448
26450
26451
26453
26454
26456
26458
26459
26461
26462
26464
26466
26467
26469
26471
26472
26474
26475
26477
26479
26480
26482
26483
26485
26487
26488
26490
26492
26493
26495
26496
26498
26500
26501
26503
26505
26506
26508
26509
26511
26513
26514
26516
26517
26519
26521
26522
26524
26526
26527
26529
26530
26532
26534
26535
26537
26538
26540
26542
26543
26545
26547
26548
26550
26551
26553
26555
26556
26558
26560
26562
26564
26566
26569
26571
26573
26576
26578
26580
26583
26585
26587
26590
26592
26594
26597
26599
26601
26604
26606
26608
26611
26613
26615
26618
26620
26622
26625
26627
26629
26632
26634
26636
26639
26641
26643
26646
26648
26650
26653
26655
26657
26660
26661
26663
26664
26666
26668
26669
26671
26672
26674
26676
26677
26679
26681
26682
26684
26685
26687
26689
26690
26692
26693
26695
26697
26698
26700
26702
26703
26705
26706
26708
26710
26711
26713
26715
26716
26718
26719
26721
26723
26724
26726
26727
26729
26731
26732
26734
26736
26737
26739
26740
26742
26744
26745
26747
26748
26750
26752
26753
26755
26757
26758
26760
26761
26763
26765
26766
26768
26770
26771
26773
26775
26777
26779
26781
26783
26785
26787
26789
26791
26793
26795
26796
26798
26800
26802
26804
26806
26808
26810
26812
26814
26816
26818
26820
26821
26823
26825
26827
26829
26831
26833
26835
26837
26839
26841
26843
26845
26846
26848
26850
26852
26854
26856
26858
26860
26862
26864
26866
26868
26870
26871
26873
26875
26876
26878
26880
26881
26883
26885
26886
26888
26890
26891
26893
26895
26896
26898
26900
26901
26903
26905
26906
26908
26910
26911
26913
26915
26916
26918
26920
26921
26923
26925
26926
26928
26930
26931
26933
26935
26936
26938
26940
26941
26943
26945
26946
26948
26950
26951
26953
26955
26956
26958
26960
26961
26963
26965
26966
26968
26970
26971
26973
26975
26976
26978
26980
26981
26983
26985
26987
26988
26990
26992
26994
26995
26997
26999
27001
27003
27004
27006
27008
27010
27011
27013
27015
27017
27019
27020
27022
27024
27026
27027
27029
27031
27033
27035
27036
27038
27040
27042
27043
27045
27047
27049
27050
27052
27054
27056
27058
27059
27061
27063
27065
27066
27068
27070
27072
27074
27075
27077
27079
27081
27082
27084
27086
27088
27090
27091
27093
27094
27096
27098
27099
27101
27103
27104
27106
27108
27109
27111
27112
27114
27116
27117
27119
27121
27122
27124
27126
27127
27129
27130
27132
27134
27135
27137
27139
27140
27142
27144
27145
27147
27149
27150
27152
27153
27155
27157
27158
27160
27162
27163
27165
27167
27168
27170
27171
27173
27175
27176
27178
27180
27181
27183
27185
27186
27188
27190
27192
27194
27196
27198
27200
27202
27204
27206
27208
27210
27212
27214
27216
27218
27220
27222
27224
27226
27228
27230
27232
27234
27236
27238
27240
27242
27245
27247
27249
27251
27253
27255
27257
27259
27261
27263
27265
27267
27269
27271
27273
27275
27277
27279
27281
27283
27285
27287
27289
27291
27293
27295
27297
27300
27301
27303
27305
27306
27308
27310
27312
27313
27315
27317
27318
27320
27322
27324
27325
27327
27329
27331
27332
27334
27336
27337
27339
27341
27343
27344
27346
27348
27350
27351
27353
27355
27356
27358
27360
27362
27363
27365
27367
27368
27370
27372
27374
27375
27377
27379
27381
27382
27384
27386
27387
27389
27391
27393
27394
27396
27398
27400
27401
27403
27404
27406
27407
27409
27411
27412
27414
27415
27417
27419
27420
27422
27423
27425
27427
27428
27430
27431
27433
27435
27436
27438
27439
27441
27443
27444
27446
27447
27449
27451
27452
27454
27455
27457
27458
27460
27462
27463
27465
27466
27468
27470
27471
27473
27474
27476
27478
27479
27481
27482
27484
27486
27487
27489
27490
27492
27494
27495
27497
27498
27500
27502
27503
27505
27506
27508
27510
27511
27513
27515
27516
27518
27520
27521
27523
27525
27526
27528
27530
27532
27533
27535
27537
27538
27540
27542
27543
27545
27547
27548
27550
27552
27554
27555
27557
27559
27560
27562
27564
27565
27567
27569
27570
27572
27574
27576
27577
27579
27581
27582
27584
27586
27587
27589
27591
27592
27594
27596
27598
27599
27601
27603
27604
27606
27608
27609
27611
27613
27614
27616
27618
27620
27621
27623
27625
27626
27628
27630
27631
27633
27635
27636
27638
27640
27642
27643
27645
27647
27648
27650
27652
27653
27655
27657
27658
27660
27662
27664
27665
27667
27669
27670
27672
27674
27675
27677
27679
27680
27682
27684
27686
27687
27689
27691
27692
27694
27696
27697
27699
27701
27702
27704
27706
27708
27709
27711
27713
27714
27716
27718
27719
27721
27723
27724
27726
27728
27730
27731
27733
27735
27736
27738
27740
27741
27743
27745
27746
27748
27750
27751
27753
27755
27756
27758
27760
27761
27763
27765
27766
27768
27770
27771
27773
27775
27776
27778
27780
27781
27783
27785
27786
27788
27790
27791
27793
27795
27796
27798
27800
27801
27803
27805
27806
27808
27810
27811
27813
27815
27816
27818
27820
27821
27823
27825
27826
27828
27830
27831
27833
27835
27836
27838
27840
27841
27843
27845
27846
27848
27850
27851
27853
27855
27856
27858
27860
27861
27863
27865
27866
27868
27870
27871
27873
27875
27876
27878
27880
27881
27883
27885
27886
27888
27890
27891
27893
27895
27896
27898
27900
27901
27903
27905
27906
27908
27910
27911
27913
27915
27916
27918
27920
27921
27923
27925
27926
27928
27930
27931
27933
27935
27936
27938
27940
27941
27943
27945
27946
27948
27950
27951
27953
27955
27956
27958
27960
27962
27963
27965
27967
27968
27970
27972
27973
27975
27977
27978
27980
27982
27984
27985
27987
27989
27990
27992
27994
27995
27997
27999
28000
28002
28004
28006
28007
28009
28011
28012
28014
28016
28017
28019
28021
28022
28024
28026
28028
28029
28031
28033
28034
28036
28038
28039
28041
28043
28044
28046
28048
28050
28051
28053
28054
28056
28057
28059
28060
28062
28063
28065
28066
28068
28069
28071
28072
28074
28075
28077
28078
28080
28081
28083
28084
28086
28087
28089
28090
28092
28093
28095
28096
28098
28100
28101
28103
28104
28106
28107
28109
28110
28112
28113
28115
28116
28118
28119
28121
28122
28124
28125
28127
28128
28130
28131
28133
28134
28136
28137
28139
28140
28142
28143
28145
28146
28148
28150
28151
28153
28154
28156
28158
28160
28161
28163
28165
28166
28168
28169
28171
28173
28175
28176
28178
28180
28181
28183
28185
28186
28188
28190
28191
28193
28195
28196
28198
28200
28201
28203
28205
28206
28208
28210
28211
28213
28215
28216
28218
28220
28221
28223
28225
28226
28228
28230
28231
28233
28235
28236
28238
28240
28241
28243
28245
28246
28248
28250
28251
28253
28255
28256
28258
28260
28261
28262
28264
28265
28267
28268
28270
28271
28273
28274
28276
28277
28279
28280
28282
28283
28285
28286
28288
28289
28291
28292
28294
28295
28297
28298
28300
28301
28303
28304
28306
28307
28309
28310
28312
28313
28315
28316
28317
28319
28320
28322
28323
28325
28326
28328
28329
28331
28332
28334
28335
28337
28338
28340
28341
28343
28344
28346
28347
28349
28350
28352
28353
28355
28356
28358
28359
28361
28362
28364
28365
28367
28368
28370
28371
28372
28374
28375
28377
28378
28380
28381
28382
28384
28385
28387
28388
28390
28391
28392
28394
28395
28397
28398
28400
28401
28402
28404
28405
28407
28408
28410
28411
28412
28414
28415
28417
28418
28420
28421
28422
28424
28425
28427
28428
28430
28431
28432
28434
28435
28437
28438
28440
28441
28442
28444
28445
28447
28448
28450
28451
28452
28454
28455
28457
28458
28460
28461
28462
28464
28465
28467
28468
28470
28471
28472
28474
28475
28477
28478
28480
28509
28538
28567
28596
28625
28654
28683
28712
28741
28770
28770
28771
28771
28772
28773
28773
28774
28775
28775
28776
28776
28777
28778
28778
28779
28780
28780
28781
28781
28782
28783
28783
28784
28785
28785
28786
28786
28787
28788
28788
28789
28790
28790
28791
28791
28792
28793
28793
28794
28795
28795
28796
28796
28797
28798
28798
28799
28800
28800
28801
28801
28802
28803
28803
28804
28805
28805
28806
28806
28807
28808
28808
28809
28810
28810
28811
28811
28812
28813
28813
28814
28815
28815
28816
28816
28817
28818
28818
28819
28820
28820
28821
28821
28822
28823
28823
28824
28825
28825
28826
28826
28827
28828
28828
28829
28830
28830
28831
28831
28832
28833
28833
28834
28835
28835
28836
28836
28837
28838
28838
28839
28840
28840
28841
28841
28842
28843
28843
28844
28845
28845
28846
28846
28847
28848
28848
28849
28850
28850
28851
28851
28852
28853
28853
28854
28855
28855
28856
28856
28857
28858
28858
28859
28860
28860
28861
28861
28862
28863
28863
28864
28865
28865
28866
28866
28867
28868
28868
28869
28870
28871
28872
28873
28874
28875
28876
28878
28879
28880
28881
28882
28883
28884
28886
28887
28888
28889
28890
28891
28892
28894
28895
28896
28897
28898
28899
28900
28902
28903
28904
28905
28906
28907
28908
28910
28911
28912
28913
28914
28915
28916
28918
28919
28920
28921
28922
28923
28924
28926
28927
28928
28929
28930
28931
28932
28934
28935
28936
28937
28938
28939
28940
28942
28943
28944
28945
28946
28947
28948
28950
28951
28952
28953
28954
28955
28956
28958
28959
28960
28961
28962
28963
28964
28965
28967
28968
28969
28970
28971
28972
28974
28975
28976
28977
28978
28979
28980
28982
28983
28984
28985
28986
28987
28988
28990
28991
28992
28994
28995
28997
28998
29000
29001
29003
29004
29006
29007
29009
29010
29012
29013
29014
29016
29017
29019
29020
29022
29023
29025
29026
29028
29029
29031
29032
29034
29035
29036
29038
29039
29041
29042
29044
29045
29047
29048
29050
29051
29053
29054
29056
29057
29058
29060
29061
29063
29064
29066
29067
29069
29070
29072
29073
29075
29076
29078
29079
29080
29082
29083
29085
29086
29088
29089
29091
29092
29094
29095
29097
29098
29100
29101
29103
29105
29106
29108
29110
29112
29113
29115
29117
29118
29120
29122
29124
29125
29127
29129
29131
29132
29134
29136
29137
29139
29141
29143
29144
29146
29148
29150
29151
29153
29155
29156
29158
29160
29162
29163
29165
29167
29168
29170
29172
29174
29175
29177
29179
29181
29182
29184
29186
29187
29189
29191
29193
29194
29196
29198
29200
29201
29203
29205
29206
29208
29210
29211
29213
29215
29216
29218
29220
29221
29223
29224
29226
29228
29230
29231
29233
29235
29236
29238
29240
29241
29243
29244
29246
29248
29250
29251
29253
29255
29256
29258
29259
29261
29263
29265
29266
29268
29270
29271
29273
29275
29276
29278
29279
29281
29283
29285
29286
29288
29290
29291
29293
29294
29296
29298
29299
29301
29303
29305
29306
29308
29310
29311
29313
29314
29316
29317
29319
29320
29322
29323
29325
29326
29328
29330
29331
29333
29334
29336
29337
29339
29340
29342
29343
29345
29346
29348
29349
29351
29353
29354
29356
29357
29359
29360
29362
29363
29365
29366
29368
29370
29371
29373
29374
29376
29377
29379
29380
29382
29383
29385
29386
29388
29390
29391
29393
29394
29396
29397
29399
29400
29402
29403
29405
29406
29408
29410
29411
29413
29414
29416
29418
29419
29421
29423
29424
29426
29428
29429
29431
29432
29434
29436
29437
29439
29441
29442
29444
29446
29447
29449
29451
29452
29454
29455
29457
29459
29460
29462
29464
29465
29467
29469
29470
29472
29474
29475
29477
29478
29480
29482
29483
29485
29487
29488
29490
29492
29493
29495
29497
29498
29500
29501
29503
29505
29506
29508
29510
29511
29513
29515
29516
29518
29520
29522
29524
29526
29528
29530
29533
29535
29537
29539
29541
29543
29546
29548
29550
29552
29554
29556
29559
29561
29563
29565
29567
29570
29572
29574
29576
29578
29580
29583
29585
29587
29589
29591
29593
29596
29598
29600
29602
29604
29606
29609
29611
29613
29615
29617
29620
29621
29623
29625
29627
29628
29630
29632
29634
29635
29637
29639
29641
29643
29644
29646
29648
29650
29651
29653
29655
29657
29659
29660
29662
29664
29666
29667
29669
29671
29673
29675
29676
29678
29680
29682
29683
29685
29687
29689
29690
29692
29694
29696
29698
29699
29701
29703
29705
29706
29708
29710
29712
29714
29715
29717
29719
29721
29722
29724
29726
29728
29730
29731
29732
29734
29735
29737
29738
29740
29741
29743
29744
29746
29747
29749
29750
29752
29753
29754
29756
29757
29759
29760
29762
29763
29765
29766
29768
29769
29771
29772
29774
29775
29776
29778
29779
29781
29782
29784
29785
29787
29788
29790
29791
29793
29794
29796
29797
29798
29800
29801
29803
29804
29806
29807
29809
29810
29812
29813
29815
29816
29818
29819
29820
29822
29823
29825
29826
29828
29829
29831
29832
29834
29835
29837
29838
29840
29841
29843
29844
29846
29848
29849
29851
29853
29854
29856
29858
29859
29861
29862
29864
29866
29867
29869
29871
29872
29874
29876
29877
29879
29880
29882
29884
29885
29887
29889
29890
29892
29894
29895
29897
29899
29900
29902
29903
29905
29907
29908
29910
29912
29913
29915
29917
29918
29920
29921
29923
29925
29926
29928
29930
29931
29933
29935
29936
29938
29940
