5
11
17
23
28
34
40
46
52
57
63
69
75
81
86
92
98
104
110
119
128
137
146
155
165
174
183
192
201
210
220
235
251
267
282
298
314
330
340
350
360
370
380
390
400
410
420
430
439
448
457
466
475
485
494
503
512
521
530
540
547
554
561
568
575
582
590
597
604
611
618
625
632
640
649
658
667
676
685
695
704
713
722
731
740
750
756
763
770
777
784
791
798
804
811
818
825
832
839
846
853
860
865
870
875
881
886
891
896
902
907
912
917
923
928
933
938
944
949
954
960
965
970
975
980
985
990
995
1000
1004
1010
1015
1020
1025
1030
1035
1040
1045
1050
1055
1060
1065
1070
1074
1079
1083
1088
1092
1097
1101
1106
1110
1115
1120
1124
1129
1133
1138
1142
1147
1151
1156
1160
1165
1170
1180
1190
1200
1210
1220
1230
1240
1250
1260
1270
1280
1288
1296
1305
1313
1321
1330
1338
1346
1355
1363
1371
1380
1386
1393
1400
1407
1414
1421
1428
1435
1441
1448
1455
1462
1469
1476
1483
1490
1496
1503
1510
1517
1524
1531
1538
1545
1551
1558
1565
1572
1579
1586
1593
1600
1611
1622
1633
1644
1655
1666
1677
1688
1700
1705
1710
1715
1720
1726
1731
1736
1741
1747
1752
1757
1762
1768
1773
1778
1783
1789
1794
1799
1804
1810
1817
1825
1833
1840
1848
1856
1863
1871
1879
1886
1894
1902
1910
1917
1924
1932
1939
1946
1954
1961
1968
1976
1983
1990
1998
2005
2012
2020
2029
2040
2050
2060
2070
2080
2090
2100
2110
2120
2130
2136
2142
2149
2155
2162
2168
2175
2181
2188
2194
2201
2207
2214
2220
2227
2233
2240
2247
2255
2262
2270
2277
2285
2292
2300
2307
2315
2322
2330
2337
2344
2352
2360
2369
2378
2387
2396
2405
2414
2423
2432
2441
2450
2460
2466
2473
2480
2487
2494
2501
2508
2514
2521
2528
2535
2542
2549
2556
2563
2570
2577
2584
2591
2598
2605
2612
2620
2627
2634
2641
2648
2655
2662
2670
2675
2680
2686
2691
2697
2702
2708
2713
2719
2724
2730
2735
2740
2746
2751
2757
2762
2768
2773
2779
2784
2790
2795
2800
2805
2810
2815
2820
2825
2830
2835
2840
2845
2850
2855
2860
2865
2870
2875
2880
2885
2890
2896
2903
2910
2917
2924
2931
2938
2945
2951
2958
2965
2972
2979
2986
2993
3000
3006
3012
3018
3024
3030
3036
3042
3048
3054
3061
3067
3073
3079
3085
3091
3097
3103
3110
3116
3122
3128
3135
3141
3147
3153
3160
3166
3172
3178
3185
3191
3197
3203
3210
3218
3226
3234
3242
3250
3258
3266
3274
3282
3290
3298
3306
3314
3322
3330
3335
3341
3347
3353
3359
3365
3371
3377
3382
3388
3394
3400
3406
3412
3418
3424
3430
3439
3448
3457
3466
3475
3485
3494
3503
3512
3521
3530
3540
3547
3555
3563
3570
3578
3586
3593
3601
3609
3616
3624
3632
3640
3645
3650
3655
3660
3666
3671
3676
3681
3687
3692
3697
3702
3708
3713
3718
3723
3729
3734
3739
3744
3750
3755
3760
3765
3770
3775
3780
3785
3790
3795
3800
3805
3810
3815
3820
3825
3830
3835
3840
3845
3850
3855
3860
3865
3870
3876
3882
3889
3895
3902
3908
3915
3921
3928
3934
3941
3947
3954
3960
3967
3973
3980
3988
3996
4005
4013
4022
4030
4039
4047
4056
4064
4073
4081
4090
4099
4108
4117
4126
4135
4144
4153
4162
4171
4180
4190
4197
4205
4213
4221
4229
4237
4245
4252
4260
4268
4276
4284
4292
4300
4306
4313
4320
4326
4333
4340
4346
4353
4360
4366
4373
4380
4386
4393
4400
4405
4411
4416
4422
4427
4433
4438
4444
4449
4455
4460
4466
4471
4477
4482
4488
4493
4499
4504
4510
4516
4522
4528
4534
4540
4545
4552
4558
4564
4570
4576
4582
4588
4593
4600
4606
4612
4618
4624
4630
4637
4645
4653
4661
4669
4677
4685
4692
4700
4708
4716
4724
4732
4740
4746
4752
4758
4764
4770
4776
4782
4788
4795
4801
4807
4813
4819
4825
4831
4837
4843
4850
4856
4862
4868
4875
4881
4887
4893
4900
4906
4912
4918
4925
4931
4937
4943
4950
4957
4965
4972
4980
4987
4995
5002
5010
5017
5025
5032
5040
5047
5055
5062
5070
5082
5095
5107
5120
5132
5145
5157
5170
5176
5183
5189
5196
5203
5210
5216
5223
5230
5236
5243
5250
5256
5263
5270
5276
5283
5290
5303
5317
5331
5345
5358
5372
5386
5400
5410
5420
5430
5440
5450
5460
5470
5479
5490
5500
5510
5523
5537
5551
5564
5578
5592
5606
5620
5627
5635
5643
5651
5659
5667
5675
5682
5690
5698
5706
5714
5722
5730
5742
5754
5766
5778
5791
5803
5815
5827
5840
5849
5858
5867
5876
5885
5894
5903
5912
5921
5930
5940
5947
5954
5962
5969
5976
5984
5991
5998
6006
6013
6020
6028
6035
6042
6050
6056
6063
6070
6076
6083
6090
6096
6103
6110
6116
6123
6130
6136
6143
6150
6156
6162
6169
6175
6182
6188
6195
6201
6208
6214
6221
6227
6234
6240
6247
6253
6260
6267
6274
6282
6289
6296
6304
6311
6318
6326
6333
6340
6348
6355
6362
6370
6377
6384
6392
6399
6406
6414
6421
6428
6436
6443
6450
6458
6465
6472
6480
6490
6501
6512
6523
6534
6545
6556
6567
6578
6589
6600
6605
6611
6617
6623
6629
6635
6641
6647
6652
6658
6664
6670
6676
6682
6688
6694
6700
6706
6712
6719
6725
6732
6738
6745
6751
6758
6764
6771
6777
6784
6790
6797
6803
6810
6816
6823
6830
6837
6844
6851
6858
6865
6871
6878
6885
6892
6899
6906
6913
6920
6932
6944
6955
6968
6980
6992
7004
7016
7028
7040
7054
7068
7082
7097
7111
7125
7140
7149
7158
7167
7176
7185
7195
7204
7213
7222
7231
7240
7250
7258
7266
7274
7282
7290
7298
7306
7314
7322
7330
7338
7346
7354
7362
7370
7378
7386
7395
7403
7412
7420
7429
7437
7446
7454
7463
7471
7480
7487
7495
7502
7510
7517
7525
7532
7540
7547
7555
7562
7570
7577
7585
7592
7600
7611
7622
7633
7644
7655
7666
7677
7688
7700
7715
7730
7745
7760
7775
7790
7805
7820
7834
7848
7862
7877
7891
7905
7920
7935
7949
7965
7979
7994
8010
8024
8039
8064
8087
8112
8135
8160
8173
8187
8201
8215
8228
8242
8256
8270
8284
8298
8312
8327
8341
8355
8370
8382
8394
8406
8418
8431
8443
8455
8467
8480
8489
8498
8507
8516
8525
8535
8544
8553
8562
8571
8580
8590
8597
8605
8613
8620
8628
8636
8643
8651
8659
8666
8674
8682
8690
8699
8708
8717
8726
8735
8745
8754
8763
8772
8781
8790
8800
8809
8818
8827
8836
8845
8854
8863
8872
8881
8890
8900
8911
8922
8933
8944
8955
8966
8977
8988
8999
9010
9027
9045
9062
9080
9097
9115
9132
9150
9163
9177
9191
9205
9218
9232
9246
9260
9278
9296
9315
9333
9351
9370
9387
9404
9421
9438
9455
9472
9490
9514
9538
9562
9586
9610
9624
9638
9652
9667
9681
9695
9710
9730
9750
9770
9790
9810
9830
9845
9861
9877
9892
9908
9924
9940
9958
9976
9995
10013
10031
10050
10066
10083
10100
10116
10133
10150
10162
10174
10186
10198
10211
10223
10235
10247
10260
10274
10288
10303
10317
10332
10346
10361
10375
10390
10403
10417
10431
10445
10458
10472
10486
10500
10513
10526
10539
10552
10565
10578
10591
10604
10617
10630
10640
10650
10660
10670
10680
10690
10700
10710
10720
10730
10740
10751
10762
10773
10784
10795
10806
10817
10828
10839
10850
10865
10881
10897
10912
10928
10944
10960
10972
10984
10996
11008
11020
11032
11044
11056
11068
11080
11096
11113
11129
11146
11163
11180
11189
11198
11207
11216
11225
11235
11244
11253
11262
11271
11280
11290
11301
11312
11323
11334
11345
11356
11367
11378
11390
11400
11410
11420
11430
11440
11450
11460
11470
11480
11490
11500
11510
11520
11530
11540
11549
11560
11570
11580
11590
11600
11610
11619
11628
11637
11646
11655
11664
11673
11682
11691
11700
11710
11719
11728
11737
11746
11755
11765
11774
11783
11792
11801
11810
11820
11834
11848
11862
11877
11891
11905
11920
11935
11951
11967
11982
11998
12014
12030
12042
12055
12067
12080
12092
12105
12117
12130
12143
12157
12171
12185
12198
12212
12226
12240
12260
12280
12300
12320
12340
12360
12371
12382
12393
12404
12415
12426
12437
12448
12460
12470
12480
12490
12500
12510
12520
12530
12540
12550
12560
12570
12580
12589
12598
12607
12616
12625
12634
12643
12652
12661
12670
12680
12690
12700
12710
12720
12730
12740
12750
12760
12770
12780
12790
12800
12811
12822
12833
12844
12855
12866
12877
12888
12900
12912
12924
12936
12948
12961
12973
12985
12997
13010
13022
13034
13046
13058
13071
13083
13095
13107
13120
13129
13139
13150
13160
13170
13180
13190
13200
13210
13220
13230
13237
13245
13253
13261
13269
13277
13285
13292
13300
13308
13316
13324
13332
13340
13348
13356
13365
13373
13381
13390
13398
13406
13415
13423
13431
13440
13450
13461
13472
13483
13494
13505
13516
13527
13538
13549
13560
13569
13578
13587
13596
13605
13614
13623
13632
13641
13650
13660
13672
13684
13696
13708
13721
13733
13745
13757
13770
13783
13797
13811
13825
13838
13852
13866
13880
13893
13906
13920
13933
13946
13960
13973
13986
14000
14010
14020
14030
14040
14049
14060
14070
14080
14090
14100
14110
14122
14135
14147
14160
14172
14185
14197
14210
14225
14241
14257
14272
14288
14304
14320
14331
14342
14353
14364
14375
14386
14397
14408
14420
14431
14442
14453
14464
14475
14485
14497
14508
14519
14530
14542
14555
14567
14580
14592
14605
14617
14630
14643
14657
14671
14685
14698
14712
14726
14740
14754
14768
14783
14797
14812
14826
14841
14855
14870
14878
14886
14895
14903
14912
14920
14929
14937
14946
14954
14963
14971
14980
14988
14996
15005
15013
15022
15030
15039
15047
15056
15064
15073
15081
15090
15101
15112
15123
15134
15145
15156
15167
15178
15190
15203
15217
15231
15245
15258
15272
15286
15300
15311
15322
15333
15344
15355
15366
15377
15388
15400
15406
15413
15420
15427
15434
15441
15448
15455
15461
15468
15475
15482
15489
15496
15503
15510
15517
15524
15531
15538
15546
15553
15560
15567
15575
15582
15589
15596
15603
15611
15618
15625
15632
15640
15647
15654
15661
15668
15675
15682
15689
15696
15703
15710
15717
15724
15731
15738
15745
15752
15760
15765
15770
15776
15782
15787
15793
15798
15804
15809
15815
15820
15825
15831
15837
15842
15847
15853
15859
15864
15870
15879
15889
15900
15910
15920
15930
15940
15950
15960
15970
15980
15986
15993
16000
16007
16014
16021
16028
16035
16041
16048
16055
16062
16069
16076
16083
16090
16098
16106
16115
16123
16131
16140
16148
16156
16165
16173
16181
16190
16197
16204
16212
16219
16226
16234
16241
16248
16256
16263
16270
16278
16285
16292
16300
16311
16322
16333
16344
16355
16366
16377
16388
16400
16409
16418
16427
16436
16445
16455
16464
16473
16482
16491
16500
16510
16521
16532
16543
16554
16565
16576
16587
16598
16609
16620
16630
16640
16650
16660
16670
16680
16690
16700
16710
16720
16730
16735
16741
16746
16752
16757
16763
16768
16774
16779
16785
16790
16796
16801
16807
16812
16818
16823
16829
16834
16840
16846
16852
16859
16865
16872
16878
16885
16891
16898
16904
16911
16917
16924
16930
16937
16943
16950
16956
16962
16968
16974
16980
16986
16992
16998
17005
17011
17017
17023
17029
17035
17041
17047
17053
17060
17066
17072
17078
17085
17091
17097
17103
17110
17116
17122
17128
17134
17141
17147
17153
17160
17169
17178
17187
17196
17205
17215
17224
17233
17242
17251
17260
17270
17277
17284
17291
17298
17305
17312
17320
17327
17334
17341
17348
17355
17362
17370
17376
17383
17390
17397
17404
17411
17418
17425
17431
17438
17445
17452
17459
17466
17473
17480
17487
17495
17503
17511
17519
17527
17535
17542
17550
17558
17566
17574
17582
17590
17600
17610
17620
17630
17640
17650
17660
17669
17680
17689
17700
17708
17716
17725
17733
17742
17750
17759
17767
17776
17784
17793
17801
17810
17820
17830
17840
17849
17860
17870
17880
17890
17900
17910
17915
17920
17925
17930
17936
17941
17946
17951
17957
17962
17967
17972
17978
17983
17988
17993
17999
18004
18009
18014
18020
18025
18030
18035
18040
18045
18050
18055
18060
18065
18070
18075
18080
18085
18090
18095
18100
18105
18110
18115
18120
18125
18130
18135
18140
18145
18150
18155
18160
18165
18170
18175
18180
18185
18190
18195
18200
18205
18210
18215
18220
18225
18230
18234
18238
18242
18246
18251
18255
18259
18263
18268
18272
18276
18280
18285
18289
18293
18297
18301
18306
18310
18314
18318
18323
18327
18331
18335
18340
18352
18365
18377
18390
18402
18415
18427
18440
18443
18447
18451
18455
18459
18463
18467
18471
18475
18479
18483
18487
18491
18495
18498
18502
18506
18510
18514
18518
18522
18526
18530
18534
18538
18542
18546
18550
18554
18558
18562
18566
18570
18574
18578
18582
18586
18590
18594
18598
18602
18605
18610
18614
18618
18622
18625
18630
18634
18637
18642
18645
18650
18654
18658
18662
18666
18670
18674
18678
18682
18686
18690
18694
18698
18702
18707
18711
18715
18719
18723
18727
18731
18735
18739
18743
18747
18751
18755
18760
18765
18770
18775
18780
18786
18791
18796
18801
18807
18812
18817
18822
18828
18833
18838
18843
18849
18854
18859
18864
18870
18873
18877
18881
18885
18888
18892
18896
18900
18904
18907
18911
18915
18919
18923
18926
18930
18934
18938
18942
18945
18949
18953
18957
18961
18964
18968
18972
18976
18980
18984
18988
18992
18996
19001
19005
19009
19013
19018
19022
19026
19030
19035
19039
19043
19047
19051
19056
19060
19064
19068
19073
19077
19081
19085
19090
19103
19117
19131
19145
19158
19172
19186
19200
19203
19206
19209
19212
19215
19218
19222
19225
19228
19231
19234
19237
19241
19244
19247
19250
19253
19256
19260
19263
19266
19269
19272
19275
19278
19282
19285
19288
19291
19294
19297
19301
19304
19307
19310
19313
19316
19320
19323
19326
19329
19332
19336
19339
19342
19345
19349
19352
19355
19358
19361
19365
19368
19371
19374
19378
19381
19384
19387
19390
19394
19397
19400
19403
19407
19410
19413
19416
19420
19423
19427
19430
19434
19437
19441
19444
19448
19451
19455
19459
19462
19466
19469
19473
19476
19480
19483
19487
19490
19494
19498
19501
19505
19508
19512
19515
19519
19522
19526
19530
19534
19538
19542
19546
19551
19555
19559
19563
19568
19572
19576
19580
19585
19589
19593
19597
19601
19606
19610
19614
19618
19623
19627
19631
19635
19640
19643
19647
19651
19655
19659
19663
19667
19671
19675
19679
19683
19687
19691
19695
19698
19702
19706
19710
19714
19718
19722
19726
19730
19734
19738
19742
19746
19750
19757
19765
19772
19780
19788
19795
19803
19810
19818
19826
19833
19841
19848
19856
19864
19871
19879
19886
19894
19902
19909
19917
19924
19932
19940
19943
19946
19949
19952
19956
19959
19962
19965
19969
19972
19975
19978
19982
19985
19988
19991
19995
19998
20001
20004
20007
20011
20014
20017
20020
20024
20027
20030
20033
20037
20040
20043
20046
20050
20053
20057
20061
20065
20069
20073
20076
20080
20084
20088
20092
20096
20100
20103
20107
20111
20115
20119
20123
20126
20130
20134
20138
20142
20146
20150
20153
20156
20159
20162
20166
20169
20172
20175
20179
20182
20185
20188
20192
20195
20198
20201
20205
20208
20211
20214
20217
20221
20224
20227
20230
20234
20237
20240
20243
20247
20250
20253
20256
20260
20264
20268
20273
20277
20282
20286
20290
20295
20299
20304
20308
20312
20317
20321
20326
20330
20334
20339
20343
20348
20352
20356
20361
20365
20370
20373
20377
20380
20384
20387
20391
20394
20398
20401
20405
20409
20412
20416
20419
20423
20426
20430
20433
20437
20440
20444
20448
20451
20455
20458
20462
20465
20469
20472
20476
20480
20484
20488
20493
20497
20502
20506
20510
20515
20519
20524
20528
20532
20537
20541
20546
20550
20554
20559
20563
20568
20572
20576
20581
20585
20590
20594
20598
20602
20606
20610
20614
20618
20622
20626
20630
20634
20638
20642
20646
20650
20654
20658
20662
20666
20670
20674
20678
20682
20686
20690
20693
20697
20701
20705
20709
20713
20717
20721
20725
20729
20733
20737
20741
20745
20748
20752
20756
20760
20764
20768
20772
20776
20780
20784
20788
20792
20796
20800
20805
20810
20815
20821
20826
20831
20836
20842
20847
20852
20857
20863
20868
20873
20878
20884
20889
20894
20900
20906
20913
20920
20927
20933
20940
20947
20954
20961
20968
20974
20981
20988
20995
21002
21008
21015
21022
21029
21036
21042
21049
21056
21063
21070
21074
21078
21083
21087
21091
21096
21100
21104
21109
21113
21117
21122
21126
21130
21135
21139
21143
21148
21152
21156
21161
21165
21170
21174
21178
21182
21186
21190
21194
21198
21202
21206
21210
21214
21218
21222
21227
21231
21235
21239
21243
21247
21251
21255
21259
21263
21267
21271
21275
21280
21284
21288
21292
21296
21300
21304
21308
21312
21316
21320
21324
21328
21332
21336
21340
21344
21348
21352
21355
21360
21364
21368
21372
21375
21380
21387
21395
21403
21410
21418
21426
21434
21441
21449
21457
21465
21472
21480
21488
21495
21503
21511
21519
21526
21534
21542
21550
21553
21557
21561
21565
21568
21572
21576
21580
21584
21587
21591
21595
21599
21603
21606
21610
21614
21618
21622
21625
21629
21633
21637
21641
21644
21648
21652
21656
21660
21663
21666
21669
21672
21676
21679
21682
21685
21689
21692
21695
21698
21702
21705
21708
21711
21715
21718
21721
21724
21727
21731
21734
21737
21740
21744
21747
21750
21753
21757
21760
21763
21766
21770
21773
21777
21781
21785
21789
21793
21796
21800
21804
21808
21812
21816
21820
21823
21827
21831
21835
21839
21843
21846
21850
21854
21858
21862
21866
21870
21873
21877
21881
21885
21888
21892
21896
21900
21904
21907
21911
21915
21919
21923
21926
21930
21934
21938
21942
21945
21949
21953
21957
21961
21964
21968
21972
21976
21980
21984
21988
21993
21997
22002
22006
22010
22015
22019
22024
22028
22032
22037
22041
22046
22050
22054
22059
22063
22068
22072
22076
22081
22085
22090
22094
22098
22102
22106
22110
22114
22118
22122
22126
22130
22134
22138
22142
22146
22150
22154
22158
22162
22166
22170
22174
22178
22182
22186
22190
22195
22200
22205
22210
22215
22220
22225
22230
22235
22240
22245
22250
22255
22260
22265
22270
22275
22280
22285
22290
22295
22300
22314
22328
22342
22357
22371
22385
22400
22409
22418
22427
22436
22445
22455
22464
22473
22482
22491
22500
22510
22516
22523
22530
22537
22544
22551
22558
22565
22571
22578
22585
22592
22599
22606
22613
22620
22626
22633
22640
22647
22654
22661
22668
22675
22681
22688
22695
22702
22709
22716
22723
22730
22738
22747
22756
22764
22773
22782
22790
22799
22808
22816
22825
22834
22842
22851
22860
22867
22875
22883
22890
22898
22906
22913
22921
22929
22936
22944
22952
22960
22966
22973
22980
22987
22994
23001
23008
23015
23021
23028
23035
23042
23049
23056
23063
23070
23077
23084
23091
23098
23105
23112
23120
23127
23134
23141
23148
23155
23162
23170
23176
23183
23190
23197
23204
23211
23218
23225
23231
23238
23245
23252
23259
23266
23273
23280
23287
23295
23303
23310
23318
23326
23333
23341
23349
23356
23364
23372
23380
23387
23394
23401
23409
23416
23424
23431
23438
23445
23453
23460
23468
23475
23482
23490
23497
23504
23512
23519
23526
23534
23541
23548
23556
23563
23570
23578
23585
23592
23600
23609
23618
23627
23636
23645
23654
23663
23672
23681
23690
23700
23707
23715
23723
23731
23739
23747
23755
23762
23770
23778
23786
23794
23802
23810
23816
23822
23828
23835
23841
23847
23853
23860
23866
23872
23878
23884
23891
23897
23903
23910
23916
23923
23930
23937
23944
23951
23958
23965
23971
23978
23985
23992
23999
24006
24013
24020
24028
24036
24045
24053
24061
24070
24078
24086
24095
24103
24111
24120
24127
24135
24142
24150
24157
24165
24172
24180
24187
24195
24202
24210
24217
24224
24232
24240
24247
24255
24263
24271
24279
24287
24295
24302
24310
24318
24326
24334
24342
24350
24355
24360
24365
24371
24376
24381
24386
24392
24397
24402
24407
24413
24418
24423
24428
24434
24439
24444
24450
24457
24465
24473
24481
24489
24497
24505
24512
24520
24528
24536
24544
24552
24560
24567
24575
24583
24590
24598
24606
24613
24621
24629
24636
24644
24652
24660
24666
24673
24680
24687
24694
24701
24708
24715
24721
24728
24735
24742
24749
24756
24763
24770
24779
24788
24797
24806
24815
24824
24833
24842
24851
24860
24870
24877
24885
24893
24901
24909
24917
24925
24932
24940
24948
24956
24964
24972
24980
24987
24995
25003
25011
25019
25027
25035
25042
25050
25058
25066
25074
25082
25090
25097
25104
25111
25118
25125
25132
25140
25147
25154
25161
25168
25175
25182
25190
25197
25205
25213
25221
25229
25237
25245
25252
25260
25268
25276
25284
25292
25300
25306
25313
25320
25326
25333
25340
25346
25353
25360
25366
25373
25380
25386
25393
25400
25406
25412
25419
25425
25432
25438
25445
25451
25458
25464
25471
25477
25484
25490
25497
25503
25510
25517
25525
25532
25540
25547
25555
25562
25570
25577
25585
25592
25600
25607
25615
25622
25630
25636
25643
25650
25657
25664
25671
25678
25685
25691
25698
25705
25712
25719
25726
25733
25740
25746
25752
25759
25765
25772
25778
25785
25791
25798
25804
25811
25817
25824
25830
25837
25843
25850
25856
25863
25870
25876
25883
25890
25896
25903
25910
25916
25923
25930
25936
25943
25950
25959
25968
25977
25986
25995
26005
26014
26023
26032
26041
26050
26060
26069
26078
26087
26096
26105
26114
26123
26132
26141
26150
26160
26167
26174
26182
26189
26196
26204
26211
26218
26226
26233
26240
26248
26255
26262
26270
26276
26282
26288
26295
26301
26307
26313
26320
26326
26332
26338
26345
26351
26357
26363
26370
26376
26383
26390
26397
26404
26411
26418
26425
26431
26438
26445
26452
26459
26466
26473
26480
26486
26493
26500
26507
26514
26521
26528
26535
26541
26548
26555
26562
26569
26576
26583
26590
26596
26603
26610
26616
26623
26630
26636
26643
26650
26656
26663
26670
26676
26683
26690
26697
26705
26713
26721
26729
26737
26745
26752
26760
26768
26776
26784
26792
26800
26810
26821
26832
26843
26853
26864
26875
26886
26896
26907
26918
26929
26940
26947
26954
26962
26969
26976
26984
26991
26998
27006
27013
27020
27028
27035
27042
27050
27055
27061
27066
27072
27077
27083
27088
27094
27100
27105
27111
27116
27122
27127
27133
27138
27144
27150
27156
27162
27168
27175
27181
27187
27194
27200
27206
27213
27219
27225
27232
27238
27244
27251
27257
27263
27270
27277
27285
27293
27300
27308
27316
27323
27331
27339
27346
27354
27362
27370
27375
27381
27387
27393
27398
27404
27410
27416
27422
27427
27433
27439
27445
27451
27456
27462
27468
27474
27480
27488
27496
27505
27513
27522
27530
27539
27547
27556
27564
27573
27581
27590
27600
27610
27620
27630
27640
27650
27660
27670
27680
27690
27698
27706
27715
27723
27732
27740
27749
27757
27766
27774
27783
27791
27800
27810
27820
27830
27840
27850
27860
27869
27880
27890
27900
27910
27919
27930
27940
27950
27960
27970
27980
27990
28000
28010
28016
28022
28028
28034
28040
28046
28052
28058
28065
28071
28077
28083
28089
28095
28101
28107
28113
28120
28127
28135
28143
28151
28159
28167
28175
28182
28190
28198
28206
28214
28222
28230
28235
28240
28245
28250
28255
28260
28265
28270
28275
28280
28285
28290
28295
28300
28305
28310
28315
28320
28325
28330
28335
28340
28347
28355
28363
28370
28378
28386
28393
28401
28409
28416
28424
28432
28440
28446
28452
28459
28465
28472
28478
28485
28491
28498
28504
28511
28517
28524
28530
28537
28543
28550
28562
28575
28587
28600
28612
28625
28637
28650
28657
28666
28674
28682
28689
28698
28706
28714
28721
28730
28738
28746
28753
28762
28770
28776
28783
28790
28796
28803
28810
28816
28823
28830
28836
28843
28850
28856
28863
28870
28877
28885
28892
28900
28907
28915
28922
28930
28937
28945
28952
28960
28967
28974
28982
28990
28997
29005
29013
29021
29029
29037
29045
29052
29060
29068
29076
29084
29092
29100
29109
29118
29127
29136
29145
29154
29163
29172
29181
29190
29200
29210
29220
29230
29240
29250
29259
29270
29279
29290
29299
29310
29319
29328
29337
29346
29355
29364
29373
29382
29391
29400
29410
29422
29434
29446
29458
29471
29483
29495
29507
29520
29531
29542
29553
29564
29575
29586
29597
29608
29620
29632
29644
29656
29668
29680
29692
29704
29715
29727
29740
29747
29754
29762
29769
29776
29784
29791
29798
29806
29813
29820
29828
29835
29842
29850
29864
29878
29892
29907
29921
29935
29950
