6
12
18
24
30
36
42
48
55
61
67
73
79
85
91
97
103
110
116
122
128
135
141
147
153
160
166
172
178
185
191
197
203
210
217
225
233
241
249
257
265
272
280
288
296
304
312
320
332
345
357
370
382
395
407
420
426
432
438
444
450
456
462
468
475
481
487
493
499
505
511
517
523
530
539
548
557
566
575
584
593
602
611
620
630
642
654
666
678
691
703
715
727
740
744
749
753
758
762
767
772
776
781
785
790
794
799
804
808
813
817
822
827
831
836
840
845
850
855
861
867
873
879
885
891
897
902
908
914
920
926
932
938
944
950
958
966
975
983
992
1000
1009
1017
1026
1034
1043
1051
1060
1066
1072
1078
1085
1091
1097
1103
1109
1116
1122
1128
1135
1141
1147
1153
1160
1170
1181
1192
1203
1214
1225
1235
1246
1257
1268
1279
1290
1300
1310
1320
1330
1339
1349
1359
1369
1380
1390
1399
1408
1417
1426
1435
1444
1454
1463
1472
1481
1490
1500
1517
1534
1551
1568
1585
1602
1620
1636
1653
1670
1686
1703
1720
1730
1741
1752
1763
1774
1785
1796
1807
1818
1829
1840
1856
1873
1890
1906
1923
1940
1955
1971
1987
2002
2018
2034
2050
2056
2062
2068
2074
2081
2087
2093
2099
2106
2112
2118
2125
2131
2137
2143
2150
2157
2164
2171
2178
2185
2192
2199
2206
2213
2220
2227
2234
2241
2248
2255
2262
2270
2277
2284
2292
2299
2306
2314
2321
2328
2336
2343
2350
2358
2365
2372
2380
2386
2392
2398
2404
2410
2416
2422
2428
2435
2441
2447
2453
2459
2465
2471
2477
2483
2490
2496
2502
2509
2515
2522
2528
2535
2541
2548
2554
2561
2567
2574
2580
2587
2593
2600
2606
2612
2618
2625
2631
2637
2643
2650
2656
2662
2668
2675
2681
2687
2693
2700
2706
2712
2719
2725
2732
2738
2745
2751
2758
2764
2771
2777
2784
2790
2797
2803
2810
2820
2830
2840
2850
2860
2870
2880
2890
2900
2910
2918
2926
2935
2943
2952
2960
2969
2977
2986
2994
3003
3011
3020
3030
3040
3050
3060
3070
3080
3090
3100
3110
3120
3130
3140
3152
3164
3176
3188
3201
3213
3225
3237
3250
3265
3281
3297
3312
3328
3344
3360
3380
3400
3420
3440
3460
3471
3481
3493
3504
3514
3526
3537
3548
3558
3570
3580
3590
3600
3610
3620
3630
3640
3650
3660
3670
3680
3694
3708
3723
3737
3752
3766
3781
3795
3810
3827
3845
3862
3880
3897
3915
3932
3950
3982
4015
4047
4080
4105
4130
4154
4180
4202
4224
4246
4268
4290
4312
4334
4356
4378
4400
4412
4424
4436
4448
4461
4473
4485
4497
4510
4523
4536
4550
4563
4576
4590
4603
4616
4630
4652
4674
4696
4718
4740
4748
4756
4765
4773
4782
4790
4799
4807
4816
4824
4833
4841
4850
4863
4877
4891
4904
4918
4932
4946
4960
4975
4991
5007
5022
5038
5054
5070
5081
5092
5103
5114
5125
5136
5147
5157
5169
5180
5189
5200
5210
5220
5229
5240
5250
5260
5270
5280
5290
5298
5306
5315
5323
5332
5340
5349
5357
5366
5374
5383
5391
5400
5413
5427
5441
5455
5468
5482
5496
5510
5522
5534
5546
5558
5571
5583
5595
5607
5620
5628
5636
5645
5653
5661
5670
5678
5686
5695
5703
5711
5720
5731
5742
5753
5764
5775
5786
5797
5808
5819
5830
5838
5846
5855
5863
5871
5880
5888
5896
5904
5913
5921
5930
5939
5949
5960
5970
5979
5989
6000
6010
6020
6029
6040
6050
6060
6072
6084
6096
6108
6121
6133
6145
6157
6170
6181
6192
6203
6214
6225
6236
6247
6258
6269
6280
6295
6311
6327
6342
6358
6374
6390
6407
6424
6441
6458
6475
6492
6510
6523
6537
6551
6564
6578
6592
6606
6620
6631
6642
6653
6664
6675
6686
6697
6708
6720
6729
6738
6747
6756
6766
6775
6784
6793
6803
6812
6821
6830
6840
6850
6860
6870
6880
6890
6900
6910
6920
6930
6940
6950
6961
6972
6983
6994
7005
7016
7027
7037
7048
7060
7069
7080
7090
7100
7109
7120
7130
7140
7150
7160
7169
7178
7187
7196
7205
7215
7224
7233
7242
7251
7260
7270
7277
7284
7292
7299
7306
7314
7321
7328
7335
7343
7350
7358
7365
7372
7380
7387
7395
7403
7411
7419
7427
7435
7442
7450
7458
7466
7474
7482
7490
7497
7505
7513
7521
7529
7537
7545
7552
7560
7568
7576
7584
7592
7600
7609
7618
7627
7636
7645
7654
7664
7673
7682
7691
7700
7710
7718
7726
7734
7742
7750
7758
7766
7774
7782
7790
7798
7806
7814
7822
7830
7837
7845
7853
7860
7868
7876
7883
7891
7899
7906
7914
7922
7930
7937
7945
7953
7961
7969
7977
7984
7992
8000
8008
8016
8024
8032
8039
8049
8059
8070
8080
8090
8100
8109
8120
8130
8140
8146
8152
8159
8165
8172
8178
8185
8191
8198
8204
8211
8217
8224
8230
8237
8243
8250
8255
8261
8267
8273
8278
8284
8290
8296
8302
8307
8313
8319
8325
8331
8336
8342
8348
8354
8360
8369
8378
8387
8396
8405
8414
8423
8432
8441
8450
8460
8469
8478
8487
8496
8506
8515
8524
8533
8543
8552
8561
8570
8580
8585
8590
8595
8601
8606
8611
8616
8622
8627
8632
8637
8643
8648
8653
8658
8664
8669
8674
8680
8686
8693
8700
8706
8713
8720
8726
8733
8740
8746
8753
8760
8766
8773
8780
8786
8793
8800
8806
8812
8818
8825
8831
8837
8843
8850
8856
8862
8868
8875
8881
8887
8893
8900
8907
8914
8922
8929
8936
8944
8951
8958
8966
8973
8980
8988
8995
9002
9010
9017
9024
9032
9039
9046
9054
9061
9068
9075
9083
9090
9097
9105
9112
9120
9126
9133
9139
9146
9153
9160
9166
9173
9180
9186
9193
9200
9206
9213
9220
9227
9235
9243
9251
9259
9267
9275
9282
9290
9298
9306
9314
9322
9330
9335
9341
9347
9353
9359
9365
9371
9377
9382
9388
9394
9400
9406
9412
9418
9424
9430
9436
9442
9448
9454
9460
9466
9472
9478
9485
9491
9497
9503
9509
9515
9521
9527
9533
9540
9545
9550
9555
9561
9566
9571
9576
9582
9587
9592
9597
9603
9608
9613
9618
9624
9629
9634
9640
9645
9651
9656
9662
9667
9673
9678
9684
9689
9695
9700
9706
9711
9717
9722
9728
9733
9739
9744
9750
9755
9761
9767
9773
9778
9784
9790
9796
9802
9807
9813
9819
9825
9831
9836
9842
9848
9854
9860
9865
9871
9877
9883
9889
9895
9901
9907
9912
9918
9924
9930
9936
9942
9948
9954
9960
9964
9968
9973
9977
9982
9986
9990
9995
9999
10004
10008
10012
10017
10021
10026
10030
10034
10039
10043
10048
10052
10056
10061
10065
10070
10074
10078
10083
10087
10091
10096
10100
10104
10109
10113
10117
10122
10126
10130
10135
10139
10143
10148
10152
10156
10161
10165
10170
10183
10196
10209
10223
10236
10250
10263
10276
10290
10297
10304
10311
10318
10325
10332
10340
10347
10354
10361
10368
10375
10382
10390
10400
10410
10420
10430
10440
10450
10460
10470
10480
10490
10500
10512
10524
10536
10548
10561
10573
10585
10597
10610
10635
10660
10685
10710
10728
10746
10765
10783
10801
10820
10847
10875
10902
10930
10943
10957
10971
10985
10998
11012
11026
11040
11058
11076
11094
11113
11131
11150
11162
11174
11186
11198
11210
11222
11234
11246
11258
11270
11297
11325
11352
11380
11412
11445
11477
11510
11537
11565
11592
11620
11637
11654
11671
11688
11705
11722
11740
11753
11766
11780
11793
11806
11820
11833
11846
11860
11874
11888
11902
11917
11931
11945
11960
11973
11986
12000
12013
12026
12040
12053
12066
12080
12093
12107
12121
12135
12148
12162
12176
12190
12197
12204
12212
12219
12226
12234
12241
12248
12256
12263
12270
12278
12285
12292
12300
12316
12333
12350
12366
12383
12400
12413
12427
12441
12455
12468
12482
12496
12510
12523
12537
12551
12565
12578
12592
12606
12620
12629
12638
12647
12656
12665
12674
12683
12692
12701
12710
12720
12727
12735
12743
12751
12759
12767
12775
12782
12790
12798
12806
12814
12822
12830
12837
12845
12853
12860
12868
12876
12883
12891
12899
12906
12914
12922
12930
12940
12950
12960
12970
12980
12990
13000
13010
13020
13030
13040
13050
13058
13066
13075
13083
13091
13100
13108
13116
13125
13133
13141
13150
13160
13170
13180
13190
13200
13210
13220
13230
13240
13250
13260
13270
13282
13293
13304
13315
13325
13337
13347
13359
13370
13377
13384
13391
13398
13405
13412
13420
13427
13434
13441
13448
13455
13462
13470
13477
13485
13493
13501
13509
13517
13525
13532
13540
13548
13556
13564
13572
13580
13584
13589
13593
13598
13602
13607
13611
13616
13620
13625
13629
13634
13639
13643
13648
13652
13657
13661
13666
13670
13675
13680
13686
13692
13698
13704
13710
13716
13722
13728
13735
13741
13747
13753
13759
13765
13771
13777
13783
13790
13795
13801
13807
13813
13819
13825
13831
13837
13842
13848
13854
13860
13866
13872
13878
13884
13890
13895
13900
13905
13910
13916
13921
13926
13931
13937
13942
13947
13952
13958
13963
13968
13973
13979
13984
13989
13994
14000
14005
14011
14016
14022
14027
14033
14038
14044
14049
14055
14060
14065
14071
14077
14082
14088
14093
14099
14104
14110
14116
14123
14129
14136
14143
14150
14156
14163
14170
14176
14183
14190
14196
14203
14210
14216
14223
14230
14237
14244
14251
14258
14265
14271
14278
14285
14292
14299
14306
14313
14320
14325
14330
14335
14341
14346
14351
14356
14362
14367
14372
14377
14383
14388
14393
14398
14404
14409
14414
14420
14425
14431
14437
14443
14448
14454
14460
14466
14472
14477
14483
14489
14495
14501
14506
14512
14518
14524
14530
14535
14541
14546
14552
14557
14563
14568
14574
14580
14585
14591
14596
14602
14607
14613
14618
14624
14630
14638
14646
14655
14663
14672
14680
14689
14697
14706
14714
14723
14731
14740
14751
14762
14773
14784
14795
14806
14817
14828
14839
14850
14857
14865
14873
14880
14888
14896
14903
14911
14919
14926
14934
14942
14950
14955
14961
14967
14972
14978
14984
14990
14995
15001
15007
15012
15018
15024
15030
15035
15041
15047
15052
15058
15064
15070
15076
15082
15088
15094
15100
15106
15112
15118
15125
15131
15137
15143
15149
15155
15161
15167
15173
15180
15186
15192
15198
15204
15210
15216
15222
15228
15235
15241
15247
15253
15259
15265
15271
15277
15283
15290
15294
15299
15304
15309
15313
15318
15323
15328
15332
15337
15342
15347
15351
15356
15361
15366
15370
15375
15380
15385
15390
15394
15398
15402
15406
15411
15415
15419
15423
15428
15432
15436
15440
15445
15449
15453
15457
15461
15466
15470
15474
15478
15483
15487
15491
15495
15500
15505
15510
15515
15520
15525
15530
15535
15540
15545
15549
15555
15560
15565
15570
15575
15580
15584
15590
15594
15600
15604
15610
15615
15620
15625
15629
15635
15640
15645
15650
15655
15660
15665
15670
15675
15680
15685
15690
15695
15700
15705
15710
15716
15722
15728
15734
15740
15746
15752
15758
15765
15771
15777
15783
15789
15795
15801
15807
15813
15820
15827
15835
15843
15850
15858
15866
15873
15881
15889
15896
15904
15912
15920
15925
15931
15937
15943
15948
15954
15960
15966
15972
15977
15983
15989
15995
16001
16006
16012
16018
16024
16030
16034
16039
16044
16049
16053
16058
16063
16068
16072
16077
16082
16087
16091
16096
16101
16106
16110
16115
16120
16125
16129
16134
16139
16143
16148
16152
16157
16162
16166
16171
16175
16180
16184
16189
16194
16198
16203
16207
16212
16217
16221
16226
16230
16235
16239
16244
16247
16251
16256
16259
16264
16267
16271
16276
16279
16283
16288
16291
16296
16299
16303
16308
16311
16315
16320
16323
16328
16332
16335
16340
16343
16347
16352
16355
16360
16365
16371
16376
16382
16387
16393
16398
16404
16410
16415
16421
16426
16432
16437
16443
16448
16454
16460
16465
16471
16477
16483
16488
16494
16500
16506
16512
16517
16523
16529
16535
16541
16546
16552
16558
16564
16570
16577
16585
16593
16600
16608
16616
16623
16631
16639
16646
16654
16662
16670
16677
16685
16693
16701
16709
16717
16725
16732
16740
16748
16756
16764
16772
16780
16786
16793
16800
16806
16813
16820
16826
16833
16840
16846
16853
16860
16866
16873
16880
16887
16894
16901
16909
16916
16924
16931
16938
16945
16953
16960
16968
16975
16982
16990
16997
17005
17013
17021
17029
17037
17045
17052
17060
17068
17076
17084
17092
17100
17109
17118
17127
17136
17145
17154
17163
17172
17181
17190
17200
17207
17215
17223
17231
17239
17247
17255
17262
17270
17278
17286
17294
17302
17310
17317
17325
17333
17340
17348
17356
17363
17371
17379
17386
17394
17402
17410
17417
17424
17432
17439
17446
17454
17461
17468
17476
17483
17490
17498
17505
17512
17520
17526
17532
17538
17544
17550
17556
17562
17568
17575
17581
17587
17593
17599
17605
17611
17617
17623
17630
17636
17642
17649
17655
17662
17668
17675
17681
17688
17694
17701
17707
17714
17720
17727
17733
17740
17746
17752
17759
17765
17772
17778
17785
17791
17798
17804
17811
17817
17824
17830
17837
17843
17850
17858
17866
17875
17883
17891
17900
17908
17916
17925
17933
17941
17950
17957
17964
17971
17979
17986
17994
18001
18008
18016
18023
18030
18038
18045
18052
18060
18068
18076
18085
18093
18101
18110
18118
18126
18134
18143
18151
18160
18167
18175
18183
18191
18199
18207
18215
18222
18230
18238
18246
18254
18262
18270
18277
18284
18291
18299
18306
18314
18321
18328
18336
18343
18350
18358
18365
18372
18380
18388
18396
18405
18413
18422
18430
18439
18447
18456
18464
18473
18481
18490
18497
18505
18513
18521
18529
18537
18545
18552
18560
18568
18576
18584
18592
18600
18605
18611
18617
18623
18629
18635
18641
18647
18652
18658
18664
18670
18676
18682
18688
18694
18700
18705
18710
18715
18720
18726
18731
18736
18741
18747
18752
18757
18762
18768
18773
18778
18783
18789
18794
18799
18804
18810
18815
18821
18827
18833
18839
18845
18851
18857
18862
18868
18874
18880
18886
18892
18898
18904
18910
18921
18932
18943
18954
18965
18976
18987
18998
19009
19020
19032
19044
19056
19068
19081
19093
19105
19117
19130
19151
19174
19195
19218
19240
19259
19279
19299
19320
19340
19360
19380
19410
19439
19470
19500
19508
19516
19525
19533
19542
19550
19559
19567
19576
19584
19593
19601
19610
19616
19622
19628
19634
19641
19647
19653
19660
19666
19672
19678
19685
19691
19697
19703
19710
19717
19724
19732
19739
19746
19754
19761
19768
19776
19783
19790
19798
19805
19812
19820
19825
19831
19837
19843
19848
19854
19860
19866
19872
19877
19883
19889
19895
19901
19906
19912
19918
19924
19930
19944
19958
19973
19987
20002
20016
20031
20045
20060
20085
20110
20134
20160
20187
20215
20242
20270
20280
20290
20300
20310
20320
20330
20340
20349
20360
20369
20380
20393
20406
20419
20433
20446
20460
20473
20486
20500
20513
20527
20541
20555
20568
20582
20596
20610
20626
20643
20660
20676
20693
20710
20725
20741
20757
20772
20788
20804
20820
20828
20836
20845
20853
20861
20870
20878
20886
20895
20903
20911
20920
20927
20935
20943
20951
20959
20967
20975
20982
20990
20998
21006
21014
21022
21030
21036
21043
21050
21056
21063
21070
21076
21083
21090
21096
21103
21110
21116
21123
21130
21140
21150
21160
21169
21180
21190
21200
21210
21220
21230
21240
21250
21260
21281
21303
21325
21346
21368
21390
21399
21408
21417
21426
21435
21445
21454
21463
21472
21481
21490
21500
21508
21516
21525
21533
21542
21550
21559
21567
21576
21584
21593
21601
21610
21615
21621
21626
21631
21637
21643
21648
21654
21659
21665
21670
21676
21681
21686
21692
21698
21703
21709
21714
21720
21726
21732
21738
21744
21750
21756
21762
21768
21775
21781
21787
21793
21799
21805
21811
21817
21823
21830
21838
21846
21854
21863
21871
21880
21888
21896
21905
21913
21921
21930
21935
21940
21945
21950
21955
21960
21965
21970
21974
21980
21985
21990
21995
22000
22005
22009
22015
22020
22025
22029
22035
22040
22049
22058
22067
22076
22085
22094
22103
22112
22121
22130
22140
22155
22171
22187
22202
22218
22234
22250
22254
22259
22263
22268
22272
22277
22282
22286
22291
22295
22300
22305
22309
22314
22318
22323
22327
22332
22337
22341
22346
22350
22355
22360
22368
22376
22384
22393
22401
22410
22418
22426
22435
22443
22451
22460
22463
22467
22470
22474
22477
22481
22484
22488
22491
22495
22499
22502
22506
22509
22513
22516
22520
22523
22527
22530
22534
22538
22541
22545
22548
22552
22555
22559
22562
22566
22570
22574
22578
22582
22586
22590
22594
22598
22602
22606
22610
22614
22618
22622
22626
22630
22634
22638
22642
22646
22650
22654
22658
22662
22666
22670
22674
22678
22682
22686
22691
22695
22699
22703
22708
22712
22716
22720
22725
22729
22733
22737
22741
22746
22750
22754
22758
22763
22767
22771
22775
22780
22783
22786
22789
22792
22796
22799
22802
22805
22809
22812
22815
22818
22821
22825
22828
22831
22834
22838
22841
22844
22847
22850
22854
22857
22860
22863
22867
22870
22873
22876
22880
22883
22887
22891
22894
22898
22901
22905
22909
22913
22916
22920
22924
22927
22931
22935
22938
22942
22945
22949
22953
22956
22960
22964
22968
22971
22975
22979
22982
22986
22990
22993
22997
23001
23005
23009
23013
23017
23021
23025
23029
23033
23037
23041
23045
23048
23052
23056
23060
23064
23068
23072
23076
23080
23084
23088
23092
23096
23100
23103
23107
23111
23115
23119
23123
23126
23130
23134
23138
23142
23146
23150
23153
23157
23161
23165
23169
23173
23176
23180
23184
23188
23192
23196
23200
23205
23211
23217
23223
23228
23234
23240
23246
23252
23257
23263
23269
23275
23281
23286
23292
23298
23304
23310
23316
23323
23330
23336
23343
23349
23356
23363
23370
23376
23383
23390
23396
23403
23410
23417
23425
23433
23441
23449
23457
23465
23472
23480
23488
23496
23504
23512
23520
23529
23538
23547
23556
23565
23575
23584
23593
23602
23611
23620
23630
23637
23644
23651
23659
23666
23674
23681
23688
23695
23703
23710
23718
23725
23732
23740
23746
23752
23759
23765
23772
23778
23785
23791
23798
23804
23811
23817
23824
23830
23837
23843
23850
23858
23866
23875
23883
23891
23900
23908
23916
23925
23933
23941
23950
23957
23964
23971
23979
23986
23994
24001
24008
24016
24023
24030
24038
24045
24052
24060
24066
24073
24080
24086
24093
24099
24106
24113
24120
24126
24133
24140
24146
24153
24160
24166
24172
24179
24185
24192
24198
24205
24211
24218
24224
24231
24237
24244
24250
24257
24263
24270
24275
24281
24287
24293
24298
24304
24310
24316
24322
24327
24333
24339
24345
24351
24356
24362
24368
24374
24380
24385
24391
24397
24403
24408
24414
24420
24426
24432
24437
24443
24449
24455
24461
24466
24472
24478
24484
24490
24496
24502
24509
24515
24522
24528
24535
24541
24548
24554
24561
24567
24574
24580
24587
24593
24600
24605
24611
24617
24623
24629
24635
24641
24647
24652
24658
24664
24670
24676
24682
24688
24694
24700
24704
24708
24713
24717
24721
24726
24730
24735
24739
24744
24748
24752
24757
24761
24766
24770
24774
24779
24783
24788
24792
24796
24801
24805
24810
24815
24820
24825
24831
24836
24841
24846
24852
24857
24862
24867
24873
24878
24883
24888
24894
24899
24904
24910
24915
24921
24926
24932
24937
24943
24948
24954
24959
24965
24970
24976
24981
24987
24992
24998
25003
25009
25014
25020
25026
25032
25039
25045
25052
25058
25065
25071
25078
25084
25091
25097
25104
25110
25117
25123
25130
25136
25142
25149
25155
25162
25168
25175
25181
25188
25194
25201
25207
25214
25220
25227
25233
25240
25247
25254
25262
25269
25276
25284
25291
25298
25306
25313
25320
25328
25335
25342
25350
25357
25364
25371
25378
25385
25392
25400
25407
25414
25421
25428
25435
25442
25450
25457
25464
25471
25479
25486
25494
25501
25508
25516
25523
25530
25538
25545
25552
25560
25566
25573
25580
25586
25593
25599
25606
25613
25620
25626
25633
25640
25646
25653
25660
25667
25675
25683
25691
25699
25707
25715
25722
25730
25738
25746
25754
25762
25770
25779
25788
25797
25806
25815
25825
25834
25843
25852
25861
25870
25880
25888
25896
25905
25913
25922
25930
25939
25947
25956
25964
25973
25981
25990
25998
26006
26015
26023
26032
26040
26049
26057
26066
26074
26083
26091
26100
26110
26120
26130
26140
26150
26160
26170
26180
26189
26200
26207
26215
26223
26231
26239
26247
26255
26262
26270
26278
26286
26294
26302
26310
26316
26322
26328
26335
26341
26347
26353
26360
26366
26372
26378
26384
26391
26397
26403
26410
26417
26424
26432
26439
26446
26454
26461
26468
26476
26483
26490
26498
26505
26512
26520
26528
26536
26545
26553
26562
26570
26579
26587
26596
26604
26613
26621
26630
26638
26646
26655
26663
26672
26680
26689
26697
26706
26714
26723
26731
26740
26746
26752
26759
26765
26772
26778
26785
26791
26798
26804
26811
26817
26824
26830
26837
26843
26850
26858
26866
26875
26883
26891
26900
26908
26916
26925
26933
26941
26950
26960
26970
26980
26990
27000
27009
27020
27029
27040
27049
27060
27068
27076
27085
27093
27101
27110
27118
27126
27134
27143
27151
27160
27168
27177
27185
27194
27202
27211
27220
27228
27237
27245
27254
27262
27271
27280
27284
27289
27294
27299
27303
27308
27313
27318
27322
27327
27332
27337
27341
27346
27351
27356
27360
27365
27370
27375
27380
27387
27394
27401
27409
27416
27424
27431
27438
27445
27453
27460
27468
27475
27482
27490
27497
27505
27512
27520
27527
27535
27542
27549
27557
27564
27572
27580
27587
27595
27602
27610
27615
27621
27626
27632
27637
27643
27648
27654
27660
27665
27671
27676
27682
27687
27693
27698
27704
27710
27717
27724
27732
27739
27746
27754
27761
27768
27776
27783
27790
27798
27805
27812
27820
27828
27836
27845
27853
27861
27870
27878
27886
27895
27903
27911
27920
27926
27933
27940
27947
27954
27961
27968
27975
27981
27988
27995
28002
28009
28016
28023
28030
28039
28048
28057
28066
28075
28085
28094
28103
28112
28121
28130
28140
28155
28170
28185
28200
28215
28230
28245
28260
28275
28290
28305
28320
28335
28350
28365
28380
28387
28395
28403
28411
28419
28427
28435
28442
28450
28458
28466
28474
28482
28490
28499
28508
28517
28526
28535
28545
28554
28563
28572
28581
28590
28600
28608
28616
28625
28633
28641
28650
28658
28666
28675
28683
28691
28700
28708
28716
28725
28733
28742
28750
28759
28767
28776
28784
28793
28801
28810
28819
28828
28837
28846
28855
28864
28873
28882
28891
28900
28910
28918
28926
28935
28943
28952
28960
28969
28977
28986
28994
29003
29011
29020
29028
29037
29045
29054
29062
29071
29080
29088
29097
29105
29114
29122
29131
29140
29148
29156
29165
29173
29182
29190
29199
29207
29216
29224
29233
29241
29250
29260
29271
29282
29293
29304
29315
29326
29337
29348
29359
29370
29381
29392
29403
29414
29425
29436
29447
29458
29470
29480
29490
29500
29509
29520
29529
29540
29549
29560
29569
29580
29588
29596
29605
29613
29622
29630
29639
29647
29656
29664
29673
29681
29690
29698
29706
29715
29723
29732
29740
29749
29757
29766
29774
29783
29791
29800
29811
29822
29833
29844
29855
29866
29877
29888
29899
29910
