2
5
8
11
13
16
19
22
24
27
30
33
35
38
41
44
46
49
52
54
57
60
63
66
68
71
74
77
79
82
85
88
90
93
96
98
101
104
107
109
113
117
121
125
129
133
136
140
144
148
152
156
160
163
167
171
175
179
183
186
190
194
198
202
206
210
213
216
219
222
225
228
231
234
237
240
243
246
249
252
255
258
261
265
268
271
274
277
280
283
286
289
292
295
298
301
304
307
310
313
316
320
324
328
332
336
340
344
348
352
356
360
364
368
372
376
380
384
388
392
396
400
403
408
412
416
420
430
440
449
459
470
480
490
500
510
520
530
539
549
559
570
580
590
592
594
597
599
602
604
607
609
611
614
616
619
621
624
626
629
631
633
636
638
641
643
646
648
650
653
655
658
660
663
665
668
670
672
675
677
680
682
685
687
690
697
705
712
720
727
735
743
750
758
765
773
780
788
796
803
811
818
826
833
841
849
856
864
871
879
886
894
902
909
917
924
932
940
943
946
949
952
955
958
961
964
967
970
973
976
979
982
985
988
991
995
998
1001
1004
1007
1010
1013
1016
1019
1022
1025
1028
1031
1034
1037
1040
1043
1046
1050
1053
1056
1059
1062
1066
1069
1072
1075
1079
1082
1085
1088
1091
1095
1098
1101
1104
1108
1111
1114
1117
1120
1124
1127
1130
1133
1137
1140
1143
1146
1150
1153
1157
1161
1165
1168
1172
1176
1180
1184
1187
1191
1195
1199
1203
1206
1210
1214
1218
1222
1225
1229
1233
1237
1241
1244
1248
1252
1256
1260
1263
1267
1271
1275
1279
1283
1287
1291
1295
1299
1303
1307
1311
1315
1318
1322
1326
1330
1334
1338
1342
1346
1350
1354
1358
1362
1366
1370
1373
1376
1379
1382
1386
1389
1392
1395
1399
1402
1405
1408
1411
1415
1418
1421
1424
1428
1431
1434
1437
1440
1444
1447
1450
1453
1457
1460
1463
1466
1470
1474
1478
1482
1487
1491
1495
1500
1504
1508
1512
1517
1521
1525
1530
1534
1538
1542
1547
1551
1555
1560
1564
1568
1572
1577
1581
1585
1590
1594
1598
1602
1606
1610
1614
1618
1622
1626
1630
1634
1638
1642
1646
1650
1654
1658
1662
1666
1670
1674
1678
1682
1686
1690
1710
1730
1750
1770
1790
1810
1812
1815
1818
1821
1824
1827
1830
1833
1836
1839
1842
1845
1848
1851
1854
1857
1859
1862
1865
1868
1871
1874
1877
1880
1883
1886
1889
1892
1895
1898
1901
1904
1907
1910
1913
1917
1921
1925
1928
1932
1936
1940
1944
1947
1951
1955
1959
1963
1966
1970
1974
1978
1982
1985
1989
1993
1997
2001
2004
2008
2012
2016
2020
2023
2026
2029
2032
2035
2038
2041
2045
2048
2051
2054
2057
2060
2064
2067
2070
2073
2076
2079
2082
2086
2089
2092
2095
2098
2101
2104
2108
2111
2114
2117
2120
2123
2126
2130
2133
2137
2141
2145
2149
2153
2157
2161
2165
2169
2173
2177
2181
2185
2188
2192
2196
2200
2204
2208
2212
2216
2220
2224
2228
2232
2236
2240
2244
2249
2254
2259
2263
2268
2273
2278
2283
2287
2292
2297
2302
2306
2311
2316
2321
2326
2330
2335
2340
2345
2350
2354
2358
2363
2367
2372
2376
2380
2385
2389
2394
2398
2402
2407
2411
2416
2420
2424
2429
2433
2438
2442
2446
2451
2455
2460
2466
2473
2480
2487
2494
2501
2508
2515
2522
2529
2536
2543
2550
2557
2564
2571
2578
2585
2592
2599
2606
2613
2620
2623
2627
2631
2634
2638
2642
2645
2649
2653
2657
2660
2664
2668
2671
2675
2679
2682
2686
2690
2694
2697
2701
2705
2708
2712
2716
2720
2724
2728
2732
2736
2740
2744
2748
2752
2756
2760
2764
2768
2772
2776
2780
2784
2788
2792
2796
2800
2804
2808
2812
2816
2820
2824
2828
2832
2836
2840
2852
2864
2877
2890
2902
2915
2927
2940
2952
2965
2977
2990
2993
2996
3000
3003
3006
3010
3013
3016
3020
3023
3026
3030
3033
3036
3040
3043
3046
3050
3053
3056
3060
3063
3066
3070
3073
3076
3080
3083
3086
3090
3093
3096
3100
3103
3107
3111
3114
3118
3122
3125
3129
3133
3137
3140
3144
3148
3151
3155
3159
3162
3166
3170
3174
3177
3181
3185
3188
3192
3196
3200
3204
3209
3214
3219
3223
3228
3233
3238
3243
3247
3252
3257
3262
3266
3271
3276
3281
3286
3290
3295
3300
3305
3310
3317
3325
3332
3340
3348
3355
3363
3370
3378
3386
3393
3401
3409
3416
3424
3431
3439
3447
3454
3462
3470
3472
3475
3478
3480
3483
3486
3488
3491
3494
3496
3499
3502
3504
3507
3510
3512
3515
3518
3520
3523
3526
3529
3531
3534
3537
3539
3542
3545
3547
3550
3553
3555
3558
3561
3563
3566
3569
3571
3574
3577
3580
3583
3587
3591
3595
3599
3603
3606
3610
3614
3618
3622
3626
3630
3633
3637
3641
3645
3649
3653
3656
3660
3664
3668
3672
3676
3680
3683
3687
3690
3694
3697
3701
3704
3708
3711
3715
3719
3722
3726
3729
3733
3736
3740
3743
3747
3750
3754
3758
3761
3765
3768
3772
3775
3779
3782
3786
3790
3793
3796
3799
3802
3805
3808
3811
3815
3818
3821
3824
3827
3830
3833
3836
3840
3843
3846
3849
3852
3855
3858
3861
3865
3868
3871
3874
3877
3880
3883
3886
3890
3894
3898
3902
3906
3910
3914
3918
3922
3926
3930
3934
3938
3942
3947
3951
3955
3959
3963
3967
3971
3975
3979
3983
3987
3991
3995
4000
4003
4006
4010
4013
4016
4020
4023
4026
4030
4033
4036
4040
4043
4046
4050
4053
4056
4060
4063
4066
4070
4073
4076
4080
4083
4086
4090
4093
4096
4100
4103
4106
4110
4113
4117
4121
4124
4128
4132
4135
4139
4143
4147
4150
4154
4158
4161
4165
4169
4172
4176
4180
4184
4187
4191
4195
4198
4202
4206
4210
4213
4217
4221
4225
4229
4233
4237
4241
4245
4249
4253
4257
4261
4265
4268
4272
4276
4280
4284
4288
4292
4296
4300
4304
4308
4312
4316
4320
4323
4326
4330
4333
4336
4340
4343
4346
4350
4353
4356
4360
4363
4366
4370
4373
4376
4380
4383
4386
4390
4393
4396
4400
4403
4406
4410
4413
4416
4420
4423
4427
4431
4434
4438
4442
4445
4449
4453
4456
4460
4464
4467
4471
4475
4478
4482
4486
4489
4493
4497
4500
4504
4508
4511
4515
4519
4522
4526
4530
4533
4536
4540
4543
4546
4550
4553
4556
4560
4563
4566
4570
4573
4576
4580
4583
4586
4590
4593
4596
4600
4603
4606
4610
4613
4616
4620
4623
4626
4630
4633
4637
4641
4645
4649
4653
4657
4661
4665
4669
4673
4677
4681
4685
4688
4692
4696
4700
4704
4708
4712
4716
4720
4724
4728
4732
4736
4740
4742
4745
4748
4751
4754
4757
4760
4763
4766
4769
4772
4775
4778
4781
4784
4787
4790
4793
4796
4799
4802
4805
4808
4811
4814
4817
4820
4823
4826
4829
4832
4835
4838
4841
4844
4847
4850
4854
4858
4862
4866
4870
4874
4878
4882
4886
4890
4894
4898
4902
4906
4910
4914
4918
4922
4926
4930
4934
4938
4942
4946
4950
4953
4957
4961
4965
4968
4972
4976
4980
4984
4987
4991
4995
4999
5003
5006
5010
5014
5018
5022
5025
5029
5033
5037
5041
5044
5048
5052
5056
5060
5096
5133
5170
5173
5176
5180
5183
5187
5190
5194
5197
5200
5204
5207
5211
5214
5218
5221
5224
5228
5231
5235
5238
5242
5245
5248
5252
5255
5259
5262
5266
5269
5272
5276
5279
5283
5286
5290
5296
5302
5308
5315
5321
5327
5334
5340
5346
5353
5359
5365
5372
5378
5384
5391
5397
5403
5410
5413
5417
5420
5424
5427
5431
5434
5438
5441
5445
5449
5452
5456
5459
5463
5466
5470
5473
5477
5480
5484
5488
5491
5495
5498
5502
5505
5509
5512
5516
5520
5523
5527
5530
5534
5537
5541
5544
5548
5551
5555
5559
5562
5566
5569
5573
5576
5580
5583
5587
5590
5594
5598
5601
5605
5608
5612
5615
5619
5622
5626
5630
5633
5637
5641
5645
5649
5653
5657
5661
5665
5669
5673
5677
5681
5685
5688
5692
5696
5700
5704
5708
5712
5716
5720
5724
5728
5732
5736
5740
5743
5747
5751
5755
5759
5763
5767
5771
5775
5779
5783
5787
5791
5795
5798
5802
5806
5810
5814
5818
5822
5826
5830
5834
5838
5842
5846
5850
5853
5857
5860
5864
5867
5871
5875
5878
5882
5885
5889
5892
5896
5900
5903
5907
5910
5914
5917
5921
5925
5928
5932
5935
5939
5942
5946
5950
5953
5957
5961
5965
5969
5973
5977
5981
5985
5989
5993
5997
6001
6005
6008
6012
6016
6020
6024
6028
6032
6036
6040
6044
6048
6052
6056
6060
6064
6068
6073
6077
6081
6086
6090
6094
6099
6103
6107
6112
6116
6120
6125
6129
6133
6138
6142
6146
6151
6155
6160
6164
6168
6172
6176
6180
6184
6188
6192
6196
6200
6204
6208
6212
6217
6221
6225
6229
6233
6237
6241
6245
6249
6253
6257
6261
6265
6270
6277
6285
6292
6300
6307
6315
6323
6330
6338
6345
6353
6361
6368
6376
6383
6391
6398
6406
6414
6421
6429
6436
6444
6452
6459
6467
6474
6482
6490
6493
6496
6499
6502
6505
6508
6511
6514
6517
6520
6523
6526
6529
6532
6535
6538
6541
6545
6548
6551
6554
6557
6560
6563
6566
6569
6572
6575
6578
6581
6584
6587
6590
6593
6596
6600
6604
6608
6612
6616
6620
6625
6629
6633
6637
6641
6645
6650
6654
6658
6662
6666
6670
6675
6679
6683
6687
6691
6695
6700
6703
6706
6710
6713
6716
6720
6723
6726
6730
6733
6736
6740
6743
6746
6750
6753
6756
6760
6763
6766
6770
6773
6776
6779
6783
6786
6790
6793
6796
6800
6803
6806
6810
6827
6845
6863
6881
6898
6916
6934
6952
6970
6973
6977
6981
6984
6988
6992
6995
6999
7003
7006
7010
7014
7017
7021
7025
7028
7032
7036
7039
7043
7047
7050
7054
7058
7061
7065
7069
7072
7076
7080
7084
7088
7092
7096
7100
7105
7109
7113
7117
7121
7125
7130
7134
7138
7142
7146
7150
7154
7159
7163
7167
7171
7175
7180
7184
7188
7192
7196
7200
7204
7208
7212
7216
7220
7224
7228
7232
7237
7241
7245
7249
7253
7257
7261
7265
7269
7273
7277
7281
7285
7290
7293
7296
7300
7303
7306
7310
7313
7316
7320
7323
7326
7330
7333
7336
7340
7343
7346
7350
7353
7356
7359
7363
7366
7370
7373
7376
7380
7383
7386
7390
7393
7397
7401
7404
7408
7412
7415
7419
7423
7426
7430
7434
7437
7441
7445
7448
7452
7455
7459
7463
7467
7470
7474
7478
7481
7485
7489
7492
7496
7500
7503
7507
7511
7515
7518
7522
7526
7530
7534
7537
7541
7545
7549
7553
7556
7560
7564
7568
7572
7575
7579
7583
7587
7591
7594
7598
7602
7606
7610
7615
7621
7626
7632
7637
7643
7648
7654
7660
7665
7671
7676
7682
7687
7693
7698
7704
7710
7720
7730
7740
7750
7760
7770
7780
7790
7800
7810
7820
7824
7829
7833
7838
7842
7847
7851
7856
7860
7865
7870
7874
7879
7883
7888
7892
7897
7901
7906
7910
7915
7920
7924
7929
7934
7939
7944
7948
7953
7958
7963
7968
7972
7977
7982
7987
7992
7997
8001
8006
8011
8016
8021
8025
8030
8035
8040
8045
8050
8053
8057
8061
8064
8068
8072
8075
8079
8083
8087
8090
8094
8098
8101
8105
8109
8112
8116
8120
8124
8127
8131
8135
8138
8142
8146
8150
8154
8158
8162
8166
8170
8174
8178
8182
8186
8190
8194
8198
8202
8207
8211
8215
8219
8223
8227
8231
8235
8239
8243
8247
8251
8255
8260
8263
8266
8270
8273
8276
8280
8283
8286
8290
8293
8296
8299
8303
8306
8309
8313
8316
8320
8323
8326
8330
8333
8336
8340
8343
8346
8350
8353
8356
8360
8363
8366
8370
8373
8377
8381
8385
8389
8393
8396
8400
8404
8408
8412
8416
8420
8423
8427
8431
8435
8439
8443
8446
8450
8454
8458
8462
8466
8470
8473
8476
8479
8482
8486
8489
8492
8495
8499
8502
8505
8508
8512
8515
8518
8521
8525
8528
8531
8534
8537
8541
8544
8547
8550
8554
8557
8560
8563
8567
8570
8573
8576
8580
8583
8587
8591
8594
8598
8602
8605
8609
8613
8617
8620
8624
8628
8631
8635
8639
8642
8646
8650
8654
8657
8661
8665
8668
8672
8676
8680
8688
8696
8704
8712
8720
8728
8736
8744
8752
8760
8768
8776
8785
8793
8801
8809
8817
8825
8833
8841
8849
8857
8865
8873
8881
8890
8893
8897
8900
8904
8907
8911
8914
8918
8921
8925
8929
8932
8936
8939
8943
8946
8950
8953
8957
8960
8964
8968
8971
8975
8978
8982
8985
8989
8992
8996
9000
9003
9007
9010
9014
9017
9021
9024
9028
9031
9035
9039
9042
9046
9049
9053
9056
9060
9063
9067
9070
9074
9078
9081
9085
9088
9092
9095
9099
9102
9106
9110
9113
9118
9122
9126
9129
9134
9138
9142
9146
9150
9154
9158
9162
9166
9170
9174
9178
9182
9186
9190
9194
9198
9202
9206
9210
9215
9221
9227
9232
9238
9244
9250
9255
9261
9267
9272
9278
9284
9290
9295
9301
9307
9312
9318
9324
9330
9333
9337
9340
9344
9347
9351
9355
9358
9362
9365
9369
9372
9376
9379
9383
9387
9390
9394
9397
9401
9405
9408
9412
9415
9419
9422
9426
9430
9438
9446
9454
9462
9470
9478
9486
9494
9502
9510
9518
9526
9534
9542
9550
9558
9566
9574
9582
9590
9598
9606
9614
9622
9630
9633
9636
9639
9642
9645
9648
9652
9655
9658
9661
9664
9667
9670
9674
9677
9680
9683
9686
9689
9692
9696
9699
9702
9705
9708
9711
9714
9718
9721
9724
9727
9730
9733
9736
9740
9744
9748
9753
9757
9762
9766
9770
9775
9779
9784
9788
9792
9797
9801
9806
9810
9814
9819
9823
9828
9832
9836
9841
9845
9850
9856
9862
9868
9875
9881
9887
9893
9899
9906
9912
9918
9924
9931
9937
9943
9950
9954
9959
9964
9969
9973
9978
9983
9988
9993
9997
10002
10007
10012
10016
10021
10026
10031
10036
10040
10045
10050
10055
10060
10063
10067
10070
10074
10077
10081
10085
10088
10092
10095
10099
10102
10106
10110
10113
10117
10120
10124
10127
10131
10135
10138
10142
10145
10149
10152
10156
10160
10164
10168
10172
10176
10180
10184
10188
10192
10196
10200
10204
10208
10212
10216
10219
10224
10228
10232
10235
10240
10244
10248
10251
10256
10260
10264
10267
10272
10276
10280
10284
10288
10292
10296
10300
10305
10309
10313
10317
10321
10325
10330
10334
10338
10342
10346
10350
10355
10359
10363
10367
10371
10375
10380
10383
10386
10389
10392
10396
10399
10402
10405
10409
10412
10415
10418
10422
10425
10428
10431
10435
10438
10441
10444
10447
10451
10454
10457
10460
10464
10467
10470
10473
10477
10480
10483
10486
10490
10493
10497
10501
10505
10509
10513
10517
10521
10525
10529
10533
10537
10541
10545
10548
10552
10556
10560
10564
10568
10572
10576
10580
10584
10588
10592
10596
10600
10605
10610
10615
10620
10625
10629
10635
10639
10645
10649
10655
10660
10665
10670
10674
10680
10684
10690
10694
10700
10709
10718
10728
10737
10747
10756
10766
10775
10785
10794
10803
10813
10822
10832
10841
10851
10860
10870
10873
10876
10880
10883
10887
10890
10894
10897
10901
10904
10907
10911
10914
10918
10921
10925
10928
10932
10935
10938
10942
10945
10949
10952
10956
10959
10963
10966
10970
10973
10977
10981
10985
10989
10993
10997
11001
11005
11009
11013
11017
11021
11025
11028
11032
11036
11040
11044
11048
11052
11056
11060
11064
11068
11072
11076
11080
11084
11088
11092
11096
11100
11104
11108
11112
11116
11120
11124
11128
11132
11136
11140
11144
11148
11152
11156
11160
11164
11168
11172
11176
11180
11183
11187
11191
11195
11198
11202
11206
11210
11214
11217
11221
11225
11229
11233
11236
11240
11244
11248
11252
11255
11259
11263
11267
11271
11274
11278
11282
11286
11290
11295
11299
11305
11309
11315
11320
11325
11330
11334
11340
11345
11350
11355
11360
11365
11370
11375
11380
11385
11390
11394
11398
11403
11407
11412
11416
11420
11425
11429
11434
11438
11442
11447
11451
11456
11460
11464
11469
11473
11478
11482
11486
11491
11495
11500
11504
11508
11512
11516
11521
11525
11529
11533
11538
11542
11546
11550
11555
11559
11563
11567
11571
11576
11580
11584
11588
11593
11597
11601
11605
11610
11646
11683
11719
11756
11793
11830
11833
11836
11839
11842
11845
11848
11851
11855
11858
11861
11864
11867
11870
11873
11876
11879
11883
11886
11889
11892
11895
11898
11901
11905
11908
11911
11914
11917
11920
11923
11926
11930
11933
11936
11940
11943
11947
11950
11954
11957
11960
11964
11967
11971
11974
11978
11981
11985
11988
11991
11995
11998
12002
12005
12009
12012
12015
12019
12022
12026
12029
12033
12036
12040
12044
12049
12054
12059
12063
12068
12073
12078
12082
12087
12092
12097
12101
12106
12111
12116
12120
12125
12130
12135
12140
12147
12154
12162
12169
12177
12184
12191
12199
12206
12214
12221
12228
12236
12243
12251
12258
12265
12273
12280
12288
12295
12302
12310
12317
12325
12332
12340
12342
12345
12348
12351
12353
12356
12359
12362
12365
12367
12370
12373
12376
12378
12381
12384
12387
12390
12392
12395
12398
12401
12403
12406
12409
12412
12415
12417
12420
12423
12426
12428
12431
12434
12437
12440
12443
12447
12451
12455
12459
12463
12467
12471
12475
12479
12483
12487
12491
12495
12499
12503
12506
12510
12514
12518
12522
12526
12530
12534
12538
12542
12546
12550
12554
12558
12562
12566
12570
12573
12576
12580
12583
12586
12590
12593
12596
12600
12603
12606
12610
12613
12616
12620
12623
12626
12629
12633
12636
12640
12643
12646
12650
12653
12656
12660
12663
12666
12670
12673
12676
12680
12683
12686
12690
12693
12696
12699
12702
12705
12708
12711
12714
12717
12720
12723
12726
12729
12732
12735
12738
12741
12745
12748
12751
12754
12757
12760
12763
12766
12769
12772
12775
12778
12781
12784
12787
12790
12793
12796
12800
12802
12805
12808
12811
12814
12817
12820
12823
12826
12829
12832
12835
12838
12841
12844
12847
12850
12852
12855
12858
12861
12864
12867
12870
12873
12876
12879
12882
12885
12888
12891
12894
12897
12900
12903
12907
12910
12914
12917
12921
12924
12928
12931
12935
12939
12942
12946
12949
12953
12956
12960
12963
12967
12970
12974
12978
12981
12985
12988
12992
12995
12999
13002
13006
13010
13013
13017
13020
13024
13027
13031
13034
13038
13041
13045
13049
13052
13056
13059
13063
13066
13070
13073
13077
13080
13084
13088
13091
13095
13098
13102
13105
13109
13112
13116
13120
13126
13133
13139
13146
13153
13160
13166
13173
13180
13186
13193
13200
13206
13213
13220
13223
13227
13231
13235
13239
13243
13247
13251
13255
13259
13263
13267
13271
13275
13278
13282
13286
13290
13294
13298
13302
13306
13310
13314
13318
13322
13326
13330
13370
13410
13450
13490
13530
13532
13535
13538
13541
13544
13547
13550
13553
13556
13559
13562
13565
13568
13571
13574
13577
13580
13582
13585
13588
13591
13594
13597
13600
13603
13606
13609
13612
13615
13618
13621
13624
13627
13630
13633
13636
13640
13643
13647
13650
13654
13657
13660
13664
13667
13671
13674
13678
13681
13685
13688
13691
13695
13698
13702
13705
13709
13712
13715
13719
13722
13726
13729
13733
13736
13740
13742
13745
13748
13751
13754
13757
13760
13763
13766
13769
13772
13775
13778
13781
13784
13787
13790
13793
13796
13799
13802
13805
13808
13811
13814
13817
13820
13823
13826
13829
13832
13835
13838
13841
13844
13847
13850
13854
13858
13863
13867
13871
13876
13880
13884
13889
13893
13897
13902
13906
13910
13915
13919
13923
13928
13932
13936
13941
13945
13950
13953
13957
13960
13964
13968
13972
13975
13979
13983
13986
13990
13994
13997
14001
14004
14008
14012
14016
14019
14023
14027
14030
14034
14038
14041
14045
14049
14052
14056
14060
14063
14066
14069
14072
14075
14078
14081
14084
14087
14090
14093
14096
14099
14102
14105
14108
14111
14114
14117
14120
14123
14126
14129
14132
14135
14138
14141
14144
14147
14150
14153
14156
14160
14163
14167
14171
14174
14178
14182
14185
14189
14193
14196
14200
14204
14207
14211
14215
14218
14222
14226
14229
14233
14237
14240
14244
14248
14251
14255
14259
14262
14266
14270
14273
14277
14280
14284
14287
14291
14294
14298
14301
14305
14309
14312
14316
14319
14323
14326
14330
14333
14337
14340
14344
14348
14351
14355
14358
14362
14365
14369
14372
14376
14380
14383
14387
14391
14394
14398
14402
14406
14409
14413
14417
14420
14424
14428
14432
14435
14439
14443
14446
14450
14454
14458
14461
14465
14469
14472
14476
14480
14484
14487
14491
14495
14498
14502
14506
14510
14513
14517
14521
14524
14528
14532
14535
14539
14543
14546
14550
14554
14557
14561
14565
14568
14572
14576
14580
14583
14587
14591
14594
14598
14602
14605
14609
14613
14616
14620
14624
14627
14631
14635
14638
14642
14646
14650
14652
14655
14658
14661
14664
14667
14670
14673
14676
14678
14681
14684
14687
14690
14693
14696
14699
14702
14705
14707
14710
14713
14716
14719
14722
14725
14728
14731
14733
14736
14739
14742
14745
14748
14751
14754
14757
14760
14768
14776
14784
14792
14800
14808
14816
14824
14832
14840
14848
14856
14864
14872
14880
14889
14897
14905
14913
14921
14929
14937
14945
14953
14961
14969
14977
14985
14993
15001
15010
15013
15017
15020
15024
15027
15031
15034
15038
15041
15045
15049
15052
15056
15059
15063
15066
15070
15073
15077
15080
15084
15088
15091
15095
15098
15102
15105
15109
15112
15116
15120
15123
15126
15130
15133
15137
15140
15144
15147
15151
15154
15157
15161
15164
15168
15171
15175
15178
15182
15185
15188
15192
15195
15199
15202
15206
15209
15213
15216
15220
15222
15225
15227
15230
15233
15235
15238
15240
15243
15246
15248
15251
15254
15256
15259
15261
15264
15267
15269
15272
15275
15277
15280
15282
15285
15288
15290
15293
15295
15298
15301
15303
15306
15309
15311
15314
15316
15319
15322
15324
15327
15330
15490
15492
15495
15498
15501
15504
15506
15509
15512
15515
15518
15521
15523
15526
15529
15532
15535
15537
15540
15543
15546
15549
15552
15554
15557
15560
15563
15566
15568
15571
15574
15577
15580
15583
15585
15588
15591
15594
15597
15600
15603
15607
15611
15615
15619
15623
15626
15630
15634
15638
15642
15646
15649
15653
15657
15661
15665
15669
15673
15676
15680
15684
15688
15692
15696
15700
15705
15709
15715
15719
15725
15730
15735
15740
15745
15750
15754
15760
15765
15770
15775
15780
15785
15790
15795
15800
15805
15810
15813
15817
15820
15824
15827
15831
15835
15838
15842
15845
15849
15852
15856
15860
15863
15867
15870
15874
15877
15881
15885
15888
15892
15895
15899
15902
15906
15910
15912
15915
15918
15920
15923
15926
15928
15931
15934
15936
15939
15942
15944
15947
15950
15952
15955
15958
15960
15963
15966
15969
15971
15974
15977
15979
15982
15985
15987
15990
15993
15995
15998
16001
16003
16006
16009
16011
16014
16017
16020
16025
16031
16037
16043
16048
16054
16060
16066
16072
16077
16083
16089
16095
16101
16106
16112
16118
16124
16129
16133
16137
16141
16145
16149
16153
16157
16161
16165
16169
16173
16177
16181
16184
16188
16192
16196
16200
16204
16208
16212
16216
16220
16224
16228
16232
16236
16239
16247
16255
16263
16271
16279
16287
16295
16302
16310
16318
16326
16334
16342
16350
16353
16356
16360
16363
16366
16370
16373
16376
16380
16383
16386
16390
16393
16396
16400
16403
16406
16410
16413
16416
16420
16423
16426
16430
16433
16436
16439
16443
16446
16450
16454
16458
16462
16466
16470
16474
16478
16483
16487
16491
16495
16499
16503
16507
16512
16516
16520
16524
16528
16532
16536
16541
16545
16549
16553
16557
16561
16565
16570
16572
16575
16578
16581
16584
16587
16590
16592
16595
16598
16601
16604
16607
16610
16612
16615
16618
16621
16624
16627
16630
16632
16635
16638
16641
16644
16647
16650
16652
16655
16658
16661
16664
16667
16670
16672
16675
16678
16681
16684
16686
16689
16692
16695
16698
16701
16703
16706
16709
16712
16715
16717
16720
16723
16726
16729
16732
16734
16737
16740
16743
16746
16748
16751
16754
16757
16760
16763
16765
16768
16771
16774
16777
16780
16783
16786
16789
16792
16795
16798
16801
16805
16808
16811
16814
16817
16820
16823
16826
16830
16833
16836
16839
16842
16845
16848
16851
16855
16858
16861
16864
16867
16870
16873
16876
16880
16883
16886
16889
16892
16896
16899
16902
16905
16909
16912
16915
16918
16922
16925
16928
16931
16935
16938
16941
16944
16947
16951
16954
16957
16960
16964
16967
16970
16973
16977
16980
16983
16986
16990
17005
17020
17036
17051
17067
17082
17098
17113
17129
17144
17160
17163
17166
17169
17172
17175
17178
17181
17184
17187
17190
17193
17196
17199
17202
17205
17208
17211
17215
17218
17221
17224
17227
17230
17233
17236
17239
17242
17245
17248
17251
17254
17257
17260
17263
17266
17270
17272
17275
17278
17281
17284
17287
17290
17293
17296
17298
17301
17304
17307
17310
17313
17316
17319
17322
17325
17327
17330
17333
17336
17339
17342
17345
17348
17351
17353
17356
17359
17362
17365
17368
17371
17374
17377
17380
17383
17387
17391
17395
17399
17403
17407
17411
17415
17419
17423
17427
17431
17435
17439
17443
17447
17451
17455
17458
17462
17466
17470
17474
17478
17482
17486
17490
17494
17498
17502
17506
17510
17514
17518
17522
17526
17530
17532
17535
17538
17541
17544
17547
17550
17552
17555
17558
17561
17564
17567
17570
17572
17575
17578
17581
17584
17587
17590
17592
17595
17598
17601
17604
17607
17610
17612
17615
17618
17621
17624
17627
17630
17633
17637
17640
17644
17647
17651
17654
17658
17661
17665
17668
17672
17675
17679
17682
17686
17689
17693
17696
17700
17703
17707
17710
17714
17717
17721
17724
17728
17731
17735
17738
17742
17745
17749
17752
17756
17760
17763
17766
17769
17772
17775
17778
17781
17784
17787
17790
17793
17796
17799
17802
17805
17808
17811
17815
17818
17821
17824
17827
17830
17833
17836
17839
17842
17845
17848
17851
17854
17857
17860
17863
17866
17870
17874
17878
17882
17886
17890
17895
17899
17903
17907
17911
17915
17920
17924
17928
17932
17936
17940
17945
17949
17953
17957
17961
17965
17970
17973
17976
17979
17982
17986
17989
17992
17995
17999
18002
18005
18008
18012
18015
18018
18021
18025
18028
18031
18034
18037
18041
18044
18047
18050
18054
18057
18060
18063
18067
18070
18073
18076
18080
18090
18101
18112
18122
18133
18144
18154
18165
18176
18186
18197
18208
18218
18229
18240
18242
18244
18247
18249
18251
18254
18256
18259
18261
18263
18266
18268
18271
18273
18275
18278
18280
18283
18285
18287
18290
18292
18295
18297
18299
18302
18304
18306
18309
18311
18314
18316
18318
18321
18323
18326
18328
18330
18333
18335
18338
18340
18342
18345
18347
18350
18354
18358
18363
18367
18371
18376
18380
18385
18389
18393
18398
18402
18406
18411
18415
18420
18424
18428
18433
18437
18441
18446
18450
18455
18459
18463
18468
18472
18476
18481
18485
18490
18492
18494
18497
18499
18501
18504
18506
18509
18511
18513
18516
18518
18521
18523
18525
18528
18530
18533
18535
18537
18540
18542
18545
18547
18549
18552
18554
18556
18559
18561
18564
18566
18568
18571
18573
18576
18578
18580
18583
18585
18588
18590
18592
18595
18597
18600
18602
18605
18608
18611
18613
18616
18619
18622
18625
18627
18630
18633
18636
18638
18641
18644
18647
18650
18652
18655
18658
18661
18663
18666
18669
18672
18675
18677
18680
18683
18686
18688
18691
18694
18697
18700
18703
18706
18709
18712
18715
18718
18721
18725
18728
18731
18734
18737
18740
18744
18747
18750
18753
18756
18759
18762
18766
18769
18772
18775
18778
18781
18784
18788
18791
18794
18797
18800
18803
18806
18810
18854
18900
18945
18990
18992
18995
18998
19001
19004
19006
19009
19012
19015
19018
19021
19023
19026
19029
19032
19035
19037
19040
19043
19046
19049
19052
19054
19057
19060
19063
19066
19068
19071
19074
19077
19080
19083
19085
19088
19091
19094
19097
19100
19103
19107
19111
19114
19118
19122
19125
19129
19133
19137
19140
19144
19148
19151
19155
19159
19162
19166
19170
19174
19177
19181
19185
19188
19192
19196
19200
19203
19206
19209
19212
19215
19218
19221
19224
19227
19230
19233
19236
19239
19242
19245
19248
19251
19255
19258
19261
19264
19267
19270
19273
19276
19279
19282
19285
19288
19291
19294
19297
19300
19303
19306
19310
19313
19316
19319
19322
19326
19329
19332
19335
19339
19342
19345
19348
19351
19355
19358
19361
19364
19368
19371
19374
19377
19380
19384
19387
19390
19393
19397
19400
19403
19406
19410
19413
19416
19419
19422
19425
19428
19432
19435
19438
19441
19444
19447
19450
19454
19457
19460
19463
19466
19469
19472
19476
19479
19482
19485
19488
19491
19494
19498
19501
19504
19507
19510
19513
19516
19520
19523
19526
19529
19532
19535
19538
19541
19544
19547
19550
19553
19556
19559
19562
19565
19568
19571
19575
19578
19581
19584
19587
19590
19593
19596
19599
19602
19605
19608
19611
19614
19617
19620
19623
19626
19630
19640
19651
19661
19672
19682
19693
19703
19714
19725
19735
19746
19756
19767
19777
19788
19798
19809
19820
19823
19826
19829
19832
19835
19838
19841
19845
19848
19851
19854
19857
19860
19863
19866
19870
19873
19876
19879
19882
19885
19888
19891
19895
19898
19901
19904
19907
19910
19913
19916
19920
19924
19928
19932
19936
19940
19944
19948
19952
19956
19960
19964
19968
19972
19977
19981
19985
19989
19993
19997
20001
20005
20009
20013
20017
20021
20025
20030
20033
20036
20039
20042
20045
20048
20051
20055
20058
20061
20064
20067
20070
20073
20076
20080
20083
20086
20089
20092
20095
20098
20101
20105
20108
20111
20114
20117
20120
20123
20126
20130
20133
20137
20141
20145
20149
20153
20157
20161
20165
20169
20173
20177
20181
20185
20188
20192
20196
20200
20204
20208
20212
20216
20220
20224
20228
20232
20236
20240
20244
20248
20252
20256
20261
20265
20269
20273
20278
20282
20286
20290
20294
20299
20303
20307
20311
20316
20320
20324
20328
20333
20337
20341
20345
20350
20354
20359
20364
20369
20373
20378
20383
20388
20392
20397
20402
20407
20411
20416
20421
20426
20430
20435
20440
20445
20450
20454
20458
20463
20467
20471
20476
20480
20485
20489
20494
20498
20502
20507
20511
20516
20520
20524
20529
20533
20538
20542
20546
20551
20555
20560
20564
20568
20572
20576
20580
20585
20589
20593
20597
20601
20605
20610
20614
20618
20622
20626
20630
20634
20639
20643
20647
20651
20655
20660
20670
20680
20690
20700
20710
20720
20730
20740
20750
20760
20770
20780
20783
20787
20790
20794
20797
20801
20805
20808
20812
20815
20819
20822
20826
20830
20833
20837
20840
20844
20847
20851
20855
20858
20862
20865
20869
20872
20876
20880
20883
20887
20891
20895
20899
20903
20907
20911
20915
20919
20923
20927
20931
20935
20938
20942
20946
20950
20954
20958
20962
20966
20970
20974
20978
20982
20986
20990
21009
21029
21049
21070
21090
21110
21130
21150
21169
21189
21210
21230
21250
21270
21272
21274
21277
21279
21281
21284
21286
21289
21291
21293
21296
21298
21301
21303
21305
21308
21310
21313
21315
21317
21320
21322
21325
21327
21329
21332
21334
21336
21339
21341
21344
21346
21348
21351
21353
21356
21358
21360
21363
21365
21368
21370
21372
21375
21377
21380
21383
21387
21390
21394
21397
21401
21404
21408
21411
21415
21419
21422
21426
21429
21433
21436
21440
21443
21447
21450
21454
21458
21461
21465
21468
21472
21475
21479
21482
21486
21490
21509
21529
21549
21570
21590
21610
21630
21632
21634
21636
21639
21641
21643
21646
21648
21650
21652
21655
21657
21659
21662
21664
21666
21668
21671
21673
21675
21678
21680
21682
21685
21687
21689
21691
21694
21696
21698
21701
21703
21705
21707
21710
21712
21714
21717
21719
21721
21723
21726
21728
21730
21733
21735
21737
21740
21743
21747
21751
21755
21759
21763
21767
21770
21774
21778
21782
21786
21790
21794
21798
21801
21805
21809
21813
21817
21821
21825
21829
21832
21836
21840
21844
21848
21852
21856
21860
21863
21866
21869
21872
21875
21878
21881
21884
21888
21891
21894
21897
21900
21903
21906
21910
21913
21916
21919
21922
21925
21928
21931
21935
21938
21941
21944
21947
21950
21953
21956
21960
21962
21965
21968
21971
21974
21977
21980
21983
21986
21989
21992
21995
21998
22001
22004
22007
22010
22013
22016
22019
22022
22025
22028
22031
22034
22037
22040
22043
22046
22049
22052
22055
22058
22061
22064
22067
22070
22073
22077
22080
22084
22087
22091
22095
22098
22102
22105
22109
22112
22116
22120
22123
22127
22130
22134
22137
22141
22145
22148
22152
22155
22159
22162
22166
22170
22180
22190
22200
22210
22220
22230
22240
22250
22260
22270
22280
22290
22300
22310
22320
22330
22340
22350
22352
22355
22357
22360
22363
22365
22368
22371
22373
22376
22378
22381
22384
22386
22389
22392
22394
22397
22400
22402
22405
22407
22410
22413
22415
22418
22421
22423
22426
22428
22431
22434
22436
22439
22442
22444
22447
22450
22453
22457
22461
22465
22468
22472
22476
22480
22484
22487
22491
22495
22499
22502
22506
22510
22514
22518
22521
22525
22529
22533
22537
22540
22544
22548
22552
22555
22559
22563
22567
22571
22574
22578
22582
22586
22590
22593
22596
22599
22602
22605
22608
22612
22615
22618
22621
22624
22627
22630
22634
22637
22640
22643
22646
22649
22652
22656
22659
22662
22665
22668
22671
22674
22678
22681
22684
22687
22690
22693
22696
22700
22703
22706
22710
22713
22716
22720
22723
22726
22730
22733
22736
22740
22743
22746
22750
22753
22756
22759
22763
22766
22770
22773
22776
22779
22783
22786
22790
22793
22796
22799
22803
22806
22810
22813
22817
22821
22825
22829
22833
22836
22840
22844
22848
22852
22856
22860
22863
22867
22871
22875
22879
22883
22886
22890
22894
22898
22902
22906
22910
22920
22931
22942
22952
22963
22974
22985
22995
23006
23017
23027
23038
23049
23060
23062
23064
23067
23069
23071
23074
23076
23079
23081
23083
23086
23088
23090
23093
23095
23098
23100
23102
23105
23107
23110
23112
23114
23117
23119
23121
23124
23126
23129
23131
23133
23136
23138
23140
23143
23145
23148
23150
23152
23155
23157
23160
23164
23169
23174
23178
23183
23188
23193
23197
23202
23207
23211
23216
23221
23226
23230
23235
23240
23244
23249
23254
23259
23263
23268
23273
23278
23282
23287
23292
23296
23301
23306
23311
23315
23320
23325
23330
23332
23334
23336
23339
23341
23343
23345
23348
23350
23352
23354
23357
23359
23361
23364
23366
23368
23370
23373
23375
23377
23380
23382
23384
23386
23389
23391
23393
23395
23398
23400
23402
23405
23407
23409
23411
23414
23416
23418
23420
23423
23425
23427
23430
23434
23438
23442
23447
23451
23456
23460
23464
23469
23473
23477
23482
23486
23490
23494
23499
23503
23508
23512
23516
23521
23525
23529
23534
23538
23542
23546
23551
23555
23560
23562
23565
23567
23570
23573
23575
23578
23581
23583
23586
23588
23591
23594
23596
23599
23602
23604
23607
23610
23612
23615
23617
23620
23623
23625
23628
23631
23633
23636
23638
23641
23644
23646
23649
23652
23654
23657
23660
23663
23666
23669
23672
23675
23678
23681
23684
23687
23690
23693
23696
23699
23702
23705
23708
23711
23715
23718
23721
23724
23727
23730
23733
23736
23739
23742
23745
23748
23751
23754
23757
23760
23763
23766
23770
23773
23776
23779
23782
23785
23788
23791
23795
23798
23801
23804
23807
23810
23814
23817
23820
23823
23826
23829
23832
23836
23839
23842
23845
23848
23851
23854
23858
23861
23864
23867
23870
23873
23876
23880
23883
23887
23891
23894
23898
23901
23905
23909
23913
23916
23920
23924
23927
23931
23935
23938
23942
23945
23949
23953
23956
23960
23964
23968
23971
23975
23979
23982
23986
23990
23993
23996
23999
24002
24005
24008
24012
24015
24018
24021
24024
24027
24030
24034
24037
24040
24043
24046
24049
24052
24056
24059
24062
24065
24068
24071
24074
24078
24081
24084
24087
24090
24093
24096
24100
24112
24125
24138
24150
24163
24176
24188
24201
24214
24226
24239
24252
24264
24277
24290
24293
24296
24299
24302
24306
24309
24312
24315
24319
24322
24325
24328
24331
24335
24338
24341
24344
24348
24351
24354
24357
24360
24364
24367
24370
24373
24377
24380
24383
24386
24390
24393
24397
24401
24405
24409
24413
24417
24420
24424
24428
24432
24436
24440
24444
24448
24451
24455
24459
24463
24467
24471
24475
24479
24482
24486
24490
24494
24498
24502
24506
24510
24513
24516
24519
24522
24525
24528
24531
24534
24537
24540
24543
24546
24549
24552
24555
24558
24561
24565
24568
24571
24574
24577
24580
24583
24586
24589
24592
24595
24598
24601
24604
24607
24610
24613
24616
24620
24645
24670
24695
24720
24745
24770
24773
24776
24779
24782
24785
24788
24791
24795
24798
24801
24804
24807
24810
24814
24817
24820
24823
24826
24829
24832
24836
24839
24842
24845
24848
24851
24854
24858
24861
24864
24867
24870
24873
24876
24880
24884
24888
24892
24896
24900
24904
24908
24912
24916
24920
24924
24928
24932
24936
24940
24945
24949
24953
24957
24961
24965
24969
24973
24977
24981
24985
24989
24993
24997
25001
25005
25010
25012
25015
25018
25021
25024
25027
25030
25033
25036
25039
25042
25045
25048
25051
25054
25057
25060
25063
25066
25069
25072
25075
25078
25081
25084
25087
25090
25093
25096
25099
25102
25105
25108
25111
25114
25117
25120
25146
25172
25198
25224
25250
25253
25256
25259
25262
25265
25268
25272
25275
25278
25281
25284
25287
25290
25294
25297
25300
25303
25306
25309
25312
25316
25319
25322
25325
25328
25331
25334
25338
25341
25344
25347
25350
25353
25356
25360
25363
25366
25370
25373
25376
25380
25383
25386
25390
25393
25396
25400
25403
25406
25410
25413
25416
25420
25423
25426
25430
25433
25436
25440
25443
25446
25450
25453
25456
25460
25463
25466
25470
25473
25477
25480
25484
25487
25490
25494
25497
25501
25504
25508
25511
25515
25518
25521
25525
25528
25532
25535
25539
25542
25545
25549
25552
25556
25559
25563
25566
25570
25573
25577
25581
25585
25588
25592
25596
25600
25604
25607
25611
25615
25619
25623
25626
25630
25634
25638
25642
25645
25649
25653
25657
25661
25664
25668
25672
25676
25680
25683
25686
25689
25692
25695
25698
25701
25704
25707
25710
25713
25716
25719
25722
25725
25728
25731
25735
25738
25741
25744
25747
25750
25753
25756
25759
25762
25765
25768
25771
25774
25777
25780
25783
25786
25790
25793
25796
25800
25803
25807
25810
25814
25817
25820
25824
25827
25831
25834
25838
25841
25845
25848
25851
25855
25858
25862
25865
25869
25872
25875
25879
25882
25886
25889
25893
25896
25900
25910
25919
25930
25939
25950
25959
25970
25979
25990
26000
26009
26020
26029
26040
26049
26060
26069
26080
26083
26086
26089
26092
26096
26099
26102
26105
26109
26112
26115
26118
26121
26125
26128
26131
26134
26138
26141
26144
26147
26150
26154
26157
26160
26163
26167
26170
26173
26176
26180
26186
26193
26200
26207
26214
26220
26227
26234
26241
26248
26255
26261
26268
26275
26282
26289
26295
26302
26309
26316
26323
26330
26332
26335
26337
26340
26343
26345
26348
26351
26353
26356
26358
26361
26364
26366
26369
26372
26374
26377
26380
26382
26385
26387
26390
26393
26395
26398
26401
26403
26406
26408
26411
26414
26416
26419
26422
26424
26427
26430
26433
26436
26439
26442
26445
26448
26451
26454
26457
26460
26463
26466
26469
26472
26475
26478
26481
26485
26488
26491
26494
26497
26500
26503
26506
26509
26512
26515
26518
26521
26524
26527
26530
26533
26536
26540
26543
26546
26549
26552
26555
26558
26561
26564
26568
26571
26574
26577
26580
26583
26586
26590
26593
26596
26599
26602
26605
26608
26611
26615
26618
26621
26624
26627
26630
26633
26636
26640
26643
26646
26649
26652
26655
26658
26662
26665
26668
26671
26674
26677
26680
26684
26687
26690
26693
26696
26699
26702
26706
26709
26712
26715
26718
26721
26724
26728
26731
26734
26737
26740
26743
26746
26750
26753
26756
26759
26762
26766
26769
26772
26775
26779
26782
26785
26788
26792
26795
26798
26801
26805
26808
26811
26814
26817
26821
26824
26827
26830
26834
26837
26840
26843
26847
26850
26853
26856
26860
26863
26867
26870
26874
26877
26881
26884
26888
26892
26895
26899
26902
26906
26910
26913
26917
26920
26924
26927
26931
26935
26938
26942
26945
26949
26952
26956
26960
26963
26966
26970
26973
26977
26980
26984
26987
26990
26994
26997
27001
27004
27008
27011
27015
27018
27021
27025
27028
27032
27035
27039
27042
27045
27049
27052
27056
27059
27063
27066
27070
27073
27077
27081
27085
27089
27093
27096
27100
27104
27108
27112
27116
27120
27123
27127
27131
27135
27139
27143
27146
27150
27154
27158
27162
27166
27170
27173
27176
27179
27182
27186
27189
27192
27195
27199
27202
27205
27208
27212
27215
27218
27221
27225
27228
27231
27234
27237
27241
27244
27247
27250
27254
27257
27260
27263
27267
27270
27273
27276
27280
27283
27287
27290
27294
27297
27301
27305
27308
27312
27315
27319
27322
27326
27330
27333
27337
27340
27344
27347
27351
27355
27358
27362
27365
27369
27372
27376
27380
27405
27430
27455
27480
27505
27530
27532
27534
27537
27539
27542
27544
27547
27549
27551
27554
27556
27559
27561
27564
27566
27569
27571
27573
27576
27578
27581
27583
27586
27588
27590
27593
27595
27598
27600
27603
27605
27608
27610
27612
27615
27617
27620
27622
27625
27627
27630
27634
27638
27642
27646
27650
27654
27658
27662
27666
27670
27674
27678
27682
27686
27690
27695
27699
27703
27707
27711
27715
27719
27723
27727
27731
27735
27739
27743
27747
27751
27755
27760
27763
27766
27769
27772
27775
27778
27781
27784
27787
27790
27793
27796
27799
27802
27805
27808
27811
27815
27818
27821
27824
27827
27830
27833
27836
27839
27842
27845
27848
27851
27854
27857
27860
27863
27866
27870
27873
27877
27881
27885
27889
27893
27896
27900
27904
27908
27912
27916
27920
27923
27927
27931
27935
27939
27943
27946
27950
27954
27958
27962
27966
27970
27973
27977
27981
27985
27988
27992
27996
28000
28004
28007
28011
28015
28019
28023
28026
28030
28034
28038
28042
28045
28049
28053
28057
28061
28064
28068
28072
28076
28080
28086
28092
28098
28104
28111
28117
28123
28130
28136
28142
28148
28155
28161
28167
28173
28180
28188
28196
28205
28213
28222
28230
28239
28247
28256
28264
28273
28281
28290
28294
28298
28302
28306
28310
28314
28317
28322
28326
28330
28334
28338
28342
28346
28350
28354
28358
28362
28366
28370
28374
28378
28382
28386
28390
28394
28398
28402
28406
28410
28414
28418
28422
28426
28430
28434
28438
28442
28447
28451
28455
28459
28463
28467
28471
28475
28479
28483
28487
28491
28495
28500
28505
28510
28515
28520
28525
28530
28535
28540
28544
28550
28555
28560
28565
28570
28575
28580
28585
28590
28595
28599
28605
28610
28614
28618
28622
28626
28630
28634
28638
28642
28646
28650
28654
28658
28662
28667
28671
28675
28679
28683
28687
28691
28695
28699
28703
28707
28711
28715
28720
28724
28728
28732
28736
28741
28745
28749
28753
28758
28762
28766
28770
28775
28779
28783
28787
28791
28796
28800
28804
28808
28813
28817
28821
28825
28830
28833
28837
28840
28844
28847
28851
28854
28858
28862
28865
28869
28872
28876
28880
28883
28887
28890
28894
28897
28901
28905
28908
28912
28915
28919
28922
28926
28930
28933
28937
28941
28945
28949
28953
28957
28961
28965
28969
28973
28977
28981
28985
28988
28992
28996
29000
29004
29008
29012
29016
29020
29024
29028
29032
29036
29040
29044
29049
29053
29058
29062
29067
29071
29076
29080
29085
29090
29094
29099
29103
29108
29112
29117
29121
29126
29130
29135
29140
29147
29154
29162
29169
29176
29184
29191
29198
29206
29213
29220
29228
29235
29242
29250
29252
29255
29258
29261
29263
29266
29269
29272
29274
29277
29280
29283
29285
29288
29291
29294
29296
29299
29302
29305
29307
29310
29313
29316
29318
29321
29324
29327
29329
29332
29335
29338
29340
29343
29346
29349
29351
29354
29357
29360
29364
29368
29372
29376
29380
29384
29387
29392
29396
29400
29404
29408
29412
29416
29420
29424
29428
29432
29436
29440
29444
29448
29452
29456
29460
29462
29465
29468
29471
29474
29477
29480
29483
29486
29488
29491
29494
29497
29500
29503
29506
29509
29512
29515
29517
29520
29523
29526
29529
29532
29535
29538
29541
29543
29546
29549
29552
29555
29558
29561
29564
29567
29570
29577
29584
29591
29598
29606
29613
29620
29627
29634
29642
29649
29656
29663
29671
29678
29685
29692
29700
29707
29714
29721
29728
29736
29743
29750
29757
29765
29772
29779
29786
29793
29801
29808
29815
29822
29830
29832
29834
29836
29839
29841
29843
29846
29848
29850
29853
29855
29857
29860
29862
29864
29867
29869
29871
29874
29876
29878
29881
29883
29885
29888
29890
29892
29895
29897
29899
29902
29904
29906
29909
29911
29913
29916
29918
29920
29923
29925
29927
29930
