1
3
5
6
8
10
11
13
15
16
18
20
22
23
25
27
28
30
32
33
35
37
38
40
42
44
45
47
49
50
52
54
55
57
59
60
62
64
66
67
69
71
72
74
76
77
79
81
82
84
86
88
89
91
93
94
96
98
99
101
103
104
106
108
110
112
114
116
118
121
123
125
127
130
132
134
136
138
141
143
145
147
150
152
154
156
158
161
163
165
167
169
172
174
176
178
181
183
185
187
190
192
194
196
198
201
203
205
207
210
212
214
217
219
221
224
226
228
231
233
235
238
240
242
245
247
249
252
254
256
259
261
263
266
268
270
273
275
277
280
282
284
287
289
291
294
296
298
301
303
305
308
310
312
315
317
320
321
323
325
327
329
331
333
335
337
339
341
343
345
346
348
350
352
354
356
358
360
362
364
366
368
370
371
373
375
377
379
381
383
385
387
389
391
393
395
396
398
400
402
404
406
408
410
412
414
416
418
420
421
423
425
426
428
430
431
433
435
436
438
440
441
443
445
446
448
450
451
453
455
456
458
460
461
463
464
466
468
470
471
473
475
476
478
480
481
483
485
486
488
490
491
493
495
496
498
500
501
503
505
506
508
510
511
513
515
516
518
520
521
523
525
526
528
530
531
533
535
536
538
540
541
543
545
546
548
550
552
553
555
557
558
560
562
563
565
567
568
570
572
574
575
577
579
580
582
584
585
587
589
591
592
594
596
597
599
601
602
604
606
607
609
611
613
614
616
618
619
621
623
624
626
628
630
631
633
635
636
638
640
641
643
645
646
648
650
652
653
655
657
658
660
662
663
665
667
668
670
672
674
675
677
679
680
682
684
685
687
689
690
692
694
696
697
699
701
702
704
706
707
709
711
712
714
716
718
719
721
723
724
726
728
729
731
733
734
736
738
740
741
743
745
747
749
750
752
754
756
758
759
761
763
765
767
768
770
772
774
776
777
779
781
783
785
786
788
790
792
794
795
797
799
801
803
804
806
808
810
812
813
815
817
819
821
822
824
826
828
830
831
833
835
837
839
840
842
844
846
848
850
852
854
856
858
860
862
864
867
869
871
873
875
877
879
881
884
886
888
890
892
894
896
898
901
903
905
907
909
911
913
915
918
920
922
924
926
928
930
932
935
937
939
941
943
945
947
950
951
953
954
956
958
959
961
963
964
966
968
969
971
972
974
976
977
979
981
982
984
986
987
989
991
992
994
995
997
999
1000
1002
1004
1005
1007
1009
1010
1012
1014
1015
1017
1018
1020
1022
1023
1025
1027
1028
1030
1032
1033
1035
1037
1038
1040
1041
1043
1045
1046
1048
1050
1051
1053
1055
1056
1058
1060
1062
1064
1066
1069
1071
1073
1076
1078
1080
1083
1085
1087
1090
1092
1094
1097
1099
1101
1104
1106
1108
1111
1113
1115
1118
1120
1122
1125
1127
1129
1132
1134
1136
1139
1141
1143
1146
1148
1150
1153
1155
1157
1160
1161
1163
1165
1167
1169
1171
1173
1174
1176
1178
1180
1182
1184
1186
1187
1189
1191
1193
1195
1197
1199
1201
1202
1204
1206
1208
1210
1212
1214
1215
1217
1219
1221
1223
1225
1227
1228
1230
1232
1234
1236
1238
1240
1242
1243
1245
1247
1249
1251
1253
1255
1256
1258
1260
1262
1264
1266
1268
1270
1271
1273
1275
1277
1279
1281
1282
1284
1286
1288
1290
1292
1293
1295
1297
1299
1301
1303
1304
1306
1308
1310
1312
1314
1315
1317
1319
1321
1323
1325
1326
1328
1330
1332
1334
1335
1337
1339
1341
1343
1345
1347
1348
1350
1352
1354
1356
1357
1359
1361
1363
1365
1367
1369
1370
1372
1374
1376
1378
1380
1382
1384
1386
1389
1391
1393
1396
1398
1400
1402
1405
1407
1409
1412
1414
1416
1418
1421
1423
1425
1428
1430
1432
1435
1437
1439
1441
1444
1446
1448
1451
1453
1455
1457
1460
1462
1464
1467
1469
1471
1473
1476
1478
1480
1483
1485
1487
1490
1491
1493
1495
1497
1499
1501
1503
1505
1507
1509
1511
1513
1515
1517
1518
1520
1522
1524
1526
1528
1530
1532
1534
1536
1538
1540
1542
1544
1545
1547
1549
1551
1553
1555
1557
1559
1561
1563
1565
1567
1569
1571
1572
1574
1576
1578
1580
1582
1584
1586
1588
1590
1592
1594
1596
1598
1600
1601
1603
1605
1607
1609
1610
1612
1614
1616
1618
1620
1621
1623
1625
1627
1629
1630
1632
1634
1636
1638
1640
1641
1643
1645
1647
1649
1650
1652
1654
1656
1658
1660
1661
1663
1665
1667
1669
1670
1672
1674
1676
1678
1680
1681
1683
1685
1687
1689
1690
1692
1694
1696
1698
1700
1701
1703
1705
1707
1709
1711
1713
1715
1717
1718
1720
1722
1724
1726
1728
1730
1732
1734
1736
1737
1739
1741
1743
1745
1747
1749
1751
1753
1755
1756
1758
1760
1762
1764
1766
1768
1770
1772
1773
1775
1777
1779
1781
1783
1785
1787
1789
1791
1792
1794
1796
1798
1800
1802
1804
1806
1808
1810
1812
1814
1816
1818
1820
1822
1824
1826
1828
1830
1832
1834
1836
1838
1840
1842
1844
1846
1848
1850
1852
1854
1856
1858
1859
1862
1863
1865
1867
1869
1872
1874
1876
1878
1880
1882
1884
1886
1888
1890
1892
1894
1896
1898
1900
1902
1904
1906
1908
1910
1912
1914
1916
1919
1921
1923
1926
1928
1930
1932
1935
1937
1939
1942
1944
1946
1948
1951
1953
1955
1958
1960
1962
1964
1967
1969
1971
1974
1976
1978
1981
1983
1985
1987
1990
1992
1994
1997
1999
2001
2003
2006
2008
2010
2013
2015
2017
2020
2022
2024
2026
2028
2030
2032
2034
2036
2039
2041
2043
2045
2047
2049
2051
2053
2055
2058
2060
2062
2064
2066
2068
2070
2072
2075
2077
2079
2081
2083
2085
2087
2089
2091
2094
2096
2098
2100
2102
2104
2106
2108
2110
2113
2115
2117
2119
2121
2123
2125
2127
2130
2131
2133
2135
2137
2139
2141
2142
2144
2146
2148
2150
2152
2153
2155
2157
2159
2161
2163
2164
2166
2168
2170
2172
2174
2175
2177
2179
2181
2183
2185
2186
2188
2190
2192
2194
2196
2197
2199
2201
2203
2205
2207
2208
2210
2212
2214
2216
2218
2219
2221
2223
2225
2227
2229
2230
2232
2234
2236
2238
2240
2241
2243
2245
2246
2248
2250
2252
2253
2255
2257
2258
2260
2262
2264
2265
2267
2269
2270
2272
2274
2276
2277
2279
2281
2282
2284
2286
2288
2289
2291
2293
2295
2296
2298
2300
2301
2303
2305
2307
2308
2310
2312
2313
2315
2317
2319
2320
2322
2324
2325
2327
2329
2331
2332
2334
2336
2337
2339
2341
2343
2344
2346
2348
2350
2351
2353
2355
2357
2359
2360
2362
2364
2366
2368
2370
2371
2373
2375
2377
2379
2380
2382
2384
2386
2388
2390
2391
2393
2395
2397
2399
2400
2402
2404
2406
2408
2410
2411
2413
2415
2417
2419
2420
2422
2424
2426
2428
2430
2431
2433
2435
2437
2439
2440
2442
2444
2446
2448
2450
2451
2453
2455
2457
2459
2461
2463
2464
2466
2468
2470
2472
2474
2476
2477
2479
2481
2483
2485
2487
2489
2491
2492
2494
2496
2498
2500
2502
2504
2505
2507
2509
2511
2513
2515
2517
2518
2520
2522
2524
2526
2528
2530
2532
2533
2535
2537
2539
2541
2543
2545
2546
2548
2550
2552
2554
2556
2558
2560
2561
2563
2564
2566
2567
2569
2570
2572
2573
2575
2576
2578
2579
2581
2582
2584
2585
2587
2588
2590
2591
2593
2594
2596
2597
2599
2600
2602
2603
2605
2606
2608
2610
2611
2613
2614
2616
2617
2619
2620
2622
2623
2625
2626
2628
2629
2631
2632
2634
2635
2637
2638
2640
2641
2643
2644
2646
2647
2649
2650
2652
2653
2655
2656
2658
2660
2661
2663
2664
2666
2667
2669
2670
2672
2673
2675
2676
2678
2679
2681
2682
2684
2685
2687
2689
2690
2692
2693
2695
2696
2698
2699
2701
2702
2704
2705
2707
2708
2710
2711
2713
2715
2716
2718
2719
2721
2722
2724
2725
2727
2728
2730
2731
2733
2734
2736
2737
2739
2740
2742
2744
2745
2747
2748
2750
2751
2753
2754
2756
2757
2759
2760
2762
2763
2765
2766
2768
2770
2771
2773
2775
2776
2778
2780
2781
2783
2785
2786
2788
2790
2791
2793
2795
2796
2798
2800
2801
2803
2805
2806
2808
2810
2811
2813
2815
2816
2818
2820
2821
2823
2825
2826
2828
2830
2831
2833
2835
2836
2838
2840
2841
2843
2844
2846
2848
2850
2851
2853
2855
2856
2858
2860
2861
2863
2864
2866
2868
2870
2871
2873
2875
2876
2878
2880
2881
2883
2885
2886
2888
2890
2891
2893
2895
2896
2898
2900
2901
2903
2905
2906
2908
2910
2911
2913
2915
2916
2918
2920
2921
2923
2925
2926
2928
2930
2931
2933
2935
2936
2938
2940
2941
2943
2945
2946
2948
2950
2951
2953
2955
2956
2958
2960
2961
2963
2965
2966
2968
2970
2971
2973
2975
2976
2978
2980
2981
2983
2985
2986
2988
2990
2991
2993
2995
2997
2999
3001
3002
3004
3006
3008
3010
3012
3013
3015
3017
3019
3021
3023
3024
3026
3028
3030
3032
3034
3035
3037
3039
3041
3043
3045
3046
3048
3050
3052
3054
3056
3057
3059
3061
3063
3065
3067
3068
3070
3072
3074
3076
3078
3079
3081
3083
3085
3087
3089
3090
3092
3094
3096
3098
3100
3101
3103
3105
3107
3109
3111
3113
3115
3117
3119
3121
3123
3125
3127
3129
3131
3133
3135
3137
3139
3141
3143
3145
3147
3149
3150
3152
3154
3156
3158
3160
3162
3164
3166
3168
3170
3172
3174
3176
3178
3180
3182
3184
3186
3188
3190
3192
3194
3196
3198
3200
3201
3203
3205
3207
3209
3211
3213
3215
3217
3219
3221
3223
3225
3227
3228
3230
3232
3234
3236
3238
3240
3242
3244
3246
3248
3250
3252
3254
3255
3257
3259
3261
3263
3265
3267
3269
3271
3273
3275
3277
3279
3281
3282
3284
3286
3288
3290
3292
3294
3296
3298
3300
3302
3304
3306
3308
3310
3311
3313
3315
3317
3318
3320
3322
3324
3325
3327
3329
3331
3332
3334
3336
3338
3339
3341
3343
3345
3346
3348
3350
3352
3353
3355
3357
3359
3360
3362
3364
3366
3367
3369
3371
3373
3374
3376
3378
3380
3381
3383
3385
3387
3388
3390
3392
3394
3395
3397
3399
3401
3402
3404
3406
3408
3410
3411
3413
3415
3416
3418
3420
3421
3423
3425
3426
3428
3430
3431
3433
3435
3437
3438
3440
3442
3443
3445
3447
3448
3450
3452
3453
3455
3457
3459
3460
3462
3464
3465
3467
3469
3470
3472
3474
3475
3477
3479
3480
3482
3484
3486
3487
3489
3491
3492
3494
3496
3497
3499
3501
3502
3504
3506
3508
3509
3511
3513
3514
3516
3518
3519
3521
3523
3524
3526
3528
3530
3531
3533
3534
3536
3538
3539
3541
3542
3544
3546
3547
3549
3550
3552
3554
3555
3557
3559
3560
3562
3563
3565
3567
3568
3570
3571
3573
3575
3576
3578
3580
3581
3583
3584
3586
3588
3589
3591
3592
3594
3596
3597
3599
3600
3602
3604
3605
3607
3609
3610
3612
3613
3615
3617
3618
3620
3621
3623
3625
3626
3628
3630
3631
3633
3635
3637
3639
3641
3642
3644
3646
3648
3650
3652
3653
3655
3657
3659
3661
3663
3664
3666
3668
3670
3672
3674
3675
3677
3679
3681
3683
3685
3686
3688
3690
3692
3694
3696
3697
3699
3701
3703
3705
3707
3708
3710
3712
3714
3716
3718
3719
3721
3723
3725
3727
3729
3730
3732
3734
3736
3738
3740
3741
3743
3745
3746
3748
3750
3752
3753
3755
3757
3758
3760
3762
3764
3765
3767
3769
3770
3772
3774
3776
3777
3779
3781
3782
3784
3786
3788
3789
3791
3793
3795
3796
3798
3800
3801
3803
3805
3807
3808
3810
3812
3813
3815
3817
3819
3820
3822
3824
3825
3827
3829
3831
3832
3834
3836
3837
3839
3841
3843
3844
3846
3848
3850
3851
3853
3855
3857
3859
3861
3863
3865
3867
3869
3871
3873
3875
3877
3879
3881
3883
3885
3887
3889
3891
3893
3895
3897
3899
3900
3902
3904
3906
3908
3910
3912
3914
3916
3918
3920
3922
3924
3926
3928
3930
3932
3934
3936
3938
3940
3942
3944
3946
3948
3950
3951
3953
3954
3956
3957
3959
3961
3962
3964
3965
3967
3969
3970
3972
3973
3975
3977
3978
3980
3981
3983
3985
3986
3988
3989
3991
3993
3994
3996
3997
3999
4001
4002
4004
4005
4007
4008
4010
4012
4013
4015
4016
4018
4020
4021
4023
4024
4026
4028
4029
4031
4032
4034
4036
4037
4039
4040
4042
4044
4045
4047
4048
4050
4052
4053
4055
4056
4058
4059
4061
4063
4065
4067
4069
4071
4073
4075
4077
4079
4081
4083
4085
4087
4088
4090
4092
4094
4096
4098
4100
4102
4104
4106
4108
4110
4112
4114
4115
4117
4119
4121
4123
4125
4127
4129
4131
4133
4135
4137
4139
4141
4142
4144
4146
4148
4150
4152
4154
4156
4158
4160
4162
4164
4166
4168
4170
4171
4173
4175
4177
4179
4180
4182
4184
4186
4188
4189
4191
4193
4195
4197
4198
4200
4202
4204
4206
4207
4209
4211
4213
4215
4216
4218
4220
4222
4224
4225
4227
4229
4231
4233
4234
4236
4238
4240
4242
4243
4245
4247
4249
4251
4252
4254
4256
4258
4260
4261
4263
4265
4267
4269
4270
4272
4274
4276
4278
4280
4281
4283
4285
4287
4289
4291
4292
4294
4296
4298
4300
4302
4304
4305
4307
4309
4311
4313
4315
4317
4318
4320
4322
4324
4326
4328
4330
4331
4333
4335
4337
4339
4341
4342
4344
4346
4348
4350
4352
4354
4355
4357
4359
4361
4363
4365
4367
4368
4370
4372
4374
4376
4378
4380
4381
4383
4384
4386
4388
4389
4391
4393
4394
4396
4398
4399
4401
4402
4404
4406
4407
4409
4411
4412
4414
4416
4417
4419
4421
4422
4424
4425
4427
4429
4430
4432
4434
4435
4437
4439
4440
4442
4444
4445
4447
4448
4450
4452
4453
4455
4457
4458
4460
4462
4463
4465
4467
4468
4470
4471
4473
4475
4476
4478
4480
4481
4483
4485
4486
4488
4490
4491
4492
4494
4495
4497
4498
4500
4501
4503
4504
4506
4507
4509
4510
4512
4513
4515
4516
4518
4519
4521
4522
4524
4525
4527
4528
4530
4531
4533
4534
4536
4537
4539
4540
4542
4543
4545
4546
4547
4549
4550
4552
4553
4555
4556
4558
4559
4561
4562
4564
4565
4567
4568
4570
4571
4573
4574
4576
4577
4579
4580
4582
4583
4585
4586
4588
4589
4591
4592
4594
4595
4597
4598
4600
4602
4604
4606
4608
4610
4612
4614
4616
4618
4620
4622
4624
4626
4628
4630
4632
4634
4636
4638
4640
4642
4644
4646
4648
4651
4653
4655
4657
4659
4661
4663
4665
4667
4669
4671
4673
4675
4677
4679
4681
4683
4685
4687
4689
4691
4693
4695
4697
4700
4701
4703
4705
4707
4709
4711
4712
4714
4716
4718
4720
4722
4723
4725
4727
4729
4731
4733
4734
4736
4738
4740
4742
4744
4745
4747
4749
4751
4753
4755
4756
4758
4760
4762
4764
4766
4767
4769
4771
4773
4775
4777
4778
4780
4782
4784
4786
4787
4789
4791
4793
4795
4797
4798
4800
4802
4804
4806
4808
4810
4811
4813
4815
4817
4819
4821
4823
4825
4826
4828
4830
4832
4834
4836
4838
4840
4842
4843
4845
4847
4849
4851
4853
4855
4857
4859
4860
4862
4864
4866
4868
4870
4872
4874
4876
4877
4879
4881
4883
4885
4887
4889
4891
4893
4894
4896
4898
4900
4902
4904
4906
4908
4910
4911
4913
4914
4916
4917
4919
4921
4922
4924
4925
4927
4928
4930
4932
4933
4935
4936
4938
4939
4941
4943
4944
4946
4947
4949
4950
4952
4954
4955
4957
4958
4960
4961
4963
4965
4966
4968
4969
4971
4972
4974
4976
4977
4979
4980
4982
4983
4985
4987
4988
4990
4991
4993
4994
4996
4997
4999
5001
5002
5004
5005
5007
5008
5010
5012
5013
5015
5016
5018
5020
5021
5023
5025
5027
5029
5031
5033
5034
5036
5038
5040
5042
5044
5046
5047
5049
5051
5053
5055
5057
5059
5061
5062
5064
5066
5068
5070
5072
5074
5075
5077
5079
5081
5083
5085
5087
5088
5090
5092
5094
5096
5098
5100
5102
5103
5105
5107
5109
5111
5113
5115
5116
5118
5120
5122
5124
5126
5128
5130
5132
5134
5136
5138
5140
5142
5144
5146
5148
5150
5152
5154
5156
5159
5161
5163
5165
5167
5169
5171
5173
5175
5177
5179
5181
5183
5186
5188
5190
5192
5194
5196
5198
5200
5202
5204
5206
5208
5210
5213
5215
5217
5219
5221
5223
5225
5227
5229
5231
5233
5235
5237
5240
5241
5243
5245
5247
5249
5250
5252
5254
5256
5258
5259
5261
5263
5265
5267
5268
5270
5272
5274
5276
5277
5279
5281
5283
5285
5286
5288
5290
5292
5294
5295
5297
5299
5301
5303
5304
5306
5308
5310
5312
5313
5315
5317
5319
5321
5322
5324
5326
5328
5330
5331
5333
5335
5337
5339
5340
5342
5344
5346
5348
5350
5351
5353
5355
5357
5359
5361
5363
5365
5367
5369
5371
5373
5375
5377
5379
5381
5383
5385
5387
5389
5391
5393
5395
5397
5399
5401
5403
5404
5406
5408
5410
5412
5414
5416
5418
5420
5422
5424
5426
5428
5430
5432
5434
5436
5438
5440
5442
5444
5446
5448
5450
5452
5454
5456
5458
5460
5461
5462
5464
5465
5467
5468
5470
5471
5473
5474
5476
5477
5479
5480
5482
5483
5484
5486
5487
5489
5490
5492
5493
5495
5496
5498
5499
5501
5502
5504
5505
5506
5508
5509
5511
5512
5514
5515
5517
5518
5520
5521
5523
5524
5526
5527
5528
5530
5531
5533
5534
5536
5537
5539
5540
5542
5543
5545
5546
5548
5549
5550
5552
5553
5555
5556
5558
5559
5561
5562
5564
5565
5567
5568
5570
5571
5573
5575
5577
5579
5581
5583
5585
5587
5589
5591
5593
5595
5596
5598
5600
5602
5604
5606
5608
5610
5612
5614
5616
5618
5620
5621
5623
5625
5627
5629
5631
5633
5635
5637
5639
5641
5643
5645
5646
5648
5650
5652
5654
5656
5658
5660
5662
5664
5666
5668
5670
5671
5673
5675
5677
5679
5681
5683
5685
5687
5689
5691
5693
5695
5697
5698
5700
5702
5704
5706
5708
5710
5712
5714
5716
5718
5720
5722
5724
5725
5727
5729
5731
5733
5735
5737
5739
5741
5743
5745
5747
5749
5751
5752
5754
5756
5758
5760
5762
5764
5766
5768
5770
5772
5774
5776
5778
5780
5782
5784
5786
5788
5791
5793
5795
5797
5800
5802
5804
5806
5808
5811
5813
5815
5817
5820
5822
5824
5826
5828
5831
5833
5835
5837
5840
5842
5844
5846
5848
5851
5853
5855
5857
5860
5862
5864
5866
5868
5871
5873
5875
5877
5880
5882
5884
5886
5888
5890
5891
5894
5896
5898
5900
5902
5904
5906
5907
5910
5912
5914
5916
5918
5920
5922
5923
5926
5928
5930
5932
5934
5936
5938
5939
5942
5944
5946
5948
5950
5952
5954
5955
5958
5960
5962
5964
5966
5968
5970
5971
5974
5976
5978
5980
5982
5984
5986
5988
5990
5992
5994
5996
5998
6000
6001
6003
6004
6006
6007
6009
6011
6012
6014
6015
6017
6019
6020
6022
6023
6025
6027
6028
6030
6031
6033
6035
6036
6038
6039
6041
6043
6044
6046
6047
6049
6051
6052
6054
6055
6057
6058
6060
6062
6063
6065
6066
6068
6070
6071
6073
6074
6076
6078
6079
6081
6082
6084
6086
6087
6089
6090
6092
6094
6095
6097
6098
6100
6102
6103
6105
6106
6108
6110
6111
6113
6114
6116
6118
6119
6121
6123
6124
6126
6128
6129
6131
6132
6134
6136
6137
6139
6141
6142
6144
6146
6147
6149
6150
6152
6154
6155
6157
6159
6160
6162
6164
6165
6167
6169
6170
6172
6173
6175
6177
6178
6180
6182
6183
6185
6187
6188
6190
6191
6193
6195
6196
6198
6200
6201
6203
6205
6206
6208
6210
6212
6214
6217
6219
6222
6224
6227
6229
6232
6234
6236
6239
6241
6244
6246
6249
6251
6254
6256
6258
6261
6263
6266
6268
6271
6273
6276
6278
6281
6283
6285
6288
6290
6293
6295
6298
6300
6303
6305
6307
6310
6312
6315
6317
6320
6322
6325
6327
6330
6332
6334
6336
6338
6340
6342
6344
6346
6348
6350
6352
6355
6357
6359
6361
6363
6365
6367
6369
6371
6373
6375
6377
6380
6382
6384
6386
6388
6390
6392
6394
6396
6398
6400
6402
6404
6407
6409
6411
6413
6415
6417
6419
6421
6423
6425
6427
6430
6432
6434
6436
6438
6441
6443
6445
6447
6449
6452
6454
6456
6458
6460
6463
6465
6467
6469
6471
6474
6476
6478
6480
6482
6484
6487
6489
6491
6493
6496
6498
6500
6502
6504
6507
6509
6511
6513
6515
6518
6520
6522
6524
6526
6529
6531
6533
6535
6537
6540
6541
6543
6545
6546
6548
6550
6551
6553
6555
6556
6558
6560
6561
6563
6564
6566
6568
6570
6571
6573
6575
6576
6578
6580
6581
6583
6585
6586
6588
6590
6591
6593
6595
6596
6598
6600
6601
6603
6604
6606
6608
6609
6611
6613
6615
6616
6618
6620
6621
6623
6625
6626
6628
6630
6631
6633
6635
6636
6638
6640
6641
6643
6645
6646
6648
6650
6652
6653
6655
6657
6658
6660
6662
6664
6665
6667
6669
6670
6672
6674
6676
6677
6679
6681
6682
6684
6686
6688
6689
6691
6693
6695
6696
6698
6700
6701
6703
6705
6707
6708
6710
6712
6713
6715
6717
6719
6720
6722
6724
6725
6727
6729
6731
6732
6734
6736
6737
6739
6741
6743
6744
6746
6748
6750
6751
6753
6755
6756
6758
6760
6762
6763
6765
6767
6768
6770
6772
6774
6775
6777
6779
6780
6782
6784
6786
6787
6789
6791
6792
6794
6796
6798
6799
6801
6803
6805
6806
6808
6810
6811
6813
6815
6817
6818
6820
6822
6823
6825
6827
6829
6830
6832
6834
6835
6837
6839
6841
6842
6844
6846
6847
6849
6851
6853
6854
6856
6858
6860
6862
6864
6866
6868
6870
6872
6874
6876
6878
6880
6882
6884
6886
6888
6890
6892
6894
6896
6898
6900
6902
6904
6906
6908
6911
6913
6915
6917
6919
6921
6923
6925
6927
6929
6931
6933
6935
6937
6939
6941
6943
6945
6947
6949
6951
6953
6955
6957
6960
6961
6963
6965
6966
6968
6970
6972
6973
6975
6977
6978
6980
6982
6984
6985
6987
6989
6990
6992
6994
6996
6997
6999
7001
7002
7004
7006
7008
7009
7011
7013
7015
7016
7018
7020
7021
7023
7025
7027
7028
7030
7032
7033
7035
7037
7039
7040
7042
7044
7045
7047
7049
7051
7052
7054
7056
7057
7059
7061
7063
7064
7066
7068
7070
7071
7073
7075
7077
7079
7081
7082
7084
7086
7088
7090
7092
7094
7095
7097
7099
7101
7103
7105
7107
7108
7110
7112
7114
7116
7118
7120
7121
7123
7125
7127
7129
7131
7132
7134
7136
7138
7140
7142
7144
7145
7147
7149
7151
7153
7155
7157
7158
7160
7162
7164
7166
7168
7170
7171
7172
7174
7175
7177
7178
7180
7181
7183
7184
7186
7187
7189
7190
7192
7193
7195
7196
7198
7199
7201
7202
7204
7205
7207
7208
7210
7211
7213
7214
7216
7217
7219
7220
7222
7223
7225
7226
7227
7229
7230
7232
7233
7235
7236
7238
7239
7241
7242
7244
7245
7247
7248
7250
7251
7253
7254
7256
7257
7259
7260
7262
7263
7265
7266
7268
7269
7271
7272
7274
7275
7277
7278
7280
7281
7283
7285
7287
7288
7290
7292
7294
7295
7297
7299
7301
7302
7304
7306
7308
7309
7311
7313
7315
7316
7318
7320
7322
7323
7325
7327
7329
7330
7332
7334
7336
7337
7339
7341
7343
7344
7346
7348
7350
7351
7353
7355
7357
7358
7360
7362
7364
7365
7367
7369
7371
7372
7374
7376
7378
7380
7382
7384
7386
7388
7390
7392
7394
7396
7398
7400
7402
7404
7406
7409
7411
7413
7415
7417
7419
7421
7423
7425
7427
7429
7431
7433
7436
7438
7440
7442
7444
7446
7448
7450
7452
7454
7456
7458
7460
7463
7465
7467
7469
7471
7473
7475
7477
7479
7481
7483
7485
7487
7490
7491
7493
7494
7496
7498
7499
7501
7502
7504
7506
7507
7509
7511
7512
7514
7515
7517
7519
7520
7522
7523
7525
7527
7528
7530
7532
7533
7535
7536
7538
7540
7541
7543
7545
7546
7548
7549
7551
7553
7554
7556
7557
7559
7561
7562
7564
7566
7567
7569
7570
7572
7574
7575
7577
7578
7580
7582
7583
7585
7587
7588
7590
7591
7593
7595
7596
7598
7600
7601
7603
7604
7606
7608
7609
7611
7613
7614
7616
7618
7619
7621
7622
7624
7626
7627
7629
7631
7632
7634
7636
7637
7639
7640
7642
7644
7645
7647
7649
7650
7652
7654
7655
7657
7659
7660
7662
7663
7665
7667
7668
7670
7672
7673
7675
7677
7678
7680
7681
7683
7685
7686
7688
7690
7691
7693
7695
7696
7698
7700
7702
7704
7706
7708
7710
7712
7714
7716
7718
7720
7722
7724
7726
7729
7731
7733
7735
7737
7739
7741
7743
7745
7747
7749
7751
7753
7756
7758
7760
7762
7764
7766
7768
7770
7772
7774
7776
7778
7780
7783
7785
7787
7789
7791
7793
7795
7797
7799
7801
7803
7805
7807
7810
7811
7813
7815
7817
7819
7820
7822
7824
7826
7828
7829
7831
7833
7835
7837
7838
7840
7842
7844
7846
7847
7849
7851
7853
7855
7856
7858
7860
7862
7864
7865
7867
7869
7871
7873
7874
7876
7878
7880
7882
7883
7885
7887
7889
7891
7892
7894
7896
7898
7900
7901
7903
7905
7907
7909
7910
7912
7914
7916
7918
7920
7922
7924
7926
7928
7930
7932
7935
7937
7939
7941
7943
7945
7948
7950
7952
7954
7956
7958
7960
7963
7965
7967
7969
7971
7973
7976
7978
7980
7982
7984
7986
7989
7991
7993
7995
7997
7999
8001
8004
8006
8008
8010
8012
8014
8017
8019
8021
8023
8025
8027
8029
8031
8033
8035
8036
8038
8040
8042
8043
8045
8047
8048
8050
8052
8054
8055
8057
8059
8061
8062
8064
8066
8067
8069
8071
8073
8074
8076
8078
8080
8081
8083
8085
8086
8088
8090
8092
8093
8095
8097
8098
8100
8102
8104
8105
8107
8109
8111
8112
8114
8116
8117
8119
8121
8123
8124
8126
8128
8130
8132
8135
8138
8140
8143
8146
8148
8151
8154
8156
8159
8162
8164
8167
8170
8172
8175
8178
8180
8183
8186
8189
8191
8194
8197
8199
8202
8205
8207
8210
8213
8215
8218
8221
8223
8226
8229
8231
8234
8237
8240
8242
8245
8248
8251
8254
8257
8260
8263
8266
8268
8271
8274
8277
8280
8283
8286
8289
8292
8295
8297
8300
8303
8306
8309
8312
8315
8318
8321
8323
8326
8329
8332
8335
8338
8341
8344
8347
8350
8352
8355
8358
8361
8363
8366
8369
8372
8375
8377
8380
8383
8386
8388
8391
8394
8397
8399
8402
8405
8408
8411
8413
8416
8419
8422
8424
8427
8430
8433
8436
8438
8441
8444
8447
8450
8452
8455
8458
8461
8464
8467
8470
8473
8476
8479
8482
8485
8488
8491
8494
8497
8500
8503
8506
8509
8512
8515
8518
8521
8524
8527
8530
8533
8536
8539
8542
8545
8548
8551
8554
8557
8560
8562
8565
8568
8571
8574
8577
8580
8583
8586
8589
8592
8595
8598
8601
8604
8607
8610
8612
8615
8618
8621
8624
8627
8630
8633
8636
8639
8642
8645
8648
8651
8654
8657
8660
8661
8663
8665
8666
8668
8670
8672
8673
8675
8677
8679
8680
8682
8684
8686
8687
8689
8691
8693
8694
8696
8698
8700
8701
8703
8705
8707
8708
8710
8712
8714
8715
8717
8719
8721
8722
8724
8726
8728
8729
8731
8733
8735
8736
8738
8740
8742
8743
8745
8747
8749
8750
8752
8754
8756
8757
8759
8761
8763
8764
8766
8768
8770
8771
8773
8775
8777
8779
8781
8783
8785
8787
8789
8791
8793
8795
8797
8799
8801
8803
8805
8807
8809
8811
8813
8815
8817
8819
8821
8823
8825
8826
8828
8830
8832
8834
8836
8838
8840
8842
8844
8846
8848
8850
8852
8854
8856
8858
8860
8862
8864
8866
8868
8870
8872
8874
8876
8878
8880
8882
8884
8886
8888
8890
8892
8894
8896
8899
8901
8903
8905
8907
8909
8911
8913
8915
8918
8920
8922
8924
8926
8928
8930
8932
8935
8937
8939
8941
8943
8945
8947
8949
8951
8954
8956
8958
8960
8962
8964
8966
8968
8970
8973
8975
8977
8979
8981
8983
8985
8987
8990
8992
8994
8996
8998
9000
9002
9004
9006
9009
9011
9013
9015
9017
9019
9021
9023
9025
9028
9030
9032
9034
9036
9038
9040
9042
9045
9047
9049
9051
9053
9055
9057
9059
9061
9064
9066
9068
9070
9072
9074
9076
9078
9080
9083
9085
9087
9089
9091
9093
9095
9097
9100
9102
9104
9106
9108
9111
9113
9115
9117
9120
9122
9124
9126
9128
9131
9133
9135
9137
9139
9142
9144
9146
9148
9151
9153
9155
9157
9160
9162
9164
9166
9168
9171
9173
9175
9177
9180
9182
9184
9186
9188
9191
9193
9195
9197
9200
9201
9203
9205
9207
9209
9211
9213
9215
9217
9219
9221
9223
9225
9227
9229
9231
9233
9235
9237
9239
9241
9243
9245
9247
9249
9251
9253
9254
9256
9258
9260
9262
9264
9266
9268
9270
9272
9274
9276
9278
9280
9282
9284
9286
9288
9290
9292
9294
9296
9298
9300
9302
9304
9306
9308
9310
9311
9313
9314
9316
9317
9319
9320
9322
9324
9325
9327
9328
9330
9331
9333
9335
9336
9338
9339
9341
9342
9344
9345
9347
9349
9350
9352
9353
9355
9356
9358
9360
9361
9363
9364
9366
9367
9369
9370
9372
9374
9375
9377
9378
9380
9381
9383
9385
9386
9388
9389
9391
9392
9394
9395
9397
9399
9400
9402
9403
9405
9406
9408
9410
9411
9413
9415
9416
9418
9420
9421
9423
9425
9426
9428
9430
9431
9433
9435
9436
9438
9440
9441
9443
9445
9446
9448
9450
9451
9453
9455
9456
9458
9459
9461
9463
9465
9466
9468
9470
9471
9473
9475
9476
9478
9480
9481
9483
9485
9486
9488
9490
9491
9493
9495
9496
9498
9500
9501
9503
9504
9506
9508
9510
9511
9513
9514
9516
9518
9520
9522
9524
9526
9528
9530
9532
9534
9536
9539
9541
9543
9545
9547
9549
9551
9553
9555
9558
9560
9562
9564
9566
9568
9570
9572
9575
9577
9579
9581
9583
9585
9587
9589
9591
9594
9596
9598
9600
9602
9604
9606
9608
9610
9613
9615
9617
9619
9621
9623
9625
9627
9630
9632
9634
9636
9639
9641
9643
9646
9648
9650
9652
9655
9657
9659
9662
9664
9666
9668
9671
9673
9675
9678
9680
9682
9685
9687
9689
9691
9694
9696
9698
9701
9703
9705
9707
9710
9712
9714
9717
9719
9721
9723
9726
9728
9730
9733
9735
9737
9740
9742
9744
9747
9749
9752
9754
9757
9759
9762
9764
9766
9769
9771
9774
9776
9779
9781
9784
9786
9788
9791
9793
9796
9798
9801
9803
9806
9808
9810
9813
9815
9818
9820
9823
9825
9828
9830
9832
9835
9837
9840
9842
9845
9847
9850
9851
9853
9855
9856
9858
9860
9861
9863
9865
9866
9868
9870
9871
9873
9875
9876
9878
9879
9881
9883
9885
9886
9888
9889
9891
9893
9895
9896
9898
9899
9901
9903
9905
9906
9908
9910
9911
9913
9915
9916
9918
9920
9921
9923
9924
9926
9928
9930
9931
9933
9934
9936
9938
9940
9941
9943
9944
9946
9948
9950
9951
9953
9955
9957
9959
9961
9963
9965
9967
9969
9971
9973
9975
9977
9979
9981
9983
9985
9987
9989
9991
9993
9995
9997
9999
10001
10003
10004
10006
10008
10010
10012
10014
10016
10018
10020
10022
10024
10026
10028
10030
10032
10034
10036
10038
10040
10042
10044
10046
10048
10050
10052
10054
10056
10058
10060
10061
10063
10064
10066
10068
10069
10071
10072
10074
10076
10077
10079
10080
10082
10084
10085
10087
10089
10090
10092
10093
10095
10097
10098
10100
10101
10103
10105
10106
10108
10110
10111
10113
10114
10116
10118
10119
10121
10122
10124
10126
10127
10129
10130
10132
10134
10135
10137
10139
10140
10142
10143
10145
10147
10148
10150
10151
10153
10155
10156
10158
10160
10161
10163
10165
10167
10169
10171
10173
10174
10176
10178
10180
10182
10184
10186
10187
10189
10191
10193
10195
10197
10199
10201
10202
10204
10206
10208
10210
10212
10214
10215
10217
10219
10221
10223
10225
10227
10228
10230
10232
10234
10236
10238
10240
10242
10243
10245
10247
10249
10251
10253
10255
10256
10258
10260
10262
10264
10266
10268
10270
10271
10273
10275
10276
10278
10280
10282
10283
10285
10287
10289
10290
10292
10294
10296
10297
10299
10301
10303
10304
10306
10308
10310
10311
10313
10315
10317
10318
10320
10322
10324
10325
10327
10329
10331
10332
10334
10336
10338
10339
10341
10343
10345
10346
10348
10350
10352
10353
10355
10357
10359
10360
10362
10364
10366
10367
10369
10371
10373
10374
10376
10378
10380
10381
10383
10385
10386
10388
10390
10392
10393
10395
10397
10398
10400
10402
10404
10405
10407
10409
10410
10412
10414
10416
10417
10419
10421
10422
10424
10426
10428
10429
10431
10433
10435
10436
10438
10440
10441
10443
10445
10447
10448
10450
10452
10453
10455
10457
10459
10460
10462
10464
10465
10467
10469
10471
10472
10474
10476
10477
10479
10481
10483
10484
10486
10488
10490
10491
10493
10495
10496
10498
10500
10502
10503
10505
10507
10508
10510
10512
10514
10515
10517
10519
10520
10522
10524
10526
10527
10529
10531
10532
10534
10536
10538
10539
10541
10543
10545
10546
10548
10550
10551
10553
10555
10557
10558
10560
10562
10563
10565
10567
10569
10570
10572
10574
10575
10577
10579
10581
10582
10584
10586
10587
10589
10591
10593
10594
10596
10598
10600
10602
10604
10606
10608
10610
10612
10614
10616
10618
10620
10622
10624
10626
10628
10630
10632
10634
10636
10638
10640
10642
10644
10646
10648
10651
10653
10655
10657
10659
10661
10663
10665
10667
10669
10671
10673
10675
10677
10679
10681
10683
10685
10687
10689
10691
10693
10695
10697
10700
10701
10703
10705
10706
10708
10710
10712
10713
10715
10717
10719
10720
10722
10724
10726
10727
10729
10731
10733
10734
10736
10738
10740
10741
10743
10745
10747
10748
10750
10752
10754
10755
10757
10759
10761
10762
10764
10766
10768
10769
10771
10773
10775
10776
10778
10780
10782
10783
10785
10787
10789
10790
10792
10794
10796
10797
10799
10801
10803
10804
10806
10808
10810
10811
10813
10815
10817
10819
10821
10823
10825
10827
10829
10831
10833
10835
10836
10838
10840
10842
10844
10846
10848
10850
10852
10854
10856
10858
10860
10861
10863
10865
10867
10869
10871
10873
10875
10877
10879
10881
10883
10885
10886
10888
10890
10892
10894
10896
10898
10900
10902
10904
10906
10908
10910
10912
10914
10917
10919
10921
10924
10926
10929
10931
10933
10936
10938
10941
10943
10945
10948
10950
10953
10955
10957
10960
10962
10965
10967
10969
10972
10974
10976
10979
10981
10984
10986
10988
10991
10993
10996
10998
11000
11003
11005
11008
11010
11012
11015
11017
11020
11022
11024
11026
11028
11031
11033
11035
11037
11040
11042
11044
11046
11048
11051
11053
11055
11057
11060
11062
11064
11066
11068
11071
11073
11075
11077
11080
11082
11084
11086
11088
11091
11093
11095
11097
11100
11102
11104
11106
11108
11111
11113
11115
11117
11120
11122
11124
11126
11128
11131
11133
11135
11137
11140
11142
11144
11146
11148
11151
11153
11155
11157
11160
11162
11164
11166
11169
11171
11173
11175
11178
11180
11182
11184
11187
11189
11191
11193
11196
11198
11200
11202
11205
11207
11209
11211
11214
11216
11218
11220
11223
11225
11227
11229
11232
11234
11236
11238
11241
11243
11245
11247
11250
11252
11254
11256
11258
11260
11262
11264
11266
11268
11270
11272
11274
11276
11279
11281
11283
11285
11287
11289
11291
11293
11295
11297
11299
11301
11303
11306
11308
11310
11312
11314
11316
11318
11320
11322
11324
11326
11328
11330
11333
11335
11337
11339
11341
11343
11345
11347
11349
11351
11353
11355
11357
11360
11362
11364
11366
11368
11370
11372
11374
11376
11378
11380
11382
11385
11387
11389
11391
11393
11395
11397
11399
11401
11403
11405
11407
11410
11412
11414
11416
11418
11420
11422
11424
11426
11428
11430
11432
11435
11437
11439
11441
11443
11445
11447
11449
11451
11453
11455
11457
11460
11461
11463
11465
11467
11469
11471
11473
11475
11477
11479
11481
11483
11485
11487
11489
11491
11493
11495
11497
11499
11501
11503
11505
11507
11509
11511
11513
11515
11516
11518
11520
11522
11524
11526
11528
11530
11532
11534
11536
11538
11540
11542
11544
11546
11548
11550
11552
11554
11556
11558
11560
11562
11564
11566
11568
11570
11571
11573
11575
11577
11579
11581
11582
11584
11586
11588
11590
11592
11594
11595
11597
11599
11601
11603
11605
11607
11608
11610
11612
11614
11616
11618
11620
11621
11623
11625
11627
11629
11631
11632
11634
11636
11638
11640
11642
11644
11645
11647
11649
11651
11653
11655
11657
11658
11660
11662
11664
11666
11668
11670
11672
11674
11676
11678
11680
11682
11684
11686
11688
11690
11692
11694
11696
11699
11701
11703
11705
11707
11709
11711
11713
11715
11717
11719
11721
11723
11726
11728
11730
11732
11734
11736
11738
11740
11742
11744
11746
11748
11750
11753
11755
11757
11759
11761
11763
11765
11767
11769
11771
11773
11775
11777
11780
11781
11783
11785
11786
11788
11790
11792
11793
11795
11797
11798
11800
11802
11804
11805
11807
11809
11811
11812
11814
11816
11817
11819
11821
11823
11824
11826
11828
11830
11831
11833
11835
11836
11838
11840
11842
11843
11845
11847
11848
11850
11852
11854
11855
11857
11859
11861
11862
11864
11866
11867
11869
11871
11873
11874
11876
11878
11880
11881
11883
11885
11886
11888
11890
11891
11893
11895
11896
11898
11900
11901
11903
11905
11906
11908
11910
11911
11913
11915
11916
11918
11920
11921
11923
11925
11926
11928
11930
11931
11933
11935
11936
11938
11940
11941
11943
11945
11946
11948
11950
11951
11953
11955
11956
11958
11960
11961
11963
11965
11966
11968
11970
11971
11973
11975
11976
11978
11980
11981
11983
11985
11986
11988
11990
11991
11993
11994
11996
11998
11999
12001
12002
12004
12006
12007
12009
12011
12012
12014
12015
12017
12019
12020
12022
12023
12025
12027
12028
12030
12032
12033
12035
12036
12038
12040
12041
12043
12045
12046
12048
12049
12051
12053
12054
12056
12057
12059
12061
12062
12064
12066
12067
12069
12070
12072
12074
12075
12077
12078
12080
12082
12083
12085
12087
12088
12090
12091
12093
12095
12096
12098
12100
12101
12103
12105
12106
12108
12110
12112
12113
12115
12117
12118
12120
12122
12124
12125
12127
12129
12131
12132
12134
12136
12137
12139
12141
12143
12144
12146
12148
12149
12151
12153
12155
12156
12158
12160
12162
12163
12165
12167
12168
12170
12172
12174
12175
12177
12179
12181
12182
12184
12186
12187
12189
12191
12193
12194
12196
12198
12200
12201
12203
12204
12206
12207
12209
12210
12212
12214
12215
12217
12218
12220
12222
12223
12225
12226
12228
12229
12231
12233
12234
12236
12237
12239
12240
12242
12244
12245
12247
12248
12250
12251
12253
12254
12256
12258
12259
12261
12262
12264
12266
12267
12269
12270
12272
12273
12275
12277
12278
12280
12281
12283
12284
12286
12288
12289
12291
12292
12294
12295
12297
12299
12300
12302
12303
12305
12306
12308
12310
12312
12314
12317
12319
12322
12324
12327
12329
12331
12334
12336
12339
12341
12344
12346
12349
12351
12353
12356
12358
12361
12363
12366
12368
12370
12373
12375
12378
12380
12383
12385
12388
12390
12392
12395
12397
12400
12402
12405
12407
12410
12411
12413
12415
12416
12418
12420
12422
12423
12425
12427
12428
12430
12432
12434
12435
12437
12439
12440
12442
12444
12446
12447
12449
12451
12452
12454
12456
12458
12459
12461
12463
12465
12466
12468
12470
12471
12473
12475
12477
12478
12480
12482
12483
12485
12487
12489
12490
12492
12494
12495
12497
12499
12501
12502
12504
12506
12507
12509
12511
12513
12514
12516
12518
12520
12521
12523
12524
12526
12527
12529
12530
12532
12533
12535
12537
12538
12540
12541
12543
12544
12546
12547
12549
12550
12552
12554
12555
12557
12558
12560
12561
12563
12564
12566
12568
12569
12571
12572
12574
12575
12577
12578
12580
12581
12583
12585
12586
12588
12589
12591
12592
12594
12595
12597
12599
12600
12602
12603
12605
12606
12608
12609
12611
12612
12614
12616
12617
12619
12620
12622
12623
12625
12626
12628
12630
12631
12633
12634
12636
12638
12639
12641
12643
12644
12646
12648
12649
12651
12652
12654
12656
12657
12659
12661
12662
12664
12666
12667
12669
12671
12672
12674
12675
12677
12679
12680
12682
12684
12685
12687
12689
12690
12692
12694
12695
12697
12698
12700
12702
12703
12705
12707
12708
12710
12712
12713
12715
12717
12718
12720
12721
12723
12725
12726
12728
12730
12731
12733
12735
12736
12738
12740
12742
12744
12746
12748
12750
12752
12754
12756
12758
12760
12762
12764
12766
12768
12770
12772
12774
12776
12778
12780
12782
12784
12786
12788
12790
12792
12795
12797
12799
12801
12803
12805
12807
12809
12811
12813
12815
12817
12819
12821
12823
12825
12827
12829
12831
12833
12835
12837
12839
12841
12843
12845
12847
12850
12853
12856
12860
12863
12867
12870
12874
12877
12881
12884
12887
12891
12894
12898
12901
12905
12908
12912
12915
12918
12922
12925
12929
12932
12936
12939
12943
12946
12950
12952
12954
12956
12958
12960
12962
12964
12966
12968
12970
12972
12974
12976
12978
12980
12982
12984
12986
12988
12990
12992
12994
12996
12998
13000
13002
13004
13007
13009
13011
13013
13015
13017
13019
13021
13023
13025
13027
13029
13031
13033
13035
13037
13039
13041
13043
13045
13047
13049
13051
13053
13055
13057
13060
13061
13063
13064
13066
13067
13069
13070
13072
13073
13075
13076
13078
13079
13081
13082
13084
13085
13087
13088
13090
13091
13093
13094
13096
13097
13099
13100
13102
13103
13105
13106
13108
13110
13111
13113
13114
13116
13117
13119
13120
13122
13123
13125
13126
13128
13129
13131
13132
13134
13135
13137
13138
13140
13141
13143
13144
13146
13147
13149
13150
13152
13153
13155
13156
13158
13160
13161
13163
13165
13167
13169
13171
13173
13175
13177
13178
13180
13182
13184
13186
13188
13190
13192
13194
13196
13197
13199
13201
13203
13205
13207
13209
13211
13213
13215
13216
13218
13220
13222
13224
13226
13228
13230
13232
13233
13235
13237
13239
13241
13243
13245
13247
13249
13251
13252
13254
13256
13258
13260
13262
13264
13266
13268
13270
13271
13273
13275
13276
13278
13280
13282
13283
13285
13287
13289
13290
13292
13294
13296
13297
13299
13301
13303
13304
13306
13308
13310
13311
13313
13315
13317
13318
13320
13322
13324
13325
13327
13329
13331
13332
13334
13336
13338
13339
13341
13343
13345
13346
13348
13350
13352
13353
13355
13357
13359
13360
13362
13364
13366
13367
13369
13371
13373
13374
13376
13378
13380
13382
13385
13387
13390
13393
13395
13398
13400
13403
13406
13408
13411
13414
13416
13419
13421
13424
13427
13429
13432
13435
13437
13440
13442
13445
13448
13450
13453
13455
13458
13461
13463
13466
13469
13471
13474
13476
13479
13482
13484
13487
13490
13491
13493
13495
13497
13499
13500
13502
13504
13506
13508
13509
13511
13513
13515
13517
13518
13520
13522
13524
13526
13527
13529
13531
13533
13535
13536
13538
13540
13542
13544
13545
13547
13549
13551
13553
13554
13556
13558
13560
13562
13563
13565
13567
13569
13571
13572
13574
13576
13578
13580
13581
13583
13585
13587
13589
13590
13592
13594
13596
13598
13600
13601
13603
13605
13606
13608
13610
13611
13613
13615
13616
13618
13620
13622
13623
13625
13627
13628
13630
13632
13633
13635
13637
13638
13640
13642
13644
13645
13647
13649
13650
13652
13654
13655
13657
13659
13661
13662
13664
13666
13667
13669
13671
13672
13674
13676
13677
13679
13681
13683
13684
13686
13688
13689
13691
13693
13694
13696
13698
13700
13701
13703
13705
13706
13708
13710
13712
13713
13715
13717
13718
13720
13722
13724
13725
13727
13729
13730
13732
13734
13736
13737
13739
13741
13742
13744
13746
13748
13749
13751
13753
13754
13756
13758
13760
13761
13763
13765
13767
13768
13770
13772
13773
13775
13777
13779
13780
13782
13784
13785
13787
13789
13791
13792
13794
13796
13797
13799
13801
13803
13804
13806
13808
13810
13812
13814
13816
13818
13820
13822
13824
13826
13828
13830
13832
13834
13836
13838
13840
13842
13844
13846
13848
13850
13852
13854
13856
13858
13860
13862
13864
13866
13868
13870
13872
13874
13876
13878
13880
13882
13884
13886
13888
13890
13892
13894
13896
13898
13900
13902
13904
13906
13908
13910
13912
13914
13916
13918
13920
13922
13924
13926
13928
13930
13932
13934
13936
13938
13940
13942
13944
13946
13948
13950
13952
13954
13956
13958
13959
13962
13964
13966
13968
13970
13972
13974
13976
13978
13980
13982
13984
13985
13988
13990
13992
13994
13996
13998
14000
14001
14004
14006
14008
14010
14012
14014
14016
14017
14020
14021
14023
14025
14027
14029
14031
14033
14035
14037
14039
14041
14043
14045
14047
14048
14050
14052
14054
14056
14058
14060
14062
14064
14066
14068
14070
14072
14074
14075
14077
14079
14081
14083
14085
14087
14089
14091
14093
14095
14097
14099
14101
14102
14104
14106
14108
14110
14112
14114
14116
14118
14120
14122
14124
14126
14128
14130
14131
14133
14135
14137
14139
14141
14142
14144
14146
14148
14150
14152
14153
14155
14157
14159
14161
14163
14164
14166
14168
14170
14172
14174
14175
14177
14179
14181
14183
14185
14186
14188
14190
14192
14194
14196
14197
14199
14201
14203
14205
14207
14208
14210
14212
14214
14216
14218
14219
14221
14223
14225
14227
14229
14230
14232
14234
14236
14238
14240
14241
14243
14245
14247
14249
14250
14252
14254
14256
14258
14259
14261
14263
14265
14267
14268
14270
14272
14274
14276
14277
14279
14281
14283
14285
14286
14288
14290
14292
14294
14295
14297
14299
14301
14303
14304
14306
14308
14310
14312
14313
14315
14317
14319
14321
14322
14324
14326
14328
14330
14331
14333
14335
14337
14339
14340
14342
14344
14346
14348
14350
14351
14353
14355
14357
14359
14361
14363
14365
14367
14369
14371
14373
14375
14376
14378
14380
14382
14384
14386
14388
14390
14392
14394
14396
14398
14399
14401
14403
14405
14407
14409
14411
14413
14415
14417
14419
14421
14423
14424
14426
14428
14430
14432
14434
14436
14438
14440
14442
14444
14446
14448
14450
14452
14453
14456
14458
14459
14462
14463
14466
14468
14469
14472
14474
14476
14478
14480
14482
14484
14485
14488
14490
14492
14494
14496
14498
14500
14502
14504
14506
14508
14510
14512
14514
14516
14518
14520
14522
14524
14526
14528
14530
14532
14534
14536
14538
14540
14542
14544
14546
14548
14550
14552
14554
14556
14558
14560
14562
14564
14566
14568
14571
14573
14575
14577
14580
14582
14584
14586
14588
14591
14593
14595
14597
14600
14602
14604
14606
14608
14611
14613
14615
14617
14620
14622
14624
14626
14628
14631
14633
14635
14637
14640
14642
14644
14646
14648
14651
14653
14655
14657
14660
14661
14663
14665
14667
14669
14671
14673
14675
14677
14678
14680
14682
14684
14686
14688
14690
14692
14694
14696
14697
14699
14701
14703
14705
14707
14709
14711
14713
14715
14716
14718
14720
14722
14724
14726
14728
14730
14732
14733
14735
14737
14739
14741
14743
14745
14747
14749
14751
14752
14754
14756
14758
14760
14762
14764
14766
14768
14770
14772
14774
14776
14778
14780
14782
14784
14786
14788
14790
14792
14794
14796
14799
14801
14803
14805
14807
14809
14811
14813
14815
14817
14819
14821
14823
14826
14828
14830
14832
14834
14836
14838
14840
14842
14844
14846
14848
14850
14853
14855
14857
14859
14861
14863
14865
14867
14869
14871
14873
14875
14877
14880
14882
14884
14886
14888
14891
14893
14895
14897
14899
14902
14904
14906
14908
14910
14913
14915
14917
14919
14921
14924
14926
14928
14930
14932
14935
14937
14939
14941
14943
14946
14948
14950
14952
14954
14957
14959
14961
14963
14965
14968
14970
14972
14974
14976
14979
14981
14983
14985
14987
14990
14992
14994
14997
14999
15001
15004
15006
15008
15011
15013
15015
15018
15020
15022
15025
15027
15029
15032
15034
15036
15039
15041
15043
15046
15048
15050
15053
15055
15057
15060
15062
15064
15067
15069
15071
15074
15076
15078
15081
15083
15085
15088
15090
15092
15095
15097
15100
15102
15104
15106
15108
15110
15112
15114
15116
15118
15120
15122
15124
15126
15128
15130
15132
15134
15136
15138
15140
15142
15144
15146
15148
15151
15153
15155
15157
15159
15161
15163
15165
15167
15169
15171
15173
15175
15177
15179
15181
15183
15185
15187
15189
15191
15193
15195
15197
15200
15201
15203
15205
15206
15208
15210
15212
15213
15215
15217
15219
15220
15222
15224
15226
15227
15229
15231
15233
15234
15236
15238
15240
15241
15243
15245
15247
15248
15250
15252
15254
15255
15257
15259
15261
15262
15264
15266
15268
15269
15271
15273
15275
15276
15278
15280
15282
15283
15285
15287
15289
15290
15292
15294
15296
15297
15299
15301
15303
15304
15306
15308
15310
15311
15313
15315
15317
15318
15320
15322
15324
15326
15327
15329
15331
15333
15335
15336
15338
15340
15342
15343
15345
15347
15349
15351
15352
15354
15356
15358
15360
15361
15363
15365
15367
15368
15370
15372
15374
15376
15377
15379
15381
15383
15385
15386
15388
15390
15392
15393
15395
15397
15399
15401
15402
15404
15406
15408
15410
15411
15413
15414
15416
15417
15419
15421
15422
15424
15425
15427
15428
15430
15432
15433
15435
15436
15438
15439
15441
15443
15444
15446
15447
15449
15450
15452
15454
15455
15457
15458
15460
15461
15463
15465
15466
15468
15469
15471
15472
15474
15476
15477
15479
15480
15482
15483
15485
15487
15488
15490
15491
15493
15494
15496
15498
15499
15501
15502
15504
15505
15507
15509
15510
15512
15513
15515
15516
15518
15520
15521
15523
15525
15527
15528
15530
15532
15534
15535
15537
15539
15541
15543
15544
15546
15548
15550
15551
15553
15555
15557
15559
15560
15562
15564
15566
15567
15569
15571
15573
15575
15576
15578
15580
15582
15583
15585
15587
15589
15590
15592
15594
15596
15598
15599
15601
15603
15605
15606
15608
15610
15612
15614
15615
15617
15619
15621
15622
15624
15626
15628
15630
15631
15633
15635
15636
15638
15640
15642
15643
15645
15647
15649
15650
15652
15654
15656
15657
15659
15661
15663
15664
15666
15668
15670
15671
15673
15675
15677
15678
15680
15682
15684
15685
15687
15689
15691
15692
15694
15696
15698
15699
15701
15703
15705
15706
15708
15710
15712
15713
15715
15717
15719
15720
15722
15724
15726
15727
15729
15731
15733
15734
15736
15738
15740
15741
15743
15745
15747
15749
15751
15752
15754
15756
15758
15760
15762
15763
15765
15767
15769
15771
15773
15774
15776
15778
15780
15782
15784
15785
15787
15789
15791
15793
15795
15796
15798
15800
15802
15804
15806
15807
15809
15811
15813
15815
15817
15818
15820
15822
15824
15826
15828
15829
15831
15833
15835
15837
15839
15840
15842
15844
15846
15848
15850
15852
15854
15856
15858
15860
15863
15865
15867
15869
15871
15873
15876
15878
15880
15882
15884
15886
15889
15891
15893
15895
15897
15899
15902
15904
15906
15908
15910
15913
15915
15917
15919
15921
15923
15926
15928
15930
15932
15934
15936
15939
15941
15943
15945
15947
15950
15952
15955
15957
15960
15963
15965
15968
15970
15973
15976
15978
15981
15984
15986
15989
15991
15994
15997
15999
16002
16004
16007
16010
16012
16015
16018
16020
16023
16025
16028
16031
16033
16036
16039
16041
16044
16046
16049
16052
16054
16057
16059
16062
16064
16067
16069
16071
16074
16076
16079
16081
16083
16086
16088
16090
16093
16095
16098
16100
16102
16105
16107
16110
16112
16114
16117
16119
16121
16124
16126
16129
16131
16133
16136
16138
16140
16143
16145
16148
16150
16152
16155
16157
16160
16162
16164
16167
16169
16171
16174
16176
16178
16181
16183
16185
16188
16190
16192
16195
16197
16199
16202
16204
16206
16209
16211
16213
16216
16218
16220
16223
16225
16227
16230
16232
16234
16237
16239
16241
16244
16246
16248
16251
16253
16255
16258
16260
16262
16265
16267
16270
16271
16273
16275
16277
16279
16280
16282
16284
16286
16288
16290
16291
16293
16295
16297
16299
16301
16303
16304
16306
16308
16310
16312
16314
16315
16317
16319
16321
16323
16325
16326
16328
16330
16332
16334
16335
16337
16339
16341
16343
16345
16346
16348
16350
16352
16354
16356
16358
16359
16361
16363
16365
16367
16369
16370
16372
16374
16376
16378
16379
16382
16384
16386
16389
16391
16393
16396
16398
16400
16402
16405
16407
16409
16412
16414
16416
16418
16421
16423
16425
16428
16430
16432
16435
16437
16439
16441
16444
16446
16448
16451
16453
16455
16457
16460
16462
16464
16467
16469
16471
16473
16476
16478
16480
16483
16485
16487
16490
16491
16493
16495
16497
16499
16501
16503
16505
16507
16508
16510
16512
16514
16516
16518
16520
16522
16524
16526
16527
16529
16531
16533
16535
16537
16539
16541
16543
16545
16546
16548
16550
16552
16554
16556
16558
16560
16562
16563
16565
16567
16569
16571
16573
16575
16577
16579
16581
16582
16584
16586
16588
16590
16592
16594
16596
16598
16600
16602
16604
16606
16608
16610
16612
16614
16616
16618
16620
16622
16625
16627
16629
16631
16633
16635
16637
16639
16641
16643
16645
16647
16650
16652
16654
16656
16658
16660
16662
16664
16666
16668
16670
16672
16675
16677
16679
16681
16683
16685
16687
16689
16691
16693
16695
16697
16700
16702
16704
16707
16709
16712
16714
16717
16719
16721
16724
16726
16729
16731
16734
16736
16739
16741
16744
16746
16748
16751
16753
16756
16758
16761
16763
16766
16768
16770
16773
16775
16778
16780
16783
16785
16788
16790
16792
16795
16797
16800
16802
16805
16807
16810
16811
16814
16816
16817
16820
16822
16823
16826
16828
16830
16832
16834
16836
16837
16840
16842
16843
16846
16848
16849
16852
16854
16855
16858
16860
16862
16864
16866
16868
16870
16872
16874
16876
16878
16880
16882
16884
16886
16887
16890
16892
16894
16896
16898
16900
16902
16904
16906
16908
16910
16911
16913
16915
16917
16918
16920
16922
16924
16925
16927
16929
16931
16933
16934
16936
16938
16940
16941
16943
16945
16947
16949
16950
16952
16954
16956
16957
16959
16961
16963
16965
16966
16968
16970
16972
16973
16975
16977
16979
16980
16982
16984
16986
16988
16989
16991
16993
16995
16996
16998
17000
17002
17004
17005
17007
17009
17011
17012
17014
17016
17018
17020
17022
17024
17027
17029
17031
17034
17036
17038
17041
17043
17045
17048
17050
17052
17055
17057
17059
17062
17064
17066
17069
17071
17073
17076
17078
17080
17083
17085
17087
17090
17092
17094
17097
17099
17101
17104
17106
17108
17111
17113
17115
17118
17120
17122
17125
17127
17130
17131
17133
17135
17137
17139
17141
17143
17145
17147
17148
17150
17152
17154
17156
17158
17160
17162
17164
17166
17167
17169
17171
17173
17175
17177
17179
17181
17183
17185
17186
17188
17190
17192
17194
17196
17198
17200
17202
17203
17205
17207
17209
17211
17213
17215
17217
17219
17221
17222
17224
17226
17228
17230
17232
17234
17236
17238
17240
17243
17246
17249
17252
17256
17259
17262
17265
17269
17272
17275
17278
17282
17285
17288
17291
17295
17298
17301
17304
17307
17311
17314
17317
17320
17324
17327
17330
17333
17337
17340
17343
17346
17350
17351
17353
17355
17357
17358
17360
17362
17364
17365
17367
17369
17371
17372
17374
17376
17378
17379
17381
17383
17385
17386
17388
17390
17392
17393
17395
17397
17399
17400
17402
17404
17406
17407
17409
17411
17413
17414
17416
17418
17420
17421
17423
17425
17427
17428
17430
17432
17434
17435
17437
17439
17441
17442
17444
17446
17448
17450
17453
17456
17460
17463
17466
17470
17473
17476
17480
17483
17486
17490
17493
17496
17500
17503
17506
17509
17513
17516
17520
17523
17526
17530
17533
17536
17540
17543
17546
17550
17553
17556
17560
17563
17566
17570
17572
17574
17576
17578
17580
17582
17584
17587
17589
17591
17593
17595
17597
17599
17601
17604
17606
17608
17610
17612
17614
17616
17618
17621
17623
17625
17627
17629
17631
17633
17635
17638
17640
17642
17644
17646
17648
17650
17652
17655
17657
17659
17661
17663
17665
17667
17670
17672
17674
17676
17678
17680
17682
17685
17687
17689
17691
17693
17695
17698
17700
17702
17704
17706
17708
17710
17713
17715
17717
17719
17721
17723
17726
17728
17730
17732
17734
17736
17739
17741
17743
17745
17747
17749
17751
17754
17756
17758
17760
17762
17764
17767
17769
17771
17773
17775
17777
17780
17782
17785
17788
17791
17793
17796
17799
17802
17805
17807
17810
17813
17816
17818
17821
17824
17827
17830
17832
17835
17838
17841
17843
17846
17849
17852
17855
17857
17860
17863
17866
17868
17871
17874
17877
17880
17881
17883
17885
17887
17889
17891
17893
17895
17897
17898
17900
17902
17904
17906
17908
17910
17912
17914
17916
17917
17919
17921
17923
17925
17927
17929
17931
17933
17935
17936
17938
17940
17942
17944
17946
17948
17950
17952
17953
17955
17957
17959
17961
17963
17965
17967
17969
17971
17972
17974
17976
17978
17980
17982
17984
17986
17988
17990
17991
17993
17995
17997
17999
18000
18002
18004
18006
18008
18009
18011
18013
18015
18017
18018
18020
18022
18024
18026
18027
18029
18031
18033
18035
18036
18038
18040
18042
18044
18045
18047
18049
18051
18053
18054
18056
18058
18060
18062
18063
18065
18067
18069
18071
18072
18074
18076
18078
18080
18081
18083
18085
18087
18089
18090
18092
18094
18096
18098
18100
18101
18103
18105
18107
18109
18111
18113
18115
18117
18119
18121
18123
18125
18127
18129
18131
18133
18135
18137
18139
18141
18143
18145
18147
18149
18150
18152
18154
18156
18158
18160
18162
18164
18166
18168
18170
18172
18174
18176
18178
18180
18182
18184
18186
18188
18190
18192
18194
18196
18198
18200
18202
18204
18206
18208
18210
18212
18214
18215
18218
18220
18221
18224
18226
18227
18230
18232
18234
18236
18238
18240
18241
18244
18246
18247
18250
18252
18253
18256
18258
18259
18262
18264
18266
18268
18270
18272
18273
18276
18278
18279
18282
18284
18285
18288
18290
18291
18294
18296
18298
18299
18302
18304
18305
18308
18310
18312
18314
18316
18318
18321
18323
18325
18327
18330
18332
18334
18336
18338
18341
18343
18345
18347
18349
18352
18354
18356
18358
18361
18363
18365
18367
18370
18372
18374
18376
18378
18381
18383
18385
18387
18390
18392
18394
18396
18398
18401
18403
18405
18407
18410
18412
18414
18416
18418
18421
18423
18425
18427
18429
18432
18434
18436
18438
18440
18443
18445
18447
18449
18451
18454
18456
18458
18460
18462
18465
18467
18469
18471
18473
18476
18478
18480
18482
18484
18487
18489
18491
18493
18495
18498
18500
18502
18504
18506
18509
18511
18513
18515
18517
18520
18522
18524
18527
18529
18531
18534
18536
18538
18541
18543
18545
18548
18550
18552
18555
18557
18559
18562
18564
18566
18569
18571
18573
18576
18578
18580
18583
18585
18587
18590
18592
18594
18597
18599
18601
18604
18606
18608
18611
18613
18615
18618
18620
18622
18625
18627
18630
18632
18634
18637
18639
18641
18644
18646
18649
18651
18653
18656
18658
18661
18663
18665
18668
18670
18673
18675
18677
18680
18682
18685
18687
18689
18692
18694
18696
18699
18701
18704
18706
18708
18711
18713
18716
18718
18720
18723
18725
18728
18730
18732
18735
18737
18740
18742
18744
18746
18748
18751
18753
18755
18757
18760
18762
18764
18766
18769
18771
18773
18775
18778
18780
18782
18784
18787
18789
18791
18793
18796
18798
18800
18802
18805
18807
18809
18811
18814
18816
18818
18820
18823
18825
18827
18829
18832
18834
18836
18838
18841
18843
18845
18847
18850
18852
18854
18856
18859
18861
18863
18865
18868
18870
18872
18875
18877
18879
18881
18884
18886
18888
18890
18893
18895
18897
18900
18902
18904
18906
18909
18911
18913
18915
18918
18920
18922
18925
18927
18929
18931
18934
18936
18938
18940
18943
18945
18947
18950
18952
18954
18956
18958
18960
18962
18964
18966
18969
18971
18973
18975
18977
18979
18981
18983
18985
18988
18990
18992
18994
18996
18998
19000
19002
19005
19007
19009
19011
19013
19015
19017
19019
19021
19024
19026
19028
19030
19032
19034
19036
19038
19040
19043
19045
19047
19049
19051
19053
19055
19057
19060
19061
19063
19065
19067
19069
19071
19073
19075
19077
19079
19081
19083
19085
19087
19089
19091
19093
19095
19097
19099
19101
19103
19105
19107
19109
19110
19112
19114
19116
19118
19120
19122
19124
19126
19128
19130
19132
19134
19136
19138
19140
19142
19144
19146
19148
19150
19152
19154
19156
19158
19160
19162
19164
19166
19168
19170
19172
19174
19176
19178
19180
19182
19184
19186
19188
19190
19192
19194
19196
19198
19200
19202
19204
19206
19208
19210
19212
19215
19217
19219
19221
19223
19225
19227
19229
19231
19233
19235
19237
19239
19241
19243
19245
19247
19249
19251
19253
19255
19257
19259
19261
19263
19265
19267
19270
19271
19273
19275
19276
19278
19280
19281
19283
19285
19286
19288
19290
19291
19293
19294
19296
19298
19300
19301
19303
19305
19306
19308
19310
19311
19313
19314
19316
19318
19320
19321
19323
19325
19326
19328
19330
19331
19333
19335
19336
19338
19340
19341
19343
19345
19346
19348
19349
19351
19353
19355
19356
19358
19360
19361
19363
19365
19366
19368
19369
19371
19373
19375
19376
19378
19380
19382
19385
19387
19390
19392
19395
19397
19400
19403
19405
19408
19410
19413
19415
19418
19420
19423
19426
19428
19431
19433
19436
19438
19441
19443
19446
19449
19451
19454
19456
19459
19461
19464
19466
19469
19472
19474
19477
19479
19482
19484
19487
19490
19492
19494
19497
19499
19501
19504
19506
19509
19511
19513
19516
19518
19521
19523
19525
19528
19530
19533
19535
19537
19540
19542
19545
19547
19549
19552
19554
19556
19559
19561
19564
19566
19568
19571
19573
19576
19578
19580
19583
19585
19588
19590
19592
19595
19597
19600
19602
19604
19606
19609
19611
19613
19615
19618
19620
19622
19625
19627
19629
19631
19634
19636
19638
19640
19643
19645
19647
19650
19652
19654
19656
19659
19661
19663
19665
19668
19670
19672
19675
19677
19679
19681
19684
19686
19688
19690
19693
19695
19697
19700
19702
19704
19707
19709
19712
19714
19717
19719
19721
19724
19726
19729
19731
19734
19736
19739
19741
19744
19746
19748
19751
19753
19756
19758
19761
19763
19766
19768
19770
19773
19775
19778
19780
19783
19785
19788
19790
19792
19795
19797
19800
19802
19805
19807
19810
19813
19816
19819
19822
19825
19828
19831
19835
19838
19841
19844
19847
19850
19853
19856
19860
19863
19866
19869
19872
19875
19878
19881
19884
19888
19891
19894
19897
19900
19903
19906
19910
19911
19913
19914
19916
19918
19919
19921
19922
19924
19926
19927
19929
19931
19932
19934
19935
19937
19939
19940
19942
19943
19945
19947
19948
19950
19952
19953
19955
19956
19958
19960
19961
19963
19965
19966
19968
19969
19971
19973
19974
19976
19977
19979
19981
19982
19984
19986
19987
19989
19990
19992
19994
19995
19997
19998
20000
20002
20003
20005
20007
20008
20010
20011
20013
20015
20016
20018
20020
20022
20025
20027
20030
20032
20035
20037
20040
20042
20044
20047
20050
20052
20055
20057
20060
20062
20064
20067
20070
20072
20075
20077
20080
20082
20085
20087
20090
20092
20095
20097
20099
20102
20105
20107
20110
20112
20115
20117
20119
20122
20125
20127
20130
20131
20134
20136
20137
20140
20142
20144
20145
20148
20150
20151
20154
20156
20157
20160
20162
20163
20166
20168
20169
20171
20174
20176
20177
20180
20182
20183
20186
20188
20189
20192
20194
20195
20198
20200
20202
20203
20206
20208
20209
20212
20214
20215
20218
20220
20221
20224
20226
20227
20229
20232
20234
20235
20238
20240
20242
20244
20246
20248
20251
20253
20255
20257
20260
20262
20264
20266
20269
20271
20273
20275
20278
20280
20282
20284
20287
20289
20291
20293
20296
20298
20300
20302
20305
20307
20309
20311
20314
20316
20318
20320
20323
20325
20327
20329
20332
20334
20336
20338
20341
20343
20345
20347
20350
20351
20353
20355
20356
20358
20360
20361
20363
20365
20366
20368
20370
20372
20373
20375
20377
20378
20380
20382
20383
20385
20387
20388
20390
20392
20394
20395
20397
20399
20400
20402
20404
20405
20407
20409
20411
20412
20414
20416
20417
20419
20421
20422
20424
20426
20427
20429
20431
20433
20434
20436
20438
20439
20441
20443
20444
20446
20448
20450
20452
20454
20457
20459
20461
20464
20466
20469
20471
20473
20476
20478
20481
20483
20485
20488
20490
20493
20495
20497
20500
20502
20505
20507
20509
20512
20514
20516
20519
20521
20524
20526
20528
20531
20533
20536
20538
20540
20543
20545
20548
20550
20552
20555
20557
20560
20562
20564
20566
20568
20571
20573
20575
20577
20580
20582
20584
20586
20588
20591
20593
20595
20597
20599
20602
20604
20606
20608
20611
20613
20615
20617
20620
20622
20624
20626
20628
20631
20633
20635
20637
20640
20642
20644
20646
20648
20651
20653
20655
20657
20660
20662
20664
20666
20668
20670
20672
20674
20676
20678
20680
20682
20684
20686
20688
20690
20692
20694
20696
20698
20700
20702
20704
20706
20708
20710
20712
20714
20716
20718
20720
20722
20724
20726
20728
20730
20732
20734
20736
20738
20740
20742
20744
20746
20748
20750
20752
20754
20756
20758
20759
20762
20764
20766
20768
20770
20771
20773
20775
20777
20779
20781
20783
20785
20787
20788
20790
20792
20794
20796
20798
20800
20802
20804
20806
20807
20809
20811
20813
20815
20817
20819
20821
20823
20825
20826
20828
20830
20832
20834
20836
20838
20840
20842
20843
20845
20847
20849
20851
20853
20855
20857
20859
20861
20862
20864
20866
20868
20870
20872
20874
20876
20878
20880
20881
20884
20886
20887
20890
20892
20894
20895
20898
20900
20901
20904
20906
20907
20910
20912
20913
20916
20918
20919
20921
20924
20926
20927
20930
20932
20933
20936
20938
20939
20942
20944
20945
20948
20950
20952
20953
20956
20958
20959
20962
20964
20965
20968
20970
20971
20974
20976
20977
20979
20982
20984
20985
20988
20990
20992
20994
20997
20999
21001
21004
21006
21008
21011
21013
21015
21018
21020
21022
21025
21027
21029
21032
21034
21036
21039
21041
21043
21046
21048
21050
21053
21055
21057
21060
21062
21064
21067
21069
21071
21074
21076
21078
21081
21083
21085
21088
21090
21092
21095
21097
21100
21102
21105
21108
21111
21114
21117
21120
21122
21125
21128
21131
21134
21137
21140
21142
21145
21148
21151
21154
21157
21160
21162
21165
21168
21171
21174
21177
21180
21182
21185
21188
21191
21194
21197
21200
21201
21203
21205
21207
21209
21211
21213
21215
21217
21219
21221
21223
21225
21227
21228
21230
21232
21234
21236
21238
21240
21242
21244
21246
21248
21250
21252
21254
21255
21257
21259
21261
21263
21265
21267
21269
21271
21273
21275
21277
21279
21281
21282
21284
21286
21288
21290
21292
21294
21296
21298
21300
21302
21304
21306
21308
21310
21312
21314
21316
21318
21320
21322
21324
21327
21329
21331
21333
21335
21337
21339
21341
21344
21346
21348
21350
21352
21354
21356
21358
21361
21363
21365
21367
21369
21371
21373
21375
21378
21380
21382
21384
21386
21388
21390
21392
21395
21397
21399
21401
21403
21405
21407
21410
21411
21413
21415
21417
21419
21420
21422
21424
21426
21428
21429
21431
21433
21435
21437
21438
21440
21442
21444
21446
21447
21449
21451
21453
21455
21456
21458
21460
21462
21464
21465
21467
21469
21471
21473
21474
21476
21478
21480
21482
21483
21485
21487
21489
21491
21492
21494
21496
21498
21500
21501
21503
21505
21507
21509
21510
21512
21514
21516
21518
21520
21522
21525
21527
21530
21532
21535
21537
21540
21543
21545
21548
21550
21553
21555
21558
21560
21563
21566
21568
21571
21573
21576
21578
21581
21583
21586
21589
21591
21594
21596
21599
21601
21604
21606
21609
21612
21614
21617
21619
21622
21624
21627
21630
21631
21633
21635
21637
21639
21641
21643
21645
21647
21649
21651
21653
21655
21657
21659
21661
21663
21665
21667
21669
21671
21673
21675
21677
21679
21681
21683
21685
21686
21688
21690
21692
21694
21696
21698
21700
21702
21704
21706
21708
21710
21712
21714
21716
21718
21720
21722
21724
21726
21728
21730
21732
21734
21736
21738
21740
21741
21743
21745
21747
21749
21750
21752
21754
21756
21758
21760
21762
21763
21765
21767
21769
21771
21773
21774
21776
21778
21780
21782
21784
21785
21787
21789
21791
21793
21795
21796
21798
21800
21802
21804
21806
21807
21809
21811
21813
21815
21817
21818
21820
21822
21824
21826
21828
21829
21831
21833
21835
21837
21839
21840
21842
21844
21846
21848
21850
21851
21853
21855
21856
21858
21860
21862
21863
21865
21867
21868
21870
21872
21874
21875
21877
21879
21881
21882
21884
21886
21887
21889
21891
21893
21894
21896
21898
21900
21901
21903
21905
21906
21908
21910
21912
21913
21915
21917
21918
21920
21922
21924
21925
21927
21929
21931
21932
21934
21936
21937
21939
21941
21943
21944
21946
21948
21950
21951
21953
21954
21956
21957
21959
21961
21962
21964
21965
21967
21968
21970
21971
21973
21975
21976
21978
21979
21981
21983
21984
21986
21987
21989
21990
21992
21994
21995
21997
21998
22000
22001
22003
22005
22006
22008
22009
22011
22012
22014
22016
22017
22019
22020
22022
22023
22025
22026
22028
22030
22031
22033
22034
22036
22038
22039
22041
22042
22044
22045
22047
22049
22050
22052
22053
22055
22056
22058
22060
22062
22065
22068
22071
22074
22077
22080
22082
22085
22088
22091
22094
22097
22099
22102
22105
22108
22111
22114
22117
22120
22122
22125
22128
22131
22134
22137
22140
22142
22145
22148
22151
22154
22157
22160
22162
22165
22168
22171
22173
22176
22179
22182
22184
22187
22190
22193
22195
22198
22201
22204
22206
22209
22212
22215
22217
22220
22223
22226
22228
22231
22234
22237
22239
22242
22245
22248
22250
22253
22256
22259
22261
22264
22267
22270
22271
22273
22275
22277
22279
22281
22283
22285
22287
22289
22291
22293
22295
22297
22298
22300
22302
22304
22306
22308
22310
22312
22314
22316
22318
22320
22322
22324
22325
22327
22329
22331
22333
22335
22337
22339
22341
22343
22345
22347
22349
22351
22352
22354
22356
22358
22360
22362
22364
22366
22368
22370
22372
22374
22376
22378
22380
22381
22383
22385
22387
22388
22390
22392
22394
22395
22397
22399
22401
22403
22404
22406
22408
22410
22411
22413
22415
22417
22419
22420
22422
22424
22426
22427
22429
22431
22433
22435
22436
22438
22440
22442
22443
22445
22447
22449
22450
22452
22454
22456
22458
22459
22461
22463
22465
22466
22468
22470
22472
22474
22475
22477
22479
22481
22482
22484
22486
22488
22490
22491
22493
22495
22497
22499
22501
22503
22504
22506
22508
22510
22512
22514
22516
22517
22519
22521
22523
22525
22527
22529
22531
22532
22534
22536
22538
22540
22542
22544
22545
22547
22549
22551
22553
22555
22557
22558
22560
22562
22564
22566
22568
22570
22572
22573
22575
22577
22579
22581
22583
22585
22586
22588
22590
22592
22594
22596
22598
22600
22602
22604
22606
22608
22610
22612
22614
22616
22618
22620
22622
22624
22626
22628
22630
22632
22634
22636
22638
22640
22642
22644
22646
22648
22651
22653
22655
22657
22659
22661
22663
22665
22667
22669
22671
22673
22675
22677
22679
22681
22683
22685
22687
22689
22691
22693
22695
22697
22700
22702
22704
22706
22708
22710
22712
22714
22716
22719
22721
22723
22725
22727
22729
22731
22733
22735
22738
22740
22742
22744
22746
22748
22750
22752
22755
22757
22759
22761
22763
22765
22767
22769
22771
22774
22776
22778
22780
22782
22784
22786
22788
22790
22793
22795
22797
22799
22801
22803
22805
22807
22810
22812
22814
22816
22819
22821
22823
22826
22828
22830
22832
22835
22837
22839
22842
22844
22846
22848
22851
22853
22855
22858
22860
22862
22865
22867
22869
22871
22874
22876
22878
22881
22883
22885
22887
22890
22892
22894
22897
22899
22901
22903
22906
22908
22910
22913
22915
22917
22920
22921
22923
22925
22927
22929
22931
22933
22934
22936
22938
22940
22942
22944
22946
22947
22949
22951
22953
22955
22957
22959
22961
22962
22964
22966
22968
22970
22972
22974
22975
22977
22979
22981
22983
22985
22987
22988
22990
22992
22994
22996
22998
23000
23002
23003
23005
23007
23009
23011
23013
23015
23016
23018
23020
23022
23024
23026
23028
23030
23032
23034
23036
23038
23040
23042
23044
23046
23048
23050
23052
23054
23056
23058
23060
23062
23064
23066
23068
23070
23072
23074
23076
23078
23081
23083
23085
23087
23089
23091
23093
23095
23097
23099
23101
23103
23105
23107
23109
23111
23113
23115
23117
23119
23121
23123
23125
23127
23130
23132
23134
23136
23138
23140
23142
23144
23146
23148
23150
23152
23154
23156
23159
23161
23163
23165
23167
23169
23171
23173
23175
23177
23179
23181
23183
23186
23188
23190
23192
23194
23196
23198
23200
23202
23204
23206
23208
23210
23213
23215
23217
23219
23221
23223
23225
23227
23229
23231
23233
23235
23237
23240
23242
23245
23248
23251
23254
23257
23260
23263
23266
23269
23272
23275
23278
23281
23284
23287
23290
23293
23296
23299
23302
23305
23308
23311
23314
23317
23320
23323
23326
23329
23332
23335
23338
23341
23344
23347
23350
23352
23354
23356
23359
23361
23363
23365
23368
23370
23372
23375
23377
23379
23381
23384
23386
23388
23390
23393
23395
23397
23400
23402
23404
23406
23409
23411
23413
23415
23418
23420
23422
23425
23427
23429
23431
23434
23436
23438
23440
23443
23445
23447
23450
23451
23453
23455
23456
23458
23460
23462
23463
23465
23467
23468
23470
23472
23474
23475
23477
23479
23480
23482
23484
23486
23487
23489
23491
23492
23494
23496
23498
23499
23501
23503
23505
23506
23508
23510
23511
23513
23515
23517
23518
23520
23522
23523
23525
23527
23529
23530
23532
23534
23535
23537
23539
23541
23542
23544
23546
23547
23549
23551
23553
23554
23556
23558
23560
23561
23563
23565
23567
23568
23570
23572
23574
23576
23577
23579
23581
23583
23585
23586
23588
23590
23592
23593
23595
23597
23599
23601
23602
23604
23606
23608
23610
23611
23613
23615
23617
23618
23620
23622
23624
23626
23627
23629
23631
23633
23634
23636
23638
23640
23642
23643
23645
23647
23649
23651
23652
23654
23656
23658
23660
23663
23667
23671
23675
23679
23683
23687
23690
23694
23698
23702
23706
23710
23714
23718
23721
23725
23729
23733
23737
23741
23745
23749
23752
23756
23760
23764
23768
23772
23776
23780
23782
23784
23787
23789
23792
23794
23797
23799
23801
23804
23806
23809
23811
23814
23816
23819
23821
23823
23826
23828
23831
23833
23836
23838
23840
23843
23845
23848
23850
23853
23855
23858
23860
23862
23865
23867
23870
23872
23875
23877
23880
23882
23885
23887
23890
23893
23895
23898
23900
23903
23906
23908
23911
23914
23916
23919
23921
23924
23927
23929
23932
23935
23937
23940
23942
23945
23948
23950
23953
23955
23958
23961
23963
23966
23969
23971
23974
23976
23979
23982
23984
23987
23990
23992
23994
23997
23999
24001
24004
24006
24009
24011
24013
24016
24018
24021
24023
24025
24028
24030
24033
24035
24037
24040
24042
24045
24047
24049
24052
24054
24056
24059
24061
24064
24066
24068
24071
24073
24076
24078
24080
24083
24085
24088
24090
24092
24095
24097
24100
24102
24104
24107
24109
24111
24114
24116
24119
24121
24123
24126
24128
24130
24133
24135
24138
24140
24142
24145
24147
24150
24152
24154
24157
24159
24161
24164
24166
24169
24171
24173
24176
24178
24180
24183
24185
24188
24190
24192
24195
24197
24200
24201
24203
24205
24207
24209
24211
24212
24214
24216
24218
24220
24221
24223
24225
24227
24229
24231
24233
24234
24236
24238
24240
24242
24244
24245
24247
24249
24251
24253
24255
24256
24258
24260
24262
24264
24266
24267
24269
24271
24273
24275
24276
24278
24280
24282
24284
24286
24288
24289
24291
24293
24295
24297
24299
24300
24302
24304
24306
24308
24310
24313
24316
24320
24323
24326
24330
24333
24336
24340
24343
24346
24349
24353
24356
24360
24363
24366
24370
24373
24376
24380
24383
24386
24390
24393
24396
24400
24403
24406
24410
24412
24414
24416
24418
24420
24422
24424
24426
24428
24430
24432
24434
24436
24438
24440
24442
24444
24446
24448
24450
24452
24454
24456
24458
24460
24462
24465
24467
24469
24471
24473
24475
24477
24479
24481
24483
24485
24487
24489
24491
24493
24495
24497
24499
24501
24503
24505
24507
24509
24511
24513
24515
24517
24520
24522
24524
24527
24529
24531
24534
24536
24539
24541
24543
24546
24548
24551
24553
24555
24558
24560
24563
24565
24567
24570
24572
24575
24577
24579
24582
24584
24586
24589
24591
24594
24596
24598
24601
24603
24606
24608
24610
24613
24615
24618
24620
24622
24625
24627
24630
24632
24634
24636
24639
24641
24643
24646
24648
24650
24652
24655
24657
24659
24662
24664
24666
24668
24671
24673
24675
24678
24680
24682
24685
24687
24689
24691
24694
24696
24698
24701
24703
24705
24707
24710
24712
24714
24717
24719
24721
24723
24726
24728
24730
24733
24735
24737
24740
24741
24743
24745
24747
24749
24751
24753
24755
24757
24759
24761
24763
24765
24767
24769
24771
24773
24775
24777
24779
24781
24783
24785
24787
24789
24791
24793
24795
24796
24798
24800
24802
24804
24806
24808
24810
24812
24814
24816
24818
24820
24822
24824
24826
24828
24830
24832
24834
24836
24838
24840
24842
24844
24846
24848
24850
24852
24855
24858
24861
24863
24866
24869
24872
24875
24877
24880
24883
24886
24888
24891
24894
24897
24900
24902
24905
24908
24911
24913
24916
24919
24922
24925
24927
24930
24933
24936
24938
24941
24944
24947
24950
24952
24954
24956
24958
24960
24962
24964
24965
24968
24970
24971
24974
24976
24977
24980
24982
24984
24986
24988
24990
24991
24994
24996
24997
25000
25002
25003
25006
25008
25009
25012
25014
25016
25018
25020
25022
25023
25026
25028
25029
25032
25034
25035
25038
25040
25041
25044
25046
25048
25049
25052
25054
25055
25058
25060
25062
25064
25066
25068
25070
25072
25074
25076
25078
25080
25082
25085
25087
25089
25091
25093
25095
25097
25099
25101
25103
25105
25107
25110
25112
25114
25116
25118
25120
25122
25124
25126
25128
25130
25132
25134
25137
25139
25141
25143
25145
25147
25149
25151
25153
25155
25157
25160
25161
25163
25165
25167
25169
25171
25173
25175
25177
25179
25181
25183
25185
25187
25189
25191
25193
25195
25197
25199
25201
25203
25205
25207
25209
25211
25213
25215
25216
25218
25220
25222
25224
25226
25228
25230
25232
25234
25236
25238
25240
25242
25244
25246
25248
25250
25252
25254
25256
25258
25260
25262
25264
25266
25268
25270
25272
25275
25278
25281
25284
25286
25289
25292
25295
25298
25301
25303
25306
25309
25312
25315
25317
25320
25323
25326
25329
25332
25334
25337
25340
25343
25346
25348
25351
25354
25357
25360
25363
25365
25368
25371
25374
25377
25380
25382
25385
25388
25390
25393
25396
25398
25401
25404
25406
25409
25412
25414
25417
25420
25422
25425
25428
25430
25433
25436
25439
25441
25444
25447
25449
25452
25455
25457
25460
25463
25465
25468
25471
25473
25476
25479
25481
25484
25487
25490
25492
25495
25497
25500
25502
25505
25507
25510
25513
25515
25518
25520
25523
25525
25528
25530
25533
25536
25538
25541
25543
25546
25548
25551
25553
25556
25559
25561
25564
25566
25569
25571
25574
25576
25579
25582
25584
25587
25589
25592
25594
25597
25600
25602
25604
25606
25608
25610
25612
25614
25617
25619
25621
25623
25625
25627
25629
25631
25634
25636
25638
25640
25642
25644
25646
25648
25651
25653
25655
25657
25659
25661
25663
25665
25668
25670
25672
25674
25676
25678
25680
25682
25685
25687
25689
25691
25693
25695
25697
25700
25702
25704
25707
25709
25711
25714
25716
25719
25721
25723
25726
25728
25731
25733
25735
25738
25740
25743
25745
25747
25750
25752
25755
25757
25759
25762
25764
25766
25769
25771
25774
25776
25778
25781
25783
25786
25788
25790
25793
25795
25798
25800
25802
25805
25807
25810
25812
25815
25818
25821
25823
25826
25829
25832
25835
25837
25840
25843
25846
25848
25851
25854
25857
25860
25862
25865
25868
25871
25873
25876
25879
25882
25884
25887
25890
25893
25896
25898
25901
25904
25907
25910
25912
25914
25917
25919
25921
25924
25926
25929
25931
25933
25936
25938
25941
25943
25945
25948
25950
25953
25955
25957
25960
25962
25965
25967
25969
25972
25974
25976
25979
25981
25984
25986
25988
25991
25993
25996
25998
26000
26003
26005
26008
26010
26012
26015
26017
26020
26022
26025
26028
26031
26034
26036
26039
26042
26045
26048
26051
26053
26056
26059
26062
26065
26067
26070
26073
26076
26079
26082
26084
26087
26090
26093
26096
26098
26101
26104
26107
26110
26113
26115
26118
26121
26124
26127
26130
26131
26133
26135
26137
26139
26141
26143
26145
26147
26149
26151
26153
26155
26157
26159
26161
26163
26165
26167
26169
26171
26173
26175
26177
26179
26181
26183
26185
26186
26188
26190
26192
26194
26196
26198
26200
26202
26204
26206
26208
26210
26212
26214
26216
26218
26220
26222
26224
26226
26228
26230
26232
26234
26236
26238
26240
26242
26245
26248
26251
26254
26257
26260
26263
26266
26269
26272
26275
26278
26280
26283
26286
26289
26292
26295
26298
26301
26304
26307
26310
26313
26316
26319
26321
26324
26327
26330
26333
26336
26339
26342
26345
26348
26351
26354
26357
26360
26361
26363
26365
26367
26368
26370
26372
26374
26376
26377
26379
26381
26383
26384
26386
26388
26390
26392
26393
26395
26397
26399
26401
26402
26404
26406
26408
26410
26411
26413
26415
26417
26418
26420
26422
26424
26426
26427
26429
26431
26433
26435
26436
26438
26440
26442
26443
26445
26447
26449
26451
26452
26454
26456
26458
26460
26462
26465
26468
26471
26474
26476
26479
26482
26485
26488
26491
26493
26496
26499
26502
26505
26507
26510
26513
26516
26519
26522
26524
26527
26530
26533
26536
26538
26541
26544
26547
26550
26553
26555
26558
26561
26564
26567
26570
26572
26574
26576
26578
26580
26583
26585
26587
26589
26591
26593
26596
26598
26600
26602
26604
26606
26609
26611
26613
26615
26617
26620
26622
26624
26626
26628
26630
26633
26635
26637
26639
26641
26643
26646
26648
26650
26652
26654
26656
26659
26661
26663
26665
26667
26670
26672
26675
26677
26680
26682
26685
26687
26690
26693
26695
26698
26700
26703
26705
26708
26710
26713
26716
26718
26721
26723
26726
26728
26731
26733
26736
26739
26741
26744
26746
26749
26751
26754
26756
26759
26762
26764
26767
26769
26772
26774
26777
26780
26782
26784
26786
26788
26790
26792
26794
26797
26799
26801
26803
26805
26807
26809
26811
26814
26816
26818
26820
26822
26824
26826
26828
26831
26833
26835
26837
26839
26841
26843
26845
26848
26850
26852
26854
26856
26858
26860
26862
26865
26867
26869
26871
26873
26875
26877
26880
26882
26884
26887
26889
26891
26894
26896
26898
26901
26903
26905
26908
26910
26912
26915
26917
26919
26922
26924
26926
26929
26931
26933
26936
26938
26940
26943
26945
26947
26950
26952
26954
26957
26959
26961
26964
26966
26968
26971
26973
26975
26978
26980
26982
26985
26987
26990
26992
26995
26998
27001
27004
27006
27009
27012
27015
27018
27021
27023
27026
27029
27032
27035
27037
27040
27043
27046
27049
27052
27054
27057
27060
27063
27066
27068
27071
27074
27077
27080
27083
27085
27088
27091
27094
27097
27100
27102
27105
27108
27111
27114
27117
27120
27123
27126
27129
27132
27135
27138
27141
27144
27147
27150
27152
27155
27158
27161
27164
27167
27170
27173
27176
27179
27182
27185
27188
27191
27194
27197
27200
27203
27206
27209
27212
27216
27219
27222
27225
27229
27232
27235
27238
27242
27245
27248
27251
27255
27258
27261
27264
27267
27271
27274
27277
27280
27284
27287
27290
27293
27297
27300
27303
27306
27310
27311
27313
27315
27317
27319
27321
27322
27324
27326
27328
27330
27332
27334
27335
27337
27339
27341
27343
27345
27347
27348
27350
27352
27354
27356
27358
27360
27361
27363
27365
27367
27369
27371
27372
27374
27376
27378
27380
27382
27384
27385
27387
27389
27391
27393
27395
27397
27398
27400
27402
27404
27406
27408
27410
27412
27414
27416
27418
27420
27422
27424
27426
27428
27430
27432
27434
27436
27438
27440
27442
27444
27446
27448
27450
27452
27454
27456
27458
27460
27462
27464
27466
27468
27470
27472
27474
27476
27478
27480
27482
27484
27486
27488
27490
27492
27494
27496
27498
27500
27502
27504
27506
27508
27509
27512
27514
27516
27518
27520
27522
27525
27528
27531
27534
27537
27540
27543
27546
27548
27551
27554
27557
27560
27563
27566
27569
27572
27575
27577
27580
27583
27586
27589
27592
27595
27598
27601
27603
27606
27609
27612
27615
27618
27621
27624
27627
27630
27632
27635
27638
27640
27643
27646
27648
27651
27654
27656
27659
27662
27664
27667
27670
27672
27675
27678
27680
27683
27686
27689
27691
27694
27697
27699
27702
27705
27707
27710
27713
27715
27718
27721
27723
27726
27729
27731
27734
27737
27740
27742
27744
27746
27749
27751
27753
27756
27758
27760
27762
27765
27767
27769
27772
27774
27776
27778
27781
27783
27785
27788
27790
27792
27795
27797
27799
27801
27804
27806
27808
27811
27813
27815
27817
27820
27822
27824
27827
27829
27831
27833
27836
27838
27840
27843
27845
27847
27850
27851
27853
27855
27857
27858
27860
27862
27864
27865
27867
27869
27871
27872
27874
27876
27878
27879
27881
27883
27885
27886
27888
27890
27892
27893
27895
27897
27899
27900
27902
27904
27906
27907
27909
27911
27913
27914
27916
27918
27920
27921
27923
27925
27927
27928
27930
27932
27934
27935
27937
27939
27941
27942
27944
27946
27948
27950
27952
27955
27957
27960
27962
27965
27967
27970
27973
27975
27978
27980
27983
27985
27988
27990
27993
27996
27998
28001
28003
28006
28008
28011
28013
28016
28019
28021
28024
28026
28029
28031
28034
28036
28039
28042
28044
28047
28049
28052
28054
28057
28060
28061
28063
28065
28067
28069
28071
28073
28075
28077
28079
28081
28083
28085
28087
28089
28091
28093
28095
28097
28099
28101
28103
28105
28107
28109
28110
28112
28114
28116
28118
28120
28122
28124
28126
28128
28130
28132
28134
28136
28138
28140
28142
28144
28146
28148
28150
28152
28154
28156
28158
28160
28163
28167
28170
28174
28177
28181
28184
28188
28191
28195
28199
28202
28206
28209
28213
28216
28220
28223
28227
28230
28234
28238
28241
28245
28248
28252
28255
28259
28262
28266
28270
28271
28273
28274
28276
28278
28279
28281
28283
28284
28286
28288
28289
28291
28292
28294
28296
28297
28299
28301
28302
28304
28306
28307
28309
28311
28312
28314
28315
28317
28319
28320
28322
28324
28325
28327
28329
28330
28332
28334
28335
28337
28338
28340
28342
28343
28345
28347
28348
28350
28352
28353
28355
28357
28358
28360
28361
28363
28365
28366
28368
28370
28371
28373
28375
28376
28378
28380
28382
28384
28386
28388
28390
28392
28395
28397
28399
28401
28403
28405
28408
28410
28412
28414
28416
28418
28420
28423
28425
28427
28429
28431
28433
28436
28438
28440
28442
28444
28446
28449
28451
28453
28455
28457
28459
28461
28464
28466
28468
28470
28472
28474
28477
28479
28481
28483
28485
28487
28490
28491
28493
28495
28497
28499
28501
28503
28505
28507
28509
28511
28513
28515
28517
28519
28521
28523
28525
28527
28529
28531
28533
28535
28537
28539
28541
28543
28545
28546
28548
28550
28552
28554
28556
28558
28560
28562
28564
28566
28568
28570
28572
28574
28576
28578
28580
28582
28584
28586
28588
28590
28592
28594
28596
28598
28600
28602
28605
28607
28610
28612
28615
28617
28620
28623
28625
28628
28630
28633
28635
28638
28641
28643
28646
28648
28651
28653
28656
28658
28661
28664
28666
28669
28671
28674
28676
28679
28682
28684
28687
28689
28692
28694
28697
28700
28702
28705
28708
28710
28713
28716
28718
28721
28724
28726
28729
28732
28734
28737
28740
28742
28745
28748
28750
28753
28756
28759
28761
28764
28767
28769
28772
28775
28777
28780
28783
28785
28788
28791
28793
28796
28799
28801
28804
28807
28810
28812
28814
28816
28818
28820
28823
28825
28827
28829
28831
28833
28836
28838
28840
28842
28844
28846
28849
28851
28853
28855
28857
28860
28862
28864
28866
28868
28870
28873
28875
28877
28879
28881
28883
28886
28888
28890
28892
28894
28896
28899
28901
28903
28905
28907
28910
28912
28914
28916
28918
28920
28922
28925
28927
28929
28931
28933
28935
28938
28940
28942
28944
28946
28948
28950
28953
28955
28957
28959
28961
28963
28966
28968
28970
28972
28974
28976
28979
28981
28983
28985
28987
28989
28991
28994
28996
28998
29000
29002
29004
29007
29009
29011
29013
29015
29017
29020
29021
29023
29025
29027
29029
29031
29033
29035
29037
29039
29041
29043
29045
29047
29049
29051
29053
29055
29057
29059
29061
29063
29065
29067
29069
29071
29073
29075
29076
29078
29080
29082
29084
29086
29088
29090
29092
29094
29096
29098
29100
29102
29104
29106
29108
29110
29112
29114
29116
29118
29120
29122
29124
29126
29128
29130
29132
29134
29137
29139
29142
29144
29147
29149
29151
29154
29156
29159
29161
29164
29166
29169
29171
29174
29176
29178
29181
29183
29186
29188
29191
29193
29195
29198
29200
29203
29205
29208
29210
29213
29215
29218
29220
29222
29225
29227
29230
29232
29235
29237
29240
29242
29245
29247
29250
29253
29255
29258
29260
29263
29266
29268
29271
29274
29276
29279
29281
29284
29287
29289
29292
29295
29297
29300
29302
29305
29308
29310
29313
29315
29318
29321
29323
29326
29329
29331
29334
29336
29339
29342
29344
29347
29350
29352
29355
29358
29361
29364
29367
29370
29372
29375
29378
29381
29384
29387
29390
29392
29395
29398
29401
29404
29407
29410
29412
29415
29418
29421
29424
29427
29430
29432
29435
29438
29441
29444
29447
29450
29451
29453
29454
29456
29458
29459
29461
29463
29464
29466
29468
29469
29471
29472
29474
29476
29477
29479
29481
29482
29484
29486
29487
29489
29491
29492
29494
29495
29497
29499
29500
29502
29504
29505
29507
29509
29510
29512
29514
29515
29517
29518
29520
29522
29523
29525
29527
29528
29530
29532
29533
29535
29537
29538
29540
29541
29543
29545
29546
29548
29550
29551
29553
29555
29556
29558
29560
29562
29565
29568
29571
29574
29577
29580
29583
29586
29589
29592
29595
29598
29601
29604
29607
29610
29612
29615
29618
29621
29624
29627
29630
29633
29636
29639
29642
29645
29648
29651
29654
29657
29660
29662
29664
29667
29669
29671
29674
29676
29679
29681
29683
29686
29688
29691
29693
29695
29698
29700
29703
29705
29707
29710
29712
29715
29717
29719
29722
29724
29726
29729
29731
29734
29736
29738
29741
29743
29746
29748
29750
29753
29755
29758
29760
29762
29765
29767
29770
29773
29777
29781
29785
29788
29792
29796
29800
29804
29807
29811
29815
29819
29823
29826
29830
29834
29838
29842
29845
29849
29853
29857
29861
29864
29868
29872
29876
29880
29883
29886
29890
29893
29897
29900
29904
29907
29910
29914
29917
29921
29924
29928
29931
29934
29938
29941
29945
29948
29952
29955
29958
29962
29965
29969
29972
29976
29979
29982
29986
29989
29993
29996
30000
