5
11
17
23
28
34
40
46
52
57
63
69
75
81
86
92
98
104
110
114
119
124
129
133
138
143
148
153
157
162
167
172
176
181
186
191
196
200
205
210
215
220
226
232
238
244
250
256
262
268
275
281
287
293
299
305
311
317
323
330
333
337
341
344
348
352
355
359
363
367
370
374
378
381
385
389
392
396
400
404
407
411
415
418
422
426
430
433
436
440
443
446
450
453
456
460
463
466
470
473
476
480
483
486
490
493
496
500
503
506
510
513
516
520
523
526
530
533
536
540
543
546
550
553
557
560
564
567
570
574
577
581
584
588
591
595
598
601
605
608
612
615
619
622
625
629
632
636
639
643
646
650
655
661
666
672
677
683
688
694
699
705
710
716
721
727
732
738
743
749
754
760
765
771
777
783
789
795
801
807
812
818
824
830
836
842
848
854
860
866
873
880
887
894
901
908
915
921
928
935
942
949
956
963
970
975
980
985
990
995
1000
1004
1010
1015
1020
1025
1030
1035
1040
1045
1050
1055
1060
1065
1070
1075
1080
1086
1092
1098
1105
1111
1117
1123
1130
1136
1142
1148
1155
1161
1167
1173
1180
1185
1190
1196
1202
1207
1213
1218
1224
1229
1234
1240
1246
1251
1257
1262
1268
1273
1279
1284
1290
1296
1303
1310
1316
1323
1330
1336
1343
1350
1356
1363
1369
1376
1383
1390
1396
1403
1410
1414
1419
1424
1429
1433
1438
1443
1448
1453
1457
1462
1467
1472
1476
1481
1486
1491
1496
1500
1505
1510
1515
1520
1526
1532
1538
1544
1550
1556
1562
1568
1575
1581
1587
1593
1599
1605
1611
1617
1623
1630
1635
1640
1645
1650
1656
1661
1666
1671
1677
1682
1687
1692
1698
1703
1708
1713
1719
1724
1729
1734
1740
1744
1748
1753
1757
1762
1766
1770
1775
1779
1784
1788
1792
1797
1801
1806
1810
1814
1819
1823
1828
1832
1836
1841
1845
1850
1854
1858
1862
1866
1870
1874
1878
1882
1886
1890
1894
1898
1902
1906
1910
1914
1918
1922
1926
1930
1934
1938
1942
1946
1950
1957
1964
1971
1978
1985
1992
1999
2006
2013
2020
2027
2034
2041
2048
2055
2062
2070
2078
2086
2095
2103
2112
2120
2129
2137
2146
2154
2163
2171
2180
2185
2190
2195
2200
2205
2210
2215
2220
2225
2230
2235
2240
2245
2250
2255
2260
2265
2270
2275
2280
2285
2290
2296
2303
2310
2316
2323
2330
2336
2343
2350
2356
2363
2370
2376
2383
2390
2398
2406
2415
2423
2432
2440
2449
2457
2466
2474
2483
2491
2500
2552
2605
2657
2710
2716
2722
2727
2734
2740
2746
2752
2758
2764
2770
2776
2782
2788
2794
2800
2806
2812
2818
2824
2830
2834
2839
2843
2848
2852
2857
2861
2866
2870
2875
2880
2884
2889
2893
2898
2902
2907
2911
2916
2920
2925
2930
2935
2941
2947
2952
2958
2964
2970
2975
2981
2987
2992
2998
3004
3010
3015
3021
3027
3032
3038
3044
3050
3055
3061
3066
3072
3077
3083
3088
3094
3099
3105
3111
3116
3122
3127
3133
3138
3144
3150
3156
3162
3169
3175
3182
3188
3195
3201
3208
3214
3221
3227
3234
3240
3247
3253
3260
3265
3270
3275
3281
3286
3291
3296
3302
3307
3312
3317
3323
3328
3333
3338
3344
3349
3354
3360
3369
3378
3387
3396
3405
3415
3424
3433
3442
3451
3460
3470
3476
3482
3489
3495
3502
3508
3515
3521
3528
3534
3541
3547
3554
3560
3567
3573
3580
3586
3592
3599
3605
3612
3618
3625
3631
3638
3644
3651
3657
3664
3670
3677
3683
3690
3696
3703
3710
3717
3724
3731
3738
3745
3751
3758
3765
3772
3779
3786
3793
3800
3805
3810
3815
3821
3826
3831
3836
3842
3847
3852
3857
3863
3868
3873
3878
3884
3889
3894
3900
3906
3912
3918
3924
3930
3936
3942
3948
3955
3961
3967
3973
3979
3985
3991
3997
4003
4010
4016
4023
4030
4036
4043
4050
4056
4063
4070
4076
4083
4090
4096
4103
4110
4116
4123
4130
4137
4144
4151
4158
4165
4171
4178
4185
4192
4199
4206
4213
4220
4223
4227
4231
4235
4238
4242
4246
4250
4254
4257
4261
4265
4269
4273
4276
4280
4284
4288
4292
4295
4299
4303
4307
4311
4314
4318
4322
4326
4330
4333
4337
4341
4344
4348
4352
4355
4359
4363
4367
4370
4374
4378
4381
4385
4389
4392
4396
4400
4404
4407
4411
4415
4418
4422
4426
4430
4433
4436
4439
4442
4445
4448
4451
4454
4457
4460
4463
4466
4469
4472
4475
4478
4481
4484
4488
4491
4494
4497
4500
4503
4506
4509
4512
4515
4518
4521
4524
4527
4530
4533
4536
4540
4546
4553
4560
4566
4573
4580
4586
4593
4600
4606
4613
4620
4626
4633
4640
4646
4653
4660
4666
4673
4680
4686
4693
4700
4706
4713
4720
4726
4733
4740
4746
4753
4760
4766
4773
4780
4782
4784
4787
4789
4791
4794
4796
4799
4801
4803
4806
4808
4810
4813
4815
4818
4820
4822
4825
4827
4830
4832
4834
4837
4839
4841
4844
4846
4849
4851
4853
4856
4858
4860
4863
4865
4868
4870
4872
4875
4877
4880
4883
4886
4889
4892
4895
4898
4901
4904
4907
4910
4914
4917
4920
4923
4926
4929
4932
4935
4938
4941
4945
4948
4951
4954
4957
4960
4963
4966
4969
4972
4975
4979
4982
4985
4988
4991
4994
4997
5000
5003
5006
5010
5013
5017
5020
5024
5027
5031
5034
5038
5041
5045
5048
5052
5055
5059
5062
5066
5069
5073
5076
5080
5083
5087
5090
5094
5097
5101
5104
5108
5111
5115
5118
5122
5125
5129
5132
5136
5140
5143
5146
5149
5152
5155
5159
5162
5165
5168
5171
5175
5178
5181
5184
5187
5190
5194
5197
5200
5203
5206
5210
5213
5216
5219
5222
5225
5229
5232
5235
5238
5241
5245
5248
5251
5254
5257
5260
5264
5267
5270
5273
5276
5280
5282
5285
5288
5291
5294
5297
5300
5302
5305
5308
5311
5314
5317
5320
5322
5325
5328
5331
5334
5337
5340
5342
5345
5348
5351
5354
5357
5360
5362
5365
5368
5371
5374
5377
5380
5387
5394
5401
5408
5415
5422
5430
5437
5444
5451
5458
5465
5472
5479
5487
5494
5501
5508
5515
5522
5530
5537
5544
5551
5558
5565
5572
5580
5587
5594
5601
5608
5615
5622
5630
5632
5635
5638
5641
5643
5646
5649
5652
5654
5657
5660
5663
5665
5668
5671
5674
5676
5679
5682
5685
5687
5690
5693
5696
5698
5701
5704
5707
5709
5712
5715
5718
5720
5723
5726
5729
5731
5734
5737
5740
5744
5748
5752
5756
5760
5764
5768
5772
5776
5780
5784
5788
5792
5796
5800
5804
5808
5812
5816
5820
5824
5828
5832
5836
5840
5844
5848
5852
5856
5860
5862
5865
5867
5870
5872
5875
5877
5880
5883
5885
5888
5890
5893
5895
5898
5900
5903
5906
5908
5911
5913
5916
5918
5921
5923
5926
5929
5931
5934
5936
5939
5941
5944
5946
5949
5952
5954
5957
5959
5962
5964
5967
5970
5973
5977
5981
5985
5989
5992
5996
6000
6004
6008
6012
6015
6019
6023
6027
6031
6035
6038
6042
6046
6050
6054
6057
6061
6065
6069
6073
6077
6080
6084
6088
6092
6096
6100
6102
6105
6108
6111
6114
6116
6119
6122
6125
6128
6131
6133
6136
6139
6142
6145
6147
6150
6153
6156
6159
6162
6164
6167
6170
6173
6176
6178
6181
6184
6187
6190
6193
6195
6198
6201
6204
6207
6210
6216
6223
6230
6237
6244
6251
6258
6264
6271
6278
6285
6292
6299
6306
6312
6319
6326
6333
6340
6347
6354
6360
6367
6374
6381
6388
6395
6402
6408
6415
6422
6429
6436
6443
6450
6453
6457
6461
6465
6469
6473
6477
6481
6485
6489
6493
6497
6501
6505
6508
6512
6516
6520
6524
6528
6532
6536
6540
6544
6548
6552
6556
6560
6565
6570
6575
6581
6586
6591
6596
6602
6607
6612
6617
6623
6628
6633
6638
6644
6649
6654
6660
6663
6666
6670
6673
6677
6680
6684
6687
6690
6694
6697
6701
6704
6708
6711
6715
6718
6721
6725
6728
6732
6735
6739
6742
6745
6749
6752
6756
6759
6763
6766
6770
6792
6814
6836
6859
6881
6903
6926
6948
6970
6993
7015
7037
7060
7062
7064
7067
7069
7071
7074
7076
7079
7081
7083
7086
7088
7090
7093
7095
7098
7100
7102
7105
7107
7109
7112
7114
7117
7119
7121
7124
7126
7129
7131
7133
7136
7138
7140
7143
7145
7148
7150
7152
7155
7157
7160
7163
7166
7169
7172
7176
7179
7182
7185
7189
7192
7195
7198
7202
7205
7208
7211
7215
7218
7221
7224
7227
7231
7234
7237
7240
7244
7247
7250
7253
7257
7260
7263
7266
7270
7272
7275
7278
7281
7284
7287
7290
7292
7295
7298
7301
7304
7307
7310
7312
7315
7318
7321
7324
7327
7330
7332
7335
7338
7341
7344
7347
7350
7352
7355
7358
7361
7364
7367
7370
7374
7378
7382
7386
7390
7394
7398
7402
7406
7410
7414
7418
7422
7427
7431
7435
7439
7443
7447
7451
7455
7459
7463
7467
7471
7475
7480
7489
7498
7507
7516
7525
7534
7543
7552
7561
7570
7579
7588
7597
7606
7615
7624
7633
7642
7651
7660
7662
7664
7666
7669
7671
7673
7676
7678
7680
7682
7685
7687
7689
7692
7694
7696
7698
7701
7703
7705
7708
7710
7712
7715
7717
7719
7721
7724
7726
7728
7731
7733
7735
7737
7740
7742
7744
7747
7749
7751
7753
7756
7758
7760
7763
7765
7767
7770
7774
7778
7783
7787
7792
7796
7801
7805
7810
7814
7819
7823
7828
7832
7837
7841
7846
7850
7855
7859
7864
7868
7873
7877
7882
7886
7891
7895
7900
7902
7904
7907
7909
7912
7914
7917
7919
7922
7924
7926
7929
7931
7934
7936
7939
7941
7944
7946
7948
7951
7953
7956
7958
7961
7963
7966
7968
7970
7973
7975
7978
7980
7983
7985
7988
7990
7992
7995
7997
8000
8002
8005
8007
8010
8014
8018
8022
8026
8030
8035
8039
8043
8047
8051
8056
8060
8064
8068
8072
8077
8081
8085
8089
8093
8098
8102
8106
8110
8114
8119
8123
8127
8131
8135
8140
8142
8145
8148
8150
8153
8156
8158
8161
8164
8166
8169
8172
8174
8177
8180
8182
8185
8188
8190
8193
8196
8199
8201
8204
8207
8209
8212
8215
8217
8220
8223
8225
8228
8231
8233
8236
8239
8241
8244
8247
8250
8253
8256
8259
8262
8265
8268
8272
8275
8278
8281
8284
8287
8290
8294
8297
8300
8303
8306
8309
8312
8315
8319
8322
8325
8328
8331
8334
8338
8341
8344
8347
8350
8353
8356
8360
8362
8365
8368
8371
8374
8377
8380
8383
8386
8388
8391
8394
8397
8400
8403
8406
8409
8412
8415
8417
8420
8423
8426
8429
8432
8435
8438
8441
8443
8446
8449
8452
8455
8458
8461
8464
8467
8470
8473
8477
8481
8485
8488
8492
8496
8500
8504
8507
8511
8515
8519
8523
8526
8530
8534
8538
8542
8545
8549
8553
8557
8561
8564
8568
8572
8576
8580
8592
8604
8616
8628
8640
8652
8664
8676
8688
8700
8712
8724
8736
8748
8760
8762
8764
8766
8769
8771
8773
8776
8778
8780
8783
8785
8787
8790
8792
8794
8797
8799
8801
8804
8806
8808
8811
8813
8815
8818
8820
8822
8825
8827
8829
8832
8834
8836
8839
8841
8843
8846
8848
8850
8853
8855
8857
8860
8864
8868
8872
8876
8881
8885
8889
8893
8898
8902
8906
8910
8915
8919
8923
8927
8932
8936
8940
8944
8949
8953
8957
8961
8966
8970
8974
8978
8983
8987
8991
8995
9000
9002
9004
9007
9009
9011
9014
9016
9018
9021
9023
9025
9028
9030
9032
9035
9037
9039
9042
9044
9046
9049
9051
9053
9056
9058
9060
9063
9065
9067
9070
9072
9074
9077
9079
9081
9084
9086
9088
9091
9093
9095
9098
9100
9102
9105
9107
9110
9113
9117
9120
9124
9127
9131
9134
9138
9141
9145
9149
9152
9156
9159
9163
9166
9170
9173
9177
9180
9184
9188
9191
9195
9198
9202
9205
9209
9212
9216
9220
9223
9227
9231
9235
9239
9243
9247
9251
9255
9259
9263
9267
9271
9275
9279
9283
9286
9290
9294
9298
9302
9306
9310
9314
9318
9322
9326
9330
9334
9338
9342
9346
9350
9367
9384
9401
9418
9435
9452
9470
9473
9477
9481
9485
9488
9492
9496
9500
9504
9507
9511
9515
9519
9523
9526
9530
9534
9538
9542
9545
9549
9553
9557
9561
9564
9568
9572
9576
9580
9585
9591
9596
9602
9607
9613
9618
9624
9629
9635
9640
9645
9651
9657
9662
9668
9673
9679
9684
9690
9695
9700
9705
9710
9716
9721
9726
9731
9737
9742
9747
9752
9758
9763
9768
9773
9779
9784
9789
9794
9800
9804
9809
9814
9819
9823
9828
9833
9838
9842
9847
9852
9857
9861
9866
9871
9876
9880
9885
9890
9895
9900
9904
9908
9912
9916
9921
9925
9929
9933
9938
9942
9946
9950
9955
9959
9963
9967
9971
9976
9980
9984
9988
9993
9997
10001
10005
10010
10014
10017
10022
10026
10030
10033
10038
10042
10046
10049
10054
10058
10062
10065
10070
10074
10078
10081
10086
10090
10094
10097
10102
10106
10110
10114
10119
10123
10128
10132
10137
10142
10146
10151
10155
10160
10165
10169
10174
10178
10183
10187
10192
10197
10201
10206
10210
10215
10220
10224
10229
10233
10238
10242
10247
10252
10256
10261
10265
10270
10275
10279
10284
10288
10293
10297
10302
10307
10311
10316
10320
10325
10330
10334
10339
10344
10349
10353
10358
10363
10368
10372
10377
10382
10387
10391
10396
10401
10406
10410
10415
10420
10425
10430
10436
10442
10448
10454
10460
10466
10472
10478
10485
10491
10497
10503
10509
10515
10521
10527
10533
10540
10545
10550
10555
10561
10566
10571
10576
10582
10587
10592
10597
10603
10608
10613
10618
10624
10629
10634
10640
10646
10652
10658
10664
10670
10676
10682
10688
10695
10701
10707
10713
10719
10725
10731
10737
10743
10750
10755
10761
10766
10772
10777
10783
10788
10794
10799
10805
10810
10815
10821
10827
10832
10838
10843
10849
10854
10860
10865
10870
10875
10880
10886
10891
10896
10901
10907
10912
10917
10922
10928
10933
10938
10943
10949
10954
10959
10964
10970
10975
10981
10986
10992
10997
11003
11008
11014
11019
11025
11030
11036
11041
11047
11052
11058
11063
11069
11074
11080
11086
11093
11100
11106
11113
11120
11126
11133
11140
11146
11153
11160
11166
11173
11180
11185
11191
11197
11202
11208
11214
11220
11225
11231
11237
11242
11248
11254
11260
11265
11271
11277
11282
11288
11294
11300
11308
11316
11325
11333
11341
11350
11358
11366
11375
11383
11391
11400
11407
11414
11421
11428
11436
11443
11450
11457
11465
11472
11479
11486
11493
11501
11508
11515
11522
11530
11535
11541
11546
11552
11557
11563
11568
11574
11580
11585
11591
11596
11602
11607
11613
11618
11624
11630
11637
11644
11651
11658
11666
11673
11680
11687
11695
11702
11709
11716
11723
11731
11738
11745
11752
11760
11765
11771
11776
11782
11787
11793
11798
11804
11809
11815
11821
11826
11832
11837
11843
11848
11854
11860
11865
11870
11875
11879
11885
11890
11895
11900
11905
11910
11915
11920
11925
11930
11935
11940
11945
11950
11955
11960
11965
11970
11975
11980
11985
11990
11995
12000
12005
12010
12015
12020
12025
12030
12035
12040
12045
12050
12055
12060
12065
12070
12075
12080
12085
12090
12095
12100
12105
12110
12115
12120
12125
12129
12135
12140
12145
12150
12155
12160
12165
12170
12174
12180
12184
12190
12196
12202
12208
12214
12220
12227
12233
12239
12245
12251
12258
12264
12270
12276
12282
12289
12295
12301
12307
12313
12320
12325
12330
12335
12341
12346
12351
12356
12362
12367
12372
12377
12383
12388
12393
12398
12404
12409
12414
12420
12425
12430
12435
12440
12445
12450
12455
12459
12465
12469
12475
12480
12485
12490
12495
12500
12504
12510
12514
12520
12524
12530
12534
12540
12544
12549
12553
12558
12562
12567
12571
12576
12580
12585
12590
12594
12599
12603
12608
12612
12617
12621
12626
12630
12635
12640
12644
12649
12654
12659
12663
12668
12673
12678
12683
12687
12692
12697
12702
12706
12711
12716
12721
12726
12730
12735
12740
12745
12750
12755
12761
12766
12772
12777
12783
12788
12794
12799
12805
12810
12815
12821
12827
12832
12838
12843
12849
12854
12860
12864
12868
12873
12877
12882
12886
12890
12895
12899
12904
12908
12912
12917
12921
12926
12930
12934
12939
12943
12948
12952
12956
12961
12965
12970
12980
12990
13000
13010
13020
13030
13040
13050
13060
13070
13080
13085
13090
13095
13100
13106
13111
13116
13121
13127
13132
13137
13142
13148
13153
13158
13163
13169
13174
13179
13184
13190
13194
13199
13204
13209
13213
13218
13223
13228
13233
13237
13242
13247
13252
13256
13261
13266
13271
13276
13280
13285
13290
13295
13300
13305
13310
13315
13321
13326
13331
13336
13342
13347
13352
13357
13363
13368
13373
13378
13384
13389
13394
13400
13404
13408
13412
13416
13420
13424
13428
13432
13436
13440
13444
13448
13452
13457
13461
13465
13469
13473
13477
13481
13485
13489
13493
13497
13501
13505
13510
13514
13519
13523
13528
13532
13537
13541
13546
13550
13555
13559
13564
13569
13573
13578
13582
13587
13591
13596
13600
13605
13610
13615
13620
13625
13630
13636
13641
13646
13651
13657
13662
13667
13672
13678
13683
13688
13693
13699
13704
13709
13714
13720
13729
13738
13747
13756
13765
13775
13784
13793
13802
13811
13820
13830
13833
13837
13841
13845
13849
13853
13856
13860
13864
13868
13872
13876
13879
13883
13887
13891
13895
13899
13903
13906
13910
13914
13918
13922
13926
13930
13934
13939
13943
13948
13953
13957
13962
13966
13971
13976
13980
13985
13990
13994
13999
14003
14008
14013
14017
14022
14026
14031
14036
14040
14045
14050
14056
14062
14068
14075
14081
14087
14093
14100
14106
14112
14118
14125
14131
14137
14143
14150
14155
14161
14166
14172
14177
14183
14188
14194
14199
14205
14210
14216
14221
14227
14232
14238
14243
14249
14254
14260
14267
14274
14281
14288
14295
14302
14309
14317
14324
14331
14338
14345
14352
14360
14362
14365
14368
14371
14374
14377
14380
14383
14386
14388
14391
14394
14397
14400
14403
14406
14409
14412
14415
14417
14420
14423
14426
14429
14432
14435
14438
14441
14443
14446
14449
14452
14455
14458
14461
14464
14467
14470
14473
14477
14480
14484
14487
14491
14494
14498
14501
14505
14509
14512
14516
14519
14523
14526
14530
14533
14537
14540
14544
14548
14551
14555
14558
14562
14565
14569
14572
14576
14580
14583
14587
14591
14595
14599
14603
14607
14611
14615
14619
14623
14627
14631
14635
14638
14642
14646
14650
14654
14658
14662
14666
14670
14674
14678
14682
14686
14690
14692
14695
14698
14701
14704
14707
14710
14713
14716
14719
14722
14725
14728
14731
14734
14737
14740
14743
14746
14749
14752
14755
14758
14761
14764
14767
14770
14773
14776
14779
14782
14785
14788
14791
14794
14797
14800
14808
14817
14826
14835
14844
14852
14861
14870
14879
14888
14896
14905
14914
14923
14932
14940
14949
14958
14967
14976
14984
14993
15002
15011
15020
15022
15025
15028
15031
15033
15036
15039
15042
15045
15047
15050
15053
15056
15058
15061
15064
15067
15070
15072
15075
15078
15081
15083
15086
15089
15092
15094
15097
15100
15103
15106
15108
15111
15114
15117
15120
15129
15138
15148
15157
15167
15176
15185
15195
15204
15214
15223
15232
15242
15251
15261
15270
15280
15282
15284
15286
15288
15291
15293
15295
15297
15299
15302
15304
15306
15308
15311
15313
15315
15317
15320
15322
15324
15326
15328
15331
15333
15335
15337
15340
15342
15344
15346
15348
15351
15353
15355
15357
15360
15362
15364
15366
15368
15371
15373
15375
15377
15380
15383
15387
15390
15394
15397
15401
15404
15408
15411
15415
15418
15422
15425
15429
15432
15436
15439
15443
15446
15450
15453
15457
15460
15464
15467
15471
15474
15478
15481
15485
15488
15492
15495
15499
15502
15506
15509
15513
15516
15520
15523
15526
15529
15532
15535
15538
15541
15544
15547
15550
15553
15556
15559
15562
15565
15568
15571
15575
15578
15581
15584
15587
15590
15593
15596
15599
15602
15605
15608
15611
15614
15617
15620
15623
15626
15630
15633
15636
15639
15642
15645
15649
15652
15655
15658
15661
15664
15668
15671
15674
15677
15680
15683
15687
15690
15693
15696
15699
15702
15706
15709
15712
15715
15718
15721
15725
15728
15731
15734
15737
15740
15744
15747
15750
15753
15756
15760
15767
15774
15781
15789
15796
15803
15810
15818
15825
15832
15840
15847
15854
15861
15869
15876
15883
15890
15898
15905
15912
15920
15927
15934
15941
15949
15956
15963
15970
15978
15985
15992
16000
16002
16004
16007
16009
16011
16014
16016
16019
16021
16023
16026
16028
16031
16033
16035
16038
16040
16043
16045
16047
16050
16052
16055
16057
16059
16062
16064
16066
16069
16071
16074
16076
16078
16081
16083
16086
16088
16090
16093
16095
16098
16100
16102
16105
16107
16110
16114
16119
16123
16128
16133
16137
16142
16147
16151
16156
16161
16165
16170
16174
16179
16184
16188
16193
16198
16202
16207
16212
16216
16221
16226
16230
16235
16239
16242
16245
16248
16250
16253
16256
16258
16261
16264
16266
16269
16272
16274
16277
16280
16282
16285
16288
16290
16293
16296
16299
16301
16304
16307
16309
16312
16315
16317
16320
16323
16325
16328
16331
16333
16336
16339
16341
16344
16347
16350
16353
16356
16360
16363
16366
16370
16373
16376
16380
16383
16386
16390
16393
16396
16400
16403
16406
16410
16413
16416
16420
16423
16426
16430
16433
16436
16439
16443
16446
16450
16453
16456
16459
16462
16466
16469
16472
16475
16479
16482
16485
16488
16492
16495
16498
16501
16505
16508
16511
16514
16517
16521
16524
16527
16530
16534
16537
16540
16543
16547
16550
16553
16556
16560
16562
16565
16567
16570
16573
16575
16578
16581
16583
16586
16588
16591
16594
16596
16599
16602
16604
16607
16610
16612
16615
16617
16620
16623
16625
16628
16631
16633
16636
16638
16641
16644
16646
16649
16652
16654
16657
16660
16664
16668
16672
16676
16681
16685
16689
16693
16698
16702
16706
16710
16715
16719
16723
16727
16731
16736
16740
16744
16748
16753
16757
16761
16765
16770
16777
16785
16793
16801
16809
16817
16825
16833
16841
16849
16857
16865
16872
16880
16888
16896
16904
16912
16920
16928
16936
16944
16952
16960
16962
16964
16966
16968
16970
16972
16974
16976
16978
16980
16982
16984
16986
16988
16990
16992
16994
16996
16998
17000
17002
17004
17006
17008
17010
17012
17015
17017
17019
17021
17023
17025
17027
17029
17031
17033
17035
17037
17039
17041
17043
17045
17047
17049
17051
17053
17055
17057
17059
17061
17063
17065
17067
17070
17074
17079
17084
17089
17094
17098
17103
17108
17113
17118
17122
17127
17132
17137
17142
17146
17151
17156
17161
17166
17170
17175
17180
17185
17190
17193
17196
17199
17202
17205
17208
17212
17215
17218
17221
17224
17227
17230
17234
17237
17240
17243
17246
17249
17252
17256
17259
17262
17265
17268
17271
17274
17278
17281
17284
17287
17290
17293
17296
17300
17304
17308
17312
17316
17320
17324
17328
17332
17337
17341
17345
17349
17353
17357
17361
17365
17370
17374
17378
17382
17386
17390
17394
17398
17402
17407
17411
17415
17419
17423
17427
17431
17435
17440
17442
17444
17447
17449
17452
17454
17457
17459
17462
17464
17466
17469
17471
17474
17476
17479
17481
17484
17486
17488
17491
17493
17496
17498
17501
17503
17506
17508
17510
17513
17515
17518
17520
17523
17525
17528
17530
17532
17535
17537
17540
17542
17545
17547
17550
17552
17555
17558
17561
17564
17567
17570
17573
17576
17579
17582
17585
17588
17591
17594
17597
17600
17602
17605
17608
17611
17614
17617
17620
17623
17626
17629
17632
17635
17638
17641
17644
17647
17650
17653
17656
17660
17663
17666
17669
17673
17676
17680
17683
17686
17690
17693
17696
17700
17703
17706
17710
17713
17716
17720
17723
17726
17730
17733
17736
17740
17743
17746
17750
17753
17756
17760
17762
17765
17768
17771
17774
17777
17780
17783
17786
17789
17792
17795
17798
17801
17804
17807
17810
17812
17815
17818
17821
17824
17827
17830
17833
17836
17839
17842
17845
17848
17851
17854
17857
17860
17863
17867
17871
17875
17879
17883
17887
17891
17895
17899
17903
17907
17911
17915
17918
17922
17926
17930
17934
17938
17942
17946
17950
17954
17958
17962
17966
17970
17973
17977
17980
17984
17987
17991
17994
17998
18001
18005
18009
18012
18016
18019
18023
18026
18030
18033
18037
18040
18044
18048
18051
18055
18058
18062
18065
18069
18072
18076
18080
18083
18087
18091
18094
18098
18102
18105
18109
18113
18117
18120
18124
18128
18131
18135
18139
18142
18146
18150
18154
18157
18161
18165
18168
18172
18176
18180
18194
18208
18223
18237
18252
18266
18280
18295
18309
18324
18338
18352
18367
18381
18396
18410
18425
18439
18453
18468
18482
18497
18511
18525
18540
18554
18569
18583
18597
18612
18626
18641
18655
18670
18672
18675
18677
18680
18682
18685
18687
18690
18693
18695
18698
18700
18703
18705
18708
18710
18713
18716
18718
18721
18723
18726
18728
18731
18733
18736
18739
18741
18744
18746
18749
18751
18754
18756
18759
18762
18764
18767
18769
18772
18774
18777
18780
18784
18788
18792
18796
18801
18805
18809
18813
18817
18822
18826
18830
18834
18838
18843
18847
18851
18855
18860
18864
18868
18872
18876
18881
18885
18889
18893
18897
18902
18906
18910
18914
18918
18923
18927
18931
18935
18940
18942
18944
18947
18949
18952
18954
18957
18959
18962
18964
18966
18969
18971
18974
18976
18979
18981
18984
18986
18988
18991
18993
18996
18998
19001
19003
19006
19008
19010
19013
19015
19018
19020
19023
19025
19028
19030
19032
19035
19037
19040
19042
19045
19047
19050
19053
19057
19061
19065
19069
19073
19077
19081
19085
19089
19093
19097
19101
19105
19109
19113
19116
19120
19124
19128
19132
19136
19140
19144
19148
19152
19156
19160
19164
19168
19172
19176
19180
19183
19186
19189
19192
19195
19198
19201
19204
19207
19210
19213
19216
19219
19222
19225
19228
19231
19234
19237
19240
19243
19246
19249
19252
19255
19258
19261
19264
19267
19270
19273
19276
19279
19282
19285
19288
19291
19294
19297
19300
19302
19305
19308
19311
19314
19317
19320
19323
19326
19329
19332
19335
19338
19341
19344
19347
19350
19353
19356
19359
19362
19365
19368
19371
19374
19377
19380
19383
19386
19389
19392
19395
19398
19401
19404
19407
19410
19416
19422
19429
19435
19442
19448
19455
19461
19468
19474
19481
19487
19494
19500
19507
19513
19520
19526
19533
19539
19546
19552
19559
19565
19572
19578
19585
19591
19598
19604
19611
19617
19624
19630
19637
19643
19650
19654
19659
19664
19669
19673
19678
19683
19688
19693
19697
19702
19707
19712
19716
19721
19726
19731
19736
19740
19745
19750
19755
19760
19766
19773
19780
19786
19793
19800
19806
19813
19820
19826
19833
19840
19846
19853
19860
19864
19869
19874
19879
19883
19888
19893
19898
19903
19907
19912
19917
19922
19926
19931
19936
19941
19946
19950
19955
19960
19965
19970
19975
19980
19986
19991
19997
20003
20008
20014
20019
20025
20030
20035
20041
20046
20052
20058
20063
20069
20074
20080
20085
20090
20095
20101
20106
20111
20116
20122
20127
20132
20137
20143
20148
20153
20158
20164
20169
20174
20180
20186
20193
20200
20206
20213
20220
20226
20233
20240
20246
20253
20260
20266
20273
20280
20286
20293
20300
20306
20313
20320
20326
20333
20340
20346
20353
20360
20366
20373
20380
20386
20393
20400
20405
20410
20415
20420
20426
20431
20436
20441
20447
20452
20457
20462
20468
20473
20478
20483
20489
20494
20499
20504
20510
20516
20522
20528
20535
20541
20547
20553
20560
20566
20572
20578
20585
20591
20597
20603
20610
20617
20625
20632
20640
20647
20655
20662
20670
20677
20685
20692
20700
20707
20715
20722
20730
20734
20739
20744
20749
20753
20758
20763
20768
20773
20777
20782
20787
20792
20796
20801
20806
20811
20816
20820
20825
20830
20835
20840
20846
20853
20860
20867
20874
20881
20888
20895
20901
20908
20915
20922
20929
20936
20943
20950
20954
20959
20964
20969
20973
20978
20983
20988
20993
20997
21002
21007
21012
21016
21021
21026
21031
21036
21040
21045
21050
21055
21060
21066
21072
21078
21085
21091
21097
21103
21110
21116
21122
21128
21134
21141
21147
21153
21160
21165
21170
21175
21180
21185
21190
21195
21200
21205
21210
21215
21220
21225
21230
21235
21240
21245
21250
21255
21259
21265
21270
21276
21283
21290
21296
21303
21310
21316
21323
21330
21336
21343
21350
21356
21363
21370
21375
21380
21385
21390
21396
21401
21406
21411
21417
21422
21427
21432
21438
21443
21448
21453
21459
21464
21469
21474
21480
21486
21492
21498
21504
21510
21516
21522
21528
21535
21541
21547
21553
21559
21565
21571
21577
21583
21590
21595
21600
21605
21611
21616
21621
21626
21632
21637
21642
21647
21653
21658
21663
21668
21674
21679
21684
21690
21696
21702
21708
21715
21721
21727
21734
21740
21746
21753
21759
21765
21772
21778
21784
21791
21797
21803
21810
21815
21821
21827
21833
21838
21844
21850
21856
21862
21867
21873
21879
21885
21891
21896
21902
21908
21914
21920
21925
21930
21935
21940
21946
21951
21956
21961
21967
21972
21977
21982
21988
21993
21998
22003
22009
22014
22019
22024
22030
22037
22045
22053
22061
22069
22077
22085
22092
22100
22108
22116
22124
22132
22140
22146
22153
22160
22167
22174
22181
22188
22195
22201
22208
22215
22222
22229
22236
22243
22250
22254
22259
22264
22269
22273
22278
22283
22288
22293
22297
22302
22307
22312
22316
22321
22326
22331
22336
22340
22345
22350
22355
22360
22365
22370
22375
22380
22384
22390
22395
22400
22404
22410
22415
22419
22425
22430
22435
22439
22445
22450
22455
22459
22465
22470
22475
22480
22486
22491
22497
22503
22508
22514
22519
22525
22530
22535
22541
22546
22552
22558
22563
22569
22574
22580
22584
22588
22592
22596
22601
22605
22609
22613
22618
22622
22626
22630
22634
22639
22643
22647
22651
22656
22660
22664
22668
22673
22677
22681
22685
22690
22696
22702
22708
22715
22721
22727
22734
22740
22746
22753
22759
22765
22772
22778
22784
22791
22797
22803
22810
22814
22820
22825
22830
22835
22840
22845
22849
22855
22860
22865
22870
22875
22880
22884
22890
22895
22900
22905
22910
22915
22921
22927
22933
22938
22944
22950
22956
22962
22967
22973
22979
22985
22991
22996
23002
23008
23014
23020
23025
23031
23037
23042
23048
23054
23060
23065
23071
23077
23082
23088
23094
23100
23105
23111
23117
23122
23128
23134
23140
23144
23148
23152
23156
23161
23165
23169
23173
23178
23182
23186
23190
23195
23199
23203
23207
23211
23216
23220
23224
23228
23233
23237
23241
23245
23250
23258
23266
23275
23283
23292
23300
23309
23317
23326
23334
23343
23351
23360
23366
23372
23378
23384
23390
23396
23402
23408
23415
23421
23427
23433
23439
23445
23451
23457
23463
23470
23474
23480
23485
23490
23494
23500
23505
23509
23515
23520
23525
23530
23535
23540
23544
23550
23555
23560
23565
23570
23575
23580
23585
23590
23596
23602
23608
23615
23621
23627
23633
23640
23646
23652
23658
23665
23671
23677
23683
23690
23694
23699
23704
23709
23713
23718
23723
23728
23733
23737
23742
23747
23752
23756
23761
23766
23771
23776
23780
23785
23790
23795
23800
23805
23811
23816
23822
23827
23833
23838
23844
23850
23855
23861
23866
23872
23877
23883
23888
23894
23900
23904
23910
23915
23919
23925
23930
23935
23940
23945
23950
23955
23960
23965
23970
23975
23980
23985
23990
23995
24000
24005
24010
24017
24024
24031
24038
24045
24052
24060
24067
24074
24081
24088
24095
24102
24110
24114
24118
24122
24126
24130
24134
24138
24142
24146
24150
24154
24158
24162
24167
24171
24175
24179
24183
24187
24191
24195
24199
24203
24207
24211
24215
24220
24224
24228
24232
24236
24241
24245
24249
24253
24258
24262
24266
24270
24275
24279
24283
24287
24291
24296
24300
24304
24308
24313
24317
24321
24325
24330
24335
24340
24345
24351
24356
24361
24366
24372
24377
24382
24387
24393
24398
24403
24408
24414
24419
24424
24430
24435
24440
24445
24450
24456
24461
24466
24471
24477
24482
24487
24492
24498
24503
24508
24513
24519
24524
24529
24534
24540
24545
24551
24557
24563
24569
24575
24581
24587
24592
24598
24604
24610
24616
24622
24628
24634
24640
24645
24651
24657
24662
24668
24674
24680
24685
24691
24697
24702
24708
24714
24720
24725
24731
24737
24742
24748
24754
24760
24765
24771
24777
24782
24788
24794
24800
24805
24811
24817
24822
24828
24834
24840
24842
24845
24848
24850
24853
24856
24858
24861
24864
24867
24869
24872
24875
24877
24880
24883
24885
24888
24891
24894
24896
24899
24902
24904
24907
24910
24912
24915
24918
24921
24923
24926
24929
24931
24934
24937
24940
24943
24946
24950
24953
24957
24960
24963
24967
24970
24974
24977
24981
24984
24987
24991
24994
24998
25001
25005
25008
25011
25015
25018
25022
25025
25028
25032
25035
25039
25042
25046
25049
25052
25056
25059
25063
25066
25070
25072
25075
25078
25081
25084
25087
25090
25093
25096
25099
25102
25105
25108
25111
25114
25117
25120
25122
25125
25128
25131
25134
25137
25140
25143
25146
25149
25152
25155
25158
25161
25164
25167
25170
25182
25195
25207
25220
25232
25245
25257
25270
25282
25295
25307
25320
25322
25325
25327
25330
25332
25335
25337
25340
25342
25345
25347
25350
25352
25355
25357
25360
25362
25365
25367
25370
25372
25375
25377
25380
25382
25385
25387
25390
25392
25395
25397
25400
25402
25405
25407
25410
25412
25415
25417
25420
25422
25425
25428
25430
25433
25436
25438
25441
25444
25446
25449
25452
25454
25457
25460
25462
25465
25468
25470
25473
25476
25479
25481
25484
25487
25489
25492
25495
25497
25500
25503
25505
25508
25511
25513
25516
25519
25521
25524
25527
25530
25534
25538
25542
25546
25550
25554
25558
25562
25566
25570
25574
25578
25582
25586
25590
25594
25598
25602
25605
25610
25614
25618
25622
25625
25630
25632
25635
25638
25641
25644
25647
25650
25653
25656
25659
25662
25665
25668
25671
25674
25677
25680
25683
25686
25689
25692
25695
25698
25701
25704
25707
25710
25713
25716
25719
25722
25725
25728
25731
25734
25737
25740
25743
25746
25749
25752
25756
25759
25762
25765
25769
25772
25775
25778
25782
25785
25788
25791
25795
25798
25801
25804
25807
25811
25814
25817
25820
25824
25827
25830
25833
25837
25840
25843
25846
25850
25853
25857
25861
25864
25868
25872
25875
25879
25883
25886
25890
25894
25897
25901
25905
25908
25912
25916
25919
25923
25927
25930
25934
25938
25941
25945
25949
25952
25956
25960
25973
25986
26000
26013
26026
26040
26053
26066
26080
26093
26106
26120
26133
26146
26160
26173
26186
26200
26213
26226
26240
26253
26266
26280
26283
26286
26290
26293
26296
26300
26303
26306
26310
26313
26316
26320
26323
26326
26330
26333
26336
26340
26343
26346
26350
26353
26356
26360
26363
26366
26370
26373
26376
26380
26383
26386
26390
26392
26395
26397
26400
26403
26405
26408
26410
26413
26416
26418
26421
26423
26426
26429
26431
26434
26436
26439
26442
26444
26447
26450
26452
26455
26457
26460
26463
26465
26468
26470
26473
26476
26478
26481
26483
26486
26489
26491
26494
26496
26499
26502
26504
26507
26510
26513
26516
26519
26522
26525
26528
26531
26535
26538
26541
26544
26547
26550
26553
26556
26560
26563
26566
26569
26572
26575
26578
26581
26585
26588
26591
26594
26597
26600
26603
26606
26610
26612
26615
26618
26621
26624
26627
26630
26633
26636
26638
26641
26644
26647
26650
26653
26656
26659
26662
26665
26667
26670
26673
26676
26679
26682
26685
26688
26691
26693
26696
26699
26702
26705
26708
26711
26714
26717
26720
26723
26727
26730
26734
26738
26741
26745
26749
26753
26756
26760
26764
26767
26771
26775
26778
26782
26785
26789
26793
26796
26800
26804
26808
26811
26815
26819
26822
26826
26830
26832
26835
26838
26841
26844
26847
26850
26853
26856
26859
26862
26865
26868
26871
26874
26877
26880
26882
26885
26888
26891
26894
26897
26900
26903
26906
26909
26912
26915
26918
26921
26924
26927
26930
26933
26937
26941
26945
26949
26953
26957
26961
26965
26969
26973
26977
26981
26985
26988
26992
26996
27000
27004
27008
27012
27016
27020
27024
27028
27032
27036
27040
27043
27046
27049
27052
27055
27058
27061
27064
27068
27071
27074
27077
27080
27083
27086
27090
27093
27096
27099
27102
27105
27108
27111
27115
27118
27121
27124
27127
27130
27133
27136
27140
27143
27147
27151
27155
27159
27163
27167
27171
27175
27178
27182
27186
27190
27194
27198
27202
27206
27210
27213
27217
27221
27225
27229
27233
27237
27241
27245
27248
27252
27256
27260
27264
27268
27272
27276
27280
27282
27285
27288
27291
27293
27296
27299
27302
27305
27307
27310
27313
27316
27318
27321
27324
27327
27330
27332
27335
27338
27341
27343
27346
27349
27352
27355
27357
27360
27363
27366
27368
27371
27374
27377
27380
27383
27387
27391
27395
27398
27402
27406
27410
27414
27417
27421
27425
27429
27433
27436
27440
27444
27448
27452
27455
27459
27463
27467
27471
27474
27478
27482
27486
27490
27493
27496
27500
27503
27507
27510
27514
27517
27520
27524
27527
27531
27534
27538
27541
27544
27548
27551
27555
27558
27561
27565
27568
27572
27575
27579
27582
27586
27589
27592
27596
27599
27603
27606
27610
27613
27616
27619
27622
27626
27629
27632
27635
27639
27642
27645
27648
27652
27655
27658
27661
27665
27668
27671
27674
27677
27681
27684
27687
27690
27694
27697
27700
27703
27707
27710
27713
27716
27720
27723
27727
27730
27734
27737
27741
27744
27748
27751
27755
27759
27762
27766
27769
27773
27776
27780
27783
27787
27790
27794
27798
27801
27805
27808
27812
27815
27819
27822
27826
27830
27833
27836
27840
27843
27846
27849
27853
27856
27860
27863
27866
27869
27873
27876
27880
27883
27886
27890
27893
27896
27900
27903
27906
27910
27913
27916
27919
27923
27926
27930
27933
27937
27940
27944
27947
27951
27954
27958
27961
27965
27969
27972
27976
27979
27983
27986
27990
27993
27997
28000
28004
28008
28011
28015
28018
28022
28025
28029
28032
28036
28040
28048
28057
28066
28074
28083
28092
28100
28109
28118
28126
28135
28144
28153
28161
28170
28179
28187
28196
28205
28213
28222
28231
28240
28242
28244
28246
28249
28251
28253
28256
28258
28260
28262
28265
28267
28269
28272
28274
28276
28278
28281
28283
28285
28288
28290
28292
28295
28297
28299
28301
28304
28306
28308
28311
28313
28315
28317
28320
28322
28324
28327
28329
28331
28333
28336
28338
28340
28343
28345
28347
28350
28376
28402
28428
28454
28480
28482
28484
28486
28489
28491
28493
28496
28498
28500
28502
28505
28507
28509
28512
28514
28516
28518
28521
28523
28525
28528
28530
28532
28535
28537
28539
28541
28544
28546
28548
28551
28553
28555
28557
28560
28562
28564
28567
28569
28571
28573
28576
28578
28580
28583
28585
28587
28590
28597
28604
28611
28618
28625
28632
28640
28647
28654
28661
28668
28675
28682
28690
28697
28704
28711
28718
28725
28732
28740
28747
28754
28761
28768
28775
28782
28790
28797
28804
28811
28818
28825
28832
28840
28842
28844
28846
28849
28851
28853
28855
28858
28860
28862
28865
28867
28869
28871
28874
28876
28878
28880
28883
28885
28887
28890
28892
28894
28896
28899
28901
28903
28905
28908
28910
28912
28915
28917
28919
28921
28924
28926
28928
28930
28933
28935
28937
28940
28943
28947
28951
28955
28959
28962
28966
28970
28974
28978
28981
28985
28989
28993
28997
29000
29004
29008
29012
29016
29020
29023
29027
29031
29035
29039
29042
29046
29050
29054
29058
29061
29065
29069
29073
29077
29080
29084
29088
29092
29096
29100
29102
29105
29108
29111
29114
29117
29120
29123
29126
29128
29131
29134
29137
29140
29143
29146
29149
29152
29155
29157
29160
29163
29166
29169
29172
29175
29178
29181
29183
29186
29189
29192
29195
29198
29201
29204
29207
29210
29213
29217
29221
29225
29229
29233
29237
29241
29245
29249
29253
29257
29261
29265
29268
29272
29276
29280
29284
29288
29292
29296
29300
29304
29308
29312
29316
29320
29326
29333
29340
29346
29353
29360
29366
29373
29380
29386
29393
29400
29406
29413
29420
29426
29432
29438
29444
29450
29456
29462
29468
29475
29481
29487
29493
29499
29505
29511
29517
29523
29530
29536
29542
29548
29555
29561
29567
29573
29580
29586
29592
29598
29605
29611
29617
29623
29630
29636
29642
29648
29655
29661
29667
29674
29680
29686
29693
29699
29705
29712
29718
29724
29731
29737
29743
29750
29755
29761
29766
29772
29777
29783
29788
29794
29799
29805
29810
29816
29821
29827
29832
29838
29843
29849
29854
29860
29866
29872
29879
29885
29892
29898
29905
29911
29918
29924
29931
29937
29944
29950
29957
29963
29970
