55
110
220
330
366
402
438
474
510
553
596
640
710
780
813
846
880
910
940
970
1000
1030
1060
1082
1104
1126
1148
1170
1187
1204
1221
1238
1255
1272
1290
1322
1355
1387
1420
1460
1500
1540
1549
1558
1567
1576
1586
1595
1604
1613
1623
1632
1641
1650
1660
1694
1730
1765
1800
1859
1920
1964
2009
2055
2100
2115
2130
2145
2160
2175
2190
2205
2220
2320
2375
2430
2448
2466
2485
2503
2521
2540
2565
2590
2615
2640
2683
2726
2770
2786
2803
2820
2836
2853
2870
2897
2925
2952
2980
3000
3020
3040
3060
3080
3100
3120
3140
3160
3180
3200
3225
3250
3275
3300
3312
3326
3339
3352
3365
3378
3391
3404
3417
3430
3445
3460
3475
3490
3505
3520
3534
3550
3564
3578
3593
3607
3622
3636
3651
3665
3680
3698
3717
3735
3754
3772
3791
3810
3830
3850
3870
3890
3910
3930
3943
3957
3971
3985
3998
4012
4026
4040
4050
4059
4070
4080
4090
4100
4109
4120
4130
4140
4148
4156
4165
4173
4182
4190
4199
4207
4216
4224
4233
4241
4250
4257
4265
4273
4281
4289
4297
4305
4312
4320
4328
4336
4344
4352
4360
4365
4371
4377
4383
4388
4394
4400
4406
4412
4417
4423
4429
4435
4441
4446
4452
4458
4464
4470
4477
4484
4491
4498
4505
4512
4520
4527
4534
4541
4548
4555
4562
4570
4578
4586
4595
4603
4612
4620
4629
4637
4646
4654
4663
4671
4680
4687
4694
4702
4709
4716
4724
4731
4738
4746
4753
4760
4768
4775
4782
4790
4798
4806
4814
4823
4831
4840
4848
4856
4865
4873
4881
4890
4894
4899
4903
4908
4912
4917
4922
4926
4931
4935
4940
4945
4949
4954
4958
4963
4967
4972
4977
4981
4986
4990
4995
5000
5003
5007
5010
5014
5017
5021
5025
5028
5032
5035
5039
5042
5046
5050
5053
5057
5060
5064
5067
5071
5074
5078
5082
5085
5089
5092
5096
5100
5103
5107
5111
5115
5118
5122
5126
5130
5134
5137
5141
5145
5149
5153
5156
5160
5164
5168
5172
5175
5179
5183
5187
5191
5194
5198
5202
5206
5210
5214
5219
5223
5228
5232
5237
5241
5246
5250
5255
5260
5264
5269
5273
5278
5282
5287
5291
5296
5300
5305
5310
5314
5318
5323
5327
5332
5336
5340
5345
5349
5354
5358
5362
5367
5371
5375
5380
5384
5389
5393
5398
5402
5406
5411
5415
5420
5423
5426
5430
5433
5436
5440
5443
5446
5450
5453
5456
5460
5463
5466
5470
5473
5476
5480
5483
5486
5490
5493
5496
5500
5503
5506
5510
5513
5516
5520
5523
5526
5530
5541
5552
5564
5575
5586
5598
5609
5620
5632
5643
5654
5666
5677
5688
5700
5705
5710
5715
5720
5725
5730
5735
5740
5745
5750
5755
5760
5765
5770
5775
5780
5785
5790
5795
5800
5805
5810
5815
5820
5826
5831
5836
5841
5847
5852
5857
5862
5868
5873
5878
5883
5889
5894
5899
5904
5910
5917
5924
5932
5939
5946
5954
5961
5968
5976
5983
5990
5997
6005
6012
6020
6024
6029
6034
6040
6045
6050
6055
6060
6064
6070
6075
6080
6085
6090
6095
6100
6105
6110
6115
6120
6140
6160
6180
6200
6220
6240
6260
6265
6270
6274
6280
6285
6290
6295
6300
6305
6310
6315
6320
6325
6330
6335
6340
6345
6350
6355
6360
6363
6367
6370
6374
6377
6381
6384
6388
6391
6395
6399
6402
6406
6409
6413
6416
6420
6423
6427
6430
6434
6438
6441
6445
6448
6452
6455
6459
6462
6466
6470
6473
6477
6481
6485
6489
6493
6496
6500
6504
6508
6512
6516
6520
6523
6527
6531
6535
6539
6543
6546
6550
6554
6558
6562
6566
6570
6573
6577
6581
6585
6588
6592
6596
6600
6604
6607
6611
6615
6619
6623
6626
6630
6634
6638
6642
6645
6649
6653
6657
6661
6664
6668
6672
6676
6680
6685
6689
6694
6700
6705
6710
6715
6720
6725
6729
6734
6740
6745
6750
6755
6760
6765
6770
6775
6780
6785
6790
6795
6800
6805
6810
6814
6820
6825
6830
6835
6840
6845
6850
6854
6859
6865
6870
6875
6880
6885
6890
6893
6896
6900
6903
6907
6910
6914
6917
6920
6924
6927
6931
6934
6938
6941
6945
6948
6951
6955
6958
6962
6965
6969
6972
6975
6979
6982
6986
6989
6993
6996
7000
7005
7010
7015
7021
7026
7031
7036
7042
7047
7052
7057
7063
7068
7073
7078
7084
7089
7094
7100
7105
7110
7115
7120
7126
7131
7136
7141
7147
7152
7157
7162
7168
7173
7178
7183
7189
7194
7199
7204
7210
7216
7221
7228
7234
7240
7246
7252
7258
7264
7270
7276
7282
7288
7294
7300
7306
7312
7318
7324
7330
7335
7340
7346
7351
7357
7362
7368
7373
7379
7384
7390
7395
7400
7406
7411
7417
7422
7428
7433
7439
7444
7450
7456
7462
7468
7475
7481
7487
7493
7500
7506
7512
7518
7525
7531
7537
7543
7550
7553
7557
7560
7564
7567
7571
7574
7578
7581
7585
7589
7592
7596
7599
7603
7606
7610
7613
7617
7620
7624
7628
7631
7635
7638
7642
7645
7649
7652
7656
7660
7666
7672
7678
7684
7690
7696
7702
7708
7715
7721
7727
7733
7739
7745
7751
7757
7763
7770
7774
7778
7782
7786
7790
7795
7799
7803
7807
7811
7815
7820
7824
7828
7832
7836
7840
7845
7849
7853
7857
7861
7865
7870
7873
7876
7880
7883
7886
7890
7893
7896
7900
7903
7906
7910
7913
7916
7920
7923
7926
7930
7933
7936
7940
7943
7946
7950
7953
7956
7960
7963
7966
7970
7973
7976
7980
7987
7994
8001
8008
8015
8022
8030
8037
8044
8051
8058
8065
8072
8080
8085
8091
8097
8102
8108
8114
8119
8125
8131
8137
8142
8148
8154
8160
8165
8171
8177
8182
8188
8194
8200
8203
8206
8210
8213
8217
8220
8224
8227
8231
8234
8237
8241
8244
8248
8251
8255
8258
8262
8265
8268
8272
8275
8279
8282
8286
8289
8293
8296
8300
8303
8306
8309
8312
8315
8318
8321
8324
8327
8330
8333
8336
8339
8342
8345
8348
8351
8355
8358
8361
8364
8367
8370
8373
8376
8379
8382
8385
8388
8391
8394
8397
8400
8403
8406
8410
8413
8417
8421
8424
8428
8432
8435
8439
8443
8446
8450
8454
8457
8461
8465
8468
8472
8476
8479
8483
8487
8490
8494
8498
8501
8505
8509
8512
8516
8520
8523
8526
8529
8532
8535
8538
8541
8544
8547
8550
8553
8556
8559
8562
8565
8568
8571
8574
8577
8580
8583
8586
8589
8592
8595
8598
8601
8604
8607
8610
8613
8616
8620
8623
8626
8629
8632
8635
8638
8641
8644
8647
8650
8653
8656
8659
8662
8665
8668
8671
8675
8678
8681
8684
8687
8690
8693
8696
8699
8702
8705
8708
8711
8714
8717
8720
8723
8726
8730
8734
8739
8744
8749
8753
8758
8763
8768
8772
8777
8782
8787
8791
8796
8801
8806
8810
8815
8820
8825
8830
8833
8837
8841
8844
8848
8852
8855
8859
8863
8866
8870
8874
8877
8881
8885
8888
8892
8895
8899
8903
8907
8910
8914
8918
8921
8925
8929
8932
8936
8940
8944
8949
8953
8958
8962
8967
8972
8976
8981
8985
8990
8995
8999
9004
9008
9013
9017
9022
9027
9031
9036
9040
9045
9050
9058
9066
9074
9082
9090
9099
9107
9115
9123
9131
9140
9148
9156
9164
9172
9180
9189
9197
9205
9213
9221
9230
9232
9235
9238
9241
9243
9246
9249
9252
9255
9257
9260
9263
9266
9268
9271
9274
9277
9280
9282
9285
9288
9291
9293
9296
9299
9302
9305
9307
9310
9313
9316
9318
9321
9324
9327
9330
9336
9342
9348
9355
9361
9367
9374
9380
9386
9393
9399
9405
9412
9418
9424
9431
9437
9443
9450
9456
9462
9469
9475
9482
9488
9495
9501
9508
9514
9521
9527
9534
9540
9547
9553
9560
9572
9584
9596
9608
9621
9633
9645
9657
9670
9675
9680
9686
9691
9697
9702
9708
9713
9719
9724
9730
9735
9740
9746
9751
9757
9762
9768
9773
9779
9784
9790
9794
9798
9802
9806
9810
9815
9819
9823
9827
9831
9835
9840
9844
9848
9852
9856
9860
9865
9869
9873
9877
9881
9885
9890
9897
9904
9911
9918
9926
9933
9940
9947
9954
9962
9969
9976
9983
9990
9998
10005
10012
10019
10026
10034
10041
10048
10055
10062
10070
10074
10078
10082
10086
10091
10095
10099
10103
10108
10112
10116
10120
10125
10129
10133
10137
10141
10146
10150
10154
10158
10163
10167
10171
10175
10180
10183
10186
10189
10192
10195
10198
10202
10205
10208
10211
10214
10217
10220
10224
10227
10230
10233
10236
10239
10242
10245
10249
10252
10255
10258
10261
10264
10267
10271
10274
10277
10280
10283
10286
10290
10293
10296
10299
10302
10306
10309
10312
10315
10319
10322
10325
10328
10331
10335
10338
10341
10344
10348
10351
10354
10357
10360
10364
10367
10370
10373
10377
10380
10383
10386
10390
10393
10397
10400
10404
10407
10411
10414
10418
10421
10425
10429
10432
10436
10439
10443
10446
10450
10453
10457
10460
10464
10468
10471
10475
10478
10482
10485
10489
10492
10496
10500
10502
10505
10508
10511
10514
10517
10520
10523
10526
10529
10532
10535
10538
10541
10544
10547
10550
10553
10556
10559
10562
10565
10568
10571
10574
10577
10580
10583
10586
10589
10592
10595
10598
10601
10604
10607
10610
10612
10615
10618
10621
10624
10627
10630
10633
10636
10639
10642
10645
10648
10651
10654
10657
10660
10663
10666
10669
10672
10675
10678
10681
10684
10687
10690
10693
10696
10699
10702
10705
10708
10711
10714
10717
10720
10724
10728
10732
10736
10740
10744
10748
10752
10756
10760
10764
10768
10772
10776
10780
10784
10788
10792
10796
10800
10804
10808
10812
10816
10820
10823
10827
10831
10835
10838
10842
10846
10850
10853
10857
10861
10865
10868
10872
10876
10880
10883
10887
10891
10895
10898
10902
10906
10910
10913
10917
10921
10925
10928
10932
10936
10940
10943
10947
10951
10955
10958
10962
10966
10970
10972
10975
10978
10981
10984
10987
10990
10993
10996
10999
11002
11005
11008
11011
11014
11017
11020
11022
11025
11028
11031
11034
11037
11040
11043
11046
11049
11052
11055
11058
11061
11064
11067
11070
11073
11077
11081
11084
11088
11092
11095
11099
11103
11106
11110
11114
11117
11121
11125
11128
11132
11136
11139
11143
11147
11150
11154
11158
11161
11165
11169
11172
11176
11180
11184
11188
11192
11196
11201
11205
11209
11213
11218
11222
11226
11230
11235
11239
11243
11247
11251
11256
11260
11264
11268
11273
11277
11281
11285
11290
11296
11302
11308
11315
11321
11327
11333
11340
11346
11352
11358
11365
11371
11377
11383
11390
11393
11397
11400
11404
11407
11411
11414
11418
11421
11425
11429
11432
11436
11439
11443
11446
11450
11453
11457
11460
11464
11468
11471
11475
11478
11482
11485
11489
11492
11496
11500
11506
11513
11520
11526
11533
11540
11546
11553
11560
11566
11573
11580
11586
11593
11600
11608
11616
11624
11632
11640
11648
11656
11664
11672
11680
11688
11696
11704
11712
11720
11732
11745
11757
11770
11782
11795
11807
11820
11829
11838
11847
11856
11865
11875
11884
11893
11902
11911
11920
11930
11939
11948
11957
11966
11975
11985
11994
12003
12012
12021
12030
12040
12049
12059
12070
12080
12090
12100
12110
12120
12130
12140
12149
12158
12167
12176
12185
12195
12204
12213
12222
12231
12240
12250
12259
12268
12277
12286
12295
12304
12313
12322
12331
12340
12350
12357
12364
12372
12379
12386
12394
12401
12408
12416
12423
12430
12438
12445
12452
12460
12468
12476
12485
12493
12501
12510
12518
12526
12535
12543
12551
12560
12570
12580
12590
12600
12610
12620
12630
12640
12650
12660
12670
12676
12683
12690
12697
12704
12711
12718
12725
12731
12738
12745
12752
12759
12766
12773
12780
12785
12790
12795
12801
12806
12811
12816
12822
12827
12832
12837
12843
12848
12853
12858
12864
12869
12874
12880
12888
12896
12904
12912
12920
12928
12936
12944
12952
12960
12968
12976
12984
12992
13000
13006
13012
13018
13025
13031
13037
13043
13050
13056
13062
13068
13075
13081
13087
13093
13100
13106
13112
13119
13125
13132
13138
13145
13151
13158
13164
13171
13177
13184
13190
13197
13203
13210
13215
13221
13227
13233
13239
13245
13251
13257
13262
13268
13274
13280
13286
13292
13298
13304
13310
13315
13321
13327
13333
13338
13344
13350
13356
13362
13367
13373
13379
13385
13391
13396
13402
13408
13414
13420
13425
13430
13435
13440
13445
13450
13455
13459
13465
13469
13475
13480
13485
13490
13495
13500
13504
13510
13514
13520
13524
13530
13533
13536
13540
13543
13546
13549
13553
13556
13560
13563
13566
13570
13573
13576
13580
13583
13586
13590
13593
13596
13600
13603
13606
13610
13613
13616
13620
13623
13626
13630
13633
13637
13641
13645
13649
13653
13657
13660
13664
13668
13672
13676
13680
13684
13688
13691
13695
13699
13703
13707
13711
13715
13719
13722
13726
13730
13734
13738
13742
13746
13750
13753
13756
13759
13762
13765
13768
13771
13774
13777
13780
13783
13786
13789
13792
13795
13798
13801
13804
13807
13810
13813
13816
13819
13822
13825
13828
13831
13834
13837
13840
13843
13846
13850
13853
13857
13861
13865
13868
13872
13876
13880
13884
13887
13891
13895
13899
13903
13906
13910
13914
13918
13922
13925
13929
13933
13937
13941
13944
13948
13952
13956
13960
13963
13966
13969
13972
13976
13979
13982
13985
13989
13992
13995
13998
14001
14005
14008
14011
14014
14018
14021
14024
14027
14030
14034
14037
14040
14043
14047
14050
14053
14056
14060
14085
14110
14135
14160
14185
14210
14235
14260
14285
14309
14334
14360
14370
14379
14390
14400
14410
14420
14430
14440
14450
14460
14470
14480
14490
14500
14510
14520
14530
14540
14550
14560
14570
14583
14597
14611
14625
14638
14652
14666
14680
14695
14710
14725
14740
14755
14770
14785
14800
14818
14837
14855
14874
14892
14911
14930
14948
14966
14985
15003
15021
15040
15076
15113
15150
15168
15186
15205
15223
15241
15260
15267
15275
15283
15290
15298
15306
15313
15321
15329
15336
15344
15352
15360
15367
15375
15382
15390
15397
15405
15412
15420
15427
15435
15442
15450
15457
15465
15472
15480
15487
15494
15501
15508
15515
15522
15530
15537
15544
15551
15558
15565
15572
15580
15590
15600
15610
15620
15629
15640
15650
15660
15670
15680
15690
15702
15714
15726
15738
15750
15762
15774
15786
15798
15810
15821
15832
15843
15854
15865
15876
15887
15898
15909
15920
15927
15934
15942
15949
15956
15964
15971
15978
15986
15993
16000
16008
16015
16022
16030
16035
16040
16045
16051
16056
16061
16066
16072
16077
16082
16087
16093
16098
16103
16108
16114
16119
16124
16129
16134
16138
16142
16146
16150
16154
16158
16162
16166
16170
16174
16178
16182
16187
16191
16195
16199
16203
16207
16211
16215
16219
16223
16227
16231
16235
16239
16246
16252
16258
16265
16271
16277
16283
16290
16296
16302
16308
16314
16321
16327
16333
16340
16346
16352
16358
16364
16370
16376
16382
16388
16395
16401
16407
16413
16419
16425
16431
16437
16443
16450
16454
16458
16463
16467
16471
16476
16480
16484
16489
16493
16497
16502
16506
16510
16515
16519
16523
16528
16532
16536
16541
16545
16550
16554
16559
16564
16569
16573
16578
16583
16588
16593
16597
16602
16607
16612
16616
16621
16626
16631
16636
16640
16645
16650
16655
16660
16665
16671
16677
16683
16688
16694
16700
16706
16712
16717
16723
16729
16735
16741
16746
16752
16758
16764
16770
16778
16786
16795
16803
16811
16820
16828
16836
16845
16853
16861
16870
16874
16878
16883
16887
16892
16896
16900
16905
16909
16914
16918
16922
16927
16931
16936
16940
16944
16949
16953
16958
16962
16966
16971
16975
16980
16985
16990
16995
17000
17005
17009
17015
17020
17025
17030
17035
17040
17044
17049
17055
17060
17064
17070
17075
17080
17082
17085
17088
17090
17093
17096
17098
17101
17104
17106
17109
17112
17114
17117
17120
17122
17125
17128
17130
17133
17136
17139
17141
17144
17147
17149
17152
17155
17157
17160
17163
17165
17168
17171
17173
17176
17179
17181
17184
17187
17190
17193
17197
17201
17205
17209
17213
17217
17221
17225
17229
17233
17237
17241
17245
17248
17252
17256
17260
17264
17268
17272
17276
17280
17284
17288
17292
17296
17300
17304
17308
17312
17316
17321
17325
17329
17333
17338
17342
17346
17350
17355
17359
17363
17367
17371
17376
17380
17384
17388
17393
17397
17401
17405
17410
17415
17420
17425
17430
17435
17440
17445
17450
17455
17460
17465
17470
17475
17480
17485
17490
17495
17500
17505
17510
17515
17520
17525
17530
17533
17536
17540
17543
17546
17550
17553
17556
17560
17563
17566
17570
17573
17576
17580
17583
17586
17590
17593
17596
17600
17603
17606
17610
17613
17616
17619
17623
17626
17630
17638
17647
17655
17664
17673
17681
17690
17699
17707
17716
17724
17733
17742
17750
17759
17768
17776
17785
17794
17802
17811
17820
17825
17830
17835
17840
17845
17850
17855
17860
17865
17870
17875
17880
17885
17890
17895
17900
17905
17910
17915
17919
17925
17930
17932
17935
17938
17940
17943
17946
17948
17951
17954
17956
17959
17962
17964
17967
17970
17972
17975
17978
17980
17983
17986
17989
17991
17994
17997
17999
18002
18005
18007
18010
18013
18015
18018
18021
18023
18026
18029
18031
18034
18037
18040
18044
18050
18055
18060
18064
18070
18075
18080
18084
18090
18095
18099
18105
18110
18115
18119
18125
18130
18134
18139
18145
18150
18155
18160
18165
18170
18175
18180
18185
18190
18196
18201
18206
18211
18216
18221
18226
18231
18236
18242
18247
18252
18257
18262
18267
18272
18277
18283
18288
18293
18298
18303
18308
18313
18318
18323
18329
18334
18339
18344
18349
18354
18359
18364
18370
18372
18375
18377
18380
18382
18385
18388
18390
18393
18395
18398
18401
18403
18406
18408
18411
18414
18416
18419
18421
18424
18427
18429
18432
18434
18437
18440
18442
18445
18447
18450
18452
18455
18458
18460
18463
18465
18468
18471
18473
18476
18478
18481
18484
18486
18489
18491
18494
18497
18499
18502
18504
18507
18510
18516
18523
18530
18537
18544
18551
18558
18565
18571
18578
18585
18592
18599
18606
18613
18620
18626
18633
18640
18647
18654
18661
18668
18675
18681
18688
18695
18702
18709
18716
18723
18730
18733
18737
18741
18745
18749
18753
18756
18760
18764
18768
18772
18776
18780
18783
18787
18791
18795
18799
18803
18806
18810
18814
18818
18822
18826
18830
18835
18841
18847
18853
18858
18864
18870
18876
18882
18887
18893
18899
18905
18911
18916
18922
18928
18934
18940
18958
18976
18995
19013
19031
19050
19072
19094
19116
19138
19160
19168
19176
19185
19193
19202
19210
19219
19227
19236
19244
19253
19261
19270
19274
19278
19283
19287
19291
19296
19300
19304
19309
19313
19317
19322
19326
19330
19335
19339
19343
19348
19352
19356
19361
19365
19370
19373
19376
19380
19383
19386
19390
19393
19396
19400
19403
19406
19410
19413
19416
19420
19423
19426
19430
19433
19436
19440
19443
19446
19450
19453
19456
19460
19463
19466
19470
19473
19476
19480
19483
19486
19490
19493
19497
19500
19504
19507
19511
19514
19517
19521
19524
19528
19531
19535
19538
19542
19545
19548
19552
19555
19559
19562
19566
19569
19573
19576
19580
19584
19589
19593
19598
19603
19607
19612
19617
19621
19626
19631
19635
19640
19645
19649
19654
19658
19663
19668
19672
19677
19682
19686
19691
19696
19700
19705
19710
19728
19746
19765
19783
19801
19820
19831
19842
19853
19864
19875
19886
19897
19908
19919
19930
19934
19939
19944
19949
19954
19958
19963
19968
19973
19978
19982
19987
19992
19997
20002
20006
20011
20016
20021
20026
20030
20035
20040
20045
20050
20053
20057
20061
20064
20068
20072
20075
20079
20083
20086
20090
20094
20097
20101
20105
20108
20112
20116
20119
20123
20127
20130
20134
20138
20141
20145
20149
20152
20156
20160
20167
20175
20183
20190
20198
20206
20214
20221
20229
20237
20244
20252
20260
20268
20275
20283
20291
20299
20306
20314
20322
20330
20334
20338
20343
20347
20352
20356
20360
20365
20369
20374
20378
20382
20387
20391
20396
20400
20404
20409
20413
20418
20422
20426
20431
20435
20440
20444
20448
20453
20457
20462
20466
20470
20475
20479
20484
20488
20492
20497
20501
20506
20510
20514
20519
20523
20528
20532
20536
20541
20545
20550
20554
20559
20563
20568
20572
20577
20582
20586
20591
20595
20600
20605
20609
20614
20618
20623
20627
20632
20637
20641
20646
20650
20655
20660
20664
20668
20672
20676
20681
20685
20689
20693
20698
20702
20706
20710
20715
20719
20723
20727
20731
20736
20740
20744
20748
20753
20757
20761
20765
20770
20774
20778
20782
20786
20791
20795
20799
20803
20808
20812
20816
20820
20825
20829
20833
20837
20841
20846
20850
20854
20858
20863
20867
20871
20875
20880
20884
20888
20892
20896
20901
20905
20909
20913
20918
20922
20926
20930
20935
20939
20943
20947
20951
20956
20960
20964
20968
20973
20977
20981
20985
20990
20993
20997
21000
21004
21007
21011
21015
21018
21022
21025
21029
21032
21036
21040
21043
21047
21050
21054
21057
21061
21064
21068
21072
21075
21079
21082
21086
21090
21093
21096
21099
21102
21106
21109
21112
21115
21119
21122
21125
21128
21132
21135
21138
21141
21145
21148
21151
21154
21158
21161
21164
21167
21171
21174
21177
21180
21184
21187
21190
21193
21197
21200
21203
21206
21210
21212
21215
21218
21221
21224
21227
21230
21232
21235
21238
21241
21244
21247
21250
21252
21255
21258
21261
21264
21267
21270
21272
21275
21278
21281
21284
21287
21290
21292
21295
21298
21301
21304
21307
21310
21312
21315
21318
21321
21324
21327
21330
21333
21336
21339
21342
21345
21348
21351
21354
21357
21360
21363
21366
21369
21372
21375
21378
21381
21384
21387
21390
21393
21396
21399
21402
21405
21408
21411
21414
21417
21420
21423
21427
21431
21434
21438
21442
21445
21449
21453
21456
21460
21464
21467
21471
21475
21478
21482
21486
21489
21493
21497
21500
21504
21508
21511
21515
21519
21522
21526
21530
21533
21536
21539
21542
21545
21548
21551
21555
21558
21561
21564
21567
21570
21573
21576
21580
21583
21586
21589
21592
21595
21598
21601
21605
21608
21611
21614
21617
21620
21623
21626
21630
21636
21642
21648
21654
21660
21666
21672
21678
21685
21691
21697
21703
21709
21715
21721
21727
21733
21740
21742
21744
21746
21749
21751
21753
21756
21758
21760
21763
21765
21767
21770
21772
21774
21777
21779
21781
21784
21786
21788
21791
21793
21795
21798
21800
21802
21805
21807
21809
21812
21814
21816
21819
21821
21823
21826
21828
21830
21833
21835
21837
21840
21880
21920
21960
21964
21969
21974
21979
21983
21988
21993
21998
22002
22007
22012
22017
22021
22026
22031
22036
22040
22045
22050
22055
22060
22063
22067
22071
22075
22079
22083
22087
22091
22095
22099
22103
22107
22111
22115
22118
22122
22126
22130
22134
22138
22142
22146
22150
22154
22158
22162
22166
22170
22197
22225
22252
22280
22283
22286
22289
22292
22296
22299
22302
22305
22309
22312
22315
22318
22321
22325
22328
22331
22334
22338
22341
22344
22347
22350
22354
22357
22360
22363
22367
22370
22373
22376
22380
22383
22387
22391
22395
22398
22402
22406
22410
22413
22417
22421
22425
22428
22432
22436
22439
22443
22447
22451
22455
22458
22462
22466
22470
22473
22477
22481
22485
22488
22492
22496
22500
22503
22506
22510
22513
22516
22520
22523
22526
22530
22533
22536
22540
22543
22546
22550
22553
22556
22560
22563
22566
22570
22573
22576
22580
22583
22586
22590
22593
22596
22600
22603
22606
22610
22613
22616
22620
22623
22626
22630
22633
22636
22640
22643
22646
22650
22653
22656
22660
22663
22666
22670
22673
22676
22680
22683
22686
22690
22693
22696
22700
22703
22706
22710
22713
22716
22720
22723
22727
22730
22734
22737
22740
22744
22747
22751
22754
22758
22761
22765
22768
22771
22775
22778
22782
22785
22789
22792
22795
22799
22802
22806
22809
22813
22816
22820
22823
22826
22829
22832
22835
22838
22842
22845
22848
22851
22854
22857
22860
22864
22867
22870
22873
22876
22879
22882
22886
22889
22892
22895
22898
22901
22904
22908
22911
22914
22917
22920
22923
22926
22930
22933
22937
22941
22944
22948
22952
22955
22959
22963
22966
22970
22974
22977
22981
22985
22988
22992
22996
22999
23003
23006
23010
23014
23018
23021
23025
23029
23032
23036
23040
23043
23046
23049
23052
23056
23059
23062
23065
23069
23072
23075
23078
23082
23085
23088
23091
23095
23098
23101
23104
23107
23111
23114
23117
23120
23124
23127
23130
23133
23137
23140
23143
23146
23150
23153
23157
23161
23165
23168
23172
23176
23180
23184
23187
23191
23195
23199
23203
23206
23210
23214
23218
23222
23225
23229
23233
23237
23241
23244
23248
23252
23256
23260
23266
23273
23280
23287
23294
23301
23308
23315
23321
23328
23335
23342
23349
23356
23363
23370
23376
23383
23390
23397
23404
23411
23418
23425
23431
23438
23445
23452
23459
23466
23473
23480
23483
23486
23489
23492
23495
23498
23501
23504
23507
23510
23513
23516
23519
23522
23525
23528
23531
23534
23537
23540
23543
23546
23549
23552
23555
23558
23561
23564
23567
23570
23573
23576
23580
23583
23586
23590
23593
23596
23599
23603
23606
23610
23613
23616
23620
23623
23626
23630
23633
23636
23640
23643
23646
23650
23653
23656
23660
23663
23666
23670
23673
23676
23680
23683
23686
23690
23693
23696
23700
23703
23706
23710
23713
23716
23720
23723
23726
23730
23733
23736
23740
23743
23746
23750
23753
23756
23760
23763
23766
23770
23773
23776
23780
23783
23786
23790
23793
23796
23800
23803
23806
23809
23812
23816
23819
23822
23825
23829
23832
23835
23838
23842
23845
23848
23851
23855
23858
23861
23864
23867
23871
23874
23877
23880
23884
23887
23890
23893
23897
23900
23903
23906
23910
23914
23918
23922
23926
23931
23935
23939
23943
23948
23952
23956
23960
23965
23969
23973
23977
23981
23986
23990
23994
23998
24003
24007
24011
24015
24020
24023
24026
24030
24033
24036
24040
24043
24046
24050
24053
24056
24060
24063
24066
24070
24073
24076
24080
24083
24086
24090
24093
24096
24100
24103
24106
24110
24113
24116
24120
24156
24193
24230
24234
24238
24243
24247
24251
24256
24260
24264
24269
24273
24277
24282
24286
24290
24295
24299
24303
24308
24312
24316
24321
24325
24330
24333
24337
24340
24344
24347
24351
24354
24358
24361
24365
24369
24372
24376
24379
24383
24386
24390
24393
24397
24400
24404
24408
24411
24415
24418
24422
24425
24429
24432
24436
24440
24451
24463
24474
24486
24497
24509
24520
24532
24543
24555
24566
24578
24590
24593
24597
24601
24604
24608
24612
24615
24619
24623
24626
24630
24634
24637
24641
24645
24648
24652
24656
24659
24663
24666
24670
24674
24678
24681
24685
24689
24692
24696
24700
24702
24705
24707
24710
24713
24715
24718
24721
24723
24726
24728
24731
24734
24736
24739
24742
24744
24747
24750
24752
24755
24757
24760
24763
24765
24768
24771
24773
24776
24778
24781
24784
24786
24789
24792
24794
24797
24800
24803
24806
24810
24813
24816
24820
24823
24826
24830
24833
24836
24840
24843
24846
24850
24853
24856
24860
24863
24866
24870
24873
24876
24880
24883
24886
24890
24893
24896
24900
24903
24906
24910
24924
24938
24952
24966
24980
24994
25009
25023
25037
25051
25065
25080
25084
25089
25094
25099
25103
25108
25113
25118
25123
25127
25132
25137
25142
25146
25151
25156
25161
25166
25170
25175
25180
25185
25190
25195
25201
25206
25212
25217
25223
25228
25234
25239
25245
25250
25256
25261
25267
25272
25278
25283
25289
25294
25300
25304
25309
25313
25318
25322
25327
25332
25336
25341
25345
25350
25355
25359
25364
25368
25373
25377
25382
25387
25391
25396
25400
25405
25410
25414
25418
25422
25426
25430
25434
25438
25442
25446
25450
25454
25458
25462
25467
25471
25475
25479
25483
25487
25491
25495
25499
25503
25507
25511
25515
25520
25533
25546
25558
25572
25585
25598
25610
25624
25637
25650
25656
25662
25669
25675
25682
25688
25695
25701
25708
25714
25721
25727
25734
25740
25747
25753
25760
25764
25768
25773
25777
25781
25786
25790
25794
25799
25803
25807
25812
25816
25820
25825
25829
25833
25838
25842
25846
25851
25855
25860
25865
25870
25875
25880
25886
25891
25896
25901
25907
25912
25917
25922
25928
25933
25938
25943
25949
25954
25959
25964
25970
25977
25984
25991
25998
26005
26012
26019
26026
26033
26040
26047
26054
26061
26068
26075
26082
26090
26094
26098
26102
26106
26110
26114
26118
26122
26126
26130
26134
26138
26142
26147
26151
26155
26159
26163
26167
26171
26175
26179
26183
26187
26191
26195
26200
26209
26218
26227
26236
26245
26254
26263
26272
26281
26290
26300
26304
26308
26312
26316
26321
26325
26329
26333
26338
26342
26346
26350
26355
26359
26363
26367
26371
26376
26380
26384
26388
26393
26397
26401
26405
26410
26414
26419
26423
26428
26432
26437
26442
26446
26451
26455
26460
26465
26469
26474
26478
26483
26487
26492
26497
26501
26506
26510
26515
26520
26526
26532
26538
26545
26551
26557
26563
26570
26576
26582
26588
26595
26601
26607
26613
26620
26623
26626
26629
26632
26635
26638
26641
26644
26647
26650
26653
26656
26659
26662
26665
26668
26671
26675
26678
26681
26684
26687
26690
26693
26696
26699
26702
26705
26708
26711
26714
26717
26720
26723
26726
26730
26750
26770
26790
26810
26830
26835
26840
26846
26851
26857
26862
26867
26873
26878
26884
26889
26895
26900
26905
26911
26916
26922
26927
26932
26938
26943
26949
26954
26960
26965
26971
26976
26982
26988
26993
26999
27004
27010
27016
27021
27027
27032
27038
27044
27049
27055
27060
27066
27072
27077
27083
27088
27094
27100
27103
27106
27110
27113
27116
27120
27123
27126
27130
27133
27136
27140
27143
27146
27150
27153
27156
27160
27163
27166
27170
27173
27176
27180
27183
27186
27190
27193
27196
27200
27203
27206
27210
27214
27218
27222
27226
27230
27235
27239
27243
27247
27251
27255
27259
27264
27268
27272
27276
27280
27285
27289
27293
27297
27301
27305
27310
27313
27317
27320
27324
27327
27331
27334
27338
27341
27345
27349
27352
27356
27359
27363
27366
27370
27373
27377
27380
27384
27388
27391
27395
27398
27402
27405
27409
27412
27416
27420
27428
27437
27445
27454
27462
27471
27480
27488
27497
27505
27514
27522
27531
27540
27548
27557
27565
27574
27582
27591
27600
27602
27605
27607
27610
27612
27615
27617
27620
27622
27625
27627
27630
27632
27635
27637
27640
27642
27645
27647
27650
27652
27655
27657
27660
27662
27665
27667
27670
27672
27675
27677
27680
27682
27685
27687
27690
27692
27695
27697
27700
27702
27705
27707
27710
27714
27718
27722
27726
27730
27734
27738
27742
27746
27750
27754
27758
27762
27766
27770
27774
27778
27782
27787
27791
27795
27799
27803
27807
27811
27815
27819
27823
27827
27831
27835
27839
27843
27847
27851
27855
27860
27862
27865
27868
27871
27874
27877
27880
27883
27886
27889
27892
27895
27898
27901
27904
27907
27910
27913
27916
27919
27922
27925
27928
27931
27934
27937
27940
27943
27946
27949
27952
27955
27958
27961
27964
27967
27970
27974
27979
27984
27989
27993
27998
28003
28008
28012
28017
28022
28027
28031
28036
28041
28046
28050
28055
28060
28065
28070
28077
28084
28092
28099
28106
28114
28121
28128
28136
28143
28150
28158
28165
28172
28180
28185
28190
28195
28200
28206
28211
28216
28221
28227
28232
28237
28242
28248
28253
28258
28263
28269
28274
28279
28284
28290
28292
28295
28298
28300
28303
28306
28308
28311
28314
28317
28319
28322
28325
28327
28330
28333
28335
28338
28341
28344
28346
28349
28352
28354
28357
28360
28362
28365
28368
28371
28373
28376
28379
28381
28384
28387
28390
28393
28397
28401
28404
28408
28412
28415
28419
28423
28426
28430
28434
28437
28441
28445
28448
28452
28456
28459
28463
28467
28470
28474
28478
28481
28485
28489
28492
28496
28500
28503
28506
28509
28512
28515
28518
28521
28525
28528
28531
28534
28537
28540
28543
28546
28550
28553
28556
28559
28562
28565
28568
28571
28575
28578
28581
28584
28587
28590
28593
28596
28600
28603
28606
28610
28613
28616
28620
28623
28626
28630
28633
28636
28640
28643
28646
28650
28653
28656
28660
28663
28666
28670
28673
28676
28680
28683
28686
28690
28693
28696
28700
28703
28706
28710
28713
28717
28721
28724
28728
28732
28735
28739
28743
28746
28750
28754
28757
28761
28765
28768
28772
28776
28779
28783
28787
28790
28794
28798
28801
28805
28809
28812
28816
28820
28824
28828
28833
28837
28842
28846
28850
28855
28859
28864
28868
28872
28877
28881
28886
28890
28894
28899
28903
28908
28912
28916
28921
28925
28930
28933
28936
28939
28942
28945
28948
28951
28954
28957
28960
28963
28966
28969
28972
28975
28978
28981
28985
28988
28991
28994
28997
29000
29003
29006
29009
29012
29015
29018
29021
29024
29027
29030
29033
29036
29040
29066
29092
29118
29144
29170
29172
29175
29178
29181
29183
29186
29189
29192
29194
29197
29200
29203
29205
29208
29211
29214
29216
29219
29222
29225
29227
29230
29233
29236
29238
29241
29244
29247
29249
29252
29255
29258
29260
29263
29266
29269
29271
29274
29277
29280
29283
29287
29290
29294
29298
29301
29305
29308
29312
29316
29319
29323
29326
29330
29334
29337
29341
29345
29348
29352
29355
29359
29363
29366
29370
29373
29377
29381
29384
29388
29391
29395
29399
29402
29406
29410
29414
29418
29422
29426
29430
29434
29438
29442
29446
29450
29454
29458
29462
29467
29471
29475
29479
29483
29487
29491
29495
29499
29503
29507
29511
29515
29520
29527
29535
29542
29550
29558
29565
29573
29581
29588
29596
29604
29611
29619
29627
29634
29642
29650
29652
29655
29658
29660
29663
29666
29669
29672
29674
29677
29680
29683
29685
29688
29691
29694
29696
29699
29702
29705
29707
29710
29713
29716
29718
29721
29724
29727
29729
29732
29735
29738
29740
29743
29746
29749
29751
29754
29757
29760
29763
29767
29771
29774
29778
29782
29786
29789
29793
29797
29800
29804
29808
29812
29815
29819
29823
29826
29830
29834
29838
29841
29845
29849
29853
29856
29860
29864
29867
29871
29875
29879
29882
29886
29890
29893
29897
29901
29905
29908
29912
29916
29920
