10
20
30
40
50
60
70
80
90
100
110
118
126
135
143
152
160
169
177
186
194
203
211
220
226
233
240
247
254
261
268
275
281
288
295
302
309
316
323
330
334
339
343
348
352
357
361
366
370
375
380
384
389
393
398
402
407
411
416
420
425
430
435
440
445
450
455
460
465
470
475
480
485
490
495
500
505
510
515
520
525
530
535
540
549
558
567
576
585
594
603
612
621
630
640
646
652
659
665
672
678
685
691
698
704
711
717
724
730
737
743
750
757
764
772
779
786
794
801
808
816
823
830
838
845
852
860
866
873
880
887
894
901
908
915
921
928
935
942
949
956
963
970
980
990
1000
1010
1020
1030
1040
1050
1060
1070
1080
1090
1100
1110
1120
1126
1133
1140
1147
1154
1161
1168
1175
1181
1188
1195
1202
1209
1216
1223
1230
1234
1239
1243
1248
1252
1257
1262
1266
1271
1275
1280
1285
1289
1294
1298
1303
1307
1312
1317
1321
1326
1330
1335
1340
1344
1348
1352
1356
1360
1365
1369
1373
1377
1381
1385
1390
1394
1398
1402
1406
1410
1415
1419
1423
1427
1431
1435
1440
1445
1450
1455
1460
1466
1471
1476
1481
1487
1492
1497
1502
1508
1513
1518
1523
1529
1534
1539
1544
1550
1556
1563
1570
1576
1583
1590
1596
1603
1609
1616
1623
1630
1636
1643
1650
1658
1666
1674
1682
1690
1698
1706
1714
1722
1730
1738
1746
1754
1762
1770
1775
1781
1786
1792
1797
1803
1808
1814
1820
1825
1831
1836
1842
1847
1853
1858
1864
1870
1876
1882
1889
1895
1902
1908
1915
1921
1928
1934
1941
1947
1954
1960
1967
1973
1980
1989
1998
2007
2016
2025
2035
2044
2053
2062
2071
2080
2090
2097
2104
2111
2118
2125
2132
2139
2147
2154
2161
2168
2175
2182
2190
2199
2208
2217
2226
2235
2245
2254
2263
2272
2281
2290
2300
2306
2313
2320
2326
2333
2340
2346
2353
2360
2366
2373
2380
2386
2393
2400
2405
2411
2417
2423
2428
2434
2440
2446
2452
2457
2463
2469
2475
2481
2486
2492
2498
2504
2510
2515
2520
2525
2531
2536
2541
2546
2552
2557
2562
2567
2573
2578
2583
2588
2594
2599
2604
2610
2617
2624
2632
2639
2646
2654
2661
2668
2676
2683
2690
2698
2705
2712
2720
2725
2731
2737
2743
2748
2754
2760
2766
2772
2777
2783
2789
2795
2801
2806
2812
2818
2824
2830
2835
2841
2847
2853
2859
2865
2871
2877
2882
2888
2894
2900
2906
2912
2918
2924
2930
2937
2944
2952
2959
2966
2974
2981
2988
2996
3003
3010
3018
3025
3032
3040
3047
3055
3063
3070
3078
3086
3093
3101
3109
3116
3124
3132
3140
3146
3153
3160
3167
3174
3181
3188
3195
3201
3208
3215
3222
3229
3236
3243
3250
3253
3257
3260
3264
3267
3271
3274
3278
3281
3285
3289
3292
3296
3299
3303
3306
3310
3313
3317
3320
3324
3328
3331
3335
3338
3342
3345
3349
3352
3356
3360
3364
3369
3374
3379
3383
3388
3393
3398
3403
3407
3412
3417
3422
3426
3431
3436
3441
3446
3450
3455
3460
3465
3470
3474
3478
3483
3487
3492
3496
3500
3505
3509
3514
3518
3522
3527
3531
3536
3540
3544
3549
3553
3558
3562
3566
3571
3575
3580
3583
3587
3591
3595
3599
3603
3606
3610
3614
3618
3622
3626
3630
3633
3637
3641
3645
3649
3653
3656
3660
3664
3668
3672
3676
3680
3688
3696
3705
3713
3722
3730
3739
3747
3756
3764
3773
3781
3790
3799
3808
3817
3826
3835
3844
3854
3863
3872
3881
3890
3900
3906
3913
3920
3927
3934
3941
3948
3955
3961
3968
3975
3982
3989
3996
4003
4010
4015
4021
4026
4032
4037
4043
4048
4054
4060
4065
4071
4076
4082
4087
4093
4098
4104
4110
4117
4125
4132
4140
4147
4155
4162
4170
4177
4185
4192
4200
4207
4215
4222
4230
4238
4246
4255
4263
4272
4280
4289
4297
4306
4314
4323
4331
4340
4352
4365
4377
4390
4402
4415
4427
4440
4447
4454
4462
4469
4476
4484
4491
4498
4506
4513
4520
4528
4535
4542
4550
4558
4566
4575
4583
4592
4600
4609
4617
4626
4634
4643
4651
4660
4666
4672
4679
4685
4692
4698
4705
4711
4718
4724
4731
4737
4744
4750
4757
4763
4770
4779
4790
4800
4810
4820
4830
4840
4850
4860
4870
4881
4892
4903
4914
4925
4936
4947
4958
4969
4980
4986
4993
5000
5007
5014
5021
5028
5035
5041
5048
5055
5062
5069
5076
5083
5090
5097
5104
5111
5118
5125
5132
5140
5147
5154
5161
5168
5175
5182
5190
5192
5195
5197
5200
5202
5205
5207
5210
5213
5215
5218
5220
5223
5225
5228
5230
5233
5236
5238
5241
5243
5246
5248
5251
5253
5256
5259
5261
5264
5266
5269
5271
5274
5276
5279
5282
5284
5287
5289
5292
5294
5297
5300
5306
5312
5318
5325
5331
5337
5343
5350
5356
5362
5368
5375
5381
5387
5393
5400
5403
5407
5411
5415
5419
5423
5427
5431
5435
5439
5443
5447
5451
5455
5458
5462
5466
5470
5474
5478
5482
5486
5490
5494
5498
5502
5506
5510
5513
5516
5520
5523
5526
5530
5533
5536
5540
5543
5546
5550
5553
5556
5560
5563
5566
5570
5573
5576
5580
5583
5586
5590
5593
5596
5600
5603
5606
5610
5614
5618
5622
5626
5631
5635
5639
5643
5648
5652
5656
5660
5665
5669
5673
5677
5681
5686
5690
5694
5698
5703
5707
5711
5715
5720
5724
5728
5733
5737
5742
5746
5750
5755
5759
5764
5768
5772
5777
5781
5786
5790
5794
5799
5803
5808
5812
5816
5821
5825
5830
5837
5845
5853
5860
5868
5876
5883
5891
5899
5906
5914
5922
5930
5943
5957
5971
5984
5998
6012
6026
6040
6046
6053
6060
6066
6073
6080
6086
6093
6100
6106
6113
6120
6126
6133
6140
6147
6155
6163
6171
6179
6187
6195
6202
6210
6218
6226
6234
6242
6250
6254
6258
6262
6266
6271
6275
6279
6283
6288
6292
6296
6300
6305
6309
6313
6317
6321
6326
6330
6334
6338
6343
6347
6351
6355
6360
6365
6370
6375
6380
6386
6391
6396
6401
6406
6412
6417
6422
6427
6433
6438
6443
6448
6453
6459
6464
6469
6474
6480
6484
6488
6493
6497
6502
6506
6510
6515
6519
6524
6528
6532
6537
6541
6546
6550
6554
6559
6563
6568
6572
6576
6581
6585
6590
6597
6604
6611
6618
6625
6632
6640
6647
6654
6661
6668
6675
6682
6690
6698
6706
6714
6722
6730
6738
6746
6754
6762
6770
6778
6786
6794
6802
6810
6819
6830
6840
6850
6859
6870
6880
6890
6900
6910
6919
6928
6937
6946
6955
6965
6974
6983
6992
7001
7010
7020
7029
7040
7050
7060
7070
7080
7090
7100
7110
7120
7133
7146
7160
7173
7186
7200
7213
7226
7240
7258
7276
7295
7313
7331
7350
7359
7370
7380
7390
7400
7410
7420
7430
7440
7450
7458
7466
7475
7483
7492
7500
7509
7517
7526
7534
7543
7551
7560
7571
7582
7593
7604
7615
7626
7637
7648
7660
7667
7675
7683
7691
7699
7707
7715
7722
7730
7738
7746
7754
7762
7770
7778
7786
7795
7803
7811
7820
7828
7836
7845
7853
7861
7870
7878
7886
7895
7903
7912
7920
7929
7937
7946
7954
7963
7971
7980
7991
8003
8015
8027
8039
8050
8062
8074
8086
8098
8109
8120
8131
8142
8153
8164
8175
8186
8197
8208
8219
8230
8241
8252
8263
8274
8285
8296
8307
8318
8329
8340
8356
8373
8390
8406
8423
8440
8454
8468
8483
8497
8512
8526
8541
8555
8570
8581
8592
8603
8614
8625
8636
8647
8658
8670
8685
8701
8717
8732
8748
8764
8780
8791
8802
8813
8824
8835
8846
8857
8868
8880
8890
8900
8910
8920
8930
8940
8950
8960
8970
8980
8990
8998
9006
9015
9023
9032
9040
9049
9057
9066
9074
9083
9091
9100
9112
9125
9137
9149
9162
9174
9187
9200
9205
9211
9217
9223
9228
9234
9240
9246
9252
9257
9263
9269
9275
9281
9286
9292
9298
9304
9310
9315
9320
9325
9331
9336
9341
9346
9352
9357
9362
9367
9373
9378
9383
9388
9394
9399
9404
9410
9418
9426
9434
9442
9450
9458
9466
9474
9482
9490
9498
9506
9514
9522
9530
9540
9549
9560
9570
9580
9590
9600
9610
9620
9630
9636
9643
9650
9657
9664
9671
9678
9685
9691
9698
9705
9712
9719
9726
9733
9740
9744
9748
9752
9756
9761
9765
9769
9773
9778
9782
9786
9790
9795
9799
9803
9807
9811
9816
9820
9824
9828
9833
9837
9841
9845
9850
9857
9865
9873
9880
9888
9896
9903
9911
9919
9926
9934
9942
9950
9955
9960
9966
9972
9977
9983
9988
9994
9999
10004
10010
10016
10021
10027
10032
10038
10043
10049
10054
10060
10076
10093
10110
10126
10143
10160
10165
10170
10175
10180
10186
10191
10196
10201
10207
10212
10217
10222
10228
10233
10238
10243
10249
10254
10259
10264
10270
10280
10290
10299
10310
10320
10330
10340
10350
10360
10370
10379
10390
10400
10410
10420
10425
10431
10437
10443
10448
10454
10460
10466
10472
10477
10483
10489
10495
10501
10506
10512
10518
10524
10530
10537
10544
10551
10558
10565
10572
10580
10587
10594
10601
10608
10615
10622
10630
10637
10645
10653
10661
10669
10677
10685
10692
10700
10708
10716
10724
10732
10740
10747
10755
10763
10771
10779
10787
10795
10802
10810
10818
10826
10834
10842
10850
10855
10861
10867
10873
10879
10885
10891
10897
10902
10908
10914
10920
10926
10932
10938
10944
10950
10953
10957
10960
10964
10967
10971
10974
10978
10981
10985
10988
10992
10995
10999
11002
11006
11010
11013
11017
11020
11024
11027
11031
11034
11038
11041
11045
11048
11052
11055
11059
11062
11066
11070
11079
11088
11098
11107
11117
11126
11136
11145
11155
11164
11173
11183
11192
11202
11211
11221
11230
11240
11244
11249
11254
11259
11263
11268
11273
11278
11283
11287
11292
11297
11302
11306
11311
11316
11321
11326
11330
11335
11340
11345
11350
11354
11358
11362
11366
11370
11375
11379
11383
11387
11391
11395
11399
11404
11408
11412
11416
11420
11424
11429
11433
11437
11441
11445
11450
11454
11459
11464
11469
11473
11478
11483
11488
11493
11497
11502
11507
11512
11516
11521
11526
11531
11536
11540
11545
11550
11555
11560
11564
11569
11574
11579
11583
11588
11593
11598
11602
11607
11612
11617
11621
11626
11631
11636
11640
11645
11650
11655
11660
11667
11674
11682
11689
11696
11704
11711
11718
11726
11733
11740
11748
11755
11762
11770
11777
11785
11793
11801
11809
11817
11825
11832
11840
11848
11856
11864
11872
11880
11885
11891
11896
11902
11907
11913
11918
11924
11929
11935
11940
11946
11951
11957
11962
11968
11973
11979
11984
11990
11997
12005
12013
12021
12029
12037
12045
12052
12060
12068
12076
12084
12092
12100
12107
12114
12121
12128
12135
12142
12149
12157
12164
12171
12178
12185
12192
12200
12203
12206
12209
12212
12215
12218
12221
12224
12227
12230
12233
12236
12239
12242
12245
12248
12251
12254
12258
12261
12264
12267
12270
12273
12276
12279
12282
12285
12288
12291
12294
12297
12300
12303
12306
12310
12315
12320
12325
12330
12335
12340
12345
12350
12355
12360
12365
12370
12375
12380
12385
12390
12395
12400
12405
12410
12413
12417
12421
12425
12428
12432
12436
12440
12444
12447
12451
12455
12459
12463
12466
12470
12474
12478
12482
12485
12489
12493
12497
12501
12504
12508
12512
12516
12520
12523
12527
12530
12534
12537
12541
12545
12548
12552
12555
12559
12562
12566
12570
12573
12577
12580
12584
12587
12591
12594
12598
12602
12605
12609
12612
12616
12620
12623
12626
12630
12633
12637
12640
12644
12647
12650
12654
12657
12661
12664
12668
12671
12675
12678
12681
12685
12688
12692
12695
12699
12702
12705
12709
12712
12716
12719
12723
12726
12730
12733
12736
12739
12742
12745
12748
12751
12754
12757
12760
12763
12766
12769
12772
12775
12778
12781
12785
12788
12791
12794
12797
12800
12803
12806
12809
12812
12815
12818
12821
12824
12827
12830
12833
12836
12840
12845
12851
12856
12862
12867
12873
12878
12884
12890
12895
12901
12906
12912
12917
12923
12928
12934
12940
12948
12956
12964
12972
12980
12988
12996
13004
13012
13020
13028
13036
13044
13052
13060
13072
13085
13097
13110
13122
13135
13147
13160
13168
13176
13185
13193
13202
13210
13219
13227
13236
13244
13253
13261
13270
13275
13280
13285
13290
13295
13299
13305
13309
13315
13320
13325
13330
13334
13340
13344
13350
13354
13360
13364
13370
13372
13375
13378
13381
13383
13386
13389
13392
13394
13397
13400
13402
13405
13408
13411
13414
13416
13419
13422
13425
13427
13430
13433
13436
13438
13441
13444
13447
13449
13452
13455
13458
13460
13463
13466
13469
13471
13474
13477
13480
13485
13490
13495
13500
13505
13510
13515
13520
13525
13530
13535
13540
13545
13550
13555
13560
13565
13570
13575
13580
13584
13590
13594
13600
13603
13606
13610
13613
13617
13620
13624
13627
13631
13634
13637
13641
13644
13648
13651
13655
13658
13662
13665
13668
13672
13675
13679
13682
13686
13689
13693
13696
13700
13703
13706
13709
13712
13715
13718
13721
13724
13727
13730
13733
13736
13739
13742
13745
13748
13751
13754
13758
13761
13764
13767
13770
13773
13776
13779
13782
13785
13788
13791
13794
13797
13800
13803
13806
13810
13815
13821
13827
13833
13839
13845
13851
13857
13862
13868
13874
13880
13886
13892
13898
13904
13910
13914
13918
13923
13927
13932
13936
13940
13945
13949
13954
13958
13962
13967
13971
13976
13980
13984
13989
13993
13998
14002
14006
14011
14015
14020
14028
14036
14045
14053
14061
14070
14078
14086
14094
14103
14111
14120
14127
14135
14142
14149
14157
14165
14172
14180
14187
14195
14202
14210
14217
14225
14232
14240
14252
14264
14276
14288
14300
14312
14324
14336
14347
14360
14368
14376
14385
14393
14402
14410
14419
14427
14436
14444
14453
14461
14470
14476
14482
14489
14495
14502
14508
14515
14521
14528
14534
14541
14547
14554
14560
14567
14573
14580
14586
14592
14598
14605
14611
14617
14623
14629
14636
14642
14648
14655
14661
14667
14673
14680
14685
14690
14695
14700
14705
14709
14715
14719
14725
14729
14735
14740
14745
14750
14754
14760
14764
14770
14774
14780
14784
14790
14792
14795
14798
14801
14804
14807
14809
14812
14815
14818
14821
14824
14827
14830
14832
14835
14838
14841
14844
14847
14850
14852
14855
14858
14861
14864
14867
14870
14872
14875
14878
14881
14884
14887
14890
14893
14897
14900
14904
14907
14911
14914
14918
14921
14925
14929
14932
14936
14939
14943
14946
14950
14953
14957
14960
14964
14968
14971
14975
14978
14982
14985
14989
14992
14996
15000
15010
15021
15031
15042
15052
15063
15073
15084
15094
15105
15115
15126
15136
15147
15157
15168
15178
15189
15199
15210
15215
15220
15225
15230
15236
15241
15246
15251
15257
15262
15267
15272
15278
15283
15288
15293
15299
15304
15309
15314
15320
15326
15332
15338
15345
15351
15357
15363
15370
15376
15382
15388
15395
15401
15407
15413
15420
15425
15431
15436
15442
15447
15453
15458
15464
15469
15475
15480
15485
15491
15497
15502
15508
15513
15519
15524
15530
15533
15536
15540
15543
15547
15550
15554
15557
15561
15564
15567
15571
15574
15578
15581
15585
15588
15592
15595
15598
15602
15605
15609
15612
15616
15619
15623
15626
15630
15633
15637
15641
15645
15648
15652
15656
15660
15664
15667
15671
15675
15679
15683
15686
15690
15694
15698
15702
15705
15709
15713
15717
15721
15724
15728
15732
15736
15740
15748
15757
15765
15774
15783
15791
15800
15809
15817
15826
15835
15843
15852
15860
15869
15878
15886
15895
15904
15912
15921
15930
15933
15936
15939
15942
15945
15948
15951
15954
15957
15960
15963
15966
15969
15972
15975
15978
15981
15985
15988
15991
15994
15997
16000
16003
16006
16009
16012
16015
16018
16021
16024
16027
16030
16033
16036
16040
16043
16046
16049
16052
16056
16059
16062
16065
16069
16072
16075
16078
16081
16085
16088
16091
16094
16098
16101
16104
16107
16110
16114
16117
16120
16123
16127
16130
16133
16136
16140
16143
16147
16150
16154
16157
16161
16164
16168
16171
16175
16178
16182
16185
16189
16192
16196
16200
16203
16207
16210
16214
16217
16221
16224
16228
16231
16235
16238
16242
16245
16249
16252
16256
16260
16263
16267
16271
16275
16279
16283
16286
16290
16294
16298
16302
16306
16310
16313
16317
16321
16325
16329
16333
16336
16340
16344
16348
16352
16356
16360
16368
16377
16385
16394
16402
16411
16420
16428
16437
16445
16454
16462
16471
16480
16486
16492
16499
16505
16512
16518
16525
16531
16538
16544
16551
16557
16564
16570
16577
16583
16590
16595
16601
16607
16613
16619
16625
16631
16637
16642
16648
16654
16660
16666
16672
16678
16684
16690
16693
16696
16700
16703
16707
16710
16714
16717
16720
16724
16727
16731
16734
16738
16741
16745
16748
16751
16755
16758
16762
16765
16769
16772
16775
16779
16782
16786
16789
16793
16796
16800
16803
16807
16811
16814
16818
16822
16825
16829
16833
16837
16840
16844
16848
16851
16855
16859
16862
16866
16870
16874
16877
16881
16885
16888
16892
16896
16900
16903
16907
16911
16915
16918
16922
16926
16930
16934
16937
16941
16945
16949
16953
16956
16960
16964
16968
16972
16975
16979
16983
16987
16991
16994
16998
17002
17006
17010
17013
17017
17020
17024
17027
17031
17035
17038
17042
17045
17049
17052
17056
17060
17063
17067
17070
17074
17077
17081
17085
17088
17092
17095
17099
17102
17106
17110
17114
17118
17122
17126
17131
17135
17139
17143
17148
17152
17156
17160
17165
17169
17173
17177
17181
17186
17190
17194
17198
17203
17207
17211
17215
17220
17224
17229
17233
17238
17242
17247
17252
17256
17261
17265
17270
17275
17279
17284
17288
17293
17297
17302
17307
17311
17316
17320
17325
17330
17333
17337
17341
17344
17348
17352
17355
17359
17363
17367
17370
17374
17378
17381
17385
17389
17392
17396
17400
17404
17407
17411
17415
17418
17422
17426
17430
17435
17441
17446
17452
17457
17463
17468
17474
17479
17485
17490
17496
17501
17506
17512
17518
17523
17529
17534
17540
17550
17560
17570
17580
17590
17600
17610
17620
17630
17640
17647
17655
17663
17671
17679
17687
17695
17702
17710
17718
17726
17734
17742
17750
17758
17766
17774
17782
17791
17799
17807
17815
17824
17832
17840
17848
17857
17865
17873
17881
17890
17893
17896
17899
17902
17905
17908
17911
17914
17917
17920
17923
17926
17929
17932
17935
17938
17941
17945
17948
17951
17954
17957
17960
17963
17966
17969
17972
17975
17978
17981
17984
17987
17990
17993
17996
18000
18003
18007
18011
18014
18018
18022
18026
18029
18033
18037
18040
18044
18048
18052
18055
18059
18063
18066
18070
18074
18078
18081
18085
18089
18092
18096
18100
18104
18107
18111
18115
18118
18122
18126
18130
18133
18136
18139
18142
18145
18148
18151
18154
18157
18160
18163
18166
18169
18172
18175
18178
18181
18185
18188
18191
18194
18197
18200
18203
18206
18209
18212
18215
18218
18221
18224
18227
18230
18233
18236
18240
18243
18246
18250
18253
18256
18259
18263
18266
18270
18273
18276
18279
18283
18286
18290
18293
18296
18299
18303
18306
18310
18313
18316
18320
18323
18326
18330
18333
18336
18340
18343
18346
18349
18353
18356
18360
18363
18367
18371
18374
18378
18381
18385
18389
18393
18396
18400
18404
18407
18411
18415
18418
18422
18426
18429
18433
18436
18440
18444
18448
18451
18455
18459
18462
18466
18470
18473
18476
18480
18483
18487
18490
18494
18497
18500
18504
18507
18511
18514
18518
18521
18525
18528
18531
18535
18538
18542
18545
18549
18552
18555
18559
18562
18566
18569
18573
18576
18580
18587
18594
18601
18608
18615
18622
18630
18637
18644
18651
18658
18665
18672
18680
18693
18707
18721
18735
18748
18762
18776
18790
18797
18804
18811
18818
18825
18832
18840
18847
18854
18861
18868
18875
18882
18890
18895
18901
18907
18913
18918
18924
18930
18936
18942
18947
18953
18959
18965
18971
18976
18982
18988
18994
19000
19003
19007
19010
19014
19017
19021
19024
19028
19031
19035
19039
19042
19046
19049
19053
19056
19060
19063
19067
19070
19074
19078
19081
19085
19088
19092
19095
19099
19102
19106
19110
19112
19115
19118
19121
19124
19127
19130
19133
19136
19139
19142
19145
19148
19151
19154
19157
19160
19163
19166
19169
19172
19175
19178
19181
19184
19187
19190
19193
19196
19199
19202
19205
19208
19211
19214
19217
19220
19223
19227
19230
19234
19238
19241
19245
19249
19252
19256
19259
19263
19267
19270
19274
19278
19281
19285
19289
19292
19296
19300
19303
19307
19310
19314
19318
19321
19325
19329
19332
19336
19340
19342
19345
19347
19350
19352
19355
19357
19360
19362
19365
19367
19370
19372
19375
19377
19380
19382
19385
19387
19390
19392
19395
19397
19400
19402
19405
19407
19410
19412
19415
19417
19420
19422
19425
19427
19430
19432
19435
19437
19440
19447
19455
19462
19470
19477
19485
19493
19500
19508
19515
19523
19530
19538
19546
19553
19561
19568
19576
19583
19591
19599
19606
19614
19621
19629
19636
19644
19652
19659
19667
19674
19682
19690
19693
19696
19700
19703
19706
19710
19713
19716
19720
19723
19726
19730
19733
19736
19740
19743
19746
19750
19753
19756
19760
19763
19766
19770
19773
19776
19780
19783
19786
19790
19793
19796
19800
19807
19814
19822
19829
19836
19844
19851
19858
19866
19873
19880
19888
19895
19902
19910
19914
19918
19922
19926
19931
19935
19939
19943
19948
19952
19956
19960
19965
19969
19973
19977
19981
19986
19990
19994
19998
20003
20007
20011
20015
20020
20023
20026
20029
20032
20035
20038
20041
20045
20048
20051
20054
20057
20060
20063
20066
20070
20073
20076
20079
20082
20085
20088
20091
20095
20098
20101
20104
20107
20110
20113
20116
20120
20123
20127
20131
20135
20139
20143
20147
20151
20155
20159
20163
20167
20171
20175
20178
20182
20186
20190
20194
20198
20202
20206
20210
20214
20218
20222
20226
20230
20246
20263
20280
20297
20314
20331
20347
20364
20381
20398
20415
20432
20448
20465
20482
20499
20516
20533
20550
20554
20558
20562
20566
20570
20575
20579
20583
20587
20591
20595
20600
20604
20608
20612
20616
20620
20625
20629
20633
20637
20641
20645
20650
20653
20657
20661
20665
20669
20673
20677
20681
20685
20689
20693
20697
20701
20705
20708
20712
20716
20720
20724
20728
20732
20736
20740
20744
20748
20752
20756
20760
20764
20768
20772
20776
20780
20784
20788
20792
20796
20800
20804
20808
20812
20816
20820
20824
20828
20832
20836
20840
20844
20848
20852
20855
20860
20864
20868
20872
20876
20880
20884
20888
20892
20896
20900
20904
20908
20912
20917
20921
20925
20929
20933
20937
20941
20945
20949
20953
20957
20961
20965
20970
20976
20982
20989
20995
21002
21008
21015
21021
21028
21034
21041
21047
21054
21060
21067
21073
21080
21084
21088
21093
21097
21101
21106
21110
21114
21119
21123
21127
21132
21136
21140
21145
21149
21153
21158
21162
21166
21171
21175
21180
21186
21192
21198
21204
21210
21216
21222
21228
21235
21241
21247
21253
21259
21265
21271
21277
21283
21290
21294
21298
21303
21307
21311
21316
21320
21324
21329
21333
21337
21342
21346
21350
21355
21359
21363
21368
21372
21376
21381
21385
21390
21397
21404
21411
21419
21426
21433
21441
21448
21455
21463
21470
21477
21485
21492
21499
21506
21514
21521
21528
21536
21543
21550
21558
21565
21572
21580
21586
21593
21599
21606
21613
21619
21626
21633
21640
21646
21653
21660
21666
21673
21680
21685
21691
21696
21702
21707
21713
21718
21724
21729
21735
21740
21746
21751
21756
21762
21768
21773
21779
21784
21790
21794
21799
21804
21809
21813
21818
21823
21828
21832
21837
21842
21847
21851
21856
21861
21866
21870
21875
21880
21885
21890
21894
21898
21902
21906
21910
21914
21918
21922
21926
21930
21934
21938
21942
21947
21951
21955
21959
21963
21967
21971
21975
21979
21983
21987
21991
21995
22000
22005
22010
22016
22021
22027
22032
22038
22043
22049
22054
22060
22065
22070
22076
22081
22087
22092
22098
22103
22109
22114
22120
22132
22144
22156
22168
22181
22193
22205
22217
22230
22238
22246
22255
22263
22272
22280
22289
22297
22306
22314
22323
22331
22340
22346
22352
22358
22365
22371
22377
22383
22390
22396
22402
22408
22415
22421
22427
22433
22440
22444
22448
22452
22456
22460
22464
22468
22473
22477
22481
22485
22489
22493
22497
22502
22506
22510
22514
22518
22522
22526
22531
22535
22539
22543
22547
22551
22555
22560
22563
22566
22569
22572
22576
22579
22582
22585
22589
22592
22595
22598
22601
22605
22608
22611
22614
22618
22621
22624
22627
22630
22634
22637
22640
22643
22647
22650
22653
22656
22660
22663
22667
22671
22675
22679
22683
22687
22691
22695
22699
22703
22707
22711
22715
22718
22722
22726
22730
22734
22738
22742
22746
22750
22754
22758
22762
22766
22770
22774
22779
22784
22789
22793
22798
22803
22808
22812
22817
22822
22827
22831
22836
22841
22846
22850
22855
22860
22865
22870
22874
22879
22883
22888
22892
22897
22902
22906
22911
22915
22920
22925
22929
22934
22938
22943
22947
22952
22957
22961
22966
22970
22975
22980
22986
22993
23000
23006
23013
23020
23026
23033
23040
23046
23053
23060
23066
23073
23080
23086
23093
23100
23106
23113
23120
23126
23133
23140
23142
23145
23148
23151
23154
23156
23159
23162
23165
23168
23171
23173
23176
23179
23182
23185
23187
23190
23193
23196
23199
23202
23204
23207
23210
23213
23216
23218
23221
23224
23227
23230
23233
23235
23238
23241
23244
23247
23250
23255
23260
23265
23270
23275
23280
23285
23290
23294
23300
23305
23310
23315
23320
23325
23330
23335
23340
23345
23349
23355
23360
23363
23367
23371
23375
23379
23383
23387
23391
23395
23399
23403
23407
23411
23415
23418
23422
23426
23430
23434
23438
23442
23446
23450
23454
23458
23462
23466
23470
23472
23475
23478
23481
23484
23487
23490
23493
23496
23498
23501
23504
23507
23510
23513
23516
23519
23522
23525
23527
23530
23533
23536
23539
23542
23545
23548
23551
23553
23556
23559
23562
23565
23568
23571
23574
23577
23580
23583
23587
23591
23594
23598
23602
23605
23609
23613
23617
23620
23624
23628
23631
23635
23639
23642
23646
23650
23654
23657
23661
23665
23668
23672
23676
23680
23682
23684
23687
23689
23691
23694
23696
23699
23701
23703
23706
23708
23711
23713
23715
23718
23720
23723
23725
23727
23730
23732
23735
23737
23739
23742
23744
23746
23749
23751
23754
23756
23758
23761
23763
23766
23768
23770
23773
23775
23778
23780
23782
23785
23787
23790
23796
23803
23810
23816
23823
23830
23836
23843
23850
23856
23863
23870
23876
23883
23890
23894
23899
23904
23909
23913
23918
23923
23928
23933
23937
23942
23947
23952
23956
23961
23966
23971
23976
23980
23985
23990
23995
24000
24008
24016
24024
24033
24041
24049
24057
24066
24074
24082
24091
24099
24107
24115
24124
24132
24140
24148
24157
24165
24173
24182
24190
24198
24206
24215
24223
24231
24240
24242
24245
24248
24251
24254
24256
24259
24262
24265
24268
24271
24273
24276
24279
24282
24285
24287
24290
24293
24296
24299
24302
24304
24307
24310
24313
24316
24318
24321
24324
24327
24330
24333
24335
24338
24341
24344
24347
24350
24354
24358
24362
24366
24370
24375
24379
24383
24387
24391
24395
24400
24404
24408
24412
24416
24420
24425
24429
24433
24437
24441
24445
24450
24457
24464
24471
24479
24486
24494
24501
24508
24516
24523
24530
24538
24545
24552
24560
24566
24572
24578
24584
24590
24596
24602
24608
24615
24621
24627
24633
24639
24645
24651
24657
24663
24670
24672
24675
24678
24681
24684
24686
24689
24692
24695
24698
24701
24703
24706
24709
24712
24715
24717
24720
24723
24726
24729
24732
24734
24737
24740
24743
24746
24748
24751
24754
24757
24760
24763
24765
24768
24771
24774
24777
24780
24784
24789
24793
24798
24802
24807
24811
24816
24820
24825
24830
24834
24839
24843
24848
24852
24857
24861
24866
24870
24875
24880
24883
24886
24889
24892
24895
24898
24901
24904
24907
24910
24913
24916
24919
24922
24925
24928
24931
24935
24938
24941
24944
24947
24950
24953
24956
24959
24962
24965
24968
24971
24974
24977
24980
24983
24986
24990
24993
24996
25000
25003
25007
25010
25014
25017
25020
25024
25027
25031
25034
25038
25041
25045
25048
25051
25055
25058
25062
25065
25069
25072
25075
25079
25082
25086
25089
25093
25096
25100
25130
25160
25189
25220
25225
25230
25235
25240
25246
25251
25256
25261
25267
25272
25277
25282
25288
25293
25298
25303
25309
25314
25319
25324
25330
25336
25342
25348
25354
25361
25367
25373
25380
25386
25392
25398
25405
25411
25417
25423
25430
25435
25441
25446
25452
25457
25463
25468
25474
25479
25485
25490
25496
25501
25506
25512
25518
25523
25529
25534
25540
25547
25554
25561
25568
25575
25582
25590
25597
25604
25611
25618
25625
25632
25640
25650
25660
25670
25680
25690
25700
25710
25720
25730
25740
25750
25755
25760
25765
25770
25775
25780
25785
25790
25794
25800
25805
25810
25815
25820
25825
25830
25835
25840
25845
25849
25855
25860
25864
25868
25873
25877
25881
25886
25890
25895
25899
25904
25908
25912
25917
25921
25926
25930
25934
25939
25943
25948
25952
25956
25961
25965
25970
25974
25978
25982
25986
25991
25995
25999
26003
26008
26012
26016
26020
26025
26029
26033
26037
26041
26046
26050
26054
26058
26063
26067
26071
26075
26080
26083
26086
26090
26093
26097
26100
26104
26107
26111
26114
26117
26121
26124
26128
26131
26135
26138
26142
26145
26148
26152
26155
26159
26162
26166
26169
26173
26176
26180
26184
26188
26192
26196
26200
26204
26208
26212
26216
26220
26224
26228
26232
26237
26241
26245
26249
26253
26257
26261
26265
26269
26273
26277
26281
26285
26290
26294
26298
26302
26306
26310
26314
26319
26323
26327
26331
26335
26340
26344
26348
26352
26356
26360
26365
26369
26373
26377
26381
26385
26390
26396
26402
26408
26414
26420
26426
26432
26438
26445
26451
26457
26463
26469
26475
26481
26487
26493
26500
26506
26512
26519
26525
26532
26538
26545
26551
26558
26564
26571
26577
26584
26590
26597
26603
26610
26615
26620
26626
26631
26637
26642
26648
26653
26659
26664
26670
26675
26680
26686
26691
26697
26702
26708
26713
26719
26724
26730
26736
26743
26750
26757
26764
26771
26778
26785
26791
26798
26805
26812
26819
26826
26833
26840
26845
26851
26857
26863
26869
26875
26881
26887
26892
26898
26904
26910
26916
26922
26928
26934
26940
26945
26950
26955
26960
26966
26971
26976
26981
26986
26992
26997
27002
27007
27013
27018
27023
27028
27033
27039
27044
27049
27054
27060
27063
27066
27069
27072
27075
27078
27081
27085
27088
27091
27094
27097
27100
27103
27106
27110
27113
27116
27119
27122
27125
27128
27131
27134
27138
27141
27144
27147
27150
27153
27156
27160
27181
27203
27225
27246
27268
27290
27292
27295
27298
27301
27304
27307
27310
27312
27315
27318
27321
27324
27327
27330
27332
27335
27338
27341
27344
27347
27350
27352
27355
27358
27361
27364
27367
27370
27372
27375
27378
27381
27384
27387
27390
27392
27395
27397
27400
27402
27405
27407
27410
27413
27415
27418
27420
27423
27425
27428
27430
27433
27436
27438
27441
27443
27446
27448
27451
27453
27456
27459
27461
27464
27466
27469
27471
27474
27476
27479
27482
27484
27487
27489
27492
27494
27497
27500
27508
27516
27524
27532
27540
27548
27556
27564
27572
27580
27588
27596
27604
27612
27620
27625
27630
27635
27640
27646
27651
27656
27661
27667
27672
27677
27682
27688
27693
27698
27703
27709
27714
27719
27724
27730
27736
27742
27748
27755
27761
27767
27774
27780
27786
27793
27799
27805
27812
27818
27824
27831
27837
27843
27850
27856
27862
27869
27875
27882
27888
27895
27901
27908
27914
27921
27927
27934
27940
27947
27953
27960
27965
27970
27975
27980
27985
27990
27995
28000
28005
28010
28015
28020
28025
28030
28035
28040
28045
28050
28055
28060
28065
28070
28074
28079
28084
28089
28093
28098
28103
28108
28112
28117
28122
28127
28131
28136
28141
28146
28150
28155
28160
28165
28170
28173
28176
28179
28182
28185
28188
28192
28195
28198
28201
28204
28207
28210
28214
28217
28220
28223
28226
28229
28232
28236
28239
28242
28245
28248
28251
28254
28258
28261
28264
28267
28270
28273
28276
28280
28284
28288
28292
28296
28300
28305
28309
28313
28317
28321
28325
28330
28334
28338
28342
28346
28350
28355
28359
28363
28367
28371
28375
28380
28383
28386
28389
28392
28395
28398
28401
28405
28408
28411
28414
28417
28420
28424
28427
28430
28433
28436
28439
28442
28445
28449
28452
28455
28458
28461
28464
28468
28471
28474
28477
28480
28483
28486
28490
28493
28496
28500
28503
28507
28510
28513
28517
28520
28524
28527
28531
28534
28537
28541
28544
28548
28551
28555
28558
28561
28565
28568
28572
28575
28578
28582
28585
28589
28592
28596
28599
28602
28606
28609
28613
28616
28620
28624
28629
28634
28639
28643
28648
28653
28658
28663
28667
28672
28677
28682
28686
28691
28696
28701
28706
28710
28715
28720
28725
28730
28736
28742
28748
28754
28760
28766
28772
28778
28785
28791
28797
28803
28809
28815
28821
28827
28833
28840
28845
28851
28857
28863
28869
28875
28881
28887
28892
28898
28904
28910
28916
28922
28928
28934
28940
28947
28954
28962
28969
28976
28984
28991
28998
29006
29013
29020
29028
29035
29042
29050
29058
29066
29075
29083
29091
29100
29108
29116
29125
29133
29141
29150
29157
29165
29173
29181
29189
29197
29205
29212
29220
29228
29236
29244
29252
29260
29264
29269
29273
29278
29282
29287
29291
29296
29300
29305
29310
29314
29319
29323
29328
29332
29337
29341
29346
29350
29355
29360
29362
29365
29368
29371
29374
29377
29380
29383
29386
29389
29392
29395
29398
29401
29404
29407
29410
29413
29416
29419
29422
29425
29428
29431
29434
29437
29440
29443
29446
29449
29452
29455
29458
29461
29464
29467
29470
29477
29484
29491
29498
29505
29513
29520
29527
29534
29541
29549
29556
29563
29570
29577
29585
29592
29599
29606
29613
29620
29628
29635
29642
29649
29656
29664
29671
29678
29685
29692
29700
29702
29705
29708
29711
29714
29717
29720
29722
29725
29728
29731
29734
29737
29740
29742
29745
29748
29751
29754
29757
29759
29762
29765
29768
29771
29774
29777
29780
29782
29785
29788
29791
29794
29797
29800
29802
29805
29808
29811
29814
29817
29820
29825
29831
29836
29842
29847
29853
29858
29864
29870
29875
29881
29886
29892
29897
29903
29908
29914
29920
