2
4
6
9
11
13
16
18
20
22
25
27
29
32
34
36
38
41
43
45
48
50
52
55
57
59
61
64
66
68
71
73
75
77
80
82
84
87
89
91
93
96
98
100
103
105
107
110
111
113
115
116
118
120
121
123
125
126
128
130
131
133
135
136
138
140
141
143
145
146
148
150
151
153
155
156
158
160
161
163
164
166
168
169
171
173
175
176
178
180
181
183
185
186
188
190
191
193
195
196
198
200
201
203
205
206
208
210
211
213
214
216
217
219
220
222
223
225
227
228
230
231
233
234
236
237
239
240
242
244
245
247
248
250
251
253
254
256
258
259
261
262
264
265
267
268
270
271
273
275
276
278
279
281
282
284
285
287
289
290
292
293
295
296
298
299
301
302
304
306
307
309
310
312
313
315
316
318
320
321
323
324
326
327
329
330
332
333
335
336
338
339
341
342
344
345
347
348
350
351
353
354
356
357
359
360
362
363
365
366
368
370
371
373
374
376
377
379
380
382
383
385
386
388
389
391
392
394
395
397
398
400
401
403
404
406
407
409
410
412
413
415
416
418
420
421
423
425
426
428
430
431
433
435
436
438
440
441
443
445
446
448
450
451
453
455
456
458
460
461
463
464
466
468
470
471
473
475
476
478
480
481
483
485
486
488
490
491
493
495
496
498
500
501
503
505
506
508
510
511
513
515
516
518
520
521
523
525
526
528
530
531
533
534
536
537
539
540
542
544
545
547
548
550
551
553
555
556
558
559
561
562
564
565
567
569
570
572
573
575
576
578
580
581
583
584
586
587
589
590
592
594
595
597
598
600
601
603
605
606
608
609
611
612
614
615
617
619
620
622
623
625
626
628
630
631
633
634
636
638
639
641
643
644
646
648
649
651
652
654
656
657
659
661
662
664
666
667
669
671
672
674
675
677
679
680
682
684
685
687
689
690
692
694
695
697
698
700
702
703
705
707
708
710
712
713
715
717
718
720
721
723
725
726
728
730
731
733
735
736
738
740
741
743
745
746
748
750
752
753
755
757
758
760
762
764
765
767
769
770
772
774
776
777
779
781
782
784
786
788
789
791
793
794
796
798
800
801
803
805
807
808
810
812
813
815
817
819
820
822
824
825
827
829
831
832
834
836
837
839
841
843
844
846
848
850
852
854
856
858
860
862
864
866
868
870
872
874
876
878
880
882
884
886
888
890
892
894
896
897
899
901
903
905
907
909
911
913
915
917
919
921
923
925
927
929
931
933
936
938
940
942
944
946
948
950
952
954
956
958
960
961
963
965
967
969
971
972
974
976
978
980
982
983
985
987
989
991
993
994
996
998
1000
1002
1004
1005
1007
1009
1011
1013
1015
1016
1018
1020
1022
1024
1026
1027
1029
1031
1033
1035
1037
1038
1040
1042
1044
1046
1048
1049
1051
1053
1055
1057
1059
1060
1062
1064
1066
1068
1070
1071
1073
1075
1077
1078
1080
1082
1084
1085
1087
1089
1091
1092
1094
1096
1098
1099
1101
1103
1105
1106
1108
1110
1112
1113
1115
1117
1119
1120
1122
1124
1126
1127
1129
1131
1133
1134
1136
1138
1140
1141
1143
1145
1147
1148
1150
1152
1154
1155
1157
1159
1161
1162
1164
1166
1168
1170
1171
1173
1175
1177
1179
1180
1182
1184
1186
1188
1189
1191
1193
1195
1197
1198
1200
1202
1204
1206
1207
1209
1211
1213
1215
1216
1218
1220
1222
1224
1225
1227
1229
1231
1233
1234
1236
1238
1240
1242
1243
1245
1247
1249
1251
1252
1254
1256
1258
1260
1261
1263
1265
1267
1269
1270
1272
1274
1276
1278
1280
1281
1283
1285
1286
1288
1290
1291
1293
1295
1296
1298
1300
1302
1303
1305
1307
1308
1310
1312
1313
1315
1317
1318
1320
1322
1324
1325
1327
1329
1330
1332
1334
1335
1337
1339
1341
1342
1344
1346
1347
1349
1351
1352
1354
1356
1357
1359
1361
1363
1364
1366
1368
1369
1371
1373
1374
1376
1378
1380
1381
1382
1384
1385
1387
1388
1390
1391
1393
1394
1396
1397
1399
1400
1402
1403
1404
1406
1407
1409
1410
1412
1413
1415
1416
1418
1419
1421
1422
1424
1425
1426
1428
1429
1431
1432
1434
1435
1437
1438
1440
1441
1443
1444
1446
1447
1448
1450
1451
1453
1454
1456
1457
1459
1460
1462
1463
1465
1466
1468
1469
1470
1472
1473
1475
1476
1478
1479
1481
1482
1484
1485
1487
1488
1490
1491
1493
1495
1496
1498
1500
1502
1503
1505
1507
1509
1510
1512
1514
1516
1517
1519
1521
1523
1524
1526
1528
1530
1531
1533
1535
1537
1538
1540
1542
1544
1545
1547
1549
1551
1552
1554
1556
1558
1559
1561
1563
1565
1566
1568
1570
1572
1573
1575
1577
1579
1580
1582
1584
1586
1587
1589
1591
1593
1594
1596
1598
1600
1601
1603
1605
1606
1608
1610
1612
1613
1615
1617
1618
1620
1622
1624
1625
1627
1629
1630
1632
1634
1636
1637
1639
1641
1642
1644
1646
1648
1649
1651
1653
1655
1656
1658
1660
1661
1663
1665
1667
1668
1670
1672
1673
1675
1677
1679
1680
1682
1684
1685
1687
1689
1691
1692
1694
1696
1697
1699
1701
1703
1704
1706
1708
1710
1711
1713
1714
1716
1718
1719
1721
1723
1724
1726
1728
1729
1731
1732
1734
1736
1737
1739
1741
1742
1744
1746
1747
1749
1751
1752
1754
1755
1757
1759
1760
1762
1764
1765
1767
1769
1770
1772
1774
1775
1777
1778
1780
1782
1783
1785
1787
1788
1790
1792
1793
1795
1797
1798
1800
1801
1803
1805
1806
1808
1810
1811
1813
1815
1816
1818
1820
1821
1822
1824
1825
1827
1828
1830
1831
1832
1834
1835
1837
1838
1840
1841
1842
1844
1845
1847
1848
1850
1851
1852
1854
1855
1857
1858
1860
1861
1862
1864
1865
1867
1868
1870
1871
1872
1874
1875
1877
1878
1880
1881
1882
1884
1885
1887
1888
1890
1891
1892
1894
1895
1897
1898
1900
1901
1902
1904
1905
1907
1908
1910
1911
1912
1914
1915
1917
1918
1920
1921
1923
1924
1926
1927
1929
1930
1932
1933
1935
1936
1938
1939
1941
1942
1944
1945
1947
1949
1950
1952
1953
1955
1956
1958
1959
1961
1962
1964
1965
1967
1968
1970
1971
1973
1974
1976
1978
1979
1981
1982
1984
1985
1987
1988
1990
1991
1993
1994
1996
1997
1999
2000
2002
2004
2005
2007
2008
2010
2011
2013
2014
2016
2017
2019
2020
2022
2023
2025
2026
2028
2029
2031
2033
2035
2036
2038
2040
2041
2043
2045
2046
2048
2050
2052
2053
2055
2057
2058
2060
2062
2063
2065
2067
2068
2070
2072
2074
2075
2077
2079
2080
2082
2084
2085
2087
2089
2091
2092
2094
2096
2097
2099
2101
2102
2104
2106
2107
2109
2111
2113
2114
2116
2118
2119
2121
2123
2124
2126
2128
2130
2131
2132
2134
2135
2137
2138
2139
2141
2142
2144
2145
2146
2148
2149
2151
2152
2153
2155
2156
2158
2159
2161
2162
2163
2165
2166
2168
2169
2170
2172
2173
2175
2176
2177
2179
2180
2182
2183
2185
2186
2187
2189
2190
2192
2193
2194
2196
2197
2199
2200
2201
2203
2204
2206
2207
2208
2210
2211
2213
2214
2216
2217
2218
2220
2221
2223
2224
2225
2227
2228
2230
2231
2232
2234
2235
2237
2238
2240
2241
2242
2244
2245
2247
2248
2250
2251
2253
2254
2255
2257
2258
2260
2261
2263
2264
2266
2267
2268
2270
2271
2273
2274
2276
2277
2279
2280
2281
2283
2284
2286
2287
2289
2290
2292
2293
2295
2296
2297
2299
2300
2302
2303
2305
2306
2308
2309
2310
2312
2313
2315
2316
2318
2319
2321
2322
2323
2325
2326
2328
2329
2331
2332
2334
2335
2336
2338
2339
2341
2342
2344
2345
2347
2348
2350
2351
2352
2354
2355
2357
2358
2360
2361
2362
2364
2365
2367
2368
2370
2371
2372
2374
2375
2377
2378
2380
2381
2382
2384
2385
2387
2388
2390
2391
2392
2394
2395
2397
2398
2400
2401
2402
2404
2405
2407
2408
2410
2411
2412
2414
2415
2417
2418
2420
2421
2422
2424
2425
2427
2428
2430
2431
2432
2434
2435
2437
2438
2440
2441
2442
2444
2445
2447
2448
2450
2451
2453
2454
2456
2458
2459
2461
2462
2464
2466
2467
2469
2471
2472
2474
2475
2477
2479
2480
2482
2483
2485
2487
2488
2490
2492
2493
2495
2496
2498
2500
2501
2503
2505
2506
2508
2509
2511
2513
2514
2516
2517
2519
2521
2522
2524
2526
2527
2529
2530
2532
2534
2535
2537
2538
2540
2542
2543
2545
2547
2548
2550
2551
2553
2555
2556
2558
2560
2562
2564
2566
2568
2570
2572
2574
2576
2578
2580
2582
2584
2586
2588
2590
2592
2594
2596
2598
2600
2602
2604
2606
2608
2610
2612
2614
2616
2618
2620
2622
2624
2626
2628
2630
2632
2634
2636
2638
2640
2642
2644
2646
2648
2650
2652
2654
2656
2658
2660
2661
2663
2665
2666
2668
2670
2672
2673
2675
2677
2678
2680
2682
2684
2685
2687
2689
2690
2692
2694
2696
2697
2699
2701
2702
2704
2706
2708
2709
2711
2713
2715
2716
2718
2720
2721
2723
2725
2727
2728
2730
2732
2733
2735
2737
2739
2740
2742
2744
2745
2747
2749
2751
2752
2754
2756
2757
2759
2761
2763
2764
2766
2768
2770
2771
2773
2775
2776
2778
2780
2782
2783
2785
2787
2789
2790
2792
2794
2796
2797
2799
2801
2803
2804
2806
2808
2810
2811
2813
2815
2817
2818
2820
2822
2824
2825
2827
2829
2831
2832
2834
2836
2838
2839
2841
2843
2845
2846
2848
2850
2852
2853
2855
2857
2859
2860
2862
2864
2866
2867
2869
2871
2873
2874
2876
2878
2880
2881
2883
2884
2886
2888
2889
2891
2892
2894
2896
2897
2899
2900
2902
2904
2905
2907
2908
2910
2912
2913
2915
2916
2918
2920
2921
2923
2924
2926
2928
2929
2931
2932
2934
2936
2937
2939
2940
2942
2944
2945
2947
2948
2950
2952
2953
2955
2956
2958
2960
2961
2963
2964
2966
2968
2969
2971
2972
2974
2976
2977
2979
2980
2982
2984
2985
2987
2988
2990
2992
2993
2995
2996
2998
3000
3001
3003
3005
3006
3008
3010
3011
3013
3015
3016
3018
3020
3022
3023
3025
3027
3028
3030
3032
3033
3035
3037
3038
3040
3042
3044
3045
3047
3049
3050
3052
3054
3055
3057
3059
3060
3062
3064
3066
3067
3069
3071
3072
3074
3076
3077
3079
3081
3082
3084
3086
3088
3089
3091
3093
3094
3096
3098
3099
3101
3103
3104
3106
3108
3110
3111
3113
3114
3116
3117
3119
3120
3122
3123
3125
3126
3128
3130
3131
3133
3134
3136
3137
3139
3140
3142
3143
3145
3146
3148
3150
3151
3153
3154
3156
3157
3159
3160
3162
3163
3165
3166
3168
3170
3171
3173
3174
3176
3177
3179
3180
3182
3183
3185
3186
3188
3190
3191
3193
3194
3196
3197
3199
3200
3202
3203
3205
3206
3208
3210
3211
3213
3215
3216
3218
3220
3222
3223
3225
3227
3229
3230
3232
3234
3236
3237
3239
3241
3243
3244
3246
3248
3250
3251
3253
3255
3257
3258
3260
3262
3264
3265
3267
3269
3271
3272
3274
3276
3278
3279
3281
3283
3285
3286
3288
3290
3292
3293
3295
3297
3299
3300
3302
3304
3306
3307
3309
3311
3313
3314
3316
3318
3320
3321
3322
3324
3325
3327
3328
3330
3331
3333
3334
3336
3337
3339
3340
3342
3343
3344
3346
3347
3349
3350
3352
3353
3355
3356
3358
3359
3361
3362
3364
3365
3367
3368
3370
3371
3372
3374
3375
3377
3378
3380
3381
3383
3384
3386
3387
3389
3390
3392
3393
3395
3396
3397
3399
3400
3402
3403
3405
3406
3408
3409
3411
3412
3414
3415
3417
3418
3420
3421
3423
3425
3426
3428
3429
3431
3433
3435
3436
3438
3440
3441
3443
3445
3446
3448
3449
3451
3453
3455
3456
3458
3460
3461
3463
3465
3466
3468
3469
3471
3473
3474
3476
3478
3480
3481
3483
3485
3486
3488
3489
3491
3493
3494
3496
3498
3500
3501
3503
3505
3506
3508
3510
3511
3513
3514
3516
3518
3520
3521
3523
3525
3526
3528
3530
3531
3533
3534
3536
3537
3539
3541
3542
3544
3545
3547
3549
3550
3552
3553
3555
3556
3558
3560
3561
3563
3564
3566
3568
3569
3571
3572
3574
3576
3577
3579
3580
3582
3583
3585
3587
3588
3590
3591
3593
3595
3596
3598
3599
3601
3603
3604
3606
3607
3609
3610
3612
3614
3615
3617
3618
3620
3622
3623
3625
3626
3628
3630
3631
3633
3635
3636
3638
3640
3641
3643
3645
3646
3648
3650
3652
3653
3655
3657
3658
3660
3662
3663
3665
3667
3668
3670
3672
3674
3675
3677
3679
3680
3682
3684
3685
3687
3689
3690
3692
3694
3696
3697
3699
3701
3702
3704
3706
3707
3709
3711
3712
3714
3716
3718
3719
3721
3723
3724
3726
3728
3729
3731
3733
3734
3736
3738
3740
3741
3743
3745
3747
3749
3751
3753
3755
3757
3759
3761
3763
3765
3767
3768
3770
3772
3774
3776
3778
3780
3782
3784
3786
3788
3790
3792
3794
3795
3797
3799
3801
3803
3805
3807
3809
3811
3813
3815
3817
3819
3821
3822
3824
3826
3828
3830
3832
3834
3836
3838
3840
3842
3844
3846
3848
3850
3851
3853
3855
3857
3858
3860
3862
3864
3866
3867
3869
3871
3873
3875
3876
3878
3880
3882
3883
3885
3887
3889
3891
3892
3894
3896
3898
3900
3901
3903
3905
3907
3908
3910
3912
3914
3916
3917
3919
3921
3923
3925
3926
3928
3930
3932
3933
3935
3937
3939
3941
3942
3944
3946
3948
3950
3952
3954
3956
3958
3960
3962
3964
3966
3968
3970
3972
3974
3976
3978
3980
3982
3984
3986
3988
3990
3992
3994
3996
3998
4000
4002
4005
4007
4009
4011
4013
4015
4017
4019
4021
4023
4025
4027
4029
4031
4033
4035
4037
4039
4041
4043
4045
4047
4049
4051
4053
4055
4057
4059
4061
4062
4064
4065
4066
4068
4069
4071
4072
4073
4075
4076
4078
4079
4080
4082
4083
4085
4086
4087
4089
4090
4091
4093
4094
4096
4097
4098
4100
4101
4103
4104
4105
4107
4108
4109
4111
4112
4114
4115
4116
4118
4119
4121
4122
4123
4125
4126
4128
4129
4130
4132
4133
4135
4136
4137
4139
4140
4141
4143
4144
4146
4147
4148
4150
4151
4153
4154
4155
4157
4158
4160
4161
4163
4165
4167
4169
4171
4173
4175
4177
4179
4181
4183
4185
4187
4188
4190
4192
4194
4196
4198
4200
4202
4204
4206
4208
4210
4212
4214
4215
4217
4219
4221
4223
4225
4227
4229
4231
4233
4235
4237
4239
4241
4242
4244
4246
4248
4250
4252
4254
4256
4258
4260
4262
4264
4266
4268
4270
4271
4273
4274
4276
4278
4279
4281
4283
4284
4286
4288
4289
4291
4292
4294
4296
4297
4299
4301
4302
4304
4306
4307
4309
4311
4312
4314
4315
4317
4319
4320
4322
4324
4325
4327
4329
4330
4332
4334
4335
4337
4338
4340
4342
4343
4345
4347
4348
4350
4352
4353
4355
4357
4358
4360
4361
4363
4365
4366
4368
4370
4371
4373
4375
4376
4378
4380
4381
4383
4385
4387
4389
4391
4393
4395
4397
4399
4401
4403
4405
4407
4409
4411
4413
4415
4417
4419
4421
4423
4425
4427
4429
4431
4433
4435
4436
4438
4440
4442
4444
4446
4448
4450
4452
4454
4456
4458
4460
4462
4464
4466
4468
4470
4472
4474
4476
4478
4480
4482
4484
4486
4488
4490
4491
4493
4495
4496
4498
4500
4501
4503
4505
4506
4508
4510
4512
4513
4515
4517
4518
4520
4522
4523
4525
4527
4528
4530
4532
4534
4535
4537
4539
4540
4542
4544
4545
4547
4549
4550
4552
4554
4556
4557
4559
4561
4562
4564
4566
4567
4569
4571
4572
4574
4576
4577
4579
4581
4583
4584
4586
4588
4589
4591
4593
4594
4596
4598
4600
4601
4603
4604
4606
4607
4609
4611
4612
4614
4615
4617
4619
4620
4622
4623
4625
4626
4628
4630
4631
4633
4634
4636
4638
4639
4641
4642
4644
4646
4647
4649
4650
4652
4653
4655
4657
4658
4660
4661
4663
4665
4666
4668
4669
4671
4673
4674
4676
4677
4679
4680
4682
4684
4685
4687
4688
4690
4692
4693
4695
4696
4698
4700
4701
4703
4704
4706
4708
4709
4711
4712
4714
4716
4717
4719
4721
4722
4724
4725
4727
4729
4730
4732
4733
4735
4737
4738
4740
4742
4743
4745
4746
4748
4750
4751
4753
4755
4756
4758
4759
4761
4763
4764
4766
4767
4769
4771
4772
4774
4776
4777
4779
4780
4782
4784
4785
4787
4788
4790
4792
4793
4795
4797
4798
4800
4801
4803
4805
4806
4808
4810
4811
4813
4815
4817
4819
4820
4822
4824
4826
4828
4830
4831
4833
4835
4837
4839
4840
4842
4844
4846
4848
4850
4851
4853
4855
4857
4859
4860
4862
4864
4866
4868
4870
4871
4873
4875
4877
4879
4880
4882
4884
4886
4888
4890
4891
4893
4895
4897
4899
4900
4902
4904
4906
4908
4910
4911
4913
4915
4916
4918
4920
4922
4923
4925
4927
4929
4930
4932
4934
4936
4937
4939
4941
4943
4944
4946
4948
4950
4951
4953
4955
4957
4958
4960
4962
4964
4965
4967
4969
4971
4972
4974
4976
4978
4979
4981
4983
4985
4986
4988
4990
4992
4993
4995
4997
4999
5000
5002
5004
5006
5007
5009
5011
5013
5014
5016
5018
5020
5021
5023
5026
5028
5029
5032
5034
5036
5037
5039
5042
5044
5045
5048
5050
5052
5053
5055
5058
5060
5061
5064
5066
5068
5069
5071
5074
5076
5077
5080
5082
5084
5085
5087
5090
5092
5093
5096
5098
5100
5101
5103
5106
5108
5109
5112
5114
5116
5117
5119
5122
5124
5125
5128
5130
5132
5133
5135
5138
5140
5141
5143
5145
5147
5149
5151
5153
5155
5157
5159
5161
5163
5165
5167
5169
5171
5173
5175
5177
5179
5181
5183
5185
5187
5189
5191
5193
5195
5197
5199
5200
5202
5204
5206
5208
5210
5212
5214
5216
5218
5220
5222
5224
5226
5228
5230
5232
5234
5236
5238
5240
5242
5244
5246
5248
5250
5252
5254
5256
5258
5260
5261
5263
5265
5267
5269
5271
5273
5275
5277
5278
5280
5282
5284
5286
5288
5290
5292
5294
5296
5297
5299
5301
5303
5305
5307
5309
5311
5313
5314
5316
5318
5320
5322
5324
5326
5328
5330
5332
5333
5335
5337
5339
5341
5343
5345
5347
5349
5351
5352
5354
5356
5358
5360
5362
5364
5366
5368
5370
5371
5373
5374
5376
5377
5379
5380
5382
5384
5385
5387
5388
5390
5391
5393
5395
5396
5398
5399
5401
5402
5404
5405
5407
5409
5410
5412
5413
5415
5416
5418
5420
5421
5423
5424
5426
5427
5429
5430
5432
5434
5435
5437
5438
5440
5441
5443
5445
5446
5448
5449
5451
5452
5454
5455
5457
5459
5460
5462
5463
5465
5466
5468
5470
5471
5473
5475
5476
5478
5480
5481
5483
5485
5486
5488
5490
5492
5493
5495
5497
5498
5500
5502
5503
5505
5507
5508
5510
5512
5514
5515
5517
5519
5520
5522
5524
5525
5527
5529
5530
5532
5534
5536
5537
5539
5541
5542
5544
5546
5547
5549
5551
5552
5554
5556
5558
5559
5561
5563
5564
5566
5568
5569
5571
5573
5574
5576
5578
5580
5581
5582
5584
5585
5587
5588
5590
5591
5593
5594
5596
5597
5599
5600
5602
5603
5605
5606
5608
5609
5611
5612
5614
5615
5617
5618
5620
5621
5623
5624
5626
5627
5629
5630
5632
5633
5635
5636
5638
5639
5641
5642
5644
5645
5647
5648
5650
5651
5653
5654
5656
5657
5659
5660
5662
5663
5665
5666
5668
5669
5671
5672
5674
5675
5677
5678
5680
5681
5683
5684
5686
5687
5689
5691
5692
5694
5695
5697
5699
5700
5702
5703
5705
5707
5708
5710
5711
5713
5715
5716
5718
5719
5721
5723
5724
5726
5727
5729
5731
5732
5734
5735
5737
5738
5740
5742
5743
5745
5746
5748
5750
5751
5753
5754
5756
5758
5759
5761
5762
5764
5766
5767
5769
5770
5772
5774
5775
5777
5778
5780
5782
5783
5785
5786
5788
5790
5792
5794
5796
5798
5800
5802
5804
5806
5808
5810
5812
5814
5816
5818
5820
5822
5824
5826
5828
5830
5832
5834
5836
5838
5840
5842
5843
5846
5848
5850
5851
5854
5856
5858
5859
5862
5864
5866
5867
5870
5872
5874
5875
5878
5880
5882
5883
5886
5888
5890
5893
5896
5899
5902
5906
5909
5912
5915
5919
5922
5925
5928
5932
5935
5938
5941
5945
5948
5951
5954
5957
5961
5964
5967
5970
5974
5977
5980
5983
5987
5990
5993
5996
6000
6003
6007
6011
6015
6019
6023
6027
6031
6035
6039
6043
6047
6051
6055
6058
6062
6066
6070
6074
6078
6082
6086
6090
6094
6098
6102
6106
6110
6113
6117
6121
6124
6128
6132
6135
6139
6143
6146
6150
6154
6157
6161
6165
6168
6172
6176
6179
6183
6187
6190
6194
6197
6201
6205
6209
6212
6216
6220
6223
6226
6229
6232
6235
6238
6242
6245
6248
6251
6254
6257
6260
6264
6267
6270
6273
6276
6279
6282
6286
6289
6292
6295
6298
6301
6304
6308
6311
6314
6317
6320
6323
6326
6330
6333
6336
6340
6343
6347
6350
6354
6357
6361
6364
6367
6371
6374
6378
6381
6385
6388
6392
6395
6398
6402
6405
6409
6412
6416
6419
6423
6426
6430
6434
6438
6442
6446
6450
6454
6458
6462
6466
6470
6474
6478
6482
6487
6491
6495
6499
6503
6507
6511
6515
6519
6523
6527
6531
6535
6540
6543
6547
6550
6554
6557
6561
6564
6568
6572
6575
6579
6582
6586
6590
6593
6597
6600
6604
6607
6611
6615
6618
6622
6625
6629
6632
6636
6640
6643
6647
6651
6655
6658
6662
6666
6670
6674
6677
6681
6685
6689
6693
6696
6700
6704
6708
6712
6715
6719
6723
6727
6731
6734
6738
6742
6746
6750
6753
6757
6761
6765
6768
6772
6776
6780
6784
6787
6791
6795
6799
6803
6806
6810
6814
6818
6822
6825
6829
6833
6837
6841
6844
6848
6852
6856
6860
6864
6868
6872
6876
6880
6884
6888
6892
6896
6900
6904
6908
6912
6916
6920
6924
6928
6932
6936
6940
6944
6948
6952
6956
6960
6963
6967
6971
6974
6978
6982
6985
6989
6993
6996
7000
7004
7007
7011
7015
7018
7022
7026
7029
7033
7037
7040
7044
7048
7051
7055
7059
7062
7066
7070
7073
7077
7081
7085
7089
7093
7096
7100
7104
7108
7112
7116
7120
7123
7127
7131
7135
7139
7143
7146
7150
7154
7158
7162
7166
7170
7173
7176
7180
7183
7186
7190
7193
7196
7200
7203
7206
7210
7213
7216
7220
7223
7226
7230
7233
7236
7240
7243
7246
7250
7253
7256
7260
7263
7266
7270
7273
7276
7280
7282
7285
7287
7290
7292
7295
7297
7300
7303
7305
7308
7310
7313
7315
7318
7321
7323
7326
7328
7331
7333
7336
7338
7341
7344
7346
7349
7351
7354
7356
7359
7362
7364
7367
7369
7372
7374
7377
7380
7382
7385
7388
7391
7394
7397
7400
7403
7406
7409
7412
7415
7418
7421
7424
7427
7430
7433
7436
7439
7442
7445
7448
7451
7454
7457
7460
7463
7466
7469
7472
7475
7478
7481
7484
7487
7490
7492
7495
7497
7500
7502
7505
7507
7510
7513
7515
7518
7520
7523
7525
7528
7530
7533
7536
7538
7541
7543
7546
7548
7551
7553
7556
7559
7561
7564
7566
7569
7571
7574
7576
7579
7582
7584
7587
7589
7592
7594
7597
7600
7602
7604
7607
7609
7612
7614
7617
7620
7622
7625
7627
7630
7632
7635
7637
7640
7642
7645
7647
7650
7652
7655
7657
7660
7662
7665
7667
7670
7672
7675
7677
7680
7682
7685
7687
7690
7692
7695
7697
7700
7702
7704
7706
7708
7711
7713
7715
7717
7719
7722
7724
7726
7728
7730
7733
7735
7737
7739
7741
7744
7746
7748
7750
7752
7755
7757
7759
7761
7763
7766
7768
7770
7772
7774
7777
7779
7781
7783
7785
7787
7790
7792
7794
7796
7798
7801
7803
7805
7807
7810
7812
7814
7817
7819
7822
7824
7827
7830
7832
7835
7837
7840
7842
7845
7847
7850
7852
7854
7857
7859
7862
7865
7867
7870
7872
7875
7877
7880
7882
7885
7887
7890
7892
7895
7897
7900
7902
7905
7907
7910
7912
7914
7916
7918
7920
7922
7924
7926
7929
7931
7933
7935
7937
7939
7941
7943
7945
7948
7950
7952
7954
7956
7958
7960
7962
7965
7967
7969
7971
7973
7975
7977
7979
7981
7984
7986
7988
7990
7992
7994
7996
7998
8000
8003
8005
8007
8009
8011
8013
8015
8017
8020
8022
8025
8027
8030
8032
8035
8037
8040
8043
8045
8048
8050
8053
8055
8058
8060
8063
8066
8068
8071
8073
8076
8078
8081
8083
8086
8089
8091
8094
8096
8099
8101
8104
8106
8109
8112
8114
8117
8119
8122
8124
8127
8130
8132
8135
8137
8140
8143
8145
8148
8150
8153
8156
8158
8161
8164
8166
8169
8171
8174
8177
8179
8182
8185
8187
8190
8192
8195
8198
8200
8203
8205
8208
8211
8213
8216
8219
8221
8224
8226
8229
8232
8234
8237
8240
8242
8245
8247
8250
8252
8255
8257
8260
8262
8265
8267
8270
8272
8275
8277
8280
8282
8285
8287
8290
8292
8295
8297
8300
8302
8305
8307
8310
8312
8315
8317
8320
8322
8325
8327
8330
8332
8334
8337
8340
8342
8344
8347
8350
8352
8355
8358
8361
8364
8367
8370
8372
8375
8378
8381
8384
8387
8389
8392
8395
8398
8401
8404
8407
8410
8412
8415
8418
8421
8424
8427
8430
8432
8435
8438
8441
8444
8447
8450
8452
8454
8457
8459
8461
8464
8466
8468
8471
8473
8475
8478
8480
8482
8485
8487
8489
8492
8494
8496
8499
8501
8503
8506
8508
8510
8513
8515
8517
8520
8522
8524
8527
8529
8531
8534
8536
8538
8541
8543
8545
8548
8550
8552
8555
8557
8560
8562
8564
8567
8569
8571
8574
8576
8579
8581
8583
8586
8588
8591
8593
8595
8598
8600
8603
8605
8607
8610
8612
8615
8617
8619
8622
8624
8626
8629
8631
8634
8636
8638
8641
8643
8646
8648
8650
8653
8655
8658
8660
8662
8665
8667
8670
8672
8675
8678
8680
8683
8686
8688
8691
8694
8696
8699
8702
8704
8707
8710
8712
8715
8718
8720
8723
8726
8729
8731
8734
8737
8739
8742
8745
8747
8750
8753
8755
8758
8761
8763
8766
8769
8771
8774
8777
8780
8786
8792
8798
8805
8811
8817
8823
8830
8836
8842
8848
8855
8861
8867
8873
8880
8883
8887
8890
8894
8897
8901
8904
8908
8911
8915
8919
8922
8926
8929
8933
8936
8940
8943
8947
8950
8954
8958
8961
8965
8968
8972
8975
8979
8982
8986
8990
8992
8995
8998
9001
9004
9006
9009
9012
9015
9018
9021
9023
9026
9029
9032
9035
9037
9040
9043
9046
9049
9052
9054
9057
9060
9063
9066
9068
9071
9074
9077
9080
9083
9085
9088
9091
9094
9097
9100
9104
9108
9112
9116
9120
9125
9129
9133
9137
9141
9145
9149
9154
9158
9162
9166
9170
9174
9179
9183
9187
9191
9195
9200
9203
9207
9210
9214
9217
9221
9224
9228
9231
9235
9239
9242
9246
9249
9253
9256
9260
9263
9267
9270
9274
9278
9281
9285
9288
9292
9295
9299
9302
9306
9310
9313
9317
9321
9325
9329
9333
9336
9340
9344
9348
9352
9356
9360
9363
9367
9371
9375
9379
9383
9386
9390
9394
9398
9402
9406
9410
9414
9418
9422
9426
9431
9435
9439
9443
9448
9452
9456
9460
9465
9469
9473
9477
9481
9486
9490
9494
9498
9503
9507
9511
9515
9520
9523
9526
9530
9533
9537
9540
9544
9547
9550
9554
9557
9561
9564
9568
9571
9575
9578
9581
9585
9588
9592
9595
9599
9602
9605
9609
9612
9616
9619
9623
9626
9630
9633
9636
9640
9643
9647
9650
9654
9657
9660
9664
9667
9671
9674
9678
9681
9685
9688
9691
9695
9698
9702
9705
9709
9712
9715
9719
9722
9726
9729
9733
9736
9740
9743
9747
9751
9755
9759
9763
9767
9771
9775
9779
9783
9787
9791
9795
9798
9802
9806
9810
9814
9818
9822
9826
9830
9834
9838
9842
9846
9850
9852
9855
9858
9861
9864
9867
9870
9872
9875
9878
9881
9884
9887
9889
9892
9895
9898
9901
9904
9907
9910
9912
9915
9918
9921
9924
9927
9930
9932
9935
9938
9941
9944
9947
9950
9953
9956
9959
9962
9965
9968
9972
9975
9978
9981
9984
9987
9990
9994
9997
10000
10003
10006
10009
10012
10016
10019
10022
10025
10028
10031
10034
10038
10041
10044
10047
10050
10053
10056
10060
10064
10068
10072
10076
10080
10085
10089
10093
10097
10101
10105
10110
10114
10118
10122
10126
10130
10135
10139
10143
10147
10151
10155
10160
10163
10166
10169
10172
10175
10178
10181
10184
10187
10190
10193
10196
10199
10202
10205
10208
10211
10215
10218
10221
10224
10227
10230
10233
10236
10239
10242
10245
10248
10251
10254
10257
10260
10263
10266
10270
10273
10277
10280
10284
10287
10291
10294
10298
10301
10305
10309
10312
10316
10319
10323
10326
10330
10333
10337
10340
10344
10348
10351
10355
10358
10362
10365
10369
10372
10376
10380
10382
10385
10388
10391
10394
10397
10400
10403
10406
10409
10412
10415
10418
10421
10424
10427
10430
10433
10436
10439
10442
10445
10448
10451
10454
10457
10460
10463
10466
10469
10472
10475
10478
10481
10484
10487
10490
10492
10495
10498
10501
10503
10506
10509
10512
10514
10517
10520
10523
10525
10528
10531
10534
10536
10539
10542
10545
10547
10550
10553
10556
10558
10561
10564
10567
10569
10572
10575
10578
10580
10583
10586
10589
10591
10594
10597
10600
10602
10604
10606
10609
10611
10613
10615
10618
10620
10622
10625
10627
10629
10631
10634
10636
10638
10640
10643
10645
10647
10649
10652
10654
10656
10659
10661
10663
10665
10668
10670
10672
10674
10677
10679
10681
10684
10686
10688
10690
10693
10695
10697
10700
10703
10706
10710
10713
10717
10720
10724
10727
10730
10734
10737
10741
10744
10748
10751
10754
10758
10761
10765
10768
10772
10775
10779
10782
10785
10789
10792
10796
10799
10803
10806
10810
10812
10814
10816
10819
10821
10823
10826
10828
10830
10833
10835
10837
10840
10842
10844
10847
10849
10851
10854
10856
10858
10861
10863
10865
10868
10870
10872
10875
10877
10879
10882
10884
10886
10889
10891
10893
10896
10898
10900
10903
10905
10907
10910
10912
10914
10917
10919
10921
10924
10926
10929
10931
10933
10936
10938
10941
10943
10945
10948
10950
10953
10955
10957
10960
10962
10965
10967
10969
10972
10974
10976
10979
10981
10984
10986
10988
10991
10993
10996
10998
11000
11003
11005
11008
11010
11012
11015
11017
11020
11022
11025
11028
11031
11034
11037
11040
11043
11046
11048
11051
11054
11057
11060
11063
11066
11069
11072
11075
11077
11080
11083
11086
11089
11092
11095
11098
11101
11103
11106
11109
11112
11115
11118
11121
11124
11127
11130
11133
11136
11139
11142
11145
11148
11151
11154
11157
11160
11163
11166
11169
11172
11175
11178
11181
11185
11188
11191
11194
11197
11200
11203
11206
11209
11212
11215
11218
11221
11224
11227
11230
11233
11236
11240
11242
11245
11248
11250
11253
11256
11258
11261
11264
11266
11269
11272
11274
11277
11280
11282
11285
11288
11290
11293
11296
11299
11301
11304
11307
11309
11312
11315
11317
11320
11323
11325
11328
11331
11333
11336
11339
11341
11344
11347
11350
11354
11358
11362
11366
11370
11375
11379
11383
11387
11391
11395
11399
11404
11408
11412
11416
11420
11424
11429
11433
11437
11441
11445
11450
11451
11453
11455
11457
11459
11460
11462
11464
11466
11468
11470
11472
11473
11475
11477
11479
11481
11483
11484
11486
11488
11490
11492
11494
11495
11497
11499
11501
11503
11504
11506
11508
11510
11512
11514
11516
11517
11519
11521
11523
11525
11527
11528
11530
11532
11534
11536
11538
11539
11541
11543
11545
11547
11549
11550
11552
11554
11556
11558
11560
11562
11564
11566
11569
11571
11573
11576
11578
11580
11583
11585
11587
11590
11592
11594
11597
11599
11601
11604
11606
11608
11611
11613
11615
11618
11620
11622
11625
11627
11629
11632
11634
11636
11639
11641
11643
11646
11648
11650
11653
11655
11657
11660
11662
11664
11666
11668
11671
11673
11675
11677
11679
11682
11684
11686
11688
11690
11693
11695
11697
11699
11701
11704
11706
11708
11710
11712
11715
11717
11719
11721
11723
11726
11728
11730
11732
11734
11737
11739
11741
11743
11745
11748
11750
11752
11754
11756
11759
11761
11763
11765
11767
11770
11772
11774
11776
11778
11780
11783
11785
11787
11789
11792
11794
11796
11798
11800
11803
11805
11807
11809
11811
11814
11816
11818
11820
11822
11825
11827
11829
11831
11833
11836
11838
11840
11842
11844
11847
11849
11851
11853
11855
11858
11860
11862
11864
11866
11869
11871
11873
11875
11877
11880
11883
11886
11889
11892
11895
11898
11901
11904
11907
11910
11913
11916
11919
11922
11925
11928
11931
11935
11938
11941
11944
11947
11950
11953
11956
11959
11962
11965
11968
11971
11974
11977
11980
11983
11986
11990
11994
11999
12004
12009
12013
12018
12023
12028
12033
12037
12042
12047
12052
12056
12061
12066
12071
12076
12080
12085
12090
12095
12100
12102
12105
12108
12111
12113
12116
12119
12122
12125
12127
12130
12133
12136
12138
12141
12144
12147
12149
12152
12155
12158
12161
12163
12166
12169
12172
12174
12177
12180
12183
12186
12188
12191
12194
12197
12200
12202
12204
12206
12208
12210
12212
12214
12216
12218
12220
12222
12224
12226
12228
12230
12232
12234
12236
12238
12240
12242
12244
12246
12248
12250
12252
12254
12257
12259
12261
12263
12265
12267
12269
12271
12273
12275
12277
12279
12281
12283
12285
12287
12289
12291
12293
12295
12297
12299
12301
12303
12305
12307
12310
12312
12314
12316
12318
12320
12322
12324
12326
12328
12330
12332
12334
12336
12338
12340
12342
12344
12346
12348
12350
12352
12354
12356
12358
12360
12362
12365
12367
12369
12371
12373
12375
12377
12379
12381
12383
12385
12387
12389
12391
12393
12395
12397
12399
12401
12403
12405
12407
12409
12411
12413
12415
12417
12420
12424
12429
12433
12438
12442
12447
12452
12456
12461
12465
12470
12475
12479
12484
12488
12493
12497
12502
12507
12511
12516
12520
12525
12530
12533
12538
12542
12546
12549
12554
12558
12562
12566
12570
12574
12578
12582
12586
12590
12594
12598
12602
12606
12610
12614
12618
12622
12626
12630
12632
12635
12638
12640
12643
12646
12648
12651
12654
12656
12659
12662
12664
12667
12670
12672
12675
12678
12680
12683
12686
12689
12691
12694
12697
12699
12702
12705
12707
12710
12713
12715
12718
12721
12723
12726
12729
12731
12734
12737
12740
12742
12745
12748
12750
12753
12756
12758
12761
12764
12766
12769
12772
12774
12777
12780
12782
12785
12788
12790
12793
12796
12799
12801
12804
12807
12809
12812
12815
12817
12820
12823
12825
12828
12831
12833
12836
12839
12841
12844
12847
12850
12852
12854
12857
12859
12862
12864
12867
12869
12871
12874
12876
12879
12881
12884
12886
12889
12891
12893
12896
12898
12901
12903
12906
12908
12910
12913
12915
12918
12920
12923
12925
12928
12930
12932
12935
12937
12940
12942
12945
12947
12950
12952
12954
12957
12959
12961
12964
12966
12969
12971
12973
12976
12978
12981
12983
12985
12988
12990
12993
12995
12997
13000
13002
13004
13007
13009
13012
13014
13016
13019
13021
13024
13026
13028
13031
13033
13036
13038
13040
13043
13045
13048
13050
13052
13055
13057
13060
13063
13066
13069
13072
13075
13078
13081
13085
13088
13091
13094
13097
13100
13103
13106
13110
13113
13116
13119
13122
13125
13128
13131
13135
13138
13141
13144
13147
13150
13153
13156
13160
13163
13166
13169
13172
13175
13178
13181
13184
13187
13190
13193
13196
13199
13202
13205
13208
13211
13215
13218
13221
13224
13227
13230
13233
13236
13239
13242
13245
13248
13251
13254
13257
13260
13263
13266
13270
13272
13274
13277
13279
13281
13284
13286
13288
13291
13293
13295
13298
13300
13302
13305
13307
13309
13312
13314
13316
13319
13321
13323
13326
13328
13330
13333
13335
13337
13340
13342
13344
13347
13349
13351
13354
13356
13358
13361
13363
13365
13368
13370
13372
13375
13377
13380
13382
13384
13386
13388
13390
13392
13394
13396
13398
13400
13402
13404
13406
13408
13410
13412
13414
13416
13418
13420
13422
13424
13426
13428
13430
13432
13434
13436
13438
13440
13442
13444
13446
13448
13450
13452
13454
13456
13458
13460
13462
13464
13466
13468
13470
13472
13474
13476
13478
13480
13482
13484
13486
13488
13490
13492
13494
13497
13499
13501
13504
13506
13509
13511
13513
13516
13518
13521
13523
13525
13528
13530
13533
13535
13537
13540
13542
13545
13547
13549
13552
13554
13556
13559
13561
13564
13566
13568
13571
13573
13576
13578
13580
13583
13585
13588
13590
13592
13595
13597
13600
13602
13605
13607
13610
13612
13615
13617
13620
13623
13625
13628
13630
13633
13635
13638
13641
13643
13646
13648
13651
13653
13656
13658
13661
13664
13666
13669
13671
13674
13676
13679
13682
13684
13687
13689
13692
13694
13697
13700
13701
13703
13705
13707
13709
13711
13713
13715
13717
13719
13720
13722
13724
13726
13728
13730
13732
13734
13736
13738
13740
13741
13743
13745
13747
13749
13751
13753
13755
13757
13759
13760
13762
13764
13766
13768
13770
13772
13774
13776
13778
13780
13781
13783
13785
13787
13789
13791
13793
13795
13797
13799
13800
13802
13804
13806
13808
13810
13812
13814
13816
13818
13820
13821
13823
13824
13826
13828
13829
13831
13832
13834
13836
13837
13839
13840
13842
13844
13845
13847
13849
13850
13852
13853
13855
13857
13858
13860
13861
13863
13865
13866
13868
13870
13871
13873
13874
13876
13878
13879
13881
13882
13884
13886
13887
13889
13890
13892
13894
13895
13897
13899
13900
13902
13903
13905
13907
13908
13910
13911
13913
13915
13916
13918
13920
13922
13924
13926
13928
13930
13932
13934
13936
13938
13940
13942
13944
13946
13949
13951
13953
13955
13957
13959
13961
13963
13965
13967
13969
13971
13973
13976
13978
13980
13982
13984
13986
13988
13990
13992
13994
13996
13998
14000
14003
14005
14007
14009
14011
14013
14015
14017
14019
14021
14023
14025
14027
14030
14032
14034
14036
14038
14041
14043
14045
14047
14049
14052
14054
14056
14058
14060
14062
14065
14067
14069
14071
14074
14076
14078
14080
14082
14084
14087
14089
14091
14093
14096
14098
14100
14102
14104
14107
14109
14111
14113
14115
14118
14120
14122
14124
14126
14129
14131
14133
14135
14137
14140
14141
14143
14145
14147
14149
14151
14153
14155
14157
14159
14161
14163
14165
14167
14169
14171
14173
14175
14177
14179
14181
14183
14185
14187
14189
14191
14193
14195
14196
14198
14200
14202
14204
14206
14208
14210
14212
14214
14216
14218
14220
14222
14224
14226
14228
14230
14232
14234
14236
14238
14240
14242
14244
14246
14248
14250
14251
14253
14255
14257
14258
14260
14262
14264
14265
14267
14269
14271
14273
14274
14276
14278
14280
14281
14283
14285
14287
14289
14290
14292
14294
14296
14297
14299
14301
14303
14305
14306
14308
14310
14312
14313
14315
14317
14319
14320
14322
14324
14326
14328
14329
14331
14333
14335
14336
14338
14340
14342
14344
14345
14347
14349
14351
14352
14354
14356
14358
14360
14361
14363
14365
14367
14369
14371
14372
14374
14376
14378
14380
14382
14384
14385
14387
14389
14391
14393
14395
14397
14398
14400
14402
14404
14406
14408
14410
14411
14413
14415
14417
14419
14421
14422
14424
14426
14428
14430
14432
14434
14435
14437
14439
14441
14443
14445
14447
14448
14450
14452
14454
14456
14458
14460
14461
14463
14465
14467
14469
14471
14473
14475
14477
14479
14480
14482
14484
14486
14488
14490
14492
14494
14496
14498
14500
14501
14503
14505
14507
14509
14511
14513
14515
14517
14519
14520
14522
14524
14526
14528
14530
14532
14534
14536
14538
14540
14541
14543
14545
14547
14549
14551
14553
14555
14557
14559
14560
14562
14564
14566
14568
14570
14572
14574
14576
14578
14580
14581
14583
14585
14587
14589
14590
14592
14594
14596
14598
14600
14601
14603
14605
14607
14609
14610
14612
14614
14616
14618
14620
14621
14623
14625
14627
14629
14630
14632
14634
14636
14638
14640
14641
14643
14645
14647
14649
14650
14652
14654
14656
14658
14660
14661
14663
14665
14667
14669
14670
14672
14674
14676
14678
14680
14681
14683
14685
14687
14689
14691
14693
14694
14696
14698
14700
14702
14704
14706
14707
14709
14711
14713
14715
14717
14719
14721
14722
14724
14726
14728
14730
14732
14734
14735
14737
14739
14741
14743
14745
14747
14748
14750
14752
14754
14756
14758
14760
14762
14763
14765
14767
14769
14771
14773
14775
14776
14778
14780
14782
14784
14786
14788
14790
14792
14794
14796
14798
14801
14803
14805
14807
14809
14812
14814
14816
14818
14821
14823
14825
14827
14830
14832
14834
14836
14838
14841
14843
14845
14847
14850
14852
14854
14856
14858
14861
14863
14865
14867
14870
14872
14874
14876
14878
14881
14883
14885
14887
14890
14891
14893
14895
14897
14899
14901
14903
14905
14907
14909
14911
14913
14915
14917
14919
14921
14923
14925
14927
14929
14931
14933
14935
14937
14939
14941
14943
14945
14946
14948
14950
14952
14954
14956
14958
14960
14962
14964
14966
14968
14970
14972
14974
14976
14978
14980
14982
14984
14986
14988
14990
14992
14994
14996
14998
15000
15002
15004
15006
15008
15010
15012
15014
15016
15018
15020
15022
15024
15026
15028
15030
15032
15034
15036
15038
15040
15042
15044
15046
15048
15049
15052
15054
15056
15058
15060
15062
15064
15065
15068
15070
15072
15074
15075
15078
15080
15081
15084
15086
15088
15090
15091
15094
15096
15097
15100
15102
15104
15106
15107
15110
15112
15114
15116
15118
15120
15122
15124
15126
15128
15130
15132
15134
15136
15138
15140
15142
15144
15146
15148
15150
15152
15154
15156
15158
15161
15163
15165
15167
15169
15171
15173
15175
15177
15179
15181
15183
15185
15187
15189
15191
15193
15195
15197
15199
15201
15203
15205
15207
15210
15212
15214
15216
15218
15220
15222
15224
15226
15229
15231
15233
15235
15237
15239
15241
15243
15245
15248
15250
15252
15254
15256
15258
15260
15262
15265
15267
15269
15271
15273
15275
15277
15279
15281
15284
15286
15288
15290
15292
15294
15296
15298
15300
15303
15305
15307
15309
15311
15313
15315
15317
15320
15322
15324
15326
15328
15330
15332
15334
15337
15339
15341
15343
15345
15347
15349
15351
15354
15356
15358
15360
15362
15364
15366
15368
15371
15373
15375
15377
15379
15381
15383
15385
15388
15390
15392
15394
15396
15398
15400
15402
15405
15407
15409
15411
15413
15415
15417
15420
15421
15423
15425
15427
15429
15431
15433
15434
15436
15438
15440
15442
15444
15446
15447
15449
15451
15453
15455
15457
15459
15461
15462
15464
15466
15468
15470
15472
15474
15475
15477
15479
15481
15483
15485
15487
15488
15490
15492
15494
15496
15498
15500
15502
15503
15505
15507
15509
15511
15513
15515
15516
15518
15520
15522
15524
15526
15528
15530
15532
15534
15536
15539
15541
15543
15545
15548
15550
15552
15555
15557
15559
15561
15564
15566
15568
15570
15573
15575
15577
15580
15582
15584
15586
15589
15591
15593
15595
15598
15600
15602
15605
15607
15609
15611
15614
15616
15618
15620
15623
15625
15627
15630
15631
15633
15635
15637
15639
15641
15643
15645
15647
15648
15650
15652
15654
15656
15658
15660
15662
15664
15666
15667
15669
15671
15673
15675
15677
15679
15681
15683
15685
15686
15688
15690
15692
15694
15696
15698
15700
15702
15703
15705
15707
15709
15711
15713
15715
15717
15719
15721
15722
15724
15726
15728
15730
15732
15734
15736
15738
15740
15741
15743
15744
15746
15747
15749
15751
15752
15754
15755
15757
15759
15760
15762
15763
15765
15767
15768
15770
15771
15773
15775
15776
15778
15779
15781
15783
15784
15786
15787
15789
15791
15792
15794
15795
15797
15798
15800
15802
15803
15805
15806
15808
15810
15811
15813
15814
15816
15818
15819
15821
15822
15824
15826
15827
15829
15830
15832
15834
15835
15837
15838
15840
15842
15843
15845
15846
15848
15850
15851
15853
15855
15857
15858
15860
15862
15864
15866
15867
15869
15871
15873
15875
15876
15878
15880
15882
15883
15885
15887
15889
15891
15892
15894
15896
15898
15899
15901
15903
15905
15907
15908
15910
15912
15914
15916
15917
15919
15921
15923
15924
15926
15928
15930
15932
15933
15935
15937
15939
15941
15942
15944
15946
15948
15950
15952
15953
15956
15957
15959
15962
15963
15966
15968
15969
15972
15973
15976
15978
15979
15982
15984
15985
15988
15989
15992
15994
15995
15998
15999
16001
16003
16006
16008
16009
16012
16014
16015
16018
16020
16021
16023
16026
16027
16029
16032
16033
16035
16038
16040
16041
16044
16046
16047
16049
16052
16053
16055
16058
16059
16061
16063
16064
16066
16067
16069
16070
16072
16073
16075
16077
16078
16080
16081
16083
16084
16086
16087
16089
16090
16092
16094
16095
16097
16098
16100
16101
16103
16104
16106
16108
16109
16111
16112
16114
16115
16117
16118
16120
16121
16123
16125
16126
16128
16129
16131
16132
16134
16135
16137
16139
16140
16142
16143
16145
16146
16148
16149
16151
16152
16154
16156
16157
16159
16160
16162
16163
16165
16166
16168
16170
16171
16173
16174
16176
16177
16179
16181
16182
16184
16185
16187
16189
16190
16192
16193
16195
16197
16198
16200
16201
16203
16205
16206
16208
16209
16211
16213
16214
16216
16217
16219
16221
16222
16224
16225
16227
16228
16230
16232
16233
16235
16236
16238
16240
16241
16243
16244
16246
16248
16249
16251
16252
16254
16256
16257
16259
16260
16262
16264
16265
16267
16268
16270
16272
16273
16275
16276
16278
16280
16282
16284
16286
16288
16290
16292
16294
16296
16298
16300
16302
16304
16306
16308
16310
16312
16314
16316
16318
16320
16322
16324
16326
16328
16330
16332
16334
16336
16338
16340
16342
16344
16346
16348
16350
16352
16354
16356
16358
16360
16362
16364
16366
16368
16370
16372
16374
16376
16378
16379
16382
16384
16386
16388
16390
16391
16393
16394
16396
16398
16399
16401
16402
16404
16406
16407
16409
16411
16412
16414
16415
16417
16419
16420
16422
16423
16425
16427
16428
16430
16432
16433
16435
16436
16438
16440
16441
16443
16445
16446
16448
16449
16451
16453
16454
16456
16457
16459
16461
16462
16464
16466
16467
16469
16470
16472
16474
16475
16477
16478
16480
16482
16483
16485
16487
16488
16490
16491
16493
16495
16496
16498
16500
16501
16503
16504
16506
16507
16509
16510
16512
16513
16515
16517
16518
16520
16521
16523
16524
16526
16527
16529
16530
16532
16534
16535
16537
16538
16540
16541
16543
16544
16546
16548
16549
16551
16552
16554
16555
16557
16558
16560
16561
16563
16565
16566
16568
16569
16571
16572
16574
16575
16577
16579
16580
16582
16583
16585
16586
16588
16589
16591
16592
16594
16596
16597
16599
16600
16602
16603
16605
16606
16608
16610
16611
16613
16614
16616
16618
16619
16621
16623
16624
16626
16628
16629
16631
16632
16634
16636
16637
16639
16641
16642
16644
16646
16647
16649
16650
16652
16654
16655
16657
16659
16660
16662
16664
16665
16667
16669
16670
16672
16673
16675
16677
16678
16680
16682
16683
16685
16687
16688
16690
16691
16693
16695
16696
16698
16700
16701
16703
16705
16706
16708
16710
16711
16713
16714
16716
16717
16719
16720
16722
16723
16725
16726
16728
16729
16731
16732
16734
16735
16737
16739
16740
16742
16743
16745
16746
16748
16749
16751
16752
16754
16755
16757
16758
16760
16761
16763
16765
16766
16768
16769
16771
16772
16774
16775
16777
16778
16780
16781
16783
16784
16786
16787
16789
16790
16792
16794
16795
16797
16798
16800
16801
16803
16804
16806
16807
16809
16810
16812
16813
16815
16816
16818
16820
16821
16823
16825
16827
16829
16831
16833
16835
16837
16839
16841
16843
16845
16846
16848
16850
16852
16854
16856
16858
16860
16862
16864
16866
16868
16870
16871
16873
16875
16877
16879
16881
16883
16885
16887
16889
16891
16893
16895
16896
16898
16900
16902
16904
16906
16908
16910
16912
16914
16916
16918
16920
16922
16924
16926
16928
16930
16932
16934
16936
16938
16940
16942
16944
16946
16948
16950
16952
16954
16956
16958
16960
16962
16964
16966
16968
16970
16972
16974
16976
16978
16980
16982
16984
16986
16988
16990
16992
16994
16996
16998
17000
17002
17004
17006
17008
17010
17012
17014
17016
17018
17020
17022
17024
17026
17028
17030
17031
17033
17035
17036
17038
17040
17041
17043
17045
17046
17048
17050
17051
17053
17055
17056
17058
17060
17061
17063
17065
17066
17068
17070
17071
17073
17075
17076
17078
17080
17081
17083
17085
17086
17088
17090
17091
17093
17095
17096
17098
17100
17101
17103
17105
17106
17108
17110
17111
17113
17115
17116
17118
17119
17121
17123
17125
17126
17128
17130
17132
17134
17136
17138
17140
17142
17144
17146
17148
17150
17152
17154
17156
17158
17161
17163
17165
17167
17169
17171
17173
17175
17177
17179
17181
17183
17185
17187
17189
17192
17194
17196
17198
17200
17202
17204
17206
17208
17210
17212
17214
17216
17218
17221
17223
17225
17227
17229
17231
17233
17235
17237
17239
17241
17243
17245
17247
17250
17251
17253
17255
17257
17259
17261
17263
17265
17267
17268
17270
17272
17274
17276
17278
17280
17282
17284
17286
17287
17289
17291
17293
17295
17297
17299
17301
17303
17305
17306
17308
17310
17312
17314
17316
17318
17320
17322
17323
17325
17327
17329
17331
17333
17335
17337
17339
17341
17342
17344
17346
17348
17350
17352
17354
17356
17358
17360
17362
17364
17366
17368
17370
17372
17374
17376
17378
17380
17382
17384
17386
17387
17390
17392
17394
17396
17398
17400
17402
17404
17406
17408
17410
17412
17414
17416
17418
17420
17422
17424
17426
17428
17430
17432
17434
17436
17438
17440
17442
17444
17446
17448
17450
17452
17454
17456
17458
17460
17461
17463
17465
17467
17469
17471
17472
17474
17476
17478
17480
17482
17483
17485
17487
17489
17491
17493
17494
17496
17498
17500
17502
17504
17505
17507
17509
17511
17513
17515
17516
17518
17520
17522
17524
17526
17527
17529
17531
17533
17535
17537
17538
17540
17542
17544
17546
17548
17549
17551
17553
17555
17557
17559
17560
17562
17564
17566
17568
17570
17572
17574
17576
17578
17580
17582
17584
17586
17588
17590
17592
17594
17596
17598
17600
17602
17604
17606
17608
17610
17612
17614
17616
17618
17621
17623
17625
17627
17629
17631
17633
17635
17637
17639
17641
17643
17645
17647
17649
17651
17653
17655
17657
17659
17661
17663
17665
17667
17670
17672
17674
17677
17679
17682
17684
17687
17689
17692
17694
17696
17699
17701
17704
17706
17709
17711
17714
17716
17718
17721
17723
17726
17728
17731
17733
17736
17738
17740
17743
17745
17748
17750
17753
17755
17758
17760
17762
17765
17767
17770
17772
17775
17777
17780
17782
17784
17786
17788
17791
17793
17795
17797
17800
17802
17804
17806
17808
17811
17813
17815
17817
17820
17822
17824
17826
17828
17831
17833
17835
17837
17840
17842
17844
17846
17848
17851
17853
17855
17857
17860
17862
17864
17866
17868
17871
17873
17875
17877
17880
17881
17883
17885
17887
17888
17890
17892
17894
17895
17897
17899
17901
17903
17904
17906
17908
17910
17911
17913
17915
17917
17919
17920
17922
17924
17926
17927
17929
17931
17933
17935
17936
17938
17940
17942
17943
17945
17947
17949
17950
17952
17954
17956
17958
17959
17961
17963
17965
17966
17968
17970
17972
17974
17975
17977
17979
17981
17982
17984
17986
17988
17990
17992
17994
17996
17998
18000
18002
18005
18007
18009
18011
18013
18015
18018
18020
18022
18024
18026
18028
18030
18033
18035
18037
18039
18041
18043
18046
18048
18050
18052
18054
18056
18059
18061
18063
18065
18067
18069
18071
18074
18076
18078
18080
18082
18084
18087
18089
18091
18093
18095
18097
18100
18101
18103
18105
18106
18108
18110
18111
18113
18115
18116
18118
18120
18122
18123
18125
18127
18128
18130
18132
18133
18135
18137
18138
18140
18142
18144
18145
18147
18149
18150
18152
18154
18155
18157
18159
18161
18162
18164
18166
18167
18169
18171
18172
18174
18176
18177
18179
18181
18183
18184
18186
18188
18189
18191
18193
18194
18196
18198
18200
18202
18204
18206
18208
18210
18212
18214
18216
18219
18221
18223
18225
18227
18229
18231
18233
18235
18238
18240
18242
18244
18246
18248
18250
18252
18255
18257
18259
18261
18263
18265
18267
18269
18271
18274
18276
18278
18280
18282
18284
18286
18288
18290
18293
18295
18297
18299
18301
18303
18305
18307
18310
18312
18314
18316
18318
18321
18323
18325
18327
18330
18332
18334
18336
18338
18341
18343
18345
18347
18349
18352
18354
18356
18358
18361
18363
18365
18367
18370
18372
18374
18376
18378
18381
18383
18385
18387
18390
18392
18394
18396
18398
18401
18403
18405
18407
18410
18412
18414
18417
18419
18421
18424
18426
18428
18431
18433
18435
18438
18440
18442
18445
18447
18449
18452
18454
18456
18459
18461
18463
18466
18468
18470
18473
18475
18477
18480
18482
18484
18487
18489
18491
18494
18496
18498
18501
18503
18505
18508
18510
18512
18515
18517
18520
18522
18525
18528
18530
18533
18536
18538
18541
18544
18546
18549
18552
18554
18557
18560
18562
18565
18568
18570
18573
18576
18579
18581
18584
18587
18589
18592
18595
18597
18600
18603
18605
18608
18611
18613
18616
18619
18621
18624
18627
18630
18632
18634
18637
18639
18641
18644
18646
18648
18651
18653
18655
18658
18660
18662
18665
18667
18669
18672
18674
18676
18679
18681
18683
18686
18688
18690
18693
18695
18697
18700
18702
18704
18707
18709
18711
18714
18716
18718
18721
18723
18725
18728
18730
18732
18735
18737
18740
18742
18744
18747
18750
18752
18755
18757
18759
18762
18765
18767
18770
18772
18775
18777
18780
18782
18785
18787
18790
18792
18795
18797
18800
18802
18805
18807
18810
18812
18815
18817
18820
18822
18825
18827
18830
18832
18835
18837
18840
18842
18845
18847
18850
18852
18854
18856
18858
18860
18862
18864
18866
18868
18870
18872
18874
18876
18878
18880
18882
18884
18886
18888
18890
18892
18894
18896
18898
18900
18902
18904
18906
18908
18910
18912
18914
18916
18918
18920
18922
18924
18926
18928
18930
18932
18934
18936
18938
18940
18942
18944
18945
18948
18950
18951
18953
18955
18956
18958
18960
18962
18963
18965
18967
18968
18970
18972
18974
18975
18977
18979
18980
18982
18984
18986
18987
18989
18991
18992
18994
18996
18998
18999
19001
19003
19005
19006
19008
19010
19011
19013
19015
19017
19018
19020
19022
19023
19025
19027
19029
19030
19032
19034
19035
19037
19039
19041
19042
19044
19046
19047
19049
19051
19053
19054
19056
19058
19060
19062
19064
19066
19068
19070
19072
19074
19076
19078
19080
19082
19084
19086
19088
19090
19092
19094
19096
19098
19100
19102
19104
19106
19108
19111
19113
19115
19117
19119
19121
19123
19125
19127
19129
19131
19133
19135
19137
19139
19141
19143
19145
19147
19149
19151
19153
19155
19157
19160
19161
19163
19165
19167
19169
19171
19172
19174
19176
19178
19180
19182
19183
19185
19187
19189
19191
19193
19194
19196
19198
19200
19202
19204
19205
19207
19209
19211
19213
19215
19216
19218
19220
19222
19224
19226
19227
19229
19231
19233
19235
19237
19238
19240
19242
19244
19246
19248
19249
19251
19253
19255
19257
19259
19260
19262
19264
19266
19268
19270
19272
19274
19276
19278
19280
19282
19284
19286
19288
19290
19292
19294
19296
19299
19301
19303
19305
19307
19309
19311
19313
19315
19317
19319
19321
19323
19326
19328
19330
19332
19334
19336
19338
19340
19342
19344
19346
19348
19350
19353
19355
19357
19359
19361
19363
19365
19367
19369
19371
19373
19375
19377
19380
19381
19383
19385
19386
19388
19390
19392
19393
19395
19397
19398
19400
19402
19404
19405
19407
19409
19410
19412
19414
19416
19417
19419
19421
19422
19424
19426
19428
19429
19431
19433
19435
19436
19438
19440
19441
19443
19445
19447
19448
19450
19452
19453
19455
19457
19459
19460
19462
19464
19465
19467
19469
19471
19472
19474
19476
19477
19479
19481
19483
19484
19486
19488
19490
19491
19493
19495
19497
19499
19501
19503
19505
19507
19509
19511
19513
19515
19517
19518
19520
19522
19524
19526
19528
19530
19532
19534
19536
19538
19540
19542
19544
19545
19547
19549
19551
19553
19555
19557
19559
19561
19563
19565
19567
19569
19571
19572
19574
19576
19578
19580
19582
19584
19586
19588
19590
19592
19594
19596
19598
19600
19602
19604
19606
19608
19610
19612
19614
19616
19618
19620
19622
19624
19626
19628
19630
19632
19634
19636
19638
19640
19642
19644
19646
19648
19651
19653
19655
19657
19659
19661
19663
19665
19667
19669
19671
19673
19675
19677
19679
19681
19683
19685
19687
19689
19691
19693
19695
19697
19700
19701
19703
19705
19707
19709
19711
19713
19715
19717
19719
19721
19723
19725
19727
19728
19730
19732
19734
19736
19738
19740
19742
19744
19746
19748
19750
19752
19754
19755
19757
19759
19761
19763
19765
19767
19769
19771
19773
19775
19777
19779
19781
19782
19784
19786
19788
19790
19792
19794
19796
19798
19800
19802
19804
19806
19808
19810
19811
19813
19815
19817
19818
19820
19822
19824
19825
19827
19829
19831
19832
19834
19836
19838
19839
19841
19843
19845
19846
19848
19850
19852
19853
19855
19857
19859
19860
19862
19864
19866
19867
19869
19871
19873
19874
19876
19878
19880
19881
19883
19885
19887
19888
19890
19892
19894
19895
19897
19899
19901
19902
19904
19906
19908
19910
19911
19913
19915
19916
19918
19920
19921
19923
19925
19926
19928
19930
19932
19933
19935
19937
19938
19940
19942
19943
19945
19947
19948
19950
19952
19954
19955
19957
19959
19960
19962
19964
19965
19967
19969
19970
19972
19974
19976
19977
19979
19981
19982
19984
19986
19987
19989
19991
19992
19994
19996
19998
19999
20001
20003
20004
20006
20008
20009
20011
20013
20014
20016
20018
20020
20021
20023
20025
20027
20029
20030
20032
20034
20036
20038
20039
20041
20043
20045
20047
20048
20050
20052
20054
20056
20057
20059
20061
20063
20065
20066
20068
20070
20072
20074
20075
20077
20079
20081
20083
20084
20086
20088
20090
20092
20093
20095
20097
20099
20101
20102
20104
20106
20108
20110
20111
20113
20115
20117
20119
20120
20122
20124
20126
20128
20130
20131
20133
20134
20136
20138
20140
20141
20143
20145
20146
20148
20150
20151
20153
20154
20156
20158
20160
20161
20163
20165
20166
20168
20169
20171
20173
20174
20176
20178
20180
20181
20183
20185
20186
20188
20189
20191
20193
20195
20196
20198
20200
20201
20203
20205
20206
20208
20209
20211
20213
20215
20216
20218
20220
20221
20223
20224
20226
20228
20229
20231
20233
20235
20236
20238
20240
20241
20243
20245
20247
20249
20251
20253
20255
20257
20259
20261
20263
20265
20267
20268
20270
20272
20274
20276
20278
20280
20282
20284
20286
20288
20290
20292
20294
20295
20297
20299
20301
20303
20305
20307
20309
20311
20313
20315
20317
20319
20321
20322
20324
20326
20328
20330
20332
20334
20336
20338
20340
20342
20344
20346
20348
20350
20351
20353
20355
20357
20359
20361
20362
20364
20366
20368
20370
20372
20374
20375
20377
20379
20381
20383
20385
20387
20388
20390
20392
20394
20396
20398
20400
20401
20403
20405
20407
20409
20411
20412
20414
20416
20418
20420
20422
20424
20425
20427
20429
20431
20433
20435
20437
20438
20440
20442
20444
20446
20448
20450
20452
20454
20456
20458
20460
20462
20464
20465
20468
20470
20471
20474
20476
20477
20480
20482
20484
20486
20488
20490
20491
20494
20496
20497
20500
20502
20503
20506
20508
20509
20512
20514
20516
20518
20520
20522
20523
20526
20528
20529
20532
20534
20535
20538
20540
20541
20544
20546
20548
20549
20552
20554
20555
20558
20560
20561
20563
20565
20566
20568
20570
20572
20573
20575
20577
20578
20580
20582
20584
20585
20587
20589
20591
20592
20594
20596
20597
20599
20601
20603
20604
20606
20608
20610
20611
20613
20615
20616
20618
20620
20622
20623
20625
20627
20628
20630
20632
20634
20635
20637
20639
20641
20642
20644
20646
20647
20649
20651
20653
20654
20656
20658
20660
20661
20663
20665
20667
20669
20670
20672
20674
20676
20678
20679
20681
20683
20685
20687
20688
20690
20692
20694
20696
20697
20699
20701
20703
20705
20706
20708
20710
20712
20714
20715
20717
20719
20721
20723
20724
20726
20728
20730
20732
20733
20735
20737
20739
20741
20742
20744
20746
20748
20750
20751
20753
20755
20757
20759
20760
20762
20764
20766
20768
20770
20771
20773
20775
20777
20779
20781
20783
20785
20787
20789
20791
20793
20795
20797
20799
20801
20803
20805
20807
20809
20811
20813
20815
20817
20819
20821
20823
20825
20826
20828
20830
20832
20834
20836
20838
20840
20842
20844
20846
20848
20850
20852
20854
20856
20858
20860
20862
20864
20866
20868
20870
20872
20874
20876
20878
20880
20882
20884
20887
20889
20891
20894
20896
20899
20901
20903
20906
20908
20911
20913
20915
20918
20920
20923
20925
20927
20930
20932
20935
20937
20939
20942
20944
20946
20949
20951
20954
20956
20958
20961
20963
20966
20968
20970
20973
20975
20978
20980
20982
20985
20987
20990
20992
20995
20998
21000
21003
21006
21008
21011
21014
21016
21019
21022
21024
21027
21030
21032
21035
21038
21040
21043
21046
21049
21051
21054
21057
21059
21062
21065
21067
21070
21073
21075
21078
21081
21083
21086
21089
21091
21094
21097
21100
21102
21105
21108
21111
21114
21117
21120
21122
21125
21128
21131
21134
21137
21140
21142
21145
21148
21151
21154
21157
21160
21162
21165
21168
21171
21174
21177
21180
21182
21185
21188
21191
21194
21197
21200
21202
21205
21208
21211
21214
21217
21220
21223
21226
21228
21231
21234
21237
21240
21243
21246
21249
21252
21255
21257
21260
21263
21266
21269
21272
21275
21278
21281
21283
21286
21289
21292
21295
21298
21301
21304
21307
21310
21312
21315
21318
21320
21323
21326
21328
21331
21334
21337
21339
21342
21345
21347
21350
21353
21355
21358
21361
21364
21366
21369
21372
21374
21377
21380
21382
21385
21388
21391
21393
21396
21399
21401
21404
21407
21410
21412
21414
21416
21418
21420
21422
21425
21427
21429
21431
21433
21435
21438
21440
21442
21444
21446
21448
21450
21453
21455
21457
21459
21461
21463
21466
21468
21470
21472
21474
21476
21479
21481
21483
21485
21487
21489
21491
21494
21496
21498
21500
21502
21504
21507
21509
21511
21513
21515
21517
21520
21521
21523
21525
21527
21529
21531
21533
21535
21537
21538
21540
21542
21544
21546
21548
21550
21552
21554
21556
21557
21559
21561
21563
21565
21567
21569
21571
21573
21575
21576
21578
21580
21582
21584
21586
21588
21590
21592
21593
21595
21597
21599
21601
21603
21605
21607
21609
21611
21612
21614
21616
21618
21620
21622
21624
21626
21628
21630
21631
21634
21636
21637
21640
21642
21644
21645
21648
21650
21651
21654
21656
21657
21660
21662
21663
21666
21668
21669
21671
21674
21676
21677
21680
21682
21683
21686
21688
21689
21692
21694
21695
21698
21700
21702
21703
21706
21708
21709
21712
21714
21715
21718
21720
21721
21724
21726
21727
21729
21732
21734
21735
21738
21740
21741
21743
21745
21747
21749
21751
21753
21754
21756
21758
21760
21762
21764
21766
21767
21769
21771
21773
21775
21777
21779
21781
21782
21784
21786
21788
21790
21792
21794
21795
21797
21799
21801
21803
21805
21807
21808
21810
21812
21814
21816
21818
21820
21822
21823
21825
21827
21829
21831
21833
21835
21836
21838
21840
21842
21844
21846
21848
21850
21851
21853
21855
21857
21859
21861
21863
21865
21867
21869
21871
21873
21875
21877
21879
21881
21883
21885
21887
21889
21891
21893
21895
21897
21899
21900
21902
21904
21906
21908
21910
21912
21914
21916
21918
21920
21922
21924
21926
21928
21930
21932
21934
21936
21938
21940
21942
21944
21946
21948
21950
21952
21954
21956
21958
21960
21962
21964
21965
21968
21970
21971
21974
21976
21977
21980
21982
21984
21986
21988
21990
21991
21994
21996
21997
22000
22002
22003
22006
22008
22009
22012
22014
22016
22018
22020
22022
22023
22026
22028
22029
22032
22034
22035
22038
22040
22041
22044
22046
22048
22049
22052
22054
22055
22058
22060
22062
22064
22067
22069
22071
22074
22076
22079
22081
22083
22086
22088
22090
22093
22095
22098
22100
22102
22105
22107
22110
22112
22114
22117
22119
22121
22124
22126
22129
22131
22133
22136
22138
22140
22143
22145
22148
22150
22152
22155
22157
22160
22162
22164
22166
22169
22171
22173
22176
22178
22180
22182
22185
22187
22189
22192
22194
22196
22198
22201
22203
22205
22208
22210
22212
22215
22217
22219
22221
22224
22226
22228
22231
22233
22235
22237
22240
22242
22244
22247
22249
22251
22253
22256
22258
22260
22263
22265
22267
22270
22271
22273
22275
22277
22278
22280
22282
22284
22285
22287
22289
22291
22293
22294
22296
22298
22300
22301
22303
22305
22307
22309
22310
22312
22314
22316
22317
22319
22321
22323
22325
22326
22328
22330
22332
22333
22335
22337
22339
22340
22342
22344
22346
22348
22349
22351
22353
22355
22356
22358
22360
22362
22364
22365
22367
22369
22371
22372
22374
22376
22378
22380
22382
22384
22386
22388
22390
22392
22394
22396
22398
22400
22402
22404
22406
22409
22411
22413
22415
22417
22419
22421
22423
22425
22427
22429
22431
22433
22436
22438
22440
22442
22444
22446
22448
22450
22452
22454
22456
22458
22460
22463
22465
22467
22469
22471
22473
22475
22477
22479
22481
22483
22485
22487
22490
22492
22495
22498
22500
22503
22506
22508
22511
22514
22516
22519
22522
22524
22527
22530
22532
22535
22538
22540
22543
22546
22549
22551
22554
22557
22559
22562
22565
22567
22570
22573
22575
22578
22581
22583
22586
22589
22591
22594
22597
22600
22602
22604
22606
22608
22611
22613
22615
22617
22620
22622
22624
22626
22628
22631
22633
22635
22637
22640
22642
22644
22646
22648
22651
22653
22655
22657
22660
22662
22664
22666
22668
22671
22673
22675
22677
22680
22682
22684
22686
22688
22691
22693
22695
22697
22700
22701
22703
22705
22707
22709
22711
22713
22715
22717
22719
22721
22723
22725
22727
22729
22731
22733
22735
22737
22739
22741
22743
22745
22747
22749
22751
22753
22755
22756
22758
22760
22762
22764
22766
22768
22770
22772
22774
22776
22778
22780
22782
22784
22786
22788
22790
22792
22794
22796
22798
22800
22802
22804
22806
22808
22810
22812
22814
22816
22818
22820
22822
22824
22826
22828
22830
22832
22834
22836
22838
22840
22842
22844
22846
22848
22850
22852
22854
22856
22858
22861
22863
22865
22867
22869
22871
22873
22875
22877
22879
22881
22883
22885
22887
22889
22891
22893
22895
22897
22899
22901
22903
22905
22907
22910
22912
22914
22916
22919
22921
22923
22926
22928
22930
22932
22935
22937
22939
22942
22944
22946
22948
22951
22953
22955
22958
22960
22962
22965
22967
22969
22971
22974
22976
22978
22981
22983
22985
22987
22990
22992
22994
22997
22999
23001
23003
23006
23008
23010
23013
23015
23017
23020
23022
23024
23026
23028
23030
23032
23034
23036
23039
23041
23043
23045
23047
23049
23051
23053
23055
23058
23060
23062
23064
23066
23068
23070
23072
23075
23077
23079
23081
23083
23085
23087
23089
23091
23094
23096
23098
23100
23102
23104
23106
23108
23110
23113
23115
23117
23119
23121
23123
23125
23127
23130
23132
23134
23136
23138
23140
23142
23144
23146
23149
23151
23153
23155
23157
23159
23161
23163
23165
23168
23170
23172
23174
23176
23178
23180
23182
23185
23187
23189
23191
23193
23195
23197
23199
23201
23204
23206
23208
23210
23212
23214
23216
23218
23220
23223
23225
23227
23229
23231
23233
23235
23237
23240
23242
23244
23246
23248
23251
23253
23255
23257
23260
23262
23264
23266
23269
23271
23273
23275
23278
23280
23282
23284
23287
23289
23291
23293
23296
23298
23300
23302
23305
23307
23309
23311
23314
23316
23318
23320
23323
23325
23327
23329
23332
23334
23336
23338
23341
23343
23345
23347
23350
23351
23353
23355
23357
23359
23361
23363
23365
23366
23368
23370
23372
23374
23376
23378
23380
23382
23383
23385
23387
23389
23391
23393
23395
23397
23399
23400
23402
23404
23406
23408
23410
23412
23414
23416
23417
23419
23421
23423
23425
23427
23429
23431
23433
23434
23436
23438
23440
23442
23444
23446
23448
23450
23452
23454
23456
23459
23461
23463
23466
23468
23470
23472
23475
23477
23479
23482
23484
23486
23488
23491
23493
23495
23498
23500
23502
23505
23507
23509
23511
23514
23516
23518
23521
23523
23525
23527
23530
23532
23534
23537
23539
23541
23543
23546
23548
23550
23553
23555
23557
23560
23562
23564
23567
23569
23572
23574
23577
23579
23582
23584
23586
23589
23591
23594
23596
23599
23601
23604
23606
23608
23611
23613
23616
23618
23621
23623
23626
23628
23630
23633
23635
23638
23640
23643
23645
23648
23650
23652
23655
23657
23660
23662
23665
23667
23670
23672
23674
23676
23679
23681
23683
23686
23688
23690
23692
23695
23697
23699
23702
23704
23706
23708
23711
23713
23715
23718
23720
23722
23725
23727
23729
23731
23734
23736
23738
23741
23743
23745
23747
23750
23752
23754
23757
23759
23761
23763
23766
23768
23770
23773
23775
23777
23780
23782
23784
23786
23789
23791
23793
23795
23798
23800
23802
23805
23807
23809
23811
23814
23816
23818
23820
23823
23825
23827
23830
23832
23834
23836
23839
23841
23843
23845
23848
23850
23852
23855
23857
23859
23861
23864
23866
23868
23870
23873
23875
23877
23880
23882
23884
23887
23889
23891
23894
23896
23899
23901
23903
23906
23908
23911
23913
23915
23918
23920
23923
23925
23927
23930
23932
23935
23937
23939
23942
23944
23946
23949
23951
23954
23956
23958
23961
23963
23966
23968
23970
23973
23975
23978
23980
23982
23985
23987
23990
23993
23997
24001
24005
24009
24013
24017
24021
24025
24029
24033
24037
24041
24045
24048
24052
24056
24060
24064
24068
24072
24076
24080
24084
24088
24092
24096
24100
24103
24106
24110
24113
24116
24120
24123
24126
24130
24133
24136
24140
24143
24146
24150
24153
24156
24160
24163
24166
24170
24173
24176
24180
24183
24186
24189
24193
24196
24200
24203
24207
24211
24215
24218
24222
24226
24230
24234
24237
24241
24245
24249
24253
24256
24260
24264
24268
24272
24275
24279
24283
24287
24291
24294
24298
24302
24306
24310
24312
24314
24317
24319
24321
24324
24326
24329
24331
24333
24336
24338
24340
24343
24345
24348
24350
24352
24355
24357
24360
24362
24364
24367
24369
24371
24374
24376
24379
24381
24383
24386
24388
24390
24393
24395
24398
24400
24402
24405
24407
24410
24411
24413
24415
24417
24419
24421
24423
24425
24427
24429
24431
24433
24435
24437
24438
24440
24442
24444
24446
24448
24450
24452
24454
24456
24458
24460
24462
24464
24465
24467
24469
24471
24473
24475
24477
24479
24481
24483
24485
24487
24489
24491
24492
24494
24496
24498
24500
24502
24504
24506
24508
24510
24512
24514
24516
24518
24520
24522
24524
24526
24528
24531
24533
24535
24537
24539
24541
24544
24546
24548
24550
24553
24555
24557
24559
24561
24564
24566
24568
24570
24572
24575
24577
24579
24581
24583
24586
24588
24590
24592
24594
24596
24599
24601
24603
24605
24608
24610
24612
24614
24616
24619
24621
24623
24625
24627
24630
24633
24636
24640
24643
24646
24650
24653
24656
24660
24663
24666
24669
24673
24676
24680
24683
24686
24689
24693
24696
24700
24703
24706
24709
24713
24716
24720
24723
24726
24729
24733
24736
24740
24742
24745
24747
24750
24752
24755
24757
24760
24763
24765
24768
24770
24773
24775
24778
24780
24783
24786
24788
24791
24793
24796
24798
24801
24803
24806
24809
24811
24814
24816
24819
24821
24824
24826
24829
24832
24834
24837
24839
24842
24844
24847
24850
24852
24854
24856
24858
24861
24863
24865
24867
24870
24872
24874
24876
24878
24881
24883
24885
24887
24890
24892
24894
24896
24898
24901
24903
24905
24907
24910
24912
24914
24916
24918
24921
24923
24925
24927
24930
24932
24934
24936
24938
24941
24943
24945
24947
24950
24952
24954
24956
24959
24961
24963
24966
24968
24970
24972
24975
24977
24979
24982
24984
24986
24988
24991
24993
24995
24998
25000
25002
25005
25007
25009
25011
25014
25016
25018
25021
25023
25025
25027
25030
25032
25034
25037
25039
25041
25043
25046
25048
25050
25053
25055
25057
25060
25062
25065
25068
25070
25073
25076
25078
25081
25084
25087
25089
25092
25095
25097
25100
25103
25105
25108
25111
25114
25116
25119
25122
25124
25127
25130
25132
25135
25138
25141
25143
25146
25149
25151
25154
25157
25160
25163
25166
25169
25172
25175
25178
25181
25184
25187
25190
25193
25196
25199
25202
25205
25208
25211
25215
25218
25221
25224
25227
25230
25233
25236
25239
25242
25245
25248
25251
25254
25257
25260
25263
25266
25270
25272
25275
25278
25281
25283
25286
25289
25291
25294
25297
25300
25303
25305
25308
25311
25314
25316
25319
25322
25325
25327
25330
25333
25336
25338
25341
25344
25346
25349
25352
25355
25358
25360
25363
25366
25369
25371
25374
25377
25380
25384
25388
25392
25396
25401
25405
25409
25413
25418
25422
25426
25430
25435
25439
25443
25447
25451
25456
25460
25464
25468
25473
25477
25481
25485
25490
25493
25497
25500
25504
25508
25512
25515
25519
25523
25526
25530
25534
25537
25541
25545
25548
25552
25556
25559
25563
25567
25570
25574
25578
25581
25585
25589
25592
25596
25600
25602
25605
25608
25611
25614
25617
25620
25623
25626
25628
25631
25634
25637
25640
25643
25646
25649
25652
25655
25657
25660
25663
25666
25669
25672
25675
25678
25681
25683
25686
25689
25692
25695
25698
25701
25704
25707
25710
25712
25714
25716
25718
25720
25722
25725
25727
25729
25731
25733
25735
25738
25740
25742
25744
25746
25748
25750
25753
25755
25757
25759
25761
25763
25766
25768
25770
25772
25774
25776
25779
25781
25783
25785
25787
25789
25791
25794
25796
25798
25800
25802
25804
25807
25809
25811
25813
25815
25817
25820
25822
25825
25827
25830
25832
25835
25837
25840
25842
25845
25847
25850
25852
25855
25857
25860
25862
25865
25867
25870
25872
25875
25877
25880
25882
25885
25887
25890
25892
25895
25897
25900
25902
25905
25907
25910
25912
25915
25917
25919
25922
25925
25927
25930
25932
25934
25937
25939
25942
25944
25947
25949
25952
25954
25956
25959
25961
25964
25966
25969
25971
25974
25976
25978
25981
25983
25986
25988
25991
25993
25996
25998
26000
26003
26005
26008
26010
26013
26015
26018
26020
26022
26025
26027
26030
26032
26035
26037
26040
26043
26046
26050
26053
26057
26060
26064
26067
26071
26074
26077
26081
26084
26088
26091
26095
26098
26102
26105
26108
26112
26115
26119
26122
26126
26129
26133
26136
26140
26142
26145
26147
26150
26152
26155
26157
26160
26163
26165
26168
26170
26173
26175
26178
26180
26183
26186
26188
26191
26193
26196
26198
26201
26203
26206
26209
26211
26214
26216
26219
26221
26224
26226
26229
26232
26234
26237
26239
26242
26244
26247
26250
26251
26253
26255
26257
26259
26261
26263
26264
26266
26268
26270
26272
26274
26276
26277
26279
26281
26283
26285
26287
26289
26291
26292
26294
26296
26298
26300
26302
26304
26305
26307
26309
26311
26313
26315
26317
26318
26320
26322
26324
26326
26328
26330
26332
26333
26335
26337
26339
26341
26343
26345
26346
26348
26350
26352
26354
26356
26358
26360
26361
26363
26365
26367
26369
26371
26373
26375
26377
26379
26381
26383
26384
26386
26388
26390
26392
26394
26396
26398
26400
26402
26404
26406
26408
26410
26411
26413
26415
26417
26419
26421
26423
26425
26427
26429
26431
26433
26435
26436
26438
26440
26442
26444
26446
26448
26450
26452
26454
26456
26458
26460
26461
26463
26464
26466
26467
26469
26471
26472
26474
26475
26477
26479
26480
26482
26483
26485
26487
26488
26490
26491
26493
26495
26496
26498
26499
26501
26503
26504
26506
26507
26509
26511
26512
26514
26515
26517
26518
26520
26522
26523
26525
26526
26528
26530
26531
26533
26534
26536
26538
26539
26541
26542
26544
26546
26547
26549
26550
26552
26554
26555
26557
26558
26560
26562
26563
26565
26566
26568
26570
26571
26573
26575
26577
26579
26581
26583
26585
26587
26589
26591
26593
26595
26597
26599
26601
26603
26605
26607
26609
26611
26613
26615
26617
26619
26620
26622
26624
26626
26628
26630
26632
26634
26636
26638
26640
26642
26644
26646
26648
26650
26652
26654
26656
26658
26660
26662
26664
26666
26668
26670
26671
26673
26675
26676
26678
26680
26682
26683
26685
26687
26689
26690
26692
26694
26696
26697
26699
26701
26703
26704
26706
26708
26710
26711
26713
26715
26717
26718
26720
26722
26724
26725
26727
26729
26731
26732
26734
26736
26738
26739
26741
26743
26745
26746
26748
26750
26752
26753
26755
26757
26759
26760
26762
26764
26766
26767
26769
26771
26773
26774
26776
26778
26780
26781
26783
26785
26787
26789
26790
26792
26794
26796
26798
26800
26801
26803
26805
26807
26809
26810
26812
26814
26816
26818
26820
26821
26823
26825
26827
26829
26830
26832
26834
26836
26838
26840
26841
26843
26845
26847
26849
26850
26852
26854
26856
26858
26860
26861
26863
26865
26867
26869
26870
26872
26874
26876
26878
26880
26881
26883
26885
26886
26888
26890
26891
26893
26895
26896
26898
26900
26901
26903
26905
26907
26908
26910
26912
26913
26915
26917
26918
26920
26922
26924
26925
26927
26929
26930
26932
26934
26935
26937
26939
26940
26942
26944
26945
26947
26949
26951
26952
26954
26956
26957
26959
26961
26962
26964
26966
26968
26969
26971
26973
26974
26976
26978
26979
26981
26983
26984
26986
26988
26990
26991
26993
26995
26997
26998
27000
27002
27004
27005
27007
27009
27011
27013
27014
27016
27018
27020
27021
27023
27025
27027
27029
27030
27032
27034
27036
27037
27039
27041
27043
27045
27046
27048
27050
27052
27053
27055
27057
27059
27060
27062
27064
27066
27068
27069
27071
27073
27075
27076
27078
27080
27082
27084
27085
27087
27089
27091
27092
27094
27096
27098
27100
27102
27104
27106
27108
27110
27112
27114
27116
27118
27120
27122
27124
27126
27128
27130
27132
27134
27136
27138
27140
27142
27144
27146
27148
27150
27152
27154
27156
27158
27160
27162
27164
27166
27168
27170
27172
27174
27176
27178
27180
27182
27184
27186
27188
27190
27192
27194
27195
27198
27200
27201
27203
27204
27206
27208
27209
27211
27212
27214
27216
27217
27219
27221
27222
27224
27225
27227
27229
27230
27232
27233
27235
27237
27238
27240
27242
27243
27245
27246
27248
27250
27251
27253
27255
27256
27258
27259
27261
27263
27264
27266
27267
27269
27271
27272
27274
27276
27277
27279
27280
27282
27284
27285
27287
27288
27290
27292
27293
27295
27297
27298
27300
27301
27303
27305
27306
27308
27310
27311
27313
27315
27317
27318
27320
27322
27324
27325
27327
27329
27331
27332
27334
27336
27338
27339
27341
27343
27345
27346
27348
27350
27352
27353
27355
27357
27359
27360
27362
27364
27366
27367
27369
27371
27373
27374
27376
27378
27380
27381
27383
27385
27387
27388
27390
27392
27394
27395
27397
27399
27401
27402
27404
27406
27408
27410
27411
27413
27415
27417
27418
27420
27422
27424
27425
27427
27429
27431
27433
27434
27436
27438
27440
27441
27443
27445
27447
27449
27450
27452
27454
27456
27457
27459
27461
27463
27465
27466
27468
27470
27472
27473
27475
27477
27479
27480
27482
27484
27486
27488
27489
27491
27493
27495
27496
27498
27500
27502
27504
27505
27507
27509
27511
27512
27514
27516
27518
27520
27521
27523
27525
27526
27528
27530
27531
27533
27535
27536
27538
27540
27541
27543
27545
27547
27548
27550
27552
27553
27555
27557
27558
27560
27562
27564
27565
27567
27569
27570
27572
27574
27575
27577
27579
27580
27582
27584
27586
27587
27589
27591
27592
27594
27596
27597
27599
27601
27602
27604
27606
27608
27609
27611
27613
27614
27616
27618
27619
27621
27623
27624
27626
27628
27630
27631
27633
27635
27636
27638
27640
27642
27643
27645
27647
27649
27650
27652
27654
27656
27657
27659
27661
27663
27664
27666
27668
27670
27671
27673
27675
27677
27678
27680
27682
27684
27685
27687
27689
27691
27692
27694
27696
27698
27699
27701
27703
27705
27706
27708
27710
27712
27713
27715
27717
27719
27720
27722
27724
27726
27727
27729
27731
27733
27734
27736
27738
27740
27741
27743
27745
27746
27748
27750
27752
27753
27755
27757
27758
27760
27762
27764
27765
27767
27769
27770
27772
27774
27776
27777
27779
27781
27782
27784
27786
27788
27789
27791
27793
27795
27796
27798
27800
27801
27803
27805
27807
27808
27810
27812
27813
27815
27817
27819
27820
27822
27824
27825
27827
27829
27831
27832
27834
27836
27837
27839
27841
27843
27844
27846
27848
27850
27851
27853
27855
27857
27858
27860
27862
27864
27866
27867
27869
27871
27873
27875
27876
27878
27880
27882
27883
27885
27887
27889
27891
27892
27894
27896
27898
27900
27901
27903
27905
27907
27908
27910
27912
27914
27916
27917
27919
27921
27923
27925
27926
27928
27930
27932
27933
27935
27937
27939
27941
27942
27944
27946
27948
27950
27951
27953
27955
27957
27959
27961
27963
27965
27967
27969
27971
27973
27975
27977
27978
27980
27982
27984
27986
27988
27990
27992
27994
27996
27998
28000
28002
28004
28005
28007
28009
28011
28013
28015
28017
28019
28021
28023
28025
28027
28029
28031
28032
28034
28036
28038
28040
28042
28044
28046
28048
28050
28052
28054
28056
28058
28060
28061
28063
28065
28067
28069
28071
28072
28074
28076
28078
28080
28082
28084
28085
28087
28089
28091
28093
28095
28097
28098
28100
28102
28104
28106
28108
28110
28111
28113
28115
28117
28119
28121
28122
28124
28126
28128
28130
28132
28134
28135
28137
28139
28141
28143
28145
28147
28148
28150
28152
28154
28156
28158
28160
28161
28163
28165
28167
28169
28171
28172
28174
28176
28178
28180
28182
28183
28185
28187
28189
28191
28193
28194
28196
28198
28200
28202
28204
28205
28207
28209
28211
28213
28215
28216
28218
28220
28222
28224
28226
28227
28229
28231
28233
28235
28237
28238
28240
28242
28244
28246
28248
28249
28251
28253
28255
28257
28259
28260
28262
28264
28266
28268
28270
28272
28274
28276
28278
28280
28282
28284
28286
28289
28291
28293
28295
28297
28299
28301
28303
28305
28308
28310
28312
28314
28316
28318
28320
28322
28325
28327
28329
28331
28333
28335
28337
28339
28341
28344
28346
28348
28350
28352
28354
28356
28358
28360
28363
28365
28367
28369
28371
28373
28375
28377
28380
28381
28383
28385
28387
28389
28391
28393
28395
28397
28399
28401
28403
28405
28407
28408
28410
28412
28414
28416
28418
28420
28422
28424
28426
28428
28430
28432
28434
28435
28437
28439
28441
28443
28445
28447
28449
28451
28453
28455
28457
28459
28461
28462
28464
28466
28468
28470
28472
28474
28476
28478
28480
28482
28484
28486
28488
28490
28491
28493
28495
28497
28499
28501
28503
28504
28506
28508
28510
28512
28514
28516
28517
28519
28521
28523
28525
28527
28529
28531
28532
28534
28536
28538
28540
28542
28544
28545
28547
28549
28551
28553
28555
28557
28558
28560
28562
28564
28566
28568
28570
28572
28573
28575
28577
28579
28581
28583
28585
28586
28588
28590
28592
28594
28596
28598
28600
28601
28603
28605
28607
28609
28611
28613
28615
28617
28619
28621
28623
28625
28627
28629
28631
28633
28635
28637
28639
28641
28643
28645
28647
28649
28650
28652
28654
28656
28658
28660
28662
28664
28666
28668
28670
28672
28674
28676
28678
28680
28682
28684
28686
28688
28690
28692
28694
28696
28698
28700
28702
28704
28706
28708
28710
28712
28714
28716
28718
28720
28722
28724
28726
28728
28730
28732
28734
28736
28738
28740
28742
28744
28746
28748
28750
28752
28755
28757
28759
28761
28763
28765
28767
28769
28771
28773
28775
28777
28779
28781
28783
28785
28787
28789
28791
28793
28795
28797
28799
28801
28803
28805
28807
28810
28811
28813
28815
28816
28818
28820
28822
28823
28825
28827
28828
28830
28832
28834
28835
28837
28839
28841
28842
28844
28846
28847
28849
28851
28853
28854
28856
28858
28860
28861
28863
28865
28866
28868
28870
28872
28873
28875
28877
28878
28880
28882
28884
28885
28887
28889
28891
28892
28894
28896
28897
28899
28901
28903
28904
28906
28908
28910
28912
28914
28916
28918
28921
28923
28925
28927
28930
28932
28934
28936
28939
28941
28943
28945
28948
28950
28952
28954
28957
28959
28961
28963
28966
28968
28970
28972
28975
28977
28979
28981
28984
28986
28988
28990
28993
28995
28997
28999
29002
29004
29006
29008
29011
29013
29015
29017
29020
29022
29024
29026
29028
29030
29032
29034
29036
29038
29040
29042
29044
29046
29048
29050
29052
29054
29056
29058
29060
29062
29064
29066
29068
29070
29072
29075
29077
29079
29081
29083
29085
29087
29089
29091
29093
29095
29097
29099
29101
29103
29105
29107
29109
29111
29113
29115
29117
29119
29121
29123
29125
29127
29130
29131
29133
29135
29137
29138
29140
29142
29144
29145
29147
29149
29151
29153
29154
29156
29158
29160
29161
29163
29165
29167
29169
29170
29172
29174
29176
29177
29179
29181
29183
29185
29186
29188
29190
29192
29193
29195
29197
29199
29200
29202
29204
29206
29208
29209
29211
29213
29215
29216
29218
29220
29222
29224
29225
29227
29229
29231
29232
29234
29236
29238
29240
29241
29243
29245
29247
29249
29250
29252
29254
29256
29258
29260
29262
29263
29265
29267
29269
29271
29273
29274
29276
29278
29280
29282
29284
29285
29287
29289
29291
29293
29295
29296
29298
29300
29302
29304
29306
29307
29309
29311
29313
29315
29317
29318
29320
29322
29324
29326
29328
29329
29331
29333
29335
29337
29339
29340
29342
29344
29346
29348
29350
29352
29354
29356
29358
29360
29362
29364
29367
29369
29371
29373
29375
29377
29379
29381
29384
29386
29388
29390
29392
29394
29396
29398
29401
29403
29405
29407
29409
29411
29413
29415
29418
29420
29422
29424
29426
29428
29430
29432
29435
29437
29439
29441
29443
29445
29447
29450
29452
29454
29456
29458
29461
29463
29465
29467
29469
29471
29474
29476
29478
29480
29483
29485
29487
29489
29491
29494
29496
29498
29500
29502
29505
29507
29509
29511
29513
29516
29518
29520
29522
29524
29526
29529
29531
29533
29535
29538
29540
29542
29544
29546
29549
29551
29553
29555
29557
29560
29561
29563
29564
29566
29568
29570
29571
29573
29575
29576
29578
29580
29581
29583
29585
29586
29588
29590
29591
29593
29595
29596
29598
29599
29601
29603
29605
29606
29608
29610
29611
29613
29615
29616
29618
29620
29621
29623
29625
29626
29628
29630
29631
29633
29634
29636
29638
29640
29641
29643
29645
29646
29648
29650
29651
29653
29655
29656
29658
29660
29662
29664
29666
29668
29670
29672
29674
29676
29678
29680
29682
29684
29686
29688
29690
29692
29694
29696
29698
29700
29702
29704
29706
29708
29710
29712
29715
29717
29719
29721
29723
29725
29727
29729
29731
29733
29735
29737
29739
29741
29743
29745
29747
29749
29751
29753
29755
29757
29759
29761
29763
29765
29767
29770
29771
29773
29775
29776
29778
29780
29782
29783
29785
29787
29788
29790
29792
29794
29795
29797
29799
29800
29802
29804
29806
29807
29809
29811
29812
29814
29816
29818
29819
29821
29823
29825
29826
29828
29830
29831
29833
29835
29837
29838
29840
29842
29843
29845
29847
29849
29850
29852
29854
29855
29857
29859
29861
29862
29864
29866
29867
29869
29871
29873
29874
29876
29878
29880
29881
29883
29884
29886
29888
29889
29891
29892
29894
29896
29897
29899
29901
29902
29904
29905
29907
29909
29910
29912
29913
29915
29917
29918
29920
29922
29923
29925
29926
29928
29930
29931
29933
29935
29936
29938
29939
29941
29943
29944
29946
29947
29949
29951
29952
29954
29956
29957
29959
29960
29962
29964
29965
29967
29968
29970
29972
29973
29975
29977
29978
29980
29981
29983
29985
29986
29988
29990
