2
5
7
10
12
15
17
20
23
25
28
30
33
35
38
40
43
46
48
51
53
56
58
61
63
66
69
71
74
76
79
81
84
86
89
92
94
97
99
102
104
107
110
113
117
121
124
128
132
135
139
143
147
150
154
158
161
165
169
172
176
180
184
187
191
195
198
202
206
210
213
216
220
223
226
229
233
236
240
243
246
250
253
256
260
263
266
270
273
276
280
283
286
290
293
296
300
303
306
310
313
316
320
323
327
330
334
337
341
345
348
352
355
359
362
366
370
373
377
380
384
387
391
395
398
402
405
409
412
416
420
422
425
427
430
433
435
438
440
443
446
448
451
454
456
459
461
464
467
469
472
475
477
480
482
485
488
490
493
495
498
501
503
506
509
511
514
516
519
522
524
527
530
532
535
538
540
543
546
548
551
554
557
559
562
565
567
570
573
575
578
581
584
586
589
592
594
597
600
602
605
608
611
613
616
619
621
624
627
630
632
635
638
641
644
646
649
652
655
658
661
663
666
669
672
675
677
680
683
686
689
692
694
697
700
703
706
708
711
714
717
720
723
725
728
731
734
737
740
742
744
747
749
751
754
756
758
761
763
765
768
770
772
775
777
779
782
784
786
789
791
793
796
798
800
803
805
807
810
812
814
817
819
821
824
826
828
831
833
835
838
840
842
845
847
850
852
855
858
860
863
866
868
871
874
877
879
882
885
887
890
893
895
898
901
904
906
909
912
914
917
920
922
925
928
931
933
936
939
941
944
947
950
952
954
957
959
961
964
966
969
971
973
976
978
981
983
985
988
990
993
995
997
1000
1002
1004
1007
1009
1012
1014
1016
1019
1021
1024
1026
1028
1031
1033
1036
1038
1040
1043
1045
1048
1050
1052
1055
1057
1060
1062
1065
1067
1070
1072
1075
1077
1080
1083
1085
1088
1090
1093
1095
1098
1101
1103
1106
1108
1111
1113
1116
1118
1121
1124
1126
1129
1131
1134
1136
1139
1142
1144
1147
1149
1152
1154
1157
1160
1163
1166
1169
1172
1176
1179
1182
1185
1189
1192
1195
1198
1202
1205
1208
1211
1214
1218
1221
1224
1227
1231
1234
1237
1240
1244
1247
1250
1253
1257
1260
1263
1266
1270
1272
1275
1278
1281
1284
1287
1290
1293
1296
1299
1302
1305
1308
1311
1314
1317
1320
1323
1326
1329
1332
1335
1338
1341
1344
1347
1350
1353
1356
1359
1362
1365
1368
1371
1374
1377
1380
1382
1385
1388
1391
1394
1397
1400
1403
1406
1409
1412
1415
1418
1421
1424
1427
1430
1433
1436
1439
1442
1445
1448
1451
1454
1457
1460
1463
1466
1469
1472
1475
1478
1481
1484
1487
1490
1494
1498
1503
1507
1512
1516
1520
1525
1529
1534
1538
1542
1547
1551
1556
1560
1564
1569
1573
1578
1582
1586
1591
1595
1600
1605
1611
1616
1622
1627
1633
1638
1644
1650
1655
1661
1666
1672
1677
1683
1688
1694
1700
1707
1715
1723
1731
1739
1747
1755
1762
1770
1778
1786
1794
1802
1810
1814
1819
1823
1828
1832
1837
1841
1846
1850
1855
1859
1864
1869
1873
1878
1882
1887
1891
1896
1900
1905
1910
1913
1916
1920
1923
1927
1930
1934
1937
1940
1944
1947
1951
1954
1958
1961
1964
1968
1971
1975
1978
1982
1985
1989
1992
1995
1999
2002
2006
2009
2013
2016
2020
2023
2026
2029
2032
2035
2038
2041
2045
2048
2051
2054
2057
2060
2063
2066
2070
2073
2076
2079
2082
2085
2088
2091
2095
2098
2101
2104
2107
2110
2113
2116
2120
2122
2125
2127
2130
2132
2135
2137
2140
2142
2145
2147
2150
2152
2155
2157
2160
2162
2165
2167
2170
2172
2175
2177
2180
2182
2185
2187
2190
2192
2195
2197
2200
2202
2205
2207
2210
2212
2215
2217
2220
2222
2225
2227
2230
2233
2237
2240
2244
2247
2251
2254
2258
2261
2265
2269
2272
2276
2279
2283
2286
2290
2293
2297
2300
2304
2308
2311
2315
2318
2322
2325
2329
2332
2336
2340
2343
2346
2349
2353
2356
2360
2363
2366
2370
2373
2376
2380
2383
2386
2389
2393
2396
2400
2403
2406
2410
2413
2416
2420
2423
2426
2429
2433
2436
2440
2442
2445
2448
2451
2454
2456
2459
2462
2465
2468
2471
2473
2476
2479
2482
2485
2487
2490
2493
2496
2499
2502
2504
2507
2510
2513
2516
2518
2521
2524
2527
2530
2533
2535
2538
2541
2544
2547
2550
2553
2556
2559
2562
2565
2568
2571
2574
2578
2581
2584
2587
2590
2593
2596
2599
2603
2606
2609
2612
2615
2618
2621
2625
2628
2631
2634
2637
2640
2643
2646
2650
2652
2655
2658
2661
2664
2667
2670
2673
2676
2679
2682
2685
2688
2691
2694
2697
2700
2703
2706
2709
2712
2715
2718
2721
2724
2727
2730
2733
2736
2739
2742
2745
2748
2751
2754
2757
2760
2762
2764
2767
2769
2771
2774
2776
2779
2781
2783
2786
2788
2791
2793
2795
2798
2800
2803
2805
2807
2810
2812
2815
2817
2819
2822
2824
2826
2829
2831
2834
2836
2838
2841
2843
2846
2848
2850
2853
2855
2858
2860
2862
2865
2867
2870
2872
2875
2878
2881
2884
2887
2890
2893
2896
2898
2901
2904
2907
2910
2913
2916
2919
2922
2925
2927
2930
2933
2936
2939
2942
2945
2948
2951
2953
2956
2959
2962
2965
2968
2971
2974
2977
2980
2982
2984
2987
2989
2991
2994
2996
2998
3001
3003
3005
3008
3010
3012
3015
3017
3019
3022
3024
3026
3029
3031
3033
3036
3038
3040
3043
3045
3047
3050
3052
3054
3057
3059
3061
3064
3066
3068
3071
3073
3075
3078
3080
3082
3085
3087
3090
3092
3095
3097
3100
3102
3105
3107
3110
3113
3115
3118
3120
3123
3125
3128
3131
3133
3136
3138
3141
3143
3146
3148
3151
3154
3156
3159
3161
3164
3166
3169
3172
3174
3177
3179
3182
3184
3187
3190
3192
3194
3197
3199
3201
3204
3206
3208
3211
3213
3215
3218
3220
3222
3225
3227
3229
3232
3234
3236
3239
3241
3243
3246
3248
3250
3253
3255
3257
3260
3262
3264
3267
3269
3271
3274
3276
3278
3281
3283
3285
3288
3290
3292
3295
3297
3300
3302
3305
3307
3310
3313
3315
3318
3321
3323
3326
3328
3331
3334
3336
3339
3342
3344
3347
3350
3352
3355
3357
3360
3363
3365
3368
3371
3373
3376
3378
3381
3384
3386
3389
3392
3394
3397
3400
3402
3404
3406
3408
3411
3413
3415
3417
3420
3422
3424
3426
3429
3431
3433
3435
3438
3440
3442
3444
3447
3449
3451
3453
3456
3458
3460
3462
3465
3467
3469
3471
3474
3476
3478
3480
3483
3485
3487
3489
3492
3494
3496
3498
3501
3503
3505
3507
3510
3512
3514
3516
3518
3520
3523
3525
3527
3529
3531
3534
3536
3538
3540
3542
3544
3547
3549
3551
3553
3555
3558
3560
3562
3564
3566
3568
3571
3573
3575
3577
3579
3582
3584
3586
3588
3590
3592
3595
3597
3599
3601
3603
3606
3608
3610
3612
3614
3616
3619
3621
3623
3625
3627
3630
3632
3634
3636
3639
3641
3643
3646
3648
3650
3652
3655
3657
3659
3662
3664
3666
3668
3671
3673
3675
3678
3680
3682
3685
3687
3689
3691
3694
3696
3698
3701
3703
3705
3707
3710
3712
3714
3717
3719
3721
3723
3726
3728
3730
3733
3735
3737
3740
3742
3745
3748
3751
3754
3757
3760
3763
3766
3768
3771
3774
3777
3780
3783
3786
3789
3792
3795
3797
3800
3803
3806
3809
3812
3815
3818
3821
3823
3826
3829
3832
3835
3838
3841
3844
3847
3850
3853
3856
3859
3862
3865
3868
3871
3875
3878
3881
3884
3887
3890
3893
3896
3900
3903
3906
3909
3912
3915
3918
3921
3925
3928
3931
3934
3937
3940
3943
3946
3950
3952
3955
3958
3961
3964
3967
3970
3973
3976
3979
3982
3985
3988
3990
3993
3996
3999
4002
4005
4008
4011
4014
4017
4020
4023
4026
4029
4031
4034
4037
4040
4043
4046
4049
4052
4055
4058
4061
4064
4067
4070
4074
4078
4083
4087
4091
4096
4100
4104
4109
4113
4117
4122
4126
4130
4135
4139
4143
4148
4152
4156
4161
4165
4170
4175
4180
4185
4190
4195
4200
4205
4210
4215
4220
4225
4230
4235
4240
4245
4250
4255
4260
4265
4270
4275
4280
4285
4291
4296
4302
4307
4313
4318
4324
4329
4335
4340
4346
4351
4357
4362
4367
4373
4379
4384
4390
4393
4397
4401
4405
4409
4413
4417
4421
4425
4429
4433
4437
4441
4445
4448
4452
4456
4460
4464
4468
4472
4476
4480
4484
4488
4492
4496
4500
4505
4511
4517
4522
4528
4534
4540
4545
4551
4557
4562
4568
4574
4580
4585
4591
4597
4602
4608
4614
4620
4625
4630
4635
4640
4646
4651
4656
4661
4667
4672
4677
4682
4688
4693
4698
4703
4709
4714
4719
4724
4730
4735
4741
4746
4752
4757
4763
4768
4774
4779
4785
4790
4796
4801
4807
4812
4818
4823
4829
4834
4840
4844
4849
4853
4858
4862
4867
4871
4876
4880
4885
4890
4894
4899
4903
4908
4912
4917
4921
4926
4930
4935
4940
4943
4947
4951
4954
4958
4962
4965
4969
4973
4976
4980
4984
4987
4991
4995
4998
5002
5006
5009
5013
5017
5020
5024
5028
5031
5035
5039
5042
5046
5050
5053
5056
5059
5062
5065
5068
5071
5074
5077
5080
5083
5086
5089
5092
5095
5098
5101
5104
5107
5110
5113
5116
5119
5122
5125
5128
5131
5134
5137
5140
5143
5146
5150
5153
5157
5161
5165
5168
5172
5176
5180
5184
5187
5191
5195
5199
5203
5206
5210
5214
5218
5222
5225
5229
5233
5237
5241
5244
5248
5252
5256
5260
5264
5268
5272
5277
5281
5285
5290
5294
5298
5302
5307
5311
5315
5320
5324
5328
5332
5337
5341
5345
5350
5354
5358
5362
5367
5371
5375
5380
5382
5385
5388
5390
5393
5396
5398
5401
5404
5406
5409
5412
5414
5417
5420
5422
5425
5428
5430
5433
5436
5439
5441
5444
5447
5449
5452
5455
5457
5460
5463
5465
5468
5471
5473
5476
5479
5481
5484
5487
5490
5493
5496
5499
5502
5506
5509
5512
5515
5519
5522
5525
5528
5532
5535
5538
5541
5545
5548
5551
5554
5557
5561
5564
5567
5570
5574
5577
5580
5583
5587
5590
5593
5596
5600
5604
5609
5613
5618
5622
5627
5631
5636
5640
5645
5650
5654
5659
5663
5668
5672
5677
5681
5686
5690
5695
5700
5703
5707
5711
5715
5718
5722
5726
5730
5734
5737
5741
5745
5749
5753
5756
5760
5764
5768
5772
5775
5779
5783
5787
5791
5794
5798
5802
5806
5810
5812
5815
5818
5821
5824
5827
5830
5832
5835
5838
5841
5844
5847
5850
5852
5855
5858
5861
5864
5867
5870
5872
5875
5878
5881
5884
5887
5890
5892
5895
5898
5901
5904
5907
5910
5913
5916
5919
5922
5925
5928
5932
5935
5938
5941
5944
5947
5950
5954
5957
5960
5963
5966
5969
5972
5976
5979
5982
5985
5988
5991
5994
5997
6001
6004
6007
6010
6013
6016
6020
6022
6025
6028
6031
6033
6036
6039
6042
6044
6047
6050
6053
6055
6058
6061
6064
6066
6069
6072
6074
6077
6080
6083
6085
6088
6091
6094
6096
6099
6102
6105
6108
6110
6113
6116
6119
6121
6124
6127
6130
6132
6134
6137
6139
6141
6144
6146
6149
6151
6153
6156
6158
6161
6163
6165
6168
6170
6173
6175
6177
6180
6182
6185
6187
6189
6192
6194
6196
6199
6201
6204
6206
6208
6211
6213
6216
6218
6220
6223
6225
6228
6230
6232
6235
6237
6240
6242
6245
6247
6250
6253
6255
6258
6260
6263
6266
6268
6271
6273
6276
6279
6281
6284
6286
6289
6292
6294
6297
6300
6302
6305
6307
6310
6313
6315
6318
6320
6323
6326
6328
6331
6333
6336
6339
6341
6344
6346
6349
6352
6354
6357
6360
6362
6365
6367
6370
6373
6375
6378
6381
6383
6386
6388
6391
6394
6396
6399
6402
6404
6407
6410
6412
6415
6417
6420
6423
6425
6428
6431
6433
6436
6438
6441
6444
6446
6449
6452
6454
6457
6460
6462
6464
6466
6468
6471
6473
6475
6477
6479
6482
6484
6486
6488
6490
6493
6495
6497
6499
6501
6504
6506
6508
6510
6512
6515
6517
6519
6521
6523
6526
6528
6530
6532
6534
6537
6539
6541
6543
6545
6548
6550
6552
6554
6556
6559
6561
6563
6565
6567
6570
6572
6575
6577
6580
6583
6585
6588
6591
6593
6596
6598
6601
6604
6606
6609
6612
6614
6617
6620
6622
6625
6627
6630
6633
6635
6638
6641
6643
6646
6648
6651
6654
6656
6659
6662
6664
6667
6670
6672
6675
6678
6680
6683
6686
6688
6691
6694
6696
6699
6702
6704
6707
6710
6712
6715
6718
6720
6723
6726
6729
6731
6734
6737
6739
6742
6745
6747
6750
6753
6755
6758
6761
6763
6766
6769
6771
6774
6777
6780
6782
6785
6787
6790
6793
6795
6798
6801
6803
6806
6808
6811
6814
6816
6819
6822
6824
6827
6830
6832
6835
6837
6840
6843
6845
6848
6851
6853
6856
6858
6861
6864
6866
6869
6872
6874
6877
6880
6882
6885
6888
6891
6893
6896
6899
6902
6904
6907
6910
6913
6915
6918
6921
6924
6926
6929
6932
6935
6937
6940
6943
6946
6948
6951
6954
6957
6959
6962
6965
6968
6970
6973
6976
6979
6981
6984
6987
6990
6993
6996
7000
7003
7006
7010
7013
7016
7020
7023
7026
7030
7033
7036
7040
7043
7046
7050
7053
7056
7060
7063
7066
7069
7073
7076
7080
7083
7086
7090
7093
7096
7100
7102
7105
7107
7110
7112
7115
7117
7120
7123
7125
7128
7130
7133
7135
7138
7141
7143
7146
7148
7151
7153
7156
7158
7161
7164
7166
7169
7171
7174
7176
7179
7182
7184
7187
7189
7192
7194
7197
7200
7202
7205
7208
7211
7214
7217
7220
7223
7226
7229
7232
7235
7238
7241
7244
7247
7250
7253
7256
7259
7262
7265
7268
7271
7274
7277
7280
7283
7286
7289
7292
7295
7298
7301
7304
7307
7310
7314
7318
7323
7327
7332
7336
7340
7345
7349
7354
7358
7362
7367
7371
7375
7380
7384
7389
7393
7398
7402
7406
7411
7415
7420
7423
7427
7430
7434
7437
7441
7444
7448
7451
7455
7459
7462
7466
7469
7473
7476
7480
7483
7487
7490
7494
7498
7501
7505
7508
7512
7515
7519
7522
7526
7530
7535
7540
7545
7550
7555
7560
7565
7570
7575
7580
7585
7590
7595
7600
7605
7610
7615
7620
7625
7630
7633
7637
7641
7644
7648
7652
7655
7659
7663
7666
7670
7674
7677
7681
7685
7688
7692
7696
7699
7703
7707
7710
7714
7718
7721
7725
7729
7732
7736
7740
7746
7752
7758
7764
7770
7776
7782
7788
7794
7800
7806
7812
7818
7824
7830
7836
7842
7848
7854
7860
7867
7874
7881
7888
7895
7902
7910
7917
7924
7931
7938
7945
7952
7960
7970
7981
7992
8003
8014
8025
8035
8046
8057
8068
8079
8090
8096
8103
8109
8116
8123
8129
8136
8143
8150
8156
8163
8170
8176
8183
8189
8200
8209
8220
8230
8240
8250
8260
8270
8280
8290
8300
8312
8325
8337
8350
8362
8375
8387
8400
8405
8411
8417
8423
8428
8434
8440
8446
8452
8457
8463
8469
8475
8481
8486
8492
8498
8504
8510
8514
8518
8522
8526
8530
8534
8538
8543
8547
8551
8555
8559
8563
8567
8572
8576
8580
8584
8588
8592
8596
8601
8605
8609
8613
8617
8621
8625
8630
8633
8636
8640
8643
8646
8650
8653
8656
8660
8663
8666
8670
8673
8676
8680
8683
8686
8690
8693
8696
8700
8703
8706
8710
8713
8716
8720
8723
8726
8730
8733
8736
8740
8744
8748
8752
8756
8760
8764
8768
8772
8776
8780
8784
8788
8792
8797
8801
8805
8809
8813
8817
8821
8825
8829
8833
8837
8841
8845
8850
8870
8889
8910
8930
8950
8959
8969
8980
8990
9000
9010
9020
9030
9040
9050
9060
9065
9070
9075
9081
9086
9091
9096
9102
9107
9112
9117
9123
9128
9133
9138
9144
9149
9154
9160
9165
9171
9176
9182
9187
9193
9198
9204
9209
9215
9220
9226
9231
9237
9242
9248
9253
9259
9264
9270
9272
9274
9276
9278
9280
9282
9284
9287
9289
9291
9293
9295
9297
9299
9301
9304
9306
9308
9310
9312
9314
9316
9318
9321
9323
9325
9327
9329
9331
9333
9335
9338
9340
9342
9344
9346
9348
9350
9352
9355
9357
9359
9361
9363
9365
9367
9370
9372
9374
9376
9378
9381
9383
9385
9387
9390
9392
9394
9396
9399
9401
9403
9405
9408
9410
9412
9414
9417
9419
9421
9423
9426
9428
9430
9432
9435
9437
9439
9441
9444
9446
9448
9450
9453
9455
9457
9459
9462
9464
9466
9468
9471
9473
9475
9477
9480
9482
9485
9488
9490
9493
9496
9498
9501
9504
9506
9509
9512
9514
9517
9520
9522
9525
9528
9530
9533
9536
9539
9541
9544
9547
9549
9552
9555
9557
9560
9563
9565
9568
9571
9573
9576
9579
9581
9584
9587
9590
9592
9594
9596
9598
9600
9602
9604
9606
9608
9610
9612
9615
9617
9619
9621
9623
9625
9627
9629
9631
9633
9635
9637
9640
9642
9644
9646
9648
9650
9652
9654
9656
9658
9660
9662
9665
9667
9669
9671
9673
9675
9677
9679
9681
9683
9685
9687
9690
9693
9696
9699
9702
9705
9708
9711
9714
9717
9720
9723
9726
9729
9732
9735
9738
9741
9745
9748
9751
9754
9757
9760
9763
9766
9769
9772
9775
9778
9781
9784
9787
9790
9793
9796
9800
9802
9805
9808
9811
9814
9817
9820
9822
9825
9828
9831
9834
9837
9840
9842
9845
9848
9851
9854
9857
9860
9862
9865
9868
9871
9874
9877
9880
9882
9885
9888
9891
9894
9897
9900
9904
9908
9912
9916
9920
9924
9928
9932
9936
9940
9944
9948
9952
9957
9961
9965
9969
9973
9977
9981
9985
9989
9993
9997
10001
10005
10010
10013
10016
10019
10022
10026
10029
10032
10035
10039
10042
10045
10048
10052
10055
10058
10061
10065
10068
10071
10074
10077
10081
10084
10087
10090
10094
10097
10100
10103
10107
10110
10113
10116
10120
10123
10127
10131
10135
10138
10142
10146
10150
10154
10157
10161
10165
10169
10173
10176
10180
10184
10188
10192
10195
10199
10203
10207
10211
10214
10218
10222
10226
10230
10233
10237
10240
10244
10247
10251
10254
10258
10261
10265
10269
10272
10276
10279
10283
10286
10290
10293
10297
10300
10304
10308
10311
10315
10318
10322
10325
10329
10332
10336
10340
10342
10344
10347
10349
10351
10354
10356
10359
10361
10363
10366
10368
10370
10373
10375
10378
10380
10382
10385
10387
10390
10392
10394
10397
10399
10401
10404
10406
10409
10411
10413
10416
10418
10420
10423
10425
10428
10430
10432
10435
10437
10440
10442
10445
10448
10450
10453
10456
10458
10461
10464
10466
10469
10472
10474
10477
10480
10482
10485
10488
10490
10493
10496
10499
10501
10504
10507
10509
10512
10515
10517
10520
10523
10525
10528
10531
10533
10536
10539
10541
10544
10547
10550
10552
10555
10558
10561
10564
10566
10569
10572
10575
10578
10581
10583
10586
10589
10592
10595
10597
10600
10603
10606
10609
10612
10614
10617
10620
10623
10626
10628
10631
10634
10637
10640
10643
10645
10648
10651
10654
10657
10660
10662
10665
10667
10670
10672
10675
10677
10680
10682
10685
10687
10690
10692
10695
10697
10700
10702
10705
10707
10709
10712
10715
10717
10720
10722
10725
10727
10730
10732
10735
10737
10740
10742
10745
10747
10750
10752
10754
10757
10760
10762
10764
10767
10770
10772
10775
10777
10780
10782
10785
10787
10790
10793
10795
10798
10800
10803
10805
10808
10811
10813
10816
10818
10821
10823
10826
10828
10831
10834
10836
10839
10841
10844
10846
10849
10852
10854
10857
10859
10862
10864
10867
10870
10872
10875
10877
10879
10882
10885
10887
10889
10892
10895
10897
10900
10902
10905
10907
10910
10912
10915
10917
10920
10922
10925
10927
10930
10932
10935
10937
10940
10942
10945
10947
10950
10952
10955
10957
10960
10962
10965
10967
10970
10972
10975
10977
10980
10982
10985
10988
10990
10993
10996
10998
11001
11004
11006
11009
11012
11014
11017
11020
11022
11025
11028
11030
11033
11036
11039
11041
11044
11047
11049
11052
11055
11057
11060
11063
11065
11068
11071
11073
11076
11079
11081
11084
11087
11090
11094
11098
11102
11106
11110
11115
11119
11123
11127
11131
11135
11140
11144
11148
11152
11156
11160
11165
11169
11173
11177
11181
11185
11190
11192
11195
11198
11201
11204
11207
11210
11213
11216
11218
11221
11224
11227
11230
11233
11236
11239
11242
11245
11247
11250
11253
11256
11259
11262
11265
11268
11271
11273
11276
11279
11282
11285
11288
11291
11294
11297
11300
11302
11305
11308
11311
11314
11317
11320
11323
11326
11329
11332
11335
11338
11341
11344
11347
11350
11352
11355
11358
11361
11364
11367
11370
11373
11376
11379
11382
11385
11388
11391
11394
11397
11400
11403
11406
11409
11412
11416
11419
11422
11425
11429
11432
11435
11438
11442
11445
11448
11451
11455
11458
11461
11464
11467
11471
11474
11477
11480
11484
11487
11490
11493
11497
11500
11503
11506
11510
11512
11515
11518
11520
11523
11526
11529
11532
11534
11537
11540
11543
11545
11548
11551
11554
11556
11559
11562
11565
11567
11570
11573
11575
11578
11581
11584
11587
11589
11592
11595
11597
11600
11603
11606
11609
11611
11614
11617
11620
11622
11625
11628
11631
11634
11636
11639
11642
11645
11648
11651
11653
11656
11659
11662
11665
11667
11670
11673
11676
11679
11682
11684
11687
11690
11693
11696
11698
11701
11704
11707
11710
11713
11715
11718
11721
11724
11727
11730
11734
11738
11742
11746
11750
11754
11758
11762
11766
11770
11774
11778
11782
11787
11791
11795
11799
11803
11807
11811
11815
11819
11823
11827
11831
11835
11840
11843
11846
11849
11852
11855
11858
11861
11865
11868
11871
11874
11877
11880
11883
11886
11890
11893
11896
11899
11902
11905
11908
11911
11915
11918
11921
11924
11927
11930
11933
11936
11940
11942
11944
11946
11948
11951
11953
11955
11957
11960
11962
11964
11966
11969
11971
11973
11975
11978
11980
11982
11984
11987
11989
11991
11993
11996
11998
12000
12002
12005
12007
12009
12011
12014
12016
12018
12020
12023
12025
12027
12029
12032
12034
12036
12038
12041
12043
12045
12047
12050
12053
12056
12059
12062
12065
12068
12071
12075
12078
12081
12084
12087
12090
12093
12096
12100
12103
12106
12109
12112
12115
12118
12121
12125
12128
12131
12134
12137
12140
12143
12146
12150
12152
12155
12158
12161
12164
12167
12170
12173
12176
12178
12181
12184
12187
12190
12193
12196
12199
12202
12205
12207
12210
12213
12216
12219
12222
12225
12228
12231
12233
12236
12239
12242
12245
12248
12251
12254
12257
12260
12262
12265
12268
12271
12274
12276
12279
12282
12285
12288
12291
12293
12296
12299
12302
12305
12307
12310
12313
12316
12319
12322
12324
12327
12330
12333
12336
12338
12341
12344
12347
12350
12353
12355
12358
12361
12364
12367
12370
12372
12374
12377
12379
12382
12384
12387
12389
12392
12394
12396
12399
12401
12404
12406
12409
12411
12414
12416
12418
12421
12423
12426
12428
12431
12433
12436
12438
12440
12443
12445
12448
12450
12453
12455
12458
12460
12462
12465
12467
12470
12472
12475
12477
12480
12483
12486
12489
12492
12495
12498
12501
12504
12507
12510
12513
12516
12519
12522
12525
12528
12531
12535
12538
12541
12544
12547
12550
12553
12556
12559
12562
12565
12568
12571
12574
12577
12580
12583
12586
12590
12592
12595
12598
12601
12604
12607
12610
12612
12615
12618
12621
12624
12627
12629
12632
12635
12638
12641
12644
12647
12650
12652
12655
12658
12661
12664
12667
12670
12672
12675
12678
12681
12684
12687
12690
12692
12695
12697
12700
12703
12705
12708
12710
12713
12716
12718
12721
12724
12726
12729
12731
12734
12737
12739
12742
12745
12747
12750
12752
12755
12758
12760
12763
12765
12768
12771
12773
12776
12779
12781
12784
12786
12789
12792
12794
12797
12800
12803
12807
12810
12814
12817
12821
12825
12828
12832
12835
12839
12842
12846
12850
12853
12857
12860
12864
12867
12871
12875
12878
12882
12885
12889
12892
12896
12900
12902
12905
12908
12911
12914
12917
12920
12923
12926
12928
12931
12934
12937
12940
12943
12946
12949
12952
12955
12957
12960
12963
12966
12969
12972
12975
12978
12981
12983
12986
12989
12992
12995
12998
13001
13004
13007
13010
13012
13014
13016
13018
13021
13023
13025
13027
13030
13032
13034
13036
13039
13041
13043
13045
13048
13050
13052
13054
13057
13059
13061
13063
13066
13068
13070
13072
13075
13077
13079
13081
13084
13086
13088
13090
13093
13095
13097
13099
13102
13104
13106
13108
13111
13113
13115
13117
13120
13122
13125
13127
13129
13132
13135
13137
13139
13142
13145
13147
13150
13152
13155
13157
13160
13162
13165
13167
13170
13172
13175
13177
13180
13182
13185
13187
13190
13192
13195
13197
13200
13202
13205
13207
13210
13212
13215
13217
13220
13222
13225
13227
13230
13232
13235
13237
13240
13243
13245
13248
13250
13253
13256
13258
13261
13264
13266
13269
13271
13274
13277
13279
13282
13285
13287
13290
13292
13295
13298
13300
13303
13305
13308
13311
13313
13316
13319
13321
13324
13326
13329
13332
13334
13337
13340
13343
13346
13350
13353
13356
13360
13363
13366
13370
13373
13376
13379
13383
13386
13390
13393
13396
13400
13403
13406
13410
13413
13416
13420
13423
13426
13430
13433
13436
13440
13443
13446
13449
13452
13455
13458
13462
13465
13468
13471
13474
13477
13480
13484
13487
13490
13493
13496
13499
13502
13506
13509
13512
13515
13518
13521
13524
13528
13531
13534
13537
13540
13543
13546
13550
13552
13555
13558
13561
13564
13567
13570
13572
13575
13578
13581
13584
13587
13590
13592
13595
13598
13601
13604
13607
13610
13612
13615
13618
13621
13624
13627
13630
13632
13635
13638
13641
13644
13647
13650
13653
13656
13659
13662
13665
13668
13671
13674
13677
13680
13683
13686
13689
13692
13695
13698
13701
13705
13708
13711
13714
13717
13720
13723
13726
13729
13732
13735
13738
13741
13744
13747
13750
13753
13756
13760
13763
13766
13769
13772
13776
13779
13782
13785
13789
13792
13795
13798
13802
13805
13808
13811
13815
13818
13821
13824
13827
13831
13834
13837
13840
13844
13847
13850
13853
13857
13860
13863
13866
13870
13873
13876
13880
13883
13887
13890
13894
13897
13900
13904
13907
13911
13914
13918
13921
13924
13928
13931
13935
13938
13942
13945
13948
13952
13955
13959
13962
13966
13969
13972
13976
13979
13983
13986
13990
13992
13995
13998
14001
14003
14006
14009
14012
14014
14017
14020
14023
14025
14028
14031
14034
14036
14039
14042
14045
14047
14050
14053
14056
14058
14061
14064
14067
14069
14072
14075
14078
14080
14083
14086
14089
14091
14094
14097
14100
14102
14105
14108
14111
14113
14116
14119
14122
14125
14127
14130
14133
14136
14138
14141
14144
14147
14149
14152
14155
14158
14161
14163
14166
14169
14172
14174
14177
14180
14183
14186
14188
14191
14194
14197
14200
14202
14205
14208
14211
14214
14217
14220
14223
14226
14229
14232
14235
14238
14241
14244
14247
14250
14253
14256
14259
14262
14265
14268
14271
14274
14277
14280
14283
14286
14289
14292
14295
14298
14301
14304
14307
14310
14313
14316
14320
14323
14327
14330
14334
14337
14341
14344
14347
14351
14354
14358
14361
14365
14368
14372
14375
14378
14382
14385
14389
14392
14396
14399
14403
14406
14410
14412
14415
14418
14421
14424
14427
14430
14433
14436
14438
14441
14444
14447
14450
14453
14456
14459
14462
14465
14467
14470
14473
14476
14479
14482
14485
14488
14491
14493
14496
14499
14502
14505
14508
14511
14514
14517
14520
14524
14528
14533
14537
14541
14546
14550
14554
14559
14563
14567
14572
14576
14580
14585
14589
14593
14598
14602
14606
14611
14615
14620
14622
14624
14627
14629
14631
14634
14636
14639
14641
14643
14646
14648
14651
14653
14655
14658
14660
14663
14665
14667
14670
14672
14675
14677
14679
14682
14684
14686
14689
14691
14694
14696
14698
14701
14703
14706
14708
14710
14713
14715
14718
14720
14722
14725
14727
14730
14732
14735
14738
14740
14743
14746
14748
14751
14754
14756
14759
14762
14764
14767
14770
14772
14775
14778
14780
14783
14786
14789
14791
14794
14797
14799
14802
14805
14807
14810
14813
14815
14818
14821
14823
14826
14829
14831
14834
14837
14840
14842
14845
14848
14851
14854
14856
14859
14862
14865
14868
14871
14873
14876
14879
14882
14885
14887
14890
14893
14896
14899
14902
14904
14907
14910
14913
14916
14918
14921
14924
14927
14930
14933
14935
14938
14941
14944
14947
14950
14952
14955
14958
14961
14964
14967
14970
14973
14976
14979
14982
14985
14988
14991
14994
14997
15000
15003
15006
15009
15012
15015
15018
15021
15024
15027
15030
15033
15036
15039
15042
15045
15048
15051
15054
15057
15060
15063
15066
15069
15072
15075
15078
15081
15085
15088
15091
15094
15097
15100
15103
15106
15110
15113
15116
15119
15122
15125
15128
15131
15135
15138
15141
15144
15147
15150
15153
15156
15160
15162
15165
15168
15171
15174
15176
15179
15182
15185
15188
15191
15193
15196
15199
15202
15205
15207
15210
15213
15216
15219
15222
15224
15227
15230
15233
15236
15238
15241
15244
15247
15250
15253
15255
15258
15261
15264
15267
15270
15272
15275
15277
15280
15283
15285
15288
15291
15293
15296
15298
15301
15304
15306
15309
15312
15314
15317
15320
15322
15325
15327
15330
15333
15335
15338
15341
15343
15346
15348
15351
15354
15356
15359
15362
15364
15367
15370
15372
15374
15377
15379
15381
15384
15386
15388
15391
15393
15395
15398
15400
15402
15405
15407
15409
15412
15414
15416
15419
15421
15423
15426
15428
15430
15433
15435
15437
15440
15442
15444
15447
15449
15451
15454
15456
15458
15461
15463
15465
15468
15470
15472
15475
15477
15480
15483
15487
15490
15494
15497
15501
15504
15508
15511
15515
15519
15522
15526
15529
15533
15536
15540
15543
15547
15550
15554
15558
15561
15565
15568
15572
15575
15579
15582
15586
15590
15593
15596
15599
15602
15605
15608
15611
15615
15618
15621
15624
15627
15630
15633
15636
15640
15643
15646
15649
15652
15655
15658
15661
15665
15668
15671
15674
15677
15680
15683
15686
15690
15694
15698
15703
15707
15712
15716
15720
15725
15729
15734
15738
15742
15747
15751
15756
15760
15764
15769
15773
15778
15782
15786
15791
15795
15800
15803
15806
15810
15813
15816
15820
15823
15826
15830
15833
15836
15840
15843
15846
15850
15853
15856
15860
15863
15866
15870
15873
15876
15880
15883
15886
15890
15893
15896
15900
15902
15905
15908
15910
15913
15916
15918
15921
15924
15926
15929
15932
15934
15937
15940
15942
15945
15948
15950
15953
15956
15959
15961
15964
15967
15969
15972
15975
15977
15980
15983
15985
15988
15991
15993
15996
15999
16001
16004
16007
16010
16015
16020
16025
16030
16035
16040
16045
16050
16055
16060
16065
16070
16075
16080
16085
16090
16095
16100
16105
16110
16115
16120
16122
16125
16128
16131
16133
16136
16139
16142
16144
16147
16150
16153
16155
16158
16161
16164
16166
16169
16172
16175
16177
16180
16183
16186
16188
16191
16194
16197
16199
16202
16205
16208
16210
16213
16216
16219
16221
16224
16227
16230
16236
16243
16250
16257
16264
16271
16278
16285
16291
16298
16305
16312
16319
16326
16333
16340
16343
16346
16350
16353
16357
16360
16364
16367
16371
16374
16377
16381
16384
16388
16391
16395
16398
16402
16405
16408
16412
16415
16419
16422
16426
16429
16433
16436
16440
16442
16444
16447
16449
16452
16454
16457
16459
16462
16464
16466
16469
16471
16474
16476
16479
16481
16484
16486
16488
16491
16493
16496
16498
16501
16503
16506
16508
16510
16513
16515
16518
16520
16523
16525
16528
16530
16532
16535
16537
16540
16542
16545
16547
16550
16552
16555
16558
16561
16564
16567
16570
16573
16576
16579
16582
16585
16588
16591
16594
16597
16600
16602
16605
16608
16611
16614
16617
16620
16623
16626
16629
16632
16635
16638
16641
16644
16647
16650
16652
16654
16657
16659
16661
16664
16666
16668
16671
16673
16675
16678
16680
16682
16685
16687
16689
16692
16694
16696
16699
16701
16703
16706
16708
16710
16713
16715
16717
16720
16722
16724
16727
16729
16731
16734
16736
16738
16741
16743
16745
16748
16750
16752
16755
16757
16760
16763
16766
16769
16772
16775
16778
16782
16785
16788
16791
16794
16797
16800
16804
16807
16810
16813
16816
16819
16822
16826
16829
16832
16835
16838
16841
16844
16848
16851
16854
16857
16860
16863
16866
16870
16874
16878
16883
16887
16892
16896
16901
16905
16910
16914
16918
16923
16927
16932
16936
16941
16945
16950
16954
16958
16963
16967
16972
16976
16981
16985
16990
16992
16994
16997
16999
17001
17004
17006
17009
17011
17013
17016
17018
17021
17023
17025
17028
17030
17033
17035
17037
17040
17042
17045
17047
17049
17052
17054
17056
17059
17061
17064
17066
17068
17071
17073
17076
17078
17080
17083
17085
17088
17090
17092
17095
17097
17100
17102
17104
17107
17109
17111
17114
17116
17119
17121
17123
17126
17128
17130
17133
17135
17138
17140
17142
17145
17147
17150
17152
17154
17157
17159
17161
17164
17166
17169
17171
17173
17176
17178
17180
17183
17185
17188
17190
17192
17195
17197
17200
17202
17205
17208
17211
17213
17216
17219
17221
17224
17227
17230
17233
17235
17238
17241
17244
17246
17249
17252
17255
17257
17260
17263
17266
17268
17271
17274
17276
17279
17282
17285
17288
17290
17293
17296
17299
17301
17304
17307
17310
17313
17316
17319
17322
17325
17328
17331
17334
17337
17340
17343
17346
17349
17352
17355
17358
17361
17364
17367
17370
17373
17376
17379
17382
17385
17388
17391
17394
17397
17400
17403
17406
17410
17412
17415
17418
17421
17424
17427
17430
17433
17436
17439
17442
17445
17448
17451
17454
17457
17460
17463
17466
17469
17472
17475
17478
17481
17484
17487
17490
17493
17496
17499
17502
17505
17508
17511
17514
17517
17520
17522
17524
17527
17529
17531
17534
17536
17539
17541
17543
17546
17548
17551
17553
17555
17558
17560
17563
17565
17567
17570
17572
17575
17577
17579
17582
17584
17586
17589
17591
17594
17596
17598
17601
17603
17606
17608
17610
17613
17615
17618
17620
17622
17625
17627
17630
17633
17636
17639
17642
17645
17648
17651
17655
17658
17661
17664
17667
17670
17674
17677
17680
17683
17686
17689
17692
17695
17699
17702
17705
17708
17711
17714
17718
17721
17724
17727
17730
17733
17736
17740
17743
17747
17750
17754
17757
17761
17764
17768
17771
17775
17779
17782
17786
17789
17793
17796
17800
17803
17807
17810
17814
17818
17821
17825
17828
17832
17835
17839
17842
17846
17850
17852
17855
17858
17860
17863
17866
17868
17871
17874
17877
17879
17882
17885
17887
17890
17893
17895
17898
17901
17904
17906
17909
17912
17914
17917
17920
17922
17925
17928
17931
17933
17936
17939
17941
17944
17947
17950
17953
17956
17960
17963
17967
17970
17974
17977
17980
17984
17987
17991
17994
17998
18001
18005
18008
18011
18015
18018
18022
18025
18029
18032
18035
18039
18042
18046
18049
18053
18056
18060
18063
18066
18070
18073
18077
18080
18084
18087
18090
18094
18097
18101
18104
18108
18111
18115
18118
18121
18125
18128
18132
18135
18139
18142
18145
18149
18152
18156
18159
18163
18166
18170
18172
18175
18178
18181
18183
18186
18189
18192
18194
18197
18200
18203
18205
18208
18211
18214
18216
18219
18222
18225
18227
18230
18233
18236
18238
18241
18244
18247
18249
18252
18255
18258
18260
18263
18266
18269
18271
18274
18277
18280
18282
18285
18288
18291
18294
18297
18300
18303
18306
18309
18312
18315
18318
18321
18324
18327
18330
18332
18335
18338
18341
18344
18347
18350
18353
18356
18359
18362
18365
18368
18371
18374
18377
18380
18382
18385
18388
18391
18393
18396
18399
18401
18404
18407
18410
18413
18415
18418
18421
18424
18426
18429
18432
18435
18437
18440
18443
18445
18448
18451
18454
18456
18459
18462
18465
18468
18470
18473
18476
18479
18481
18484
18487
18490
18493
18497
18500
18504
18507
18511
18514
18518
18521
18525
18529
18532
18536
18539
18543
18546
18550
18553
18557
18560
18564
18568
18571
18575
18578
18582
18585
18589
18592
18596
18600
18603
18606
18609
18612
18616
18619
18622
18625
18629
18632
18635
18638
18641
18645
18648
18651
18654
18658
18661
18664
18667
18670
18674
18677
18680
18683
18687
18690
18693
18696
18700
18704
18709
18714
18719
18723
18728
18733
18738
18743
18747
18752
18757
18762
18766
18771
18776
18781
18786
18790
18795
18800
18805
18810
18814
18817
18822
18826
18830
18834
18837
18842
18846
18849
18854
18858
18862
18866
18870
18874
18878
18882
18886
18890
18894
18898
18902
18906
18910
18914
18919
18923
18928
18932
18937
18942
18946
18951
18955
18960
18965
18969
18974
18978
18983
18987
18992
18997
19001
19006
19010
19015
19020
19022
19025
19028
19031
19034
19037
19040
19042
19045
19048
19051
19054
19057
19060
19062
19065
19068
19071
19074
19077
19080
19082
19085
19088
19091
19094
19097
19100
19102
19105
19108
19111
19114
19117
19120
19122
19125
19128
19130
19133
19136
19138
19141
19144
19146
19149
19152
19154
19157
19160
19162
19165
19168
19170
19173
19176
19178
19181
19184
19186
19189
19192
19194
19197
19200
19202
19205
19208
19210
19213
19215
19218
19221
19224
19226
19229
19232
19234
19237
19240
19242
19245
19248
19251
19254
19256
19259
19262
19265
19268
19271
19273
19276
19279
19282
19285
19287
19290
19293
19296
19299
19302
19304
19307
19310
19313
19316
19318
19321
19324
19327
19330
19333
19335
19338
19341
19344
19347
19350
19352
19355
19358
19361
19363
19366
19369
19372
19375
19377
19380
19383
19386
19388
19391
19394
19397
19400
19402
19405
19408
19411
19413
19416
19419
19422
19425
19427
19430
19433
19436
19438
19441
19444
19447
19450
19453
19456
19459
19462
19466
19469
19472
19475
19479
19482
19485
19488
19492
19495
19498
19501
19505
19508
19511
19514
19517
19521
19524
19527
19530
19534
19537
19540
19543
19547
19550
19553
19556
19560
19563
19566
19569
19572
19575
19578
19581
19584
19587
19590
19593
19596
19599
19602
19605
19608
19611
19614
19617
19620
19623
19626
19629
19632
19635
19638
19641
19644
19647
19650
19653
19656
19660
19662
19665
19668
19670
19673
19676
19678
19681
19684
19686
19689
19692
19694
19697
19700
19702
19705
19708
19710
19713
19716
19719
19721
19724
19727
19729
19732
19735
19737
19740
19743
19745
19748
19751
19753
19756
19759
19761
19764
19767
19770
19773
19776
19780
19783
19787
19790
19794
19797
19800
19804
19807
19811
19814
19818
19821
19825
19828
19831
19835
19838
19842
19845
19849
19852
19855
19859
19862
19866
19869
19873
19876
19880
19882
19884
19887
19889
19891
19894
19896
19898
19901
19903
19905
19908
19910
19912
19915
19917
19919
19922
19924
19926
19929
19931
19933
19936
19938
19940
19943
19945
19947
19950
19952
19954
19957
19959
19961
19964
19966
19968
19971
19973
19975
19978
19980
19982
19985
19987
19990
19992
19994
19997
19999
20002
20004
20007
20009
20012
20014
20016
20019
20021
20024
20026
20029
20031
20034
20036
20038
20041
20043
20046
20048
20051
20053
20056
20058
20060
20063
20065
20068
20070
20073
20075
20078
20080
20082
20085
20087
20090
20092
20095
20097
20100
20102
20104
20106
20109
20111
20113
20115
20118
20120
20122
20125
20127
20129
20131
20134
20136
20138
20140
20143
20145
20147
20150
20152
20154
20156
20159
20161
20163
20165
20168
20170
20172
20175
20177
20179
20181
20184
20186
20188
20190
20193
20195
20197
20200
20202
20205
20207
20210
20212
20215
20217
20220
20222
20224
20227
20230
20232
20235
20237
20240
20242
20244
20247
20250
20252
20255
20257
20259
20262
20265
20267
20270
20272
20275
20277
20279
20282
20285
20287
20290
20292
20294
20297
20299
20302
20305
20307
20310
20312
20315
20318
20321
20324
20327
20330
20333
20336
20339
20342
20345
20348
20351
20354
20357
20360
20362
20365
20368
20371
20374
20377
20380
20383
20386
20389
20392
20395
20398
20401
20404
20407
20410
20412
20415
20418
20420
20423
20426
20428
20431
20434
20436
20439
20442
20444
20447
20450
20452
20455
20458
20460
20463
20466
20469
20471
20474
20477
20479
20482
20485
20487
20490
20493
20495
20498
20501
20503
20506
20509
20511
20514
20517
20520
20523
20526
20530
20533
20537
20540
20544
20547
20551
20554
20557
20561
20564
20568
20571
20575
20578
20582
20585
20588
20592
20595
20599
20602
20606
20609
20613
20616
20620
20622
20624
20627
20629
20631
20634
20636
20639
20641
20643
20646
20648
20651
20653
20655
20658
20660
20663
20665
20667
20670
20672
20675
20677
20679
20682
20684
20686
20689
20691
20694
20696
20698
20701
20703
20706
20708
20710
20713
20715
20718
20720
20722
20725
20727
20730
20732
20734
20737
20739
20741
20744
20746
20748
20751
20753
20755
20758
20760
20762
20765
20767
20769
20772
20774
20776
20779
20781
20783
20786
20788
20790
20793
20795
20797
20800
20802
20804
20807
20809
20811
20814
20816
20818
20821
20823
20825
20828
20830
20832
20835
20837
20840
20843
20846
20849
20852
20855
20858
20861
20864
20867
20870
20873
20876
20879
20882
20885
20888
20891
20894
20897
20900
20903
20906
20909
20912
20915
20918
20921
20924
20927
20930
20933
20936
20940
20942
20944
20947
20949
20952
20954
20957
20959
20962
20964
20966
20969
20971
20974
20976
20979
20981
20984
20986
20988
20991
20993
20996
20998
21001
21003
21006
21008
21011
21013
21015
21018
21020
21023
21025
21028
21030
21033
21035
21037
21040
21042
21045
21047
21050
21052
21055
21057
21060
21061
21063
21065
21067
21069
21071
21073
21075
21077
21079
21081
21083
21085
21087
21089
21091
21093
21095
21097
21099
21101
21103
21105
21107
21109
21110
21112
21114
21116
21118
21120
21122
21124
21126
21128
21130
21132
21134
21136
21138
21140
21142
21144
21146
21148
21150
21152
21154
21156
21158
21160
21162
21164
21166
21168
21170
21172
21174
21176
21179
21181
21183
21185
21187
21189
21191
21193
21195
21198
21200
21202
21204
21206
21208
21210
21212
21215
21217
21219
21221
21223
21225
21227
21229
21231
21234
21236
21238
21240
21242
21244
21246
21248
21250
21253
21255
21257
21259
21261
21263
21265
21267
21270
21272
21275
21277
21280
21282
21285
21287
21290
21292
21295
21297
21300
21302
21305
21307
21310
21312
21315
21317
21320
21322
21325
21327
21330
21332
21335
21337
21340
21342
21345
21347
21350
21352
21355
21357
21360
21362
21365
21367
21370
21373
21376
21380
21383
21387
21390
21394
21397
21400
21404
21407
21411
21414
21418
21421
21424
21428
21431
21435
21438
21442
21445
21448
21452
21455
21459
21462
21465
21469
21472
21476
21479
21483
21486
21490
21499
21508
21517
21526
21535
21545
21554
21563
21572
21581
21590
21600
21603
21606
21609
21612
21616
21619
21622
21625
21629
21632
21635
21638
21641
21645
21648
21651
21654
21658
21661
21664
21667
21670
21674
21677
21680
21683
21687
21690
21693
21696
21700
21702
21705
21707
21710
21712
21715
21717
21720
21723
21725
21728
21730
21733
21735
21738
21740
21743
21746
21748
21751
21753
21756
21758
21761
21763
21766
21769
21771
21774
21776
21779
21781
21784
21786
21789
21792
21794
21797
21799
21802
21804
21807
21810
21813
21816
21819
21822
21825
21828
21831
21834
21837
21840
21843
21846
21849
21852
21855
21858
21861
21864
21867
21870
21873
21876
21879
21882
21885
21888
21891
21894
21897
21900
21903
21906
21910
21912
21915
21918
21921
21924
21927
21930
21933
21936
21939
21942
21945
21948
21951
21954
21957
21960
21963
21966
21969
21972
21975
21978
21981
21984
21987
21990
21993
21996
21999
22002
22005
22008
22011
22014
22017
22020
22023
22026
22029
22032
22035
22038
22041
22044
22047
22050
22053
22056
22059
22062
22065
22068
22071
22074
22077
22080
22083
22086
22089
22092
22095
22098
22101
22104
22107
22110
22113
22116
22120
22123
22126
22130
22133
22137
22140
22144
22147
22150
22154
22157
22161
22164
22168
22171
22174
22178
22181
22185
22188
22192
22195
22198
22202
22205
22209
22212
22215
22219
22222
22226
22229
22233
22236
22240
22247
22254
22262
22269
22276
22284
22291
22298
22306
22313
22320
22328
22335
22342
22350
22358
22366
22375
22383
22392
22400
22409
22417
22426
22434
22443
22451
22460
22465
22471
22476
22482
22487
22493
22498
22504
22509
22515
22520
22526
22531
22537
22542
22548
22553
22559
22564
22570
22577
22584
22591
22598
22605
22612
22620
22627
22634
22641
22648
22655
22662
22670
22675
22680
22685
22690
22696
22701
22706
22711
22717
22722
22727
22732
22738
22743
22748
22753
22759
22764
22769
22774
22780
22786
22793
22800
22806
22813
22820
22826
22833
22840
22846
22853
22860
22866
22873
22880
22886
22893
22900
22907
22914
22921
22928
22935
22941
22948
22955
22962
22969
22976
22983
22990
22993
22996
23000
23003
23006
23009
23013
23016
23020
23023
23026
23030
23033
23036
23040
23043
23046
23050
23053
23056
23060
23063
23066
23070
23073
23076
23080
23083
23086
23090
23093
23096
23100
23102
23105
23107
23110
23112
23115
23117
23120
23123
23125
23128
23130
23133
23135
23138
23141
23143
23146
23148
23151
23153
23156
23158
23161
23164
23166
23169
23171
23174
23176
23179
23182
23184
23187
23189
23192
23194
23197
23200
23203
23206
23210
23213
23217
23220
23224
23227
23230
23234
23237
23241
23244
23248
23251
23255
23258
23261
23265
23268
23272
23275
23279
23282
23285
23289
23292
23296
23299
23303
23306
23310
23312
23315
23318
23320
23323
23326
23328
23331
23334
23337
23339
23342
23345
23347
23350
23353
23355
23358
23361
23364
23366
23369
23372
23374
23377
23380
23382
23385
23388
23391
23393
23396
23399
23401
23404
23407
23410
23412
23414
23416
23418
23420
23422
23425
23427
23429
23431
23433
23435
23438
23440
23442
23444
23446
23448
23450
23453
23455
23457
23459
23461
23463
23466
23468
23470
23472
23474
23476
23479
23481
23483
23485
23487
23489
23491
23494
23496
23498
23500
23502
23504
23507
23509
23511
23513
23515
23517
23520
23523
23526
23529
23532
23535
23538
23541
23544
23547
23550
23553
23556
23559
23562
23565
23568
23571
23574
23577
23580
23583
23586
23589
23592
23595
23598
23601
23604
23607
23610
23613
23616
23620
23622
23625
23627
23630
23632
23635
23637
23640
23642
23645
23647
23650
23652
23655
23657
23660
23662
23665
23667
23670
23672
23675
23677
23680
23682
23685
23687
23690
23692
23695
23697
23700
23702
23705
23707
23710
23712
23715
23717
23720
23722
23725
23727
23730
23732
23735
23737
23740
23742
23745
23747
23750
23752
23755
23757
23760
23762
23765
23767
23770
23772
23775
23777
23780
23782
23785
23787
23790
23792
23795
23797
23800
23802
23805
23807
23810
23812
23815
23817
23820
23822
23825
23827
23830
23832
23835
23837
23840
23842
23845
23848
23851
23854
23857
23860
23862
23865
23868
23871
23874
23877
23880
23882
23885
23888
23891
23894
23897
23900
23902
23905
23908
23911
23914
23917
23920
23922
23925
23928
23931
23934
23937
23940
23943
23946
23949
23952
23955
23958
23961
23964
23967
23970
23973
23976
23979
23982
23985
23988
23991
23995
23998
24001
24004
24007
24010
24013
24016
24019
24022
24025
24028
24031
24034
24037
24040
24043
24046
24050
24052
24055
24058
24061
24064
24067
24070
24073
24076
24079
24082
24085
24088
24091
24094
24097
24100
24102
24105
24108
24111
24114
24117
24120
24123
24126
24129
24132
24135
24138
24141
24144
24147
24150
24152
24155
24158
24161
24164
24166
24169
24172
24175
24178
24181
24183
24186
24189
24192
24195
24197
24200
24203
24206
24209
24212
24214
24217
24220
24223
24226
24228
24231
24234
24237
24240
24243
24245
24248
24251
24254
24257
24260
24262
24265
24268
24271
24274
24276
24279
24282
24285
24288
24291
24293
24296
24299
24302
24305
24307
24310
24313
24316
24319
24322
24324
24327
24330
24333
24336
24338
24341
24344
24347
24350
24353
24355
24358
24361
24364
24367
24370
24372
24375
24378
24381
24383
24386
24389
24392
24394
24397
24400
24403
24405
24408
24411
24414
24416
24419
24422
24425
24427
24430
24433
24436
24438
24441
24444
24447
24449
24452
24455
24458
24460
24463
24466
24469
24471
24474
24477
24480
24483
24486
24490
24493
24496
24500
24503
24506
24510
24513
24516
24520
24523
24526
24530
24533
24536
24540
24543
24546
24550
24553
24556
24560
24563
24566
24570
24573
24576
24580
24583
24586
24590
24592
24595
24598
24601
24603
24606
24609
24612
24615
24617
24620
24623
24626
24628
24631
24634
24637
24640
24642
24645
24648
24651
24653
24656
24659
24662
24665
24667
24670
24673
24676
24678
24681
24684
24687
24690
24693
24697
24701
24705
24709
24713
24717
24720
24724
24728
24732
24736
24740
24744
24748
24751
24755
24759
24763
24767
24771
24775
24779
24782
24786
24790
24794
24798
24802
24806
24810
24814
24818
24823
24827
24831
24836
24840
24844
24849
24853
24857
24862
24866
24870
24875
24879
24883
24888
24892
24896
24901
24905
24910
24917
24924
24932
24939
24946
24954
24961
24968
24976
24983
24990
24998
25005
25012
25020
25028
25036
25045
25053
25061
25070
25078
25086
25095
25103
25111
25120
25126
25132
25139
25145
25152
25158
25165
25171
25178
25184
25191
25197
25204
25210
25217
25223
25230
25236
25243
25250
25257
25264
25271
25278
25285
25291
25298
25305
25312
25319
25326
25333
25340
25344
25349
25354
25359
25363
25368
25373
25378
25383
25387
25392
25397
25402
25406
25411
25416
25421
25426
25430
25435
25440
25445
25450
25454
25458
25463
25467
25471
25476
25480
25485
25489
25494
25498
25502
25507
25511
25516
25520
25524
25529
25533
25538
25542
25546
25551
25555
25560
25563
25567
25571
25575
25579
25583
25586
25590
25594
25598
25602
25606
25610
25613
25617
25621
25625
25629
25633
25636
25640
25644
25648
25652
25656
25660
25662
25665
25668
25671
25674
25676
25679
25682
25685
25688
25691
25693
25696
25699
25702
25705
25707
25710
25713
25716
25719
25722
25724
25727
25730
25733
25736
25738
25741
25744
25747
25750
25753
25755
25758
25761
25764
25767
25770
25772
25775
25778
25781
25784
25787
25790
25793
25796
25799
25802
25805
25808
25811
25814
25817
25820
25822
25825
25828
25831
25834
25837
25840
25843
25846
25849
25852
25855
25858
25861
25864
25867
25870
25874
25878
25883
25887
25892
25896
25900
25905
25909
25914
25918
25922
25927
25931
25936
25940
25944
25949
25953
25958
25962
25966
25971
25975
25980
25984
25989
25994
25999
26003
26008
26013
26018
26023
26027
26032
26037
26042
26046
26051
26056
26061
26066
26070
26075
26080
26085
26090
26096
26103
26110
26116
26123
26130
26136
26143
26150
26156
26163
26170
26176
26183
26190
26194
26198
26203
26207
26212
26216
26220
26225
26229
26234
26238
26242
26247
26251
26256
26260
26264
26269
26273
26278
26282
26286
26291
26295
26300
26304
26308
26312
26316
26320
26325
26329
26333
26337
26341
26345
26350
26354
26358
26362
26366
26370
26375
26379
26383
26387
26391
26395
26400
26404
26408
26412
26416
26421
26425
26429
26433
26438
26442
26446
26450
26455
26459
26463
26467
26471
26476
26480
26484
26488
26493
26497
26501
26505
26510
26514
26519
26524
26529
26534
26538
26543
26548
26553
26558
26562
26567
26572
26577
26582
26586
26591
26596
26601
26605
26610
26615
26620
26625
26630
26633
26637
26641
26645
26648
26652
26656
26660
26664
26667
26671
26675
26679
26683
26686
26690
26694
26698
26702
26705
26709
26713
26717
26721
26724
26728
26732
26736
26740
26743
26746
26749
26752
26755
26758
26762
26765
26768
26771
26774
26777
26780
26784
26787
26790
26793
26796
26799
26802
26806
26809
26812
26815
26818
26821
26824
26828
26831
26834
26837
26840
26843
26846
26850
26855
26861
26867
26873
26879
26885
26891
26897
26902
26908
26914
26920
26926
26932
26938
26944
26950
26952
26955
26958
26961
26964
26967
26970
26973
26976
26978
26981
26984
26987
26990
26993
26996
26999
27002
27005
27007
27010
27013
27016
27019
27022
27025
27028
27031
27033
27036
27039
27042
27045
27048
27051
27054
27057
27060
27062
27064
27067
27069
27072
27074
27077
27079
27081
27084
27086
27089
27091
27094
27096
27099
27101
27103
27106
27108
27111
27113
27116
27118
27120
27123
27125
27128
27130
27133
27135
27138
27140
27142
27145
27147
27150
27152
27155
27157
27160
27163
27167
27170
27174
27178
27181
27185
27189
27192
27196
27200
27203
27207
27210
27214
27218
27221
27225
27229
27232
27236
27240
27243
27247
27250
27254
27258
27261
27265
27269
27272
27276
27280
27283
27287
27291
27295
27299
27303
27306
27310
27314
27318
27322
27326
27330
27333
27337
27341
27345
27349
27353
27356
27360
27364
27368
27372
27376
27380
27382
27385
27388
27391
27393
27396
27399
27401
27404
27407
27410
27413
27415
27418
27421
27424
27426
27429
27432
27435
27437
27440
27443
27445
27448
27451
27454
27456
27459
27462
27465
27468
27470
27473
27476
27479
27481
27484
27487
27490
27492
27495
27497
27500
27502
27505
27507
27510
27513
27515
27518
27520
27523
27525
27528
27530
27533
27536
27538
27541
27543
27546
27548
27551
27553
27556
27559
27561
27564
27566
27569
27571
27574
27576
27579
27582
27584
27587
27589
27592
27594
27597
27600
27602
27605
27607
27610
27612
27615
27617
27620
27623
27625
27628
27630
27633
27635
27638
27641
27643
27646
27648
27651
27653
27656
27658
27661
27664
27666
27669
27671
27674
27676
27679
27682
27684
27687
27689
27692
27694
27697
27700
27704
27708
27712
27716
27721
27725
27729
27733
27738
27742
27746
27750
27755
27759
27763
27767
27771
27776
27780
27784
27788
27793
27797
27801
27805
27810
27814
27818
27823
27827
27831
27836
27840
27844
27849
27853
27857
27862
27866
27870
27875
27879
27883
27888
27892
27896
27901
27905
27910
27912
27915
27917
27920
27923
27925
27928
27930
27933
27936
27938
27941
27944
27946
27949
27951
27954
27957
27959
27962
27965
27967
27970
27972
27975
27978
27980
27983
27985
27988
27991
27993
27996
27999
28001
28004
28006
28009
28012
28014
28017
28020
28022
28025
28027
28030
28033
28035
28038
28041
28043
28046
28048
28051
28054
28056
28059
28062
28064
28067
28070
28072
28075
28077
28080
28083
28085
28088
28091
28093
28096
28098
28101
28104
28106
28109
28112
28114
28117
28120
28125
28130
28135
28140
28145
28150
28155
28160
28165
28170
28175
28180
28185
28190
28195
28200
28205
28210
28215
28220
28225
28230
28234
28239
28243
28248
28253
28257
28262
28266
28271
28276
28280
28285
28290
28294
28299
28303
28308
28313
28317
28322
28326
28331
28336
28340
28345
28350
28354
28358
28362
28366
28370
28374
28378
28382
28386
28390
28394
28398
28402
28406
28410
28414
28418
28422
28426
28430
28434
28438
28442
28445
28450
28455
28460
28465
28470
28476
28481
28486
28491
28496
28502
28507
28512
28517
28523
28528
28533
28538
28543
28549
28554
28559
28564
28570
28574
28578
28582
28586
28590
28595
28599
28603
28607
28611
28615
28620
28624
28628
28632
28636
28640
28645
28649
28653
28657
28661
28665
28670
28677
28685
28693
28701
28709
28717
28725
28732
28740
28748
28756
28764
28772
28780
28783
28786
28790
28793
28797
28800
28804
28807
28811
28814
28817
28821
28824
28828
28831
28835
28838
28842
28845
28848
28852
28855
28859
28862
28866
28869
28873
28876
28880
28884
28888
28893
28897
28901
28906
28910
28915
28919
28924
28928
28932
28937
28941
28945
28950
28954
28959
28963
28968
28972
28976
28981
28985
28990
28997
29005
29013
29021
29029
29037
29045
29052
29060
29068
29076
29084
29092
29100
29108
29116
29125
29133
29141
29150
29158
29166
29175
29183
29191
29200
29210
29221
29232
29243
29254
29265
29275
29286
29297
29308
29319
29330
29341
29352
29363
29374
29385
29396
29407
29418
29430
29445
29461
29477
29492
29508
29524
29540
29551
29562
29573
29584
29595
29606
29617
29628
29640
29651
29662
29673
29684
29695
29706
29717
29728
29739
29750
29762
29774
29786
29798
29811
29823
29835
29847
29860
29867
29874
29881
29888
29895
29902
29910
29917
29924
29931
29938
29945
29952
29960
