2
4
6
8
11
13
15
17
19
22
24
26
28
30
33
35
37
39
41
44
46
48
50
52
55
57
59
61
63
66
68
70
72
74
77
79
81
83
85
88
90
92
94
96
99
101
103
105
107
110
112
114
116
118
120
122
124
126
128
130
132
134
136
138
140
142
144
146
148
150
152
154
156
158
161
163
165
167
169
171
173
175
177
179
181
183
185
187
189
191
193
195
197
199
201
203
205
207
210
212
214
216
218
220
222
224
226
228
230
232
234
236
238
240
242
244
246
248
250
252
254
256
258
260
262
265
267
269
271
273
275
277
279
281
283
285
287
289
291
293
295
297
299
301
303
305
307
309
311
313
315
317
320
322
324
326
328
330
332
334
336
338
340
342
345
347
349
351
353
355
357
359
361
363
365
367
370
372
374
376
378
380
382
384
386
388
390
392
395
397
399
401
403
405
407
409
411
413
415
417
420
422
425
427
430
432
435
437
440
442
445
447
450
452
455
457
460
462
465
467
470
472
475
477
480
482
485
487
490
492
495
497
500
502
505
507
510
512
515
517
520
522
525
527
530
532
534
536
538
540
542
544
546
548
550
552
555
557
559
561
563
565
567
569
571
573
575
577
580
582
584
586
588
590
592
594
596
598
600
602
605
607
609
611
613
615
617
619
621
623
625
627
630
632
634
636
638
641
643
645
647
650
652
654
656
659
661
663
665
668
670
672
674
677
679
681
683
686
688
690
692
695
697
699
701
704
706
708
710
713
715
717
719
722
724
726
728
731
733
735
737
740
742
744
746
748
750
752
754
756
758
760
762
764
766
768
770
772
774
776
778
780
782
784
786
788
790
792
794
797
799
801
803
805
807
809
811
813
815
817
819
821
823
825
827
829
831
833
835
837
839
841
843
845
847
850
852
854
856
858
860
863
865
867
869
871
873
876
878
880
882
884
886
889
891
893
895
897
899
902
904
906
908
910
913
915
917
919
921
923
926
928
930
932
934
936
939
941
943
945
947
950
952
955
958
960
963
966
968
971
974
976
979
982
984
987
990
992
995
998
1000
1003
1006
1009
1011
1014
1017
1019
1022
1025
1027
1030
1033
1035
1038
1041
1043
1046
1049
1051
1054
1057
1060
1062
1064
1066
1068
1071
1073
1075
1077
1080
1082
1084
1086
1088
1091
1093
1095
1097
1100
1102
1104
1106
1108
1111
1113
1115
1117
1119
1122
1124
1126
1128
1131
1133
1135
1137
1140
1142
1144
1146
1148
1151
1153
1155
1157
1160
1162
1164
1166
1169
1171
1173
1176
1178
1180
1182
1185
1187
1189
1192
1194
1196
1198
1201
1203
1205
1208
1210
1212
1214
1217
1219
1221
1224
1226
1228
1231
1233
1235
1237
1240
1242
1244
1247
1249
1251
1253
1256
1258
1260
1263
1265
1267
1270
1272
1274
1276
1279
1281
1283
1286
1288
1290
1292
1295
1297
1299
1302
1304
1306
1308
1311
1313
1315
1318
1320
1322
1325
1327
1329
1331
1334
1336
1338
1341
1343
1345
1347
1350
1352
1354
1357
1359
1361
1363
1366
1368
1370
1373
1375
1377
1380
1382
1384
1387
1389
1391
1394
1396
1398
1401
1403
1405
1408
1410
1412
1415
1417
1420
1422
1424
1427
1429
1431
1434
1436
1438
1441
1443
1445
1448
1450
1452
1455
1457
1460
1462
1464
1467
1469
1471
1474
1476
1478
1481
1483
1485
1488
1490
1492
1495
1497
1500
1502
1505
1507
1510
1512
1515
1517
1520
1522
1525
1528
1530
1533
1535
1538
1540
1543
1545
1548
1551
1553
1556
1558
1561
1563
1566
1568
1571
1574
1576
1579
1581
1584
1586
1589
1591
1594
1597
1599
1602
1604
1607
1609
1612
1614
1617
1620
1622
1625
1628
1631
1633
1636
1639
1642
1644
1647
1650
1653
1655
1658
1661
1664
1666
1669
1672
1675
1677
1680
1683
1686
1688
1691
1694
1697
1699
1702
1705
1708
1710
1713
1716
1719
1721
1724
1727
1730
1732
1734
1736
1738
1740
1742
1744
1746
1748
1750
1752
1754
1756
1758
1760
1762
1764
1766
1768
1770
1772
1774
1776
1778
1780
1782
1784
1786
1788
1790
1792
1794
1796
1798
1800
1802
1804
1806
1808
1810
1812
1814
1816
1818
1820
1822
1824
1826
1828
1830
1832
1834
1836
1838
1840
1842
1844
1846
1848
1850
1853
1855
1857
1859
1861
1863
1866
1868
1870
1872
1874
1876
1879
1881
1883
1885
1887
1890
1892
1894
1896
1898
1900
1903
1905
1907
1909
1911
1913
1916
1918
1920
1922
1924
1926
1929
1931
1933
1935
1937
1940
1942
1944
1946
1948
1950
1952
1954
1956
1958
1960
1962
1964
1966
1968
1970
1972
1974
1976
1978
1980
1982
1984
1986
1988
1990
1992
1994
1997
1999
2001
2003
2005
2007
2009
2011
2013
2015
2017
2019
2021
2023
2025
2027
2029
2031
2033
2035
2037
2039
2041
2043
2045
2047
2050
2052
2054
2056
2058
2061
2063
2065
2067
2070
2072
2074
2076
2079
2081
2083
2085
2088
2090
2092
2094
2097
2099
2101
2103
2106
2108
2110
2112
2115
2117
2119
2121
2124
2126
2128
2130
2133
2135
2137
2139
2142
2144
2146
2148
2151
2153
2155
2157
2160
2162
2164
2166
2168
2171
2173
2175
2177
2179
2182
2184
2186
2188
2190
2193
2195
2197
2199
2201
2204
2206
2208
2210
2212
2215
2217
2219
2221
2223
2226
2228
2230
2232
2234
2237
2239
2241
2243
2245
2248
2250
2252
2254
2256
2259
2261
2263
2265
2267
2270
2272
2274
2276
2279
2281
2283
2286
2288
2290
2292
2295
2297
2299
2302
2304
2306
2308
2311
2313
2315
2318
2320
2322
2325
2327
2329
2331
2334
2336
2338
2341
2343
2345
2347
2350
2352
2354
2357
2359
2361
2363
2366
2368
2370
2373
2375
2377
2380
2382
2384
2386
2388
2390
2392
2394
2396
2398
2400
2402
2404
2406
2408
2410
2412
2414
2416
2418
2420
2422
2424
2426
2428
2430
2432
2435
2437
2439
2441
2443
2445
2447
2449
2451
2453
2455
2457
2459
2461
2463
2465
2467
2469
2471
2473
2475
2477
2479
2481
2483
2485
2487
2490
2492
2494
2496
2498
2500
2502
2504
2506
2508
2510
2512
2514
2516
2518
2520
2522
2524
2526
2528
2530
2532
2534
2536
2538
2540
2542
2545
2547
2549
2551
2553
2555
2557
2559
2561
2563
2565
2567
2569
2571
2573
2575
2577
2579
2581
2583
2585
2587
2589
2591
2593
2595
2597
2600
2602
2604
2607
2609
2611
2614
2616
2619
2621
2623
2626
2628
2630
2633
2635
2638
2640
2642
2645
2647
2650
2652
2654
2657
2659
2661
2664
2666
2669
2671
2673
2676
2678
2680
2683
2685
2688
2690
2692
2695
2697
2700
2702
2705
2708
2711
2714
2717
2720
2723
2726
2728
2731
2734
2737
2740
2743
2746
2749
2752
2755
2757
2760
2763
2766
2769
2772
2775
2778
2781
2783
2786
2789
2792
2795
2798
2801
2804
2807
2810
2812
2814
2816
2818
2821
2823
2825
2827
2830
2832
2834
2836
2838
2841
2843
2845
2847
2850
2852
2854
2856
2858
2861
2863
2865
2867
2870
2872
2874
2876
2878
2881
2883
2885
2887
2890
2892
2894
2896
2898
2901
2903
2905
2907
2910
2912
2914
2916
2918
2921
2923
2925
2927
2930
2932
2934
2936
2939
2941
2943
2945
2948
2950
2952
2954
2957
2959
2961
2963
2966
2968
2970
2972
2975
2977
2979
2981
2984
2986
2988
2990
2993
2995
2997
2999
3002
3004
3006
3008
3011
3013
3015
3017
3020
3022
3024
3026
3028
3031
3033
3035
3037
3040
3042
3044
3046
3049
3051
3053
3055
3058
3060
3062
3064
3067
3069
3071
3073
3076
3078
3080
3082
3085
3087
3089
3091
3094
3096
3098
3100
3103
3105
3107
3109
3112
3114
3116
3118
3121
3123
3125
3127
3130
3132
3134
3137
3139
3142
3144
3147
3149
3152
3154
3156
3159
3161
3164
3166
3169
3171
3174
3176
3178
3181
3183
3186
3188
3191
3193
3196
3198
3200
3203
3205
3208
3210
3213
3215
3218
3220
3222
3225
3227
3230
3232
3235
3237
3240
3242
3244
3246
3249
3251
3253
3256
3258
3260
3263
3265
3267
3270
3272
3274
3276
3279
3281
3283
3286
3288
3290
3293
3295
3297
3300
3302
3304
3306
3309
3311
3313
3316
3318
3320
3323
3325
3327
3330
3332
3334
3336
3339
3341
3343
3346
3348
3350
3353
3355
3357
3360
3362
3364
3366
3368
3371
3373
3375
3377
3380
3382
3384
3386
3388
3391
3393
3395
3397
3400
3402
3404
3406
3408
3411
3413
3415
3417
3420
3422
3424
3426
3428
3431
3433
3435
3437
3440
3442
3444
3446
3448
3451
3453
3455
3457
3460
3462
3464
3466
3468
3470
3472
3475
3477
3479
3481
3483
3485
3488
3490
3492
3494
3496
3498
3500
3503
3505
3507
3509
3511
3513
3516
3518
3520
3522
3524
3526
3529
3531
3533
3535
3537
3539
3541
3544
3546
3548
3550
3552
3554
3557
3559
3561
3563
3565
3567
3570
3572
3574
3576
3578
3580
3582
3584
3587
3589
3591
3593
3595
3597
3599
3601
3604
3606
3608
3610
3612
3614
3616
3618
3621
3623
3625
3627
3629
3631
3633
3635
3638
3640
3642
3644
3646
3648
3650
3652
3655
3657
3659
3661
3663
3665
3667
3670
3672
3675
3677
3680
3682
3685
3687
3690
3693
3695
3698
3700
3703
3705
3708
3710
3713
3716
3718
3721
3723
3726
3728
3731
3733
3736
3739
3741
3744
3746
3749
3751
3754
3756
3759
3762
3764
3767
3769
3772
3774
3777
3780
3782
3785
3787
3790
3793
3795
3798
3801
3803
3806
3808
3811
3814
3816
3819
3822
3824
3827
3830
3832
3835
3837
3840
3843
3845
3848
3851
3853
3856
3858
3861
3864
3866
3869
3872
3874
3877
3880
3882
3884
3886
3888
3891
3893
3895
3897
3900
3902
3904
3906
3909
3911
3913
3915
3918
3920
3922
3924
3927
3929
3931
3933
3936
3938
3940
3942
3945
3947
3949
3951
3954
3956
3958
3960
3963
3965
3967
3969
3972
3974
3976
3978
3981
3983
3985
3987
3990
3992
3994
3997
3999
4002
4004
4007
4009
4012
4014
4016
4019
4021
4024
4026
4029
4031
4034
4036
4038
4041
4043
4046
4048
4051
4053
4056
4058
4060
4063
4065
4068
4070
4073
4075
4077
4080
4082
4085
4087
4090
4092
4095
4097
4100
4102
4104
4106
4109
4111
4113
4116
4118
4120
4123
4125
4127
4130
4132
4134
4137
4139
4141
4144
4146
4148
4151
4153
4155
4158
4160
4162
4165
4167
4169
4172
4174
4176
4179
4181
4183
4186
4188
4190
4193
4195
4197
4200
4202
4204
4207
4209
4211
4214
4216
4219
4221
4223
4226
4228
4231
4233
4235
4238
4240
4243
4245
4247
4250
4252
4255
4257
4259
4262
4264
4266
4269
4271
4274
4276
4278
4281
4283
4286
4288
4290
4293
4295
4298
4300
4302
4305
4307
4310
4312
4315
4318
4321
4323
4326
4329
4332
4335
4337
4340
4343
4346
4348
4351
4354
4357
4359
4362
4365
4368
4371
4373
4376
4379
4382
4385
4387
4390
4393
4396
4398
4401
4404
4407
4410
4412
4414
4416
4418
4420
4422
4424
4426
4428
4430
4432
4434
4436
4438
4440
4442
4444
4446
4447
4450
4452
4454
4455
4458
4460
4462
4463
4466
4468
4470
4471
4474
4476
4478
4479
4481
4484
4486
4488
4489
4492
4494
4496
4497
4500
4502
4504
4505
4508
4510
4512
4513
4516
4518
4520
4522
4524
4526
4529
4531
4533
4536
4538
4540
4542
4545
4547
4549
4552
4554
4556
4558
4561
4563
4565
4568
4570
4572
4574
4577
4579
4581
4584
4586
4588
4591
4593
4595
4597
4600
4602
4604
4607
4609
4611
4613
4616
4618
4620
4623
4625
4627
4630
4632
4634
4636
4638
4640
4642
4644
4646
4649
4651
4653
4655
4657
4659
4661
4663
4665
4668
4670
4672
4674
4676
4678
4680
4682
4685
4687
4689
4691
4693
4695
4697
4699
4701
4704
4706
4708
4710
4712
4714
4716
4718
4720
4723
4725
4727
4729
4731
4733
4735
4737
4740
4742
4744
4746
4748
4751
4753
4755
4757
4759
4762
4764
4766
4768
4770
4773
4775
4777
4779
4781
4784
4786
4788
4790
4792
4795
4797
4799
4801
4803
4806
4808
4810
4812
4814
4817
4819
4821
4823
4825
4827
4830
4832
4834
4836
4838
4841
4843
4845
4847
4850
4852
4854
4856
4858
4860
4862
4864
4866
4868
4870
4872
4874
4876
4878
4880
4882
4884
4886
4888
4890
4892
4894
4896
4898
4901
4903
4905
4907
4909
4911
4913
4915
4917
4919
4921
4923
4925
4927
4929
4931
4933
4935
4937
4939
4941
4943
4945
4947
4950
4951
4953
4955
4957
4959
4961
4963
4965
4967
4969
4971
4973
4975
4977
4978
4980
4982
4984
4986
4988
4990
4992
4994
4996
4998
5000
5002
5004
5005
5007
5009
5011
5013
5015
5017
5019
5021
5023
5025
5027
5029
5031
5032
5034
5036
5038
5040
5042
5044
5046
5048
5050
5052
5054
5056
5058
5060
5062
5064
5066
5069
5071
5073
5076
5078
5080
5083
5085
5087
5090
5092
5094
5097
5099
5101
5104
5106
5108
5111
5113
5115
5118
5120
5122
5125
5127
5129
5132
5134
5136
5139
5141
5143
5146
5148
5150
5153
5155
5157
5160
5162
5164
5166
5168
5171
5173
5175
5177
5180
5182
5184
5186
5189
5191
5193
5195
5198
5200
5202
5204
5207
5209
5211
5213
5216
5218
5220
5222
5225
5227
5229
5231
5234
5236
5238
5240
5243
5245
5247
5249
5252
5254
5256
5258
5261
5263
5265
5267
5270
5272
5275
5278
5280
5283
5286
5288
5291
5294
5296
5299
5302
5304
5307
5310
5312
5315
5318
5320
5323
5326
5329
5331
5334
5337
5339
5342
5345
5347
5350
5353
5355
5358
5361
5363
5366
5369
5371
5374
5377
5380
5382
5385
5387
5390
5392
5395
5397
5400
5403
5405
5408
5410
5413
5415
5418
5420
5423
5426
5428
5431
5433
5436
5438
5441
5443
5446
5449
5451
5454
5456
5459
5461
5464
5466
5469
5472
5474
5477
5479
5482
5484
5487
5490
5492
5494
5496
5499
5501
5503
5506
5508
5510
5512
5515
5517
5519
5522
5524
5526
5528
5531
5533
5535
5538
5540
5542
5545
5547
5549
5551
5554
5556
5558
5561
5563
5565
5567
5570
5572
5574
5577
5579
5581
5583
5586
5588
5590
5593
5595
5597
5600
5602
5604
5606
5608
5611
5613
5615
5617
5620
5622
5624
5626
5628
5631
5633
5635
5637
5640
5642
5644
5646
5648
5651
5653
5655
5657
5660
5662
5664
5666
5668
5671
5673
5675
5677
5680
5682
5684
5686
5688
5691
5693
5695
5697
5700
5702
5704
5707
5709
5711
5714
5716
5718
5721
5723
5725
5728
5730
5732
5735
5737
5739
5742
5744
5746
5749
5751
5753
5756
5758
5760
5763
5765
5767
5770
5772
5774
5777
5779
5781
5784
5786
5788
5791
5793
5795
5798
5800
5802
5805
5807
5810
5812
5814
5816
5819
5821
5823
5825
5828
5830
5832
5835
5837
5839
5841
5844
5846
5848
5850
5853
5855
5857
5859
5862
5864
5866
5869
5871
5873
5875
5878
5880
5882
5885
5887
5889
5891
5894
5896
5898
5900
5903
5905
5907
5910
5912
5914
5917
5919
5921
5924
5926
5928
5931
5933
5935
5938
5940
5942
5945
5947
5949
5952
5954
5956
5959
5961
5963
5966
5968
5970
5973
5975
5977
5980
5982
5984
5987
5989
5991
5994
5996
5998
6001
6003
6005
6008
6010
6012
6015
6017
6020
6022
6024
6026
6029
6031
6033
6036
6038
6040
6042
6045
6047
6049
6052
6054
6056
6058
6061
6063
6065
6068
6070
6072
6074
6077
6079
6081
6084
6086
6088
6091
6093
6095
6097
6100
6102
6104
6107
6109
6111
6113
6116
6118
6120
6123
6125
6127
6130
6132
6134
6136
6139
6141
6143
6146
6148
6150
6153
6155
6157
6160
6162
6164
6166
6169
6171
6173
6176
6178
6180
6183
6185
6187
6189
6192
6194
6196
6199
6201
6203
6206
6208
6210
6213
6215
6217
6220
6222
6224
6226
6229
6231
6233
6236
6238
6240
6243
6245
6247
6250
6252
6254
6256
6258
6260
6262
6264
6266
6268
6270
6272
6274
6276
6278
6280
6282
6284
6286
6288
6290
6292
6294
6296
6298
6300
6302
6305
6307
6309
6311
6313
6315
6317
6319
6321
6323
6325
6327
6329
6331
6333
6335
6337
6339
6341
6343
6345
6347
6349
6351
6353
6355
6357
6360
6362
6364
6366
6369
6371
6373
6376
6378
6380
6383
6385
6387
6390
6392
6394
6397
6399
6401
6404
6406
6408
6411
6413
6415
6418
6420
6422
6425
6427
6429
6432
6434
6436
6439
6441
6443
6446
6448
6450
6453
6455
6457
6460
6462
6464
6467
6469
6471
6474
6476
6479
6481
6483
6486
6488
6491
6493
6495
6498
6500
6503
6505
6507
6510
6512
6515
6517
6519
6522
6524
6526
6529
6531
6534
6536
6538
6541
6543
6546
6548
6550
6553
6555
6558
6560
6562
6565
6567
6570
6572
6574
6576
6579
6581
6583
6585
6588
6590
6592
6595
6597
6599
6601
6604
6606
6608
6610
6613
6615
6617
6620
6622
6624
6626
6629
6631
6633
6635
6638
6640
6642
6645
6647
6649
6651
6654
6656
6658
6660
6663
6665
6667
6670
6672
6674
6676
6678
6681
6683
6685
6687
6690
6692
6694
6696
6699
6701
6703
6705
6708
6710
6712
6714
6717
6719
6721
6723
6726
6728
6730
6732
6735
6737
6739
6741
6744
6746
6748
6750
6753
6755
6757
6759
6762
6764
6766
6768
6771
6773
6775
6777
6780
6782
6784
6787
6789
6792
6794
6797
6799
6801
6804
6806
6809
6811
6814
6816
6819
6821
6823
6826
6828
6831
6833
6836
6838
6840
6843
6845
6848
6850
6853
6855
6858
6860
6862
6865
6867
6870
6872
6875
6877
6880
6882
6884
6886
6888
6890
6892
6895
6897
6899
6901
6903
6905
6908
6910
6912
6914
6916
6918
6920
6923
6925
6927
6929
6931
6933
6936
6938
6940
6942
6944
6946
6949
6951
6953
6955
6957
6959
6961
6964
6966
6968
6970
6972
6974
6977
6979
6981
6983
6985
6987
6990
6992
6994
6996
6998
7000
7002
7004
7006
7008
7010
7012
7014
7016
7018
7020
7022
7024
7026
7028
7030
7032
7034
7036
7038
7040
7042
7044
7046
7048
7051
7053
7055
7057
7059
7061
7063
7065
7067
7069
7071
7073
7075
7077
7079
7081
7083
7085
7087
7089
7091
7093
7095
7097
7099
7101
7103
7105
7107
7110
7112
7114
7116
7119
7121
7123
7125
7128
7130
7132
7135
7137
7139
7141
7144
7146
7148
7150
7153
7155
7157
7160
7162
7164
7166
7169
7171
7173
7175
7178
7180
7182
7185
7187
7189
7191
7194
7196
7198
7200
7203
7205
7207
7210
7212
7214
7216
7218
7221
7223
7225
7227
7229
7232
7234
7236
7238
7240
7243
7245
7247
7249
7251
7254
7256
7258
7260
7262
7265
7267
7269
7271
7273
7276
7278
7280
7282
7284
7287
7289
7291
7293
7295
7298
7300
7302
7304
7306
7309
7311
7313
7315
7317
7320
7322
7324
7326
7328
7331
7333
7335
7337
7340
7342
7344
7346
7348
7351
7353
7355
7357
7360
7362
7364
7366
7368
7371
7373
7375
7377
7380
7382
7384
7386
7388
7391
7393
7395
7397
7400
7402
7404
7406
7408
7411
7413
7415
7417
7420
7422
7424
7426
7428
7431
7433
7435
7437
7439
7442
7444
7446
7448
7450
7453
7455
7457
7459
7461
7464
7466
7468
7470
7472
7475
7477
7479
7481
7483
7486
7488
7490
7492
7494
7497
7499
7501
7503
7505
7508
7510
7512
7514
7516
7519
7521
7523
7525
7527
7530
7532
7535
7537
7540
7542
7545
7547
7550
7552
7555
7557
7560
7562
7565
7567
7570
7572
7575
7577
7580
7582
7585
7587
7590
7592
7595
7597
7600
7602
7604
7607
7609
7612
7615
7617
7620
7622
7625
7627
7630
7632
7635
7637
7640
7641
7643
7645
7647
7649
7651
7653
7655
7657
7659
7661
7663
7665
7667
7668
7670
7672
7674
7676
7678
7680
7682
7684
7686
7688
7690
7692
7694
7695
7697
7699
7701
7703
7705
7707
7709
7711
7713
7715
7717
7719
7721
7722
7724
7726
7728
7730
7732
7734
7736
7738
7740
7742
7744
7746
7748
7750
7752
7755
7757
7760
7762
7765
7767
7770
7773
7775
7778
7780
7783
7785
7788
7790
7793
7796
7798
7801
7803
7806
7808
7811
7813
7816
7819
7821
7824
7826
7829
7831
7834
7836
7839
7842
7844
7847
7849
7852
7854
7857
7860
7862
7864
7866
7868
7870
7872
7874
7876
7878
7880
7882
7885
7887
7889
7891
7893
7895
7897
7899
7901
7903
7905
7907
7910
7912
7914
7916
7918
7920
7922
7924
7926
7928
7930
7932
7935
7937
7939
7941
7943
7945
7947
7949
7951
7953
7955
7957
7960
7962
7964
7966
7968
7971
7973
7975
7977
7979
7982
7984
7986
7988
7990
7993
7995
7997
7999
8001
8004
8006
8008
8010
8012
8015
8017
8019
8021
8023
8026
8028
8030
8032
8034
8037
8039
8041
8043
8045
8048
8050
8052
8054
8056
8059
8061
8063
8065
8067
8070
8071
8073
8075
8077
8079
8081
8082
8084
8086
8088
8090
8092
8094
8095
8097
8099
8101
8103
8105
8107
8108
8110
8112
8114
8116
8118
8120
8121
8123
8125
8127
8129
8131
8132
8134
8136
8138
8140
8142
8144
8145
8147
8149
8151
8153
8155
8157
8158
8160
8162
8164
8166
8168
8170
8172
8174
8176
8178
8180
8182
8184
8186
8188
8190
8192
8194
8196
8199
8201
8203
8205
8207
8209
8211
8213
8215
8217
8219
8221
8223
8226
8228
8230
8232
8234
8236
8238
8240
8242
8244
8246
8248
8250
8253
8255
8257
8259
8261
8263
8265
8267
8269
8271
8273
8275
8277
8280
8282
8283
8286
8288
8290
8292
8293
8296
8298
8299
8302
8304
8306
8308
8310
8312
8314
8316
8318
8320
8322
8324
8326
8328
8330
8332
8334
8336
8338
8340
8342
8344
8346
8348
8350
8352
8354
8356
8358
8360
8362
8364
8366
8368
8370
8372
8374
8376
8378
8380
8382
8384
8386
8388
8390
8392
8394
8396
8399
8401
8403
8405
8407
8409
8411
8413
8415
8418
8420
8422
8424
8426
8428
8430
8432
8435
8437
8439
8441
8443
8445
8447
8449
8451
8454
8456
8458
8460
8462
8464
8466
8468
8470
8473
8475
8477
8479
8481
8483
8485
8487
8490
8492
8494
8496
8498
8500
8502
8504
8506
8508
8510
8512
8514
8516
8519
8521
8523
8525
8527
8529
8531
8533
8535
8537
8539
8541
8543
8546
8548
8550
8552
8554
8556
8558
8560
8562
8564
8566
8568
8570
8573
8575
8577
8579
8581
8583
8585
8587
8589
8591
8593
8595
8597
8600
8602
8604
8606
8608
8610
8612
8614
8616
8618
8620
8622
8624
8626
8628
8630
8632
8634
8636
8638
8640
8642
8644
8646
8648
8651
8653
8655
8657
8659
8661
8663
8665
8667
8669
8671
8673
8675
8677
8679
8681
8683
8685
8687
8689
8691
8693
8695
8697
8700
8701
8703
8705
8707
8709
8711
8713
8715
8717
8719
8721
8723
8725
8727
8728
8730
8732
8734
8736
8738
8740
8742
8744
8746
8748
8750
8752
8754
8755
8757
8759
8761
8763
8765
8767
8769
8771
8773
8775
8777
8779
8781
8782
8784
8786
8788
8790
8792
8794
8796
8798
8800
8802
8804
8806
8808
8810
8812
8814
8816
8818
8820
8823
8825
8827
8829
8831
8833
8836
8838
8840
8842
8844
8846
8849
8851
8853
8855
8857
8860
8862
8864
8866
8868
8870
8873
8875
8877
8879
8881
8883
8886
8888
8890
8892
8894
8896
8899
8901
8903
8905
8907
8910
8911
8913
8915
8917
8919
8921
8923
8925
8927
8929
8931
8933
8935
8937
8939
8941
8943
8945
8947
8949
8951
8953
8955
8957
8959
8961
8963
8965
8966
8968
8970
8972
8974
8976
8978
8980
8982
8984
8986
8988
8990
8992
8994
8996
8998
9000
9002
9004
9006
9008
9010
9012
9014
9016
9018
9020
9022
9024
9026
9028
9030
9032
9034
9036
9039
9041
9043
9045
9047
9049
9051
9053
9055
9058
9060
9062
9064
9066
9068
9070
9072
9075
9077
9079
9081
9083
9085
9087
9089
9091
9094
9096
9098
9100
9102
9104
9106
9108
9110
9113
9115
9117
9119
9121
9123
9125
9127
9130
9132
9134
9136
9138
9140
9142
9144
9146
9148
9150
9152
9154
9156
9158
9160
9162
9164
9166
9168
9170
9172
9174
9176
9178
9180
9182
9184
9186
9188
9190
9192
9194
9196
9198
9200
9202
9204
9206
9208
9210
9212
9214
9216
9218
9220
9222
9224
9226
9228
9230
9232
9234
9236
9238
9240
9242
9244
9246
9248
9250
9252
9254
9256
9259
9261
9263
9265
9267
9269
9271
9273
9275
9278
9280
9282
9284
9286
9288
9290
9292
9295
9297
9299
9301
9303
9305
9307
9309
9311
9314
9316
9318
9320
9322
9324
9326
9328
9330
9333
9335
9337
9339
9341
9343
9345
9347
9350
9351
9353
9355
9357
9359
9361
9363
9365
9367
9369
9371
9373
9375
9376
9378
9380
9382
9384
9386
9388
9390
9392
9394
9396
9398
9399
9401
9403
9405
9407
9409
9411
9413
9415
9417
9419
9421
9423
9424
9426
9428
9430
9432
9434
9436
9438
9440
9442
9444
9446
9448
9450
9452
9454
9456
9458
9460
9463
9465
9467
9469
9472
9474
9476
9478
9480
9483
9485
9487
9489
9491
9494
9496
9498
9500
9502
9504
9507
9509
9511
9513
9516
9518
9520
9522
9524
9527
9529
9531
9533
9535
9538
9540
9542
9544
9546
9549
9551
9553
9555
9557
9560
9562
9564
9566
9568
9571
9573
9575
9577
9580
9582
9584
9586
9588
9591
9593
9595
9597
9600
9602
9604
9606
9608
9611
9613
9615
9617
9620
9622
9624
9626
9628
9631
9633
9635
9637
9640
9642
9644
9646
9648
9651
9653
9655
9657
9660
9662
9664
9666
9668
9671
9673
9675
9677
9680
9682
9684
9686
9689
9691
9693
9695
9698
9700
9702
9704
9707
9709
9711
9713
9716
9718
9720
9722
9725
9727
9729
9731
9734
9736
9738
9740
9743
9745
9747
9749
9752
9754
9756
9758
9761
9763
9765
9767
9770
9772
9774
9776
9778
9780
9782
9783
9786
9788
9790
9792
9794
9796
9798
9800
9802
9804
9806
9808
9810
9812
9814
9816
9818
9820
9822
9824
9826
9828
9830
9832
9834
9836
9838
9840
9842
9844
9846
9848
9850
9852
9854
9856
9858
9860
9862
9864
9866
9868
9870
9872
9874
9876
9878
9880
9881
9883
9885
9887
9889
9891
9893
9894
9896
9898
9900
9902
9904
9906
9907
9909
9911
9913
9915
9917
9919
9921
9922
9924
9926
9928
9930
9932
9934
9935
9937
9939
9941
9943
9945
9947
9948
9950
9952
9954
9956
9958
9960
9962
9963
9965
9967
9969
9971
9973
9975
9976
9978
9980
9982
9984
9986
9988
9990
9991
9993
9995
9997
9999
10001
10003
10005
10007
10008
10010
10012
10014
10016
10018
10020
10022
10024
10026
10027
10029
10031
10033
10035
10037
10039
10041
10043
10045
10046
10048
10050
10052
10054
10056
10058
10060
10062
10063
10065
10067
10069
10071
10073
10075
10077
10079
10081
10082
10084
10086
10088
10090
10092
10094
10096
10098
10100
10102
10104
10107
10109
10111
10114
10116
10119
10121
10123
10126
10128
10130
10133
10135
10138
10140
10142
10145
10147
10149
10152
10154
10157
10159
10161
10164
10166
10169
10171
10173
10176
10178
10180
10183
10185
10188
10190
10192
10195
10197
10200
10202
10203
10206
10208
10209
10212
10213
10216
10218
10219
10222
10224
10226
10228
10230
10232
10234
10235
10238
10240
10242
10244
10246
10248
10250
10252
10254
10256
10258
10260
10262
10264
10266
10268
10270
10272
10274
10276
10278
10280
10282
10284
10286
10288
10290
10292
10294
10296
10298
10300
10302
10304
10306
10308
10310
10311
10313
10315
10317
10319
10321
10323
10325
10327
10329
10331
10333
10335
10336
10338
10340
10342
10344
10346
10348
10350
10352
10354
10356
10358
10360
10361
10363
10365
10367
10369
10371
10373
10375
10377
10379
10381
10383
10385
10386
10388
10390
10392
10394
10396
10398
10400
10402
10404
10406
10408
10410
10412
10414
10416
10418
10420
10422
10424
10426
10429
10431
10433
10435
10437
10439
10441
10443
10445
10448
10450
10452
10454
10456
10458
10460
10462
10465
10467
10469
10471
10473
10475
10477
10479
10481
10484
10486
10488
10490
10492
10494
10496
10498
10500
10503
10505
10507
10509
10511
10513
10515
10517
10520
10522
10524
10526
10529
10531
10533
10536
10538
10540
10542
10545
10547
10549
10552
10554
10556
10558
10561
10563
10565
10568
10570
10572
10575
10577
10579
10581
10584
10586
10588
10591
10593
10595
10597
10600
10602
10604
10607
10609
10611
10613
10616
10618
10620
10623
10625
10627
10630
10632
10635
10637
10640
10643
10645
10648
10650
10653
10656
10658
10661
10664
10666
10669
10671
10674
10677
10679
10682
10685
10687
10690
10692
10695
10698
10700
10703
10705
10708
10711
10713
10716
10719
10721
10724
10726
10729
10732
10734
10737
10740
10742
10744
10746
10748
10750
10752
10754
10756
10758
10760
10762
10764
10766
10769
10771
10773
10775
10777
10779
10781
10783
10785
10787
10789
10791
10793
10796
10798
10800
10802
10804
10806
10808
10810
10812
10814
10816
10818
10820
10823
10825
10827
10829
10831
10833
10835
10837
10839
10841
10843
10845
10847
10850
10852
10854
10857
10859
10862
10864
10867
10869
10871
10874
10876
10879
10881
10884
10886
10889
10891
10893
10896
10898
10901
10903
10906
10908
10910
10913
10915
10918
10920
10923
10925
10928
10930
10932
10935
10937
10940
10942
10945
10947
10950
10952
10954
10957
10959
10962
10964
10967
10969
10972
10974
10976
10979
10981
10984
10986
10989
10991
10994
10996
10998
11001
11003
11006
11008
11011
11013
11016
11018
11020
11023
11025
11028
11030
11033
11035
11038
11040
11042
11045
11047
11050
11052
11055
11057
11060
11062
11064
11066
11069
11071
11073
11076
11078
11080
11082
11085
11087
11089
11092
11094
11096
11098
11101
11103
11105
11108
11110
11112
11115
11117
11119
11121
11124
11126
11128
11131
11133
11135
11137
11140
11142
11144
11147
11149
11151
11153
11156
11158
11160
11163
11165
11167
11170
11172
11174
11176
11178
11180
11182
11184
11186
11188
11190
11192
11194
11196
11199
11201
11203
11205
11207
11209
11211
11213
11215
11217
11219
11221
11223
11226
11228
11230
11232
11234
11236
11238
11240
11242
11244
11246
11248
11250
11253
11255
11257
11259
11261
11263
11265
11267
11269
11271
11273
11275
11277
11280
11282
11284
11287
11289
11291
11294
11296
11299
11301
11303
11306
11308
11310
11313
11315
11318
11320
11322
11325
11327
11330
11332
11334
11337
11339
11341
11344
11346
11349
11351
11353
11356
11358
11360
11363
11365
11368
11370
11372
11375
11377
11380
11382
11384
11386
11388
11390
11392
11394
11396
11398
11400
11402
11404
11406
11408
11410
11412
11414
11416
11418
11420
11422
11424
11426
11428
11430
11432
11435
11437
11439
11441
11443
11445
11447
11449
11451
11453
11455
11457
11459
11461
11463
11465
11467
11469
11471
11473
11475
11477
11479
11481
11483
11485
11487
11490
11492
11494
11496
11498
11500
11502
11505
11507
11509
11511
11513
11515
11518
11520
11522
11524
11526
11528
11530
11533
11535
11537
11539
11541
11543
11546
11548
11550
11552
11554
11556
11559
11561
11563
11565
11567
11569
11571
11574
11576
11578
11580
11582
11584
11587
11589
11591
11593
11595
11597
11600
11602
11604
11606
11608
11610
11612
11614
11616
11618
11620
11622
11624
11626
11628
11630
11632
11634
11636
11638
11640
11642
11644
11646
11648
11651
11653
11655
11657
11659
11661
11663
11665
11667
11669
11671
11673
11675
11677
11679
11681
11683
11685
11687
11689
11691
11693
11695
11697
11700
11702
11704
11706
11708
11711
11713
11715
11717
11720
11722
11724
11726
11729
11731
11733
11735
11738
11740
11742
11744
11747
11749
11751
11753
11756
11758
11760
11762
11765
11767
11769
11771
11774
11776
11778
11780
11783
11785
11787
11789
11792
11794
11796
11798
11801
11803
11805
11807
11810
11812
11814
11816
11818
11820
11822
11824
11827
11829
11831
11833
11835
11837
11839
11841
11844
11846
11848
11850
11852
11854
11856
11858
11861
11863
11865
11867
11869
11871
11873
11875
11878
11880
11882
11884
11886
11888
11890
11892
11895
11897
11899
11901
11903
11905
11907
11910
11912
11914
11916
11918
11920
11922
11924
11926
11928
11930
11932
11934
11936
11938
11940
11942
11944
11946
11948
11950
11952
11954
11956
11958
11960
11962
11965
11967
11969
11971
11973
11975
11977
11979
11981
11983
11985
11987
11989
11991
11993
11995
11997
11999
12001
12003
12005
12007
12009
12011
12013
12015
12017
12020
12022
12024
12026
12028
12030
12032
12034
12036
12039
12041
12043
12045
12047
12049
12051
12053
12055
12058
12060
12062
12064
12066
12068
12070
12072
12075
12077
12079
12081
12083
12085
12087
12089
12091
12094
12096
12098
12100
12102
12104
12106
12108
12110
12113
12115
12117
12119
12121
12123
12125
12127
12130
12132
12134
12136
12138
12141
12143
12145
12147
12150
12152
12154
12156
12159
12161
12163
12165
12168
12170
12172
12174
12177
12179
12181
12183
12186
12188
12190
12192
12195
12197
12199
12201
12204
12206
12208
12210
12213
12215
12217
12219
12222
12224
12226
12228
12231
12233
12235
12237
12240
12242
12244
12246
12248
12251
12253
12255
12257
12259
12262
12264
12266
12268
12270
12273
12275
12277
12279
12281
12284
12286
12288
12290
12292
12295
12297
12299
12301
12303
12306
12308
12310
12312
12314
12317
12319
12321
12323
12325
12328
12330
12332
12334
12336
12339
12341
12343
12345
12347
12350
12352
12354
12356
12359
12361
12363
12365
12368
12370
12372
12375
12377
12379
12381
12384
12386
12388
12390
12393
12395
12397
12399
12402
12404
12406
12409
12411
12413
12415
12418
12420
12422
12424
12427
12429
12431
12434
12436
12438
12440
12443
12445
12447
12450
12452
12454
12456
12458
12461
12463
12465
12467
12470
12472
12474
12476
12479
12481
12483
12485
12488
12490
12492
12494
12497
12499
12501
12503
12506
12508
12510
12512
12515
12517
12519
12521
12524
12526
12528
12530
12533
12535
12537
12539
12542
12544
12546
12548
12551
12553
12555
12557
12560
12562
12564
12566
12569
12571
12573
12576
12578
12580
12583
12585
12587
12590
12592
12594
12597
12599
12601
12604
12606
12608
12611
12613
12615
12618
12620
12622
12625
12627
12629
12632
12634
12636
12639
12641
12643
12646
12648
12650
12653
12655
12657
12660
12662
12664
12666
12668
12671
12673
12675
12677
12679
12682
12684
12686
12688
12690
12693
12695
12697
12699
12701
12704
12706
12708
12710
12712
12715
12717
12719
12721
12723
12726
12728
12730
12732
12734
12737
12739
12741
12743
12745
12748
12750
12752
12754
12756
12759
12761
12763
12765
12767
12770
12772
12774
12776
12779
12781
12783
12786
12788
12790
12793
12795
12797
12800
12802
12804
12806
12809
12811
12813
12816
12818
12820
12823
12825
12827
12830
12832
12834
12836
12839
12841
12843
12846
12848
12850
12853
12855
12857
12860
12862
12864
12866
12869
12871
12873
12876
12878
12880
12883
12885
12887
12890
12891
12893
12895
12897
12899
12901
12903
12905
12907
12909
12911
12913
12915
12917
12918
12920
12922
12924
12926
12928
12930
12932
12934
12936
12938
12940
12942
12944
12945
12947
12949
12951
12953
12955
12957
12959
12961
12963
12965
12967
12969
12971
12972
12974
12976
12978
12980
12982
12984
12986
12988
12990
12992
12994
12996
12998
13000
13002
13004
13006
13008
13011
13013
13015
13017
13020
13022
13024
13026
13029
13031
13033
13035
13038
13040
13042
13044
13047
13049
13051
13053
13056
13058
13060
13062
13065
13067
13069
13071
13074
13076
13078
13080
13083
13085
13087
13089
13092
13094
13096
13098
13101
13103
13105
13107
13110
13112
13114
13116
13118
13120
13123
13125
13127
13129
13131
13133
13136
13138
13140
13142
13144
13146
13149
13151
13153
13155
13157
13160
13162
13164
13166
13168
13170
13173
13175
13177
13179
13181
13183
13186
13188
13190
13192
13194
13196
13199
13201
13203
13205
13207
13210
13211
13213
13215
13217
13219
13221
13223
13225
13227
13228
13230
13232
13234
13236
13238
13240
13242
13244
13246
13247
13249
13251
13253
13255
13257
13259
13261
13263
13265
13266
13268
13270
13272
13274
13276
13278
13280
13282
13283
13285
13287
13289
13291
13293
13295
13297
13299
13301
13302
13304
13306
13308
13310
13312
13314
13316
13318
13320
13322
13324
13326
13329
13331
13333
13335
13338
13340
13342
13345
13347
13349
13351
13354
13356
13358
13360
13363
13365
13367
13370
13372
13374
13376
13379
13381
13383
13385
13388
13390
13392
13395
13397
13399
13401
13404
13406
13408
13410
13413
13415
13417
13420
13422
13424
13427
13429
13431
13434
13436
13439
13441
13443
13446
13448
13451
13453
13455
13458
13460
13463
13465
13467
13470
13472
13475
13477
13479
13482
13484
13486
13489
13491
13494
13496
13498
13501
13503
13506
13508
13510
13513
13515
13518
13520
13522
13525
13527
13530
13532
13535
13537
13540
13543
13545
13548
13551
13553
13556
13558
13561
13564
13566
13569
13572
13574
13577
13580
13582
13585
13587
13590
13593
13595
13598
13601
13603
13606
13608
13611
13614
13616
13619
13622
13624
13627
13630
13632
13635
13637
13640
13642
13645
13647
13650
13652
13655
13658
13660
13663
13665
13668
13670
13673
13675
13678
13681
13683
13686
13688
13691
13693
13696
13698
13701
13704
13706
13709
13711
13714
13716
13719
13721
13724
13727
13729
13732
13734
13737
13739
13742
13744
13747
13750
13752
13754
13756
13758
13760
13762
13764
13766
13769
13771
13773
13775
13777
13779
13781
13783
13785
13788
13790
13792
13794
13796
13798
13800
13802
13805
13807
13809
13811
13813
13815
13817
13819
13821
13824
13826
13828
13830
13832
13834
13836
13838
13840
13843
13845
13847
13849
13851
13853
13855
13857
13860
13861
13863
13865
13867
13869
13871
13873
13875
13877
13879
13881
13883
13885
13886
13888
13890
13892
13894
13896
13898
13900
13902
13904
13906
13908
13910
13911
13913
13915
13917
13919
13921
13923
13925
13927
13929
13931
13933
13935
13936
13938
13940
13942
13944
13946
13948
13950
13952
13954
13956
13958
13960
13962
13965
13967
13970
13972
13975
13977
13980
13983
13985
13988
13990
13993
13995
13998
14000
14003
14006
14008
14011
14013
14016
14018
14021
14023
14026
14029
14031
14034
14036
14039
14041
14044
14046
14049
14052
14054
14057
14059
14062
14064
14067
14070
14072
14074
14077
14079
14081
14084
14086
14088
14091
14093
14095
14098
14100
14102
14105
14107
14109
14112
14114
14116
14119
14121
14123
14126
14128
14130
14133
14135
14137
14140
14142
14144
14147
14149
14151
14154
14156
14158
14161
14163
14165
14168
14170
14172
14175
14177
14180
14182
14184
14186
14188
14190
14192
14194
14196
14198
14200
14202
14204
14206
14209
14211
14213
14215
14217
14219
14221
14223
14225
14227
14229
14231
14233
14236
14238
14240
14242
14244
14246
14248
14250
14252
14254
14256
14258
14260
14263
14265
14267
14269
14271
14273
14275
14277
14279
14281
14283
14285
14287
14290
14292
14295
14297
14299
14302
14305
14307
14309
14312
14315
14317
14320
14322
14325
14327
14330
14332
14334
14337
14340
14342
14345
14347
14350
14352
14355
14357
14360
14362
14365
14367
14370
14372
14375
14377
14380
14382
14385
14387
14390
14392
14394
14396
14398
14400
14402
14404
14406
14408
14410
14412
14414
14416
14418
14420
14422
14424
14426
14428
14430
14432
14434
14436
14438
14440
14442
14445
14447
14449
14451
14453
14455
14457
14459
14461
14463
14465
14467
14469
14471
14473
14475
14477
14479
14481
14483
14485
14487
14489
14491
14493
14495
14497
14500
14502
14504
14507
14509
14511
14514
14516
14518
14521
14523
14525
14528
14530
14532
14535
14537
14539
14542
14544
14546
14549
14551
14553
14556
14558
14560
14563
14565
14567
14570
14572
14574
14577
14579
14581
14584
14586
14588
14591
14593
14595
14598
14600
14602
14605
14607
14610
14612
14614
14616
14618
14620
14622
14624
14627
14629
14631
14633
14635
14637
14639
14641
14644
14646
14648
14650
14652
14654
14656
14658
14661
14663
14665
14667
14669
14671
14673
14675
14678
14680
14682
14684
14686
14688
14690
14692
14695
14697
14699
14701
14703
14705
14707
14710
14712
14714
14716
14718
14720
14722
14724
14726
14728
14730
14732
14734
14736
14738
14740
14742
14744
14746
14748
14750
14752
14754
14756
14758
14760
14762
14765
14767
14769
14771
14773
14775
14777
14779
14781
14783
14785
14787
14789
14791
14793
14795
14797
14799
14801
14803
14805
14807
14809
14811
14813
14815
14817
14820
14821
14823
14825
14827
14829
14831
14833
14835
14836
14838
14840
14842
14844
14846
14848
14850
14852
14853
14855
14857
14859
14861
14863
14865
14867
14869
14870
14872
14874
14876
14878
14880
14882
14884
14886
14887
14889
14891
14893
14895
14897
14899
14901
14903
14904
14906
14908
14910
14912
14914
14916
14918
14920
14921
14923
14925
14927
14929
14931
14933
14935
14937
14939
14941
14943
14945
14947
14949
14951
14953
14955
14957
14959
14961
14963
14965
14967
14969
14971
14973
14975
14976
14978
14980
14982
14984
14986
14988
14990
14992
14994
14996
14998
15000
15002
15004
15006
15008
15010
15012
15014
15016
15018
15020
15022
15024
15026
15028
15030
15032
15034
15036
15039
15041
15043
15045
15048
15050
15052
15055
15057
15059
15061
15064
15066
15068
15070
15073
15075
15077
15080
15082
15084
15086
15089
15091
15093
15095
15098
15100
15102
15105
15107
15109
15111
15114
15116
15118
15120
15123
15125
15127
15130
15132
15135
15138
15141
15143
15146
15149
15152
15154
15157
15160
15163
15165
15168
15171
15174
15176
15179
15182
15185
15187
15190
15193
15196
15198
15201
15204
15207
15209
15212
15215
15218
15220
15223
15226
15229
15231
15234
15237
15240
15242
15244
15246
15249
15251
15253
15256
15258
15260
15263
15265
15267
15270
15272
15274
15276
15279
15281
15283
15286
15288
15290
15293
15295
15297
15300
15302
15304
15306
15309
15311
15313
15316
15318
15320
15323
15325
15327
15330
15332
15334
15336
15339
15341
15343
15346
15348
15350
15353
15355
15357
15360
15362
15364
15366
15368
15370
15372
15374
15376
15378
15380
15382
15384
15386
15388
15390
15392
15394
15396
15398
15400
15402
15404
15406
15408
15411
15413
15415
15417
15419
15421
15423
15425
15427
15429
15431
15433
15435
15437
15439
15441
15443
15445
15447
15449
15451
15453
15455
15457
15460
15462
15464
15466
15469
15471
15473
15476
15478
15480
15482
15485
15487
15489
15492
15494
15496
15498
15501
15503
15505
15508
15510
15512
15515
15517
15519
15521
15524
15526
15528
15531
15533
15535
15537
15540
15542
15544
15547
15549
15551
15553
15556
15558
15560
15563
15565
15567
15570
15572
15574
15576
15578
15580
15583
15585
15587
15589
15591
15593
15596
15598
15600
15602
15604
15606
15609
15611
15613
15615
15617
15620
15622
15624
15626
15628
15630
15633
15635
15637
15639
15641
15643
15646
15648
15650
15652
15654
15656
15659
15661
15663
15665
15667
15670
15672
15674
15676
15678
15681
15683
15685
15687
15689
15692
15694
15696
15698
15700
15703
15705
15707
15709
15711
15714
15716
15718
15720
15722
15725
15727
15729
15731
15733
15735
15738
15740
15742
15744
15747
15749
15751
15753
15755
15758
15760
15762
15764
15766
15769
15771
15773
15775
15777
15780
15782
15784
15787
15789
15792
15794
15797
15799
15801
15804
15806
15809
15811
15814
15816
15819
15821
15823
15826
15828
15831
15833
15836
15838
15840
15843
15845
15848
15850
15853
15855
15858
15860
15862
15865
15867
15870
15872
15875
15877
15880
15882
15884
15886
15888
15891
15893
15895
15897
15899
15902
15904
15906
15908
15910
15913
15915
15917
15919
15921
15924
15926
15928
15930
15932
15935
15937
15939
15941
15943
15946
15948
15950
15952
15954
15957
15959
15961
15963
15965
15968
15970
15972
15974
15976
15979
15981
15983
15985
15987
15990
15991
15993
15995
15997
15999
16001
16003
16005
16007
16009
16011
16013
16015
16017
16018
16020
16022
16024
16026
16028
16030
16032
16034
16036
16038
16040
16042
16044
16045
16047
16049
16051
16053
16055
16057
16059
16061
16063
16065
16067
16069
16071
16072
16074
16076
16078
16080
16082
16084
16086
16088
16090
16092
16094
16096
16098
16100
16102
16104
16106
16108
16110
16112
16114
16116
16118
16120
16122
16125
16127
16129
16131
16133
16135
16137
16139
16141
16143
16145
16147
16149
16152
16154
16156
16158
16160
16162
16164
16166
16168
16170
16172
16175
16177
16179
16181
16183
16185
16187
16189
16191
16193
16195
16197
16200
16202
16204
16207
16209
16211
16214
16216
16219
16221
16223
16226
16228
16231
16233
16235
16238
16240
16243
16245
16247
16250
16252
16254
16257
16259
16262
16264
16266
16269
16271
16274
16276
16278
16281
16283
16286
16288
16290
16293
16295
16298
16300
16302
16305
16307
16309
16312
16314
16317
16319
16321
16324
16326
16328
16331
16333
16335
16338
16340
16342
16345
16347
16349
16352
16354
16356
16359
16361
16363
16366
16368
16370
16373
16375
16377
16380
16382
16384
16387
16389
16391
16394
16396
16398
16401
16403
16405
16408
16410
16412
16415
16417
16420
16422
16424
16426
16428
16430
16432
16434
16436
16438
16440
16442
16444
16446
16448
16450
16452
16454
16456
16458
16460
16462
16464
16466
16468
16470
16472
16474
16476
16478
16480
16482
16484
16486
16488
16490
16492
16494
16496
16498
16500
16502
16504
16506
16508
16510
16512
16514
16516
16518
16520
16522
16524
16526
16528
16530
16532
16534
16536
16538
16540
16543
16545
16547
16549
16551
16553
16556
16558
16560
16562
16564
16566
16569
16571
16573
16575
16577
16580
16582
16584
16586
16588
16590
16593
16595
16597
16599
16601
16603
16606
16608
16610
16612
16614
16616
16619
16621
16623
16625
16627
16630
16631
16634
16636
16637
16640
16642
16644
16645
16648
16650
16651
16654
16656
16657
16660
16662
16663
16666
16668
16669
16671
16674
16676
16677
16680
16682
16683
16686
16688
16689
16692
16694
16695
16698
16700
16702
16703
16706
16708
16709
16712
16714
16715
16718
16720
16721
16724
16726
16727
16729
16732
16734
16735
16738
16740
16742
16744
16746
16749
16751
16753
16755
16758
16760
16762
16764
16767
16769
16771
16773
16776
16778
16780
16783
16785
16787
16789
16792
16794
16796
16798
16801
16803
16805
16807
16810
16812
16814
16816
16819
16821
16823
16826
16828
16830
16832
16835
16837
16839
16841
16844
16846
16848
16850
16853
16855
16857
16860
16862
16864
16866
16869
16871
16873
16876
16878
16880
16883
16885
16887
16890
16892
16894
16897
16899
16901
16904
16906
16908
16911
16913
16915
16918
16920
16922
16925
16927
16929
16932
16934
16936
16939
16941
16943
16946
16948
16950
16953
16955
16957
16960
16962
16964
16966
16968
16971
16973
16975
16977
16980
16982
16984
16986
16989
16991
16993
16995
16998
17000
17002
17004
17007
17009
17011
17013
17016
17018
17020
17022
17025
17027
17029
17031
17034
17036
17038
17040
17043
17045
17047
17049
17052
17054
17056
17058
17061
17063
17065
17067
17070
17072
17074
17077
17079
17081
17084
17086
17089
17091
17093
17096
17098
17100
17103
17105
17108
17110
17112
17115
17117
17120
17122
17124
17127
17129
17131
17134
17136
17139
17141
17143
17146
17148
17150
17153
17155
17158
17160
17162
17165
17167
17170
17172
17175
17177
17180
17182
17185
17187
17190
17192
17195
17198
17200
17203
17205
17208
17210
17213
17215
17218
17221
17223
17226
17228
17231
17233
17236
17238
17241
17244
17246
17249
17251
17254
17256
17259
17261
17264
17267
17269
17272
17274
17277
17279
17282
17284
17287
17290
17291
17293
17295
17297
17299
17300
17302
17304
17306
17308
17310
17311
17313
17315
17317
17319
17320
17322
17324
17326
17328
17330
17331
17333
17335
17337
17339
17340
17342
17344
17346
17348
17350
17351
17353
17355
17357
17359
17360
17362
17364
17366
17368
17370
17371
17373
17375
17377
17379
17380
17382
17384
17386
17388
17390
17392
17394
17396
17398
17400
17402
17404
17406
17409
17411
17413
17415
17417
17419
17421
17423
17425
17428
17430
17432
17434
17436
17438
17440
17442
17445
17447
17449
17451
17453
17455
17457
17459
17461
17464
17466
17468
17470
17472
17474
17476
17478
17480
17483
17485
17487
17489
17491
17493
17495
17497
17500
17502
17504
17506
17508
17510
17512
17514
17516
17519
17521
17523
17525
17527
17529
17531
17533
17535
17538
17540
17542
17544
17546
17548
17550
17552
17555
17557
17559
17561
17563
17565
17567
17569
17571
17574
17576
17578
17580
17582
17584
17586
17588
17590
17593
17595
17597
17599
17601
17603
17605
17607
17610
17612
17614
17616
17619
17621
17623
17625
17628
17630
17632
17634
17637
17639
17641
17644
17646
17648
17650
17653
17655
17657
17660
17662
17664
17666
17669
17671
17673
17675
17678
17680
17682
17685
17687
17689
17691
17694
17696
17698
17700
17703
17705
17707
17710
17711
17713
17715
17717
17719
17721
17723
17724
17726
17728
17730
17732
17734
17736
17737
17739
17741
17743
17745
17747
17749
17751
17752
17754
17756
17758
17760
17762
17764
17765
17767
17769
17771
17773
17775
17777
17778
17780
17782
17784
17786
17788
17790
17792
17793
17795
17797
17799
17801
17803
17805
17806
17808
17810
17812
17814
17816
17818
17820
17822
17824
17826
17828
17830
17832
17834
17836
17838
17840
17842
17844
17846
17848
17850
17852
17854
17856
17858
17860
17862
17864
17866
17868
17870
17872
17874
17876
17878
17880
17882
17884
17886
17888
17890
17892
17894
17896
17898
17900
17902
17904
17906
17908
17910
17912
17914
17916
17918
17920
17922
17924
17926
17928
17930
17932
17934
17936
17938
17940
17942
17944
17946
17949
17951
17953
17955
17957
17959
17961
17963
17965
17967
17969
17971
17973
17976
17978
17980
17982
17984
17986
17988
17990
17992
17994
17996
17998
18000
18003
18005
18007
18009
18011
18013
18015
18017
18019
18021
18023
18025
18027
18030
18031
18033
18035
18037
18039
18041
18043
18045
18047
18049
18051
18053
18055
18057
18059
18061
18063
18065
18067
18069
18071
18073
18075
18077
18079
18080
18082
18084
18086
18088
18090
18092
18094
18096
18098
18100
18102
18104
18106
18108
18110
18112
18114
18116
18118
18120
18122
18124
18126
18128
18130
18132
18134
18136
18138
18141
18143
18145
18147
18150
18152
18154
18156
18159
18161
18163
18165
18168
18170
18172
18174
18177
18179
18181
18183
18186
18188
18190
18192
18195
18197
18199
18201
18204
18206
18208
18210
18213
18215
18217
18219
18222
18224
18226
18228
18231
18233
18235
18237
18240
18242
18244
18247
18250
18252
18255
18257
18259
18262
18265
18267
18270
18272
18275
18277
18280
18282
18285
18287
18290
18292
18295
18297
18300
18302
18305
18307
18310
18312
18315
18317
18320
18322
18325
18327
18330
18332
18335
18337
18340
18342
18345
18347
18350
18352
18354
18357
18359
18362
18364
18367
18369
18371
18374
18376
18379
18381
18384
18386
18389
18391
18393
18396
18398
18401
18403
18406
18408
18410
18413
18415
18418
18420
18423
18425
18428
18430
18432
18435
18437
18440
18442
18445
18447
18450
18452
18454
18456
18458
18460
18462
18464
18466
18469
18471
18473
18475
18477
18479
18481
18483
18485
18488
18490
18492
18494
18496
18498
18500
18502
18505
18507
18509
18511
18513
18515
18517
18519
18521
18524
18526
18528
18530
18532
18534
18536
18538
18540
18543
18545
18547
18549
18551
18553
18555
18557
18560
18562
18564
18566
18568
18570
18572
18574
18576
18578
18580
18582
18584
18586
18588
18590
18592
18594
18596
18598
18600
18602
18604
18606
18608
18611
18613
18615
18617
18619
18621
18623
18625
18627
18629
18631
18633
18635
18637
18639
18641
18643
18645
18647
18649
18651
18653
18655
18657
18660
18661
18663
18665
18667
18669
18671
18673
18674
18676
18678
18680
18682
18684
18686
18687
18689
18691
18693
18695
18697
18699
18701
18702
18704
18706
18708
18710
18712
18714
18715
18717
18719
18721
18723
18725
18727
18728
18730
18732
18734
18736
18738
18740
18742
18743
18745
18747
18749
18751
18753
18755
18756
18758
18760
18762
18764
18766
18768
18770
18772
18774
18776
18778
18780
18782
18784
18786
18788
18790
18792
18794
18796
18799
18801
18803
18805
18807
18809
18811
18813
18815
18817
18819
18821
18823
18826
18828
18830
18832
18834
18836
18838
18840
18842
18844
18846
18848
18850
18853
18855
18857
18859
18861
18863
18865
18867
18869
18871
18873
18875
18877
18880
18882
18884
18886
18888
18890
18892
18894
18896
18899
18901
18903
18905
18907
18909
18911
18913
18915
18918
18920
18922
18924
18926
18928
18930
18932
18935
18937
18939
18941
18943
18945
18947
18949
18951
18954
18956
18958
18960
18962
18964
18966
18968
18970
18973
18975
18977
18979
18981
18983
18985
18987
18990
18992
18994
18996
18998
19000
19003
19005
19007
19009
19012
19014
19016
19018
19020
19023
19025
19027
19029
19031
19034
19036
19038
19040
19042
19045
19047
19049
19051
19053
19056
19058
19060
19062
19064
19067
19069
19071
19073
19075
19078
19080
19082
19084
19086
19089
19091
19093
19095
19097
19100
19102
19104
19106
19108
19110
19112
19114
19116
19118
19120
19122
19124
19126
19128
19130
19132
19134
19136
19138
19140
19142
19144
19146
19148
19150
19152
19154
19156
19158
19160
19162
19164
19166
19168
19170
19172
19174
19176
19178
19180
19182
19184
19186
19188
19190
19192
19194
19195
19198
19200
19202
19204
19206
19208
19210
19212
19214
19216
19218
19220
19222
19224
19226
19228
19231
19233
19235
19237
19239
19241
19243
19245
19247
19249
19251
19253
19255
19257
19259
19262
19264
19266
19268
19270
19272
19274
19276
19278
19280
19282
19284
19286
19288
19291
19293
19295
19297
19299
19301
19303
19305
19307
19309
19311
19313
19315
19317
19320
19321
19323
19325
19327
19329
19331
19333
19335
19337
19338
19340
19342
19344
19346
19348
19350
19352
19354
19356
19357
19359
19361
19363
19365
19367
19369
19371
19373
19375
19376
19378
19380
19382
19384
19386
19388
19390
19392
19393
19395
19397
19399
19401
19403
19405
19407
19409
19411
19412
19414
19416
19418
19420
19422
19424
19426
19428
19430
19432
19434
19436
19438
19440
19442
19444
19446
19448
19450
19452
19454
19456
19458
19460
19462
19464
19466
19468
19470
19472
19474
19476
19478
19480
19482
19485
19487
19489
19491
19493
19495
19497
19499
19501
19503
19505
19507
19509
19511
19513
19515
19517
19519
19521
19523
19525
19527
19529
19531
19533
19535
19537
19540
19542
19544
19547
19550
19552
19555
19557
19560
19562
19564
19567
19570
19572
19575
19577
19580
19582
19585
19587
19590
19592
19595
19597
19600
19602
19605
19607
19610
19612
19615
19617
19620
19622
19625
19627
19630
19632
19635
19637
19640
19642
19644
19646
19648
19650
19652
19654
19656
19659
19661
19663
19665
19667
19669
19671
19673
19675
19678
19680
19682
19684
19686
19688
19690
19692
19695
19697
19699
19701
19703
19705
19707
19709
19711
19714
19716
19718
19720
19722
19724
19726
19728
19730
19733
19735
19737
19739
19741
19743
19745
19747
19750
19752
19754
19756
19758
19761
19763
19765
19767
19770
19772
19774
19776
19779
19781
19783
19785
19788
19790
19792
19794
19797
19799
19801
19803
19806
19808
19810
19812
19815
19817
19819
19821
19824
19826
19828
19830
19833
19835
19837
19839
19842
19844
19846
19848
19851
19853
19855
19857
19860
19862
19864
19866
19868
19870
19872
19874
19876
19878
19880
19882
19884
19886
19888
19890
19892
19894
19896
19898
19900
19902
19904
19906
19908
19911
19913
19915
19917
19919
19921
19923
19925
19927
19929
19931
19933
19935
19937
19939
19941
19943
19945
19947
19949
19951
19953
19955
19957
19960
19962
19964
19967
19969
19972
19974
19977
19979
19982
19984
19986
19989
19991
19994
19996
19999
20001
20004
20006
20008
20011
20013
20016
20018
20021
20023
20026
20028
20030
20033
20035
20038
20040
20043
20045
20048
20050
20052
20055
20057
20060
20062
20065
20067
20070
20072
20075
20077
20080
20083
20085
20088
20090
20093
20096
20098
20101
20104
20106
20109
20111
20114
20117
20119
20122
20125
20127
20130
20132
20135
20138
20140
20143
20145
20148
20151
20153
20156
20159
20161
20164
20166
20169
20172
20174
20177
20180
20182
20185
20187
20190
20192
20195
20197
20200
20202
20205
20207
20210
20212
20215
20217
20220
20222
20224
20227
20230
20232
20235
20237
20240
20242
20245
20247
20250
20252
20255
20257
20259
20262
20265
20267
20270
20272
20275
20277
20279
20282
20285
20287
20290
20293
20296
20299
20302
20305
20308
20311
20314
20317
20320
20323
20326
20329
20332
20335
20338
20341
20344
20347
20350
20353
20356
20359
20362
20365
20368
20371
20374
20377
20380
20383
20386
20390
20393
20396
20399
20402
20405
20408
20411
20414
20417
20420
20423
20426
20429
20432
20435
20438
20441
20445
20448
20451
20454
20457
20460
20463
20466
20469
20472
20475
20478
20481
20484
20487
20490
20493
20496
20500
20502
20505
20508
20510
20513
20516
20518
20521
20524
20526
20529
20532
20534
20537
20540
20542
20545
20548
20550
20553
20556
20559
20561
20564
20567
20569
20572
20575
20577
20580
20583
20585
20588
20591
20593
20596
20599
20601
20604
20607
20610
20612
20614
20616
20618
20620
20622
20624
20626
20628
20630
20632
20634
20636
20638
20640
20642
20644
20646
20648
20650
20652
20654
20656
20658
20661
20663
20665
20667
20669
20671
20673
20675
20677
20679
20681
20683
20685
20687
20689
20691
20693
20695
20697
20699
20701
20703
20705
20707
20710
20712
20714
20716
20718
20720
20722
20724
20726
20729
20731
20733
20735
20737
20739
20741
20743
20745
20748
20750
20752
20754
20756
20758
20760
20762
20765
20767
20769
20771
20773
20775
20777
20779
20781
20784
20786
20788
20790
20792
20794
20796
20798
20800
20803
20805
20807
20809
20811
20813
20815
20817
20820
20823
20826
20829
20832
20836
20839
20842
20845
20849
20852
20855
20858
20862
20865
20868
20871
20875
20878
20881
20884
20887
20891
20894
20897
20900
20904
20907
20910
20913
20917
20920
20923
20926
20930
20932
20934
20936
20938
20940
20942
20945
20947
20949
20951
20953
20955
20958
20960
20962
20964
20966
20968
20970
20973
20975
20977
20979
20981
20983
20986
20988
20990
20992
20994
20996
20999
21001
21003
21005
21007
21009
21011
21014
21016
21018
21020
21022
21024
21027
21029
21031
21033
21035
21037
21040
21041
21044
21046
21048
21050
21052
21054
21056
21058
21060
21062
21064
21066
21067
21070
21072
21073
21076
21078
21080
21082
21084
21086
21088
21090
21092
21094
21096
21098
21100
21102
21104
21106
21108
21110
21112
21114
21116
21118
21120
21122
21124
21126
21128
21130
21132
21134
21136
21138
21140
21142
21144
21147
21149
21151
21154
21156
21158
21161
21163
21165
21168
21170
21172
21175
21177
21180
21182
21184
21187
21189
21191
21194
21196
21198
21201
21203
21205
21208
21210
21212
21215
21217
21220
21222
21224
21227
21229
21231
21234
21236
21238
21241
21243
21245
21248
21250
21252
21255
21257
21260
21262
21264
21267
21269
21272
21274
21277
21279
21282
21284
21286
21289
21291
21294
21296
21299
21301
21304
21306
21308
21311
21313
21316
21318
21321
21323
21326
21328
21330
21333
21335
21338
21340
21343
21345
21348
21350
21352
21355
21357
21360
21362
21365
21367
21370
21372
21374
21376
21379
21381
21383
21385
21388
21390
21392
21395
21397
21399
21401
21404
21406
21408
21410
21413
21415
21417
21420
21422
21424
21426
21429
21431
21433
21435
21438
21440
21442
21445
21447
21449
21451
21454
21456
21458
21460
21463
21465
21467
21470
21473
21476
21479
21482
21485
21488
21491
21494
21497
21500
21503
21506
21509
21512
21515
21518
21521
21524
21527
21530
21532
21535
21538
21541
21544
21548
21551
21554
21557
21560
21563
21566
21569
21572
21575
21578
21581
21584
21587
21590
21592
21595
21597
21600
21602
21605
21607
21610
21612
21615
21617
21620
21622
21625
21627
21630
21632
21635
21637
21640
21642
21645
21647
21650
21652
21655
21657
21660
21662
21665
21667
21670
21672
21675
21677
21680
21682
21685
21687
21690
21692
21694
21697
21699
21701
21704
21706
21709
21711
21713
21716
21718
21721
21723
21725
21728
21730
21733
21735
21737
21740
21742
21745
21747
21749
21752
21754
21756
21759
21761
21764
21766
21768
21771
21773
21776
21778
21780
21783
21785
21788
21790
21792
21795
21797
21800
21802
21804
21806
21808
21810
21812
21814
21816
21818
21820
21822
21824
21826
21828
21830
21832
21834
21836
21838
21840
21842
21844
21846
21848
21851
21853
21855
21857
21859
21861
21863
21865
21867
21869
21871
21873
21875
21877
21879
21881
21883
21885
21887
21889
21891
21893
21895
21897
21900
21902
21904
21906
21908
21910
21913
21915
21917
21919
21922
21924
21926
21928
21930
21933
21935
21937
21939
21941
21944
21946
21948
21950
21952
21955
21957
21959
21961
21963
21966
21968
21970
21972
21974
21977
21979
21981
21983
21985
21988
21990
21992
21994
21996
21999
22001
22003
22005
22007
22010
22011
22013
22015
22017
22019
22021
22023
22025
22027
22028
22030
22032
22034
22036
22038
22040
22042
22044
22046
22047
22049
22051
22053
22055
22057
22059
22061
22063
22065
22066
22068
22070
22072
22074
22076
22078
22080
22082
22083
22085
22087
22089
22091
22093
22095
22097
22099
22101
22102
22104
22106
22108
22110
22112
22114
22116
22118
22120
22122
22124
22126
22128
22130
22132
22134
22136
22138
22140
22142
22144
22146
22148
22150
22152
22154
22156
22158
22160
22162
22164
22166
22168
22171
22173
22175
22177
22179
22181
22183
22185
22187
22189
22191
22193
22195
22197
22199
22201
22203
22205
22207
22209
22211
22213
22215
22217
22220
22222
22224
22226
22229
22231
22233
22236
22238
22240
22242
22245
22247
22249
22252
22254
22256
22258
22261
22263
22265
22268
22270
22272
22275
22277
22279
22281
22284
22286
22288
22291
22293
22295
22297
22300
22302
22304
22307
22309
22311
22313
22316
22318
22320
22323
22325
22327
22330
22331
22333
22335
22337
22339
22341
22343
22345
22347
22349
22351
22353
22355
22357
22359
22361
22363
22365
22367
22369
22371
22373
22375
22377
22379
22380
22382
22384
22386
22388
22390
22392
22394
22396
22398
22400
22402
22404
22406
22408
22410
22412
22414
22416
22418
22420
22422
22424
22426
22428
22430
22432
22434
22436
22438
22441
22443
22445
22447
22450
22452
22454
22456
22459
22461
22463
22465
22468
22470
22472
22474
22477
22479
22481
22483
22486
22488
22490
22492
22495
22497
22499
22501
22504
22506
22508
22510
22513
22515
22517
22519
22522
22524
22526
22528
22531
22533
22535
22537
22540
22542
22544
22546
22548
22550
22552
22555
22557
22559
22561
22563
22565
22568
22570
22572
22574
22576
22578
22580
22583
22585
22587
22589
22591
22593
22596
22598
22600
22602
22604
22606
22609
22611
22613
22615
22617
22619
22621
22624
22626
22628
22630
22632
22634
22637
22639
22641
22643
22645
22647
22650
22652
22654
22656
22658
22660
22662
22664
22666
22669
22671
22673
22675
22677
22679
22681
22683
22685
22688
22690
22692
22694
22696
22698
22700
22702
22705
22707
22709
22711
22713
22715
22717
22719
22721
22724
22726
22728
22730
22732
22734
22736
22738
22740
22743
22745
22747
22749
22751
22753
22755
22757
22760
22762
22764
22766
22768
22771
22773
22775
22777
22779
22782
22784
22786
22788
22790
22793
22795
22797
22799
22801
22804
22806
22808
22810
22812
22815
22817
22819
22821
22823
22826
22828
22830
22832
22834
22837
22839
22841
22843
22845
22848
22850
22852
22854
22856
22859
22861
22863
22865
22867
22870
22872
22874
22876
22879
22881
22883
22885
22888
22890
22892
22895
22897
22899
22901
22904
22906
22908
22910
22913
22915
22917
22920
22922
22924
22926
22929
22931
22933
22935
22938
22940
22942
22945
22947
22949
22951
22954
22956
22958
22960
22963
22965
22967
22970
22972
22974
22976
22978
22980
22982
22984
22986
22988
22990
22992
22994
22996
22999
23001
23003
23005
23007
23009
23011
23013
23015
23017
23019
23021
23023
23026
23028
23030
23032
23034
23036
23038
23040
23042
23044
23046
23048
23050
23053
23055
23057
23059
23061
23063
23065
23067
23069
23071
23073
23075
23077
23080
23082
23084
23087
23089
23092
23094
23097
23099
23101
23104
23106
23109
23111
23114
23116
23119
23121
23123
23126
23128
23131
23133
23136
23138
23140
23143
23145
23148
23150
23153
23155
23158
23160
23162
23165
23167
23170
23172
23175
23177
23180
23182
23184
23186
23188
23190
23192
23195
23197
23199
23201
23203
23205
23208
23210
23212
23214
23216
23218
23220
23223
23225
23227
23229
23231
23233
23236
23238
23240
23242
23244
23246
23249
23251
23253
23255
23257
23259
23261
23264
23266
23268
23270
23272
23274
23277
23279
23281
23283
23285
23287
23290
23292
23294
23297
23299
23301
23304
23306
23309
23311
23313
23316
23318
23320
23323
23325
23328
23330
23332
23335
23337
23340
23342
23344
23347
23349
23351
23354
23356
23359
23361
23363
23366
23368
23370
23373
23375
23378
23380
23382
23385
23387
23390
23392
23394
23396
23398
23400
23402
23404
23406
23409
23411
23413
23415
23417
23419
23421
23423
23425
23428
23430
23432
23434
23436
23438
23440
23442
23445
23447
23449
23451
23453
23455
23457
23459
23461
23464
23466
23468
23470
23472
23474
23476
23478
23480
23483
23485
23487
23489
23491
23493
23495
23497
23500
23502
23504
23506
23508
23510
23512
23515
23517
23519
23521
23523
23525
23528
23530
23532
23534
23536
23538
23540
23543
23545
23547
23549
23551
23553
23556
23558
23560
23562
23564
23566
23569
23571
23573
23575
23577
23579
23581
23584
23586
23588
23590
23592
23594
23597
23599
23601
23603
23605
23607
23610
23612
23614
23616
23619
23621
23623
23626
23628
23630
23633
23635
23637
23640
23642
23644
23647
23649
23651
23654
23656
23658
23661
23663
23665
23668
23670
23672
23675
23677
23679
23682
23684
23686
23689
23691
23693
23696
23698
23700
23703
23705
23707
23710
23712
23714
23716
23718
23721
23723
23725
23727
23729
23732
23734
23736
23738
23740
23743
23745
23747
23749
23751
23754
23756
23758
23760
23762
23765
23767
23769
23771
23773
23776
23778
23780
23782
23784
23787
23789
23791
23793
23795
23798
23800
23802
23804
23806
23809
23811
23813
23815
23817
23820
23821
23823
23825
23827
23829
23831
23832
23834
23836
23838
23840
23842
23844
23845
23847
23849
23851
23853
23855
23857
23858
23860
23862
23864
23866
23868
23870
23871
23873
23875
23877
23879
23881
23882
23884
23886
23888
23890
23892
23894
23895
23897
23899
23901
23903
23905
23907
23908
23910
23912
23914
23916
23918
23920
23921
23923
23925
23927
23929
23931
23933
23935
23937
23938
23940
23942
23944
23946
23948
23950
23952
23954
23956
23957
23959
23961
23963
23965
23967
23969
23971
23973
23975
23976
23978
23980
23982
23984
23986
23988
23990
23992
23993
23995
23997
23999
24001
24003
24005
24007
24009
24011
24012
24014
24016
24018
24020
24022
24024
24026
24028
24030
24032
24034
24036
24039
24041
24043
24045
24048
24050
24052
24055
24057
24059
24061
24064
24066
24068
24070
24073
24075
24077
24080
24082
24084
24086
24089
24091
24093
24095
24098
24100
24102
24105
24107
24109
24111
24114
24116
24118
24120
24123
24125
24127
24130
24132
24134
24136
24138
24140
24142
24144
24146
24148
24150
24152
24154
24156
24158
24161
24163
24165
24167
24169
24171
24173
24175
24177
24179
24181
24183
24185
24187
24189
24192
24194
24196
24198
24200
24202
24204
24206
24208
24210
24212
24214
24216
24218
24221
24223
24225
24227
24229
24231
24233
24235
24237
24239
24241
24243
24245
24247
24250
24252
24254
24256
24258
24260
24262
24264
24266
24268
24270
24272
24274
24276
24278
24280
24282
24284
24286
24288
24290
24291
24294
24296
24298
24300
24302
24304
24306
24308
24310
24312
24314
24316
24318
24320
24322
24323
24326
24328
24330
24332
24334
24336
24338
24340
24342
24344
24346
24348
24349
24352
24354
24355
24358
24360
24361
24363
24365
24367
24369
24370
24372
24374
24376
24378
24380
24381
24383
24385
24387
24389
24390
24392
24394
24396
24398
24400
24401
24403
24405
24407
24409
24410
24412
24414
24416
24418
24420
24421
24423
24425
24427
24429
24430
24432
24434
24436
24438
24440
24441
24443
24445
24447
24449
24450
24452
24454
24456
24458
24460
24462
24464
24467
24469
24471
24474
24476
24478
24481
24483
24485
24488
24490
24492
24495
24497
24499
24502
24504
24506
24509
24511
24513
24516
24518
24520
24523
24525
24527
24530
24532
24534
24537
24539
24541
24544
24546
24548
24551
24553
24555
24558
24560
24562
24565
24567
24570
24572
24574
24577
24579
24581
24584
24586
24589
24591
24593
24596
24598
24600
24603
24605
24608
24610
24612
24615
24617
24620
24622
24624
24627
24629
24631
24634
24636
24639
24641
24643
24646
24648
24650
24653
24655
24658
24660
24662
24665
24667
24670
24671
24673
24675
24677
24679
24681
24683
24684
24686
24688
24690
24692
24694
24696
24697
24699
24701
24703
24705
24707
24709
24711
24712
24714
24716
24718
24720
24722
24724
24725
24727
24729
24731
24733
24735
24737
24738
24740
24742
24744
24746
24748
24750
24752
24753
24755
24757
24759
24761
24763
24765
24766
24768
24770
24772
24774
24776
24778
24780
24781
24783
24785
24787
24789
24791
24793
24795
24797
24799
24801
24803
24805
24807
24809
24811
24813
24815
24817
24819
24821
24823
24825
24827
24829
24830
24832
24834
24836
24838
24840
24842
24844
24846
24848
24850
24852
24854
24856
24858
24860
24862
24864
24866
24868
24870
24872
24874
24876
24878
24880
24882
24884
24886
24888
24890
24892
24894
24896
24898
24900
24902
24904
24906
24909
24911
24913
24915
24917
24919
24921
24923
24925
24927
24929
24931
24933
24936
24938
24940
24942
24944
24946
24948
24950
24952
24954
24956
24958
24960
24963
24965
24967
24969
24971
24973
24975
24977
24979
24981
24983
24985
24987
24990
24991
24994
24996
24997
25000
25002
25003
25006
25008
25009
25012
25014
25016
25018
25020
25022
25024
25026
25028
25030
25032
25034
25036
25038
25040
25042
25044
25046
25048
25050
25052
25054
25056
25058
25060
25062
25064
25066
25068
25070
25072
25074
25076
25078
25080
25082
25084
25086
25088
25090
25092
25094
25096
25098
25100
25102
25104
25106
25108
25110
25112
25114
25116
25118
25120
25122
25124
25126
25128
25130
25132
25134
25136
25138
25140
25142
25144
25146
25148
25150
25152
25154
25156
25158
25160
25162
25164
25166
25168
25170
25172
25174
25176
25178
25180
25182
25184
25186
25188
25190
25192
25194
25195
25198
25200
25202
25204
25206
25208
25211
25213
25215
25217
25219
25221
25224
25226
25228
25230
25233
25235
25237
25239
25241
25244
25246
25248
25250
25252
25255
25257
25259
25261
25263
25266
25268
25270
25272
25274
25276
25279
25281
25283
25285
25288
25290
25292
25294
25296
25299
25301
25303
25305
25307
25310
25312
25314
25316
25319
25321
25323
25325
25328
25330
25332
25335
25337
25339
25341
25344
25346
25348
25350
25353
25355
25357
25360
25362
25364
25366
25369
25371
25373
25375
25378
25380
25382
25384
25387
25389
25391
25394
25396
25398
25400
25403
25405
25407
25410
25412
25414
25416
25418
25420
25422
25424
25426
25428
25430
25432
25434
25436
25439
25441
25443
25445
25447
25449
25451
25453
25455
25457
25459
25461
25463
25466
25468
25470
25472
25474
25476
25478
25480
25482
25484
25486
25488
25490
25493
25495
25497
25499
25501
25503
25505
25507
25509
25511
25513
25515
25517
25520
25522
25524
25527
25529
25531
25534
25536
25539
25541
25543
25546
25548
25551
25553
25555
25558
25560
25563
25565
25567
25570
25572
25575
25577
25579
25582
25584
25586
25589
25591
25594
25596
25598
25601
25603
25606
25608
25610
25613
25615
25618
25620
25622
25625
25627
25630
25632
25634
25636
25638
25640
25642
25645
25647
25649
25651
25653
25655
25658
25660
25662
25664
25666
25668
25670
25673
25675
25677
25679
25681
25683
25686
25688
25690
25692
25694
25696
25699
25701
25703
25705
25707
25709
25711
25714
25716
25718
25720
25722
25724
25727
25729
25731
25733
25735
25737
25740
25742
25744
25746
25748
25751
25753
25755
25757
25760
25762
25764
25766
25769
25771
25773
25775
25778
25780
25782
25784
25787
25789
25791
25793
25796
25798
25800
25802
25805
25807
25809
25811
25814
25816
25818
25820
25823
25825
25827
25829
25832
25834
25836
25838
25841
25843
25845
25847
25850
25852
25854
25856
25858
25860
25862
25864
25866
25868
25870
25872
25874
25876
25878
25880
25882
25884
25886
25888
25890
25892
25894
25896
25898
25900
25902
25904
25906
25908
25910
25912
25914
25916
25918
25920
25922
25924
25926
25928
25930
25932
25934
25936
25938
25940
25942
25944
25945
25948
25950
25951
25953
25955
25957
25959
25961
25963
25965
25967
25969
25971
25973
25975
25977
25979
25981
25983
25985
25987
25989
25991
25993
25995
25997
25999
26001
26003
26005
26006
26008
26010
26012
26014
26016
26018
26020
26022
26024
26026
26028
26030
26032
26034
26036
26038
26040
26042
26044
26046
26048
26050
26052
26054
26056
26058
26060
26061
26063
26065
26067
26069
26071
26073
26075
26076
26078
26080
26082
26084
26086
26088
26090
26092
26093
26095
26097
26099
26101
26103
26105
26107
26109
26110
26112
26114
26116
26118
26120
26122
26124
26126
26127
26129
26131
26133
26135
26137
26139
26141
26143
26144
26146
26148
26150
26152
26154
26156
26158
26160
26162
26164
26166
26168
26170
26172
26174
26176
26178
26180
26182
26184
26186
26189
26191
26193
26195
26197
26199
26201
26203
26205
26207
26209
26211
26213
26216
26218
26220
26222
26224
26226
26228
26230
26232
26234
26236
26238
26240
26243
26245
26247
26249
26251
26253
26255
26257
26259
26261
26263
26265
26267
26270
26272
26274
26276
26278
26280
26282
26284
26286
26288
26290
26292
26294
26296
26298
26300
26302
26304
26306
26308
26310
26312
26314
26316
26318
26320
26322
26325
26327
26329
26331
26333
26335
26337
26339
26341
26343
26345
26347
26349
26351
26353
26355
26357
26359
26361
26363
26365
26367
26369
26371
26373
26375
26377
26380
26382
26384
26387
26389
26391
26394
26396
26398
26401
26403
26405
26408
26410
26412
26415
26417
26419
26422
26424
26426
26429
26431
26433
26436
26438
26440
26443
26445
26447
26450
26452
26454
26457
26459
26461
26464
26466
26468
26471
26473
26475
26478
26480
26482
26485
26487
26490
26492
26494
26496
26498
26500
26502
26504
26506
26509
26511
26513
26515
26517
26519
26521
26523
26525
26528
26530
26532
26534
26536
26538
26540
26542
26544
26547
26549
26551
26553
26555
26557
26559
26561
26564
26566
26568
26570
26572
26574
26576
26578
26580
26583
26585
26587
26589
26591
26593
26595
26597
26600
26601
26603
26605
26607
26609
26611
26613
26615
26616
26618
26620
26622
26624
26626
26628
26630
26632
26633
26635
26637
26639
26641
26643
26645
26647
26649
26650
26652
26654
26656
26658
26660
26662
26664
26666
26667
26669
26671
26673
26675
26677
26679
26681
26683
26684
26686
26688
26690
26692
26694
26696
26698
26700
26701
26703
26705
26707
26709
26711
26713
26714
26716
26718
26720
26722
26724
26726
26727
26729
26731
26733
26735
26737
26739
26741
26742
26744
26746
26748
26750
26752
26754
26755
26757
26759
26761
26763
26765
26767
26768
26770
26772
26774
26776
26778
26780
26782
26783
26785
26787
26789
26791
26793
26795
26796
26798
26800
26802
26804
26806
26808
26810
26812
26814
26816
26819
26821
26823
26826
26828
26830
26833
26835
26837
26840
26842
26844
26847
26849
26851
26854
26856
26858
26861
26863
26865
26868
26870
26872
26875
26877
26879
26882
26884
26886
26889
26891
26893
26896
26898
26900
26903
26905
26907
26910
26912
26914
26916
26918
26920
26922
26924
26926
26928
26930
26932
26934
26936
26938
26940
26942
26944
26946
26948
26950
26952
26954
26956
26958
26960
26962
26964
26966
26968
26970
26972
26974
26976
26978
26980
26982
26984
26986
26988
26990
26992
26994
26996
26998
27000
27002
27004
27006
27008
27009
27012
27014
27016
27018
27020
27022
27024
27026
27028
27030
27032
27035
27037
27039
27041
27043
27045
27048
27050
27052
27054
27056
27058
27060
27063
27065
27067
27069
27071
27073
27076
27078
27080
27082
27084
27086
27089
27091
27093
27095
27097
27099
27101
27104
27106
27108
27110
27112
27114
27117
27119
27121
27123
27125
27127
27130
27132
27134
27136
27138
27141
27143
27145
27147
27149
27151
27154
27156
27158
27160
27163
27165
27167
27169
27171
27174
27176
27178
27180
27182
27185
27187
27189
27191
27193
27195
27198
27200
27202
27204
27206
27209
27211
27213
27215
27218
27220
27222
27224
27226
27229
27231
27233
27235
27237
27240
27242
27244
27246
27249
27251
27253
27256
27258
27260
27262
27265
27267
27269
27272
27274
27276
27278
27281
27283
27285
27288
27290
27292
27295
27297
27299
27301
27304
27306
27308
27311
27313
27315
27317
27320
27322
27324
27327
27329
27331
27333
27336
27338
27340
27343
27345
27347
27350
27353
27356
27359
27362
27365
27368
27371
27375
27378
27381
27384
27387
27390
27393
27396
27400
27403
27406
27409
27412
27415
27418
27421
27425
27428
27431
27434
27437
27440
27443
27446
27450
27452
27454
27456
27459
27461
27463
27465
27468
27470
27472
27474
27477
27479
27481
27483
27486
27488
27490
27493
27495
27497
27499
27502
27504
27506
27508
27511
27513
27515
27517
27520
27522
27524
27526
27529
27531
27533
27536
27538
27540
27542
27545
27547
27549
27551
27554
27556
27558
27560
27563
27565
27567
27570
27572
27574
27576
27578
27581
27583
27585
27587
27590
27592
27594
27596
27598
27601
27603
27605
27607
27610
27612
27614
27616
27618
27621
27623
27625
27627
27630
27632
27634
27636
27638
27641
27643
27645
27647
27650
27652
27654
27656
27658
27661
27663
27665
27667
27670
27672
27674
27676
27679
27681
27683
27686
27688
27690
27692
27695
27697
27699
27702
27704
27706
27708
27711
27713
27715
27718
27720
27722
27725
27727
27729
27731
27734
27736
27738
27741
27743
27745
27747
27750
27752
27754
27757
27759
27761
27763
27766
27768
27770
27773
27775
27777
27780
27782
27784
27786
27788
27790
27793
27795
27797
27799
27801
27803
27806
27808
27810
27812
27814
27816
27819
27821
27823
27825
27827
27830
27832
27834
27836
27838
27840
27843
27845
27847
27849
27851
27853
27856
27858
27860
27862
27864
27866
27869
27871
27873
27875
27877
27880
27882
27884
27886
27888
27890
27892
27894
27896
27898
27900
27902
27904
27906
27908
27910
27912
27914
27916
27918
27920
27922
27924
27926
27928
27930
27932
27935
27937
27939
27941
27943
27945
27947
27949
27951
27953
27955
27957
27959
27961
27963
27965
27967
27969
27971
27973
27975
27977
27979
27981
27983
27985
27987
27990
27992
27994
27996
27998
28001
28003
28005
28007
28010
28012
28014
28016
28019
28021
28023
28025
28028
28030
28032
28034
28037
28039
28041
28043
28046
28048
28050
28052
28055
28057
28059
28061
28064
28066
28068
28070
28073
28075
28077
28079
28082
28084
28086
28088
28091
28093
28095
28097
28100
28102
28105
28108
28110
28113
28116
28118
28121
28124
28127
28129
28132
28135
28137
28140
28143
28145
28148
28151
28154
28156
28159
28162
28164
28167
28170
28172
28175
28178
28181
28183
28186
28189
28191
28194
28197
28200
28202
28204
28206
28208
28211
28213
28215
28217
28220
28222
28224
28226
28229
28231
28233
28235
28238
28240
28242
28244
28247
28249
28251
28253
28256
28258
28260
28262
28265
28267
28269
28271
28274
28276
28278
28280
28283
28285
28287
28289
28292
28294
28296
28298
28301
28303
28305
28307
28310
28312
28315
28318
28320
28323
28326
28329
28332
28334
28337
28340
28343
28345
28348
28351
28354
28356
28359
28362
28365
28367
28370
28373
28376
28378
28381
28384
28387
28389
28392
28395
28398
28400
28403
28406
28409
28411
28414
28417
28420
28422
28424
28426
28428
28431
28433
28435
28437
28439
28442
28444
28446
28448
28450
28453
28455
28457
28459
28461
28464
28466
28468
28470
28472
28475
28477
28479
28481
28483
28486
28488
28490
28492
28494
28497
28499
28501
28503
28505
28508
28510
28512
28514
28516
28519
28521
28523
28525
28527
28530
28532
28534
28536
28539
28541
28543
28546
28548
28550
28553
28555
28557
28560
28562
28564
28567
28569
28571
28574
28576
28578
28581
28583
28585
28588
28590
28592
28595
28597
28599
28602
28604
28606
28609
28611
28613
28616
28618
28620
28623
28625
28627
28630
28632
28634
28636
28638
28640
28642
28644
28646
28648
28650
28652
28654
28656
28659
28661
28663
28665
28667
28669
28671
28673
28675
28677
28679
28681
28683
28686
28688
28690
28692
28694
28696
28698
28700
28702
28704
28706
28708
28710
28713
28715
28717
28719
28721
28723
28725
28727
28729
28731
28733
28735
28737
28740
28742
28744
28746
28749
28751
28753
28756
28758
28760
28762
28765
28767
28769
28772
28774
28776
28778
28781
28783
28785
28788
28790
28792
28795
28797
28799
28801
28804
28806
28808
28811
28813
28815
28817
28820
28822
28824
28827
28829
28831
28833
28836
28838
28840
28843
28845
28847
28850
28852
28854
28856
28859
28861
28863
28866
28868
28870
28873
28875
28877
28880
28882
28884
28887
28889
28891
28894
28896
28898
28901
28903
28905
28908
28910
28912
28915
28917
28919
28922
28924
28926
28929
28931
28933
28936
28938
28940
28943
28945
28947
28950
28952
28954
28956
28958
28960
28962
28964
28966
28968
28970
28972
28974
28976
28978
28980
28982
28984
28986
28988
28990
28992
28994
28996
28998
29000
29002
29005
29007
29009
29011
29013
29015
29017
29019
29021
29023
29025
29027
29029
29031
29033
29035
29037
29039
29041
29043
29045
29047
29049
29051
29053
29055
29057
29060
29062
29064
29066
29068
29070
29072
29074
29076
29078
29080
29082
29084
29086
29088
29090
29092
29094
29096
29098
29100
29102
29104
29106
29108
29111
29113
29115
29117
29119
29121
29123
29125
29127
29129
29131
29133
29135
29137
29139
29141
29143
29145
29147
29149
29151
29153
29155
29157
29160
29162
29164
29166
29168
29171
29173
29175
29177
29180
29182
29184
29186
29189
29191
29193
29195
29198
29200
29202
29204
29207
29209
29211
29213
29216
29218
29220
29222
29225
29227
29229
29231
29234
29236
29238
29240
29243
29245
29247
29249
29252
29254
29256
29258
29261
29263
29265
29267
29270
29272
29274
29276
29278
29281
29283
29285
29287
29289
29291
29294
29296
29298
29300
29303
29305
29307
29309
29311
29314
29316
29318
29320
29322
29325
29327
29329
29331
29333
29336
29338
29340
29342
29344
29346
29349
29351
29353
29355
29358
29360
29362
29364
29366
29369
29371
29373
29375
29377
29380
29381
29383
29385
29387
29389
29391
29392
29394
29396
29398
29400
29401
29403
29405
29407
29409
29411
29413
29414
29416
29418
29420
29422
29424
29425
29427
29429
29431
29433
29435
29436
29438
29440
29442
29444
29445
29447
29449
29451
29453
29455
29456
29458
29460
29462
29464
29466
29468
29469
29471
29473
29475
29477
29479
29480
29482
29484
29486
29488
29490
29492
29494
29496
29498
29500
29502
29504
29506
29508
29510
29512
29514
29516
29519
29521
29523
29525
29527
29529
29531
29533
29535
29537
29539
29541
29543
29546
29548
29550
29552
29554
29556
29558
29560
29562
29564
29566
29568
29570
29573
29575
29577
29579
29581
29583
29585
29587
29589
29591
29593
29595
29597
29600
29602
29605
29607
29610
29612
29615
29617
29620
29622
29625
29627
29630
29632
29635
29637
29640
29642
29645
29647
29650
29652
29655
29657
29660
29662
29665
29667
29670
29672
29675
29677
29680
29682
29685
29687
29689
29692
29695
29697
29700
29702
29704
29706
29709
29711
29713
29716
29718
29720
29722
29725
29727
29729
29732
29734
29736
29738
29741
29743
29745
29748
29750
29752
29755
29757
29759
29761
29764
29766
29768
29771
29773
29775
29777
29780
29782
29784
29787
29789
29791
29793
29796
29798
29800
29803
29805
29807
29810
29812
29814
29816
29818
29821
29823
29825
29827
29830
29832
29834
29836
29838
29841
29843
29845
29847
29849
29852
29854
29856
29858
29861
29863
29865
29867
29870
29872
29874
29876
29878
29881
29883
29885
29887
29890
29892
29894
29896
29898
29901
29903
29905
29907
29910
