2
4
6
9
11
13
16
18
20
22
25
27
29
32
34
36
38
41
43
45
48
50
52
55
57
59
61
64
66
68
71
73
75
77
80
82
84
87
89
91
93
96
98
100
103
105
107
110
112
114
116
118
121
123
125
127
130
132
134
136
138
141
143
145
147
150
152
154
156
158
161
163
165
167
169
172
174
176
178
181
183
185
187
190
192
194
196
198
201
203
205
207
210
211
213
215
217
219
221
223
225
227
228
230
232
234
236
238
240
242
244
246
247
249
251
253
255
257
259
261
263
265
266
268
270
272
274
276
278
280
282
283
285
287
289
291
293
295
297
299
301
302
304
306
308
310
312
314
316
318
320
321
323
325
327
329
331
333
335
337
339
341
343
345
347
349
351
353
355
357
359
361
363
365
367
369
370
372
374
376
378
380
382
384
386
388
390
392
394
396
398
400
402
404
406
408
410
412
414
416
418
420
422
424
427
429
432
434
437
439
442
444
446
449
451
454
456
459
461
463
466
468
471
473
476
478
481
483
486
488
490
493
495
498
500
503
505
508
510
512
515
517
520
522
525
527
530
532
534
537
539
541
544
546
549
551
553
556
558
560
563
565
568
570
572
575
577
580
582
584
587
589
591
594
596
599
601
603
606
608
610
613
615
618
620
622
625
627
630
632
634
637
639
642
644
647
649
652
654
656
659
661
664
666
669
671
674
676
678
681
683
686
688
691
693
696
698
700
703
705
708
710
713
715
718
720
722
725
727
730
732
735
737
740
741
743
745
747
749
751
752
754
756
758
760
762
763
765
767
769
771
773
774
776
778
780
782
784
785
787
789
791
793
794
796
798
800
802
804
805
807
809
811
813
815
817
818
820
822
824
826
828
829
831
833
835
837
839
840
842
844
846
848
850
851
853
855
857
858
860
862
864
865
867
869
871
872
874
876
878
879
881
883
885
886
888
890
892
893
895
897
899
900
902
904
906
907
909
911
913
914
916
918
920
921
923
925
927
928
930
932
934
935
937
939
941
942
944
946
948
950
951
953
955
957
959
961
963
965
967
969
971
973
975
977
978
980
982
984
986
988
990
992
994
996
998
1000
1002
1004
1005
1007
1009
1011
1013
1015
1017
1019
1021
1023
1025
1027
1029
1031
1032
1034
1036
1038
1040
1042
1044
1046
1048
1050
1052
1054
1056
1058
1060
1061
1062
1064
1065
1067
1068
1070
1071
1073
1074
1076
1077
1079
1080
1082
1083
1085
1086
1087
1089
1090
1092
1093
1095
1096
1098
1099
1101
1102
1104
1105
1107
1108
1109
1111
1112
1114
1115
1117
1118
1120
1121
1123
1124
1126
1127
1129
1130
1132
1133
1135
1136
1137
1139
1140
1142
1143
1145
1146
1148
1149
1151
1152
1154
1155
1157
1158
1160
1161
1163
1165
1167
1169
1171
1173
1175
1177
1179
1181
1183
1185
1187
1188
1190
1192
1194
1196
1198
1200
1202
1204
1206
1208
1210
1212
1214
1215
1217
1219
1221
1223
1225
1227
1229
1231
1233
1235
1237
1239
1241
1242
1244
1246
1248
1250
1252
1254
1256
1258
1260
1262
1264
1266
1268
1270
1271
1273
1275
1277
1279
1281
1283
1285
1287
1289
1291
1293
1295
1297
1298
1300
1302
1304
1306
1308
1310
1312
1314
1316
1318
1320
1322
1324
1325
1327
1329
1331
1333
1335
1337
1339
1341
1343
1345
1347
1349
1351
1352
1354
1356
1358
1360
1362
1364
1366
1368
1370
1372
1374
1376
1378
1380
1381
1383
1385
1387
1389
1391
1392
1394
1396
1398
1400
1402
1403
1405
1407
1409
1411
1412
1414
1416
1418
1420
1422
1424
1425
1427
1429
1431
1433
1435
1436
1438
1440
1442
1444
1446
1447
1449
1451
1453
1455
1456
1458
1460
1462
1464
1466
1468
1469
1471
1473
1475
1477
1479
1480
1482
1484
1486
1488
1490
1492
1494
1496
1498
1500
1502
1505
1507
1509
1511
1513
1515
1518
1520
1522
1524
1526
1528
1530
1533
1535
1537
1539
1541
1543
1546
1548
1550
1552
1554
1556
1559
1561
1563
1565
1567
1569
1571
1574
1576
1578
1580
1582
1584
1587
1589
1591
1593
1595
1597
1600
1601
1603
1605
1607
1609
1611
1613
1615
1616
1618
1620
1622
1624
1626
1628
1630
1632
1633
1635
1637
1639
1641
1643
1645
1647
1649
1650
1652
1654
1656
1658
1660
1662
1664
1666
1667
1669
1671
1673
1675
1677
1679
1681
1683
1684
1686
1688
1690
1692
1694
1696
1698
1700
1701
1703
1705
1707
1709
1710
1712
1714
1716
1718
1720
1722
1723
1725
1727
1729
1731
1733
1734
1736
1738
1740
1742
1744
1745
1747
1749
1751
1753
1755
1756
1758
1760
1762
1764
1766
1767
1769
1771
1773
1775
1777
1778
1780
1782
1784
1786
1788
1789
1791
1793
1795
1797
1799
1800
1802
1804
1806
1808
1810
1812
1814
1816
1818
1821
1823
1825
1827
1830
1832
1834
1836
1838
1841
1843
1845
1847
1850
1852
1854
1856
1858
1861
1863
1865
1867
1869
1872
1874
1876
1878
1881
1883
1885
1887
1890
1892
1894
1896
1898
1901
1903
1905
1907
1910
1912
1914
1916
1918
1920
1923
1925
1927
1929
1932
1934
1936
1938
1940
1943
1945
1947
1949
1951
1954
1956
1958
1960
1962
1964
1967
1969
1971
1973
1976
1978
1980
1982
1984
1987
1989
1991
1993
1995
1998
2000
2002
2004
2006
2009
2011
2013
2015
2017
2020
2022
2024
2027
2029
2031
2034
2036
2039
2041
2043
2046
2048
2051
2053
2055
2058
2060
2063
2065
2067
2070
2072
2075
2077
2079
2082
2084
2086
2089
2091
2094
2096
2098
2101
2103
2106
2108
2110
2113
2115
2118
2120
2122
2125
2127
2130
2131
2133
2135
2137
2139
2141
2143
2145
2147
2148
2150
2152
2154
2156
2158
2160
2162
2164
2166
2167
2169
2171
2173
2175
2177
2179
2181
2183
2185
2186
2188
2190
2192
2194
2196
2198
2200
2202
2203
2205
2207
2209
2211
2213
2215
2217
2219
2221
2222
2224
2226
2228
2230
2232
2234
2236
2238
2240
2241
2243
2245
2247
2249
2251
2252
2254
2256
2258
2260
2262
2263
2265
2267
2269
2271
2273
2274
2276
2278
2280
2282
2284
2285
2287
2289
2291
2293
2295
2296
2298
2300
2302
2304
2306
2307
2309
2311
2313
2315
2317
2318
2320
2322
2324
2326
2328
2329
2331
2333
2335
2337
2339
2340
2342
2344
2346
2348
2350
2351
2353
2355
2357
2358
2360
2362
2364
2366
2367
2369
2371
2373
2375
2376
2378
2380
2382
2383
2385
2387
2389
2391
2392
2394
2396
2398
2400
2401
2403
2405
2407
2408
2410
2412
2414
2416
2417
2419
2421
2423
2425
2426
2428
2430
2432
2433
2435
2437
2439
2441
2442
2444
2446
2448
2450
2452
2454
2456
2459
2461
2463
2465
2468
2470
2472
2474
2477
2479
2481
2483
2486
2488
2490
2493
2495
2497
2499
2502
2504
2506
2508
2511
2513
2515
2517
2520
2522
2524
2526
2529
2531
2533
2536
2538
2540
2542
2545
2547
2549
2551
2554
2556
2558
2560
2563
2565
2567
2570
2571
2573
2575
2577
2578
2580
2582
2584
2586
2587
2589
2591
2593
2594
2596
2598
2600
2602
2603
2605
2607
2609
2611
2612
2614
2616
2618
2620
2621
2623
2625
2627
2628
2630
2632
2634
2636
2637
2639
2641
2643
2645
2646
2648
2650
2652
2653
2655
2657
2659
2661
2662
2664
2666
2668
2670
2672
2674
2677
2679
2681
2684
2686
2689
2691
2693
2696
2698
2701
2703
2705
2708
2710
2713
2715
2717
2720
2722
2724
2727
2729
2732
2734
2736
2739
2741
2744
2746
2748
2751
2753
2756
2758
2760
2763
2765
2768
2770
2772
2775
2777
2780
2782
2784
2787
2789
2791
2794
2796
2799
2801
2803
2806
2808
2810
2813
2815
2818
2820
2822
2825
2827
2830
2832
2834
2837
2839
2841
2844
2846
2849
2851
2853
2856
2858
2860
2863
2865
2868
2870
2872
2875
2877
2880
2882
2884
2886
2888
2890
2892
2894
2896
2898
2900
2902
2904
2906
2908
2910
2912
2914
2916
2918
2920
2922
2924
2926
2928
2930
2932
2935
2937
2939
2941
2943
2945
2947
2949
2951
2953
2955
2957
2959
2961
2963
2965
2967
2969
2971
2973
2975
2977
2979
2981
2983
2985
2987
2990
2992
2994
2996
2998
3000
3002
3004
3006
3008
3010
3012
3014
3016
3018
3020
3022
3024
3026
3028
3030
3032
3034
3036
3038
3040
3042
3045
3047
3049
3051
3053
3055
3057
3059
3061
3063
3065
3067
3069
3071
3073
3075
3077
3079
3081
3083
3085
3087
3089
3091
3093
3095
3097
3100
3102
3104
3107
3109
3112
3114
3117
3119
3121
3124
3126
3129
3131
3134
3136
3139
3141
3143
3146
3148
3151
3153
3156
3158
3160
3163
3165
3168
3170
3173
3175
3178
3180
3182
3185
3187
3190
3192
3195
3197
3200
3202
3204
3207
3209
3212
3214
3217
3219
3222
3224
3226
3229
3231
3234
3236
3239
3241
3244
3246
3248
3251
3253
3256
3258
3261
3263
3266
3268
3270
3273
3275
3278
3280
3283
3285
3288
3290
3292
3295
3297
3300
3302
3305
3307
3310
3312
3314
3316
3318
3320
3322
3324
3326
3328
3330
3332
3335
3337
3339
3341
3343
3345
3347
3349
3351
3353
3355
3357
3360
3362
3364
3366
3368
3370
3372
3374
3376
3378
3380
3382
3385
3387
3389
3391
3393
3395
3397
3399
3401
3403
3405
3407
3410
3412
3414
3416
3418
3420
3422
3424
3426
3428
3430
3432
3434
3436
3438
3440
3442
3444
3446
3448
3450
3452
3454
3456
3458
3460
3462
3465
3467
3469
3471
3473
3475
3477
3479
3481
3483
3485
3487
3489
3491
3493
3495
3497
3499
3501
3503
3505
3507
3509
3511
3513
3515
3517
3520
3522
3524
3526
3529
3531
3533
3536
3538
3540
3542
3545
3547
3549
3552
3554
3556
3558
3561
3563
3565
3568
3570
3572
3575
3577
3579
3581
3584
3586
3588
3591
3593
3595
3597
3600
3602
3604
3607
3609
3611
3613
3616
3618
3620
3623
3625
3627
3630
3632
3635
3637
3640
3642
3645
3647
3650
3653
3655
3658
3660
3663
3665
3668
3670
3673
3676
3678
3681
3683
3686
3688
3691
3693
3696
3699
3701
3704
3706
3709
3711
3714
3716
3719
3722
3724
3727
3729
3732
3734
3737
3740
3743
3746
3750
3753
3756
3760
3763
3766
3770
3773
3776
3780
3783
3786
3790
3793
3796
3800
3803
3806
3810
3813
3816
3820
3823
3826
3830
3833
3836
3840
3843
3846
3850
3853
3857
3861
3865
3869
3873
3877
3881
3885
3889
3893
3897
3901
3905
3908
3912
3916
3920
3924
3928
3932
3936
3940
3944
3948
3952
3956
3960
3963
3966
3970
3973
3976
3980
3983
3986
3990
3993
3996
4000
4003
4006
4010
4013
4016
4020
4023
4026
4030
4033
4036
4040
4043
4046
4050
4053
4056
4060
4063
4066
4070
4072
4075
4078
4080
4083
4086
4088
4091
4094
4097
4099
4102
4105
4107
4110
4113
4115
4118
4121
4124
4126
4129
4132
4134
4137
4140
4142
4145
4148
4151
4153
4156
4159
4161
4164
4167
4170
4173
4177
4180
4184
4187
4191
4194
4198
4201
4205
4209
4212
4216
4219
4223
4226
4230
4233
4237
4240
4244
4248
4251
4255
4258
4262
4265
4269
4272
4276
4280
4285
4290
4295
4300
4305
4310
4315
4320
4325
4330
4335
4340
4345
4350
4355
4360
4365
4370
4375
4380
4386
4391
4398
4404
4410
4416
4422
4428
4434
4439
4446
4452
4458
4464
4470
4476
4482
4488
4494
4500
4504
4508
4513
4517
4522
4526
4530
4535
4539
4544
4548
4552
4557
4561
4566
4570
4574
4579
4583
4588
4592
4596
4601
4605
4610
4615
4620
4625
4631
4636
4641
4646
4652
4657
4662
4667
4673
4678
4683
4688
4694
4699
4704
4710
4714
4719
4723
4728
4733
4737
4742
4746
4751
4756
4760
4765
4770
4774
4779
4783
4788
4793
4797
4802
4806
4811
4816
4820
4825
4830
4833
4837
4841
4844
4848
4852
4855
4859
4863
4867
4870
4874
4878
4881
4885
4889
4892
4896
4900
4904
4907
4911
4915
4918
4922
4926
4930
4934
4938
4943
4947
4952
4956
4960
4965
4969
4974
4978
4982
4987
4991
4996
5000
5004
5009
5013
5018
5022
5026
5031
5035
5040
5043
5047
5051
5055
5059
5063
5066
5070
5074
5078
5082
5086
5090
5093
5097
5101
5105
5109
5113
5116
5120
5124
5128
5132
5136
5140
5144
5149
5153
5158
5162
5167
5172
5176
5181
5185
5190
5195
5199
5204
5208
5213
5217
5222
5227
5231
5236
5240
5245
5250
5254
5259
5263
5268
5272
5277
5282
5286
5291
5295
5300
5305
5309
5314
5318
5323
5327
5332
5337
5341
5346
5350
5355
5360
5364
5369
5373
5378
5382
5387
5391
5396
5400
5405
5410
5414
5419
5423
5428
5432
5437
5441
5446
5450
5455
5460
5463
5467
5471
5475
5478
5482
5486
5490
5494
5497
5501
5505
5509
5513
5516
5520
5524
5528
5532
5535
5539
5543
5547
5551
5554
5558
5562
5566
5570
5573
5577
5580
5584
5587
5591
5595
5598
5602
5605
5609
5612
5616
5620
5623
5627
5630
5634
5637
5641
5645
5648
5652
5655
5659
5662
5666
5670
5674
5678
5682
5686
5691
5695
5699
5703
5708
5712
5716
5720
5725
5729
5733
5737
5741
5746
5750
5754
5758
5763
5767
5771
5775
5780
5784
5788
5793
5797
5801
5806
5810
5814
5819
5823
5827
5832
5836
5840
5845
5849
5853
5858
5862
5866
5871
5875
5880
5883
5887
5891
5895
5898
5902
5906
5910
5914
5917
5921
5925
5929
5933
5936
5940
5944
5948
5952
5955
5959
5963
5967
5971
5974
5978
5982
5986
5990
5993
5997
6001
6005
6008
6012
6016
6020
6024
6027
6031
6035
6039
6043
6046
6050
6054
6058
6062
6065
6069
6073
6077
6081
6084
6088
6092
6096
6100
6104
6109
6113
6118
6122
6127
6131
6136
6140
6145
6150
6154
6159
6163
6168
6172
6177
6181
6186
6190
6195
6200
6204
6209
6213
6218
6222
6227
6232
6236
6241
6245
6250
6255
6259
6264
6268
6273
6277
6282
6287
6291
6296
6300
6305
6310
6314
6319
6324
6329
6333
6338
6343
6348
6353
6357
6362
6367
6372
6376
6381
6386
6391
6396
6400
6405
6410
6415
6420
6423
6427
6431
6435
6439
6443
6447
6451
6455
6459
6463
6467
6471
6475
6478
6482
6486
6490
6494
6498
6502
6506
6510
6514
6518
6522
6526
6530
6534
6539
6544
6549
6553
6558
6563
6568
6572
6577
6582
6587
6591
6596
6601
6606
6610
6615
6620
6625
6630
6634
6638
6642
6647
6651
6655
6660
6664
6668
6672
6677
6681
6685
6689
6694
6698
6702
6707
6711
6715
6720
6724
6728
6732
6737
6741
6745
6750
6753
6757
6761
6765
6768
6772
6776
6780
6784
6787
6791
6795
6799
6803
6806
6810
6814
6818
6822
6825
6829
6833
6837
6841
6844
6848
6852
6856
6860
6864
6869
6873
6878
6882
6887
6891
6896
6900
6905
6910
6914
6919
6923
6928
6932
6937
6941
6946
6950
6955
6960
6961
6963
6965
6967
6969
6971
6973
6975
6977
6978
6980
6982
6984
6986
6988
6990
6992
6994
6996
6997
6999
7001
7003
7005
7007
7009
7011
7013
7015
7016
7018
7020
7022
7024
7026
7028
7030
7032
7033
7035
7037
7039
7041
7043
7045
7047
7049
7051
7052
7054
7056
7058
7060
7062
7064
7066
7068
7070
7073
7076
7079
7082
7085
7088
7091
7094
7097
7100
7103
7106
7109
7112
7115
7118
7121
7124
7127
7130
7133
7136
7139
7142
7145
7148
7151
7154
7157
7160
7163
7166
7170
7173
7176
7180
7183
7186
7190
7193
7196
7200
7203
7206
7210
7213
7216
7220
7223
7226
7230
7233
7236
7240
7243
7246
7250
7253
7256
7260
7263
7266
7270
7273
7276
7280
7282
7285
7287
7290
7292
7295
7297
7300
7302
7305
7307
7310
7312
7315
7317
7320
7322
7325
7327
7330
7332
7335
7337
7340
7342
7345
7347
7350
7352
7355
7357
7360
7362
7365
7367
7370
7372
7375
7377
7380
7382
7384
7386
7388
7390
7392
7394
7396
7398
7400
7402
7404
7406
7408
7410
7412
7414
7416
7418
7420
7422
7424
7426
7428
7430
7432
7434
7436
7438
7440
7442
7444
7446
7448
7450
7452
7454
7456
7458
7460
7462
7464
7466
7468
7470
7472
7474
7476
7478
7480
7482
7484
7486
7488
7490
7492
7494
7496
7498
7500
7502
7504
7506
7508
7510
7512
7514
7516
7518
7520
7522
7524
7526
7528
7530
7532
7534
7536
7538
7540
7542
7544
7546
7548
7550
7552
7554
7556
7558
7560
7561
7564
7566
7568
7569
7572
7574
7576
7577
7580
7582
7584
7585
7588
7590
7592
7593
7596
7598
7600
7601
7603
7605
7607
7609
7611
7613
7615
7616
7618
7620
7622
7624
7626
7628
7630
7632
7633
7635
7637
7639
7641
7643
7645
7647
7649
7650
7652
7654
7656
7658
7660
7662
7664
7666
7667
7669
7671
7673
7675
7677
7679
7681
7683
7684
7686
7688
7690
7692
7694
7696
7698
7700
7702
7704
7706
7709
7711
7713
7716
7718
7720
7722
7725
7727
7729
7732
7734
7736
7738
7741
7743
7745
7748
7750
7752
7755
7757
7759
7761
7764
7766
7768
7771
7773
7775
7777
7780
7782
7784
7787
7789
7791
7793
7796
7798
7800
7803
7805
7807
7810
7811
7814
7816
7818
7819
7822
7824
7826
7827
7830
7832
7834
7835
7838
7840
7842
7843
7846
7848
7850
7851
7854
7856
7858
7859
7862
7864
7866
7868
7870
7872
7874
7876
7878
7880
7882
7884
7886
7888
7890
7892
7894
7896
7898
7900
7902
7904
7906
7908
7910
7912
7914
7916
7918
7920
7922
7924
7926
7928
7930
7932
7934
7936
7938
7940
7942
7944
7946
7948
7950
7952
7954
7956
7958
7960
7962
7965
7967
7969
7971
7973
7975
7977
7979
7981
7983
7985
7987
7989
7991
7993
7995
7997
7999
8001
8003
8005
8007
8009
8011
8013
8015
8017
8020
8022
8024
8027
8029
8031
8034
8036
8039
8041
8043
8046
8048
8051
8053
8055
8058
8060
8063
8065
8067
8070
8072
8074
8077
8079
8082
8084
8086
8089
8091
8094
8096
8098
8101
8103
8106
8108
8110
8113
8115
8118
8120
8122
8125
8127
8130
8132
8134
8137
8139
8142
8144
8147
8149
8152
8154
8156
8159
8161
8164
8166
8169
8171
8174
8176
8178
8181
8183
8186
8188
8191
8193
8196
8198
8200
8203
8205
8208
8210
8213
8215
8218
8220
8222
8225
8227
8230
8232
8235
8237
8240
8242
8244
8246
8248
8250
8252
8254
8256
8258
8260
8262
8264
8266
8268
8270
8272
8274
8276
8278
8280
8282
8284
8286
8288
8290
8292
8294
8296
8298
8300
8302
8304
8306
8308
8310
8312
8314
8315
8318
8320
8322
8324
8326
8328
8330
8331
8334
8336
8338
8340
8342
8344
8346
8347
8350
8352
8354
8356
8359
8361
8363
8366
8368
8370
8372
8375
8377
8379
8382
8384
8386
8388
8391
8393
8395
8398
8400
8402
8405
8407
8409
8411
8414
8416
8418
8421
8423
8425
8427
8430
8432
8434
8437
8439
8441
8443
8446
8448
8450
8453
8455
8457
8460
8462
8464
8466
8468
8470
8472
8474
8476
8478
8480
8482
8484
8486
8488
8490
8492
8494
8496
8498
8500
8502
8504
8506
8508
8510
8512
8515
8517
8519
8521
8523
8525
8527
8529
8531
8533
8535
8537
8539
8541
8543
8545
8547
8549
8551
8553
8555
8557
8559
8561
8563
8565
8567
8570
8572
8574
8576
8579
8581
8583
8585
8588
8590
8592
8595
8597
8599
8601
8604
8606
8608
8610
8613
8615
8617
8620
8622
8624
8626
8629
8631
8633
8635
8638
8640
8642
8645
8647
8649
8651
8654
8656
8658
8660
8663
8665
8667
8670
8672
8674
8676
8678
8680
8682
8685
8687
8689
8691
8693
8695
8698
8700
8702
8704
8706
8708
8710
8713
8715
8717
8719
8721
8723
8726
8728
8730
8732
8734
8736
8739
8741
8743
8745
8747
8749
8751
8754
8756
8758
8760
8762
8764
8767
8769
8771
8773
8775
8777
8780
8782
8784
8786
8788
8790
8792
8794
8796
8798
8800
8802
8804
8806
8808
8810
8812
8814
8816
8818
8820
8822
8824
8826
8828
8831
8833
8835
8837
8839
8841
8843
8845
8847
8849
8851
8853
8855
8857
8859
8861
8863
8865
8867
8869
8871
8873
8875
8877
8880
8881
8883
8885
8887
8889
8891
8893
8895
8897
8899
8901
8903
8905
8907
8908
8910
8912
8914
8916
8918
8920
8922
8924
8926
8928
8930
8932
8934
8935
8937
8939
8941
8943
8945
8947
8949
8951
8953
8955
8957
8959
8961
8962
8964
8966
8968
8970
8972
8974
8976
8978
8980
8982
8984
8986
8988
8990
8991
8993
8995
8997
8999
9001
9003
9005
9007
9009
9011
9013
9015
9017
9018
9020
9022
9024
9026
9028
9030
9032
9034
9036
9038
9040
9042
9044
9045
9047
9049
9051
9053
9055
9057
9059
9061
9063
9065
9067
9069
9071
9072
9074
9076
9078
9080
9082
9084
9086
9088
9090
9092
9094
9096
9098
9100
9102
9105
9107
9110
9112
9115
9117
9120
9122
9125
9127
9129
9132
9135
9137
9139
9142
9145
9147
9149
9152
9155
9157
9160
9162
9165
9167
9170
9172
9174
9177
9180
9182
9184
9187
9190
9192
9194
9197
9200
9201
9203
9205
9207
9209
9211
9213
9214
9216
9218
9220
9222
9224
9226
9227
9229
9231
9233
9235
9237
9239
9241
9242
9244
9246
9248
9250
9252
9254
9255
9257
9259
9261
9263
9265
9267
9268
9270
9272
9274
9276
9278
9280
9282
9283
9285
9287
9289
9291
9293
9295
9296
9298
9300
9302
9304
9306
9308
9310
9312
9314
9316
9318
9320
9322
9324
9327
9329
9331
9333
9335
9337
9339
9341
9344
9346
9348
9350
9352
9354
9356
9358
9361
9363
9365
9367
9369
9371
9373
9375
9378
9380
9382
9384
9386
9388
9390
9392
9395
9397
9399
9401
9403
9405
9407
9410
9412
9414
9416
9418
9421
9423
9425
9427
9430
9432
9434
9436
9438
9441
9443
9445
9447
9450
9452
9454
9456
9458
9461
9463
9465
9467
9470
9472
9474
9476
9478
9481
9483
9485
9487
9490
9492
9494
9496
9498
9501
9503
9505
9507
9510
9512
9514
9516
9518
9521
9523
9525
9527
9530
9532
9534
9536
9538
9540
9542
9544
9547
9549
9551
9553
9555
9557
9559
9561
9564
9566
9568
9570
9572
9574
9576
9578
9581
9583
9585
9587
9589
9591
9593
9595
9598
9600
9602
9604
9606
9608
9610
9612
9615
9617
9619
9621
9623
9625
9627
9630
9632
9634
9636
9638
9640
9642
9644
9646
9648
9650
9652
9654
9656
9658
9660
9662
9664
9666
9668
9670
9672
9674
9676
9678
9680
9682
9685
9687
9689
9691
9693
9695
9697
9699
9701
9703
9705
9707
9709
9711
9713
9715
9717
9719
9721
9723
9725
9727
9729
9731
9733
9735
9737
9740
9742
9744
9746
9748
9750
9752
9754
9756
9758
9760
9762
9764
9766
9768
9770
9772
9774
9776
9778
9780
9782
9784
9786
9788
9790
9792
9794
9796
9798
9800
9802
9804
9806
9808
9810
9812
9814
9815
9818
9820
9822
9824
9826
9828
9830
9831
9834
9836
9838
9840
9842
9844
9846
9847
9850
9852
9854
9856
9859
9861
9863
9865
9868
9870
9872
9875
9877
9879
9881
9884
9886
9888
9890
9893
9895
9897
9899
9902
9904
9906
9909
9911
9913
9915
9918
9920
9922
9924
9927
9929
9931
9934
9936
9938
9940
9943
9945
9947
9950
9952
9954
9956
9958
9960
9963
9965
9967
9969
9972
9974
9976
9978
9980
9983
9985
9987
9989
9991
9994
9996
9998
10000
10002
10004
10007
10009
10011
10013
10016
10018
10020
10022
10024
10027
10029
10031
10033
10035
10038
10040
10042
10044
10046
10049
10051
10053
10055
10057
10060
10062
10065
10067
10070
10073
10075
10078
10081
10083
10086
10088
10091
10094
10096
10099
10102
10104
10107
10110
10112
10115
10117
10120
10123
10125
10128
10131
10133
10136
10138
10141
10144
10146
10149
10152
10154
10157
10160
10162
10164
10167
10169
10171
10174
10176
10179
10181
10183
10186
10188
10191
10193
10195
10198
10200
10203
10205
10207
10210
10212
10215
10217
10219
10222
10224
10226
10229
10231
10234
10236
10238
10241
10243
10246
10248
10250
10253
10255
10258
10260
10262
10265
10267
10270
10272
10274
10277
10279
10281
10284
10286
10289
10291
10293
10296
10298
10301
10303
10305
10308
10310
10313
10315
10317
10320
10322
10325
10327
10329
10332
10334
10336
10339
10341
10344
10346
10348
10351
10353
10356
10358
10360
10363
10365
10368
10370
10372
10375
10377
10380
10381
10383
10385
10387
10389
10391
10393
10395
10397
10399
10401
10403
10405
10407
10409
10411
10413
10415
10417
10419
10421
10423
10425
10427
10429
10431
10433
10435
10436
10438
10440
10442
10444
10446
10448
10450
10452
10454
10456
10458
10460
10462
10464
10466
10468
10470
10472
10474
10476
10478
10480
10482
10484
10486
10488
10490
10491
10493
10495
10497
10499
10501
10503
10505
10507
10509
10511
10513
10515
10517
10518
10520
10522
10524
10526
10528
10530
10532
10534
10536
10538
10540
10542
10544
10545
10547
10549
10551
10553
10555
10557
10559
10561
10563
10565
10567
10569
10571
10572
10574
10576
10578
10580
10582
10584
10586
10588
10590
10592
10594
10596
10598
10600
10601
10603
10605
10607
10609
10611
10612
10614
10616
10618
10620
10622
10624
10625
10627
10629
10631
10633
10635
10637
10638
10640
10642
10644
10646
10648
10649
10651
10653
10655
10657
10659
10661
10662
10664
10666
10668
10670
10672
10674
10675
10677
10679
10681
10683
10685
10687
10688
10690
10692
10694
10696
10698
10700
10702
10704
10706
10709
10711
10713
10716
10718
10720
10722
10725
10727
10729
10732
10734
10736
10738
10741
10743
10745
10748
10750
10752
10754
10757
10759
10761
10764
10766
10768
10771
10773
10775
10777
10780
10782
10784
10787
10789
10791
10793
10796
10798
10800
10803
10805
10807
10810
10812
10814
10816
10818
10820
10822
10824
10826
10828
10830
10832
10835
10837
10839
10841
10843
10845
10847
10849
10851
10853
10855
10857
10860
10862
10864
10866
10868
10870
10872
10874
10876
10878
10880
10882
10885
10887
10889
10891
10893
10895
10897
10899
10901
10903
10905
10907
10910
10911
10913
10915
10917
10919
10921
10923
10925
10927
10929
10931
10933
10935
10937
10939
10941
10943
10945
10947
10949
10951
10953
10955
10957
10959
10961
10963
10965
10966
10968
10970
10972
10974
10976
10978
10980
10982
10984
10986
10988
10990
10992
10994
10996
10998
11000
11002
11004
11006
11008
11010
11012
11014
11016
11018
11020
11022
11024
11026
11028
11030
11032
11033
11036
11038
11040
11042
11044
11046
11048
11050
11052
11054
11056
11058
11060
11062
11064
11066
11068
11070
11072
11074
11076
11078
11080
11082
11084
11086
11088
11090
11092
11094
11096
11098
11100
11102
11104
11106
11108
11110
11112
11114
11116
11118
11120
11122
11124
11126
11128
11130
11132
11135
11137
11140
11142
11145
11147
11150
11152
11155
11157
11160
11162
11165
11167
11170
11172
11175
11177
11180
11182
11185
11187
11190
11192
11195
11197
11200
11202
11205
11207
11210
11212
11215
11217
11220
11222
11225
11227
11230
11232
11235
11237
11240
11242
11244
11246
11249
11251
11253
11256
11258
11260
11262
11265
11267
11269
11272
11274
11276
11278
11281
11283
11285
11288
11290
11292
11295
11297
11299
11301
11304
11306
11308
11311
11313
11315
11317
11320
11322
11324
11327
11329
11331
11333
11336
11338
11340
11343
11345
11347
11350
11351
11353
11355
11357
11359
11361
11363
11365
11367
11369
11371
11373
11375
11377
11379
11381
11383
11385
11387
11389
11391
11393
11395
11397
11399
11401
11403
11405
11406
11408
11410
11412
11414
11416
11418
11420
11422
11424
11426
11428
11430
11432
11434
11436
11438
11440
11442
11444
11446
11448
11450
11452
11454
11456
11458
11460
11462
11464
11466
11468
11470
11472
11474
11476
11478
11480
11482
11484
11486
11489
11491
11493
11495
11497
11499
11501
11503
11505
11507
11509
11511
11513
11516
11518
11520
11522
11524
11526
11528
11530
11532
11534
11536
11538
11540
11543
11545
11547
11549
11551
11553
11555
11557
11559
11561
11563
11565
11567
11570
11572
11575
11578
11581
11584
11587
11590
11592
11595
11598
11601
11604
11607
11610
11612
11615
11618
11621
11624
11627
11630
11632
11635
11638
11641
11644
11647
11650
11652
11655
11658
11661
11664
11667
11670
11671
11673
11675
11677
11678
11680
11682
11684
11685
11687
11689
11691
11693
11694
11696
11698
11700
11701
11703
11705
11707
11709
11710
11712
11714
11716
11717
11719
11721
11723
11725
11726
11728
11730
11732
11733
11735
11737
11739
11740
11742
11744
11746
11748
11749
11751
11753
11755
11756
11758
11760
11762
11764
11765
11767
11769
11771
11772
11774
11776
11778
11780
11782
11784
11786
11788
11790
11793
11795
11797
11799
11801
11803
11806
11808
11810
11812
11814
11816
11819
11821
11823
11825
11827
11830
11832
11834
11836
11838
11840
11843
11845
11847
11849
11851
11853
11856
11858
11860
11862
11864
11866
11869
11871
11873
11875
11877
11880
11882
11884
11886
11888
11890
11892
11894
11896
11898
11900
11902
11904
11906
11908
11910
11912
11914
11916
11918
11920
11922
11924
11926
11928
11930
11932
11935
11937
11939
11941
11943
11945
11947
11949
11951
11953
11955
11957
11959
11961
11963
11965
11967
11969
11971
11973
11975
11977
11979
11981
11983
11985
11987
11990
11992
11994
11996
11998
12001
12003
12005
12007
12009
12012
12014
12016
12018
12020
12023
12025
12027
12029
12031
12034
12036
12038
12040
12042
12045
12047
12049
12051
12053
12056
12058
12060
12062
12064
12067
12069
12071
12073
12075
12078
12080
12082
12084
12086
12089
12091
12093
12095
12097
12100
12102
12104
12106
12108
12110
12112
12114
12116
12118
12120
12122
12124
12126
12128
12130
12132
12134
12136
12138
12140
12142
12144
12146
12148
12151
12153
12155
12157
12159
12161
12163
12165
12167
12169
12171
12173
12175
12177
12179
12181
12183
12185
12187
12189
12191
12193
12195
12197
12200
12202
12203
12206
12208
12209
12212
12213
12216
12218
12219
12222
12224
12226
12228
12230
12232
12234
12235
12238
12240
12242
12244
12246
12248
12250
12252
12254
12256
12258
12260
12262
12264
12266
12268
12270
12272
12274
12276
12278
12280
12282
12284
12286
12288
12290
12292
12294
12296
12298
12300
12302
12304
12306
12308
12310
12311
12313
12315
12317
12319
12320
12322
12324
12326
12328
12330
12331
12333
12335
12337
12339
12340
12342
12344
12346
12348
12350
12351
12353
12355
12357
12359
12360
12362
12364
12366
12368
12370
12371
12373
12375
12377
12379
12380
12382
12384
12386
12388
12390
12391
12393
12395
12397
12399
12400
12402
12404
12406
12408
12410
12412
12414
12416
12418
12420
12422
12424
12426
12428
12430
12432
12434
12436
12438
12440
12442
12444
12446
12448
12450
12452
12454
12456
12458
12460
12462
12465
12467
12469
12471
12473
12475
12477
12479
12481
12483
12485
12487
12489
12491
12493
12495
12497
12499
12501
12503
12505
12507
12509
12511
12513
12515
12517
12520
12522
12524
12526
12528
12530
12532
12534
12536
12538
12540
12542
12544
12546
12549
12551
12553
12555
12557
12559
12561
12563
12565
12567
12569
12571
12573
12576
12578
12580
12582
12584
12586
12588
12590
12592
12594
12596
12598
12600
12603
12605
12607
12609
12611
12613
12615
12617
12619
12621
12623
12625
12627
12630
12632
12634
12637
12639
12641
12644
12646
12648
12651
12653
12655
12658
12660
12662
12665
12667
12669
12672
12674
12676
12679
12681
12683
12686
12688
12690
12693
12695
12697
12700
12702
12704
12707
12709
12711
12714
12716
12718
12721
12723
12725
12728
12730
12732
12735
12737
12740
12741
12743
12745
12747
12749
12751
12753
12755
12757
12759
12761
12763
12765
12767
12768
12770
12772
12774
12776
12778
12780
12782
12784
12786
12788
12790
12792
12794
12795
12797
12799
12801
12803
12805
12807
12809
12811
12813
12815
12817
12819
12821
12822
12824
12826
12828
12830
12832
12834
12836
12838
12840
12842
12844
12846
12848
12850
12852
12854
12856
12857
12860
12862
12863
12866
12868
12870
12872
12873
12876
12878
12879
12882
12884
12886
12888
12889
12892
12894
12895
12898
12900
12902
12904
12905
12908
12910
12911
12914
12915
12918
12920
12921
12924
12926
12927
12930
12931
12934
12936
12937
12940
12942
12943
12946
12947
12950
12951
12953
12955
12957
12959
12961
12963
12965
12967
12969
12971
12973
12975
12977
12978
12980
12982
12984
12986
12988
12990
12992
12994
12996
12998
13000
13002
13004
13005
13007
13009
13011
13013
13015
13017
13019
13021
13023
13025
13027
13029
13031
13032
13034
13036
13038
13040
13042
13044
13046
13048
13050
13052
13054
13056
13058
13060
13062
13064
13066
13069
13071
13073
13076
13078
13080
13083
13085
13087
13090
13092
13094
13097
13099
13101
13104
13106
13108
13111
13113
13115
13118
13120
13122
13125
13127
13129
13132
13134
13136
13139
13141
13143
13146
13148
13150
13153
13155
13157
13160
13162
13165
13167
13170
13172
13175
13177
13180
13182
13185
13187
13190
13192
13195
13197
13200
13202
13205
13207
13209
13212
13215
13217
13220
13222
13225
13227
13230
13232
13235
13237
13240
13242
13245
13247
13250
13252
13254
13257
13260
13262
13264
13267
13270
13272
13274
13276
13278
13280
13282
13284
13286
13288
13290
13292
13294
13296
13299
13301
13303
13305
13307
13309
13311
13313
13315
13317
13319
13321
13323
13326
13328
13330
13332
13334
13336
13338
13340
13342
13344
13346
13348
13350
13353
13355
13357
13359
13361
13363
13365
13367
13369
13371
13373
13375
13377
13380
13381
13383
13385
13387
13389
13391
13393
13395
13397
13399
13401
13403
13405
13407
13408
13410
13412
13414
13416
13418
13420
13422
13424
13426
13428
13430
13432
13434
13435
13437
13439
13441
13443
13445
13447
13449
13451
13453
13455
13457
13459
13461
13462
13464
13466
13468
13470
13472
13474
13476
13478
13480
13482
13484
13486
13488
13490
13492
13494
13497
13499
13501
13504
13506
13508
13511
13513
13515
13518
13520
13522
13525
13527
13529
13532
13534
13536
13539
13541
13543
13546
13548
13550
13553
13555
13557
13560
13562
13564
13567
13569
13571
13574
13576
13578
13581
13583
13585
13588
13590
13592
13595
13597
13600
13602
13604
13606
13608
13610
13612
13614
13616
13618
13620
13622
13625
13627
13629
13631
13633
13635
13637
13639
13641
13643
13645
13647
13649
13652
13654
13656
13658
13660
13662
13664
13666
13668
13670
13672
13674
13677
13679
13681
13683
13685
13687
13689
13691
13693
13695
13697
13700
13702
13704
13706
13708
13710
13712
13715
13717
13719
13721
13723
13725
13728
13730
13732
13734
13736
13738
13740
13743
13745
13747
13749
13751
13753
13756
13758
13760
13762
13764
13766
13769
13771
13773
13775
13777
13779
13781
13784
13786
13788
13790
13792
13794
13797
13799
13801
13803
13805
13807
13810
13812
13815
13817
13820
13822
13825
13827
13830
13833
13835
13838
13840
13843
13845
13848
13851
13853
13856
13858
13861
13863
13866
13868
13871
13874
13876
13879
13881
13884
13886
13889
13892
13894
13897
13899
13902
13904
13907
13910
13912
13915
13917
13920
13923
13925
13928
13930
13933
13936
13938
13941
13944
13946
13949
13951
13954
13957
13959
13962
13965
13967
13970
13972
13975
13978
13980
13983
13985
13988
13991
13993
13996
13999
14001
14004
14006
14009
14012
14014
14017
14020
14023
14027
14031
14035
14039
14043
14047
14050
14054
14058
14062
14066
14070
14074
14078
14081
14085
14089
14093
14097
14101
14105
14109
14112
14116
14120
14124
14128
14132
14136
14140
14142
14145
14148
14151
14154
14156
14159
14162
14165
14168
14171
14173
14176
14179
14182
14185
14187
14190
14193
14196
14199
14202
14204
14207
14210
14213
14216
14218
14221
14224
14227
14230
14233
14235
14238
14241
14244
14247
14250
14253
14256
14260
14263
14266
14270
14273
14276
14280
14283
14286
14290
14293
14296
14299
14303
14306
14310
14313
14316
14320
14323
14326
14330
14333
14336
14340
14343
14346
14350
14353
14356
14360
14362
14365
14368
14370
14373
14376
14378
14381
14384
14387
14389
14392
14395
14397
14400
14403
14405
14408
14411
14414
14416
14419
14422
14424
14427
14430
14432
14435
14438
14441
14443
14446
14449
14451
14454
14457
14460
14463
14467
14470
14474
14477
14481
14484
14488
14491
14495
14499
14502
14506
14509
14513
14516
14520
14523
14527
14530
14534
14538
14541
14545
14548
14552
14555
14559
14562
14566
14570
14574
14578
14582
14586
14590
14594
14598
14602
14606
14610
14614
14618
14622
14626
14630
14634
14638
14642
14646
14650
14654
14658
14662
14666
14670
14673
14677
14681
14684
14688
14692
14695
14699
14703
14706
14710
14714
14717
14721
14725
14728
14732
14735
14739
14743
14747
14750
14754
14758
14761
14765
14769
14772
14776
14780
14784
14788
14793
14797
14802
14806
14810
14815
14819
14824
14828
14832
14837
14841
14846
14850
14854
14859
14863
14868
14872
14876
14881
14885
14890
14892
14895
14898
14901
14904
14907
14910
14913
14916
14919
14922
14925
14928
14931
14934
14937
14940
14943
14946
14949
14952
14955
14958
14961
14964
14967
14970
14973
14976
14979
14982
14985
14988
14991
14994
14997
15000
15003
15007
15011
15015
15018
15022
15026
15030
15034
15037
15041
15045
15049
15053
15056
15060
15064
15068
15072
15075
15079
15083
15087
15091
15094
15098
15102
15106
15110
15113
15118
15122
15126
15129
15134
15138
15142
15146
15150
15154
15158
15162
15166
15170
15174
15178
15182
15186
15190
15194
15198
15202
15206
15210
15213
15217
15221
15224
15228
15232
15235
15239
15243
15246
15250
15254
15257
15261
15265
15268
15272
15276
15279
15283
15287
15290
15294
15298
15301
15305
15309
15312
15316
15320
15324
15328
15332
15336
15340
15345
15349
15353
15357
15361
15365
15370
15374
15378
15382
15386
15390
15395
15399
15403
15407
15411
15415
15420
15424
15428
15432
15436
15441
15445
15449
15453
15458
15462
15466
15470
15475
15479
15483
15487
15491
15496
15500
15504
15508
15513
15517
15521
15525
15530
15533
15537
15540
15544
15547
15551
15555
15558
15562
15565
15569
15572
15576
15580
15583
15587
15590
15594
15597
15601
15605
15608
15612
15615
15619
15622
15626
15630
15634
15638
15642
15647
15651
15655
15660
15664
15668
15672
15677
15681
15685
15690
15694
15698
15702
15707
15711
15715
15720
15724
15728
15732
15737
15741
15745
15750
15753
15756
15759
15762
15766
15769
15772
15775
15779
15782
15785
15788
15792
15795
15798
15801
15805
15808
15811
15814
15817
15821
15824
15827
15830
15834
15837
15840
15843
15847
15850
15853
15856
15860
15863
15867
15871
15874
15878
15882
15885
15889
15893
15897
15900
15904
15908
15911
15915
15919
15922
15926
15930
15934
15937
15941
15945
15948
15952
15956
15960
15964
15969
15973
15978
15983
15987
15992
15996
16001
16006
16010
16015
16020
16024
16029
16033
16038
16043
16047
16052
16056
16061
16066
16070
16075
16079
16083
16087
16091
16094
16098
16102
16105
16109
16113
16117
16120
16124
16128
16131
16135
16139
16142
16146
16150
16154
16157
16161
16165
16168
16172
16176
16180
16183
16187
16191
16195
16199
16203
16207
16211
16215
16219
16223
16227
16231
16235
16238
16242
16246
16250
16254
16258
16262
16266
16270
16274
16278
16282
16286
16290
16294
16298
16302
16306
16310
16314
16318
16322
16326
16330
16334
16338
16342
16347
16351
16355
16359
16363
16367
16371
16375
16379
16383
16387
16391
16395
16400
16403
16407
16411
16415
16419
16423
16427
16431
16435
16439
16443
16447
16451
16455
16458
16462
16466
16470
16474
16478
16482
16486
16490
16494
16498
16502
16506
16510
16513
16517
16521
16525
16529
16533
16537
16541
16545
16549
16553
16557
16561
16565
16568
16572
16576
16580
16584
16588
16592
16596
16600
16604
16608
16612
16616
16620
16624
16629
16633
16638
16642
16647
16651
16656
16660
16665
16670
16674
16679
16683
16688
16692
16697
16701
16706
16710
16715
16720
16722
16725
16727
16730
16732
16735
16737
16740
16743
16745
16748
16750
16753
16755
16758
16760
16763
16766
16768
16771
16773
16776
16778
16781
16783
16786
16789
16791
16794
16796
16799
16801
16804
16806
16809
16812
16814
16817
16819
16822
16824
16827
16830
16832
16835
16838
16840
16843
16846
16848
16851
16854
16857
16859
16862
16865
16867
16870
16873
16875
16878
16881
16884
16886
16889
16892
16894
16897
16900
16902
16905
16908
16911
16913
16916
16919
16921
16924
16927
16930
16933
16937
16941
16945
16948
16952
16956
16960
16963
16967
16971
16975
16978
16982
16986
16990
16993
16997
17001
17005
17008
17012
17016
17020
17023
17027
17031
17035
17038
17042
17046
17050
17051
17053
17055
17057
17059
17061
17062
17064
17066
17068
17070
17072
17074
17075
17077
17079
17081
17083
17085
17087
17088
17090
17092
17094
17096
17098
17100
17101
17103
17105
17107
17109
17111
17112
17114
17116
17118
17120
17122
17124
17125
17127
17129
17131
17133
17135
17137
17138
17140
17142
17144
17146
17148
17150
17151
17154
17156
17157
17160
17162
17163
17166
17168
17169
17172
17174
17176
17178
17180
17182
17184
17186
17188
17190
17192
17194
17196
17198
17200
17202
17204
17206
17208
17210
17212
17214
17216
17218
17220
17222
17224
17226
17228
17230
17232
17234
17236
17238
17240
17242
17244
17246
17248
17250
17252
17254
17256
17258
17260
17261
17263
17265
17267
17269
17271
17273
17275
17277
17279
17281
17283
17285
17287
17289
17291
17293
17295
17297
17299
17301
17303
17305
17307
17309
17311
17313
17315
17316
17318
17320
17322
17324
17326
17328
17330
17332
17334
17336
17338
17340
17342
17344
17346
17348
17350
17352
17354
17356
17358
17360
17362
17364
17366
17368
17370
17371
17373
17375
17377
17379
17381
17383
17385
17386
17388
17390
17392
17394
17396
17398
17400
17402
17403
17405
17407
17409
17411
17413
17415
17417
17419
17420
17422
17424
17426
17428
17430
17432
17434
17436
17437
17439
17441
17443
17445
17447
17449
17451
17453
17454
17456
17458
17460
17462
17464
17466
17468
17470
17472
17474
17476
17478
17480
17483
17485
17487
17489
17491
17494
17496
17498
17500
17503
17505
17507
17509
17511
17514
17516
17518
17520
17522
17525
17527
17529
17531
17533
17535
17538
17540
17542
17544
17546
17549
17551
17553
17555
17558
17560
17562
17564
17566
17569
17571
17573
17575
17577
17580
17582
17584
17586
17588
17590
17592
17594
17596
17598
17600
17602
17604
17607
17609
17611
17613
17615
17617
17619
17621
17623
17625
17627
17630
17632
17634
17636
17638
17640
17642
17644
17646
17648
17650
17652
17655
17657
17659
17661
17663
17665
17667
17669
17671
17673
17675
17677
17680
17682
17684
17686
17688
17691
17693
17695
17697
17700
17702
17704
17706
17709
17711
17713
17715
17718
17720
17722
17724
17727
17729
17731
17733
17736
17738
17740
17742
17745
17747
17749
17751
17754
17756
17758
17760
17763
17765
17767
17769
17772
17774
17776
17778
17781
17783
17785
17787
17790
17792
17794
17796
17798
17800
17803
17805
17807
17809
17811
17813
17816
17818
17820
17822
17824
17826
17829
17831
17833
17835
17837
17840
17842
17844
17846
17848
17850
17853
17855
17857
17859
17861
17863
17866
17868
17870
17872
17874
17876
17879
17881
17883
17885
17887
17890
17891
17893
17895
17897
17899
17901
17903
17905
17907
17908
17910
17912
17914
17916
17918
17920
17922
17924
17926
17927
17929
17931
17933
17935
17937
17939
17941
17943
17945
17946
17948
17950
17952
17954
17956
17958
17960
17962
17963
17965
17967
17969
17971
17973
17975
17977
17979
17981
17982
17984
17986
17988
17990
17992
17994
17996
17998
18000
18002
18004
18006
18008
18010
18012
18015
18017
18019
18021
18023
18025
18028
18030
18032
18034
18036
18038
18040
18043
18045
18047
18049
18051
18053
18056
18058
18060
18062
18064
18066
18069
18071
18073
18075
18077
18079
18081
18084
18086
18088
18090
18092
18094
18097
18099
18101
18103
18105
18107
18110
18112
18115
18117
18120
18122
18125
18127
18130
18132
18134
18137
18140
18142
18145
18147
18150
18152
18155
18157
18160
18162
18165
18167
18170
18172
18175
18177
18180
18182
18185
18187
18190
18192
18195
18197
18200
18202
18205
18207
18210
18212
18215
18217
18220
18222
18225
18227
18230
18232
18235
18237
18240
18242
18245
18247
18250
18252
18255
18257
18260
18262
18265
18267
18270
18272
18275
18277
18280
18282
18285
18287
18290
18292
18295
18297
18300
18302
18305
18307
18310
18312
18315
18317
18320
18323
18326
18330
18333
18337
18340
18344
18347
18351
18354
18357
18361
18364
18368
18371
18375
18378
18382
18385
18388
18392
18395
18399
18402
18406
18409
18413
18416
18420
18423
18426
18429
18432
18435
18438
18441
18444
18447
18450
18453
18456
18459
18462
18465
18468
18471
18475
18478
18481
18484
18487
18490
18493
18496
18499
18502
18505
18508
18511
18514
18517
18520
18523
18526
18530
18532
18534
18536
18538
18541
18543
18545
18547
18550
18552
18554
18556
18558
18561
18563
18565
18567
18570
18572
18574
18576
18578
18581
18583
18585
18587
18590
18592
18594
18596
18598
18601
18603
18605
18607
18610
18612
18614
18616
18618
18621
18623
18625
18627
18630
18633
18636
18640
18643
18647
18650
18654
18657
18660
18664
18667
18671
18674
18678
18681
18685
18688
18691
18695
18698
18702
18705
18709
18712
18715
18719
18722
18726
18729
18733
18736
18740
18743
18747
18751
18755
18758
18762
18766
18770
18773
18777
18781
18785
18788
18792
18796
18799
18803
18807
18811
18814
18818
18822
18826
18830
18833
18837
18841
18845
18848
18852
18856
18860
18862
18865
18868
18870
18873
18876
18878
18881
18884
18887
18889
18892
18895
18897
18900
18903
18905
18908
18911
18914
18916
18919
18922
18924
18927
18930
18932
18935
18938
18941
18943
18946
18949
18951
18954
18957
18960
18963
18966
18969
18972
18976
18979
18982
18985
18989
18992
18995
18998
19002
19005
19008
19011
19015
19018
19021
19024
19027
19031
19034
19037
19040
19044
19047
19050
19053
19057
19060
19063
19066
19070
19073
19077
19081
19084
19088
19092
19095
19099
19103
19107
19110
19114
19118
19121
19125
19129
19132
19136
19140
19144
19147
19151
19155
19158
19162
19166
19170
19174
19179
19183
19188
19192
19197
19202
19206
19211
19215
19220
19225
19229
19234
19238
19243
19247
19252
19257
19261
19266
19270
19275
19280
19284
19289
19294
19299
19303
19308
19313
19318
19322
19327
19332
19337
19341
19346
19351
19356
19360
19365
19370
19375
19380
19383
19387
19391
19395
19399
19403
19407
19411
19415
19419
19423
19427
19431
19435
19438
19442
19446
19450
19454
19458
19462
19466
19470
19474
19478
19482
19486
19490
19494
19498
19502
19506
19511
19515
19519
19523
19528
19532
19536
19540
19544
19549
19553
19557
19561
19566
19570
19574
19578
19583
19587
19591
19595
19600
19604
19608
19612
19616
19620
19624
19628
19632
19636
19640
19644
19648
19652
19656
19660
19664
19668
19672
19676
19680
19684
19688
19692
19695
19700
19704
19708
19712
19716
19721
19725
19729
19733
19738
19742
19746
19750
19755
19759
19763
19767
19771
19776
19780
19784
19788
19793
19797
19801
19805
19810
19813
19816
19820
19823
19826
19830
19833
19836
19840
19843
19846
19849
19853
19856
19860
19863
19866
19870
19873
19876
19880
19883
19886
19890
19893
19896
19900
19903
19906
19910
19913
19917
19921
19925
19929
19933
19937
19941
19945
19949
19953
19957
19961
19965
19968
19972
19976
19980
19984
19988
19992
19996
20000
20004
20008
20012
20016
20020
20025
20030
20035
20040
20044
20050
20055
20060
20064
20070
20075
20080
20085
20090
20095
20099
20105
20110
20115
20119
20125
20130
20134
20138
20142
20146
20150
20154
20158
20162
20166
20170
20174
20178
20182
20187
20191
20195
20199
20203
20207
20211
20215
20219
20223
20227
20231
20235
20240
20242
20244
20246
20248
20250
20252
20254
20256
20258
20260
20262
20264
20266
20268
20270
20272
20274
20276
20278
20280
20282
20284
20286
20288
20290
20292
20295
20297
20299
20301
20303
20305
20307
20309
20311
20313
20315
20317
20319
20321
20323
20325
20327
20329
20331
20333
20335
20337
20339
20341
20343
20345
20347
20350
20351
20353
20355
20357
20359
20361
20363
20365
20367
20369
20371
20373
20375
20377
20379
20381
20383
20385
20387
20389
20391
20393
20395
20397
20399
20400
20402
20404
20406
20408
20410
20412
20414
20416
20418
20420
20422
20424
20426
20428
20430
20432
20434
20436
20438
20440
20442
20444
20446
20448
20450
20452
20455
20458
20461
20463
20466
20469
20471
20474
20477
20480
20483
20485
20488
20491
20494
20496
20499
20502
20505
20507
20510
20513
20516
20518
20521
20524
20526
20529
20532
20535
20538
20540
20543
20546
20549
20551
20554
20557
20560
20562
20565
20567
20570
20573
20575
20578
20581
20583
20586
20588
20591
20594
20596
20599
20602
20604
20607
20610
20612
20615
20617
20620
20623
20625
20628
20631
20633
20636
20638
20641
20644
20646
20649
20652
20654
20657
20660
20662
20665
20668
20670
20673
20676
20678
20681
20684
20686
20689
20692
20694
20697
20700
20702
20705
20708
20710
20713
20716
20719
20721
20724
20727
20729
20732
20735
20737
20740
20743
20745
20748
20751
20753
20756
20759
20761
20764
20767
20770
20772
20774
20777
20779
20781
20784
20786
20789
20791
20793
20796
20798
20801
20803
20805
20808
20810
20813
20815
20817
20820
20822
20825
20827
20829
20832
20834
20836
20839
20841
20844
20846
20848
20851
20853
20856
20858
20860
20863
20865
20868
20870
20872
20875
20877
20880
20882
20884
20887
20889
20891
20894
20896
20899
20901
20903
20906
20908
20911
20913
20915
20918
20920
20923
20925
20927
20930
20932
20935
20937
20939
20942
20944
20946
20949
20951
20954
20956
20958
20961
20963
20966
20968
20970
20973
20975
20978
20980
20982
20985
20987
20990
20992
20995
20998
21000
21003
21006
21009
21012
21014
21017
21020
21023
21025
21028
21031
21034
21036
21039
21042
21045
21047
21050
21053
21056
21058
21061
21064
21067
21069
21072
21075
21078
21080
21083
21086
21089
21091
21094
21097
21100
21102
21105
21108
21110
21113
21116
21118
21121
21124
21127
21129
21132
21135
21137
21140
21143
21145
21148
21151
21154
21156
21159
21162
21164
21167
21170
21172
21175
21178
21181
21183
21186
21189
21191
21194
21197
21200
21202
21204
21206
21208
21211
21213
21215
21217
21220
21222
21224
21226
21229
21231
21233
21235
21238
21240
21242
21244
21247
21249
21251
21253
21256
21258
21260
21262
21265
21267
21269
21271
21274
21276
21278
21280
21283
21285
21287
21289
21292
21294
21296
21298
21301
21303
21305
21307
21310
21312
21315
21317
21320
21323
21325
21328
21331
21333
21336
21338
21341
21344
21346
21349
21352
21354
21357
21360
21362
21365
21367
21370
21373
21375
21378
21381
21383
21386
21388
21391
21394
21396
21399
21402
21404
21407
21410
21412
21415
21418
21421
21423
21426
21429
21432
21435
21437
21440
21443
21446
21449
21451
21454
21457
21460
21463
21465
21468
21471
21474
21476
21479
21482
21485
21488
21490
21493
21496
21499
21502
21504
21507
21510
21513
21516
21518
21521
21524
21527
21530
21532
21535
21537
21540
21542
21545
21547
21550
21553
21555
21558
21560
21563
21565
21568
21571
21573
21576
21578
21581
21583
21586
21588
21591
21594
21596
21599
21601
21604
21606
21609
21612
21614
21617
21619
21622
21624
21627
21630
21632
21635
21637
21640
21643
21645
21648
21650
21653
21656
21658
21661
21664
21666
21669
21671
21674
21677
21679
21682
21685
21687
21690
21692
21695
21698
21700
21703
21705
21708
21711
21713
21716
21719
21721
21724
21726
21729
21732
21734
21737
21740
21742
21745
21748
21751
21754
21757
21760
21763
21766
21769
21772
21775
21778
21781
21784
21787
21790
21793
21796
21799
21802
21805
21808
21811
21814
21817
21820
21823
21826
21829
21832
21835
21838
21841
21844
21847
21850
21852
21854
21857
21859
21862
21864
21867
21869
21871
21874
21876
21879
21881
21884
21886
21889
21891
21893
21896
21898
21901
21903
21906
21908
21910
21913
21915
21918
21920
21923
21925
21928
21930
21932
21935
21937
21940
21942
21945
21947
21950
21952
21955
21957
21960
21963
21965
21968
21970
21973
21976
21978
21981
21984
21986
21989
21991
21994
21997
21999
22002
22005
22007
22010
22012
22015
22018
22020
22023
22025
22028
22031
22033
22036
22039
22041
22044
22046
22049
22052
22054
22057
22060
22062
22065
22068
22071
22073
22076
22079
22082
22085
22087
22090
22093
22096
22098
22101
22104
22107
22110
22112
22115
22118
22121
22123
22126
22129
22132
22134
22137
22140
22143
22146
22148
22151
22154
22157
22160
22163
22166
22169
22172
22175
22178
22182
22185
22188
22191
22194
22197
22200
22204
22207
22210
22213
22216
22219
22222
22226
22229
22232
22235
22238
22241
22244
22248
22251
22254
22257
22260
22263
22266
22270
22273
22276
22280
22283
22286
22290
22293
22296
22300
22303
22306
22310
22313
22316
22320
22323
22326
22330
22333
22336
22340
22343
22346
22349
22353
22356
22360
22363
22366
22369
22373
22376
22380
22383
22386
22390
22393
22396
22400
22403
22406
22410
22413
22416
22419
22423
22426
22430
22433
22436
22439
22443
22446
22450
22453
22456
22459
22463
22466
22470
22473
22476
22479
22483
22486
22490
22494
22497
22502
22506
22509
22514
22517
22522
22526
22529
22534
22538
22541
22546
22549
22554
22558
22561
22566
22570
22573
22578
22582
22586
22590
22593
22598
22602
22605
22610
22613
22617
22621
22624
22628
22632
22635
22639
22643
22647
22650
22654
22658
22661
22665
22669
22672
22676
22680
22684
22687
22691
22695
22698
22702
22706
22710
22712
22714
22716
22718
22720
22722
22724
22726
22728
22730
22732
22734
22736
22738
22740
22742
22744
22746
22748
22750
22752
22754
22756
22758
22760
22762
22764
22766
22768
22770
22772
22774
22776
22778
22780
22782
22784
22786
22788
22790
22792
22794
22796
22798
22800
22802
22804
22806
22808
22810
22812
22814
22816
22818
22820
22823
22826
22829
22832
22836
22839
22842
22845
22849
22852
22855
22858
22861
22865
22868
22871
22874
22878
22881
22884
22887
22890
22894
22897
22900
22903
22907
22910
22913
22916
22920
22923
22927
22930
22934
22937
22941
22944
22948
22951
22955
22959
22962
22966
22969
22973
22976
22980
22983
22987
22990
22994
22998
23001
23005
23008
23012
23015
23019
23022
23026
23030
23033
23037
23041
23044
23048
23052
23055
23059
23063
23067
23070
23074
23078
23081
23085
23089
23092
23096
23100
23104
23107
23111
23115
23118
23122
23126
23130
23134
23138
23142
23146
23151
23155
23159
23163
23168
23172
23176
23180
23185
23189
23193
23197
23201
23206
23210
23214
23218
23223
23227
23231
23235
23240
23243
23247
23250
23254
23258
23262
23265
23269
23273
23276
23280
23284
23287
23291
23295
23298
23302
23306
23309
23313
23317
23320
23324
23328
23331
23335
23339
23342
23346
23350
23353
23356
23359
23362
23365
23368
23371
23375
23378
23381
23384
23387
23390
23393
23396
23400
23403
23406
23409
23412
23415
23418
23421
23425
23428
23431
23434
23437
23440
23443
23446
23450
23453
23456
23460
23463
23467
23470
23474
23477
23480
23484
23487
23491
23494
23498
23501
23505
23508
23511
23515
23518
23522
23525
23529
23532
23535
23539
23542
23546
23549
23553
23556
23560
23564
23567
23572
23576
23580
23584
23587
23592
23596
23599
23604
23608
23612
23616
23620
23624
23628
23632
23636
23640
23644
23648
23652
23656
23660
23664
23668
23672
23676
23680
23684
23688
23692
23696
23700
23704
23708
23712
23717
23721
23725
23729
23733
23737
23741
23745
23749
23753
23757
23761
23765
23770
23775
23780
23785
23790
23794
23800
23805
23810
23814
23820
23825
23830
23835
23840
23845
23849
23855
23860
23865
23869
23875
23880
23883
23887
23891
23895
23899
23903
23907
23910
23914
23918
23922
23926
23930
23934
23938
23941
23945
23949
23953
23957
23961
23965
23969
23972
23976
23980
23984
23988
23992
23996
24000
24005
24010
24015
24020
24026
24031
24036
24041
24047
24052
24057
24062
24068
24073
24078
24083
24089
24094
24099
24104
24110
24115
24120
24125
24130
24134
24140
24145
24150
24155
24160
24165
24170
24175
24180
24185
24190
24195
24200
24205
24210
24214
24218
24222
24226
24230
24234
24238
24242
24246
24250
24254
24258
24262
24267
24271
24275
24279
24283
24287
24291
24295
24299
24303
24307
24311
24315
24320
24324
24328
24332
24336
24340
24344
24348
24352
24356
24360
24364
24368
24372
24376
24380
24384
24388
24392
24396
24400
24404
24408
24412
24416
24420
24424
24428
24432
24436
24440
24444
24448
24452
24456
24460
24464
24468
24472
24477
24481
24485
24489
24493
24497
24501
24505
24509
24513
24517
24521
24525
24530
24533
24537
24541
24544
24548
24552
24555
24559
24563
24567
24570
24574
24578
24581
24585
24589
24592
24596
24600
24604
24607
24611
24615
24618
24622
24626
24630
24633
24637
24641
24645
24648
24652
24656
24660
24664
24667
24671
24675
24679
24683
24686
24690
24694
24698
24702
24705
24709
24713
24717
24721
24724
24728
24732
24736
24740
24743
24746
24750
24753
24756
24759
24763
24766
24770
24773
24776
24780
24783
24786
24790
24793
24796
24800
24803
24806
24810
24813
24816
24820
24823
24826
24830
24833
24836
24840
24843
24846
24850
24853
24857
24860
24864
24867
24871
24875
24878
24882
24885
24889
24892
24896
24900
24903
24907
24910
24914
24917
24921
24925
24928
24932
24935
24939
24942
24946
24950
24953
24957
24961
24964
24968
24971
24975
24979
24983
24986
24990
24994
24997
25001
25005
25008
25012
25016
25019
25023
25026
25030
25034
25038
25041
25045
25049
25052
25056
25060
25064
25069
25073
25078
25082
25087
25092
25096
25101
25105
25110
25115
25119
25124
25128
25133
25137
25142
25147
25151
25156
25160
25165
25170
25174
25179
25183
25188
25193
25197
25202
25206
25211
25216
25220
25225
25230
25234
25239
25243
25248
25253
25257
25262
25266
25271
25276
25280
25285
25290
25294
25298
25303
25307
25311
25316
25320
25324
25329
25333
25337
25342
25346
25350
25355
25359
25363
25368
25372
25376
25381
25385
25390
25394
25398
25402
25406
25411
25415
25419
25423
25428
25432
25436
25440
25445
25449
25453
25457
25461
25466
25470
25474
25478
25483
25487
25491
25495
25500
25505
25510
25515
25520
25526
25531
25536
25541
25547
25552
25557
25562
25568
25573
25578
25583
25589
25594
25599
25604
25610
25614
25618
25622
25626
25631
25635
25639
25643
25648
25652
25656
25660
25665
25669
25673
25677
25681
25686
25690
25694
25698
25703
25707
25711
25715
25720
25723
25727
25731
25735
25739
25743
25747
25751
25755
25759
25763
25767
25771
25775
25778
25782
25786
25790
25794
25798
25802
25806
25810
25814
25818
25822
25826
25830
25833
25837
25841
25845
25849
25853
25856
25860
25864
25868
25872
25876
25880
25883
25887
25891
25895
25899
25903
25906
25910
25914
25918
25922
25926
25930
25933
25936
25939
25942
25945
25948
25952
25955
25958
25961
25964
25967
25970
25974
25977
25980
25983
25986
25989
25992
25996
25999
26002
26005
26008
26011
26014
26018
26021
26024
26027
26030
26033
26036
26040
26044
26049
26053
26058
26062
26067
26071
26076
26080
26085
26090
26094
26099
26103
26108
26112
26117
26121
26126
26130
26135
26140
26143
26147
26150
26154
26157
26161
26164
26168
26171
26175
26179
26182
26186
26189
26193
26196
26200
26203
26207
26210
26214
26218
26221
26225
26228
26232
26235
26239
26242
26246
26250
26253
26257
26261
26264
26268
26272
26275
26279
26283
26286
26290
26294
26297
26301
26305
26308
26312
26316
26319
26323
26327
26330
26334
26338
26341
26345
26349
26352
26356
26360
26362
26364
26366
26368
26370
26372
26374
26376
26378
26380
26382
26384
26386
26388
26390
26392
26394
26396
26398
26400
26402
26404
26406
26408
26411
26413
26415
26417
26419
26421
26423
26425
26427
26429
26431
26433
26435
26437
26439
26441
26443
26445
26447
26449
26451
26453
26455
26457
26460
26462
26465
26467
26470
26473
26475
26478
26480
26483
26486
26488
26491
26494
26496
26499
26501
26504
26507
26509
26512
26515
26517
26520
26522
26525
26528
26530
26533
26535
26538
26541
26543
26546
26549
26551
26554
26556
26559
26562
26564
26567
26570
26572
26574
26577
26579
26581
26584
26586
26589
26591
26593
26596
26598
26600
26603
26605
26608
26610
26612
26615
26617
26620
26622
26624
26627
26629
26631
26634
26636
26639
26641
26643
26646
26648
26650
26653
26655
26658
26660
26662
26665
26667
26670
26672
26674
26677
26679
26681
26684
26686
26689
26691
26693
26696
26698
26701
26703
26705
26708
26710
26713
26715
26717
26720
26722
26725
26727
26729
26732
26734
26736
26739
26741
26744
26746
26748
26751
26753
26756
26758
26760
26763
26765
26768
26770
26772
26775
26777
26780
26782
26784
26786
26789
26791
26793
26796
26798
26800
26803
26805
26807
26810
26812
26814
26817
26819
26821
26824
26826
26828
26831
26833
26835
26838
26840
26842
26845
26847
26849
26852
26854
26856
26859
26861
26863
26866
26868
26870
26873
26875
26877
26880
26882
26884
26886
26888
26890
26893
26895
26897
26899
26901
26904
26906
26908
26910
26912
26914
26917
26919
26921
26923
26925
26928
26930
26932
26934
26936
26938
26941
26943
26945
26947
26949
26952
26954
26956
26958
26960
26962
26965
26967
26969
26971
26973
26976
26978
26980
26982
26984
26986
26989
26991
26993
26995
26997
27000
27002
27004
27006
27008
27011
27013
27015
27017
27020
27022
27024
27026
27029
27031
27033
27035
27038
27040
27042
27044
27047
27049
27051
27053
27056
27058
27060
27062
27065
27067
27069
27071
27074
27076
27078
27080
27083
27085
27087
27089
27092
27094
27096
27098
27101
27103
27105
27107
27110
27112
27115
27118
27120
27123
27126
27128
27131
27134
27137
27139
27142
27145
27147
27150
27153
27155
27158
27161
27164
27166
27169
27172
27174
27177
27180
27182
27185
27188
27191
27193
27196
27199
27201
27204
27207
27210
27212
27214
27216
27219
27221
27223
27226
27228
27230
27232
27235
27237
27239
27242
27244
27246
27248
27251
27253
27255
27258
27260
27262
27265
27267
27269
27271
27274
27276
27278
27281
27283
27285
27287
27290
27292
27294
27297
27299
27301
27303
27306
27308
27310
27313
27315
27317
27320
27322
27324
27326
27328
27330
27332
27334
27336
27338
27340
27342
27344
27346
27348
27350
27352
27354
27356
27358
27360
27362
27364
27366
27368
27371
27373
27375
27377
27379
27381
27383
27385
27387
27389
27391
27393
27395
27397
27399
27401
27403
27405
27407
27409
27411
27413
27415
27417
27420
27421
27423
27425
27427
27429
27431
27432
27434
27436
27438
27440
27442
27443
27445
27447
27449
27451
27453
27454
27456
27458
27460
27462
27464
27465
27467
27469
27471
27473
27475
27476
27478
27480
27482
27484
27486
27487
27489
27491
27493
27495
27497
27498
27500
27502
27504
27506
27508
27509
27511
27513
27515
27517
27519
27520
27522
27524
27526
27528
27530
27531
27533
27535
27537
27539
27541
27543
27545
27547
27549
27551
27553
27555
27556
27558
27560
27562
27564
27566
27568
27570
27572
27574
27576
27578
27580
27581
27583
27585
27587
27589
27591
27593
27595
27597
27599
27601
27603
27605
27606
27608
27610
27612
27614
27616
27618
27620
27622
27624
27626
27628
27630
27632
27634
27636
27638
27641
27643
27645
27647
27649
27651
27654
27656
27658
27660
27663
27665
27667
27669
27671
27674
27676
27678
27680
27682
27685
27687
27689
27691
27693
27695
27698
27700
27702
27704
27706
27709
27711
27713
27715
27718
27720
27722
27724
27726
27729
27731
27733
27735
27737
27740
27741
27743
27745
27747
27749
27751
27753
27754
27756
27758
27760
27762
27764
27766
27767
27769
27771
27773
27775
27777
27779
27781
27782
27784
27786
27788
27790
27792
27794
27795
27797
27799
27801
27803
27805
27807
27808
27810
27812
27814
27816
27818
27820
27822
27823
27825
27827
27829
27831
27833
27835
27836
27838
27840
27842
27844
27846
27848
27850
27852
27854
27856
27858
27860
27862
27864
27866
27868
27870
27872
27874
27876
27878
27880
27882
27884
27886
27888
27890
27892
27894
27896
27898
27901
27903
27905
27907
27909
27911
27913
27915
27917
27919
27921
27923
27925
27927
27929
27931
27933
27935
27937
27939
27941
27943
27945
27947
27950
27952
27954
27956
27958
27960
27962
27964
27965
27968
27970
27971
27974
27976
27977
27980
27982
27984
27986
27988
27990
27991
27994
27996
27997
28000
28002
28003
28006
28008
28009
28012
28014
28016
28018
28020
28022
28023
28026
28028
28029
28032
28034
28035
28038
28040
28041
28044
28046
28048
28049
28052
28054
28055
28058
28060
28062
28064
28066
28068
28070
28072
28074
28076
28078
28080
28082
28085
28087
28089
28091
28093
28095
28097
28099
28101
28103
28105
28107
28110
28112
28114
28116
28118
28120
28122
28124
28126
28128
28130
28132
28134
28137
28139
28141
28143
28145
28147
28149
28151
28153
28155
28157
28160
28162
28164
28166
28168
28170
28172
28174
28176
28178
28180
28182
28184
28186
28188
28190
28192
28194
28196
28198
28200
28202
28204
28206
28208
28210
28212
28214
28216
28218
28220
28222
28224
28226
28228
28230
28232
28234
28236
28238
28240
28242
28244
28246
28248
28250
28252
28254
28256
28258
28259
28262
28264
28266
28268
28270
28271
28273
28275
28277
28279
28281
28283
28285
28287
28288
28290
28292
28294
28296
28298
28300
28302
28304
28306
28307
28309
28311
28313
28315
28317
28319
28321
28323
28325
28326
28328
28330
28332
28334
28336
28338
28340
28342
28343
28345
28347
28349
28351
28353
28355
28357
28359
28361
28362
28364
28366
28368
28370
28372
28374
28376
28378
28380
28381
28383
28385
28387
28388
28390
28392
28394
28395
28397
28399
28401
28403
28404
28406
28408
28410
28411
28413
28415
28417
28419
28420
28422
28424
28426
28427
28429
28431
28433
28435
28436
28438
28440
28442
28443
28445
28447
28449
28450
28452
28454
28456
28458
28459
28461
28463
28465
28466
28468
28470
28472
28474
28475
28477
28479
28481
28482
28484
28486
28488
28490
28492
28494
28496
28498
28500
28502
28504
28506
28508
28510
28512
28514
28516
28518
28520
28522
28524
28526
28528
28530
28532
28534
28536
28538
28540
28542
28545
28547
28549
28551
28553
28555
28557
28559
28561
28563
28565
28567
28569
28571
28573
28575
28577
28579
28581
28583
28585
28587
28589
28591
28593
28595
28597
28600
28601
28603
28605
28607
28609
28611
28613
28615
28617
28619
28621
28623
28625
28626
28628
28630
28632
28634
28636
28638
28640
28642
28644
28646
28648
28650
28651
28653
28655
28657
28659
28661
28663
28665
28667
28669
28671
28673
28675
28676
28678
28680
28682
28684
28686
28688
28690
28692
28694
28696
28698
28700
28702
28704
28706
28708
28710
28712
28714
28716
28718
28720
28722
28724
28726
28729
28731
28733
28735
28737
28739
28741
28743
28745
28747
28749
28751
28753
28756
28758
28760
28762
28764
28766
28768
28770
28772
28774
28776
28778
28780
28783
28785
28787
28789
28791
28793
28795
28797
28799
28801
28803
28805
28807
28810
28811
28813
28815
28817
28819
28821
28823
28825
28827
28829
28831
28833
28835
28837
28839
28841
28843
28845
28847
28849
28851
28853
28855
28857
28859
28860
28862
28864
28866
28868
28870
28872
28874
28876
28878
28880
28882
28884
28886
28888
28890
28892
28894
28896
28898
28900
28902
28904
28906
28908
28910
28912
28914
28916
28918
28920
28922
28924
28926
28928
28930
28932
28934
28936
28939
28941
28943
28945
28947
28949
28951
28953
28955
28957
28959
28961
28963
28966
28968
28970
28972
28974
28976
28978
28980
28982
28984
28986
28988
28990
28993
28995
28997
28999
29001
29003
29005
29007
29009
29011
29013
29015
29017
29020
29022
29024
29026
29028
29030
29032
29034
29035
29038
29040
29041
29044
29046
29048
29050
29052
29054
29056
29058
29060
29061
29064
29066
29067
29070
29072
29073
29076
29078
29080
29082
29084
29086
29088
29090
29092
29093
29096
29098
29099
29102
29104
29105
29108
29110
29112
29114
29116
29118
29119
29122
29124
29125
29128
29130
29131
29133
29135
29137
29139
29141
29143
29145
29147
29149
29151
29153
29155
29157
29158
29160
29162
29164
29166
29168
29170
29172
29174
29176
29178
29180
29182
29184
29185
29187
29189
29191
29193
29195
29197
29199
29201
29203
29205
29207
29209
29211
29212
29214
29216
29218
29220
29222
29224
29226
29228
29230
29232
29234
29236
29238
29240
29242
29244
29246
29248
29250
29252
29254
29256
29258
29260
29262
29264
29266
29269
29271
29273
29275
29277
29279
29281
29283
29285
29287
29289
29291
29293
29296
29298
29300
29302
29304
29306
29308
29310
29312
29314
29316
29318
29320
29323
29325
29327
29329
29331
29333
29335
29337
29339
29341
29343
29345
29347
29350
29352
29354
29356
29358
29360
29362
29364
29366
29368
29370
29372
29374
29376
29378
29380
29382
29384
29386
29388
29390
29392
29394
29396
29398
29400
29402
29404
29406
29408
29410
29412
29414
29416
29418
29420
29422
29424
29426
29428
29430
29432
29434
29436
29438
29440
29442
29444
29445
29448
29450
29452
29454
29456
29458
29460
29462
29464
29466
29468
29470
29472
29474
29476
29478
29480
29482
29484
29486
29488
29490
29492
29494
29496
29498
29500
29502
29505
29507
29509
29511
29513
29515
29517
29519
29521
29523
29525
29527
29529
29531
29533
29535
29537
29539
29541
29543
29545
29547
29549
29551
29553
29555
29557
29560
29561
29564
29566
29567
29570
29572
29573
29576
29578
29580
29582
29584
29586
29587
29590
29592
29593
29596
29598
29599
29602
29604
29605
29608
29610
29612
29614
29616
29618
29620
29622
29624
29626
29628
29630
29632
29634
29636
29637
29640
29642
29644
29646
29648
29650
29652
29654
29656
29658
29660
29661
29663
29665
29667
29669
29671
29673
29675
29677
29679
29681
29683
29685
29687
29689
29691
29693
29695
29697
29699
29701
29703
29705
29707
29709
29711
29713
29715
29716
29718
29720
29722
29724
29726
29728
29730
29732
29734
29736
29738
29740
29742
29744
29746
29748
29750
29752
29754
29756
29758
29760
29762
29764
29766
29768
29770
29772
29774
29776
29778
29780
29782
29784
29786
29788
29790
29792
29794
29796
29798
29800
29802
29804
29806
29808
29810
29812
29814
29816
29818
29820
29822
29825
29827
29829
29831
29833
29835
29837
29839
29841
29843
29845
29847
29849
29851
29853
29855
29857
29859
29861
29863
29865
29867
29869
29871
29873
29875
29877
29880
29881
29883
29885
29887
29889
29891
29893
29894
29896
29898
29900
29902
29904
29906
29907
29909
29911
29913
29915
29917
29919
29921
29922
29924
29926
29928
29930
29932
29934
29935
29937
29939
29941
29943
29945
29947
29948
29950
29952
29954
29956
29958
29960
29962
29963
29965
29967
29969
29971
29973
29975
29976
29978
29980
29982
29984
29986
29988
29990
