3
6
9
12
15
18
22
25
28
31
34
37
41
44
47
50
53
56
60
63
66
69
72
75
78
82
85
88
91
94
97
101
104
107
110
113
116
120
122
125
127
130
132
135
137
140
143
145
148
150
153
155
158
161
163
166
168
171
173
176
178
181
184
186
189
191
194
196
199
202
204
207
209
212
214
217
220
223
226
230
233
236
240
243
246
250
253
256
260
263
266
270
273
276
280
283
286
290
293
296
300
303
306
310
313
316
320
323
326
330
333
336
340
343
346
349
352
355
358
361
365
368
371
374
377
380
383
386
390
393
396
399
402
405
408
411
415
418
421
424
427
430
433
436
440
446
453
460
466
473
480
486
493
500
506
513
520
526
533
540
546
553
559
566
573
580
586
593
600
606
613
620
626
633
639
646
653
659
666
673
679
686
693
700
702
704
707
709
712
714
717
719
722
724
726
729
731
734
736
739
741
744
746
748
751
753
756
758
761
763
766
768
770
773
775
778
780
783
785
788
790
792
795
797
800
802
805
807
810
813
816
819
822
826
829
832
835
839
842
845
848
851
855
858
861
864
868
871
874
877
880
884
887
890
893
897
900
903
906
910
913
916
919
922
925
928
932
935
938
941
944
947
950
954
957
960
963
966
969
972
976
979
982
985
988
991
994
998
1001
1004
1007
1010
1013
1016
1020
1023
1026
1029
1032
1035
1038
1041
1044
1047
1050
1053
1056
1059
1062
1065
1068
1071
1075
1078
1081
1084
1087
1090
1093
1096
1099
1102
1105
1108
1111
1114
1117
1120
1123
1126
1130
1133
1137
1140
1144
1147
1151
1154
1158
1161
1165
1169
1172
1176
1179
1183
1186
1190
1193
1197
1200
1204
1208
1211
1215
1218
1222
1225
1229
1232
1236
1240
1243
1246
1249
1252
1256
1259
1262
1265
1269
1272
1275
1278
1282
1285
1288
1291
1295
1298
1301
1304
1307
1311
1314
1317
1320
1324
1327
1330
1333
1337
1340
1343
1346
1350
1352
1355
1358
1361
1363
1366
1369
1372
1375
1377
1380
1383
1386
1388
1391
1394
1397
1400
1402
1405
1408
1411
1413
1416
1419
1422
1425
1427
1430
1433
1436
1438
1441
1444
1447
1450
1453
1457
1460
1464
1467
1471
1474
1478
1481
1485
1489
1492
1496
1499
1503
1506
1510
1513
1517
1520
1524
1528
1531
1535
1538
1542
1545
1549
1552
1556
1560
1563
1566
1569
1572
1575
1578
1581
1585
1588
1591
1594
1597
1600
1603
1606
1609
1613
1616
1619
1622
1625
1628
1631
1635
1638
1641
1644
1647
1650
1653
1656
1660
1666
1672
1678
1685
1691
1697
1704
1710
1716
1723
1729
1735
1742
1748
1754
1761
1767
1773
1779
1786
1792
1798
1805
1811
1817
1824
1830
1836
1843
1849
1855
1862
1868
1874
1881
1887
1893
1900
1903
1906
1910
1913
1916
1920
1923
1926
1930
1933
1936
1940
1943
1946
1950
1953
1956
1959
1963
1966
1969
1973
1976
1979
1983
1986
1989
1993
1996
1999
2003
2006
2009
2013
2016
2019
2022
2026
2029
2032
2035
2039
2042
2045
2048
2052
2055
2058
2061
2065
2068
2071
2074
2077
2081
2084
2087
2090
2094
2097
2100
2103
2107
2110
2113
2116
2120
2123
2126
2130
2133
2137
2140
2144
2147
2151
2154
2157
2161
2164
2168
2171
2175
2178
2182
2185
2188
2192
2195
2199
2202
2206
2209
2213
2216
2220
2230
2241
2252
2262
2273
2284
2294
2305
2316
2326
2337
2348
2358
2369
2380
2382
2384
2386
2388
2391
2393
2395
2397
2400
2402
2404
2406
2409
2411
2413
2415
2418
2420
2422
2424
2427
2429
2431
2433
2436
2438
2440
2442
2445
2447
2449
2451
2454
2456
2458
2460
2463
2465
2467
2469
2472
2474
2476
2478
2481
2483
2485
2487
2490
2494
2499
2503
2508
2513
2517
2522
2527
2531
2536
2541
2545
2550
2555
2559
2564
2568
2573
2578
2582
2587
2592
2596
2601
2606
2610
2615
2620
2623
2626
2629
2632
2635
2638
2641
2645
2648
2651
2654
2657
2660
2663
2666
2670
2673
2676
2679
2682
2685
2688
2691
2695
2698
2701
2704
2707
2710
2713
2716
2720
2723
2726
2729
2732
2735
2738
2742
2745
2748
2751
2754
2757
2760
2764
2767
2770
2773
2776
2779
2782
2786
2789
2792
2795
2798
2801
2804
2808
2811
2814
2817
2820
2823
2826
2830
2833
2836
2840
2843
2846
2850
2853
2856
2860
2863
2866
2870
2873
2876
2880
2883
2886
2890
2893
2896
2900
2903
2906
2910
2913
2916
2920
2923
2926
2930
2940
2950
2960
2970
2980
2990
3000
3010
3020
3030
3040
3050
3060
3070
3080
3090
3100
3110
3120
3130
3140
3142
3144
3147
3149
3152
3154
3157
3159
3162
3164
3166
3169
3171
3174
3176
3179
3181
3184
3186
3188
3191
3193
3196
3198
3201
3203
3206
3208
3210
3213
3215
3218
3220
3223
3225
3228
3230
3232
3235
3237
3240
3242
3245
3247
3250
3266
3282
3298
3315
3331
3347
3363
3380
3382
3384
3386
3388
3391
3393
3395
3397
3399
3402
3404
3406
3408
3410
3413
3415
3417
3419
3421
3424
3426
3428
3430
3432
3435
3437
3439
3441
3443
3446
3448
3450
3452
3454
3457
3459
3461
3463
3465
3468
3470
3472
3474
3476
3479
3481
3483
3485
3487
3490
3494
3499
3503
3508
3512
3517
3521
3526
3530
3535
3539
3544
3548
3553
3557
3562
3566
3571
3575
3580
3584
3589
3593
3598
3602
3607
3611
3616
3620
3625
3630
3632
3634
3637
3639
3641
3644
3646
3649
3651
3653
3656
3658
3661
3663
3665
3668
3670
3673
3675
3677
3680
3682
3685
3687
3689
3692
3694
3696
3699
3701
3704
3706
3708
3711
3713
3716
3718
3720
3723
3725
3728
3730
3732
3735
3737
3740
3748
3756
3764
3773
3781
3789
3797
3806
3814
3822
3831
3839
3847
3855
3864
3872
3880
3888
3897
3905
3913
3922
3930
3938
3946
3955
3963
3971
3980
3982
3984
3987
3989
3991
3994
3996
3998
4001
4003
4005
4008
4010
4012
4015
4017
4019
4022
4024
4026
4029
4031
4033
4036
4038
4040
4043
4045
4047
4050
4052
4054
4057
4059
4061
4064
4066
4068
4071
4073
4075
4078
4080
4082
4085
4087
4090
4094
4098
4103
4107
4111
4116
4120
4124
4129
4133
4137
4141
4146
4150
4154
4159
4163
4168
4172
4176
4181
4185
4189
4194
4198
4202
4207
4211
4215
4220
4222
4224
4226
4228
4230
4232
4234
4236
4239
4241
4243
4245
4247
4249
4251
4253
4255
4258
4260
4262
4264
4266
4268
4270
4272
4275
4277
4279
4281
4283
4285
4287
4289
4291
4294
4296
4298
4300
4302
4304
4306
4308
4310
4313
4315
4317
4319
4321
4323
4325
4327
4330
4335
4340
4345
4350
4355
4360
4365
4370
4375
4380
4385
4390
4395
4400
4405
4410
4415
4420
4425
4430
4435
4440
4445
4450
4455
4460
4462
4464
4466
4469
4471
4473
4476
4478
4480
4482
4485
4487
4489
4492
4494
4496
4498
4501
4503
4505
4508
4510
4512
4515
4517
4519
4521
4524
4526
4528
4531
4533
4535
4537
4540
4542
4544
4547
4549
4551
4553
4556
4558
4560
4563
4565
4567
4570
4573
4576
4579
4582
4586
4589
4592
4595
4599
4602
4605
4608
4611
4615
4618
4621
4624
4628
4631
4634
4637
4640
4644
4647
4650
4653
4657
4660
4663
4666
4670
4677
4684
4692
4699
4706
4714
4721
4728
4736
4743
4751
4758
4765
4773
4780
4787
4795
4802
4810
4817
4824
4832
4839
4846
4854
4861
4868
4876
4883
4891
4898
4905
4913
4920
4927
4935
4942
4950
4953
4956
4960
4963
4967
4970
4974
4977
4980
4984
4987
4991
4994
4998
5001
5005
5008
5011
5015
5018
5022
5025
5029
5032
5035
5039
5042
5046
5049
5053
5056
5060
5063
5067
5070
5074
5077
5081
5085
5088
5092
5095
5099
5102
5106
5109
5113
5117
5120
5124
5127
5131
5135
5138
5142
5145
5149
5152
5156
5160
5163
5166
5170
5173
5176
5180
5183
5186
5190
5193
5196
5200
5203
5206
5210
5213
5216
5220
5223
5226
5230
5233
5236
5240
5243
5246
5250
5253
5256
5260
5263
5266
5270
5273
5276
5280
5283
5286
5290
5293
5296
5300
5302
5305
5307
5310
5312
5314
5317
5320
5322
5325
5327
5330
5332
5335
5337
5340
5342
5345
5347
5350
5352
5355
5357
5360
5362
5365
5367
5370
5372
5375
5377
5380
5382
5385
5387
5390
5392
5395
5397
5400
5403
5407
5410
5414
5417
5421
5424
5428
5431
5435
5438
5442
5445
5449
5452
5456
5459
5463
5466
5470
5473
5477
5480
5484
5487
5491
5494
5498
5501
5505
5508
5512
5515
5519
5522
5526
5529
5533
5536
5540
5542
5545
5547
5550
5552
5555
5557
5560
5563
5565
5568
5570
5573
5575
5578
5581
5583
5586
5588
5591
5593
5596
5598
5601
5604
5606
5609
5611
5614
5616
5619
5622
5624
5627
5629
5632
5634
5637
5640
5661
5682
5704
5725
5747
5768
5790
5792
5794
5797
5799
5802
5804
5807
5809
5812
5814
5816
5819
5821
5824
5826
5829
5831
5834
5836
5839
5841
5843
5846
5848
5851
5853
5856
5858
5861
5863
5866
5868
5870
5873
5875
5878
5880
5883
5885
5888
5890
5893
5895
5897
5900
5902
5905
5907
5910
5912
5915
5917
5920
5922
5925
5928
5931
5933
5936
5939
5942
5945
5947
5950
5953
5956
5959
5961
5964
5967
5970
5973
5975
5978
5981
5984
5986
5989
5992
5995
5998
6000
6003
6006
6009
6012
6014
6017
6020
6023
6026
6028
6031
6034
6037
6040
6043
6046
6050
6053
6057
6060
6064
6067
6071
6074
6077
6081
6084
6088
6091
6095
6098
6102
6105
6108
6112
6115
6119
6122
6126
6129
6133
6136
6140
6142
6145
6148
6151
6154
6156
6159
6162
6165
6168
6171
6173
6176
6179
6182
6185
6187
6190
6193
6196
6199
6202
6204
6207
6210
6213
6216
6218
6221
6224
6227
6230
6233
6235
6238
6241
6244
6247
6250
6267
6285
6302
6320
6337
6354
6372
6390
6392
6395
6397
6399
6402
6404
6407
6410
6412
6415
6417
6420
6422
6425
6427
6430
6432
6435
6437
6439
6442
6445
6447
6450
6452
6455
6457
6460
6462
6465
6467
6470
6472
6475
6477
6479
6482
6485
6487
6490
6492
6495
6497
6500
6503
6506
6509
6512
6515
6518
6521
6524
6527
6530
6533
6536
6539
6542
6545
6548
6551
6554
6557
6560
6563
6566
6569
6572
6575
6578
6581
6584
6587
6590
6593
6596
6599
6602
6605
6608
6611
6614
6617
6620
6623
6626
6630
6633
6637
6640
6644
6647
6650
6654
6657
6661
6664
6668
6671
6674
6678
6681
6685
6688
6692
6695
6698
6702
6705
6709
6712
6716
6719
6722
6726
6729
6733
6736
6740
6742
6745
6748
6751
6753
6756
6759
6762
6765
6767
6770
6773
6776
6779
6781
6784
6787
6790
6793
6795
6798
6801
6804
6806
6809
6812
6815
6818
6820
6823
6826
6829
6832
6834
6837
6840
6843
6846
6848
6851
6854
6857
6860
6863
6866
6869
6872
6875
6878
6882
6885
6888
6891
6894
6897
6901
6904
6907
6910
6913
6916
6920
6923
6926
6929
6932
6935
6938
6942
6945
6948
6951
6954
6957
6961
6964
6967
6970
6973
6976
6980
6982
6985
6988
6991
6994
6997
7000
7003
7006
7009
7012
7015
7018
7021
7024
7027
7030
7033
7036
7039
7042
7045
7048
7051
7054
7057
7060
7063
7066
7069
7072
7075
7078
7081
7084
7087
7090
7154
7220
7222
7224
7227
7229
7232
7234
7237
7239
7242
7244
7246
7249
7251
7254
7256
7259
7261
7264
7266
7268
7271
7273
7276
7278
7281
7283
7286
7288
7290
7293
7295
7298
7300
7303
7305
7308
7310
7312
7315
7317
7320
7322
7325
7327
7330
7334
7339
7344
7349
7354
7358
7363
7368
7373
7378
7383
7387
7392
7397
7402
7407
7412
7416
7421
7426
7431
7436
7441
7445
7450
7455
7460
7465
7470
7472
7474
7477
7479
7482
7484
7487
7489
7492
7494
7496
7499
7501
7504
7506
7509
7511
7514
7516
7518
7521
7523
7526
7528
7531
7533
7536
7538
7540
7543
7545
7548
7550
7553
7555
7558
7560
7562
7565
7567
7570
7572
7575
7577
7580
7588
7596
7604
7613
7621
7629
7637
7646
7654
7662
7671
7679
7687
7695
7704
7712
7720
7728
7737
7745
7753
7762
7770
7778
7786
7795
7803
7811
7820
7822
7824
7826
7828
7831
7833
7835
7837
7840
7842
7844
7846
7848
7851
7853
7855
7857
7860
7862
7864
7866
7868
7871
7873
7875
7877
7880
7882
7884
7886
7888
7891
7893
7895
7897
7900
7902
7904
7906
7908
7911
7913
7915
7917
7920
7924
7928
7932
7936
7940
7944
7948
7952
7957
7961
7965
7969
7973
7977
7981
7985
7990
7994
7998
8002
8006
8010
8014
8018
8022
8027
8031
8035
8039
8043
8047
8051
8055
8060
8062
8065
8068
8071
8073
8076
8079
8082
8084
8087
8090
8093
8095
8098
8101
8104
8106
8109
8112
8115
8117
8120
8123
8125
8128
8131
8134
8137
8139
8142
8145
8148
8150
8153
8156
8159
8161
8164
8167
8170
8173
8176
8179
8182
8185
8188
8191
8194
8197
8200
8203
8206
8209
8212
8215
8218
8221
8225
8228
8231
8234
8237
8240
8243
8246
8249
8252
8255
8258
8261
8264
8267
8270
8273
8276
8280
8326
8373
8420
8422
8425
8428
8431
8434
8437
8440
8443
8446
8449
8452
8455
8458
8461
8464
8467
8470
8473
8476
8479
8482
8485
8488
8491
8494
8497
8500
8503
8506
8509
8512
8515
8518
8521
8524
8527
8530
8533
8536
8540
8543
8546
8549
8553
8556
8559
8563
8566
8570
8573
8576
8580
8583
8586
8590
8593
8596
8600
8603
8606
8610
8613
8616
8620
8623
8626
8630
8633
8636
8640
8643
8646
8650
8653
8656
8660
8663
8666
8669
8672
8675
8678
8681
8684
8687
8690
8693
8696
8699
8702
8705
8708
8711
8715
8718
8721
8724
8727
8730
8733
8736
8739
8742
8745
8748
8751
8754
8757
8760
8763
8766
8770
8773
8777
8780
8784
8787
8791
8795
8798
8802
8805
8809
8813
8816
8820
8823
8827
8831
8834
8838
8841
8845
8848
8852
8856
8859
8863
8866
8870
8874
8877
8881
8884
8888
8892
8895
8899
8902
8906
8910
8915
8921
8926
8932
8937
8943
8948
8954
8960
8965
8971
8976
8982
8987
8993
8998
9004
9010
9015
9021
9026
9032
9037
9043
9048
9054
9060
9065
9071
9076
9082
9087
9093
9098
9104
9110
9115
9121
9126
9132
9137
9143
9148
9154
9160
9162
9165
9167
9170
9173
9175
9178
9180
9183
9186
9188
9191
9193
9196
9199
9201
9204
9206
9209
9212
9214
9217
9219
9222
9225
9227
9230
9233
9235
9238
9240
9243
9246
9248
9251
9253
9256
9259
9261
9264
9266
9269
9272
9274
9277
9280
9283
9287
9291
9295
9298
9302
9306
9309
9313
9317
9321
9325
9328
9332
9336
9340
9343
9347
9351
9355
9358
9362
9366
9370
9373
9377
9381
9385
9388
9392
9396
9400
9402
9405
9408
9410
9413
9416
9419
9421
9424
9427
9430
9432
9435
9438
9440
9443
9446
9449
9451
9454
9457
9460
9462
9465
9468
9470
9473
9476
9479
9481
9484
9487
9490
9492
9495
9498
9500
9503
9506
9509
9511
9514
9517
9520
9523
9526
9530
9533
9536
9540
9543
9546
9550
9553
9556
9560
9563
9566
9570
9573
9576
9580
9583
9586
9590
9593
9596
9600
9603
9606
9610
9613
9616
9620
9623
9626
9630
9633
9636
9640
9643
9647
9651
9654
9658
9662
9666
9669
9673
9677
9680
9684
9688
9692
9695
9699
9703
9706
9710
9714
9718
9721
9725
9729
9732
9736
9740
9744
9747
9751
9755
9758
9762
9766
9770
9772
9775
9778
9781
9784
9787
9790
9793
9796
9799
9802
9805
9808
9810
9813
9816
9819
9822
9825
9828
9831
9834
9837
9840
9843
9846
9849
9851
9854
9857
9860
9863
9866
9869
9872
9875
9878
9881
9884
9887
9890
9893
9896
9899
9902
9905
9908
9912
9915
9918
9921
9924
9927
9930
9934
9937
9940
9943
9946
9949
9952
9956
9959
9962
9965
9968
9971
9974
9978
9981
9984
9987
9990
9993
9996
10000
10003
10007
10010
10014
10017
10021
10024
10028
10031
10035
10039
10042
10046
10049
10053
10056
10060
10063
10067
10070
10074
10078
10081
10085
10088
10092
10095
10099
10102
10106
10110
10113
10116
10119
10122
10125
10128
10131
10135
10138
10141
10144
10147
10150
10153
10156
10160
10163
10166
10169
10172
10175
10178
10181
10185
10188
10191
10194
10197
10200
10203
10206
10210
10213
10216
10220
10223
10227
10230
10233
10237
10240
10244
10247
10251
10254
10257
10261
10264
10268
10271
10275
10278
10281
10285
10288
10292
10295
10298
10302
10305
10309
10312
10316
10319
10322
10326
10329
10333
10336
10340
10375
10410
10445
10480
10483
10486
10490
10493
10497
10500
10504
10507
10510
10514
10517
10521
10524
10528
10531
10534
10538
10541
10545
10548
10552
10555
10558
10562
10565
10569
10572
10576
10579
10582
10586
10589
10593
10596
10600
10603
10606
10610
10613
10617
10620
10624
10627
10631
10634
10637
10641
10644
10648
10651
10655
10658
10662
10665
10668
10672
10675
10679
10682
10686
10689
10693
10696
10700
10702
10705
10708
10711
10714
10717
10720
10723
10726
10728
10731
10734
10737
10740
10743
10746
10749
10752
10754
10757
10760
10763
10766
10769
10772
10775
10778
10781
10783
10786
10789
10792
10795
10798
10801
10804
10807
10810
10816
10822
10828
10835
10841
10847
10853
10860
10866
10872
10878
10885
10891
10897
10903
10910
10912
10915
10917
10920
10923
10925
10928
10930
10933
10936
10938
10941
10944
10946
10949
10951
10954
10957
10959
10962
10965
10967
10970
10972
10975
10978
10980
10983
10985
10988
10991
10993
10996
10999
11001
11004
11006
11009
11012
11014
11017
11020
11051
11081
11113
11144
11175
11206
11237
11268
11299
11330
11331
11333
11335
11337
11339
11341
11343
11345
11346
11348
11350
11352
11354
11356
11358
11360
11362
11363
11365
11367
11369
11371
11373
11375
11377
11379
11380
11382
11384
11386
11388
11390
11392
11394
11396
11397
11399
11401
11403
11405
11407
11409
11411
11413
11414
11416
11418
11420
11422
11424
11426
11428
11430
11434
11439
11443
11448
11453
11457
11462
11467
11471
11476
11481
11485
11490
11495
11499
11504
11508
11513
11518
11522
11527
11532
11536
11541
11546
11550
11555
11560
11564
11568
11573
11577
11581
11586
11590
11594
11599
11603
11607
11612
11616
11620
11625
11629
11633
11638
11642
11646
11651
11655
11660
11662
11665
11668
11671
11673
11676
11679
11682
11684
11687
11690
11693
11695
11698
11701
11704
11706
11709
11712
11715
11717
11720
11723
11726
11728
11731
11734
11737
11739
11742
11745
11748
11750
11753
11756
11759
11761
11764
11767
11770
11775
11780
11785
11790
11796
11801
11806
11811
11817
11822
11827
11832
11838
11843
11848
11853
11859
11864
11869
11874
11880
11883
11887
11891
11895
11899
11903
11907
11911
11915
11919
11923
11927
11931
11935
11938
11942
11946
11950
11954
11958
11962
11966
11970
11974
11978
11982
11986
11990
11992
11994
11996
11998
12001
12003
12005
12007
12010
12012
12014
12016
12019
12021
12023
12025
12028
12030
12032
12034
12037
12039
12041
12043
12046
12048
12050
12052
12055
12057
12059
12061
12064
12066
12068
12070
12073
12075
12077
12079
12082
12084
12086
12088
12091
12093
12095
12097
12100
12106
12113
12120
12126
12133
12139
12146
12153
12160
12166
12173
12180
12186
12193
12200
12202
12205
12207
12210
12213
12215
12218
12220
12223
12226
12228
12231
12234
12236
12239
12241
12244
12247
12249
12252
12255
12257
12260
12262
12265
12268
12270
12273
12275
12278
12281
12283
12286
12289
12291
12294
12296
12299
12302
12304
12307
12310
12315
12321
12326
12332
12337
12343
12348
12354
12360
12365
12371
12376
12382
12387
12393
12398
12404
12410
12412
12415
12417
12420
12422
12425
12427
12430
12433
12435
12438
12440
12443
12445
12448
12450
12453
12456
12458
12461
12463
12466
12468
12471
12473
12476
12479
12481
12484
12486
12489
12491
12494
12496
12499
12502
12504
12507
12509
12512
12514
12517
12520
12523
12527
12530
12534
12538
12541
12545
12549
12552
12556
12560
12563
12567
12570
12574
12578
12581
12585
12589
12592
12596
12600
12603
12607
12610
12614
12618
12621
12625
12629
12632
12636
12640
12642
12644
12647
12649
12652
12654
12657
12659
12662
12664
12666
12669
12671
12674
12676
12679
12681
12684
12686
12688
12691
12693
12696
12698
12701
12703
12706
12708
12710
12713
12715
12718
12720
12723
12725
12728
12730
12732
12735
12737
12740
12742
12745
12747
12750
12753
12757
12761
12764
12768
12772
12776
12779
12783
12787
12790
12794
12798
12802
12805
12809
12813
12816
12820
12824
12828
12831
12835
12839
12842
12846
12850
12854
12857
12861
12865
12868
12872
12876
12880
12883
12886
12889
12892
12895
12898
12902
12905
12908
12911
12914
12917
12920
12924
12927
12930
12933
12936
12939
12942
12946
12949
12952
12955
12958
12961
12964
12968
12971
12974
12977
12980
12983
12986
12990
12992
12995
12998
13001
13004
13007
13010
13013
13016
13018
13021
13024
13027
13030
13033
13036
13039
13042
13045
13047
13050
13053
13056
13059
13062
13065
13068
13071
13073
13076
13079
13082
13085
13088
13091
13094
13097
13100
13103
13106
13110
13113
13117
13120
13124
13127
13131
13134
13137
13141
13144
13148
13151
13155
13158
13162
13165
13168
13172
13175
13179
13182
13186
13189
13193
13196
13200
13202
13205
13208
13210
13213
13216
13219
13222
13224
13227
13230
13233
13235
13238
13241
13244
13246
13249
13252
13254
13257
13260
13263
13266
13268
13271
13274
13277
13279
13282
13285
13288
13290
13293
13296
13299
13301
13304
13307
13310
13335
13361
13387
13412
13438
13464
13490
13493
13497
13500
13504
13507
13511
13514
13518
13521
13525
13529
13532
13536
13539
13543
13546
13550
13553
13557
13560
13564
13568
13571
13575
13578
13582
13585
13589
13592
13596
13600
13603
13606
13610
13613
13617
13620
13624
13627
13631
13634
13637
13641
13644
13648
13651
13655
13658
13662
13665
13668
13672
13675
13679
13682
13686
13689
13693
13696
13700
13703
13707
13710
13714
13717
13721
13724
13728
13731
13735
13738
13742
13745
13749
13752
13756
13760
13763
13767
13770
13774
13777
13781
13784
13788
13791
13795
13798
13802
13805
13809
13812
13816
13820
13822
13825
13828
13830
13833
13836
13838
13841
13844
13847
13849
13852
13855
13857
13860
13863
13865
13868
13871
13874
13876
13879
13882
13884
13887
13890
13892
13895
13898
13901
13903
13906
13909
13911
13914
13917
13920
13923
13926
13929
13932
13936
13939
13942
13945
13949
13952
13955
13958
13962
13965
13968
13971
13975
13978
13981
13984
13988
13991
13994
13997
14001
14004
14007
14010
14014
14017
14020
14023
14027
14030
14033
14036
14040
14043
14046
14049
14052
14055
14058
14061
14065
14068
14071
14074
14077
14080
14083
14086
14090
14093
14096
14099
14102
14105
14108
14111
14115
14118
14121
14124
14127
14130
14133
14136
14140
14150
14161
14171
14182
14192
14203
14214
14224
14235
14245
14256
14267
14277
14288
14298
14309
14320
14322
14324
14326
14328
14330
14332
14334
14336
14338
14340
14342
14345
14347
14349
14351
14353
14355
14357
14359
14361
14363
14365
14367
14370
14372
14374
14376
14378
14380
14382
14384
14386
14388
14390
14392
14395
14397
14399
14401
14403
14405
14407
14409
14411
14413
14415
14417
14420
14423
14426
14430
14433
14437
14440
14444
14447
14450
14454
14457
14461
14464
14468
14471
14475
14478
14481
14485
14488
14492
14495
14499
14502
14505
14509
14512
14516
14519
14523
14526
14530
14533
14537
14540
14544
14547
14551
14555
14558
14562
14565
14569
14572
14576
14580
14583
14587
14590
14594
14597
14601
14605
14608
14612
14615
14619
14622
14626
14630
14637
14645
14653
14661
14669
14677
14685
14693
14701
14709
14717
14725
14732
14740
14748
14756
14764
14772
14780
14788
14796
14804
14812
14820
14822
14824
14826
14828
14831
14833
14835
14837
14840
14842
14844
14846
14848
14851
14853
14855
14857
14860
14862
14864
14866
14868
14871
14873
14875
14877
14880
14882
14884
14886
14888
14891
14893
14895
14897
14900
14902
14904
14906
14908
14911
14913
14915
14917
14920
14940
14960
14980
15000
15020
15040
15060
15062
15064
15066
15068
15070
15072
15074
15076
15078
15080
15082
15084
15086
15088
15090
15092
15094
15096
15098
15100
15102
15104
15106
15108
15110
15112
15114
15116
15118
15120
15122
15124
15126
15128
15130
15132
15134
15136
15138
15140
15142
15144
15146
15148
15150
15152
15154
15156
15158
15160
15164
15169
15174
15178
15183
15188
15192
15197
15202
15206
15211
15216
15220
15225
15230
15235
15239
15244
15249
15253
15258
15263
15267
15272
15277
15281
15286
15291
15295
15300
15305
15310
15312
15314
15316
15318
15320
15322
15324
15326
15328
15330
15332
15334
15336
15339
15341
15343
15345
15347
15349
15351
15353
15355
15357
15359
15361
15363
15366
15368
15370
15372
15374
15376
15378
15380
15382
15384
15386
15388
15390
15393
15395
15397
15399
15401
15403
15405
15407
15409
15411
15413
15415
15417
15420
15424
15428
15433
15437
15442
15446
15451
15455
15459
15464
15468
15473
15477
15482
15486
15491
15495
15500
15504
15508
15513
15517
15522
15526
15531
15535
15540
15542
15545
15547
15549
15552
15555
15557
15559
15562
15565
15567
15570
15572
15575
15577
15580
15582
15584
15587
15590
15592
15595
15597
15600
15602
15605
15607
15610
15612
15615
15617
15620
15622
15625
15627
15630
15632
15635
15637
15640
15643
15647
15651
15655
15659
15663
15667
15671
15675
15679
15683
15687
15691
15695
15699
15703
15707
15711
15715
15718
15722
15726
15730
15734
15738
15742
15746
15750
15754
15758
15762
15766
15770
15774
15778
15782
15786
15790
15793
15796
15799
15802
15806
15809
15812
15815
15819
15822
15825
15828
15831
15835
15838
15841
15844
15848
15851
15854
15857
15860
15864
15867
15870
15873
15877
15880
15883
15886
15890
15893
15896
15900
15903
15907
15910
15914
15917
15920
15924
15927
15931
15934
15938
15941
15945
15948
15951
15955
15958
15962
15965
15969
15972
15975
15979
15982
15986
15989
15993
15996
16000
16002
16005
16008
16010
16013
16016
16018
16021
16024
16026
16029
16032
16034
16037
16040
16042
16045
16048
16050
16053
16056
16059
16061
16064
16067
16069
16072
16075
16077
16080
16083
16085
16088
16091
16093
16096
16099
16101
16104
16107
16110
16185
16260
16262
16265
16267
16270
16272
16275
16277
16280
16283
16285
16288
16290
16293
16295
16298
16300
16303
16306
16308
16311
16313
16316
16318
16321
16323
16326
16329
16331
16334
16336
16339
16341
16344
16346
16349
16352
16354
16357
16359
16362
16364
16367
16370
16374
16378
16382
16386
16390
16394
16398
16402
16406
16410
16414
16418
16422
16426
16430
16435
16439
16443
16447
16451
16455
16459
16463
16467
16471
16475
16479
16483
16487
16491
16495
16500
16502
16505
16508
16511
16514
16516
16519
16522
16525
16528
16531
16533
16536
16539
16542
16545
16547
16550
16553
16556
16559
16562
16564
16567
16570
16573
16576
16578
16581
16584
16587
16590
16593
16595
16598
16601
16604
16607
16610
16613
16617
16621
16624
16628
16632
16635
16639
16643
16647
16650
16654
16658
16661
16665
16669
16672
16676
16680
16684
16687
16691
16695
16698
16702
16706
16710
16723
16736
16750
16763
16776
16790
16803
16816
16830
16843
16856
16870
16872
16874
16876
16878
16880
16883
16885
16887
16889
16891
16893
16896
16898
16900
16902
16904
16906
16909
16911
16913
16915
16917
16920
16922
16924
16926
16928
16930
16933
16935
16937
16939
16941
16943
16946
16948
16950
16952
16954
16956
16959
16961
16963
16965
16967
16970
16974
16978
16983
16987
16991
16996
17000
17004
17009
17013
17017
17022
17026
17030
17035
17039
17043
17048
17052
17056
17061
17065
17069
17074
17078
17082
17087
17091
17095
17100
17102
17104
17106
17109
17111
17113
17116
17118
17120
17123
17125
17127
17130
17132
17134
17137
17139
17141
17144
17146
17148
17151
17153
17155
17158
17160
17162
17165
17167
17169
17172
17174
17176
17179
17181
17183
17186
17188
17190
17193
17195
17197
17200
17202
17205
17208
17211
17214
17217
17220
17223
17226
17228
17231
17234
17237
17240
17243
17246
17249
17252
17255
17257
17260
17263
17266
17269
17272
17275
17278
17281
17283
17286
17289
17292
17295
17298
17301
17304
17307
17310
17313
17316
17320
17323
17327
17330
17334
17337
17341
17344
17347
17351
17354
17358
17361
17365
17368
17372
17375
17378
17382
17385
17389
17392
17396
17399
17403
17406
17410
17414
17418
17422
17426
17430
17434
17438
17442
17446
17450
17454
17458
17462
17467
17471
17475
17479
17483
17487
17491
17495
17499
17503
17507
17511
17515
17520
17528
17537
17545
17554
17563
17571
17580
17589
17597
17606
17615
17623
17632
17640
17649
17658
17666
17675
17684
17692
17701
17710
17712
17715
17718
17721
17723
17726
17729
17732
17734
17737
17740
17743
17745
17748
17751
17754
17756
17759
17762
17765
17767
17770
17773
17776
17778
17781
17784
17787
17789
17792
17795
17798
17800
17803
17806
17809
17811
17814
17817
17820
17823
17827
17830
17834
17838
17841
17845
17849
17852
17856
17860
17863
17867
17870
17874
17878
17881
17885
17889
17892
17896
17900
17903
17907
17910
17914
17918
17921
17925
17929
17932
17936
17940
17942
17945
17947
17950
17952
17955
17957
17960
17962
17965
17967
17970
17972
17975
17977
17980
17982
17985
17987
17990
17992
17995
17997
18000
18002
18005
18007
18010
18012
18015
18017
18020
18022
18025
18027
18030
18032
18035
18037
18040
18042
18045
18047
18050
18180
18182
18185
18187
18190
18192
18195
18197
18200
18202
18205
18207
18210
18212
18215
18217
18220
18222
18224
18227
18230
18232
18235
18237
18240
18242
18245
18247
18250
18252
18255
18257
18259
18262
18265
18267
18270
18272
18275
18277
18279
18282
18285
18287
18290
18293
18297
18301
18304
18308
18312
18316
18319
18323
18327
18330
18334
18338
18342
18345
18349
18353
18356
18360
18364
18368
18371
18375
18379
18382
18386
18390
18394
18397
18401
18405
18408
18412
18416
18420
18423
18426
18429
18432
18435
18438
18442
18445
18448
18451
18454
18457
18460
18464
18467
18470
18473
18476
18479
18482
18486
18489
18492
18495
18498
18501
18504
18508
18511
18514
18517
18520
18523
18526
18530
18540
18551
18562
18573
18584
18595
18605
18616
18627
18638
18649
18660
18663
18666
18670
18673
18677
18680
18684
18687
18690
18694
18697
18701
18704
18708
18711
18715
18718
18721
18725
18728
18732
18735
18739
18742
18745
18749
18752
18756
18759
18763
18766
18770
18772
18774
18776
18778
18781
18783
18785
18787
18790
18792
18794
18796
18799
18801
18803
18805
18808
18810
18812
18814
18817
18819
18821
18823
18826
18828
18830
18832
18835
18837
18839
18841
18844
18846
18848
18850
18853
18855
18857
18859
18862
18864
18866
18868
18871
18873
18875
18877
18880
18883
18887
18890
18894
18897
18901
18904
18908
18911
18915
18919
18922
18926
18929
18933
18936
18940
18943
18947
18950
18954
18958
18961
18965
18968
18972
18975
18979
18982
18986
18990
18992
18995
18998
19001
19004
19007
19010
19013
19016
19019
19022
19025
19028
19031
19034
19037
19040
19043
19046
19049
19052
19055
19058
19061
19064
19067
19070
19073
19076
19079
19082
19085
19088
19091
19094
19097
19100
19102
19105
19108
19111
19114
19117
19120
19122
19125
19128
19131
19134
19137
19140
19142
19145
19148
19151
19154
19157
19160
19162
19165
19168
19171
19174
19177
19180
19182
19185
19188
19191
19194
19197
19200
19211
19223
19235
19246
19258
19270
19281
19293
19305
19316
19328
19340
19351
19363
19375
19386
19398
19410
19412
19414
19416
19418
19420
19422
19424
19426
19428
19430
19432
19434
19436
19439
19441
19443
19445
19447
19449
19451
19453
19455
19457
19459
19461
19463
19466
19468
19470
19472
19474
19476
19478
19480
19482
19484
19486
19488
19490
19493
19495
19497
19499
19501
19503
19505
19507
19509
19511
19513
19515
19517
19520
19526
19533
19540
19547
19554
19561
19567
19574
19581
19588
19595
19602
19608
19615
19622
19629
19636
19643
19650
19652
19654
19656
19658
19660
19662
19664
19666
19668
19670
19672
19674
19676
19678
19680
19682
19684
19686
19688
19690
19692
19694
19696
19698
19700
19702
19705
19707
19709
19711
19713
19715
19717
19719
19721
19723
19725
19727
19729
19731
19733
19735
19737
19739
19741
19743
19745
19747
19749
19751
19753
19755
19757
19760
19764
19768
19772
19777
19781
19785
19790
19794
19798
19802
19807
19811
19815
19820
19824
19828
19832
19837
19841
19845
19849
19854
19858
19862
19867
19871
19875
19880
19882
19884
19886
19889
19891
19893
19896
19898
19900
19902
19905
19907
19909
19912
19914
19916
19918
19921
19923
19925
19928
19930
19932
19935
19937
19939
19941
19944
19946
19948
19951
19953
19955
19957
19960
19962
19964
19967
19969
19971
19973
19976
19978
19980
19983
19985
19987
19990
19993
19996
20000
20003
20007
20010
20014
20017
20020
20024
20027
20031
20034
20038
20041
20045
20048
20051
20055
20058
20062
20065
20069
20072
20075
20079
20082
20086
20089
20093
20096
20100
20103
20106
20110
20113
20117
20120
20124
20127
20131
20134
20137
20141
20144
20148
20151
20155
20158
20162
20165
20168
20172
20175
20179
20182
20186
20189
20193
20196
20200
20202
20205
20208
20211
20214
20217
20220
20223
20226
20228
20231
20234
20237
20240
20243
20246
20249
20252
20255
20257
20260
20263
20266
20269
20272
20275
20278
20281
20283
20286
20289
20292
20295
20298
20301
20304
20307
20310
20313
20317
20321
20325
20329
20333
20336
20340
20344
20348
20352
20356
20360
20363
20367
20371
20375
20379
20383
20386
20390
20394
20398
20402
20406
20410
20413
20416
20420
20423
20427
20430
20434
20437
20440
20444
20447
20451
20454
20458
20461
20465
20468
20471
20475
20478
20482
20485
20489
20492
20495
20499
20502
20506
20509
20513
20516
20520
20523
20526
20530
20533
20537
20540
20544
20547
20550
20554
20557
20561
20564
20568
20571
20574
20578
20581
20585
20588
20592
20595
20598
20602
20605
20609
20612
20616
20619
20622
20626
20629
20633
20636
20640
20643
20647
20650
20654
20657
20661
20664
20668
20671
20675
20679
20682
20686
20689
20693
20696
20700
20703
20707
20710
20714
20718
20721
20725
20728
20732
20735
20739
20742
20746
20750
20762
20774
20786
20798
20810
20822
20834
20846
20858
20870
20882
20894
20906
20918
20930
20942
20954
20966
20977
20990
21002
21014
21026
21038
21050
21062
21073
21086
21098
21110
21112
21114
21116
21118
21121
21123
21125
21127
21130
21132
21134
21136
21138
21141
21143
21145
21147
21150
21152
21154
21156
21158
21161
21163
21165
21167
21170
21172
21174
21176
21178
21181
21183
21185
21187
21190
21192
21194
21196
21198
21201
21203
21205
21207
21210
21213
21217
21221
21225
21229
21233
21236
21240
21244
21248
21252
21256
21260
21263
21267
21271
21275
21279
21283
21286
21290
21294
21298
21302
21306
21310
21313
21317
21321
21325
21329
21333
21336
21340
21344
21348
21352
21356
21360
21362
21365
21367
21370
21372
21375
21377
21380
21383
21385
21388
21390
21393
21395
21398
21401
21403
21406
21408
21411
21413
21416
21418
21421
21424
21426
21429
21431
21434
21436
21439
21442
21444
21447
21449
21452
21454
21457
21460
21464
21468
21472
21476
21480
21484
21488
21492
21496
21500
21504
21508
21512
21516
21520
21524
21528
21532
21537
21541
21545
21549
21553
21557
21561
21565
21569
21573
21577
21581
21585
21589
21593
21597
21601
21605
21610
21612
21615
21617
21620
21622
21625
21627
21630
21633
21635
21638
21640
21643
21645
21648
21651
21653
21656
21658
21661
21663
21666
21668
21671
21674
21676
21679
21681
21684
21686
21689
21692
21694
21697
21699
21702
21704
21707
21710
21713
21717
21721
21725
21729
21733
21737
21741
21745
21749
21753
21757
21761
21765
21769
21773
21776
21780
21784
21788
21792
21796
21800
21804
21808
21812
21816
21820
21824
21828
21832
21836
21840
21842
21845
21848
21851
21854
21857
21860
21863
21866
21869
21872
21875
21878
21881
21884
21887
21890
21892
21895
21898
21901
21904
21907
21910
21913
21916
21919
21922
21925
21928
21931
21934
21937
21940
21943
21947
21951
21955
21959
21963
21967
21971
21975
21979
21983
21987
21991
21995
21998
22002
22006
22010
22014
22018
22022
22026
22030
22034
22038
22042
22046
22050
22065
22080
22095
22110
22125
22140
22155
22169
22185
22200
22202
22204
22207
22209
22211
22214
22216
22219
22221
22223
22226
22228
22231
22233
22235
22238
22240
22243
22245
22247
22250
22252
22255
22257
22259
22262
22264
22266
22269
22271
22274
22276
22278
22281
22283
22286
22288
22290
22293
22295
22298
22300
22302
22305
22307
22310
22326
22342
22358
22375
22391
22407
22423
22440
22442
22444
22447
22449
22451
22454
22456
22459
22461
22463
22466
22468
22471
22473
22475
22478
22480
22483
22485
22487
22490
22492
22495
22497
22499
22502
22504
22506
22509
22511
22514
22516
22518
22521
22523
22526
22528
22530
22533
22535
22538
22540
22542
22545
22547
22550
22553
22556
22560
22563
22566
22570
22573
22576
22580
22583
22586
22590
22593
22596
22600
22603
22606
22610
22613
22616
22619
22623
22626
22630
22633
22636
22640
22643
22646
22650
22653
22657
22660
22664
22667
22671
22674
22678
22682
22685
22689
22692
22696
22700
22703
22707
22710
22714
22717
22721
22725
22728
22732
22735
22739
22742
22746
22750
22753
22757
22760
22764
22767
22771
22775
22778
22782
22785
22789
22792
22796
22800
22802
22805
22807
22810
22812
22815
22817
22820
22823
22825
22828
22830
22833
22835
22838
22841
22843
22846
22848
22851
22853
22856
22858
22861
22864
22866
22869
22871
22874
22876
22879
22882
22884
22887
22889
22892
22894
22897
22900
22923
22946
22970
22993
23016
23040
23042
23044
23046
23048
23050
23053
23055
23057
23059
23061
23063
23066
23068
23070
23072
23074
23076
23079
23081
23083
23085
23087
23090
23092
23094
23096
23098
23100
23103
23105
23107
23109
23111
23113
23116
23118
23120
23122
23124
23126
23129
23131
23133
23135
23137
23140
23143
23147
23151
23155
23159
23163
23167
23171
23175
23179
23183
23187
23191
23195
23198
23202
23206
23210
23214
23218
23222
23226
23230
23234
23238
23242
23246
23250
23252
23255
23258
23260
23263
23266
23268
23271
23274
23276
23279
23282
23284
23287
23290
23292
23295
23298
23300
23303
23306
23309
23311
23314
23317
23319
23322
23325
23327
23330
23333
23335
23338
23341
23343
23346
23349
23351
23354
23357
23360
23363
23366
23370
23373
23377
23380
23384
23387
23391
23394
23397
23401
23404
23408
23411
23415
23418
23422
23425
23428
23432
23435
23439
23442
23446
23449
23453
23456
23460
23462
23465
23467
23470
23472
23475
23477
23480
23483
23485
23488
23490
23493
23495
23498
23500
23503
23506
23508
23511
23513
23516
23518
23521
23523
23526
23529
23531
23534
23536
23539
23541
23544
23546
23549
23552
23554
23557
23559
23562
23564
23567
23570
23574
23579
23584
23589
23593
23598
23603
23608
23612
23617
23622
23627
23631
23636
23641
23646
23650
23655
23660
23665
23670
23672
23675
23678
23681
23684
23686
23689
23692
23695
23698
23701
23703
23706
23709
23712
23715
23717
23720
23723
23726
23729
23732
23734
23737
23740
23743
23746
23748
23751
23754
23757
23760
23763
23765
23768
23771
23774
23777
23780
23788
23796
23805
23813
23822
23830
23839
23847
23856
23864
23873
23881
23890
23898
23906
23915
23923
23932
23940
23949
23957
23966
23974
23983
23991
24000
24002
24004
24006
24008
24011
24013
24015
24017
24020
24022
24024
24026
24029
24031
24033
24035
24038
24040
24042
24044
24047
24049
24051
24053
24056
24058
24060
24062
24065
24067
24069
24071
24074
24076
24078
24080
24083
24085
24087
24089
24092
24094
24096
24098
24101
24103
24105
24107
24110
24114
24119
24123
24128
24132
24137
24141
24146
24150
24155
24159
24164
24168
24173
24177
24182
24186
24191
24195
24200
24204
24209
24213
24218
24222
24227
24231
24236
24240
24245
24250
24252
24255
24257
24260
24262
24265
24267
24270
24272
24275
24277
24280
24282
24285
24287
24290
24292
24294
24297
24300
24302
24305
24307
24310
24312
24315
24317
24320
24322
24325
24327
24330
24332
24335
24337
24340
24342
24345
24347
24349
24352
24355
24357
24360
24362
24365
24367
24370
24373
24375
24378
24381
24383
24386
24388
24391
24394
24396
24399
24402
24404
24407
24410
24412
24415
24417
24420
24423
24425
24428
24431
24433
24436
24438
24441
24444
24446
24449
24452
24454
24457
24460
24463
24467
24470
24474
24477
24481
24484
24488
24491
24495
24499
24502
24506
24509
24513
24516
24520
24523
24527
24530
24534
24538
24541
24545
24548
24552
24555
24559
24562
24566
24570
24575
24580
24585
24590
24595
24600
24605
24610
24615
24620
24625
24630
24635
24640
24645
24650
24655
24660
24665
24670
24676
24682
24689
24695
24701
24708
24714
24720
24727
24733
24739
24746
24752
24758
24765
24771
24777
24784
24790
24796
24803
24809
24815
24822
24828
24834
24841
24847
24853
24860
24862
24864
24867
24869
24871
24874
24876
24878
24881
24883
24885
24888
24890
24892
24895
24897
24899
24902
24904
24906
24909
24911
24913
24916
24918
24920
24923
24925
24927
24930
24932
24934
24937
24939
24941
24944
24946
24948
24951
24953
24955
24958
24960
24962
24965
24967
24970
24991
25013
25035
25056
25078
25100
25102
25104
25106
25108
25110
25112
25114
25116
25118
25120
25122
25124
25126
25128
25130
25132
25134
25136
25138
25140
25142
25144
25146
25148
25150
25152
25154
25156
25158
25160
25162
25164
25166
25168
25170
25172
25174
25176
25178
25180
25182
25184
25186
25188
25190
25192
25194
25195
25198
25200
25204
25209
25213
25218
25222
25227
25232
25236
25241
25245
25250
25255
25259
25264
25268
25273
25277
25282
25287
25291
25296
25300
25305
25310
25313
25316
25319
25322
25325
25328
25331
25335
25338
25341
25344
25347
25350
25353
25356
25360
25363
25366
25369
25372
25375
25378
25381
25384
25388
25391
25394
25397
25400
25403
25406
25410
25413
25416
25419
25422
25425
25428
25431
25435
25438
25441
25444
25447
25450
25453
25456
25460
25462
25464
25466
25468
25470
25472
25474
25476
25479
25481
25483
25485
25487
25489
25491
25493
25495
25498
25500
25502
25504
25506
25508
25510
25512
25515
25517
25519
25521
25523
25525
25527
25529
25531
25534
25536
25538
25540
25542
25544
25546
25548
25550
25553
25555
25557
25559
25561
25563
25565
25567
25570
25574
25578
25582
25586
25590
25594
25598
25602
25606
25610
25614
25618
25622
25626
25630
25634
25638
25642
25646
25650
25654
25658
25662
25666
25670
25672
25675
25678
25680
25683
25686
25688
25691
25694
25696
25699
25702
25704
25707
25710
25712
25715
25718
25720
25723
25726
25729
25731
25734
25737
25739
25742
25745
25747
25750
25753
25755
25758
25761
25763
25766
25769
25771
25774
25777
25780
25785
25790
25795
25801
25806
25811
25816
25822
25827
25832
25837
25843
25848
25853
25858
25864
25869
25874
25880
25882
25884
25886
25889
25891
25893
25896
25898
25900
25902
25905
25907
25909
25912
25914
25916
25918
25921
25923
25925
25928
25930
25932
25935
25937
25939
25941
25944
25946
25948
25951
25953
25955
25957
25960
25962
25964
25967
25969
25971
25973
25976
25978
25980
25983
25985
25987
25990
25995
26001
26007
26013
26018
26024
26030
26036
26042
26047
26053
26059
26065
26071
26076
26082
26088
26094
26100
26102
26104
26106
26109
26111
26113
26116
26118
26120
26123
26125
26127
26130
26132
26134
26137
26139
26141
26144
26146
26148
26151
26153
26155
26158
26160
26162
26165
26167
26169
26172
26174
26176
26179
26181
26183
26186
26188
26190
26193
26195
26197
26200
26207
26215
26223
26231
26239
26246
26254
26262
26270
26278
26285
26293
26301
26309
26317
26325
26332
26340
26348
26356
26364
26371
26379
26387
26395
26403
26410
26418
26426
26434
26442
26450
26452
26454
26456
26458
26460
26462
26464
26466
26468
26470
26472
26474
26476
26478
26480
26482
26484
26486
26488
26490
26492
26494
26496
26498
26500
26502
26505
26507
26509
26511
26513
26515
26517
26519
26521
26523
26525
26527
26529
26531
26533
26535
26537
26539
26541
26543
26545
26547
26549
26551
26553
26555
26557
26560
26565
26570
26575
26580
26586
26591
26596
26601
26606
26612
26617
26622
26627
26633
26638
26643
26648
26653
26659
26664
26669
26674
26680
26683
26686
26689
26692
26695
26698
26701
26704
26707
26710
26713
26716
26719
26722
26725
26728
26731
26735
26738
26741
26744
26747
26750
26753
26756
26759
26762
26765
26768
26771
26774
26777
26780
26783
26786
26790
26793
26796
26799
26802
26805
26808
26811
26814
26818
26821
26824
26827
26830
26833
26836
26840
26843
26846
26849
26852
26855
26858
26861
26865
26868
26871
26874
26877
26880
26883
26886
26890
26893
26896
26899
26902
26905
26908
26912
26915
26918
26921
26924
26927
26930
26934
26937
26940
26943
26946
26949
26952
26956
26959
26962
26965
26968
26971
26974
26978
26981
26984
26987
26990
26993
26996
27000
27023
27046
27070
27093
27116
27140
27163
27186
27210
27233
27256
27280
27283
27286
27289
27292
27295
27298
27301
27304
27307
27310
27313
27316
27319
27322
27325
27328
27331
27334
27337
27340
27343
27346
27349
27352
27355
27358
27361
27364
27367
27370
27373
27376
27380
27382
27385
27387
27390
27393
27395
27398
27400
27403
27406
27408
27411
27414
27416
27419
27421
27424
27427
27429
27432
27435
27437
27440
27442
27445
27448
27450
27453
27455
27458
27461
27463
27466
27469
27471
27474
27476
27479
27482
27484
27487
27490
27492
27494
27497
27500
27502
27505
27507
27509
27512
27515
27517
27520
27522
27525
27527
27530
27532
27535
27537
27540
27542
27545
27547
27550
27552
27555
27557
27560
27562
27565
27567
27570
27572
27575
27577
27580
27582
27585
27587
27590
27592
27595
27597
27600
27605
27611
27617
27623
27629
27635
27641
27647
27652
27658
27664
27670
27676
27682
27688
27694
27700
27702
27704
27706
27708
27711
27713
27715
27717
27720
27722
27724
27726
27729
27731
27733
27735
27738
27740
27742
27744
27747
27749
27751
27753
27756
27758
27760
27762
27765
27767
27769
27771
27774
27776
27778
27780
27783
27785
27787
27789
27792
27794
27796
27798
27801
27803
27805
27807
27810
27816
27822
27829
27835
27842
27848
27855
27861
27868
27874
27881
27887
27894
27900
27907
27913
27920
27922
27925
27927
27930
27932
27935
27937
27940
27942
27945
27947
27950
27952
27955
27957
27960
27962
27965
27967
27970
27972
27975
27977
27980
27982
27985
27987
27990
27992
27995
27997
28000
28002
28005
28007
28010
28012
28015
28017
28020
28022
28025
28027
28030
28038
28046
28054
28062
28070
28078
28086
28094
28102
28110
28118
28126
28134
28142
28150
28158
28166
28174
28182
28190
28198
28206
28214
28222
28230
28238
28246
28254
28262
28270
28273
28276
28279
28282
28286
28289
28292
28295
28299
28302
28305
28308
28312
28315
28318
28321
28325
28328
28331
28334
28337
28341
28344
28347
28350
28354
28357
28360
28363
28367
28370
28373
28376
28380
28383
28386
28389
28392
28395
28398
28401
28404
28407
28410
28413
28416
28419
28423
28426
28429
28432
28435
28438
28441
28444
28447
28450
28453
28456
28460
28463
28466
28469
28472
28475
28478
28481
28484
28487
28490
28493
28496
28500
28503
28507
28510
28514
28517
28521
28524
28528
28531
28535
28538
28542
28545
28549
28552
28556
28560
28563
28567
28570
28574
28577
28581
28584
28588
28591
28595
28598
28602
28605
28609
28612
28616
28620
28622
28624
28627
28629
28631
28634
28636
28639
28641
28643
28646
28648
28650
28653
28655
28658
28660
28662
28665
28667
28669
28672
28674
28677
28679
28681
28684
28686
28689
28691
28693
28696
28698
28700
28703
28705
28708
28710
28712
28715
28717
28720
28724
28728
28732
28736
28741
28745
28749
28753
28758
28762
28766
28770
28775
28779
28783
28787
28791
28796
28800
28804
28808
28813
28817
28821
28825
28830
28832
28835
28838
28841
28844
28847
28849
28852
28855
28858
28861
28864
28867
28869
28872
28875
28878
28881
28884
28887
28890
28892
28895
28898
28901
28904
28907
28910
28912
28915
28918
28921
28924
28927
28930
28934
28938
28943
28947
28952
28956
28960
28965
28969
28974
28978
28982
28987
28991
28996
29000
29004
29009
29013
29018
29022
29026
29031
29035
29040
29047
29055
29063
29071
29079
29087
29095
29103
29111
29119
29127
29134
29142
29150
29158
29166
29174
29182
29190
29198
29206
29214
29222
29230
29233
29236
29239
29242
29246
29249
29252
29255
29259
29262
29265
29268
29272
29275
29278
29281
29285
29288
29291
29294
29298
29301
29304
29307
29311
29314
29317
29320
29324
29327
29330
29333
29337
29340
29343
29346
29350
29353
29356
29359
29362
29365
29368
29371
29374
29377
29380
29383
29386
29389
29392
29395
29398
29401
29405
29408
29411
29414
29417
29420
29423
29426
29429
29432
29435
29438
29441
29444
29447
29450
29453
29456
29460
29462
29465
29468
29471
29473
29476
29479
29482
29484
29487
29490
29493
29495
29498
29501
29504
29506
29509
29512
29515
29517
29520
29523
29526
29528
29531
29534
29537
29539
29542
29545
29548
29550
29553
29556
29559
29561
29564
29567
29570
29577
29585
29592
29600
29607
29615
29623
29630
29638
29645
29653
29660
29668
29676
29683
29691
29698
29706
29713
29721
29729
29736
29744
29751
29759
29766
29774
29782
29789
29797
29804
29812
29820
29822
29825
29827
29830
29832
29835
29837
29840
29842
29845
29847
29850
29852
29855
29857
29860
29862
29865
29867
29870
29872
29875
29877
29880
29882
29885
29887
29890
29892
29895
29897
29900
29902
29905
29907
29910
29912
29915
29917
29920
