4
9
13
18
22
27
32
36
41
45
50
55
59
64
68
73
77
82
87
91
96
100
105
110
114
118
122
126
130
135
139
143
147
151
155
160
164
168
172
176
180
185
189
193
197
201
205
210
213
217
221
225
229
233
237
241
245
249
253
257
261
265
268
272
276
280
284
288
292
296
300
304
308
312
316
320
322
325
328
331
334
337
340
343
346
349
352
355
358
361
364
367
370
372
375
378
381
384
387
390
393
396
399
402
405
408
411
414
417
420
423
426
430
433
437
440
444
447
450
454
457
461
464
468
471
475
478
481
485
488
492
495
499
502
505
509
512
516
519
523
526
530
532
535
537
540
542
545
547
550
553
555
558
560
563
565
568
571
573
576
578
581
583
586
588
591
594
596
599
601
604
606
609
612
614
617
619
622
624
627
630
635
640
645
650
655
660
665
670
675
679
685
690
695
700
705
710
715
720
725
730
735
740
743
747
751
754
758
762
765
769
773
776
780
784
787
791
794
798
802
805
809
813
817
820
824
828
831
835
839
842
846
850
853
857
860
864
867
871
875
878
882
885
889
892
896
899
903
907
910
914
917
921
924
928
932
935
939
942
946
950
953
956
959
962
966
969
972
975
979
982
985
988
992
995
998
1001
1004
1008
1011
1014
1017
1021
1024
1027
1030
1034
1037
1040
1043
1047
1050
1053
1056
1060
1063
1067
1071
1075
1079
1083
1086
1090
1094
1098
1102
1106
1109
1113
1117
1121
1125
1129
1133
1136
1140
1144
1148
1152
1156
1160
1163
1166
1169
1172
1175
1178
1182
1185
1188
1191
1194
1197
1200
1204
1207
1210
1213
1216
1219
1222
1226
1229
1232
1235
1238
1241
1244
1248
1251
1254
1257
1260
1263
1266
1270
1272
1275
1278
1281
1283
1286
1289
1292
1294
1297
1300
1303
1305
1308
1311
1314
1316
1319
1322
1325
1327
1330
1333
1335
1338
1341
1344
1347
1349
1352
1355
1357
1360
1363
1366
1369
1371
1374
1377
1380
1383
1386
1389
1392
1395
1398
1401
1404
1407
1410
1413
1416
1419
1422
1425
1428
1431
1435
1438
1441
1444
1447
1450
1453
1456
1459
1462
1465
1468
1471
1474
1477
1480
1483
1486
1490
1494
1499
1503
1508
1513
1517
1522
1526
1531
1536
1540
1545
1550
1554
1559
1563
1568
1573
1577
1582
1586
1591
1596
1600
1605
1610
1613
1616
1620
1623
1626
1630
1633
1636
1640
1643
1646
1650
1653
1656
1660
1663
1666
1670
1673
1676
1680
1683
1686
1690
1693
1696
1700
1703
1706
1710
1713
1717
1721
1724
1728
1732
1735
1739
1742
1746
1750
1754
1757
1761
1765
1768
1772
1776
1779
1783
1787
1790
1794
1798
1801
1805
1809
1812
1816
1820
1823
1827
1831
1834
1838
1842
1845
1849
1853
1857
1860
1864
1868
1871
1875
1879
1882
1886
1890
1894
1897
1901
1905
1908
1912
1916
1920
1924
1928
1932
1936
1940
1944
1948
1952
1956
1960
1964
1968
1972
1977
1981
1985
1989
1993
1997
2001
2005
2009
2013
2017
2021
2025
2029
2033
2037
2041
2045
2050
2054
2058
2062
2066
2070
2074
2078
2082
2086
2090
2094
2098
2102
2106
2110
2114
2118
2122
2126
2130
2133
2137
2140
2144
2147
2151
2154
2158
2161
2165
2169
2172
2176
2179
2183
2186
2190
2193
2197
2200
2204
2208
2211
2215
2218
2222
2225
2229
2232
2236
2240
2244
2249
2254
2259
2263
2268
2273
2278
2283
2287
2292
2297
2302
2306
2311
2316
2321
2326
2330
2335
2340
2345
2350
2354
2359
2364
2369
2373
2378
2383
2388
2393
2397
2402
2407
2412
2416
2421
2426
2431
2436
2440
2445
2450
2455
2460
2463
2467
2471
2475
2479
2483
2487
2491
2495
2499
2503
2507
2511
2515
2518
2522
2526
2530
2534
2538
2542
2546
2550
2554
2558
2562
2566
2570
2574
2580
2585
2590
2594
2600
2605
2610
2614
2620
2625
2630
2635
2640
2645
2650
2655
2660
2665
2670
2675
2680
2684
2688
2692
2696
2701
2705
2709
2713
2718
2722
2726
2730
2735
2739
2743
2747
2751
2756
2760
2764
2768
2773
2777
2781
2785
2790
2793
2796
2800
2803
2806
2810
2813
2816
2820
2823
2826
2830
2833
2836
2840
2843
2846
2850
2853
2856
2860
2863
2866
2870
2873
2876
2880
2883
2886
2890
2893
2896
2900
2903
2907
2910
2914
2917
2920
2924
2927
2931
2934
2938
2941
2945
2948
2951
2955
2958
2962
2965
2969
2972
2975
2979
2982
2986
2989
2993
2996
3000
3003
3006
3009
3012
3015
3018
3022
3025
3028
3031
3034
3037
3040
3044
3047
3050
3053
3056
3059
3062
3066
3069
3072
3075
3078
3081
3084
3088
3091
3094
3097
3100
3103
3106
3110
3113
3117
3121
3124
3128
3132
3135
3139
3143
3147
3150
3154
3158
3161
3165
3169
3172
3176
3180
3184
3187
3191
3195
3198
3202
3206
3210
3213
3217
3221
3225
3229
3233
3237
3241
3245
3249
3253
3257
3261
3265
3268
3272
3276
3280
3284
3288
3292
3296
3300
3304
3308
3312
3316
3320
3323
3326
3330
3333
3337
3340
3344
3347
3350
3354
3357
3361
3364
3368
3371
3375
3378
3381
3385
3388
3392
3395
3399
3402
3405
3409
3412
3416
3419
3423
3426
3430
3433
3437
3441
3445
3448
3452
3456
3460
3464
3467
3471
3475
3479
3483
3486
3490
3494
3498
3502
3505
3509
3513
3517
3521
3524
3528
3532
3536
3540
3543
3547
3551
3555
3558
3562
3566
3570
3574
3577
3581
3585
3589
3593
3596
3600
3604
3608
3612
3615
3619
3623
3627
3631
3634
3638
3642
3646
3650
3653
3656
3659
3662
3665
3668
3671
3674
3677
3680
3683
3686
3690
3693
3696
3699
3702
3705
3708
3711
3714
3717
3720
3723
3726
3730
3733
3736
3739
3742
3745
3748
3751
3754
3757
3760
3763
3766
3770
3773
3777
3781
3785
3788
3792
3796
3800
3804
3807
3811
3815
3819
3823
3826
3830
3834
3838
3842
3845
3849
3853
3857
3861
3864
3868
3872
3876
3880
3883
3887
3891
3894
3898
3902
3905
3909
3913
3916
3920
3924
3927
3931
3935
3938
3942
3946
3949
3953
3957
3960
3964
3968
3971
3975
3979
3982
3986
3990
3992
3994
3997
3999
4002
4004
4007
4009
4012
4014
4016
4019
4021
4024
4026
4029
4031
4034
4036
4038
4041
4043
4046
4048
4051
4053
4056
4058
4061
4063
4065
4068
4070
4073
4075
4078
4080
4083
4085
4087
4090
4092
4095
4097
4100
4102
4105
4107
4110
4112
4115
4117
4120
4122
4125
4127
4130
4132
4135
4137
4140
4142
4145
4147
4150
4152
4155
4157
4160
4162
4165
4167
4170
4172
4175
4177
4180
4182
4185
4187
4190
4192
4195
4197
4200
4202
4205
4207
4210
4212
4215
4218
4221
4223
4226
4229
4232
4234
4237
4240
4243
4245
4248
4251
4254
4256
4259
4262
4265
4267
4270
4273
4276
4278
4281
4284
4287
4289
4292
4295
4298
4300
4303
4306
4309
4311
4314
4317
4320
4323
4326
4329
4332
4335
4338
4341
4345
4348
4351
4354
4357
4360
4363
4366
4370
4373
4376
4379
4382
4385
4388
4391
4395
4398
4401
4404
4407
4410
4413
4416
4420
4424
4428
4432
4436
4441
4445
4449
4453
4458
4462
4466
4470
4475
4479
4483
4487
4491
4496
4500
4504
4508
4513
4517
4521
4525
4530
4532
4535
4538
4541
4543
4546
4549
4552
4555
4557
4560
4563
4566
4568
4571
4574
4577
4580
4582
4585
4588
4591
4593
4596
4599
4602
4605
4607
4610
4613
4616
4618
4621
4624
4627
4630
4632
4634
4636
4639
4641
4643
4646
4648
4650
4653
4655
4657
4660
4662
4664
4666
4669
4671
4673
4676
4678
4680
4683
4685
4687
4689
4692
4694
4696
4699
4701
4703
4706
4708
4710
4713
4715
4717
4720
4722
4724
4726
4729
4731
4733
4736
4738
4740
4743
4745
4747
4750
4752
4754
4756
4758
4760
4762
4764
4766
4768
4770
4772
4774
4776
4779
4781
4783
4785
4787
4789
4791
4793
4795
4797
4799
4801
4803
4806
4808
4810
4812
4814
4816
4818
4820
4822
4824
4826
4828
4830
4833
4835
4837
4839
4841
4843
4845
4847
4849
4851
4853
4855
4857
4860
4862
4864
4867
4869
4872
4874
4877
4879
4882
4884
4886
4889
4891
4894
4896
4899
4901
4904
4906
4908
4911
4913
4916
4918
4921
4923
4926
4928
4930
4933
4935
4938
4940
4943
4945
4947
4950
4952
4955
4957
4960
4962
4965
4967
4970
4972
4974
4976
4978
4980
4982
4984
4987
4989
4991
4993
4995
4997
5000
5002
5004
5006
5008
5010
5012
5015
5017
5019
5021
5023
5025
5027
5029
5032
5034
5036
5038
5040
5042
5045
5047
5049
5051
5053
5055
5057
5060
5062
5064
5066
5068
5070
5072
5075
5077
5079
5081
5083
5085
5087
5090
5092
5095
5097
5100
5102
5104
5107
5110
5112
5115
5117
5120
5122
5125
5127
5130
5132
5135
5137
5140
5142
5145
5147
5150
5152
5155
5157
5160
5162
5165
5167
5170
5172
5175
5177
5180
5182
5185
5187
5190
5192
5195
5197
5200
5202
5205
5207
5210
5213
5215
5218
5220
5223
5225
5228
5230
5233
5236
5238
5241
5243
5246
5248
5251
5253
5256
5259
5261
5264
5266
5269
5271
5274
5276
5279
5282
5284
5287
5289
5292
5294
5297
5300
5302
5305
5308
5311
5314
5317
5320
5323
5326
5329
5332
5335
5338
5341
5344
5347
5350
5352
5355
5358
5361
5364
5367
5370
5373
5376
5379
5382
5385
5388
5391
5394
5397
5400
5402
5404
5407
5409
5412
5414
5417
5419
5422
5424
5426
5429
5431
5434
5436
5439
5441
5444
5446
5448
5451
5453
5456
5458
5461
5463
5466
5468
5470
5473
5475
5478
5480
5483
5485
5488
5490
5492
5495
5497
5500
5502
5505
5507
5510
5512
5515
5518
5520
5523
5526
5528
5531
5534
5536
5539
5542
5544
5547
5550
5552
5555
5558
5560
5563
5566
5569
5571
5574
5577
5579
5582
5585
5587
5590
5593
5595
5598
5601
5603
5606
5609
5611
5614
5617
5620
5622
5624
5627
5629
5632
5634
5637
5639
5641
5644
5646
5649
5651
5654
5656
5659
5661
5663
5666
5668
5671
5673
5676
5678
5680
5683
5685
5688
5690
5693
5695
5698
5700
5702
5705
5707
5710
5712
5715
5717
5720
5724
5729
5733
5738
5742
5747
5752
5756
5761
5765
5770
5775
5779
5784
5788
5793
5797
5802
5807
5811
5816
5820
5825
5830
5832
5834
5836
5838
5840
5843
5845
5847
5849
5851
5853
5856
5858
5860
5862
5864
5866
5869
5871
5873
5875
5877
5880
5882
5884
5886
5888
5890
5893
5895
5897
5899
5901
5903
5906
5908
5910
5912
5914
5916
5919
5921
5923
5925
5927
5930
5932
5935
5938
5941
5943
5946
5949
5952
5954
5957
5960
5963
5965
5968
5971
5974
5976
5979
5982
5984
5987
5990
5993
5996
5998
6001
6004
6007
6009
6012
6015
6018
6020
6023
6026
6029
6031
6034
6037
6040
6042
6044
6046
6049
6051
6053
6056
6058
6060
6063
6065
6067
6070
6072
6074
6077
6079
6081
6084
6086
6088
6091
6093
6095
6098
6100
6102
6105
6107
6109
6112
6114
6116
6119
6121
6123
6126
6128
6130
6133
6135
6137
6140
6142
6144
6146
6148
6150
6152
6154
6156
6158
6160
6162
6164
6166
6168
6170
6172
6174
6176
6178
6180
6182
6184
6186
6188
6190
6192
6195
6197
6199
6201
6203
6205
6207
6209
6211
6213
6215
6217
6219
6221
6223
6225
6227
6229
6231
6233
6235
6237
6239
6241
6243
6245
6247
6250
6252
6255
6257
6260
6262
6265
6267
6270
6272
6275
6277
6280
6282
6285
6287
6290
6292
6295
6297
6300
6302
6305
6307
6310
6312
6315
6317
6320
6322
6325
6327
6330
6332
6335
6337
6340
6342
6345
6347
6350
6352
6355
6357
6360
6362
6364
6366
6368
6370
6372
6374
6376
6378
6380
6382
6385
6387
6389
6391
6393
6395
6397
6399
6401
6403
6405
6407
6410
6412
6414
6416
6418
6420
6422
6424
6426
6428
6430
6432
6435
6437
6439
6441
6443
6445
6447
6449
6451
6453
6455
6457
6460
6462
6464
6466
6468
6470
6472
6474
6476
6478
6480
6482
6484
6486
6489
6491
6493
6495
6497
6499
6501
6503
6505
6507
6509
6511
6513
6516
6518
6520
6522
6524
6526
6528
6530
6532
6534
6536
6538
6540
6543
6545
6547
6549
6551
6553
6555
6557
6559
6561
6563
6565
6567
6570
6573
6576
6580
6583
6587
6590
6594
6597
6601
6604
6607
6611
6614
6618
6621
6625
6628
6632
6635
6638
6642
6645
6649
6652
6656
6659
6663
6666
6670
6672
6674
6676
6678
6680
6682
6684
6686
6688
6690
6692
6694
6696
6698
6700
6702
6704
6706
6708
6710
6712
6714
6716
6718
6720
6722
6725
6727
6729
6731
6733
6735
6737
6739
6741
6743
6745
6747
6749
6751
6753
6755
6757
6759
6761
6763
6765
6767
6769
6771
6773
6775
6777
6780
6781
6783
6785
6787
6789
6791
6792
6794
6796
6798
6800
6802
6804
6805
6807
6809
6811
6813
6815
6817
6818
6820
6822
6824
6826
6828
6830
6831
6833
6835
6837
6839
6841
6842
6844
6846
6848
6850
6852
6854
6855
6857
6859
6861
6863
6865
6867
6868
6870
6872
6874
6876
6878
6880
6881
6883
6885
6887
6889
6891
6893
6895
6897
6899
6901
6903
6905
6907
6909
6911
6913
6915
6917
6919
6921
6923
6925
6927
6929
6931
6933
6935
6936
6938
6940
6942
6944
6946
6948
6950
6952
6954
6956
6958
6960
6962
6964
6966
6968
6970
6972
6974
6976
6978
6980
6982
6984
6986
6988
6990
6993
6996
6999
7002
7005
7008
7012
7015
7018
7021
7024
7027
7030
7034
7037
7040
7043
7046
7049
7052
7056
7059
7062
7065
7068
7071
7074
7077
7081
7084
7087
7090
7093
7096
7100
7102
7104
7107
7109
7112
7114
7117
7120
7122
7125
7127
7130
7132
7135
7137
7140
7142
7145
7147
7150
7152
7155
7157
7160
7162
7165
7167
7170
7172
7175
7177
7180
7182
7185
7187
7190
7192
7195
7197
7200
7203
7206
7209
7212
7215
7218
7221
7224
7227
7230
7233
7236
7239
7242
7245
7248
7251
7255
7258
7261
7264
7267
7270
7273
7276
7279
7282
7285
7288
7291
7294
7297
7300
7303
7306
7310
7313
7317
7321
7324
7328
7332
7335
7339
7343
7347
7350
7354
7358
7361
7365
7369
7372
7376
7380
7384
7387
7391
7395
7398
7402
7406
7410
7412
7415
7417
7420
7422
7425
7427
7430
7432
7435
7437
7440
7442
7445
7447
7450
7452
7455
7457
7460
7462
7465
7467
7470
7472
7475
7477
7479
7482
7484
7487
7489
7492
7495
7497
7500
7502
7505
7507
7510
7512
7515
7517
7520
7524
7528
7533
7537
7542
7546
7550
7555
7559
7564
7568
7572
7577
7581
7585
7590
7594
7599
7603
7608
7612
7616
7621
7625
7630
7633
7636
7639
7642
7645
7648
7651
7654
7657
7660
7663
7666
7669
7672
7675
7678
7681
7685
7688
7691
7694
7697
7700
7703
7706
7709
7712
7715
7718
7721
7724
7727
7730
7733
7736
7740
7743
7747
7750
7754
7757
7761
7764
7768
7771
7775
7779
7782
7786
7789
7793
7796
7800
7803
7807
7810
7814
7818
7821
7825
7828
7832
7835
7839
7842
7846
7850
7854
7859
7864
7870
7875
7880
7885
7890
7895
7900
7905
7910
7915
7920
7925
7930
7935
7940
7945
7950
7953
7956
7959
7962
7965
7968
7971
7974
7977
7980
7983
7986
7989
7992
7995
7998
8001
8005
8008
8011
8014
8017
8020
8023
8026
8029
8032
8035
8038
8041
8044
8047
8050
8053
8056
8060
8063
8067
8070
8074
8077
8081
8085
8088
8092
8095
8099
8102
8106
8109
8113
8117
8120
8124
8127
8131
8135
8138
8142
8145
8149
8152
8156
8160
8162
8164
8166
8168
8170
8172
8175
8177
8179
8181
8183
8185
8188
8190
8192
8194
8196
8198
8200
8203
8205
8207
8209
8211
8213
8216
8218
8220
8222
8224
8226
8229
8231
8233
8235
8237
8239
8241
8244
8246
8248
8250
8252
8254
8257
8259
8261
8263
8265
8267
8270
8272
8275
8277
8280
8282
8285
8287
8290
8293
8295
8298
8300
8303
8305
8308
8310
8313
8316
8318
8321
8323
8326
8328
8331
8333
8336
8339
8341
8344
8346
8349
8351
8354
8356
8359
8362
8364
8367
8369
8372
8374
8377
8380
8382
8384
8386
8388
8390
8392
8394
8396
8398
8400
8402
8404
8406
8408
8410
8412
8414
8416
8418
8420
8422
8424
8426
8428
8430
8432
8434
8436
8438
8440
8442
8444
8446
8448
8450
8452
8454
8456
8458
8460
8462
8464
8466
8468
8470
8472
8474
8476
8478
8480
8482
8484
8486
8488
8490
8492
8495
8498
8500
8503
8506
8508
8511
8514
8516
8519
8522
8524
8527
8530
8532
8535
8538
8540
8543
8546
8549
8551
8554
8557
8559
8562
8565
8567
8570
8573
8575
8578
8581
8583
8586
8589
8591
8594
8597
8600
8602
8605
8607
8610
8613
8615
8618
8621
8623
8626
8628
8631
8634
8636
8639
8642
8644
8647
8649
8652
8655
8657
8660
8663
8665
8668
8671
8673
8676
8678
8681
8684
8686
8689
8692
8694
8697
8700
8702
8704
8706
8708
8710
8712
8714
8716
8718
8720
8722
8724
8726
8729
8731
8733
8735
8737
8739
8741
8743
8745
8747
8749
8751
8753
8756
8758
8760
8762
8764
8766
8768
8770
8772
8774
8776
8778
8780
8783
8785
8787
8789
8791
8793
8795
8797
8799
8801
8803
8805
8807
8810
8812
8814
8817
8819
8821
8824
8826
8829
8831
8833
8836
8838
8840
8843
8845
8848
8850
8852
8855
8857
8860
8862
8864
8867
8869
8871
8874
8876
8879
8881
8883
8886
8888
8890
8893
8895
8898
8900
8902
8905
8907
8910
8912
8914
8916
8919
8921
8923
8926
8928
8930
8933
8935
8937
8940
8942
8944
8946
8949
8951
8953
8956
8958
8960
8963
8965
8967
8969
8972
8974
8976
8979
8981
8983
8986
8988
8990
8993
8995
8997
9000
9002
9004
9006
9009
9011
9013
9016
9018
9020
9023
9025
9027
9030
9031
9033
9035
9037
9038
9040
9042
9044
9045
9047
9049
9051
9052
9054
9056
9058
9059
9061
9063
9065
9066
9068
9070
9072
9073
9075
9077
9079
9080
9082
9084
9086
9087
9089
9091
9093
9094
9096
9098
9100
9101
9103
9105
9107
9108
9110
9112
9114
9115
9117
9119
9121
9122
9124
9126
9128
9130
9132
9134
9136
9138
9141
9143
9145
9147
9150
9152
9154
9156
9159
9161
9163
9165
9168
9170
9172
9174
9177
9179
9181
9183
9186
9188
9190
9192
9195
9197
9199
9201
9204
9206
9208
9210
9213
9215
9217
9219
9222
9224
9226
9228
9231
9233
9235
9237
9240
9242
9244
9247
9249
9252
9254
9257
9259
9262
9264
9266
9269
9271
9274
9276
9279
9281
9284
9286
9288
9291
9293
9296
9298
9301
9303
9306
9308
9310
9313
9315
9318
9320
9323
9325
9328
9330
9332
9335
9337
9340
9342
9345
9347
9350
9352
9354
9357
9359
9362
9364
9367
9369
9371
9374
9376
9379
9381
9384
9386
9389
9391
9393
9396
9398
9401
9403
9406
9408
9410
9413
9415
9418
9420
9423
9425
9428
9430
9432
9435
9437
9440
9442
9445
9447
9450
9453
9457
9461
9465
9468
9472
9476
9480
9484
9487
9491
9495
9499
9503
9506
9510
9514
9518
9522
9525
9529
9533
9537
9541
9544
9548
9552
9556
9560
9562
9565
9568
9571
9574
9577
9580
9583
9586
9589
9592
9595
9598
9601
9604
9607
9610
9612
9615
9618
9621
9624
9627
9630
9633
9636
9639
9642
9645
9648
9651
9654
9657
9660
9662
9665
9668
9671
9674
9677
9680
9683
9686
9689
9692
9695
9698
9701
9704
9707
9710
9713
9716
9719
9722
9725
9728
9731
9734
9737
9740
9743
9746
9749
9752
9755
9758
9761
9764
9767
9770
9773
9777
9781
9785
9788
9792
9796
9800
9804
9807
9811
9815
9819
9823
9826
9830
9834
9838
9842
9845
9849
9853
9857
9861
9864
9868
9872
9876
9880
9883
9886
9889
9892
9895
9898
9902
9905
9908
9911
9914
9917
9920
9924
9927
9930
9933
9936
9939
9942
9946
9949
9952
9955
9958
9961
9964
9968
9971
9974
9977
9980
9983
9986
9990
9992
9995
9998
10000
10003
10006
10008
10011
10014
10016
10019
10022
10024
10027
10030
10032
10035
10038
10040
10043
10046
10049
10051
10054
10057
10059
10062
10065
10067
10070
10073
10075
10078
10081
10083
10086
10089
10091
10094
10097
10100
10103
10107
10111
10114
10118
10122
10125
10129
10133
10137
10140
10144
10148
10151
10155
10159
10162
10166
10170
10174
10177
10181
10185
10188
10192
10196
10200
10204
10208
10213
10217
10222
10226
10230
10235
10239
10244
10248
10252
10257
10261
10266
10270
10274
10279
10283
10288
10292
10296
10301
10305
10310
10314
10319
10323
10328
10332
10337
10342
10346
10351
10355
10360
10365
10369
10374
10378
10383
10387
10392
10397
10401
10406
10410
10415
10420
10424
10428
10432
10436
10441
10445
10449
10453
10458
10462
10466
10470
10475
10479
10483
10487
10491
10496
10500
10504
10508
10513
10517
10521
10525
10530
10535
10540
10546
10551
10557
10562
10568
10573
10579
10584
10590
10595
10600
10606
10611
10617
10622
10628
10633
10639
10644
10650
10653
10657
10661
10665
10668
10672
10676
10680
10684
10687
10691
10695
10699
10703
10706
10710
10714
10718
10722
10725
10729
10733
10737
10741
10744
10748
10752
10756
10760
10764
10768
10773
10777
10782
10786
10790
10795
10799
10804
10808
10812
10817
10821
10825
10830
10834
10839
10843
10847
10852
10856
10861
10865
10870
10875
10881
10886
10892
10897
10903
10908
10914
10920
10925
10931
10936
10942
10947
10953
10958
10964
10970
10974
10978
10982
10986
10990
10994
10998
11002
11006
11010
11014
11018
11022
11026
11030
11034
11038
11042
11046
11050
11054
11058
11062
11066
11070
11074
11078
11082
11086
11090
11093
11097
11100
11104
11107
11111
11115
11118
11122
11125
11129
11132
11136
11140
11143
11147
11150
11154
11157
11161
11165
11168
11172
11175
11179
11182
11186
11190
11194
11198
11203
11207
11212
11216
11220
11225
11229
11234
11238
11242
11247
11251
11256
11260
11264
11269
11273
11278
11282
11286
11291
11295
11300
11302
11305
11307
11310
11313
11315
11318
11321
11323
11326
11328
11331
11334
11336
11339
11342
11344
11347
11350
11352
11355
11357
11360
11363
11365
11368
11371
11373
11376
11378
11381
11384
11386
11389
11392
11394
11397
11400
11405
11410
11415
11420
11425
11430
11435
11440
11445
11450
11455
11460
11465
11470
11475
11480
11485
11490
11495
11500
11504
11510
11512
11515
11518
11521
11524
11526
11529
11532
11535
11538
11541
11543
11546
11549
11552
11555
11557
11560
11563
11566
11569
11572
11574
11577
11580
11583
11586
11588
11591
11594
11597
11600
11603
11605
11608
11611
11614
11617
11620
11625
11629
11635
11639
11645
11650
11655
11660
11665
11670
11675
11680
11685
11690
11695
11700
11705
11710
11715
11720
11723
11727
11731
11734
11738
11742
11745
11749
11753
11756
11760
11764
11767
11771
11775
11778
11782
11786
11789
11793
11797
11800
11804
11808
11811
11815
11819
11822
11826
11830
11834
11838
11842
11846
11850
11855
11859
11863
11867
11871
11875
11879
11884
11888
11892
11896
11900
11905
11909
11913
11917
11921
11925
11930
11933
11937
11941
11945
11949
11953
11957
11961
11965
11969
11973
11977
11981
11985
11988
11992
11996
12000
12004
12008
12012
12016
12020
12024
12028
12032
12036
12040
12044
12049
12053
12058
12062
12067
12071
12076
12080
12085
12090
12094
12099
12103
12108
12112
12117
12121
12126
12130
12135
12140
12142
12144
12147
12149
12151
12154
12156
12159
12161
12163
12166
12168
12171
12173
12175
12178
12180
12183
12185
12187
12190
12192
12195
12197
12199
12202
12204
12206
12209
12211
12214
12216
12218
12221
12223
12226
12228
12230
12233
12235
12238
12240
12242
12245
12247
12250
12252
12254
12256
12259
12261
12263
12266
12268
12270
12272
12275
12277
12279
12282
12284
12286
12288
12291
12293
12295
12298
12300
12302
12305
12307
12309
12311
12314
12316
12318
12321
12323
12325
12327
12330
12332
12334
12337
12339
12341
12343
12346
12348
12350
12353
12355
12357
12360
12363
12366
12369
12372
12375
12378
12381
12384
12387
12390
12393
12396
12399
12402
12405
12408
12411
12415
12418
12421
12424
12427
12430
12433
12436
12439
12442
12445
12448
12451
12454
12457
12460
12463
12466
12470
12472
12475
12477
12480
12482
12485
12487
12490
12492
12495
12497
12500
12502
12505
12507
12510
12512
12515
12517
12520
12522
12525
12527
12530
12532
12535
12537
12540
12542
12545
12547
12550
12552
12555
12557
12560
12562
12565
12567
12570
12572
12575
12577
12580
12582
12584
12586
12588
12590
12592
12594
12596
12598
12600
12602
12604
12606
12608
12610
12612
12614
12616
12618
12620
12622
12624
12626
12628
12631
12633
12635
12637
12639
12641
12643
12645
12647
12649
12651
12653
12655
12657
12659
12661
12663
12665
12667
12669
12671
12673
12675
12677
12680
12682
12685
12687
12690
12692
12695
12697
12700
12702
12705
12707
12709
12712
12715
12717
12719
12722
12725
12727
12729
12732
12735
12737
12740
12742
12745
12747
12750
12752
12754
12757
12760
12762
12764
12767
12770
12772
12774
12777
12780
12782
12784
12787
12790
12792
12794
12796
12799
12801
12803
12806
12808
12810
12812
12815
12817
12819
12822
12824
12826
12828
12831
12833
12835
12838
12840
12842
12844
12847
12849
12851
12854
12856
12858
12861
12863
12865
12867
12870
12872
12874
12877
12879
12881
12883
12886
12888
12890
12893
12895
12897
12900
12902
12904
12907
12909
12911
12914
12916
12918
12921
12923
12925
12928
12930
12932
12935
12937
12939
12942
12944
12946
12949
12951
12953
12956
12958
12960
12963
12965
12967
12970
12972
12974
12977
12979
12981
12984
12986
12988
12991
12993
12995
12998
13000
13002
13005
13007
13010
13012
13015
13017
13020
13022
13025
13027
13030
13032
13035
13037
13040
13042
13045
13047
13049
13052
13055
13057
13059
13062
13065
13067
13070
13072
13075
13077
13080
13082
13084
13087
13090
13092
13094
13097
13100
13102
13104
13107
13110
13112
13114
13117
13120
13122
13124
13127
13129
13131
13134
13136
13139
13141
13143
13146
13148
13151
13153
13155
13158
13160
13163
13165
13167
13170
13172
13175
13177
13179
13182
13184
13186
13189
13191
13194
13196
13198
13201
13203
13206
13208
13210
13213
13215
13218
13220
13222
13225
13227
13230
13232
13235
13238
13241
13243
13246
13249
13252
13254
13257
13260
13263
13265
13268
13271
13274
13276
13279
13282
13285
13287
13290
13293
13296
13298
13301
13304
13307
13309
13312
13315
13318
13320
13323
13326
13329
13331
13334
13337
13340
13342
13345
13348
13351
13354
13357
13360
13363
13366
13369
13372
13375
13378
13381
13384
13387
13390
13392
13395
13398
13401
13404
13407
13410
13413
13416
13419
13422
13425
13428
13431
13434
13437
13440
13445
13450
13455
13459
13465
13470
13475
13480
13485
13490
13495
13500
13505
13510
13515
13520
13525
13530
13535
13540
13545
13550
13553
13556
13559
13562
13566
13569
13572
13575
13579
13582
13585
13588
13591
13595
13598
13601
13604
13608
13611
13614
13617
13620
13624
13627
13630
13633
13637
13640
13643
13646
13650
13656
13662
13668
13674
13680
13686
13692
13698
13705
13711
13717
13723
13729
13735
13741
13747
13753
13760
13764
13768
13772
13776
13780
13784
13788
13792
13796
13800
13804
13808
13812
13817
13821
13825
13829
13833
13837
13841
13845
13849
13853
13857
13861
13865
13870
13874
13879
13884
13889
13893
13898
13903
13908
13912
13917
13922
13927
13931
13936
13941
13946
13950
13955
13960
13965
13970
13977
13984
13992
13999
14006
14014
14021
14028
14036
14043
14050
14058
14065
14072
14080
14086
14092
14098
14105
14111
14117
14123
14129
14136
14142
14148
14155
14161
14167
14173
14180
14186
14193
14200
14207
14214
14221
14228
14235
14241
14248
14255
14262
14269
14276
14283
14290
14296
14303
14309
14316
14323
14330
14336
14343
14350
14356
14363
14370
14376
14383
14390
14394
14398
14402
14406
14410
14414
14418
14422
14426
14430
14434
14438
14442
14447
14451
14455
14459
14463
14467
14471
14475
14479
14483
14487
14491
14495
14500
14505
14510
14515
14520
14526
14531
14536
14541
14547
14552
14557
14562
14568
14573
14578
14583
14589
14594
14599
14604
14610
14615
14620
14625
14631
14636
14641
14646
14652
14657
14662
14667
14673
14678
14683
14688
14694
14699
14704
14710
14716
14722
14729
14735
14742
14748
14755
14761
14768
14774
14781
14787
14794
14800
14807
14813
14820
14824
14829
14833
14838
14842
14847
14851
14856
14860
14865
14870
14874
14879
14883
14888
14892
14897
14901
14906
14910
14915
14920
14926
14932
14939
14945
14952
14958
14965
14971
14978
14984
14991
14997
15004
15010
15017
15023
15030
15033
15038
15042
15046
15049
15054
15058
15062
15066
15070
15074
15078
15082
15086
15090
15094
15098
15102
15106
15110
15114
15118
15122
15126
15130
15135
15140
15145
15150
15155
15160
15165
15170
15175
15180
15185
15190
15195
15200
15205
15210
15215
15220
15225
15230
15235
15240
15244
15249
15253
15258
15262
15267
15272
15276
15281
15285
15290
15295
15299
15304
15308
15313
15317
15322
15327
15331
15336
15340
15345
15350
15353
15356
15359
15362
15365
15368
15371
15374
15377
15380
15383
15386
15389
15392
15395
15398
15401
15404
15407
15410
15413
15416
15419
15422
15425
15428
15431
15434
15437
15440
15443
15446
15450
15453
15456
15460
15463
15467
15470
15474
15477
15480
15484
15487
15491
15494
15498
15501
15504
15508
15511
15515
15518
15522
15525
15529
15532
15535
15539
15542
15546
15549
15553
15556
15560
15563
15567
15571
15574
15578
15582
15585
15589
15593
15597
15600
15604
15608
15611
15615
15619
15622
15626
15630
15634
15637
15641
15645
15648
15652
15656
15660
15662
15665
15668
15671
15674
15677
15680
15683
15686
15688
15691
15694
15697
15700
15703
15706
15709
15712
15715
15717
15720
15723
15726
15729
15732
15735
15738
15741
15743
15746
15749
15752
15755
15758
15761
15764
15767
15770
15772
15775
15778
15781
15784
15787
15790
15793
15796
15799
15802
15805
15808
15811
15814
15817
15820
15823
15826
15829
15832
15835
15838
15841
15844
15847
15850
15853
15856
15859
15862
15865
15868
15871
15874
15877
15880
15883
15887
15890
15894
15897
15901
15904
15908
15911
15915
15919
15922
15926
15929
15933
15936
15940
15943
15947
15950
15954
15958
15961
15965
15968
15972
15975
15979
15982
15986
15990
15994
15998
16002
16006
16011
16015
16019
16023
16028
16032
16036
16040
16045
16049
16053
16057
16061
16066
16070
16074
16078
16083
16087
16091
16095
16100
16103
16106
16109
16112
16116
16119
16122
16125
16129
16132
16135
16138
16141
16145
16148
16151
16154
16158
16161
16164
16167
16170
16174
16177
16180
16183
16187
16190
16193
16196
16200
16203
16206
16209
16212
16216
16219
16222
16225
16229
16232
16235
16238
16242
16245
16248
16251
16254
16258
16261
16264
16267
16271
16274
16277
16280
16284
16287
16290
16293
16297
16300
16303
16306
16309
16312
16315
16318
16320
16323
16326
16328
16331
16334
16337
16339
16342
16345
16347
16350
16353
16355
16358
16361
16364
16366
16369
16372
16374
16377
16380
16382
16385
16388
16391
16393
16396
16399
16401
16404
16407
16410
16412
16415
16418
16421
16424
16427
16430
16433
16436
16438
16441
16444
16447
16450
16453
16456
16459
16462
16465
16467
16470
16473
16476
16479
16482
16485
16488
16491
16493
16496
16499
16502
16505
16508
16511
16514
16517
16520
16523
16526
16529
16532
16536
16539
16542
16545
16549
16552
16555
16558
16562
16565
16568
16571
16575
16578
16581
16584
16587
16591
16594
16597
16600
16604
16607
16610
16613
16617
16620
16623
16626
16630
16633
16636
16639
16642
16645
16648
16651
16655
16658
16661
16664
16667
16670
16674
16677
16680
16683
16686
16689
16692
16695
16699
16702
16705
16708
16711
16714
16718
16721
16724
16727
16730
16733
16736
16740
16742
16745
16748
16751
16754
16757
16760
16763
16766
16768
16771
16774
16777
16780
16783
16786
16789
16792
16795
16797
16800
16803
16806
16809
16812
16815
16818
16821
16823
16826
16829
16832
16835
16838
16841
16844
16847
16850
16852
16855
16858
16861
16864
16867
16870
16872
16875
16878
16881
16884
16887
16890
16892
16895
16898
16901
16904
16907
16910
16912
16915
16918
16921
16924
16927
16930
16932
16935
16938
16941
16944
16947
16950
16953
16956
16960
16963
16967
16970
16974
16977
16980
16984
16987
16991
16994
16998
17001
17005
17008
17011
17015
17018
17022
17025
17029
17032
17035
17039
17042
17046
17049
17053
17056
17060
17063
17066
17069
17072
17075
17078
17081
17085
17088
17091
17094
17097
17100
17103
17106
17110
17113
17116
17119
17122
17125
17128
17131
17134
17138
17141
17144
17147
17150
17153
17156
17160
17163
17167
17170
17174
17177
17181
17184
17188
17191
17195
17199
17202
17206
17209
17213
17216
17220
17223
17227
17230
17234
17238
17241
17245
17248
17252
17255
17259
17262
17266
17270
17273
17276
17279
17282
17285
17288
17291
17295
17298
17301
17304
17307
17310
17314
17317
17320
17323
17326
17329
17332
17336
17339
17342
17345
17348
17351
17354
17358
17361
17364
17367
17370
17373
17376
17380
17382
17385
17388
17391
17394
17397
17400
17403
17406
17409
17412
17415
17418
17421
17424
17427
17430
17433
17436
17439
17442
17445
17448
17451
17454
17457
17460
17463
17466
17469
17472
17475
17478
17481
17484
17487
17490
17493
17497
17500
17504
17508
17512
17515
17519
17523
17526
17530
17534
17537
17541
17545
17548
17552
17556
17559
17563
17567
17570
17574
17578
17581
17585
17589
17592
17596
17600
17604
17608
17612
17616
17620
17625
17629
17633
17637
17641
17645
17650
17654
17658
17662
17666
17670
17675
17679
17683
17687
17691
17695
17700
17704
17708
17712
17716
17720
17724
17728
17732
17736
17740
17744
17748
17752
17757
17761
17765
17769
17773
17777
17781
17785
17789
17793
17797
17801
17805
17810
17814
17818
17822
17826
17830
17835
17839
17843
17847
17851
17855
17860
17864
17868
17872
17876
17880
17884
17889
17893
17897
17901
17905
17910
17914
17918
17923
17927
17932
17936
17941
17945
17950
17954
17958
17963
17967
17972
17976
17981
17985
17990
17994
17998
18003
18007
18012
18016
18021
18025
18030
18032
18035
18038
18041
18044
18047
18050
18053
18056
18059
18062
18065
18068
18071
18074
18077
18080
18082
18085
18088
18091
18094
18097
18100
18103
18106
18109
18112
18115
18118
18121
18124
18127
18130
18133
18137
18141
18144
18148
18151
18155
18159
18163
18166
18170
18174
18177
18181
18185
18188
18192
18195
18199
18203
18206
18210
18214
18218
18221
18225
18229
18232
18236
18240
18242
18245
18248
18251
18254
18257
18260
18263
18266
18268
18271
18274
18277
18280
18283
18286
18289
18292
18295
18297
18300
18303
18306
18309
18312
18315
18318
18321
18323
18326
18329
18332
18335
18338
18341
18344
18347
18350
18352
18355
18357
18360
18362
18365
18367
18370
18372
18375
18377
18380
18382
18385
18387
18390
18392
18395
18397
18400
18402
18405
18407
18410
18412
18415
18417
18420
18422
18425
18427
18430
18432
18435
18437
18439
18442
18445
18447
18450
18455
18461
18466
18471
18477
18483
18488
18494
18499
18505
18510
18516
18521
18526
18532
18538
18543
18549
18554
18560
18564
18568
18573
18577
18581
18586
18590
18594
18599
18603
18607
18612
18616
18620
18625
18629
18633
18638
18642
18646
18651
18655
18660
18662
18665
18667
18670
18673
18675
18678
18680
18683
18686
18688
18691
18694
18696
18699
18701
18704
18707
18709
18712
18715
18717
18720
18722
18725
18728
18730
18733
18735
18738
18741
18743
18746
18749
18751
18754
18756
18759
18762
18764
18767
18770
18773
18776
18780
18783
18786
18790
18793
18796
18800
18803
18806
18810
18813
18816
18820
18823
18826
18830
18833
18836
18840
18843
18846
18849
18853
18856
18860
18863
18866
18869
18873
18876
18880
18882
18884
18886
18888
18890
18892
18894
18896
18898
18900
18902
18904
18906
18908
18910
18912
18914
18916
18918
18920
18922
18924
18926
18928
18930
18932
18935
18937
18939
18941
18943
18945
18947
18949
18951
18953
18955
18957
18959
18961
18963
18965
18967
18969
18971
18973
18975
18977
18979
18981
18983
18985
18987
18990
18991
18994
18996
18997
19000
19002
19003
19006
19008
19009
19012
19014
19016
19018
19020
19022
19024
19026
19028
19030
19032
19034
19036
19038
19040
19042
19044
19046
19048
19050
19052
19054
19056
19058
19060
19062
19064
19066
19068
19070
19072
19074
19076
19078
19080
19082
19084
19086
19088
19090
19092
19094
19096
19098
19100
19102
19105
19107
19110
19113
19115
19118
19121
19123
19126
19128
19131
19134
19136
19139
19142
19144
19147
19150
19152
19155
19157
19160
19163
19165
19168
19171
19173
19176
19178
19181
19184
19186
19189
19192
19194
19197
19200
19202
19204
19206
19208
19210
19212
19214
19215
19218
19220
19221
19224
19226
19227
19230
19232
19234
19236
19238
19240
19241
19244
19246
19247
19250
19252
19253
19256
19258
19259
19262
19264
19266
19268
19270
19272
19273
19276
19278
19279
19282
19284
19285
19288
19290
19291
19294
19296
19298
19299
19302
19304
19305
19308
19310
19312
19315
19317
19320
19323
19325
19328
19331
19333
19336
19338
19341
19344
19346
19349
19352
19354
19357
19360
19362
19365
19367
19370
19373
19375
19378
19381
19383
19386
19388
19391
19394
19396
19399
19402
19404
19407
19410
19412
19415
19417
19420
19422
19425
19427
19430
19433
19435
19438
19440
19443
19445
19448
19450
19453
19456
19458
19461
19463
19466
19468
19471
19473
19476
19479
19481
19484
19486
19489
19491
19494
19496
19499
19502
19504
19507
19509
19512
19514
19517
19520
19522
19525
19527
19530
19533
19535
19538
19540
19543
19546
19548
19551
19554
19556
19559
19561
19564
19567
19569
19572
19575
19577
19580
19582
19585
19588
19590
19593
19595
19598
19601
19603
19606
19609
19611
19614
19616
19619
19622
19624
19627
19630
19632
19634
19637
19639
19641
19644
19646
19648
19651
19653
19655
19658
19660
19662
19665
19667
19669
19672
19674
19676
19679
19681
19683
19686
19688
19690
19693
19695
19697
19700
19702
19704
19707
19709
19711
19714
19716
19718
19721
19723
19725
19728
19730
19732
19735
19737
19740
19743
19746
19750
19753
19757
19760
19764
19767
19770
19774
19777
19781
19784
19788
19791
19794
19798
19801
19805
19808
19811
19815
19818
19822
19825
19829
19832
19836
19839
19842
19846
19849
19853
19856
19860
19863
19866
19869
19872
19875
19878
19881
19884
19888
19891
19894
19897
19900
19903
19906
19910
19913
19916
19919
19922
19925
19928
19931
19935
19938
19941
19944
19947
19950
19953
19956
19960
19962
19965
19968
19971
19973
19976
19979
19982
19984
19987
19990
19993
19995
19998
20001
20004
20006
20009
20012
20015
20017
20020
20023
20026
20028
20031
20034
20037
20039
20042
20045
20048
20050
20053
20056
20059
20061
20064
20067
20070
20072
20075
20077
20080
20083
20085
20088
20091
20093
20096
20098
20101
20104
20106
20109
20112
20114
20117
20120
20122
20125
20127
20130
20133
20135
20138
20141
20143
20146
20148
20151
20154
20156
20159
20162
20164
20167
20170
20171
20173
20175
20177
20179
20181
20183
20185
20187
20189
20191
20193
20195
20197
20199
20201
20203
20205
20207
20209
20211
20213
20215
20217
20219
20221
20223
20225
20226
20228
20230
20232
20234
20236
20238
20240
20242
20244
20246
20248
20250
20252
20254
20256
20258
20260
20262
20264
20266
20268
20270
20272
20274
20276
20278
20280
20282
20284
20286
20288
20290
20292
20294
20296
20298
20300
20302
20304
20306
20308
20310
20312
20314
20316
20318
20320
20322
20324
20326
20328
20330
20332
20334
20336
20338
20340
20342
20344
20346
20348
20350
20352
20354
20355
20358
20360
20362
20364
20366
20368
20370
20372
20374
20375
20378
20380
20382
20385
20388
20391
20394
20397
20400
20403
20406
20408
20411
20414
20417
20420
20423
20426
20429
20432
20435
20437
20440
20443
20446
20449
20452
20455
20458
20461
20463
20466
20469
20472
20475
20478
20481
20484
20487
20490
20492
20494
20496
20498
20500
20502
20504
20506
20509
20511
20513
20515
20517
20519
20521
20523
20525
20528
20530
20532
20534
20536
20538
20540
20542
20544
20547
20549
20551
20553
20555
20557
20559
20561
20564
20566
20568
20570
20572
20574
20576
20578
20580
20583
20585
20587
20589
20591
20593
20595
20597
20600
20602
20604
20606
20609
20611
20613
20616
20618
20620
20623
20625
20627
20630
20632
20634
20637
20639
20641
20644
20646
20648
20651
20653
20655
20658
20660
20662
20665
20667
20669
20672
20674
20676
20679
20681
20683
20686
20688
20690
20693
20695
20697
20700
20703
20706
20709
20712
20716
20719
20722
20725
20729
20732
20735
20738
20742
20745
20748
20751
20755
20758
20761
20764
20768
20771
20774
20777
20781
20784
20787
20790
20794
20797
20800
20803
20807
20810
20813
20816
20820
20822
20824
20826
20829
20831
20833
20836
20838
20840
20843
20845
20847
20850
20852
20854
20857
20859
20861
20864
20866
20868
20871
20873
20875
20878
20880
20882
20885
20887
20889
20892
20894
20896
20899
20901
20903
20906
20908
20910
20913
20915
20917
20920
20923
20926
20929
20932
20935
20938
20942
20945
20948
20951
20954
20957
20960
20964
20967
20970
20973
20976
20979
20982
20986
20989
20992
20995
20998
21001
21004
21008
21011
21014
21017
21020
21023
21026
21030
21035
21040
21045
21050
21055
21060
21065
21070
21075
21080
21085
21090
21095
21100
21105
21110
21115
21119
21125
21130
21132
21134
21136
21138
21140
21142
21144
21146
21148
21150
21152
21154
21156
21159
21161
21163
21165
21167
21169
21171
21173
21175
21177
21179
21181
21183
21186
21188
21190
21192
21194
21196
21198
21200
21202
21204
21206
21208
21210
21213
21215
21217
21219
21221
21223
21225
21227
21229
21231
21233
21235
21237
21240
21242
21244
21246
21248
21250
21252
21255
21257
21259
21261
21263
21265
21268
21270
21272
21274
21276
21278
21280
21283
21285
21287
21289
21291
21293
21296
21298
21300
21302
21304
21306
21309
21311
21313
21315
21317
21319
21321
21324
21326
21328
21330
21332
21334
21337
21339
21341
21343
21345
21347
21350
21352
21355
21358
21361
21364
21367
21370
21373
21376
21379
21382
21385
21388
21391
21394
21397
21400
21402
21405
21408
21411
21414
21417
21420
21423
21426
21429
21432
21435
21438
21441
21444
21447
21450
21452
21455
21457
21460
21462
21465
21467
21470
21472
21474
21477
21480
21482
21485
21487
21490
21492
21494
21497
21500
21502
21505
21507
21509
21512
21515
21517
21520
21522
21525
21527
21529
21532
21535
21537
21540
21542
21544
21547
21549
21552
21555
21557
21560
21562
21564
21566
21568
21571
21573
21575
21577
21580
21582
21584
21586
21588
21591
21593
21595
21597
21599
21602
21604
21606
21608
21611
21613
21615
21617
21620
21622
21624
21626
21628
21631
21633
21635
21637
21640
21642
21644
21646
21648
21651
21653
21655
21657
21660
21662
21664
21666
21668
21671
21673
21675
21677
21679
21682
21684
21686
21688
21690
21693
21695
21697
21699
21701
21704
21706
21708
21710
21712
21715
21717
21719
21721
21723
21726
21728
21730
21732
21734
21737
21739
21741
21743
21745
21748
21750
21752
21754
21756
21759
21761
21763
21765
21767
21770
21772
21774
21776
21778
21781
21783
21785
21787
21790
21792
21794
21796
21799
21801
21803
21805
21808
21810
21812
21814
21817
21819
21821
21823
21826
21828
21830
21832
21835
21837
21839
21841
21844
21846
21848
21850
21853
21855
21857
21859
21862
21864
21866
21868
21871
21873
21875
21877
21880
21882
21884
21886
21889
21891
21893
21896
21898
21900
21902
21905
21907
21909
21912
21914
21916
21918
21921
21923
21925
21928
21930
21932
21935
21937
21939
21941
21944
21946
21948
21951
21953
21955
21957
21960
21962
21964
21967
21969
21971
21973
21976
21978
21980
21983
21985
21987
21990
21992
21995
21998
22000
22003
22006
22008
22011
22014
22016
22019
22022
22024
22027
22030
22032
22035
22038
22040
22043
22046
22049
22051
22054
22057
22059
22062
22065
22067
22070
22073
22075
22078
22081
22083
22086
22089
22091
22094
22097
22100
22102
22104
22106
22109
22111
22113
22116
22118
22120
22123
22125
22127
22130
22132
22134
22137
22139
22141
22144
22146
22148
22151
22153
22155
22158
22160
22162
22165
22167
22169
22172
22174
22176
22179
22181
22183
22186
22188
22190
22193
22195
22197
22200
22202
22204
22206
22208
22211
22213
22215
22217
22220
22222
22224
22226
22229
22231
22233
22235
22238
22240
22242
22244
22247
22249
22251
22253
22256
22258
22260
22262
22265
22267
22269
22271
22274
22276
22278
22280
22283
22285
22287
22289
22292
22294
22296
22298
22301
22303
22305
22307
22310
22312
22315
22317
22320
22323
22325
22328
22331
22333
22336
22338
22341
22344
22346
22349
22352
22354
22357
22360
22362
22365
22367
22370
22373
22375
22378
22381
22383
22386
22388
22391
22394
22396
22399
22402
22404
22407
22410
22412
22415
22417
22420
22422
22425
22427
22430
22433
22435
22438
22440
22443
22445
22448
22450
22453
22456
22458
22461
22463
22466
22468
22471
22473
22476
22479
22481
22484
22486
22489
22491
22494
22496
22499
22502
22504
22507
22509
22512
22514
22517
22520
22522
22524
22527
22529
22531
22534
22536
22539
22541
22543
22546
22548
22551
22553
22555
22558
22560
22563
22565
22567
22570
22572
22575
22577
22579
22582
22584
22586
22589
22591
22594
22596
22598
22601
22603
22606
22608
22610
22613
22615
22618
22620
22622
22625
22627
22630
22632
22635
22638
22641
22644
22646
22649
22652
22655
22658
22661
22663
22666
22669
22672
22675
22677
22680
22683
22686
22689
22692
22694
22697
22700
22703
22706
22708
22711
22714
22717
22720
22723
22725
22728
22731
22734
22737
22740
22742
22745
22747
22750
22753
22755
22758
22760
22763
22766
22768
22771
22774
22776
22779
22781
22784
22787
22789
22792
22795
22797
22800
22802
22805
22808
22810
22813
22815
22818
22821
22823
22826
22829
22831
22834
22836
22839
22842
22844
22847
22850
22852
22855
22858
22861
22864
22867
22870
22873
22876
22879
22882
22885
22888
22891
22894
22897
22900
22902
22905
22908
22911
22914
22917
22920
22923
22926
22929
22932
22935
22938
22941
22944
22947
22950
22954
22959
22964
22969
22973
22978
22983
22988
22993
22997
23002
23007
23012
23016
23021
23026
23031
23036
23040
23045
23050
23055
23060
23064
23070
23075
23080
23085
23090
23095
23099
23105
23110
23115
23120
23125
23130
23134
23140
23145
23150
23155
23160
23164
23169
23174
23179
23183
23188
23193
23198
23203
23207
23212
23217
23222
23226
23231
23236
23241
23246
23250
23255
23260
23265
23270
23275
23281
23287
23292
23298
23304
23310
23315
23321
23327
23332
23338
23344
23350
23355
23361
23367
23372
23378
23384
23390
23392
23394
23396
23398
23400
23402
23404
23406
23408
23410
23412
23414
23416
23418
23420
23422
23424
23426
23428
23430
23432
23434
23436
23438
23440
23442
23445
23447
23449
23451
23453
23455
23457
23459
23461
23463
23465
23467
23469
23471
23473
23475
23477
23479
23481
23483
23485
23487
23489
23491
23493
23495
23497
23500
23502
23505
23508
23511
23513
23516
23519
23522
23524
23527
23530
23533
23535
23538
23541
23544
23546
23549
23552
23555
23557
23560
23563
23566
23568
23571
23574
23577
23579
23582
23585
23588
23590
23593
23596
23599
23601
23604
23607
23610
23613
23616
23619
23622
23625
23628
23631
23634
23638
23641
23644
23647
23650
23653
23656
23660
23663
23666
23669
23672
23675
23678
23681
23685
23688
23691
23694
23697
23700
23703
23706
23710
23713
23716
23719
23722
23725
23728
23732
23735
23738
23741
23744
23747
23750
23754
23757
23760
23763
23766
23769
23772
23776
23779
23782
23785
23788
23791
23794
23798
23801
23804
23807
23810
23813
23816
23820
23822
23825
23827
23830
23832
23835
23837
23840
23842
23845
23847
23850
23852
23855
23857
23860
23862
23865
23867
23870
23872
23875
23877
23880
23882
23885
23887
23890
23892
23895
23897
23900
23902
23905
23907
23910
23912
23915
23917
23920
23922
23924
23926
23928
23931
23933
23935
23937
23939
23942
23944
23946
23948
23950
23953
23955
23957
23959
23961
23964
23966
23968
23970
23972
23975
23977
23979
23981
23983
23986
23988
23990
23992
23994
23997
23999
24001
24003
24005
24008
24010
24012
24014
24016
24019
24021
24023
24025
24027
24030
24033
24036
24039
24042
24045
24048
24051
24054
24057
24060
24063
24066
24069
24072
24075
24078
24081
24084
24087
24090
24093
24096
24099
24102
24105
24108
24111
24114
24117
24120
24123
24126
24130
24132
24135
24138
24141
24144
24146
24149
24152
24155
24158
24161
24163
24166
24169
24172
24175
24177
24180
24183
24186
24189
24192
24194
24197
24200
24203
24206
24208
24211
24214
24217
24220
24223
24225
24228
24231
24234
24237
24240
24242
24245
24248
24250
24253
24256
24258
24261
24264
24266
24269
24272
24274
24277
24280
24282
24285
24288
24290
24293
24296
24299
24301
24304
24307
24309
24312
24315
24317
24320
24323
24325
24328
24331
24333
24336
24339
24341
24344
24347
24350
24353
24356
24359
24362
24366
24369
24372
24375
24379
24382
24385
24388
24391
24395
24398
24401
24404
24408
24411
24414
24417
24420
24424
24427
24430
24433
24437
24440
24443
24446
24450
24452
24454
24457
24459
24461
24464
24466
24469
24471
24473
24476
24478
24481
24483
24485
24488
24490
24493
24495
24497
24500
24502
24505
24507
24509
24512
24514
24516
24519
24521
24524
24526
24528
24531
24533
24536
24538
24540
24543
24545
24548
24550
24552
24555
24557
24560
24562
24564
24566
24569
24571
24573
24576
24578
24580
24583
24585
24587
24590
24592
24594
24597
24599
24601
24604
24606
24608
24611
24613
24615
24618
24620
24622
24625
24627
24629
24632
24634
24636
24639
24641
24643
24646
24648
24650
24653
24655
24657
24660
24662
24665
24667
24670
24672
24675
24677
24680
24682
24685
24687
24690
24692
24695
24697
24700
24702
24705
24707
24710
24712
24715
24717
24720
24722
24725
24727
24730
24732
24735
24737
24740
24742
24745
24747
24750
24752
24755
24757
24759
24762
24765
24767
24770
24772
24774
24776
24778
24780
24782
24785
24787
24789
24791
24793
24795
24798
24800
24802
24804
24806
24808
24810
24813
24815
24817
24819
24821
24823
24826
24828
24830
24832
24834
24836
24839
24841
24843
24845
24847
24849
24851
24854
24856
24858
24860
24862
24864
24867
24869
24871
24873
24875
24877
24880
24882
24884
24886
24888
24890
24892
24895
24897
24899
24901
24903
24905
24908
24910
24912
24914
24916
24918
24920
24923
24925
24927
24929
24931
24933
24936
24938
24940
24942
24944
24946
24949
24951
24953
24955
24957
24959
24961
24964
24966
24968
24970
24972
24974
24977
24979
24981
24983
24985
24987
24990
24992
24994
24997
24999
25001
25004
25006
25008
25011
25013
25015
25018
25020
25022
25025
25027
25029
25032
25034
25036
25039
25041
25043
25046
25048
25050
25053
25055
25057
25060
25062
25064
25067
25069
25071
25074
25076
25078
25081
25083
25085
25088
25090
25092
25095
25097
25100
25102
25105
25107
25110
25112
25115
25117
25120
25122
25125
25127
25130
25132
25135
25137
25140
25142
25145
25147
25150
25152
25155
25157
25160
25162
25165
25167
25170
25172
25175
25177
25180
25182
25185
25187
25189
25192
25195
25197
25200
25202
25205
25207
25210
25212
25215
25217
25220
25223
25225
25228
25230
25233
25235
25238
25240
25243
25246
25248
25251
25253
25256
25258
25261
25263
25266
25269
25271
25274
25276
25279
25281
25284
25286
25289
25292
25294
25297
25299
25302
25304
25307
25310
25312
25314
25317
25320
25322
25325
25327
25330
25332
25335
25337
25340
25342
25345
25347
25349
25352
25355
25357
25360
25362
25365
25367
25370
25372
25375
25377
25380
25382
25384
25387
25390
25392
25395
25397
25400
25402
25405
25407
25410
25413
25417
25420
25424
25427
25431
25434
25438
25441
25445
25449
25452
25456
25459
25463
25466
25470
25473
25477
25480
25484
25488
25491
25495
25498
25502
25505
25509
25512
25516
25520
25522
25525
25528
25531
25534
25537
25540
25543
25546
25548
25551
25554
25557
25560
25563
25566
25569
25572
25575
25577
25580
25583
25586
25589
25592
25595
25598
25601
25603
25606
25609
25612
25615
25618
25621
25624
25627
25630
25632
25634
25636
25639
25641
25643
25646
25648
25650
25652
25655
25657
25659
25662
25664
25666
25668
25671
25673
25675
25678
25680
25682
25685
25687
25689
25691
25694
25696
25698
25701
25703
25705
25707
25710
25712
25714
25717
25719
25721
25723
25726
25728
25730
25733
25735
25737
25740
25742
25744
25747
25749
25751
25754
25756
25759
25761
25763
25766
25768
25771
25773
25775
25778
25780
25783
25785
25787
25790
25792
25795
25797
25799
25802
25804
25806
25809
25811
25814
25816
25818
25821
25823
25826
25828
25830
25833
25835
25838
25840
25842
25845
25847
25850
25852
25854
25856
25859
25861
25863
25865
25868
25870
25872
25875
25877
25879
25881
25884
25886
25888
25890
25893
25895
25897
25900
25902
25904
25906
25909
25911
25913
25915
25918
25920
25922
25925
25927
25929
25931
25934
25936
25938
25940
25943
25945
25947
25950
25952
25954
25957
25959
25962
25964
25967
25969
25971
25974
25976
25979
25981
25984
25986
25989
25991
25994
25996
25998
26001
26003
26006
26008
26011
26013
26016
26018
26020
26023
26025
26028
26030
26033
26035
26038
26040
26042
26045
26047
26050
26052
26055
26057
26060
26063
26066
26070
26073
26076
26080
26083
26086
26090
26093
26096
26099
26103
26106
26110
26113
26116
26120
26123
26126
26130
26133
26136
26140
26143
26146
26150
26153
26156
26160
26162
26164
26166
26168
26170
26172
26174
26176
26178
26180
26182
26184
26186
26189
26191
26193
26195
26197
26199
26201
26203
26205
26207
26209
26211
26213
26216
26218
26220
26222
26224
26226
26228
26230
26232
26234
26236
26238
26240
26243
26245
26247
26249
26251
26253
26255
26257
26259
26261
26263
26265
26267
26270
26274
26278
26282
26286
26290
26294
26298
26302
26306
26310
26314
26318
26322
26327
26331
26335
26339
26343
26347
26351
26355
26359
26363
26367
26371
26375
26380
26383
26387
26391
26395
26399
26403
26407
26411
26415
26419
26423
26427
26431
26435
26438
26442
26446
26450
26454
26458
26462
26466
26470
26474
26478
26482
26486
26490
26493
26497
26500
26504
26507
26511
26514
26518
26521
26525
26529
26532
26536
26539
26543
26546
26550
26553
26557
26560
26564
26568
26571
26575
26578
26582
26585
26589
26592
26596
26600
26604
26609
26613
26618
26622
26627
26631
26636
26640
26645
26650
26654
26659
26663
26668
26672
26677
26681
26686
26690
26695
26700
26703
26707
26711
26715
26718
26722
26726
26730
26733
26737
26741
26745
26748
26752
26756
26759
26763
26767
26771
26775
26778
26782
26786
26790
26793
26797
26801
26805
26808
26812
26816
26820
26822
26825
26828
26830
26833
26836
26838
26841
26844
26847
26849
26852
26855
26857
26860
26863
26865
26868
26871
26874
26876
26879
26882
26884
26887
26890
26892
26895
26898
26901
26903
26906
26909
26911
26914
26917
26920
26923
26926
26929
26932
26936
26939
26942
26945
26949
26952
26955
26958
26962
26965
26968
26971
26975
26978
26981
26984
26987
26991
26994
26997
27000
27004
27007
27010
27013
27017
27020
27023
27026
27030
27032
27035
27038
27041
27044
27047
27050
27053
27056
27059
27062
27065
27068
27071
27074
27077
27080
27082
27085
27088
27091
27094
27097
27100
27103
27106
27109
27112
27115
27118
27121
27124
27127
27130
27133
27136
27139
27142
27145
27148
27151
27155
27158
27161
27164
27167
27170
27174
27177
27180
27183
27186
27189
27192
27195
27199
27202
27205
27208
27211
27214
27218
27221
27224
27227
27230
27233
27236
27240
27242
27245
27248
27250
27253
27256
27259
27262
27264
27267
27270
27273
27275
27278
27281
27284
27286
27289
27292
27295
27297
27300
27303
27306
27308
27311
27314
27317
27319
27322
27325
27328
27330
27333
27336
27339
27341
27344
27347
27350
27353
27356
27359
27362
27366
27369
27372
27375
27379
27382
27385
27388
27391
27395
27398
27401
27404
27408
27411
27414
27417
27420
27424
27427
27430
27433
27437
27440
27443
27446
27450
27452
27455
27458
27461
27463
27466
27469
27471
27474
27477
27480
27483
27485
27488
27491
27494
27496
27499
27502
27505
27507
27510
27513
27516
27518
27521
27524
27526
27529
27532
27535
27538
27540
27543
27546
27549
27551
27554
27557
27560
27563
27566
27569
27572
27575
27578
27581
27584
27587
27590
27593
27596
27599
27602
27605
27608
27611
27614
27617
27620
27623
27626
27629
27632
27635
27638
27641
27644
27647
27650
27653
27656
27660
27662
27665
27668
27670
27673
27676
27678
27681
27684
27686
27689
27692
27694
27697
27700
27702
27705
27708
27710
27713
27716
27719
27721
27724
27727
27729
27732
27735
27737
27740
27743
27745
27748
27751
27753
27756
27759
27761
27764
27767
27770
27772
27774
27777
27779
27781
27784
27786
27788
27791
27793
27795
27798
27800
27802
27805
27807
27809
27812
27814
27816
27819
27821
27823
27826
27828
27830
27833
27835
27837
27840
27842
27844
27847
27849
27851
27854
27856
27858
27861
27863
27865
27868
27870
27872
27875
27877
27880
27883
27886
27889
27892
27895
27898
27901
27904
27907
27910
27913
27916
27919
27923
27926
27929
27932
27935
27938
27941
27944
27947
27950
27953
27956
27960
27963
27966
27969
27972
27975
27978
27981
27984
27987
27990
27993
27996
28000
28002
28004
28006
28008
28010
28012
28015
28017
28019
28021
28023
28025
28028
28030
28032
28034
28036
28038
28040
28043
28045
28047
28049
28051
28053
28056
28058
28060
28062
28064
28066
28069
28071
28073
28075
28077
28079
28081
28084
28086
28088
28090
28092
28094
28097
28099
28101
28103
28105
28107
28110
28112
28114
28116
28119
28121
28123
28126
28128
28130
28133
28135
28137
28140
28142
28144
28147
28149
28151
28154
28156
28158
28161
28163
28165
28168
28170
28172
28175
28177
28179
28182
28184
28186
28189
28191
28193
28196
28198
28200
28203
28205
28207
28210
28212
28215
28217
28220
28222
28225
28227
28230
28233
28235
28238
28240
28243
28245
28248
28250
28253
28256
28258
28261
28263
28266
28268
28271
28273
28276
28279
28281
28284
28286
28289
28291
28294
28296
28299
28302
28304
28307
28309
28312
28314
28317
28320
28322
28325
28327
28330
28332
28335
28337
28340
28342
28345
28347
28350
28352
28355
28357
28360
28362
28365
28367
28370
28372
28375
28377
28380
28382
28385
28387
28390
28392
28395
28397
28400
28402
28405
28407
28410
28412
28415
28417
28419
28422
28425
28427
28430
28432
28434
28437
28439
28442
28444
28447
28449
28452
28454
28456
28459
28461
28464
28466
28469
28471
28474
28476
28478
28481
28483
28486
28488
28491
28493
28496
28498
28500
28503
28505
28508
28510
28513
28515
28518
28520
28522
28525
28527
28530
28532
28535
28537
28540
28542
28544
28546
28548
28550
28553
28555
28557
28559
28561
28563
28566
28568
28570
28572
28574
28576
28579
28581
28583
28585
28587
28590
28592
28594
28596
28598
28600
28603
28605
28607
28609
28611
28613
28616
28618
28620
28622
28624
28626
28629
28631
28633
28635
28637
28640
28642
28644
28646
28649
28651
28653
28656
28658
28660
28662
28665
28667
28669
28672
28674
28676
28678
28681
28683
28685
28688
28690
28692
28695
28697
28699
28701
28704
28706
28708
28711
28713
28715
28717
28720
28722
28724
28727
28729
28731
28733
28736
28738
28740
28743
28745
28747
28750
28752
28755
28758
28761
28763
28766
28769
28772
28774
28777
28780
28783
28785
28788
28791
28794
28796
28799
28802
28805
28807
28810
28813
28816
28818
28821
28824
28827
28829
28832
28835
28838
28840
28843
28846
28849
28851
28854
28857
28860
28862
28865
28867
28870
28872
28875
28877
28880
28882
28884
28887
28890
28892
28895
28897
28900
28902
28905
28907
28910
28912
28915
28917
28920
28922
28925
28927
28930
28932
28935
28937
28940
28942
28945
28947
28950
28952
28955
28957
28960
28963
28966
28970
28973
28976
28980
28983
28986
28990
28993
28996
29000
29003
29006
29010
29013
29016
29020
29023
29026
29030
29033
29036
29040
29043
29046
29050
29053
29056
29060
29063
29066
29070
29072
29075
29078
29081
29083
29086
29089
29092
29095
29097
29100
29103
29106
29108
29111
29114
29117
29120
29122
29125
29128
29131
29133
29136
29139
29142
29145
29147
29150
29153
29156
29158
29161
29164
29167
29170
29172
29175
29178
29181
29184
29186
29189
29192
29195
29198
29201
29203
29206
29209
29212
29215
29217
29220
29223
29226
29229
29232
29234
29237
29240
29243
29246
29248
29251
29254
29257
29260
29263
29265
29268
29271
29274
29277
29280
29283
29286
29290
29293
29297
29300
29304
29307
29311
29314
29317
29321
29324
29328
29331
29335
29338
29342
29345
29348
29352
29355
29359
29362
29366
29369
29373
29376
29380
29382
29385
29388
29391
29394
29397
29400
29403
29406
29409
29412
29415
29418
29421
29424
29427
29430
29433
29436
29439
29442
29445
29448
29451
29454
29457
29460
29463
29466
29469
29472
29475
29478
29481
29484
29487
29490
29492
29494
29497
29500
29502
29505
29507
29509
29512
29515
29517
29520
29522
29525
29527
29530
29532
29535
29537
29540
29542
29545
29547
29550
29552
29555
29557
29560
29562
29565
29567
29570
29572
29575
29577
29580
29582
29585
29587
29590
29592
29595
29597
29600
29602
29605
29608
29611
29614
29617
29620
29622
29625
29628
29631
29634
29637
29640
29642
29645
29648
29651
29654
29657
29660
29662
29665
29668
29671
29674
29677
29680
29682
29685
29688
29691
29694
29697
29700
29702
29705
29708
29711
29714
29716
29719
29722
29725
29728
29731
29733
29736
29739
29742
29745
29747
29750
29753
29756
29759
29762
29764
29767
29770
29773
29776
29778
29781
29784
29787
29790
29793
29795
29798
29801
29804
29807
29810
29813
29817
29820
29824
29827
29831
29835
29838
29842
29845
29849
29852
29856
29860
29863
29867
29870
29874
29877
29881
29884
29888
29892
29895
29899
29902
29906
29910
