4
8
12
16
20
24
28
32
36
40
44
48
52
57
61
65
69
73
77
81
85
89
93
97
101
105
109
114
119
123
128
132
137
142
146
151
155
160
165
169
174
178
183
187
192
197
201
206
210
215
220
225
231
236
242
248
253
259
265
270
276
282
287
293
299
304
310
316
321
327
333
338
344
350
353
357
361
364
368
372
375
379
383
387
390
394
398
401
405
409
412
416
420
424
427
431
435
438
442
446
450
452
454
457
459
461
464
466
468
471
473
475
478
480
482
485
487
489
492
494
496
499
501
503
506
508
510
513
515
517
520
522
524
527
529
531
534
536
538
541
543
545
548
550
552
555
557
560
605
650
695
740
742
745
747
750
752
755
757
760
763
765
768
770
773
775
778
780
783
786
788
791
793
796
798
801
803
806
809
811
814
816
819
821
824
826
829
832
834
837
839
842
844
847
850
854
858
862
866
870
874
878
882
886
890
894
898
902
906
910
915
919
923
927
931
935
939
943
947
951
955
959
963
967
971
975
980
982
985
987
990
992
995
997
1000
1003
1005
1008
1010
1013
1015
1018
1020
1023
1026
1028
1031
1033
1036
1038
1041
1043
1046
1049
1051
1054
1056
1059
1061
1064
1066
1069
1072
1074
1077
1079
1082
1084
1087
1090
1094
1098
1103
1107
1112
1116
1121
1125
1130
1134
1139
1143
1148
1152
1157
1161
1166
1170
1175
1179
1184
1188
1193
1197
1202
1206
1211
1215
1220
1223
1226
1229
1232
1235
1238
1242
1245
1248
1251
1254
1257
1260
1264
1267
1270
1273
1276
1279
1282
1286
1289
1292
1295
1298
1301
1304
1308
1311
1314
1317
1320
1323
1326
1330
1337
1344
1351
1358
1366
1373
1380
1387
1395
1402
1409
1416
1423
1431
1438
1445
1452
1460
1462
1464
1467
1470
1472
1475
1477
1480
1482
1484
1487
1490
1492
1495
1497
1500
1502
1505
1507
1510
1512
1515
1517
1520
1522
1525
1527
1530
1532
1535
1537
1540
1542
1545
1547
1550
1552
1555
1557
1560
1562
1565
1567
1570
1572
1575
1578
1581
1584
1587
1590
1593
1596
1599
1602
1605
1608
1611
1614
1617
1620
1623
1626
1629
1632
1635
1638
1641
1644
1647
1650
1653
1656
1659
1662
1665
1668
1671
1674
1677
1680
1760
1840
1845
1850
1855
1861
1866
1871
1876
1882
1887
1892
1897
1903
1908
1913
1918
1924
1929
1934
1940
1942
1945
1947
1950
1952
1955
1957
1960
1963
1965
1968
1970
1973
1975
1978
1980
1983
1986
1988
1991
1993
1996
1998
2001
2003
2006
2009
2011
2014
2016
2019
2021
2024
2026
2029
2032
2034
2037
2039
2042
2044
2047
2050
2056
2063
2070
2076
2083
2090
2096
2103
2110
2116
2123
2130
2136
2143
2150
2155
2159
2165
2170
2175
2179
2185
2190
2195
2199
2205
2210
2215
2219
2224
2230
2235
2239
2244
2250
2255
2260
2265
2270
2275
2280
2286
2291
2296
2301
2307
2312
2317
2322
2328
2333
2338
2343
2349
2354
2359
2364
2370
2375
2380
2385
2390
2395
2400
2405
2410
2415
2420
2425
2430
2435
2440
2445
2450
2455
2460
2465
2470
2475
2480
2485
2490
2494
2499
2504
2509
2513
2518
2523
2528
2533
2537
2542
2547
2552
2556
2561
2566
2571
2576
2580
2585
2590
2595
2600
2605
2611
2617
2623
2629
2635
2641
2647
2652
2658
2664
2670
2676
2682
2688
2694
2700
2706
2712
2718
2724
2730
2736
2742
2748
2755
2761
2767
2773
2779
2785
2791
2797
2803
2810
2816
2822
2829
2835
2842
2848
2855
2861
2868
2874
2881
2887
2894
2900
2907
2913
2920
2926
2932
2938
2944
2950
2956
2962
2968
2974
2981
2987
2993
2999
3005
3011
3017
3023
3030
3034
3040
3045
3050
3054
3059
3065
3070
3074
3080
3085
3090
3094
3099
3105
3110
3114
3120
3125
3130
3137
3144
3151
3158
3165
3172
3179
3186
3193
3200
3207
3214
3221
3228
3235
3242
3250
3261
3273
3285
3296
3308
3320
3331
3343
3355
3366
3378
3390
3396
3403
3410
3417
3424
3431
3438
3445
3451
3458
3465
3472
3479
3486
3493
3500
3507
3514
3521
3528
3535
3542
3549
3556
3563
3570
3577
3584
3591
3598
3605
3612
3620
3628
3637
3645
3654
3662
3671
3680
3688
3697
3705
3714
3722
3731
3740
3745
3750
3755
3760
3766
3771
3776
3781
3787
3792
3797
3802
3808
3813
3818
3823
3829
3834
3839
3844
3850
3855
3860
3865
3870
3875
3880
3885
3890
3895
3900
3905
3910
3915
3920
3925
3930
3935
3940
3945
3950
3955
3960
3965
3970
3975
3980
3985
3989
3995
4000
4005
4010
4014
4019
4024
4029
4035
4040
4045
4050
4054
4059
4066
4073
4080
4086
4093
4100
4106
4113
4120
4126
4133
4140
4146
4153
4160
4165
4170
4175
4180
4186
4191
4196
4201
4207
4212
4217
4222
4228
4233
4238
4243
4249
4254
4259
4264
4270
4275
4281
4286
4292
4297
4303
4308
4314
4320
4325
4331
4336
4342
4347
4353
4358
4364
4370
4375
4381
4387
4393
4398
4404
4410
4416
4422
4427
4433
4439
4445
4451
4456
4462
4468
4474
4480
4484
4488
4493
4497
4502
4506
4510
4515
4519
4524
4528
4532
4537
4541
4546
4550
4554
4559
4563
4568
4572
4576
4581
4585
4590
4594
4599
4603
4608
4612
4617
4621
4626
4630
4635
4640
4644
4649
4653
4658
4662
4667
4671
4676
4680
4685
4690
4695
4701
4707
4713
4718
4724
4730
4736
4742
4747
4753
4759
4765
4771
4776
4782
4788
4794
4800
4811
4822
4833
4844
4855
4866
4877
4888
4900
4906
4912
4919
4925
4932
4938
4945
4951
4958
4964
4971
4977
4984
4990
4997
5003
5010
5016
5022
5029
5035
5042
5048
5055
5061
5068
5074
5081
5087
5094
5100
5107
5113
5120
5126
5132
5138
5144
5150
5156
5162
5168
5175
5181
5187
5193
5199
5205
5211
5217
5223
5230
5235
5241
5247
5253
5258
5264
5270
5276
5282
5287
5293
5299
5305
5311
5316
5322
5328
5334
5340
5345
5350
5355
5361
5366
5371
5376
5382
5387
5392
5397
5403
5408
5413
5418
5424
5429
5434
5440
5444
5448
5453
5457
5462
5466
5470
5475
5479
5484
5488
5492
5497
5501
5506
5510
5514
5519
5523
5528
5532
5536
5541
5545
5550
5557
5564
5572
5580
5587
5595
5602
5610
5617
5625
5632
5640
5647
5655
5662
5670
5677
5685
5692
5700
5703
5707
5710
5714
5717
5721
5724
5728
5731
5735
5739
5742
5746
5749
5753
5756
5760
5763
5767
5770
5774
5778
5781
5785
5788
5792
5795
5799
5802
5806
5810
5815
5820
5825
5831
5836
5841
5846
5852
5857
5862
5867
5873
5878
5883
5888
5894
5899
5904
5910
5918
5927
5935
5944
5952
5961
5970
5978
5987
5995
6004
6012
6021
6030
6037
6045
6053
6060
6068
6076
6083
6091
6099
6106
6114
6122
6130
6133
6137
6141
6145
6149
6153
6157
6161
6165
6169
6173
6177
6181
6185
6188
6192
6196
6200
6204
6208
6212
6216
6220
6224
6228
6232
6236
6240
6245
6250
6255
6260
6266
6271
6276
6281
6287
6292
6297
6302
6308
6313
6318
6323
6329
6334
6339
6344
6350
6353
6356
6359
6362
6365
6368
6371
6375
6378
6381
6384
6387
6390
6393
6396
6400
6403
6406
6409
6412
6415
6418
6421
6425
6428
6431
6434
6437
6440
6443
6446
6450
6454
6459
6464
6469
6473
6478
6483
6488
6493
6497
6502
6507
6512
6516
6521
6526
6531
6536
6540
6545
6550
6555
6560
6567
6574
6581
6588
6595
6602
6609
6617
6624
6631
6638
6645
6652
6660
6666
6672
6678
6684
6690
6696
6702
6708
6715
6721
6727
6733
6739
6745
6751
6757
6763
6770
6776
6782
6788
6795
6801
6807
6813
6820
6826
6832
6838
6845
6851
6857
6863
6870
6874
6878
6883
6887
6892
6896
6900
6905
6909
6914
6918
6922
6927
6931
6936
6940
6944
6949
6953
6958
6962
6966
6971
6975
6980
6983
6986
6989
6992
6995
6998
7002
7005
7008
7011
7014
7017
7020
7024
7027
7030
7033
7036
7039
7042
7046
7049
7052
7055
7058
7061
7064
7068
7071
7074
7077
7080
7083
7086
7090
7094
7099
7103
7108
7112
7117
7121
7126
7130
7135
7140
7144
7149
7153
7158
7162
7167
7171
7176
7180
7185
7190
7203
7217
7231
7245
7258
7272
7286
7300
7320
7340
7360
7380
7400
7410
7420
7430
7440
7450
7460
7470
7479
7490
7500
7510
7518
7527
7535
7544
7552
7561
7570
7578
7587
7595
7604
7612
7621
7630
7636
7643
7650
7657
7664
7671
7678
7685
7691
7698
7705
7712
7719
7726
7733
7740
7746
7753
7760
7767
7774
7781
7788
7795
7801
7808
7815
7822
7829
7836
7843
7850
7855
7861
7866
7872
7877
7883
7888
7894
7900
7905
7911
7916
7922
7927
7933
7938
7944
7950
7955
7960
7965
7970
7976
7981
7986
7991
7996
8002
8007
8012
8017
8023
8028
8033
8038
8043
8049
8054
8059
8064
8070
8076
8083
8090
8096
8103
8109
8116
8123
8130
8136
8143
8150
8156
8163
8170
8175
8181
8187
8192
8198
8204
8209
8215
8221
8227
8232
8238
8244
8250
8255
8261
8267
8272
8278
8284
8290
8295
8299
8305
8309
8315
8320
8325
8330
8334
8340
8344
8350
8355
8360
8365
8370
8375
8380
8385
8390
8395
8400
8404
8409
8413
8418
8422
8427
8432
8436
8441
8445
8450
8455
8459
8464
8468
8473
8477
8482
8487
8491
8496
8500
8505
8510
8513
8517
8521
8525
8529
8533
8537
8541
8545
8549
8553
8557
8561
8565
8568
8572
8576
8580
8584
8588
8592
8596
8600
8604
8608
8612
8616
8620
8623
8626
8630
8633
8637
8640
8644
8647
8650
8654
8657
8661
8664
8668
8671
8675
8678
8681
8685
8688
8692
8695
8699
8702
8705
8709
8712
8716
8719
8723
8726
8730
8733
8736
8739
8742
8745
8748
8752
8755
8758
8761
8764
8767
8771
8774
8777
8780
8783
8786
8790
8793
8796
8799
8802
8805
8808
8812
8815
8818
8821
8824
8827
8831
8834
8837
8840
8843
8846
8850
8853
8856
8859
8862
8866
8869
8872
8875
8879
8882
8885
8888
8892
8895
8898
8901
8905
8908
8911
8914
8917
8921
8924
8927
8930
8934
8937
8940
8943
8947
8950
8953
8956
8960
8963
8967
8971
8975
8978
8982
8986
8990
8994
8997
9001
9005
9009
9013
9016
9020
9024
9028
9032
9035
9039
9043
9047
9051
9054
9058
9062
9066
9070
9074
9078
9082
9086
9090
9094
9098
9102
9106
9110
9114
9118
9122
9126
9130
9134
9138
9142
9146
9150
9154
9158
9162
9166
9170
9175
9181
9186
9192
9197
9203
9208
9214
9219
9225
9230
9235
9241
9247
9252
9258
9263
9269
9274
9280
9285
9290
9295
9299
9305
9310
9315
9320
9325
9330
9335
9340
9345
9350
9355
9360
9365
9370
9375
9380
9386
9393
9400
9407
9414
9421
9428
9435
9441
9448
9455
9462
9469
9476
9483
9490
9494
9499
9504
9509
9513
9518
9523
9528
9533
9537
9542
9547
9552
9556
9561
9566
9571
9576
9580
9585
9590
9595
9600
9607
9614
9621
9628
9635
9642
9649
9657
9664
9671
9678
9685
9692
9700
9705
9710
9716
9722
9727
9733
9738
9744
9749
9754
9760
9766
9771
9777
9782
9788
9793
9799
9804
9810
9816
9822
9828
9835
9841
9847
9853
9860
9866
9872
9878
9885
9891
9897
9903
9910
9916
9922
9929
9935
9942
9948
9955
9961
9968
9974
9981
9987
9994
10000
10007
10013
10020
10024
10029
10034
10039
10043
10048
10053
10058
10062
10067
10072
10077
10081
10086
10091
10096
10100
10105
10110
10115
10120
10126
10132
10138
10144
10150
10156
10162
10168
10175
10181
10187
10193
10199
10205
10211
10217
10223
10230
10242
10254
10266
10278
10291
10303
10315
10327
10340
10345
10351
10357
10363
10369
10375
10381
10387
10392
10398
10404
10410
10416
10422
10428
10434
10440
10444
10449
10453
10458
10462
10467
10472
10476
10481
10485
10490
10495
10499
10504
10508
10513
10517
10522
10527
10531
10536
10540
10545
10550
10553
10556
10560
10563
10567
10570
10574
10577
10581
10584
10587
10591
10594
10598
10601
10605
10608
10612
10615
10618
10622
10625
10629
10632
10636
10639
10643
10646
10650
10653
10657
10661
10665
10668
10672
10676
10680
10684
10687
10691
10695
10699
10703
10706
10710
10714
10718
10722
10725
10729
10733
10737
10741
10744
10748
10752
10756
10760
10763
10767
10771
10775
10779
10783
10787
10791
10795
10799
10803
10807
10811
10815
10818
10822
10826
10830
10834
10838
10842
10846
10850
10854
10858
10862
10866
10870
10872
10875
10878
10881
10884
10887
10890
10893
10896
10899
10902
10905
10908
10911
10914
10917
10920
10923
10926
10929
10932
10935
10938
10941
10944
10947
10950
10953
10956
10959
10962
10965
10968
10971
10974
10977
10980
10984
10989
10993
10998
11002
11007
11012
11016
11021
11025
11030
11035
11039
11044
11048
11053
11057
11062
11067
11071
11076
11080
11085
11090
11097
11104
11112
11119
11126
11134
11141
11149
11156
11163
11171
11178
11186
11193
11200
11208
11215
11223
11230
11237
11245
11252
11260
11265
11271
11277
11283
11288
11294
11300
11306
11312
11317
11323
11329
11335
11341
11346
11352
11358
11364
11370
11374
11378
11382
11386
11391
11395
11399
11403
11408
11412
11416
11420
11425
11429
11433
11437
11441
11446
11450
11454
11458
11463
11467
11471
11475
11480
11489
11498
11507
11516
11525
11535
11544
11553
11562
11571
11580
11590
11597
11604
11611
11618
11625
11632
11640
11647
11654
11661
11668
11675
11682
11690
11695
11700
11706
11711
11717
11722
11728
11733
11739
11744
11750
11755
11760
11766
11771
11777
11782
11788
11793
11799
11804
11810
11812
11815
11817
11820
11822
11825
11827
11830
11833
11835
11838
11840
11843
11845
11848
11851
11853
11856
11858
11861
11863
11866
11868
11871
11874
11876
11879
11881
11884
11886
11889
11892
11894
11897
11899
11902
11904
11907
11910
11914
11918
11922
11926
11930
11934
11938
11942
11946
11950
11954
11958
11962
11966
11970
11975
11979
11983
11987
11991
11995
11999
12003
12007
12011
12015
12019
12023
12027
12031
12035
12040
12042
12044
12047
12049
12051
12054
12056
12059
12061
12063
12066
12068
12070
12073
12075
12078
12080
12082
12085
12087
12090
12092
12094
12097
12099
12101
12104
12106
12109
12111
12113
12116
12118
12120
12123
12125
12128
12130
12132
12135
12137
12140
12145
12150
12155
12160
12166
12171
12176
12181
12187
12192
12197
12202
12208
12213
12218
12223
12229
12234
12239
12244
12250
12252
12255
12258
12261
12264
12267
12270
12273
12276
12279
12282
12285
12288
12291
12294
12297
12300
12303
12306
12309
12312
12315
12318
12321
12324
12327
12330
12333
12336
12339
12342
12345
12348
12351
12354
12357
12360
12362
12365
12367
12370
12372
12375
12377
12380
12383
12385
12388
12390
12393
12395
12398
12401
12403
12406
12408
12411
12413
12416
12418
12421
12424
12426
12429
12431
12434
12436
12439
12442
12444
12447
12449
12452
12454
12457
12460
12463
12466
12470
12473
12477
12480
12484
12487
12490
12494
12497
12501
12504
12508
12511
12515
12518
12521
12525
12528
12532
12535
12539
12542
12545
12549
12552
12556
12559
12563
12566
12570
12574
12578
12582
12586
12590
12595
12599
12603
12607
12611
12615
12620
12624
12628
12632
12636
12640
12645
12649
12653
12657
12661
12665
12670
12673
12676
12679
12682
12685
12688
12691
12694
12697
12700
12703
12706
12709
12712
12715
12718
12721
12725
12728
12731
12734
12737
12740
12743
12746
12749
12752
12755
12758
12761
12764
12767
12770
12773
12776
12780
12785
12791
12796
12802
12807
12812
12818
12824
12829
12835
12840
12846
12851
12857
12862
12868
12873
12879
12884
12890
12893
12897
12901
12904
12908
12912
12915
12919
12923
12926
12930
12934
12937
12941
12945
12948
12952
12956
12959
12963
12967
12970
12974
12978
12981
12985
12989
12992
12996
13000
13003
13007
13010
13014
13018
13021
13025
13029
13032
13036
13040
13043
13047
13050
13054
13058
13061
13065
13069
13072
13076
13080
13083
13087
13090
13094
13098
13101
13105
13109
13112
13116
13120
13163
13206
13250
13255
13260
13265
13270
13275
13280
13285
13290
13295
13299
13305
13309
13315
13320
13325
13330
13334
13340
13344
13350
13354
13360
13364
13370
13376
13382
13388
13394
13400
13406
13412
13418
13425
13431
13437
13443
13449
13455
13461
13467
13473
13480
13486
13492
13499
13505
13512
13518
13525
13531
13538
13544
13551
13557
13564
13570
13577
13583
13590
13596
13602
13608
13615
13621
13627
13633
13640
13646
13652
13658
13665
13671
13677
13683
13690
13695
13700
13705
13709
13715
13720
13725
13730
13735
13740
13745
13750
13755
13760
13765
13770
13775
13780
13785
13790
13795
13800
13811
13822
13833
13844
13855
13866
13877
13888
13900
13907
13914
13922
13929
13936
13944
13951
13958
13966
13973
13980
13988
13995
14002
14010
14016
14022
14028
14034
14040
14046
14052
14058
14065
14071
14077
14083
14089
14095
14101
14107
14113
14120
14126
14132
14139
14145
14152
14158
14165
14171
14178
14184
14191
14197
14204
14210
14217
14223
14230
14236
14242
14249
14255
14262
14268
14275
14281
14288
14294
14301
14307
14314
14320
14327
14333
14340
14345
14350
14355
14360
14365
14370
14375
14379
14385
14390
14395
14400
14405
14410
14415
14420
14424
14430
14434
14440
14446
14452
14459
14465
14472
14478
14485
14491
14498
14504
14511
14517
14524
14530
14537
14543
14550
14554
14559
14563
14568
14572
14577
14581
14586
14590
14595
14600
14604
14609
14613
14618
14622
14627
14631
14636
14640
14645
14650
14654
14658
14663
14667
14672
14676
14681
14685
14690
14694
14698
14703
14707
14712
14716
14721
14725
14730
14734
14738
14743
14747
14752
14756
14761
14765
14770
14774
14779
14784
14789
14793
14798
14803
14808
14813
14817
14822
14827
14832
14836
14841
14846
14851
14856
14860
14865
14870
14875
14880
14887
14895
14902
14910
14918
14925
14933
14940
14948
14956
14963
14971
14979
14986
14994
15001
15009
15017
15024
15032
15040
15043
15047
15050
15054
15057
15061
15065
15068
15072
15075
15079
15082
15086
15090
15093
15097
15100
15104
15107
15111
15115
15118
15122
15125
15129
15132
15136
15140
15143
15147
15150
15154
15157
15161
15164
15168
15171
15175
15179
15182
15186
15189
15193
15196
15200
15203
15207
15210
15214
15218
15221
15225
15228
15232
15235
15239
15242
15246
15250
15253
15256
15259
15262
15266
15269
15272
15275
15279
15282
15285
15288
15292
15295
15298
15301
15305
15308
15311
15314
15317
15321
15324
15327
15330
15334
15337
15340
15343
15347
15350
15353
15356
15360
15374
15389
15403
15418
15432
15447
15461
15476
15490
15505
15520
15522
15524
15526
15528
15531
15533
15535
15537
15540
15542
15544
15546
15548
15551
15553
15555
15557
15559
15562
15564
15566
15568
15571
15573
15575
15577
15580
15582
15584
15586
15588
15591
15593
15595
15597
15600
15602
15604
15606
15608
15611
15613
15615
15617
15620
15637
15655
15672
15690
15707
15725
15742
15760
15762
15764
15766
15768
15771
15773
15775
15777
15780
15782
15784
15786
15788
15791
15793
15795
15797
15800
15802
15804
15806
15808
15811
15813
15815
15817
15820
15822
15824
15826
15828
15831
15833
15835
15837
15840
15842
15844
15846
15848
15851
15853
15855
15857
15860
15862
15864
15866
15868
15871
15873
15875
15877
15880
15884
15888
15892
15896
15900
15904
15908
15912
15916
15920
15924
15928
15932
15936
15940
15944
15948
15952
15956
15960
15964
15968
15972
15976
15980
15984
15988
15992
15996
16000
16003
16006
16009
16012
16016
16019
16022
16025
16029
16032
16035
16038
16042
16045
16048
16051
16055
16058
16061
16064
16067
16071
16074
16077
16080
16084
16087
16090
16093
16097
16100
16103
16106
16110
16115
16121
16127
16133
16139
16145
16151
16157
16162
16168
16174
16180
16186
16192
16198
16204
16210
16218
16226
16234
16242
16250
16258
16266
16274
16282
16290
16299
16307
16315
16323
16331
16339
16347
16355
16363
16371
16379
16383
16386
16389
16392
16395
16398
16401
16404
16407
16410
16413
16416
16419
16422
16425
16428
16431
16435
16438
16441
16444
16447
16450
16453
16456
16459
16462
16465
16468
16471
16474
16477
16480
16483
16486
16490
16493
16496
16500
16503
16506
16509
16513
16516
16520
16523
16526
16530
16533
16536
16540
16543
16546
16550
16553
16556
16560
16563
16566
16570
16573
16576
16580
16583
16586
16590
16593
16596
16600
16604
16608
16612
16616
16620
16624
16628
16632
16636
16640
16644
16648
16652
16656
16660
16664
16668
16672
16676
16680
16684
16688
16692
16695
16700
16705
16710
16715
16720
16724
16730
16735
16740
16744
16750
16755
16759
16765
16770
16775
16779
16785
16790
16794
16799
16805
16810
16813
16816
16819
16822
16825
16828
16831
16834
16837
16840
16843
16846
16849
16852
16855
16858
16861
16864
16867
16870
16873
16876
16879
16882
16885
16888
16891
16894
16897
16900
16903
16906
16910
16913
16917
16921
16925
16929
16933
16937
16941
16945
16949
16953
16957
16961
16965
16968
16972
16976
16980
16984
16988
16992
16996
17000
17004
17008
17012
17016
17020
17025
17030
17035
17040
17045
17050
17055
17060
17065
17070
17075
17080
17085
17090
17095
17100
17105
17110
17115
17120
17124
17129
17133
17138
17143
17147
17152
17156
17161
17166
17170
17175
17180
17184
17189
17193
17198
17203
17207
17212
17216
17221
17226
17230
17235
17240
17245
17250
17256
17262
17267
17273
17278
17284
17289
17295
17300
17306
17311
17317
17322
17328
17333
17339
17344
17350
17355
17361
17367
17373
17379
17385
17391
17397
17402
17408
17414
17420
17426
17432
17438
17444
17450
17454
17458
17463
17467
17471
17476
17480
17485
17489
17494
17498
17502
17507
17511
17516
17520
17524
17529
17533
17538
17542
17546
17551
17555
17560
17565
17571
17576
17582
17587
17593
17598
17604
17610
17615
17621
17626
17632
17637
17643
17648
17654
17660
17666
17672
17678
17684
17690
17696
17702
17708
17715
17721
17727
17733
17739
17745
17751
17757
17763
17770
17774
17778
17783
17787
17791
17796
17800
17805
17809
17814
17818
17822
17827
17831
17836
17840
17844
17849
17853
17858
17862
17866
17871
17875
17880
17882
17885
17888
17890
17893
17896
17898
17901
17904
17906
17909
17912
17914
17917
17920
17922
17925
17928
17930
17933
17936
17939
17941
17944
17947
17949
17952
17955
17957
17960
17963
17965
17968
17971
17973
17976
17979
17981
17984
17987
17990
17994
17998
18002
18006
18011
18015
18019
18023
18028
18032
18036
18040
18044
18049
18053
18057
18061
18066
18070
18074
18078
18083
18087
18091
18095
18100
18102
18105
18108
18111
18114
18117
18120
18122
18125
18128
18131
18134
18137
18140
18142
18145
18148
18151
18154
18157
18160
18162
18165
18168
18171
18174
18177
18180
18182
18185
18188
18191
18194
18197
18200
18203
18207
18211
18215
18219
18223
18227
18231
18235
18239
18243
18247
18251
18255
18258
18262
18266
18270
18274
18278
18282
18286
18290
18294
18298
18302
18306
18310
18313
18316
18320
18323
18327
18330
18334
18337
18341
18344
18347
18351
18354
18358
18361
18365
18368
18372
18375
18378
18382
18385
18389
18392
18396
18399
18403
18406
18410
18413
18417
18420
18424
18427
18431
18434
18438
18441
18445
18449
18452
18456
18459
18463
18466
18470
18473
18477
18480
18484
18488
18491
18495
18498
18502
18505
18509
18512
18516
18520
18523
18527
18531
18534
18538
18542
18545
18549
18553
18557
18560
18564
18568
18571
18575
18579
18582
18586
18590
18594
18597
18601
18605
18608
18612
18616
18620
18624
18628
18632
18636
18641
18645
18649
18653
18658
18662
18666
18670
18675
18679
18683
18687
18691
18696
18700
18704
18708
18713
18717
18721
18725
18730
18735
18740
18745
18750
18756
18761
18766
18771
18777
18782
18787
18792
18798
18803
18808
18813
18819
18824
18829
18834
18840
18843
18846
18849
18852
18856
18859
18862
18865
18869
18872
18875
18878
18881
18885
18888
18891
18894
18898
18901
18904
18907
18910
18914
18917
18920
18923
18927
18930
18933
18936
18940
19140
19142
19145
19147
19150
19153
19155
19158
19160
19163
19166
19168
19171
19174
19176
19179
19181
19184
19187
19189
19192
19195
19197
19200
19202
19205
19208
19210
19213
19215
19218
19221
19223
19226
19229
19231
19234
19236
19239
19242
19244
19247
19250
19253
19257
19261
19264
19268
19272
19275
19279
19283
19286
19290
19294
19297
19301
19305
19308
19312
19316
19319
19323
19327
19330
19334
19338
19341
19345
19349
19352
19356
19360
19362
19365
19368
19371
19374
19377
19380
19382
19385
19388
19391
19394
19397
19400
19402
19405
19408
19411
19414
19417
19420
19422
19425
19428
19431
19434
19437
19440
19442
19445
19448
19451
19454
19457
19460
19464
19468
19472
19476
19481
19485
19489
19493
19498
19502
19506
19510
19515
19519
19523
19527
19531
19536
19540
19544
19548
19553
19557
19561
19565
19570
19577
19584
19591
19598
19605
19612
19619
19626
19633
19640
19647
19654
19661
19668
19675
19682
19689
19696
19703
19710
19717
19724
19731
19738
19745
19752
19760
19762
19765
19767
19770
19773
19775
19778
19780
19783
19786
19788
19791
19794
19796
19799
19801
19804
19807
19809
19812
19815
19817
19820
19822
19825
19828
19830
19833
19835
19838
19841
19843
19846
19849
19851
19854
19856
19859
19862
19864
19867
19870
19873
19877
19881
19885
19889
19893
19897
19901
19905
19909
19913
19917
19921
19925
19929
19933
19937
19941
19945
19948
19952
19956
19960
19964
19968
19972
19976
19980
19984
19988
19992
19996
20000
20004
20008
20012
20016
20020
20023
20026
20030
20033
20036
20040
20043
20046
20050
20053
20056
20060
20063
20066
20070
20073
20076
20080
20083
20086
20090
20093
20096
20100
20103
20106
20110
20113
20116
20120
20123
20126
20129
20132
20136
20139
20142
20145
20149
20152
20155
20158
20162
20165
20168
20171
20175
20178
20181
20184
20187
20191
20194
20197
20200
20204
20207
20210
20213
20217
20220
20223
20226
20230
20233
20237
20241
20245
20248
20252
20256
20260
20264
20267
20271
20275
20279
20283
20286
20290
20294
20298
20302
20305
20309
20313
20317
20321
20324
20328
20332
20336
20340
20342
20345
20348
20351
20354
20357
20360
20363
20366
20369
20372
20375
20378
20381
20384
20387
20390
20392
20395
20398
20401
20404
20407
20410
20413
20416
20419
20422
20425
20428
20431
20434
20437
20440
20443
20447
20451
20455
20458
20462
20466
20470
20474
20477
20481
20485
20489
20493
20496
20500
20504
20508
20512
20515
20519
20523
20527
20531
20534
20538
20542
20546
20550
20557
20565
20572
20580
20588
20595
20603
20610
20618
20626
20633
20641
20648
20656
20663
20671
20679
20686
20694
20702
20709
20717
20724
20732
20740
20742
20744
20747
20749
20751
20754
20756
20758
20761
20763
20765
20768
20770
20772
20775
20777
20779
20782
20784
20786
20789
20791
20793
20796
20798
20800
20803
20805
20807
20810
20812
20814
20817
20819
20821
20824
20826
20828
20831
20833
20835
20838
20840
20842
20845
20847
20850
20855
20860
20866
20871
20876
20882
20887
20893
20898
20903
20909
20914
20920
20925
20930
20936
20941
20946
20952
20957
20963
20968
20973
20979
20984
20990
20992
20994
20996
20999
21001
21003
21006
21008
21010
21012
21015
21017
21019
21022
21024
21026
21028
21031
21033
21035
21038
21040
21042
21045
21047
21049
21051
21054
21056
21058
21061
21063
21065
21067
21070
21072
21074
21077
21079
21081
21083
21086
21088
21090
21093
21095
21097
21100
21104
21108
21112
21116
21120
21124
21128
21133
21137
21141
21145
21149
21153
21157
21162
21166
21170
21174
21178
21182
21186
21191
21195
21199
21203
21207
21211
21215
21220
21223
21227
21231
21235
21238
21242
21246
21250
21254
21257
21261
21265
21269
21273
21276
21280
21284
21288
21292
21295
21299
21303
21307
21311
21314
21318
21322
21326
21330
21336
21343
21350
21357
21364
21371
21377
21384
21391
21398
21405
21412
21418
21425
21432
21439
21446
21453
21460
21462
21465
21468
21471
21474
21476
21479
21482
21485
21488
21491
21493
21496
21499
21502
21505
21507
21510
21513
21516
21519
21522
21524
21527
21530
21533
21536
21538
21541
21544
21547
21550
21553
21555
21558
21561
21564
21567
21570
21573
21576
21580
21583
21586
21590
21593
21596
21600
21603
21606
21610
21613
21616
21620
21623
21626
21630
21633
21636
21640
21643
21646
21650
21653
21656
21660
21663
21666
21670
21682
21695
21707
21720
21732
21745
21757
21770
21782
21795
21807
21820
21824
21828
21833
21837
21841
21846
21850
21854
21859
21863
21867
21872
21876
21880
21885
21889
21893
21898
21902
21906
21911
21915
21920
21926
21932
21939
21945
21952
21958
21965
21971
21978
21984
21991
21997
22004
22010
22017
22023
22030
22035
22040
22045
22050
22055
22060
22065
22070
22075
22080
22085
22090
22095
22100
22105
22110
22115
22119
22125
22130
22134
22138
22142
22146
22150
22154
22158
22162
22166
22170
22174
22178
22182
22187
22191
22195
22199
22203
22207
22211
22215
22219
22223
22227
22231
22235
22240
22243
22246
22250
22253
22256
22259
22263
22266
22270
22273
22276
22280
22283
22286
22290
22293
22296
22300
22303
22306
22310
22313
22316
22320
22323
22326
22330
22333
22336
22340
22343
22346
22350
22352
22355
22358
22360
22363
22366
22368
22371
22374
22377
22379
22382
22385
22387
22390
22393
22395
22398
22401
22404
22406
22409
22412
22414
22417
22420
22422
22425
22428
22431
22433
22436
22439
22441
22444
22447
22450
22453
22457
22461
22464
22468
22471
22475
22479
22483
22486
22490
22494
22497
22501
22505
22508
22512
22516
22519
22523
22526
22530
22534
22538
22541
22545
22549
22552
22556
22560
22565
22571
22577
22583
22589
22595
22601
22607
22612
22618
22624
22630
22636
22642
22648
22654
22660
22663
22666
22670
22673
22677
22680
22684
22687
22690
22694
22697
22701
22704
22708
22711
22715
22718
22721
22725
22728
22732
22735
22739
22742
22745
22749
22752
22756
22759
22763
22766
22770
22773
22776
22780
22783
22787
22790
22794
22797
22800
22804
22807
22811
22814
22818
22821
22825
22828
22831
22835
22838
22842
22845
22849
22852
22855
22859
22862
22866
22869
22873
22876
22880
22884
22888
22892
22896
22901
22905
22909
22913
22918
22922
22926
22930
22935
22939
22943
22947
22951
22956
22960
22964
22968
22973
22977
22981
22985
22990
22995
23000
23006
23012
23017
23023
23028
23034
23039
23045
23050
23056
23061
23067
23072
23078
23083
23089
23094
23100
23118
23136
23155
23173
23191
23210
23228
23246
23265
23283
23301
23320
23322
23324
23327
23329
23332
23334
23337
23339
23341
23344
23346
23349
23351
23354
23356
23359
23361
23363
23366
23368
23371
23373
23376
23378
23380
23383
23385
23388
23390
23393
23395
23398
23400
23402
23405
23407
23410
23412
23415
23417
23420
23422
23425
23428
23431
23434
23436
23439
23442
23445
23448
23451
23453
23456
23459
23462
23465
23467
23470
23473
23476
23479
23482
23484
23487
23490
23493
23496
23498
23501
23504
23507
23510
23513
23515
23518
23521
23524
23527
23530
23533
23537
23540
23544
23548
23551
23555
23559
23562
23566
23570
23573
23577
23581
23584
23588
23592
23595
23599
23603
23606
23610
23614
23617
23621
23625
23628
23632
23636
23639
23643
23647
23650
23654
23658
23661
23665
23669
23672
23676
23680
23682
23685
23687
23690
23692
23695
23697
23700
23702
23705
23707
23710
23712
23715
23717
23720
23722
23724
23727
23730
23732
23735
23737
23740
23742
23745
23747
23750
23752
23755
23757
23759
23762
23765
23767
23770
23772
23775
23777
23779
23782
23785
23787
23790
23793
23797
23801
23805
23809
23813
23817
23821
23825
23829
23833
23837
23841
23845
23849
23853
23856
23860
23864
23868
23872
23876
23880
23884
23888
23892
23896
23900
23904
23908
23912
23916
23920
23922
23925
23927
23930
23932
23935
23937
23940
23943
23945
23948
23950
23953
23955
23958
23960
23963
23966
23968
23971
23973
23976
23978
23981
23983
23986
23989
23991
23994
23996
23999
24001
24004
24006
24009
24012
24014
24017
24019
24022
24024
24027
24030
24032
24035
24037
24040
24042
24045
24047
24050
24053
24055
24058
24060
24063
24065
24068
24071
24073
24076
24078
24081
24083
24086
24088
24091
24094
24096
24099
24101
24104
24106
24109
24112
24114
24117
24119
24122
24124
24127
24130
24134
24138
24142
24146
24151
24155
24159
24163
24168
24172
24176
24180
24185
24189
24193
24197
24201
24206
24210
24214
24218
24223
24227
24231
24235
24240
24249
24258
24268
24277
24287
24296
24305
24315
24324
24334
24343
24352
24362
24371
24381
24390
24400
24402
24405
24407
24410
24413
24415
24418
24420
24423
24426
24428
24431
24433
24436
24439
24441
24444
24446
24449
24452
24454
24457
24459
24462
24465
24467
24470
24473
24475
24478
24480
24483
24486
24488
24491
24493
24496
24499
24501
24504
24506
24509
24512
24514
24517
24520
24523
24526
24530
24533
24536
24540
24543
24546
24550
24553
24556
24560
24563
24566
24570
24573
24576
24580
24583
24586
24590
24593
24596
24600
24603
24606
24610
24613
24616
24620
24623
24627
24630
24634
24637
24641
24644
24648
24651
24655
24659
24662
24666
24669
24673
24676
24680
24683
24687
24690
24694
24698
24701
24705
24708
24712
24715
24719
24722
24726
24730
24732
24735
24738
24741
24744
24747
24750
24753
24756
24758
24761
24764
24767
24770
24773
24776
24779
24782
24785
24787
24790
24793
24796
24799
24802
24805
24808
24811
24813
24816
24819
24822
24825
24828
24831
24834
24837
24840
24844
24848
24852
24856
24860
24864
24868
24872
24876
24880
24884
24888
24892
24896
24900
24904
24908
24912
24916
24920
24924
24928
24932
24936
24940
24948
24956
24964
24972
24980
24989
24997
25005
25013
25021
25030
25038
25046
25054
25062
25070
25079
25087
25095
25103
25111
25120
25124
25128
25133
25137
25142
25146
25150
25155
25159
25164
25168
25172
25177
25181
25186
25190
25194
25199
25203
25208
25212
25216
25221
25225
25230
25235
25240
25245
25250
25256
25261
25266
25271
25277
25282
25287
25292
25298
25303
25308
25313
25319
25324
25329
25334
25340
25343
25346
25350
25353
25357
25360
25364
25367
25371
25374
25377
25381
25384
25388
25391
25395
25398
25402
25405
25408
25412
25415
25419
25422
25426
25429
25433
25436
25440
25451
25462
25474
25485
25497
25508
25520
25531
25542
25554
25565
25577
25588
25600
25602
25605
25608
25611
25614
25617
25620
25622
25625
25628
25631
25634
25637
25640
25642
25645
25648
25651
25654
25657
25660
25662
25665
25668
25671
25674
25677
25680
25682
25685
25688
25691
25694
25697
25700
25706
25713
25719
25726
25732
25739
25745
25752
25758
25765
25771
25778
25784
25791
25797
25804
25810
25817
25823
25830
25836
25843
25849
25856
25862
25869
25875
25882
25888
25895
25901
25908
25914
25921
25927
25934
25940
25947
25953
25960
25962
25965
25968
25970
25973
25976
25979
25981
25984
25987
25990
25992
25995
25998
26000
26003
26006
26009
26011
26014
26017
26020
26022
26025
26028
26030
26033
26036
26039
26041
26044
26047
26049
26052
26055
26058
26060
26063
26066
26069
26071
26074
26077
26080
26083
26087
26091
26095
26099
26103
26107
26110
26114
26118
26122
26126
26130
26134
26138
26141
26145
26149
26153
26157
26161
26165
26169
26172
26176
26180
26184
26188
26192
26196
26200
26202
26204
26207
26209
26211
26214
26216
26219
26221
26223
26226
26228
26231
26233
26235
26238
26240
26243
26245
26247
26250
26252
26255
26257
26259
26262
26264
26266
26269
26271
26274
26276
26278
26281
26283
26286
26288
26290
26293
26295
26298
26300
26302
26305
26307
26310
26313
26317
26321
26325
26329
26332
26336
26340
26344
26348
26352
26355
26359
26363
26367
26371
26375
26378
26382
26386
26390
26394
26397
26401
26405
26409
26413
26417
26420
26424
26428
26432
26436
26440
26443
26446
26449
26452
26455
26458
26461
26464
26467
26470
26473
26476
26479
26482
26485
26488
26491
26495
26498
26501
26504
26507
26510
26513
26516
26519
26522
26525
26528
26531
26534
26537
26540
26543
26546
26550
26553
26557
26561
26565
26569
26572
26576
26580
26584
26588
26592
26595
26599
26603
26607
26611
26615
26618
26622
26626
26630
26634
26637
26641
26645
26649
26653
26657
26660
26664
26668
26672
26676
26680
26682
26685
26687
26690
26692
26695
26697
26700
26702
26705
26707
26710
26712
26715
26717
26720
26722
26724
26727
26730
26732
26735
26737
26740
26742
26745
26747
26750
26752
26755
26757
26759
26762
26765
26767
26770
26772
26775
26777
26779
26782
26785
26787
26790
26798
26806
26814
26822
26830
26838
26846
26854
26862
26870
26878
26886
26894
26902
26910
26919
26927
26935
26943
26951
26959
26967
26975
26983
26991
26999
27007
27015
27023
27031
27040
27042
27044
27046
27048
27051
27053
27055
27057
27060
27062
27064
27066
27068
27071
27073
27075
27077
27080
27082
27084
27086
27088
27091
27093
27095
27097
27100
27102
27104
27106
27108
27111
27113
27115
27117
27120
27122
27124
27126
27128
27131
27133
27135
27137
27140
27144
27149
27154
27159
27164
27168
27173
27178
27183
27188
27193
27197
27202
27207
27212
27217
27222
27226
27231
27236
27241
27246
27251
27255
27260
27265
27270
27275
27280
27283
27286
27289
27292
27295
27298
27301
27304
27307
27310
27313
27316
27319
27322
27325
27328
27331
27334
27337
27340
27343
27346
27349
27352
27355
27358
27361
27364
27367
27370
27373
27376
27380
27383
27386
27389
27392
27396
27399
27402
27405
27409
27412
27415
27418
27422
27425
27428
27431
27435
27438
27441
27444
27447
27451
27454
27457
27460
27464
27467
27470
27473
27477
27480
27483
27486
27490
27498
27506
27515
27523
27532
27541
27549
27558
27566
27575
27583
27592
27600
27609
27617
27626
27634
27643
27651
27660
27662
27665
27668
27670
27673
27676
27678
27681
27684
27686
27689
27692
27694
27697
27700
27702
27705
27708
27710
27713
27716
27719
27721
27724
27727
27729
27732
27735
27737
27740
27743
27745
27748
27751
27753
27756
27759
27761
27764
27767
27770
27772
27775
27778
27781
27784
27787
27790
27792
27795
27798
27801
27804
27807
27810
27812
27815
27818
27821
27824
27827
27830
27832
27835
27838
27841
27844
27847
27850
27852
27855
27858
27861
27864
27867
27870
27872
27875
27878
27881
27884
27887
27890
27893
27896
27898
27901
27904
27907
27910
27913
27916
27919
27922
27925
27927
27930
27933
27936
27939
27942
27945
27948
27951
27953
27956
27959
27962
27965
27968
27971
27974
27977
27980
28012
28044
28076
28108
28140
28142
28145
28148
28151
28154
28156
28159
28162
28165
28168
28171
28173
28176
28179
28182
28185
28187
28190
28193
28196
28199
28202
28204
28207
28210
28213
28216
28218
28221
28224
28227
28230
28233
28235
28238
28241
28244
28247
28250
28252
28255
28257
28260
28263
28265
28268
28270
28273
28276
28278
28281
28284
28286
28289
28291
28294
28297
28299
28302
28305
28307
28310
28312
28315
28318
28320
28323
28325
28328
28331
28333
28336
28339
28341
28344
28346
28349
28352
28354
28357
28360
28363
28366
28370
28373
28377
28380
28384
28387
28391
28394
28397
28401
28404
28408
28411
28415
28418
28422
28425
28428
28432
28435
28439
28442
28446
28449
28453
28456
28460
28462
28465
28467
28470
28473
28475
28478
28480
28483
28486
28488
28491
28494
28496
28499
28501
28504
28507
28509
28512
28515
28517
28520
28522
28525
28528
28530
28533
28535
28538
28541
28543
28546
28549
28551
28554
28556
28559
28562
28564
28567
28570
28574
28579
28583
28588
28592
28597
28601
28606
28610
28615
28620
28624
28629
28633
28638
28642
28647
28651
28656
28660
28665
28670
28672
28675
28678
28681
28684
28687
28690
28693
28696
28699
28702
28705
28708
28711
28714
28717
28720
28723
28726
28729
28732
28735
28738
28741
28744
28747
28750
28753
28756
28759
28762
28765
28768
28771
28774
28777
28780
28784
28788
28792
28796
28801
28805
28809
28813
28818
28822
28826
28830
28835
28839
28843
28847
28851
28856
28860
28864
28868
28873
28877
28881
28885
28890
28895
28900
28905
28910
28915
28920
28925
28930
28936
28941
28946
28951
28956
28961
28966
28971
28976
28982
28987
28992
28997
29002
29007
29012
29017
29022
29028
29033
29038
29043
29048
29053
29058
29063
29068
29074
29079
29084
29089
29094
29099
29104
29109
29114
29120
29122
29124
29127
29129
29132
29134
29137
29139
29142
29144
29146
29149
29151
29154
29156
29159
29161
29164
29166
29169
29171
29173
29176
29178
29181
29183
29186
29188
29191
29193
29196
29198
29200
29203
29205
29208
29210
29213
29215
29218
29220
29223
29225
29227
29230
29232
29235
29237
29240
29242
29245
29247
29250
29253
29257
29261
29265
29269
29273
29277
29281
29285
29289
29293
29297
29301
29305
29308
29312
29316
29320
29324
29328
29332
29336
29340
29344
29348
29352
29356
29360
29362
29364
29366
29368
29370
29372
29374
29377
29379
29381
29383
29385
29387
29389
29391
29394
29396
29398
29400
29402
29404
29406
29408
29411
29413
29415
29417
29419
29421
29423
29425
29428
29430
29432
29434
29436
29438
29440
29442
29445
29447
29449
29451
29453
29455
29457
29460
29463
29467
29471
29475
29478
29482
29486
29490
29494
29497
29501
29505
29509
29512
29516
29520
29524
29528
29531
29535
29539
29543
29547
29550
29554
29558
29562
29565
29569
29573
29577
29581
29584
29588
29592
29596
29600
29602
29604
29606
29608
29610
29612
29614
29616
29618
29620
29622
29625
29627
29629
29631
29633
29635
29637
29639
29641
29643
29645
29647
29650
29652
29654
29656
29658
29660
29662
29664
29666
29668
29670
29672
29675
29677
29679
29681
29683
29685
29687
29689
29691
29693
29695
29697
29700
29840
29842
29844
29846
29848
29850
29853
29855
29857
29859
29861
29863
29866
29868
29870
29872
29874
29876
29879
29881
29883
29885
29887
29890
29892
29894
29896
29898
29900
29903
29905
29907
29909
29911
29913
29916
29918
29920
29922
29924
29926
29929
29931
29933
29935
29937
29940
