4
8
12
16
21
25
29
33
38
42
46
50
55
59
63
67
71
76
80
84
88
93
97
101
105
110
113
117
121
125
129
133
136
140
144
148
152
156
160
163
167
171
175
179
183
186
190
194
198
202
206
210
213
217
221
225
229
233
237
241
245
249
253
257
261
265
268
272
276
280
284
288
292
296
300
304
308
312
316
320
329
338
347
356
365
374
383
392
401
410
420
425
431
437
443
448
454
460
466
472
477
483
489
495
501
506
512
518
524
530
541
552
563
574
585
596
607
618
629
640
649
658
667
676
685
695
704
713
722
731
740
750
755
761
766
772
777
783
788
794
799
804
810
816
821
827
832
838
843
849
854
860
864
868
872
876
880
885
889
893
897
901
905
909
914
918
922
926
930
934
939
943
947
951
955
960
964
968
972
976
980
984
988
992
996
1000
1004
1008
1012
1017
1021
1025
1029
1033
1037
1041
1045
1049
1053
1057
1061
1065
1070
1074
1079
1083
1088
1092
1097
1101
1106
1110
1115
1120
1124
1129
1133
1138
1142
1147
1151
1156
1160
1165
1170
1173
1176
1180
1183
1187
1190
1194
1197
1200
1204
1207
1211
1214
1218
1221
1225
1228
1231
1235
1238
1242
1245
1249
1252
1255
1259
1262
1266
1269
1273
1276
1280
1283
1287
1291
1295
1299
1303
1306
1310
1314
1318
1322
1326
1330
1333
1337
1341
1345
1349
1353
1356
1360
1364
1368
1372
1376
1380
1383
1387
1390
1394
1397
1401
1404
1408
1411
1415
1419
1422
1426
1429
1433
1436
1440
1443
1447
1450
1454
1458
1461
1465
1468
1472
1475
1479
1482
1486
1490
1492
1495
1498
1500
1503
1506
1508
1511
1514
1516
1519
1522
1524
1527
1530
1532
1535
1538
1540
1543
1546
1549
1551
1554
1557
1559
1562
1565
1567
1570
1573
1575
1578
1581
1583
1586
1589
1591
1594
1597
1600
1602
1605
1608
1611
1613
1616
1619
1622
1625
1627
1630
1633
1636
1638
1641
1644
1647
1650
1652
1655
1658
1661
1663
1666
1669
1672
1675
1677
1680
1683
1686
1688
1691
1694
1697
1700
1704
1708
1713
1717
1722
1726
1730
1735
1739
1744
1748
1752
1757
1761
1766
1770
1774
1779
1783
1788
1792
1796
1801
1805
1810
1812
1815
1817
1820
1822
1825
1827
1830
1832
1835
1837
1840
1842
1845
1847
1850
1852
1855
1857
1859
1862
1865
1867
1869
1872
1875
1877
1880
1882
1885
1887
1890
1892
1895
1897
1900
1902
1905
1907
1910
1914
1919
1924
1929
1933
1938
1943
1948
1953
1957
1962
1967
1972
1976
1981
1986
1991
1996
2000
2005
2010
2015
2020
2025
2030
2035
2041
2046
2051
2056
2062
2067
2072
2077
2083
2088
2093
2098
2104
2109
2114
2120
2126
2133
2139
2146
2152
2159
2165
2172
2178
2185
2191
2198
2204
2211
2217
2224
2230
2237
2243
2250
2254
2258
2262
2266
2270
2274
2278
2282
2286
2290
2294
2298
2302
2307
2311
2315
2319
2323
2327
2331
2335
2339
2343
2347
2351
2355
2360
2363
2367
2371
2375
2379
2383
2386
2390
2394
2398
2402
2406
2410
2413
2417
2421
2425
2429
2433
2436
2440
2444
2448
2452
2456
2460
2462
2465
2467
2469
2472
2475
2477
2480
2482
2485
2487
2489
2492
2495
2497
2500
2502
2505
2507
2510
2512
2514
2517
2520
2522
2525
2527
2530
2532
2534
2537
2540
2542
2545
2547
2550
2552
2554
2557
2560
2562
2565
2567
2570
2573
2576
2579
2582
2586
2589
2592
2595
2599
2602
2605
2608
2612
2615
2618
2621
2625
2628
2631
2634
2637
2641
2644
2647
2650
2654
2657
2660
2663
2667
2670
2673
2676
2680
2684
2688
2692
2696
2700
2704
2708
2712
2716
2720
2724
2728
2732
2736
2740
2744
2748
2752
2756
2760
2764
2768
2772
2776
2780
2784
2788
2792
2796
2800
2803
2807
2811
2814
2818
2822
2825
2829
2833
2837
2840
2844
2848
2851
2855
2859
2862
2866
2870
2874
2877
2881
2885
2888
2892
2896
2900
2904
2909
2913
2918
2922
2927
2932
2936
2941
2945
2950
2955
2959
2964
2968
2973
2977
2982
2987
2991
2996
3000
3005
3010
3014
3019
3024
3029
3033
3038
3043
3048
3053
3057
3062
3067
3072
3076
3081
3086
3091
3096
3100
3105
3110
3115
3120
3123
3126
3129
3132
3136
3139
3142
3145
3149
3152
3155
3158
3162
3165
3168
3171
3175
3178
3181
3184
3187
3191
3194
3197
3200
3204
3207
3210
3213
3217
3220
3223
3226
3230
3233
3237
3240
3244
3247
3251
3254
3258
3261
3265
3269
3272
3276
3279
3283
3286
3290
3293
3297
3300
3304
3308
3311
3315
3318
3322
3325
3329
3332
3336
3340
3343
3347
3351
3355
3359
3363
3367
3371
3375
3379
3383
3387
3391
3395
3398
3402
3406
3410
3414
3418
3422
3426
3430
3434
3438
3442
3446
3450
3452
3455
3458
3461
3463
3466
3469
3472
3474
3477
3480
3483
3485
3488
3491
3494
3496
3499
3502
3505
3507
3510
3513
3516
3518
3521
3524
3527
3529
3532
3535
3538
3540
3543
3546
3549
3551
3554
3557
3560
3564
3569
3573
3578
3582
3587
3592
3596
3601
3605
3610
3615
3619
3624
3628
3633
3637
3642
3647
3651
3656
3660
3665
3670
3672
3675
3678
3681
3683
3686
3689
3691
3694
3697
3700
3703
3705
3708
3711
3714
3716
3719
3722
3724
3727
3730
3733
3735
3738
3741
3744
3747
3749
3752
3755
3758
3760
3763
3766
3768
3771
3774
3777
3780
3783
3786
3789
3792
3796
3799
3802
3805
3809
3812
3815
3818
3821
3825
3828
3831
3834
3838
3841
3844
3847
3850
3854
3857
3860
3863
3867
3870
3873
3876
3880
3883
3886
3889
3892
3895
3897
3901
3904
3907
3910
3913
3916
3919
3921
3925
3928
3931
3934
3937
3940
3943
3945
3949
3952
3955
3958
3961
3964
3967
3969
3973
3976
3979
3982
3985
3988
3991
3994
3997
4000
4003
4006
4010
4013
4017
4020
4024
4027
4030
4034
4037
4041
4044
4048
4051
4054
4058
4061
4065
4068
4072
4075
4078
4082
4085
4089
4092
4096
4099
4102
4106
4109
4113
4116
4120
4123
4126
4129
4132
4136
4139
4142
4145
4149
4152
4155
4158
4162
4165
4168
4171
4175
4178
4181
4184
4187
4191
4194
4197
4200
4204
4207
4210
4213
4217
4220
4223
4226
4230
4232
4235
4238
4241
4244
4247
4250
4253
4256
4259
4262
4265
4268
4271
4274
4277
4280
4283
4286
4289
4292
4295
4298
4301
4304
4307
4310
4313
4316
4319
4322
4325
4328
4331
4334
4337
4340
4342
4345
4347
4350
4353
4355
4358
4361
4363
4366
4368
4371
4374
4376
4379
4382
4384
4387
4390
4392
4395
4397
4400
4403
4405
4408
4411
4413
4416
4418
4421
4424
4426
4429
4432
4434
4437
4440
4442
4444
4447
4449
4451
4454
4456
4458
4461
4463
4465
4468
4470
4472
4475
4477
4479
4482
4484
4486
4489
4491
4493
4496
4498
4500
4503
4505
4507
4510
4512
4514
4517
4519
4521
4524
4526
4528
4531
4533
4535
4538
4540
4542
4545
4547
4550
4552
4554
4556
4558
4561
4563
4565
4567
4570
4572
4574
4576
4578
4581
4583
4585
4587
4590
4592
4594
4596
4598
4601
4603
4605
4607
4610
4612
4614
4616
4618
4621
4623
4625
4627
4630
4632
4634
4636
4638
4641
4643
4645
4647
4650
4652
4655
4658
4661
4664
4667
4670
4673
4676
4678
4681
4684
4687
4690
4693
4696
4699
4702
4705
4707
4710
4713
4716
4719
4722
4725
4728
4731
4733
4736
4739
4742
4745
4748
4751
4754
4757
4760
4763
4767
4770
4774
4777
4781
4784
4788
4791
4795
4799
4802
4806
4809
4813
4816
4820
4823
4827
4830
4834
4838
4841
4845
4848
4852
4855
4859
4862
4866
4870
4879
4888
4897
4906
4915
4925
4934
4943
4952
4961
4970
4980
4984
4988
4993
4997
5002
5006
5010
5015
5019
5024
5028
5032
5037
5041
5046
5050
5054
5059
5063
5068
5072
5076
5081
5085
5090
5093
5096
5099
5102
5105
5108
5111
5114
5117
5120
5123
5126
5129
5132
5135
5138
5141
5144
5147
5150
5153
5156
5159
5162
5165
5168
5171
5174
5177
5180
5183
5186
5190
5192
5194
5197
5199
5202
5204
5207
5209
5212
5214
5216
5219
5221
5224
5226
5229
5231
5234
5236
5238
5241
5243
5246
5248
5251
5253
5256
5258
5260
5263
5265
5268
5270
5273
5275
5278
5280
5282
5285
5287
5290
5292
5295
5297
5300
5302
5304
5306
5309
5311
5313
5316
5318
5320
5322
5325
5327
5329
5332
5334
5336
5338
5341
5343
5345
5348
5350
5352
5355
5357
5359
5361
5364
5366
5368
5371
5373
5375
5377
5380
5382
5384
5387
5389
5391
5393
5396
5398
5400
5403
5405
5407
5410
5412
5414
5416
5418
5421
5423
5425
5427
5430
5432
5434
5436
5439
5441
5443
5445
5448
5450
5452
5454
5457
5459
5461
5463
5466
5468
5470
5472
5475
5477
5479
5481
5484
5486
5488
5490
5493
5495
5497
5499
5502
5504
5506
5508
5511
5513
5515
5517
5520
5522
5524
5527
5529
5531
5534
5536
5539
5541
5543
5546
5548
5550
5553
5555
5558
5560
5562
5565
5567
5570
5572
5574
5577
5579
5581
5584
5586
5589
5591
5593
5596
5598
5600
5603
5605
5608
5610
5612
5615
5617
5620
5623
5626
5630
5633
5636
5640
5643
5646
5650
5653
5656
5660
5663
5666
5670
5673
5676
5680
5683
5686
5690
5693
5696
5700
5703
5706
5710
5713
5716
5720
5723
5726
5730
5732
5735
5738
5741
5744
5747
5750
5753
5756
5759
5762
5765
5768
5771
5774
5777
5780
5783
5786
5789
5792
5795
5798
5801
5804
5807
5810
5813
5816
5819
5822
5825
5828
5831
5834
5837
5840
5843
5846
5850
5853
5856
5860
5863
5866
5870
5873
5876
5880
5883
5886
5890
5893
5896
5900
5903
5906
5910
5913
5916
5920
5923
5926
5930
5933
5936
5940
5943
5947
5951
5955
5959
5963
5967
5971
5975
5979
5983
5987
5991
5995
5998
6002
6006
6010
6014
6018
6022
6026
6030
6034
6038
6042
6046
6050
6052
6055
6058
6061
6063
6066
6069
6072
6075
6077
6080
6083
6086
6088
6091
6094
6097
6100
6102
6105
6108
6111
6113
6116
6119
6122
6125
6127
6130
6133
6136
6138
6141
6144
6147
6150
6152
6154
6157
6159
6161
6164
6166
6168
6171
6173
6175
6178
6180
6182
6185
6187
6189
6192
6194
6196
6199
6201
6203
6206
6208
6210
6213
6215
6217
6220
6222
6224
6227
6229
6231
6234
6236
6238
6241
6243
6245
6248
6250
6252
6255
6257
6260
6262
6265
6267
6270
6272
6275
6277
6280
6283
6285
6288
6290
6293
6295
6298
6300
6303
6306
6308
6311
6313
6316
6318
6321
6323
6326
6329
6331
6334
6336
6339
6341
6344
6346
6349
6352
6354
6357
6359
6362
6364
6367
6370
6372
6375
6378
6381
6384
6387
6390
6393
6396
6399
6402
6405
6408
6411
6414
6417
6420
6423
6426
6429
6432
6435
6438
6441
6444
6447
6450
6453
6456
6459
6462
6465
6468
6471
6474
6477
6480
6484
6489
6493
6498
6502
6507
6512
6516
6521
6525
6530
6535
6539
6544
6548
6553
6557
6562
6567
6571
6576
6580
6585
6590
6593
6597
6601
6604
6608
6612
6615
6619
6623
6627
6630
6634
6638
6641
6645
6649
6652
6656
6660
6664
6667
6671
6675
6678
6682
6686
6690
6693
6697
6701
6705
6708
6712
6716
6720
6724
6727
6731
6735
6739
6743
6746
6750
6754
6758
6762
6765
6769
6773
6777
6781
6784
6788
6792
6796
6800
6804
6809
6814
6819
6823
6828
6833
6838
6842
6847
6852
6857
6861
6866
6871
6876
6880
6885
6890
6895
6900
6904
6909
6914
6919
6923
6928
6933
6938
6943
6947
6952
6957
6962
6966
6971
6976
6981
6986
6990
6995
7000
7005
7010
7014
7018
7022
7027
7031
7035
7040
7044
7048
7052
7057
7061
7065
7070
7074
7078
7082
7087
7091
7095
7100
7104
7108
7112
7117
7121
7125
7130
7133
7137
7141
7145
7149
7153
7157
7160
7164
7168
7172
7176
7180
7184
7188
7191
7195
7199
7203
7207
7211
7215
7219
7222
7226
7230
7234
7238
7242
7246
7250
7253
7256
7260
7263
7266
7270
7273
7276
7280
7283
7286
7290
7293
7296
7300
7303
7306
7310
7313
7316
7320
7323
7326
7330
7333
7336
7340
7343
7346
7350
7353
7356
7360
7362
7365
7368
7371
7373
7376
7379
7382
7385
7387
7390
7393
7396
7398
7401
7404
7407
7410
7412
7415
7418
7421
7423
7426
7429
7432
7435
7437
7440
7443
7446
7448
7451
7454
7457
7460
7462
7465
7468
7471
7474
7477
7480
7483
7486
7489
7492
7495
7498
7501
7504
7507
7510
7513
7516
7519
7522
7525
7528
7531
7534
7537
7540
7543
7546
7549
7552
7555
7558
7561
7564
7567
7570
7573
7576
7579
7582
7585
7588
7591
7595
7598
7601
7604
7607
7610
7613
7616
7620
7623
7626
7629
7632
7635
7638
7641
7645
7648
7651
7654
7657
7660
7663
7666
7670
7673
7676
7679
7682
7685
7688
7691
7694
7697
7700
7703
7706
7709
7712
7715
7718
7721
7725
7728
7731
7734
7737
7740
7743
7746
7749
7752
7755
7758
7761
7764
7767
7770
7773
7776
7780
7783
7786
7789
7792
7796
7799
7802
7805
7809
7812
7815
7818
7821
7825
7828
7831
7834
7838
7841
7844
7847
7850
7854
7857
7860
7863
7867
7870
7873
7876
7880
7882
7885
7887
7890
7892
7895
7897
7900
7902
7905
7907
7910
7912
7915
7917
7920
7922
7925
7927
7930
7932
7935
7937
7940
7942
7945
7947
7950
7952
7955
7957
7960
7962
7965
7967
7970
7972
7975
7977
7980
7982
7985
7987
7990
7992
7994
7996
7999
8001
8003
8006
8008
8010
8012
8015
8017
8019
8022
8024
8026
8028
8031
8033
8035
8038
8040
8042
8045
8047
8049
8051
8054
8056
8058
8061
8063
8065
8067
8070
8072
8074
8077
8079
8081
8083
8086
8088
8090
8093
8095
8097
8100
8102
8104
8106
8108
8110
8113
8115
8117
8119
8121
8123
8126
8128
8130
8132
8134
8136
8139
8141
8143
8145
8147
8149
8152
8154
8156
8158
8160
8163
8165
8167
8169
8171
8173
8176
8178
8180
8182
8184
8186
8189
8191
8193
8195
8197
8200
8202
8205
8207
8209
8212
8215
8217
8219
8222
8225
8227
8230
8232
8235
8237
8240
8242
8245
8247
8250
8252
8254
8257
8260
8262
8265
8267
8270
8272
8275
8277
8280
8282
8285
8287
8290
8292
8295
8297
8300
8302
8305
8307
8310
8312
8315
8318
8321
8324
8327
8330
8332
8335
8338
8341
8344
8347
8350
8352
8355
8358
8361
8364
8367
8370
8372
8375
8378
8381
8384
8387
8390
8392
8395
8398
8401
8404
8407
8410
8412
8415
8417
8420
8422
8425
8427
8430
8433
8435
8438
8440
8443
8445
8448
8450
8453
8456
8458
8461
8463
8466
8468
8471
8473
8476
8479
8481
8484
8486
8489
8491
8494
8496
8499
8502
8504
8507
8509
8512
8514
8517
8520
8522
8524
8526
8528
8530
8532
8534
8537
8539
8541
8543
8545
8547
8549
8551
8554
8556
8558
8560
8562
8564
8566
8568
8571
8573
8575
8577
8579
8581
8583
8585
8588
8590
8592
8594
8596
8598
8600
8602
8605
8607
8609
8611
8613
8615
8617
8620
8622
8625
8628
8630
8633
8636
8638
8641
8644
8646
8649
8652
8654
8657
8660
8662
8665
8668
8670
8673
8676
8679
8681
8684
8687
8689
8692
8695
8697
8700
8703
8705
8708
8711
8713
8716
8719
8721
8724
8727
8730
8732
8734
8737
8739
8742
8744
8747
8749
8752
8754
8756
8759
8761
8764
8766
8769
8771
8774
8776
8778
8781
8783
8786
8788
8791
8793
8796
8798
8800
8803
8805
8808
8810
8813
8815
8818
8820
8822
8825
8827
8830
8832
8835
8837
8840
8842
8845
8848
8851
8854
8857
8860
8862
8865
8868
8871
8874
8877
8879
8882
8885
8888
8891
8894
8897
8900
8902
8905
8908
8911
8914
8917
8920
8922
8925
8928
8931
8934
8937
8940
8943
8947
8950
8954
8957
8961
8964
8968
8971
8975
8979
8982
8986
8989
8993
8996
9000
9003
9007
9010
9014
9018
9021
9025
9028
9032
9035
9039
9042
9046
9050
9055
9060
9065
9070
9075
9080
9085
9090
9095
9100
9105
9110
9115
9120
9125
9130
9135
9140
9145
9150
9153
9156
9160
9163
9167
9170
9174
9177
9180
9184
9187
9191
9194
9198
9201
9205
9208
9211
9215
9218
9222
9225
9229
9232
9235
9239
9242
9246
9249
9253
9256
9260
9263
9267
9270
9274
9277
9281
9284
9288
9291
9295
9299
9302
9306
9309
9313
9316
9320
9323
9327
9330
9334
9338
9341
9345
9348
9352
9355
9359
9362
9366
9370
9375
9381
9386
9392
9397
9402
9408
9414
9419
9425
9430
9436
9441
9447
9452
9458
9463
9469
9474
9480
9483
9486
9490
9493
9497
9500
9504
9507
9510
9514
9517
9521
9524
9528
9531
9535
9538
9541
9545
9548
9552
9555
9559
9562
9565
9569
9572
9576
9579
9583
9586
9590
9592
9595
9598
9601
9604
9607
9610
9613
9616
9619
9622
9625
9628
9631
9634
9637
9640
9642
9645
9648
9651
9654
9657
9660
9663
9666
9669
9672
9675
9678
9681
9684
9687
9690
9692
9694
9696
9698
9701
9703
9705
9707
9710
9712
9714
9716
9719
9721
9723
9725
9728
9730
9732
9734
9737
9739
9741
9743
9746
9748
9750
9752
9755
9757
9759
9761
9764
9766
9768
9770
9773
9775
9777
9779
9782
9784
9786
9788
9791
9793
9795
9797
9800
9803
9806
9809
9812
9816
9819
9822
9825
9829
9832
9835
9838
9841
9845
9848
9851
9854
9858
9861
9864
9867
9870
9874
9877
9880
9883
9887
9890
9893
9896
9900
9902
9905
9908
9911
9913
9916
9919
9922
9924
9927
9930
9933
9935
9938
9941
9944
9946
9949
9952
9955
9957
9960
9963
9966
9968
9971
9974
9977
9979
9982
9985
9988
9990
9993
9996
9999
10001
10004
10007
10010
10013
10017
10020
10024
10027
10031
10034
10038
10041
10045
10049
10052
10056
10059
10063
10066
10070
10073
10077
10080
10084
10088
10091
10095
10098
10102
10105
10109
10112
10116
10120
10122
10125
10128
10130
10133
10136
10138
10141
10144
10146
10149
10152
10154
10157
10160
10162
10165
10168
10170
10173
10176
10179
10181
10184
10187
10189
10192
10195
10197
10200
10203
10205
10208
10211
10213
10216
10219
10221
10224
10227
10230
10234
10238
10243
10247
10252
10256
10260
10265
10269
10274
10278
10282
10287
10291
10296
10300
10304
10309
10313
10318
10322
10326
10331
10335
10340
10342
10345
10348
10351
10354
10357
10360
10363
10366
10369
10372
10375
10378
10381
10384
10387
10390
10392
10395
10398
10401
10404
10407
10410
10413
10416
10419
10422
10425
10428
10431
10434
10437
10440
10443
10446
10450
10453
10456
10459
10463
10466
10470
10473
10476
10480
10483
10486
10490
10493
10496
10500
10503
10506
10510
10513
10516
10520
10523
10526
10530
10533
10536
10540
10543
10546
10550
10554
10559
10563
10568
10572
10577
10582
10586
10591
10595
10600
10605
10609
10614
10618
10623
10627
10632
10637
10641
10646
10650
10655
10660
10663
10667
10671
10675
10679
10683
10687
10691
10695
10699
10703
10707
10711
10715
10718
10722
10726
10730
10734
10738
10742
10746
10750
10754
10758
10762
10766
10770
10774
10778
10782
10786
10790
10795
10799
10803
10807
10811
10815
10820
10824
10828
10832
10836
10840
10844
10849
10853
10857
10861
10865
10870
10877
10884
10892
10899
10906
10914
10921
10928
10936
10943
10950
10958
10965
10972
10980
10983
10987
10990
10994
10997
11001
11004
11008
11011
11015
11019
11022
11026
11029
11033
11036
11040
11043
11047
11050
11054
11058
11061
11065
11068
11072
11075
11079
11082
11086
11090
11093
11096
11099
11102
11105
11108
11111
11115
11118
11121
11124
11127
11130
11133
11136
11140
11143
11146
11149
11152
11155
11158
11161
11165
11168
11171
11174
11177
11180
11183
11186
11190
11194
11198
11203
11207
11212
11216
11221
11225
11230
11234
11238
11243
11247
11252
11256
11261
11265
11270
11274
11278
11283
11287
11292
11296
11301
11305
11310
11312
11315
11318
11321
11324
11327
11330
11333
11336
11339
11342
11345
11348
11351
11354
11357
11360
11362
11365
11368
11371
11374
11377
11380
11383
11386
11389
11392
11395
11398
11401
11404
11407
11410
11413
11417
11421
11425
11428
11432
11436
11440
11444
11447
11451
11455
11459
11463
11466
11470
11474
11478
11482
11485
11489
11493
11497
11501
11504
11508
11512
11516
11520
11524
11529
11533
11538
11542
11547
11551
11556
11560
11565
11570
11574
11579
11583
11588
11592
11597
11601
11606
11610
11615
11620
11623
11626
11629
11632
11636
11639
11642
11645
11649
11652
11655
11658
11662
11665
11668
11671
11675
11678
11681
11684
11687
11691
11694
11697
11700
11704
11707
11710
11713
11717
11720
11723
11726
11730
11733
11736
11739
11742
11746
11749
11752
11755
11759
11762
11765
11768
11772
11775
11778
11781
11785
11788
11791
11794
11797
11801
11804
11807
11810
11814
11817
11820
11823
11827
11830
11833
11836
11840
11844
11847
11852
11856
11860
11863
11868
11872
11876
11879
11884
11888
11892
11895
11900
11904
11908
11911
11916
11920
11924
11927
11932
11936
11940
11942
11945
11948
11951
11954
11956
11959
11962
11965
11968
11971
11973
11976
11979
11982
11985
11987
11990
11993
11996
11999
12002
12004
12007
12010
12013
12016
12018
12021
12024
12027
12030
12033
12035
12038
12041
12044
12047
12050
12052
12055
12058
12061
12063
12066
12069
12072
12075
12077
12080
12083
12086
12088
12091
12094
12097
12100
12102
12105
12108
12111
12113
12116
12119
12122
12125
12127
12130
12133
12136
12138
12141
12144
12147
12150
12154
12158
12162
12166
12171
12175
12179
12183
12188
12192
12196
12200
12205
12209
12213
12217
12221
12226
12230
12234
12238
12243
12247
12251
12255
12260
12265
12270
12276
12281
12287
12292
12298
12303
12309
12314
12320
12325
12330
12336
12341
12347
12352
12358
12363
12369
12374
12380
12386
12392
12398
12404
12410
12416
12422
12428
12435
12441
12447
12453
12459
12465
12471
12477
12483
12490
12495
12500
12505
12510
12515
12520
12525
12530
12535
12540
12545
12550
12555
12560
12565
12570
12575
12580
12584
12590
12594
12600
12606
12613
12620
12626
12633
12639
12646
12653
12660
12666
12673
12680
12686
12693
12700
12707
12715
12723
12731
12739
12747
12754
12762
12770
12778
12786
12794
12802
12810
12815
12821
12826
12832
12837
12843
12848
12854
12860
12865
12871
12876
12882
12887
12893
12898
12904
12910
12914
12919
12923
12928
12932
12937
12942
12946
12951
12955
12960
12965
12969
12974
12978
12983
12987
12992
12997
13001
13006
13010
13015
13020
13022
13025
13028
13030
13033
13036
13038
13041
13044
13047
13049
13052
13055
13057
13060
13063
13065
13068
13071
13074
13076
13079
13082
13084
13087
13090
13092
13095
13098
13101
13103
13106
13109
13111
13114
13117
13120
13124
13128
13132
13136
13141
13145
13149
13153
13158
13162
13166
13170
13175
13179
13183
13187
13191
13196
13200
13204
13208
13213
13217
13221
13225
13230
13235
13240
13245
13250
13256
13261
13266
13271
13277
13282
13287
13292
13298
13303
13308
13313
13319
13324
13329
13334
13340
13345
13351
13357
13363
13369
13375
13381
13387
13392
13398
13404
13410
13416
13422
13428
13434
13440
13444
13449
13453
13458
13462
13467
13472
13476
13481
13485
13490
13495
13499
13504
13508
13513
13517
13522
13527
13531
13536
13540
13545
13550
13554
13558
13563
13567
13571
13576
13580
13584
13589
13593
13597
13602
13606
13610
13615
13619
13623
13628
13632
13636
13641
13645
13650
13653
13657
13661
13665
13668
13672
13676
13680
13684
13687
13691
13695
13699
13703
13706
13710
13714
13718
13722
13725
13729
13733
13737
13741
13744
13748
13752
13756
13760
13762
13765
13768
13771
13774
13777
13780
13783
13786
13789
13792
13795
13798
13801
13804
13807
13810
13813
13816
13819
13822
13825
13828
13831
13834
13837
13840
13843
13846
13849
13852
13855
13858
13861
13864
13867
13870
13873
13877
13880
13884
13887
13891
13894
13898
13901
13905
13909
13912
13916
13919
13923
13926
13930
13933
13937
13940
13944
13948
13951
13955
13958
13962
13965
13969
13972
13976
13980
13984
13989
13993
13998
14002
14007
14012
14016
14021
14025
14030
14035
14039
14044
14048
14053
14057
14062
14067
14071
14076
14080
14085
14090
14095
14100
14105
14111
14116
14121
14126
14132
14137
14142
14147
14153
14158
14163
14168
14174
14179
14184
14190
14194
14198
14202
14206
14210
14214
14218
14222
14226
14230
14234
14238
14242
14247
14251
14255
14259
14263
14267
14271
14275
14279
14283
14287
14291
14295
14300
14304
14308
14312
14316
14320
14324
14328
14332
14336
14340
14344
14348
14352
14356
14360
14364
14368
14372
14376
14380
14384
14388
14392
14396
14400
14405
14411
14416
14422
14427
14433
14438
14444
14449
14455
14460
14466
14471
14477
14482
14488
14493
14499
14504
14510
14515
14520
14525
14530
14536
14541
14546
14551
14557
14562
14567
14572
14578
14583
14588
14593
14599
14604
14609
14614
14620
14625
14630
14635
14640
14646
14651
14656
14661
14667
14672
14677
14682
14688
14693
14698
14703
14709
14714
14719
14724
14730
14735
14741
14746
14752
14757
14763
14768
14774
14779
14785
14790
14796
14801
14807
14812
14818
14823
14829
14834
14840
14843
14847
14850
14854
14857
14861
14865
14868
14872
14875
14879
14882
14886
14890
14893
14897
14900
14904
14907
14911
14915
14918
14922
14925
14929
14932
14936
14940
14942
14944
14946
14948
14950
14952
14954
14956
14958
14960
14962
14964
14966
14969
14971
14973
14975
14977
14979
14981
14983
14985
14987
14989
14991
14993
14996
14998
15000
15002
15004
15006
15008
15010
15012
15014
15016
15018
15020
15023
15025
15027
15029
15031
15033
15035
15037
15039
15041
15043
15045
15047
15050
15054
15059
15063
15068
15072
15077
15081
15086
15090
15095
15100
15104
15109
15113
15118
15122
15127
15131
15136
15140
15145
15150
15153
15156
15160
15163
15167
15170
15174
15177
15180
15184
15187
15191
15194
15198
15201
15205
15208
15211
15215
15218
15222
15225
15229
15232
15235
15239
15242
15246
15249
15253
15256
15260
15262
15264
15266
15268
15271
15273
15275
15277
15280
15282
15284
15286
15289
15291
15293
15295
15298
15300
15302
15304
15307
15309
15311
15313
15316
15318
15320
15322
15325
15327
15329
15331
15334
15336
15338
15340
15343
15345
15347
15349
15352
15354
15356
15358
15361
15363
15365
15367
15370
15372
15374
15376
15378
15381
15383
15385
15387
15389
15392
15394
15396
15398
15400
15402
15405
15407
15409
15411
15414
15416
15418
15420
15422
15424
15427
15429
15431
15433
15436
15438
15440
15442
15444
15447
15449
15451
15453
15455
15458
15460
15462
15464
15466
15469
15471
15473
15475
15477
15480
15482
15484
15486
15489
15491
15493
15496
15498
15500
15502
15505
15507
15509
15512
15514
15516
15518
15521
15523
15525
15528
15530
15532
15535
15537
15539
15541
15544
15546
15548
15551
15553
15555
15557
15560
15562
15564
15567
15569
15571
15573
15576
15578
15580
15583
15585
15587
15590
15592
15594
15596
15598
15600
15602
15604
15607
15609
15611
15613
15615
15617
15619
15621
15624
15626
15628
15630
15632
15634
15636
15638
15641
15643
15645
15647
15649
15651
15653
15655
15658
15660
15662
15664
15666
15668
15670
15672
15675
15677
15679
15681
15683
15685
15687
15690
15692
15694
15696
15698
15700
15702
15704
15706
15708
15710
15712
15714
15716
15719
15721
15723
15725
15727
15729
15731
15733
15735
15737
15739
15741
15743
15746
15748
15750
15752
15754
15756
15758
15760
15762
15764
15766
15768
15770
15773
15775
15777
15779
15781
15783
15785
15787
15789
15791
15793
15795
15797
15800
15802
15804
15806
15808
15810
15812
15814
15817
15819
15821
15823
15825
15827
15829
15831
15834
15836
15838
15840
15842
15844
15846
15848
15851
15853
15855
15857
15859
15861
15863
15865
15868
15870
15872
15874
15876
15878
15880
15882
15885
15887
15889
15891
15893
15895
15897
15900
15903
15906
15909
15912
15915
15918
15921
15924
15927
15930
15933
15936
15939
15942
15945
15948
15951
15955
15958
15961
15964
15967
15970
15973
15976
15979
15982
15985
15988
15991
15994
15997
16000
16003
16006
16010
16013
16016
16019
16022
16025
16028
16032
16035
16038
16041
16044
16047
16050
16054
16057
16060
16063
16066
16069
16072
16076
16079
16082
16085
16088
16091
16094
16098
16101
16104
16107
16110
16113
16116
16120
16122
16124
16127
16129
16131
16134
16136
16139
16141
16143
16146
16148
16151
16153
16155
16158
16160
16163
16165
16167
16170
16172
16175
16177
16179
16182
16184
16186
16189
16191
16194
16196
16198
16201
16203
16206
16208
16210
16213
16215
16218
16220
16222
16225
16227
16230
16232
16235
16237
16240
16243
16245
16248
16250
16253
16256
16258
16261
16264
16266
16269
16271
16274
16277
16279
16282
16285
16287
16290
16292
16295
16298
16300
16303
16305
16308
16311
16313
16316
16319
16321
16324
16326
16329
16332
16334
16337
16340
16343
16346
16349
16352
16356
16359
16362
16365
16369
16372
16375
16378
16381
16385
16388
16391
16394
16398
16401
16404
16407
16410
16414
16417
16420
16423
16427
16430
16433
16436
16440
16443
16447
16451
16455
16458
16462
16466
16470
16473
16477
16481
16485
16488
16492
16496
16500
16503
16507
16511
16515
16518
16522
16526
16530
16533
16537
16541
16544
16548
16552
16556
16560
16563
16567
16570
16574
16577
16581
16585
16588
16592
16595
16599
16602
16606
16610
16613
16617
16620
16624
16627
16631
16634
16638
16642
16645
16649
16652
16656
16660
16665
16670
16675
16680
16685
16690
16695
16700
16705
16710
16715
16720
16725
16730
16735
16740
16745
16750
16755
16759
16765
16770
16774
16779
16784
16789
16793
16798
16803
16808
16812
16817
16822
16827
16831
16836
16841
16846
16850
16855
16860
16865
16870
16880
16890
16900
16910
16920
16930
16940
16950
16960
16970
16980
16988
16996
17005
17013
17022
17030
17039
17047
17056
17064
17073
17081
17090
17100
17110
17120
17130
17140
17150
17160
17170
17180
17190
17197
17204
17212
17219
17226
17234
17241
17248
17256
17263
17270
17278
17285
17292
17300
17305
17310
17315
17320
17325
17330
17335
17340
17345
17350
17355
17360
17365
17369
17375
17380
17384
17390
17395
17400
17405
17411
17417
17423
17428
17434
17440
17446
17452
17457
17463
17469
17475
17481
17486
17492
17498
17504
17510
17517
17525
17533
17541
17549
17557
17565
17572
17580
17588
17596
17604
17612
17620
17627
17634
17642
17649
17656
17664
17671
17678
17686
17693
17700
17708
17715
17722
17730
17737
17745
17753
17761
17769
17777
17785
17792
17800
17808
17816
17824
17832
17840
17843
17846
17849
17852
17855
17858
17861
17865
17868
17871
17874
17877
17880
17883
17886
17890
17893
17896
17899
17902
17905
17908
17911
17915
17918
17921
17924
17927
17930
17933
17936
17940
17950
17960
17970
17980
17990
18000
18010
18020
18030
18040
18050
18059
18068
18077
18086
18095
18105
18114
18123
18132
18141
18150
18160
18167
18175
18183
18191
18199
18207
18215
18222
18230
18238
18246
18254
18262
18270
18276
18283
18290
18296
18303
18310
18316
18323
18330
18336
18343
18350
18356
18363
18370
18376
18383
18389
18396
18402
18409
18415
18422
18428
18435
18441
18448
18454
18461
18467
18474
18480
18487
18493
18500
18509
18518
18527
18536
18545
18555
18564
18573
18582
18591
18600
18610
18626
18643
18660
18676
18693
18710
18720
18731
18742
18753
18764
18775
18786
18797
18808
18819
18830
18841
18852
18863
18874
18885
18896
18907
18918
18930
18941
18952
18963
18974
18985
18996
19006
19018
19029
19040
19049
19058
19067
19076
19085
19094
19103
19112
19121
19130
19140
19150
19161
19172
19183
19194
19205
19216
19227
19238
19249
19260
19270
19280
19290
19300
19310
19320
19330
19340
19350
19360
19370
19377
19384
19391
19398
19405
19412
19419
19426
19433
19440
19447
19454
19461
19468
19475
19482
19490
19498
19506
19515
19523
19532
19540
19549
19557
19566
19574
19583
19591
19600
19606
19612
19618
19625
19631
19637
19643
19650
19656
19662
19668
19675
19681
19687
19693
19700
19710
19720
19730
19740
19750
19759
19770
19779
19790
19799
19810
19817
19825
19833
19840
19848
19856
19863
19871
19879
19886
19894
19902
19910
19919
19928
19937
19946
19955
19965
19974
19983
19992
20001
20010
20020
20027
20035
20043
20050
20058
20066
20073
20081
20089
20096
20104
20112
20120
20128
20136
20145
20153
20162
20170
20179
20187
20196
20204
20213
20221
20230
20238
20246
20255
20263
20272
20280
20289
20297
20306
20314
20323
20331
20340
20351
20362
20373
20384
20395
20406
20417
20428
20440
20447
20455
20463
20471
20479
20487
20495
20502
20510
20518
20526
20534
20542
20550
20558
20566
20575
20583
20591
20600
20608
20616
20625
20633
20641
20650
20660
20671
20682
20693
20704
20715
20726
20737
20748
20759
20770
20775
20781
20786
20792
20797
20803
20808
20814
20820
20825
20831
20836
20842
20847
20853
20858
20864
20870
20877
20884
20892
20899
20906
20914
20921
20928
20936
20943
20950
20958
20965
20972
20980
20986
20992
20999
21005
21012
21018
21025
21031
21038
21044
21051
21057
21064
21070
21077
21083
21090
21094
21099
21104
21109
21113
21118
21123
21128
21132
21137
21142
21147
21151
21156
21161
21166
21170
21175
21180
21185
21190
21212
21234
21256
21278
21300
21333
21366
21400
21439
21480
21520
21534
21548
21562
21577
21591
21605
21620
21656
21693
21730
21766
21803
21840
21860
21880
21900
21920
21940
21960
21980
22000
22020
22040
22060
22073
22087
22101
22115
22128
22142
22156
22170
22180
22190
22200
22210
22220
22230
22240
22250
22260
22270
22280
22290
22300
22310
22320
22330
22340
22350
22360
22369
22380
22415
22450
22485
22520
22545
22570
22595
22620
22647
22675
22702
22730
22800
22870
22883
22897
22911
22925
22938
22952
22966
22980
23007
23035
23062
23090
23112
23134
23156
23178
23200
23275
23350
23376
23402
23428
23454
23480
23555
23630
23700
23770
23795
23820
23845
23870
23905
23940
23975
24009
24044
24080
24210
24246
24283
24320
24350
24380
24410
24440
24464
24488
24512
24535
24560
24580
24599
24619
24640
24660
24680
24689
24698
24707
24716
24725
24735
24744
24753
24762
24771
24780
24790
24801
24811
24823
24834
24845
24855
24866
24878
24889
24900
24906
24912
24919
24925
24932
24938
24945
24951
24958
24964
24971
24977
24984
24990
24997
25003
25010
25018
25027
25035
25044
25052
25061
25070
25078
25087
25095
25104
25112
25121
25130
25142
25154
25166
25178
25189
25202
25214
25226
25238
25250
25267
25284
25301
25318
25335
25352
25370
25381
25392
25403
25414
25425
25436
25447
25458
25469
25480
25490
25500
25510
25520
25530
25540
25550
25560
25570
25580
25590
25600
25610
25620
25630
25640
25650
25660
25669
25680
25689
25700
25712
25724
25736
25748
25761
25773
25785
25797
25810
25819
25828
25837
25846
25855
25864
25873
25882
25891
25900
25910
25916
25922
25928
25934
25940
25946
25952
25958
25965
25971
25977
25983
25989
25995
26001
26007
26013
26020
26025
26030
26035
26041
26046
26051
26056
26062
26067
26072
26077
26083
26088
26093
26098
26104
26109
26114
26120
26128
26137
26145
26154
26162
26171
26180
26188
26197
26205
26214
26222
26231
26240
26248
26256
26265
26273
26282
26290
26299
26307
26316
26324
26333
26341
26350
26361
26372
26383
26394
26405
26416
26427
26438
26450
26461
26471
26483
26494
26505
26516
26526
26538
26549
26560
26572
26585
26597
26610
26622
26634
26647
26660
26677
26694
26711
26728
26745
26762
26780
26798
26816
26835
26853
26871
26890
26905
26921
26937
26952
26968
26984
27000
27020
27040
27060
27080
27100
27120
27132
27144
27156
27168
27181
27193
27205
27217
27230
27243
27257
27271
27285
27298
27312
27326
27340
27351
27362
27373
27384
27395
27406
27417
27428
27440
27450
27460
27470
27480
27490
27500
27510
27520
27530
27540
27550
27565
27580
27595
27610
27625
27640
27655
27670
27678
27687
27695
27704
27712
27721
27730
27738
27747
27755
27764
27772
27781
27790
27803
27817
27831
27845
27858
27872
27886
27900
27905
27910
27916
27922
27927
27933
27938
27944
27949
27955
27960
27966
27971
27977
27982
27988
27993
27999
28004
28010
28015
28021
28026
28032
28037
28043
28048
28054
28059
28065
28070
28076
28081
28087
28092
28098
28103
28109
28114
28120
28126
28132
28139
28145
28152
28158
28165
28171
28178
28184
28191
28197
28204
28210
28217
28223
28230
28237
28244
28252
28259
28266
28274
28281
28288
28296
28303
28310
28318
28325
28332
28340
28347
28355
28363
28370
28378
28386
28393
28401
28409
28416
28424
28432
28440
28448
28457
28465
28474
28482
28491
28500
28508
28517
28525
28534
28542
28551
28560
28568
28576
28585
28593
28601
28610
28618
28626
28634
28643
28651
28660
28667
28674
28682
28689
28696
28704
28711
28718
28726
28733
28740
28748
28755
28762
28770
28780
28790
28800
28810
28820
28830
28840
28849
28860
28869
28880
28890
28900
28910
28919
28930
28939
28950
28959
28970
28979
28990
29003
29016
29029
29043
29056
29070
29083
29096
29110
29134
29160
29185
29210
29223
29237
29251
29265
29278
29292
29306
29320
29335
29350
29365
29380
29395
29410
29425
29440
29456
29472
29488
29505
29521
29537
29553
29570
29600
29630
29660
29689
29720
29763
29806
29850
29970
