1
3
5
7
9
11
12
14
16
18
20
22
23
25
27
29
31
33
34
36
38
40
42
44
45
47
49
51
53
55
56
58
60
62
64
66
67
69
71
73
75
77
78
80
82
84
86
88
89
91
93
95
97
99
100
102
104
106
108
110
113
117
121
125
129
133
136
140
144
148
152
156
160
163
167
171
175
179
183
186
190
194
198
202
206
210
213
216
220
223
226
229
233
236
240
243
246
250
253
256
260
263
266
270
273
276
280
283
286
290
293
296
300
303
306
310
313
316
320
323
326
330
332
335
337
340
342
345
347
350
353
355
358
360
363
365
368
371
373
376
378
381
383
386
388
391
394
396
399
401
404
406
409
412
414
417
419
422
424
427
430
431
433
435
437
439
440
442
444
446
448
449
451
453
455
457
458
460
462
464
466
467
469
471
473
475
476
478
480
482
484
485
487
489
491
493
494
496
498
500
502
503
505
507
509
511
512
514
516
518
520
521
523
525
527
529
530
532
534
536
538
540
542
545
548
551
553
556
559
562
565
567
570
573
576
578
581
584
587
590
592
595
598
601
603
606
609
612
615
617
620
623
626
628
631
634
637
640
642
644
646
649
651
653
656
658
660
662
665
667
669
672
674
676
678
681
683
685
688
690
692
695
697
699
701
704
706
708
711
713
715
717
720
722
724
727
729
731
733
736
738
740
743
745
747
750
752
754
756
759
761
763
766
768
770
772
775
777
779
782
784
786
788
791
793
795
798
800
802
804
807
809
811
814
816
818
821
823
825
827
830
832
834
837
839
841
843
846
848
850
853
855
857
860
862
865
867
870
872
875
877
880
882
885
887
890
892
895
897
900
902
905
907
909
912
915
917
919
922
924
927
929
932
934
937
940
942
945
947
950
952
955
957
960
962
965
967
970
971
973
975
977
979
981
983
985
987
989
991
993
995
997
999
1001
1003
1005
1007
1009
1011
1013
1015
1017
1019
1021
1023
1025
1026
1028
1030
1032
1034
1036
1038
1040
1042
1044
1046
1048
1050
1052
1054
1056
1058
1060
1062
1064
1066
1068
1070
1072
1074
1076
1078
1080
1082
1084
1086
1088
1090
1092
1094
1096
1098
1100
1102
1104
1106
1108
1110
1112
1114
1116
1118
1120
1122
1124
1126
1128
1131
1133
1135
1137
1139
1141
1143
1145
1147
1149
1151
1153
1155
1157
1159
1161
1163
1165
1167
1169
1171
1173
1175
1177
1180
1182
1184
1187
1189
1192
1194
1197
1199
1202
1204
1206
1209
1211
1214
1216
1219
1221
1224
1226
1228
1231
1233
1236
1238
1241
1243
1246
1248
1250
1253
1255
1258
1260
1263
1265
1268
1270
1272
1275
1277
1280
1282
1285
1287
1290
1292
1294
1297
1299
1302
1304
1307
1309
1311
1314
1316
1319
1321
1324
1326
1329
1331
1333
1336
1338
1341
1343
1346
1348
1350
1353
1355
1358
1360
1363
1365
1368
1370
1372
1375
1377
1380
1382
1385
1387
1390
1393
1396
1400
1403
1407
1410
1414
1417
1420
1424
1427
1431
1434
1438
1441
1444
1448
1451
1455
1458
1462
1465
1469
1472
1475
1479
1482
1486
1489
1493
1496
1500
1503
1507
1510
1514
1517
1521
1524
1528
1531
1535
1539
1542
1546
1549
1553
1556
1560
1563
1567
1570
1574
1578
1581
1585
1588
1592
1595
1599
1602
1606
1610
1614
1618
1622
1626
1630
1634
1638
1642
1646
1650
1654
1658
1662
1666
1670
1674
1678
1682
1686
1690
1694
1698
1702
1706
1710
1714
1719
1723
1728
1732
1737
1742
1746
1751
1755
1760
1765
1769
1774
1778
1783
1787
1792
1797
1801
1806
1810
1815
1820
1822
1825
1828
1830
1833
1836
1838
1841
1844
1847
1849
1852
1855
1857
1860
1863
1865
1868
1871
1874
1876
1879
1882
1884
1887
1890
1892
1895
1898
1901
1903
1906
1909
1911
1914
1917
1920
1922
1924
1926
1928
1931
1933
1935
1937
1940
1942
1944
1946
1949
1951
1953
1955
1958
1960
1962
1964
1967
1969
1971
1973
1976
1978
1980
1982
1985
1987
1989
1991
1994
1996
1998
2000
2003
2005
2007
2009
2012
2014
2016
2018
2021
2023
2025
2027
2029
2035
2041
2047
2053
2059
2065
2071
2077
2082
2088
2094
2100
2106
2112
2118
2124
2130
2134
2139
2143
2148
2152
2157
2162
2166
2171
2175
2180
2185
2189
2194
2198
2203
2207
2212
2217
2221
2226
2230
2235
2240
2244
2249
2253
2258
2262
2267
2272
2276
2281
2285
2290
2295
2299
2304
2308
2313
2317
2322
2327
2331
2336
2340
2345
2350
2354
2358
2362
2366
2370
2375
2379
2383
2387
2391
2395
2400
2404
2408
2412
2416
2420
2425
2429
2433
2437
2441
2445
2450
2453
2457
2460
2464
2467
2471
2474
2478
2481
2485
2489
2492
2496
2499
2503
2506
2510
2513
2517
2520
2524
2528
2531
2535
2538
2542
2545
2549
2552
2556
2560
2561
2563
2565
2567
2569
2571
2573
2575
2577
2579
2581
2583
2585
2587
2589
2591
2593
2595
2597
2599
2601
2603
2605
2607
2609
2610
2612
2614
2616
2618
2620
2622
2624
2626
2628
2630
2632
2634
2636
2638
2640
2642
2644
2646
2648
2650
2652
2654
2656
2658
2660
2662
2664
2666
2669
2671
2673
2676
2678
2680
2682
2685
2687
2689
2692
2694
2696
2698
2701
2703
2705
2708
2710
2712
2715
2717
2719
2721
2724
2726
2728
2731
2733
2735
2737
2740
2742
2744
2747
2749
2751
2753
2756
2758
2760
2763
2765
2767
2770
2771
2773
2775
2777
2779
2781
2783
2785
2786
2788
2790
2792
2794
2796
2798
2800
2802
2803
2805
2807
2809
2811
2813
2815
2817
2819
2820
2822
2824
2826
2828
2830
2832
2834
2836
2837
2839
2841
2843
2845
2847
2849
2851
2853
2854
2856
2858
2860
2862
2864
2866
2868
2870
2872
2874
2877
2879
2882
2884
2887
2889
2892
2894
2896
2899
2901
2904
2906
2909
2911
2914
2916
2918
2921
2923
2926
2928
2931
2933
2936
2938
2940
2943
2945
2948
2950
2953
2955
2958
2960
2962
2965
2967
2970
2972
2975
2977
2980
2984
2988
2992
2996
3001
3005
3009
3013
3018
3022
3026
3030
3035
3039
3043
3047
3051
3056
3060
3064
3068
3073
3077
3081
3085
3090
3094
3098
3102
3106
3110
3114
3119
3123
3127
3131
3135
3139
3144
3148
3152
3156
3160
3165
3169
3173
3177
3181
3185
3190
3192
3195
3198
3201
3203
3206
3209
3212
3215
3217
3220
3223
3226
3229
3231
3234
3237
3240
3243
3245
3248
3251
3254
3256
3259
3262
3265
3268
3270
3273
3276
3279
3282
3284
3287
3290
3293
3296
3298
3301
3304
3307
3310
3311
3313
3315
3317
3318
3320
3322
3324
3325
3327
3329
3331
3332
3334
3336
3338
3339
3341
3343
3345
3346
3348
3350
3352
3353
3355
3357
3359
3360
3362
3364
3366
3367
3369
3371
3373
3374
3376
3378
3380
3381
3383
3385
3387
3388
3390
3392
3394
3395
3397
3399
3401
3402
3404
3406
3408
3410
3412
3414
3416
3418
3420
3422
3424
3426
3428
3430
3432
3434
3436
3439
3441
3443
3445
3447
3449
3451
3453
3455
3457
3459
3461
3463
3466
3468
3470
3472
3474
3476
3478
3480
3482
3484
3486
3488
3490
3493
3495
3497
3499
3501
3503
3505
3507
3509
3511
3513
3515
3517
3520
3522
3524
3526
3528
3530
3532
3534
3536
3538
3540
3542
3544
3546
3548
3550
3552
3554
3556
3558
3560
3562
3564
3566
3568
3570
3572
3574
3576
3578
3580
3582
3584
3586
3588
3590
3592
3594
3596
3598
3600
3602
3604
3606
3608
3610
3612
3614
3616
3618
3620
3621
3623
3625
3627
3629
3631
3633
3635
3637
3638
3640
3642
3644
3646
3648
3650
3652
3654
3656
3657
3659
3661
3663
3665
3667
3669
3671
3673
3675
3676
3678
3680
3682
3684
3686
3688
3690
3692
3693
3695
3697
3699
3701
3703
3705
3707
3709
3711
3712
3714
3716
3718
3720
3722
3724
3726
3728
3730
3733
3736
3739
3742
3746
3749
3752
3755
3759
3762
3765
3768
3772
3775
3778
3781
3785
3788
3791
3794
3797
3801
3804
3807
3810
3814
3817
3820
3823
3827
3830
3833
3836
3840
3844
3848
3852
3856
3860
3864
3869
3873
3877
3881
3885
3889
3894
3898
3902
3906
3910
3915
3919
3923
3927
3931
3935
3940
3943
3947
3951
3954
3958
3961
3965
3969
3973
3976
3980
3984
3987
3991
3995
3998
4002
4006
4009
4013
4016
4020
4024
4027
4031
4035
4038
4042
4046
4050
4052
4054
4056
4058
4060
4062
4064
4067
4069
4071
4073
4075
4077
4079
4081
4084
4086
4088
4090
4092
4094
4096
4098
4101
4103
4105
4107
4109
4111
4113
4115
4118
4120
4122
4124
4126
4128
4130
4132
4135
4137
4139
4141
4143
4145
4147
4150
4153
4156
4159
4162
4165
4168
4171
4174
4177
4180
4183
4186
4189
4192
4195
4198
4201
4205
4208
4211
4214
4217
4220
4223
4226
4229
4232
4235
4238
4241
4244
4247
4250
4253
4256
4260
4262
4264
4266
4268
4270
4272
4274
4276
4279
4281
4283
4285
4287
4289
4291
4293
4295
4298
4300
4302
4304
4306
4308
4310
4312
4314
4317
4319
4321
4323
4325
4327
4329
4331
4334
4336
4338
4340
4342
4344
4346
4348
4350
4353
4355
4357
4359
4361
4363
4365
4367
4370
4372
4374
4376
4378
4381
4383
4385
4387
4390
4392
4394
4396
4399
4401
4403
4405
4408
4410
4412
4414
4417
4419
4421
4423
4426
4428
4430
4432
4435
4437
4439
4441
4444
4446
4448
4450
4453
4455
4457
4459
4462
4464
4466
4468
4471
4473
4475
4477
4480
4481
4483
4485
4486
4488
4490
4491
4493
4495
4496
4498
4500
4502
4503
4505
4507
4508
4510
4512
4513
4515
4517
4518
4520
4522
4524
4525
4527
4529
4530
4532
4534
4535
4537
4539
4540
4542
4544
4546
4547
4549
4551
4552
4554
4556
4557
4559
4561
4562
4564
4566
4568
4569
4571
4573
4574
4576
4578
4579
4581
4583
4584
4586
4588
4590
4591
4593
4595
4597
4598
4600
4602
4604
4605
4607
4609
4611
4612
4614
4616
4618
4619
4621
4623
4625
4626
4628
4630
4632
4633
4635
4637
4639
4640
4642
4644
4646
4647
4649
4651
4653
4654
4656
4658
4660
4661
4663
4665
4667
4668
4670
4672
4674
4675
4677
4679
4681
4682
4684
4686
4688
4690
4692
4694
4696
4698
4700
4702
4704
4706
4708
4710
4712
4714
4716
4718
4720
4722
4724
4726
4728
4730
4732
4734
4736
4738
4740
4742
4744
4746
4748
4750
4752
4754
4756
4758
4760
4762
4764
4766
4768
4770
4772
4774
4776
4778
4780
4782
4784
4786
4788
4790
4792
4794
4796
4798
4800
4801
4803
4805
4806
4808
4810
4811
4813
4814
4816
4818
4820
4821
4823
4825
4826
4828
4830
4831
4833
4835
4836
4838
4840
4841
4843
4845
4846
4848
4850
4851
4853
4855
4856
4858
4860
4861
4863
4865
4866
4868
4870
4871
4873
4875
4876
4878
4880
4881
4883
4885
4886
4888
4890
4891
4893
4895
4896
4898
4900
4902
4904
4906
4908
4910
4912
4914
4916
4918
4920
4922
4924
4926
4928
4930
4932
4934
4936
4938
4940
4942
4944
4946
4948
4950
4952
4954
4956
4958
4960
4962
4964
4966
4968
4970
4971
4974
4976
4978
4979
4982
4984
4986
4988
4990
4992
4994
4996
4998
5000
5002
5004
5006
5008
5010
5012
5014
5016
5018
5020
5022
5024
5026
5028
5030
5032
5034
5036
5039
5041
5043
5045
5047
5049
5051
5053
5055
5057
5059
5061
5063
5066
5068
5070
5072
5074
5076
5078
5080
5082
5084
5086
5088
5090
5093
5095
5097
5099
5101
5103
5105
5107
5109
5111
5113
5115
5117
5120
5122
5125
5127
5130
5132
5135
5137
5140
5142
5145
5147
5150
5152
5155
5157
5160
5162
5165
5167
5170
5172
5175
5177
5180
5182
5185
5187
5190
5192
5195
5197
5200
5202
5205
5207
5210
5212
5215
5217
5220
5222
5225
5227
5230
5232
5234
5236
5238
5240
5242
5244
5246
5248
5250
5252
5254
5256
5258
5260
5262
5264
5266
5268
5270
5272
5274
5276
5278
5280
5282
5285
5287
5289
5291
5293
5295
5297
5299
5301
5303
5305
5307
5309
5311
5313
5315
5317
5319
5321
5323
5325
5327
5329
5331
5333
5335
5337
5340
5342
5344
5346
5348
5350
5352
5354
5356
5358
5360
5362
5364
5366
5368
5370
5372
5374
5376
5378
5380
5382
5384
5386
5388
5391
5393
5395
5397
5399
5401
5403
5405
5407
5409
5411
5413
5415
5417
5419
5421
5423
5425
5427
5429
5431
5433
5435
5437
5440
5442
5444
5446
5448
5450
5452
5454
5456
5459
5461
5463
5465
5467
5469
5471
5473
5475
5478
5480
5482
5484
5486
5488
5490
5492
5495
5497
5499
5501
5503
5505
5507
5509
5511
5514
5516
5518
5520
5522
5524
5526
5528
5530
5533
5535
5537
5539
5541
5543
5545
5547
5550
5552
5554
5556
5559
5561
5563
5566
5568
5570
5573
5575
5577
5580
5582
5584
5587
5589
5591
5594
5596
5598
5601
5603
5605
5608
5610
5612
5615
5617
5619
5622
5624
5626
5629
5631
5633
5636
5638
5640
5643
5645
5647
5650
5653
5656
5659
5662
5665
5668
5671
5674
5677
5680
5683
5686
5689
5692
5695
5698
5701
5705
5708
5711
5714
5717
5720
5723
5726
5729
5732
5735
5738
5741
5744
5747
5750
5753
5756
5760
5763
5766
5770
5773
5777
5780
5784
5787
5790
5794
5797
5801
5804
5808
5811
5814
5818
5821
5825
5828
5832
5835
5839
5842
5845
5849
5852
5856
5859
5863
5866
5870
5871
5873
5875
5876
5878
5880
5882
5883
5885
5887
5889
5890
5892
5894
5896
5897
5899
5901
5903
5904
5906
5908
5910
5911
5913
5915
5917
5918
5920
5922
5924
5925
5927
5929
5931
5932
5934
5936
5938
5939
5941
5943
5945
5946
5948
5950
5952
5953
5955
5957
5959
5960
5962
5964
5966
5967
5969
5971
5973
5974
5976
5978
5980
5981
5983
5985
5987
5989
5990
5992
5994
5996
5998
5999
6001
6003
6005
6007
6008
6010
6012
6014
6016
6017
6019
6021
6023
6025
6026
6028
6030
6032
6034
6035
6037
6039
6041
6043
6044
6046
6048
6050
6052
6053
6055
6057
6059
6061
6062
6064
6066
6068
6070
6071
6073
6075
6077
6079
6080
6082
6084
6086
6088
6090
6091
6093
6095
6097
6099
6101
6103
6105
6107
6109
6111
6113
6115
6117
6119
6121
6123
6125
6127
6129
6131
6133
6135
6137
6139
6140
6142
6144
6146
6148
6150
6152
6154
6156
6158
6160
6162
6164
6166
6168
6170
6172
6174
6176
6178
6180
6182
6184
6186
6188
6190
6191
6193
6195
6197
6199
6201
6203
6205
6207
6208
6210
6212
6214
6216
6218
6220
6222
6224
6226
6227
6229
6231
6233
6235
6237
6239
6241
6243
6245
6246
6248
6250
6252
6254
6256
6258
6260
6262
6263
6265
6267
6269
6271
6273
6275
6277
6279
6281
6282
6284
6286
6288
6290
6292
6294
6296
6298
6300
6301
6303
6305
6307
6309
6311
6313
6315
6317
6319
6321
6323
6325
6326
6328
6330
6332
6334
6336
6338
6340
6342
6344
6346
6348
6350
6351
6353
6355
6357
6359
6361
6363
6365
6367
6369
6371
6373
6375
6376
6378
6380
6382
6384
6386
6388
6390
6392
6394
6396
6398
6400
6401
6403
6405
6407
6409
6411
6413
6415
6417
6419
6421
6423
6425
6427
6429
6431
6433
6435
6437
6439
6441
6443
6445
6447
6449
6451
6453
6455
6456
6458
6460
6462
6464
6466
6468
6470
6472
6474
6476
6478
6480
6482
6484
6486
6488
6490
6492
6494
6496
6498
6500
6502
6504
6506
6508
6510
6512
6514
6516
6518
6521
6523
6525
6527
6529
6532
6534
6536
6538
6540
6543
6545
6547
6549
6551
6554
6556
6558
6560
6562
6564
6567
6569
6571
6573
6576
6578
6580
6582
6584
6587
6589
6591
6593
6595
6598
6600
6602
6604
6606
6609
6611
6613
6615
6617
6620
6622
6624
6626
6628
6630
6632
6634
6636
6639
6641
6643
6645
6647
6649
6651
6653
6655
6658
6660
6662
6664
6666
6668
6670
6672
6675
6677
6679
6681
6683
6685
6687
6689
6691
6694
6696
6698
6700
6702
6704
6706
6708
6710
6713
6715
6717
6719
6721
6723
6725
6727
6730
6731
6733
6735
6736
6738
6740
6741
6743
6745
6746
6748
6750
6751
6753
6755
6756
6758
6760
6761
6763
6765
6766
6768
6770
6771
6773
6775
6776
6778
6780
6781
6783
6785
6786
6788
6790
6791
6793
6795
6796
6798
6800
6801
6803
6805
6806
6808
6810
6811
6813
6815
6816
6818
6820
6821
6823
6825
6826
6828
6830
6831
6833
6835
6836
6838
6840
6842
6844
6846
6848
6850
6852
6854
6856
6858
6860
6862
6865
6867
6869
6871
6873
6875
6877
6879
6881
6883
6885
6887
6890
6892
6894
6896
6898
6900
6902
6904
6906
6908
6910
6912
6915
6917
6919
6921
6923
6925
6927
6929
6931
6933
6935
6937
6940
6941
6943
6945
6947
6949
6951
6952
6954
6956
6958
6960
6962
6963
6965
6967
6969
6971
6973
6974
6976
6978
6980
6982
6984
6985
6987
6989
6991
6993
6995
6996
6998
7000
7002
7004
7006
7007
7009
7011
7013
7015
7017
7018
7020
7022
7024
7026
7028
7029
7031
7033
7035
7037
7039
7040
7042
7044
7046
7048
7050
7052
7054
7056
7058
7060
7062
7064
7066
7068
7070
7072
7074
7076
7078
7080
7082
7084
7086
7088
7090
7092
7094
7096
7098
7100
7102
7104
7106
7108
7110
7112
7114
7116
7118
7120
7122
7124
7126
7128
7130
7132
7134
7136
7138
7140
7142
7144
7146
7148
7150
7151
7153
7155
7156
7158
7160
7162
7163
7165
7167
7168
7170
7172
7174
7175
7177
7179
7180
7182
7184
7186
7187
7189
7191
7192
7194
7196
7198
7199
7201
7203
7205
7206
7208
7210
7211
7213
7215
7217
7218
7220
7222
7223
7225
7227
7229
7230
7232
7234
7235
7237
7239
7241
7242
7244
7246
7247
7249
7251
7253
7254
7256
7258
7260
7261
7263
7264
7266
7268
7269
7271
7273
7274
7276
7278
7279
7281
7282
7284
7286
7287
7289
7291
7292
7294
7296
7297
7299
7301
7302
7304
7305
7307
7309
7310
7312
7314
7315
7317
7319
7320
7322
7324
7325
7327
7328
7330
7332
7333
7335
7337
7338
7340
7342
7343
7345
7347
7348
7350
7351
7353
7355
7356
7358
7360
7361
7363
7365
7366
7368
7370
7371
7373
7375
7377
7379
7381
7383
7385
7387
7389
7391
7393
7395
7397
7398
7400
7402
7404
7406
7408
7410
7412
7414
7416
7418
7420
7422
7424
7425
7427
7429
7431
7433
7435
7437
7439
7441
7443
7445
7447
7449
7451
7452
7454
7456
7458
7460
7462
7464
7466
7468
7470
7472
7474
7476
7478
7480
7482
7484
7487
7489
7492
7494
7497
7499
7502
7504
7506
7509
7511
7514
7516
7519
7521
7524
7526
7528
7531
7533
7536
7538
7541
7543
7546
7548
7550
7553
7555
7558
7560
7563
7565
7568
7570
7572
7575
7577
7580
7582
7585
7587
7590
7594
7598
7602
7606
7610
7615
7619
7623
7627
7631
7635
7640
7644
7648
7652
7656
7660
7665
7669
7673
7677
7681
7685
7690
7693
7697
7701
7704
7708
7712
7715
7719
7723
7726
7730
7734
7737
7741
7745
7748
7752
7756
7759
7763
7767
7770
7774
7778
7781
7785
7789
7792
7796
7800
7802
7805
7808
7811
7813
7816
7819
7822
7825
7827
7830
7833
7836
7838
7841
7844
7847
7850
7852
7855
7858
7861
7863
7866
7869
7872
7875
7877
7880
7883
7886
7888
7891
7894
7897
7900
7901
7903
7905
7907
7909
7911
7913
7915
7917
7919
7921
7923
7925
7927
7928
7930
7932
7934
7936
7938
7940
7942
7944
7946
7948
7950
7952
7954
7955
7957
7959
7961
7963
7965
7967
7969
7971
7973
7975
7977
7979
7981
7982
7984
7986
7988
7990
7992
7994
7996
7998
8000
8002
8004
8006
8008
8010
8012
8014
8016
8018
8020
8022
8025
8027
8029
8031
8033
8035
8038
8040
8042
8044
8046
8048
8050
8053
8055
8057
8059
8061
8063
8066
8068
8070
8072
8074
8076
8079
8081
8083
8085
8087
8089
8091
8094
8096
8098
8100
8102
8104
8107
8109
8111
8113
8115
8117
8119
8122
8124
8126
8128
8131
8133
8135
8137
8139
8141
8144
8146
8148
8150
8152
8155
8157
8159
8161
8164
8166
8168
8170
8172
8174
8177
8179
8181
8183
8186
8188
8190
8192
8194
8197
8199
8201
8203
8205
8208
8210
8212
8214
8216
8219
8221
8223
8225
8227
8230
8231
8233
8235
8237
8239
8241
8243
8245
8247
8249
8251
8253
8255
8257
8259
8260
8262
8264
8266
8268
8270
8272
8274
8276
8278
8280
8282
8284
8286
8288
8290
8291
8293
8295
8297
8299
8301
8303
8305
8307
8309
8311
8313
8315
8317
8319
8320
8322
8324
8326
8328
8330
8332
8334
8336
8338
8340
8342
8344
8346
8348
8350
8351
8353
8355
8357
8358
8360
8362
8364
8366
8367
8369
8371
8373
8375
8376
8378
8380
8382
8383
8385
8387
8389
8391
8392
8394
8396
8398
8399
8401
8403
8405
8407
8408
8410
8412
8414
8416
8417
8419
8421
8423
8424
8426
8428
8430
8432
8433
8435
8437
8439
8441
8442
8444
8446
8448
8450
8451
8453
8455
8457
8459
8461
8463
8465
8467
8469
8471
8473
8475
8477
8478
8480
8482
8484
8486
8488
8490
8492
8494
8496
8498
8500
8502
8504
8505
8507
8509
8511
8513
8515
8517
8519
8521
8523
8525
8527
8529
8531
8532
8534
8536
8538
8540
8542
8544
8546
8548
8550
8552
8554
8556
8558
8560
8561
8563
8565
8566
8568
8570
8571
8573
8575
8576
8578
8580
8581
8583
8585
8586
8588
8590
8591
8593
8595
8596
8598
8600
8601
8603
8605
8606
8608
8610
8611
8613
8615
8616
8618
8620
8621
8623
8625
8626
8628
8630
8631
8633
8635
8636
8638
8640
8641
8643
8645
8646
8648
8650
8651
8653
8655
8656
8658
8660
8661
8663
8665
8667
8669
8671
8673
8674
8676
8678
8680
8682
8684
8686
8687
8689
8691
8693
8695
8697
8699
8701
8702
8704
8706
8708
8710
8712
8714
8715
8717
8719
8721
8723
8725
8727
8728
8730
8732
8734
8736
8738
8740
8742
8743
8745
8747
8749
8751
8753
8755
8756
8758
8760
8762
8764
8766
8768
8770
8771
8773
8775
8777
8779
8781
8782
8784
8786
8788
8790
8792
8794
8795
8797
8799
8801
8803
8805
8807
8808
8810
8812
8814
8816
8818
8820
8821
8823
8825
8827
8829
8831
8832
8834
8836
8838
8840
8842
8844
8845
8847
8849
8851
8853
8855
8857
8858
8860
8862
8864
8866
8868
8870
8872
8874
8876
8878
8880
8882
8884
8886
8888
8890
8892
8894
8896
8898
8900
8902
8904
8906
8908
8910
8912
8914
8916
8918
8920
8922
8925
8927
8929
8931
8933
8935
8937
8939
8941
8943
8945
8947
8949
8951
8953
8955
8957
8959
8961
8963
8965
8967
8969
8971
8973
8975
8977
8980
8981
8983
8985
8987
8989
8991
8993
8995
8997
8998
9000
9002
9004
9006
9008
9010
9012
9014
9016
9017
9019
9021
9023
9025
9027
9029
9031
9033
9035
9036
9038
9040
9042
9044
9046
9048
9050
9052
9053
9055
9057
9059
9061
9063
9065
9067
9069
9071
9072
9074
9076
9078
9080
9082
9084
9086
9088
9090
9091
9093
9095
9097
9099
9101
9102
9104
9106
9108
9110
9112
9114
9115
9117
9119
9121
9123
9125
9127
9128
9130
9132
9134
9136
9138
9140
9141
9143
9145
9147
9149
9151
9152
9154
9156
9158
9160
9162
9164
9165
9167
9169
9171
9173
9175
9177
9178
9180
9182
9184
9186
9188
9190
9191
9193
9195
9197
9198
9200
9202
9204
9205
9207
9209
9211
9213
9214
9216
9218
9220
9221
9223
9225
9227
9229
9230
9232
9234
9236
9237
9239
9241
9243
9245
9246
9248
9250
9252
9253
9255
9257
9259
9260
9262
9264
9266
9268
9269
9271
9273
9275
9276
9278
9280
9282
9284
9285
9287
9289
9291
9292
9294
9296
9298
9300
9301
9303
9305
9307
9309
9311
9313
9315
9317
9319
9321
9323
9325
9327
9329
9331
9333
9335
9337
9339
9341
9343
9345
9347
9349
9350
9352
9354
9356
9358
9360
9362
9364
9366
9368
9370
9372
9374
9376
9378
9380
9382
9384
9386
9388
9390
9392
9394
9396
9398
9400
9403
9407
9411
9415
9419
9423
9427
9431
9435
9439
9443
9447
9451
9455
9458
9462
9466
9470
9474
9478
9482
9486
9490
9494
9498
9502
9506
9510
9513
9517
9520
9524
9527
9531
9534
9538
9541
9545
9549
9552
9556
9559
9563
9566
9570
9573
9577
9580
9584
9588
9591
9595
9598
9602
9605
9609
9612
9616
9620
9622
9625
9628
9631
9634
9637
9640
9643
9646
9649
9652
9655
9658
9661
9664
9667
9670
9673
9676
9679
9682
9685
9688
9691
9694
9697
9700
9703
9706
9709
9712
9715
9718
9721
9724
9727
9730
9731
9733
9735
9737
9739
9741
9743
9744
9746
9748
9750
9752
9754
9756
9757
9759
9761
9763
9765
9767
9769
9771
9772
9774
9776
9778
9780
9782
9784
9785
9787
9789
9791
9793
9795
9797
9798
9800
9802
9804
9806
9808
9810
9812
9813
9815
9817
9819
9821
9823
9825
9826
9828
9830
9832
9834
9836
9838
9840
9841
9843
9845
9847
9849
9851
9853
9855
9857
9859
9861
9863
9865
9866
9868
9870
9872
9874
9876
9878
9880
9882
9884
9886
9888
9890
9891
9893
9895
9897
9899
9901
9903
9905
9907
9909
9911
9913
9915
9916
9918
9920
9922
9924
9926
9928
9930
9932
9934
9936
9938
9940
9942
9944
9946
9948
9950
9952
9954
9956
9958
9960
9962
9964
9966
9968
9970
9972
9974
9976
9978
9980
9982
9984
9986
9988
9990
9992
9995
9997
9999
10001
10003
10005
10007
10009
10011
10013
10015
10017
10019
10021
10023
10025
10027
10029
10031
10033
10035
10037
10039
10041
10043
10045
10047
10050
10052
10054
10056
10058
10060
10062
10064
10066
10068
10070
10072
10074
10076
10078
10080
10082
10084
10086
10088
10090
10092
10094
10096
10098
10101
10103
10105
10107
10109
10111
10113
10115
10117
10119
10121
10123
10125
10127
10129
10131
10133
10135
10137
10139
10141
10143
10145
10147
10150
10151
10153
10155
10157
10159
10160
10162
10164
10166
10168
10169
10171
10173
10175
10177
10178
10180
10182
10184
10186
10187
10189
10191
10193
10195
10196
10198
10200
10202
10204
10205
10207
10209
10211
10213
10214
10216
10218
10220
10222
10223
10225
10227
10229
10231
10232
10234
10236
10238
10240
10241
10243
10245
10247
10249
10250
10252
10254
10256
10258
10260
10261
10263
10265
10267
10269
10271
10273
10274
10276
10278
10280
10282
10284
10286
10287
10289
10291
10293
10295
10297
10299
10301
10302
10304
10306
10308
10310
10312
10314
10315
10317
10319
10321
10323
10325
10327
10328
10330
10332
10334
10336
10338
10340
10342
10343
10345
10347
10349
10351
10353
10355
10356
10358
10360
10362
10364
10366
10368
10370
10371
10373
10375
10376
10378
10380
10381
10383
10385
10386
10388
10390
10392
10393
10395
10397
10398
10400
10402
10403
10405
10407
10408
10410
10412
10414
10415
10417
10419
10420
10422
10424
10425
10427
10429
10430
10432
10434
10436
10437
10439
10441
10442
10444
10446
10447
10449
10451
10452
10454
10456
10458
10459
10461
10463
10464
10466
10468
10469
10471
10473
10474
10476
10478
10480
10482
10484
10486
10488
10490
10492
10494
10496
10498
10500
10502
10504
10506
10509
10511
10513
10515
10517
10519
10521
10523
10525
10527
10529
10531
10533
10536
10538
10540
10542
10544
10546
10548
10550
10552
10554
10556
10558
10560
10563
10565
10567
10569
10571
10573
10575
10577
10579
10581
10583
10585
10587
10590
10591
10593
10595
10597
10599
10601
10603
10605
10607
10609
10611
10613
10615
10617
10618
10620
10622
10624
10626
10628
10630
10632
10634
10636
10638
10640
10642
10644
10645
10647
10649
10651
10653
10655
10657
10659
10661
10663
10665
10667
10669
10671
10672
10674
10676
10678
10680
10682
10684
10686
10688
10690
10692
10694
10696
10698
10700
10702
10704
10706
10708
10710
10712
10714
10716
10718
10720
10722
10724
10726
10729
10731
10733
10735
10737
10739
10741
10743
10745
10747
10749
10751
10753
10756
10758
10760
10762
10764
10766
10768
10770
10772
10774
10776
10778
10780
10783
10785
10787
10789
10791
10793
10795
10797
10799
10801
10803
10805
10807
10810
10811
10813
10815
10816
10818
10820
10822
10823
10825
10827
10828
10830
10832
10834
10835
10837
10839
10841
10842
10844
10846
10847
10849
10851
10853
10854
10856
10858
10860
10861
10863
10865
10866
10868
10870
10872
10873
10875
10877
10878
10880
10882
10884
10885
10887
10889
10891
10892
10894
10896
10897
10899
10901
10903
10904
10906
10908
10910
10911
10913
10915
10917
10919
10920
10922
10924
10926
10928
10929
10931
10933
10935
10937
10938
10940
10942
10944
10946
10947
10949
10951
10953
10955
10956
10958
10960
10962
10964
10965
10967
10969
10971
10973
10974
10976
10978
10980
10982
10983
10985
10987
10989
10991
10992
10994
10996
10998
11000
11001
11003
11005
11007
11009
11010
11012
11014
11016
11018
11020
11021
11023
11025
11027
11029
11031
11033
11035
11037
11039
11041
11043
11045
11046
11048
11050
11052
11054
11056
11058
11060
11062
11064
11066
11068
11070
11071
11073
11075
11077
11079
11081
11083
11085
11087
11089
11091
11093
11094
11096
11098
11100
11102
11104
11106
11108
11110
11112
11114
11116
11118
11120
11121
11123
11125
11127
11129
11131
11132
11134
11136
11138
11140
11142
11143
11145
11147
11149
11151
11152
11154
11156
11158
11160
11162
11164
11165
11167
11169
11171
11173
11175
11176
11178
11180
11182
11184
11186
11187
11189
11191
11193
11195
11197
11198
11200
11202
11204
11206
11208
11209
11211
11213
11215
11217
11219
11220
11222
11224
11226
11228
11230
11233
11236
11239
11242
11245
11248
11251
11254
11257
11260
11263
11266
11269
11272
11275
11278
11281
11285
11288
11291
11294
11297
11300
11303
11306
11309
11312
11315
11318
11321
11324
11327
11330
11333
11336
11340
11343
11347
11351
11355
11359
11363
11366
11370
11374
11378
11382
11386
11390
11393
11397
11401
11405
11409
11413
11416
11420
11424
11428
11432
11436
11440
11442
11444
11447
11449
11452
11454
11457
11459
11462
11464
11466
11469
11471
11474
11476
11479
11481
11484
11486
11488
11491
11493
11496
11498
11501
11503
11506
11508
11510
11513
11515
11518
11520
11523
11525
11528
11530
11532
11535
11537
11540
11542
11545
11547
11550
11551
11553
11555
11557
11559
11561
11562
11564
11566
11568
11570
11572
11574
11575
11577
11579
11581
11583
11585
11587
11588
11590
11592
11594
11596
11598
11600
11601
11603
11605
11607
11609
11611
11612
11614
11616
11618
11620
11622
11624
11625
11627
11629
11631
11633
11635
11637
11638
11640
11642
11644
11646
11648
11650
11651
11653
11655
11656
11658
11660
11662
11663
11665
11667
11668
11670
11672
11674
11675
11677
11679
11680
11682
11684
11686
11687
11689
11691
11692
11694
11696
11698
11699
11701
11703
11705
11706
11708
11710
11711
11713
11715
11717
11718
11720
11722
11723
11725
11727
11729
11730
11732
11734
11735
11737
11739
11741
11742
11744
11746
11747
11749
11751
11753
11754
11756
11758
11760
11761
11763
11765
11766
11768
11770
11772
11773
11775
11777
11779
11780
11782
11784
11786
11787
11789
11791
11793
11794
11796
11798
11800
11801
11803
11805
11807
11808
11810
11812
11814
11815
11817
11819
11821
11822
11824
11826
11828
11829
11831
11833
11835
11836
11838
11840
11842
11843
11845
11847
11849
11850
11852
11854
11856
11857
11859
11861
11863
11864
11866
11868
11870
11871
11873
11875
11877
11879
11881
11883
11884
11886
11888
11890
11892
11894
11896
11897
11899
11901
11903
11905
11907
11909
11911
11912
11914
11916
11918
11920
11922
11924
11925
11927
11929
11931
11933
11935
11937
11938
11940
11942
11944
11946
11948
11950
11952
11953
11955
11957
11959
11961
11963
11965
11966
11968
11970
11972
11974
11976
11978
11980
11982
11984
11986
11988
11990
11992
11994
11996
11998
12000
12002
12004
12006
12008
12010
12012
12014
12016
12018
12020
12022
12024
12026
12028
12030
12032
12034
12036
12038
12040
12042
12044
12046
12048
12050
12052
12054
12056
12058
12060
12062
12064
12066
12068
12070
12072
12074
12076
12078
12080
12082
12084
12086
12088
12090
12091
12093
12095
12097
12099
12101
12103
12105
12107
12109
12111
12113
12115
12116
12118
12120
12122
12124
12126
12128
12130
12132
12134
12136
12138
12140
12141
12143
12145
12147
12149
12151
12153
12155
12157
12159
12161
12163
12165
12166
12168
12170
12172
12174
12176
12178
12180
12182
12184
12186
12188
12190
12191
12193
12195
12197
12199
12201
12203
12205
12207
12209
12211
12213
12215
12217
12219
12221
12223
12225
12227
12229
12231
12233
12235
12237
12239
12241
12243
12245
12246
12248
12250
12252
12254
12256
12258
12260
12262
12264
12266
12268
12270
12272
12274
12276
12278
12280
12282
12284
12286
12288
12290
12292
12294
12296
12298
12300
12302
12304
12306
12308
12310
12312
12314
12316
12318
12320
12322
12325
12327
12329
12331
12333
12335
12337
12339
12341
12343
12345
12347
12350
12352
12354
12356
12358
12360
12362
12364
12366
12368
12370
12372
12375
12377
12379
12381
12383
12385
12387
12389
12391
12393
12395
12397
12400
12401
12403
12405
12407
12409
12410
12412
12414
12416
12418
12419
12421
12423
12425
12427
12428
12430
12432
12434
12436
12437
12439
12441
12443
12445
12446
12448
12450
12452
12454
12455
12457
12459
12461
12463
12464
12466
12468
12470
12472
12473
12475
12477
12479
12481
12482
12484
12486
12488
12490
12491
12493
12495
12497
12499
12500
12502
12504
12506
12508
12510
12511
12513
12515
12517
12519
12520
12522
12524
12526
12528
12529
12531
12533
12535
12537
12538
12540
12542
12544
12546
12547
12549
12551
12553
12555
12556
12558
12560
12562
12564
12565
12567
12569
12571
12573
12574
12576
12578
12580
12582
12583
12585
12587
12589
12591
12592
12594
12596
12598
12600
12601
12603
12605
12607
12609
12610
12612
12614
12616
12618
12620
12622
12624
12626
12628
12631
12633
12635
12637
12639
12642
12644
12646
12648
12650
12652
12655
12657
12659
12661
12664
12666
12668
12670
12672
12674
12677
12679
12681
12683
12686
12688
12690
12692
12694
12697
12699
12701
12703
12705
12708
12710
12712
12714
12716
12719
12721
12723
12725
12727
12730
12731
12733
12735
12737
12739
12741
12742
12744
12746
12748
12750
12752
12753
12755
12757
12759
12761
12763
12764
12766
12768
12770
12772
12774
12775
12777
12779
12781
12783
12785
12786
12788
12790
12792
12794
12796
12797
12799
12801
12803
12805
12807
12808
12810
12812
12814
12816
12818
12819
12821
12823
12825
12827
12829
12830
12832
12834
12836
12838
12840
12841
12843
12845
12846
12848
12850
12851
12853
12855
12856
12858
12860
12862
12863
12865
12867
12868
12870
12872
12873
12875
12877
12878
12880
12882
12884
12885
12887
12889
12890
12892
12894
12895
12897
12899
12901
12902
12904
12906
12907
12909
12911
12912
12914
12916
12917
12919
12921
12923
12924
12926
12928
12929
12931
12933
12934
12936
12938
12940
12941
12943
12945
12947
12949
12951
12952
12954
12956
12958
12960
12962
12963
12965
12967
12969
12971
12972
12974
12976
12978
12980
12982
12984
12985
12987
12989
12991
12993
12995
12996
12998
13000
13002
13004
13006
13007
13009
13011
13013
13015
13017
13018
13020
13022
13024
13026
13028
13029
13031
13033
13035
13037
13039
13040
13042
13044
13046
13048
13050
13052
13055
13057
13060
13062
13065
13067
13070
13073
13075
13078
13080
13083
13085
13088
13091
13093
13096
13098
13101
13103
13106
13108
13111
13114
13116
13119
13121
13124
13126
13129
13132
13134
13137
13139
13142
13144
13147
13150
13152
13155
13158
13160
13163
13166
13168
13171
13174
13176
13179
13182
13184
13187
13190
13192
13195
13198
13200
13203
13206
13209
13211
13214
13217
13219
13222
13225
13227
13230
13233
13235
13238
13241
13243
13246
13249
13251
13254
13257
13260
13261
13263
13265
13267
13269
13271
13273
13274
13276
13278
13280
13282
13284
13286
13287
13289
13291
13293
13295
13297
13299
13301
13302
13304
13306
13308
13310
13312
13314
13315
13317
13319
13321
13323
13325
13327
13328
13330
13332
13334
13336
13338
13340
13342
13343
13345
13347
13349
13351
13353
13355
13356
13358
13360
13362
13364
13366
13368
13370
13371
13373
13375
13377
13379
13381
13382
13384
13386
13388
13390
13392
13393
13395
13397
13399
13401
13402
13404
13406
13408
13410
13412
13414
13415
13417
13419
13421
13423
13425
13426
13428
13430
13432
13434
13436
13437
13439
13441
13443
13445
13447
13448
13450
13452
13454
13456
13458
13459
13461
13463
13465
13467
13469
13470
13472
13474
13476
13478
13480
13482
13484
13486
13488
13491
13493
13495
13497
13500
13502
13504
13506
13509
13511
13513
13515
13518
13520
13522
13524
13527
13529
13531
13533
13536
13538
13540
13542
13545
13547
13549
13551
13554
13556
13558
13560
13563
13565
13567
13569
13572
13574
13576
13578
13581
13583
13585
13587
13590
13591
13593
13595
13597
13598
13600
13602
13604
13605
13607
13609
13611
13612
13614
13616
13618
13619
13621
13623
13625
13626
13628
13630
13632
13633
13635
13637
13639
13640
13642
13644
13646
13647
13649
13651
13653
13654
13656
13658
13660
13661
13663
13665
13667
13668
13670
13672
13674
13675
13677
13679
13681
13682
13684
13686
13688
13690
13692
13694
13696
13698
13700
13702
13704
13706
13709
13711
13713
13715
13717
13719
13721
13723
13725
13728
13730
13732
13734
13736
13738
13740
13742
13745
13747
13749
13751
13753
13755
13757
13759
13761
13764
13766
13768
13770
13772
13774
13776
13778
13780
13783
13785
13787
13789
13791
13793
13795
13797
13800
13802
13804
13807
13809
13812
13814
13817
13819
13821
13824
13826
13829
13831
13834
13836
13839
13841
13843
13846
13848
13851
13853
13856
13858
13860
13863
13865
13868
13870
13873
13875
13878
13880
13882
13885
13887
13890
13892
13895
13897
13900
13901
13903
13905
13906
13908
13910
13912
13913
13915
13917
13919
13920
13922
13924
13926
13927
13929
13931
13933
13934
13936
13938
13940
13941
13943
13945
13947
13948
13950
13952
13954
13955
13957
13959
13961
13962
13964
13966
13968
13969
13971
13973
13975
13976
13978
13980
13982
13983
13985
13987
13989
13990
13992
13994
13996
13997
13999
14001
14003
14004
14006
14008
14010
14011
14013
14015
14017
14019
14020
14022
14024
14026
14028
14030
14032
14033
14035
14037
14039
14041
14043
14044
14046
14048
14050
14052
14054
14055
14057
14059
14061
14063
14065
14066
14068
14070
14072
14074
14075
14077
14079
14081
14083
14085
14087
14088
14090
14092
14094
14096
14097
14099
14101
14103
14105
14107
14109
14110
14112
14114
14116
14118
14120
14122
14124
14126
14128
14131
14133
14135
14137
14139
14142
14144
14146
14148
14150
14152
14155
14157
14159
14161
14164
14166
14168
14170
14172
14174
14177
14179
14181
14183
14186
14188
14190
14192
14194
14197
14199
14201
14203
14205
14208
14210
14212
14214
14216
14219
14221
14223
14225
14227
14230
14232
14234
14236
14238
14240
14242
14244
14246
14248
14250
14252
14254
14256
14258
14260
14262
14264
14266
14268
14270
14272
14274
14276
14278
14280
14282
14284
14286
14288
14290
14292
14294
14296
14298
14300
14302
14304
14306
14308
14310
14312
14314
14316
14318
14320
14322
14324
14326
14328
14330
14332
14334
14336
14338
14340
14342
14345
14347
14350
14352
14355
14357
14360
14362
14365
14367
14370
14372
14375
14377
14379
14382
14385
14387
14390
14392
14395
14397
14400
14402
14405
14407
14410
14412
14415
14417
14420
14422
14424
14427
14430
14432
14434
14437
14440
14441
14443
14445
14447
14449
14450
14452
14454
14456
14458
14459
14461
14463
14465
14467
14468
14470
14472
14474
14476
14477
14479
14481
14483
14485
14486
14488
14490
14492
14494
14495
14497
14499
14501
14503
14504
14506
14508
14510
14512
14513
14515
14517
14519
14521
14522
14524
14526
14528
14530
14531
14533
14535
14537
14539
14540
14542
14544
14546
14548
14550
14551
14553
14555
14557
14559
14561
14563
14565
14566
14568
14570
14572
14574
14576
14578
14580
14582
14583
14585
14587
14589
14591
14593
14595
14597
14599
14600
14602
14604
14606
14608
14610
14612
14614
14616
14617
14619
14621
14623
14625
14627
14629
14631
14633
14634
14636
14638
14640
14642
14644
14646
14648
14650
14652
14654
14656
14658
14660
14662
14664
14666
14668
14670
14672
14674
14676
14678
14680
14682
14684
14686
14688
14690
14692
14694
14696
14698
14700
14702
14704
14706
14708
14710
14712
14714
14716
14718
14720
14722
14724
14726
14728
14730
14732
14734
14736
14738
14740
14742
14744
14746
14748
14750
14752
14754
14756
14758
14760
14761
14763
14765
14767
14769
14771
14773
14775
14777
14778
14780
14782
14784
14786
14788
14790
14792
14794
14796
14797
14799
14801
14803
14805
14807
14809
14811
14813
14815
14816
14818
14820
14822
14824
14826
14828
14830
14832
14833
14835
14837
14839
14841
14843
14845
14847
14849
14851
14852
14854
14856
14858
14860
14862
14864
14866
14868
14870
14871
14873
14875
14877
14879
14881
14883
14885
14887
14889
14891
14893
14895
14897
14898
14900
14902
14904
14906
14908
14910
14912
14914
14916
14918
14920
14922
14924
14925
14927
14929
14931
14933
14935
14937
14939
14941
14943
14945
14947
14949
14951
14952
14954
14956
14958
14960
14962
14964
14966
14968
14970
14972
14974
14976
14978
14980
14983
14986
14989
14992
14996
14999
15002
15005
15009
15012
15015
15018
15022
15025
15028
15031
15035
15038
15041
15044
15047
15051
15054
15057
15060
15064
15067
15070
15073
15077
15080
15083
15086
15090
15094
15098
15102
15106
15110
15115
15119
15123
15127
15131
15135
15140
15144
15148
15152
15156
15160
15165
15169
15173
15177
15181
15185
15190
15193
15197
15200
15204
15207
15211
15214
15218
15221
15225
15229
15232
15236
15239
15243
15246
15250
15253
15257
15260
15264
15268
15271
15275
15278
15282
15285
15289
15292
15296
15300
15302
15305
15308
15311
15314
15317
15320
15322
15325
15328
15331
15334
15337
15340
15342
15345
15348
15351
15354
15357
15360
15362
15365
15368
15371
15374
15377
15380
15382
15385
15388
15391
15394
15397
15400
15402
15405
15407
15410
15412
15415
15417
15420
15422
15425
15427
15430
15432
15435
15437
15440
15442
15445
15447
15450
15452
15455
15457
15460
15462
15465
15467
15470
15472
15475
15477
15480
15482
15485
15487
15490
15492
15495
15497
15500
15502
15504
15507
15510
15512
15514
15516
15517
15520
15522
15524
15526
15528
15530
15532
15533
15536
15538
15540
15542
15544
15546
15548
15549
15552
15554
15556
15558
15559
15562
15564
15565
15568
15570
15572
15574
15575
15578
15580
15581
15584
15585
15588
15590
15591
15594
15596
15597
15600
15601
15604
15606
15607
15610
15612
15613
15616
15617
15620
15621
15623
15625
15627
15629
15631
15633
15635
15637
15639
15641
15643
15645
15647
15648
15650
15652
15654
15656
15658
15660
15662
15664
15666
15668
15670
15672
15674
15675
15677
15679
15681
15683
15685
15687
15689
15691
15693
15695
15697
15699
15701
15702
15704
15706
15708
15710
15712
15714
15716
15718
15720
15722
15724
15726
15728
15730
15732
15735
15737
15740
15742
15745
15747
15750
15753
15755
15758
15760
15763
15765
15768
15770
15773
15776
15778
15781
15783
15786
15788
15791
15793
15796
15799
15801
15804
15806
15809
15811
15814
15816
15819
15822
15824
15827
15829
15832
15834
15837
15840
15841
15843
15845
15847
15849
15851
15852
15854
15856
15858
15860
15862
15864
15865
15867
15869
15871
15873
15875
15877
15878
15880
15882
15884
15886
15888
15890
15891
15893
15895
15897
15899
15901
15902
15904
15906
15908
15910
15912
15914
15915
15917
15919
15921
15923
15925
15927
15928
15930
15932
15934
15936
15938
15940
15942
15943
15946
15948
15950
15952
15953
15956
15958
15959
15962
15964
15966
15968
15970
15972
15974
15976
15978
15980
15982
15984
15986
15988
15990
15992
15994
15996
15998
16000
16001
16004
16006
16008
16010
16012
16014
16016
16018
16020
16022
16024
16026
16028
16030
16032
16033
16036
16038
16040
16042
16044
16046
16048
16050
16052
16054
16056
16058
16060
16062
16064
16065
16068
16070
16072
16074
16076
16078
16080
16082
16084
16085
16088
16090
16091
16094
16096
16097
16100
16102
16104
16105
16108
16110
16111
16114
16116
16117
16119
16122
16123
16125
16128
16129
16131
16134
16136
16137
16140
16142
16143
16145
16148
16149
16152
16154
16157
16160
16162
16165
16167
16169
16172
16175
16177
16180
16182
16184
16187
16190
16192
16195
16197
16200
16202
16204
16207
16210
16212
16215
16217
16219
16222
16225
16227
16230
16232
16235
16237
16240
16242
16245
16247
16250
16252
16255
16257
16260
16261
16263
16265
16267
16268
16270
16272
16274
16275
16277
16279
16281
16283
16284
16286
16288
16290
16291
16293
16295
16297
16299
16300
16302
16304
16306
16307
16309
16311
16313
16315
16316
16318
16320
16322
16323
16325
16327
16329
16330
16332
16334
16336
16338
16339
16341
16343
16345
16346
16348
16350
16352
16354
16355
16357
16359
16361
16362
16364
16366
16368
16370
16372
16374
16376
16378
16380
16382
16385
16387
16389
16391
16393
16395
16398
16400
16402
16404
16406
16408
16410
16413
16415
16417
16419
16421
16423
16426
16428
16430
16432
16434
16436
16439
16441
16443
16445
16447
16449
16451
16454
16456
16458
16460
16462
16464
16467
16469
16471
16473
16475
16477
16480
16482
16484
16486
16488
16491
16493
16495
16497
16499
16502
16504
16506
16508
16510
16513
16515
16517
16519
16521
16524
16526
16528
16530
16532
16535
16537
16539
16541
16543
16546
16548
16550
16552
16554
16557
16559
16561
16563
16565
16568
16570
16572
16574
16576
16579
16581
16583
16585
16587
16590
16591
16593
16595
16597
16599
16601
16603
16605
16606
16608
16610
16612
16614
16616
16618
16620
16622
16623
16625
16627
16629
16631
16633
16635
16637
16639
16640
16642
16644
16646
16648
16650
16652
16654
16656
16657
16659
16661
16663
16665
16667
16669
16671
16673
16674
16676
16678
16680
16682
16684
16686
16688
16690
16692
16694
16696
16698
16700
16702
16704
16706
16708
16710
16712
16714
16716
16718
16720
16722
16724
16726
16728
16730
16732
16734
16736
16738
16740
16742
16745
16747
16749
16751
16753
16755
16757
16759
16761
16763
16765
16767
16769
16771
16773
16775
16777
16779
16781
16783
16785
16787
16789
16791
16793
16795
16797
16800
16804
16809
16813
16818
16822
16827
16831
16836
16840
16845
16850
16854
16859
16863
16868
16872
16877
16881
16886
16890
16895
16900
16903
16907
16910
16914
16917
16921
16924
16928
16931
16935
16939
16942
16946
16949
16953
16956
16960
16963
16967
16970
16974
16978
16981
16985
16988
16992
16995
16999
17002
17006
17010
17013
17017
17020
17024
17027
17031
17034
17038
17041
17045
17049
17052
17056
17059
17063
17066
17070
17073
17077
17080
17084
17088
17091
17095
17098
17102
17105
17109
17112
17116
17120
17122
17125
17127
17130
17132
17135
17137
17140
17142
17145
17147
17150
17152
17155
17157
17160
17162
17165
17167
17170
17172
17175
17177
17180
17182
17185
17187
17190
17192
17195
17197
17200
17202
17205
17207
17210
17212
17215
17217
17220
17222
17225
17227
17230
17232
17234
17236
17238
17241
17243
17245
17247
17250
17252
17254
17256
17258
17261
17263
17265
17267
17270
17272
17274
17276
17278
17281
17283
17285
17287
17290
17292
17294
17296
17298
17301
17303
17305
17307
17310
17312
17314
17316
17318
17321
17323
17325
17327
17330
17332
17334
17336
17338
17341
17343
17345
17347
17350
17351
17353
17355
17357
17359
17361
17363
17365
17367
17369
17371
17373
17375
17377
17379
17381
17383
17385
17387
17389
17391
17393
17395
17397
17399
17400
17402
17404
17406
17408
17410
17412
17414
17416
17418
17420
17422
17424
17426
17428
17430
17432
17434
17436
17438
17440
17442
17444
17446
17448
17450
17451
17453
17455
17457
17459
17461
17463
17465
17467
17468
17470
17472
17474
17476
17478
17480
17482
17484
17486
17487
17489
17491
17493
17495
17497
17499
17501
17503
17505
17506
17508
17510
17512
17514
17516
17518
17520
17522
17523
17525
17527
17529
17531
17533
17535
17537
17539
17541
17542
17544
17546
17548
17550
17552
17554
17556
17558
17560
17561
17563
17565
17567
17569
17571
17573
17575
17576
17578
17580
17582
17584
17586
17588
17590
17592
17593
17595
17597
17599
17601
17603
17605
17607
17609
17610
17612
17614
17616
17618
17620
17622
17624
17626
17627
17629
17631
17633
17635
17637
17639
17641
17643
17644
17646
17648
17650
17652
17654
17656
17658
17660
17662
17664
17666
17668
17671
17673
17675
17677
17680
17682
17684
17686
17688
17691
17693
17695
17697
17700
17702
17704
17706
17708
17711
17713
17715
17717
17720
17722
17724
17726
17728
17731
17733
17735
17737
17740
17742
17744
17746
17748
17751
17753
17755
17757
17760
17762
17764
17766
17768
17771
17773
17775
17777
17780
17781
17783
17785
17786
17788
17790
17792
17793
17795
17797
17798
17800
17802
17804
17805
17807
17809
17811
17812
17814
17816
17817
17819
17821
17823
17824
17826
17828
17830
17831
17833
17835
17836
17838
17840
17842
17843
17845
17847
17848
17850
17852
17854
17855
17857
17859
17861
17862
17864
17866
17867
17869
17871
17873
17874
17876
17878
17880
17882
17884
17887
17889
17891
17894
17896
17899
17901
17903
17906
17908
17911
17913
17915
17918
17920
17923
17925
17927
17930
17932
17935
17937
17939
17942
17944
17946
17949
17951
17954
17956
17958
17961
17963
17966
17968
17970
17973
17975
17978
17980
17982
17985
17987
17990
17992
17994
17996
17998
18000
18002
18004
18006
18008
18010
18012
18014
18016
18019
18021
18023
18025
18027
18029
18031
18033
18035
18037
18039
18041
18043
18046
18048
18050
18052
18054
18056
18058
18060
18062
18064
18066
18068
18070
18073
18075
18077
18079
18081
18083
18085
18087
18089
18091
18093
18095
18097
18100
18102
18104
18107
18109
18111
18114
18116
18119
18121
18123
18126
18128
18131
18133
18135
18138
18140
18143
18145
18147
18150
18152
18155
18157
18159
18162
18164
18166
18169
18171
18174
18176
18178
18181
18183
18186
18188
18190
18193
18195
18198
18200
18202
18205
18207
18210
18212
18215
18217
18220
18222
18225
18227
18230
18232
18235
18237
18240
18242
18245
18247
18250
18252
18255
18257
18260
18262
18265
18267
18270
18272
18275
18277
18280
18282
18285
18287
18290
18292
18295
18297
18300
18302
18305
18307
18310
18312
18315
18317
18320
18322
18325
18327
18330
18332
18335
18337
18340
18342
18345
18347
18350
18352
18355
18357
18360
18362
18365
18367
18370
18372
18375
18377
18380
18382
18385
18387
18390
18392
18395
18397
18400
18402
18405
18407
18410
18412
18415
18417
18419
18422
18425
18427
18430
18431
18433
18435
18437
18439
18440
18442
18444
18446
18448
18449
18451
18453
18455
18457
18458
18460
18462
18464
18466
18467
18469
18471
18473
18475
18476
18478
18480
18482
18484
18485
18487
18489
18491
18493
18494
18496
18498
18500
18502
18503
18505
18507
18509
18511
18512
18514
18516
18518
18520
18521
18523
18525
18527
18529
18530
18532
18534
18536
18538
18540
18542
18544
18546
18548
18551
18553
18555
18557
18560
18562
18564
18566
18568
18571
18573
18575
18577
18580
18582
18584
18586
18588
18591
18593
18595
18597
18600
18602
18604
18606
18608
18611
18613
18615
18617
18620
18622
18624
18626
18628
18631
18633
18635
18637
18640
18644
18648
18652
18656
18661
18665
18669
18673
18678
18682
18686
18690
18695
18699
18703
18707
18711
18716
18720
18724
18728
18733
18737
18741
18745
18750
18754
18758
18762
18766
18770
18774
18778
18782
18786
18790
18794
18798
18802
18807
18811
18815
18819
18823
18827
18831
18835
18839
18843
18847
18851
18855
18860
18864
18869
18874
18879
18883
18888
18893
18898
18903
18907
18912
18917
18922
18926
18931
18936
18941
18946
18950
18955
18960
18965
18970
18974
18978
18983
18987
18991
18996
19000
19005
19009
19014
19018
19022
19027
19031
19035
19040
19044
19049
19053
19058
19062
19066
19071
19075
19080
19081
19083
19085
19087
19089
19091
19093
19095
19097
19099
19101
19103
19105
19107
19109
19111
19113
19115
19117
19119
19121
19123
19125
19127
19129
19130
19132
19134
19136
19138
19140
19142
19144
19146
19148
19150
19152
19154
19156
19158
19160
19162
19164
19166
19168
19170
19172
19174
19176
19178
19180
19182
19184
19186
19188
19190
19192
19194
19196
19198
19200
19202
19204
19206
19208
19210
19212
19214
19216
19218
19220
19222
19224
19226
19228
19230
19232
19235
19237
19239
19241
19243
19245
19247
19249
19251
19253
19255
19257
19259
19261
19263
19265
19267
19269
19271
19273
19275
19277
19279
19281
19283
19285
19287
19290
19291
19293
19295
19297
19299
19301
19303
19305
19306
19308
19310
19312
19314
19316
19318
19320
19322
19323
19325
19327
19329
19331
19333
19335
19337
19339
19340
19342
19344
19346
19348
19350
19352
19354
19356
19357
19359
19361
19363
19365
19367
19369
19371
19373
19374
19376
19378
19380
19382
19384
19386
19388
19390
19392
19395
19398
19401
19403
19406
19409
19412
19414
19417
19420
19423
19425
19428
19431
19434
19436
19439
19442
19445
19447
19450
19453
19456
19458
19461
19464
19467
19469
19472
19475
19478
19480
19483
19486
19489
19491
19494
19497
19500
19502
19504
19506
19508
19510
19512
19514
19516
19518
19520
19522
19524
19526
19529
19531
19533
19535
19537
19539
19541
19543
19545
19547
19549
19551
19553
19556
19558
19560
19562
19564
19566
19568
19570
19572
19574
19576
19578
19580
19583
19585
19587
19589
19591
19593
19595
19597
19599
19601
19603
19605
19607
19610
19612
19614
19616
19618
19620
19623
19625
19627
19629
19631
19633
19636
19638
19640
19642
19644
19646
19649
19651
19653
19655
19657
19660
19662
19664
19666
19668
19670
19673
19675
19677
19679
19681
19683
19686
19688
19690
19692
19694
19696
19699
19701
19703
19705
19707
19710
19712
19715
19718
19721
19724
19726
19729
19732
19735
19738
19741
19743
19746
19749
19752
19755
19757
19760
19763
19766
19769
19772
19774
19777
19780
19783
19786
19788
19791
19794
19797
19800
19803
19805
19808
19811
19814
19817
19820
19822
19824
19826
19828
19830
19832
19834
19836
19838
19840
19842
19844
19846
19848
19850
19852
19854
19856
19858
19860
19862
19864
19866
19868
19871
19873
19875
19877
19879
19881
19883
19885
19887
19889
19891
19893
19895
19897
19899
19901
19903
19905
19907
19909
19911
19913
19915
19917
19920
19922
19925
19927
19930
19932
19935
19937
19940
19943
19945
19948
19950
19953
19955
19958
19960
19963
19966
19968
19971
19973
19976
19978
19981
19983
19986
19989
19991
19994
19996
19999
20001
20004
20006
20009
20012
20014
20017
20019
20022
20024
20027
20030
20033
20036
20039
20042
20045
20048
20051
20054
20057
20060
20063
20066
20069
20072
20075
20078
20081
20084
20087
20090
20093
20096
20099
20102
20105
20108
20111
20114
20117
20120
20123
20126
20130
20132
20134
20136
20138
20140
20142
20144
20146
20149
20151
20153
20155
20157
20159
20161
20163
20165
20168
20170
20172
20174
20176
20178
20180
20182
20185
20187
20189
20191
20193
20195
20197
20199
20201
20204
20206
20208
20210
20212
20214
20216
20218
20220
20223
20225
20227
20229
20231
20233
20235
20237
20240
20243
20247
20250
20254
20257
20261
20264
20268
20271
20275
20278
20282
20285
20289
20292
20296
20299
20303
20306
20310
20313
20317
20320
20324
20327
20331
20334
20338
20341
20345
20348
20352
20355
20359
20362
20366
20370
20372
20375
20378
20381
20384
20386
20389
20392
20395
20398
20401
20403
20406
20409
20412
20415
20417
20420
20423
20426
20429
20432
20434
20437
20440
20443
20446
20448
20451
20454
20457
20460
20463
20465
20468
20471
20474
20477
20480
20484
20488
20492
20496
20501
20505
20509
20513
20518
20522
20526
20530
20535
20539
20543
20547
20551
20556
20560
20564
20568
20573
20577
20581
20585
20590
20594
20598
20603
20607
20611
20616
20620
20624
20629
20633
20637
20642
20646
20650
20655
20659
20663
20668
20672
20676
20681
20685
20690
20693
20697
20701
20705
20709
20713
20717
20721
20725
20729
20733
20737
20741
20745
20748
20752
20756
20760
20764
20768
20772
20776
20780
20784
20788
20792
20796
20800
20804
20808
20813
20817
20821
20826
20830
20834
20839
20843
20847
20852
20856
20860
20865
20869
20873
20878
20882
20886
20891
20895
20900
20904
20908
20912
20916
20920
20924
20928
20932
20936
20940
20944
20948
20952
20957
20961
20965
20969
20973
20977
20981
20985
20989
20993
20997
21001
21005
21010
21013
21017
21021
21025
21029
21033
21037
21041
21045
21049
21053
21057
21061
21065
21068
21072
21076
21080
21084
21088
21092
21096
21100
21104
21108
21112
21116
21120
21124
21128
21133
21137
21142
21146
21150
21155
21159
21164
21168
21172
21177
21181
21186
21190
21194
21199
21203
21208
21212
21216
21221
21225
21230
21234
21239
21244
21249
21253
21258
21263
21268
21273
21277
21282
21287
21292
21296
21301
21306
21311
21316
21320
21325
21330
21335
21340
21344
21349
21354
21359
21363
21368
21373
21378
21382
21387
21392
21397
21401
21406
21411
21416
21420
21425
21430
21435
21440
21442
21445
21447
21450
21453
21455
21458
21460
21463
21466
21468
21471
21474
21476
21479
21481
21484
21487
21489
21492
21495
21497
21500
21502
21505
21508
21510
21513
21515
21518
21521
21523
21526
21529
21531
21534
21536
21539
21542
21544
21547
21550
21552
21554
21557
21559
21562
21564
21567
21569
21571
21574
21576
21579
21581
21584
21586
21589
21591
21593
21596
21598
21601
21603
21606
21608
21610
21613
21615
21618
21620
21623
21625
21628
21630
21632
21635
21637
21640
21642
21645
21647
21650
21653
21656
21659
21662
21666
21669
21672
21675
21679
21682
21685
21688
21692
21695
21698
21701
21705
21708
21711
21714
21718
21721
21724
21727
21731
21734
21737
21740
21744
21747
21750
21753
21757
21760
21763
21766
21770
21774
21778
21782
21786
21790
21794
21798
21802
21806
21810
21814
21818
21822
21826
21830
21834
21838
21842
21846
21850
21854
21858
21862
21866
21870
21872
21875
21878
21881
21884
21886
21889
21892
21895
21898
21901
21903
21906
21909
21912
21915
21917
21920
21923
21926
21929
21932
21934
21937
21940
21943
21946
21948
21951
21954
21957
21960
21963
21965
21968
21971
21974
21977
21980
21983
21986
21990
21993
21997
22000
22004
22007
22010
22014
22017
22021
22024
22028
22031
22035
22038
22041
22045
22048
22052
22055
22059
22062
22065
22069
22072
22076
22079
22083
22086
22090
22094
22099
22103
22108
22112
22117
22121
22126
22130
22135
22140
22144
22149
22153
22158
22162
22167
22171
22176
22180
22185
22190
22195
22201
22206
22212
22217
22223
22228
22234
22239
22245
22250
22256
22261
22267
22272
22278
22283
22289
22294
22300
22305
22310
22315
22320
22325
22330
22335
22340
22345
22350
22355
22360
22365
22369
22375
22380
22384
22390
22395
22400
22406
22412
22418
22424
22430
22436
22442
22448
22455
22461
22467
22473
22479
22485
22491
22497
22503
22510
22516
22522
22528
22535
22541
22547
22554
22560
22566
22573
22579
22585
22592
22598
22604
22611
22617
22623
22630
22635
22641
22647
22653
22658
22664
22670
22676
22682
22687
22693
22699
22705
22711
22716
22722
22728
22734
22740
22745
22751
22757
22763
22768
22774
22780
22786
22792
22797
22803
22809
22815
22821
22826
22832
22838
22844
22850
22856
22862
22868
22874
22880
22886
22892
22898
22905
22911
22917
22923
22929
22935
22941
22947
22953
22960
22965
22971
22977
22983
22988
22994
23000
23006
23012
23017
23023
23029
23035
23041
23046
23052
23058
23064
23070
23076
23083
23090
23096
23103
23110
23116
23123
23130
23136
23143
23150
23156
23163
23170
23177
23184
23191
23198
23205
23212
23219
23226
23233
23240
23247
23254
23261
23268
23275
23282
23290
23295
23300
23305
23311
23316
23321
23326
23332
23337
23342
23347
23353
23358
23363
23368
23374
23379
23384
23390
23395
23401
23406
23412
23417
23423
23428
23434
23439
23445
23450
23456
23461
23467
23472
23478
23483
23489
23494
23500
23503
23506
23509
23512
23516
23519
23522
23525
23529
23532
23535
23538
23542
23545
23548
23551
23555
23558
23561
23564
23567
23571
23574
23577
23580
23584
23587
23590
23593
23597
23600
23603
23606
23610
23612
23614
23616
23618
23620
23622
23624
23627
23629
23631
23633
23635
23637
23639
23641
23644
23646
23648
23650
23652
23654
23656
23658
23661
23663
23665
23667
23669
23671
23673
23675
23678
23680
23682
23684
23686
23688
23690
23692
23695
23697
23699
23701
23703
23705
23707
23710
23712
23715
23718
23720
23723
23726
23729
23731
23734
23737
23740
23742
23745
23748
23750
23753
23756
23759
23761
23764
23767
23770
23772
23775
23778
23780
23783
23786
23789
23791
23794
23797
23799
23802
23805
23808
23810
23813
23816
23819
23821
23824
23827
23830
23832
23834
23836
23838
23840
23842
23844
23846
23848
23850
23852
23854
23856
23858
23860
23862
23864
23866
23868
23870
23872
23874
23876
23878
23881
23883
23885
23887
23889
23891
23893
23895
23897
23899
23901
23903
23905
23907
23909
23911
23913
23915
23917
23919
23921
23923
23925
23927
23930
23932
23934
23936
23938
23940
23942
23944
23946
23948
23950
23952
23954
23956
23959
23961
23963
23965
23967
23969
23971
23973
23975
23977
23979
23981
23983
23986
23988
23990
23992
23994
23996
23998
24000
24002
24004
24006
24008
24010
24013
24015
24017
24019
24021
24023
24025
24027
24029
24031
24033
24035
24037
24040
24041
24044
24046
24048
24050
24052
24054
24056
24058
24060
24062
24064
24066
24067
24070
24072
24073
24076
24078
24080
24082
24084
24086
24088
24090
24092
24094
24096
24098
24100
24102
24104
24106
24108
24110
24112
24114
24116
24118
24120
24122
24124
24126
24128
24130
24132
24134
24136
24138
24140
24142
24144
24147
24149
24152
24154
24157
24159
24162
24164
24166
24169
24171
24174
24176
24179
24181
24184
24186
24188
24191
24193
24196
24198
24201
24203
24206
24208
24210
24213
24215
24218
24220
24223
24225
24228
24230
24232
24235
24237
24240
24242
24245
24247
24250
24253
24257
24261
24265
24268
24272
24276
24280
24283
24287
24291
24295
24298
24302
24306
24310
24313
24317
24321
24325
24328
24332
24336
24340
24343
24347
24351
24355
24358
24362
24366
24370
24372
24375
24378
24381
24383
24386
24389
24392
24394
24397
24400
24403
24405
24408
24411
24414
24416
24419
24422
24425
24427
24430
24433
24436
24438
24441
24444
24447
24449
24452
24455
24458
24460
24463
24466
24469
24471
24474
24477
24480
24484
24488
24493
24497
24502
24506
24510
24515
24519
24524
24528
24532
24537
24541
24546
24550
24554
24559
24563
24568
24572
24576
24581
24585
24590
24595
24601
24607
24613
24619
24625
24631
24637
24643
24649
24655
24660
24666
24672
24678
24684
24690
24696
24702
24708
24714
24720
24723
24727
24730
24734
24737
24741
24744
24748
24751
24755
24759
24762
24766
24769
24773
24776
24780
24783
24787
24790
24794
24798
24801
24805
24808
24812
24815
24819
24822
24826
24830
24832
24834
24836
24838
24841
24843
24845
24847
24849
24852
24854
24856
24858
24861
24863
24865
24867
24869
24872
24874
24876
24878
24881
24883
24885
24887
24890
24892
24894
24896
24898
24901
24903
24905
24907
24910
24912
24914
24916
24918
24921
24923
24925
24927
24930
24931
24933
24935
24937
24939
24941
24943
24945
24947
24949
24951
24953
24955
24957
24959
24961
24963
24965
24967
24969
24971
24973
24975
24977
24979
24981
24983
24985
24986
24988
24990
24992
24994
24996
24998
25000
25002
25004
25006
25008
25010
25012
25014
25016
25018
25020
25022
25024
25026
25028
25030
25032
25034
25036
25038
25040
25041
25044
25046
25048
25050
25052
25054
25056
25058
25060
25062
25064
25066
25067
25070
25072
25073
25076
25078
25080
25082
25084
25086
25088
25090
25092
25094
25096
25098
25100
25102
25104
25106
25108
25110
25112
25114
25116
25118
25120
25122
25124
25126
25128
25130
25132
25134
25136
25138
25140
25142
25144
25146
25149
25151
25153
25156
25158
25160
25163
25165
25167
25170
25172
25174
25176
25179
25181
25183
25186
25188
25190
25193
25195
25197
25200
25202
25204
25206
25209
25211
25213
25216
25218
25220
25223
25225
25227
25230
25232
25234
25236
25239
25241
25243
25246
25248
25250
25253
25255
25257
25260
25262
25264
25266
25268
25271
25273
25275
25277
25280
25282
25284
25286
25289
25291
25293
25295
25298
25300
25302
25304
25307
25309
25311
25313
25316
25318
25320
25322
25325
25327
25329
25331
25334
25336
25338
25340
25343
25345
25347
25349
25352
25354
25356
25358
25361
25363
25365
25367
25370
25373
25376
25379
25382
25385
25388
25391
25394
25397
25400
25403
25406
25409
25412
25415
25418
25421
25424
25427
25430
25433
25436
25439
25442
25445
25448
25451
25454
25457
25460
25462
25465
25468
25471
25474
25477
25480
25484
25487
25490
25493
25496
25499
25502
25505
25508
25511
25514
25517
25520
25523
25526
25529
25532
25535
25538
25541
25545
25548
25551
25554
25557
25560
25563
25566
25569
25572
25575
25578
25581
25584
25587
25590
25593
25596
25600
25604
25609
25613
25618
25622
25627
25631
25636
25640
25645
25650
25654
25659
25663
25668
25672
25677
25681
25686
25690
25695
25700
25705
25711
25716
25721
25727
25733
25738
25744
25749
25755
25760
25766
25771
25776
25782
25788
25793
25799
25804
25810
25814
25819
25823
25828
25832
25837
25841
25846
25850
25855
25860
25864
25869
25873
25878
25882
25887
25891
25896
25900
25905
25910
25914
25918
25922
25926
25931
25935
25939
25943
25948
25952
25956
25960
25965
25969
25973
25977
25981
25986
25990
25994
25998
26003
26007
26011
26015
26020
26025
26030
26035
26040
26045
26050
26055
26060
26065
26070
26075
26080
26085
26090
26095
26100
26105
26110
26115
26120
26124
26129
26133
26138
26142
26147
26152
26156
26161
26165
26170
26175
26179
26184
26188
26193
26197
26202
26207
26211
26216
26220
26225
26230
26234
26238
26242
26246
26251
26255
26259
26263
26268
26272
26276
26280
26285
26289
26293
26297
26301
26306
26310
26314
26318
26323
26327
26331
26335
26340
26345
26350
26355
26361
26366
26371
26376
26382
26387
26392
26397
26403
26408
26413
26418
26424
26429
26434
26440
26444
26448
26453
26457
26462
26466
26470
26475
26479
26484
26488
26492
26497
26501
26506
26510
26514
26519
26523
26528
26532
26536
26541
26545
26550
26555
26560
26565
26570
26576
26581
26586
26591
26597
26602
26607
26612
26618
26623
26628
26633
26639
26644
26649
26654
26660
26664
26669
26674
26679
26683
26688
26693
26698
26703
26707
26712
26717
26722
26726
26731
26736
26741
26746
26750
26755
26760
26765
26770
26775
26781
26786
26792
26797
26803
26808
26814
26820
26825
26831
26836
26842
26847
26853
26858
26864
26870
26873
26877
26881
26885
26888
26892
26896
26900
26904
26907
26911
26915
26919
26923
26926
26930
26934
26938
26942
26945
26949
26953
26957
26961
26964
26968
26972
26976
26980
26983
26986
26989
26992
26995
26998
27002
27005
27008
27011
27014
27017
27020
27024
27027
27030
27033
27036
27039
27042
27046
27049
27052
27055
27058
27061
27064
27068
27071
27074
27077
27080
27083
27086
27090
27092
27094
27096
27098
27101
27103
27105
27107
27110
27112
27114
27116
27118
27121
27123
27125
27127
27130
27132
27134
27136
27138
27141
27143
27145
27147
27150
27152
27154
27156
27158
27161
27163
27165
27167
27170
27172
27174
27176
27178
27181
27183
27185
27187
27190
27192
27194
27196
27198
27201
27203
27205
27207
27210
27212
27214
27216
27219
27221
27223
27225
27228
27230
27232
27234
27237
27239
27241
27243
27246
27248
27250
27252
27255
27257
27259
27261
27264
27266
27268
27270
27273
27275
27277
27279
27282
27284
27286
27288
27291
27293
27295
27297
27300
27302
27304
27306
27309
27311
27313
27316
27318
27320
27323
27325
27327
27330
27332
27334
27337
27339
27341
27344
27346
27348
27351
27353
27355
27358
27360
27362
27365
27367
27369
27372
27374
27376
27379
27381
27383
27386
27388
27390
27393
27395
27397
27400
27403
27407
27411
27415
27419
27423
27427
27431
27435
27439
27443
27447
27451
27455
27458
27462
27466
27470
27474
27478
27482
27486
27490
27494
27498
27502
27506
27510
27514
27518
27522
27526
27530
27534
27538
27542
27546
27550
27554
27558
27562
27567
27571
27575
27579
27583
27587
27591
27595
27599
27603
27607
27611
27615
27620
27624
27628
27632
27636
27640
27644
27648
27652
27656
27660
27664
27668
27672
27677
27681
27685
27689
27693
27697
27701
27705
27709
27713
27717
27721
27725
27730
27733
27736
27739
27742
27746
27749
27752
27755
27759
27762
27765
27768
27772
27775
27778
27781
27785
27788
27791
27794
27797
27801
27804
27807
27810
27814
27817
27820
27823
27827
27830
27833
27836
27840
27842
27844
27846
27848
27850
27852
27855
27857
27859
27861
27863
27865
27868
27870
27872
27874
27876
27878
27880
27883
27885
27887
27889
27891
27893
27896
27898
27900
27902
27904
27906
27909
27911
27913
27915
27917
27919
27921
27924
27926
27928
27930
27932
27934
27937
27939
27941
27943
27945
27947
27950
27952
27954
27956
27958
27961
27963
27965
27967
27970
27972
27974
27976
27979
27981
27983
27985
27988
27990
27992
27994
27997
27999
28001
28003
28006
28008
28010
28012
28015
28017
28019
28021
28024
28026
28028
28030
28033
28035
28037
28039
28042
28044
28046
28048
28051
28053
28055
28057
28060
28061
28064
28066
28067
28070
28072
28073
28076
28078
28080
28082
28084
28086
28087
28090
28092
28093
28096
28098
28099
28102
28104
28105
28108
28110
28112
28114
28116
28118
28120
28122
28124
28126
28128
28130
28132
28134
28136
28137
28140
28142
28144
28146
28148
28150
28152
28154
28156
28158
28160
28161
28163
28165
28167
28169
28171
28173
28175
28177
28179
28181
28183
28185
28187
28189
28191
28193
28195
28197
28199
28201
28203
28205
28207
28209
28211
28213
28215
28216
28218
28220
28222
28224
28226
28228
28230
28232
28234
28236
28238
28240
28242
28244
28246
28248
28250
28252
28254
28256
28258
28260
28262
28264
28266
28268
28270
28272
28274
28276
28278
28281
28283
28285
28287
28290
28292
28294
28296
28298
28301
28303
28305
28307
28310
28312
28314
28316
28318
28321
28323
28325
28327
28330
28332
28334
28336
28338
28341
28343
28345
28347
28350
28352
28354
28356
28358
28361
28363
28365
28367
28370
28372
28375
28378
28380
28383
28386
28388
28391
28394
28396
28399
28402
28404
28407
28410
28412
28415
28418
28420
28423
28426
28429
28431
28434
28437
28439
28442
28445
28447
28450
28453
28455
28458
28461
28463
28466
28469
28471
28474
28477
28480
28482
28485
28487
28490
28492
28495
28497
28500
28502
28505
28507
28510
28512
28515
28517
28520
28522
28525
28527
28530
28532
28535
28537
28540
28542
28545
28547
28550
28552
28555
28557
28560
28562
28565
28567
28570
28572
28575
28577
28580
28582
28585
28587
28590
28592
28594
28596
28599
28601
28603
28606
28608
28610
28613
28615
28617
28620
28622
28624
28627
28629
28631
28634
28636
28638
28641
28643
28645
28648
28650
28652
28655
28657
28659
28662
28664
28666
28669
28671
28673
28676
28678
28680
28683
28685
28687
28690
28692
28694
28696
28698
28700
28702
28705
28707
28709
28711
28713
28715
28718
28720
28722
28724
28726
28728
28730
28733
28735
28737
28739
28741
28743
28746
28748
28750
28752
28754
28756
28759
28761
28763
28765
28767
28769
28771
28774
28776
28778
28780
28782
28784
28787
28789
28791
28793
28795
28797
28800
28802
28805
28807
28810
28813
28815
28818
28821
28823
28826
28828
28831
28834
28836
28839
28842
28844
28847
28850
28852
28855
28857
28860
28863
28865
28868
28871
28873
28876
28878
28881
28884
28886
28889
28892
28894
28897
28900
28902
28904
28906
28908
28910
28912
28914
28916
28919
28921
28923
28925
28927
28929
28931
28933
28935
28938
28940
28942
28944
28946
28948
28950
28952
28955
28957
28959
28961
28963
28965
28967
28969
28971
28974
28976
28978
28980
28982
28984
28986
28988
28990
28993
28995
28997
28999
29001
29003
29005
29007
29010
29012
29014
29016
29019
29021
29023
29026
29028
29030
29032
29035
29037
29039
29042
29044
29046
29048
29051
29053
29055
29058
29060
29062
29065
29067
29069
29071
29074
29076
29078
29081
29083
29085
29087
29090
29092
29094
29097
29099
29101
29103
29106
29108
29110
29113
29115
29117
29120
29122
29125
29127
29130
29132
29135
29137
29140
29142
29145
29147
29150
29152
29155
29157
29160
29162
29165
29167
29170
29172
29175
29177
29180
29182
29185
29187
29190
29192
29195
29197
29200
29202
29205
29207
29210
29212
29215
29217
29220
29222
29225
29227
29230
29232
29234
29236
29238
29240
29242
29244
29246
29248
29250
29252
29254
29256
29258
29260
29262
29264
29266
29268
29270
29272
29274
29276
29278
29280
29282
29285
29287
29289
29291
29293
29295
29297
29299
29301
29303
29305
29307
29309
29311
29313
29315
29317
29319
29321
29323
29325
29327
29329
29331
29333
29335
29337
29340
29342
29344
29346
29348
29350
29352
29354
29356
29358
29360
29362
29364
29366
29368
29370
29372
29374
29376
29378
29380
29382
29384
29386
29388
29390
29392
29394
29396
29398
29400
29402
29404
29406
29408
29410
29412
29414
29416
29418
29420
29422
29424
29426
29428
29430
29432
29434
29436
29438
29440
29442
29444
29447
29449
29452
29454
29457
29459
29462
29464
29466
29469
29471
29474
29476
29479
29481
29484
29486
29488
29491
29493
29496
29498
29501
29503
29506
29508
29510
29513
29515
29518
29520
29523
29525
29528
29530
29532
29535
29537
29540
29542
29545
29547
29550
29551
29553
29555
29557
29559
29561
29563
29565
29567
29569
29571
29573
29575
29577
29579
29581
29583
29585
29587
29589
29591
29593
29595
29597
29599
29600
29602
29604
29606
29608
29610
29612
29614
29616
29618
29620
29622
29624
29626
29628
29630
29632
29634
29636
29638
29640
29642
29644
29646
29648
29650
29652
29654
29657
29659
29661
29664
29666
29668
29671
29673
29675
29678
29680
29682
29685
29687
29689
29692
29694
29696
29699
29701
29703
29706
29708
29710
29713
29715
29717
29720
29722
29724
29727
29729
29731
29734
29736
29738
29741
29743
29745
29748
29750
29752
29755
29757
29760
29762
29764
29767
29769
29771
29774
29776
29778
29781
29783
29785
29788
29790
29792
29795
29797
29799
29802
29804
29806
29809
29811
29813
29816
29818
29820
29823
29825
29827
29830
29832
29834
29837
29839
29841
29844
29846
29848
29851
29853
29855
29858
29860
29862
29865
29867
29870
29871
29873
29875
29877
29879
29881
29883
29885
29887
29889
29891
29893
29895
29897
29899
29901
29903
29905
29907
29909
29911
29913
29915
29917
29919
29921
29923
29925
29926
29928
29930
29932
29934
29936
29938
29940
29942
29944
29946
29948
29950
29952
29954
29956
29958
29960
29962
29964
29966
29968
29970
29972
29974
29976
29978
29980
