1
3
4
6
7
9
11
12
14
15
17
19
20
22
23
25
27
28
30
31
33
35
36
38
39
41
43
44
46
47
49
51
52
54
55
57
58
60
62
63
65
66
68
70
71
73
74
76
78
79
81
82
84
86
87
89
90
92
94
95
97
98
100
102
103
105
106
108
110
111
113
114
116
117
119
120
122
123
125
126
128
130
131
133
134
136
137
139
140
142
143
145
146
148
150
151
153
154
156
157
159
160
162
163
165
166
168
169
171
173
174
176
177
179
180
182
183
185
186
188
190
191
193
194
196
197
199
200
202
203
205
206
208
210
211
212
214
215
217
218
220
221
223
224
225
227
228
230
231
233
234
236
237
238
240
241
243
244
246
247
249
250
251
253
254
256
257
259
260
262
263
265
266
267
269
270
272
273
275
276
278
279
280
282
283
285
286
288
289
291
292
293
295
296
298
299
301
302
304
305
306
308
309
311
312
314
315
317
318
320
321
323
324
326
328
329
331
333
334
336
338
339
341
342
344
346
347
349
351
352
354
356
357
359
360
362
364
365
367
369
370
372
374
375
377
379
380
382
383
385
387
388
390
392
393
395
397
398
400
401
403
405
406
408
410
411
413
415
416
418
420
421
422
424
425
427
428
430
431
433
434
436
437
439
440
442
443
445
446
448
449
451
452
454
455
457
458
460
461
463
464
466
467
469
470
472
473
475
476
477
479
480
482
483
485
486
488
489
491
492
494
495
497
498
500
501
503
504
506
507
509
510
512
513
515
516
518
519
521
522
524
525
527
528
530
531
533
534
536
537
539
541
542
544
545
547
549
550
552
553
555
556
558
560
561
563
564
566
568
569
571
572
574
576
577
579
580
582
583
585
587
588
590
591
593
595
596
598
599
601
603
604
606
607
609
610
612
614
615
617
618
620
622
623
625
626
628
630
631
633
634
636
637
639
641
642
644
645
647
648
650
652
653
655
656
658
659
661
663
664
666
667
669
670
672
674
675
677
678
680
681
683
685
686
688
689
691
692
694
696
697
699
700
702
703
705
707
708
710
711
713
714
716
718
719
721
722
724
725
727
729
730
732
733
735
736
738
740
741
743
745
747
749
751
752
754
756
758
760
762
763
765
767
769
771
773
774
776
778
780
782
784
785
787
789
791
793
794
796
798
800
802
804
805
807
809
811
813
815
817
818
820
822
824
826
828
829
831
833
835
837
839
840
842
844
846
848
850
851
852
853
855
856
857
858
860
861
862
864
865
866
867
869
870
871
873
874
875
876
878
879
880
882
883
884
885
887
888
889
891
892
893
894
896
897
898
899
901
902
903
905
906
907
908
910
911
912
914
915
916
917
919
920
921
923
924
925
926
928
929
930
932
933
934
935
937
938
939
941
942
943
944
946
947
948
950
951
952
954
955
957
958
960
961
963
964
966
967
969
970
972
973
975
976
978
979
981
982
984
985
987
988
990
991
993
994
996
997
999
1000
1002
1003
1004
1006
1007
1009
1010
1012
1013
1015
1016
1018
1019
1021
1022
1024
1025
1027
1028
1030
1031
1033
1034
1036
1037
1039
1040
1042
1043
1045
1046
1048
1049
1051
1052
1054
1055
1057
1058
1060
1061
1063
1065
1066
1068
1070
1071
1073
1075
1076
1078
1080
1082
1083
1085
1087
1088
1090
1092
1093
1095
1097
1098
1100
1102
1104
1105
1107
1109
1110
1112
1114
1115
1117
1119
1121
1122
1124
1126
1127
1129
1131
1132
1134
1136
1137
1139
1141
1143
1144
1146
1148
1149
1151
1153
1154
1156
1158
1160
1161
1163
1164
1166
1167
1169
1170
1172
1173
1175
1177
1178
1180
1181
1183
1184
1186
1187
1189
1190
1192
1194
1195
1197
1198
1200
1201
1203
1204
1206
1208
1209
1211
1212
1214
1215
1217
1218
1220
1221
1223
1225
1226
1228
1229
1231
1232
1234
1235
1237
1239
1240
1242
1243
1245
1246
1248
1249
1251
1252
1254
1256
1257
1259
1260
1262
1263
1265
1266
1268
1270
1271
1273
1274
1276
1278
1279
1281
1283
1284
1286
1288
1289
1291
1292
1294
1296
1297
1299
1301
1302
1304
1306
1307
1309
1311
1312
1314
1315
1317
1319
1320
1322
1324
1325
1327
1329
1330
1332
1334
1335
1337
1338
1340
1342
1343
1345
1347
1348
1350
1352
1353
1355
1357
1358
1360
1361
1363
1365
1366
1368
1370
1371
1373
1375
1376
1378
1380
1381
1383
1385
1387
1389
1391
1393
1395
1397
1398
1400
1402
1404
1406
1408
1410
1412
1414
1416
1417
1419
1421
1423
1425
1427
1429
1431
1433
1435
1436
1438
1440
1442
1444
1446
1448
1450
1452
1453
1455
1457
1459
1461
1463
1465
1467
1469
1471
1472
1474
1476
1478
1480
1482
1484
1486
1488
1490
1491
1492
1493
1494
1496
1497
1498
1499
1501
1502
1503
1504
1505
1507
1508
1509
1510
1512
1513
1514
1515
1516
1518
1519
1520
1521
1523
1524
1525
1526
1527
1529
1530
1531
1532
1534
1535
1536
1537
1538
1540
1541
1542
1543
1545
1546
1547
1548
1549
1551
1552
1553
1554
1556
1557
1558
1559
1560
1562
1563
1564
1565
1567
1568
1569
1570
1571
1573
1574
1575
1576
1578
1579
1580
1581
1582
1584
1585
1586
1587
1589
1590
1591
1592
1593
1595
1596
1597
1598
1600
1601
1603
1604
1606
1607
1609
1611
1612
1614
1615
1617
1619
1620
1622
1623
1625
1626
1628
1630
1631
1633
1634
1636
1638
1639
1641
1642
1644
1646
1647
1649
1650
1652
1653
1655
1657
1658
1660
1661
1663
1665
1666
1668
1669
1671
1673
1674
1676
1677
1679
1680
1682
1684
1685
1687
1688
1690
1692
1693
1695
1696
1698
1700
1701
1702
1704
1705
1706
1708
1709
1711
1712
1713
1715
1716
1718
1719
1720
1722
1723
1725
1726
1727
1729
1730
1732
1733
1734
1736
1737
1738
1740
1741
1743
1744
1745
1747
1748
1750
1751
1752
1754
1755
1757
1758
1759
1761
1762
1764
1765
1766
1768
1769
1771
1772
1773
1775
1776
1777
1779
1780
1782
1783
1784
1786
1787
1789
1790
1791
1793
1794
1796
1797
1798
1800
1801
1803
1804
1805
1807
1808
1810
1811
1813
1815
1817
1819
1821
1822
1824
1826
1828
1830
1832
1834
1835
1837
1839
1841
1843
1845
1847
1848
1850
1852
1854
1856
1858
1859
1861
1863
1865
1867
1869
1871
1872
1874
1876
1878
1880
1882
1884
1885
1887
1889
1891
1893
1895
1897
1898
1900
1902
1904
1906
1908
1910
1911
1913
1914
1916
1917
1919
1920
1922
1924
1925
1927
1928
1930
1932
1933
1935
1936
1938
1939
1941
1943
1944
1946
1947
1949
1950
1952
1954
1955
1957
1958
1960
1961
1963
1964
1966
1968
1969
1971
1972
1974
1976
1977
1979
1980
1982
1983
1985
1987
1988
1990
1991
1993
1994
1996
1998
1999
2001
2002
2004
2005
2007
2009
2010
2012
2013
2015
2016
2018
2020
2021
2023
2025
2026
2028
2030
2032
2033
2035
2037
2039
2040
2042
2044
2046
2047
2049
2051
2053
2054
2056
2058
2060
2061
2063
2065
2067
2068
2070
2072
2074
2075
2077
2079
2081
2082
2084
2086
2088
2089
2091
2093
2095
2096
2098
2100
2102
2103
2105
2107
2109
2110
2112
2114
2116
2117
2119
2121
2123
2124
2126
2128
2130
2132
2134
2136
2138
2140
2142
2144
2146
2148
2150
2152
2154
2156
2158
2161
2163
2165
2167
2169
2171
2173
2175
2177
2179
2181
2183
2185
2187
2190
2192
2194
2196
2198
2200
2202
2204
2206
2208
2210
2212
2214
2216
2218
2221
2223
2225
2227
2229
2231
2233
2235
2237
2239
2241
2243
2245
2247
2250
2251
2252
2254
2255
2257
2258
2260
2261
2263
2264
2266
2267
2269
2270
2272
2273
2275
2276
2278
2279
2281
2282
2284
2285
2287
2288
2290
2291
2293
2294
2296
2297
2299
2300
2302
2303
2304
2306
2307
2309
2310
2312
2313
2315
2316
2318
2319
2321
2322
2324
2325
2327
2328
2330
2331
2333
2334
2336
2337
2339
2340
2342
2343
2345
2346
2348
2349
2351
2352
2354
2355
2357
2358
2360
2361
2363
2364
2366
2368
2369
2371
2373
2374
2376
2378
2379
2381
2382
2384
2386
2387
2389
2391
2392
2394
2396
2397
2399
2400
2402
2404
2405
2407
2409
2410
2412
2414
2415
2417
2419
2420
2422
2423
2425
2427
2428
2430
2432
2433
2435
2437
2438
2440
2441
2443
2445
2446
2448
2450
2451
2453
2455
2456
2458
2460
2461
2462
2464
2465
2466
2468
2469
2470
2472
2473
2474
2476
2477
2478
2480
2481
2482
2484
2485
2486
2488
2489
2490
2492
2493
2494
2496
2497
2498
2500
2501
2502
2504
2505
2506
2508
2509
2510
2512
2513
2515
2516
2517
2519
2520
2521
2523
2524
2525
2527
2528
2529
2531
2532
2533
2535
2536
2537
2539
2540
2541
2543
2544
2545
2547
2548
2549
2551
2552
2553
2555
2556
2557
2559
2560
2561
2563
2564
2565
2567
2568
2570
2571
2573
2575
2577
2578
2580
2582
2584
2586
2587
2589
2591
2593
2594
2596
2598
2600
2602
2603
2605
2607
2609
2611
2612
2614
2616
2618
2620
2621
2623
2625
2627
2628
2630
2632
2634
2636
2637
2639
2641
2643
2645
2646
2648
2650
2652
2653
2655
2657
2659
2661
2662
2664
2666
2668
2670
2671
2673
2674
2676
2677
2679
2680
2682
2683
2685
2686
2688
2689
2691
2692
2694
2695
2697
2698
2700
2701
2703
2704
2706
2707
2709
2710
2712
2713
2715
2716
2718
2719
2721
2722
2724
2725
2727
2728
2730
2731
2733
2734
2736
2737
2739
2740
2742
2743
2745
2746
2748
2749
2751
2752
2754
2755
2757
2758
2760
2761
2763
2764
2766
2767
2769
2770
2772
2773
2775
2776
2778
2780
2781
2782
2784
2785
2787
2788
2790
2791
2793
2794
2795
2797
2798
2800
2801
2803
2804
2806
2807
2808
2810
2811
2813
2814
2816
2817
2819
2820
2822
2823
2824
2826
2827
2829
2830
2832
2833
2835
2836
2837
2839
2840
2842
2843
2845
2846
2848
2849
2851
2852
2853
2855
2856
2858
2859
2861
2862
2864
2865
2866
2868
2869
2871
2872
2874
2875
2877
2878
2880
2881
2883
2884
2886
2887
2889
2891
2892
2894
2895
2897
2898
2900
2902
2903
2905
2906
2908
2909
2911
2913
2914
2916
2917
2919
2920
2922
2924
2925
2927
2928
2930
2931
2933
2935
2936
2938
2939
2941
2942
2944
2946
2947
2949
2950
2952
2953
2955
2957
2958
2960
2961
2963
2964
2966
2968
2969
2971
2972
2974
2975
2977
2979
2980
2982
2983
2985
2986
2988
2990
2991
2992
2993
2995
2996
2997
2998
3000
3001
3002
3003
3005
3006
3007
3008
3010
3011
3012
3013
3015
3016
3017
3018
3020
3021
3022
3023
3025
3026
3027
3028
3030
3031
3032
3033
3035
3036
3037
3038
3040
3041
3042
3043
3045
3046
3047
3048
3050
3051
3052
3053
3055
3056
3057
3058
3060
3061
3062
3063
3065
3066
3067
3068
3070
3071
3072
3073
3075
3076
3077
3078
3080
3081
3082
3083
3085
3086
3087
3088
3090
3091
3092
3093
3095
3096
3097
3098
3100
3101
3102
3104
3105
3106
3108
3109
3110
3112
3113
3114
3116
3117
3118
3120
3121
3122
3124
3125
3127
3128
3129
3131
3132
3133
3135
3136
3137
3139
3140
3141
3143
3144
3145
3147
3148
3150
3151
3152
3154
3155
3156
3158
3159
3160
3162
3163
3164
3166
3167
3168
3170
3171
3172
3174
3175
3177
3178
3179
3181
3182
3183
3185
3186
3187
3189
3190
3191
3193
3194
3195
3197
3198
3200
3201
3203
3205
3207
3209
3211
3213
3215
3217
3219
3221
3223
3225
3227
3228
3230
3232
3234
3236
3238
3240
3242
3244
3246
3248
3250
3252
3254
3255
3257
3259
3261
3263
3265
3267
3269
3271
3273
3275
3277
3279
3281
3282
3284
3286
3288
3290
3292
3294
3296
3298
3300
3302
3304
3306
3308
3310
3311
3312
3314
3315
3317
3318
3320
3321
3323
3324
3325
3327
3328
3330
3331
3333
3334
3336
3337
3338
3340
3341
3343
3344
3346
3347
3349
3350
3352
3353
3354
3356
3357
3359
3360
3362
3363
3365
3366
3367
3369
3370
3372
3373
3375
3376
3378
3379
3381
3382
3383
3385
3386
3388
3389
3391
3392
3394
3395
3396
3398
3399
3401
3402
3404
3405
3407
3408
3410
3411
3413
3415
3417
3419
3421
3422
3424
3426
3428
3430
3432
3433
3435
3437
3439
3441
3443
3444
3446
3448
3450
3452
3454
3455
3457
3459
3461
3463
3465
3466
3468
3470
3472
3474
3476
3477
3479
3481
3483
3485
3487
3488
3490
3492
3494
3496
3498
3499
3501
3503
3505
3507
3509
3510
3512
3514
3516
3518
3520
3521
3523
3524
3526
3528
3529
3531
3532
3534
3536
3537
3539
3541
3542
3544
3545
3547
3549
3550
3552
3553
3555
3557
3558
3560
3562
3563
3565
3566
3568
3570
3571
3573
3575
3576
3578
3579
3581
3583
3584
3586
3587
3589
3591
3592
3594
3596
3597
3599
3600
3602
3604
3605
3607
3608
3610
3612
3613
3615
3617
3618
3620
3621
3623
3625
3626
3628
3630
3631
3633
3634
3636
3637
3639
3641
3642
3644
3645
3647
3648
3650
3652
3653
3655
3656
3658
3659
3661
3663
3664
3666
3667
3669
3670
3672
3674
3675
3677
3678
3680
3681
3683
3685
3686
3688
3689
3691
3692
3694
3696
3697
3699
3700
3702
3703
3705
3707
3708
3710
3711
3713
3714
3716
3718
3719
3721
3722
3724
3725
3727
3729
3730
3732
3733
3735
3736
3738
3740
3741
3743
3745
3747
3749
3751
3753
3754
3756
3758
3760
3762
3764
3766
3767
3769
3771
3773
3775
3777
3779
3781
3782
3784
3786
3788
3790
3792
3794
3795
3797
3799
3801
3803
3805
3807
3808
3810
3812
3814
3816
3818
3820
3822
3823
3825
3827
3829
3831
3833
3835
3836
3838
3840
3842
3844
3846
3848
3850
3851
3853
3855
3857
3859
3860
3862
3864
3866
3868
3870
3871
3873
3875
3877
3879
3880
3882
3884
3886
3888
3890
3891
3893
3895
3897
3899
3900
3902
3904
3906
3908
3910
3911
3913
3915
3917
3919
3920
3922
3924
3926
3928
3930
3931
3933
3935
3937
3939
3940
3942
3944
3946
3948
3950
3951
3953
3955
3956
3958
3960
3961
3963
3965
3966
3968
3970
3971
3973
3975
3976
3978
3980
3981
3983
3985
3986
3988
3989
3991
3993
3995
3996
3998
4000
4001
4003
4005
4006
4008
4010
4011
4013
4014
4016
4018
4019
4021
4023
4024
4026
4028
4029
4031
4033
4035
4036
4038
4040
4041
4043
4045
4046
4048
4050
4051
4053
4054
4056
4058
4059
4062
4064
4066
4068
4070
4072
4074
4076
4078
4080
4082
4084
4086
4088
4090
4092
4094
4096
4098
4100
4102
4104
4106
4108
4111
4113
4115
4117
4119
4121
4123
4125
4127
4129
4131
4133
4135
4137
4139
4141
4143
4145
4147
4149
4151
4153
4155
4157
4160
4163
4166
4169
4172
4175
4178
4182
4185
4188
4191
4194
4197
4200
4204
4207
4210
4213
4216
4219
4222
4226
4229
4232
4235
4238
4241
4244
4247
4251
4254
4257
4260
4263
4266
4270
4272
4274
4276
4278
4281
4283
4285
4287
4290
4292
4294
4296
4299
4301
4303
4305
4308
4310
4312
4314
4317
4319
4321
4323
4326
4328
4330
4332
4335
4337
4339
4341
4344
4346
4348
4350
4353
4355
4357
4359
4362
4364
4366
4368
4371
4373
4375
4377
4380
4382
4385
4387
4390
4392
4395
4397
4400
4403
4405
4408
4410
4413
4415
4418
4420
4423
4426
4428
4431
4433
4436
4438
4441
4443
4446
4449
4451
4454
4456
4459
4461
4464
4466
4469
4472
4474
4477
4479
4482
4484
4487
4490
4493
4496
4499
4502
4505
4508
4511
4514
4517
4520
4523
4526
4529
4532
4535
4538
4541
4545
4548
4551
4554
4557
4560
4563
4566
4569
4572
4575
4578
4581
4584
4587
4590
4593
4596
4600
4604
4608
4612
4616
4620
4625
4629
4633
4637
4641
4645
4650
4654
4658
4662
4666
4670
4675
4679
4683
4687
4691
4695
4700
4702
4705
4707
4710
4712
4715
4717
4720
4723
4725
4728
4730
4733
4735
4738
4740
4743
4746
4748
4751
4753
4756
4758
4761
4763
4766
4769
4771
4774
4776
4779
4781
4784
4786
4789
4792
4794
4797
4799
4802
4804
4807
4810
4812
4814
4816
4818
4820
4823
4825
4827
4829
4831
4833
4836
4838
4840
4842
4844
4846
4849
4851
4853
4855
4857
4859
4862
4864
4866
4868
4870
4873
4875
4877
4879
4881
4883
4886
4888
4890
4892
4894
4896
4899
4901
4903
4905
4907
4910
4912
4915
4918
4921
4924
4927
4930
4933
4936
4938
4941
4944
4947
4950
4953
4956
4959
4962
4965
4967
4970
4973
4976
4979
4982
4985
4988
4991
4993
4996
4999
5002
5005
5008
5011
5014
5017
5020
5023
5027
5031
5034
5038
5042
5045
5049
5053
5056
5060
5064
5067
5071
5074
5078
5082
5085
5089
5093
5096
5100
5104
5108
5111
5115
5119
5122
5126
5130
5133
5137
5141
5145
5149
5153
5157
5161
5165
5169
5173
5177
5181
5185
5188
5192
5196
5200
5204
5208
5212
5216
5220
5224
5228
5232
5236
5240
5242
5245
5247
5250
5253
5255
5258
5260
5263
5266
5268
5271
5274
5276
5279
5281
5284
5287
5289
5292
5295
5297
5300
5302
5305
5308
5310
5313
5315
5318
5321
5323
5326
5329
5331
5334
5336
5339
5342
5344
5347
5350
5354
5358
5363
5367
5371
5376
5380
5384
5389
5393
5397
5402
5406
5410
5415
5419
5423
5428
5432
5436
5441
5445
5450
5455
5460
5465
5470
5476
5481
5486
5491
5497
5502
5507
5512
5518
5523
5528
5533
5539
5544
5549
5554
5560
5564
5568
5571
5576
5580
5584
5587
5592
5596
5600
5603
5608
5612
5616
5619
5624
5628
5632
5635
5640
5644
5648
5651
5656
5660
5664
5667
5672
5676
5680
5683
5687
5690
5694
5697
5701
5704
5708
5711
5715
5719
5722
5726
5729
5733
5736
5740
5743
5747
5750
5754
5758
5761
5765
5768
5772
5775
5779
5782
5786
5790
5793
5796
5800
5803
5807
5810
5814
5817
5821
5824
5827
5831
5834
5838
5841
5845
5848
5852
5855
5858
5862
5865
5869
5872
5876
5879
5883
5886
5890
5893
5896
5899
5903
5906
5910
5913
5916
5920
5923
5926
5930
5933
5936
5939
5943
5946
5950
5953
5956
5960
5963
5966
5970
5973
5976
5979
5983
5986
5990
5993
5996
6000
6002
6005
6008
6011
6013
6016
6019
6022
6025
6027
6030
6033
6036
6039
6041
6044
6047
6050
6053
6055
6058
6061
6064
6066
6069
6072
6075
6078
6080
6083
6086
6089
6092
6094
6097
6100
6103
6106
6108
6111
6114
6117
6120
6124
6129
6134
6139
6143
6148
6153
6158
6162
6167
6172
6177
6181
6186
6191
6196
6200
6205
6210
6215
6220
6223
6226
6229
6232
6236
6239
6242
6245
6249
6252
6255
6258
6262
6265
6268
6271
6275
6278
6281
6284
6288
6291
6294
6297
6301
6304
6307
6310
6314
6317
6320
6323
6327
6330
6333
6336
6340
6343
6346
6349
6352
6355
6358
6361
6365
6368
6371
6374
6377
6380
6383
6386
6390
6393
6396
6399
6402
6405
6408
6411
6415
6418
6421
6424
6427
6430
6433
6436
6440
6443
6447
6451
6455
6458
6462
6466
6470
6473
6477
6481
6485
6488
6492
6496
6500
6503
6507
6511
6515
6518
6522
6526
6529
6533
6537
6541
6545
6548
6552
6556
6560
6563
6566
6569
6572
6575
6578
6581
6585
6588
6591
6594
6597
6600
6603
6606
6609
6613
6616
6619
6622
6625
6628
6631
6635
6638
6641
6644
6647
6650
6653
6656
6660
6663
6667
6671
6675
6679
6683
6687
6691
6695
6699
6703
6707
6711
6715
6718
6722
6726
6730
6734
6738
6742
6746
6750
6754
6758
6762
6766
6770
6772
6775
6778
6781
6783
6786
6789
6792
6794
6797
6800
6803
6805
6808
6811
6814
6816
6819
6822
6824
6827
6830
6833
6835
6838
6841
6844
6846
6849
6852
6855
6858
6860
6863
6866
6869
6871
6874
6877
6880
6883
6886
6889
6892
6896
6899
6902
6905
6909
6912
6915
6918
6922
6925
6928
6931
6935
6938
6941
6944
6947
6951
6954
6957
6960
6964
6967
6970
6973
6977
6980
6983
6986
6990
6992
6995
6997
7000
7003
7005
7008
7010
7013
7016
7018
7021
7024
7026
7029
7031
7034
7037
7039
7042
7045
7047
7050
7052
7055
7058
7060
7063
7065
7068
7071
7073
7076
7079
7081
7084
7086
7089
7092
7094
7097
7100
7104
7108
7112
7116
7120
7124
7128
7132
7136
7140
7144
7148
7152
7156
7160
7164
7168
7172
7176
7180
7184
7188
7192
7196
7200
7203
7207
7210
7214
7217
7221
7224
7228
7231
7235
7239
7242
7246
7249
7253
7256
7260
7263
7267
7270
7274
7278
7281
7285
7288
7292
7295
7299
7302
7306
7310
7312
7315
7318
7321
7324
7327
7330
7333
7336
7339
7342
7345
7348
7351
7354
7357
7359
7362
7365
7368
7371
7374
7377
7380
7383
7386
7389
7392
7395
7398
7401
7404
7407
7410
7413
7416
7419
7422
7425
7428
7431
7434
7437
7440
7443
7446
7449
7452
7455
7458
7461
7464
7467
7470
7473
7476
7479
7482
7485
7488
7491
7494
7497
7500
7503
7506
7509
7512
7515
7518
7521
7524
7527
7530
7532
7535
7538
7541
7544
7547
7550
7552
7555
7558
7561
7564
7567
7570
7572
7575
7578
7581
7584
7587
7590
7592
7595
7598
7601
7604
7607
7610
7612
7615
7618
7621
7624
7627
7630
7638
7647
7656
7664
7673
7681
7690
7699
7708
7716
7725
7734
7742
7751
7760
7762
7765
7768
7771
7774
7777
7780
7783
7786
7788
7791
7794
7797
7800
7803
7806
7809
7811
7814
7817
7820
7823
7826
7829
7832
7835
7838
7840
7843
7846
7849
7852
7855
7858
7861
7864
7866
7869
7872
7875
7878
7881
7884
7887
7890
7905
7921
7937
7952
7968
7984
8000
8007
8015
8023
8031
8039
8047
8055
8062
8070
8078
8086
8094
8102
8109
8115
8120
8125
8131
8136
8141
8146
8152
8157
8162
8167
8173
8178
8183
8188
8194
8199
8204
8210
8228
8246
8265
8283
8301
8320
8336
8353
8370
8386
8403
8420
8432
8444
8456
8468
8481
8493
8505
8517
8530
8542
8555
8567
8580
8592
8605
8617
8630
8636
8642
8649
8655
8662
8668
8675
8681
8688
8694
8701
8707
8714
8720
8727
8733
8740
8748
8756
8764
8772
8780
8788
8796
8804
8812
8820
8828
8836
8844
8852
8860
8870
8879
8890
8900
8910
8920
8930
8940
8950
8960
8966
8972
8978
8984
8990
8996
9002
9008
9015
9021
9027
9033
9039
9045
9051
9057
9063
9070
9075
9081
9086
9092
9097
9103
9108
9114
9120
9125
9131
9136
9142
9147
9153
9158
9164
9170
9179
9188
9197
9206
9215
9225
9234
9243
9252
9261
9270
9280
9286
9293
9299
9306
9313
9320
9326
9333
9340
9346
9353
9360
9366
9373
9380
9390
9400
9410
9420
9430
9440
9450
9460
9470
9480
9490
9497
9504
9512
9519
9526
9534
9541
9548
9556
9563
9570
9578
9585
9592
9600
9603
9607
9610
9614
9617
9621
9624
9628
9631
9635
9638
9642
9645
9649
9652
9656
9660
9663
9667
9670
9674
9677
9681
9684
9688
9691
9695
9698
9702
9705
9709
9712
9716
9720
9726
9732
9738
9744
9750
9756
9762
9768
9775
9781
9787
9793
9799
9805
9811
9817
9823
9830
9836
9842
9848
9855
9861
9867
9873
9879
9886
9892
9898
9905
9911
9917
9923
9930
9935
9940
9946
9952
9957
9963
9968
9974
9979
9985
9990
9995
10001
10007
10012
10017
10023
10029
10034
10040
10049
10059
10070
10080
10090
10100
10110
10120
10130
10140
10147
10155
10163
10171
10179
10187
10195
10202
10210
10218
10226
10234
10242
10250
10259
10268
10277
10286
10295
10305
10314
10323
10332
10341
10350
10360
10366
10373
10380
10387
10394
10401
10408
10415
10421
10428
10435
10442
10449
10456
10463
10470
10478
10486
10495
10503
10512
10520
10529
10537
10546
10554
10563
10571
10580
10585
10590
10595
10601
10606
10611
10616
10622
10627
10632
10637
10643
10648
10653
10658
10664
10669
10674
10680
10686
10693
10700
10707
10714
10721
10728
10735
10741
10748
10755
10762
10769
10776
10783
10790
10796
10803
10810
10817
10824
10831
10838
10844
10851
10858
10865
10872
10879
10886
10893
10900
10907
10914
10922
10929
10936
10944
10951
10958
10966
10973
10980
10988
10995
11002
11010
11015
11021
11027
11033
11038
11044
11050
11056
11062
11067
11073
11079
11085
11091
11096
11102
11108
11114
11120
11125
11129
11135
11139
11145
11149
11155
11160
11165
11170
11174
11180
11184
11190
11195
11200
11205
11209
11215
11219
11225
11230
11235
11240
11245
11250
11254
11260
11267
11275
11282
11290
11297
11305
11312
11320
11327
11335
11342
11350
11357
11365
11372
11380
11390
11400
11410
11420
11430
11440
11450
11460
11470
11480
11490
11500
11507
11514
11521
11528
11536
11543
11550
11557
11565
11572
11579
11586
11593
11601
11608
11615
11622
11630
11635
11640
11645
11650
11656
11661
11666
11671
11676
11682
11687
11692
11697
11703
11708
11713
11718
11723
11729
11734
11739
11744
11750
11756
11762
11769
11775
11782
11788
11795
11801
11808
11814
11821
11827
11834
11840
11847
11853
11860
11872
11885
11897
11910
11922
11935
11947
11960
11967
11974
11982
11989
11996
12004
12011
12018
12026
12033
12040
12048
12055
12062
12070
12079
12088
12097
12106
12115
12124
12133
12142
12151
12160
12170
12176
12182
12188
12194
12200
12206
12212
12218
12225
12231
12237
12243
12249
12255
12261
12267
12273
12280
12287
12294
12301
12308
12315
12322
12330
12337
12344
12351
12358
12365
12372
12380
12386
12392
12399
12405
12412
12418
12425
12431
12438
12444
12451
12457
12464
12470
12477
12483
12490
12496
12502
12508
12514
12520
12526
12532
12538
12545
12551
12557
12563
12569
12575
12581
12587
12593
12600
12605
12611
12617
12623
12629
12635
12641
12647
12652
12658
12664
12670
12676
12682
12688
12694
12700
12705
12709
12715
12719
12725
12730
12735
12740
12745
12750
12754
12760
12765
12770
12775
12780
12785
12790
12795
12800
12805
12810
12820
12830
12840
12850
12860
12870
12880
12890
12900
12910
12918
12927
12936
12944
12953
12962
12970
12979
12988
12996
13005
13014
13022
13031
13040
13047
13055
13063
13070
13078
13086
13093
13101
13109
13116
13124
13132
13140
13146
13153
13160
13167
13174
13181
13188
13195
13201
13208
13215
13222
13229
13236
13243
13250
13255
13261
13266
13272
13277
13283
13288
13294
13299
13305
13310
13315
13321
13327
13332
13338
13343
13349
13354
13360
13367
13375
13383
13390
13398
13406
13413
13421
13429
13436
13444
13452
13460
13469
13478
13487
13496
13505
13515
13524
13533
13542
13551
13560
13570
13582
13595
13607
13620
13632
13645
13657
13670
13676
13682
13689
13695
13702
13708
13715
13721
13728
13734
13741
13747
13754
13760
13767
13773
13780
13788
13796
13805
13813
13822
13830
13839
13847
13856
13864
13873
13881
13890
13897
13905
13913
13921
13929
13937
13945
13952
13960
13968
13976
13984
13992
14000
14005
14011
14017
14023
14028
14034
14040
14046
14052
14057
14063
14069
14075
14081
14086
14092
14098
14104
14110
14116
14123
14129
14136
14143
14150
14156
14163
14170
14176
14183
14190
14196
14203
14210
14215
14220
14225
14230
14235
14240
14245
14250
14255
14260
14265
14270
14275
14280
14285
14290
14295
14300
14305
14310
14315
14320
14327
14335
14343
14351
14359
14367
14375
14382
14390
14398
14406
14414
14422
14430
14435
14440
14446
14452
14457
14463
14468
14474
14479
14485
14490
14495
14501
14507
14512
14517
14523
14529
14534
14540
14547
14555
14563
14571
14579
14587
14594
14602
14610
14618
14626
14634
14642
14650
14656
14663
14670
14677
14684
14691
14698
14705
14711
14718
14725
14732
14739
14746
14753
14760
14766
14772
14778
14784
14790
14796
14802
14808
14815
14821
14827
14833
14839
14845
14851
14857
14863
14870
14874
14879
14884
14889
14893
14898
14903
14908
14912
14917
14922
14927
14931
14936
14941
14946
14950
14955
14960
14965
14970
14980
14990
15000
15010
15020
15030
15040
15050
15060
15070
15080
15090
15098
15106
15115
15123
15132
15140
15149
15157
15166
15174
15183
15191
15200
15209
15218
15227
15236
15246
15255
15264
15273
15283
15292
15301
15310
15320
15329
15338
15347
15356
15365
15374
15383
15392
15401
15410
15420
15429
15438
15447
15456
15465
15475
15484
15493
15502
15511
15520
15530
15537
15545
15553
15561
15569
15577
15584
15592
15600
15608
15616
15624
15632
15640
15648
15656
15665
15673
15682
15690
15699
15707
15716
15724
15733
15741
15750
15759
15768
15777
15786
15795
15805
15814
15823
15832
15841
15850
15860
15868
15876
15885
15893
15901
15910
15918
15926
15935
15943
15951
15960
15969
15978
15987
15996
16006
16015
16024
16033
16043
16052
16061
16070
16079
16089
16098
16107
16116
16125
16134
16144
16153
16162
16171
16180
16190
16200
16210
16220
16230
16240
16250
16260
16270
16280
16290
16300
16306
16313
16320
16326
16333
16340
16346
16353
16360
16366
16373
16379
16386
16393
16400
16406
16413
16419
16426
16433
16439
16446
16453
16460
16466
16473
16480
16486
16493
16500
16506
16513
16520
16526
16533
16540
16547
16554
16561
16568
16575
16581
16588
16595
16602
16609
16616
16623
16630
16637
16646
16654
16662
16669
16678
16686
16694
16702
16710
16718
16726
16734
16742
16750
16757
16765
16773
16781
16789
16797
16805
16812
16820
16828
16836
16844
16852
16860
16866
16873
16880
16886
16893
16900
16906
16913
16920
16926
16933
16940
16946
16953
16960
16967
16974
16982
16989
16996
17004
17011
17018
17026
17033
17040
17048
17055
17062
17070
17078
17086
17095
17103
17112
17120
17129
17137
17146
17154
17163
17171
17180
17188
17196
17205
17213
17222
17230
17239
17247
17256
17264
17273
17281
17290
17300
17310
17320
17330
17340
17349
17360
17369
17380
17389
17400
17408
17416
17425
17433
17442
17450
17459
17467
17476
17484
17493
17501
17510
17522
17534
17546
17558
17570
17582
17594
17605
17618
17630
17640
17650
17660
17669
17680
17690
17700
17710
17720
17730
17740
17750
17760
17767
17775
17783
17791
17799
17807
17815
17822
17830
17838
17846
17854
17862
17870
17882
17894
17906
17918
17930
17942
17954
17965
17977
17990
18000
18012
18023
18034
18045
18056
18067
18078
18089
18100
18108
18116
18125
18133
18141
18150
18158
18166
18175
18183
18191
18200
18205
18210
18215
18220
18226
18231
18236
18241
18247
18252
18257
18262
18268
18273
18278
18283
18289
18294
18299
18304
18310
18318
18326
18335
18343
18351
18360
18368
18376
18384
18393
18401
18410
18420
18430
18440
18450
18460
18470
18480
18490
18500
18509
18520
18532
18544
18556
18568
18581
18593
18605
18617
18630
18641
18651
18663
18674
18685
18695
18706
18718
18729
18740
18747
18754
18762
18769
18776
18784
18791
18798
18806
18813
18820
18828
18835
18842
18850
18856
18862
18868
18875
18881
18887
18893
18900
18906
18912
18918
18925
18931
18937
18943
18950
18962
18974
18986
18998
19009
19022
19034
19046
19058
19070
19082
19095
19107
19120
19132
19145
19157
19170
19179
19188
19197
19206
19215
19225
19234
19243
19252
19261
19270
19280
19289
19298
19307
19316
19325
19334
19343
19352
19361
19370
19380
19390
19400
19410
19419
19430
19439
19450
19460
19470
19480
19490
19500
19509
19520
19528
19537
19545
19554
19562
19571
19580
19588
19597
19605
19614
19622
19631
19640
19648
19657
19665
19674
19682
19691
19700
19708
19717
19725
19734
19742
19751
19760
19767
19775
19783
19791
19798
19806
19814
19822
19830
19837
19845
19853
19861
19868
19876
19884
19892
19900
19906
19912
19918
19924
19930
19936
19942
19948
19955
19961
19967
19973
19979
19985
19991
19997
20003
20010
20016
20022
20028
20034
20040
20046
20052
20058
20064
20070
20076
20082
20088
20094
20100
20105
20112
20118
20124
20130
20138
20146
20155
20163
20172
20180
20189
20197
20206
20214
20223
20231
20240
20244
20250
20255
20259
20265
20270
20275
20280
20285
20290
20295
20300
20305
20310
20315
20320
20325
20330
20335
20340
20345
20350
20357
20364
20371
20378
20385
20392
20400
20407
20414
20421
20428
20435
20442
20450
20456
20463
20470
20476
20483
20490
20496
20503
20509
20516
20523
20530
20536
20543
20550
20556
20563
20570
20580
20590
20600
20610
20620
20630
20640
20650
20660
20670
20679
20688
20697
20706
20716
20725
20734
20743
20753
20762
20771
20780
20790
20801
20812
20823
20834
20845
20856
20867
20878
20890
20905
20920
20935
20950
20965
20980
20995
21010
21016
21023
21030
21037
21044
21051
21058
21065
21071
21078
21085
21092
21099
21106
21113
21120
21125
21131
21137
21143
21149
21155
21161
21167
21172
21178
21184
21190
21196
21202
21208
21214
21220
21225
21231
21237
21243
21248
21254
21260
21266
21272
21277
21283
21289
21295
21301
21306
21312
21318
21324
21330
21339
21348
21357
21366
21375
21384
21393
21402
21411
21420
21430
21435
21440
21445
21450
21455
21460
21465
21470
21474
21480
21485
21490
21495
21500
21505
21509
21515
21520
21525
21529
21535
21540
21544
21549
21553
21558
21562
21567
21571
21576
21580
21585
21590
21594
21599
21603
21608
21612
21617
21621
21626
21630
21635
21640
21645
21650
21655
21660
21666
21671
21676
21681
21687
21692
21697
21702
21708
21713
21718
21723
21729
21734
21739
21744
21750
21755
21760
21765
21770
21775
21780
21785
21790
21795
21800
21805
21810
21815
21820
21825
21830
21835
21840
21845
21850
21855
21860
21865
21870
21874
21878
21883
21887
21891
21896
21900
21904
21909
21913
21917
21922
21926
21930
21935
21939
21943
21948
21952
21956
21961
21965
21970
21974
21978
21982
21986
21991
21995
21999
22003
22008
22012
22016
22020
22025
22029
22033
22037
22041
22046
22050
22054
22058
22063
22067
22071
22075
22080
22084
22088
22093
22097
22101
22106
22110
22114
22119
22123
22127
22132
22136
22140
22145
22149
22153
22158
22162
22166
22171
22175
22180
22184
22189
22193
22198
22202
22207
22212
22216
22221
22225
22230
22235
22239
22244
22248
22253
22257
22262
22267
22271
22276
22280
22285
22290
22295
22301
22306
22312
22317
22323
22328
22334
22340
22345
22351
22356
22362
22367
22373
22378
22384
22390
22395
22400
22405
22410
22416
22421
22426
22431
22437
22442
22447
22452
22458
22463
22468
22473
22479
22484
22489
22494
22500
22504
22508
22512
22516
22521
22525
22529
22533
22538
22542
22546
22550
22555
22559
22563
22567
22571
22576
22580
22584
22588
22593
22597
22601
22605
22610
22615
22620
22625
22630
22634
22640
22645
22650
22655
22660
22665
22670
22675
22680
22685
22690
22695
22700
22705
22710
22714
22718
22722
22726
22730
22734
22738
22742
22746
22750
22754
22758
22762
22767
22771
22775
22779
22783
22787
22791
22795
22799
22803
22807
22811
22815
22820
22825
22830
22835
22841
22846
22851
22856
22862
22867
22872
22877
22883
22888
22893
22898
22904
22909
22914
22920
22925
22930
22935
22940
22945
22950
22955
22960
22965
22970
22975
22980
22985
22990
22995
23000
23005
23009
23015
23020
23025
23030
23035
23040
23044
23050
23055
23060
23064
23070
23075
23080
23084
23090
23095
23099
23105
23110
23115
23119
23125
23130
23134
23139
23145
23150
23155
23160
23165
23170
23176
23181
23186
23191
23197
23202
23207
23212
23218
23223
23228
23233
23239
23244
23249
23254
23260
23264
23268
23273
23277
23282
23286
23291
23295
23300
23304
23308
23313
23317
23322
23326
23331
23335
23340
23344
23348
23353
23357
23362
23366
23371
23375
23380
23385
23390
23396
23401
23407
23412
23418
23423
23429
23434
23439
23445
23450
23456
23461
23467
23472
23478
23483
23489
23494
23500
23505
23510
23515
23520
23525
23530
23535
23540
23544
23550
23555
23560
23565
23570
23575
23580
23585
23590
23595
23599
23605
23610
23615
23621
23626
23632
23637
23643
23648
23654
23660
23665
23671
23676
23682
23687
23693
23698
23704
23710
23714
23718
23722
23726
23731
23735
23739
23743
23748
23752
23756
23760
23765
23769
23773
23777
23781
23786
23790
23794
23798
23803
23807
23811
23815
23820
23825
23830
23835
23840
23845
23850
23855
23860
23865
23870
23875
23880
23885
23890
23895
23900
23905
23910
23915
23920
23925
23930
23935
23940
23945
23950
23955
23960
23965
23970
23975
23980
23985
23990
23995
24000
24005
24010
24015
24020
24025
24030
24034
24039
24044
24049
24053
24058
24063
24068
24072
24077
24082
24087
24091
24096
24101
24106
24110
24115
24120
24125
24130
24134
24139
24144
24149
24154
24158
24163
24168
24173
24178
24182
24187
24192
24197
24202
24206
24211
24216
24221
24226
24230
24235
24240
24245
24250
24254
24259
24263
24268
24272
24277
24282
24286
24291
24295
24300
24305
24309
24314
24318
24323
24327
24332
24337
24341
24346
24350
24355
24360
24364
24369
24374
24379
24383
24388
24393
24398
24403
24407
24412
24417
24422
24426
24431
24436
24441
24446
24450
24455
24460
24465
24470
24474
24480
24485
24490
24494
24500
24505
24509
24514
24520
24525
24529
24535
24540
24544
24549
24555
24560
24564
24569
24575
24580
24588
24596
24604
24613
24621
24630
24638
24646
24655
24663
24671
24680
24684
24689
24694
24699
24703
24708
24713
24718
24723
24727
24732
24737
24742
24746
24751
24756
24761
24766
24770
24775
24780
24785
24790
24795
24800
24805
24811
24816
24821
24826
24832
24837
24842
24847
24853
24858
24863
24868
24874
24879
24884
24890
24895
24901
24907
24912
24918
24924
24930
24935
24941
24947
24952
24958
24964
24970
24975
24981
24987
24992
24998
25004
25010
25015
25020
25025
25030
25035
25040
25045
25050
25055
25060
25065
25070
25075
25080
25085
25090
25095
25100
25105
25110
25115
25120
25124
25128
25132
25136
25140
25145
25149
25153
25157
25161
25165
25170
25174
25178
25182
25186
25190
25195
25199
25203
25207
25211
25215
25220
25227
25234
25241
25249
25256
25264
25271
25278
25285
25293
25300
25308
25315
25322
25330
25336
25342
25349
25355
25362
25368
25375
25381
25388
25394
25401
25407
25414
25420
25427
25433
25440
25444
25449
25454
25459
25463
25468
25473
25478
25483
25487
25492
25497
25502
25506
25511
25516
25521
25526
25530
25535
25540
25545
25550
25557
25564
25571
25578
25585
25592
25600
25607
25614
25621
25628
25635
25642
25650
25655
25661
25667
25673
25678
25684
25690
25696
25702
25707
25713
25719
25725
25731
25736
25742
25748
25754
25760
25767
25775
25783
25791
25799
25807
25815
25822
25830
25838
25846
25854
25862
25870
25877
25885
25893
25900
25908
25916
25923
25931
25939
25946
25954
25962
25970
25976
25982
25989
25995
26002
26008
26015
26021
26028
26034
26041
26047
26054
26060
26067
26073
26080
26087
26094
26101
26108
26115
26122
26130
26137
26144
26151
26158
26165
26172
26180
26187
26195
26203
26211
26219
26227
26235
26242
26250
26258
26266
26274
26282
26290
26296
26303
26310
26317
26324
26331
26338
26345
26351
26358
26365
26372
26379
26386
26393
26400
26407
26414
26422
26429
26436
26444
26451
26458
26466
26473
26480
26488
26495
26502
26510
26517
26525
26532
26540
26547
26555
26562
26570
26577
26585
26592
26600
26607
26615
26622
26630
26639
26648
26657
26666
26676
26685
26694
26703
26713
26722
26731
26740
26750
26756
26763
26770
26777
26784
26791
26797
26804
26811
26818
26825
26832
26838
26845
26852
26859
26866
26873
26880
26893
26907
26921
26935
26948
26962
26976
26990
27000
27009
27020
27029
27040
27050
27060
27070
27080
27090
27100
27110
27120
27127
27134
27142
27149
27156
27164
27171
27178
27186
27193
27200
27208
27215
27222
27230
27238
27246
27255
27263
27272
27280
27289
27297
27306
27314
27323
27331
27340
27349
27358
27367
27376
27385
27394
27403
27412
27421
27430
27440
27446
27452
27458
27464
27470
27476
27482
27488
27495
27501
27507
27513
27519
27525
27531
27537
27543
27550
27555
27560
27565
27571
27576
27581
27586
27592
27597
27602
27607
27613
27618
27623
27628
27634
27639
27644
27650
27658
27666
27675
27683
27692
27700
27709
27717
27726
27734
27743
27751
27760
27766
27773
27780
27787
27794
27801
27808
27815
27821
27828
27835
27842
27849
27856
27863
27870
27875
27881
27886
27892
27897
27903
27908
27914
27920
27925
27931
27936
27942
27947
27953
27958
27964
27970
27976
27983
27990
27997
28004
28011
28018
28025
28031
28038
28045
28052
28059
28066
28073
28080
28085
28091
28097
28103
28109
28115
28121
28127
28132
28138
28144
28150
28156
28162
28168
28174
28180
28185
28190
28195
28200
28206
28211
28216
28221
28227
28232
28237
28242
28248
28253
28258
28263
28269
28274
28279
28284
28290
28294
28300
28305
28310
28314
28320
28325
28330
28335
28340
28345
28350
28355
28360
28365
28370
28375
28380
28385
28390
28400
28410
28420
28430
28440
28450
28460
28470
28480
28490
28500
28505
28511
28516
28522
28527
28533
28538
28544
28549
28555
28560
28566
28571
28577
28582
28588
28593
28599
28604
28610
28616
28623
28630
28636
28643
28650
28656
28663
28670
28676
28683
28690
28696
28703
28710
28717
28725
28733
28741
28749
28757
28765
28772
28780
28788
28796
28804
28812
28820
28825
28831
28836
28842
28847
28853
28858
28864
28870
28875
28881
28886
28892
28897
28903
28908
28914
28920
28928
28936
28944
28952
28960
28968
28976
28984
28992
29000
29008
29016
29024
29032
29040
29047
29055
29063
29070
29078
29086
29093
29101
29109
29116
29124
29132
29140
29146
29152
29158
29164
29170
29176
29182
29188
29195
29201
29207
29213
29219
29225
29231
29237
29243
29250
29259
29268
29277
29286
29295
29305
29314
29323
29332
29341
29350
29360
29366
29373
29380
29387
29394
29401
29408
29415
29421
29428
29435
29442
29449
29456
29463
29470
29477
29484
29491
29499
29506
29514
29521
29528
29535
29543
29550
29558
29565
29572
29580
29586
29593
29599
29606
29613
29619
29626
29633
29640
29646
29653
29660
29666
29673
29680
29685
29691
29696
29702
29707
29713
29718
29724
29729
29735
29740
29746
29751
29756
29762
29768
29773
29779
29784
29790
29796
29803
29810
29817
29824
29831
29838
29845
29851
29858
29865
29872
29879
29886
29893
29900
