4
8
12
16
20
24
28
32
36
40
44
48
52
57
61
65
69
73
77
81
85
89
93
97
101
105
109
118
126
135
143
152
160
168
177
185
194
202
211
219
227
236
244
253
261
270
273
277
281
285
289
293
296
300
304
308
312
316
320
323
327
331
335
339
343
346
350
354
358
362
366
370
397
425
452
480
507
534
562
590
617
645
672
700
707
715
722
730
737
745
752
760
767
775
783
790
798
805
813
820
828
835
843
850
858
866
873
881
888
896
903
911
918
926
933
941
949
956
964
971
979
986
994
1001
1009
1016
1024
1032
1039
1047
1054
1062
1069
1077
1084
1092
1100
1102
1105
1108
1111
1114
1117
1120
1122
1125
1128
1131
1134
1137
1140
1142
1145
1148
1151
1154
1157
1160
1162
1165
1168
1171
1174
1177
1180
1182
1185
1188
1191
1194
1197
1200
1203
1206
1209
1212
1216
1219
1222
1225
1229
1232
1235
1238
1242
1245
1248
1251
1255
1258
1261
1264
1267
1271
1274
1277
1280
1284
1287
1290
1293
1297
1300
1303
1306
1310
1312
1315
1318
1321
1324
1327
1330
1332
1335
1338
1341
1344
1347
1350
1352
1355
1358
1361
1364
1367
1369
1372
1375
1378
1381
1384
1387
1390
1392
1395
1398
1401
1404
1407
1410
1415
1420
1425
1430
1436
1441
1446
1451
1457
1462
1467
1472
1478
1483
1488
1493
1499
1504
1509
1514
1520
1522
1525
1528
1531
1534
1537
1540
1543
1546
1549
1552
1555
1558
1561
1564
1567
1570
1572
1575
1578
1581
1584
1587
1590
1593
1596
1599
1602
1605
1608
1611
1614
1617
1620
1623
1627
1631
1635
1639
1643
1647
1651
1655
1659
1663
1667
1671
1675
1678
1682
1686
1690
1694
1698
1702
1706
1710
1714
1718
1722
1726
1730
1733
1737
1741
1745
1748
1752
1756
1760
1764
1767
1771
1775
1779
1783
1786
1790
1794
1798
1802
1805
1809
1813
1817
1821
1824
1828
1832
1836
1840
1844
1849
1853
1858
1862
1867
1871
1876
1880
1885
1890
1894
1899
1903
1908
1912
1917
1921
1926
1930
1935
1940
1944
1949
1953
1958
1962
1967
1972
1976
1981
1985
1990
1994
1999
2004
2008
2013
2017
2022
2027
2031
2036
2040
2045
2050
2053
2057
2061
2065
2069
2073
2076
2080
2084
2088
2092
2096
2099
2103
2107
2111
2115
2119
2123
2126
2130
2134
2138
2142
2146
2150
2159
2168
2177
2186
2195
2203
2213
2222
2231
2240
2249
2258
2267
2276
2285
2294
2303
2312
2321
2330
2333
2336
2339
2342
2345
2348
2351
2355
2358
2361
2364
2367
2370
2373
2376
2380
2383
2386
2389
2392
2395
2398
2401
2405
2408
2411
2414
2417
2420
2423
2426
2430
2434
2438
2442
2446
2451
2455
2459
2463
2468
2472
2476
2480
2485
2489
2493
2497
2501
2506
2510
2514
2518
2523
2527
2531
2535
2540
2543
2547
2551
2555
2559
2563
2566
2570
2574
2578
2582
2586
2590
2593
2597
2601
2605
2609
2613
2616
2620
2624
2628
2632
2636
2640
2643
2646
2649
2652
2655
2658
2662
2665
2668
2671
2674
2677
2680
2684
2687
2690
2693
2696
2699
2702
2706
2709
2712
2715
2718
2721
2724
2728
2731
2734
2737
2740
2743
2746
2750
2754
2758
2762
2766
2771
2775
2779
2783
2788
2792
2796
2800
2805
2809
2813
2817
2821
2826
2830
2834
2838
2843
2847
2851
2855
2860
2864
2868
2872
2876
2880
2884
2888
2892
2896
2900
2904
2908
2912
2916
2920
2924
2928
2932
2936
2940
2944
2948
2952
2956
2960
2981
3004
3026
3048
3070
3073
3077
3080
3084
3087
3091
3094
3098
3102
3105
3109
3112
3116
3120
3123
3127
3130
3134
3137
3141
3145
3148
3152
3155
3159
3162
3166
3170
3173
3177
3181
3185
3188
3192
3196
3200
3204
3207
3211
3215
3219
3223
3226
3230
3234
3238
3242
3245
3249
3253
3257
3261
3264
3268
3272
3276
3280
3284
3288
3292
3296
3300
3304
3309
3313
3317
3321
3325
3330
3334
3338
3342
3346
3350
3355
3359
3363
3367
3371
3375
3380
3383
3386
3389
3392
3395
3398
3402
3405
3408
3411
3414
3417
3420
3424
3427
3430
3433
3436
3439
3442
3446
3449
3452
3455
3458
3461
3464
3468
3471
3474
3477
3480
3483
3486
3490
3493
3496
3499
3502
3505
3508
3511
3514
3517
3520
3523
3526
3529
3532
3535
3538
3541
3545
3548
3551
3554
3557
3560
3563
3566
3569
3572
3575
3578
3581
3584
3587
3590
3593
3596
3600
3605
3610
3615
3620
3625
3630
3635
3640
3645
3650
3655
3660
3665
3670
3675
3680
3685
3690
3695
3700
3705
3710
3714
3718
3723
3727
3732
3736
3741
3745
3750
3754
3758
3763
3767
3772
3776
3781
3785
3790
3794
3798
3803
3807
3812
3816
3821
3825
3830
3834
3839
3843
3848
3852
3857
3861
3866
3870
3875
3880
3884
3889
3893
3898
3902
3907
3911
3916
3920
3925
3930
3935
3940
3945
3950
3956
3961
3966
3971
3977
3982
3987
3992
3998
4003
4008
4013
4019
4024
4029
4034
4040
4047
4054
4061
4068
4075
4082
4090
4097
4104
4111
4118
4125
4132
4140
4143
4147
4151
4155
4159
4163
4167
4171
4175
4179
4183
4187
4191
4195
4198
4202
4206
4210
4214
4218
4222
4226
4230
4234
4238
4242
4246
4250
4253
4257
4261
4264
4268
4272
4275
4279
4283
4286
4290
4294
4297
4301
4305
4308
4312
4316
4319
4323
4327
4330
4334
4338
4341
4345
4349
4352
4356
4360
4364
4369
4373
4378
4382
4387
4391
4396
4400
4405
4410
4414
4419
4423
4428
4432
4437
4441
4446
4450
4455
4460
4474
4489
4503
4518
4532
4547
4561
4576
4590
4605
4619
4634
4648
4663
4677
4692
4706
4721
4735
4750
4753
4756
4759
4762
4765
4768
4772
4775
4778
4781
4784
4787
4790
4794
4797
4800
4803
4806
4809
4812
4816
4819
4822
4825
4828
4831
4834
4838
4841
4844
4847
4850
4853
4856
4860
4864
4868
4872
4876
4880
4884
4888
4892
4896
4900
4904
4908
4912
4916
4920
4924
4928
4932
4936
4940
4944
4948
4952
4956
4960
4963
4966
4970
4973
4977
4980
4984
4987
4990
4994
4997
5001
5004
5008
5011
5014
5018
5021
5025
5028
5032
5035
5038
5042
5045
5049
5052
5056
5059
5062
5066
5069
5073
5076
5080
5083
5086
5089
5092
5096
5099
5102
5105
5109
5112
5115
5118
5121
5125
5128
5131
5134
5138
5141
5144
5147
5150
5154
5157
5160
5163
5167
5170
5173
5176
5180
5183
5187
5191
5195
5198
5202
5206
5210
5214
5217
5221
5225
5229
5233
5236
5240
5244
5248
5252
5255
5259
5263
5267
5271
5274
5278
5282
5286
5290
5294
5298
5302
5306
5310
5314
5318
5322
5326
5330
5334
5338
5342
5346
5350
5354
5358
5362
5366
5370
5374
5378
5382
5386
5390
5394
5398
5402
5406
5411
5415
5419
5423
5428
5432
5436
5440
5445
5449
5453
5457
5461
5466
5470
5474
5478
5483
5487
5491
5495
5500
5503
5507
5511
5515
5519
5523
5527
5531
5535
5539
5543
5547
5551
5555
5558
5562
5566
5570
5574
5578
5582
5586
5590
5594
5598
5602
5606
5610
5613
5617
5621
5625
5629
5633
5636
5640
5644
5648
5652
5656
5660
5663
5667
5671
5675
5679
5683
5686
5690
5694
5698
5702
5706
5710
5714
5718
5722
5726
5731
5735
5739
5743
5748
5752
5756
5760
5765
5769
5773
5777
5781
5786
5790
5794
5798
5803
5807
5811
5815
5820
5824
5828
5832
5836
5840
5844
5848
5852
5856
5860
5864
5868
5872
5876
5880
5884
5888
5892
5896
5900
5904
5908
5912
5916
5920
5923
5927
5931
5935
5939
5943
5947
5951
5955
5959
5963
5967
5971
5975
5978
5982
5986
5990
5994
5998
6002
6006
6010
6014
6018
6022
6026
6030
6034
6038
6042
6046
6050
6054
6058
6062
6066
6070
6074
6078
6082
6086
6090
6094
6098
6102
6106
6110
6114
6118
6122
6126
6130
6134
6139
6143
6148
6152
6157
6162
6166
6171
6175
6180
6185
6189
6194
6198
6203
6207
6212
6217
6221
6226
6230
6235
6240
6258
6276
6295
6313
6331
6350
6354
6358
6362
6366
6370
6374
6378
6382
6386
6390
6394
6398
6402
6406
6410
6414
6418
6422
6426
6430
6434
6438
6442
6446
6450
6454
6459
6463
6468
6472
6477
6482
6486
6491
6495
6500
6505
6509
6514
6518
6523
6527
6532
6537
6541
6546
6550
6555
6560
6563
6567
6571
6575
6579
6583
6586
6590
6594
6598
6602
6606
6609
6613
6617
6621
6625
6629
6633
6636
6640
6644
6648
6652
6656
6660
6664
6668
6672
6676
6680
6684
6688
6692
6696
6700
6704
6708
6712
6717
6721
6725
6729
6733
6737
6741
6745
6749
6753
6757
6761
6765
6770
6778
6787
6795
6804
6812
6821
6830
6838
6847
6855
6864
6872
6881
6890
6898
6907
6915
6924
6932
6941
6950
6953
6957
6961
6965
6969
6973
6977
6981
6985
6989
6993
6997
7001
7005
7008
7012
7016
7020
7024
7028
7032
7036
7040
7044
7048
7052
7056
7060
7064
7068
7072
7076
7080
7085
7089
7093
7097
7101
7105
7109
7114
7118
7122
7126
7130
7135
7139
7143
7147
7151
7155
7160
7163
7167
7170
7174
7177
7181
7184
7188
7191
7195
7199
7202
7206
7209
7213
7216
7220
7223
7227
7230
7234
7238
7241
7245
7248
7252
7255
7259
7262
7266
7270
7286
7302
7318
7334
7350
7366
7382
7398
7414
7430
7434
7439
7444
7449
7453
7458
7463
7468
7473
7477
7482
7487
7492
7496
7501
7506
7511
7516
7520
7525
7530
7535
7540
7544
7549
7553
7558
7562
7567
7571
7576
7580
7585
7590
7594
7599
7603
7608
7612
7617
7621
7626
7630
7635
7640
7645
7651
7657
7663
7668
7674
7680
7686
7692
7697
7703
7709
7715
7721
7726
7732
7738
7744
7750
7755
7760
7765
7770
7776
7781
7786
7791
7797
7802
7807
7812
7818
7823
7828
7833
7839
7844
7849
7854
7860
7864
7868
7873
7877
7882
7886
7890
7895
7899
7904
7908
7912
7917
7921
7926
7930
7934
7939
7943
7947
7952
7956
7961
7965
7970
7973
7976
7979
7982
7986
7989
7992
7995
7999
8002
8005
8008
8012
8015
8018
8021
8025
8028
8031
8034
8037
8041
8044
8047
8050
8054
8057
8060
8063
8067
8070
8073
8076
8080
8090
8100
8109
8119
8130
8140
8150
8160
8170
8180
8189
8200
8209
8219
8230
8240
8250
8260
8270
8273
8277
8281
8284
8288
8292
8295
8299
8303
8307
8310
8314
8318
8321
8325
8329
8332
8336
8340
8344
8347
8351
8355
8358
8362
8366
8370
8373
8377
8381
8385
8388
8392
8396
8400
8404
8407
8411
8415
8419
8423
8426
8430
8434
8438
8442
8445
8449
8453
8457
8461
8464
8468
8472
8476
8480
8483
8487
8491
8495
8498
8502
8506
8510
8514
8517
8521
8525
8529
8533
8536
8540
8544
8548
8552
8555
8559
8563
8567
8571
8574
8578
8582
8586
8590
8593
8597
8601
8605
8609
8613
8616
8620
8624
8628
8632
8636
8640
8643
8647
8651
8655
8659
8663
8666
8670
8674
8678
8682
8686
8690
8695
8701
8706
8712
8717
8722
8728
8734
8739
8745
8750
8756
8761
8767
8772
8778
8783
8789
8794
8800
8805
8810
8816
8821
8827
8832
8838
8843
8849
8854
8860
8865
8870
8876
8881
8887
8892
8898
8903
8909
8914
8920
8923
8927
8930
8934
8937
8941
8944
8948
8951
8955
8959
8962
8966
8969
8973
8976
8980
8983
8987
8990
8994
8998
9001
9005
9008
9012
9015
9019
9022
9026
9030
9046
9063
9080
9096
9113
9130
9133
9136
9140
9143
9147
9150
9154
9157
9160
9164
9167
9171
9174
9178
9181
9185
9188
9191
9195
9198
9202
9205
9209
9212
9215
9219
9222
9226
9229
9233
9236
9240
9243
9247
9251
9254
9258
9262
9265
9269
9273
9276
9280
9284
9287
9291
9295
9298
9302
9306
9309
9313
9317
9320
9324
9328
9331
9335
9339
9342
9346
9350
9355
9360
9365
9370
9375
9379
9385
9389
9395
9399
9405
9410
9415
9420
9424
9430
9434
9440
9444
9450
9458
9467
9476
9485
9494
9503
9512
9521
9530
9538
9547
9556
9565
9574
9583
9592
9601
9610
9613
9617
9620
9624
9627
9631
9635
9638
9642
9645
9649
9652
9656
9660
9663
9667
9670
9674
9677
9681
9685
9688
9692
9695
9699
9702
9706
9710
9714
9718
9722
9726
9731
9735
9739
9743
9748
9752
9756
9760
9765
9769
9773
9777
9781
9786
9790
9794
9798
9803
9807
9811
9815
9820
9823
9827
9830
9834
9837
9841
9845
9848
9852
9855
9859
9862
9866
9870
9873
9877
9880
9884
9887
9891
9895
9898
9902
9905
9909
9912
9916
9920
9928
9936
9945
9953
9962
9970
9978
9987
9995
10004
10012
10021
10029
10037
10046
10054
10063
10071
10080
10083
10087
10091
10095
10099
10103
10106
10110
10114
10118
10122
10126
10129
10133
10137
10141
10145
10149
10153
10156
10160
10164
10168
10172
10176
10180
10185
10191
10196
10202
10207
10213
10218
10224
10230
10235
10241
10246
10252
10257
10263
10268
10274
10280
10285
10291
10296
10302
10307
10313
10318
10324
10330
10333
10336
10339
10342
10346
10349
10352
10355
10359
10362
10365
10368
10371
10375
10378
10381
10384
10388
10391
10394
10397
10400
10404
10407
10410
10413
10417
10420
10423
10426
10430
10434
10438
10443
10447
10452
10456
10460
10465
10469
10474
10478
10482
10487
10491
10495
10500
10504
10509
10513
10517
10522
10526
10531
10535
10540
10543
10547
10551
10554
10558
10562
10565
10569
10573
10577
10580
10584
10588
10591
10595
10599
10602
10606
10610
10614
10617
10621
10625
10628
10632
10636
10640
10643
10646
10649
10652
10655
10658
10662
10665
10668
10671
10674
10677
10680
10684
10687
10690
10693
10696
10699
10702
10706
10709
10712
10715
10718
10721
10724
10728
10731
10734
10737
10740
10743
10746
10750
10754
10758
10763
10767
10772
10776
10780
10785
10789
10794
10798
10802
10807
10811
10815
10820
10824
10829
10833
10838
10842
10846
10851
10855
10860
10864
10868
10873
10877
10881
10886
10890
10894
10899
10903
10907
10912
10916
10920
10925
10929
10933
10938
10942
10946
10951
10955
10960
10963
10967
10971
10975
10979
10983
10987
10991
10995
10999
11003
11007
11011
11015
11018
11022
11026
11030
11034
11038
11042
11046
11050
11054
11058
11062
11066
11070
11074
11079
11083
11088
11092
11097
11101
11106
11110
11115
11120
11124
11129
11133
11138
11142
11147
11151
11156
11160
11165
11170
11187
11204
11221
11238
11255
11272
11290
11292
11295
11298
11301
11304
11307
11310
11313
11316
11319
11322
11325
11328
11331
11334
11337
11340
11342
11345
11348
11351
11354
11357
11360
11363
11366
11369
11372
11375
11378
11381
11384
11387
11390
11393
11396
11400
11403
11406
11410
11413
11416
11420
11423
11426
11430
11433
11436
11440
11443
11446
11450
11453
11456
11460
11463
11466
11470
11473
11476
11480
11483
11486
11490
11493
11496
11500
11505
11510
11515
11520
11526
11531
11536
11541
11547
11552
11557
11562
11568
11573
11578
11583
11589
11594
11599
11604
11610
11613
11617
11621
11625
11629
11633
11637
11641
11645
11649
11653
11657
11661
11665
11668
11672
11676
11680
11684
11688
11692
11696
11700
11704
11708
11712
11716
11720
11723
11727
11730
11734
11737
11741
11744
11748
11751
11755
11759
11762
11766
11769
11773
11776
11780
11783
11787
11790
11794
11798
11801
11805
11808
11812
11815
11819
11822
11826
11830
11834
11839
11844
11849
11853
11858
11863
11868
11872
11877
11882
11887
11891
11896
11901
11906
11910
11915
11920
11925
11930
11933
11937
11940
11944
11947
11951
11954
11958
11961
11965
11969
11972
11976
11979
11983
11986
11990
11993
11997
12000
12004
12008
12011
12015
12018
12022
12025
12029
12032
12036
12040
12048
12056
12064
12072
12080
12088
12096
12104
12112
12120
12128
12136
12145
12153
12161
12169
12177
12185
12193
12201
12209
12217
12225
12233
12241
12250
12253
12256
12259
12262
12265
12268
12272
12275
12278
12281
12284
12287
12290
12294
12297
12300
12303
12306
12309
12312
12315
12319
12322
12325
12328
12331
12334
12338
12341
12344
12347
12350
12353
12356
12360
12366
12373
12380
12387
12394
12401
12407
12414
12421
12428
12435
12442
12448
12455
12462
12469
12476
12483
12490
12493
12496
12499
12502
12506
12509
12512
12515
12519
12522
12525
12528
12532
12535
12538
12541
12545
12548
12551
12554
12557
12561
12564
12567
12570
12574
12577
12580
12583
12587
12590
12593
12596
12600
12603
12606
12610
12613
12616
12620
12623
12626
12629
12633
12636
12639
12643
12646
12649
12653
12656
12660
12663
12666
12670
12673
12676
12680
12683
12686
12690
12693
12696
12700
12703
12706
12709
12712
12716
12719
12722
12725
12729
12732
12735
12738
12742
12745
12748
12751
12754
12758
12761
12764
12767
12771
12774
12777
12780
12784
12787
12790
12793
12797
12800
12803
12806
12810
12813
12817
12821
12825
12829
12833
12836
12840
12844
12848
12852
12856
12860
12863
12867
12871
12875
12879
12883
12886
12890
12894
12898
12902
12906
12910
12913
12916
12920
12923
12926
12930
12933
12936
12940
12943
12946
12950
12953
12956
12959
12963
12966
12970
12973
12976
12980
12983
12986
12990
12993
12996
13000
13003
13006
13010
13013
13016
13020
13023
13027
13031
13034
13038
13042
13045
13049
13053
13057
13060
13064
13068
13071
13075
13079
13082
13086
13090
13094
13097
13101
13105
13108
13112
13116
13120
13123
13127
13130
13134
13137
13141
13144
13148
13151
13155
13159
13162
13166
13169
13173
13176
13180
13183
13187
13190
13194
13198
13201
13205
13208
13212
13215
13219
13222
13226
13230
13233
13237
13241
13245
13248
13252
13256
13260
13264
13267
13271
13275
13279
13283
13286
13290
13294
13298
13302
13305
13309
13313
13317
13321
13324
13328
13332
13336
13340
13343
13346
13350
13353
13356
13360
13363
13366
13370
13373
13376
13379
13383
13386
13390
13393
13396
13400
13403
13406
13410
13413
13416
13420
13423
13426
13430
13433
13436
13440
13443
13447
13450
13454
13457
13461
13464
13468
13471
13475
13479
13482
13486
13489
13493
13496
13500
13503
13507
13510
13514
13518
13521
13525
13528
13532
13535
13539
13542
13546
13550
13690
13693
13696
13699
13702
13706
13709
13712
13715
13719
13722
13725
13728
13732
13735
13738
13741
13745
13748
13751
13754
13757
13761
13764
13767
13770
13774
13777
13780
13783
13787
13790
13793
13796
13800
13802
13805
13808
13810
13813
13816
13818
13821
13824
13827
13829
13832
13835
13837
13840
13843
13845
13848
13851
13854
13856
13859
13862
13864
13867
13870
13872
13875
13878
13881
13883
13886
13889
13891
13894
13897
13900
13905
13910
13915
13920
13925
13930
13935
13940
13945
13950
13955
13960
13965
13970
13975
13980
13985
13990
13995
14000
14004
14010
14014
14018
14022
14026
14030
14034
14038
14042
14046
14050
14054
14058
14062
14067
14071
14075
14079
14083
14087
14091
14095
14099
14103
14107
14111
14115
14120
14124
14128
14132
14136
14141
14145
14149
14153
14158
14162
14166
14170
14175
14179
14183
14187
14191
14196
14200
14204
14208
14213
14217
14221
14225
14230
14237
14244
14252
14259
14267
14274
14281
14289
14296
14304
14311
14318
14326
14333
14341
14348
14355
14363
14370
14378
14385
14392
14400
14407
14415
14422
14430
14433
14436
14440
14443
14446
14450
14453
14456
14459
14463
14466
14469
14473
14476
14479
14483
14486
14490
14493
14496
14500
14503
14506
14510
14513
14516
14520
14523
14526
14530
14533
14536
14540
14545
14549
14555
14559
14565
14570
14575
14580
14584
14590
14595
14600
14605
14610
14615
14620
14625
14630
14635
14640
14643
14647
14651
14654
14658
14662
14665
14669
14673
14676
14680
14684
14687
14691
14695
14698
14702
14706
14709
14713
14717
14720
14724
14728
14731
14735
14739
14742
14746
14750
14753
14757
14761
14765
14769
14773
14777
14781
14785
14789
14793
14797
14801
14805
14808
14812
14816
14820
14824
14828
14832
14836
14840
14844
14848
14852
14856
14860
14864
14868
14872
14876
14880
14885
14889
14893
14897
14901
14905
14910
14914
14918
14922
14926
14930
14935
14939
14943
14947
14951
14955
14960
14967
14975
14983
14991
14999
15006
15014
15022
15030
15038
15046
15053
15061
15069
15077
15085
15093
15100
15108
15116
15124
15132
15140
15143
15147
15151
15154
15158
15162
15165
15169
15173
15176
15180
15184
15187
15191
15195
15198
15202
15206
15209
15213
15217
15220
15224
15228
15231
15235
15239
15242
15246
15250
15253
15257
15261
15264
15268
15272
15275
15279
15283
15286
15290
15294
15297
15301
15305
15308
15312
15315
15319
15323
15327
15330
15334
15338
15341
15345
15349
15352
15356
15360
15363
15367
15371
15375
15379
15383
15386
15390
15394
15398
15402
15406
15410
15413
15417
15421
15425
15429
15433
15436
15440
15444
15448
15452
15456
15460
15463
15466
15469
15472
15476
15479
15482
15485
15489
15492
15495
15498
15502
15505
15508
15511
15515
15518
15521
15524
15527
15531
15534
15537
15540
15544
15547
15550
15553
15557
15560
15563
15566
15570
15573
15577
15580
15584
15587
15591
15595
15598
15602
15605
15609
15612
15616
15620
15623
15627
15630
15634
15637
15641
15645
15648
15652
15655
15659
15662
15666
15670
15674
15678
15682
15686
15691
15695
15699
15703
15708
15712
15716
15720
15725
15729
15733
15737
15741
15746
15750
15754
15758
15763
15767
15771
15775
15780
15784
15789
15794
15799
15803
15808
15813
15818
15823
15827
15832
15837
15842
15846
15851
15856
15861
15866
15870
15875
15880
15885
15890
15894
15898
15902
15906
15910
15914
15918
15922
15926
15930
15934
15938
15942
15947
15951
15955
15959
15963
15967
15971
15975
15979
15983
15987
15991
15995
16000
16011
16021
16033
16044
16055
16065
16076
16088
16099
16110
16113
16116
16120
16123
16127
16130
16134
16137
16141
16144
16147
16151
16154
16158
16161
16165
16168
16172
16175
16178
16182
16185
16189
16192
16196
16199
16203
16206
16210
16214
16218
16222
16226
16231
16235
16239
16243
16248
16252
16256
16260
16265
16269
16273
16277
16281
16286
16290
16294
16298
16303
16307
16311
16315
16320
16330
16341
16352
16363
16373
16384
16395
16406
16416
16427
16438
16449
16460
16463
16466
16470
16473
16477
16480
16484
16487
16490
16494
16497
16501
16504
16508
16511
16515
16518
16521
16525
16528
16532
16535
16539
16542
16545
16549
16552
16556
16559
16563
16566
16570
16573
16576
16579
16582
16586
16589
16592
16595
16599
16602
16605
16608
16611
16615
16618
16621
16624
16628
16631
16634
16637
16640
16644
16647
16650
16653
16657
16660
16663
16666
16670
16674
16678
16682
16686
16691
16695
16699
16703
16708
16712
16716
16720
16725
16729
16733
16737
16741
16746
16750
16754
16758
16763
16767
16771
16775
16780
16783
16786
16790
16793
16797
16800
16804
16807
16811
16814
16817
16821
16824
16828
16831
16835
16838
16842
16845
16848
16852
16855
16859
16862
16866
16869
16873
16876
16880
16884
16888
16892
16896
16900
16904
16908
16912
16916
16920
16924
16928
16932
16937
16941
16945
16949
16953
16957
16961
16965
16969
16973
16977
16981
16985
16990
16994
17000
17005
17009
17015
17020
17025
17030
17035
17040
17045
17050
17055
17060
17065
17070
17075
17080
17085
17090
17095
17100
17104
17109
17113
17118
17122
17127
17131
17136
17140
17145
17150
17154
17159
17163
17168
17172
17177
17181
17186
17190
17195
17200
17210
17220
17230
17240
17250
17259
17270
17279
17290
17299
17310
17313
17316
17320
17323
17326
17330
17333
17336
17340
17343
17346
17349
17353
17356
17360
17363
17366
17370
17373
17376
17380
17383
17386
17390
17393
17396
17400
17403
17406
17410
17414
17418
17422
17426
17430
17434
17438
17442
17446
17450
17454
17458
17462
17467
17471
17475
17479
17483
17487
17491
17495
17499
17503
17507
17511
17515
17520
17523
17526
17530
17533
17536
17540
17543
17546
17550
17553
17556
17560
17563
17566
17570
17573
17576
17580
17583
17586
17590
17593
17596
17600
17603
17606
17610
17613
17616
17620
17624
17629
17634
17639
17643
17648
17653
17658
17663
17667
17672
17677
17682
17686
17691
17696
17701
17706
17710
17715
17720
17725
17730
17735
17741
17746
17752
17757
17763
17768
17774
17779
17785
17790
17796
17801
17807
17812
17818
17823
17829
17834
17840
17845
17851
17856
17862
17867
17873
17878
17884
17889
17895
17900
17906
17911
17916
17922
17928
17933
17939
17944
17950
17954
17959
17963
17968
17972
17977
17982
17986
17991
17995
18000
18005
18009
18014
18018
18023
18027
18032
18037
18041
18046
18050
18055
18060
18063
18067
18071
18074
18078
18082
18085
18089
18093
18097
18100
18104
18108
18111
18115
18119
18122
18126
18130
18134
18137
18141
18145
18148
18152
18156
18160
18163
18167
18170
18174
18177
18181
18184
18188
18191
18195
18199
18202
18206
18209
18213
18216
18220
18223
18227
18230
18234
18238
18241
18245
18248
18252
18255
18259
18262
18266
18270
18273
18276
18280
18283
18286
18290
18293
18296
18300
18303
18306
18310
18313
18316
18320
18323
18326
18330
18333
18336
18340
18343
18346
18350
18353
18356
18360
18363
18366
18370
18405
18440
18475
18510
18513
18516
18519
18522
18526
18529
18532
18535
18539
18542
18545
18548
18552
18555
18558
18561
18565
18568
18571
18574
18578
18581
18584
18587
18591
18594
18597
18600
18604
18607
18610
18613
18617
18620
18623
18626
18630
18633
18636
18640
18643
18647
18650
18654
18657
18660
18664
18667
18671
18674
18678
18681
18684
18688
18691
18695
18698
18702
18705
18708
18712
18715
18719
18722
18726
18729
18732
18736
18739
18743
18746
18750
18752
18755
18758
18761
18764
18767
18770
18773
18776
18778
18781
18784
18787
18790
18793
18796
18799
18802
18805
18807
18810
18813
18816
18819
18822
18825
18828
18831
18833
18836
18839
18842
18845
18848
18851
18854
18857
18860
18863
18866
18870
18873
18876
18880
18883
18886
18890
18893
18896
18900
18903
18906
18910
18913
18916
18920
18923
18926
18930
18933
18936
18940
18943
18946
18950
18953
18956
18960
18963
18967
18971
18975
18979
18983
18987
18990
18994
18998
19002
19006
19010
19014
19018
19021
19025
19029
19033
19037
19041
19045
19049
19052
19056
19060
19064
19068
19072
19076
19080
19083
19087
19090
19094
19097
19101
19104
19108
19112
19115
19119
19122
19126
19130
19133
19137
19140
19144
19147
19151
19155
19158
19162
19165
19169
19172
19176
19180
19188
19197
19205
19214
19223
19231
19240
19249
19257
19266
19275
19283
19292
19300
19309
19318
19326
19335
19344
19352
19361
19370
19373
19377
19380
19384
19387
19391
19394
19398
19401
19405
19409
19412
19416
19419
19423
19426
19430
19433
19437
19440
19444
19448
19451
19455
19458
19462
19465
19469
19472
19476
19480
19483
19487
19491
19494
19498
19502
19505
19509
19513
19516
19520
19524
19527
19531
19535
19538
19542
19546
19549
19553
19557
19560
19564
19568
19571
19575
19579
19582
19586
19590
19593
19596
19600
19603
19607
19610
19614
19617
19621
19624
19627
19631
19634
19638
19641
19645
19648
19652
19655
19658
19662
19665
19669
19672
19676
19679
19683
19686
19690
19694
19698
19702
19706
19710
19714
19718
19722
19726
19730
19734
19738
19742
19747
19751
19755
19759
19763
19767
19771
19775
19779
19783
19787
19791
19795
19800
19810
19820
19830
19840
19850
19860
19870
19880
19890
19900
19910
19919
19930
19939
19950
19959
19970
19973
19976
19980
19983
19987
19990
19994
19997
20000
20004
20007
20011
20014
20018
20021
20024
20028
20031
20035
20038
20041
20045
20048
20052
20055
20059
20062
20066
20069
20072
20076
20079
20083
20086
20090
20093
20096
20099
20102
20105
20108
20111
20115
20118
20121
20124
20127
20130
20133
20136
20140
20143
20146
20149
20152
20155
20158
20161
20165
20168
20171
20174
20177
20180
20183
20186
20190
20193
20197
20201
20205
20209
20213
20217
20221
20225
20229
20233
20237
20241
20245
20248
20252
20256
20260
20264
20268
20272
20276
20280
20284
20288
20292
20296
20300
20304
20309
20313
20318
20322
20327
20331
20336
20340
20345
20350
20354
20359
20363
20368
20372
20377
20381
20386
20390
20395
20400
20403
20406
20410
20413
20416
20419
20423
20426
20430
20433
20436
20440
20443
20446
20450
20453
20456
20460
20463
20466
20470
20473
20476
20480
20483
20486
20490
20493
20496
20500
20503
20506
20510
20514
20518
20523
20527
20532
20536
20540
20545
20549
20554
20558
20562
20567
20571
20576
20580
20584
20589
20593
20598
20602
20606
20611
20615
20620
20627
20634
20641
20648
20655
20662
20669
20676
20683
20690
20697
20704
20711
20718
20725
20732
20739
20746
20753
20760
20767
20774
20781
20788
20795
20802
20810
20813
20816
20819
20822
20825
20828
20831
20834
20837
20840
20843
20846
20849
20852
20855
20858
20861
20864
20867
20870
20873
20876
20879
20882
20885
20888
20891
20894
20897
20900
20903
20906
20910
20913
20916
20920
20923
20927
20930
20934
20937
20940
20944
20947
20951
20954
20958
20961
20965
20968
20971
20975
20978
20982
20985
20989
20992
20995
20999
21002
21006
21009
21013
21016
21020
21024
21029
21034
21039
21043
21048
21053
21058
21062
21067
21072
21077
21081
21086
21091
21096
21100
21105
21110
21115
21120
21125
21130
21135
21140
21146
21151
21156
21161
21167
21172
21177
21182
21188
21193
21198
21203
21209
21214
21219
21224
21230
21234
21239
21244
21249
21253
21258
21263
21268
21273
21277
21282
21287
21292
21296
21301
21306
21311
21316
21320
21325
21330
21335
21340
21343
21347
21351
21354
21358
21362
21365
21369
21373
21377
21380
21384
21388
21391
21395
21399
21402
21406
21410
21414
21417
21421
21425
21428
21432
21436
21440
21444
21448
21452
21456
21461
21465
21469
21473
21478
21482
21486
21490
21495
21499
21503
21507
21511
21516
21520
21524
21528
21533
21537
21541
21545
21550
21650
21653
21657
21660
21664
21668
21672
21675
21679
21683
21686
21690
21694
21697
21701
21705
21708
21712
21716
21719
21723
21727
21730
21734
21738
21741
21745
21749
21752
21756
21760
21764
21769
21773
21778
21782
21787
21792
21796
21801
21805
21810
21815
21819
21824
21828
21833
21837
21842
21847
21851
21856
21860
21865
21870
21874
21878
21883
21887
21892
21896
21900
21905
21909
21914
21918
21922
21927
21931
21936
21940
21944
21949
21953
21958
21962
21966
21971
21975
21980
21990
22000
22010
22020
22030
22040
22050
22060
22070
22080
22090
22099
22110
22119
22130
22133
22136
22140
22143
22147
22150
22154
22157
22160
22164
22167
22171
22174
22178
22181
22185
22188
22191
22195
22198
22202
22205
22209
22212
22215
22219
22222
22226
22229
22233
22236
22240
22244
22248
22252
22256
22261
22265
22269
22273
22278
22282
22286
22290
22294
22299
22303
22307
22311
22316
22320
22324
22328
22333
22337
22341
22345
22350
22353
22357
22361
22365
22369
22373
22376
22380
22384
22388
22392
22396
22400
22403
22407
22411
22415
22419
22423
22426
22430
22434
22438
22442
22446
22450
22454
22458
22463
22467
22471
22476
22480
22485
22489
22494
22498
22502
22507
22511
22516
22520
22524
22529
22533
22538
22542
22546
22551
22555
22560
22563
22567
22571
22574
22578
22582
22585
22589
22593
22597
22600
22604
22608
22611
22615
22619
22622
22626
22630
22634
22637
22641
22645
22648
22652
22656
22660
22663
22667
22671
22675
22678
22682
22686
22690
22694
22697
22701
22705
22709
22713
22716
22720
22724
22728
22732
22735
22739
22743
22747
22751
22754
22758
22762
22766
22770
22775
22780
22785
22790
22795
22800
22805
22810
22815
22820
22825
22830
22835
22840
22845
22850
22855
22860
22865
22870
22874
22879
22884
22889
22893
22898
22903
22908
22913
22917
22922
22927
22932
22936
22941
22946
22951
22956
22960
22965
22970
22975
22980
22983
22987
22991
22995
22998
23002
23006
23010
23014
23017
23021
23025
23029
23033
23036
23040
23044
23048
23052
23055
23059
23063
23067
23071
23074
23078
23082
23086
23090
23095
23101
23106
23112
23117
23123
23128
23134
23140
23145
23151
23156
23162
23167
23173
23178
23184
23190
23194
23198
23203
23207
23212
23216
23220
23225
23229
23234
23238
23242
23247
23251
23256
23260
23264
23269
23273
23278
23282
23286
23291
23295
23300
23306
23313
23320
23327
23334
23340
23347
23354
23361
23368
23375
23381
23388
23395
23402
23409
23415
23422
23429
23436
23443
23450
23455
23460
23465
23470
23476
23481
23486
23491
23497
23502
23507
23512
23518
23523
23528
23533
23539
23544
23549
23554
23560
23564
23570
23575
23580
23585
23590
23595
23599
23605
23610
23615
23620
23625
23630
23634
23640
23645
23650
23655
23660
23666
23673
23680
23687
23694
23700
23707
23714
23721
23728
23735
23741
23748
23755
23762
23769
23775
23782
23789
23796
23803
23810
23813
23816
23820
23823
23826
23830
23833
23836
23840
23843
23846
23849
23853
23856
23860
23863
23866
23870
23873
23876
23880
23883
23886
23890
23893
23896
23900
23903
23906
23910
23912
23915
23918
23921
23924
23927
23930
23933
23936
23939
23942
23945
23948
23951
23954
23957
23960
23963
23966
23969
23972
23975
23978
23981
23984
23987
23990
23993
23996
23999
24002
24005
24008
24011
24014
24017
24020
24024
24028
24032
24036
24040
24045
24049
24053
24057
24061
24065
24070
24074
24078
24082
24086
24090
24095
24099
24103
24107
24111
24115
24120
24124
24128
24133
24137
24142
24146
24150
24155
24159
24164
24168
24172
24177
24181
24186
24190
24194
24199
24203
24208
24212
24216
24221
24225
24230
24234
24239
24243
24248
24252
24257
24262
24266
24271
24275
24280
24285
24289
24294
24298
24303
24307
24312
24317
24321
24326
24330
24335
24340
24344
24348
24353
24357
24361
24366
24370
24374
24379
24383
24387
24392
24396
24400
24405
24409
24413
24418
24422
24426
24431
24435
24440
24444
24448
24452
24456
24460
24464
24468
24472
24476
24480
24484
24488
24492
24497
24501
24505
24509
24513
24517
24521
24525
24529
24533
24537
24541
24545
24550
24553
24556
24559
24562
24566
24569
24572
24575
24579
24582
24585
24588
24591
24595
24598
24601
24604
24608
24611
24614
24617
24620
24624
24627
24630
24633
24637
24640
24643
24646
24650
24680
24710
24740
24770
24774
24778
24783
24787
24791
24796
24800
24804
24809
24813
24817
24822
24826
24830
24835
24839
24843
24848
24852
24856
24861
24865
24870
24874
24879
24884
24889
24893
24898
24903
24908
24913
24917
24922
24927
24932
24936
24941
24946
24951
24956
24960
24965
24970
24975
24980
24988
24997
25005
25014
25022
25031
25040
25048
25057
25065
25074
25082
25091
25100
25103
25107
25111
25115
25119
25123
25126
25130
25134
25138
25142
25146
25150
25153
25157
25161
25165
25169
25173
25176
25180
25184
25188
25192
25196
25200
25204
25208
25212
25216
25221
25225
25229
25233
25238
25242
25246
25250
25255
25259
25263
25267
25271
25276
25280
25284
25288
25293
25297
25301
25305
25310
25317
25325
25333
25340
25348
25356
25363
25371
25379
25386
25394
25402
25410
25417
25425
25433
25440
25448
25456
25463
25471
25479
25486
25494
25502
25510
25512
25515
25518
25521
25524
25527
25530
25533
25536
25538
25541
25544
25547
25550
25553
25556
25559
25562
25565
25567
25570
25573
25576
25579
25582
25585
25588
25591
25593
25596
25599
25602
25605
25608
25611
25614
25617
25620
25623
25627
25631
25635
25638
25642
25646
25650
25654
25657
25661
25665
25669
25673
25676
25680
25684
25688
25692
25695
25699
25703
25707
25711
25714
25718
25722
25726
25730
25734
25738
25743
25747
25752
25756
25760
25765
25769
25774
25778
25782
25787
25791
25796
25800
25804
25809
25813
25818
25822
25826
25831
25835
25840
25843
25847
25850
25854
25857
25861
25865
25868
25872
25875
25879
25882
25886
25890
25893
25897
25900
25904
25907
25911
25915
25918
25922
25925
25929
25932
25936
25940
25945
25950
25955
25960
25965
25970
25975
25980
25985
25990
25995
26000
26005
26010
26015
26020
26025
26030
26035
26040
26045
26050
26053
26057
26060
26064
26067
26071
26075
26078
26082
26085
26089
26092
26096
26100
26103
26107
26110
26114
26117
26121
26125
26128
26132
26135
26139
26142
26146
26150
26154
26159
26163
26168
26172
26177
26182
26186
26191
26195
26200
26205
26209
26214
26218
26223
26227
26232
26237
26241
26246
26250
26255
26260
26265
26271
26277
26283
26288
26294
26300
26306
26312
26317
26323
26329
26335
26341
26346
26352
26358
26364
26370
26377
26384
26392
26399
26406
26414
26421
26428
26436
26443
26450
26458
26465
26472
26480
26483
26486
26490
26493
26497
26500
26504
26507
26510
26514
26517
26521
26524
26528
26531
26535
26538
26541
26545
26548
26552
26555
26559
26562
26565
26569
26572
26576
26579
26583
26586
26590
26594
26598
26602
26606
26610
26614
26618
26622
26626
26630
26634
26638
26642
26646
26650
26654
26658
26662
26666
26670
26674
26678
26682
26686
26690
26694
26698
26703
26707
26712
26716
26721
26725
26730
26734
26738
26743
26747
26752
26756
26761
26765
26770
26774
26778
26783
26787
26792
26796
26801
26805
26810
26820
26830
26840
26849
26860
26869
26880
26890
26900
26910
26919
26930
26939
26950
26953
26957
26961
26965
26968
26972
26976
26980
26984
26987
26991
26995
26999
27003
27006
27010
27014
27018
27022
27025
27029
27033
27037
27041
27044
27048
27052
27056
27060
27063
27067
27070
27074
27077
27081
27085
27088
27092
27095
27099
27102
27106
27110
27113
27117
27120
27124
27127
27131
27134
27138
27142
27145
27149
27152
27156
27160
27164
27168
27172
27176
27180
27184
27188
27192
27196
27200
27204
27208
27212
27217
27221
27225
27229
27233
27237
27241
27245
27249
27253
27257
27261
27265
27270
27273
27277
27281
27285
27289
27293
27296
27300
27304
27308
27312
27316
27320
27323
27327
27331
27335
27339
27343
27346
27350
27354
27358
27362
27366
27370
27373
27377
27381
27385
27388
27392
27396
27400
27404
27407
27411
27415
27419
27423
27426
27430
27434
27438
27442
27445
27449
27453
27457
27461
27464
27468
27472
27476
27480
27484
27488
27492
27496
27501
27505
27509
27513
27518
27522
27526
27530
27535
27539
27543
27547
27551
27556
27560
27564
27568
27573
27577
27581
27585
27590
27595
27600
27605
27611
27616
27621
27626
27632
27637
27642
27647
27653
27658
27663
27668
27674
27679
27684
27690
27694
27698
27702
27706
27710
27714
27718
27722
27726
27730
27734
27738
27742
27747
27751
27755
27759
27763
27767
27771
27775
27779
27783
27787
27791
27795
27800
27804
27808
27812
27816
27820
27825
27829
27833
27837
27841
27845
27850
27854
27858
27862
27866
27870
27875
27879
27883
27887
27891
27895
27900
27910
27921
27932
27943
27954
27965
27976
27987
27998
28009
28020
28023
28026
28030
28033
28036
28040
28043
28046
28050
28053
28056
28060
28063
28066
28070
28073
28076
28080
28083
28086
28090
28093
28096
28100
28103
28106
28110
28113
28116
28120
28122
28125
28128
28131
28134
28137
28140
28143
28146
28149
28152
28155
28158
28161
28164
28167
28170
28173
28176
28179
28182
28185
28188
28191
28194
28197
28200
28203
28206
28209
28212
28215
28218
28221
28224
28227
28230
28233
28237
28241
28245
28248
28252
28256
28260
28264
28267
28271
28275
28279
28283
28286
28290
28294
28298
28302
28305
28309
28313
28317
28321
28324
28328
28332
28336
28340
28356
28372
28389
28405
28422
28438
28455
28471
28488
28504
28521
28537
28554
28570
28587
28603
28620
28629
28638
28647
28656
28666
28675
28684
28693
28703
28712
28721
28730
28740
28749
28758
28767
28777
28786
28795
28804
28814
28823
28832
28841
28851
28860
28869
28878
28888
28897
28906
28915
28925
28934
28943
28952
28962
28971
28980
28989
28999
29008
29017
29026
29036
29045
29054
29063
29073
29082
29091
29100
29110
29114
29118
29123
29127
29131
29136
29140
29144
29149
29153
29157
29162
29166
29170
29175
29179
29183
29188
29192
29196
29201
29205
29210
29213
29217
29221
29225
29228
29232
29236
29240
29244
29247
29251
29255
29259
29263
29266
29270
29274
29278
29282
29285
29289
29293
29297
29301
29304
29308
29312
29316
29320
29323
29326
29330
29333
29337
29340
29344
29347
29351
29354
29357
29361
29364
29368
29371
29375
29378
29382
29385
29388
29392
29395
29399
29402
29406
29409
29413
29416
29420
29424
29428
29432
29436
29441
29445
29449
29453
29458
29462
29466
29470
29475
29479
29483
29487
29491
29496
29500
29504
29508
29513
29517
29521
29525
29530
29535
29540
29545
29550
29555
29560
29565
29570
29575
29580
29585
29590
29595
29600
29605
29610
29615
29619
29625
29630
29633
29636
29639
29642
29646
29649
29652
29655
29659
29662
29665
29668
29672
29675
29678
29681
29685
29688
29691
29694
29697
29701
29704
29707
29710
29714
29717
29720
29723
29727
29730
29733
29736
29740
29744
29749
29753
29758
29762
29767
29772
29776
29781
29785
29790
29795
29799
29804
29808
29813
29817
29822
29827
29831
29836
29840
29845
29850
29861
29873
29885
29896
29908
29920
29931
29943
29955
29966
29978
29990
