3
6
9
12
15
18
21
24
27
30
33
36
39
42
45
48
51
55
58
61
64
67
70
73
76
79
82
85
88
91
94
97
100
103
106
110
112
115
117
120
123
125
128
131
133
136
138
141
144
146
149
152
154
157
160
162
165
167
170
173
175
178
181
183
186
188
191
194
196
199
202
204
207
210
213
216
220
223
226
229
233
236
240
243
246
250
253
256
260
263
266
270
273
276
280
283
286
290
293
296
300
303
306
310
313
316
320
322
325
328
331
334
337
340
343
346
349
352
355
358
361
364
367
370
372
375
378
381
384
387
390
393
396
399
402
405
408
411
414
417
420
423
426
429
432
435
438
442
445
448
451
454
457
460
463
467
470
473
476
479
482
486
489
492
495
498
501
504
508
511
514
517
520
523
526
530
532
535
538
541
544
547
550
553
556
559
562
565
568
571
574
577
580
582
585
588
591
594
597
600
603
606
609
612
615
618
621
624
627
630
632
634
637
639
642
644
647
649
652
654
656
659
661
664
666
669
671
674
676
678
681
683
686
688
691
693
696
698
700
703
705
708
710
713
715
718
720
722
725
727
730
732
735
737
740
743
746
749
752
755
758
761
764
767
770
773
776
779
782
785
788
791
794
798
801
804
807
810
813
816
819
822
825
828
831
834
837
840
843
846
850
852
855
858
861
864
867
870
872
875
878
881
884
887
890
892
895
898
901
904
907
909
912
915
918
921
924
927
929
932
935
938
941
944
947
950
952
954
957
959
962
964
967
969
972
974
976
979
981
984
986
989
991
994
996
998
1001
1003
1006
1008
1011
1013
1016
1018
1020
1023
1025
1028
1030
1033
1035
1038
1040
1042
1045
1047
1050
1052
1055
1057
1060
1062
1065
1068
1070
1073
1076
1078
1081
1084
1087
1089
1092
1095
1097
1100
1103
1105
1108
1111
1114
1116
1119
1122
1124
1127
1130
1132
1135
1138
1141
1143
1146
1149
1151
1154
1157
1160
1162
1165
1167
1170
1172
1174
1177
1180
1182
1185
1187
1190
1192
1194
1197
1200
1202
1205
1207
1210
1212
1214
1217
1220
1222
1225
1227
1230
1232
1234
1237
1240
1242
1245
1247
1250
1252
1255
1257
1260
1262
1265
1267
1270
1273
1277
1280
1284
1287
1291
1294
1298
1301
1305
1309
1312
1316
1319
1323
1326
1330
1333
1337
1340
1344
1348
1351
1355
1358
1362
1365
1369
1372
1376
1380
1382
1385
1388
1391
1394
1396
1399
1402
1405
1408
1411
1413
1416
1419
1422
1425
1427
1430
1433
1436
1439
1442
1444
1447
1450
1453
1456
1458
1461
1464
1467
1470
1473
1475
1478
1481
1484
1487
1490
1491
1493
1495
1497
1499
1501
1503
1505
1507
1509
1511
1513
1515
1517
1518
1520
1522
1524
1526
1528
1530
1532
1534
1536
1538
1540
1542
1544
1545
1547
1549
1551
1553
1555
1557
1559
1561
1563
1565
1567
1569
1571
1572
1574
1576
1578
1580
1582
1584
1586
1588
1590
1592
1594
1596
1598
1600
1602
1604
1607
1609
1612
1614
1617
1619
1621
1624
1626
1629
1631
1634
1636
1639
1641
1643
1646
1648
1651
1653
1656
1658
1660
1663
1665
1668
1670
1673
1675
1678
1680
1682
1685
1687
1690
1692
1695
1697
1700
1702
1704
1706
1709
1711
1713
1716
1718
1720
1722
1725
1727
1729
1732
1734
1736
1738
1741
1743
1745
1748
1750
1752
1755
1757
1759
1761
1764
1766
1768
1771
1773
1775
1777
1780
1782
1784
1787
1789
1791
1793
1796
1798
1800
1803
1805
1807
1810
1812
1815
1818
1821
1823
1826
1829
1832
1835
1837
1840
1843
1846
1848
1851
1854
1857
1859
1862
1865
1868
1871
1873
1876
1879
1882
1885
1887
1890
1893
1896
1898
1901
1904
1907
1910
1912
1915
1918
1921
1924
1927
1930
1933
1936
1939
1942
1945
1948
1951
1954
1957
1960
1963
1966
1969
1972
1975
1978
1981
1984
1987
1990
1993
1996
1999
2002
2005
2008
2011
2014
2017
2020
2022
2025
2028
2031
2034
2036
2039
2042
2045
2048
2051
2053
2056
2059
2062
2065
2067
2070
2073
2076
2079
2082
2084
2087
2090
2093
2096
2098
2101
2104
2107
2110
2113
2115
2118
2121
2124
2127
2130
2132
2135
2138
2141
2144
2146
2149
2152
2155
2158
2161
2163
2166
2169
2172
2175
2177
2180
2183
2186
2189
2192
2194
2197
2200
2203
2206
2208
2211
2214
2217
2220
2223
2225
2228
2231
2234
2237
2240
2243
2246
2249
2252
2255
2258
2262
2265
2268
2271
2274
2277
2280
2284
2287
2290
2293
2296
2299
2302
2306
2309
2312
2315
2318
2321
2324
2328
2331
2334
2337
2340
2343
2346
2350
2354
2359
2363
2368
2372
2377
2381
2386
2390
2395
2400
2404
2409
2413
2418
2422
2427
2431
2436
2440
2445
2450
2453
2457
2461
2464
2468
2472
2475
2479
2483
2486
2490
2494
2497
2501
2505
2508
2512
2516
2519
2523
2527
2530
2534
2538
2541
2545
2549
2552
2556
2560
2564
2568
2573
2577
2581
2586
2590
2594
2599
2603
2607
2612
2616
2620
2625
2629
2633
2638
2642
2646
2651
2655
2660
2664
2668
2673
2677
2682
2686
2690
2695
2699
2704
2708
2712
2717
2721
2726
2730
2734
2739
2743
2748
2752
2756
2761
2765
2770
2775
2780
2785
2790
2795
2800
2805
2810
2815
2820
2825
2830
2835
2840
2845
2850
2855
2860
2865
2870
2875
2880
2885
2890
2896
2903
2910
2917
2924
2931
2938
2945
2951
2958
2965
2972
2979
2986
2993
3000
3005
3010
3015
3020
3026
3031
3036
3041
3047
3052
3057
3062
3068
3073
3078
3083
3089
3094
3099
3104
3110
3115
3121
3126
3132
3137
3143
3148
3154
3160
3165
3171
3176
3182
3187
3193
3198
3204
3210
3217
3225
3233
3241
3249
3257
3265
3272
3280
3288
3296
3304
3312
3320
3322
3324
3326
3328
3330
3333
3335
3337
3339
3341
3343
3346
3348
3350
3352
3354
3356
3359
3361
3363
3365
3367
3369
3372
3374
3376
3378
3380
3383
3385
3387
3389
3391
3393
3396
3398
3400
3402
3404
3406
3409
3411
3413
3415
3417
3420
3423
3426
3430
3433
3437
3440
3444
3447
3450
3454
3457
3461
3464
3468
3471
3474
3478
3481
3485
3488
3492
3495
3499
3502
3505
3509
3512
3516
3519
3523
3526
3530
3532
3534
3537
3540
3542
3545
3547
3550
3552
3554
3557
3559
3562
3565
3567
3570
3572
3574
3577
3580
3582
3585
3587
3590
3592
3594
3597
3599
3602
3605
3607
3610
3612
3614
3617
3620
3622
3625
3627
3630
3632
3635
3638
3641
3644
3647
3650
3653
3656
3659
3662
3665
3668
3671
3674
3677
3680
3683
3686
3689
3692
3695
3698
3701
3704
3707
3710
3713
3716
3719
3722
3725
3728
3731
3734
3737
3740
3742
3744
3746
3748
3750
3752
3755
3757
3759
3761
3763
3765
3768
3770
3772
3774
3776
3778
3780
3783
3785
3787
3789
3791
3793
3796
3798
3800
3802
3804
3806
3809
3811
3813
3815
3817
3819
3821
3824
3826
3828
3830
3832
3834
3837
3839
3841
3843
3845
3847
3850
3852
3855
3857
3860
3862
3865
3867
3870
3873
3875
3878
3880
3883
3885
3888
3891
3893
3896
3898
3901
3903
3906
3908
3911
3914
3916
3919
3921
3924
3926
3929
3932
3934
3937
3939
3942
3944
3947
3950
3952
3954
3956
3958
3960
3962
3964
3966
3968
3970
3972
3974
3976
3978
3980
3982
3984
3986
3988
3990
3992
3994
3996
3998
4000
4002
4005
4007
4009
4011
4013
4015
4017
4019
4021
4023
4025
4027
4029
4031
4033
4035
4037
4039
4041
4043
4045
4047
4049
4051
4053
4055
4057
4059
4062
4064
4067
4069
4072
4074
4077
4079
4081
4084
4086
4089
4091
4094
4096
4099
4101
4103
4106
4108
4111
4113
4116
4118
4120
4123
4125
4128
4130
4133
4135
4138
4140
4142
4145
4147
4150
4152
4155
4157
4160
4162
4164
4166
4168
4171
4173
4175
4177
4179
4182
4184
4186
4188
4190
4193
4195
4197
4199
4201
4204
4206
4208
4210
4212
4215
4217
4219
4221
4223
4226
4228
4230
4232
4234
4237
4239
4241
4243
4245
4247
4250
4252
4254
4256
4258
4261
4263
4265
4267
4270
4271
4274
4276
4278
4279
4282
4284
4286
4287
4290
4292
4294
4295
4298
4300
4302
4303
4306
4308
4310
4311
4314
4316
4318
4319
4322
4324
4326
4327
4330
4332
4334
4335
4338
4340
4342
4343
4346
4348
4350
4351
4354
4356
4358
4359
4362
4364
4366
4367
4370
4372
4374
4375
4378
4380
4382
4384
4386
4388
4390
4392
4394
4396
4398
4400
4402
4404
4406
4408
4410
4412
4414
4416
4418
4420
4422
4424
4426
4428
4430
4432
4435
4437
4439
4441
4443
4445
4447
4449
4451
4453
4455
4457
4459
4461
4463
4465
4467
4469
4471
4473
4475
4477
4479
4481
4483
4485
4487
4490
4492
4494
4497
4499
4501
4504
4506
4509
4511
4513
4516
4518
4521
4523
4525
4528
4530
4533
4535
4537
4540
4542
4545
4547
4549
4552
4554
4556
4559
4561
4564
4566
4568
4571
4573
4576
4578
4580
4583
4585
4588
4590
4592
4595
4597
4600
4601
4603
4605
4607
4609
4611
4612
4614
4616
4618
4620
4622
4624
4625
4627
4629
4631
4633
4635
4637
4638
4640
4642
4644
4646
4648
4650
4651
4653
4655
4657
4659
4661
4662
4664
4666
4668
4670
4672
4674
4675
4677
4679
4681
4683
4685
4687
4688
4690
4692
4694
4696
4698
4700
4701
4703
4705
4707
4709
4711
4713
4715
4717
4719
4721
4723
4725
4727
4728
4730
4732
4734
4736
4738
4740
4742
4744
4746
4748
4750
4752
4754
4755
4757
4759
4761
4763
4765
4767
4769
4771
4773
4775
4777
4779
4781
4782
4784
4786
4788
4790
4792
4794
4796
4798
4800
4802
4804
4806
4808
4810
4811
4813
4815
4817
4819
4820
4822
4824
4826
4828
4830
4831
4833
4835
4837
4839
4840
4842
4844
4846
4848
4850
4851
4853
4855
4857
4859
4860
4862
4864
4866
4868
4870
4871
4873
4875
4877
4879
4880
4882
4884
4886
4888
4890
4891
4893
4895
4897
4899
4900
4902
4904
4906
4908
4910
4912
4914
4917
4919
4921
4924
4926
4928
4931
4933
4935
4938
4940
4942
4945
4947
4949
4952
4954
4956
4959
4961
4963
4966
4968
4970
4973
4975
4977
4980
4982
4984
4987
4989
4991
4994
4996
4998
5001
5003
5005
5008
5010
5012
5015
5017
5020
5022
5024
5027
5029
5032
5034
5037
5040
5042
5045
5047
5050
5052
5055
5057
5060
5062
5064
5067
5069
5072
5074
5077
5080
5082
5085
5087
5090
5092
5095
5097
5100
5102
5104
5107
5109
5112
5115
5117
5120
5122
5125
5127
5130
5133
5136
5139
5142
5146
5149
5152
5155
5159
5162
5165
5168
5172
5175
5178
5181
5185
5188
5191
5194
5197
5201
5204
5207
5210
5214
5217
5220
5223
5227
5230
5233
5236
5240
5244
5248
5252
5256
5261
5265
5269
5273
5278
5282
5286
5290
5295
5299
5303
5307
5311
5316
5320
5324
5328
5333
5337
5341
5345
5350
5352
5355
5357
5360
5363
5365
5368
5371
5373
5376
5378
5381
5384
5386
5389
5392
5394
5397
5399
5402
5405
5407
5410
5413
5415
5418
5421
5423
5426
5428
5431
5434
5436
5439
5442
5444
5447
5450
5453
5456
5460
5463
5467
5470
5474
5477
5480
5484
5487
5491
5494
5498
5501
5505
5508
5511
5515
5518
5522
5525
5529
5532
5535
5539
5542
5546
5549
5553
5556
5560
5563
5566
5570
5573
5577
5580
5584
5587
5591
5594
5597
5601
5604
5608
5611
5615
5618
5622
5625
5628
5632
5635
5639
5642
5646
5649
5653
5656
5660
5663
5667
5670
5674
5677
5681
5684
5688
5691
5695
5699
5702
5706
5709
5713
5716
5720
5723
5727
5730
5734
5738
5741
5745
5748
5752
5755
5759
5762
5766
5770
5776
5783
5789
5796
5803
5810
5816
5823
5830
5836
5843
5850
5856
5863
5869
5876
5883
5890
5896
5902
5909
5915
5922
5928
5935
5941
5948
5954
5961
5967
5974
5980
5987
5993
6000
6005
6011
6017
6023
6028
6034
6040
6046
6052
6057
6063
6069
6075
6081
6086
6092
6098
6104
6110
6112
6115
6118
6121
6124
6127
6130
6132
6135
6138
6141
6144
6147
6150
6152
6155
6158
6161
6164
6167
6170
6172
6175
6178
6181
6184
6187
6190
6192
6195
6198
6201
6204
6207
6210
6212
6215
6218
6220
6223
6226
6228
6231
6234
6236
6239
6242
6244
6247
6250
6252
6255
6258
6260
6263
6266
6269
6271
6274
6277
6279
6282
6285
6287
6290
6293
6295
6298
6301
6303
6306
6309
6311
6314
6317
6320
6322
6325
6328
6331
6333
6336
6339
6342
6345
6347
6350
6353
6356
6358
6361
6364
6367
6370
6372
6375
6378
6381
6383
6386
6389
6392
6395
6397
6400
6403
6406
6408
6411
6414
6417
6420
6422
6425
6428
6430
6433
6436
6438
6441
6444
6446
6449
6452
6454
6457
6460
6462
6465
6468
6470
6473
6476
6479
6481
6484
6487
6489
6492
6495
6497
6500
6503
6505
6508
6511
6513
6516
6519
6521
6524
6527
6530
6533
6536
6539
6542
6546
6549
6552
6555
6559
6562
6565
6568
6571
6575
6578
6581
6584
6588
6591
6594
6597
6600
6604
6607
6610
6613
6617
6620
6623
6626
6630
6633
6636
6640
6643
6647
6650
6654
6657
6660
6664
6667
6671
6674
6678
6681
6685
6688
6691
6695
6698
6702
6705
6709
6712
6715
6719
6722
6726
6729
6733
6736
6740
6743
6747
6751
6754
6758
6762
6765
6769
6773
6776
6780
6784
6787
6791
6795
6798
6802
6806
6809
6813
6817
6820
6824
6827
6831
6835
6838
6842
6846
6850
6852
6855
6858
6861
6864
6867
6870
6873
6876
6879
6882
6885
6888
6891
6894
6897
6900
6902
6905
6908
6911
6914
6917
6920
6923
6926
6929
6932
6935
6938
6941
6944
6947
6950
6952
6954
6957
6959
6961
6964
6966
6968
6971
6973
6975
6978
6980
6982
6985
6987
6989
6992
6994
6996
6999
7001
7003
7006
7008
7010
7013
7015
7017
7020
7022
7024
7027
7029
7031
7034
7036
7038
7041
7043
7045
7048
7050
7052
7055
7057
7060
7063
7066
7070
7073
7077
7080
7084
7087
7091
7094
7097
7101
7104
7108
7111
7115
7118
7122
7125
7128
7132
7135
7139
7142
7146
7149
7153
7156
7160
7162
7165
7167
7170
7172
7175
7177
7180
7183
7185
7188
7190
7193
7195
7198
7200
7203
7206
7208
7211
7213
7216
7218
7221
7223
7226
7229
7231
7234
7236
7239
7241
7244
7246
7249
7252
7254
7257
7259
7262
7264
7267
7270
7273
7276
7279
7282
7285
7288
7291
7294
7297
7300
7303
7306
7309
7312
7315
7318
7321
7324
7328
7331
7334
7337
7340
7343
7346
7349
7352
7355
7358
7361
7364
7367
7370
7373
7376
7380
7383
7386
7390
7393
7396
7400
7403
7406
7410
7413
7416
7420
7423
7426
7430
7433
7436
7440
7443
7446
7450
7453
7456
7460
7463
7466
7470
7473
7476
7480
7483
7486
7490
7492
7494
7496
7499
7501
7503
7506
7508
7510
7512
7515
7517
7519
7522
7524
7526
7528
7531
7533
7535
7538
7540
7542
7545
7547
7549
7551
7554
7556
7558
7561
7563
7565
7567
7570
7572
7574
7577
7579
7581
7583
7586
7588
7590
7593
7595
7597
7600
7602
7604
7606
7609
7611
7613
7616
7618
7620
7623
7625
7627
7630
7632
7634
7637
7639
7641
7644
7646
7648
7651
7653
7655
7658
7660
7662
7665
7667
7669
7672
7674
7676
7679
7681
7683
7686
7688
7690
7693
7695
7697
7700
7703
7707
7711
7714
7718
7722
7725
7729
7733
7736
7740
7744
7747
7751
7755
7758
7762
7766
7769
7773
7777
7780
7784
7787
7791
7795
7798
7802
7806
7810
7814
7818
7823
7827
7831
7836
7840
7844
7849
7853
7857
7862
7866
7870
7875
7879
7883
7888
7892
7896
7901
7905
7910
7914
7919
7923
7928
7932
7937
7942
7946
7951
7955
7960
7965
7969
7974
7978
7983
7987
7992
7997
8001
8006
8010
8015
8020
8024
8028
8032
8036
8041
8045
8049
8053
8058
8062
8066
8070
8074
8079
8083
8087
8091
8096
8100
8104
8108
8113
8117
8121
8125
8130
8133
8137
8141
8144
8148
8152
8155
8159
8163
8166
8170
8174
8177
8181
8185
8188
8192
8196
8199
8203
8207
8210
8214
8218
8221
8225
8229
8232
8236
8240
8243
8246
8250
8253
8257
8260
8264
8267
8270
8274
8277
8281
8284
8288
8291
8295
8298
8301
8305
8308
8312
8315
8319
8322
8325
8329
8332
8336
8339
8343
8346
8350
8352
8355
8357
8360
8362
8365
8367
8370
8373
8375
8378
8380
8383
8385
8388
8391
8393
8396
8398
8401
8403
8406
8408
8411
8414
8416
8419
8421
8424
8426
8429
8432
8434
8437
8439
8442
8444
8447
8450
8453
8457
8460
8464
8468
8472
8475
8479
8483
8486
8490
8494
8497
8501
8504
8508
8512
8516
8519
8523
8527
8530
8534
8538
8541
8545
8549
8552
8556
8560
8564
8568
8573
8577
8581
8586
8590
8594
8599
8603
8607
8612
8616
8620
8625
8629
8633
8638
8642
8646
8651
8655
8660
8664
8668
8673
8677
8682
8686
8690
8695
8699
8704
8708
8712
8717
8721
8726
8730
8734
8739
8743
8748
8752
8756
8761
8765
8770
8775
8780
8785
8790
8795
8800
8805
8810
8815
8820
8825
8830
8835
8840
8845
8850
8855
8860
8865
8870
8875
8880
8884
8888
8892
8896
8900
8904
8908
8912
8916
8920
8924
8928
8932
8937
8941
8945
8949
8953
8957
8961
8965
8969
8973
8977
8981
8985
8990
8993
8996
8999
9002
9006
9009
9012
9015
9019
9022
9025
9028
9032
9035
9038
9041
9045
9048
9051
9054
9057
9061
9064
9067
9070
9074
9077
9080
9083
9087
9090
9093
9096
9100
9103
9107
9110
9114
9117
9121
9125
9128
9132
9135
9139
9142
9146
9149
9153
9157
9160
9164
9167
9171
9174
9178
9182
9185
9189
9192
9196
9200
9202
9204
9207
9209
9211
9214
9216
9218
9221
9223
9225
9228
9230
9232
9235
9237
9239
9242
9244
9246
9249
9251
9253
9256
9258
9260
9263
9265
9267
9270
9272
9274
9277
9279
9281
9284
9286
9288
9291
9293
9295
9298
9300
9302
9305
9307
9310
9312
9314
9316
9319
9321
9323
9326
9328
9330
9333
9335
9337
9340
9342
9344
9347
9349
9351
9354
9356
9358
9361
9363
9365
9368
9370
9372
9375
9377
9379
9382
9384
9386
9389
9391
9393
9396
9398
9400
9403
9405
9407
9410
9413
9416
9419
9422
9425
9428
9431
9434
9437
9440
9443
9446
9449
9452
9455
9458
9461
9465
9468
9471
9474
9477
9480
9483
9486
9489
9492
9495
9498
9501
9504
9507
9510
9513
9516
9520
9522
9525
9528
9531
9534
9537
9540
9543
9546
9548
9551
9554
9557
9560
9563
9566
9569
9572
9575
9577
9580
9583
9586
9589
9592
9595
9598
9601
9603
9606
9609
9612
9615
9618
9621
9624
9627
9630
9632
9634
9636
9638
9640
9642
9645
9647
9649
9651
9653
9655
9658
9660
9662
9664
9666
9668
9670
9673
9675
9677
9679
9681
9683
9686
9688
9690
9692
9694
9696
9699
9701
9703
9705
9707
9709
9711
9714
9716
9718
9720
9722
9724
9727
9729
9731
9733
9735
9737
9740
9742
9744
9746
9748
9750
9752
9755
9757
9759
9761
9763
9765
9768
9770
9772
9774
9776
9778
9780
9783
9785
9787
9789
9791
9793
9796
9798
9800
9802
9804
9806
9809
9811
9813
9815
9817
9819
9821
9824
9826
9828
9830
9832
9834
9837
9839
9841
9843
9845
9847
9850
9852
9855
9858
9861
9863
9866
9869
9872
9875
9877
9880
9883
9886
9888
9891
9894
9897
9899
9902
9905
9908
9911
9913
9916
9919
9922
9924
9927
9930
9933
9936
9938
9941
9944
9947
9950
9952
9954
9956
9958
9961
9963
9965
9967
9970
9972
9974
9976
9979
9981
9983
9985
9988
9990
9992
9994
9997
9999
10001
10003
10006
10008
10010
10012
10015
10017
10019
10021
10024
10026
10028
10030
10033
10035
10037
10039
10042
10044
10046
10048
10051
10053
10055
10057
10060
10062
10065
10068
10070
10073
10076
10078
10081
10084
10087
10089
10092
10095
10097
10100
10103
10105
10108
10111
10114
10116
10119
10122
10124
10127
10130
10132
10135
10138
10141
10143
10146
10149
10151
10154
10157
10160
10162
10164
10166
10168
10170
10172
10174
10176
10179
10181
10183
10185
10187
10189
10191
10193
10195
10198
10200
10202
10204
10206
10208
10210
10212
10215
10217
10219
10221
10223
10225
10227
10229
10231
10234
10236
10238
10240
10242
10244
10246
10248
10250
10253
10255
10257
10259
10261
10263
10265
10267
10270
10275
10280
10285
10290
10295
10300
10305
10310
10315
10320
10325
10330
10335
10340
10345
10350
10355
10360
10365
10370
10375
10380
10382
10384
10386
10388
10390
10392
10394
10396
10398
10400
10402
10404
10406
10408
10410
10412
10414
10416
10418
10420
10422
10424
10426
10428
10430
10432
10434
10436
10438
10440
10442
10444
10446
10448
10450
10452
10454
10456
10458
10460
10462
10464
10466
10468
10470
10472
10474
10476
10478
10480
10482
10484
10486
10488
10490
10492
10495
10498
10501
10504
10507
10510
10513
10516
10519
10522
10525
10528
10531
10534
10537
10540
10543
10546
10549
10552
10555
10558
10561
10564
10567
10570
10573
10576
10579
10582
10585
10588
10591
10594
10597
10600
10602
10604
10606
10609
10611
10613
10615
10618
10620
10622
10625
10627
10629
10631
10634
10636
10638
10640
10643
10645
10647
10649
10652
10654
10656
10659
10661
10663
10665
10668
10670
10672
10674
10677
10679
10681
10684
10686
10688
10690
10693
10695
10697
10700
10702
10705
10708
10711
10714
10717
10720
10723
10726
10728
10731
10734
10737
10740
10743
10746
10749
10752
10754
10757
10760
10763
10766
10769
10772
10775
10778
10781
10783
10786
10789
10792
10795
10798
10801
10804
10807
10810
10813
10817
10820
10824
10827
10831
10835
10838
10842
10845
10849
10852
10856
10860
10863
10867
10870
10874
10877
10881
10885
10888
10892
10895
10899
10902
10906
10910
10912
10915
10918
10920
10923
10926
10928
10931
10934
10936
10939
10942
10944
10947
10950
10952
10955
10958
10960
10963
10966
10969
10971
10974
10977
10979
10982
10985
10987
10990
10993
10995
10998
11001
11003
11006
11009
11011
11014
11017
11020
11023
11027
11030
11034
11038
11042
11045
11049
11053
11056
11060
11064
11067
11071
11075
11078
11082
11086
11089
11093
11097
11100
11104
11108
11111
11115
11119
11122
11126
11130
11132
11135
11138
11141
11144
11146
11149
11152
11155
11158
11161
11163
11166
11169
11172
11175
11177
11180
11183
11186
11189
11192
11194
11197
11200
11203
11206
11208
11211
11214
11217
11220
11223
11225
11228
11231
11234
11237
11240
11243
11246
11250
11253
11257
11260
11264
11267
11270
11274
11277
11281
11284
11288
11291
11295
11298
11301
11305
11308
11312
11315
11319
11322
11325
11329
11332
11336
11339
11343
11346
11350
11353
11356
11359
11362
11365
11368
11371
11374
11377
11380
11383
11386
11389
11392
11395
11398
11401
11404
11407
11410
11413
11416
11419
11422
11425
11428
11431
11434
11437
11440
11443
11446
11450
11452
11455
11458
11460
11463
11466
11468
11471
11474
11476
11479
11482
11484
11487
11490
11492
11495
11498
11500
11503
11506
11509
11511
11514
11517
11519
11522
11525
11527
11530
11533
11535
11538
11541
11543
11546
11549
11551
11554
11557
11560
11563
11567
11570
11574
11577
11581
11585
11588
11592
11595
11599
11602
11606
11610
11613
11617
11620
11624
11627
11631
11635
11638
11642
11645
11649
11652
11656
11660
11663
11667
11670
11674
11677
11681
11684
11688
11691
11695
11699
11702
11706
11709
11713
11716
11720
11723
11727
11730
11734
11738
11741
11745
11748
11752
11755
11759
11762
11766
11770
11775
11780
11785
11790
11795
11800
11805
11810
11815
11820
11825
11830
11835
11840
11845
11850
11855
11860
11865
11870
11875
11880
11887
11895
11903
11911
11919
11927
11935
11942
11950
11958
11966
11974
11982
11990
11996
12003
12010
12017
12024
12031
12038
12045
12051
12058
12065
12072
12079
12086
12093
12100
12103
12107
12111
12115
12119
12123
12126
12130
12134
12138
12142
12146
12149
12153
12157
12161
12165
12169
12173
12176
12180
12184
12188
12192
12196
12200
12203
12206
12209
12213
12216
12219
12223
12226
12230
12233
12236
12240
12243
12246
12250
12253
12256
12260
12263
12266
12270
12273
12276
12280
12283
12286
12290
12293
12296
12300
12303
12306
12310
12313
12316
12320
12323
12327
12330
12334
12337
12341
12344
12347
12351
12354
12358
12361
12365
12368
12372
12375
12378
12382
12385
12389
12392
12396
12399
12403
12406
12410
12412
12414
12416
12418
12420
12422
12424
12426
12429
12431
12433
12435
12437
12439
12441
12443
12445
12448
12450
12452
12454
12456
12458
12460
12462
12465
12467
12469
12471
12473
12475
12477
12479
12481
12484
12486
12488
12490
12492
12494
12496
12498
12500
12503
12505
12507
12509
12511
12513
12515
12517
12520
12522
12525
12528
12531
12534
12537
12540
12543
12546
12549
12552
12555
12558
12561
12564
12567
12570
12573
12576
12579
12582
12585
12588
12591
12594
12597
12600
12603
12606
12609
12612
12615
12618
12621
12624
12627
12630
12633
12637
12641
12645
12649
12653
12657
12661
12665
12669
12673
12677
12681
12685
12688
12692
12696
12700
12704
12708
12712
12716
12720
12724
12728
12732
12736
12740
12743
12746
12749
12752
12755
12758
12761
12764
12767
12770
12773
12776
12779
12782
12785
12788
12791
12795
12798
12801
12804
12807
12810
12813
12816
12819
12822
12825
12828
12831
12834
12837
12840
12843
12846
12850
12852
12855
12858
12861
12864
12867
12870
12873
12876
12879
12882
12885
12888
12891
12894
12897
12899
12902
12905
12908
12911
12914
12917
12920
12923
12926
12929
12932
12935
12938
12941
12944
12947
12950
12953
12957
12960
12964
12967
12971
12974
12978
12981
12985
12989
12992
12996
12999
13003
13006
13010
13013
13017
13020
13024
13028
13031
13035
13038
13042
13045
13049
13052
13056
13060
13063
13066
13069
13072
13075
13078
13081
13084
13087
13090
13093
13096
13099
13102
13105
13108
13111
13115
13118
13121
13124
13127
13130
13133
13136
13139
13142
13145
13148
13151
13154
13157
13160
13163
13166
13170
13173
13176
13179
13182
13185
13188
13192
13195
13198
13201
13204
13207
13210
13214
13217
13220
13223
13226
13229
13232
13235
13239
13242
13245
13248
13251
13254
13258
13261
13264
13267
13270
13273
13276
13280
13283
13286
13289
13292
13295
13298
13301
13305
13308
13311
13314
13317
13320
13323
13326
13330
13333
13336
13339
13342
13345
13348
13351
13355
13358
13361
13364
13367
13370
13373
13376
13380
13383
13387
13391
13395
13398
13402
13406
13410
13414
13417
13421
13425
13429
13433
13436
13440
13444
13448
13452
13455
13459
13463
13467
13471
13474
13478
13482
13486
13490
13493
13496
13499
13502
13506
13509
13512
13515
13519
13522
13525
13528
13532
13535
13538
13541
13545
13548
13551
13554
13557
13561
13564
13567
13570
13574
13577
13580
13583
13587
13590
13593
13596
13600
13603
13607
13610
13614
13617
13621
13625
13628
13632
13635
13639
13642
13646
13649
13653
13657
13660
13664
13667
13671
13674
13678
13682
13685
13689
13692
13696
13700
13702
13705
13707
13709
13712
13715
13717
13719
13722
13725
13727
13730
13732
13735
13737
13740
13742
13745
13747
13750
13752
13754
13757
13760
13762
13765
13767
13770
13772
13775
13777
13780
13782
13785
13787
13790
13792
13795
13797
13800
13802
13805
13807
13810
13812
13815
13818
13821
13824
13827
13830
13832
13835
13838
13841
13844
13847
13850
13852
13855
13858
13861
13864
13867
13870
13872
13875
13878
13881
13884
13887
13890
13892
13895
13898
13901
13904
13907
13910
13913
13916
13920
13923
13926
13930
13933
13936
13940
13943
13946
13950
13953
13956
13959
13963
13966
13970
13973
13976
13980
13983
13986
13990
13993
13996
14000
14003
14006
14010
14013
14016
14020
14023
14027
14030
14034
14037
14041
14044
14048
14051
14055
14059
14062
14066
14069
14073
14076
14080
14083
14087
14090
14094
14098
14101
14105
14108
14112
14115
14119
14122
14126
14130
14132
14135
14138
14141
14144
14147
14150
14153
14156
14158
14161
14164
14167
14170
14173
14176
14179
14182
14185
14187
14190
14193
14196
14199
14202
14205
14208
14211
14213
14216
14219
14222
14225
14228
14231
14234
14237
14240
14242
14245
14248
14251
14254
14257
14260
14263
14266
14268
14271
14274
14277
14280
14283
14286
14289
14292
14295
14297
14300
14303
14306
14309
14312
14315
14318
14321
14323
14326
14329
14332
14335
14338
14341
14344
14347
14350
14352
14355
14358
14361
14364
14367
14370
14373
14376
14379
14382
14385
14388
14391
14394
14397
14399
14402
14405
14408
14411
14414
14417
14420
14423
14426
14429
14432
14435
14438
14441
14444
14447
14450
14453
14456
14459
14462
14465
14468
14472
14475
14478
14481
14484
14487
14490
14494
14497
14500
14503
14506
14509
14512
14516
14519
14522
14525
14528
14531
14534
14538
14541
14544
14547
14550
14553
14556
14560
14563
14566
14569
14572
14575
14578
14582
14585
14588
14591
14594
14597
14600
14604
14607
14610
14613
14616
14619
14622
14626
14629
14632
14635
14638
14641
14644
14648
14651
14654
14657
14660
14663
14666
14670
14672
14674
14676
14678
14680
14682
14685
14687
14689
14691
14693
14695
14698
14700
14702
14704
14706
14708
14710
14713
14715
14717
14719
14721
14723
14726
14728
14730
14732
14734
14736
14739
14741
14743
14745
14747
14749
14751
14754
14756
14758
14760
14762
14764
14767
14769
14771
14773
14775
14777
14780
14782
14785
14788
14791
14794
14797
14799
14802
14805
14808
14811
14814
14817
14820
14822
14825
14828
14831
14834
14837
14840
14842
14845
14848
14851
14854
14857
14860
14862
14865
14868
14871
14874
14877
14880
14885
14891
14897
14903
14908
14914
14920
14926
14932
14937
14943
14949
14955
14961
14966
14972
14978
14984
14990
14996
15002
15009
15015
15022
15028
15035
15041
15048
15054
15061
15067
15074
15080
15087
15093
15100
15104
15108
15112
15116
15120
15125
15129
15133
15137
15141
15145
15149
15154
15158
15162
15166
15170
15174
15179
15183
15187
15191
15195
15200
15202
15204
15207
15209
15211
15214
15216
15218
15221
15223
15225
15228
15230
15232
15235
15237
15239
15242
15244
15246
15249
15251
15253
15256
15258
15260
15263
15265
15267
15270
15272
15274
15277
15279
15281
15284
15286
15288
15291
15293
15295
15298
15300
15302
15305
15307
15310
15313
15316
15320
15323
15327
15330
15334
15337
15341
15344
15347
15351
15354
15358
15361
15365
15368
15372
15375
15378
15382
15385
15389
15392
15396
15399
15403
15406
15410
15412
15415
15417
15420
15422
15425
15427
15430
15433
15435
15438
15440
15443
15445
15448
15450
15453
15456
15458
15461
15463
15466
15468
15471
15473
15476
15479
15481
15484
15486
15489
15491
15494
15496
15499
15502
15504
15507
15509
15512
15514
15517
15520
15522
15525
15528
15530
15533
15536
15538
15541
15544
15546
15549
15552
15554
15557
15560
15562
15565
15568
15570
15573
15576
15579
15581
15584
15587
15589
15592
15595
15597
15600
15603
15605
15608
15611
15613
15616
15619
15621
15624
15627
15630
15633
15637
15641
15645
15648
15652
15656
15660
15664
15667
15671
15675
15679
15683
15686
15690
15694
15698
15702
15705
15709
15713
15717
15721
15724
15728
15732
15736
15740
15743
15746
15749
15752
15755
15758
15762
15765
15768
15771
15774
15777
15780
15784
15787
15790
15793
15796
15799
15802
15806
15809
15812
15815
15818
15821
15824
15828
15831
15834
15837
15840
15843
15846
15850
15852
15855
15857
15860
15863
15865
15868
15871
15873
15876
15878
15881
15884
15886
15889
15892
15894
15897
15899
15902
15905
15907
15910
15913
15915
15918
15921
15923
15926
15928
15931
15934
15936
15939
15942
15944
15947
15950
15953
15956
15959
15962
15966
15969
15972
15975
15979
15982
15985
15988
15992
15995
15998
16001
16004
16008
16011
16014
16017
16021
16024
16027
16030
16034
16037
16040
16043
16047
16050
16053
16056
16059
16062
16065
16068
16071
16073
16076
16079
16082
16085
16087
16090
16093
16096
16098
16101
16104
16107
16110
16112
16115
16118
16121
16123
16126
16129
16132
16134
16137
16140
16143
16146
16148
16151
16154
16157
16160
16163
16167
16171
16175
16178
16182
16186
16190
16194
16197
16201
16205
16209
16213
16216
16220
16224
16228
16232
16235
16239
16243
16247
16251
16254
16258
16262
16266
16270
16273
16277
16280
16284
16287
16291
16294
16298
16301
16305
16309
16312
16316
16319
16323
16326
16330
16333
16337
16340
16344
16348
16351
16355
16358
16362
16365
16369
16372
16376
16379
16383
16387
16391
16395
16398
16402
16406
16410
16414
16417
16421
16425
16429
16433
16436
16440
16444
16448
16452
16455
16459
16463
16467
16471
16474
16478
16482
16486
16490
16493
16496
16499
16502
16506
16509
16512
16515
16519
16522
16525
16528
16532
16535
16538
16541
16545
16548
16551
16554
16557
16561
16564
16567
16570
16574
16577
16580
16583
16587
16590
16593
16596
16600
16605
16611
16617
16623
16629
16635
16641
16647
16652
16658
16664
16670
16676
16682
16688
16694
16700
16705
16710
16715
16720
16724
16730
16735
16740
16744
16750
16755
16759
16765
16770
16775
16779
16785
16790
16794
16799
16805
16810
16814
16819
16824
16829
16833
16838
16843
16848
16852
16857
16862
16867
16871
16876
16881
16886
16890
16895
16900
16905
16910
16915
16921
16927
16933
16938
16944
16950
16956
16962
16967
16973
16979
16985
16991
16996
17002
17008
17014
17020
17025
17031
17037
17043
17048
17054
17060
17066
17072
17077
17083
17089
17095
17101
17106
17112
17118
17124
17130
17135
17141
17147
17153
17158
17164
17170
17176
17182
17187
17193
17199
17205
17211
17216
17222
17228
17234
17240
17243
17246
17249
17252
17256
17259
17262
17265
17269
17272
17275
17278
17282
17285
17288
17291
17295
17298
17301
17304
17307
17311
17314
17317
17320
17324
17327
17330
17333
17337
17340
17343
17346
17350
17352
17355
17358
17360
17363
17366
17368
17371
17374
17377
17379
17382
17385
17387
17390
17393
17395
17398
17401
17404
17406
17409
17412
17414
17417
17420
17422
17425
17428
17431
17433
17436
17439
17441
17444
17447
17450
17452
17455
17458
17461
17463
17466
17469
17471
17474
17477
17480
17483
17485
17488
17491
17494
17496
17499
17502
17505
17507
17510
17513
17516
17518
17521
17524
17526
17529
17532
17535
17538
17540
17543
17546
17549
17551
17554
17557
17560
17562
17565
17568
17570
17573
17576
17578
17581
17584
17587
17589
17592
17595
17597
17600
17603
17605
17608
17611
17614
17616
17619
17622
17624
17627
17630
17632
17635
17638
17641
17643
17646
17649
17651
17654
17657
17660
17662
17665
17668
17671
17674
17677
17680
17683
17686
17689
17692
17695
17698
17701
17704
17707
17710
17713
17716
17719
17722
17725
17728
17731
17734
17737
17740
17743
17746
17749
17752
17755
17758
17761
17764
17767
17770
17772
17775
17778
17781
17783
17786
17789
17791
17794
17797
17800
17803
17805
17808
17811
17814
17816
17819
17822
17825
17827
17830
17833
17836
17838
17841
17844
17846
17849
17852
17855
17858
17860
17863
17866
17869
17871
17874
17877
17880
17884
17888
17892
17896
17901
17905
17909
17913
17918
17922
17926
17930
17935
17939
17943
17947
17951
17956
17960
17964
17968
17973
17977
17981
17985
17990
17993
17996
17999
18002
18006
18009
18012
18015
18019
18022
18025
18028
18032
18035
18038
18041
18045
18048
18051
18054
18057
18061
18064
18067
18070
18074
18077
18080
18083
18087
18090
18093
18096
18100
18102
18105
18108
18111
18114
18117
18120
18123
18126
18129
18132
18135
18138
18141
18144
18147
18150
18152
18155
18158
18161
18164
18167
18170
18173
18176
18179
18182
18185
18188
18191
18194
18197
18200
18203
18206
18210
18213
18217
18220
18224
18227
18230
18234
18237
18241
18244
18248
18251
18255
18258
18261
18265
18268
18272
18275
18279
18282
18285
18289
18292
18296
18299
18303
18306
18310
18314
18319
18324
18329
18333
18338
18343
18348
18353
18357
18362
18367
18372
18376
18381
18386
18391
18396
18400
18405
18410
18415
18420
18428
18436
18445
18453
18462
18470
18479
18487
18496
18504
18513
18521
18530
18534
18539
18543
18548
18552
18557
18561
18566
18570
18575
18580
18584
18589
18593
18598
18602
18607
18611
18616
18620
18625
18630
18634
18638
18642
18646
18651
18655
18659
18663
18668
18672
18676
18680
18685
18689
18693
18697
18701
18706
18710
18714
18718
18723
18727
18731
18735
18740
18742
18745
18748
18750
18753
18756
18758
18761
18764
18766
18769
18772
18774
18777
18780
18782
18785
18788
18790
18793
18796
18799
18801
18804
18807
18809
18812
18815
18817
18820
18823
18825
18828
18831
18833
18836
18839
18841
18844
18847
18850
18855
18860
18865
18871
18876
18881
18886
18892
18897
18902
18907
18913
18918
18923
18928
18934
18939
18944
18950
18960
18970
18980
18990
19000
19009
19020
19029
19040
19049
19060
19068
19076
19085
19093
19101
19110
19118
19126
19134
19143
19151
19160
19162
19165
19168
19171
19174
19176
19179
19182
19185
19188
19191
19193
19196
19199
19202
19205
19207
19210
19213
19216
19219
19222
19224
19227
19230
19233
19236
19238
19241
19244
19247
19250
19253
19255
19258
19261
19264
19267
19270
19275
19281
19286
19291
19297
19303
19308
19314
19319
19325
19330
19336
19341
19346
19352
19358
19363
19369
19374
19380
19385
19391
19396
19401
19407
19413
19418
19424
19429
19435
19440
19445
19451
19456
19462
19468
19473
19479
19484
19490
19494
19499
19503
19508
19512
19517
19522
19526
19531
19535
19540
19545
19549
19554
19558
19563
19567
19572
19577
19581
19586
19590
19595
19600
19602
19605
19608
19610
19613
19616
19618
19621
19624
19627
19629
19632
19635
19637
19640
19643
19645
19648
19651
19654
19656
19659
19662
19664
19667
19670
19672
19675
19678
19681
19683
19686
19689
19691
19694
19697
19700
19702
19705
19708
19711
19714
19716
19719
19722
19725
19728
19731
19733
19736
19739
19742
19745
19747
19750
19753
19756
19759
19762
19764
19767
19770
19773
19776
19778
19781
19784
19787
19790
19793
19795
19798
19801
19804
19807
19810
19813
19817
19820
19824
19827
19831
19835
19838
19842
19845
19849
19852
19856
19860
19863
19867
19870
19874
19877
19881
19884
19888
19892
19895
19899
19902
19906
19910
19912
19914
19916
19918
19921
19923
19925
19927
19929
19932
19934
19936
19938
19940
19943
19945
19947
19949
19951
19954
19956
19958
19960
19962
19965
19967
19969
19971
19973
19976
19978
19980
19982
19984
19987
19989
19991
19993
19995
19998
20000
20002
20004
20006
20009
20011
20013
20015
20017
20020
20021
20023
20025
20027
20029
20031
20033
20035
20037
20039
20041
20043
20045
20047
20049
20051
20053
20055
20057
20059
20061
20063
20065
20067
20069
20071
20073
20075
20076
20078
20080
20082
20084
20086
20088
20090
20092
20094
20096
20098
20100
20102
20104
20106
20108
20110
20112
20114
20116
20118
20120
20122
20124
20126
20128
20130
20132
20134
20136
20138
20140
20142
20144
20146
20148
20150
20152
20154
20156
20159
20161
20163
20165
20167
20169
20171
20173
20175
20177
20179
20181
20183
20186
20188
20190
20192
20194
20196
20198
20200
20202
20204
20206
20208
20210
20213
20215
20217
20219
20221
20223
20225
20227
20229
20231
20233
20235
20237
20240
20242
20244
20246
20248
20251
20253
20255
20257
20260
20262
20264
20266
20269
20271
20273
20275
20278
20280
20282
20284
20287
20289
20291
20293
20296
20298
20300
20302
20305
20307
20309
20311
20314
20316
20318
20320
20323
20325
20327
20329
20332
20334
20336
20338
20341
20343
20345
20347
20350
20352
20355
20357
20360
20362
20365
20367
20370
20373
20375
20378
20380
20383
20385
20388
20391
20393
20396
20398
20401
20403
20406
20408
20411
20414
20416
20419
20421
20424
20426
20429
20432
20434
20437
20439
20442
20444
20447
20450
20452
20455
20457
20460
20463
20465
20468
20470
20473
20476
20478
20481
20484
20486
20489
20491
20494
20497
20499
20502
20505
20507
20510
20512
20515
20518
20520
20523
20525
20528
20531
20533
20536
20539
20541
20544
20546
20549
20552
20554
20557
20560
20562
20564
20567
20569
20572
20574
20577
20579
20582
20584
20586
20589
20591
20594
20596
20599
20601
20604
20606
20608
20611
20613
20616
20618
20621
20623
20626
20628
20630
20633
20635
20638
20640
20643
20645
20648
20650
20652
20655
20657
20660
20662
20665
20667
20670
20672
20675
20678
20681
20684
20686
20689
20692
20695
20698
20701
20703
20706
20709
20712
20715
20717
20720
20723
20726
20729
20732
20734
20737
20740
20743
20746
20748
20751
20754
20757
20760
20763
20765
20768
20771
20774
20777
20780
20781
20783
20785
20787
20789
20791
20793
20795
20797
20799
20801
20803
20805
20806
20808
20810
20812
20814
20816
20818
20820
20822
20824
20826
20828
20830
20831
20833
20835
20837
20839
20841
20843
20845
20847
20849
20851
20853
20855
20856
20858
20860
20862
20864
20866
20868
20870
20872
20874
20876
20878
20880
20882
20884
20886
20888
20891
20893
20895
20897
20900
20902
20904
20906
20909
20911
20913
20915
20918
20920
20922
20924
20927
20929
20931
20933
20936
20938
20940
20942
20945
20947
20949
20951
20954
20956
20958
20960
20963
20965
20967
20969
20972
20974
20976
20978
20981
20983
20985
20987
20990
20991
20993
20995
20997
20999
21001
21003
21005
21007
21008
21010
21012
21014
21016
21018
21020
21022
21024
21026
21027
21029
21031
21033
21035
21037
21039
21041
21043
21045
21046
21048
21050
21052
21054
21056
21058
21060
21062
21063
21065
21067
21069
21071
21073
21075
21077
21079
21081
21082
21084
21086
21088
21090
21092
21094
21096
21098
21100
21101
21103
21105
21107
21109
21111
21113
21115
21117
21119
21121
21123
21125
21126
21128
21130
21132
21134
21136
21138
21140
21142
21144
21146
21148
21150
21151
21153
21155
21157
21159
21161
21163
21165
21167
21169
21171
21173
21175
21176
21178
21180
21182
21184
21186
21188
21190
21192
21194
21196
21198
21200
21201
21203
21205
21207
21209
21211
21213
21214
21216
21218
21220
21222
21224
21226
21227
21229
21231
21233
21235
21237
21239
21241
21242
21244
21246
21248
21250
21252
21254
21255
21257
21259
21261
21263
21265
21267
21268
21270
21272
21274
21276
21278
21280
21282
21283
21285
21287
21289
21291
21293
21295
21296
21298
21300
21302
21304
21306
21308
21310
21312
21314
21316
21318
21320
21322
21324
21326
21328
21330
21332
21334
21336
21338
21340
21342
21344
21346
21348
21350
21352
21354
21356
21358
21361
21363
21365
21367
21369
21371
21373
21375
21377
21379
21381
21383
21385
21387
21389
21391
21393
21395
21397
21399
21401
21403
21405
21407
21410
21412
21414
21417
21419
21422
21424
21427
21429
21432
21434
21436
21439
21441
21444
21446
21449
21451
21454
21456
21458
21461
21463
21466
21468
21471
21473
21476
21478
21480
21483
21485
21488
21490
21493
21495
21498
21500
21502
21505
21507
21510
21512
21515
21517
21520
21522
21524
21526
21528
21530
21532
21535
21537
21539
21541
21543
21545
21548
21550
21552
21554
21556
21558
21560
21563
21565
21567
21569
21571
21573
21576
21578
21580
21582
21584
21586
21589
21591
21593
21595
21597
21599
21601
21604
21606
21608
21610
21612
21614
21617
21619
21621
21623
21625
21627
21630
21632
21634
21636
21638
21640
21642
21644
21646
21648
21650
21652
21654
21656
21659
21661
21663
21665
21667
21669
21671
21673
21675
21677
21679
21681
21683
21686
21688
21690
21692
21694
21696
21698
21700
21702
21704
21706
21708
21710
21713
21715
21717
21719
21721
21723
21725
21727
21729
21731
21733
21735
21737
21740
21742
21744
21747
21750
21752
21755
21757
21759
21762
21765
21767
21770
21772
21775
21777
21780
21782
21785
21787
21790
21792
21795
21797
21800
21802
21805
21807
21810
21812
21815
21817
21820
21822
21825
21827
21830
21832
21835
21837
21840
21842
21845
21847
21850
21852
21854
21856
21858
21860
21863
21865
21867
21869
21871
21873
21876
21878
21880
21882
21884
21886
21889
21891
21893
21895
21897
21900
21902
21904
21906
21908
21910
21913
21915
21917
21919
21921
21923
21926
21928
21930
21932
21934
21936
21939
21941
21943
21945
21947
21950
21952
21954
21956
21958
21960
21962
21964
21966
21968
21970
21972
21974
21976
21979
21981
21983
21985
21987
21989
21991
21993
21995
21997
21999
22001
22003
22006
22008
22010
22012
22014
22016
22018
22020
22022
22024
22026
22028
22030
22033
22035
22037
22039
22041
22043
22045
22047
22049
22051
22053
22055
22057
22060
22061
22064
22066
22067
22070
22072
22073
22076
22078
22080
22082
22084
22086
22087
22090
22092
22093
22096
22098
22099
22102
22104
22105
22108
22110
22112
22114
22116
22118
22120
22122
22124
22126
22128
22130
22132
22134
22136
22137
22140
22142
22144
22146
22148
22150
22152
22154
22156
22158
22160
22161
22163
22165
22167
22169
22171
22173
22175
22177
22179
22181
22183
22185
22187
22188
22190
22192
22194
22196
22198
22200
22202
22204
22206
22208
22210
22212
22214
22215
22217
22219
22221
22223
22225
22227
22229
22231
22233
22235
22237
22239
22241
22242
22244
22246
22248
22250
22252
22254
22256
22258
22260
22262
22264
22266
22268
22270
22272
22274
22276
22278
22280
22282
22285
22287
22289
22291
22293
22295
22298
22300
22302
22304
22306
22308
22310
22313
22315
22317
22319
22321
22323
22326
22328
22330
22332
22334
22336
22339
22341
22343
22345
22347
22349
22351
22354
22356
22358
22360
22362
22364
22367
22369
22371
22373
22375
22377
22380
22382
22384
22386
22388
22390
22392
22394
22396
22399
22401
22403
22405
22407
22409
22411
22413
22415
22418
22420
22422
22424
22426
22428
22430
22432
22435
22437
22439
22441
22443
22445
22447
22449
22451
22454
22456
22458
22460
22462
22464
22466
22468
22470
22473
22475
22477
22479
22481
22483
22485
22487
22490
22492
22494
22497
22499
22501
22504
22506
22508
22511
22513
22515
22518
22520
22522
22525
22527
22529
22532
22534
22536
22539
22541
22543
22546
22548
22550
22553
22555
22557
22560
22562
22564
22567
22569
22571
22574
22576
22578
22581
22583
22585
22588
22590
22592
22595
22597
22600
22602
22604
22606
22609
22611
22613
22615
22618
22620
22622
22625
22627
22629
22631
22634
22636
22638
22640
22643
22645
22647
22650
22652
22654
22656
22659
22661
22663
22665
22668
22670
22672
22675
22677
22679
22681
22684
22686
22688
22690
22693
22695
22697
22700
22702
22704
22706
22708
22710
22712
22715
22717
22719
22721
22723
22725
22728
22730
22732
22734
22736
22738
22740
22743
22745
22747
22749
22751
22753
22756
22758
22760
22762
22764
22766
22769
22771
22773
22775
22777
22779
22781
22784
22786
22788
22790
22792
22794
22797
22799
22801
22803
22805
22807
22810
22812
22814
22816
22818
22820
22823
22825
22827
22829
22831
22833
22836
22838
22840
22842
22844
22846
22849
22851
22853
22855
22857
22860
22862
22864
22866
22868
22870
22873
22875
22877
22879
22881
22883
22886
22888
22890
22892
22894
22896
22899
22901
22903
22905
22907
22910
22912
22915
22917
22920
22923
22925
22928
22930
22933
22936
22938
22941
22944
22946
22949
22951
22954
22957
22959
22962
22965
22967
22970
22972
22975
22978
22980
22983
22985
22988
22991
22993
22996
22999
23001
23004
23006
23009
23012
23014
23017
23020
23022
23024
23026
23028
23030
23032
23034
23036
23038
23040
23042
23044
23046
23048
23050
23052
23054
23056
23058
23060
23062
23064
23066
23068
23070
23072
23075
23077
23079
23081
23083
23085
23087
23089
23091
23093
23095
23097
23099
23101
23103
23105
23107
23109
23111
23113
23115
23117
23119
23121
23123
23125
23127
23130
23132
23134
23137
23139
23141
23144
23146
23149
23151
23153
23156
23158
23161
23163
23165
23168
23170
23173
23175
23177
23180
23182
23185
23187
23189
23192
23194
23196
23199
23201
23204
23206
23208
23211
23213
23216
23218
23220
23223
23225
23228
23230
23232
23235
23237
23240
23242
23244
23247
23250
23252
23255
23257
23259
23262
23265
23267
23270
23272
23275
23277
23280
23282
23285
23287
23290
23292
23295
23297
23300
23302
23305
23307
23310
23312
23315
23317
23320
23322
23325
23327
23330
23332
23335
23337
23340
23342
23345
23347
23350
23352
23355
23357
23360
23362
23365
23367
23370
23373
23375
23378
23380
23383
23385
23388
23391
23393
23396
23398
23401
23403
23406
23408
23411
23414
23416
23419
23421
23424
23426
23429
23432
23434
23437
23439
23442
23444
23447
23450
23452
23454
23456
23458
23461
23463
23465
23467
23470
23472
23474
23476
23479
23481
23483
23485
23488
23490
23492
23494
23497
23499
23501
23503
23506
23508
23510
23512
23515
23517
23519
23521
23524
23526
23528
23530
23533
23535
23537
23539
23542
23544
23546
23548
23551
23553
23555
23557
23560
23562
23564
23566
23568
23570
23572
23574
23577
23579
23581
23583
23585
23587
23589
23591
23594
23596
23598
23600
23602
23604
23606
23608
23611
23613
23615
23617
23619
23621
23623
23625
23628
23630
23632
23634
23636
23638
23640
23642
23645
23647
23649
23651
23653
23655
23657
23660
23662
23664
23667
23669
23671
23674
23676
23679
23681
23683
23686
23688
23691
23693
23695
23698
23700
23703
23705
23707
23710
23712
23715
23717
23719
23722
23724
23726
23729
23731
23734
23736
23738
23741
23743
23746
23748
23750
23753
23755
23758
23760
23762
23765
23767
23770
23772
23775
23778
23780
23783
23786
23788
23791
23794
23796
23799
23802
23804
23807
23810
23812
23815
23818
23820
23823
23826
23829
23831
23834
23837
23839
23842
23845
23847
23850
23853
23855
23858
23861
23863
23866
23869
23871
23874
23877
23880
23882
23885
23888
23890
23893
23896
23898
23901
23904
23906
23909
23912
23914
23917
23920
23922
23925
23928
23930
23933
23936
23939
23941
23944
23947
23949
23952
23955
23957
23960
23963
23965
23968
23971
23973
23976
23979
23981
23984
23987
23990
23992
23995
23997
24000
24003
24005
24008
24010
24013
24016
24018
24021
24024
24026
24029
24031
24034
24037
24039
24042
24045
24047
24050
24052
24055
24058
24060
24063
24065
24068
24071
24073
24076
24079
24081
24084
24086
24089
24092
24094
24097
24100
24102
24104
24107
24109
24112
24114
24117
24119
24121
24124
24126
24129
24131
24134
24136
24139
24141
24143
24146
24148
24151
24153
24156
24158
24160
24163
24165
24168
24170
24173
24175
24178
24180
24182
24185
24187
24190
24192
24195
24197
24200
24202
24204
24206
24208
24210
24212
24214
24216
24218
24220
24222
24224
24226
24228
24230
24232
24234
24236
24238
24240
24242
24244
24246
24248
24250
24252
24255
24257
24259
24261
24263
24265
24267
24269
24271
24273
24275
24277
24279
24281
24283
24285
24287
24289
24291
24293
24295
24297
24299
24301
24303
24305
24307
24310
24313
24316
24319
24322
24325
24328
24331
24334
24337
24340
24343
24346
24349
24352
24355
24358
24361
24364
24367
24370
24373
24376
24379
24382
24385
24388
24391
24394
24397
24400
24403
24406
24410
24412
24414
24416
24418
24421
24423
24425
24427
24429
24432
24434
24436
24438
24440
24443
24445
24447
24449
24451
24454
24456
24458
24460
24462
24465
24467
24469
24471
24473
24476
24478
24480
24482
24484
24487
24489
24491
24493
24495
24498
24500
24502
24504
24506
24509
24511
24513
24515
24517
24520
24523
24526
24529
24532
24535
24538
24541
24544
24547
24550
24553
24556
24559
24562
24565
24568
24571
24575
24578
24581
24584
24587
24590
24593
24596
24599
24602
24605
24608
24611
24614
24617
24620
24623
24626
24630
24632
24634
24637
24639
24642
24644
24647
24649
24651
24654
24656
24659
24661
24664
24666
24669
24671
24674
24676
24678
24681
24683
24686
24688
24691
24693
24695
24698
24700
24703
24705
24708
24710
24713
24715
24718
24720
24722
24725
24727
24730
24732
24735
24737
24740
24742
24745
24748
24751
24754
24757
24760
24763
24766
24769
24772
24775
24778
24781
24784
24787
24790
24793
24796
24799
24802
24805
24808
24811
24814
24817
24820
24823
24826
24829
24832
24835
24838
24841
24844
24847
24850
24853
24856
24860
24863
24866
24870
24873
24876
24880
24883
24886
24890
24893
24896
24900
24903
24906
24910
24913
24916
24920
24923
24926
24930
24933
24936
24939
24943
24946
24950
24952
24955
24957
24960
24962
24965
24967
24970
24973
24975
24978
24980
24983
24985
24988
24990
24993
24996
24998
25001
25003
25006
25008
25011
25013
25016
25019
25021
25024
25026
25029
25031
25034
25036
25039
25042
25044
25047
25049
25052
25054
25057
25060
25062
25064
25066
25069
25071
25073
25075
25078
25080
25082
25085
25087
25089
25091
25094
25096
25098
25100
25103
25105
25107
25110
25112
25114
25116
25119
25121
25123
25125
25128
25130
25132
25134
25137
25139
25141
25144
25146
25148
25150
25153
25155
25157
25160
25162
25164
25166
25168
25170
25172
25174
25176
25179
25181
25183
25185
25187
25189
25191
25193
25195
25198
25200
25202
25204
25206
25208
25210
25212
25215
25217
25219
25221
25223
25225
25227
25229
25231
25234
25236
25238
25240
25242
25244
25246
25248
25250
25253
25255
25257
25259
25261
25263
25265
25267
25270
25272
25274
25277
25279
25282
25284
25287
25289
25291
25294
25296
25299
25301
25304
25306
25309
25311
25314
25316
25318
25321
25323
25326
25328
25331
25333
25336
25338
25340
25343
25345
25348
25350
25353
25355
25358
25360
25362
25365
25367
25370
25372
25375
25377
25380
25381
25383
25385
25387
25389
25391
25393
25395
25397
25399
25401
25403
25405
25407
25409
25411
25413
25415
25417
25419
25421
25423
25425
25427
25429
25431
25433
25435
25436
25438
25440
25442
25444
25446
25448
25450
25452
25454
25456
25458
25460
25462
25464
25466
25468
25470
25472
25474
25476
25478
25480
25482
25484
25486
25488
25490
25492
25495
25498
25500
25503
25506
25509
25512
25514
25517
25520
25523
25525
25528
25531
25534
25536
25539
25542
25545
25547
25550
25553
25556
25558
25561
25564
25567
25569
25572
25575
25578
25580
25583
25586
25589
25591
25594
25597
25600
25602
25605
25608
25611
25614
25617
25620
25623
25626
25629
25632
25635
25638
25641
25644
25647
25650
25652
25655
25658
25661
25664
25667
25670
25673
25676
25679
25682
25685
25688
25691
25694
25697
25700
25703
25706
25710
25713
25716
25720
25723
25726
25730
25733
25736
25740
25743
25746
25750
25753
25756
25759
25763
25766
25770
25773
25776
25779
25783
25786
25790
25793
25796
25799
25803
25806
25810
25813
25816
25819
25822
25825
25828
25831
25834
25837
25840
25843
25846
25849
25852
25855
25858
25861
25864
25867
25870
25873
25876
25879
25882
25885
25888
25891
25894
25897
25900
25903
25906
25910
25912
25914
25917
25919
25921
25924
25926
25929
25931
25933
25936
25938
25941
25943
25945
25948
25950
25953
25955
25957
25960
25962
25965
25967
25969
25972
25974
25976
25979
25981
25984
25986
25988
25991
25993
25996
25998
26000
26003
26005
26008
26010
26012
26015
26017
26020
26022
26025
26027
26030
26033
26035
26038
26040
26043
26046
26048
26051
26054
26056
26059
26061
26064
26067
26069
26072
26075
26077
26080
26082
26085
26088
26090
26093
26095
26098
26101
26103
26106
26109
26111
26114
26116
26119
26122
26124
26127
26130
26133
26136
26140
26143
26147
26150
26154
26157
26160
26164
26167
26171
26174
26178
26181
26185
26188
26191
26195
26198
26202
26205
26209
26212
26215
26219
26222
26226
26229
26233
26236
26240
26242
26244
26246
26248
26250
26252
26254
26256
26258
26260
26262
26264
26266
26269
26271
26273
26275
26277
26279
26281
26283
26285
26287
26289
26291
26293
26296
26298
26300
26302
26304
26306
26308
26310
26312
26314
26316
26318
26320
26323
26325
26327
26329
26331
26333
26335
26337
26339
26341
26343
26345
26347
26350
26352
26354
26357
26359
26362
26364
26367
26369
26371
26374
26376
26379
26381
26384
26386
26389
26391
26393
26396
26398
26401
26403
26406
26408
26410
26413
26415
26418
26420
26423
26425
26428
26430
26432
26435
26437
26440
26442
26445
26447
26450
26453
26456
26460
26463
26466
26470
26473
26476
26480
26483
26486
26490
26493
26496
26500
26503
26506
26509
26513
26516
26520
26523
26526
26529
26533
26536
26540
26543
26546
26549
26553
26556
26560
26562
26565
26568
26571
26574
26577
26580
26583
26586
26589
26592
26595
26598
26601
26604
26607
26610
26612
26615
26618
26621
26624
26627
26630
26633
26636
26639
26642
26645
26648
26651
26654
26657
26660
26664
26668
26673
26677
26682
26686
26690
26695
26699
26704
26708
26712
26717
26721
26726
26730
26734
26739
26743
26748
26752
26756
26761
26765
26770
26773
26776
26779
26782
26785
26788
26791
26795
26798
26801
26804
26807
26810
26814
26817
26820
26823
26826
26829
26832
26836
26839
26842
26845
26848
26851
26854
26858
26861
26864
26867
26870
26873
26876
26880
26882
26885
26887
26890
26892
26895
26897
26900
26903
26905
26908
26910
26913
26915
26918
26920
26923
26926
26928
26931
26933
26936
26938
26941
26943
26946
26949
26951
26954
26956
26959
26961
26964
26966
26969
26972
26974
26977
26979
26982
26984
26987
26990
26992
26994
26996
26999
27001
27003
27006
27008
27010
27012
27015
27017
27019
27022
27024
27026
27028
27031
27033
27035
27038
27040
27042
27045
27047
27049
27051
27054
27056
27058
27061
27063
27065
27067
27070
27072
27074
27077
27079
27081
27083
27086
27088
27090
27093
27095
27097
27100
27103
27106
27109
27112
27115
27118
27121
27124
27127
27130
27133
27136
27139
27142
27145
27148
27151
27154
27157
27160
27163
27166
27169
27172
27175
27178
27181
27184
27187
27190
27193
27196
27200
27203
27206
27209
27212
27215
27218
27221
27225
27228
27231
27234
27237
27240
27244
27247
27250
27253
27256
27259
27262
27266
27269
27272
27275
27278
27281
27284
27288
27291
27294
27297
27300
27303
27306
27310
27311
27313
27315
27317
27319
27321
27323
27325
27327
27329
27331
27333
27335
27337
27339
27341
27343
27345
27347
27349
27351
27353
27355
27357
27359
27360
27362
27364
27366
27368
27370
27372
27374
27376
27378
27380
27382
27384
27386
27388
27390
27392
27394
27396
27398
27400
27402
27404
27406
27408
27410
27412
27414
27417
27419
27422
27424
27427
27429
27432
27434
27436
27439
27441
27444
27446
27449
27451
27454
27456
27458
27461
27463
27466
27468
27471
27473
27476
27478
27480
27483
27485
27488
27490
27493
27495
27498
27500
27502
27505
27507
27510
27512
27515
27517
27520
27522
27524
27526
27528
27531
27533
27535
27537
27539
27541
27544
27546
27548
27550
27553
27555
27557
27559
27561
27564
27566
27568
27570
27572
27575
27577
27579
27581
27583
27586
27588
27590
27592
27594
27596
27599
27601
27603
27605
27608
27610
27612
27614
27616
27619
27621
27623
27625
27627
27630
27632
27635
27637
27640
27642
27645
27647
27650
27653
27655
27658
27660
27663
27665
27668
27670
27673
27676
27678
27681
27683
27686
27688
27691
27693
27696
27699
27701
27704
27706
27709
27711
27714
27716
27719
27722
27724
27727
27729
27732
27734
27737
27740
27742
27744
27746
27748
27750
27752
27755
27757
27759
27761
27763
27765
27768
27770
27772
27774
27776
27778
27780
27783
27785
27787
27789
27791
27793
27796
27798
27800
27802
27804
27806
27809
27811
27813
27815
27817
27819
27821
27824
27826
27828
27830
27832
27834
27837
27839
27841
27843
27845
27847
27850
27852
27854
27857
27859
27862
27864
27867
27869
27872
27874
27876
27879
27881
27884
27886
27889
27891
27894
27896
27898
27901
27903
27906
27908
27911
27913
27916
27918
27920
27923
27925
27928
27930
27933
27935
27938
27940
27942
27945
27947
27950
27952
27955
27957
27960
27962
27964
27967
27969
27972
27974
27977
27979
27982
27984
27986
27989
27991
27994
27996
27999
28001
28004
28006
28008
28011
28013
28016
28018
28021
28023
28026
28028
28030
28033
28035
28038
28040
28043
28045
28048
28050
28052
28055
28057
28060
28062
28065
28067
28070
28072
28074
28076
28078
28080
28082
28085
28087
28089
28091
28093
28095
28098
28100
28102
28104
28106
28108
28110
28113
28115
28117
28119
28121
28123
28126
28128
28130
28132
28134
28136
28139
28141
28143
28145
28147
28149
28151
28154
28156
28158
28160
28162
28164
28167
28169
28171
28173
28175
28177
28180
28182
28184
28187
28189
28192
28194
28197
28199
28202
28204
28206
28209
28211
28214
28216
28219
28221
28224
28226
28228
28231
28233
28236
28238
28241
28243
28246
28248
28250
28253
28255
28258
28260
28263
28265
28268
28270
28272
28275
28277
28280
28282
28285
28287
28290
28293
28296
28299
28302
28306
28309
28312
28315
28319
28322
28325
28328
28331
28335
28338
28341
28344
28348
28351
28354
28357
28360
28364
28367
28370
28373
28377
28380
28383
28386
28390
28392
28395
28397
28400
28403
28405
28408
28410
28413
28416
28418
28421
28424
28426
28429
28431
28434
28437
28439
28442
28445
28447
28450
28452
28455
28458
28460
28463
28465
28468
28471
28473
28476
28479
28481
28484
28486
28489
28492
28494
28497
28500
28502
28504
28507
28509
28511
28514
28516
28518
28521
28523
28525
28528
28530
28532
28535
28537
28539
28542
28544
28546
28549
28551
28553
28556
28558
28560
28563
28565
28567
28570
28572
28574
28577
28579
28581
28584
28586
28588
28591
28593
28595
28598
28600
28602
28605
28607
28610
28611
28613
28615
28617
28619
28621
28623
28625
28627
28629
28631
28633
28634
28636
28638
28640
28642
28644
28646
28648
28650
28652
28654
28656
28658
28660
28661
28663
28665
28667
28669
28671
28673
28675
28677
28679
28681
28683
28685
28686
28688
28690
28692
28694
28696
28698
28700
28702
28704
28706
28708
28710
28711
28713
28715
28717
28719
28721
28723
28725
28727
28728
28730
28732
28734
28736
28738
28740
28742
28744
28746
28747
28749
28751
28753
28755
28757
28759
28761
28763
28765
28766
28768
28770
28772
28774
28776
28778
28780
28782
28783
28785
28787
28789
28791
28793
28795
28797
28799
28801
28802
28804
28806
28808
28810
28812
28814
28816
28818
28820
28821
28823
28825
28827
28829
28831
28833
28835
28837
28839
28841
28843
28845
28846
28848
28850
28852
28854
28856
28858
28860
28862
28864
28866
28868
28870
28871
28873
28875
28877
28879
28881
28883
28885
28887
28889
28891
28893
28895
28896
28898
28900
28902
28904
28906
28908
28910
28912
28914
28916
28918
28920
28922
28924
28926
28928
28931
28933
28935
28937
28940
28942
28944
28946
28949
28951
28953
28955
28958
28960
28962
28964
28967
28969
28971
28973
28976
28978
28980
28982
28985
28987
28989
28991
28994
28996
28998
29000
29003
29005
29007
29009
29012
29014
29016
29018
29021
29023
29025
29027
29030
29032
29034
29037
29039
29041
29044
29046
29049
29051
29053
29056
29058
29060
29063
29065
29068
29070
29072
29075
29077
29080
29082
29084
29087
29089
29091
29094
29096
29099
29101
29103
29106
29108
29110
29113
29115
29118
29120
29122
29125
29127
29130
29133
29136
29139
29142
29145
29148
29151
29154
29157
29160
29163
29166
29169
29172
29175
29178
29181
29185
29188
29191
29194
29197
29200
29203
29206
29209
29212
29215
29218
29221
29224
29227
29230
29233
29236
29240
29242
29245
29248
29250
29253
29256
29259
29262
29264
29267
29270
29273
29275
29278
29281
29284
29286
29289
29292
29295
29297
29300
29303
29306
29308
29311
29314
29317
29319
29322
29325
29328
29330
29333
29336
29339
29341
29344
29347
29350
29352
29354
29357
29359
29362
29364
29367
29369
29371
29374
29376
29379
29381
29384
29386
29389
29391
29393
29396
29398
29401
29403
29406
29408
29410
29413
29415
29418
29420
29423
29425
29428
29430
29432
29435
29437
29440
29442
29445
29447
29450
29452
29454
29456
29458
29461
29463
29465
29467
29469
29471
29474
29476
29478
29480
29483
29485
29487
29489
29491
29494
29496
29498
29500
29502
29505
29507
29509
29511
29513
29516
29518
29520
29522
29524
29526
29529
29531
29533
29535
29538
29540
29542
29544
29546
29549
29551
29553
29555
29557
29560
29562
29565
29568
29571
29574
29577
29580
29582
29585
29588
29591
29594
29597
29599
29602
29605
29608
29611
29614
29617
29620
29622
29625
29628
29631
29634
29637
29640
29642
29645
29648
29651
29654
29657
29660
29662
29664
29666
29668
29671
29673
29675
29677
29679
29682
29684
29686
29688
29690
29693
29695
29697
29699
29701
29704
29706
29708
29710
29712
29715
29717
29719
29721
29723
29726
29728
29730
29732
29734
29737
29739
29741
29743
29745
29748
29750
29752
29754
29756
29759
29761
29763
29765
29767
29770
29772
29774
29777
29779
29782
29784
29787
29789
29791
29794
29796
29799
29801
29804
29806
29809
29811
29814
29816
29818
29821
29823
29826
29828
29831
29833
29836
29838
29840
29843
29845
29848
29850
29853
29855
29858
29860
29862
29865
29867
29870
29872
29875
29877
29880
29882
29884
29886
29888
29891
29893
29895
29897
29899
29901
29904
29906
29908
29910
29913
29915
29917
29919
29921
29924
29926
29928
29930
29932
29935
29937
29939
29941
29943
29945
29948
29950
29952
29954
29956
29959
29961
29963
29965
29968
29970
29972
29974
29976
29979
29981
29983
29985
29987
29990
