5
11
16
22
27
33
38
44
49
54
60
66
71
77
82
88
93
98
104
109
115
121
127
132
138
144
150
155
161
167
172
178
184
190
195
201
207
212
218
224
230
235
241
246
252
257
263
268
274
279
285
290
296
301
307
312
318
323
329
334
340
346
352
358
365
371
377
383
390
396
402
408
415
421
427
433
440
445
451
456
462
467
473
478
484
489
495
500
506
511
517
522
528
533
539
544
550
555
560
565
570
575
580
585
590
595
600
605
610
615
620
625
630
635
640
645
650
655
660
665
670
675
680
685
690
695
700
705
710
715
720
725
730
735
740
745
750
755
760
767
774
781
788
795
802
810
817
824
831
838
845
852
860
865
870
876
881
887
892
898
903
909
914
919
925
930
936
941
947
952
958
963
969
974
980
985
990
995
1000
1006
1011
1016
1021
1027
1032
1037
1042
1048
1053
1058
1063
1069
1074
1079
1084
1090
1096
1103
1110
1116
1123
1130
1136
1143
1150
1156
1163
1170
1176
1183
1190
1201
1213
1225
1237
1249
1260
1272
1284
1296
1308
1320
1327
1334
1341
1348
1355
1362
1370
1377
1384
1391
1398
1405
1412
1420
1427
1434
1442
1449
1456
1464
1471
1478
1486
1493
1500
1508
1515
1522
1530
1538
1546
1555
1563
1572
1580
1589
1597
1606
1614
1623
1631
1640
1648
1657
1666
1674
1683
1692
1700
1709
1718
1726
1735
1744
1752
1761
1770
1777
1785
1793
1800
1808
1816
1823
1831
1839
1846
1854
1862
1870
1877
1885
1892
1900
1907
1915
1922
1930
1937
1945
1952
1960
1967
1975
1982
1990
1996
2002
2008
2014
2020
2027
2033
2039
2045
2051
2058
2064
2070
2076
2082
2089
2095
2101
2107
2113
2120
2125
2131
2136
2142
2147
2153
2158
2164
2169
2175
2180
2186
2191
2197
2202
2208
2213
2219
2224
2230
2234
2239
2244
2249
2253
2258
2263
2268
2273
2277
2282
2287
2292
2296
2301
2306
2311
2316
2320
2325
2330
2335
2340
2344
2349
2355
2360
2364
2370
2375
2380
2385
2389
2395
2400
2405
2410
2415
2420
2425
2429
2435
2440
2444
2448
2452
2456
2461
2465
2469
2473
2478
2482
2486
2490
2495
2499
2503
2507
2511
2516
2520
2524
2528
2533
2537
2541
2545
2550
2554
2559
2564
2569
2573
2578
2583
2588
2592
2597
2602
2607
2611
2616
2621
2626
2630
2635
2640
2645
2650
2653
2657
2661
2665
2669
2673
2677
2681
2685
2689
2693
2697
2701
2705
2708
2712
2716
2720
2724
2728
2732
2736
2740
2744
2748
2752
2756
2760
2793
2826
2860
2866
2872
2878
2884
2890
2896
2902
2908
2915
2921
2927
2933
2939
2945
2951
2957
2963
2970
2975
2981
2986
2992
2997
3003
3008
3014
3019
3025
3030
3036
3041
3047
3052
3058
3063
3069
3074
3080
3085
3091
3096
3102
3107
3113
3118
3124
3129
3135
3140
3146
3151
3157
3162
3168
3173
3179
3184
3190
3194
3199
3203
3208
3213
3217
3222
3226
3231
3236
3240
3245
3250
3254
3259
3263
3268
3273
3277
3282
3286
3291
3296
3300
3305
3310
3315
3321
3326
3332
3337
3343
3348
3354
3360
3365
3371
3376
3382
3387
3393
3398
3404
3410
3415
3421
3427
3432
3438
3444
3450
3455
3461
3467
3472
3478
3484
3489
3495
3501
3507
3512
3518
3524
3530
3537
3544
3551
3558
3565
3572
3580
3587
3594
3601
3608
3615
3622
3630
3635
3640
3645
3650
3656
3661
3666
3671
3677
3682
3687
3692
3698
3703
3708
3713
3719
3724
3729
3734
3740
3746
3753
3760
3767
3774
3781
3788
3795
3801
3808
3815
3822
3829
3836
3843
3850
3856
3862
3869
3875
3882
3888
3895
3901
3908
3914
3921
3927
3934
3940
3947
3953
3960
3965
3970
3975
3980
3986
3991
3996
4001
4007
4012
4017
4022
4028
4033
4038
4043
4049
4054
4059
4064
4070
4075
4080
4085
4091
4096
4101
4106
4112
4117
4122
4127
4133
4138
4143
4148
4154
4159
4164
4170
4175
4181
4186
4192
4197
4203
4208
4214
4219
4225
4230
4236
4241
4247
4252
4258
4263
4269
4274
4280
4284
4289
4294
4299
4303
4308
4313
4318
4322
4327
4332
4337
4341
4346
4351
4356
4360
4365
4370
4375
4380
4386
4392
4398
4404
4410
4416
4423
4429
4435
4441
4447
4453
4460
4466
4472
4478
4484
4490
4496
4503
4509
4515
4521
4527
4533
4540
4545
4551
4556
4562
4567
4573
4578
4584
4590
4595
4601
4606
4612
4617
4623
4628
4634
4640
4645
4651
4657
4663
4668
4674
4680
4686
4692
4697
4703
4709
4715
4721
4726
4732
4738
4744
4750
4754
4759
4764
4769
4773
4778
4783
4788
4793
4797
4802
4807
4812
4816
4821
4826
4831
4836
4840
4845
4850
4855
4860
4865
4870
4875
4880
4886
4891
4896
4901
4907
4912
4917
4922
4928
4933
4938
4943
4949
4954
4959
4964
4970
4975
4979
4984
4990
4995
5000
5005
5010
5015
5020
5025
5030
5035
5040
5045
5050
5055
5060
5065
5070
5075
5080
5089
5098
5107
5116
5125
5134
5143
5152
5161
5170
5180
5186
5192
5199
5205
5212
5218
5225
5231
5238
5244
5251
5257
5264
5270
5277
5283
5290
5295
5301
5306
5312
5317
5323
5328
5334
5340
5345
5351
5356
5362
5367
5373
5378
5384
5390
5396
5403
5410
5417
5424
5431
5438
5445
5451
5458
5465
5472
5479
5486
5493
5500
5506
5512
5519
5525
5532
5538
5545
5551
5558
5564
5571
5577
5584
5590
5597
5603
5610
5616
5623
5630
5637
5644
5651
5658
5665
5671
5678
5685
5692
5699
5706
5713
5720
5724
5728
5733
5737
5742
5746
5750
5755
5759
5764
5768
5772
5777
5781
5786
5790
5794
5799
5803
5808
5812
5816
5821
5825
5830
5835
5841
5847
5853
5859
5865
5871
5877
5882
5888
5894
5900
5906
5912
5918
5924
5930
5936
5942
5949
5955
5962
5968
5975
5981
5988
5994
6001
6007
6014
6020
6027
6033
6040
6046
6053
6060
6067
6074
6081
6088
6095
6101
6108
6115
6122
6129
6136
6143
6150
6156
6162
6168
6174
6180
6186
6192
6198
6205
6211
6217
6223
6229
6235
6241
6247
6253
6260
6267
6274
6281
6288
6295
6302
6310
6317
6324
6331
6338
6345
6352
6360
6366
6372
6379
6385
6392
6398
6405
6411
6418
6424
6431
6437
6444
6450
6457
6463
6470
6479
6490
6500
6510
6520
6530
6540
6550
6560
6570
6580
6587
6595
6603
6611
6619
6627
6635
6642
6650
6658
6666
6674
6682
6690
6698
6706
6715
6723
6732
6740
6749
6757
6766
6774
6783
6791
6800
6807
6815
6823
6830
6838
6846
6853
6861
6869
6876
6884
6892
6900
6907
6915
6922
6930
6937
6945
6952
6960
6967
6975
6982
6990
6997
7005
7012
7020
7032
7044
7056
7068
7081
7093
7105
7117
7130
7138
7146
7155
7163
7172
7180
7189
7197
7206
7214
7223
7231
7240
7250
7260
7270
7280
7290
7300
7310
7319
7330
7340
7350
7370
7390
7410
7430
7450
7463
7477
7491
7505
7518
7532
7546
7560
7574
7590
7604
7619
7635
7649
7665
7680
7689
7699
7710
7720
7729
7740
7750
7760
7770
7779
7790
7800
7812
7825
7837
7850
7862
7875
7887
7900
7909
7918
7927
7936
7945
7955
7964
7973
7982
7991
8000
8010
8017
8024
8031
8038
8045
8052
8059
8067
8074
8081
8088
8095
8102
8109
8116
8123
8130
8137
8144
8151
8158
8164
8171
8178
8185
8192
8199
8206
8213
8220
8226
8233
8240
8247
8254
8261
8268
8275
8281
8288
8295
8302
8309
8316
8323
8330
8336
8343
8350
8357
8364
8371
8378
8385
8391
8398
8405
8412
8419
8426
8433
8440
8445
8451
8456
8462
8467
8472
8478
8484
8489
8495
8500
8506
8511
8517
8522
8528
8533
8539
8544
8550
8557
8565
8573
8580
8588
8596
8603
8611
8619
8626
8634
8642
8650
8654
8659
8664
8669
8673
8678
8683
8688
8693
8697
8702
8707
8712
8716
8721
8726
8731
8736
8740
8745
8750
8755
8760
8765
8771
8776
8782
8787
8793
8798
8804
8809
8815
8821
8826
8832
8837
8843
8848
8854
8860
8865
8870
8875
8880
8886
8891
8896
8901
8907
8912
8917
8922
8928
8933
8938
8943
8949
8954
8959
8964
8970
8977
8984
8991
8998
9005
9012
9019
9026
9033
9040
9047
9054
9061
9068
9075
9082
9090
9096
9103
9110
9117
9124
9131
9138
9145
9151
9158
9165
9172
9179
9186
9193
9200
9208
9216
9225
9233
9242
9250
9259
9267
9276
9284
9293
9301
9310
9316
9323
9330
9337
9344
9351
9358
9365
9371
9378
9385
9392
9399
9406
9413
9420
9427
9435
9443
9451
9459
9467
9475
9482
9490
9498
9506
9514
9522
9530
9538
9546
9555
9563
9571
9580
9588
9596
9605
9613
9621
9630
9642
9654
9666
9678
9691
9703
9715
9727
9740
9748
9756
9765
9773
9782
9790
9799
9807
9816
9824
9833
9841
9850
9857
9865
9873
9880
9888
9896
9903
9911
9919
9926
9934
9942
9950
9959
9969
9980
9990
10000
10010
10020
10030
10040
10050
10060
10071
10082
10093
10104
10115
10126
10137
10148
10160
10171
10182
10193
10204
10215
10226
10237
10248
10259
10270
10287
10304
10321
10338
10355
10372
10390
10399
10408
10417
10426
10435
10445
10454
10463
10472
10481
10490
10500
10512
10524
10536
10548
10561
10573
10585
10597
10610
10619
10628
10637
10646
10655
10665
10674
10683
10692
10701
10710
10720
10727
10734
10742
10749
10756
10764
10771
10778
10786
10793
10800
10808
10815
10822
10830
10837
10844
10851
10858
10865
10872
10879
10887
10894
10901
10908
10915
10922
10930
10937
10945
10953
10961
10969
10977
10985
10992
11000
11008
11016
11024
11032
11040
11045
11050
11055
11061
11066
11071
11076
11082
11087
11092
11097
11103
11108
11113
11118
11124
11129
11134
11140
11146
11152
11158
11164
11170
11176
11182
11188
11195
11201
11207
11213
11219
11225
11231
11237
11243
11250
11256
11263
11270
11277
11284
11291
11298
11305
11311
11318
11325
11332
11339
11346
11353
11360
11366
11373
11380
11387
11394
11401
11408
11415
11421
11428
11435
11442
11449
11456
11463
11470
11478
11486
11495
11503
11512
11520
11529
11537
11546
11554
11563
11571
11580
11586
11593
11600
11607
11614
11621
11628
11635
11641
11648
11655
11662
11669
11676
11683
11690
11697
11705
11713
11721
11729
11737
11745
11752
11760
11768
11776
11784
11792
11800
11807
11815
11823
11830
11838
11846
11853
11861
11869
11876
11884
11892
11900
11907
11915
11923
11931
11939
11947
11955
11962
11970
11978
11986
11994
12002
12010
12015
12021
12026
12032
12037
12043
12048
12054
12059
12065
12071
12076
12082
12087
12093
12098
12104
12110
12119
12128
12137
12146
12155
12165
12174
12183
12192
12201
12210
12220
12231
12242
12253
12264
12275
12286
12297
12308
12319
12330
12337
12344
12352
12359
12366
12374
12381
12388
12395
12403
12410
12418
12425
12432
12440
12445
12451
12457
12463
12468
12474
12480
12486
12492
12497
12503
12509
12515
12521
12526
12532
12538
12544
12550
12561
12572
12583
12594
12605
12616
12627
12638
12649
12660
12668
12676
12685
12693
12702
12710
12719
12727
12736
12744
12753
12761
12770
12776
12782
12788
12795
12801
12807
12813
12820
12826
12832
12838
12844
12851
12857
12863
12870
12876
12883
12889
12896
12903
12910
12916
12923
12930
12936
12943
12950
12956
12963
12970
12976
12983
12990
12996
13002
13009
13015
13022
13028
13035
13041
13048
13054
13061
13067
13074
13080
13087
13093
13100
13107
13115
13123
13131
13139
13147
13155
13162
13170
13178
13186
13194
13202
13210
13215
13220
13225
13230
13236
13241
13246
13251
13257
13262
13267
13272
13278
13283
13288
13293
13299
13304
13309
13314
13320
13326
13333
13340
13346
13353
13360
13366
13373
13380
13386
13393
13400
13406
13413
13420
13426
13432
13438
13444
13450
13456
13462
13468
13475
13481
13487
13493
13499
13505
13511
13517
13523
13530
13539
13548
13557
13566
13575
13584
13593
13602
13611
13620
13630
13636
13642
13648
13654
13660
13666
13672
13678
13685
13691
13697
13703
13709
13715
13721
13727
13733
13740
13749
13758
13767
13776
13785
13795
13804
13813
13822
13831
13840
13850
13857
13865
13873
13880
13888
13896
13903
13911
13919
13926
13934
13942
13950
13958
13966
13974
13982
13990
13998
14006
14014
14022
14030
14038
14046
14054
14062
14070
14081
14092
14103
14114
14125
14136
14147
14158
14170
14181
14192
14203
14214
14225
14235
14247
14258
14269
14280
14292
14305
14317
14330
14342
14355
14367
14380
14390
14400
14410
14420
14430
14440
14450
14460
14470
14480
14490
14499
14508
14517
14526
14535
14545
14554
14563
14572
14581
14590
14600
14606
14612
14618
14625
14631
14637
14643
14649
14656
14662
14668
14674
14681
14687
14693
14700
14709
14719
14730
14740
14750
14760
14770
14780
14790
14800
14810
14820
14825
14831
14836
14842
14847
14853
14858
14864
14870
14875
14881
14886
14892
14897
14903
14908
14914
14920
14926
14932
14939
14945
14952
14958
14965
14971
14978
14984
14991
14997
15004
15010
15017
15023
15030
15036
15043
15049
15056
15063
15070
15076
15083
15090
15096
15103
15110
15116
15123
15130
15137
15145
15153
15161
15169
15177
15185
15192
15200
15208
15216
15224
15232
15240
15249
15258
15267
15276
15285
15295
15304
15313
15322
15331
15340
15350
15358
15366
15375
15383
15392
15400
15409
15417
15426
15434
15443
15451
15460
15467
15475
15483
15491
15499
15507
15515
15522
15530
15538
15546
15554
15562
15570
15579
15588
15597
15606
15615
15624
15633
15642
15651
15660
15670
15677
15684
15692
15699
15706
15714
15721
15728
15735
15743
15750
15758
15765
15772
15780
15790
15799
15810
15820
15830
15840
15850
15860
15870
15880
15890
15900
15911
15922
15933
15944
15955
15966
15977
15988
15999
16010
16018
16026
16035
16043
16052
16060
16069
16077
16086
16094
16103
16111
16120
16127
16135
16143
16151
16159
16167
16175
16182
16190
16198
16206
16214
16222
16230
16240
16250
16260
16270
16280
16290
16300
16309
16320
16329
16340
16351
16362
16373
16384
16395
16406
16417
16428
16440
16451
16462
16473
16484
16495
16506
16517
16528
16539
16550
16558
16566
16575
16583
16591
16600
16608
16616
16625
16633
16641
16650
16655
16661
16667
16673
16678
16684
16690
16696
16702
16707
16713
16719
16725
16731
16736
16742
16748
16754
16760
16767
16774
16781
16788
16795
16802
16810
16817
16824
16831
16838
16845
16852
16860
16868
16876
16885
16893
16902
16910
16919
16927
16936
16944
16953
16961
16970
16980
16990
17000
17009
17020
17030
17040
17050
17060
17070
17080
17090
17096
17103
17110
17116
17123
17130
17136
17143
17150
17156
17163
17170
17176
17183
17190
17196
17202
17209
17215
17222
17228
17235
17241
17248
17254
17261
17267
17274
17280
17287
17293
17300
17311
17322
17333
17344
17355
17366
17377
17388
17399
17410
17420
17430
17440
17450
17460
17470
17480
17490
17500
17509
17520
17530
17540
17550
17560
17570
17580
17590
17599
17610
17619
17630
17640
17651
17662
17673
17684
17695
17706
17717
17728
17739
17750
17757
17765
17773
17781
17789
17797
17805
17812
17820
17828
17836
17844
17852
17860
17867
17874
17881
17889
17896
17904
17911
17918
17926
17933
17940
17948
17955
17962
17970
17979
17988
17997
18006
18015
18025
18034
18043
18052
18061
18070
18080
18088
18096
18104
18113
18121
18130
18138
18146
18155
18163
18171
18180
18200
18220
18240
18260
18280
18300
18350
18400
18409
18418
18427
18436
18446
18455
18464
18473
18483
18492
18501
18510
18520
18529
18538
18547
18556
18565
18574
18583
18592
18601
18610
18620
18633
18647
18661
18675
18688
18702
18716
18730
18743
18757
18771
18785
18798
18812
18826
18840
18850
18860
18870
18880
18890
18900
18910
18920
18930
18940
18950
18960
18970
18980
18990
19000
19010
19020
19030
19040
19050
19058
19066
19075
19083
19091
19100
19108
19116
19125
19133
19141
19150
19160
19169
19180
19190
19200
19210
19220
19230
19240
19250
19260
19272
19285
19297
19310
19322
19335
19347
19360
19372
19384
19396
19408
19421
19433
19445
19457
19470
19480
19490
19500
19509
19520
19529
19540
19549
19560
19569
19580
19587
19595
19603
19610
19618
19626
19633
19641
19649
19656
19664
19672
19680
19688
19696
19705
19713
19722
19730
19739
19747
19756
19764
19773
19781
19790
19799
19808
19817
19826
19835
19844
19853
19862
19871
19880
19890
19901
19912
19923
19934
19945
19956
19967
19978
19989
20000
20012
20024
20036
20048
20061
20073
20085
20097
20110
20125
20140
20155
20170
20185
20200
20215
20230
20238
20246
20255
20263
20272
20280
20289
20297
20306
20314
20323
20331
20340
20349
20358
20367
20376
20385
20395
20404
20413
20422
20431
20440
20450
20457
20465
20473
20481
20489
20497
20505
20512
20520
20528
20536
20544
20552
20560
20572
20585
20597
20610
20622
20634
20647
20660
20672
20684
20696
20708
20721
20733
20745
20757
20770
20782
20795
20807
20820
20832
20845
20857
20870
20877
20884
20891
20898
20905
20912
20919
20926
20933
20940
20947
20954
20961
20968
20975
20982
20990
20997
21005
21013
21021
21029
21037
21045
21052
21060
21068
21076
21084
21092
21100
21107
21115
21123
21131
21139
21147
21155
21162
21170
21178
21186
21194
21202
21210
21219
21228
21237
21246
21256
21265
21274
21283
21293
21302
21311
21320
21330
21337
21345
21353
21360
21368
21376
21383
21391
21399
21406
21414
21422
21430
21437
21444
21452
21459
21466
21474
21481
21488
21496
21503
21510
21518
21525
21532
21540
21549
21558
21567
21576
21585
21594
21603
21612
21621
21630
21640
21648
21656
21665
21673
21682
21690
21699
21707
21716
21724
21733
21741
21750
21759
21768
21777
21786
21795
21805
21814
21823
21832
21841
21850
21860
21871
21881
21893
21904
21915
21926
21936
21948
21959
21970
21981
21993
22004
22016
22027
22039
22050
22062
22073
22085
22096
22108
22120
22129
22138
22147
22156
22166
22175
22184
22193
22203
22212
22221
22230
22240
22253
22267
22281
22295
22308
22322
22336
22350
22367
22384
22401
22418
22435
22452
22470
22485
22501
22517
22532
22548
22564
22580
22607
22634
22662
22690
22705
22721
22737
22752
22768
22784
22800
22812
22825
22837
22850
22862
22875
22887
22900
22915
22930
22945
22960
22974
22990
23005
23020
23031
23041
23053
23064
23075
23086
23096
23108
23119
23130
23139
23148
23157
23166
23175
23185
23194
23203
23212
23221
23230
23240
23249
23258
23267
23276
23285
23295
23304
23313
23322
23331
23340
23350
23363
23377
23391
23405
23418
23432
23446
23460
23476
23492
23508
23525
23541
23557
23573
23590
23599
23608
23617
23626
23635
23645
23654
23663
23672
23681
23690
23700
23715
23730
23745
23759
23775
23790
23805
23820
23836
23853
23870
23886
23903
23920
23935
23950
23965
23980
23995
24009
24025
24040
24052
24064
24077
24090
24102
24115
24127
24140
24166
24193
24220
24246
24273
24300
24336
24373
24410
24428
24446
24465
24483
24501
24520
24540
24560
24580
24600
24620
24638
24657
24675
24694
24712
24731
24750
24759
24768
24777
24786
24795
24805
24814
24823
24832
24841
24850
24860
24872
24884
24896
24908
24920
24932
24944
24956
24968
24980
24991
25002
25013
25024
25035
25046
25057
25068
25079
25090
25100
25110
25120
25130
25140
25150
25160
25170
25180
25190
25202
25214
25226
25238
25251
25263
25275
25287
25300
25314
25328
25342
25357
25371
25385
25400
25413
25427
25441
25455
25468
25482
25496
25510
25518
25526
25535
25543
25551
25560
25568
25576
25585
25593
25601
25610
25620
25630
25640
25650
25660
25669
25680
25689
25700
25709
25720
25732
25744
25756
25768
25780
25791
25804
25816
25828
25840
25847
25855
25863
25871
25879
25887
25895
25902
25910
25918
25926
25934
25942
25950
25962
25974
25986
25998
26011
26023
26035
26047
26060
26069
26078
26087
26096
26105
26114
26123
26132
26141
26150
26160
26172
26184
26196
26208
26221
26233
26245
26257
26270
26281
26291
26303
26314
26325
26336
26346
26358
26369
26380
26392
26404
26416
26428
26439
26452
26464
26476
26488
26500
26515
26531
26547
26562
26578
26594
26610
26622
26634
26646
26658
26671
26683
26695
26707
26720
26735
26750
26765
26780
26794
26810
26825
26840
26860
26880
26900
26920
26940
26955
26971
26987
27002
27018
27034
27050
27059
27068
27077
27086
27095
27104
27113
27122
27131
27140
27150
27160
27169
27180
27190
27200
27210
27220
27230
27240
27250
27260
27268
27276
27285
27293
27301
27310
27318
27326
27335
27343
27351
27360
27370
27381
27392
27403
27414
27425
27436
27447
27458
27469
27480
27487
27495
27503
27511
27519
27527
27535
27542
27550
27558
27566
27574
27582
27590
27596
27603
27610
27617
27624
27631
27638
27645
27651
27658
27665
27672
27679
27686
27693
27700
27706
27712
27719
27725
27732
27738
27745
27751
27758
27764
27771
27777
27784
27790
27797
27803
27810
27816
27823
27830
27837
27844
27851
27858
27865
27871
27878
27885
27892
27899
27906
27913
27920
27927
27934
27941
27948
27955
27962
27969
27976
27983
27990
27997
28004
28011
28018
28025
28032
28040
28045
28051
28056
28062
28067
28073
28078
28084
28090
28095
28101
28106
28112
28117
28123
28128
28134
28140
28149
28158
28167
28176
28186
28195
28204
28213
28223
28232
28241
28250
28260
28271
28282
28293
28304
28315
28326
28337
28348
28360
28371
28381
28393
28404
28415
28426
28436
28448
28459
28470
28477
28484
28491
28498
28505
28512
28519
28526
28533
28540
28547
28554
28561
28568
28575
28582
28590
28596
28603
28610
28616
28623
28630
28636
28643
28650
28656
28663
28670
28676
28683
28690
28696
28702
28709
28715
28722
28728
28735
28741
28748
28754
28761
28767
28774
28780
28787
28793
28800
28809
28818
28827
28836
28845
28854
28863
28872
28881
28890
28900
28907
28914
28922
28929
28936
28944
28951
28958
28966
28973
28980
28988
28995
29002
29010
29017
29024
29031
29038
29045
29052
29060
29067
29074
29081
29088
29095
29102
29110
29116
29123
29130
29137
29144
29151
29158
29165
29171
29178
29185
29192
29199
29206
29213
29220
29230
29241
29253
29264
29275
29285
29296
29308
29319
29330
29339
29348
29357
29366
29376
29385
29394
29403
29413
29422
29431
29440
29450
29458
29466
29475
29483
29492
29500
29509
29517
29526
29534
29543
29551
29560
29569
29578
29587
29596
29605
29614
29623
29632
29641
29650
29660
29668
29676
29685
29693
29702
29710
29719
29727
29736
29744
29753
29761
29770
29776
29783
29790
29796
29803
29810
29816
29823
29830
29836
29843
29850
29856
29863
29870
29876
29883
29890
29897
29904
29911
29918
29925
29931
29938
29945
29952
29959
29966
29973
29980
