3
7
11
15
19
23
27
31
35
39
43
47
51
55
58
62
66
70
74
78
82
86
90
94
98
102
106
110
113
116
119
122
125
128
131
134
137
140
143
146
149
152
155
158
161
164
167
170
173
176
179
182
185
188
191
194
197
200
203
206
210
214
218
222
226
231
235
239
243
248
252
256
260
265
269
273
277
281
286
290
294
298
303
307
311
315
320
323
327
331
335
339
343
346
350
354
358
362
366
370
373
377
381
385
389
393
396
400
404
408
412
416
420
422
425
428
431
434
437
440
443
446
448
451
454
457
460
463
466
469
472
475
477
480
483
486
489
492
495
498
501
503
506
509
512
515
518
521
524
527
530
533
537
541
545
548
552
556
560
563
567
571
575
578
582
586
590
593
597
601
605
608
612
616
620
623
627
631
635
638
642
646
650
654
658
662
666
670
674
678
682
686
690
694
698
702
707
711
715
719
723
727
731
735
739
743
747
751
755
760
763
766
769
773
776
779
782
786
789
792
795
799
802
805
808
812
815
818
821
825
828
831
834
838
841
844
847
851
854
857
860
864
867
870
873
877
880
883
886
890
896
902
908
915
921
927
934
940
946
953
959
965
972
978
984
991
997
1003
1010
1016
1022
1028
1035
1041
1047
1054
1060
1066
1073
1079
1085
1092
1098
1104
1111
1117
1123
1130
1133
1136
1139
1142
1145
1148
1152
1155
1158
1161
1164
1167
1170
1174
1177
1180
1183
1186
1189
1192
1196
1199
1202
1205
1208
1211
1214
1218
1221
1224
1227
1230
1233
1236
1240
1243
1246
1249
1252
1255
1258
1261
1264
1267
1270
1273
1276
1279
1282
1285
1288
1291
1295
1298
1301
1304
1307
1310
1313
1316
1319
1322
1325
1328
1331
1334
1337
1340
1343
1346
1350
1352
1355
1358
1361
1364
1367
1370
1372
1375
1378
1381
1384
1387
1390
1392
1395
1398
1401
1404
1407
1410
1412
1415
1418
1421
1424
1427
1430
1432
1435
1438
1441
1444
1447
1450
1454
1458
1463
1467
1472
1476
1481
1485
1490
1494
1498
1503
1507
1512
1516
1521
1525
1530
1534
1538
1543
1547
1552
1556
1561
1565
1570
1573
1576
1579
1582
1586
1589
1592
1595
1599
1602
1605
1608
1611
1615
1618
1621
1624
1628
1631
1634
1637
1640
1644
1647
1650
1653
1657
1660
1663
1666
1670
1673
1677
1680
1684
1687
1691
1694
1698
1701
1705
1709
1712
1716
1719
1723
1726
1730
1733
1737
1740
1744
1748
1751
1755
1758
1762
1765
1769
1772
1776
1780
1783
1787
1791
1794
1798
1802
1805
1809
1813
1817
1820
1824
1828
1831
1835
1839
1842
1846
1850
1854
1857
1861
1865
1868
1872
1876
1880
1916
1953
1990
1993
1997
2001
2005
2008
2012
2016
2020
2024
2027
2031
2035
2039
2043
2046
2050
2054
2058
2062
2065
2069
2073
2077
2081
2084
2088
2092
2096
2100
2103
2107
2111
2115
2118
2122
2126
2130
2134
2137
2141
2145
2149
2153
2156
2160
2164
2168
2172
2175
2179
2183
2187
2191
2194
2198
2202
2206
2210
2213
2216
2220
2223
2227
2230
2234
2237
2240
2244
2247
2251
2254
2258
2261
2264
2268
2271
2275
2278
2282
2285
2288
2292
2295
2299
2302
2306
2309
2312
2316
2319
2323
2326
2330
2340
2351
2362
2372
2383
2394
2404
2415
2426
2436
2447
2458
2468
2479
2490
2492
2495
2498
2501
2504
2507
2510
2513
2516
2518
2521
2524
2527
2530
2533
2536
2539
2542
2545
2547
2550
2553
2556
2559
2562
2565
2568
2571
2573
2576
2579
2582
2585
2588
2591
2594
2597
2600
2602
2605
2608
2611
2614
2617
2620
2623
2626
2629
2632
2635
2638
2641
2644
2647
2650
2652
2655
2658
2661
2664
2667
2670
2673
2676
2679
2682
2685
2688
2691
2694
2697
2700
2704
2708
2713
2717
2722
2726
2731
2735
2740
2744
2748
2753
2757
2762
2766
2771
2775
2780
2784
2788
2793
2797
2802
2806
2811
2815
2820
2825
2831
2836
2842
2847
2853
2858
2864
2870
2875
2881
2886
2892
2897
2903
2908
2914
2920
2922
2925
2927
2929
2932
2935
2937
2940
2942
2945
2947
2949
2952
2955
2957
2960
2962
2965
2967
2969
2972
2974
2977
2980
2982
2985
2987
2989
2992
2994
2997
3000
3002
3005
3007
3010
3012
3014
3017
3020
3022
3025
3027
3030
3036
3042
3048
3054
3060
3066
3072
3078
3085
3091
3097
3103
3109
3115
3121
3127
3133
3140
3143
3147
3150
3154
3157
3161
3164
3168
3171
3175
3179
3182
3186
3189
3193
3196
3200
3203
3207
3210
3214
3218
3221
3225
3228
3232
3235
3239
3242
3246
3250
3254
3259
3263
3268
3273
3277
3282
3286
3291
3296
3300
3305
3310
3314
3319
3323
3328
3333
3337
3342
3346
3351
3356
3360
3365
3370
3374
3378
3383
3387
3392
3396
3400
3405
3409
3414
3418
3422
3427
3431
3436
3440
3444
3449
3453
3458
3462
3466
3471
3475
3480
3486
3492
3499
3505
3511
3518
3524
3531
3537
3543
3550
3556
3563
3569
3575
3582
3588
3594
3601
3607
3614
3620
3626
3633
3639
3646
3652
3658
3665
3671
3678
3684
3690
3697
3703
3710
3714
3718
3722
3726
3731
3735
3739
3743
3748
3752
3756
3760
3765
3769
3773
3777
3781
3786
3790
3794
3798
3803
3807
3811
3815
3820
3823
3827
3830
3834
3837
3841
3844
3848
3851
3855
3859
3862
3866
3869
3873
3876
3880
3883
3887
3890
3894
3898
3901
3905
3908
3912
3915
3919
3922
3926
3930
3942
3955
3968
3980
3993
4006
4019
4031
4044
4057
4070
4074
4079
4083
4088
4092
4097
4101
4106
4110
4115
4120
4124
4129
4133
4138
4142
4147
4151
4156
4160
4165
4170
4174
4179
4184
4189
4194
4198
4203
4208
4213
4218
4222
4227
4232
4237
4242
4246
4251
4256
4261
4266
4270
4275
4280
4285
4290
4294
4298
4303
4307
4311
4316
4320
4324
4329
4333
4337
4342
4346
4350
4355
4359
4363
4368
4372
4376
4381
4385
4390
4394
4399
4404
4409
4414
4418
4423
4428
4433
4438
4442
4447
4452
4457
4462
4466
4471
4476
4481
4486
4490
4495
4500
4505
4510
4515
4521
4527
4532
4538
4544
4550
4555
4561
4567
4572
4578
4584
4590
4595
4601
4607
4612
4618
4624
4630
4636
4643
4650
4657
4664
4671
4678
4685
4691
4698
4705
4712
4719
4726
4733
4740
4747
4754
4762
4769
4776
4784
4791
4798
4806
4813
4820
4827
4835
4842
4850
4858
4866
4875
4883
4891
4900
4908
4916
4925
4933
4941
4950
4960
4970
4980
4990
5000
5010
5020
5029
5040
5050
5060
5062
5064
5067
5069
5072
5074
5077
5080
5082
5085
5087
5090
5092
5095
5097
5100
5102
5104
5107
5109
5112
5115
5117
5120
5122
5125
5127
5130
5132
5135
5137
5140
5142
5145
5147
5150
5152
5155
5157
5160
5164
5168
5172
5176
5181
5185
5189
5193
5198
5202
5206
5210
5215
5219
5223
5227
5231
5236
5240
5244
5248
5253
5257
5261
5265
5270
5274
5279
5283
5288
5292
5297
5301
5306
5310
5315
5320
5324
5329
5333
5338
5342
5347
5351
5356
5360
5365
5370
5373
5377
5381
5384
5388
5392
5395
5399
5403
5406
5410
5414
5417
5421
5425
5428
5432
5436
5439
5443
5447
5450
5454
5458
5461
5465
5469
5472
5476
5480
5483
5487
5490
5494
5498
5501
5505
5509
5512
5516
5520
5523
5527
5530
5534
5538
5541
5545
5549
5552
5556
5560
5563
5567
5570
5574
5578
5581
5585
5589
5592
5596
5600
5604
5608
5612
5616
5621
5625
5629
5633
5638
5642
5646
5650
5654
5659
5663
5667
5671
5676
5680
5684
5688
5693
5697
5701
5705
5710
5716
5723
5729
5736
5743
5750
5756
5763
5770
5776
5783
5790
5796
5803
5810
5816
5823
5830
5836
5843
5850
5856
5863
5870
5876
5883
5890
5893
5896
5900
5903
5907
5910
5914
5917
5920
5924
5927
5931
5934
5938
5941
5945
5948
5951
5955
5958
5962
5965
5969
5972
5975
5979
5982
5986
5989
5993
5996
6000
6002
6005
6007
6010
6012
6015
6017
6020
6022
6025
6027
6030
6032
6035
6037
6040
6042
6045
6047
6050
6052
6055
6057
6060
6062
6065
6067
6070
6072
6075
6077
6080
6082
6085
6087
6090
6092
6095
6097
6100
6102
6105
6107
6110
6116
6123
6130
6136
6143
6150
6156
6163
6170
6176
6183
6190
6196
6203
6210
6214
6218
6222
6226
6230
6234
6238
6242
6246
6250
6254
6258
6262
6267
6271
6275
6279
6283
6287
6291
6295
6299
6303
6307
6311
6315
6320
6322
6325
6328
6331
6333
6336
6339
6342
6345
6347
6350
6353
6356
6358
6361
6364
6367
6370
6372
6375
6378
6381
6383
6386
6389
6392
6395
6397
6400
6403
6406
6408
6411
6414
6417
6420
6424
6428
6432
6436
6440
6444
6448
6452
6456
6460
6464
6468
6472
6477
6481
6485
6489
6493
6497
6501
6505
6509
6513
6517
6521
6525
6530
6533
6536
6540
6543
6547
6550
6554
6557
6560
6564
6567
6571
6574
6578
6581
6585
6588
6591
6595
6598
6602
6605
6609
6612
6615
6619
6622
6626
6629
6633
6636
6640
6644
6649
6654
6659
6663
6668
6673
6678
6683
6687
6692
6697
6702
6706
6711
6716
6721
6726
6730
6735
6740
6745
6750
6752
6755
6758
6760
6763
6766
6768
6771
6774
6776
6779
6782
6784
6787
6790
6792
6795
6798
6800
6803
6806
6809
6811
6814
6817
6819
6822
6825
6827
6830
6833
6835
6838
6841
6843
6846
6849
6851
6854
6857
6860
6863
6867
6870
6874
6877
6881
6885
6888
6892
6895
6899
6902
6906
6910
6913
6917
6920
6924
6927
6931
6935
6938
6942
6945
6949
6952
6956
6960
6965
6970
6975
6980
6985
6990
6995
7000
7005
7010
7015
7020
7025
7030
7035
7040
7045
7050
7055
7060
7065
7070
7078
7086
7094
7102
7110
7119
7127
7135
7143
7151
7160
7168
7176
7184
7192
7200
7209
7217
7225
7233
7241
7250
7253
7257
7260
7264
7267
7271
7274
7278
7281
7285
7289
7292
7296
7299
7303
7306
7310
7313
7317
7320
7324
7328
7331
7335
7338
7342
7345
7349
7352
7356
7360
7367
7375
7382
7390
7398
7405
7413
7420
7428
7436
7443
7451
7459
7466
7474
7481
7489
7497
7504
7512
7520
7523
7526
7529
7532
7535
7538
7541
7545
7548
7551
7554
7557
7560
7563
7566
7570
7573
7576
7579
7582
7585
7588
7591
7595
7598
7601
7604
7607
7610
7613
7616
7620
7623
7626
7630
7633
7637
7640
7644
7647
7650
7654
7657
7661
7664
7668
7671
7674
7678
7681
7685
7688
7692
7695
7698
7702
7705
7709
7712
7716
7719
7722
7726
7729
7733
7736
7740
7744
7749
7753
7758
7763
7767
7772
7776
7781
7786
7790
7795
7800
7804
7809
7813
7818
7823
7827
7832
7836
7841
7846
7850
7855
7860
7863
7866
7869
7872
7876
7879
7882
7885
7889
7892
7895
7898
7902
7905
7908
7911
7915
7918
7921
7924
7927
7931
7934
7937
7940
7944
7947
7950
7953
7957
7960
7963
7966
7970
7973
7977
7981
7985
7989
7993
7997
8001
8005
8009
8013
8017
8021
8025
8028
8032
8036
8040
8044
8048
8052
8056
8060
8064
8068
8072
8076
8080
8083
8087
8090
8094
8098
8102
8105
8109
8113
8116
8120
8124
8127
8131
8135
8138
8142
8145
8149
8153
8157
8160
8164
8167
8171
8175
8179
8182
8186
8189
8193
8197
8200
8204
8207
8211
8214
8218
8221
8225
8229
8232
8236
8239
8243
8246
8250
8253
8257
8260
8264
8268
8271
8275
8278
8282
8285
8289
8292
8296
8300
8303
8306
8310
8313
8316
8320
8323
8326
8330
8333
8336
8340
8343
8346
8350
8353
8356
8360
8363
8366
8370
8373
8376
8380
8383
8386
8390
8393
8396
8400
8403
8406
8410
8413
8417
8420
8424
8427
8430
8434
8437
8441
8444
8448
8451
8455
8458
8461
8465
8468
8472
8475
8479
8482
8485
8489
8492
8496
8499
8503
8506
8510
8522
8534
8546
8559
8571
8583
8596
8608
8620
8633
8645
8657
8670
8682
8694
8706
8719
8731
8743
8756
8768
8780
8793
8805
8817
8830
8832
8835
8837
8840
8842
8845
8847
8850
8852
8855
8857
8860
8862
8865
8867
8870
8872
8875
8877
8879
8882
8885
8887
8890
8892
8895
8897
8900
8902
8905
8907
8910
8912
8915
8917
8920
8922
8924
8927
8930
8933
8936
8940
8943
8947
8950
8954
8957
8960
8964
8967
8971
8974
8978
8981
8985
8988
8991
8995
8998
9002
9005
9009
9012
9015
9019
9022
9026
9029
9033
9036
9040
9043
9046
9049
9052
9056
9059
9062
9065
9069
9072
9075
9078
9081
9085
9088
9091
9094
9098
9101
9104
9107
9110
9114
9117
9120
9123
9127
9130
9133
9136
9140
9144
9148
9153
9157
9162
9166
9170
9175
9179
9184
9188
9192
9197
9201
9206
9210
9214
9219
9223
9228
9232
9236
9241
9245
9250
9252
9255
9257
9260
9262
9265
9267
9270
9273
9275
9278
9280
9283
9285
9288
9290
9293
9296
9298
9301
9303
9306
9308
9311
9313
9316
9319
9321
9324
9326
9329
9331
9334
9336
9339
9342
9344
9347
9349
9352
9354
9357
9360
9365
9371
9377
9383
9389
9395
9401
9407
9412
9418
9424
9430
9436
9442
9448
9454
9460
9464
9468
9473
9477
9482
9486
9490
9495
9499
9504
9508
9512
9517
9521
9526
9530
9534
9539
9543
9548
9552
9556
9561
9565
9570
9572
9575
9578
9581
9584
9587
9590
9593
9596
9599
9602
9605
9608
9611
9614
9617
9620
9622
9625
9628
9631
9634
9637
9640
9643
9646
9649
9652
9655
9658
9661
9664
9667
9670
9673
9677
9681
9684
9688
9692
9695
9699
9703
9706
9710
9714
9717
9721
9725
9728
9732
9735
9739
9743
9747
9750
9754
9758
9761
9765
9769
9772
9776
9780
9784
9789
9793
9798
9802
9807
9812
9816
9821
9825
9830
9835
9839
9844
9848
9853
9857
9862
9867
9871
9876
9880
9885
9890
9894
9898
9902
9906
9911
9915
9919
9923
9928
9932
9936
9940
9945
9949
9953
9957
9961
9966
9970
9974
9978
9983
9987
9991
9995
10000
10007
10014
10022
10029
10036
10044
10051
10059
10066
10073
10081
10088
10096
10103
10110
10118
10125
10133
10140
10147
10155
10162
10170
10172
10175
10178
10181
10184
10187
10190
10193
10196
10199
10202
10205
10208
10211
10214
10217
10220
10223
10226
10229
10232
10235
10238
10241
10244
10247
10250
10253
10256
10259
10262
10265
10268
10271
10274
10277
10280
10284
10288
10292
10296
10300
10305
10309
10313
10317
10321
10325
10330
10334
10338
10342
10346
10350
10355
10359
10363
10367
10371
10375
10380
10384
10388
10392
10396
10401
10405
10409
10413
10418
10422
10426
10430
10435
10439
10443
10447
10451
10456
10460
10464
10468
10473
10477
10481
10485
10490
10494
10498
10502
10506
10511
10515
10519
10523
10528
10532
10536
10540
10545
10549
10553
10557
10561
10566
10570
10574
10578
10583
10587
10591
10595
10600
10608
10616
10624
10632
10640
10648
10656
10664
10672
10680
10689
10697
10705
10713
10721
10729
10737
10745
10753
10761
10770
10773
10776
10779
10782
10786
10789
10792
10795
10799
10802
10805
10808
10811
10815
10818
10821
10824
10828
10831
10834
10837
10840
10844
10847
10850
10853
10857
10860
10863
10866
10870
10873
10877
10881
10885
10888
10892
10896
10899
10903
10907
10911
10915
10918
10922
10926
10930
10933
10937
10941
10945
10948
10952
10956
10960
10963
10967
10971
10975
10978
10982
10986
10990
10994
10998
11002
11006
11011
11015
11019
11023
11028
11032
11036
11040
11045
11049
11053
11057
11061
11066
11070
11074
11078
11083
11087
11091
11095
11100
11103
11106
11109
11112
11116
11119
11122
11125
11129
11132
11135
11138
11141
11145
11148
11151
11154
11158
11161
11164
11167
11170
11174
11177
11180
11183
11187
11190
11193
11196
11200
11203
11207
11210
11214
11218
11222
11225
11229
11233
11236
11240
11244
11247
11251
11254
11258
11262
11266
11269
11273
11277
11280
11284
11288
11291
11295
11299
11302
11306
11310
11314
11318
11323
11327
11331
11336
11340
11344
11349
11353
11357
11362
11366
11370
11375
11379
11383
11388
11392
11396
11401
11405
11410
11415
11420
11425
11430
11436
11441
11446
11451
11457
11462
11467
11472
11478
11483
11488
11493
11499
11504
11509
11514
11520
11523
11526
11529
11532
11536
11539
11542
11545
11549
11552
11555
11558
11561
11565
11568
11571
11574
11578
11581
11584
11587
11590
11594
11597
11600
11603
11607
11610
11613
11616
11620
11633
11648
11661
11676
11690
11703
11718
11732
11746
11760
11765
11770
11776
11782
11787
11793
11798
11804
11809
11815
11820
11825
11831
11837
11842
11847
11853
11859
11864
11870
11874
11878
11882
11886
11890
11894
11898
11902
11906
11910
11914
11918
11922
11927
11931
11935
11939
11943
11947
11951
11955
11959
11963
11967
11971
11975
11980
11982
11985
11988
11991
11994
11997
12000
12003
12006
12009
12012
12015
12018
12021
12024
12027
12030
12033
12036
12039
12042
12045
12048
12051
12054
12057
12060
12063
12066
12069
12072
12075
12078
12081
12084
12087
12090
12094
12098
12103
12107
12112
12116
12120
12125
12129
12134
12138
12142
12147
12151
12155
12160
12164
12169
12173
12177
12182
12186
12191
12195
12200
12204
12208
12213
12217
12222
12226
12231
12235
12240
12244
12248
12253
12257
12262
12266
12271
12275
12280
12284
12288
12293
12297
12302
12306
12311
12315
12320
12324
12329
12334
12339
12343
12348
12353
12358
12362
12367
12372
12377
12381
12386
12391
12396
12400
12405
12410
12415
12420
12424
12429
12433
12438
12442
12447
12452
12456
12461
12465
12470
12475
12479
12484
12488
12493
12497
12502
12507
12511
12516
12520
12525
12530
12537
12545
12553
12561
12568
12576
12584
12592
12600
12607
12615
12623
12631
12638
12646
12654
12662
12670
12673
12677
12681
12685
12689
12693
12697
12701
12705
12709
12713
12717
12721
12725
12728
12732
12736
12740
12744
12748
12752
12756
12760
12764
12768
12772
12776
12780
12785
12790
12795
12799
12805
12810
12815
12820
12825
12830
12835
12840
12845
12850
12855
12860
12865
12870
12875
12880
12884
12888
12892
12896
12900
12904
12908
12912
12916
12920
12924
12928
12932
12936
12940
12944
12948
12952
12956
12960
12964
12968
12972
12976
12980
12984
12988
12992
12996
13000
13004
13008
13012
13016
13020
13024
13028
13032
13036
13040
13044
13048
13052
13057
13061
13065
13069
13073
13077
13081
13085
13089
13093
13097
13101
13105
13110
13117
13125
13132
13139
13147
13155
13162
13170
13177
13184
13192
13200
13207
13215
13222
13230
13237
13245
13252
13260
13267
13275
13283
13291
13299
13307
13315
13322
13330
13338
13346
13354
13362
13370
13373
13376
13379
13382
13386
13389
13392
13395
13399
13402
13405
13408
13412
13415
13418
13421
13425
13428
13431
13434
13437
13441
13444
13447
13450
13454
13457
13460
13463
13467
13470
13473
13476
13480
13484
13488
13493
13497
13502
13506
13511
13515
13520
13524
13528
13533
13537
13542
13546
13551
13555
13560
13564
13568
13573
13577
13582
13586
13591
13595
13600
13603
13606
13610
13613
13617
13620
13624
13627
13631
13634
13637
13641
13644
13648
13651
13655
13658
13662
13665
13668
13672
13675
13679
13682
13686
13689
13693
13696
13700
13703
13706
13710
13713
13717
13720
13724
13727
13730
13734
13737
13741
13744
13748
13751
13754
13758
13761
13765
13768
13772
13775
13778
13782
13785
13789
13792
13796
13799
13802
13806
13809
13813
13816
13820
13823
13827
13830
13834
13837
13841
13845
13848
13852
13855
13859
13862
13866
13870
13873
13877
13880
13884
13887
13891
13895
13898
13902
13905
13909
13912
13916
13920
13924
13928
13933
13937
13942
13946
13950
13955
13959
13964
13968
13972
13977
13981
13985
13990
13994
13999
14003
14008
14012
14016
14021
14025
14030
14033
14037
14041
14045
14049
14053
14056
14060
14064
14068
14072
14076
14080
14083
14087
14091
14095
14099
14103
14106
14110
14114
14118
14122
14126
14130
14143
14157
14171
14185
14199
14212
14226
14240
14254
14268
14281
14295
14309
14323
14337
14350
14364
14378
14392
14406
14420
14424
14428
14433
14437
14442
14446
14450
14455
14459
14464
14468
14472
14477
14481
14485
14490
14494
14499
14503
14508
14512
14516
14521
14525
14530
14532
14535
14538
14541
14544
14547
14550
14553
14556
14559
14562
14565
14568
14571
14574
14577
14580
14582
14585
14588
14591
14594
14597
14600
14603
14606
14609
14612
14615
14618
14621
14624
14627
14630
14633
14637
14641
14644
14648
14652
14655
14659
14663
14666
14670
14674
14677
14681
14685
14688
14692
14696
14699
14703
14707
14710
14714
14718
14721
14725
14729
14732
14736
14740
14743
14746
14749
14752
14756
14759
14762
14765
14769
14772
14775
14778
14782
14785
14788
14791
14795
14798
14801
14804
14807
14811
14814
14817
14820
14824
14827
14830
14833
14837
14840
14843
14846
14850
14854
14858
14863
14867
14872
14876
14880
14885
14889
14894
14898
14902
14907
14911
14916
14920
14924
14929
14933
14938
14942
14946
14951
14955
14960
14963
14966
14969
14972
14975
14978
14981
14984
14987
14990
14993
14996
14999
15002
15005
15008
15011
15015
15018
15021
15024
15027
15030
15033
15036
15039
15042
15045
15048
15051
15054
15057
15060
15063
15066
15070
15073
15076
15079
15082
15085
15088
15091
15095
15098
15101
15104
15107
15110
15113
15116
15120
15123
15126
15129
15132
15135
15138
15141
15145
15148
15151
15154
15157
15160
15163
15166
15170
15173
15177
15181
15185
15188
15192
15196
15200
15204
15207
15211
15215
15219
15223
15226
15230
15234
15238
15242
15245
15249
15253
15257
15261
15264
15268
15272
15276
15280
15295
15309
15325
15340
15355
15370
15385
15400
15415
15430
15433
15436
15439
15442
15446
15449
15452
15455
15459
15462
15465
15468
15472
15475
15478
15481
15485
15488
15491
15494
15497
15501
15504
15507
15510
15514
15517
15520
15523
15527
15530
15533
15536
15540
15543
15546
15550
15553
15557
15560
15564
15567
15570
15574
15577
15581
15584
15588
15591
15594
15598
15601
15605
15608
15612
15615
15619
15622
15625
15629
15632
15636
15639
15643
15646
15650
15653
15656
15659
15662
15666
15669
15672
15675
15679
15682
15685
15688
15692
15695
15698
15701
15705
15708
15711
15714
15717
15721
15724
15727
15730
15734
15737
15740
15743
15747
15750
15753
15756
15760
15771
15782
15794
15805
15816
15828
15839
15850
15862
15873
15884
15895
15907
15918
15930
15933
15936
15939
15942
15946
15949
15952
15955
15959
15962
15965
15968
15972
15975
15978
15981
15985
15988
15991
15994
15997
16001
16004
16007
16010
16014
16017
16020
16023
16027
16030
16033
16036
16040
16044
16048
16052
16056
16060
16064
16069
16073
16077
16081
16085
16090
16094
16098
16102
16106
16110
16115
16119
16123
16127
16131
16135
16140
16146
16153
16160
16166
16173
16180
16186
16193
16200
16206
16213
16220
16226
16233
16240
16246
16253
16260
16263
16266
16270
16273
16277
16280
16284
16287
16290
16294
16297
16301
16304
16308
16311
16315
16318
16321
16325
16328
16332
16335
16339
16342
16345
16349
16352
16356
16359
16363
16366
16370
16373
16377
16381
16384
16388
16392
16395
16399
16403
16406
16410
16414
16417
16421
16425
16428
16432
16436
16439
16443
16447
16450
16454
16458
16461
16465
16469
16472
16476
16480
16483
16486
16489
16492
16495
16498
16501
16504
16507
16510
16513
16516
16519
16522
16525
16528
16531
16535
16538
16541
16544
16547
16550
16553
16556
16559
16562
16565
16568
16571
16574
16577
16580
16583
16586
16590
16593
16597
16601
16605
16609
16613
16617
16621
16625
16629
16633
16637
16641
16645
16648
16652
16656
16660
16664
16668
16672
16676
16680
16684
16688
16692
16696
16700
16703
16707
16710
16714
16717
16721
16724
16728
16731
16735
16739
16742
16746
16749
16753
16756
16760
16763
16767
16770
16774
16778
16781
16785
16788
16792
16795
16799
16802
16806
16810
16813
16817
16821
16825
16829
16833
16836
16840
16844
16848
16852
16856
16860
16863
16867
16871
16875
16879
16883
16886
16890
16894
16898
16902
16906
16910
16916
16923
16930
16936
16943
16950
16956
16963
16970
16976
16983
16990
16996
17003
17010
17016
17023
17030
17036
17042
17048
17055
17061
17067
17073
17080
17086
17092
17098
17105
17111
17117
17123
17130
17133
17137
17141
17145
17149
17153
17157
17161
17165
17169
17173
17177
17181
17185
17188
17192
17196
17200
17204
17208
17212
17216
17220
17224
17228
17232
17236
17240
17244
17248
17252
17256
17260
17264
17268
17272
17276
17280
17284
17288
17292
17297
17301
17305
17309
17313
17317
17321
17325
17329
17333
17337
17341
17345
17350
17354
17359
17364
17369
17373
17378
17383
17388
17392
17397
17402
17407
17411
17416
17421
17426
17430
17435
17440
17445
17450
17455
17461
17466
17471
17477
17483
17488
17494
17499
17505
17510
17516
17521
17526
17532
17538
17543
17549
17554
17560
17566
17572
17578
17585
17591
17597
17603
17610
17616
17622
17628
17634
17641
17647
17653
17660
17665
17671
17676
17682
17687
17693
17698
17704
17709
17715
17720
17726
17731
17737
17742
17748
17753
17759
17764
17770
17774
17779
17784
17789
17793
17798
17803
17808
17812
17817
17822
17827
17831
17836
17841
17846
17850
17855
17860
17865
17870
17875
17881
17886
17892
17897
17903
17908
17914
17919
17925
17930
17936
17941
17947
17952
17958
17963
17969
17974
17980
17986
17992
17999
18005
18012
18018
18025
18031
18038
18044
18051
18057
18064
18070
18077
18083
18090
18100
18110
18120
18130
18140
18150
18160
18170
18180
18190
18194
18199
18204
18209
18213
18218
18223
18228
18233
18237
18242
18247
18252
18256
18261
18266
18271
18276
18280
18285
18290
18295
18300
18304
18309
18314
18319
18323
18328
18333
18338
18342
18347
18352
18357
18361
18366
18371
18376
18380
18385
18390
18395
18400
18407
18415
18422
18430
18438
18445
18453
18461
18468
18476
18484
18491
18499
18507
18514
18522
18530
18536
18542
18548
18555
18561
18567
18573
18580
18586
18592
18598
18605
18611
18617
18623
18630
18634
18639
18643
18648
18652
18657
18662
18666
18671
18675
18680
18685
18689
18694
18698
18703
18707
18712
18717
18721
18726
18730
18735
18740
18743
18747
18750
18754
18757
18761
18764
18768
18771
18775
18779
18782
18786
18789
18793
18796
18800
18803
18807
18810
18814
18818
18821
18825
18828
18832
18835
18839
18842
18846
18850
18867
18884
18901
18918
18935
18952
18970
18975
18980
18985
18990
18996
19001
19006
19011
19016
19022
19027
19032
19037
19043
19048
19053
19058
19063
19069
19074
19079
19084
19090
19094
19099
19104
19109
19113
19118
19123
19128
19132
19137
19142
19147
19151
19156
19161
19166
19170
19175
19180
19185
19190
19193
19197
19201
19205
19209
19213
19217
19221
19225
19229
19233
19237
19241
19245
19248
19252
19256
19260
19264
19268
19272
19276
19280
19284
19288
19292
19296
19300
19304
19308
19312
19316
19320
19324
19328
19332
19336
19340
19344
19348
19352
19355
19360
19364
19368
19372
19375
19380
19384
19387
19392
19395
19400
19402
19405
19408
19411
19414
19416
19419
19422
19425
19428
19431
19433
19436
19439
19442
19445
19447
19450
19453
19456
19459
19462
19464
19467
19470
19473
19476
19478
19481
19484
19487
19490
19493
19495
19498
19501
19504
19507
19510
19513
19517
19521
19525
19529
19533
19537
19540
19544
19548
19552
19556
19560
19564
19568
19571
19575
19579
19583
19587
19591
19595
19599
19602
19606
19610
19614
19618
19622
19626
19630
19637
19645
19653
19660
19668
19676
19684
19691
19699
19707
19715
19722
19730
19738
19745
19753
19761
19769
19776
19784
19792
19800
19804
19809
19813
19818
19822
19827
19831
19836
19840
19845
19850
19854
19859
19863
19868
19872
19877
19881
19886
19890
19895
19900
19902
19904
19907
19910
19912
19915
19917
19919
19922
19925
19927
19930
19932
19935
19937
19940
19942
19945
19947
19950
19952
19955
19957
19960
19962
19965
19967
19970
19972
19975
19977
19980
19982
19985
19987
19990
19992
19995
19997
20000
20002
20005
20007
20010
20013
20017
20021
20024
20028
20032
20035
20039
20043
20046
20050
20054
20057
20061
20065
20068
20072
20076
20079
20083
20087
20090
20094
20098
20101
20105
20109
20112
20116
20120
20124
20128
20132
20136
20140
20144
20148
20152
20156
20160
20164
20168
20172
20176
20180
20184
20188
20192
20195
20200
20204
20208
20212
20215
20220
20224
20227
20232
20235
20240
20242
20245
20248
20251
20254
20257
20260
20263
20266
20269
20272
20275
20278
20281
20284
20287
20290
20293
20296
20299
20302
20305
20308
20311
20314
20317
20320
20323
20326
20329
20332
20335
20338
20341
20344
20347
20350
20360
20371
20381
20392
20402
20413
20423
20434
20444
20455
20465
20476
20486
20497
20507
20518
20528
20538
20549
20560
20562
20565
20568
20571
20573
20576
20579
20582
20585
20587
20590
20593
20596
20598
20601
20604
20607
20610
20612
20615
20618
20621
20623
20626
20629
20632
20634
20637
20640
20643
20646
20648
20651
20654
20657
20660
20668
20677
20686
20695
20704
20712
20721
20730
20739
20748
20757
20765
20774
20783
20792
20801
20810
20812
20815
20817
20820
20823
20825
20828
20831
20833
20836
20838
20841
20844
20846
20849
20852
20854
20857
20860
20862
20865
20867
20870
20873
20875
20878
20881
20883
20886
20888
20891
20894
20896
20899
20902
20904
20907
20910
20913
20916
20920
20923
20927
20930
20934
20937
20940
20944
20947
20951
20954
20958
20961
20964
20968
20971
20975
20978
20982
20985
20988
20992
20995
20999
21002
21006
21009
21012
21016
21019
21023
21026
21030
21033
21036
21040
21043
21046
21050
21053
21056
21060
21063
21066
21070
21073
21076
21080
21083
21086
21090
21093
21096
21100
21103
21106
21110
21113
21116
21119
21123
21126
21130
21133
21136
21139
21142
21145
21148
21151
21155
21158
21161
21164
21167
21170
21174
21177
21180
21183
21186
21189
21192
21195
21199
21202
21205
21208
21211
21214
21218
21221
21224
21227
21230
21233
21236
21240
21243
21246
21249
21252
21255
21258
21262
21265
21268
21271
21274
21277
21280
21284
21287
21290
21293
21296
21299
21302
21306
21309
21312
21315
21318
21321
21324
21328
21331
21334
21337
21340
21343
21346
21350
21354
21358
21362
21366
21370
21375
21379
21383
21387
21391
21395
21400
21404
21408
21412
21416
21420
21425
21429
21433
21437
21441
21445
21450
21454
21459
21464
21469
21474
21478
21483
21488
21493
21498
21502
21507
21512
21517
21522
21526
21531
21536
21541
21546
21550
21555
21560
21565
21570
21574
21579
21583
21588
21592
21597
21601
21606
21610
21615
21620
21624
21629
21633
21638
21642
21647
21651
21656
21660
21665
21670
21680
21691
21702
21713
21724
21735
21746
21757
21768
21779
21790
21793
21796
21800
21803
21806
21810
21813
21816
21820
21823
21826
21830
21833
21836
21840
21843
21846
21850
21853
21856
21860
21863
21866
21870
21873
21876
21880
21883
21886
21890
21893
21896
21899
21902
21905
21908
21912
21915
21918
21921
21924
21927
21930
21934
21937
21940
21943
21946
21949
21952
21956
21959
21962
21965
21968
21971
21974
21978
21981
21984
21987
21990
21993
21996
22000
22003
22007
22010
22014
22017
22021
22024
22028
22031
22035
22039
22042
22046
22049
22053
22056
22060
22063
22067
22070
22074
22078
22081
22085
22088
22092
22095
22099
22102
22106
22110
22113
22117
22121
22125
22128
22132
22136
22140
22144
22147
22151
22155
22159
22163
22166
22170
22174
22178
22182
22185
22189
22193
22197
22201
22204
22208
22212
22216
22220
22222
22225
22228
22231
22234
22237
22240
22243
22246
22249
22252
22255
22258
22261
22264
22267
22270
22273
22276
22279
22282
22285
22288
22291
22294
22297
22300
22303
22306
22309
22312
22315
22318
22321
22324
22327
22330
22341
22353
22365
22377
22389
22401
22413
22424
22436
22448
22460
22472
22484
22496
22508
22520
22522
22525
22527
22530
22532
22535
22537
22540
22542
22545
22547
22550
22552
22555
22557
22560
22562
22565
22567
22570
22572
22575
22577
22580
22582
22585
22587
22590
22592
22595
22597
22600
22602
22605
22607
22610
22612
22615
22617
22620
22622
22625
22628
22630
22633
22636
22638
22641
22644
22646
22649
22652
22654
22657
22660
22662
22665
22668
22670
22673
22676
22679
22681
22684
22687
22689
22692
22695
22697
22700
22703
22705
22708
22711
22713
22716
22719
22721
22724
22727
22730
22734
22738
22742
22746
22751
22755
22759
22763
22768
22772
22776
22780
22785
22789
22793
22797
22801
22806
22810
22814
22818
22823
22827
22831
22835
22840
22842
22845
22848
22851
22853
22856
22859
22862
22865
22867
22870
22873
22876
22878
22881
22884
22887
22890
22892
22895
22898
22901
22903
22906
22909
22912
22915
22917
22920
22923
22926
22928
22931
22934
22937
22940
22944
22948
22953
22957
22962
22966
22970
22975
22979
22984
22988
22992
22997
23001
23006
23010
23014
23019
23023
23028
23032
23036
23041
23045
23050
23057
23065
23072
23080
23087
23095
23102
23110
23117
23125
23132
23140
23147
23155
23162
23170
23177
23185
23192
23200
23207
23215
23222
23230
23237
23245
23252
23260
23262
23265
23268
23271
23274
23276
23279
23282
23285
23288
23291
23293
23296
23299
23302
23305
23307
23310
23313
23316
23319
23322
23324
23327
23330
23333
23336
23338
23341
23344
23347
23350
23353
23355
23358
23361
23364
23367
23370
23373
23376
23379
23382
23386
23389
23392
23395
23399
23402
23405
23408
23412
23415
23418
23421
23425
23428
23431
23434
23437
23441
23444
23447
23450
23454
23457
23460
23463
23467
23470
23473
23476
23480
23483
23486
23490
23493
23496
23500
23503
23506
23510
23513
23516
23520
23523
23526
23530
23533
23536
23540
23543
23546
23550
23553
23556
23560
23563
23566
23570
23573
23576
23580
23583
23586
23590
23593
23597
23601
23605
23609
23613
23616
23620
23624
23628
23632
23636
23640
23643
23647
23651
23655
23659
23663
23666
23670
23674
23678
23682
23686
23690
23693
23696
23700
23703
23706
23710
23713
23716
23720
23723
23726
23730
23733
23736
23740
23743
23746
23750
23753
23756
23760
23763
23766
23770
23773
23776
23780
23783
23786
23790
23793
23796
23800
23808
23817
23825
23834
23842
23851
23860
23868
23877
23885
23894
23902
23911
23920
23928
23937
23945
23954
23962
23971
23980
23984
23988
23992
23996
24000
24004
24008
24012
24016
24020
24024
24028
24032
24037
24041
24045
24049
24053
24057
24061
24065
24069
24073
24077
24081
24085
24090
24094
24099
24103
24108
24112
24117
24121
24126
24130
24135
24140
24144
24149
24153
24158
24162
24167
24171
24176
24180
24185
24190
24193
24196
24199
24202
24205
24208
24212
24215
24218
24221
24224
24227
24230
24234
24237
24240
24243
24246
24249
24252
24256
24259
24262
24265
24268
24271
24274
24278
24281
24284
24287
24290
24293
24296
24300
24304
24308
24313
24317
24321
24326
24330
24334
24339
24343
24347
24352
24356
24360
24365
24369
24373
24378
24382
24386
24391
24395
24400
24403
24407
24410
24414
24417
24421
24424
24428
24431
24435
24439
24442
24446
24449
24453
24456
24460
24463
24467
24470
24474
24478
24481
24485
24488
24492
24495
24499
24502
24506
24510
24523
24536
24550
24563
24576
24590
24603
24616
24630
24633
24637
24640
24644
24647
24651
24654
24658
24661
24665
24669
24672
24676
24679
24683
24686
24690
24693
24697
24700
24704
24708
24711
24715
24718
24722
24725
24729
24732
24736
24740
24743
24747
24751
24755
24758
24762
24766
24770
24774
24777
24781
24785
24789
24793
24796
24800
24804
24808
24812
24815
24819
24823
24827
24831
24834
24838
24842
24846
24850
24852
24855
24858
24861
24864
24867
24870
24872
24875
24878
24881
24884
24887
24890
24892
24895
24898
24901
24904
24907
24910
24912
24915
24918
24921
24924
24927
24930
24932
24935
24938
24941
24944
24947
24950
24955
24960
24965
24970
24976
24981
24986
24991
24996
25002
25007
25012
25017
25023
25028
25033
25038
25043
25049
25054
25059
25064
25070
25073
25076
25079
25082
25085
25088
25091
25095
25098
25101
25104
25107
25110
25113
25116
25120
25123
25126
25129
25132
25135
25138
25141
25145
25148
25151
25154
25157
25160
25163
25166
25170
25179
25189
25198
25208
25217
25227
25236
25246
25255
25265
25275
25284
25294
25303
25313
25322
25332
25341
25351
25360
25370
25380
25382
25385
25388
25391
25394
25397
25400
25403
25406
25408
25411
25414
25417
25420
25423
25426
25429
25432
25435
25437
25440
25443
25446
25449
25452
25455
25458
25461
25463
25466
25469
25472
25475
25478
25481
25484
25487
25490
25493
25497
25501
25505
25508
25512
25516
25520
25523
25527
25531
25535
25538
25542
25546
25549
25553
25557
25561
25564
25568
25572
25576
25580
25583
25587
25591
25595
25598
25602
25606
25610
25612
25615
25618
25621
25624
25627
25630
25632
25635
25638
25641
25644
25647
25650
25652
25655
25658
25661
25664
25667
25670
25672
25675
25678
25681
25684
25687
25690
25692
25695
25698
25701
25704
25707
25710
25712
25715
25718
25721
25724
25726
25729
25732
25735
25738
25741
25743
25746
25749
25752
25755
25757
25760
25763
25766
25769
25772
25774
25777
25780
25783
25786
25788
25791
25794
25797
25800
25803
25805
25808
25811
25814
25817
25820
25823
25827
25831
25834
25838
25842
25845
25849
25853
25857
25860
25864
25868
25871
25875
25879
25882
25886
25890
25894
25897
25901
25905
25908
25912
25916
25920
25924
25928
25932
25936
25940
25944
25948
25952
25956
25960
25964
25968
25972
25976
25980
25984
25988
25992
25996
26000
26004
26008
26012
26016
26020
26024
26028
26032
26035
26040
26048
26056
26064
26072
26080
26088
26096
26104
26112
26120
26129
26137
26145
26153
26161
26169
26177
26185
26193
26201
26210
26212
26215
26218
26221
26224
26226
26229
26232
26235
26238
26241
26243
26246
26249
26252
26255
26257
26260
26263
26266
26269
26272
26274
26277
26280
26283
26286
26288
26291
26294
26297
26300
26303
26305
26308
26311
26314
26317
26320
26323
26327
26330
26334
26337
26341
26345
26348
26352
26355
26359
26362
26366
26370
26373
26377
26380
26384
26387
26391
26395
26398
26402
26405
26409
26412
26416
26420
26422
26425
26428
26431
26434
26437
26440
26443
26446
26449
26452
26455
26458
26461
26464
26467
26470
26473
26476
26479
26482
26485
26488
26491
26494
26497
26500
26503
26506
26509
26512
26515
26518
26521
26524
26527
26530
26533
26537
26541
26544
26548
26552
26555
26559
26563
26567
26570
26574
26578
26581
26585
26589
26592
26596
26600
26604
26607
26611
26615
26618
26622
26626
26630
26633
26637
26640
26644
26647
26651
26654
26658
26661
26665
26669
26672
26676
26679
26683
26686
26690
26693
26697
26700
26704
26708
26711
26715
26718
26722
26725
26729
26732
26736
26740
26743
26747
26750
26754
26757
26761
26764
26768
26771
26775
26779
26782
26786
26789
26793
26796
26800
26803
26807
26810
26814
26818
26821
26825
26828
26832
26835
26839
26842
26846
26850
26854
26858
26862
26866
26870
26875
26879
26883
26887
26891
26895
26900
26904
26908
26912
26916
26920
26925
26929
26933
26937
26941
26945
26950
26953
26957
26961
26964
26968
26971
26975
26979
26983
26986
26990
26994
26997
27001
27005
27008
27012
27016
27019
27023
27026
27030
27034
27038
27041
27045
27049
27052
27056
27060
27064
27069
27073
27078
27082
27087
27091
27096
27100
27105
27110
27114
27119
27123
27128
27132
27137
27141
27146
27150
27155
27160
27163
27166
27170
27173
27177
27180
27184
27187
27190
27194
27197
27201
27204
27208
27211
27215
27218
27221
27225
27228
27232
27235
27239
27242
27245
27249
27252
27256
27259
27263
27266
27270
27280
27291
27301
27312
27322
27333
27344
27354
27365
27375
27386
27397
27407
27418
27428
27439
27450
27452
27455
27458
27461
27464
27467
27470
27473
27476
27478
27481
27484
27487
27490
27493
27496
27499
27502
27505
27507
27510
27513
27516
27519
27522
27525
27528
27531
27533
27536
27539
27542
27545
27548
27551
27554
27557
27560
27563
27567
27571
27574
27578
27582
27585
27589
27593
27597
27600
27604
27608
27611
27615
27619
27622
27626
27630
27634
27637
27641
27645
27648
27652
27656
27660
27663
27667
27671
27675
27679
27683
27687
27691
27695
27699
27703
27707
27711
27715
27718
27722
27726
27730
27734
27738
27742
27746
27750
27754
27758
27762
27766
27770
27780
27790
27800
27810
27820
27830
27840
27850
27860
27870
27880
27890
27900
27910
27919
27930
27932
27935
27938
27941
27944
27947
27950
27953
27956
27959
27962
27965
27968
27971
27974
27977
27980
27983
27986
27989
27992
27995
27998
28001
28004
28007
28010
28013
28016
28019
28022
28025
28028
28031
28034
28037
28040
28043
28047
28051
28055
28059
28063
28066
28070
28074
28078
28082
28086
28090
28093
28097
28101
28105
28109
28113
28116
28120
28124
28128
28132
28136
28140
28143
28146
28150
28153
28156
28160
28163
28166
28170
28173
28176
28180
28183
28186
28190
28193
28196
28200
28203
28206
28210
28213
28216
28220
28223
28226
28230
28233
28236
28240
28243
28246
28250
28254
28258
28263
28267
28272
28276
28280
28285
28289
28294
28298
28302
28307
28311
28316
28320
28324
28329
28333
28338
28342
28346
28351
28355
28360
28364
28369
28374
28379
28383
28388
28393
28398
28402
28407
28412
28417
28421
28426
28431
28436
28440
28445
28450
28455
28460
28470
28480
28490
28500
28509
28520
28530
28540
28549
28560
28570
28580
28584
28589
28593
28598
28602
28607
28611
28616
28620
28625
28630
28634
28639
28643
28648
28652
28657
28661
28666
28670
28675
28680
28686
28693
28700
28707
28714
28720
28727
28734
28741
28748
28754
28761
28768
28775
28782
28788
28795
28802
28809
28816
28822
28829
28836
28843
28850
28852
28855
28857
28860
28862
28865
28867
28870
28873
28875
28878
28880
28883
28885
28888
28891
28893
28896
28898
28901
28903
28906
28908
28911
28914
28916
28919
28921
28924
28926
28929
28932
28934
28937
28939
28942
28944
28947
28950
28957
28965
28972
28980
28987
28994
29002
29009
29017
29025
29032
29040
29047
29055
29062
29070
29077
29085
29092
29099
29107
29115
29122
29130
29137
29145
29152
29160
29167
29174
29182
29189
29197
29205
29212
29220
29222
29225
29228
29231
29234
29236
29239
29242
29245
29248
29251
29253
29256
29259
29262
29265
29267
29270
29273
29276
29279
29282
29284
29287
29290
29293
29296
29298
29301
29304
29307
29310
29313
29315
29318
29321
29324
29327
29330
29334
29338
29342
29346
29350
29354
29358
29362
29366
29370
29374
29378
29382
29386
29390
29395
29399
29403
29407
29411
29415
29419
29423
29427
29431
29435
29439
29443
29447
29451
29455
29460
29462
29465
29468
29471
29474
29477
29480
29483
29486
29489
29492
29495
29498
29500
29503
29506
29509
29512
29515
29518
29521
29524
29527
29530
29533
29536
29539
29541
29544
29547
29550
29553
29556
29559
29562
29565
29568
29571
29574
29577
29580
29583
29587
29590
29594
29598
29602
29605
29609
29613
29616
29620
29624
29627
29631
29634
29638
29642
29646
29649
29653
29657
29660
29664
29668
29671
29675
29679
29682
29686
29690
29692
29695
29698
29701
29704
29707
29710
29713
29716
29718
29721
29724
29727
29730
29733
29736
29739
29742
29745
29747
29750
29753
29756
29759
29762
29765
29768
29771
29773
29776
29779
29782
29785
29788
29791
29794
29797
29800
29804
29808
29813
29817
29821
29826
29830
29835
29839
29843
29848
29852
29856
29861
29865
29870
29874
29878
29883
29887
29891
29896
29900
29905
29909
29913
29918
29922
29926
29931
29935
29940
