11
22
33
44
54
66
77
88
98
109
119
128
137
146
156
165
174
183
193
202
211
220
230
246
262
278
295
311
327
343
360
378
396
415
433
451
470
483
496
510
523
536
549
563
576
590
626
663
700
710
720
730
740
750
760
770
779
789
799
809
820
830
840
851
862
873
884
895
906
917
928
939
950
967
984
1001
1018
1035
1052
1070
1090
1110
1130
1150
1170
1191
1213
1234
1256
1278
1300
1312
1325
1337
1350
1362
1375
1387
1400
1412
1424
1437
1450
1462
1475
1487
1500
1512
1525
1537
1550
1570
1590
1609
1630
1650
1665
1680
1694
1710
1725
1740
1755
1770
1795
1820
1845
1870
1965
2060
2360
2560
2640
2720
2775
2830
2880
2930
3045
3160
3350
3475
3600
3720
3800
3880
3935
3990
4050
4110
4134
4158
4182
4206
4230
4266
4303
4340
4383
4426
4470
4500
4529
4560
4590
4612
4634
4656
4678
4700
4730
4760
4790
4820
4847
4875
4902
4930
4952
4974
4996
5018
5040
5067
5095
5122
5150
5182
5215
5247
5280
5305
5330
5355
5380
5410
5439
5470
5500
5518
5536
5555
5573
5591
5610
5631
5652
5674
5695
5717
5738
5760
5770
5780
5790
5800
5810
5820
5830
5840
5850
5860
5870
5891
5913
5935
5956
5978
6000
6012
6024
6036
6048
6060
6072
6084
6096
6108
6120
6127
6135
6143
6151
6159
6167
6175
6182
6190
6198
6206
6214
6222
6230
6237
6245
6253
6261
6269
6277
6285
6292
6300
6308
6316
6324
6332
6340
6349
6358
6367
6376
6385
6394
6403
6412
6421
6430
6440
6448
6456
6465
6473
6482
6490
6499
6507
6516
6524
6533
6541
6550
6556
6563
6570
6577
6584
6591
6598
6605
6611
6618
6625
6632
6639
6646
6653
6660
6668
6676
6685
6693
6702
6710
6719
6727
6736
6744
6753
6761
6770
6777
6784
6791
6798
6805
6812
6820
6827
6834
6841
6848
6855
6862
6870
6883
6896
6910
6923
6936
6950
6963
6976
6990
6998
7006
7015
7023
7032
7040
7049
7057
7066
7074
7083
7091
7100
7109
7118
7127
7136
7145
7154
7163
7172
7181
7190
7200
7213
7227
7241
7255
7268
7282
7296
7310
7321
7332
7343
7354
7365
7376
7387
7398
7410
7421
7432
7443
7454
7465
7476
7487
7497
7508
7520
7531
7542
7553
7564
7575
7586
7597
7608
7620
7629
7638
7647
7656
7665
7675
7684
7693
7702
7711
7720
7730
7745
7761
7777
7792
7808
7824
7840
7849
7858
7867
7876
7885
7894
7903
7912
7921
7930
7940
7953
7967
7981
7995
8008
8022
8036
8050
8065
8081
8097
8112
8128
8144
8160
8173
8187
8201
8215
8228
8242
8256
8270
8287
8304
8321
8338
8355
8372
8390
8400
8410
8420
8430
8440
8450
8460
8470
8480
8490
8500
8511
8522
8533
8544
8555
8565
8577
8588
8599
8610
8620
8629
8640
8650
8660
8670
8680
8690
8700
8710
8722
8734
8746
8758
8770
8782
8794
8806
8818
8830
8842
8854
8866
8878
8890
8902
8914
8926
8937
8950
8957
8965
8973
8981
8989
8997
9004
9012
9020
9028
9036
9044
9052
9060
9071
9082
9093
9104
9115
9126
9137
9148
9159
9170
9180
9191
9202
9213
9224
9235
9246
9257
9268
9279
9290
9299
9308
9317
9326
9335
9344
9353
9362
9371
9380
9390
9396
9403
9410
9416
9423
9430
9436
9443
9450
9456
9463
9470
9476
9483
9490
9496
9503
9510
9517
9525
9532
9540
9547
9555
9562
9570
9577
9585
9592
9600
9607
9615
9622
9630
9638
9646
9654
9662
9670
9678
9686
9694
9702
9710
9718
9726
9734
9742
9750
9762
9774
9786
9798
9809
9822
9834
9846
9857
9870
9888
9906
9925
9943
9961
9980
9998
10016
10035
10053
10071
10090
10099
10108
10117
10126
10135
10144
10153
10162
10171
10180
10190
10198
10206
10214
10222
10230
10238
10246
10254
10262
10270
10278
10286
10294
10302
10310
10326
10343
10360
10376
10393
10410
10426
10443
10460
10476
10493
10510
10526
10543
10560
10576
10593
10610
10626
10643
10660
10668
10676
10685
10693
10702
10710
10719
10727
10736
10744
10753
10761
10770
10782
10795
10807
10820
10832
10844
10857
10870
10879
10888
10897
10906
10915
10925
10934
10943
10952
10961
10970
10980
10991
11002
11013
11024
11035
11046
11057
11068
11079
11090
11110
11129
11150
11170
11190
11203
11217
11231
11245
11258
11272
11286
11300
11305
11311
11317
11323
11329
11335
11341
11347
11352
11358
11364
11370
11376
11382
11388
11394
11400
11406
11412
11418
11425
11431
11437
11444
11450
11456
11463
11469
11475
11482
11488
11494
11501
11507
11513
11520
11524
11528
11533
11537
11541
11546
11550
11554
11559
11563
11567
11572
11576
11580
11585
11589
11593
11598
11602
11606
11611
11615
11620
11626
11632
11638
11644
11650
11656
11662
11668
11675
11681
11687
11693
11699
11705
11711
11717
11723
11730
11736
11743
11750
11757
11764
11771
11778
11785
11791
11798
11805
11812
11819
11826
11833
11840
11847
11854
11862
11869
11876
11884
11891
11898
11905
11913
11920
11927
11935
11942
11950
11956
11962
11968
11974
11980
11986
11992
11998
12004
12011
12017
12023
12029
12035
12041
12047
12053
12060
12066
12073
12080
12086
12093
12100
12106
12113
12120
12126
12133
12140
12146
12153
12160
12166
12172
12178
12184
12190
12196
12202
12208
12215
12221
12227
12233
12239
12245
12251
12257
12263
12270
12280
12290
12299
12309
12320
12330
12340
12350
12360
12370
12378
12387
12395
12404
12412
12421
12430
12438
12447
12455
12464
12472
12481
12490
12495
12501
12507
12513
12518
12524
12530
12536
12542
12547
12553
12559
12565
12571
12576
12582
12588
12594
12600
12606
12613
12620
12626
12633
12639
12646
12653
12660
12666
12673
12680
12686
12693
12700
12706
12712
12718
12724
12730
12736
12742
12748
12754
12761
12767
12773
12779
12785
12791
12797
12803
12810
12816
12822
12829
12835
12842
12848
12855
12861
12868
12874
12881
12887
12894
12900
12907
12913
12920
12926
12932
12938
12944
12950
12956
12962
12968
12975
12981
12987
12993
12999
13005
13011
13017
13023
13030
13038
13046
13055
13063
13071
13080
13088
13096
13105
13113
13121
13130
13135
13141
13147
13153
13158
13164
13170
13176
13182
13187
13193
13199
13205
13211
13216
13222
13228
13234
13240
13244
13249
13254
13259
13263
13268
13273
13278
13283
13287
13292
13297
13302
13306
13311
13316
13321
13326
13330
13335
13340
13345
13350
13355
13360
13365
13370
13375
13379
13385
13389
13395
13399
13405
13410
13415
13420
13424
13430
13434
13440
13444
13450
13455
13459
13465
13469
13475
13480
13485
13490
13495
13500
13504
13510
13515
13520
13525
13530
13535
13540
13545
13550
13555
13560
13571
13582
13593
13604
13615
13626
13637
13648
13660
13669
13678
13687
13696
13705
13715
13724
13733
13742
13751
13760
13770
13778
13786
13795
13803
13811
13820
13828
13836
13844
13853
13861
13870
13881
13892
13902
13914
13925
13936
13947
13958
13969
13980
13995
14011
14027
14042
14058
14074
14090
14099
14108
14117
14126
14135
14145
14154
14163
14172
14181
14190
14200
14210
14221
14232
14243
14254
14265
14276
14287
14298
14309
14320
14344
14368
14392
14416
14440
14451
14462
14472
14484
14495
14506
14517
14528
14539
14550
14559
14568
14577
14586
14595
14604
14613
14622
14631
14640
14650
14662
14674
14686
14698
14710
14722
14734
14746
14758
14770
14778
14786
14795
14803
14811
14820
14828
14836
14844
14853
14861
14870
14880
14891
14902
14913
14924
14935
14946
14957
14968
14979
14990
15001
15012
15023
15034
15045
15056
15067
15078
15089
15100
15116
15133
15149
15166
15183
15200
15219
15240
15260
15280
15300
15320
15340
15360
15379
15400
15420
15440
15472
15504
15537
15570
15581
15592
15603
15614
15625
15636
15647
15658
15670
15681
15692
15703
15714
15725
15735
15747
15758
15769
15780
15788
15796
15805
15813
15821
15830
15838
15846
15855
15863
15871
15880
15886
15893
15900
15907
15914
15921
15928
15935
15941
15948
15955
15962
15969
15976
15983
15990
15998
16006
16015
16023
16032
16040
16049
16057
16066
16074
16083
16091
16100
16111
16122
16133
16144
16155
16166
16177
16188
16199
16210
16227
16244
16261
16278
16295
16312
16329
16341
16352
16363
16374
16385
16396
16407
16418
16430
16441
16452
16463
16474
16485
16496
16506
16518
16529
16540
16554
16568
16582
16597
16611
16625
16640
16650
16660
16670
16680
16690
16700
16710
16720
16730
16740
16750
16760
16770
16780
16790
16800
16810
16820
16830
16840
16849
16860
16870
16880
16890
16900
16910
16920
16930
16940
16950
16960
16971
16982
16993
17004
17015
17026
17037
17048
17059
17070
17085
17101
17117
17132
17148
17164
17180
17190
17200
17210
17220
17230
17240
17250
17259
17270
17279
17290
17298
17306
17314
17323
17331
17340
17348
17356
17365
17373
17381
17390
17400
17410
17420
17430
17440
17450
17460
17470
17480
17490
17500
17510
17518
17526
17535
17543
17552
17560
17569
17577
17586
17594
17603
17611
17620
17631
17642
17653
17664
17675
17686
17697
17708
17719
17730
17743
17757
17771
17785
17798
17812
17826
17840
17852
17865
17877
17890
17902
17915
17927
17940
17950
17960
17970
17980
17990
18000
18009
18020
18030
18040
18049
18060
18068
18076
18085
18093
18101
18110
18118
18126
18134
18143
18151
18160
18169
18178
18187
18196
18206
18215
18224
18233
18243
18252
18261
18270
18280
18291
18302
18313
18324
18335
18346
18357
18368
18380
18390
18400
18410
18419
18430
18439
18450
18460
18470
18480
18490
18500
18508
18516
18525
18533
18542
18550
18559
18567
18576
18584
18593
18601
18610
18616
18623
18630
18636
18643
18650
18656
18663
18670
18676
18683
18690
18696
18703
18710
18717
18725
18732
18740
18747
18755
18762
18770
18777
18785
18792
18799
18807
18814
18822
18830
18838
18846
18854
18863
18871
18880
18888
18896
18905
18913
18921
18930
18940
18950
18960
18970
18980
18990
19000
19009
19020
19029
19040
19046
19053
19060
19066
19073
19080
19086
19093
19100
19106
19113
19120
19126
19133
19140
19150
19161
19172
19183
19194
19205
19216
19227
19238
19249
19260
19269
19278
19287
19296
19306
19315
19324
19333
19343
19352
19361
19370
19380
19386
19392
19398
19405
19411
19417
19424
19430
19436
19443
19449
19455
19462
19468
19474
19481
19487
19493
19500
19506
19512
19518
19524
19530
19536
19542
19548
19554
19560
19566
19572
19578
19584
19590
19596
19602
19608
19614
19620
19626
19632
19638
19644
19650
19656
19662
19668
19675
19681
19687
19693
19699
19705
19711
19717
19723
19730
19737
19744
19752
19759
19766
19774
19781
19788
19796
19803
19810
19818
19825
19832
19840
19845
19851
19857
19863
19869
19875
19881
19887
19892
19898
19904
19910
19916
19922
19928
19934
19940
19946
19952
19958
19964
19970
19976
19982
19988
19994
20000
20006
20012
20018
20024
20030
20035
20041
20048
20054
20060
20066
20072
20078
20085
20091
20097
20104
20110
20116
20123
20129
20135
20142
20148
20154
20161
20167
20173
20180
20184
20189
20193
20198
20202
20207
20212
20216
20221
20225
20230
20235
20239
20244
20248
20253
20257
20262
20267
20271
20276
20280
20285
20290
20295
20301
20306
20312
20317
20323
20328
20334
20340
20345
20351
20356
20362
20367
20373
20378
20384
20390
20397
20404
20412
20419
20426
20434
20441
20448
20456
20463
20470
20478
20485
20492
20500
20506
20512
20518
20524
20530
20536
20542
20548
20555
20561
20567
20573
20579
20585
20591
20597
20603
20610
20614
20619
20624
20629
20633
20638
20643
20648
20652
20657
20662
20667
20671
20676
20681
20686
20690
20695
20700
20705
20710
20715
20721
20727
20733
20738
20744
20750
20756
20762
20767
20773
20779
20785
20791
20796
20802
20808
20814
20820
20827
20835
20843
20850
20858
20866
20873
20881
20889
20896
20904
20912
20920
20928
20936
20945
20953
20962
20970
20979
20987
20996
21004
21013
21021
21030
21041
21052
21063
21074
21085
21096
21107
21118
21130
21145
21160
21175
21189
21205
21220
21235
21250
21262
21274
21286
21298
21311
21323
21335
21347
21360
21372
21384
21397
21410
21422
21435
21447
21460
21475
21491
21507
21522
21538
21554
21570
21586
21603
21620
21636
21653
21670
21697
21725
21752
21780
21796
21813
21830
21846
21863
21880
21900
21919
21939
21960
21980
22000
22020
22040
22060
22080
22100
22120
22147
22175
22202
22230
22247
22264
22281
22298
22315
22332
22350
22390
22430
22470
22580
22591
22602
22613
22624
22635
22646
22657
22668
22680
22693
22707
22721
22735
22748
22762
22776
22790
22808
22826
22845
22863
22881
22900
22908
22917
22925
22934
22942
22951
22960
22968
22977
22985
22994
23002
23011
23020
23029
23038
23047
23056
23065
23074
23083
23092
23101
23110
23120
23129
23138
23147
23156
23165
23175
23184
23193
23202
23211
23220
23230
23237
23245
23253
23261
23269
23277
23285
23292
23300
23308
23316
23324
23332
23340
23347
23355
23363
23370
23378
23386
23393
23401
23409
23416
23424
23432
23440
23446
23452
23459
23465
23472
23478
23485
23491
23498
23504
23511
23517
23524
23530
23537
23543
23550
23556
23562
23569
23575
23582
23588
23595
23601
23608
23614
23621
23627
23634
23640
23647
23653
23660
23666
23672
23678
23684
23690
23696
23702
23708
23715
23721
23727
23733
23739
23745
23751
23757
23763
23770
23776
23783
23790
23796
23803
23810
23816
23823
23830
23836
23843
23850
23856
23863
23870
23877
23884
23892
23899
23906
23914
23921
23928
23936
23943
23950
23958
23965
23972
23980
23989
23998
24007
24016
24026
24035
24044
24053
24063
24072
24081
24090
24100
24108
24116
24125
24133
24141
24150
24158
24166
24175
24183
24191
24200
24209
24218
24227
24236
24245
24255
24264
24273
24282
24291
24300
24310
24317
24325
24333
24341
24349
24357
24365
24372
24380
24388
24396
24404
24412
24420
24428
24437
24445
24454
24462
24471
24480
24488
24497
24505
24514
24522
24531
24540
24549
24558
24567
24576
24585
24595
24604
24613
24622
24631
24640
24650
24659
24668
24677
24686
24695
24705
24714
24723
24732
24741
24750
24760
24769
24778
24787
24796
24805
24815
24824
24833
24842
24851
24860
24870
24876
24883
24890
24897
24904
24911
24918
24925
24931
24938
24945
24952
24959
24966
24973
24980
24986
24993
25000
25007
25014
25021
25028
25035
25041
25048
25055
25062
25069
25076
25083
25090
25096
25102
25108
25115
25121
25127
25133
25140
25146
25152
25158
25165
25171
25177
25183
25190
25197
25204
25212
25219
25226
25234
25241
25248
25256
25263
25270
25278
25285
25292
25300
25306
25313
25320
25326
25333
25340
25346
25353
25360
25366
25373
25380
25386
25393
25400
25406
25412
25419
25425
25432
25438
25445
25451
25458
25464
25471
25477
25484
25490
25497
25503
25510
25516
25522
25528
25535
25541
25547
25554
25560
25566
25573
25579
25585
25592
25598
25604
25611
25617
25623
25630
25635
25640
25645
25650
25656
25661
25666
25671
25677
25682
25687
25692
25698
25703
25708
25713
25719
25724
25729
25734
25740
25746
25752
25758
25764
25770
25776
25782
25788
25795
25801
25807
25813
25819
25825
25831
25837
25843
25850
25856
25862
25868
25875
25881
25887
25893
25900
25906
25912
25918
25925
25931
25937
25943
25950
25955
25961
25966
25971
25977
25983
25988
25994
25999
26005
26010
26016
26021
26026
26032
26038
26043
26049
26054
26060
26064
26069
26074
26079
26083
26088
26093
26098
26102
26107
26112
26117
26121
26126
26131
26136
26140
26145
26150
26155
26160
26166
26172
26179
26185
26192
26198
26205
26211
26218
26224
26231
26237
26244
26250
26257
26263
26270
26275
26281
26287
26293
26299
26305
26311
26317
26322
26328
26334
26340
26346
26352
26358
26364
26370
26375
26381
26387
26393
26398
26404
26410
26416
26422
26427
26433
26439
26445
26451
26456
26462
26468
26474
26480
26484
26489
26494
26499
26503
26508
26513
26518
26523
26527
26532
26537
26542
26546
26551
26556
26561
26566
26570
26575
26580
26585
26590
26596
26603
26610
26616
26623
26630
26636
26643
26650
26656
26663
26670
26676
26683
26690
26695
26701
26707
26713
26718
26724
26730
26736
26742
26747
26753
26759
26765
26771
26776
26782
26788
26794
26800
26806
26812
26818
26825
26831
26837
26843
26850
26856
26862
26868
26875
26881
26887
26893
26900
26904
26910
26915
26919
26925
26930
26935
26940
26945
26950
26955
26960
26965
26970
26975
26980
26985
26990
26995
27000
27005
27010
27017
27024
27031
27038
27045
27052
27059
27066
27073
27080
27087
27094
27101
27108
27115
27122
27130
27137
27145
27153
27161
27169
27177
27185
27192
27200
27208
27216
27224
27232
27240
27248
27256
27265
27273
27282
27290
27299
27307
27316
27324
27333
27341
27350
27357
27365
27373
27380
27388
27396
27403
27411
27419
27426
27434
27442
27450
27457
27465
27472
27480
27487
27495
27502
27509
27517
27525
27532
27540
27547
27555
27562
27570
27575
27581
27586
27592
27597
27603
27608
27614
27620
27625
27631
27636
27642
27647
27653
27658
27664
27670
27676
27682
27689
27695
27702
27708
27715
27721
27728
27734
27741
27747
27754
27760
27767
27773
27780
27785
27791
27796
27802
27807
27813
27818
27824
27829
27835
27840
27846
27851
27857
27862
27868
27873
27879
27884
27890
27897
27904
27912
27919
27926
27934
27941
27948
27956
27963
27970
27978
27985
27992
28000
28006
28013
28020
28027
28034
28041
28048
28055
28061
28068
28075
28082
28089
28096
28103
28110
28116
28123
28130
28136
28143
28150
28156
28163
28170
28176
28183
28190
28196
28203
28210
28215
28221
28227
28233
28238
28244
28250
28256
28262
28267
28273
28279
28285
28291
28296
28302
28308
28314
28320
28324
28329
28334
28339
28343
28348
28353
28358
28362
28367
28372
28377
28381
28386
28391
28396
28400
28405
28410
28415
28420
28426
28433
28440
28447
28454
28461
28468
28475
28481
28488
28495
28502
28509
28516
28523
28530
28535
28540
28545
28550
28555
28560
28565
28570
28575
28580
28585
28590
28595
28600
28605
28610
28615
28620
28625
28630
28635
28640
28646
28652
28658
28664
28670
28676
28682
28688
28695
28701
28707
28713
28719
28725
28731
28737
28743
28750
28759
28768
28777
28786
28795
28805
28814
28823
28832
28841
28850
28860
28868
28876
28884
28893
28901
28910
28918
28926
28935
28943
28951
28960
28966
28972
28978
28984
28990
28996
29002
29008
29015
29021
29027
29033
29039
29045
29051
29057
29063
29070
29077
29084
29092
29099
29106
29114
29121
29128
29136
29143
29150
29158
29165
29172
29180
29185
29190
29195
29200
29205
29210
29215
29220
29225
29230
29235
29240
29245
29250
29255
29260
29265
29270
29275
29280
29285
29290
29295
29300
29306
29313
29320
29326
29333
29340
29346
29353
29360
29366
29373
29380
29386
29393
29400
29412
29424
29436
29448
29461
29473
29485
29497
29510
29520
29530
29540
29550
29560
29570
29580
29590
29600
29610
29620
29628
29637
29645
29654
29662
29671
29680
29688
29697
29705
29714
29722
29731
29740
29750
29759
29770
29780
29790
29800
29810
29820
29830
29840
29850
29861
29872
29883
29894
29905
29916
29927
29938
29950
