2
4
6
8
11
13
15
17
20
22
24
26
29
31
33
35
38
40
42
44
47
49
51
53
56
58
60
62
65
67
69
71
74
76
78
80
83
85
87
89
92
94
96
98
101
103
105
107
110
116
123
130
136
143
150
156
163
169
176
183
190
196
203
210
212
214
216
218
220
222
224
226
228
230
232
234
236
238
240
242
244
246
248
250
252
254
256
258
260
262
265
267
269
271
273
275
277
279
281
283
285
287
289
291
293
295
297
299
301
303
305
307
309
311
313
315
317
320
324
328
333
337
342
346
351
355
360
364
369
373
378
382
387
391
396
400
405
409
414
418
423
427
432
436
441
445
450
452
455
457
460
462
465
467
470
473
475
478
480
483
485
488
490
493
496
498
501
503
506
508
511
513
516
519
521
524
526
529
531
534
536
539
542
544
547
549
552
554
557
560
577
594
611
628
645
662
680
682
684
686
689
691
693
695
698
700
702
704
707
709
711
713
716
718
720
723
725
727
729
732
734
736
738
741
743
745
747
750
752
754
756
759
761
763
766
768
770
772
775
777
779
781
784
786
788
790
793
795
797
800
803
807
811
815
819
822
826
830
834
838
842
845
849
853
857
861
865
868
872
876
880
884
887
891
895
899
903
907
910
914
918
922
926
930
932
934
936
938
940
942
944
946
949
951
953
955
957
959
961
963
965
968
970
972
974
976
978
980
982
985
987
989
991
993
995
997
999
1001
1004
1006
1008
1010
1012
1014
1016
1018
1020
1023
1025
1027
1029
1031
1033
1035
1037
1040
1044
1049
1054
1059
1064
1068
1073
1078
1083
1088
1092
1097
1102
1107
1112
1117
1121
1126
1131
1136
1141
1145
1150
1155
1160
1165
1170
1172
1175
1177
1180
1183
1185
1188
1190
1193
1196
1198
1201
1204
1206
1209
1211
1214
1217
1219
1222
1225
1227
1230
1232
1235
1238
1240
1243
1245
1248
1251
1253
1256
1259
1261
1264
1266
1269
1272
1274
1277
1280
1283
1287
1290
1294
1297
1301
1304
1308
1311
1315
1318
1322
1325
1329
1332
1336
1339
1343
1347
1350
1354
1357
1361
1364
1368
1371
1375
1378
1382
1385
1389
1392
1396
1400
1402
1405
1408
1410
1413
1416
1418
1421
1424
1426
1429
1432
1434
1437
1440
1442
1445
1448
1450
1453
1456
1458
1461
1464
1466
1469
1472
1474
1477
1480
1482
1485
1488
1490
1493
1496
1498
1501
1504
1506
1509
1512
1514
1517
1520
1522
1525
1528
1531
1534
1537
1540
1542
1545
1548
1551
1554
1557
1560
1562
1565
1568
1571
1574
1577
1580
1582
1585
1588
1591
1594
1597
1599
1602
1605
1608
1611
1614
1617
1619
1622
1625
1628
1631
1634
1637
1640
1642
1645
1648
1651
1654
1657
1660
1663
1666
1669
1672
1675
1678
1680
1683
1686
1689
1692
1695
1698
1701
1704
1707
1710
1713
1716
1719
1721
1724
1727
1730
1733
1736
1739
1742
1745
1748
1751
1754
1757
1760
1766
1772
1778
1784
1790
1796
1802
1808
1814
1820
1826
1832
1838
1844
1850
1856
1862
1868
1874
1880
1886
1892
1898
1904
1910
1916
1922
1928
1934
1940
1946
1952
1958
1964
1970
1976
1982
1988
1994
2000
2002
2005
2007
2010
2012
2015
2017
2020
2023
2025
2028
2030
2033
2035
2038
2040
2043
2046
2048
2051
2053
2056
2058
2061
2063
2066
2069
2071
2074
2076
2079
2081
2084
2086
2089
2092
2094
2097
2099
2102
2104
2107
2110
2124
2138
2153
2167
2182
2196
2211
2225
2240
2242
2244
2246
2248
2250
2252
2254
2256
2258
2260
2262
2264
2266
2269
2271
2273
2275
2277
2279
2281
2283
2285
2287
2289
2291
2293
2296
2298
2300
2302
2304
2306
2308
2310
2312
2314
2316
2318
2320
2323
2325
2327
2329
2331
2333
2335
2337
2339
2341
2343
2345
2347
2350
2360
2371
2382
2392
2403
2414
2424
2435
2446
2456
2467
2478
2488
2499
2510
2520
2531
2542
2552
2563
2574
2584
2595
2606
2616
2627
2638
2648
2659
2670
2672
2674
2676
2679
2681
2683
2685
2688
2690
2692
2694
2697
2699
2701
2703
2706
2708
2710
2713
2715
2717
2719
2722
2724
2726
2728
2731
2733
2735
2737
2740
2742
2744
2746
2749
2751
2753
2756
2758
2760
2762
2765
2767
2769
2771
2774
2776
2778
2780
2783
2785
2787
2790
2792
2795
2798
2801
2804
2807
2810
2813
2816
2819
2822
2825
2828
2831
2834
2837
2840
2842
2845
2848
2851
2854
2857
2860
2863
2866
2869
2872
2875
2878
2881
2884
2887
2890
2892
2895
2898
2901
2904
2907
2910
2913
2916
2918
2921
2924
2927
2930
2933
2936
2939
2942
2945
2947
2950
2953
2956
2959
2962
2965
2968
2971
2973
2976
2979
2982
2985
2988
2991
2994
2997
3000
3002
3005
3008
3011
3014
3017
3020
3022
3025
3028
3031
3034
3037
3040
3042
3045
3048
3051
3054
3057
3060
3062
3065
3068
3071
3074
3077
3080
3082
3085
3088
3091
3094
3097
3100
3102
3105
3108
3111
3114
3117
3120
3122
3125
3127
3130
3132
3135
3137
3140
3142
3145
3147
3150
3152
3155
3157
3160
3162
3165
3167
3170
3172
3175
3177
3180
3182
3185
3187
3190
3192
3195
3197
3200
3202
3205
3207
3210
3212
3215
3217
3220
3223
3226
3229
3232
3235
3238
3242
3245
3248
3251
3254
3257
3260
3264
3267
3270
3273
3276
3279
3282
3286
3289
3292
3295
3298
3301
3304
3308
3311
3314
3317
3320
3323
3326
3330
3355
3380
3405
3430
3455
3480
3482
3485
3487
3490
3493
3495
3498
3501
3503
3506
3509
3511
3514
3516
3519
3522
3524
3527
3530
3532
3535
3538
3540
3543
3546
3548
3551
3553
3556
3559
3561
3564
3567
3569
3572
3575
3577
3580
3583
3585
3588
3590
3593
3596
3598
3601
3604
3606
3609
3612
3614
3617
3620
3622
3625
3628
3631
3634
3637
3640
3642
3645
3648
3651
3654
3657
3660
3662
3665
3668
3671
3674
3677
3680
3682
3685
3688
3691
3694
3697
3700
3702
3705
3708
3711
3714
3717
3720
3722
3725
3728
3731
3734
3737
3740
3742
3745
3748
3751
3754
3757
3760
3762
3765
3768
3771
3774
3777
3780
3782
3785
3788
3791
3794
3797
3800
3802
3805
3808
3811
3814
3817
3820
3822
3825
3828
3831
3834
3837
3840
3842
3845
3848
3851
3854
3857
3860
3862
3865
3868
3871
3874
3877
3880
3883
3886
3889
3892
3895
3898
3901
3904
3907
3910
3913
3916
3919
3922
3925
3927
3930
3933
3936
3939
3942
3945
3948
3951
3954
3957
3960
3963
3966
3969
3972
3975
3978
3981
3984
3987
3990
3992
3995
3997
4000
4003
4005
4008
4010
4013
4016
4018
4021
4024
4026
4029
4031
4034
4037
4039
4042
4045
4047
4050
4052
4055
4058
4060
4063
4065
4068
4071
4073
4076
4079
4081
4084
4086
4089
4092
4094
4097
4100
4103
4106
4109
4112
4115
4118
4122
4125
4128
4131
4134
4137
4141
4144
4147
4150
4153
4156
4160
4163
4166
4169
4172
4175
4178
4182
4185
4188
4191
4194
4197
4201
4204
4207
4210
4213
4216
4220
4222
4225
4228
4230
4233
4236
4239
4241
4244
4247
4250
4252
4255
4258
4260
4263
4266
4269
4271
4274
4277
4279
4282
4285
4288
4290
4293
4296
4299
4301
4304
4307
4310
4312
4315
4318
4320
4323
4326
4329
4331
4334
4337
4340
4346
4352
4358
4364
4370
4376
4382
4388
4394
4400
4407
4413
4419
4425
4431
4437
4443
4449
4455
4461
4468
4474
4480
4486
4492
4498
4504
4510
4516
4522
4529
4535
4541
4547
4553
4559
4565
4571
4577
4583
4590
4592
4594
4596
4598
4600
4602
4604
4606
4608
4610
4612
4614
4616
4618
4620
4622
4624
4626
4628
4630
4632
4634
4636
4638
4641
4643
4645
4647
4649
4651
4653
4655
4657
4659
4661
4663
4665
4667
4669
4671
4673
4675
4677
4679
4681
4683
4685
4687
4690
4694
4698
4703
4707
4711
4716
4720
4725
4729
4733
4738
4742
4746
4751
4755
4760
4764
4768
4773
4777
4781
4786
4790
4795
4799
4803
4808
4812
4816
4821
4825
4830
4832
4834
4836
4838
4840
4842
4844
4846
4848
4850
4852
4855
4857
4859
4861
4863
4865
4867
4869
4871
4873
4875
4877
4880
4882
4884
4886
4888
4890
4892
4894
4896
4898
4900
4902
4904
4907
4909
4911
4913
4915
4917
4919
4921
4923
4925
4927
4930
4958
4986
5014
5042
5070
5072
5074
5076
5078
5080
5082
5084
5086
5088
5090
5092
5095
5097
5099
5101
5103
5105
5107
5109
5111
5113
5115
5117
5120
5122
5124
5126
5128
5130
5132
5134
5136
5138
5140
5142
5145
5147
5149
5151
5153
5155
5157
5159
5161
5163
5165
5167
5170
5173
5176
5179
5182
5185
5189
5192
5195
5198
5201
5204
5208
5211
5214
5217
5220
5223
5227
5230
5233
5236
5239
5242
5246
5249
5252
5255
5258
5261
5265
5268
5271
5274
5277
5280
5284
5287
5290
5293
5296
5300
5306
5313
5319
5326
5332
5339
5346
5352
5359
5365
5372
5378
5385
5392
5398
5405
5411
5418
5425
5431
5438
5444
5451
5457
5464
5471
5477
5484
5490
5497
5503
5510
5517
5523
5530
5536
5543
5550
5552
5554
5556
5558
5560
5562
5564
5566
5568
5570
5572
5574
5576
5578
5580
5582
5584
5586
5588
5590
5592
5594
5596
5598
5601
5603
5605
5607
5609
5611
5613
5615
5617
5619
5621
5623
5625
5627
5629
5631
5633
5635
5637
5639
5641
5643
5645
5647
5650
5654
5658
5663
5667
5672
5676
5681
5685
5690
5694
5699
5703
5708
5712
5717
5721
5726
5730
5735
5739
5744
5748
5753
5757
5762
5766
5771
5775
5780
5784
5789
5794
5799
5804
5809
5814
5819
5824
5829
5833
5838
5843
5848
5853
5858
5863
5868
5873
5878
5882
5887
5892
5897
5902
5907
5912
5917
5922
5927
5931
5936
5941
5946
5951
5956
5961
5966
5971
5976
5980
5985
5990
5995
6000
6005
6010
6015
6020
6025
6030
6031
6033
6035
6037
6039
6041
6043
6045
6047
6049
6051
6053
6055
6056
6058
6060
6062
6064
6066
6068
6070
6072
6074
6076
6078
6080
6081
6083
6085
6087
6089
6091
6093
6095
6097
6099
6101
6103
6105
6106
6108
6110
6112
6114
6116
6118
6120
6122
6124
6126
6128
6130
6134
6138
6142
6146
6150
6155
6159
6163
6167
6171
6176
6180
6184
6188
6192
6197
6201
6205
6209
6213
6218
6222
6226
6230
6234
6239
6243
6247
6251
6255
6260
6262
6264
6267
6269
6272
6274
6277
6279
6282
6284
6286
6289
6291
6294
6296
6299
6301
6304
6306
6308
6311
6313
6316
6318
6321
6323
6326
6328
6330
6333
6335
6338
6340
6343
6345
6348
6350
6352
6355
6357
6360
6362
6365
6367
6370
6373
6376
6380
6383
6386
6390
6393
6396
6400
6403
6406
6410
6413
6416
6420
6423
6426
6430
6433
6436
6439
6443
6446
6450
6453
6456
6460
6463
6466
6470
6473
6476
6479
6483
6486
6490
6493
6496
6500
6503
6506
6510
6512
6515
6517
6520
6523
6525
6528
6530
6533
6536
6538
6541
6544
6546
6549
6551
6554
6557
6559
6562
6564
6567
6570
6572
6575
6578
6580
6583
6585
6588
6591
6593
6596
6599
6601
6604
6606
6609
6612
6614
6617
6620
6623
6626
6629
6632
6635
6638
6641
6644
6647
6650
6653
6656
6660
6663
6666
6669
6672
6675
6678
6681
6684
6687
6690
6693
6696
6700
6703
6706
6709
6712
6715
6718
6721
6724
6727
6730
6733
6736
6740
6746
6752
6758
6765
6771
6777
6783
6790
6796
6802
6808
6815
6821
6827
6833
6840
6846
6852
6858
6865
6871
6877
6883
6890
6896
6902
6908
6915
6921
6927
6933
6940
6946
6952
6958
6965
6971
6977
6983
6990
6992
6994
6996
6998
7000
7002
7004
7006
7008
7010
7012
7014
7016
7019
7021
7023
7025
7027
7029
7031
7033
7035
7037
7039
7041
7043
7046
7048
7050
7052
7054
7056
7058
7060
7062
7064
7066
7068
7070
7073
7075
7077
7079
7081
7083
7085
7087
7089
7091
7093
7095
7097
7100
7103
7107
7110
7114
7118
7121
7125
7129
7132
7136
7140
7143
7147
7150
7154
7158
7161
7165
7169
7172
7176
7180
7183
7187
7190
7194
7198
7201
7205
7209
7212
7216
7220
7222
7224
7226
7229
7231
7233
7235
7238
7240
7242
7244
7247
7249
7251
7253
7256
7258
7260
7263
7265
7267
7269
7272
7274
7276
7278
7281
7283
7285
7287
7290
7292
7294
7296
7299
7301
7303
7306
7308
7310
7312
7315
7317
7319
7321
7324
7326
7328
7330
7333
7335
7337
7340
7343
7346
7349
7352
7356
7359
7362
7365
7369
7372
7375
7378
7382
7385
7388
7391
7395
7398
7401
7404
7408
7411
7414
7417
7421
7424
7427
7430
7434
7437
7440
7443
7447
7450
7453
7456
7460
7462
7465
7468
7471
7474
7477
7480
7483
7486
7489
7492
7495
7498
7501
7504
7507
7510
7513
7516
7519
7522
7525
7528
7531
7534
7537
7540
7543
7546
7549
7552
7555
7558
7561
7564
7567
7570
7573
7576
7579
7582
7585
7588
7591
7594
7597
7600
7605
7610
7615
7620
7626
7631
7636
7641
7646
7652
7657
7662
7667
7672
7678
7683
7688
7693
7698
7704
7709
7714
7719
7725
7730
7735
7740
7745
7751
7756
7761
7766
7771
7777
7782
7787
7792
7797
7803
7808
7813
7818
7823
7829
7834
7839
7844
7850
7852
7854
7856
7859
7861
7863
7865
7868
7870
7872
7874
7877
7879
7881
7883
7886
7888
7890
7893
7895
7897
7899
7902
7904
7906
7908
7911
7913
7915
7917
7920
7922
7924
7926
7929
7931
7933
7936
7938
7940
7942
7945
7947
7949
7951
7954
7956
7958
7960
7963
7965
7967
7970
7974
7978
7982
7986
7990
7994
7998
8003
8007
8011
8015
8019
8023
8027
8032
8036
8040
8044
8048
8052
8056
8061
8065
8069
8073
8077
8081
8085
8090
8094
8099
8104
8108
8113
8118
8122
8127
8132
8137
8141
8146
8151
8155
8160
8165
8170
8174
8179
8184
8188
8193
8198
8202
8207
8212
8217
8221
8226
8231
8235
8240
8245
8250
8254
8259
8264
8268
8273
8278
8282
8287
8292
8297
8301
8306
8311
8315
8320
8325
8330
8332
8334
8336
8338
8340
8342
8344
8346
8348
8350
8352
8354
8356
8358
8360
8362
8364
8366
8368
8370
8372
8374
8376
8378
8380
8382
8385
8387
8389
8391
8393
8395
8397
8399
8401
8403
8405
8407
8409
8411
8413
8415
8417
8419
8421
8423
8425
8427
8429
8431
8433
8435
8437
8440
8444
8449
8453
8458
8463
8467
8472
8477
8481
8486
8491
8495
8500
8504
8509
8514
8518
8523
8528
8532
8537
8542
8546
8551
8556
8560
8565
8570
8572
8574
8576
8578
8580
8582
8584
8586
8588
8590
8592
8594
8596
8598
8600
8602
8604
8606
8608
8610
8612
8614
8616
8618
8621
8623
8625
8627
8629
8631
8633
8635
8637
8639
8641
8643
8645
8647
8649
8651
8653
8655
8657
8659
8661
8663
8665
8667
8670
8674
8679
8684
8688
8693
8698
8702
8707
8712
8716
8721
8726
8730
8735
8740
8744
8749
8754
8758
8763
8768
8772
8777
8782
8786
8791
8796
8800
8805
8810
8812
8814
8816
8818
8820
8822
8824
8826
8828
8830
8832
8835
8837
8839
8841
8843
8845
8847
8849
8851
8853
8855
8857
8860
8862
8864
8866
8868
8870
8872
8874
8876
8878
8880
8882
8885
8887
8889
8891
8893
8895
8897
8899
8901
8903
8905
8907
8910
8914
8918
8922
8926
8930
8935
8939
8943
8947
8951
8956
8960
8964
8968
8972
8977
8981
8985
8989
8993
8998
9002
9006
9010
9014
9019
9023
9027
9031
9035
9040
9042
9044
9047
9049
9052
9054
9057
9059
9061
9064
9066
9069
9071
9074
9076
9079
9081
9083
9086
9088
9091
9093
9096
9098
9100
9103
9105
9108
9110
9113
9115
9118
9120
9122
9125
9127
9130
9132
9135
9137
9140
9153
9167
9180
9194
9208
9221
9235
9249
9262
9276
9290
9294
9298
9303
9307
9311
9316
9320
9324
9329
9333
9337
9342
9346
9350
9355
9359
9363
9368
9372
9376
9381
9385
9389
9394
9398
9402
9407
9411
9415
9420
9424
9428
9433
9437
9441
9446
9450
9454
9459
9463
9467
9472
9476
9480
9485
9489
9493
9498
9502
9506
9511
9515
9520
9522
9524
9526
9528
9531
9533
9535
9537
9540
9542
9544
9546
9548
9551
9553
9555
9557
9560
9562
9564
9566
9568
9571
9573
9575
9577
9580
9582
9584
9586
9588
9591
9593
9595
9597
9600
9602
9604
9606
9608
9611
9613
9615
9617
9620
9622
9624
9626
9628
9631
9633
9635
9637
9640
9644
9648
9652
9656
9660
9664
9668
9672
9676
9680
9684
9688
9692
9696
9700
9705
9709
9713
9717
9721
9725
9729
9733
9737
9741
9745
9749
9753
9757
9761
9765
9770
9772
9774
9776
9778
9780
9782
9784
9786
9788
9790
9792
9794
9796
9798
9800
9802
9804
9806
9808
9810
9812
9814
9816
9818
9820
9822
9825
9827
9829
9831
9833
9835
9837
9839
9841
9843
9845
9847
9849
9851
9853
9855
9857
9859
9861
9863
9865
9867
9869
9871
9873
9875
9877
9880
9884
9888
9892
9896
9900
9905
9909
9913
9917
9921
9926
9930
9934
9938
9942
9947
9951
9955
9959
9963
9968
9972
9976
9980
9984
9989
9993
9997
10001
10005
10010
10012
10014
10016
10018
10021
10023
10025
10027
10030
10032
10034
10036
10039
10041
10043
10045
10048
10050
10052
10054
10057
10059
10061
10063
10066
10068
10070
10072
10075
10077
10079
10081
10084
10086
10088
10090
10093
10095
10097
10099
10102
10104
10106
10108
10111
10113
10115
10117
10120
10124
10128
10132
10136
10140
10144
10148
10153
10157
10161
10165
10169
10173
10177
10182
10186
10190
10194
10198
10202
10206
10211
10215
10219
10223
10227
10231
10235
10240
10242
10244
10247
10249
10252
10254
10256
10259
10261
10264
10266
10268
10271
10273
10276
10278
10280
10283
10285
10288
10290
10292
10295
10297
10299
10302
10304
10307
10309
10312
10314
10316
10319
10321
10324
10326
10328
10331
10333
10336
10338
10340
10343
10345
10347
10350
10352
10355
10357
10360
10367
10374
10381
10388
10395
10402
10410
10417
10424
10431
10438
10445
10452
10459
10467
10474
10481
10488
10495
10502
10510
10517
10524
10531
10538
10545
10552
10559
10567
10574
10581
10588
10595
10602
10610
10612
10614
10616
10619
10621
10623
10625
10628
10630
10632
10634
10637
10639
10641
10643
10646
10648
10650
10653
10655
10657
10659
10662
10664
10666
10668
10671
10673
10675
10677
10680
10682
10684
10686
10689
10691
10693
10696
10698
10700
10702
10705
10707
10709
10711
10714
10716
10718
10720
10723
10725
10727
10730
10733
10737
10741
10745
10749
10753
10757
10760
10764
10768
10772
10776
10780
10784
10788
10791
10795
10799
10803
10807
10811
10815
10819
10822
10826
10830
10834
10838
10842
10846
10850
10852
10854
10856
10859
10861
10863
10865
10868
10870
10872
10875
10877
10879
10881
10884
10886
10888
10890
10893
10895
10897
10899
10902
10904
10906
10909
10911
10913
10915
10918
10920
10922
10924
10927
10929
10931
10934
10936
10938
10940
10943
10945
10947
10950
10956
10962
10968
10974
10980
10987
10993
10999
11005
11011
11018
11024
11030
11036
11042
11049
11055
11061
11067
11073
11080
11086
11092
11098
11104
11110
11117
11123
11129
11135
11141
11148
11154
11160
11166
11172
11179
11185
11191
11197
11203
11210
11212
11214
11216
11218
11220
11222
11224
11226
11228
11230
11232
11234
11236
11239
11241
11243
11245
11247
11249
11251
11253
11255
11257
11259
11261
11263
11266
11268
11270
11272
11274
11276
11278
11280
11282
11284
11286
11288
11290
11293
11295
11297
11299
11301
11303
11305
11307
11309
11311
11313
11315
11317
11320
11328
11336
11344
11352
11360
11368
11376
11384
11392
11400
11408
11416
11424
11432
11440
11449
11457
11465
11473
11481
11489
11497
11505
11513
11521
11529
11537
11545
11553
11561
11570
11572
11574
11576
11578
11581
11583
11585
11587
11590
11592
11594
11596
11598
11601
11603
11605
11607
11610
11612
11614
11616
11618
11621
11623
11625
11627
11630
11632
11634
11636
11638
11641
11643
11645
11647
11650
11652
11654
11656
11658
11661
11663
11665
11667
11670
11672
11674
11676
11678
11681
11683
11685
11687
11690
11693
11697
11701
11705
11709
11713
11717
11721
11725
11729
11733
11737
11741
11745
11748
11752
11756
11760
11764
11768
11772
11776
11780
11784
11788
11792
11796
11800
11802
11805
11808
11811
11813
11816
11819
11822
11825
11827
11830
11833
11836
11838
11841
11844
11847
11850
11852
11855
11858
11861
11863
11866
11869
11872
11875
11877
11880
11883
11886
11888
11891
11894
11897
11900
11902
11905
11908
11911
11913
11916
11919
11922
11924
11927
11930
11933
11936
11938
11941
11944
11947
11950
11952
11954
11956
11958
11960
11963
11965
11967
11969
11972
11974
11976
11978
11980
11983
11985
11987
11989
11991
11994
11996
11998
12000
12002
12004
12007
12009
12011
12013
12016
12018
12020
12022
12024
12027
12029
12031
12033
12035
12038
12040
12042
12044
12046
12049
12051
12053
12055
12057
12060
12063
12066
12070
12073
12077
12080
12084
12087
12090
12094
12097
12101
12104
12108
12111
12114
12118
12121
12125
12128
12132
12135
12138
12142
12145
12149
12152
12156
12159
12162
12166
12169
12173
12176
12180
12182
12184
12186
12189
12191
12193
12196
12198
12200
12203
12205
12207
12210
12212
12214
12216
12219
12221
12223
12226
12228
12230
12233
12235
12237
12240
12242
12244
12246
12249
12251
12253
12256
12258
12260
12263
12265
12267
12270
12272
12274
12276
12279
12281
12283
12286
12288
12290
12293
12295
12297
12300
12308
12316
12324
12332
12340
12348
12356
12364
12372
12380
12388
12396
12404
12412
12420
12429
12437
12445
12453
12461
12469
12477
12485
12493
12501
12509
12517
12525
12533
12541
12550
12552
12554
12556
12558
12560
12562
12564
12566
12568
12570
12572
12574
12576
12579
12581
12583
12585
12587
12589
12591
12593
12595
12597
12599
12601
12603
12606
12608
12610
12612
12614
12616
12618
12620
12622
12624
12626
12628
12630
12633
12635
12637
12639
12641
12643
12645
12647
12649
12651
12653
12655
12657
12660
12664
12668
12672
12676
12680
12684
12688
12692
12696
12700
12704
12708
12712
12716
12720
12725
12729
12733
12737
12741
12745
12749
12753
12757
12761
12765
12769
12773
12777
12781
12785
12790
12792
12794
12796
12798
12800
12803
12805
12807
12809
12812
12814
12816
12818
12820
12823
12825
12827
12829
12831
12834
12836
12838
12840
12842
12844
12847
12849
12851
12853
12856
12858
12860
12862
12864
12867
12869
12871
12873
12875
12878
12880
12882
12884
12886
12889
12891
12893
12895
12897
12900
12904
12908
12912
12916
12920
12925
12929
12933
12937
12941
12946
12950
12954
12958
12962
12967
12971
12975
12979
12983
12988
12992
12996
13000
13004
13009
13013
13017
13021
13025
13030
13032
13034
13036
13038
13040
13042
13045
13047
13049
13051
13053
13055
13058
13060
13062
13064
13066
13068
13070
13073
13075
13077
13079
13081
13083
13086
13088
13090
13092
13094
13096
13099
13101
13103
13105
13107
13109
13111
13114
13116
13118
13120
13122
13124
13127
13129
13131
13133
13135
13137
13140
13147
13154
13162
13169
13176
13184
13191
13198
13206
13213
13220
13228
13235
13242
13250
13257
13265
13272
13279
13287
13294
13301
13309
13316
13323
13331
13338
13345
13353
13360
13367
13375
13382
13390
13392
13394
13396
13398
13401
13403
13405
13407
13410
13412
13414
13416
13418
13421
13423
13425
13427
13430
13432
13434
13436
13438
13441
13443
13445
13447
13450
13452
13454
13456
13458
13461
13463
13465
13467
13470
13472
13474
13476
13478
13481
13483
13485
13487
13490
13492
13494
13496
13498
13501
13503
13505
13507
13510
13518
13526
13533
13542
13550
13558
13565
13574
13582
13590
13597
13606
13614
13622
13629
13638
13646
13654
13661
13670
13678
13686
13693
13702
13710
13718
13726
13734
13742
13750
13752
13754
13756
13758
13761
13763
13765
13767
13770
13772
13774
13776
13778
13781
13783
13785
13787
13790
13792
13794
13796
13798
13801
13803
13805
13807
13810
13812
13814
13816
13818
13821
13823
13825
13827
13830
13832
13834
13836
13838
13841
13843
13845
13847
13850
13852
13854
13856
13858
13861
13863
13865
13867
13870
13873
13877
13881
13885
13889
13893
13897
13900
13904
13908
13912
13916
13920
13924
13928
13931
13935
13939
13943
13947
13951
13955
13959
13962
13966
13970
13974
13978
13982
13986
13990
13992
13994
13996
13998
14000
14002
14004
14006
14008
14010
14012
14014
14016
14019
14021
14023
14025
14027
14029
14031
14033
14035
14037
14039
14041
14043
14046
14048
14050
14052
14054
14056
14058
14060
14062
14064
14066
14068
14070
14073
14075
14077
14079
14081
14083
14085
14087
14089
14091
14093
14095
14097
14100
14104
14108
14113
14117
14122
14126
14131
14135
14140
14144
14149
14153
14158
14162
14167
14171
14176
14180
14185
14189
14194
14198
14203
14207
14212
14216
14221
14225
14230
14232
14234
14236
14238
14241
14243
14245
14247
14249
14252
14254
14256
14258
14260
14263
14265
14267
14269
14271
14274
14276
14278
14280
14282
14285
14287
14289
14291
14293
14296
14298
14300
14302
14304
14307
14309
14311
14313
14315
14318
14320
14322
14324
14326
14329
14331
14333
14335
14337
14340
14344
14348
14352
14356
14360
14364
14368
14372
14376
14380
14384
14388
14392
14396
14400
14405
14409
14413
14417
14421
14425
14429
14433
14437
14441
14445
14449
14453
14457
14461
14465
14470
14472
14474
14476
14478
14480
14482
14485
14487
14489
14491
14493
14495
14498
14500
14502
14504
14506
14508
14510
14513
14515
14517
14519
14521
14523
14526
14528
14530
14532
14534
14536
14539
14541
14543
14545
14547
14549
14551
14554
14556
14558
14560
14562
14564
14567
14569
14571
14573
14575
14577
14580
14584
14588
14592
14596
14600
14604
14608
14612
14616
14620
14624
14628
14632
14636
14640
14644
14648
14652
14655
14660
14664
14668
14671
14676
14680
14684
14687
14692
14696
14700
14704
14709
14713
14718
14722
14727
14731
14736
14740
14745
14749
14754
14758
14763
14767
14772
14776
14781
14786
14790
14795
14799
14804
14808
14813
14817
14822
14826
14831
14835
14840
14844
14849
14853
14858
14863
14867
14872
14876
14881
14885
14890
14894
14899
14903
14908
14912
14917
14921
14926
14930
14935
14940
14942
14944
14946
14948
14951
14953
14955
14957
14959
14962
14964
14966
14968
14970
14972
14975
14977
14979
14981
14984
14986
14988
14990
14992
14995
14997
14999
15001
15003
15006
15008
15010
15012
15014
15017
15019
15021
15023
15025
15028
15030
15032
15034
15036
15039
15041
15043
15045
15047
15050
15059
15068
15078
15087
15096
15106
15115
15125
15134
15143
15153
15162
15172
15181
15190
15200
15209
15219
15228
15237
15247
15256
15266
15275
15284
15294
15303
15313
15322
15331
15341
15350
15360
15362
15364
15367
15369
15372
15374
15377
15379
15382
15384
15386
15389
15391
15394
15396
15399
15401
15404
15406
15409
15411
15413
15416
15418
15421
15423
15426
15428
15431
15433
15436
15438
15440
15443
15445
15448
15450
15453
15455
15458
15460
15463
15465
15467
15470
15472
15475
15477
15480
15482
15485
15487
15490
15492
15495
15498
15501
15504
15506
15509
15512
15515
15518
15521
15523
15526
15529
15532
15535
15537
15540
15543
15546
15549
15552
15554
15557
15560
15563
15566
15568
15571
15574
15577
15580
15583
15585
15588
15591
15594
15597
15600
15602
15605
15608
15611
15614
15617
15620
15623
15626
15628
15631
15634
15637
15640
15643
15646
15649
15652
15655
15657
15660
15663
15666
15669
15672
15675
15678
15681
15683
15686
15689
15692
15695
15698
15701
15704
15707
15710
15712
15715
15717
15720
15723
15725
15728
15730
15733
15736
15738
15741
15744
15746
15749
15751
15754
15757
15759
15762
15765
15767
15770
15772
15775
15778
15780
15783
15785
15788
15791
15793
15796
15799
15801
15804
15806
15809
15812
15814
15817
15820
15822
15825
15828
15831
15834
15837
15840
15843
15846
15849
15852
15855
15858
15860
15863
15866
15869
15872
15875
15878
15881
15884
15887
15890
15893
15896
15899
15901
15904
15907
15910
15913
15916
15919
15922
15925
15928
15931
15934
15937
15940
15945
15951
15956
15962
15967
15973
15978
15984
15989
15995
16000
16006
16011
16017
16022
16028
16033
16039
16044
16050
16055
16061
16066
16072
16077
16083
16088
16094
16099
16105
16110
16116
16121
16127
16132
16138
16143
16149
16154
16160
16165
16171
16176
16182
16187
16193
16198
16204
16210
16212
16214
16217
16219
16221
16224
16226
16229
16231
16233
16236
16238
16241
16243
16245
16248
16250
16253
16255
16257
16260
16262
16265
16267
16269
16272
16274
16276
16279
16281
16284
16286
16288
16291
16293
16296
16298
16300
16303
16305
16308
16310
16312
16315
16317
16320
16324
16328
16332
16336
16340
16344
16348
16353
16357
16361
16365
16369
16373
16377
16382
16386
16390
16394
16398
16402
16406
16411
16415
16419
16423
16427
16431
16435
16440
16442
16444
16446
16449
16451
16453
16455
16458
16460
16462
16464
16467
16469
16471
16473
16476
16478
16480
16483
16485
16487
16489
16492
16494
16496
16498
16501
16503
16505
16507
16510
16512
16514
16516
16519
16521
16523
16526
16528
16530
16532
16535
16537
16539
16541
16544
16546
16548
16550
16553
16555
16557
16560
16564
16568
16572
16576
16580
16585
16589
16593
16597
16601
16606
16610
16614
16618
16622
16627
16631
16635
16639
16643
16648
16652
16656
16660
16664
16669
16673
16677
16681
16685
16690
16692
16694
16696
16698
16700
16702
16705
16707
16709
16711
16713
16715
16718
16720
16722
16724
16726
16728
16730
16733
16735
16737
16739
16741
16743
16746
16748
16750
16752
16754
16756
16759
16761
16763
16765
16767
16769
16771
16774
16776
16778
16780
16782
16784
16787
16789
16791
16793
16795
16797
16800
16930
16932
16934
16936
16938
16941
16943
16945
16947
16950
16952
16954
16956
16958
16961
16963
16965
16967
16970
16972
16974
16976
16978
16981
16983
16985
16987
16990
16992
16994
16996
16998
17001
17003
17005
17007
17010
17012
17014
17016
17018
17021
17023
17025
17027
17030
17032
17034
17036
17038
17041
17043
17045
17047
17050
17054
17058
17062
17066
17070
17074
17078
17082
17086
17090
17094
17098
17102
17106
17110
17114
17118
17122
17126
17130
17134
17138
17142
17146
17150
17154
17158
17162
17166
17170
17172
17174
17176
17179
17181
17183
17186
17188
17190
17192
17195
17197
17199
17202
17204
17206
17208
17211
17213
17215
17218
17220
17222
17225
17227
17229
17231
17234
17236
17238
17241
17243
17245
17247
17250
17252
17254
17257
17259
17261
17263
17266
17268
17270
17273
17275
17277
17280
17283
17286
17289
17293
17296
17299
17302
17306
17309
17312
17315
17319
17322
17325
17328
17332
17335
17338
17341
17345
17348
17351
17354
17358
17361
17364
17367
17371
17374
17377
17380
17384
17387
17390
17393
17397
17400
17403
17406
17410
17412
17415
17418
17421
17424
17427
17430
17432
17435
17438
17441
17444
17447
17450
17452
17455
17458
17461
17464
17467
17470
17472
17475
17478
17481
17484
17487
17490
17492
17495
17498
17501
17504
17507
17510
17512
17515
17518
17521
17524
17527
17530
17532
17535
17538
17541
17543
17546
17549
17552
17554
17557
17560
17563
17565
17568
17571
17574
17576
17579
17582
17585
17587
17590
17593
17596
17598
17601
17604
17607
17609
17612
17615
17618
17620
17623
17626
17629
17631
17634
17637
17640
17646
17653
17660
17667
17673
17680
17687
17694
17700
17707
17714
17721
17727
17734
17741
17748
17754
17761
17768
17775
17781
17788
17795
17802
17808
17815
17822
17829
17835
17842
17849
17856
17862
17869
17876
17883
17890
17892
17894
17896
17898
17900
17902
17904
17906
17908
17910
17912
17914
17916
17918
17920
17922
17924
17926
17928
17930
17932
17934
17936
17938
17940
17942
17945
17947
17949
17951
17953
17955
17957
17959
17961
17963
17965
17967
17969
17971
17973
17975
17977
17979
17981
17983
17985
17987
17989
17991
17993
17995
17997
18000
18008
18016
18024
18032
18040
18048
18056
18064
18072
18080
18088
18096
18104
18112
18119
18128
18136
18144
18151
18160
18168
18176
18183
18192
18200
18208
18215
18224
18232
18240
18242
18244
18246
18248
18251
18253
18255
18257
18259
18262
18264
18266
18268
18271
18273
18275
18277
18279
18282
18284
18286
18288
18291
18293
18295
18297
18299
18302
18304
18306
18308
18311
18313
18315
18317
18320
18322
18324
18326
18328
18331
18333
18335
18337
18340
18342
18344
18346
18348
18351
18353
18355
18357
18360
18363
18367
18370
18374
18378
18381
18385
18389
18392
18396
18400
18403
18407
18410
18414
18418
18421
18425
18429
18432
18436
18440
18443
18447
18450
18454
18458
18461
18465
18469
18472
18476
18480
18482
18485
18487
18490
18492
18495
18497
18500
18502
18505
18507
18510
18512
18515
18517
18520
18522
18525
18527
18530
18532
18535
18537
18540
18542
18545
18547
18550
18552
18555
18557
18560
18562
18565
18567
18570
18572
18575
18577
18580
18582
18585
18587
18590
18592
18595
18597
18600
18603
18607
18611
18615
18619
18623
18627
18631
18635
18639
18643
18647
18651
18655
18659
18663
18666
18670
18674
18678
18682
18686
18690
18694
18698
18702
18706
18710
18714
18718
18722
18726
18730
18732
18735
18737
18740
18742
18745
18747
18750
18752
18755
18757
18760
18762
18765
18767
18770
18772
18775
18777
18780
18782
18785
18787
18790
18792
18795
18797
18800
18802
18805
18807
18810
18812
18815
18817
18820
18822
18825
18827
18830
18832
18835
18837
18840
18842
18845
18847
18850
18853
18857
18860
18864
18868
18871
18875
18879
18882
18886
18890
18893
18897
18900
18904
18908
18911
18915
18919
18922
18926
18930
18933
18937
18940
18944
18948
18951
18955
18959
18962
18966
18970
18975
18980
18985
18990
18995
19000
19005
19010
19016
19021
19026
19031
19036
19041
19046
19051
19056
19061
19067
19072
19077
19082
19087
19092
19097
19102
19108
19113
19118
19123
19128
19133
19138
19143
19148
19154
19159
19164
19169
19174
19179
19184
19189
19194
19200
19202
19204
19207
19209
19212
19214
19217
19219
19222
19224
19226
19229
19231
19234
19236
19239
19241
19244
19246
19249
19251
19253
19256
19258
19261
19263
19266
19268
19271
19273
19276
19278
19280
19283
19285
19288
19290
19293
19295
19298
19300
19303
19305
19307
19310
19312
19315
19317
19320
19322
19325
19327
19330
19333
19337
19340
19344
19347
19351
19354
19358
19361
19365
19368
19372
19375
19379
19382
19386
19390
19393
19397
19400
19404
19407
19411
19414
19418
19421
19425
19428
19432
19435
19439
19442
19446
19450
19455
19460
19465
19470
19476
19481
19486
19491
19497
19502
19507
19512
19517
19523
19528
19533
19538
19544
19549
19554
19559
19564
19570
19575
19580
19585
19591
19596
19601
19606
19612
19617
19622
19627
19632
19638
19643
19648
19653
19659
19664
19669
19674
19680
19684
19688
19693
19697
19702
19706
19711
19715
19720
19724
19728
19733
19737
19742
19746
19751
19755
19760
19764
19768
19773
19777
19782
19786
19791
19795
19800
19804
19808
19813
19817
19822
19826
19831
19835
19840
19844
19848
19853
19857
19862
19866
19871
19875
19880
19884
19888
19893
19897
19902
19906
19911
19915
19920
19922
19925
19928
19931
19934
19936
19939
19942
19945
19948
19951
19953
19956
19959
19962
19965
19968
19970
19973
19976
19979
19982
19985
19987
19990
19993
19996
19999
20002
20004
20007
20010
20013
20016
20019
20021
20024
20027
20030
20033
20036
20038
20041
20044
20047
20050
20053
20055
20058
20061
20064
20067
20070
20072
20075
20078
20081
20083
20086
20089
20092
20094
20097
20100
20103
20105
20108
20111
20114
20116
20119
20122
20125
20127
20130
20133
20136
20138
20141
20144
20147
20149
20152
20155
20158
20160
20163
20166
20169
20171
20174
20177
20180
20183
20186
20189
20192
20195
20198
20201
20204
20207
20210
20213
20216
20219
20222
20225
20228
20231
20234
20237
20240
20243
20246
20249
20252
20255
20258
20261
20264
20267
20270
20273
20276
20279
20282
20285
20288
20291
20294
20297
20300
20302
20305
20308
20311
20314
20317
20320
20322
20325
20328
20331
20334
20337
20340
20342
20345
20348
20351
20354
20357
20360
20362
20365
20368
20371
20374
20377
20380
20382
20385
20388
20391
20394
20397
20400
20402
20405
20408
20411
20414
20417
20420
20423
20426
20429
20432
20435
20438
20441
20444
20447
20450
20454
20457
20460
20463
20466
20469
20472
20475
20478
20481
20485
20488
20491
20494
20497
20500
20503
20506
20509
20512
20515
20519
20522
20525
20528
20531
20534
20537
20540
20543
20546
20550
20552
20555
20557
20560
20562
20565
20567
20570
20572
20575
20577
20580
20582
20585
20587
20590
20592
20595
20597
20600
20602
20605
20607
20610
20612
20615
20617
20620
20622
20625
20627
20630
20632
20635
20637
20640
20642
20645
20647
20650
20652
20655
20657
20660
20663
20666
20669
20672
20675
20678
20681
20684
20687
20690
20694
20697
20700
20703
20706
20709
20712
20715
20718
20721
20725
20728
20731
20734
20737
20740
20743
20746
20749
20752
20755
20759
20762
20765
20768
20771
20774
20777
20780
20783
20786
20790
20792
20795
20798
20800
20803
20806
20808
20811
20814
20816
20819
20822
20824
20827
20830
20832
20835
20838
20840
20843
20846
20849
20851
20854
20857
20859
20862
20865
20867
20870
20873
20875
20878
20881
20883
20886
20889
20891
20894
20897
20900
20903
20906
20909
20912
20915
20918
20921
20924
20927
20930
20933
20936
20939
20943
20946
20949
20952
20955
20958
20961
20964
20967
20970
20973
20976
20980
20983
20986
20989
20992
20995
20998
21001
21004
21007
21010
21013
21016
21020
21022
21025
21028
21030
21033
21036
21039
21041
21044
21047
21050
21052
21055
21058
21060
21063
21066
21069
21071
21074
21077
21080
21082
21085
21088
21090
21093
21096
21099
21101
21104
21107
21110
21112
21115
21118
21120
21123
21126
21129
21131
21134
21137
21140
21143
21147
21151
21155
21159
21162
21166
21170
21174
21178
21182
21185
21189
21193
21197
21201
21205
21208
21212
21216
21220
21224
21227
21231
21235
21239
21243
21247
21250
21254
21258
21262
21266
21270
21275
21280
21285
21290
21294
21300
21305
21310
21315
21320
21325
21330
21335
21340
21345
21350
21355
21360
21365
21370
21375
21380
21385
21390
21395
21400
21405
21410
21415
21420
21425
21430
21435
21440
21445
21450
21455
21460
21465
21470
21475
21480
21485
21490
21495
21500
21505
21510
21512
21514
21516
21518
21520
21522
21524
21526
21528
21530
21532
21534
21536
21539
21541
21543
21545
21547
21549
21551
21553
21555
21557
21559
21561
21563
21566
21568
21570
21572
21574
21576
21578
21580
21582
21584
21586
21588
21590
21593
21595
21597
21599
21601
21603
21605
21607
21609
21611
21613
21615
21617
21620
21624
21628
21632
21636
21640
21644
21648
21652
21656
21660
21664
21668
21672
21676
21680
21685
21689
21693
21697
21701
21705
21709
21713
21717
21721
21725
21729
21733
21737
21741
21745
21750
21752
21754
21756
21758
21761
21763
21765
21767
21770
21772
21774
21776
21779
21781
21783
21785
21788
21790
21792
21794
21797
21799
21801
21803
21806
21808
21810
21812
21815
21817
21819
21821
21824
21826
21828
21830
21833
21835
21837
21839
21842
21844
21846
21848
21851
21853
21855
21857
21860
21863
21866
21870
21873
21876
21880
21883
21886
21890
21893
21896
21900
21903
21906
21910
21913
21916
21920
21923
21926
21930
21933
21936
21940
21943
21946
21950
21953
21956
21960
21963
21966
21970
21973
21976
21980
21986
21992
21998
22005
22011
22017
22023
22030
22036
22042
22048
22055
22061
22067
22073
22080
22086
22092
22098
22105
22111
22117
22123
22130
22136
22142
22148
22155
22161
22167
22173
22180
22186
22192
22198
22205
22211
22217
22223
22230
22232
22234
22236
22239
22241
22243
22245
22248
22250
22252
22254
22257
22259
22261
22263
22266
22268
22270
22273
22275
22277
22279
22282
22284
22286
22288
22291
22293
22295
22297
22300
22302
22304
22306
22309
22311
22313
22316
22318
22320
22322
22325
22327
22329
22331
22334
22336
22338
22340
22343
22345
22347
22350
22353
22357
22361
22364
22368
22372
22375
22379
22383
22386
22390
22394
22397
22401
22405
22408
22412
22416
22419
22423
22427
22430
22434
22438
22441
22445
22449
22452
22456
22460
22462
22465
22468
22471
22473
22476
22479
22482
22484
22487
22490
22493
22495
22498
22501
22504
22507
22509
22512
22515
22518
22520
22523
22526
22529
22531
22534
22537
22540
22542
22545
22548
22551
22554
22556
22559
22562
22565
22567
22570
22573
22576
22578
22581
22584
22587
22590
22593
22596
22599
22602
22606
22609
22612
22615
22619
22622
22625
22628
22632
22635
22638
22641
22645
22648
22651
22654
22658
22661
22664
22667
22671
22674
22677
22680
22684
22687
22690
22693
22697
22700
22703
22706
22710
22712
22715
22718
22721
22723
22726
22729
22732
22735
22737
22740
22743
22746
22749
22751
22754
22757
22760
22763
22765
22768
22771
22774
22776
22779
22782
22785
22788
22790
22793
22796
22799
22802
22804
22807
22810
22813
22816
22818
22821
22824
22827
22830
22836
22843
22850
22857
22864
22871
22878
22884
22891
22898
22905
22912
22919
22926
22932
22939
22946
22953
22960
22967
22974
22980
22987
22994
23001
23008
23015
23022
23028
23035
23042
23049
23056
23063
23070
23072
23074
23076
23078
23080
23082
23084
23087
23089
23091
23093
23095
23097
23099
23101
23104
23106
23108
23110
23112
23114
23116
23118
23121
23123
23125
23127
23129
23131
23133
23135
23138
23140
23142
23144
23146
23148
23150
23152
23155
23157
23159
23161
23163
23165
23167
23170
23173
23177
23181
23185
23189
23193
23197
23201
23205
23209
23213
23217
23221
23225
23229
23233
23236
23240
23244
23248
23252
23256
23260
23264
23268
23272
23276
23280
23284
23288
23292
23296
23300
23302
23304
23306
23308
23310
23313
23315
23317
23319
23321
23323
23326
23328
23330
23332
23334
23336
23339
23341
23343
23345
23347
23350
23352
23354
23356
23358
23360
23363
23365
23367
23369
23371
23373
23376
23378
23380
23382
23384
23386
23389
23391
23393
23395
23397
23400
23421
23442
23464
23485
23507
23528
23550
23554
23559
23564
23569
23574
23579
23584
23589
23594
23599
23603
23608
23613
23618
23623
23628
23633
23638
23643
23648
23653
23657
23662
23667
23672
23677
23682
23687
23692
23697
23702
23706
23711
23716
23721
23726
23731
23736
23741
23746
23751
23756
23760
23765
23770
23775
23780
23785
23790
23795
23800
23805
23810
23812
23814
23816
23818
23820
23822
23824
23826
23828
23830
23832
23834
23836
23839
23841
23843
23845
23847
23849
23851
23853
23855
23857
23859
23861
23863
23866
23868
23870
23872
23874
23876
23878
23880
23882
23884
23886
23888
23890
23893
23895
23897
23899
23901
23903
23905
23907
23909
23911
23913
23915
23917
23920
23924
23928
23933
23937
23942
23946
23951
23955
23960
23964
23969
23973
23978
23982
23987
23991
23996
24000
24005
24009
24014
24018
24023
24027
24032
24036
24041
24045
24050
24052
24054
24056
24058
24060
24062
24064
24066
24068
24070
24072
24074
24076
24078
24080
24082
24084
24086
24088
24090
24092
24094
24096
24098
24100
24102
24105
24107
24109
24111
24113
24115
24117
24119
24121
24123
24125
24127
24129
24131
24133
24135
24137
24139
24141
24143
24145
24147
24149
24151
24153
24155
24157
24160
24168
24176
24184
24193
24201
24209
24217
24226
24234
24242
24251
24259
24267
24275
24284
24292
24300
24308
24317
24325
24333
24342
24350
24358
24366
24375
24383
24391
24400
24402
24404
24407
24409
24412
24414
24417
24419
24422
24424
24426
24429
24431
24434
24436
24439
24441
24444
24446
24449
24451
24453
24456
24458
24461
24463
24466
24468
24471
24473
24476
24478
24480
24483
24485
24488
24490
24493
24495
24498
24500
24503
24505
24507
24510
24512
24515
24517
24520
24522
24525
24527
24530
24533
24536
24539
24542
24546
24549
24552
24555
24559
24562
24565
24568
24572
24575
24578
24581
24585
24588
24591
24594
24598
24601
24604
24607
24611
24614
24617
24620
24624
24627
24630
24633
24637
24640
24643
24646
24650
24652
24654
24656
24658
24661
24663
24665
24667
24670
24672
24674
24676
24679
24681
24683
24685
24688
24690
24692
24694
24697
24699
24701
24703
24706
24708
24710
24712
24715
24717
24719
24721
24724
24726
24728
24730
24733
24735
24737
24739
24742
24744
24746
24748
24751
24753
24755
24757
24760
24763
24767
24771
24775
24779
24782
24786
24790
24794
24798
24802
24805
24809
24813
24817
24821
24825
24828
24832
24836
24840
24844
24847
24851
24855
24859
24863
24867
24870
24874
24878
24882
24886
24890
24892
24894
24897
24899
24902
24904
24907
24909
24912
24914
24916
24919
24921
24924
24926
24929
24931
24934
24936
24938
24941
24943
24946
24948
24951
24953
24956
24958
24961
24963
24965
24968
24970
24973
24975
24978
24980
24983
24985
24987
24990
24992
24995
24997
25000
25002
25005
25007
25010
25014
25018
25022
25027
25031
25035
25040
25044
25048
25052
25057
25061
25065
25070
25074
25078
25082
25087
25091
25095
25099
25104
25108
25112
25117
25121
25125
25130
25132
25134
25136
25138
25140
25142
25145
25147
25149
25151
25153
25155
25158
25160
25162
25164
25166
25168
25170
25173
25175
25177
25179
25181
25183
25186
25188
25190
25192
25194
25196
25199
25201
25203
25205
25207
25209
25211
25214
25216
25218
25220
25222
25224
25227
25229
25231
25233
25235
25237
25240
25244
25249
25253
25258
25263
25267
25272
25277
25281
25286
25291
25295
25300
25305
25309
25314
25318
25323
25328
25332
25337
25342
25346
25351
25356
25360
25365
25370
25371
25373
25375
25377
25379
25381
25383
25385
25387
25389
25391
25393
25395
25397
25399
25401
25403
25405
25407
25409
25411
25413
25415
25417
25419
25420
25422
25424
25426
25428
25430
25432
25434
25436
25438
25440
25442
25444
25446
25448
25450
25452
25454
25456
25458
25460
25462
25464
25466
25468
25470
25478
25487
25496
25505
25514
25523
25532
25541
25550
25559
25568
25577
25586
25595
25604
25613
25622
25631
25640
25649
25658
25667
25676
25685
25694
25703
25712
25721
25730
25732
25734
25736
25738
25740
25742
25744
25746
25748
25750
25752
25754
25756
25758
25760
25762
25764
25766
25768
25770
25772
25774
25776
25778
25780
25782
25785
25787
25789
25791
25793
25795
25797
25799
25801
25803
25805
25807
25809
25811
25813
25815
25817
25819
25821
25823
25825
25827
25829
25831
25833
25835
25837
25840
25844
25848
25852
25856
25860
25864
25868
25873
25877
25881
25885
25889
25893
25897
25902
25906
25910
25914
25918
25922
25926
25931
25935
25939
25943
25947
25951
25955
25960
25962
25965
25968
25971
25973
25976
25979
25982
25984
25987
25990
25993
25995
25998
26001
26004
26007
26009
26012
26015
26018
26020
26023
26026
26029
26031
26034
26037
26040
26042
26045
26048
26051
26054
26056
26059
26062
26065
26067
26070
26073
26076
26078
26081
26084
26087
26090
26096
26103
26110
26116
26123
26130
26136
26143
26150
26156
26163
26169
26176
26183
26189
26196
26203
26210
26216
26223
26230
26236
26243
26250
26256
26263
26270
26276
26283
26290
26296
26303
26310
26316
26323
26330
26332
26334
26336
26338
26340
26342
26344
26346
26348
26350
26352
26354
26356
26358
26360
26362
26364
26366
26368
26370
26372
26374
26376
26378
26380
26382
26384
26387
26389
26391
26393
26395
26397
26399
26401
26403
26405
26407
26409
26411
26413
26415
26417
26419
26421
26423
26425
26427
26429
26431
26433
26435
26437
26440
26444
26448
26452
26456
26460
26465
26469
26473
26477
26481
26486
26490
26494
26498
26502
26507
26511
26515
26519
26523
26528
26532
26536
26540
26544
26549
26553
26557
26561
26565
26570
26572
26574
26577
26579
26581
26584
26586
26588
26591
26593
26595
26598
26600
26602
26605
26607
26610
26612
26614
26617
26619
26621
26624
26626
26628
26631
26633
26635
26638
26640
26642
26645
26647
26650
26652
26654
26657
26659
26661
26664
26666
26668
26671
26673
26675
26678
26680
26682
26685
26687
26690
26693
26696
26700
26703
26707
26710
26714
26717
26720
26724
26727
26731
26734
26738
26741
26744
26748
26751
26755
26758
26762
26765
26768
26772
26775
26779
26782
26785
26789
26792
26796
26799
26803
26806
26810
26812
26814
26817
26819
26821
26824
26826
26829
26831
26833
26836
26838
26840
26843
26845
26848
26850
26852
26855
26857
26860
26862
26864
26867
26869
26871
26874
26876
26879
26881
26883
26886
26888
26890
26893
26895
26898
26900
26902
26905
26907
26910
26913
26917
26921
26924
26928
26932
26935
26939
26943
26946
26950
26954
26957
26961
26965
26968
26972
26976
26980
26983
26987
26991
26994
26998
27002
27005
27009
27013
27016
27020
27024
27027
27031
27035
27038
27042
27046
27050
27052
27054
27056
27058
27061
27063
27065
27067
27070
27072
27074
27076
27078
27081
27083
27085
27087
27090
27092
27094
27096
27098
27101
27103
27105
27107
27110
27112
27114
27116
27118
27121
27123
27125
27127
27130
27132
27134
27136
27138
27141
27143
27145
27147
27150
27157
27165
27172
27180
27188
27195
27203
27211
27218
27226
27234
27241
27249
27257
27264
27272
27280
27287
27295
27302
27310
27318
27325
27333
27341
27348
27356
27364
27371
27379
27387
27394
27402
27410
27412
27414
27416
27418
27420
27422
27424
27426
27428
27430
27432
27434
27436
27438
27440
27442
27444
27446
27448
27450
27452
27454
27456
27458
27460
27462
27465
27467
27469
27471
27473
27475
27477
27479
27481
27483
27485
27487
27489
27491
27493
27495
27497
27499
27501
27503
27505
27507
27509
27511
27513
27515
27517
27520
27524
27528
27532
27536
27540
27544
27548
27553
27557
27561
27565
27569
27573
27577
27582
27586
27590
27594
27598
27602
27606
27611
27615
27619
27623
27627
27631
27635
27640
27642
27645
27647
27650
27652
27655
27657
27660
27662
27665
27667
27670
27672
27675
27677
27680
27682
27685
27687
27690
27692
27695
27697
27700
27702
27705
27707
27710
27712
27715
27717
27720
27722
27725
27727
27730
27732
27735
27737
27740
27742
27745
27747
27750
27752
27755
27758
27761
27763
27766
27769
27772
27774
27777
27780
27783
27785
27788
27791
27794
27796
27799
27802
27805
27807
27810
27813
27816
27818
27821
27824
27827
27829
27832
27835
27838
27840
27843
27846
27849
27851
27854
27857
27860
27945
28030
28032
28034
28036
28038
28040
28042
28044
28046
28048
28050
28052
28054
28056
28058
28060
28062
28064
28066
28068
28070
28072
28074
28076
28078
28080
28082
28084
28086
28088
28090
28092
28094
28096
28098
28100
28102
28104
28105
28108
28110
28112
28114
28116
28118
28120
28122
28124
28125
28128
28130
28134
28138
28142
28146
28150
28154
28158
28162
28166
28170
28174
28178
28182
28186
28190
28195
28199
28203
28207
28211
28215
28219
28223
28227
28231
28235
28239
28243
28247
28251
28255
28260
28262
28264
28266
28269
28271
28273
28276
28278
28280
28282
28285
28287
28289
28292
28294
28296
28298
28301
28303
28305
28308
28310
28312
28315
28317
28319
28321
28324
28326
28328
28331
28333
28335
28337
28340
28342
28344
28347
28349
28351
28353
28356
28358
28360
28363
28365
28367
28370
28373
28377
28381
28385
28389
28393
28397
28401
28405
28409
28413
28417
28421
28425
28429
28433
28436
28440
28444
28448
28452
28456
28460
28464
28468
28472
28476
28480
28484
28488
28492
28496
28500
28502
28505
28508
28511
28514
28516
28519
28522
28525
28528
28531
28533
28536
28539
28542
28545
28547
28550
28553
28556
28559
28562
28564
28567
28570
28573
28576
28578
28581
28584
28587
28590
28593
28595
28598
28601
28604
28607
28610
28613
28617
28621
28625
28628
28632
28636
28640
28644
28647
28651
28655
28659
28662
28666
28670
28674
28678
28681
28685
28689
28693
28697
28700
28704
28708
28712
28715
28719
28723
28727
28731
28734
28738
28742
28746
28750
28752
28755
28758
28761
28764
28766
28769
28772
28775
28778
28781
28783
28786
28789
28792
28795
28797
28800
28803
28806
28809
28812
28814
28817
28820
28823
28826
28828
28831
28834
28837
28840
28843
28845
28848
28851
28854
28857
28860
28880
28900
28920
28940
28960
28980
29000
29020
29040
29060
29080
29100
29102
29104
29106
29109
29111
29113
29115
29118
29120
29122
29124
29127
29129
29131
29133
29136
29138
29140
29143
29145
29147
29149
29152
29154
29156
29158
29161
29163
29165
29167
29170
29172
29174
29176
29179
29181
29183
29186
29188
29190
29192
29195
29197
29199
29201
29204
29206
29208
29210
29213
29215
29217
29220
29223
29227
29231
29234
29238
29242
29246
29249
29253
29257
29260
29264
29268
29272
29275
29279
29283
29286
29290
29294
29298
29301
29305
29309
29312
29316
29320
29324
29327
29331
29335
29338
29342
29346
29350
29352
29355
29357
29360
29362
29365
29367
29370
29372
29375
29378
29380
29383
29385
29388
29390
29393
29395
29398
29401
29403
29406
29408
29411
29413
29416
29418
29421
29424
29426
29429
29431
29434
29436
29439
29441
29444
29447
29449
29452
29454
29457
29459
29462
29464
29467
29470
29473
29477
29480
29484
29487
29491
29494
29498
29501
29505
29509
29512
29516
29519
29523
29526
29530
29533
29537
29540
29544
29548
29551
29555
29558
29562
29565
29569
29572
29576
29580
29582
29584
29587
29590
29592
29595
29597
29599
29602
29604
29607
29610
29612
29615
29617
29619
29622
29625
29627
29630
29632
29634
29637
29640
29642
29645
29647
29650
29652
29654
29657
29660
29662
29665
29667
29669
29672
29675
29677
29680
29682
29685
29687
29689
29692
29695
29697
29700
29703
29707
29711
29715
29718
29722
29726
29730
29733
29737
29741
29745
29748
29752
29756
29759
29763
29767
29771
29775
29778
29782
29786
29790
29793
29797
29801
29805
29808
29812
29816
29820
29822
29824
29826
29828
29830
29832
29834
29836
29838
29840
29842
29844
29846
29848
29850
29852
29854
29856
29858
29860
29862
29864
29866
29868
29870
29872
29874
29876
29878
29880
29882
29884
29886
29888
29890
29892
29894
29896
29898
29900
29902
29904
29906
29908
29910
29912
29914
29916
29918
29920
