6
13
20
27
34
41
48
55
61
68
75
82
89
96
103
110
118
126
135
143
152
160
169
177
186
194
203
211
220
227
234
242
249
256
264
271
278
286
293
300
308
315
322
330
337
345
353
360
368
376
383
391
399
406
414
422
430
445
461
477
492
508
524
540
550
560
570
580
590
600
610
620
630
640
649
658
667
676
685
695
704
713
722
731
740
750
759
768
777
786
795
804
814
823
832
841
850
860
868
876
885
893
902
910
919
927
936
944
953
961
970
976
982
989
995
1002
1008
1015
1021
1028
1034
1041
1047
1054
1060
1067
1073
1080
1086
1093
1100
1106
1113
1120
1126
1133
1140
1146
1153
1160
1166
1173
1180
1186
1192
1199
1205
1212
1218
1225
1231
1238
1244
1251
1257
1264
1270
1277
1283
1290
1302
1315
1327
1339
1352
1365
1377
1390
1407
1425
1443
1461
1478
1496
1514
1532
1550
1558
1566
1575
1583
1591
1600
1608
1616
1625
1633
1641
1650
1664
1678
1693
1707
1722
1736
1751
1765
1780
1788
1796
1805
1813
1821
1830
1838
1846
1855
1863
1871
1880
1890
1901
1912
1923
1934
1945
1956
1967
1978
1989
2000
2009
2018
2027
2036
2045
2054
2064
2073
2082
2091
2100
2110
2128
2146
2165
2183
2201
2220
2231
2242
2253
2264
2275
2286
2297
2308
2319
2330
2337
2344
2351
2358
2365
2372
2380
2387
2394
2401
2408
2415
2422
2430
2441
2452
2463
2474
2485
2496
2507
2518
2529
2540
2548
2557
2566
2574
2583
2592
2600
2609
2618
2626
2635
2644
2652
2661
2670
2678
2686
2694
2702
2710
2718
2726
2734
2742
2750
2758
2766
2774
2782
2790
2806
2823
2840
2856
2873
2890
2917
2945
2972
3000
3018
3037
3055
3074
3092
3111
3130
3157
3185
3212
3240
3251
3262
3273
3284
3295
3306
3317
3328
3339
3350
3357
3365
3373
3380
3388
3396
3403
3411
3419
3426
3434
3442
3450
3458
3467
3475
3484
3492
3501
3510
3518
3527
3535
3544
3552
3561
3570
3580
3590
3599
3610
3620
3630
3639
3650
3660
3670
3677
3685
3693
3701
3709
3717
3725
3732
3740
3748
3756
3764
3772
3780
3786
3793
3800
3806
3813
3820
3826
3833
3840
3846
3853
3860
3866
3873
3880
3893
3907
3921
3935
3948
3962
3976
3990
3995
4000
4005
4010
4016
4021
4026
4031
4037
4042
4047
4052
4058
4063
4068
4073
4079
4084
4089
4094
4100
4106
4112
4118
4125
4131
4137
4143
4150
4156
4162
4168
4175
4181
4187
4193
4200
4206
4212
4218
4224
4230
4236
4242
4248
4255
4261
4267
4273
4279
4285
4291
4297
4303
4310
4316
4323
4330
4336
4343
4350
4356
4363
4370
4376
4383
4390
4396
4403
4410
4415
4420
4425
4430
4435
4440
4445
4450
4455
4460
4465
4470
4475
4479
4484
4489
4495
4500
4505
4510
4515
4520
4525
4531
4536
4542
4547
4553
4558
4564
4570
4575
4581
4586
4592
4597
4603
4608
4614
4620
4627
4634
4641
4648
4655
4662
4669
4676
4683
4690
4697
4704
4711
4718
4725
4732
4740
4746
4753
4760
4767
4774
4781
4788
4795
4801
4808
4815
4822
4829
4836
4843
4850
4854
4859
4864
4870
4875
4880
4885
4890
4895
4900
4905
4910
4915
4920
4925
4930
4935
4940
4945
4950
4954
4958
4962
4967
4971
4975
4980
4984
4988
4992
4997
5001
5005
5010
5014
5018
5022
5027
5031
5035
5040
5044
5048
5052
5057
5061
5065
5070
5075
5080
5085
5090
5095
5100
5105
5110
5115
5120
5125
5130
5135
5140
5145
5150
5155
5160
5165
5170
5176
5182
5189
5195
5202
5208
5215
5221
5228
5234
5241
5247
5254
5260
5267
5273
5280
5286
5293
5300
5306
5313
5320
5326
5333
5340
5346
5353
5360
5366
5373
5380
5383
5387
5391
5394
5398
5402
5405
5409
5413
5416
5420
5424
5427
5431
5435
5438
5442
5446
5449
5453
5457
5460
5464
5468
5471
5475
5479
5482
5486
5490
5494
5499
5503
5508
5512
5517
5522
5526
5531
5535
5540
5545
5549
5554
5558
5563
5567
5572
5577
5581
5586
5590
5595
5600
5609
5618
5627
5636
5645
5654
5663
5672
5681
5690
5700
5720
5740
5760
5780
5800
5820
5827
5835
5843
5850
5858
5866
5873
5881
5889
5896
5904
5912
5920
5925
5931
5937
5943
5948
5954
5960
5966
5972
5977
5983
5989
5995
6001
6006
6012
6018
6024
6030
6036
6043
6050
6056
6063
6070
6076
6083
6090
6096
6103
6110
6116
6123
6130
6136
6142
6149
6155
6162
6168
6175
6181
6188
6194
6201
6207
6214
6220
6227
6233
6240
6245
6250
6255
6260
6265
6270
6275
6280
6285
6290
6295
6300
6305
6310
6314
6319
6325
6330
6335
6340
6345
6350
6357
6365
6373
6380
6388
6396
6403
6411
6419
6426
6434
6442
6450
6454
6458
6463
6467
6472
6476
6480
6485
6489
6494
6498
6502
6507
6511
6516
6520
6524
6529
6533
6537
6542
6546
6551
6555
6560
6564
6569
6574
6579
6583
6588
6593
6598
6602
6607
6612
6617
6621
6626
6631
6636
6640
6645
6650
6655
6660
6662
6665
6667
6670
6673
6675
6678
6680
6683
6686
6688
6691
6694
6696
6699
6701
6704
6707
6709
6712
6715
6717
6720
6722
6725
6728
6730
6733
6735
6738
6741
6743
6746
6749
6751
6754
6756
6759
6762
6764
6767
6770
6773
6776
6779
6782
6786
6789
6792
6795
6799
6802
6805
6808
6811
6815
6818
6821
6824
6828
6831
6834
6837
6840
6844
6847
6850
6853
6857
6860
6863
6866
6870
6872
6875
6878
6881
6884
6887
6890
6893
6896
6898
6901
6904
6907
6910
6913
6916
6919
6922
6925
6927
6930
6933
6936
6939
6942
6945
6948
6951
6953
6956
6959
6962
6965
6968
6971
6974
6977
6980
6982
6985
6988
6991
6994
6997
7000
7003
7006
7009
7012
7015
7018
7021
7024
7027
7030
7033
7036
7039
7042
7045
7048
7051
7054
7057
7060
7063
7066
7069
7072
7075
7078
7081
7084
7087
7090
7092
7094
7096
7099
7101
7103
7106
7108
7110
7113
7115
7117
7120
7122
7124
7127
7129
7131
7134
7136
7138
7141
7143
7145
7148
7150
7152
7155
7157
7159
7162
7164
7166
7169
7171
7173
7176
7178
7180
7183
7185
7187
7190
7192
7195
7197
7200
7202
7205
7207
7210
7212
7215
7217
7220
7222
7225
7227
7230
7232
7235
7237
7240
7242
7245
7247
7250
7252
7255
7257
7260
7262
7265
7267
7270
7272
7275
7277
7280
7282
7285
7287
7290
7292
7295
7297
7300
7303
7306
7310
7313
7317
7320
7324
7327
7331
7334
7337
7341
7344
7348
7351
7355
7358
7362
7365
7368
7372
7375
7379
7382
7386
7389
7393
7396
7400
7402
7404
7406
7408
7411
7413
7415
7417
7420
7422
7424
7426
7429
7431
7433
7435
7438
7440
7442
7444
7447
7449
7451
7453
7456
7458
7460
7462
7465
7467
7469
7471
7474
7476
7478
7480
7483
7485
7487
7489
7492
7494
7496
7498
7501
7503
7505
7507
7510
7512
7515
7518
7521
7524
7527
7530
7533
7536
7539
7542
7545
7548
7551
7554
7557
7560
7562
7565
7568
7571
7574
7577
7580
7583
7586
7589
7592
7595
7598
7601
7604
7607
7610
7612
7614
7616
7618
7621
7623
7625
7627
7629
7632
7634
7636
7638
7640
7643
7645
7647
7649
7651
7654
7656
7658
7660
7662
7665
7667
7669
7671
7673
7676
7678
7680
7682
7684
7687
7689
7691
7693
7695
7697
7700
7702
7704
7706
7709
7711
7713
7715
7717
7720
7722
7725
7728
7730
7733
7736
7738
7741
7744
7746
7749
7752
7754
7757
7760
7762
7765
7768
7770
7773
7776
7779
7781
7784
7787
7789
7792
7795
7797
7800
7803
7805
7808
7811
7813
7816
7819
7821
7824
7827
7830
7832
7835
7838
7841
7844
7847
7850
7853
7856
7859
7862
7865
7868
7871
7874
7877
7880
7882
7885
7888
7891
7894
7897
7900
7903
7906
7909
7912
7915
7918
7921
7924
7927
7930
7933
7936
7939
7942
7945
7948
7951
7954
7957
7960
7963
7966
7969
7972
7975
7978
7981
7984
7988
7991
7994
7997
8000
8003
8006
8009
8012
8015
8018
8021
8024
8027
8030
8033
8036
8039
8042
8045
8048
8050
8053
8056
8058
8061
8064
8067
8069
8072
8075
8077
8080
8083
8085
8088
8091
8094
8096
8099
8102
8104
8107
8110
8112
8115
8118
8121
8123
8126
8129
8131
8134
8137
8140
8142
8145
8148
8151
8154
8157
8160
8163
8166
8169
8172
8175
8178
8181
8184
8187
8190
8193
8196
8199
8202
8205
8208
8211
8214
8217
8220
8223
8226
8229
8232
8235
8238
8241
8244
8247
8250
8253
8256
8259
8262
8265
8268
8271
8274
8277
8280
8283
8286
8289
8292
8295
8298
8301
8305
8308
8311
8314
8317
8320
8323
8326
8329
8332
8335
8338
8341
8344
8347
8350
8353
8356
8360
8364
8368
8372
8376
8381
8385
8389
8393
8398
8402
8406
8410
8415
8419
8423
8427
8431
8436
8440
8444
8448
8453
8457
8461
8465
8470
8475
8480
8485
8490
8496
8501
8506
8511
8517
8522
8527
8532
8538
8543
8548
8553
8559
8564
8569
8574
8580
8581
8583
8585
8587
8588
8590
8592
8594
8595
8597
8599
8601
8602
8604
8606
8608
8609
8611
8613
8615
8616
8618
8620
8622
8623
8625
8627
8629
8630
8632
8634
8636
8637
8639
8641
8643
8644
8646
8648
8650
8651
8653
8655
8657
8658
8660
8662
8664
8665
8667
8669
8671
8672
8674
8676
8678
8680
8683
8686
8689
8692
8696
8699
8702
8705
8709
8712
8715
8718
8722
8725
8728
8731
8735
8738
8741
8744
8747
8751
8754
8757
8760
8764
8767
8770
8773
8777
8780
8783
8786
8790
8794
8798
8802
8806
8810
8815
8819
8823
8827
8831
8835
8840
8844
8848
8852
8856
8860
8865
8869
8873
8877
8881
8885
8890
8895
8900
8905
8910
8915
8920
8925
8930
8935
8940
8945
8950
8955
8960
8965
8970
8975
8980
8985
8990
8995
9000
9004
9008
9013
9017
9022
9026
9030
9035
9039
9044
9048
9052
9057
9061
9065
9070
9074
9079
9083
9088
9092
9096
9101
9105
9110
9113
9117
9120
9124
9128
9131
9135
9139
9142
9146
9150
9153
9157
9160
9164
9168
9171
9175
9179
9182
9186
9190
9193
9197
9200
9204
9208
9211
9215
9219
9222
9226
9230
9231
9233
9235
9237
9239
9241
9243
9245
9247
9249
9251
9253
9255
9257
9259
9261
9263
9265
9267
9269
9271
9273
9275
9277
9279
9281
9283
9285
9286
9288
9290
9292
9294
9296
9298
9300
9302
9304
9306
9308
9310
9312
9314
9316
9318
9320
9322
9324
9326
9328
9330
9332
9334
9336
9338
9340
9341
9343
9345
9347
9349
9350
9352
9354
9356
9358
9360
9361
9363
9365
9367
9369
9370
9372
9374
9376
9378
9379
9381
9383
9385
9387
9389
9390
9392
9394
9396
9398
9400
9401
9403
9405
9407
9409
9410
9412
9414
9416
9418
9420
9421
9423
9425
9427
9429
9430
9432
9434
9436
9438
9440
9442
9444
9446
9448
9450
9452
9454
9456
9459
9461
9463
9465
9467
9469
9471
9473
9475
9478
9480
9482
9484
9486
9488
9490
9492
9495
9497
9499
9501
9503
9505
9507
9509
9511
9514
9516
9518
9520
9522
9524
9526
9528
9530
9533
9535
9537
9539
9541
9543
9545
9547
9550
9553
9556
9560
9563
9567
9570
9574
9577
9581
9584
9587
9591
9594
9598
9601
9605
9608
9612
9615
9618
9622
9625
9629
9632
9636
9639
9643
9646
9650
9653
9656
9660
9663
9667
9670
9674
9677
9680
9684
9687
9691
9694
9698
9701
9705
9708
9711
9715
9718
9722
9725
9729
9732
9735
9739
9742
9746
9749
9753
9756
9760
9763
9766
9770
9773
9776
9780
9783
9786
9790
9793
9796
9799
9803
9806
9809
9813
9816
9820
9823
9826
9830
9833
9836
9840
9843
9846
9850
9853
9856
9860
9862
9865
9867
9870
9872
9875
9877
9879
9882
9885
9887
9890
9892
9895
9897
9900
9902
9905
9907
9910
9912
9915
9917
9920
9922
9925
9927
9930
9932
9935
9937
9940
9942
9945
9947
9950
9952
9955
9957
9960
9962
9965
9967
9970
9971
9973
9975
9977
9979
9981
9983
9985
9987
9989
9991
9993
9995
9997
9999
10001
10003
10005
10007
10009
10011
10013
10015
10017
10019
10021
10023
10025
10026
10028
10030
10032
10034
10036
10038
10040
10042
10044
10046
10048
10050
10052
10054
10056
10058
10060
10062
10064
10066
10068
10070
10072
10074
10076
10078
10080
10081
10083
10085
10087
10089
10091
10092
10094
10096
10098
10100
10102
10103
10105
10107
10109
10111
10113
10114
10116
10118
10120
10122
10124
10125
10127
10129
10131
10133
10135
10136
10138
10140
10142
10144
10145
10147
10149
10151
10153
10155
10157
10158
10160
10162
10164
10166
10168
10169
10171
10173
10175
10177
10179
10180
10182
10184
10186
10188
10190
10192
10194
10196
10198
10201
10203
10205
10207
10210
10212
10214
10216
10219
10221
10223
10225
10228
10230
10232
10234
10237
10239
10241
10243
10246
10248
10250
10252
10255
10257
10259
10261
10264
10266
10268
10270
10273
10275
10277
10279
10282
10284
10286
10288
10291
10293
10295
10297
10300
10302
10305
10307
10310
10312
10315
10317
10320
10323
10325
10328
10330
10333
10335
10338
10341
10343
10346
10348
10351
10353
10356
10358
10361
10364
10366
10369
10371
10374
10376
10379
10382
10384
10387
10389
10392
10394
10397
10400
10402
10404
10406
10408
10411
10413
10415
10417
10419
10422
10424
10426
10428
10430
10433
10435
10437
10439
10441
10444
10446
10448
10450
10452
10455
10457
10459
10461
10463
10466
10468
10470
10472
10474
10477
10479
10481
10483
10485
10488
10490
10492
10494
10496
10499
10501
10503
10505
10507
10510
10512
10514
10517
10519
10522
10524
10527
10529
10531
10534
10536
10539
10541
10544
10546
10549
10551
10553
10556
10558
10561
10563
10566
10568
10570
10573
10575
10578
10580
10583
10585
10588
10590
10592
10595
10597
10600
10602
10605
10607
10610
10612
10614
10616
10618
10621
10623
10625
10627
10630
10632
10634
10636
10639
10641
10643
10645
10648
10650
10652
10654
10657
10659
10661
10663
10666
10668
10670
10672
10675
10677
10679
10681
10684
10686
10688
10690
10693
10695
10697
10699
10702
10704
10706
10708
10711
10713
10715
10717
10720
10722
10724
10726
10728
10730
10732
10735
10737
10739
10741
10743
10745
10748
10750
10752
10754
10756
10758
10760
10763
10765
10767
10769
10771
10773
10776
10778
10780
10782
10784
10786
10789
10791
10793
10795
10797
10799
10801
10804
10806
10808
10810
10812
10814
10817
10819
10821
10823
10825
10827
10830
10832
10834
10837
10839
10841
10844
10846
10849
10851
10853
10856
10858
10860
10863
10865
10868
10870
10872
10875
10877
10879
10882
10884
10887
10889
10891
10894
10896
10899
10901
10903
10906
10908
10910
10913
10915
10918
10920
10922
10925
10927
10930
10932
10935
10938
10940
10943
10946
10948
10951
10954
10956
10959
10962
10964
10967
10970
10972
10975
10978
10980
10983
10986
10988
10991
10994
10996
10999
11002
11004
11007
11010
11012
11015
11018
11020
11023
11026
11028
11031
11034
11036
11039
11042
11044
11047
11050
11052
11055
11058
11060
11063
11066
11068
11071
11074
11077
11079
11082
11085
11087
11090
11093
11095
11098
11101
11104
11106
11109
11112
11114
11117
11120
11122
11125
11128
11131
11133
11136
11139
11141
11144
11147
11150
11152
11154
11157
11159
11161
11164
11166
11169
11171
11173
11176
11178
11181
11183
11185
11188
11190
11193
11195
11197
11200
11202
11205
11207
11209
11212
11214
11216
11219
11221
11224
11226
11228
11231
11233
11236
11238
11240
11243
11245
11248
11250
11252
11255
11257
11260
11262
11264
11267
11269
11272
11274
11277
11279
11281
11284
11286
11289
11291
11294
11296
11299
11301
11303
11306
11308
11311
11313
11316
11318
11320
11323
11325
11328
11330
11333
11335
11338
11340
11342
11345
11347
11350
11352
11355
11357
11360
11362
11364
11367
11369
11372
11374
11377
11379
11382
11384
11386
11389
11391
11394
11396
11399
11401
11404
11406
11408
11411
11413
11416
11418
11421
11423
11426
11428
11430
11433
11435
11438
11440
11443
11445
11448
11450
11452
11455
11457
11460
11462
11465
11467
11470
11474
11478
11483
11487
11492
11496
11500
11505
11509
11514
11518
11522
11527
11531
11536
11540
11544
11549
11553
11558
11562
11566
11571
11575
11580
11582
11584
11586
11589
11591
11593
11595
11598
11600
11602
11605
11607
11609
11611
11614
11616
11618
11620
11623
11625
11627
11629
11632
11634
11636
11639
11641
11643
11645
11648
11650
11652
11655
11657
11659
11661
11664
11666
11668
11670
11673
11675
11677
11680
11682
11684
11687
11689
11692
11694
11697
11699
11702
11704
11706
11709
11711
11714
11716
11719
11721
11724
11726
11728
11731
11733
11736
11738
11741
11743
11745
11748
11750
11753
11755
11758
11760
11763
11765
11767
11770
11772
11775
11777
11780
11782
11785
11787
11790
11792
11794
11796
11798
11800
11802
11804
11807
11809
11811
11813
11815
11817
11819
11821
11824
11826
11828
11830
11832
11834
11836
11838
11841
11843
11845
11847
11849
11851
11853
11855
11858
11860
11862
11864
11866
11868
11870
11872
11875
11877
11879
11881
11883
11885
11887
11890
11892
11894
11896
11898
11901
11903
11905
11907
11910
11912
11914
11916
11919
11921
11923
11925
11928
11930
11932
11934
11937
11939
11941
11943
11946
11948
11950
11952
11955
11957
11959
11961
11964
11966
11968
11970
11973
11975
11977
11979
11982
11984
11986
11988
11991
11993
11995
11997
12000
12002
12004
12006
12008
12010
12012
12014
12016
12019
12021
12023
12025
12027
12029
12031
12033
12035
12038
12040
12042
12044
12046
12048
12050
12052
12055
12057
12059
12061
12063
12065
12067
12069
12071
12074
12076
12078
12080
12082
12084
12086
12088
12090
12093
12095
12097
12099
12101
12103
12105
12107
12110
12113
12116
12119
12122
12125
12128
12132
12135
12138
12141
12144
12147
12150
12154
12157
12160
12163
12166
12169
12172
12176
12179
12182
12185
12188
12191
12194
12198
12201
12204
12207
12210
12213
12216
12220
12224
12228
12232
12236
12240
12244
12248
12252
12256
12260
12264
12268
12272
12277
12281
12285
12289
12293
12297
12301
12305
12309
12313
12317
12321
12325
12330
12336
12342
12348
12355
12361
12367
12373
12379
12386
12392
12398
12405
12411
12417
12423
12430
12435
12440
12446
12452
12457
12463
12468
12474
12479
12485
12490
12495
12501
12507
12512
12517
12523
12529
12534
12540
12543
12546
12550
12553
12557
12560
12564
12567
12571
12574
12577
12581
12584
12588
12591
12595
12598
12602
12605
12608
12612
12615
12619
12622
12626
12629
12633
12636
12640
12643
12646
12649
12652
12655
12658
12661
12664
12667
12670
12673
12676
12679
12682
12685
12688
12691
12695
12698
12701
12704
12707
12710
12713
12716
12719
12722
12725
12728
12731
12734
12737
12740
12743
12746
12750
12753
12757
12761
12764
12768
12772
12775
12779
12783
12786
12790
12794
12797
12801
12805
12808
12812
12815
12819
12823
12827
12830
12834
12838
12841
12845
12849
12852
12856
12860
12865
12870
12876
12881
12887
12892
12898
12903
12909
12914
12920
12925
12930
12936
12941
12947
12952
12958
12963
12969
12974
12980
12984
12989
12994
12999
13003
13008
13013
13018
13023
13027
13032
13037
13042
13046
13051
13056
13061
13066
13070
13075
13080
13085
13090
13095
13100
13105
13111
13116
13121
13126
13132
13137
13142
13147
13153
13158
13163
13168
13174
13179
13184
13190
13194
13198
13203
13207
13212
13216
13220
13225
13229
13234
13238
13242
13247
13251
13256
13260
13264
13269
13273
13278
13282
13286
13291
13295
13300
13307
13315
13323
13331
13339
13347
13355
13362
13370
13378
13386
13394
13402
13410
13413
13416
13420
13423
13426
13430
13433
13436
13440
13443
13446
13450
13453
13456
13459
13463
13466
13470
13473
13476
13480
13483
13486
13490
13493
13496
13500
13503
13506
13510
13513
13516
13520
13523
13526
13529
13532
13535
13538
13541
13545
13548
13551
13554
13557
13560
13563
13566
13570
13573
13576
13579
13582
13585
13588
13591
13594
13598
13601
13604
13607
13610
13613
13616
13620
13622
13625
13627
13629
13632
13635
13637
13639
13642
13645
13647
13650
13652
13655
13657
13660
13662
13665
13667
13670
13672
13675
13677
13680
13682
13685
13687
13690
13692
13695
13697
13700
13702
13705
13707
13710
13712
13715
13717
13720
13722
13725
13727
13730
13733
13737
13741
13744
13748
13752
13755
13759
13763
13766
13770
13774
13777
13781
13785
13788
13792
13796
13799
13803
13807
13810
13814
13818
13821
13825
13829
13832
13836
13840
13843
13846
13849
13852
13855
13858
13861
13864
13867
13870
13873
13876
13879
13882
13885
13888
13891
13894
13897
13900
13903
13906
13909
13912
13915
13918
13921
13924
13927
13930
13933
13936
13940
13942
13945
13947
13950
13952
13955
13957
13960
13963
13965
13968
13970
13973
13975
13978
13980
13983
13986
13988
13991
13993
13996
13998
14001
14003
14006
14009
14011
14014
14016
14019
14021
14024
14026
14029
14032
14034
14037
14039
14042
14044
14047
14050
14052
14054
14056
14058
14061
14063
14065
14067
14070
14072
14074
14076
14078
14081
14083
14085
14087
14090
14092
14094
14096
14098
14101
14103
14105
14107
14110
14112
14114
14116
14118
14121
14123
14125
14127
14130
14132
14134
14136
14138
14141
14143
14145
14147
14150
14152
14154
14156
14158
14161
14163
14165
14167
14169
14172
14174
14176
14178
14180
14183
14185
14187
14189
14191
14194
14196
14198
14200
14202
14205
14207
14209
14211
14213
14216
14218
14220
14222
14224
14227
14229
14231
14233
14235
14238
14240
14242
14244
14246
14249
14251
14253
14255
14257
14260
14262
14264
14266
14268
14270
14273
14275
14277
14279
14281
14283
14286
14288
14290
14292
14294
14296
14299
14301
14303
14305
14307
14309
14312
14314
14316
14318
14320
14323
14325
14327
14329
14331
14333
14336
14338
14340
14342
14344
14346
14349
14351
14353
14355
14357
14360
14362
14364
14366
14368
14370
14372
14375
14377
14379
14381
14383
14385
14388
14390
14392
14394
14396
14398
14400
14403
14405
14407
14409
14411
14413
14416
14418
14420
14422
14424
14426
14429
14431
14433
14435
14437
14439
14441
14444
14446
14448
14450
14452
14454
14457
14459
14461
14463
14465
14467
14470
14472
14474
14476
14478
14481
14483
14485
14487
14489
14492
14494
14496
14498
14500
14503
14505
14507
14509
14511
14514
14516
14518
14520
14522
14525
14527
14529
14531
14533
14536
14538
14540
14542
14544
14547
14549
14551
14553
14555
14558
14560
14562
14564
14566
14569
14571
14573
14575
14577
14580
14581
14583
14585
14586
14588
14590
14592
14593
14595
14597
14598
14600
14602
14604
14605
14607
14609
14611
14612
14614
14616
14617
14619
14621
14623
14624
14626
14628
14629
14631
14633
14635
14636
14638
14640
14642
14643
14645
14647
14648
14650
14652
14654
14655
14657
14659
14661
14662
14664
14666
14667
14669
14671
14673
14674
14676
14678
14680
14682
14684
14686
14689
14691
14693
14696
14698
14700
14702
14705
14707
14709
14712
14714
14716
14718
14721
14723
14725
14728
14730
14732
14735
14737
14739
14741
14744
14746
14748
14751
14753
14755
14757
14760
14762
14764
14767
14769
14771
14773
14776
14778
14780
14783
14785
14787
14790
14792
14795
14798
14801
14804
14807
14809
14812
14815
14818
14821
14824
14827
14830
14832
14835
14838
14841
14844
14847
14850
14852
14855
14858
14861
14864
14867
14870
14872
14875
14878
14881
14884
14887
14890
14892
14894
14896
14899
14901
14903
14906
14908
14910
14912
14915
14917
14919
14922
14924
14926
14928
14931
14933
14935
14938
14940
14942
14945
14947
14949
14951
14954
14956
14958
14961
14963
14965
14967
14970
14972
14974
14977
14979
14981
14983
14986
14988
14990
14993
14995
14997
15000
15003
15007
15011
15015
15018
15022
15026
15030
15034
15037
15041
15045
15049
15053
15056
15060
15064
15068
15072
15075
15079
15083
15087
15091
15094
15098
15102
15106
15110
15112
15114
15116
15118
15120
15122
15124
15126
15129
15131
15133
15135
15137
15139
15141
15143
15145
15148
15150
15152
15154
15156
15158
15160
15162
15165
15167
15169
15171
15173
15175
15177
15179
15181
15184
15186
15188
15190
15192
15194
15196
15198
15200
15203
15205
15207
15209
15211
15213
15215
15217
15220
15221
15223
15225
15226
15228
15230
15232
15233
15235
15237
15239
15240
15242
15244
15246
15247
15249
15251
15253
15254
15256
15258
15260
15261
15263
15265
15267
15268
15270
15272
15274
15275
15277
15279
15281
15282
15284
15286
15288
15289
15291
15293
15295
15296
15298
15300
15302
15303
15305
15307
15309
15310
15312
15314
15316
15317
15319
15321
15323
15324
15326
15328
15330
15331
15333
15335
15337
15339
15341
15343
15345
15346
15348
15350
15352
15354
15356
15358
15360
15362
15363
15365
15367
15369
15371
15373
15375
15377
15379
15380
15382
15384
15386
15388
15390
15392
15394
15396
15397
15399
15401
15403
15405
15407
15409
15411
15413
15414
15416
15418
15420
15422
15424
15426
15428
15430
15432
15435
15437
15440
15442
15445
15447
15450
15452
15455
15457
15459
15462
15465
15467
15469
15472
15475
15477
15479
15482
15485
15487
15490
15492
15495
15497
15500
15502
15504
15507
15510
15512
15514
15517
15520
15522
15524
15527
15530
15532
15534
15537
15540
15542
15544
15546
15548
15550
15552
15554
15557
15559
15561
15563
15565
15567
15569
15571
15574
15576
15578
15580
15582
15584
15586
15588
15591
15593
15595
15597
15599
15601
15603
15605
15608
15610
15612
15614
15616
15618
15620
15622
15625
15627
15629
15631
15633
15635
15637
15640
15643
15646
15649
15652
15655
15658
15661
15664
15667
15670
15673
15676
15679
15682
15685
15688
15691
15695
15698
15701
15704
15707
15710
15713
15716
15719
15722
15725
15728
15731
15734
15737
15740
15743
15746
15750
15754
15759
15764
15769
15774
15778
15783
15788
15793
15798
15802
15807
15812
15817
15822
15826
15831
15836
15841
15846
15850
15855
15860
15865
15870
15873
15877
15881
15885
15888
15892
15896
15900
15904
15907
15911
15915
15919
15923
15926
15930
15934
15938
15942
15945
15949
15953
15957
15961
15964
15968
15972
15976
15980
15982
15985
15988
15991
15994
15997
16000
16003
16006
16009
16012
16015
16018
16021
16024
16027
16030
16033
16036
16039
16042
16045
16048
16051
16054
16057
16060
16063
16066
16069
16072
16075
16078
16081
16084
16087
16090
16093
16097
16101
16105
16109
16113
16116
16120
16124
16128
16132
16136
16140
16143
16147
16151
16155
16159
16163
16166
16170
16174
16178
16182
16186
16190
16194
16199
16203
16208
16212
16217
16222
16226
16231
16235
16240
16245
16249
16254
16258
16263
16267
16272
16277
16281
16286
16290
16295
16300
16302
16304
16306
16308
16310
16312
16314
16316
16318
16320
16322
16324
16326
16328
16330
16332
16334
16336
16338
16340
16342
16344
16346
16348
16351
16353
16355
16357
16359
16361
16363
16365
16367
16369
16371
16373
16375
16377
16379
16381
16383
16385
16387
16389
16391
16393
16395
16397
16400
16402
16404
16406
16408
16410
16412
16414
16416
16418
16420
16422
16424
16426
16428
16430
16432
16434
16436
16438
16440
16442
16444
16446
16448
16450
16452
16455
16457
16459
16461
16463
16465
16467
16469
16471
16473
16475
16477
16479
16481
16483
16485
16487
16489
16491
16493
16495
16497
16499
16501
16503
16505
16507
16510
16512
16515
16518
16521
16524
16527
16530
16533
16536
16539
16542
16545
16548
16551
16554
16557
16560
16562
16565
16568
16571
16574
16577
16580
16583
16586
16589
16592
16595
16598
16601
16604
16607
16610
16612
16614
16616
16618
16620
16622
16624
16626
16628
16630
16632
16634
16636
16639
16641
16643
16645
16647
16649
16651
16653
16655
16657
16659
16661
16663
16666
16668
16670
16672
16674
16676
16678
16680
16682
16684
16686
16688
16690
16693
16695
16697
16699
16701
16703
16705
16707
16709
16711
16713
16715
16717
16720
16721
16723
16725
16727
16728
16730
16732
16734
16735
16737
16739
16741
16743
16744
16746
16748
16750
16751
16753
16755
16757
16759
16760
16762
16764
16766
16767
16769
16771
16773
16775
16776
16778
16780
16782
16783
16785
16787
16789
16790
16792
16794
16796
16798
16799
16801
16803
16805
16806
16808
16810
16812
16814
16815
16817
16819
16821
16822
16824
16826
16828
16830
16831
16833
16835
16837
16838
16840
16842
16844
16846
16847
16849
16851
16853
16854
16856
16858
16860
16862
16863
16865
16867
16869
16871
16872
16874
16876
16878
16880
16881
16883
16885
16887
16888
16890
16892
16894
16896
16897
16899
16901
16903
16905
16906
16908
16910
16912
16913
16915
16917
16919
16921
16922
16924
16926
16928
16930
16932
16934
16937
16939
16941
16944
16946
16949
16951
16953
16956
16958
16961
16963
16965
16968
16970
16973
16975
16977
16980
16982
16985
16987
16989
16992
16994
16996
16999
17001
17004
17006
17008
17011
17013
17016
17018
17020
17023
17025
17028
17030
17032
17035
17037
17040
17042
17044
17046
17048
17050
17052
17054
17057
17059
17061
17063
17065
17067
17069
17071
17074
17076
17078
17080
17082
17084
17086
17088
17091
17093
17095
17097
17099
17101
17103
17105
17108
17110
17112
17114
17116
17118
17120
17122
17125
17127
17129
17131
17133
17135
17137
17140
17142
17145
17147
17150
17153
17155
17158
17160
17163
17166
17168
17171
17174
17176
17179
17181
17184
17187
17189
17192
17195
17197
17200
17202
17205
17208
17210
17213
17215
17218
17221
17223
17226
17229
17231
17234
17236
17239
17242
17244
17247
17250
17252
17255
17258
17261
17263
17266
17269
17272
17275
17277
17280
17283
17286
17289
17291
17294
17297
17300
17303
17305
17308
17311
17314
17316
17319
17322
17325
17328
17330
17333
17336
17339
17342
17344
17347
17350
17353
17356
17358
17361
17364
17367
17370
17372
17374
17377
17379
17381
17384
17386
17388
17391
17393
17395
17398
17400
17402
17405
17407
17409
17412
17414
17416
17419
17421
17423
17426
17428
17430
17433
17435
17437
17440
17442
17444
17447
17449
17451
17454
17456
17458
17461
17463
17465
17468
17470
17472
17475
17477
17480
17483
17487
17491
17495
17498
17502
17506
17510
17514
17517
17521
17525
17529
17533
17536
17540
17544
17548
17552
17555
17559
17563
17567
17571
17574
17578
17582
17586
17590
17592
17595
17598
17600
17603
17606
17608
17611
17614
17617
17619
17622
17625
17627
17630
17633
17635
17638
17641
17644
17646
17649
17652
17654
17657
17660
17662
17665
17668
17671
17673
17676
17679
17681
17684
17687
17690
17692
17695
17697
17700
17702
17705
17707
17710
17712
17715
17717
17720
17722
17725
17727
17730
17732
17735
17737
17740
17742
17745
17747
17750
17752
17755
17757
17760
17762
17765
17767
17770
17772
17775
17777
17780
17782
17785
17787
17790
17792
17795
17797
17800
17802
17804
17807
17809
17811
17814
17816
17819
17821
17823
17826
17828
17830
17833
17835
17838
17840
17842
17845
17847
17849
17852
17854
17857
17859
17861
17864
17866
17869
17871
17873
17876
17878
17880
17883
17885
17888
17890
17892
17895
17897
17900
17902
17905
17908
17911
17914
17916
17919
17922
17925
17928
17931
17933
17936
17939
17942
17945
17947
17950
17953
17956
17959
17962
17964
17967
17970
17973
17976
17978
17981
17984
17987
17990
17993
17995
17998
18001
18004
18007
18010
18014
18018
18022
18026
18030
18034
18038
18042
18046
18050
18054
18058
18062
18067
18071
18075
18079
18083
18087
18091
18095
18099
18103
18107
18111
18115
18120
18123
18127
18131
18134
18138
18142
18145
18149
18153
18156
18160
18164
18167
18171
18175
18178
18182
18186
18189
18193
18197
18200
18204
18208
18211
18215
18219
18222
18226
18230
18234
18238
18242
18246
18251
18255
18259
18263
18268
18272
18276
18280
18285
18289
18293
18297
18301
18306
18310
18314
18318
18323
18327
18331
18335
18340
18345
18350
18355
18360
18365
18370
18375
18380
18384
18390
18395
18400
18405
18410
18415
18419
18425
18430
18435
18439
18445
18450
18453
18456
18460
18463
18467
18470
18474
18477
18480
18484
18487
18491
18494
18498
18501
18505
18508
18511
18515
18518
18522
18525
18529
18532
18535
18539
18542
18546
18549
18553
18556
18560
18562
18565
18567
18570
18573
18575
18578
18581
18583
18586
18588
18591
18594
18596
18599
18602
18604
18607
18610
18612
18615
18617
18620
18623
18625
18628
18631
18633
18636
18638
18641
18644
18646
18649
18652
18654
18657
18660
18663
18666
18669
18672
18675
18678
18682
18685
18688
18691
18694
18697
18700
18704
18707
18710
18713
18716
18719
18722
18726
18729
18732
18735
18738
18741
18744
18748
18751
18754
18757
18760
18763
18766
18770
18773
18777
18780
18784
18787
18791
18795
18798
18802
18805
18809
18812
18816
18820
18823
18827
18830
18834
18837
18841
18845
18848
18852
18855
18859
18862
18866
18870
18875
18880
18885
18890
18895
18900
18905
18910
18915
18920
18925
18930
18935
18940
18945
18950
18955
18960
18965
18970
18975
18980
18984
18988
18992
18996
19000
19004
19008
19012
19016
19020
19024
19028
19032
19037
19041
19045
19049
19053
19057
19061
19065
19069
19073
19077
19081
19085
19090
19095
19100
19105
19111
19116
19121
19126
19132
19137
19142
19147
19153
19158
19163
19168
19174
19179
19184
19190
19194
19198
19202
19206
19211
19215
19219
19223
19228
19232
19236
19240
19245
19249
19253
19257
19261
19266
19270
19274
19278
19283
19287
19291
19295
19300
19307
19314
19321
19328
19335
19342
19350
19357
19364
19371
19378
19385
19392
19400
19407
19415
19423
19431
19439
19447
19455
19462
19470
19478
19486
19494
19502
19510
19518
19526
19535
19543
19551
19560
19568
19576
19585
19593
19601
19610
19614
19619
19624
19629
19633
19638
19643
19648
19653
19657
19662
19667
19672
19676
19681
19686
19691
19696
19700
19705
19710
19715
19720
19723
19726
19730
19733
19737
19740
19744
19747
19750
19754
19757
19761
19764
19768
19771
19775
19778
19781
19785
19788
19792
19795
19799
19802
19805
19809
19812
19816
19819
19823
19826
19830
19833
19836
19840
19843
19847
19850
19854
19857
19861
19864
19867
19871
19874
19878
19881
19885
19888
19892
19895
19898
19902
19905
19909
19912
19916
19919
19923
19926
19930
19933
19937
19940
19944
19947
19951
19954
19958
19961
19965
19969
19972
19976
19979
19983
19986
19990
19993
19997
20000
20004
20008
20011
20015
20018
20022
20025
20029
20032
20036
20040
20044
20048
20052
20056
20060
20064
20068
20072
20076
20080
20084
20088
20092
20097
20101
20105
20109
20113
20117
20121
20125
20129
20133
20137
20141
20145
20150
20153
20156
20160
20163
20166
20169
20173
20176
20180
20183
20186
20190
20193
20196
20200
20203
20206
20210
20213
20216
20220
20223
20226
20230
20233
20236
20240
20243
20246
20250
20253
20256
20260
20262
20265
20268
20271
20273
20276
20279
20282
20284
20287
20290
20293
20295
20298
20301
20304
20306
20309
20312
20315
20317
20320
20323
20326
20328
20331
20334
20337
20339
20342
20345
20348
20350
20353
20356
20359
20361
20364
20367
20370
20372
20375
20378
20380
20383
20386
20388
20391
20394
20396
20399
20402
20404
20407
20410
20412
20415
20418
20420
20423
20426
20429
20431
20434
20437
20439
20442
20445
20447
20450
20453
20455
20458
20461
20463
20466
20469
20471
20474
20477
20480
20484
20488
20492
20497
20501
20505
20510
20514
20518
20522
20527
20531
20535
20540
20544
20548
20552
20557
20561
20565
20570
20574
20578
20582
20587
20591
20595
20600
20602
20605
20608
20611
20614
20617
20620
20623
20626
20629
20632
20635
20638
20641
20644
20647
20650
20652
20655
20658
20661
20664
20667
20670
20673
20676
20679
20682
20685
20688
20691
20694
20697
20700
20702
20704
20707
20709
20711
20714
20716
20719
20721
20723
20726
20728
20731
20733
20735
20738
20740
20743
20745
20747
20750
20752
20755
20757
20759
20762
20764
20766
20769
20771
20774
20776
20778
20781
20783
20786
20788
20790
20793
20795
20798
20800
20802
20805
20807
20810
20812
20814
20817
20820
20822
20825
20827
20830
20832
20835
20837
20840
20842
20845
20847
20849
20852
20855
20857
20860
20862
20865
20867
20870
20872
20875
20877
20880
20882
20884
20887
20890
20892
20895
20897
20900
20902
20905
20907
20910
20913
20916
20919
20922
20925
20928
20932
20935
20938
20941
20944
20947
20950
20954
20957
20960
20963
20966
20969
20972
20976
20979
20982
20985
20988
20991
20994
20998
21001
21004
21007
21010
21013
21016
21020
21022
21025
21028
21031
21034
21036
21039
21042
21045
21048
21051
21053
21056
21059
21062
21065
21067
21070
21073
21076
21079
21082
21084
21087
21090
21093
21096
21098
21101
21104
21107
21110
21113
21115
21118
21121
21124
21127
21130
21135
21140
21146
21151
21157
21162
21167
21173
21178
21184
21189
21195
21200
21205
21211
21216
21222
21227
21232
21238
21243
21249
21254
21260
21265
21271
21277
21283
21289
21295
21301
21307
21312
21318
21324
21330
21336
21342
21348
21354
21360
21363
21367
21371
21375
21378
21382
21386
21390
21394
21397
21401
21405
21409
21413
21416
21420
21424
21428
21432
21435
21439
21443
21447
21451
21454
21458
21462
21466
21470
21472
21475
21478
21480
21483
21486
21488
21491
21494
21496
21499
21502
21504
21507
21510
21512
21515
21518
21520
21523
21526
21529
21531
21534
21537
21539
21542
21545
21547
21550
21553
21555
21558
21561
21563
21566
21569
21571
21574
21577
21580
21583
21587
21591
21595
21599
21603
21606
21610
21614
21618
21622
21626
21630
21633
21637
21641
21645
21649
21653
21656
21660
21664
21668
21672
21676
21680
21683
21687
21691
21695
21698
21702
21706
21710
21714
21717
21721
21725
21729
21733
21736
21740
21744
21748
21752
21755
21759
21763
21767
21771
21774
21778
21782
21786
21790
21792
21795
21798
21801
21804
21807
21810
21813
21816
21819
21822
21825
21828
21831
21834
21837
21840
21842
21845
21848
21851
21854
21857
21860
21863
21866
21869
21872
21875
21878
21881
21884
21887
21890
21892
21895
21898
21901
21903
21906
21909
21912
21914
21917
21920
21923
21925
21928
21931
21934
21936
21939
21942
21945
21947
21950
21953
21956
21958
21961
21964
21967
21969
21972
21975
21978
21980
21983
21986
21989
21991
21994
21997
22000
22001
22003
22005
22007
22009
22010
22012
22014
22016
22018
22019
22021
22023
22025
22027
22028
22030
22032
22034
22036
22037
22039
22041
22043
22045
22046
22048
22050
22052
22054
22055
22057
22059
22061
22063
22064
22066
22068
22070
22072
22073
22075
22077
22079
22081
22082
22084
22086
22088
22090
22091
22093
22095
22097
22099
22100
22102
22104
22106
22108
22110
22112
22114
22116
22118
22120
22122
22124
22126
22128
22130
22132
22134
22136
22139
22141
22143
22145
22147
22149
22151
22153
22155
22157
22159
22161
22163
22166
22168
22170
22172
22174
22176
22178
22180
22182
22184
22186
22188
22190
22193
22195
22197
22199
22201
22203
22205
22207
22209
22211
22213
22215
22217
22220
22222
22225
22228
22230
22233
22236
22239
22241
22244
22247
22250
22253
22255
22258
22261
22264
22266
22269
22272
22275
22277
22280
22283
22285
22288
22291
22294
22296
22299
22302
22305
22308
22310
22313
22316
22319
22321
22324
22327
22330
22333
22336
22339
22342
22346
22349
22352
22355
22359
22362
22365
22368
22371
22375
22378
22381
22384
22388
22391
22394
22397
22400
22404
22407
22410
22413
22417
22420
22423
22426
22430
22432
22434
22436
22438
22440
22442
22444
22446
22448
22450
22452
22454
22456
22458
22460
22462
22464
22466
22468
22470
22472
22474
22476
22478
22480
22482
22485
22487
22489
22491
22493
22495
22497
22499
22501
22503
22505
22507
22509
22511
22513
22515
22517
22519
22521
22523
22525
22527
22529
22531
22533
22535
22537
22540
22541
22543
22545
22547
22549
22551
22553
22555
22556
22558
22560
22562
22564
22566
22568
22570
22572
22573
22575
22577
22579
22581
22583
22585
22587
22589
22590
22592
22594
22596
22598
22600
22602
22604
22606
22607
22609
22611
22613
22615
22617
22619
22621
22623
22624
22626
22628
22630
22632
22634
22636
22638
22640
22642
22645
22647
22650
22653
22655
22658
22660
22663
22666
22668
22671
22674
22676
22679
22681
22684
22687
22689
22692
22695
22697
22700
22702
22705
22708
22710
22713
22715
22718
22721
22723
22726
22729
22731
22734
22736
22739
22742
22744
22747
22750
22752
22754
22756
22758
22760
22762
22764
22766
22769
22771
22773
22775
22777
22779
22781
22783
22785
22788
22790
22792
22794
22796
22798
22800
22802
22805
22807
22809
22811
22813
22815
22817
22819
22821
22824
22826
22828
22830
22832
22834
22836
22838
22840
22843
22845
22847
22849
22851
22853
22855
22857
22860
22862
22864
22867
22869
22871
22874
22876
22879
22881
22883
22886
22888
22891
22893
22895
22898
22900
22903
22905
22907
22910
22912
22915
22917
22919
22922
22924
22926
22929
22931
22934
22936
22938
22941
22943
22946
22948
22950
22953
22955
22958
22960
22962
22965
22967
22970
22972
22974
22977
22979
22981
22984
22986
22988
22991
22993
22995
22998
23000
23002
23005
23007
23009
23012
23014
23016
23019
23021
23023
23026
23028
23030
23033
23035
23037
23040
23042
23044
23047
23049
23051
23054
23056
23058
23061
23063
23065
23068
23070
23072
23075
23077
23080
23081
23083
23085
23087
23089
23091
23092
23094
23096
23098
23100
23102
23104
23105
23107
23109
23111
23113
23115
23117
23118
23120
23122
23124
23126
23128
23130
23131
23133
23135
23137
23139
23141
23142
23144
23146
23148
23150
23152
23154
23155
23157
23159
23161
23163
23165
23167
23168
23170
23172
23174
23176
23178
23180
23182
23185
23187
23190
23192
23195
23197
23200
23202
23205
23207
23210
23212
23215
23217
23220
23222
23224
23227
23230
23232
23235
23237
23240
23242
23245
23247
23250
23252
23255
23257
23259
23262
23265
23267
23270
23272
23275
23277
23279
23282
23285
23287
23290
23292
23295
23297
23300
23302
23305
23307
23310
23313
23315
23318
23320
23323
23325
23328
23331
23333
23336
23338
23341
23343
23346
23348
23351
23354
23356
23359
23361
23364
23366
23369
23372
23374
23377
23379
23382
23384
23387
23390
23393
23397
23401
23405
23409
23413
23417
23421
23425
23429
23433
23437
23441
23445
23448
23452
23456
23460
23464
23468
23472
23476
23480
23484
23488
23492
23496
23500
23505
23510
23515
23520
23526
23531
23536
23541
23547
23552
23557
23562
23568
23573
23578
23583
23589
23594
23599
23604
23610
23614
23618
23622
23626
23631
23635
23639
23643
23648
23652
23656
23660
23665
23669
23673
23677
23681
23686
23690
23694
23698
23703
23707
23711
23715
23720
23723
23727
23731
23735
23739
23743
23747
23751
23755
23759
23763
23767
23771
23775
23778
23782
23786
23790
23794
23798
23802
23806
23810
23814
23818
23822
23826
23830
23834
23838
23843
23847
23851
23856
23860
23864
23869
23873
23877
23882
23886
23890
23895
23899
23903
23908
23912
23916
23921
23925
23930
23934
23939
23944
23949
23953
23958
23963
23968
23973
23977
23982
23987
23992
23996
24001
24006
24011
24016
24020
24025
24030
24035
24040
24045
24051
24056
24062
24067
24073
24078
24084
24090
24095
24101
24106
24112
24117
24123
24128
24134
24140
24144
24149
24153
24158
24162
24167
24172
24176
24181
24185
24190
24195
24199
24204
24208
24213
24217
24222
24227
24231
24236
24240
24245
24250
24253
24256
24259
24262
24265
24268
24272
24275
24278
24281
24284
24287
24290
24294
24297
24300
24303
24306
24309
24312
24316
24319
24322
24325
24328
24331
24334
24338
24341
24344
24347
24350
24353
24356
24360
24363
24366
24369
24372
24376
24379
24382
24385
24389
24392
24395
24398
24402
24405
24408
24411
24415
24418
24421
24424
24428
24431
24434
24437
24441
24444
24447
24450
24454
24457
24460
24463
24467
24470
24473
24476
24480
24482
24485
24488
24491
24494
24497
24500
24503
24506
24509
24512
24515
24518
24521
24524
24527
24530
24533
24536
24539
24542
24545
24548
24551
24554
24557
24560
24563
24566
24569
24572
24575
24578
24581
24584
24587
24590
24593
24596
24599
24602
24606
24609
24612
24615
24619
24622
24625
24628
24631
24635
24638
24641
24644
24648
24651
24654
24657
24660
24664
24667
24670
24673
24677
24680
24683
24686
24690
24694
24698
24703
24707
24712
24716
24720
24725
24729
24734
24738
24742
24747
24751
24756
24760
24764
24769
24773
24778
24782
24786
24791
24795
24800
24803
24807
24811
24814
24818
24822
24825
24829
24833
24837
24840
24844
24848
24851
24855
24859
24862
24866
24870
24874
24877
24881
24885
24888
24892
24896
24900
24904
24908
24912
24916
24920
24924
24928
24932
24936
24940
24944
24948
24952
24957
24961
24965
24969
24973
24977
24981
24985
24989
24993
24997
25001
25005
25010
25014
25019
25024
25029
25033
25038
25043
25048
25052
25057
25062
25067
25071
25076
25081
25086
25090
25095
25100
25105
25110
25114
25119
25124
25129
25133
25138
25143
25148
25153
25157
25162
25167
25172
25176
25181
25186
25191
25196
25200
25205
25210
25215
25220
25226
25232
25238
25244
25250
25256
25262
25268
25275
25281
25287
25293
25299
25305
25311
25317
25323
25330
25336
25342
25348
25354
25361
25367
25373
25380
25386
25392
25398
25405
25411
25417
25423
25430
25435
25441
25447
25452
25458
25464
25470
25475
25481
25487
25492
25498
25504
25510
25515
25521
25527
25532
25538
25544
25550
25553
25556
25559
25562
25565
25568
25571
25575
25578
25581
25584
25587
25590
25593
25596
25600
25603
25606
25609
25612
25615
25618
25621
25625
25628
25631
25634
25637
25640
25643
25646
25650
25653
25656
25659
25662
25665
25668
25671
25674
25677
25680
25683
25686
25689
25692
25695
25698
25701
25705
25708
25711
25714
25717
25720
25723
25726
25729
25732
25735
25738
25741
25744
25747
25750
25753
25756
25760
25764
25768
25773
25777
25781
25786
25790
25794
25799
25803
25807
25812
25816
25820
25825
25829
25833
25838
25842
25846
25851
25855
25860
25863
25867
25871
25875
25879
25883
25887
25891
25895
25899
25903
25907
25911
25915
25918
25922
25926
25930
25934
25938
25942
25946
25950
25954
25958
25962
25966
25970
25974
25979
25983
25988
25992
25997
26002
26006
26011
26015
26020
26025
26029
26034
26038
26043
26047
26052
26057
26061
26066
26070
26075
26080
26083
26087
26090
26094
26097
26101
26104
26108
26112
26115
26119
26122
26126
26130
26133
26137
26140
26144
26147
26151
26155
26158
26162
26165
26169
26172
26176
26180
26183
26187
26191
26195
26198
26202
26206
26210
26214
26217
26221
26225
26229
26233
26236
26240
26244
26248
26252
26255
26259
26263
26267
26271
26274
26278
26282
26286
26290
26293
26296
26300
26303
26307
26310
26314
26317
26321
26324
26327
26331
26334
26338
26341
26345
26348
26352
26355
26358
26362
26365
26369
26372
26376
26379
26383
26386
26390
26393
26396
26400
26403
26407
26410
26414
26417
26420
26424
26427
26431
26434
26438
26441
26445
26448
26451
26455
26458
26462
26465
26469
26472
26475
26479
26482
26486
26489
26493
26496
26500
26504
26508
26512
26516
26520
26524
26528
26532
26536
26540
26544
26548
26552
26557
26561
26565
26569
26573
26577
26581
26585
26589
26593
26597
26601
26605
26610
26613
26617
26621
26625
26628
26632
26636
26640
26643
26647
26651
26655
26658
26662
26666
26670
26673
26677
26681
26685
26688
26692
26696
26700
26703
26707
26711
26715
26718
26722
26726
26730
26734
26738
26742
26746
26750
26754
26758
26762
26766
26770
26774
26778
26782
26787
26791
26795
26799
26803
26807
26811
26815
26819
26823
26827
26831
26835
26840
26844
26848
26853
26857
26861
26866
26870
26874
26879
26883
26887
26892
26896
26900
26905
26909
26913
26918
26922
26926
26931
26935
26940
26944
26949
26954
26959
26963
26968
26973
26978
26983
26987
26992
26997
27002
27006
27011
27016
27021
27026
27030
27035
27040
27045
27050
27054
27059
27064
27069
27073
27078
27083
27088
27092
27097
27102
27107
27111
27116
27121
27126
27130
27135
27140
27145
27150
27155
27160
27165
27170
27176
27181
27186
27191
27197
27202
27207
27212
27218
27223
27228
27233
27239
27244
27249
27254
27260
27264
27268
27273
27277
27281
27286
27290
27294
27299
27303
27307
27312
27316
27320
27325
27329
27333
27338
27342
27346
27351
27355
27360
27364
27368
27372
27376
27380
27384
27388
27392
27396
27400
27404
27408
27412
27417
27421
27425
27429
27433
27437
27441
27445
27449
27453
27457
27461
27465
27470
27474
27478
27482
27486
27491
27495
27499
27503
27508
27512
27516
27520
27525
27529
27533
27537
27541
27546
27550
27554
27558
27563
27567
27571
27575
27580
27583
27586
27589
27592
27596
27599
27602
27605
27609
27612
27615
27618
27621
27625
27628
27631
27634
27638
27641
27644
27647
27650
27654
27657
27660
27663
27667
27670
27673
27676
27680
27684
27688
27692
27696
27700
27704
27708
27712
27716
27720
27724
27728
27732
27737
27741
27745
27749
27753
27757
27761
27765
27769
27773
27777
27781
27785
27790
27793
27797
27801
27805
27809
27813
27816
27820
27824
27828
27832
27836
27840
27843
27847
27851
27855
27859
27863
27866
27870
27874
27878
27882
27886
27890
27894
27899
27903
27908
27913
27917
27922
27926
27931
27936
27940
27945
27950
27954
27959
27963
27968
27973
27977
27982
27986
27991
27996
28000
28005
28010
28014
28019
28023
28028
28032
28037
28041
28046
28050
28055
28060
28064
28069
28073
28078
28082
28087
28091
28096
28100
28105
28110
28113
28117
28121
28125
28128
28132
28136
28140
28144
28147
28151
28155
28159
28163
28166
28170
28174
28178
28182
28185
28189
28193
28197
28201
28204
28208
28212
28216
28220
28223
28227
28230
28234
28237
28241
28244
28248
28251
28255
28259
28262
28266
28269
28273
28276
28280
28283
28287
28290
28294
28298
28301
28305
28308
28312
28315
28319
28322
28326
28330
28332
28335
28338
28341
28344
28347
28350
28353
28356
28359
28362
28365
28368
28371
28374
28377
28380
28382
28385
28388
28391
28394
28397
28400
28403
28406
28409
28412
28415
28418
28421
28424
28427
28430
28433
28436
28439
28442
28446
28449
28452
28455
28459
28462
28465
28468
28472
28475
28478
28481
28485
28488
28491
28494
28497
28501
28504
28507
28510
28514
28517
28520
28523
28527
28530
28533
28536
28540
28543
28546
28549
28552
28555
28558
28561
28564
28568
28571
28574
28577
28580
28583
28586
28590
28593
28596
28599
28602
28605
28608
28611
28615
28618
28621
28624
28627
28630
28633
28636
28640
28643
28646
28649
28652
28655
28658
28661
28664
28667
28670
28673
28676
28679
28682
28685
28688
28691
28695
28698
28701
28704
28707
28710
28713
28716
28719
28722
28725
28728
28731
28734
28737
28740
28743
28746
28750
28753
28757
28760
28764
28767
28771
28774
28778
28781
28785
28789
28792
28796
28799
28803
28806
28810
28813
28817
28820
28824
28828
28831
28835
28838
28842
28845
28849
28852
28856
28860
28863
28867
28870
28874
28877
28881
28884
28888
28891
28895
28899
28902
28906
28909
28913
28916
28920
28923
28927
28930
28934
28938
28941
28945
28948
28952
28955
28959
28962
28966
28970
28973
28976
28979
28982
28985
28988
28991
28995
28998
29001
29004
29007
29010
29014
29017
29020
29023
29026
29029
29032
29035
29039
29042
29045
29048
29051
29054
29058
29061
29064
29067
29070
29073
29076
29080
29082
29085
29088
29091
29094
29097
29100
29103
29106
29109
29112
29115
29118
29121
29124
29127
29130
29132
29135
29138
29141
29144
29147
29150
29153
29156
29159
29162
29165
29168
29171
29174
29177
29180
29183
29187
29191
29194
29198
29202
29205
29209
29213
29216
29220
29224
29227
29231
29235
29238
29242
29246
29249
29253
29256
29260
29264
29268
29271
29275
29279
29282
29286
29290
29293
29296
29299
29302
29305
29308
29311
29314
29318
29321
29324
29327
29330
29333
29336
29340
29343
29346
29349
29352
29355
29358
29361
29365
29368
29371
29374
29377
29380
29383
29386
29390
29394
29399
29403
29408
29412
29417
29422
29426
29431
29435
29440
29445
29449
29454
29458
29463
29467
29472
29477
29481
29486
29490
29495
29500
29505
29510
29515
29520
29525
29530
29535
29540
29544
29550
29555
29560
29565
29570
29575
29580
29585
29590
29595
29599
29605
29610
29614
29618
29622
29626
29630
29634
29638
29642
29646
29650
29654
29658
29662
29667
29671
29675
29679
29683
29687
29691
29695
29699
29703
29707
29711
29715
29720
29724
29728
29732
29736
29741
29745
29749
29753
29758
29762
29766
29770
29775
29779
29783
29787
29791
29796
29800
29804
29808
29813
29817
29821
29825
29830
29833
29837
29840
29844
29847
29851
29854
29858
29862
29865
29869
29872
29876
29880
29883
29887
29890
29894
29897
29901
29905
29908
29912
29915
29919
29922
29926
29930
