3
7
11
15
19
23
27
31
35
39
43
47
51
55
58
62
66
70
74
78
82
86
90
94
98
102
106
110
114
119
124
129
133
138
143
148
152
157
162
167
171
176
181
186
190
195
200
205
210
214
218
223
227
231
236
240
245
249
254
258
262
267
271
276
280
284
289
293
298
302
306
311
315
320
331
343
355
366
378
390
401
413
425
436
448
459
471
483
495
506
518
530
541
553
565
576
588
600
602
605
607
610
612
615
617
620
622
625
627
630
632
635
637
640
642
645
647
649
652
655
657
659
662
664
667
669
672
674
677
679
682
684
687
690
692
695
697
700
702
705
708
711
713
716
719
722
724
727
730
733
735
738
741
744
746
749
752
755
757
760
763
766
768
771
774
777
779
782
785
788
790
793
796
799
801
804
807
810
812
815
818
821
824
827
830
833
836
839
842
845
848
851
854
857
860
862
865
868
871
874
877
880
883
886
889
892
895
898
901
904
907
910
914
919
923
928
932
937
942
946
951
955
960
965
969
974
978
983
987
992
997
1001
1006
1010
1015
1020
1023
1026
1030
1033
1037
1040
1044
1047
1050
1054
1057
1061
1064
1068
1071
1075
1078
1081
1085
1088
1092
1095
1099
1102
1105
1109
1112
1116
1119
1123
1126
1130
1132
1135
1138
1141
1144
1147
1150
1153
1156
1158
1161
1164
1167
1170
1173
1176
1179
1182
1185
1187
1190
1193
1196
1199
1202
1205
1208
1211
1213
1216
1219
1222
1225
1228
1231
1234
1237
1240
1243
1247
1251
1254
1258
1262
1265
1269
1273
1276
1280
1284
1287
1291
1295
1298
1302
1306
1309
1313
1317
1320
1324
1328
1331
1335
1339
1342
1346
1350
1353
1357
1361
1365
1369
1373
1376
1380
1384
1388
1392
1396
1400
1403
1407
1411
1415
1419
1423
1426
1430
1434
1438
1442
1446
1450
1505
1560
1563
1566
1569
1572
1575
1578
1581
1584
1587
1590
1593
1596
1599
1602
1605
1608
1611
1614
1617
1620
1623
1626
1629
1632
1635
1638
1641
1644
1647
1650
1653
1656
1660
1663
1667
1671
1675
1679
1683
1687
1691
1695
1699
1703
1707
1711
1715
1719
1723
1727
1731
1734
1738
1742
1746
1750
1754
1758
1762
1766
1770
1774
1778
1782
1786
1790
1794
1798
1802
1806
1810
1812
1815
1818
1820
1823
1826
1828
1831
1834
1837
1839
1842
1845
1847
1850
1853
1855
1858
1861
1864
1866
1869
1872
1874
1877
1880
1882
1885
1888
1891
1893
1896
1899
1901
1904
1907
1910
1913
1916
1919
1922
1925
1928
1932
1935
1938
1941
1944
1947
1950
1954
1957
1960
1963
1966
1969
1972
1976
1979
1982
1985
1988
1991
1994
1998
2001
2004
2007
2010
2013
2016
2020
2023
2027
2031
2035
2038
2042
2046
2050
2054
2057
2061
2065
2069
2073
2076
2080
2084
2088
2092
2095
2099
2103
2107
2111
2114
2118
2122
2126
2130
2134
2138
2143
2147
2152
2156
2161
2165
2170
2174
2178
2183
2187
2192
2196
2201
2205
2210
2214
2218
2223
2227
2232
2236
2241
2245
2250
2258
2267
2276
2285
2294
2302
2311
2320
2329
2338
2347
2355
2364
2373
2382
2391
2400
2404
2409
2413
2418
2422
2427
2432
2436
2441
2445
2450
2455
2459
2464
2468
2473
2477
2482
2487
2491
2496
2500
2505
2510
2513
2516
2519
2522
2525
2528
2531
2534
2537
2540
2543
2546
2550
2553
2556
2559
2562
2565
2568
2571
2574
2577
2580
2583
2586
2590
2593
2596
2599
2602
2605
2608
2611
2614
2617
2620
2623
2626
2630
2633
2637
2640
2644
2647
2651
2654
2658
2661
2665
2669
2672
2676
2679
2683
2686
2690
2693
2697
2700
2704
2708
2711
2715
2718
2722
2725
2729
2732
2736
2740
2743
2747
2751
2754
2758
2762
2765
2769
2773
2776
2780
2784
2787
2791
2795
2798
2802
2806
2809
2813
2817
2820
2824
2828
2831
2835
2839
2842
2846
2850
2854
2858
2862
2866
2870
2874
2878
2882
2886
2890
2894
2898
2902
2906
2910
2914
2918
2922
2926
2930
2934
2938
2942
2946
2950
2959
2968
2978
2987
2997
3006
3016
3025
3035
3044
3053
3063
3072
3082
3091
3101
3110
3120
3123
3126
3129
3132
3136
3139
3142
3145
3149
3152
3155
3158
3161
3165
3168
3171
3174
3178
3181
3184
3187
3190
3194
3197
3200
3203
3207
3210
3213
3216
3220
3223
3227
3231
3235
3239
3243
3247
3251
3255
3259
3263
3267
3271
3275
3278
3282
3286
3290
3294
3298
3302
3306
3310
3314
3318
3322
3326
3330
3333
3336
3340
3343
3347
3350
3354
3357
3361
3364
3367
3371
3374
3378
3381
3385
3388
3392
3395
3398
3402
3405
3409
3412
3416
3419
3423
3426
3430
3433
3436
3440
3443
3447
3450
3454
3457
3460
3464
3467
3471
3474
3478
3481
3485
3488
3491
3495
3498
3502
3505
3509
3512
3515
3519
3522
3526
3529
3533
3536
3540
3551
3563
3575
3586
3598
3610
3621
3633
3645
3656
3668
3680
3691
3703
3715
3726
3738
3750
3753
3757
3761
3765
3768
3772
3776
3780
3784
3787
3791
3795
3799
3803
3806
3810
3814
3818
3822
3825
3829
3833
3837
3841
3844
3848
3852
3856
3860
3863
3866
3870
3873
3877
3880
3884
3887
3891
3894
3897
3901
3904
3908
3911
3915
3918
3922
3925
3928
3932
3935
3939
3942
3946
3949
3953
3956
3960
3964
3968
3972
3976
3981
3985
3989
3993
3998
4002
4006
4010
4015
4019
4023
4027
4031
4036
4040
4044
4048
4053
4057
4061
4065
4070
4073
4077
4081
4084
4088
4092
4095
4099
4103
4107
4110
4114
4118
4121
4125
4129
4132
4136
4140
4144
4147
4151
4155
4158
4162
4166
4170
4178
4187
4195
4204
4212
4221
4229
4238
4246
4255
4263
4272
4280
4289
4297
4306
4314
4322
4331
4340
4344
4348
4353
4357
4362
4366
4370
4375
4379
4384
4388
4392
4397
4401
4406
4410
4414
4419
4423
4428
4432
4436
4441
4445
4450
4453
4456
4460
4463
4467
4470
4474
4477
4480
4484
4487
4491
4494
4498
4501
4505
4508
4511
4515
4518
4522
4525
4529
4532
4535
4539
4542
4546
4549
4553
4556
4560
4563
4566
4569
4572
4576
4579
4582
4585
4589
4592
4595
4598
4601
4605
4608
4611
4614
4618
4621
4624
4627
4630
4634
4637
4640
4643
4647
4650
4653
4656
4660
4664
4668
4672
4676
4681
4685
4689
4693
4698
4702
4706
4710
4715
4719
4723
4727
4731
4736
4740
4744
4748
4753
4757
4761
4765
4770
4774
4778
4782
4786
4790
4794
4798
4802
4806
4810
4814
4818
4822
4827
4831
4835
4839
4843
4847
4851
4855
4859
4863
4867
4871
4875
4880
4882
4885
4888
4891
4894
4897
4900
4903
4906
4909
4912
4915
4918
4921
4924
4927
4930
4933
4936
4939
4942
4945
4948
4951
4954
4957
4960
4963
4966
4969
4972
4975
4978
4981
4984
4987
4990
4994
4998
5002
5006
5010
5014
5018
5022
5026
5030
5034
5038
5042
5047
5051
5055
5059
5063
5067
5071
5075
5079
5083
5087
5091
5095
5100
5104
5108
5113
5117
5121
5126
5130
5134
5139
5143
5147
5152
5156
5160
5165
5169
5173
5178
5182
5186
5191
5195
5200
5205
5211
5216
5222
5227
5233
5238
5244
5249
5255
5260
5266
5271
5277
5282
5287
5293
5298
5304
5310
5316
5322
5328
5335
5341
5347
5353
5359
5366
5372
5378
5385
5391
5397
5403
5410
5420
5431
5442
5453
5464
5475
5485
5496
5507
5518
5529
5540
5550
5561
5572
5583
5594
5605
5615
5626
5637
5648
5659
5670
5673
5676
5679
5682
5686
5689
5692
5695
5699
5702
5705
5708
5712
5715
5718
5721
5725
5728
5731
5734
5737
5741
5744
5747
5750
5754
5757
5760
5763
5767
5770
5773
5776
5780
5784
5788
5792
5796
5801
5805
5809
5813
5818
5822
5826
5830
5835
5839
5843
5847
5851
5856
5860
5864
5868
5873
5877
5881
5885
5890
5894
5898
5903
5907
5912
5916
5921
5925
5930
5934
5938
5943
5947
5952
5956
5961
5965
5970
5974
5978
5983
5987
5992
5996
6001
6005
6010
6014
6018
6022
6027
6031
6035
6040
6044
6048
6052
6057
6061
6065
6070
6074
6078
6082
6087
6091
6095
6100
6104
6108
6112
6117
6121
6125
6130
6134
6138
6142
6146
6151
6155
6159
6163
6168
6172
6176
6180
6185
6189
6193
6197
6201
6206
6210
6214
6218
6223
6227
6231
6235
6240
6247
6255
6263
6270
6278
6286
6294
6301
6309
6317
6325
6332
6340
6348
6355
6363
6371
6379
6386
6394
6402
6410
6412
6415
6417
6420
6422
6425
6427
6430
6432
6435
6437
6440
6442
6445
6447
6450
6452
6455
6457
6460
6462
6465
6467
6470
6472
6475
6477
6479
6482
6484
6487
6489
6492
6495
6497
6500
6502
6505
6507
6510
6512
6515
6517
6520
6523
6527
6531
6534
6538
6542
6546
6550
6553
6557
6561
6564
6568
6572
6576
6580
6583
6587
6591
6595
6598
6602
6606
6609
6613
6617
6621
6625
6628
6632
6636
6640
6643
6647
6651
6654
6658
6662
6665
6669
6673
6676
6680
6684
6687
6691
6695
6698
6702
6705
6709
6713
6717
6720
6724
6728
6731
6735
6739
6742
6746
6750
6753
6756
6759
6762
6766
6769
6772
6775
6779
6782
6785
6788
6792
6795
6798
6801
6805
6808
6811
6814
6818
6821
6824
6827
6831
6834
6837
6840
6844
6847
6850
6853
6857
6860
6863
6866
6870
6873
6876
6880
6883
6887
6890
6894
6897
6901
6904
6907
6911
6914
6918
6921
6925
6928
6932
6935
6938
6942
6945
6949
6952
6956
6959
6963
6966
6970
6973
6977
6981
6984
6988
6992
6995
6999
7003
7006
7010
7014
7017
7021
7025
7028
7032
7036
7039
7043
7047
7050
7054
7058
7061
7065
7069
7072
7076
7080
7082
7085
7088
7091
7094
7097
7100
7103
7106
7109
7112
7115
7118
7121
7124
7127
7130
7132
7135
7138
7141
7144
7147
7150
7153
7156
7159
7162
7165
7168
7171
7174
7177
7180
7183
7187
7191
7195
7199
7203
7207
7211
7215
7219
7223
7227
7231
7234
7238
7242
7246
7250
7254
7258
7262
7266
7270
7274
7278
7282
7286
7290
7292
7295
7298
7301
7304
7307
7310
7313
7316
7319
7322
7325
7328
7331
7334
7337
7340
7342
7345
7348
7351
7354
7357
7360
7363
7366
7369
7372
7375
7378
7381
7384
7387
7390
7395
7399
7404
7410
7415
7420
7425
7430
7435
7439
7445
7450
7455
7460
7465
7470
7475
7479
7485
7490
7495
7500
7518
7536
7555
7573
7591
7610
7612
7615
7618
7621
7624
7627
7630
7633
7636
7639
7642
7645
7648
7651
7654
7657
7660
7662
7665
7668
7671
7674
7677
7680
7683
7686
7689
7692
7695
7698
7701
7704
7707
7710
7715
7720
7725
7730
7736
7741
7746
7751
7757
7762
7767
7772
7778
7783
7788
7793
7799
7804
7809
7814
7820
7830
7840
7850
7860
7870
7880
7890
7900
7910
7920
7923
7926
7929
7932
7935
7938
7942
7945
7948
7951
7954
7957
7960
7963
7967
7970
7973
7976
7979
7982
7986
7989
7992
7995
7998
8001
8004
8007
8011
8014
8017
8020
8023
8026
8029
8035
8041
8046
8052
8057
8062
8068
8074
8079
8085
8090
8096
8101
8106
8112
8118
8123
8129
8134
8140
8144
8148
8152
8156
8160
8164
8168
8172
8176
8180
8184
8188
8192
8197
8201
8205
8209
8213
8217
8221
8225
8229
8233
8237
8241
8245
8250
8256
8263
8270
8277
8284
8291
8298
8305
8311
8318
8325
8332
8339
8346
8353
8360
8379
8400
8420
8440
8459
8480
8500
8520
8540
8560
8580
8582
8585
8588
8590
8593
8596
8598
8601
8604
8607
8609
8612
8615
8617
8620
8623
8625
8628
8631
8634
8636
8639
8642
8644
8647
8650
8652
8655
8658
8661
8663
8666
8669
8671
8674
8677
8680
8684
8689
8694
8699
8704
8708
8713
8718
8723
8728
8732
8737
8742
8747
8752
8756
8761
8766
8771
8776
8780
8785
8790
8795
8800
8804
8808
8812
8816
8820
8824
8828
8832
8836
8840
8844
8848
8852
8856
8860
8864
8868
8872
8876
8880
8884
8888
8892
8896
8900
8904
8909
8913
8918
8922
8927
8932
8936
8941
8945
8950
8955
8959
8964
8968
8973
8977
8982
8987
8991
8996
9000
9005
9010
9015
9020
9025
9030
9036
9041
9046
9051
9057
9062
9067
9072
9078
9083
9088
9093
9099
9104
9109
9114
9120
9125
9129
9135
9139
9145
9150
9155
9160
9165
9170
9175
9180
9185
9190
9195
9200
9205
9210
9215
9220
9223
9227
9230
9234
9237
9241
9244
9248
9251
9255
9259
9262
9266
9269
9273
9276
9280
9283
9287
9290
9294
9298
9301
9305
9308
9312
9315
9319
9322
9326
9330
9337
9345
9353
9361
9369
9377
9385
9393
9401
9409
9417
9425
9433
9441
9448
9456
9464
9472
9480
9488
9496
9504
9512
9520
9528
9536
9544
9552
9560
9563
9567
9571
9574
9578
9582
9585
9589
9593
9597
9600
9604
9608
9611
9615
9619
9622
9626
9630
9634
9637
9641
9645
9648
9652
9656
9660
9663
9667
9671
9674
9678
9682
9685
9689
9693
9696
9700
9704
9707
9711
9715
9718
9722
9726
9729
9733
9737
9740
9744
9748
9751
9755
9759
9762
9766
9770
9774
9778
9782
9787
9791
9795
9800
9804
9808
9812
9817
9821
9825
9830
9834
9838
9842
9847
9851
9855
9860
9864
9868
9872
9877
9881
9885
9890
9894
9898
9903
9907
9912
9916
9920
9925
9929
9934
9938
9942
9947
9951
9956
9960
9964
9969
9973
9978
9982
9986
9991
9995
10000
10004
10008
10012
10016
10021
10025
10029
10033
10038
10042
10046
10050
10055
10059
10063
10067
10071
10076
10080
10084
10088
10093
10097
10101
10105
10110
10113
10117
10121
10125
10129
10133
10136
10140
10144
10148
10152
10156
10160
10163
10167
10171
10175
10179
10183
10186
10190
10194
10198
10202
10206
10210
10213
10217
10220
10224
10227
10231
10234
10238
10241
10245
10249
10252
10256
10259
10263
10266
10270
10273
10277
10280
10284
10288
10291
10295
10298
10302
10305
10309
10312
10316
10320
10323
10327
10330
10334
10337
10341
10345
10348
10352
10355
10359
10362
10366
10370
10373
10377
10380
10384
10387
10391
10395
10398
10402
10405
10409
10412
10416
10420
10425
10430
10435
10440
10445
10450
10455
10459
10465
10469
10475
10480
10485
10490
10495
10500
10504
10510
10514
10520
10524
10530
10545
10561
10577
10592
10608
10624
10640
10644
10649
10653
10658
10662
10667
10672
10676
10681
10685
10690
10695
10699
10704
10708
10713
10717
10722
10727
10731
10736
10740
10745
10750
10753
10757
10760
10764
10767
10771
10774
10778
10781
10785
10789
10792
10796
10799
10803
10806
10810
10813
10817
10820
10824
10828
10831
10835
10838
10842
10845
10849
10852
10856
10860
10864
10868
10873
10877
10881
10886
10890
10894
10899
10903
10907
10912
10916
10920
10925
10929
10933
10938
10942
10946
10951
10955
10960
10963
10967
10971
10974
10978
10982
10985
10989
10993
10996
11000
11004
11007
11011
11015
11018
11022
11026
11029
11033
11037
11040
11044
11048
11051
11055
11059
11062
11066
11070
11074
11079
11084
11089
11093
11098
11103
11108
11112
11117
11122
11127
11131
11136
11141
11146
11150
11155
11160
11165
11170
11175
11181
11186
11192
11197
11203
11208
11214
11219
11225
11230
11235
11241
11247
11252
11258
11263
11269
11274
11280
11283
11287
11291
11295
11299
11303
11306
11310
11314
11318
11322
11326
11330
11333
11337
11341
11345
11349
11353
11356
11360
11364
11368
11372
11376
11380
11384
11389
11394
11399
11403
11408
11413
11418
11423
11427
11432
11437
11442
11446
11451
11456
11461
11466
11470
11475
11480
11485
11490
11495
11500
11505
11510
11516
11521
11526
11531
11537
11542
11547
11552
11558
11563
11568
11573
11579
11584
11589
11594
11600
11606
11612
11618
11625
11631
11637
11644
11650
11656
11663
11669
11675
11682
11688
11694
11701
11707
11713
11720
11723
11726
11730
11733
11737
11740
11744
11747
11750
11754
11757
11761
11764
11768
11771
11775
11778
11781
11785
11788
11792
11795
11799
11802
11805
11809
11812
11816
11819
11823
11826
11830
11833
11836
11839
11842
11845
11848
11851
11855
11858
11861
11864
11867
11870
11873
11876
11879
11883
11886
11889
11892
11895
11898
11901
11905
11908
11911
11914
11917
11920
11923
11926
11930
11933
11937
11941
11945
11949
11953
11957
11960
11964
11968
11972
11976
11980
11984
11988
11991
11995
11999
12003
12007
12011
12015
12019
12022
12026
12030
12034
12038
12042
12046
12050
12054
12058
12063
12067
12071
12076
12080
12084
12089
12093
12097
12102
12106
12110
12115
12119
12123
12128
12132
12136
12141
12145
12150
12158
12166
12174
12182
12190
12198
12206
12214
12222
12230
12239
12247
12255
12263
12271
12279
12287
12295
12303
12311
12320
12324
12329
12333
12338
12342
12347
12351
12356
12360
12365
12370
12374
12379
12383
12388
12392
12397
12401
12406
12410
12415
12420
12423
12427
12431
12435
12438
12442
12446
12450
12454
12457
12461
12465
12469
12473
12476
12480
12484
12488
12492
12495
12499
12503
12507
12511
12514
12518
12522
12526
12530
12535
12541
12546
12552
12557
12563
12568
12574
12580
12585
12591
12596
12602
12607
12613
12618
12624
12630
12635
12641
12646
12652
12657
12663
12668
12674
12679
12685
12690
12696
12701
12707
12712
12718
12723
12729
12734
12740
12744
12748
12753
12757
12762
12766
12770
12775
12779
12784
12788
12792
12797
12801
12806
12810
12814
12819
12823
12828
12832
12836
12841
12845
12850
12855
12861
12866
12872
12877
12883
12888
12894
12899
12905
12911
12916
12922
12927
12933
12938
12944
12950
12957
12964
12972
12979
12986
12994
13001
13008
13016
13023
13030
13038
13045
13052
13060
13064
13069
13073
13078
13082
13087
13091
13096
13100
13105
13110
13114
13119
13123
13128
13132
13137
13141
13146
13150
13155
13160
13164
13168
13172
13176
13181
13185
13189
13193
13198
13202
13206
13210
13215
13219
13223
13227
13231
13236
13240
13244
13248
13253
13257
13261
13265
13270
13274
13278
13282
13286
13290
13294
13298
13302
13306
13310
13314
13318
13322
13327
13331
13335
13339
13343
13347
13351
13355
13359
13363
13367
13371
13375
13380
13384
13388
13392
13396
13400
13404
13408
13412
13416
13420
13424
13428
13432
13437
13441
13445
13449
13453
13457
13461
13465
13469
13473
13477
13481
13485
13490
13496
13502
13508
13514
13520
13527
13533
13539
13545
13551
13558
13564
13570
13576
13582
13589
13595
13601
13607
13613
13620
13627
13634
13641
13648
13655
13662
13670
13677
13684
13691
13698
13705
13712
13720
13731
13742
13753
13765
13776
13787
13798
13810
13821
13832
13843
13855
13866
13877
13888
13900
13903
13907
13911
13914
13918
13922
13925
13929
13933
13936
13940
13944
13947
13951
13955
13958
13962
13966
13969
13973
13977
13980
13984
13988
13991
13995
13999
14002
14006
14010
14015
14020
14026
14032
14037
14043
14048
14054
14059
14065
14070
14075
14081
14087
14092
14097
14103
14109
14114
14120
14128
14136
14145
14153
14161
14170
14178
14186
14195
14203
14211
14220
14225
14231
14237
14243
14248
14254
14260
14266
14272
14277
14283
14289
14295
14301
14306
14312
14318
14324
14330
14333
14336
14339
14342
14345
14348
14351
14354
14357
14360
14363
14366
14369
14372
14375
14378
14381
14384
14387
14390
14393
14396
14399
14402
14405
14408
14411
14414
14417
14420
14423
14426
14430
14434
14438
14442
14447
14451
14455
14460
14464
14468
14472
14477
14481
14485
14490
14494
14498
14502
14507
14511
14515
14520
14524
14528
14532
14537
14541
14545
14550
14553
14556
14559
14562
14566
14569
14572
14575
14579
14582
14585
14588
14592
14595
14598
14601
14605
14608
14611
14614
14617
14621
14624
14627
14630
14634
14637
14640
14643
14647
14650
14653
14656
14660
14663
14666
14670
14673
14676
14680
14683
14686
14690
14693
14696
14700
14703
14706
14709
14713
14716
14720
14723
14726
14730
14733
14736
14740
14743
14746
14750
14753
14756
14760
14763
14766
14770
14773
14777
14780
14784
14787
14791
14794
14798
14801
14805
14809
14812
14816
14819
14823
14826
14830
14833
14837
14840
14844
14848
14851
14855
14858
14862
14865
14869
14872
14876
14880
14883
14887
14891
14895
14899
14903
14907
14911
14915
14919
14923
14927
14931
14935
14938
14942
14946
14950
14954
14958
14962
14966
14970
14974
14978
14982
14986
14990
14993
14996
14999
15002
15005
15008
15011
15014
15017
15020
15023
15026
15029
15032
15035
15038
15041
15045
15048
15051
15054
15057
15060
15063
15066
15069
15072
15075
15078
15081
15084
15087
15090
15093
15096
15100
15103
15106
15110
15113
15116
15120
15123
15126
15129
15133
15136
15139
15143
15146
15149
15153
15156
15160
15163
15166
15170
15173
15176
15180
15183
15186
15190
15193
15196
15200
15213
15227
15241
15255
15269
15283
15296
15310
15324
15338
15352
15366
15380
15383
15386
15389
15392
15396
15399
15402
15405
15409
15412
15415
15418
15422
15425
15428
15431
15435
15438
15441
15444
15447
15451
15454
15457
15460
15464
15467
15470
15473
15477
15480
15483
15486
15490
15496
15503
15510
15517
15524
15531
15538
15545
15551
15558
15565
15572
15579
15586
15593
15600
15605
15611
15616
15622
15627
15633
15638
15644
15649
15655
15661
15666
15672
15677
15683
15688
15694
15700
15704
15708
15712
15716
15720
15724
15728
15732
15736
15740
15744
15748
15752
15757
15761
15765
15769
15773
15777
15781
15785
15789
15793
15797
15801
15805
15810
15814
15819
15824
15829
15833
15838
15843
15848
15852
15857
15862
15867
15871
15876
15881
15886
15890
15895
15900
15905
15910
15915
15920
15925
15930
15935
15940
15945
15950
15955
15959
15965
15970
15975
15980
15985
15990
15995
16000
16004
16009
16015
16020
16025
16031
16037
16043
16048
16054
16060
16066
16072
16077
16083
16089
16095
16101
16106
16112
16118
16124
16129
16135
16141
16147
16153
16158
16164
16170
16176
16182
16187
16193
16199
16205
16211
16216
16222
16228
16234
16239
16244
16248
16252
16256
16261
16265
16269
16273
16278
16282
16286
16290
16294
16299
16303
16307
16311
16316
16320
16324
16328
16333
16337
16341
16345
16350
16354
16358
16362
16366
16370
16374
16378
16382
16386
16390
16394
16398
16402
16406
16410
16414
16418
16422
16426
16430
16434
16438
16442
16445
16450
16454
16459
16464
16469
16473
16478
16483
16488
16493
16497
16502
16507
16512
16516
16521
16526
16531
16536
16540
16545
16550
16555
16560
16563
16567
16571
16574
16578
16582
16585
16589
16593
16597
16600
16604
16608
16611
16615
16619
16622
16626
16630
16634
16637
16641
16645
16648
16652
16656
16660
16670
16680
16690
16700
16710
16720
16730
16740
16750
16760
16770
16780
16790
16800
16810
16820
16827
16834
16841
16848
16855
16862
16870
16877
16884
16891
16898
16905
16912
16920
16925
16931
16936
16942
16947
16953
16958
16964
16969
16975
16980
16986
16991
16997
17002
17008
17013
17019
17024
17030
17034
17039
17043
17048
17052
17057
17061
17066
17070
17075
17080
17084
17089
17093
17098
17102
17107
17111
17116
17120
17125
17130
17134
17139
17143
17148
17152
17157
17162
17166
17171
17175
17180
17185
17189
17194
17198
17203
17207
17212
17217
17221
17226
17230
17235
17240
17244
17248
17253
17257
17262
17266
17270
17275
17279
17284
17288
17292
17297
17301
17306
17310
17314
17319
17323
17328
17332
17336
17341
17345
17350
17354
17358
17363
17367
17371
17376
17380
17384
17389
17393
17397
17402
17406
17410
17415
17419
17423
17428
17432
17436
17441
17445
17450
17458
17467
17475
17484
17492
17501
17509
17518
17527
17535
17544
17552
17561
17570
17574
17578
17582
17586
17590
17594
17598
17602
17606
17610
17614
17618
17622
17626
17630
17634
17638
17642
17646
17650
17654
17658
17662
17666
17670
17676
17683
17690
17697
17704
17711
17718
17725
17731
17738
17745
17752
17759
17766
17773
17780
17784
17789
17793
17798
17802
17807
17811
17816
17820
17825
17830
17834
17839
17843
17848
17852
17857
17861
17866
17870
17875
17880
17885
17890
17895
17900
17906
17911
17916
17921
17927
17932
17937
17942
17948
17953
17958
17963
17969
17974
17979
17984
17990
17996
18002
18008
18014
18020
18026
18032
18038
18045
18051
18057
18063
18069
18075
18081
18087
18093
18100
18108
18116
18125
18133
18141
18150
18158
18166
18175
18183
18191
18200
18205
18210
18216
18221
18227
18232
18238
18243
18249
18254
18259
18265
18270
18276
18281
18287
18292
18298
18303
18309
18314
18320
18326
18333
18340
18346
18353
18360
18366
18373
18380
18386
18393
18400
18406
18413
18420
18427
18435
18442
18450
18457
18465
18472
18480
18487
18495
18502
18509
18517
18525
18532
18540
18544
18548
18552
18556
18560
18564
18569
18573
18577
18581
18585
18590
18594
18598
18602
18606
18610
18615
18619
18623
18627
18631
18635
18640
18645
18651
18657
18663
18668
18674
18680
18686
18692
18697
18703
18709
18715
18721
18726
18732
18738
18744
18750
18757
18765
18773
18781
18789
18797
18805
18812
18820
18828
18836
18844
18852
18860
18864
18869
18873
18878
18882
18887
18891
18896
18900
18905
18910
18914
18919
18923
18928
18932
18937
18941
18946
18950
18955
18960
18966
18973
18980
18987
18994
19001
19007
19014
19021
19028
19035
19042
19048
19055
19062
19069
19076
19083
19090
19098
19106
19115
19123
19131
19140
19148
19156
19165
19173
19181
19190
19200
19210
19220
19230
19240
19250
19260
19270
19280
19290
19300
19313
19327
19341
19355
19368
19382
19396
19410
19428
19446
19465
19483
19501
19520
19540
19560
19580
19600
19620
19640
19647
19654
19662
19669
19676
19684
19691
19698
19706
19713
19720
19728
19735
19742
19750
19762
19774
19786
19798
19811
19823
19835
19847
19860
19868
19876
19884
19893
19901
19910
19918
19926
19935
19943
19951
19960
19969
19978
19987
19996
20005
20015
20024
20033
20042
20051
20060
20070
20084
20098
20112
20127
20141
20155
20170
20183
20196
20210
20223
20236
20250
20263
20276
20290
20295
20300
20305
20311
20316
20321
20326
20332
20337
20342
20347
20353
20358
20363
20368
20374
20379
20384
20390
20396
20402
20408
20414
20420
20426
20432
20438
20445
20451
20457
20463
20469
20475
20481
20487
20493
20500
20506
20512
20519
20525
20532
20538
20545
20551
20558
20564
20571
20577
20584
20590
20597
20603
20610
20615
20620
20625
20630
20634
20640
20645
20650
20655
20660
20665
20670
20675
20680
20685
20690
20695
20700
20705
20710
20715
20721
20726
20732
20737
20743
20748
20754
20759
20765
20770
20776
20781
20787
20792
20798
20803
20809
20814
20820
20826
20833
20840
20846
20853
20860
20866
20873
20880
20886
20893
20900
20906
20913
20920
20937
20954
20971
20988
21005
21022
21040
21049
21058
21067
21076
21085
21094
21103
21112
21121
21130
21140
21146
21152
21158
21164
21170
21176
21182
21188
21195
21201
21207
21213
21219
21225
21231
21237
21243
21250
21265
21281
21297
21312
21328
21344
21360
21364
21369
21374
21379
21383
21388
21393
21398
21402
21407
21412
21417
21421
21426
21431
21436
21440
21445
21450
21455
21460
21470
21480
21490
21500
21510
21520
21530
21540
21550
21560
21570
21578
21586
21595
21603
21611
21620
21628
21636
21645
21653
21661
21670
21682
21694
21706
21718
21731
21743
21755
21767
21780
21791
21802
21813
21824
21835
21846
21857
21868
21880
21887
21895
21902
21910
21917
21925
21932
21939
21947
21955
21962
21970
21977
21985
21992
22000
22006
22013
22020
22027
22034
22041
22048
22055
22061
22068
22075
22082
22089
22096
22103
22110
22117
22125
22133
22140
22148
22156
22163
22171
22179
22186
22194
22202
22210
22213
22217
22221
22225
22228
22232
22236
22240
22244
22247
22251
22255
22259
22263
22266
22270
22274
22278
22282
22285
22289
22293
22297
22301
22304
22308
22312
22316
22320
22334
22348
22362
22377
22391
22405
22420
22426
22432
22438
22444
22450
22456
22462
22468
22475
22481
22487
22493
22499
22505
22511
22517
22523
22530
22537
22544
22551
22558
22565
22572
22580
22587
22594
22601
22608
22615
22622
22630
22637
22644
22651
22659
22666
22674
22681
22688
22695
22703
22710
22718
22725
22732
22740
22750
22759
22770
22780
22790
22800
22810
22820
22830
22840
22850
22854
22859
22863
22868
22872
22877
22881
22886
22890
22895
22900
22904
22909
22913
22918
22922
22927
22931
22936
22940
22945
22950
22954
22959
22964
22969
22973
22978
22983
22988
22993
22997
23002
23007
23012
23016
23021
23026
23031
23036
23040
23045
23050
23055
23060
23066
23073
23080
23086
23093
23099
23106
23113
23120
23126
23133
23140
23146
23153
23160
23168
23177
23186
23194
23203
23212
23220
23229
23238
23246
23255
23264
23272
23281
23290
23294
23298
23303
23307
23311
23316
23320
23325
23329
23334
23338
23342
23347
23351
23355
23360
23364
23369
23373
23378
23382
23386
23391
23395
23400
23404
23409
23413
23418
23422
23427
23432
23436
23441
23445
23450
23455
23459
23464
23468
23473
23477
23482
23487
23491
23496
23500
23505
23510
23514
23518
23523
23527
23532
23536
23540
23545
23549
23554
23558
23562
23567
23571
23576
23580
23584
23589
23593
23598
23602
23606
23611
23615
23620
23625
23630
23635
23641
23646
23651
23656
23662
23667
23672
23677
23683
23688
23693
23698
23704
23709
23714
23720
23727
23734
23741
23749
23756
23764
23771
23778
23785
23793
23800
23808
23815
23822
23830
23834
23838
23842
23846
23850
23854
23859
23863
23867
23871
23875
23880
23884
23888
23892
23896
23900
23905
23909
23913
23917
23921
23925
23930
23936
23942
23948
23955
23961
23967
23974
23980
23986
23993
23999
24005
24012
24018
24024
24031
24037
24043
24050
24054
24059
24064
24069
24073
24078
24083
24088
24092
24097
24102
24107
24111
24116
24121
24126
24130
24135
24140
24145
24150
24154
24159
24163
24168
24172
24177
24182
24186
24191
24195
24200
24205
24209
24214
24218
24223
24227
24232
24237
24241
24246
24250
24255
24260
24266
24273
24280
24287
24294
24301
24308
24315
24321
24328
24335
24342
24349
24356
24363
24370
24388
24406
24425
24443
24461
24480
24488
24496
24505
24513
24522
24530
24539
24547
24556
24564
24573
24581
24590
24606
24623
24640
24656
24673
24690
24701
24712
24723
24734
24745
24756
24767
24778
24789
24800
24810
24821
24832
24843
24854
24865
24876
24887
24898
24909
24920
24928
24936
24944
24952
24960
24968
24976
24984
24992
25000
25008
25016
25024
25032
25040
25046
25053
25060
25067
25074
25081
25088
25095
25101
25108
25115
25122
25129
25136
25143
25150
25158
25167
25175
25184
25192
25201
25210
25218
25227
25235
25244
25252
25261
25270
25275
25280
25285
25290
25294
25300
25305
25310
25314
25320
25325
25330
25335
25340
25345
25349
25355
25360
25365
25369
25375
25380
25384
25389
25393
25398
25402
25407
25412
25416
25421
25425
25430
25435
25439
25444
25448
25453
25457
25462
25467
25471
25476
25480
25485
25490
25494
25499
25504
25509
25514
25518
25523
25528
25533
25538
25542
25547
25552
25557
25561
25566
25571
25576
25581
25586
25590
25595
25600
25605
25610
25618
25626
25634
25643
25651
25660
25668
25676
25685
25693
25701
25710
25715
25721
25726
25732
25737
25743
25748
25754
25759
25765
25770
25776
25781
25787
25792
25798
25803
25809
25814
25820
25824
25828
25833
25837
25841
25846
25850
25854
25859
25863
25867
25872
25876
25880
25885
25889
25893
25898
25902
25906
25911
25915
25920
25924
25929
25933
25938
25942
25947
25952
25956
25961
25965
25970
25975
25979
25984
25988
25993
25997
26002
26007
26011
26016
26020
26025
26030
26044
26058
26072
26087
26101
26115
26130
26133
26137
26141
26145
26149
26153
26157
26161
26165
26169
26173
26177
26181
26185
26188
26192
26196
26200
26204
26208
26212
26216
26220
26224
26228
26232
26236
26240
26243
26247
26251
26255
26258
26262
26266
26270
26274
26277
26281
26285
26289
26293
26296
26300
26304
26308
26312
26315
26319
26323
26327
26331
26334
26338
26342
26346
26350
26353
26357
26361
26364
26368
26372
26375
26379
26383
26387
26390
26394
26398
26401
26405
26409
26412
26416
26420
26424
26427
26431
26435
26438
26442
26446
26450
26453
26457
26460
26464
26467
26471
26474
26478
26481
26485
26489
26492
26496
26499
26503
26506
26510
26513
26517
26520
26524
26528
26531
26535
26538
26542
26545
26549
26552
26556
26560
26564
26569
26574
26579
26583
26588
26593
26598
26602
26607
26612
26617
26621
26626
26631
26636
26640
26645
26650
26655
26660
26664
26669
26674
26679
26683
26688
26693
26698
26703
26707
26712
26717
26722
26726
26731
26736
26741
26746
26750
26755
26760
26765
26770
26776
26783
26790
26797
26804
26811
26818
26825
26831
26838
26845
26852
26859
26866
26873
26880
26884
26888
26892
26896
26901
26905
26909
26913
26918
26922
26926
26930
26935
26939
26943
26947
26951
26956
26960
26964
26968
26973
26977
26981
26985
26990
26994
26998
27003
27007
27012
27016
27020
27025
27029
27034
27038
27042
27047
27051
27056
27060
27064
27069
27073
27078
27082
27086
27091
27095
27100
27116
27133
27150
27166
27183
27200
27203
27207
27211
27215
27218
27222
27226
27230
27234
27237
27241
27245
27249
27253
27256
27260
27264
27268
27272
27275
27279
27283
27287
27291
27294
27298
27302
27306
27310
27314
27319
27323
27328
27332
27337
27342
27346
27351
27355
27360
27365
27369
27374
27378
27383
27387
27392
27397
27401
27406
27410
27415
27420
27423
27426
27430
27433
27437
27440
27444
27447
27450
27454
27457
27461
27464
27468
27471
27475
27478
27481
27485
27488
27492
27495
27499
27502
27505
27509
27512
27516
27519
27523
27526
27530
27534
27538
27542
27546
27550
27554
27558
27562
27566
27570
27574
27578
27582
27586
27590
27594
27598
27602
27605
27610
27614
27618
27622
27625
27630
27634
27640
27645
27650
27654
27660
27665
27669
27674
27680
27685
27689
27695
27700
27705
27709
27715
27720
27724
27729
27735
27740
27744
27748
27752
27756
27760
27764
27768
27772
27776
27780
27784
27788
27792
27797
27801
27805
27809
27813
27817
27821
27825
27829
27833
27837
27841
27845
27850
27855
27860
27865
27870
27875
27880
27885
27890
27895
27900
27905
27910
27915
27920
27925
27930
27935
27939
27945
27950
27967
27984
28001
28018
28035
28052
28070
28073
28077
28081
28085
28089
28093
28096
28100
28104
28108
28112
28116
28120
28123
28127
28131
28135
28139
28143
28146
28150
28154
28158
28162
28166
28170
28173
28177
28181
28184
28188
28192
28195
28199
28203
28206
28210
28214
28217
28221
28225
28228
28232
28236
28239
28243
28247
28250
28254
28258
28261
28265
28269
28272
28276
28280
28285
28290
28295
28300
28305
28310
28315
28320
28325
28330
28335
28340
28345
28350
28355
28360
28365
28370
28375
28380
28385
28390
28393
28397
28401
28405
28409
28413
28417
28420
28424
28428
28432
28436
28440
28444
28448
28451
28455
28459
28463
28467
28471
28475
28479
28482
28486
28490
28494
28498
28502
28506
28510
28514
28518
28523
28527
28532
28536
28540
28545
28549
28554
28558
28562
28567
28571
28576
28580
28584
28589
28593
28598
28602
28606
28611
28615
28620
28625
28630
28635
28641
28646
28651
28656
28662
28667
28672
28677
28683
28688
28693
28698
28704
28709
28714
28720
28724
28730
28735
28740
28744
28750
28755
28759
28764
28770
28775
28779
28785
28790
28794
28799
28805
28810
28814
28819
28825
28830
28834
28839
28843
28848
28852
28857
28861
28866
28870
28875
28880
28884
28889
28893
28898
28902
28907
28911
28916
28920
28925
28930
28936
28942
28948
28955
28961
28967
28974
28980
28986
28993
28999
29005
29012
29018
29024
29031
29037
29043
29050
29057
29064
29071
29078
29085
29092
29100
29107
29114
29121
29128
29135
29142
29150
29156
29163
29169
29176
29183
29189
29196
29203
29210
29216
29223
29230
29236
29243
29250
29256
29263
29270
29278
29287
29295
29304
29312
29321
29330
29338
29347
29355
29364
29372
29381
29390
29397
29404
29412
29419
29426
29434
29441
29448
29456
29463
29470
29478
29485
29492
29500
29513
29526
29540
29553
29566
29580
29593
29606
29620
29626
29633
29640
29646
29653
29660
29666
29673
29680
29686
29693
29700
29706
29713
29720
29729
29738
29747
29756
29765
29775
29784
29793
29802
29811
29820
29830
29834
29840
29845
29849
29854
29860
29865
29869
29875
29880
29884
29890
29895
29900
29905
29910
29915
29919
29925
29930
