2
4
6
8
10
12
14
16
18
20
22
24
26
28
30
32
34
36
38
40
42
44
46
48
50
52
54
56
58
60
62
64
66
68
70
72
74
76
78
80
82
84
86
88
90
92
94
96
98
100
102
104
106
108
110
112
114
116
118
120
122
124
126
128
130
132
134
136
138
140
142
144
146
148
150
152
154
156
158
160
162
164
167
169
171
173
175
177
179
181
183
185
187
189
191
193
195
197
199
201
203
205
207
209
211
213
215
217
219
222
224
226
228
230
232
235
237
239
241
243
245
248
250
252
254
256
258
260
263
265
267
269
271
273
276
278
280
282
284
286
289
291
293
295
297
299
301
304
306
308
310
312
314
317
319
321
323
325
327
330
332
334
336
338
340
342
344
346
348
350
352
354
356
358
360
362
364
366
368
370
372
374
376
378
380
382
384
386
388
390
392
394
396
398
400
402
404
406
408
410
412
414
416
418
420
422
424
426
428
430
432
434
437
439
442
444
447
449
452
454
456
459
461
464
466
469
471
474
476
478
481
483
486
488
491
493
496
498
500
503
505
508
510
513
515
518
520
522
525
527
530
532
535
537
540
542
544
546
548
550
552
554
556
558
560
562
565
567
569
571
573
575
577
579
581
583
585
587
590
592
594
596
598
600
602
604
606
608
610
612
615
617
619
621
623
625
627
629
631
633
635
637
640
642
644
647
649
651
654
656
658
661
663
665
668
670
672
675
677
679
682
684
686
689
691
693
696
698
700
703
705
707
710
712
714
717
719
721
724
726
728
731
733
735
738
740
742
745
747
750
752
755
757
760
763
765
768
770
773
776
778
781
784
786
789
791
794
797
799
802
805
807
810
812
815
818
820
823
825
828
831
833
836
839
841
844
846
849
852
854
857
860
862
864
867
869
872
874
877
879
881
884
886
889
891
894
896
899
901
903
906
908
911
913
916
918
920
923
925
928
930
933
935
938
940
942
945
947
950
952
955
957
960
962
965
967
970
972
975
977
980
982
985
987
990
992
995
997
1000
1002
1004
1007
1010
1012
1015
1017
1020
1022
1025
1027
1030
1032
1035
1037
1040
1042
1045
1047
1050
1052
1055
1057
1060
1062
1065
1067
1070
1072
1074
1077
1079
1081
1084
1086
1089
1091
1093
1096
1098
1100
1103
1105
1108
1110
1112
1115
1117
1120
1122
1124
1127
1129
1131
1134
1136
1139
1141
1143
1146
1148
1150
1153
1155
1158
1160
1162
1165
1167
1170
1172
1175
1178
1181
1184
1187
1190
1193
1196
1199
1202
1205
1208
1210
1213
1216
1219
1222
1225
1228
1231
1234
1237
1240
1243
1246
1249
1251
1254
1257
1260
1263
1266
1269
1272
1275
1278
1281
1284
1287
1290
1292
1295
1298
1301
1304
1307
1310
1313
1316
1319
1322
1325
1328
1331
1334
1337
1339
1342
1345
1348
1351
1354
1357
1360
1363
1366
1369
1372
1375
1378
1381
1384
1387
1390
1392
1395
1398
1400
1403
1406
1409
1412
1414
1417
1420
1423
1425
1428
1431
1434
1436
1439
1442
1444
1447
1450
1453
1456
1458
1461
1464
1467
1469
1472
1475
1478
1480
1483
1486
1488
1491
1494
1497
1500
1502
1504
1506
1508
1510
1512
1514
1516
1518
1520
1522
1524
1526
1528
1530
1532
1534
1536
1538
1540
1542
1544
1546
1548
1550
1552
1555
1557
1559
1561
1563
1565
1567
1569
1571
1573
1575
1577
1579
1581
1583
1585
1587
1589
1591
1593
1595
1597
1599
1601
1603
1605
1607
1610
1611
1613
1615
1617
1619
1621
1623
1625
1627
1629
1631
1633
1635
1636
1638
1640
1642
1644
1646
1648
1650
1652
1654
1656
1658
1660
1661
1663
1665
1667
1669
1671
1673
1675
1677
1679
1681
1683
1685
1686
1688
1690
1692
1694
1696
1698
1700
1702
1704
1706
1708
1710
1711
1713
1715
1717
1719
1721
1723
1724
1726
1728
1730
1732
1734
1736
1737
1739
1741
1743
1745
1747
1749
1751
1752
1754
1756
1758
1760
1762
1764
1765
1767
1769
1771
1773
1775
1777
1778
1780
1782
1784
1786
1788
1790
1792
1793
1795
1797
1799
1801
1803
1805
1806
1808
1810
1812
1814
1816
1818
1820
1821
1823
1825
1827
1829
1831
1833
1835
1836
1838
1840
1842
1844
1846
1848
1850
1852
1853
1855
1857
1859
1861
1863
1865
1867
1869
1870
1872
1874
1876
1878
1880
1882
1884
1886
1887
1889
1891
1893
1895
1897
1899
1901
1903
1904
1906
1908
1910
1912
1914
1916
1918
1920
1922
1924
1926
1928
1930
1932
1935
1937
1939
1941
1943
1945
1948
1950
1952
1954
1956
1958
1960
1963
1965
1967
1969
1971
1973
1976
1978
1980
1982
1984
1986
1989
1991
1993
1995
1997
1999
2001
2004
2006
2008
2010
2012
2014
2017
2019
2021
2023
2025
2027
2029
2032
2034
2036
2038
2040
2042
2044
2047
2049
2051
2053
2055
2057
2059
2061
2064
2066
2068
2070
2072
2074
2076
2078
2081
2083
2085
2087
2089
2091
2093
2095
2098
2100
2102
2104
2106
2108
2110
2112
2115
2117
2119
2121
2123
2125
2127
2130
2132
2134
2136
2138
2140
2142
2144
2146
2148
2150
2152
2154
2156
2158
2160
2162
2164
2166
2168
2170
2172
2174
2176
2178
2180
2182
2184
2186
2188
2190
2192
2194
2196
2198
2200
2202
2204
2206
2208
2210
2212
2214
2216
2218
2220
2222
2224
2226
2228
2230
2232
2234
2236
2238
2240
2242
2244
2246
2248
2251
2253
2255
2257
2260
2262
2264
2266
2269
2271
2273
2275
2278
2280
2282
2284
2287
2289
2291
2293
2296
2298
2300
2302
2305
2307
2309
2311
2314
2316
2318
2320
2323
2325
2327
2329
2332
2334
2336
2338
2341
2343
2345
2347
2350
2352
2354
2356
2358
2360
2362
2364
2366
2368
2370
2372
2375
2377
2379
2381
2383
2385
2387
2389
2391
2393
2395
2397
2400
2402
2404
2406
2408
2410
2412
2414
2416
2418
2420
2422
2425
2427
2429
2431
2433
2435
2437
2439
2441
2443
2445
2447
2450
2452
2454
2457
2459
2461
2464
2466
2468
2471
2473
2475
2478
2480
2482
2485
2487
2489
2492
2494
2496
2499
2501
2503
2506
2508
2510
2513
2515
2517
2520
2522
2524
2527
2529
2531
2534
2536
2538
2541
2543
2545
2548
2550
2552
2555
2557
2560
2562
2564
2566
2569
2571
2573
2575
2578
2580
2582
2585
2587
2589
2591
2594
2596
2598
2600
2603
2605
2607
2610
2612
2614
2616
2619
2621
2623
2625
2628
2630
2632
2635
2637
2639
2641
2644
2646
2648
2650
2653
2655
2657
2660
2662
2664
2666
2668
2670
2672
2674
2676
2678
2680
2682
2684
2686
2688
2690
2692
2694
2696
2698
2700
2702
2704
2706
2708
2710
2712
2714
2716
2718
2720
2722
2724
2726
2728
2730
2732
2734
2736
2738
2740
2742
2744
2746
2748
2750
2752
2754
2756
2758
2760
2762
2764
2766
2768
2770
2771
2773
2775
2777
2779
2780
2782
2784
2786
2788
2789
2791
2793
2795
2797
2798
2800
2802
2804
2806
2807
2809
2811
2813
2815
2816
2818
2820
2822
2824
2825
2827
2829
2831
2833
2834
2836
2838
2840
2842
2843
2845
2847
2849
2851
2852
2854
2856
2858
2860
2861
2863
2865
2867
2869
2870
2872
2874
2876
2878
2880
2882
2884
2886
2888
2890
2892
2894
2896
2899
2901
2903
2905
2907
2909
2911
2913
2915
2918
2920
2922
2924
2926
2928
2930
2932
2935
2937
2939
2941
2943
2945
2947
2949
2951
2954
2956
2958
2960
2962
2964
2966
2968
2970
2973
2975
2977
2979
2981
2983
2985
2987
2990
2992
2995
2997
3000
3002
3005
3007
3010
3012
3015
3017
3020
3022
3025
3027
3030
3032
3035
3037
3040
3042
3045
3047
3050
3052
3055
3057
3060
3062
3065
3067
3070
3072
3075
3077
3080
3082
3085
3087
3090
3092
3095
3097
3100
3102
3105
3107
3110
3113
3115
3118
3121
3123
3126
3128
3131
3134
3136
3139
3142
3144
3147
3150
3152
3155
3157
3160
3163
3165
3168
3171
3173
3176
3178
3181
3184
3186
3189
3192
3194
3197
3200
3203
3206
3210
3213
3216
3220
3223
3226
3230
3233
3236
3240
3243
3246
3250
3253
3256
3260
3263
3266
3270
3273
3276
3280
3283
3286
3290
3293
3296
3300
3303
3306
3310
3312
3315
3317
3320
3322
3325
3327
3330
3332
3335
3337
3340
3342
3345
3347
3350
3352
3355
3357
3360
3362
3365
3367
3370
3372
3375
3377
3380
3382
3385
3387
3390
3392
3395
3397
3400
3402
3405
3407
3410
3412
3415
3418
3421
3424
3427
3430
3433
3436
3438
3441
3444
3447
3450
3453
3456
3459
3462
3465
3467
3470
3473
3476
3479
3482
3485
3488
3491
3493
3496
3499
3502
3505
3508
3511
3514
3517
3520
3523
3526
3530
3533
3536
3540
3543
3546
3550
3553
3556
3560
3563
3566
3570
3573
3576
3580
3583
3586
3590
3593
3596
3600
3603
3606
3610
3613
3616
3620
3623
3626
3630
3632
3635
3638
3640
3643
3646
3648
3651
3654
3656
3659
3662
3664
3667
3670
3672
3675
3678
3680
3683
3686
3689
3691
3694
3697
3699
3702
3705
3707
3710
3713
3715
3718
3721
3723
3726
3729
3731
3734
3737
3740
3741
3743
3745
3747
3749
3751
3753
3755
3757
3759
3761
3763
3765
3767
3768
3770
3772
3774
3776
3778
3780
3782
3784
3786
3788
3790
3792
3794
3795
3797
3799
3801
3803
3805
3807
3809
3811
3813
3815
3817
3819
3821
3822
3824
3826
3828
3830
3832
3834
3836
3838
3840
3842
3844
3846
3848
3850
3853
3856
3859
3862
3866
3869
3872
3875
3879
3882
3885
3888
3892
3895
3898
3901
3905
3908
3911
3914
3917
3921
3924
3927
3930
3934
3937
3940
3943
3947
3950
3953
3956
3960
3965
3971
3977
3983
3988
3994
4000
4006
4012
4017
4023
4029
4035
4041
4046
4052
4058
4064
4070
4072
4075
4077
4080
4082
4085
4087
4090
4093
4095
4098
4100
4103
4105
4108
4111
4113
4116
4118
4121
4123
4126
4128
4131
4134
4136
4139
4141
4144
4146
4149
4152
4154
4157
4159
4162
4164
4167
4170
4172
4174
4176
4178
4180
4182
4185
4187
4189
4191
4193
4195
4198
4200
4202
4204
4206
4208
4210
4213
4215
4217
4219
4221
4223
4226
4228
4230
4232
4234
4236
4239
4241
4243
4245
4247
4249
4251
4254
4256
4258
4260
4262
4264
4267
4269
4271
4273
4275
4277
4280
4282
4285
4287
4290
4292
4295
4297
4300
4303
4305
4308
4310
4313
4315
4318
4321
4323
4326
4328
4331
4333
4336
4338
4341
4344
4346
4349
4351
4354
4356
4359
4362
4364
4367
4369
4372
4374
4377
4380
4382
4385
4388
4391
4394
4397
4400
4403
4406
4408
4411
4414
4417
4420
4423
4426
4429
4432
4435
4437
4440
4443
4446
4449
4452
4455
4458
4461
4463
4466
4469
4472
4475
4478
4481
4484
4487
4490
4492
4494
4496
4498
4500
4502
4504
4506
4508
4510
4512
4514
4516
4519
4521
4523
4525
4527
4529
4531
4533
4535
4537
4539
4541
4543
4546
4548
4550
4552
4554
4556
4558
4560
4562
4564
4566
4568
4570
4573
4575
4577
4579
4581
4583
4585
4587
4589
4591
4593
4595
4597
4600
4601
4603
4605
4607
4609
4611
4613
4615
4617
4619
4621
4623
4625
4627
4629
4631
4633
4635
4637
4639
4641
4643
4645
4647
4649
4650
4652
4654
4656
4658
4660
4662
4664
4666
4668
4670
4672
4674
4676
4678
4680
4682
4684
4686
4688
4690
4692
4694
4696
4698
4700
4702
4704
4706
4708
4711
4713
4715
4717
4720
4722
4724
4726
4729
4731
4733
4735
4738
4740
4742
4744
4747
4749
4751
4753
4756
4758
4760
4762
4765
4767
4769
4771
4774
4776
4778
4780
4783
4785
4787
4789
4792
4794
4796
4798
4801
4803
4805
4807
4810
4811
4814
4816
4818
4819
4822
4824
4826
4827
4830
4832
4834
4835
4838
4840
4842
4843
4846
4848
4850
4851
4854
4856
4858
4859
4862
4864
4866
4868
4870
4872
4874
4876
4878
4880
4882
4884
4886
4888
4890
4892
4894
4896
4898
4900
4902
4904
4906
4908
4910
4911
4913
4915
4917
4919
4921
4923
4925
4927
4929
4931
4933
4935
4937
4938
4940
4942
4944
4946
4948
4950
4952
4954
4956
4958
4960
4962
4964
4965
4967
4969
4971
4973
4975
4977
4979
4981
4983
4985
4987
4989
4991
4992
4994
4996
4998
5000
5002
5004
5006
5008
5010
5012
5014
5016
5018
5020
5022
5025
5027
5030
5033
5035
5038
5040
5043
5046
5048
5051
5054
5056
5059
5061
5064
5067
5069
5072
5074
5077
5080
5082
5085
5088
5090
5093
5095
5098
5101
5103
5106
5109
5111
5114
5116
5119
5122
5124
5127
5130
5132
5134
5136
5138
5141
5143
5145
5147
5150
5152
5154
5156
5158
5161
5163
5165
5167
5170
5172
5174
5176
5178
5181
5183
5185
5187
5190
5192
5194
5196
5198
5201
5203
5205
5207
5210
5212
5214
5216
5218
5221
5223
5225
5227
5230
5232
5234
5236
5238
5241
5243
5245
5247
5250
5252
5254
5256
5258
5261
5263
5265
5267
5270
5272
5274
5276
5279
5281
5283
5285
5288
5290
5292
5294
5297
5299
5301
5303
5306
5308
5310
5312
5315
5317
5319
5321
5324
5326
5328
5330
5333
5335
5337
5339
5342
5344
5346
5348
5351
5353
5355
5357
5360
5362
5364
5366
5368
5370
5372
5374
5376
5378
5380
5382
5384
5386
5388
5390
5392
5394
5396
5398
5400
5402
5404
5406
5408
5411
5413
5415
5417
5419
5421
5423
5425
5427
5429
5431
5433
5435
5437
5439
5441
5443
5445
5447
5449
5451
5453
5455
5457
5460
5461
5463
5465
5467
5469
5471
5473
5475
5477
5479
5481
5483
5485
5487
5488
5490
5492
5494
5496
5498
5500
5502
5504
5506
5508
5510
5512
5514
5515
5517
5519
5521
5523
5525
5527
5529
5531
5533
5535
5537
5539
5541
5542
5544
5546
5548
5550
5552
5554
5556
5558
5560
5562
5564
5566
5568
5570
5571
5573
5575
5577
5579
5581
5582
5584
5586
5588
5590
5592
5594
5595
5597
5599
5601
5603
5605
5607
5608
5610
5612
5614
5616
5618
5620
5621
5623
5625
5627
5629
5631
5632
5634
5636
5638
5640
5642
5644
5645
5647
5649
5651
5653
5655
5657
5658
5660
5662
5664
5666
5668
5670
5671
5673
5675
5677
5679
5681
5683
5685
5687
5689
5691
5693
5695
5697
5699
5701
5703
5705
5707
5709
5711
5713
5715
5717
5719
5721
5723
5725
5726
5728
5730
5732
5734
5736
5738
5740
5742
5744
5746
5748
5750
5752
5754
5756
5758
5760
5762
5764
5766
5768
5770
5772
5774
5776
5778
5780
5782
5784
5786
5788
5791
5793
5795
5797
5800
5802
5804
5806
5808
5811
5813
5815
5817
5820
5822
5824
5826
5828
5831
5833
5835
5837
5840
5842
5844
5846
5848
5851
5853
5855
5857
5860
5862
5864
5866
5868
5871
5873
5875
5877
5880
5882
5884
5886
5888
5890
5892
5894
5896
5898
5900
5902
5904
5906
5908
5910
5912
5914
5916
5918
5920
5922
5924
5926
5928
5930
5932
5934
5936
5938
5941
5943
5945
5947
5949
5951
5953
5955
5957
5959
5961
5963
5965
5967
5969
5971
5973
5975
5977
5979
5981
5983
5985
5987
5989
5991
5993
5995
5997
6000
6002
6004
6006
6008
6010
6012
6014
6016
6018
6020
6022
6024
6026
6029
6031
6033
6035
6037
6039
6041
6043
6045
6047
6049
6051
6053
6056
6058
6060
6062
6064
6066
6068
6070
6072
6074
6076
6078
6080
6083
6085
6087
6089
6091
6093
6095
6097
6099
6101
6103
6105
6107
6110
6112
6114
6116
6118
6120
6122
6124
6127
6129
6131
6133
6135
6137
6139
6141
6144
6146
6148
6150
6152
6154
6156
6158
6161
6163
6165
6167
6169
6171
6173
6175
6178
6180
6182
6184
6186
6188
6190
6192
6195
6197
6199
6201
6203
6205
6207
6210
6211
6213
6215
6217
6219
6221
6223
6225
6227
6228
6230
6232
6234
6236
6238
6240
6242
6244
6246
6247
6249
6251
6253
6255
6257
6259
6261
6263
6265
6266
6268
6270
6272
6274
6276
6278
6280
6282
6283
6285
6287
6289
6291
6293
6295
6297
6299
6301
6302
6304
6306
6308
6310
6312
6314
6316
6318
6320
6321
6323
6325
6327
6329
6331
6333
6335
6337
6339
6341
6343
6345
6346
6348
6350
6352
6354
6356
6358
6360
6362
6364
6366
6368
6370
6371
6373
6375
6377
6379
6381
6383
6385
6387
6389
6391
6393
6395
6396
6398
6400
6402
6404
6406
6408
6410
6412
6414
6416
6418
6420
6422
6424
6426
6428
6431
6433
6435
6437
6440
6442
6444
6446
6449
6451
6453
6455
6458
6460
6462
6464
6467
6469
6471
6473
6476
6478
6480
6482
6485
6487
6489
6491
6494
6496
6498
6500
6503
6505
6507
6509
6512
6514
6516
6518
6521
6523
6525
6527
6530
6531
6533
6535
6537
6539
6540
6542
6544
6546
6548
6550
6551
6553
6555
6557
6559
6560
6562
6564
6566
6568
6570
6571
6573
6575
6577
6579
6580
6582
6584
6586
6588
6590
6591
6593
6595
6597
6599
6600
6602
6604
6606
6608
6610
6611
6613
6615
6617
6619
6620
6622
6624
6626
6628
6630
6631
6633
6635
6637
6639
6641
6643
6645
6647
6648
6650
6652
6654
6656
6658
6660
6662
6664
6666
6667
6669
6671
6673
6675
6677
6679
6681
6683
6685
6686
6688
6690
6692
6694
6696
6698
6700
6702
6703
6705
6707
6709
6711
6713
6715
6717
6719
6721
6722
6724
6726
6728
6730
6732
6734
6736
6738
6740
6741
6743
6745
6747
6749
6751
6753
6754
6756
6758
6760
6762
6764
6766
6767
6769
6771
6773
6775
6777
6779
6781
6782
6784
6786
6788
6790
6792
6794
6795
6797
6799
6801
6803
6805
6807
6808
6810
6812
6814
6816
6818
6820
6822
6823
6825
6827
6829
6831
6833
6835
6836
6838
6840
6842
6844
6846
6848
6850
6851
6853
6855
6857
6859
6860
6862
6864
6866
6868
6870
6871
6873
6875
6877
6879
6880
6882
6884
6886
6888
6890
6891
6893
6895
6897
6899
6900
6902
6904
6906
6908
6910
6911
6913
6915
6917
6919
6920
6922
6924
6926
6928
6930
6931
6933
6935
6937
6939
6940
6942
6944
6946
6948
6950
6952
6954
6956
6958
6960
6962
6965
6967
6969
6971
6973
6975
6978
6980
6982
6984
6986
6988
6990
6993
6995
6997
6999
7001
7003
7006
7008
7010
7012
7014
7016
7019
7021
7023
7025
7027
7029
7031
7034
7036
7038
7040
7042
7044
7047
7049
7051
7053
7055
7057
7060
7061
7063
7065
7066
7068
7070
7072
7073
7075
7077
7078
7080
7082
7084
7085
7087
7089
7091
7092
7094
7096
7097
7099
7101
7103
7104
7106
7108
7109
7111
7113
7115
7116
7118
7120
7122
7123
7125
7127
7128
7130
7132
7134
7135
7137
7139
7141
7142
7144
7146
7147
7149
7151
7153
7154
7156
7158
7160
7162
7164
7166
7168
7171
7173
7175
7177
7179
7182
7184
7186
7188
7190
7193
7195
7197
7199
7201
7204
7206
7208
7210
7212
7215
7217
7219
7221
7223
7226
7228
7230
7232
7234
7237
7239
7241
7243
7245
7247
7250
7252
7254
7256
7258
7261
7263
7265
7267
7270
7271
7273
7275
7276
7278
7280
7281
7283
7285
7286
7288
7290
7292
7293
7295
7297
7298
7300
7302
7303
7305
7307
7308
7310
7312
7314
7315
7317
7319
7320
7322
7324
7325
7327
7329
7330
7332
7334
7335
7337
7339
7341
7342
7344
7346
7347
7349
7351
7352
7354
7356
7358
7359
7361
7363
7364
7366
7368
7369
7371
7373
7374
7376
7378
7380
7381
7383
7385
7386
7388
7390
7392
7393
7395
7397
7398
7400
7402
7404
7405
7407
7409
7410
7412
7414
7416
7417
7419
7421
7422
7424
7426
7428
7429
7431
7433
7435
7436
7438
7440
7441
7443
7445
7447
7448
7450
7452
7453
7455
7457
7459
7460
7462
7464
7465
7467
7469
7471
7472
7474
7476
7477
7479
7481
7483
7484
7486
7488
7490
7492
7494
7496
7498
7500
7502
7504
7506
7508
7510
7512
7514
7516
7518
7520
7522
7524
7526
7528
7530
7532
7534
7536
7538
7540
7542
7545
7547
7549
7551
7553
7555
7557
7559
7561
7563
7565
7567
7569
7571
7573
7575
7577
7579
7581
7583
7585
7587
7589
7591
7593
7595
7597
7600
7601
7603
7604
7606
7607
7609
7610
7612
7614
7615
7617
7618
7620
7621
7623
7625
7626
7628
7629
7631
7632
7634
7635
7637
7639
7640
7642
7643
7645
7646
7648
7650
7651
7653
7654
7656
7657
7659
7660
7662
7664
7665
7667
7668
7670
7671
7673
7675
7676
7678
7679
7681
7682
7684
7685
7687
7689
7690
7692
7693
7695
7696
7698
7700
7702
7704
7706
7708
7710
7712
7714
7716
7719
7721
7723
7725
7727
7729
7731
7733
7735
7738
7740
7742
7744
7746
7748
7750
7752
7755
7757
7759
7761
7763
7765
7767
7769
7771
7774
7776
7778
7780
7782
7784
7786
7788
7790
7793
7795
7797
7799
7801
7803
7805
7807
7810
7811
7813
7815
7817
7818
7820
7822
7824
7826
7827
7829
7831
7833
7835
7836
7838
7840
7842
7843
7845
7847
7849
7851
7852
7854
7856
7858
7859
7861
7863
7865
7867
7868
7870
7872
7874
7876
7877
7879
7881
7883
7885
7886
7888
7890
7892
7893
7895
7897
7899
7901
7902
7904
7906
7908
7910
7911
7913
7915
7917
7919
7921
7923
7925
7927
7929
7931
7933
7935
7937
7939
7941
7943
7945
7947
7949
7951
7953
7955
7957
7959
7961
7963
7965
7966
7968
7970
7972
7974
7976
7978
7980
7982
7984
7986
7988
7990
7992
7994
7996
7998
8000
8002
8004
8006
8008
8010
8012
8014
8016
8018
8020
8022
8024
8026
8028
8030
8032
8035
8037
8039
8041
8043
8045
8048
8050
8052
8054
8056
8058
8060
8063
8065
8067
8069
8071
8073
8076
8078
8080
8082
8084
8086
8089
8091
8093
8095
8097
8099
8101
8104
8106
8108
8110
8112
8114
8117
8119
8121
8123
8125
8127
8130
8131
8133
8135
8137
8138
8140
8142
8144
8145
8147
8149
8151
8153
8154
8156
8158
8160
8161
8163
8165
8167
8169
8170
8172
8174
8176
8177
8179
8181
8183
8185
8186
8188
8190
8192
8193
8195
8197
8199
8200
8202
8204
8206
8208
8209
8211
8213
8215
8216
8218
8220
8222
8224
8225
8227
8229
8231
8232
8234
8236
8238
8240
8242
8244
8246
8248
8250
8252
8254
8256
8258
8260
8262
8264
8266
8268
8270
8272
8274
8276
8278
8280
8282
8284
8286
8288
8290
8292
8295
8297
8299
8301
8303
8305
8307
8309
8311
8313
8315
8317
8319
8321
8323
8325
8327
8329
8331
8333
8335
8337
8339
8341
8343
8345
8347
8350
8351
8353
8355
8357
8359
8361
8362
8364
8366
8368
8370
8372
8374
8375
8377
8379
8381
8383
8385
8387
8388
8390
8392
8394
8396
8398
8399
8401
8403
8405
8407
8409
8411
8412
8414
8416
8418
8420
8422
8424
8425
8427
8429
8431
8433
8435
8437
8438
8440
8442
8444
8446
8448
8450
8451
8453
8455
8457
8459
8461
8463
8465
8467
8469
8471
8473
8475
8477
8479
8481
8483
8485
8487
8489
8491
8493
8495
8497
8499
8501
8503
8504
8506
8508
8510
8512
8514
8516
8518
8520
8522
8524
8526
8528
8530
8532
8534
8536
8538
8540
8542
8544
8546
8548
8550
8552
8554
8556
8558
8560
8562
8564
8566
8568
8570
8572
8574
8576
8578
8580
8582
8584
8586
8588
8590
8592
8594
8596
8598
8600
8602
8604
8606
8608
8611
8613
8615
8617
8619
8621
8623
8625
8627
8629
8631
8633
8635
8637
8639
8641
8643
8645
8647
8649
8651
8653
8655
8657
8660
8661
8663
8665
8667
8669
8671
8673
8675
8677
8679
8681
8683
8685
8687
8688
8690
8692
8694
8696
8698
8700
8702
8704
8706
8708
8710
8712
8714
8715
8717
8719
8721
8723
8725
8727
8729
8731
8733
8735
8737
8739
8741
8742
8744
8746
8748
8750
8752
8754
8756
8758
8760
8762
8764
8766
8768
8770
8771
8773
8775
8777
8779
8781
8783
8785
8787
8789
8791
8793
8795
8797
8798
8800
8802
8804
8806
8808
8810
8812
8814
8816
8818
8820
8822
8824
8825
8827
8829
8831
8833
8835
8837
8839
8841
8843
8845
8847
8849
8851
8852
8854
8856
8858
8860
8862
8864
8866
8868
8870
8872
8874
8876
8878
8880
8882
8885
8888
8890
8893
8896
8898
8901
8904
8906
8909
8912
8914
8917
8920
8922
8925
8928
8930
8933
8936
8939
8941
8944
8947
8949
8952
8955
8957
8960
8963
8965
8968
8971
8973
8976
8979
8981
8984
8987
8990
8992
8995
8997
9000
9003
9005
9008
9010
9013
9016
9018
9021
9023
9026
9029
9031
9034
9036
9039
9042
9044
9047
9050
9052
9055
9057
9060
9063
9065
9068
9070
9073
9076
9078
9081
9083
9086
9089
9091
9094
9096
9099
9102
9104
9107
9110
9112
9114
9116
9118
9120
9122
9124
9127
9129
9131
9133
9135
9137
9139
9141
9144
9146
9148
9150
9152
9154
9156
9158
9161
9163
9165
9167
9169
9171
9173
9175
9178
9180
9182
9184
9186
9188
9190
9192
9195
9197
9199
9201
9203
9205
9207
9210
9212
9215
9217
9220
9223
9225
9228
9230
9233
9236
9238
9241
9244
9246
9249
9251
9254
9257
9259
9262
9265
9267
9270
9272
9275
9278
9280
9283
9285
9288
9291
9293
9296
9299
9301
9304
9306
9309
9312
9314
9317
9320
9322
9324
9326
9328
9330
9332
9334
9337
9339
9341
9343
9345
9347
9349
9351
9354
9356
9358
9360
9362
9364
9366
9368
9371
9373
9375
9377
9379
9381
9383
9385
9388
9390
9392
9394
9396
9398
9400
9402
9405
9407
9409
9411
9413
9415
9417
9420
9422
9424
9426
9427
9430
9432
9434
9436
9438
9440
9442
9443
9446
9448
9450
9452
9454
9456
9458
9459
9462
9464
9466
9468
9469
9472
9474
9476
9478
9480
9482
9484
9485
9488
9490
9492
9494
9495
9498
9500
9501
9504
9506
9508
9510
9511
9514
9516
9517
9520
9522
9524
9526
9527
9530
9532
9534
9536
9538
9540
9542
9544
9546
9548
9550
9552
9554
9556
9559
9561
9563
9565
9567
9569
9571
9573
9575
9577
9579
9581
9583
9586
9588
9590
9592
9594
9596
9598
9600
9602
9604
9606
9608
9610
9613
9615
9617
9619
9621
9623
9625
9627
9629
9631
9633
9635
9637
9640
9641
9643
9644
9646
9647
9649
9651
9652
9654
9655
9657
9658
9660
9662
9663
9665
9666
9668
9669
9671
9673
9674
9676
9677
9679
9680
9682
9684
9685
9687
9688
9690
9691
9693
9695
9696
9698
9699
9701
9702
9704
9706
9707
9709
9710
9712
9713
9715
9717
9718
9720
9721
9723
9724
9726
9728
9729
9731
9732
9734
9735
9737
9739
9740
9742
9743
9745
9746
9748
9750
9752
9754
9756
9758
9760
9762
9765
9767
9769
9771
9773
9775
9778
9780
9782
9784
9786
9788
9790
9793
9795
9797
9799
9801
9803
9806
9808
9810
9812
9814
9816
9819
9821
9823
9825
9827
9829
9831
9834
9836
9838
9840
9842
9844
9847
9849
9851
9853
9855
9857
9860
9861
9863
9865
9867
9868
9870
9872
9874
9875
9877
9879
9881
9882
9884
9886
9888
9889
9891
9893
9895
9896
9898
9900
9902
9903
9905
9907
9909
9910
9912
9914
9916
9917
9919
9921
9923
9924
9926
9928
9930
9931
9933
9935
9937
9938
9940
9942
9944
9945
9947
9949
9951
9952
9954
9956
9958
9960
9962
9964
9966
9968
9971
9973
9975
9977
9979
9982
9984
9986
9988
9990
9993
9995
9997
9999
10001
10004
10006
10008
10010
10012
10015
10017
10019
10021
10023
10026
10028
10030
10032
10034
10037
10039
10041
10043
10045
10048
10050
10052
10054
10056
10059
10061
10063
10065
10067
10070
10072
10074
10076
10078
10080
10082
10084
10086
10088
10090
10092
10094
10096
10098
10100
10102
10104
10106
10108
10110
10112
10114
10116
10118
10120
10122
10124
10126
10128
10130
10132
10134
10136
10138
10140
10142
10144
10146
10148
10150
10152
10154
10156
10158
10160
10162
10164
10166
10168
10170
10172
10174
10176
10177
10180
10182
10184
10186
10188
10190
10192
10193
10196
10198
10200
10202
10204
10206
10208
10209
10212
10214
10216
10218
10219
10222
10224
10226
10228
10230
10232
10234
10235
10238
10240
10242
10244
10245
10248
10250
10251
10254
10256
10258
10260
10261
10264
10266
10267
10270
10272
10274
10276
10277
10280
10282
10284
10286
10288
10290
10292
10294
10296
10298
10300
10302
10304
10306
10308
10310
10312
10314
10316
10318
10320
10322
10324
10326
10328
10331
10333
10335
10337
10339
10341
10343
10345
10347
10349
10351
10353
10355
10357
10359
10361
10363
10365
10367
10369
10371
10373
10375
10377
10380
10381
10383
10385
10386
10388
10390
10391
10393
10395
10396
10398
10400
10402
10403
10405
10407
10408
10410
10412
10413
10415
10417
10418
10420
10422
10424
10425
10427
10429
10430
10432
10434
10435
10437
10439
10440
10442
10444
10446
10447
10449
10451
10452
10454
10456
10457
10459
10461
10462
10464
10466
10468
10469
10471
10473
10474
10476
10478
10479
10481
10483
10484
10486
10488
10490
10491
10493
10495
10497
10499
10501
10503
10504
10506
10508
10510
10512
10514
10516
10517
10519
10521
10523
10525
10527
10529
10531
10532
10534
10536
10538
10540
10542
10544
10545
10547
10549
10551
10553
10555
10557
10558
10560
10562
10564
10566
10568
10570
10572
10573
10575
10577
10579
10581
10583
10585
10586
10588
10590
10592
10594
10596
10598
10600
10602
10604
10606
10607
10610
10612
10613
10616
10618
10620
10622
10623
10626
10628
10629
10632
10634
10636
10638
10639
10642
10644
10645
10648
10650
10652
10654
10655
10658
10660
10661
10664
10665
10668
10670
10671
10674
10676
10677
10680
10681
10684
10686
10687
10690
10692
10693
10696
10697
10700
10701
10703
10704
10706
10708
10709
10711
10713
10714
10716
10718
10719
10721
10722
10724
10726
10727
10729
10731
10732
10734
10736
10737
10739
10741
10742
10744
10745
10747
10749
10750
10752
10754
10755
10757
10759
10760
10762
10764
10765
10767
10768
10770
10772
10773
10775
10777
10778
10780
10782
10783
10785
10787
10788
10790
10791
10793
10795
10796
10798
10800
10801
10803
10805
10806
10808
10810
10811
10813
10815
10817
10819
10821
10822
10824
10826
10828
10830
10832
10834
10835
10837
10839
10841
10843
10845
10847
10848
10850
10852
10854
10856
10858
10860
10861
10863
10865
10867
10869
10871
10872
10874
10876
10878
10880
10882
10884
10885
10887
10889
10891
10893
10895
10897
10898
10900
10902
10904
10906
10908
10910
10911
10913
10914
10916
10918
10919
10921
10923
10924
10926
10928
10929
10931
10932
10934
10936
10937
10939
10941
10942
10944
10946
10947
10949
10951
10952
10954
10955
10957
10959
10960
10962
10964
10965
10967
10969
10970
10972
10974
10975
10977
10978
10980
10982
10983
10985
10987
10988
10990
10992
10993
10995
10997
10998
11000
11001
11003
11005
11006
11008
11010
11011
11013
11015
11016
11018
11020
11021
11023
11025
11027
11029
11030
11032
11034
11036
11038
11040
11042
11043
11045
11047
11049
11051
11053
11054
11056
11058
11060
11062
11064
11065
11067
11069
11071
11073
11075
11076
11078
11080
11082
11084
11086
11087
11089
11091
11093
11095
11097
11098
11100
11102
11104
11106
11108
11109
11111
11113
11115
11117
11119
11120
11122
11124
11126
11128
11130
11131
11133
11135
11137
11139
11141
11143
11145
11147
11148
11150
11152
11154
11156
11158
11160
11162
11164
11166
11167
11169
11171
11173
11175
11177
11179
11181
11183
11185
11186
11188
11190
11192
11194
11196
11198
11200
11202
11203
11205
11207
11209
11211
11213
11215
11217
11219
11221
11222
11224
11226
11228
11230
11232
11234
11236
11238
11240
11241
11243
11245
11247
11249
11251
11253
11254
11256
11258
11260
11262
11264
11266
11267
11269
11271
11273
11275
11277
11279
11281
11282
11284
11286
11288
11290
11292
11294
11295
11297
11299
11301
11303
11305
11307
11308
11310
11312
11314
11316
11318
11320
11322
11323
11325
11327
11329
11331
11333
11335
11336
11338
11340
11342
11344
11346
11348
11350
11351
11353
11355
11357
11359
11361
11362
11364
11366
11368
11370
11372
11374
11375
11377
11379
11381
11383
11385
11387
11388
11390
11392
11394
11396
11398
11399
11401
11403
11405
11407
11409
11411
11412
11414
11416
11418
11420
11422
11424
11425
11427
11429
11431
11433
11435
11437
11438
11440
11442
11444
11446
11448
11450
11452
11454
11456
11458
11460
11462
11465
11467
11469
11471
11473
11475
11478
11480
11482
11484
11486
11488
11490
11493
11495
11497
11499
11501
11503
11506
11508
11510
11512
11514
11516
11519
11521
11523
11525
11527
11529
11531
11534
11536
11538
11540
11542
11544
11547
11549
11551
11553
11555
11557
11560
11561
11563
11565
11567
11569
11571
11573
11575
11577
11579
11581
11583
11585
11587
11589
11591
11593
11595
11597
11599
11601
11603
11605
11607
11609
11610
11612
11614
11616
11618
11620
11622
11624
11626
11628
11630
11632
11634
11636
11638
11640
11642
11644
11646
11648
11650
11652
11654
11656
11658
11660
11662
11664
11666
11668
11670
11672
11674
11676
11678
11680
11682
11684
11686
11689
11691
11693
11695
11697
11699
11701
11703
11705
11707
11709
11711
11713
11716
11718
11720
11722
11724
11726
11728
11730
11732
11734
11736
11738
11740
11743
11745
11747
11749
11751
11753
11755
11757
11759
11761
11763
11765
11767
11770
11771
11773
11775
11777
11779
11780
11782
11784
11786
11788
11789
11791
11793
11795
11797
11798
11800
11802
11804
11806
11807
11809
11811
11813
11815
11816
11818
11820
11822
11824
11825
11827
11829
11831
11833
11834
11836
11838
11840
11842
11843
11845
11847
11849
11851
11852
11854
11856
11858
11860
11861
11863
11865
11867
11869
11870
11872
11874
11876
11878
11880
11882
11884
11886
11888
11890
11892
11894
11896
11899
11901
11903
11905
11907
11909
11911
11913
11915
11918
11920
11922
11924
11926
11928
11930
11932
11935
11937
11939
11941
11943
11945
11947
11949
11951
11954
11956
11958
11960
11962
11964
11966
11968
11970
11973
11975
11977
11979
11981
11983
11985
11987
11990
11991
11993
11995
11997
11999
12001
12003
12005
12007
12009
12011
12013
12015
12017
12018
12020
12022
12024
12026
12028
12030
12032
12034
12036
12038
12040
12042
12044
12045
12047
12049
12051
12053
12055
12057
12059
12061
12063
12065
12067
12069
12071
12072
12074
12076
12078
12080
12082
12084
12086
12088
12090
12092
12094
12096
12098
12100
12101
12103
12105
12106
12108
12110
12111
12113
12115
12116
12118
12120
12122
12123
12125
12127
12128
12130
12132
12133
12135
12137
12138
12140
12142
12144
12145
12147
12149
12150
12152
12154
12155
12157
12159
12161
12162
12164
12166
12167
12169
12171
12172
12174
12176
12177
12179
12181
12183
12184
12186
12188
12189
12191
12193
12194
12196
12198
12200
12202
12204
12206
12208
12210
12212
12214
12216
12219
12221
12223
12225
12227
12229
12231
12233
12235
12238
12240
12242
12244
12246
12248
12250
12252
12254
12257
12259
12261
12263
12265
12267
12269
12271
12274
12276
12278
12280
12282
12284
12286
12288
12290
12293
12295
12297
12299
12301
12303
12305
12307
12310
12311
12313
12315
12317
12319
12321
12322
12324
12326
12328
12330
12332
12334
12335
12337
12339
12341
12343
12345
12347
12348
12350
12352
12354
12356
12358
12360
12361
12363
12365
12367
12369
12371
12372
12374
12376
12378
12380
12382
12384
12385
12387
12389
12391
12393
12395
12397
12398
12400
12402
12404
12406
12408
12410
12411
12413
12415
12417
12418
12420
12422
12424
12425
12427
12429
12431
12433
12434
12436
12438
12440
12441
12443
12445
12447
12449
12450
12452
12454
12456
12457
12459
12461
12463
12465
12466
12468
12470
12472
12473
12475
12477
12479
12480
12482
12484
12486
12488
12489
12491
12493
12495
12496
12498
12500
12502
12504
12505
12507
12509
12511
12512
12514
12516
12518
12520
12522
12524
12526
12528
12530
12532
12534
12536
12539
12541
12543
12545
12547
12549
12551
12553
12555
12558
12560
12562
12564
12566
12568
12570
12572
12575
12577
12579
12581
12583
12585
12587
12589
12591
12594
12596
12598
12600
12602
12604
12606
12608
12610
12613
12615
12617
12619
12621
12623
12625
12627
12630
12631
12633
12635
12637
12639
12641
12643
12645
12647
12649
12651
12653
12655
12657
12658
12660
12662
12664
12666
12668
12670
12672
12674
12676
12678
12680
12682
12684
12685
12687
12689
12691
12693
12695
12697
12699
12701
12703
12705
12707
12709
12711
12712
12714
12716
12718
12720
12722
12724
12726
12728
12730
12732
12734
12736
12738
12740
12741
12743
12745
12747
12749
12751
12753
12755
12757
12759
12761
12763
12765
12767
12768
12770
12772
12774
12776
12778
12780
12782
12784
12786
12788
12790
12792
12794
12795
12797
12799
12801
12803
12805
12807
12809
12811
12813
12815
12817
12819
12821
12822
12824
12826
12828
12830
12832
12834
12836
12838
12840
12842
12844
12846
12848
12850
12852
12854
12856
12858
12860
12862
12864
12866
12868
12870
12872
12875
12877
12879
12881
12883
12885
12887
12889
12891
12893
12895
12897
12899
12902
12904
12906
12908
12910
12912
12914
12916
12918
12920
12922
12924
12927
12929
12931
12933
12935
12937
12939
12941
12943
12945
12947
12950
12951
12953
12955
12957
12959
12961
12963
12965
12967
12968
12970
12972
12974
12976
12978
12980
12982
12984
12986
12987
12989
12991
12993
12995
12997
12999
13001
13003
13004
13006
13008
13010
13012
13014
13016
13018
13020
13022
13023
13025
13027
13029
13031
13033
13035
13037
13039
13041
13042
13044
13046
13048
13050
13052
13054
13056
13058
13060
13061
13063
13065
13067
13068
13070
13072
13074
13076
13077
13079
13081
13083
13085
13086
13088
13090
13092
13093
13095
13097
13099
13101
13102
13104
13106
13108
13110
13111
13113
13115
13117
13118
13120
13122
13124
13126
13127
13129
13131
13133
13135
13136
13138
13140
13142
13143
13145
13147
13149
13151
13152
13154
13156
13158
13160
13161
13163
13165
13167
13169
13170
13172
13174
13176
13178
13179
13181
13183
13185
13187
13188
13190
13192
13194
13196
13197
13199
13201
13203
13205
13206
13208
13210
13212
13214
13215
13217
13219
13221
13223
13224
13226
13228
13230
13232
13233
13235
13237
13239
13241
13242
13244
13246
13248
13250
13251
13253
13255
13257
13259
13260
13262
13264
13266
13268
13270
13271
13273
13275
13277
13279
13281
13283
13285
13287
13289
13291
13293
13295
13297
13298
13300
13302
13304
13306
13308
13310
13312
13314
13316
13318
13320
13322
13324
13325
13327
13329
13331
13333
13335
13337
13339
13341
13343
13345
13347
13349
13351
13352
13354
13356
13358
13360
13362
13364
13366
13368
13370
13372
13374
13376
13378
13380
13381
13383
13385
13387
13389
13391
13393
13395
13397
13398
13400
13402
13404
13406
13408
13410
13412
13414
13416
13417
13419
13421
13423
13425
13427
13429
13431
13433
13435
13436
13438
13440
13442
13444
13446
13448
13450
13452
13453
13455
13457
13459
13461
13463
13465
13467
13469
13471
13472
13474
13476
13478
13480
13482
13484
13486
13488
13490
13492
13494
13496
13498
13500
13502
13504
13506
13508
13510
13512
13514
13516
13518
13520
13522
13524
13526
13528
13530
13532
13534
13536
13538
13540
13542
13544
13546
13548
13550
13552
13554
13556
13558
13560
13562
13564
13565
13568
13570
13572
13574
13576
13578
13580
13581
13584
13586
13588
13590
13592
13594
13596
13597
13600
13602
13604
13606
13608
13611
13613
13615
13617
13619
13622
13624
13626
13628
13630
13633
13635
13637
13639
13641
13644
13646
13648
13650
13652
13655
13657
13659
13661
13663
13666
13668
13670
13672
13674
13677
13679
13681
13683
13685
13688
13690
13692
13694
13696
13699
13701
13703
13705
13707
13710
13711
13713
13715
13717
13719
13721
13722
13724
13726
13728
13730
13732
13733
13735
13737
13739
13741
13743
13744
13746
13748
13750
13752
13754
13755
13757
13759
13761
13763
13765
13766
13768
13770
13772
13774
13776
13777
13779
13781
13783
13785
13787
13788
13790
13792
13794
13796
13798
13799
13801
13803
13805
13807
13809
13810
13812
13814
13816
13818
13820
13821
13823
13825
13827
13829
13830
13832
13834
13836
13838
13840
13841
13843
13845
13847
13849
13850
13852
13854
13856
13858
13860
13861
13863
13865
13867
13869
13870
13872
13874
13876
13878
13880
13881
13883
13885
13887
13889
13890
13892
13894
13896
13898
13900
13901
13903
13905
13907
13909
13910
13912
13914
13916
13918
13920
13922
13924
13926
13928
13930
13932
13934
13936
13938
13940
13942
13944
13946
13948
13950
13952
13954
13956
13958
13960
13962
13964
13966
13968
13970
13972
13975
13977
13979
13981
13983
13985
13987
13989
13991
13993
13995
13997
13999
14001
14003
14005
14007
14009
14011
14013
14015
14017
14019
14021
14023
14025
14027
14030
14031
14033
14034
14036
14038
14039
14041
14043
14044
14046
14048
14049
14051
14052
14054
14056
14057
14059
14061
14062
14064
14066
14067
14069
14070
14072
14074
14075
14077
14079
14080
14082
14084
14085
14087
14089
14090
14092
14093
14095
14097
14098
14100
14102
14103
14105
14107
14108
14110
14111
14113
14115
14116
14118
14120
14121
14123
14125
14126
14128
14130
14131
14133
14135
14137
14139
14140
14142
14144
14146
14148
14149
14151
14153
14155
14157
14158
14160
14162
14164
14166
14167
14169
14171
14173
14175
14176
14178
14180
14182
14184
14185
14187
14189
14191
14193
14194
14196
14198
14200
14202
14203
14205
14207
14209
14211
14212
14214
14216
14218
14220
14221
14223
14225
14227
14229
14230
14232
14234
14236
14238
14240
14241
14243
14245
14247
14249
14251
14253
14255
14257
14258
14260
14262
14264
14266
14268
14270
14272
14274
14276
14277
14279
14281
14283
14285
14287
14289
14291
14293
14295
14296
14298
14300
14302
14304
14306
14308
14310
14312
14313
14315
14317
14319
14321
14323
14325
14327
14329
14331
14332
14334
14336
14338
14340
14342
14344
14346
14348
14350
14351
14353
14355
14357
14359
14361
14363
14365
14366
14368
14370
14372
14374
14376
14378
14380
14382
14383
14385
14387
14389
14391
14393
14395
14397
14399
14400
14402
14404
14406
14408
14410
14412
14414
14416
14417
14419
14421
14423
14425
14427
14429
14431
14433
14434
14436
14438
14440
14442
14444
14446
14448
14450
14451
14453
14454
14456
14457
14459
14460
14462
14463
14465
14466
14468
14469
14471
14472
14474
14475
14477
14479
14480
14482
14483
14485
14486
14488
14489
14491
14492
14494
14495
14497
14498
14500
14501
14503
14504
14506
14508
14509
14511
14512
14514
14515
14517
14518
14520
14521
14523
14524
14526
14527
14529
14530
14532
14534
14535
14537
14538
14540
14541
14543
14544
14546
14547
14549
14550
14552
14553
14555
14556
14558
14560
14562
14564
14566
14568
14570
14572
14574
14576
14578
14580
14582
14584
14586
14588
14590
14592
14594
14596
14598
14600
14602
14604
14606
14608
14611
14613
14615
14617
14619
14621
14623
14625
14627
14629
14631
14633
14635
14637
14639
14641
14643
14645
14647
14649
14651
14653
14655
14657
14660
14661
14663
14665
14667
14669
14671
14673
14675
14677
14679
14681
14683
14685
14687
14689
14691
14693
14695
14697
14699
14701
14703
14705
14707
14709
14711
14713
14715
14716
14718
14720
14722
14724
14726
14728
14730
14732
14734
14736
14738
14740
14742
14744
14746
14748
14750
14752
14754
14756
14758
14760
14762
14764
14766
14768
14770
14771
14773
14775
14776
14778
14780
14781
14783
14785
14786
14788
14790
14792
14793
14795
14797
14798
14800
14802
14803
14805
14807
14808
14810
14812
14814
14815
14817
14819
14820
14822
14824
14825
14827
14829
14830
14832
14834
14836
14837
14839
14841
14842
14844
14846
14847
14849
14851
14852
14854
14856
14858
14859
14861
14863
14864
14866
14868
14869
14871
14873
14874
14876
14878
14880
14882
14884
14886
14888
14890
14892
14894
14896
14898
14900
14902
14904
14906
14908
14910
14912
14914
14916
14918
14920
14922
14924
14926
14928
14930
14932
14935
14937
14939
14941
14943
14945
14947
14949
14951
14953
14955
14957
14959
14961
14963
14965
14967
14969
14971
14973
14975
14977
14979
14981
14983
14985
14987
14990
14991
14993
14995
14997
14998
15000
15002
15004
15005
15007
15009
15011
15013
15014
15016
15018
15020
15021
15023
15025
15027
15029
15030
15032
15034
15036
15037
15039
15041
15043
15045
15046
15048
15050
15052
15053
15055
15057
15059
15060
15062
15064
15066
15068
15069
15071
15073
15075
15076
15078
15080
15082
15084
15085
15087
15089
15091
15092
15094
15096
15098
15100
15101
15103
15105
15106
15108
15110
15112
15113
15115
15117
15118
15120
15122
15124
15125
15127
15129
15131
15132
15134
15136
15137
15139
15141
15143
15144
15146
15148
15149
15151
15153
15155
15156
15158
15160
15162
15163
15165
15167
15168
15170
15172
15174
15175
15177
15179
15181
15182
15184
15186
15187
15189
15191
15193
15194
15196
15198
15200
15202
15204
15206
15208
15210
15212
15214
15216
15218
15220
15222
15224
15226
15229
15231
15233
15235
15237
15239
15241
15243
15245
15247
15249
15251
15253
15256
15258
15260
15262
15264
15266
15268
15270
15272
15274
15276
15278
15280
15283
15285
15287
15289
15291
15293
15295
15297
15299
15301
15303
15305
15307
15310
15312
15314
15316
15318
15320
15322
15324
15326
15328
15330
15332
15335
15337
15339
15341
15343
15345
15347
15349
15351
15353
15355
15357
15360
15362
15364
15366
15368
15370
15372
15374
15376
15378
15380
15382
15385
15387
15389
15391
15393
15395
15397
15399
15401
15403
15405
15407
15410
15411
15413
15415
15416
15418
15420
15421
15423
15425
15426
15428
15430
15431
15433
15435
15436
15438
15440
15441
15443
15445
15446
15448
15450
15451
15453
15455
15456
15458
15459
15461
15463
15465
15466
15468
15470
15471
15473
15475
15476
15478
15480
15481
15483
15485
15486
15488
15490
15491
15493
15495
15496
15498
15500
15501
15503
15504
15506
15508
15510
15511
15513
15514
15516
15518
15520
15521
15523
15525
15527
15529
15531
15533
15535
15537
15539
15541
15543
15545
15547
15548
15550
15552
15554
15556
15558
15560
15562
15564
15566
15568
15570
15572
15574
15575
15577
15579
15581
15583
15585
15587
15589
15591
15593
15595
15597
15599
15601
15602
15604
15606
15608
15610
15612
15614
15616
15618
15620
15622
15624
15626
15628
15630
15632
15634
15636
15639
15641
15643
15646
15648
15650
15653
15655
15657
15660
15662
15664
15666
15669
15671
15673
15676
15678
15680
15683
15685
15687
15690
15692
15694
15696
15699
15701
15703
15706
15708
15710
15713
15715
15717
15720
15722
15724
15726
15729
15731
15733
15736
15738
15740
15743
15745
15747
15750
15751
15753
15755
15757
15759
15761
15763
15765
15767
15768
15770
15772
15774
15776
15778
15780
15782
15784
15786
15787
15789
15791
15793
15795
15797
15799
15801
15803
15805
15806
15808
15810
15812
15814
15816
15818
15820
15822
15823
15825
15827
15829
15831
15833
15835
15837
15839
15841
15842
15844
15846
15848
15850
15852
15854
15856
15858
15860
15861
15863
15865
15867
15869
15871
15873
15875
15877
15879
15881
15883
15885
15887
15889
15891
15893
15895
15897
15899
15901
15903
15905
15907
15909
15910
15912
15914
15916
15918
15920
15922
15924
15926
15928
15930
15932
15934
15936
15938
15940
15942
15944
15946
15948
15950
15952
15954
15956
15958
15960
15961
15963
15965
15967
15968
15970
15972
15974
15975
15977
15979
15981
15983
15984
15986
15988
15990
15991
15993
15995
15997
15999
16000
16002
16004
16006
16007
16009
16011
16013
16015
16016
16018
16020
16022
16023
16025
16027
16029
16030
16032
16034
16036
16038
16039
16041
16043
16045
16046
16048
16050
16052
16054
16055
16057
16059
16061
16062
16064
16066
16068
16070
16071
16073
16075
16077
16078
16080
16082
16084
16086
16087
16089
16091
16093
16094
16096
16098
16100
16102
16103
16105
16107
16109
16111
16112
16114
16116
16118
16120
16121
16123
16125
16127
16128
16130
16132
16134
16136
16137
16139
16141
16143
16145
16146
16148
16150
16152
16153
16155
16157
16159
16161
16162
16164
16166
16168
16170
16172
16174
16176
16178
16180
16182
16184
16186
16189
16191
16193
16195
16197
16199
16201
16203
16205
16208
16210
16212
16214
16216
16218
16220
16222
16225
16227
16229
16231
16233
16235
16237
16239
16241
16244
16246
16248
16250
16252
16254
16256
16258
16260
16263
16265
16267
16269
16271
16273
16275
16277
16280
16281
16283
16285
16287
16289
16291
16293
16295
16296
16298
16300
16302
16304
16306
16308
16310
16312
16313
16315
16317
16319
16321
16323
16325
16327
16329
16330
16332
16334
16336
16338
16340
16342
16344
16346
16347
16349
16351
16353
16355
16357
16359
16361
16363
16364
16366
16368
16370
16372
16374
16376
16378
16379
16382
16385
16387
16390
16392
16395
16397
16400
16402
16405
16408
16410
16413
16415
16418
16420
16423
16425
16428
16431
16433
16436
16438
16441
16443
16446
16448
16451
16454
16456
16459
16461
16464
16466
16469
16471
16474
16477
16479
16482
16484
16487
16489
16492
16494
16497
16500
16502
16504
16507
16509
16511
16514
16516
16518
16521
16523
16525
16528
16530
16532
16535
16537
16539
16542
16544
16546
16549
16551
16553
16556
16558
16560
16563
16565
16567
16570
16572
16574
16577
16579
16581
16584
16586
16588
16591
16593
16595
16598
16600
16602
16605
16607
16610
16612
16614
16616
16618
16620
16622
16624
16626
16628
16630
16632
16634
16636
16637
16640
16642
16644
16646
16648
16650
16652
16654
16656
16658
16660
16662
16664
16666
16668
16670
16672
16674
16676
16678
16680
16682
16684
16686
16688
16690
16692
16694
16696
16698
16700
16702
16704
16706
16708
16710
16712
16715
16718
16721
16724
16726
16729
16732
16735
16738
16741
16743
16746
16749
16752
16755
16757
16760
16763
16766
16769
16772
16774
16777
16780
16783
16786
16788
16791
16794
16797
16800
16803
16805
16808
16811
16814
16817
16820
16822
16825
16827
16830
16832
16835
16837
16840
16843
16845
16848
16850
16853
16855
16858
16861
16863
16866
16868
16871
16873
16876
16878
16881
16884
16886
16889
16891
16894
16896
16899
16902
16904
16907
16909
16912
16914
16917
16920
16922
16925
16927
16930
16932
16935
16937
16940
16943
16945
16948
16950
16953
16955
16958
16960
16963
16966
16968
16971
16973
16976
16978
16981
16983
16986
16989
16991
16994
16996
16999
17001
17004
17006
17009
17012
17014
17017
17019
17022
17024
17027
17030
17032
17035
17037
17040
17042
17045
17047
17050
17052
17055
17057
17060
17062
17065
17067
17070
17072
17075
17077
17080
17082
17085
17087
17090
17092
17095
17097
17100
17102
17105
17107
17110
17112
17115
17117
17119
17122
17125
17127
17130
17132
17135
17138
17140
17143
17146
17148
17151
17154
17156
17159
17162
17164
17167
17170
17172
17175
17178
17180
17183
17186
17189
17191
17194
17197
17199
17202
17205
17207
17210
17213
17215
17218
17221
17223
17226
17229
17231
17234
17237
17240
17242
17245
17248
17250
17253
17256
17259
17262
17264
17267
17270
17273
17275
17278
17281
17284
17286
17289
17292
17295
17297
17300
17303
17306
17308
17311
17314
17317
17319
17322
17325
17328
17330
17333
17336
17339
17341
17344
17347
17350
17352
17355
17358
17360
17363
17366
17368
17371
17374
17377
17379
17382
17385
17387
17390
17393
17395
17398
17401
17404
17406
17409
17412
17414
17417
17420
17422
17425
17428
17431
17433
17436
17439
17441
17444
17447
17450
17452
17455
17458
17461
17464
17466
17469
17472
17475
17478
17481
17483
17486
17489
17492
17495
17497
17500
17503
17506
17509
17512
17514
17517
17520
17523
17526
17528
17531
17534
17537
17540
17543
17545
17548
17551
17554
17557
17560
17562
17565
17568
17571
17574
17577
17580
17583
17586
17588
17591
17594
17597
17600
17603
17606
17609
17612
17615
17617
17620
17623
17626
17629
17632
17635
17638
17641
17643
17646
17649
17652
17655
17658
17661
17664
17667
17670
17672
17675
17677
17680
17682
17685
17687
17690
17693
17695
17698
17700
17703
17705
17708
17710
17713
17716
17718
17721
17723
17726
17728
17731
17733
17736
17739
17741
17744
17746
17749
17751
17754
17756
17759
17762
17764
17767
17769
17772
17774
17777
17780
17782
17785
17788
17790
17793
17796
17798
17801
17804
17807
17809
17812
17815
17817
17820
17823
17825
17828
17831
17834
17836
17839
17842
17844
17847
17850
17852
17855
17858
17861
17863
17866
17869
17871
17874
17877
17880
17882
17884
17886
17888
17890
17892
17895
17897
17899
17901
17903
17905
17908
17910
17912
17914
17916
17918
17920
17923
17925
17927
17929
17931
17933
17936
17938
17940
17942
17944
17946
17949
17951
17953
17955
17957
17959
17961
17964
17966
17968
17970
17972
17974
17977
17979
17981
17983
17985
17987
17990
17992
17994
17996
17998
18000
18002
18004
18006
18008
18010
18012
18014
18016
18019
18021
18023
18025
18027
18029
18031
18033
18035
18037
18039
18041
18043
18046
18048
18050
18052
18054
18056
18058
18060
18062
18064
18066
18068
18070
18073
18075
18077
18079
18081
18083
18085
18087
18089
18091
18093
18095
18097
18100
18102
18104
18106
18108
18110
18113
18115
18117
18119
18121
18123
18126
18128
18130
18132
18134
18136
18139
18141
18143
18145
18147
18150
18152
18154
18156
18158
18160
18163
18165
18167
18169
18171
18173
18176
18178
18180
18182
18184
18186
18189
18191
18193
18195
18197
18200
18202
18204
18206
18209
18211
18213
18216
18218
18220
18222
18225
18227
18229
18232
18234
18236
18238
18241
18243
18245
18248
18250
18252
18255
18257
18259
18261
18264
18266
18268
18271
18273
18275
18277
18280
18282
18284
18287
18289
18291
18293
18296
18298
18300
18303
18305
18307
18310
18312
18314
18316
18319
18321
18323
18325
18328
18330
18332
18335
18337
18339
18341
18344
18346
18348
18350
18353
18355
18357
18360
18362
18364
18366
18369
18371
18373
18375
18378
18380
18382
18384
18387
18389
18391
18394
18396
18398
18400
18403
18405
18407
18410
18412
18415
18417
18420
18422
18425
18427
18430
18432
18435
18437
18440
18442
18445
18447
18450
18452
18455
18457
18460
18462
18465
18467
18470
18472
18475
18477
18480
18482
18485
18487
18490
18492
18495
18497
18500
18502
18505
18507
18509
18512
18515
18517
18520
18522
18525
18527
18530
18532
18535
18537
18540
18543
18545
18548
18550
18553
18555
18558
18560
18563
18566
18568
18571
18573
18576
18578
18581
18583
18586
18589
18591
18594
18596
18599
18601
18604
18606
18609
18612
18614
18617
18619
18622
18624
18627
18630
18632
18635
18638
18641
18644
18647
18650
18653
18656
18658
18661
18664
18667
18670
18673
18676
18679
18682
18685
18687
18690
18693
18696
18699
18702
18705
18708
18711
18713
18716
18719
18722
18725
18728
18731
18734
18737
18740
18742
18745
18747
18750
18753
18755
18758
18760
18763
18766
18768
18771
18774
18776
18779
18781
18784
18787
18789
18792
18795
18797
18800
18802
18805
18808
18810
18813
18815
18818
18821
18823
18826
18829
18831
18834
18836
18839
18842
18844
18847
18850
18853
18857
18860
18864
18867
18871
18875
18878
18882
18885
18889
18892
18896
18900
18903
18907
18910
18914
18917
18921
18925
18928
18932
18935
18939
18942
18946
18950
18953
18956
18959
18962
18965
18968
18971
18975
18978
18981
18984
18987
18990
18994
18997
19000
19003
19006
19009
19012
19016
19019
19022
19025
19028
19031
19034
19038
19041
19044
19047
19050
19053
19056
19060
19062
19064
19067
19069
19071
19074
19076
19079
19081
19083
19086
19088
19090
19093
19095
19098
19100
19102
19105
19107
19110
19112
19114
19117
19119
19121
19124
19126
19129
19131
19133
19136
19138
19140
19143
19145
19148
19150
19152
19155
19157
19160
19162
19164
19166
19168
19170
19172
19174
19176
19178
19180
19182
19184
19186
19188
19190
19192
19194
19196
19198
19200
19202
19204
19206
19208
19210
19212
19215
19217
19219
19221
19223
19225
19227
19229
19231
19233
19235
19237
19239
19241
19243
19245
19247
19249
19251
19253
19255
19257
19259
19261
19263
19265
19267
19270
19271
19273
19275
19277
19279
19281
19283
19285
19287
19289
19291
19293
19295
19297
19299
19301
19303
19305
19307
19309
19311
19313
19315
19317
19319
19321
19323
19325
19326
19328
19330
19332
19334
19336
19338
19340
19342
19344
19346
19348
19350
19352
19354
19356
19358
19360
19362
19364
19366
19368
19370
19372
19374
19376
19378
19380
19381
19383
19385
19387
19389
19391
19393
19395
19397
19399
19401
19403
19405
19407
19408
19410
19412
19414
19416
19418
19420
19422
19424
19426
19428
19430
19432
19434
19435
19437
19439
19441
19443
19445
19447
19449
19451
19453
19455
19457
19459
19461
19462
19464
19466
19468
19470
19472
19474
19476
19478
19480
19482
19484
19486
19488
19490
19492
19494
19496
19498
19500
19502
19505
19507
19509
19511
19513
19515
19518
19520
19522
19524
19526
19528
19530
19533
19535
19537
19539
19541
19543
19546
19548
19550
19552
19554
19556
19559
19561
19563
19565
19567
19569
19571
19574
19576
19578
19580
19582
19584
19587
19589
19591
19593
19595
19597
19600
19602
19604
19606
19608
19610
19612
19614
19616
19618
19620
19622
19624
19626
19628
19630
19632
19634
19636
19638
19640
19642
19644
19646
19648
19651
19653
19655
19657
19659
19661
19663
19665
19667
19669
19671
19673
19675
19677
19679
19681
19683
19685
19687
19689
19691
19693
19695
19697
19700
19702
19704
19707
19709
19712
19714
19717
19719
19721
19724
19726
19729
19731
19734
19736
19739
19741
19744
19746
19748
19751
19753
19756
19758
19761
19763
19766
19768
19770
19773
19775
19778
19780
19783
19785
19788
19790
19792
19795
19797
19800
19802
19805
19807
19810
19812
19815
19817
19820
19823
19825
19828
19831
19833
19836
19838
19841
19844
19846
19849
19852
19854
19857
19860
19862
19865
19867
19870
19873
19875
19878
19881
19883
19886
19888
19891
19894
19896
19899
19902
19904
19907
19910
19911
19913
19915
19917
19919
19921
19923
19925
19927
19929
19931
19933
19935
19937
19938
19940
19942
19944
19946
19948
19950
19952
19954
19956
19958
19960
19962
19964
19965
19967
19969
19971
19973
19975
19977
19979
19981
19983
19985
19987
19989
19991
19992
19994
19996
19998
20000
20002
20004
20006
20008
20010
20012
20014
20016
20018
20020
20022
20024
20026
20028
20031
20033
20035
20037
20040
20042
20044
20046
20048
20051
20053
20055
20057
20060
20062
20064
20066
20068
20071
20073
20075
20077
20080
20082
20084
20086
20088
20091
20093
20095
20097
20100
20102
20104
20106
20108
20111
20113
20115
20117
20120
20122
20124
20126
20128
20131
20133
20135
20137
20140
20142
20144
20146
20148
20150
20152
20154
20156
20159
20161
20163
20165
20167
20169
20171
20173
20175
20178
20180
20182
20184
20186
20188
20190
20192
20195
20197
20199
20201
20203
20205
20207
20209
20211
20214
20216
20218
20220
20222
20224
20226
20228
20230
20233
20235
20237
20239
20241
20243
20245
20247
20250
20252
20254
20257
20259
20261
20264
20266
20269
20271
20273
20276
20278
20281
20283
20285
20288
20290
20293
20295
20297
20300
20302
20305
20307
20309
20312
20314
20316
20319
20321
20324
20326
20328
20331
20333
20336
20338
20340
20343
20345
20348
20350
20352
20355
20357
20360
20362
20365
20367
20370
20372
20375
20377
20380
20382
20384
20387
20390
20392
20395
20397
20400
20402
20405
20407
20410
20412
20415
20417
20420
20422
20425
20427
20430
20432
20435
20437
20440
20442
20445
20447
20450
20452
20455
20457
20460
20462
20464
20466
20469
20471
20473
20476
20478
20480
20482
20485
20487
20489
20492
20494
20496
20498
20501
20503
20505
20508
20510
20512
20515
20517
20519
20521
20524
20526
20528
20531
20533
20535
20537
20540
20542
20544
20547
20549
20551
20553
20556
20558
20560
20563
20565
20567
20570
20572
20574
20576
20578
20580
20583
20585
20587
20589
20591
20593
20596
20598
20600
20602
20604
20606
20609
20611
20613
20615
20617
20620
20622
20624
20626
20628
20630
20633
20635
20637
20639
20641
20643
20646
20648
20650
20652
20654
20656
20659
20661
20663
20665
20667
20670
20672
20674
20676
20678
20681
20683
20685
20687
20690
20692
20694
20696
20699
20701
20703
20705
20708
20710
20712
20714
20717
20719
20721
20723
20726
20728
20730
20732
20735
20737
20739
20741
20744
20746
20748
20750
20753
20755
20757
20759
20762
20764
20766
20768
20771
20773
20775
20777
20780
20781
20783
20785
20787
20789
20791
20793
20795
20797
20799
20801
20803
20805
20807
20809
20811
20813
20815
20817
20819
20821
20823
20825
20827
20829
20830
20832
20834
20836
20838
20840
20842
20844
20846
20848
20850
20852
20854
20856
20858
20860
20862
20864
20866
20868
20870
20872
20874
20876
20878
20880
20882
20884
20886
20888
20891
20893
20895
20897
20900
20902
20904
20906
20909
20911
20913
20915
20918
20920
20922
20924
20927
20929
20931
20933
20936
20938
20940
20942
20945
20947
20949
20951
20954
20956
20958
20960
20963
20965
20967
20969
20972
20974
20976
20978
20981
20983
20985
20987
20990
20992
20994
20996
20998
21000
21002
21004
21006
21009
21011
21013
21015
21017
21019
21021
21023
21025
21028
21030
21032
21034
21036
21038
21040
21042
21044
21047
21049
21051
21053
21055
21057
21059
21061
21064
21066
21068
21070
21072
21074
21076
21078
21080
21083
21085
21087
21089
21091
21093
21095
21097
21100
21102
21104
21106
21108
21110
21112
21114
21116
21118
21120
21122
21124
21126
21128
21130
21132
21134
21136
21138
21140
21142
21144
21146
21148
21151
21153
21155
21157
21159
21161
21163
21165
21167
21169
21171
21173
21175
21177
21179
21181
21183
21185
21187
21189
21191
21193
21195
21197
21200
21202
21205
21207
21210
21212
21215
21217
21220
21222
21224
21227
21230
21232
21235
21237
21240
21242
21244
21247
21250
21252
21255
21257
21259
21262
21265
21267
21270
21272
21275
21277
21279
21282
21285
21287
21290
21292
21294
21297
21299
21302
21305
21307
21310
21312
21315
21318
21321
21324
21327
21330
21332
21335
21338
21341
21344
21347
21349
21352
21355
21358
21361
21364
21367
21370
21372
21375
21378
21381
21384
21387
21390
21392
21395
21398
21401
21404
21407
21410
21412
21414
21416
21419
21421
21423
21426
21428
21430
21432
21435
21437
21439
21442
21444
21446
21448
21451
21453
21455
21458
21460
21462
21465
21467
21469
21471
21474
21476
21478
21481
21483
21485
21487
21490
21492
21494
21497
21499
21501
21503
21506
21508
21510
21513
21515
21517
21520
21522
21524
21527
21529
21531
21534
21536
21539
21541
21543
21546
21548
21551
21553
21555
21558
21560
21563
21565
21567
21570
21572
21575
21577
21579
21582
21584
21586
21589
21591
21594
21596
21598
21601
21603
21606
21608
21610
21613
21615
21618
21620
21622
21625
21627
21630
21632
21634
21636
21638
21641
21643
21645
21647
21650
21652
21654
21656
21659
21661
21663
21665
21668
21670
21672
21674
21677
21679
21681
21683
21686
21688
21690
21692
21695
21697
21699
21701
21704
21706
21708
21710
21713
21715
21717
21719
21722
21724
21726
21728
21731
21733
21735
21737
21740
21742
21744
21746
21748
21750
21752
21755
21757
21759
21761
21763
21765
21767
21770
21772
21774
21776
21778
21780
21782
21785
21787
21789
21791
21793
21795
21797
21799
21802
21804
21806
21808
21810
21812
21814
21817
21819
21821
21823
21825
21827
21830
21832
21834
21836
21838
21840
21842
21845
21847
21849
21851
21853
21855
21857
21860
21861
21863
21865
21867
21869
21871
21873
21875
21877
21879
21881
21883
21884
21886
21888
21890
21892
21894
21896
21898
21900
21902
21904
21906
21908
21910
21911
21913
21915
21917
21919
21921
21923
21925
21927
21929
21931
21933
21935
21936
21938
21940
21942
21944
21946
21948
21950
21952
21954
21956
21958
21960
21962
21964
21966
21968
21970
21972
21974
21976
21978
21980
21982
21984
21986
21988
21990
21992
21994
21996
21998
22000
22002
22004
22006
22008
22010
22012
22015
22017
22019
22021
22023
22025
22027
22029
22031
22033
22035
22037
22039
22041
22043
22045
22047
22049
22051
22053
22055
22057
22059
22061
22063
22065
22067
22070
22072
22074
22076
22078
22081
22083
22085
22087
22090
22092
22094
22096
22098
22101
22103
22105
22107
22110
22112
22114
22116
22118
22121
22123
22125
22127
22130
22132
22134
22136
22138
22141
22143
22145
22147
22150
22152
22154
22156
22158
22161
22163
22165
22167
22170
22172
22174
22176
22178
22180
22182
22184
22186
22188
22190
22192
22194
22196
22198
22200
22202
22204
22206
22208
22210
22212
22214
22216
22218
22220
22222
22224
22226
22228
22230
22232
22234
22236
22238
22240
22242
22244
22246
22248
22250
22252
22254
22256
22258
22260
22262
22264
22266
22268
22270
22272
22274
22276
22278
22280
22281
22283
22285
22287
22289
22291
22293
22295
22297
22299
22301
22303
22305
22307
22309
22311
22313
22315
22317
22319
22321
22323
22325
22327
22329
22330
22332
22334
22336
22338
22340
22342
22344
22346
22348
22350
22352
22354
22356
22358
22360
22362
22364
22366
22368
22370
22372
22374
22376
22378
22380
22382
22384
22387
22389
22392
22394
22397
22399
22401
22404
22406
22409
22411
22414
22416
22419
22421
22424
22426
22428
22431
22433
22436
22438
22441
22443
22445
22448
22450
22453
22455
22458
22460
22463
22465
22468
22470
22472
22475
22477
22480
22482
22485
22487
22490
22491
22493
22495
22497
22499
22501
22503
22505
22507
22509
22511
22513
22515
22517
22519
22521
22523
22525
22527
22529
22531
22533
22535
22537
22539
22541
22543
22545
22546
22548
22550
22552
22554
22556
22558
22560
22562
22564
22566
22568
22570
22572
22574
22576
22578
22580
22582
22584
22586
22588
22590
22592
22594
22596
22598
22600
22602
22605
22607
22610
22612
22615
22617
22620
22622
22625
22627
22630
22632
22635
22637
22640
22642
22645
22647
22650
22652
22655
22657
22660
22662
22665
22667
22670
22672
22675
22677
22680
22682
22685
22687
22689
22692
22695
22697
22700
22702
22704
22707
22709
22711
22714
22716
22718
22721
22723
22725
22728
22730
22732
22735
22737
22739
22742
22744
22746
22749
22751
22753
22756
22758
22760
22763
22765
22767
22770
22772
22774
22777
22779
22781
22784
22786
22788
22791
22793
22795
22798
22800
22802
22805
22807
22810
22812
22814
22816
22819
22821
22823
22826
22828
22830
22833
22835
22837
22840
22842
22844
22847
22849
22851
22854
22856
22858
22861
22863
22865
22868
22870
22872
22875
22877
22879
22882
22884
22886
22889
22891
22893
22896
22898
22900
22903
22905
22907
22910
22912
22914
22916
22918
22921
22923
22925
22927
22930
22932
22934
22936
22939
22941
22943
22945
22948
22950
22952
22954
22957
22959
22961
22963
22966
22968
22970
22972
22975
22977
22979
22981
22984
22986
22988
22990
22993
22995
22997
22999
23002
23004
23006
23008
23011
23013
23015
23017
23020
23022
23024
23026
23028
23031
23033
23035
23037
23040
23042
23044
23046
23049
23051
23053
23055
23058
23060
23062
23064
23067
23069
23071
23073
23076
23078
23080
23082
23085
23087
23089
23091
23094
23096
23098
23100
23103
23105
23107
23109
23112
23114
23116
23118
23121
23123
23125
23127
23130
23132
23134
23136
23138
23141
23143
23145
23147
23150
23152
23154
23156
23159
23161
23163
23165
23168
23170
23172
23174
23177
23179
23181
23183
23186
23188
23190
23192
23195
23197
23199
23201
23204
23206
23208
23210
23213
23215
23217
23219
23222
23224
23226
23228
23231
23233
23235
23237
23240
23242
23244
23246
23248
23250
23252
23254
23256
23258
23260
23262
23264
23266
23268
23270
23272
23274
23276
23278
23280
23282
23284
23286
23288
23290
23292
23295
23297
23299
23301
23303
23305
23307
23309
23311
23313
23315
23317
23319
23321
23323
23325
23327
23329
23331
23333
23335
23337
23339
23341
23343
23345
23347
23350
23352
23354
23356
23358
23360
23363
23365
23367
23369
23371
23373
23376
23378
23380
23382
23384
23386
23389
23391
23393
23395
23397
23400
23402
23404
23406
23408
23410
23413
23415
23417
23419
23421
23423
23426
23428
23430
23432
23434
23436
23439
23441
23443
23445
23447
23450
23452
23454
23456
23458
23461
23463
23465
23467
23469
23471
23474
23476
23478
23480
23483
23485
23487
23489
23491
23494
23496
23498
23500
23502
23505
23507
23509
23511
23513
23516
23518
23520
23522
23524
23526
23529
23531
23533
23535
23538
23540
23542
23544
23546
23549
23551
23553
23555
23557
23560
23562
23564
23566
23568
23570
23572
23574
23577
23579
23581
23583
23585
23587
23589
23591
23594
23596
23598
23600
23602
23604
23606
23608
23611
23613
23615
23617
23619
23621
23623
23625
23628
23630
23632
23634
23636
23638
23640
23642
23645
23647
23649
23651
23653
23655
23657
23660
23662
23664
23666
23668
23670
23672
23674
23676
23678
23680
23682
23684
23686
23688
23690
23692
23694
23696
23698
23700
23702
23704
23706
23708
23710
23712
23715
23717
23719
23721
23723
23725
23727
23729
23731
23733
23735
23737
23739
23741
23743
23745
23747
23749
23751
23753
23755
23757
23759
23761
23763
23765
23767
23770
23772
23774
23776
23778
23781
23783
23785
23787
23789
23791
23794
23796
23798
23800
23803
23805
23807
23809
23811
23814
23816
23818
23820
23822
23825
23827
23829
23831
23833
23836
23838
23840
23842
23844
23846
23849
23851
23853
23855
23858
23860
23862
23864
23866
23869
23871
23873
23875
23877
23880
23882
23884
23886
23888
23891
23893
23895
23897
23900
23902
23904
23906
23909
23911
23913
23915
23918
23920
23922
23924
23927
23929
23931
23933
23936
23938
23940
23942
23945
23947
23949
23951
23954
23956
23958
23960
23963
23965
23967
23969
23972
23974
23976
23978
23981
23983
23985
23987
23990
23991
23994
23996
23997
24000
24002
24003
24006
24008
24009
24012
24014
24016
24018
24020
24022
24024
24026
24028
24030
24032
24034
24036
24038
24040
24042
24044
24046
24048
24050
24052
24054
24056
24058
24060
24062
24064
24066
24068
24070
24072
24074
24076
24078
24080
24082
24084
24086
24088
24090
24092
24094
24096
24098
24100
24102
24104
24106
24109
24111
24113
24115
24118
24120
24122
24125
24127
24129
24131
24134
24136
24138
24140
24143
24145
24147
24150
24152
24154
24156
24159
24161
24163
24165
24168
24170
24172
24175
24177
24179
24181
24184
24186
24188
24190
24193
24195
24197
24200
24202
24205
24207
24210
24212
24215
24217
24220
24222
24224
24227
24230
24232
24235
24237
24240
24242
24244
24247
24250
24252
24255
24257
24259
24262
24265
24267
24270
24272
24275
24277
24279
24282
24285
24287
24290
24292
24294
24297
24299
24302
24305
24307
24310
24311
24314
24316
24317
24320
24322
24323
24326
24328
24330
24332
24334
24336
24337
24340
24342
24343
24346
24348
24349
24352
24354
24355
24358
24360
24362
24364
24366
24368
24370
24372
24374
24376
24378
24380
24382
24384
24386
24387
24390
24392
24394
24396
24398
24400
24402
24404
24406
24408
24410
24412
24414
24416
24418
24420
24422
24424
24426
24428
24430
24432
24434
24436
24439
24441
24443
24445
24447
24449
24451
24453
24455
24457
24459
24461
24463
24466
24468
24470
24472
24474
24476
24478
24480
24482
24484
24486
24488
24490
24493
24495
24497
24499
24501
24503
24505
24507
24509
24511
24513
24515
24517
24520
24521
24523
24525
24527
24529
24531
24533
24535
24537
24539
24541
24543
24545
24547
24549
24551
24553
24555
24557
24559
24561
24563
24565
24567
24569
24571
24573
24575
24576
24578
24580
24582
24584
24586
24588
24590
24592
24594
24596
24598
24600
24602
24604
24606
24608
24610
24612
24614
24616
24618
24620
24622
24624
24626
24628
24630
24632
24634
24636
24638
24641
24643
24645
24647
24650
24652
24654
24656
24659
24661
24663
24665
24668
24670
24672
24674
24677
24679
24681
24683
24686
24688
24690
24692
24695
24697
24699
24701
24704
24706
24708
24710
24713
24715
24717
24719
24722
24724
24726
24728
24731
24733
24735
24737
24740
24742
24744
24747
24749
24751
24754
24756
24759
24761
24763
24766
24768
24771
24773
24775
24778
24780
24783
24785
24787
24790
24792
24795
24797
24799
24802
24804
24806
24809
24811
24814
24816
24818
24821
24823
24826
24828
24830
24833
24835
24838
24840
24842
24845
24847
24850
24852
24854
24857
24859
24862
24864
24867
24869
24871
24874
24876
24879
24881
24884
24886
24889
24891
24893
24896
24898
24901
24903
24906
24908
24910
24913
24915
24918
24920
24923
24925
24928
24930
24932
24935
24937
24940
24942
24945
24947
24950
24952
24955
24957
24960
24962
24965
24967
24970
24972
24974
24977
24980
24982
24985
24987
24990
24992
24994
24997
25000
25002
25005
25007
25009
25012
25015
25017
25020
25022
25025
25027
25029
25032
25035
25037
25040
25042
25044
25047
25049
25052
25055
25057
25060
25062
25064
25066
25068
25070
25072
25074
25076
25078
25080
25082
25084
25086
25088
25090
25092
25094
25096
25098
25100
25102
25104
25106
25108
25111
25113
25115
25117
25119
25121
25123
25125
25127
25129
25131
25133
25135
25137
25139
25141
25143
25145
25147
25149
25151
25153
25155
25157
25160
25162
25165
25167
25170
25173
25175
25178
25180
25183
25186
25188
25191
25194
25196
25199
25201
25204
25207
25209
25212
25215
25217
25220
25222
25225
25228
25230
25233
25235
25238
25241
25243
25246
25249
25251
25254
25256
25259
25262
25264
25267
25270
25272
25274
25277
25279
25281
25284
25286
25289
25291
25293
25296
25298
25301
25303
25305
25308
25310
25313
25315
25317
25320
25322
25325
25327
25329
25332
25334
25336
25339
25341
25344
25346
25348
25351
25353
25356
25358
25360
25363
25365
25368
25370
25372
25375
25377
25380
25382
25384
25387
25389
25392
25394
25397
25399
25401
25404
25406
25409
25411
25414
25416
25419
25421
25424
25426
25428
25431
25433
25436
25438
25441
25443
25445
25448
25450
25453
25455
25458
25460
25463
25465
25468
25470
25472
25475
25477
25480
25482
25485
25487
25490
25492
25494
25497
25499
25501
25504
25506
25509
25511
25513
25516
25518
25521
25523
25525
25528
25530
25533
25535
25537
25540
25542
25545
25547
25549
25552
25554
25556
25559
25561
25564
25566
25568
25571
25573
25576
25578
25580
25583
25585
25588
25590
25592
25595
25597
25600
25602
25604
25607
25609
25612
25614
25617
25619
25621
25624
25626
25629
25631
25634
25636
25639
25641
25643
25646
25648
25651
25653
25656
25658
25660
25663
25665
25668
25670
25673
25675
25678
25680
25682
25685
25687
25690
25692
25695
25697
25700
25702
25705
25708
25711
25713
25716
25719
25721
25724
25727
25730
25733
25735
25738
25741
25744
25746
25749
25752
25755
25757
25760
25763
25766
25768
25771
25774
25776
25779
25782
25785
25788
25790
25793
25796
25799
25801
25804
25807
25810
25812
25815
25817
25820
25822
25825
25827
25830
25833
25835
25838
25840
25843
25845
25848
25851
25853
25856
25858
25861
25863
25866
25868
25871
25874
25876
25879
25881
25884
25886
25889
25892
25894
25897
25899
25902
25904
25907
25910
25912
25914
25916
25918
25920
25922
25924
25926
25928
25930
25932
25934
25936
25938
25940
25942
25944
25946
25948
25950
25952
25954
25956
25958
25960
25962
25965
25967
25969
25971
25973
25975
25977
25979
25981
25983
25985
25987
25989
25991
25993
25995
25997
25999
26001
26003
26005
26007
26009
26011
26013
26015
26017
26020
26022
26024
26027
26029
26031
26034
26036
26039
26041
26043
26046
26048
26051
26053
26055
26058
26060
26063
26065
26067
26070
26072
26075
26077
26079
26082
26084
26086
26089
26091
26094
26096
26098
26101
26103
26106
26108
26110
26113
26115
26118
26120
26122
26125
26127
26130
26132
26134
26136
26139
26141
26143
26146
26148
26150
26152
26155
26157
26159
26162
26164
26166
26168
26171
26173
26175
26178
26180
26182
26185
26187
26189
26191
26194
26196
26198
26201
26203
26205
26207
26210
26212
26214
26217
26219
26221
26223
26226
26228
26230
26233
26235
26237
26240
26242
26244
26247
26249
26252
26254
26257
26259
26262
26264
26266
26269
26271
26274
26276
26279
26281
26284
26286
26288
26291
26293
26296
26298
26301
26303
26306
26308
26310
26313
26315
26318
26320
26323
26325
26328
26330
26332
26335
26337
26340
26342
26345
26347
26350
26352
26354
26356
26359
26361
26363
26366
26368
26370
26373
26375
26377
26380
26382
26384
26387
26389
26391
26394
26396
26398
26401
26403
26405
26408
26410
26412
26415
26417
26419
26422
26424
26426
26429
26431
26433
26436
26438
26440
26443
26445
26447
26450
26452
26454
26457
26459
26462
26464
26467
26469
26471
26474
26476
26479
26481
26484
26486
26489
26491
26494
26496
26498
26501
26503
26506
26508
26511
26513
26516
26518
26520
26523
26525
26528
26530
26533
26535
26538
26540
26542
26545
26547
26550
26552
26555
26557
26560
26563
26566
26570
26573
26576
26580
26583
26586
26590
26593
26596
26600
26603
26606
26610
26613
26616
26620
26623
26626
26630
26633
26636
26640
26643
26646
26650
26653
26656
26660
26663
26666
26670
26672
26674
26677
26679
26681
26684
26686
26689
26691
26693
26696
26698
26701
26703
26705
26708
26710
26713
26715
26717
26720
26722
26725
26727
26729
26732
26734
26736
26739
26741
26744
26746
26748
26751
26753
26756
26758
26760
26763
26765
26768
26770
26772
26775
26777
26780
26782
26784
26787
26789
26791
26794
26796
26799
26801
26803
26806
26808
26810
26813
26815
26818
26820
26822
26825
26827
26830
26832
26834
26837
26839
26841
26844
26846
26849
26851
26853
26856
26858
26860
26863
26865
26868
26870
26872
26875
26877
26880
26882
26885
26887
26890
26892
26895
26897
26900
26903
26905
26908
26910
26913
26915
26918
26920
26923
26926
26928
26931
26933
26936
26938
26941
26943
26946
26949
26951
26954
26956
26959
26961
26964
26966
26969
26972
26974
26977
26979
26982
26984
26987
26990
26992
26994
26997
27000
27002
27005
27007
27009
27012
27015
27017
27020
27022
27025
27027
27030
27032
27035
27037
27040
27042
27045
27047
27050
27052
27055
27057
27060
27062
27065
27067
27070
27072
27075
27077
27080
27082
27085
27087
27090
27092
27095
27097
27100
27102
27104
27106
27109
27111
27113
27116
27118
27120
27123
27125
27127
27130
27132
27134
27137
27139
27141
27144
27146
27148
27151
27153
27155
27158
27160
27162
27165
27167
27169
27172
27174
27176
27179
27181
27183
27186
27188
27190
27193
27195
27197
27200
27201
27203
27205
27207
27209
27211
27213
27215
27217
27219
27221
27223
27225
27227
27228
27230
27232
27234
27236
27238
27240
27242
27244
27246
27248
27250
27252
27254
27255
27257
27259
27261
27263
27265
27267
27269
27271
27273
27275
27277
27279
27281
27282
27284
27286
27288
27290
27292
27294
27296
27298
27300
27302
27304
27306
27308
27310
27312
27314
27316
27318
27320
27323
27325
27327
27329
27331
27333
27336
27338
27340
27342
27344
27346
27349
27351
27353
27355
27357
27360
27362
27364
27366
27368
27370
27373
27375
27377
27379
27381
27383
27386
27388
27390
27392
27394
27396
27399
27401
27403
27405
27407
27410
27412
27414
27417
27419
27422
27424
27427
27429
27432
27434
27436
27439
27441
27444
27446
27449
27451
27454
27456
27458
27461
27463
27466
27468
27471
27473
27476
27478
27480
27483
27485
27488
27490
27493
27495
27498
27500
27502
27505
27507
27510
27512
27515
27517
27520
27522
27525
27528
27530
27533
27536
27538
27541
27544
27546
27549
27552
27554
27557
27560
27562
27565
27568
27570
27573
27576
27579
27581
27584
27587
27589
27592
27595
27597
27600
27603
27605
27608
27611
27613
27616
27619
27621
27624
27627
27630
27632
27634
27636
27639
27641
27643
27646
27648
27650
27652
27655
27657
27659
27662
27664
27666
27668
27671
27673
27675
27678
27680
27682
27685
27687
27689
27691
27694
27696
27698
27701
27703
27705
27707
27710
27712
27714
27717
27719
27721
27723
27726
27728
27730
27733
27735
27737
27740
27742
27744
27746
27749
27751
27753
27756
27758
27760
27762
27765
27767
27769
27772
27774
27776
27778
27781
27783
27785
27788
27790
27792
27795
27797
27799
27801
27804
27806
27808
27811
27813
27815
27817
27820
27822
27824
27827
27829
27831
27833
27836
27838
27840
27843
27845
27847
27850
27852
27854
27857
27859
27862
27864
27867
27869
27871
27874
27876
27879
27881
27884
27886
27889
27891
27893
27896
27898
27901
27903
27906
27908
27910
27913
27915
27918
27920
27923
27925
27928
27930
27932
27935
27937
27940
27942
27945
27947
27950
27952
27955
27957
27960
27962
27965
27967
27970
27973
27975
27978
27980
27983
27985
27988
27990
27993
27996
27998
28001
28003
28006
28008
28011
28013
28016
28019
28021
28024
28026
28029
28031
28034
28036
28039
28042
28044
28047
28049
28052
28054
28057
28060
28062
28064
28067
28069
28071
28074
28076
28079
28081
28083
28086
28088
28090
28093
28095
28098
28100
28102
28105
28107
28110
28112
28114
28117
28119
28121
28124
28126
28129
28131
28133
28136
28138
28140
28143
28145
28148
28150
28152
28155
28157
28160
28162
28164
28166
28168
28171
28173
28175
28177
28179
28182
28184
28186
28188
28190
28193
28195
28197
28199
28201
28204
28206
28208
28210
28212
28215
28217
28219
28221
28223
28226
28228
28230
28232
28234
28237
28239
28241
28243
28245
28248
28250
28252
28254
28256
28259
28261
28263
28265
28267
28270
28272
28274
28277
28279
28282
28284
28287
28289
28291
28294
28296
28299
28301
28304
28306
28309
28311
28314
28316
28318
28321
28323
28326
28328
28331
28333
28336
28338
28340
28343
28345
28348
28350
28353
28355
28358
28360
28362
28365
28367
28370
28372
28375
28377
28380
28382
28384
28387
28390
28392
28395
28397
28400
28402
28404
28407
28410
28412
28415
28417
28419
28422
28424
28427
28430
28432
28435
28437
28439
28442
28445
28447
28450
28452
28455
28457
28459
28462
28465
28467
28470
28472
28474
28477
28479
28482
28485
28487
28490
28493
28496
28499
28502
28505
28508
28511
28514
28517
28520
28523
28526
28529
28532
28535
28538
28541
28545
28548
28551
28554
28557
28560
28563
28566
28569
28572
28575
28578
28581
28584
28587
28590
28593
28596
28600
28602
28605
28608
28611
28613
28616
28619
28622
28624
28627
28630
28633
28635
28638
28641
28644
28646
28649
28652
28655
28657
28660
28663
28666
28668
28671
28674
28677
28679
28682
28685
28688
28690
28693
28696
28699
28701
28704
28707
28710
28712
28715
28717
28720
28723
28725
28728
28730
28733
28736
28738
28741
28744
28746
28749
28751
28754
28757
28759
28762
28765
28767
28770
28772
28775
28778
28780
28783
28785
28788
28791
28793
28796
28799
28801
28804
28806
28809
28812
28814
28817
28820
28822
28824
28826
28828
28831
28833
28835
28837
28840
28842
28844
28846
28848
28851
28853
28855
28857
28860
28862
28864
28866
28868
28871
28873
28875
28877
28880
28882
28884
28886
28888
28891
28893
28895
28897
28900
28902
28904
28906
28908
28911
28913
28915
28917
28920
28922
28925
28928
28931
28933
28936
28939
28942
28944
28947
28950
28953
28955
28958
28961
28964
28966
28969
28972
28975
28977
28980
28983
28986
28988
28991
28994
28997
28999
29002
29005
29008
29010
29013
29016
29019
29021
29024
29027
29030
29032
29035
29037
29040
29042
29045
29047
29050
29052
29055
29057
29060
29062
29065
29067
29070
29072
29075
29077
29080
29082
29085
29087
29090
29092
29095
29097
29100
29102
29105
29107
29110
29112
29115
29117
29119
29122
29125
29127
29130
29132
29134
29136
29138
29141
29143
29145
29147
29149
29151
29154
29156
29158
29160
29163
29165
29167
29169
29171
29174
29176
29178
29180
29182
29185
29187
29189
29191
29193
29195
29198
29200
29202
29204
29206
29209
29211
29213
29215
29218
29220
29222
29224
29226
29229
29231
29233
29235
29237
29240
29242
29245
29247
29250
29253
29255
29258
29260
29263
29266
29268
29271
29274
29276
29279
29281
29284
29287
29289
29292
29295
29297
29300
29302
29305
29308
29310
29313
29315
29318
29321
29323
29326
29329
29331
29334
29336
29339
29342
29344
29347
29350
29352
29355
29358
29361
29364
29366
29369
29372
29375
29378
29381
29383
29386
29389
29392
29395
29397
29400
29403
29406
29409
29412
29414
29417
29420
29423
29426
29428
29431
29434
29437
29440
29443
29445
29448
29451
29454
29457
29460
29462
29465
29467
29470
29473
29475
29478
29480
29483
29486
29488
29491
29494
29496
29499
29501
29504
29507
29509
29512
29515
29517
29520
29522
29525
29528
29530
29533
29535
29538
29541
29543
29546
29549
29551
29554
29556
29559
29562
29564
29567
29570
29572
29574
29577
29579
29582
29584
29587
29589
29592
29594
29596
29599
29601
29604
29606
29609
29611
29614
29616
29618
29621
29623
29626
29628
29631
29633
29636
29638
29640
29643
29645
29648
29650
29653
29655
29658
29660
29662
29665
29667
29670
29672
29675
29677
29680
29682
29684
29687
29689
29691
29694
29696
29698
29701
29703
29705
29708
29710
29712
29715
29717
29719
29722
29724
29726
29729
29731
29733
29736
29738
29740
29743
29745
29747
29750
29752
29754
29757
29759
29761
29764
29766
29768
29771
29773
29775
29778
29780
29782
29785
29787
29790
29792
29794
29797
29800
29802
29805
29807
29810
29812
29814
29817
29820
29822
29825
29827
29830
29832
29835
29837
29840
29842
29845
29847
29850
29852
29855
29857
29860
29862
29865
29867
29870
29872
29875
29877
29880
29882
29885
29887
29890
29892
29894
29897
29899
29902
29904
29907
29909
29912
29914
29916
29919
29921
29924
29926
29929
29931
29934
29936
29938
29941
29943
29946
29948
29951
29953
29956
29958
29960
29963
29965
29968
29970
29973
29975
29978
29980
29982
29985
29987
29990
29992
29995
29997
30000
