120
240
360
480
550
620
690
760
930
1080
1160
1240
1480
1600
1770
1890
2009
2140
2250
2360
2470
2590
2670
2750
3040
3140
3240
3370
3500
3630
3780
3870
3960
4080
4230
4340
4530
4780
4865
4950
5015
5080
5250
5360
5510
5615
5720
5785
5850
5994
6140
6280
6400
6475
6550
6645
6740
6810
6880
6965
7050
7175
7300
7404
7510
7615
7720
7870
7970
8090
8220
8330
8440
8560
8750
8940
9080
9320
9480
9670
9780
9890
10000
10100
10200
10410
10490
10570
10670
10770
10879
10990
11120
11290
11430
11540
11690
11790
11890
12130
12240
12350
12415
12480
12600
12710
12795
12880
12980
13035
13090
13230
13290
13350
13415
13480
13555
13630
13695
13760
13830
13900
14000
14250
14360
14470
14555
14640
14725
14810
14910
15010
15080
15150
15230
15310
15460
15580
15700
16210
16440
16615
16790
17000
17095
17190
17370
17590
17790
17920
18035
18150
18300
18440
18555
18670
18760
18850
18990
19180
19320
19650
19760
19960
20120
20290
20450
20650
20770
20880
20980
21250
21410
21790
21990
22160
22300
22500
22620
22760
22890
23000
23150
23255
23360
23590
23710
23830
24000
24180
24350
24510
24650
24810
24910
25050
25134
25220
25550
25690
25800
25890
25980
26055
26130
26250
26370
26460
26550
26670
26940
27070
27230
27340
27470
27595
27720
27870
27980
28150
28370
28630
28760
29160
29355
29550
29770
29940
