4
8
12
16
20
24
28
32
36
40
44
48
52
57
61
65
69
73
77
81
85
89
93
97
101
105
109
114
118
122
126
130
135
139
143
147
151
155
160
164
168
172
176
180
185
189
193
197
201
205
210
213
216
220
223
226
229
233
236
240
243
246
250
253
256
260
263
266
270
273
276
280
283
286
290
293
296
300
303
306
310
313
316
320
323
326
329
332
335
338
341
345
348
351
354
357
360
363
366
370
373
376
379
382
385
388
391
395
398
401
404
407
410
413
416
420
423
426
430
433
437
440
444
447
450
454
457
461
464
468
471
475
478
481
485
488
492
495
499
502
505
509
512
516
519
523
526
530
534
538
542
546
550
554
558
562
566
570
574
578
582
587
591
595
599
603
607
611
615
619
623
627
631
635
640
643
646
650
653
656
660
663
666
670
673
676
680
683
686
690
693
696
700
703
706
710
713
716
720
723
726
730
733
736
740
743
746
750
753
756
760
763
766
770
773
776
780
783
786
790
793
796
800
803
806
810
813
816
820
823
826
830
833
836
840
843
846
850
853
856
860
863
867
871
874
878
882
885
889
893
897
900
904
908
911
915
919
922
926
930
934
937
941
945
948
952
956
960
964
968
973
977
982
986
990
995
999
1004
1008
1012
1017
1021
1026
1030
1034
1039
1043
1048
1052
1056
1061
1065
1070
1076
1082
1088
1095
1101
1107
1113
1120
1126
1132
1138
1145
1151
1157
1163
1170
1173
1176
1180
1183
1186
1190
1193
1196
1200
1203
1206
1210
1213
1216
1220
1223
1226
1230
1233
1236
1240
1243
1246
1250
1253
1256
1260
1263
1266
1270
1273
1276
1280
1283
1287
1291
1295
1299
1303
1306
1310
1314
1318
1322
1326
1330
1333
1337
1341
1345
1349
1353
1356
1360
1364
1368
1372
1376
1380
1385
1390
1395
1400
1406
1411
1416
1421
1427
1432
1437
1442
1448
1453
1458
1463
1469
1474
1479
1484
1490
1495
1501
1507
1512
1518
1524
1530
1535
1541
1547
1552
1558
1564
1570
1575
1581
1587
1592
1598
1604
1610
1614
1619
1624
1629
1633
1638
1643
1648
1653
1657
1662
1667
1672
1676
1681
1686
1691
1696
1700
1705
1710
1715
1720
1725
1730
1735
1740
1746
1751
1756
1761
1767
1772
1777
1782
1788
1793
1798
1803
1809
1814
1819
1824
1830
1835
1841
1847
1853
1859
1865
1871
1877
1882
1888
1894
1900
1906
1912
1918
1924
1930
1934
1939
1943
1948
1952
1957
1962
1966
1971
1975
1980
1984
1989
1994
1998
2003
2007
2012
2017
2021
2026
2030
2035
2040
2044
2048
2052
2056
2060
2064
2068
2072
2076
2080
2084
2088
2092
2096
2100
2104
2108
2112
2116
2120
2124
2128
2132
2136
2140
2144
2149
2153
2158
2163
2167
2172
2176
2181
2186
2190
2195
2200
2204
2209
2213
2218
2223
2227
2232
2236
2241
2246
2250
2255
2260
2264
2269
2273
2278
2282
2287
2292
2296
2301
2305
2310
2315
2319
2324
2328
2333
2337
2342
2347
2351
2356
2360
2365
2370
2373
2376
2380
2383
2387
2390
2394
2397
2400
2404
2407
2411
2414
2418
2421
2425
2428
2431
2435
2438
2442
2445
2449
2452
2455
2459
2462
2466
2469
2473
2476
2480
2483
2487
2491
2494
2498
2502
2505
2509
2513
2516
2520
2524
2527
2531
2535
2538
2542
2546
2549
2553
2557
2560
2564
2568
2571
2575
2578
2582
2586
2590
2593
2597
2601
2604
2608
2612
2615
2619
2623
2627
2630
2634
2638
2641
2645
2649
2652
2656
2660
2664
2667
2671
2675
2678
2682
2686
2690
2693
2697
2701
2704
2708
2711
2715
2719
2723
2726
2730
2734
2737
2741
2745
2748
2752
2756
2759
2763
2767
2770
2774
2778
2781
2785
2788
2792
2796
2800
2803
2807
2810
2814
2817
2821
2824
2828
2832
2835
2839
2842
2846
2849
2853
2857
2860
2864
2867
2871
2875
2878
2882
2885
2889
2892
2896
2900
2904
2908
2912
2916
2921
2925
2929
2933
2938
2942
2946
2950
2955
2959
2963
2967
2971
2976
2980
2984
2988
2993
2997
3001
3005
3010
3012
3015
3018
3021
3024
3027
3030
3033
3036
3039
3042
3045
3048
3051
3054
3057
3060
3063
3066
3069
3072
3075
3078
3081
3084
3087
3090
3093
3096
3099
3102
3105
3108
3111
3114
3117
3120
3123
3127
3131
3134
3138
3142
3145
3149
3153
3156
3160
3164
3167
3171
3175
3178
3182
3186
3189
3193
3197
3200
3204
3208
3211
3215
3219
3222
3226
3230
3233
3237
3241
3245
3248
3252
3256
3260
3264
3267
3271
3275
3279
3283
3286
3290
3294
3298
3302
3305
3309
3313
3317
3321
3324
3328
3332
3336
3340
3343
3347
3350
3354
3357
3361
3364
3368
3372
3375
3379
3382
3386
3389
3393
3397
3400
3404
3407
3411
3415
3418
3422
3425
3429
3432
3436
3440
3445
3449
3455
3460
3465
3469
3475
3480
3485
3489
3495
3500
3505
3510
3514
3520
3525
3530
3534
3540
3545
3550
3554
3558
3562
3566
3570
3574
3578
3582
3586
3590
3594
3598
3602
3606
3610
3614
3618
3622
3626
3630
3634
3638
3642
3646
3650
3655
3661
3666
3671
3677
3683
3688
3694
3699
3705
3710
3715
3721
3727
3732
3738
3743
3748
3754
3760
3763
3766
3769
3772
3775
3778
3782
3785
3788
3791
3794
3797
3800
3804
3807
3810
3813
3816
3819
3822
3826
3829
3832
3835
3838
3841
3844
3848
3851
3854
3857
3860
3863
3866
3870
3873
3876
3879
3882
3886
3889
3892
3895
3899
3902
3905
3908
3912
3915
3918
3921
3925
3928
3931
3934
3937
3941
3944
3947
3950
3954
3957
3960
3963
3967
3970
3973
3976
3980
3983
3987
3991
3995
3999
4003
4007
4010
4014
4018
4022
4026
4030
4034
4038
4041
4045
4049
4053
4057
4061
4065
4069
4072
4076
4080
4084
4088
4092
4096
4100
4103
4106
4109
4112
4116
4119
4122
4125
4129
4132
4135
4138
4141
4145
4148
4151
4154
4158
4161
4164
4167
4170
4174
4177
4180
4183
4187
4190
4193
4196
4200
4203
4207
4210
4214
4217
4221
4224
4228
4231
4235
4238
4242
4245
4249
4252
4256
4260
4263
4267
4270
4274
4277
4281
4284
4288
4291
4295
4298
4302
4305
4309
4312
4316
4320
4323
4327
4331
4335
4339
4343
4347
4351
4355
4359
4363
4367
4371
4375
4378
4382
4386
4390
4394
4398
4402
4406
4410
4414
4418
4422
4426
4430
4435
4441
4446
4452
4457
4463
4468
4474
4479
4484
4490
4496
4501
4507
4512
4518
4523
4529
4534
4540
4544
4549
4553
4558
4562
4567
4571
4576
4580
4585
4590
4594
4599
4603
4608
4612
4617
4621
4626
4630
4635
4640
4643
4647
4650
4654
4657
4661
4664
4668
4671
4675
4679
4682
4686
4689
4693
4696
4700
4703
4707
4710
4714
4718
4721
4725
4728
4732
4735
4739
4742
4746
4750
4754
4758
4763
4767
4772
4776
4780
4785
4789
4794
4798
4802
4807
4811
4816
4820
4824
4829
4833
4838
4842
4846
4851
4855
4860
4863
4867
4871
4874
4878
4882
4885
4889
4893
4897
4900
4904
4908
4911
4915
4919
4922
4926
4930
4934
4937
4941
4945
4948
4952
4956
4960
4963
4967
4970
4974
4977
4981
4984
4988
4991
4995
4999
5002
5006
5009
5013
5016
5020
5023
5027
5030
5034
5038
5041
5045
5048
5052
5055
5059
5062
5066
5070
5073
5076
5080
5083
5086
5090
5093
5096
5100
5103
5106
5110
5113
5116
5120
5123
5126
5130
5133
5136
5140
5143
5146
5150
5153
5156
5160
5163
5166
5170
5175
5180
5185
5189
5195
5200
5205
5210
5215
5220
5225
5230
5235
5240
5245
5250
5255
5260
5265
5270
5275
5280
5285
5290
5293
5297
5301
5305
5309
5313
5316
5320
5324
5328
5332
5336
5340
5343
5347
5351
5355
5359
5363
5366
5370
5374
5378
5382
5386
5390
5395
5400
5405
5410
5416
5421
5426
5431
5437
5442
5447
5452
5458
5463
5468
5473
5479
5484
5489
5494
5500
5502
5505
5508
5511
5514
5517
5520
5523
5526
5528
5531
5534
5537
5540
5543
5546
5549
5552
5555
5557
5560
5563
5566
5569
5572
5575
5578
5581
5583
5586
5589
5592
5595
5598
5601
5604
5607
5610
5614
5619
5623
5628
5632
5637
5641
5646
5650
5655
5660
5664
5669
5673
5678
5682
5687
5691
5696
5700
5705
5710
5713
5716
5720
5723
5727
5730
5734
5737
5740
5744
5747
5751
5754
5758
5761
5765
5768
5771
5775
5778
5782
5785
5789
5792
5795
5799
5802
5806
5809
5813
5816
5820
5823
5827
5831
5835
5838
5842
5846
5850
5854
5857
5861
5865
5869
5873
5876
5880
5884
5888
5892
5895
5899
5903
5907
5911
5914
5918
5922
5926
5930
5933
5936
5939
5942
5946
5949
5952
5955
5959
5962
5965
5968
5972
5975
5978
5981
5984
5988
5991
5994
5997
6001
6004
6007
6010
6014
6017
6020
6023
6027
6030
6033
6036
6040
6043
6047
6051
6054
6058
6062
6065
6069
6073
6077
6080
6084
6088
6091
6095
6099
6102
6106
6110
6114
6117
6121
6125
6128
6132
6136
6140
6143
6146
6150
6153
6157
6160
6164
6167
6170
6174
6177
6181
6184
6188
6191
6195
6198
6201
6205
6208
6212
6215
6219
6222
6225
6229
6232
6236
6239
6243
6246
6250
6253
6256
6259
6262
6266
6269
6272
6275
6279
6282
6285
6288
6292
6295
6298
6301
6305
6308
6311
6314
6317
6321
6324
6327
6330
6334
6337
6340
6343
6347
6350
6353
6356
6360
6364
6368
6372
6376
6380
6385
6389
6393
6397
6401
6405
6410
6414
6418
6422
6426
6430
6435
6439
6443
6447
6451
6455
6460
6464
6468
6472
6476
6480
6484
6488
6492
6496
6500
6504
6508
6512
6517
6521
6525
6529
6533
6537
6541
6545
6549
6553
6557
6561
6565
6570
6573
6576
6579
6582
6586
6589
6592
6595
6599
6602
6605
6608
6611
6615
6618
6621
6624
6628
6631
6634
6637
6640
6644
6647
6650
6653
6657
6660
6663
6666
6670
6673
6677
6681
6685
6689
6693
6697
6701
6705
6709
6713
6717
6721
6725
6728
6732
6736
6740
6744
6748
6752
6756
6760
6764
6768
6772
6776
6780
6783
6786
6789
6792
6796
6799
6802
6805
6809
6812
6815
6818
6821
6825
6828
6831
6834
6838
6841
6844
6847
6850
6854
6857
6860
6863
6867
6870
6873
6876
6880
6883
6886
6889
6892
6896
6899
6902
6905
6909
6912
6915
6918
6922
6925
6928
6931
6935
6938
6941
6944
6947
6951
6954
6957
6960
6964
6967
6970
6973
6977
6980
6983
6986
6990
6994
6999
7004
7009
7014
7018
7023
7028
7033
7038
7042
7047
7052
7057
7062
7066
7071
7076
7081
7086
7090
7095
7100
7105
7110
7114
7118
7123
7127
7131
7136
7140
7144
7149
7153
7157
7162
7166
7170
7175
7179
7183
7188
7192
7196
7201
7205
7210
7213
7216
7219
7222
7225
7228
7231
7234
7237
7240
7243
7246
7249
7252
7255
7258
7261
7265
7268
7271
7274
7277
7280
7283
7286
7289
7292
7295
7298
7301
7304
7307
7310
7313
7316
7320
7323
7327
7331
7334
7338
7342
7345
7349
7353
7357
7360
7364
7368
7371
7375
7379
7382
7386
7390
7394
7397
7401
7405
7408
7412
7416
7420
7425
7430
7435
7440
7446
7451
7456
7461
7467
7472
7477
7482
7488
7493
7498
7503
7509
7514
7519
7524
7530
7533
7536
7540
7543
7547
7550
7554
7557
7561
7564
7567
7571
7574
7578
7581
7585
7588
7592
7595
7598
7602
7605
7609
7612
7616
7619
7623
7626
7630
7634
7638
7642
7646
7650
7654
7658
7662
7666
7670
7674
7678
7682
7687
7691
7695
7699
7703
7707
7711
7715
7719
7723
7727
7731
7735
7740
7744
7748
7752
7756
7760
7764
7768
7772
7776
7780
7784
7788
7792
7796
7800
7804
7808
7812
7816
7820
7824
7828
7832
7836
7840
7844
7848
7852
7856
7860
7863
7867
7871
7874
7878
7882
7885
7889
7893
7897
7900
7904
7908
7911
7915
7919
7922
7926
7930
7934
7937
7941
7945
7948
7952
7956
7960
7963
7966
7970
7973
7977
7980
7984
7987
7990
7994
7997
8001
8004
8008
8011
8015
8018
8021
8025
8028
8032
8035
8039
8042
8045
8049
8052
8056
8059
8063
8066
8070
8075
8080
8085
8090
8095
8100
8105
8109
8115
8119
8125
8130
8135
8140
8145
8150
8154
8160
8164
8170
8174
8180
8184
8189
8193
8198
8202
8207
8212
8216
8221
8225
8230
8235
8239
8244
8248
8253
8257
8262
8267
8271
8276
8280
8285
8290
8299
8308
8317
8326
8335
8344
8353
8362
8371
8380
8390
8394
8398
8402
8406
8411
8415
8419
8423
8428
8432
8436
8440
8445
8449
8453
8457
8461
8466
8470
8474
8478
8483
8487
8491
8495
8500
8504
8509
8513
8518
8522
8527
8532
8536
8541
8545
8550
8555
8559
8564
8568
8573
8577
8582
8587
8591
8596
8600
8605
8610
8615
8621
8627
8633
8639
8645
8651
8657
8662
8668
8674
8680
8686
8692
8698
8704
8710
8715
8720
8725
8730
8735
8740
8745
8750
8755
8760
8765
8770
8775
8780
8785
8790
8795
8800
8805
8810
8815
8820
8824
8829
8833
8838
8842
8847
8851
8856
8860
8865
8870
8874
8879
8883
8888
8892
8897
8901
8906
8910
8915
8920
8924
8928
8933
8937
8942
8946
8950
8955
8959
8964
8968
8972
8977
8981
8985
8990
8994
8999
9003
9008
9012
9016
9021
9025
9030
9034
9039
9044
9049
9053
9058
9063
9068
9072
9077
9082
9087
9091
9096
9101
9106
9110
9115
9120
9125
9130
9134
9138
9142
9146
9150
9154
9158
9162
9166
9170
9174
9178
9182
9187
9191
9195
9199
9203
9207
9211
9215
9219
9223
9227
9231
9235
9240
9244
9248
9252
9256
9261
9265
9269
9273
9278
9282
9286
9290
9295
9299
9303
9307
9311
9316
9320
9324
9328
9333
9337
9341
9345
9350
9354
9358
9363
9367
9371
9376
9380
9384
9389
9393
9397
9402
9406
9410
9415
9419
9423
9428
9432
9436
9441
9445
9450
9453
9457
9461
9465
9469
9473
9477
9481
9485
9489
9493
9497
9501
9504
9508
9512
9516
9520
9524
9528
9532
9536
9540
9544
9548
9552
9556
9560
9563
9566
9570
9573
9577
9580
9584
9587
9591
9594
9597
9601
9604
9608
9611
9615
9618
9622
9625
9628
9632
9635
9639
9642
9646
9649
9653
9656
9660
9663
9667
9671
9675
9679
9683
9687
9691
9695
9699
9703
9707
9711
9715
9718
9722
9726
9730
9734
9738
9742
9746
9750
9754
9758
9762
9766
9770
9773
9777
9781
9784
9788
9792
9795
9799
9803
9807
9810
9814
9818
9821
9825
9829
9832
9836
9840
9844
9847
9851
9855
9858
9862
9866
9870
9873
9877
9881
9884
9888
9892
9895
9899
9902
9906
9910
9914
9917
9921
9925
9928
9932
9936
9939
9943
9947
9950
9954
9958
9961
9965
9969
9972
9976
9980
9984
9988
9992
9996
10001
10005
10009
10013
10018
10022
10026
10030
10035
10039
10043
10047
10051
10056
10060
10064
10068
10073
10077
10081
10085
10090
10093
10096
10100
10103
10107
10110
10114
10117
10121
10124
10127
10131
10134
10138
10141
10145
10148
10152
10155
10158
10162
10165
10169
10172
10176
10179
10183
10186
10190
10195
10201
10206
10212
10217
10222
10228
10234
10239
10245
10250
10256
10261
10267
10272
10278
10283
10289
10294
10300
10307
10314
10321
10328
10335
10342
10350
10357
10364
10371
10378
10385
10392
10400
10405
10410
10415
10420
10426
10431
10436
10441
10447
10452
10457
10462
10468
10473
10478
10483
10489
10494
10499
10504
10510
10514
10518
10523
10527
10532
10536
10540
10545
10549
10554
10558
10562
10567
10571
10575
10580
10584
10589
10593
10597
10602
10606
10611
10615
10620
10625
10630
10635
10640
10646
10651
10656
10661
10667
10672
10677
10682
10688
10693
10698
10703
10709
10714
10719
10724
10730
10737
10744
10752
10759
10766
10774
10781
10788
10796
10803
10810
10818
10825
10832
10840
10847
10854
10861
10868
10875
10882
10890
10897
10904
10911
10918
10925
10932
10940
10949
10958
10967
10976
10985
10995
11004
11013
11022
11031
11040
11050
11055
11061
11067
11073
11079
11085
11091
11097
11102
11108
11114
11120
11126
11132
11138
11144
11150
11153
11157
11160
11164
11167
11171
11174
11178
11181
11185
11189
11192
11196
11199
11203
11206
11210
11213
11217
11220
11224
11228
11231
11235
11238
11242
11245
11249
11252
11256
11260
11266
11272
11278
11284
11290
11296
11302
11308
11315
11321
11327
11333
11339
11345
11351
11357
11363
11370
11373
11377
11380
11384
11387
11391
11394
11398
11401
11405
11408
11412
11415
11419
11422
11426
11430
11433
11437
11440
11444
11447
11451
11454
11458
11461
11465
11468
11472
11475
11479
11482
11486
11490
11494
11498
11502
11506
11511
11515
11519
11523
11528
11532
11536
11540
11545
11549
11553
11557
11561
11566
11570
11574
11578
11583
11587
11591
11595
11600
11605
11610
11615
11621
11626
11631
11636
11642
11647
11652
11657
11663
11668
11673
11678
11684
11689
11694
11700
11704
11708
11712
11716
11720
11724
11728
11732
11736
11740
11744
11748
11752
11757
11761
11765
11769
11773
11777
11781
11785
11789
11793
11797
11801
11805
11810
11815
11821
11826
11832
11837
11843
11848
11854
11860
11865
11871
11876
11882
11887
11893
11898
11904
11910
11916
11922
11928
11934
11940
11946
11952
11958
11965
11971
11977
11983
11989
11995
12001
12007
12013
12020
12022
12025
12028
12031
12033
12036
12039
12042
12045
12047
12050
12053
12056
12058
12061
12064
12067
12070
12072
12075
12078
12081
12083
12086
12089
12092
12094
12097
12100
12103
12106
12108
12111
12114
12117
12120
12124
12129
12133
12138
12142
12147
12152
12156
12161
12165
12170
12175
12179
12184
12188
12193
12197
12202
12207
12211
12216
12220
12225
12230
12236
12242
12248
12254
12260
12266
12272
12278
12285
12291
12297
12303
12309
12315
12321
12327
12333
12340
12344
12349
12353
12358
12362
12367
12371
12376
12380
12385
12390
12394
12399
12403
12408
12412
12417
12421
12426
12430
12435
12440
12445
12451
12456
12462
12468
12473
12479
12485
12490
12496
12502
12507
12513
12519
12524
12530
12536
12541
12547
12553
12558
12564
12570
12579
12588
12597
12606
12615
12624
12633
12642
12651
12660
12670
12680
12690
12700
12709
12719
12730
12740
12750
12760
12770
12780
12783
12787
12791
12795
12799
12803
12806
12810
12814
12818
12822
12826
12830
12833
12837
12841
12845
12849
12853
12856
12860
12864
12868
12872
12876
12880
12884
12888
12892
12896
12901
12905
12909
12913
12918
12922
12926
12930
12935
12939
12943
12947
12951
12956
12960
12964
12968
12973
12977
12981
12985
12990
12995
13000
13005
13010
13015
13020
13025
13030
13035
13040
13045
13050
13055
13060
13065
13070
13075
13080
13084
13090
13094
13100
13103
13107
13111
13114
13118
13122
13125
13129
13133
13137
13140
13144
13148
13151
13155
13159
13162
13166
13170
13174
13177
13181
13185
13188
13192
13196
13200
13203
13206
13209
13213
13216
13219
13223
13226
13230
13233
13236
13240
13243
13246
13250
13253
13256
13260
13263
13266
13270
13273
13276
13280
13283
13286
13290
13293
13296
13300
13303
13306
13310
13313
13316
13320
13323
13326
13330
13333
13336
13340
13343
13346
13350
13353
13356
13360
13363
13366
13370
13373
13376
13380
13383
13386
13390
13393
13396
13400
13403
13406
13410
13413
13416
13420
13423
13426
13429
13432
13435
13438
13441
13444
13447
13450
13453
13456
13459
13463
13466
13469
13472
13475
13478
13481
13484
13487
13490
13493
13496
13500
13503
13506
13509
13512
13515
13518
13521
13524
13527
13530
13533
13536
13540
13544
13548
13553
13557
13561
13566
13570
13574
13579
13583
13587
13592
13596
13600
13605
13609
13613
13618
13622
13626
13631
13635
13640
13647
13654
13662
13669
13676
13684
13691
13698
13706
13713
13720
13728
13735
13742
13750
13758
13766
13775
13783
13792
13800
13809
13817
13826
13834
13843
13851
13860
13864
13868
13873
13877
13881
13886
13890
13894
13899
13903
13907
13912
13916
13920
13925
13929
13933
13938
13942
13946
13951
13955
13960
13964
13969
13974
13979
13983
13988
13993
13998
14003
14007
14012
14017
14022
14026
14031
14036
14041
14046
14050
14055
14060
14065
14070
14078
14086
14095
14103
14111
14120
14128
14136
14145
14153
14161
14170
14174
14178
14182
14186
14190
14194
14198
14202
14206
14210
14214
14218
14222
14227
14231
14235
14239
14243
14247
14251
14255
14259
14263
14267
14271
14275
14280
14285
14290
14295
14299
14305
14310
14315
14320
14325
14330
14335
14340
14345
14350
14355
14360
14365
14370
14375
14380
14384
14388
14392
14396
14400
14404
14408
14412
14416
14420
14424
14428
14432
14437
14441
14445
14449
14453
14457
14461
14465
14469
14473
14477
14481
14485
14490
14495
14500
14505
14510
14515
14520
14525
14530
14535
14540
14545
14550
14555
14560
14565
14570
14575
14580
14584
14590
14594
14600
14604
14607
14612
14616
14620
14623
14628
14632
14636
14639
14644
14648
14652
14655
14660
14664
14668
14671
14676
14680
14684
14687
14692
14696
14700
14706
14713
14720
14727
14734
14741
14748
14754
14761
14768
14775
14782
14789
14796
14803
14810
14818
14826
14835
14843
14852
14860
14869
14877
14886
14894
14903
14911
14920
14925
14930
14935
14940
14946
14951
14956
14961
14967
14972
14977
14982
14988
14993
14998
15003
15009
15014
15019
15024
15030
15038
15046
15055
15063
15071
15080
15088
15096
15105
15113
15121
15130
15134
15139
15144
15149
15153
15158
15163
15168
15173
15177
15182
15187
15192
15196
15201
15206
15211
15216
15220
15225
15230
15235
15240
15245
15251
15257
15263
15268
15274
15280
15286
15292
15297
15303
15309
15315
15321
15326
15332
15338
15344
15350
15355
15360
15365
15370
15375
15379
15385
15389
15395
15399
15405
15410
15415
15420
15424
15430
15434
15440
15444
15450
15453
15457
15461
15465
15469
15473
15477
15481
15485
15489
15493
15497
15501
15504
15508
15512
15516
15520
15524
15528
15532
15536
15540
15544
15548
15552
15556
15560
15566
15573
15580
15586
15593
15600
15606
15613
15620
15626
15633
15640
15646
15653
15660
15666
15672
15678
15684
15690
15696
15702
15708
15714
15719
15726
15732
15738
15744
15750
15756
15761
15767
15774
15780
15785
15790
15795
15799
15805
15810
15815
15820
15825
15830
15835
15840
15845
15850
15855
15860
15865
15870
15875
15880
15885
15891
15896
15902
15907
15913
15918
15924
15929
15935
15940
15946
15951
15957
15962
15968
15973
15979
15984
15990
15998
16006
16015
16023
16032
16040
16049
16057
16066
16074
16083
16091
16100
16107
16115
16123
16130
16138
16146
16153
16161
16169
16176
16184
16192
16200
16209
16218
16227
16236
16245
16254
16264
16273
16282
16291
16300
16309
16315
16321
16327
16333
16339
16345
16351
16357
16362
16368
16374
16380
16386
16392
16398
16404
16410
16414
16418
16423
16427
16432
16436
16440
16445
16449
16454
16458
16462
16467
16471
16476
16480
16484
16489
16493
16498
16502
16506
16511
16515
16520
16524
16529
16534
16539
16543
16548
16553
16558
16562
16567
16572
16577
16581
16586
16591
16596
16600
16605
16610
16615
16620
16624
16628
16632
16636
16640
16644
16648
16652
16656
16660
16664
16668
16672
16677
16681
16685
16689
16693
16697
16701
16705
16709
16713
16717
16721
16725
16730
16735
16740
16745
16750
16756
16761
16766
16771
16777
16782
16787
16792
16798
16803
16808
16813
16819
16824
16829
16834
16840
16843
16847
16851
16854
16858
16862
16865
16869
16873
16877
16880
16884
16888
16891
16895
16899
16902
16906
16910
16914
16917
16921
16925
16928
16932
16936
16940
16944
16949
16953
16958
16962
16967
16972
16976
16981
16985
16990
16995
16999
17004
17008
17013
17017
17022
17027
17031
17036
17040
17045
17050
17054
17058
17062
17066
17070
17075
17079
17083
17087
17091
17095
17100
17104
17108
17112
17116
17120
17125
17129
17133
17137
17141
17145
17150
17153
17157
17161
17165
17169
17173
17177
17181
17185
17189
17193
17197
17201
17205
17208
17212
17216
17220
17224
17228
17232
17236
17240
17244
17248
17252
17256
17260
17263
17267
17271
17275
17279
17283
17287
17290
17294
17298
17302
17306
17310
17314
17318
17321
17325
17329
17333
17337
17341
17345
17349
17352
17356
17360
17364
17368
17372
17376
17380
17383
17386
17389
17392
17395
17398
17401
17404
17407
17410
17413
17416
17419
17422
17425
17428
17431
17435
17438
17441
17444
17447
17450
17453
17456
17459
17462
17465
17468
17471
17474
17477
17480
17483
17486
17490
17493
17497
17501
17505
17508
17512
17516
17520
17524
17527
17531
17535
17539
17543
17546
17550
17554
17558
17562
17565
17569
17573
17577
17581
17584
17588
17592
17596
17600
17605
17611
17616
17622
17627
17633
17638
17644
17650
17655
17661
17666
17672
17677
17683
17688
17694
17700
17708
17716
17725
17733
17742
17750
17759
17767
17776
17784
17793
17801
17810
17820
17830
17840
17849
17860
17870
17880
17890
17900
17910
17919
17928
17937
17946
17955
17965
17974
17983
17992
18001
18010
18020
18031
18042
18053
18064
18075
18086
18097
18108
18120
18126
18133
18140
18147
18154
18161
18168
18175
18181
18188
18195
18202
18209
18216
18223
18230
18235
18240
18245
18250
18256
18261
18266
18271
18277
18282
18287
18292
18298
18303
18308
18313
18319
18324
18329
18334
18340
18345
18351
18357
18363
18369
18375
18381
18387
18392
18398
18404
18410
18416
18422
18428
18434
18440
18444
18448
18452
18456
18461
18465
18469
18473
18478
18482
18486
18490
18495
18499
18503
18507
18511
18516
18520
18524
18528
18533
18537
18541
18545
18550
18555
18560
18565
18570
18575
18580
18585
18590
18595
18600
18605
18610
18615
18619
18625
18630
18634
18640
18645
18650
18653
18657
18660
18664
18668
18672
18675
18679
18683
18686
18690
18694
18697
18701
18705
18708
18712
18716
18719
18723
18727
18730
18734
18738
18741
18745
18749
18752
18756
18760
18763
18766
18770
18773
18777
18780
18784
18787
18790
18794
18797
18801
18804
18808
18811
18815
18818
18821
18825
18828
18832
18835
18839
18842
18845
18849
18852
18856
18859
18863
18866
18870
18873
18876
18879
18882
18885
18888
18892
18895
18898
18901
18904
18907
18910
18914
18917
18920
18923
18926
18929
18932
18936
18939
18942
18945
18948
18951
18954
18958
18961
18964
18967
18970
18973
18976
18980
18984
18989
18993
18998
19002
19007
19012
19016
19021
19025
19030
19035
19039
19044
19048
19053
19057
19062
19067
19071
19076
19080
19085
19090
19094
19099
19104
19109
19113
19118
19123
19128
19132
19137
19142
19147
19151
19156
19161
19166
19170
19175
19180
19185
19190
19194
19199
19203
19208
19212
19217
19222
19226
19231
19235
19240
19245
19249
19254
19258
19263
19267
19272
19277
19281
19286
19290
19295
19300
19305
19310
19315
19321
19326
19331
19336
19342
19347
19352
19357
19363
19368
19373
19378
19384
19389
19394
19400
19404
19408
19413
19417
19422
19426
19430
19435
19439
19444
19448
19452
19457
19461
19466
19470
19474
19479
19483
19488
19492
19496
19501
19505
19510
19514
19519
19523
19528
19532
19537
19542
19546
19551
19555
19560
19565
19569
19574
19578
19583
19587
19592
19597
19601
19606
19610
19615
19620
19623
19626
19630
19633
19637
19640
19644
19647
19650
19654
19657
19661
19664
19668
19671
19675
19678
19681
19685
19688
19692
19695
19699
19702
19705
19709
19712
19716
19719
19723
19726
19730
19734
19738
19743
19747
19752
19756
19760
19765
19769
19774
19778
19782
19787
19791
19796
19800
19804
19809
19813
19818
19822
19826
19831
19835
19840
19843
19846
19850
19853
19857
19860
19864
19867
19871
19874
19877
19881
19884
19888
19891
19895
19898
19902
19905
19908
19912
19915
19919
19922
19926
19929
19933
19936
19940
19942
19945
19948
19951
19954
19957
19960
19963
19966
19969
19972
19975
19978
19981
19984
19987
19990
19993
19996
19999
20002
20005
20008
20011
20014
20017
20020
20023
20026
20029
20032
20035
20038
20041
20044
20047
20050
20053
20056
20060
20063
20067
20070
20074
20077
20081
20084
20087
20091
20094
20098
20101
20105
20108
20112
20115
20118
20122
20125
20129
20132
20136
20139
20143
20146
20150
20154
20158
20163
20167
20172
20176
20180
20185
20189
20194
20198
20202
20207
20211
20216
20220
20224
20229
20233
20238
20242
20246
20251
20255
20260
20265
20271
20277
20283
20288
20294
20300
20306
20312
20317
20323
20329
20335
20341
20346
20352
20358
20364
20370
20376
20382
20388
20394
20400
20406
20412
20418
20425
20431
20437
20443
20449
20455
20461
20467
20473
20480
20484
20488
20492
20496
20500
20504
20508
20512
20516
20520
20524
20528
20532
20537
20541
20545
20549
20553
20557
20561
20565
20569
20573
20577
20581
20585
20590
20594
20598
20603
20607
20612
20616
20620
20625
20629
20634
20638
20642
20647
20651
20656
20660
20664
20669
20673
20678
20682
20686
20691
20695
20700
20705
20711
20716
20721
20727
20733
20738
20744
20749
20755
20760
20766
20771
20776
20782
20788
20793
20799
20804
20810
20815
20821
20826
20832
20837
20843
20848
20854
20860
20865
20871
20876
20882
20887
20893
20898
20904
20910
20916
20923
20930
20937
20944
20951
20958
20965
20971
20978
20985
20992
20999
21006
21013
21020
21031
21042
21053
21064
21075
21086
21097
21108
21120
21127
21135
21143
21151
21159
21167
21175
21182
21190
21198
21206
21214
21222
21230
21236
21242
21248
21254
21260
21266
21272
21278
21285
21291
21297
21303
21309
21315
21321
21327
21333
21340
21348
21356
21365
21373
21382
21390
21399
21407
21416
21424
21433
21441
21450
21454
21459
21464
21469
21473
21478
21483
21488
21493
21497
21502
21507
21512
21516
21521
21526
21531
21536
21540
21545
21550
21555
21560
21564
21569
21574
21579
21583
21588
21593
21598
21602
21607
21612
21617
21621
21626
21631
21636
21640
21645
21650
21655
21660
21664
21668
21672
21676
21680
21684
21688
21693
21697
21701
21705
21709
21713
21717
21722
21726
21730
21734
21738
21742
21746
21751
21755
21759
21763
21767
21771
21775
21780
21783
21787
21791
21794
21798
21802
21805
21809
21813
21817
21820
21824
21828
21831
21835
21839
21842
21846
21850
21854
21857
21861
21865
21868
21872
21876
21880
21884
21890
21895
21900
21904
21910
21915
21919
21924
21930
21935
21939
21945
21950
21955
21959
21965
21970
21974
21979
21985
21990
21994
22000
22005
22009
22015
22020
22025
22030
22035
22040
22045
22050
22055
22060
22065
22070
22075
22080
22085
22090
22095
22100
22103
22107
22110
22114
22117
22121
22125
22128
22132
22135
22139
22142
22146
22150
22153
22157
22160
22164
22167
22171
22175
22178
22182
22185
22189
22192
22196
22200
22203
22207
22211
22215
22218
22222
22226
22230
22234
22237
22241
22245
22249
22253
22256
22260
22264
22268
22272
22275
22279
22283
22287
22291
22294
22298
22302
22306
22310
22315
22320
22325
22331
22336
22341
22346
22352
22357
22362
22367
22373
22378
22383
22388
22394
22399
22404
22410
22415
22421
22426
22432
22437
22443
22448
22454
22459
22465
22470
22476
22481
22487
22492
22498
22503
22509
22514
22520
22527
22534
22541
22549
22556
22564
22571
22578
22586
22593
22600
22608
22615
22622
22630
22636
22643
22650
22657
22664
22671
22678
22685
22691
22698
22705
22712
22719
22726
22733
22740
22746
22753
22760
22767
22774
22781
22788
22795
22801
22808
22815
22822
22829
22836
22843
22850
22857
22864
22871
22878
22885
22892
22900
22907
22914
22921
22928
22935
22942
22950
22960
22970
22980
22990
23000
23009
23020
23029
23040
23049
23060
23072
23085
23097
23110
23122
23134
23147
23160
23166
23173
23180
23187
23194
23201
23208
23215
23221
23228
23235
23242
23249
23256
23263
23270
23275
23281
23287
23293
23299
23305
23311
23317
23322
23328
23334
23340
23346
23352
23358
23364
23370
23375
23381
23386
23392
23397
23403
23408
23414
23419
23425
23430
23436
23441
23447
23452
23458
23463
23469
23474
23480
23485
23491
23496
23502
23507
23513
23518
23524
23529
23535
23540
23546
23551
23557
23562
23568
23573
23579
23584
23590
23595
23601
23607
23613
23619
23625
23631
23637
23642
23648
23654
23660
23666
23672
23678
23684
23690
23695
23700
23705
23710
23715
23720
23725
23730
23735
23740
23745
23750
23755
23760
23765
23770
23775
23780
23785
23790
23795
23800
23805
23810
23815
23821
23826
23831
23836
23842
23847
23852
23857
23863
23868
23873
23878
23884
23889
23894
23900
23907
23916
23924
23932
23939
23948
23956
23964
23971
23980
23988
23996
24003
24012
24020
24024
24028
24033
24037
24041
24046
24050
24054
24059
24063
24067
24072
24076
24080
24085
24089
24093
24098
24102
24106
24111
24115
24120
24123
24127
24130
24134
24137
24141
24144
24148
24151
24155
24159
24162
24166
24169
24173
24176
24180
24183
24187
24190
24194
24198
24201
24205
24208
24212
24215
24219
24222
24226
24230
24235
24240
24245
24250
24256
24261
24266
24271
24277
24282
24287
24292
24298
24303
24308
24313
24319
24324
24329
24334
24340
24345
24350
24355
24361
24366
24371
24376
24382
24387
24392
24397
24403
24408
24413
24418
24424
24429
24434
24440
24444
24449
24453
24458
24462
24467
24472
24476
24481
24485
24490
24495
24499
24504
24508
24513
24517
24522
24527
24531
24536
24540
24545
24550
24554
24558
24563
24567
24571
24576
24580
24584
24589
24593
24597
24602
24606
24610
24615
24619
24623
24628
24632
24636
24641
24645
24650
24653
24657
24660
24664
24668
24671
24675
24679
24682
24686
24689
24693
24697
24700
24704
24708
24711
24715
24719
24722
24726
24730
24733
24737
24740
24744
24748
24751
24755
24759
24762
24766
24770
24773
24777
24781
24785
24789
24793
24796
24800
24804
24808
24812
24816
24820
24823
24827
24831
24835
24839
24843
24846
24850
24854
24858
24862
24866
24870
24873
24877
24881
24885
24889
24893
24897
24901
24905
24909
24913
24917
24921
24925
24928
24932
24936
24940
24944
24948
24952
24956
24960
24964
24968
24972
24976
24980
24983
24986
24990
24993
24996
25000
25003
25006
25010
25013
25016
25020
25023
25026
25030
25033
25036
25040
25043
25046
25050
25053
25056
25060
25063
25066
25070
25073
25076
25080
25083
25086
25090
25094
25098
25103
25107
25111
25116
25120
25124
25129
25133
25137
25142
25146
25150
25155
25159
25163
25168
25172
25176
25181
25185
25190
25193
25197
25201
25204
25208
25212
25215
25219
25223
25226
25230
25234
25237
25241
25245
25248
25252
25256
25259
25263
25267
25270
25274
25278
25281
25285
25289
25292
25296
25300
25304
25309
25313
25318
25322
25327
25331
25336
25340
25345
25350
25354
25359
25363
25368
25372
25377
25381
25386
25390
25395
25400
25407
25416
25424
25432
25439
25448
25456
25464
25471
25480
25488
25496
25503
25512
25520
25562
25605
25648
25691
25734
25777
25820
25821
25823
25825
25826
25828
25830
25831
25833
25835
25836
25838
25840
25842
25843
25845
25847
25848
25850
25852
25853
25855
25857
25858
25860
25862
25864
25865
25867
25869
25870
25872
25874
25875
25877
25879
25881
25882
25884
25886
25887
25889
25891
25892
25894
25896
25897
25899
25901
25903
25904
25906
25908
25909
25911
25913
25914
25916
25918
25920
25924
25929
25934
25939
25943
25948
25953
25958
25963
25967
25972
25977
25982
25986
25991
25996
26001
26006
26010
26015
26020
26025
26030
26034
26039
26043
26048
26052
26057
26061
26066
26070
26075
26080
26084
26089
26093
26098
26102
26107
26111
26116
26120
26125
26130
26134
26138
26143
26147
26151
26156
26160
26165
26169
26174
26178
26182
26187
26191
26195
26200
26204
26209
26213
26218
26222
26226
26231
26235
26240
26243
26247
26250
26254
26258
26262
26265
26269
26273
26276
26280
26284
26287
26291
26295
26298
26302
26306
26309
26313
26317
26320
26324
26328
26331
26335
26339
26342
26346
26350
26353
26357
26361
26364
26368
26372
26375
26379
26383
26386
26390
26394
26397
26401
26405
26408
26412
26416
26419
26423
26427
26430
26434
26438
26441
26445
26449
26452
26456
26460
26464
26468
26472
26476
26481
26485
26489
26493
26498
26502
26506
26510
26515
26519
26523
26527
26531
26536
26540
26544
26548
26553
26557
26561
26565
26570
26576
26582
26589
26595
26602
26608
26615
26621
26628
26634
26641
26647
26654
26660
26667
26673
26680
26684
26689
26693
26698
26702
26707
26712
26716
26721
26725
26730
26735
26739
26744
26748
26753
26757
26762
26767
26771
26776
26780
26785
26790
26794
26798
26803
26807
26811
26816
26820
26824
26829
26833
26837
26842
26846
26850
26855
26859
26863
26868
26872
26876
26881
26885
26890
26895
26901
26906
26912
26917
26923
26928
26934
26939
26945
26950
26956
26961
26967
26972
26978
26983
26989
26994
27000
27005
27010
27015
27020
27026
27031
27036
27041
27047
27052
27057
27062
27068
27073
27078
27083
27089
27094
27099
27104
27110
27116
27122
27128
27134
27141
27147
27153
27160
27166
27172
27178
27185
27191
27197
27203
27210
27216
27223
27230
27237
27244
27251
27258
27265
27271
27278
27285
27292
27299
27306
27313
27320
27325
27330
27335
27341
27346
27351
27356
27362
27367
27372
27377
27383
27388
27393
27398
27404
27409
27414
27420
27424
27429
27434
27439
27443
27448
27453
27458
27463
27467
27472
27477
27482
27486
27491
27496
27501
27506
27510
27515
27520
27525
27530
27535
27540
27545
27551
27556
27561
27566
27572
27577
27582
27587
27593
27598
27603
27608
27614
27619
27624
27630
27635
27640
27645
27650
27656
27661
27666
27671
27677
27682
27687
27692
27698
27703
27708
27713
27719
27724
27729
27734
27740
27744
27748
27752
27756
27761
27765
27769
27773
27778
27782
27786
27790
27794
27799
27803
27807
27811
27816
27820
27824
27828
27833
27837
27841
27845
27850
27854
27858
27862
27866
27870
27874
27878
27882
27886
27890
27894
27898
27902
27906
27910
27914
27918
27922
27926
27930
27934
27938
27942
27945
27950
27952
27955
27958
27961
27964
27967
27970
27973
27976
27978
27981
27984
27987
27990
27993
27996
27999
28002
28005
28007
28010
28013
28016
28019
28022
28025
28028
28031
28033
28036
28039
28042
28045
28048
28051
28054
28057
28060
28063
28066
28069
28072
28075
28078
28081
28085
28088
28091
28094
28097
28100
28103
28106
28110
28113
28116
28119
28122
28125
28128
28131
28134
28138
28141
28144
28147
28150
28153
28156
28160
28163
28167
28171
28175
28179
28183
28187
28191
28195
28199
28203
28207
28211
28215
28218
28222
28226
28230
28234
28238
28242
28246
28250
28254
28258
28262
28266
28270
28272
28275
28277
28280
28282
28285
28287
28290
28293
28295
28298
28300
28303
28305
28308
28311
28313
28316
28318
28321
28323
28326
28328
28331
28334
28336
28339
28341
28344
28346
28349
28352
28354
28357
28359
28362
28364
28367
28370
28372
28375
28378
28381
28384
28387
28390
28393
28396
28399
28402
28405
28408
28411
28414
28417
28420
28423
28426
28429
28432
28435
28438
28441
28444
28447
28450
28453
28456
28459
28462
28465
28468
28471
28474
28477
28480
28484
28488
28492
28496
28500
28504
28508
28512
28516
28520
28524
28528
28532
28537
28541
28545
28549
28553
28557
28561
28565
28569
28573
28577
28581
28585
28590
28593
28596
28600
28603
28607
28610
28614
28617
28621
28624
28627
28631
28634
28638
28641
28645
28648
28652
28655
28658
28662
28665
28669
28672
28676
28679
28683
28686
28690
28693
28697
28701
28705
28709
28713
28717
28721
28725
28729
28733
28737
28741
28745
28748
28752
28756
28760
28764
28768
28772
28776
28780
28784
28788
28792
28796
28800
28804
28808
28812
28816
28820
28824
28828
28832
28836
28840
28844
28848
28852
28855
28860
28864
28868
28872
28875
28880
28884
28887
28892
28895
28900
28904
28908
28912
28916
28920
28924
28928
28932
28936
28940
28944
28948
28952
28957
28961
28965
28969
28973
28977
28981
28985
28989
28993
28997
29001
29005
29010
29014
29018
29022
29026
29030
29034
29038
29042
29046
29050
29054
29058
29062
29067
29071
29075
29079
29083
29087
29091
29095
29099
29103
29107
29111
29115
29120
29125
29131
29137
29143
29148
29154
29160
29166
29172
29177
29183
29189
29195
29201
29206
29212
29218
29224
29230
29234
29238
29243
29247
29252
29256
29260
29265
29269
29274
29278
29282
29287
29291
29296
29300
29304
29309
29313
29318
29322
29326
29331
29335
29340
29344
29348
29353
29357
29362
29366
29370
29375
29379
29384
29388
29392
29397
29401
29406
29410
29414
29419
29423
29428
29432
29436
29441
29445
29450
29454
29459
29464
29469
29473
29478
29483
29488
29493
29497
29502
29507
29512
29516
29521
29526
29531
29536
29540
29545
29550
29555
29560
29565
29571
29577
29583
29589
29595
29601
29607
29612
29618
29624
29630
29636
29642
29648
29654
29660
29665
29670
29675
29680
29686
29691
29696
29701
29707
29712
29717
29722
29728
29733
29738
29743
29749
29754
29759
29764
29770
29775
29781
29787
29793
29799
29805
29811
29817
29822
29828
29834
29840
29846
29852
29858
29864
29870
29874
29878
29882
29886
29891
29895
29899
29903
29908
29912
29916
29920
29925
29929
29933
29937
29941
29946
29950
29954
29958
29963
29967
29971
29975
29980
