2
4
6
8
11
13
15
17
20
22
24
26
29
31
33
35
38
40
42
44
47
49
51
53
56
58
60
62
65
67
69
71
74
76
78
80
83
85
87
89
92
94
96
98
101
103
105
107
110
112
114
116
118
121
123
125
127
130
132
134
136
138
141
143
145
147
150
152
154
156
158
161
163
165
167
169
172
174
176
178
181
183
185
187
190
192
194
196
198
201
203
205
207
210
212
214
216
218
221
223
225
227
229
231
234
236
238
240
243
245
247
249
251
254
256
258
260
262
265
267
269
271
273
276
278
280
282
284
287
289
291
293
295
298
300
302
304
306
309
311
313
315
317
320
322
325
328
330
333
336
338
341
344
347
349
352
355
357
360
363
365
368
371
374
376
379
382
384
387
390
392
395
398
401
403
406
409
411
414
417
420
422
425
427
430
432
435
437
440
442
445
447
450
452
455
457
460
462
465
467
470
472
475
477
480
482
485
487
490
492
495
497
500
502
505
507
510
512
515
517
520
522
525
527
530
533
536
539
542
546
549
552
555
559
562
565
568
571
575
578
581
584
588
591
594
597
600
604
607
610
613
617
620
623
626
630
633
637
641
644
648
652
655
659
663
666
670
674
677
681
685
688
692
696
699
703
707
710
714
718
721
725
729
732
736
740
742
745
747
750
752
755
757
760
762
765
767
770
772
775
777
780
782
785
787
790
792
794
797
799
802
804
807
809
812
815
817
820
822
825
827
830
832
835
837
840
842
845
847
850
852
854
857
859
862
864
867
869
871
874
876
879
881
884
886
889
891
893
896
898
901
903
906
908
910
913
915
918
920
923
925
928
930
932
935
937
940
942
945
947
950
952
954
956
959
961
963
966
968
970
972
975
977
979
982
984
986
988
991
993
995
998
1000
1002
1004
1007
1009
1011
1014
1016
1018
1021
1023
1025
1027
1030
1032
1034
1037
1039
1041
1043
1046
1048
1050
1053
1055
1057
1060
1062
1064
1067
1069
1072
1074
1077
1079
1081
1084
1086
1089
1091
1094
1096
1099
1101
1103
1106
1108
1111
1113
1116
1118
1120
1123
1125
1128
1130
1133
1135
1138
1140
1142
1145
1147
1150
1152
1155
1157
1160
1161
1163
1165
1167
1169
1171
1173
1175
1177
1178
1180
1182
1184
1186
1188
1190
1192
1194
1196
1197
1199
1201
1203
1205
1207
1209
1211
1213
1214
1216
1218
1220
1222
1224
1226
1228
1230
1232
1233
1235
1237
1239
1241
1243
1245
1247
1249
1251
1252
1254
1256
1258
1260
1262
1264
1266
1268
1270
1272
1274
1276
1279
1281
1283
1285
1288
1290
1292
1295
1297
1299
1301
1304
1306
1308
1310
1313
1315
1317
1320
1322
1324
1326
1329
1331
1333
1335
1338
1340
1342
1345
1347
1349
1351
1354
1356
1358
1360
1363
1365
1367
1370
1372
1374
1376
1378
1380
1382
1384
1386
1388
1390
1392
1394
1396
1398
1400
1402
1404
1406
1408
1410
1412
1414
1416
1418
1420
1422
1424
1426
1428
1430
1432
1434
1436
1438
1440
1442
1444
1446
1448
1450
1452
1454
1456
1458
1460
1462
1464
1466
1468
1470
1472
1474
1476
1478
1480
1482
1484
1486
1488
1490
1492
1494
1496
1498
1500
1502
1504
1506
1509
1511
1513
1515
1517
1519
1521
1523
1525
1527
1529
1531
1533
1536
1538
1540
1542
1544
1546
1548
1550
1552
1554
1556
1558
1560
1563
1565
1567
1569
1571
1573
1575
1577
1579
1581
1583
1585
1587
1590
1592
1594
1596
1599
1601
1603
1605
1608
1610
1612
1615
1617
1619
1621
1624
1626
1628
1630
1633
1635
1637
1640
1642
1644
1646
1649
1651
1653
1655
1658
1660
1662
1665
1667
1669
1671
1674
1676
1678
1680
1683
1685
1687
1690
1692
1694
1697
1699
1701
1704
1706
1709
1711
1713
1716
1718
1721
1723
1725
1728
1730
1733
1735
1737
1740
1742
1745
1747
1749
1752
1754
1756
1759
1761
1764
1766
1768
1771
1773
1776
1778
1780
1783
1785
1788
1790
1792
1795
1797
1800
1802
1804
1806
1808
1811
1813
1815
1817
1820
1822
1824
1826
1828
1831
1833
1835
1837
1840
1842
1844
1846
1848
1851
1853
1855
1857
1859
1862
1864
1866
1868
1871
1873
1875
1877
1880
1882
1884
1886
1888
1891
1893
1895
1897
1900
1902
1904
1907
1909
1911
1914
1916
1919
1921
1923
1926
1928
1931
1933
1935
1938
1940
1943
1945
1947
1950
1952
1954
1957
1959
1962
1964
1966
1969
1971
1974
1976
1978
1981
1983
1986
1988
1990
1993
1995
1998
2000
2002
2005
2007
2009
2012
2015
2017
2020
2022
2025
2027
2030
2033
2035
2038
2040
2043
2045
2048
2050
2053
2056
2058
2061
2063
2066
2068
2071
2073
2076
2079
2081
2084
2086
2089
2091
2094
2096
2099
2102
2104
2107
2109
2112
2114
2117
2120
2122
2124
2127
2129
2132
2134
2137
2139
2142
2144
2146
2149
2151
2154
2156
2159
2161
2164
2166
2168
2171
2173
2176
2178
2181
2183
2186
2188
2190
2193
2195
2198
2200
2203
2205
2208
2210
2212
2215
2217
2220
2222
2225
2227
2230
2233
2237
2240
2244
2247
2251
2254
2258
2261
2265
2269
2272
2276
2279
2283
2286
2290
2293
2297
2300
2304
2308
2311
2315
2318
2322
2325
2329
2332
2336
2340
2345
2351
2357
2363
2368
2374
2380
2386
2392
2397
2403
2409
2415
2421
2426
2432
2438
2444
2450
2453
2457
2461
2465
2468
2472
2476
2480
2484
2487
2491
2495
2499
2503
2506
2510
2514
2518
2522
2525
2529
2533
2537
2541
2544
2548
2552
2556
2560
2564
2568
2572
2576
2580
2584
2588
2592
2596
2600
2604
2608
2612
2616
2620
2624
2628
2632
2636
2640
2644
2648
2652
2656
2660
2662
2665
2667
2670
2673
2675
2678
2680
2683
2686
2688
2691
2694
2696
2699
2701
2704
2707
2709
2712
2715
2717
2720
2722
2725
2728
2730
2733
2735
2738
2741
2743
2746
2749
2751
2754
2756
2759
2762
2764
2767
2770
2772
2774
2777
2779
2781
2784
2786
2789
2791
2793
2796
2798
2800
2803
2805
2808
2810
2812
2815
2817
2820
2822
2824
2827
2829
2831
2834
2836
2839
2841
2843
2846
2848
2850
2853
2855
2858
2860
2862
2865
2867
2870
2872
2874
2876
2878
2881
2883
2885
2887
2889
2892
2894
2896
2898
2900
2903
2905
2907
2909
2911
2914
2916
2918
2920
2922
2925
2927
2929
2931
2933
2936
2938
2940
2942
2944
2947
2949
2951
2953
2955
2958
2960
2962
2964
2966
2969
2971
2973
2975
2977
2980
2982
2984
2987
2989
2991
2994
2996
2998
3001
3003
3005
3008
3010
3012
3015
3017
3019
3022
3024
3026
3029
3031
3033
3036
3038
3040
3043
3045
3047
3050
3052
3054
3057
3059
3061
3064
3066
3068
3071
3073
3075
3078
3080
3082
3085
3087
3090
3092
3095
3097
3100
3102
3105
3107
3110
3113
3115
3118
3120
3123
3125
3128
3131
3133
3136
3138
3141
3143
3146
3148
3151
3154
3156
3159
3161
3164
3166
3169
3172
3174
3177
3179
3182
3184
3187
3190
3192
3195
3198
3201
3204
3207
3210
3213
3216
3218
3221
3224
3227
3230
3233
3236
3239
3242
3245
3247
3250
3253
3256
3259
3262
3265
3268
3271
3273
3276
3279
3282
3285
3288
3291
3294
3297
3300
3302
3304
3307
3309
3312
3315
3317
3320
3322
3324
3327
3330
3332
3335
3337
3340
3342
3344
3347
3349
3352
3355
3357
3360
3362
3364
3367
3370
3372
3375
3377
3380
3382
3385
3387
3389
3392
3395
3397
3400
3402
3405
3408
3411
3413
3416
3419
3421
3424
3427
3430
3433
3435
3438
3441
3444
3446
3449
3452
3455
3457
3460
3463
3465
3468
3471
3474
3477
3479
3482
3485
3488
3490
3493
3496
3498
3501
3504
3507
3510
3511
3513
3515
3517
3519
3521
3523
3525
3527
3529
3531
3533
3535
3537
3539
3541
3543
3545
3547
3549
3551
3553
3555
3557
3559
3561
3563
3565
3566
3568
3570
3572
3574
3576
3578
3580
3582
3584
3586
3588
3590
3592
3594
3596
3598
3600
3602
3604
3606
3608
3610
3612
3614
3616
3618
3620
3621
3623
3625
3627
3629
3631
3633
3635
3637
3639
3641
3643
3645
3647
3649
3651
3653
3655
3657
3659
3661
3663
3665
3667
3669
3671
3673
3675
3676
3678
3680
3682
3684
3686
3688
3690
3692
3694
3696
3698
3700
3702
3704
3706
3708
3710
3712
3714
3716
3718
3720
3722
3724
3726
3728
3730
3731
3734
3735
3738
3739
3742
3744
3746
3748
3750
3752
3754
3756
3758
3760
3762
3764
3766
3768
3770
3772
3774
3776
3778
3780
3782
3784
3786
3788
3790
3792
3794
3796
3798
3800
3802
3804
3806
3808
3810
3812
3814
3816
3818
3820
3822
3824
3826
3828
3830
3832
3834
3836
3838
3840
3842
3845
3848
3851
3854
3857
3860
3863
3866
3869
3872
3875
3878
3881
3884
3887
3889
3892
3895
3898
3901
3904
3907
3910
3913
3916
3919
3922
3925
3928
3931
3934
3937
3940
3942
3945
3947
3950
3952
3955
3957
3960
3963
3965
3968
3970
3973
3975
3978
3980
3983
3986
3988
3991
3993
3996
3998
4001
4003
4006
4009
4011
4014
4016
4019
4021
4024
4026
4029
4032
4034
4037
4039
4042
4044
4047
4050
4052
4055
4058
4061
4064
4067
4070
4072
4075
4078
4081
4084
4087
4090
4092
4095
4098
4101
4104
4107
4110
4112
4115
4118
4121
4124
4127
4130
4132
4135
4138
4141
4144
4147
4150
4152
4155
4157
4160
4163
4165
4168
4170
4173
4176
4178
4181
4184
4186
4189
4191
4194
4197
4199
4202
4205
4207
4210
4212
4215
4218
4220
4223
4225
4228
4231
4233
4236
4239
4241
4244
4246
4249
4252
4254
4257
4260
4262
4265
4268
4270
4273
4276
4278
4281
4284
4286
4289
4292
4294
4297
4300
4302
4305
4308
4310
4313
4316
4319
4321
4324
4327
4329
4332
4335
4337
4340
4343
4345
4348
4351
4353
4356
4359
4361
4364
4367
4370
4372
4374
4376
4378
4381
4383
4385
4387
4389
4392
4394
4396
4398
4400
4403
4405
4407
4409
4411
4414
4416
4418
4420
4422
4425
4427
4429
4431
4433
4436
4438
4440
4442
4444
4447
4449
4451
4453
4455
4458
4460
4462
4464
4466
4469
4471
4473
4475
4477
4480
4482
4484
4486
4489
4491
4493
4496
4498
4500
4502
4505
4507
4509
4512
4514
4516
4518
4521
4523
4525
4528
4530
4532
4535
4537
4539
4541
4544
4546
4548
4551
4553
4555
4557
4560
4562
4564
4567
4569
4571
4573
4576
4578
4580
4583
4585
4587
4590
4592
4595
4597
4600
4603
4605
4608
4611
4613
4616
4618
4621
4624
4626
4629
4632
4634
4637
4640
4642
4645
4647
4650
4653
4655
4658
4661
4663
4666
4668
4671
4674
4676
4679
4682
4684
4687
4690
4692
4695
4698
4700
4703
4706
4708
4711
4714
4716
4719
4722
4724
4727
4730
4732
4735
4738
4740
4743
4746
4749
4751
4754
4757
4759
4762
4765
4767
4770
4773
4775
4778
4781
4783
4786
4789
4791
4794
4797
4800
4802
4804
4806
4808
4811
4813
4815
4817
4820
4822
4824
4826
4828
4831
4833
4835
4837
4840
4842
4844
4846
4848
4851
4853
4855
4857
4860
4862
4864
4866
4868
4871
4873
4875
4877
4880
4882
4884
4886
4888
4891
4893
4895
4897
4900
4902
4904
4906
4908
4911
4913
4915
4917
4920
4922
4924
4926
4929
4931
4933
4935
4938
4940
4942
4944
4947
4949
4951
4953
4956
4958
4960
4962
4965
4967
4969
4971
4974
4976
4978
4980
4983
4985
4987
4989
4992
4994
4996
4998
5001
5003
5005
5007
5010
5012
5015
5017
5020
5022
5025
5027
5030
5033
5035
5038
5040
5043
5045
5048
5050
5053
5056
5058
5061
5063
5066
5068
5071
5073
5076
5079
5081
5084
5086
5089
5091
5094
5096
5099
5102
5104
5107
5109
5112
5114
5117
5120
5122
5125
5128
5131
5134
5137
5140
5143
5146
5149
5152
5155
5158
5161
5164
5167
5170
5173
5176
5179
5182
5185
5188
5191
5194
5197
5200
5203
5206
5209
5212
5215
5218
5221
5224
5227
5230
5232
5234
5236
5238
5240
5242
5244
5246
5249
5251
5253
5255
5257
5259
5261
5263
5265
5268
5270
5272
5274
5276
5278
5280
5282
5285
5287
5289
5291
5293
5295
5297
5299
5301
5304
5306
5308
5310
5312
5314
5316
5318
5320
5323
5325
5327
5329
5331
5333
5335
5337
5340
5342
5344
5347
5349
5351
5354
5356
5359
5361
5363
5366
5368
5370
5373
5375
5378
5380
5382
5385
5387
5390
5392
5394
5397
5399
5401
5404
5406
5409
5411
5413
5416
5418
5420
5423
5425
5428
5430
5432
5435
5437
5440
5442
5444
5446
5448
5450
5452
5454
5456
5458
5460
5462
5464
5466
5468
5470
5472
5474
5476
5478
5480
5482
5484
5486
5488
5490
5492
5495
5497
5499
5501
5503
5505
5507
5509
5511
5513
5515
5517
5519
5521
5523
5525
5527
5529
5531
5533
5535
5537
5539
5541
5543
5545
5547
5550
5552
5554
5556
5558
5560
5563
5565
5567
5569
5571
5573
5576
5578
5580
5582
5584
5586
5589
5591
5593
5595
5597
5600
5602
5604
5606
5608
5610
5613
5615
5617
5619
5621
5623
5626
5628
5630
5632
5634
5636
5639
5641
5643
5645
5647
5650
5651
5653
5655
5656
5658
5660
5662
5663
5665
5667
5669
5670
5672
5674
5676
5677
5679
5681
5683
5684
5686
5688
5690
5691
5693
5695
5697
5698
5700
5702
5704
5705
5707
5709
5711
5712
5714
5716
5718
5719
5721
5723
5725
5726
5728
5730
5732
5733
5735
5737
5739
5740
5742
5744
5746
5747
5749
5751
5753
5754
5756
5758
5760
5762
5764
5766
5768
5771
5773
5775
5777
5779
5782
5784
5786
5788
5790
5793
5795
5797
5799
5801
5804
5806
5808
5810
5812
5814
5817
5819
5821
5823
5826
5828
5830
5832
5834
5837
5839
5841
5843
5845
5848
5850
5852
5854
5856
5859
5861
5863
5865
5867
5870
5871
5873
5875
5877
5879
5881
5883
5885
5887
5888
5890
5892
5894
5896
5898
5900
5902
5904
5906
5907
5909
5911
5913
5915
5917
5919
5921
5923
5925
5926
5928
5930
5932
5934
5936
5938
5940
5942
5943
5945
5947
5949
5951
5953
5955
5957
5959
5961
5962
5964
5966
5968
5970
5972
5974
5976
5978
5980
5982
5984
5986
5988
5990
5992
5994
5996
5998
6000
6002
6004
6006
6008
6010
6012
6014
6016
6018
6020
6022
6024
6026
6028
6030
6032
6035
6037
6039
6041
6043
6045
6047
6049
6051
6053
6055
6057
6059
6061
6063
6065
6067
6069
6071
6073
6075
6077
6079
6081
6083
6085
6087
6090
6091
6093
6095
6097
6099
6101
6103
6105
6107
6109
6111
6113
6115
6117
6119
6121
6123
6125
6127
6129
6131
6133
6135
6137
6139
6140
6142
6144
6146
6148
6150
6152
6154
6156
6158
6160
6162
6164
6166
6168
6170
6172
6174
6176
6178
6180
6182
6184
6186
6188
6190
6192
6194
6196
6198
6200
6202
6204
6206
6209
6211
6213
6215
6217
6219
6221
6223
6225
6228
6230
6232
6234
6236
6238
6240
6242
6245
6247
6249
6251
6253
6255
6257
6259
6261
6264
6266
6268
6270
6272
6274
6276
6278
6280
6283
6285
6287
6289
6291
6293
6295
6297
6300
6301
6303
6304
6306
6308
6309
6311
6313
6314
6316
6318
6319
6321
6322
6324
6326
6327
6329
6331
6332
6334
6336
6337
6339
6340
6342
6344
6345
6347
6349
6350
6352
6354
6355
6357
6359
6360
6362
6363
6365
6367
6368
6370
6372
6373
6375
6377
6378
6380
6381
6383
6385
6386
6388
6390
6391
6393
6395
6396
6398
6400
6401
6403
6405
6407
6409
6411
6413
6414
6416
6418
6420
6422
6424
6426
6427
6429
6431
6433
6435
6437
6439
6441
6442
6444
6446
6448
6450
6452
6454
6455
6457
6459
6461
6463
6465
6467
6468
6470
6472
6474
6476
6478
6480
6482
6483
6485
6487
6489
6491
6493
6495
6496
6498
6500
6502
6504
6506
6508
6510
6511
6513
6515
6517
6519
6521
6523
6525
6527
6529
6531
6533
6535
6537
6538
6540
6542
6544
6546
6548
6550
6552
6554
6556
6558
6560
6562
6564
6565
6567
6569
6571
6573
6575
6577
6579
6581
6583
6585
6587
6589
6591
6592
6594
6596
6598
6600
6602
6604
6606
6608
6610
6612
6614
6616
6618
6620
6621
6623
6625
6627
6629
6631
6633
6634
6636
6638
6640
6642
6644
6646
6647
6649
6651
6653
6655
6657
6659
6661
6662
6664
6666
6668
6670
6672
6674
6675
6677
6679
6681
6683
6685
6687
6688
6690
6692
6694
6696
6698
6700
6702
6703
6705
6707
6709
6711
6713
6715
6716
6718
6720
6722
6724
6726
6728
6730
6731
6733
6735
6737
6739
6741
6742
6744
6746
6748
6750
6752
6753
6755
6757
6759
6761
6763
6764
6766
6768
6770
6772
6774
6775
6777
6779
6781
6783
6785
6786
6788
6790
6792
6794
6796
6797
6799
6801
6803
6805
6807
6808
6810
6812
6814
6816
6818
6819
6821
6823
6825
6827
6829
6830
6832
6834
6836
6838
6840
6841
6843
6844
6846
6847
6849
6851
6852
6854
6855
6857
6859
6860
6862
6863
6865
6866
6868
6870
6871
6873
6874
6876
6878
6879
6881
6882
6884
6886
6887
6889
6890
6892
6893
6895
6897
6898
6900
6901
6903
6905
6906
6908
6909
6911
6913
6914
6916
6917
6919
6920
6922
6924
6925
6927
6928
6930
6932
6933
6935
6936
6938
6940
6941
6943
6944
6946
6947
6949
6951
6952
6954
6955
6957
6959
6960
6962
6963
6965
6967
6968
6970
6971
6973
6975
6976
6978
6979
6981
6983
6984
6986
6987
6989
6991
6992
6994
6995
6997
6998
7000
7002
7003
7005
7006
7008
7010
7011
7013
7014
7016
7018
7019
7021
7022
7024
7026
7027
7029
7030
7032
7034
7035
7037
7038
7040
7042
7043
7045
7046
7048
7050
7051
7053
7055
7057
7058
7060
7062
7064
7066
7067
7069
7071
7073
7075
7076
7078
7080
7082
7083
7085
7087
7089
7091
7092
7094
7096
7098
7100
7101
7103
7105
7107
7108
7110
7112
7114
7116
7117
7119
7121
7123
7125
7126
7128
7130
7132
7133
7135
7137
7139
7141
7142
7144
7146
7148
7150
7151
7153
7155
7157
7159
7161
7162
7164
7166
7168
7170
7172
7173
7175
7177
7179
7181
7183
7184
7186
7188
7190
7192
7194
7195
7197
7199
7201
7203
7205
7206
7208
7210
7212
7214
7216
7217
7219
7221
7223
7225
7227
7228
7230
7232
7234
7236
7238
7239
7241
7243
7245
7247
7249
7250
7252
7254
7256
7258
7260
7261
7263
7265
7267
7268
7270
7272
7274
7275
7277
7279
7281
7283
7284
7286
7288
7290
7291
7293
7295
7297
7299
7300
7302
7304
7306
7307
7309
7311
7313
7314
7316
7318
7320
7322
7323
7325
7327
7329
7330
7332
7334
7336
7338
7339
7341
7343
7345
7346
7348
7350
7352
7354
7355
7357
7359
7361
7362
7364
7366
7368
7370
7372
7375
7377
7380
7382
7385
7387
7390
7393
7395
7398
7400
7403
7405
7408
7410
7413
7416
7418
7421
7423
7426
7428
7431
7433
7436
7439
7441
7444
7446
7449
7451
7454
7456
7459
7462
7464
7467
7469
7472
7474
7477
7480
7482
7484
7486
7488
7490
7492
7494
7496
7498
7500
7502
7504
7506
7508
7510
7512
7514
7516
7518
7520
7522
7524
7526
7528
7530
7532
7535
7537
7539
7541
7543
7545
7547
7549
7551
7553
7555
7557
7559
7561
7563
7565
7567
7569
7571
7573
7575
7577
7579
7581
7583
7585
7587
7590
7591
7593
7595
7597
7599
7601
7602
7604
7606
7608
7610
7612
7614
7615
7617
7619
7621
7623
7625
7627
7628
7630
7632
7634
7636
7638
7640
7641
7643
7645
7647
7649
7651
7652
7654
7656
7658
7660
7662
7664
7665
7667
7669
7671
7673
7675
7677
7678
7680
7682
7684
7686
7688
7690
7691
7693
7695
7697
7699
7701
7703
7704
7706
7708
7710
7712
7714
7716
7717
7719
7721
7723
7725
7727
7729
7731
7732
7734
7736
7738
7740
7742
7744
7745
7747
7749
7751
7753
7755
7757
7758
7760
7762
7764
7766
7768
7770
7772
7773
7775
7777
7779
7781
7783
7785
7786
7788
7790
7792
7794
7796
7798
7800
7802
7804
7806
7808
7810
7812
7814
7817
7819
7821
7823
7825
7827
7829
7831
7834
7836
7838
7840
7842
7844
7846
7848
7851
7853
7855
7857
7859
7861
7863
7865
7868
7870
7872
7874
7876
7878
7880
7882
7885
7887
7889
7891
7893
7895
7897
7900
7901
7903
7905
7907
7909
7910
7912
7914
7916
7918
7919
7921
7923
7925
7927
7928
7930
7932
7934
7936
7937
7939
7941
7943
7945
7946
7948
7950
7952
7954
7955
7957
7959
7961
7963
7964
7966
7968
7970
7972
7973
7975
7977
7979
7981
7982
7984
7986
7988
7990
7991
7993
7995
7997
7999
8000
8002
8004
8006
8008
8010
8011
8013
8015
8017
8019
8021
8023
8025
8027
8029
8030
8032
8034
8036
8038
8040
8042
8044
8046
8048
8050
8051
8053
8055
8057
8059
8061
8063
8065
8067
8069
8070
8072
8074
8076
8078
8080
8082
8084
8086
8088
8090
8091
8093
8095
8097
8099
8101
8103
8105
8107
8109
8110
8112
8114
8116
8118
8120
8122
8124
8126
8128
8130
8131
8133
8134
8136
8138
8139
8141
8143
8144
8146
8148
8149
8151
8152
8154
8156
8157
8159
8161
8162
8164
8166
8167
8169
8171
8172
8174
8175
8177
8179
8180
8182
8184
8185
8187
8189
8190
8192
8194
8195
8197
8198
8200
8202
8203
8205
8207
8208
8210
8212
8213
8215
8217
8218
8220
8221
8223
8225
8226
8228
8230
8231
8233
8235
8236
8238
8240
8241
8243
8245
8246
8248
8250
8251
8253
8255
8256
8258
8260
8262
8263
8265
8267
8268
8270
8272
8273
8275
8277
8278
8280
8282
8284
8285
8287
8289
8290
8292
8294
8295
8297
8299
8300
8302
8304
8306
8307
8309
8311
8312
8314
8316
8317
8319
8321
8322
8324
8326
8328
8329
8331
8333
8334
8336
8338
8339
8341
8343
8344
8346
8348
8350
8351
8353
8355
8357
8359
8361
8363
8365
8367
8368
8370
8372
8374
8376
8378
8380
8382
8384
8386
8387
8389
8391
8393
8395
8397
8399
8401
8403
8405
8406
8408
8410
8412
8414
8416
8418
8420
8422
8423
8425
8427
8429
8431
8433
8435
8437
8439
8441
8442
8444
8446
8448
8450
8452
8454
8456
8458
8460
8461
8462
8464
8465
8467
8468
8470
8471
8473
8474
8476
8477
8479
8480
8482
8483
8485
8486
8488
8489
8491
8492
8494
8495
8497
8498
8500
8501
8503
8504
8506
8507
8509
8510
8512
8513
8515
8516
8517
8519
8520
8522
8523
8525
8526
8528
8529
8531
8532
8534
8535
8537
8538
8540
8541
8543
8544
8546
8547
8549
8550
8552
8553
8555
8556
8558
8559
8561
8562
8564
8565
8567
8568
8570
8571
8573
8574
8576
8578
8579
8581
8583
8584
8586
8588
8589
8591
8592
8594
8596
8597
8599
8601
8602
8604
8606
8607
8609
8610
8612
8614
8615
8617
8619
8620
8622
8624
8625
8627
8629
8630
8632
8633
8635
8637
8638
8640
8642
8643
8645
8647
8648
8650
8651
8653
8655
8656
8658
8660
8661
8663
8665
8666
8668
8670
8671
8673
8675
8677
8679
8681
8683
8685
8687
8689
8691
8693
8695
8697
8698
8700
8702
8704
8706
8708
8710
8712
8714
8716
8718
8720
8722
8724
8725
8727
8729
8731
8733
8735
8737
8739
8741
8743
8745
8747
8749
8751
8752
8754
8756
8758
8760
8762
8764
8766
8768
8770
8772
8774
8776
8778
8780
8781
8783
8784
8786
8788
8789
8791
8792
8794
8796
8797
8799
8800
8802
8804
8805
8807
8809
8810
8812
8813
8815
8817
8818
8820
8821
8823
8825
8826
8828
8830
8831
8833
8834
8836
8838
8839
8841
8842
8844
8846
8847
8849
8850
8852
8854
8855
8857
8859
8860
8862
8863
8865
8867
8868
8870
8871
8873
8875
8876
8878
8880
8881
8883
8885
8886
8888
8890
8892
8893
8895
8897
8899
8900
8902
8904
8906
8907
8909
8911
8913
8914
8916
8918
8920
8921
8923
8925
8926
8928
8930
8932
8933
8935
8937
8939
8940
8942
8944
8946
8947
8949
8951
8953
8954
8956
8958
8960
8961
8963
8965
8966
8968
8970
8972
8973
8975
8977
8979
8980
8982
8984
8986
8987
8989
8991
8993
8994
8996
8998
9000
9001
9003
9004
9006
9008
9009
9011
9012
9014
9016
9017
9019
9021
9022
9024
9025
9027
9029
9030
9032
9033
9035
9037
9038
9040
9042
9043
9045
9046
9048
9050
9051
9053
9055
9056
9058
9059
9061
9063
9064
9066
9067
9069
9071
9072
9074
9076
9077
9079
9080
9082
9084
9085
9087
9088
9090
9092
9093
9095
9097
9098
9100
9101
9103
9105
9106
9108
9110
9111
9113
9115
9117
9118
9120
9122
9124
9125
9127
9129
9131
9133
9134
9136
9138
9140
9141
9143
9145
9147
9149
9150
9152
9154
9156
9157
9159
9161
9163
9165
9166
9168
9170
9172
9173
9175
9177
9179
9180
9182
9184
9186
9188
9189
9191
9193
9195
9196
9198
9200
9202
9204
9205
9207
9209
9211
9212
9214
9216
9218
9220
9221
9223
9225
9226
9228
9230
9231
9233
9235
9236
9238
9240
9241
9243
9245
9246
9248
9250
9251
9253
9255
9256
9258
9260
9261
9263
9265
9266
9268
9270
9271
9273
9275
9276
9278
9280
9281
9283
9285
9286
9288
9290
9291
9293
9295
9296
9298
9300
9301
9303
9305
9306
9308
9310
9311
9313
9315
9316
9318
9320
9321
9323
9325
9326
9328
9330
9331
9333
9335
9336
9338
9340
9341
9343
9345
9346
9348
9350
9351
9353
9355
9356
9358
9360
9361
9363
9365
9366
9368
9370
9371
9373
9375
9376
9378
9379
9381
9383
9385
9386
9388
9390
9391
9393
9395
9396
9398
9400
9401
9403
9405
9406
9408
9410
9411
9413
9415
9416
9418
9420
9421
9423
9424
9426
9428
9430
9432
9434
9436
9438
9440
9442
9444
9446
9448
9450
9452
9454
9456
9459
9461
9463
9465
9467
9469
9471
9473
9475
9477
9479
9481
9483
9486
9488
9490
9492
9494
9496
9498
9500
9502
9504
9506
9508
9510
9513
9515
9517
9519
9521
9523
9525
9527
9529
9531
9533
9535
9537
9540
9541
9543
9544
9546
9547
9549
9550
9552
9553
9555
9556
9558
9559
9561
9563
9564
9566
9567
9569
9570
9572
9573
9575
9576
9578
9580
9581
9583
9584
9586
9587
9589
9590
9592
9593
9595
9596
9598
9600
9601
9603
9604
9606
9607
9609
9610
9612
9613
9615
9616
9618
9620
9621
9623
9624
9626
9627
9629
9630
9632
9633
9635
9636
9638
9640
9641
9643
9645
9647
9649
9650
9652
9654
9656
9658
9659
9661
9663
9665
9667
9668
9670
9672
9674
9676
9677
9679
9681
9683
9685
9686
9688
9690
9692
9694
9695
9697
9699
9701
9703
9704
9706
9708
9710
9712
9713
9715
9717
9719
9721
9722
9724
9726
9728
9730
9731
9733
9735
9737
9739
9740
9742
9744
9746
9748
9750
9751
9753
9755
9757
9759
9761
9763
9764
9766
9768
9770
9772
9774
9776
9777
9779
9781
9783
9785
9787
9789
9791
9792
9794
9796
9798
9800
9802
9804
9805
9807
9809
9811
9813
9815
9817
9818
9820
9822
9824
9826
9828
9830
9832
9833
9835
9837
9839
9841
9843
9845
9846
9848
9850
9852
9854
9856
9858
9860
9861
9863
9865
9866
9868
9870
9872
9873
9875
9877
9878
9880
9882
9884
9885
9887
9889
9891
9892
9894
9896
9897
9899
9901
9903
9904
9906
9908
9910
9911
9913
9915
9916
9918
9920
9922
9923
9925
9927
9928
9930
9932
9934
9935
9937
9939
9941
9942
9944
9946
9947
9949
9951
9953
9954
9956
9958
9960
9961
9963
9964
9966
9967
9969
9970
9972
9973
9975
9976
9978
9979
9981
9982
9984
9985
9987
9988
9990
9991
9993
9994
9996
9997
9999
10000
10002
10003
10005
10006
10008
10009
10011
10012
10014
10015
10017
10018
10020
10021
10023
10024
10026
10027
10029
10030
10032
10033
10035
10036
10038
10039
10041
10042
10044
10045
10047
10048
10050
10051
10053
10054
10056
10057
10059
10060
10062
10063
10065
10066
10068
10070
10071
10073
10074
10076
10077
10079
10080
10082
10083
10085
10086
10088
10090
10091
10093
10094
10096
10097
10099
10100
10102
10103
10105
10106
10108
10110
10111
10113
10114
10116
10117
10119
10120
10122
10123
10125
10126
10128
10130
10131
10133
10134
10136
10137
10139
10140
10142
10143
10145
10146
10148
10150
10151
10153
10154
10156
10157
10159
10160
10162
10163
10165
10166
10168
10170
10171
10173
10175
10177
10179
10181
10183
10185
10187
10189
10191
10193
10195
10197
10199
10201
10203
10205
10207
10209
10211
10213
10215
10217
10219
10221
10223
10225
10226
10228
10230
10232
10234
10236
10238
10240
10242
10244
10246
10248
10250
10252
10254
10256
10258
10260
10262
10264
10266
10268
10270
10272
10274
10276
10278
10280
10281
10283
10284
10286
10288
10289
10291
10293
10294
10296
10298
10299
10301
10302
10304
10306
10307
10309
10311
10312
10314
10316
10317
10319
10320
10322
10324
10325
10327
10329
10330
10332
10334
10335
10337
10339
10340
10342
10343
10345
10347
10348
10350
10352
10353
10355
10357
10358
10360
10361
10363
10365
10366
10368
10370
10371
10373
10375
10376
10378
10380
10381
10382
10384
10385
10387
10388
10390
10391
10392
10394
10395
10397
10398
10400
10401
10402
10404
10405
10407
10408
10410
10411
10412
10414
10415
10417
10418
10420
10421
10422
10424
10425
10427
10428
10430
10431
10432
10434
10435
10437
10438
10440
10441
10442
10444
10445
10447
10448
10450
10451
10452
10454
10455
10457
10458
10460
10461
10462
10464
10465
10467
10468
10470
10471
10472
10474
10475
10477
10478
10480
10481
10482
10484
10485
10487
10488
10490
10491
10493
10494
10496
10497
10499
10501
10502
10504
10505
10507
10508
10510
10512
10513
10515
10516
10518
10519
10521
10523
10524
10526
10527
10529
10530
10532
10534
10535
10537
10538
10540
10541
10543
10545
10546
10548
10549
10551
10552
10554
10556
10557
10559
10560
10562
10563
10565
10567
10568
10570
10571
10573
10574
10576
10578
10579
10581
10582
10584
10585
10587
10589
10590
10592
10593
10595
10596
10598
10600
10601
10603
10604
10606
10607
10609
10610
10612
10613
10615
10616
10618
10620
10621
10623
10624
10626
10627
10629
10630
10632
10633
10635
10636
10638
10639
10641
10643
10644
10646
10647
10649
10650
10652
10653
10655
10656
10658
10660
10661
10663
10664
10666
10667
10669
10670
10672
10673
10675
10676
10678
10680
10681
10683
10684
10686
10687
10689
10690
10692
10693
10695
10696
10698
10700
10701
10703
10705
10706
10708
10710
10712
10713
10715
10717
10718
10720
10722
10724
10725
10727
10729
10730
10732
10734
10736
10737
10739
10741
10742
10744
10746
10748
10749
10751
10753
10754
10756
10758
10760
10761
10763
10765
10767
10768
10770
10772
10773
10775
10777
10779
10780
10782
10784
10785
10787
10789
10791
10792
10794
10796
10797
10799
10801
10803
10804
10806
10808
10810
10811
10813
10814
10816
10817
10819
10820
10822
10823
10825
10826
10828
10829
10831
10832
10834
10835
10837
10838
10840
10841
10843
10844
10846
10847
10849
10850
10852
10853
10855
10856
10858
10860
10861
10863
10864
10866
10867
10869
10870
10872
10873
10875
10876
10878
10879
10881
10882
10884
10885
10887
10888
10890
10891
10893
10894
10896
10897
10899
10900
10902
10903
10905
10906
10908
10910
10911
10912
10914
10915
10917
10918
10920
10921
10923
10924
10926
10927
10929
10930
10932
10933
10934
10936
10937
10939
10940
10942
10943
10945
10946
10948
10949
10951
10952
10954
10955
10956
10958
10959
10961
10962
10964
10965
10967
10968
10970
10971
10973
10974
10976
10977
10978
10980
10981
10983
10984
10986
10987
10989
10990
10992
10993
10995
10996
10998
10999
11000
11002
11003
11005
11006
11008
11009
11011
11012
11014
11015
11017
11018
11020
11021
11022
11024
11025
11027
11028
11030
11031
11033
11034
11035
11037
11038
11040
11041
11043
11044
11046
11047
11048
11050
11051
11053
11054
11056
11057
11059
11060
11062
11063
11064
11066
11067
11069
11070
11072
11073
11075
11076
11077
11079
11080
11082
11083
11085
11086
11088
11089
11091
11092
11093
11095
11096
11098
11099
11101
11102
11104
11105
11106
11108
11109
11111
11112
11114
11115
11117
11118
11120
11121
11122
11124
11125
11127
11128
11130
11131
11133
11134
11136
11137
11139
11140
11142
11143
11145
11146
11148
11149
11151
11152
11154
11155
11157
11158
11160
11161
11163
11164
11166
11167
11169
11170
11172
11173
11175
11176
11177
11179
11180
11182
11183
11185
11186
11188
11189
11191
11192
11194
11195
11197
11198
11200
11201
11203
11204
11206
11207
11209
11210
11212
11213
11215
11216
11218
11219
11221
11222
11224
11225
11227
11228
11230
11231
11233
11235
11236
11238
11240
11242
11243
11245
11247
11249
11250
11252
11254
11256
11257
11259
11261
11263
11264
11266
11268
11270
11271
11273
11275
11277
11278
11280
11282
11284
11285
11287
11289
11291
11292
11294
11296
11298
11299
11301
11303
11305
11306
11308
11310
11312
11313
11315
11317
11319
11320
11322
11324
11326
11327
11329
11331
11333
11334
11336
11338
11340
11341
11343
11344
11346
11348
11349
11351
11352
11354
11356
11357
11359
11360
11362
11364
11365
11367
11369
11370
11372
11373
11375
11377
11378
11380
11381
11383
11385
11386
11388
11390
11391
11393
11394
11396
11398
11399
11401
11402
11404
11406
11407
11409
11410
11412
11414
11415
11417
11419
11420
11422
11423
11425
11427
11428
11430
11431
11433
11435
11436
11438
11440
11441
11443
11445
11447
11449
11450
11452
11454
11456
11458
11459
11461
11463
11465
11467
11468
11470
11472
11474
11476
11477
11479
11481
11483
11485
11486
11488
11490
11492
11494
11495
11497
11499
11501
11503
11504
11506
11508
11510
11512
11513
11515
11517
11519
11521
11522
11524
11526
11528
11530
11531
11533
11535
11537
11539
11540
11542
11544
11546
11548
11550
11551
11553
11554
11556
11557
11559
11560
11562
11563
11565
11566
11568
11569
11571
11572
11574
11575
11577
11578
11580
11581
11583
11584
11586
11587
11589
11590
11592
11593
11595
11596
11598
11600
11601
11603
11604
11606
11607
11609
11610
11612
11613
11615
11616
11618
11619
11621
11622
11624
11625
11627
11628
11630
11631
11633
11634
11636
11637
11639
11640
11642
11643
11645
11646
11648
11650
11651
11653
11655
11657
11659
11660
11662
11664
11666
11668
11669
11671
11673
11675
11677
11678
11680
11682
11684
11686
11687
11689
11691
11693
11695
11696
11698
11700
11702
11704
11705
11707
11709
11711
11713
11714
11716
11718
11720
11722
11723
11725
11727
11729
11731
11732
11734
11736
11738
11740
11741
11743
11745
11747
11749
11750
11752
11754
11756
11758
11760
11761
11763
11764
11766
11767
11769
11770
11772
11773
11775
11776
11778
11779
11781
11782
11784
11785
11787
11789
11790
11792
11793
11795
11796
11798
11799
11801
11802
11804
11805
11807
11808
11810
11811
11813
11815
11816
11818
11819
11821
11822
11824
11825
11827
11828
11830
11831
11833
11834
11836
11837
11839
11840
11842
11844
11845
11847
11848
11850
11851
11853
11854
11856
11857
11859
11860
11862
11863
11865
11866
11868
11870
11871
11873
11875
11876
11878
11879
11881
11883
11885
11886
11888
11889
11891
11893
11895
11896
11898
11900
11901
11903
11905
11906
11908
11910
11911
11913
11915
11916
11918
11920
11921
11923
11925
11926
11928
11930
11931
11933
11935
11936
11938
11940
11941
11943
11945
11946
11948
11950
11951
11953
11955
11956
11958
11960
11961
11963
11965
11966
11968
11970
11971
11973
11975
11976
11978
11980
11981
11983
11985
11986
11988
11990
11991
11993
11995
11996
11998
12000
12002
12003
12005
12007
12008
12010
12012
12013
12015
12017
12018
12020
12022
12024
12025
12027
12029
12030
12032
12034
12035
12037
12039
12040
12042
12044
12046
12047
12049
12051
12052
12054
12056
12057
12059
12061
12062
12064
12066
12068
12069
12071
12073
12074
12076
12078
12079
12081
12083
12084
12086
12088
12090
12091
12093
12095
12096
12098
12100
12101
12103
12105
12106
12108
12110
12112
12113
12115
12117
12118
12120
12122
12123
12125
12127
12128
12130
12132
12134
12135
12137
12139
12140
12142
12144
12145
12147
12149
12151
12152
12154
12156
12157
12159
12161
12162
12164
12166
12167
12169
12171
12173
12174
12176
12178
12179
12181
12183
12184
12186
12188
12190
12191
12193
12194
12196
12197
12199
12200
12202
12203
12205
12206
12208
12209
12211
12212
12214
12215
12217
12218
12220
12221
12223
12224
12226
12227
12229
12230
12232
12233
12235
12236
12238
12239
12241
12242
12244
12245
12247
12248
12250
12251
12253
12254
12256
12257
12259
12260
12262
12263
12265
12266
12268
12269
12271
12272
12274
12275
12277
12278
12280
12281
12283
12284
12286
12287
12289
12290
12292
12293
12295
12296
12298
12300
12301
12303
12304
12306
12307
12309
12310
12312
12313
12315
12316
12318
12320
12321
12323
12324
12326
12327
12329
12330
12332
12333
12335
12336
12338
12340
12341
12343
12344
12346
12347
12349
12350
12352
12353
12355
12356
12358
12360
12361
12363
12364
12366
12367
12369
12370
12372
12373
12375
12376
12378
12380
12381
12383
12384
12386
12387
12389
12390
12392
12393
12395
12396
12398
12400
12401
12403
12404
12406
12408
12409
12411
12412
12414
12416
12417
12419
12421
12422
12424
12425
12427
12429
12430
12432
12433
12435
12437
12438
12440
12442
12443
12445
12446
12448
12450
12451
12453
12455
12456
12458
12459
12461
12463
12464
12466
12467
12469
12471
12472
12474
12476
12477
12479
12480
12482
12484
12485
12487
12488
12490
12492
12493
12495
12497
12498
12500
12501
12503
12505
12506
12508
12510
12511
12513
12515
12517
12519
12521
12523
12525
12527
12528
12530
12532
12534
12536
12538
12540
12542
12544
12546
12547
12549
12551
12553
12555
12557
12559
12561
12563
12565
12566
12568
12570
12572
12574
12576
12578
12580
12582
12583
12585
12587
12589
12591
12593
12595
12597
12599
12601
12602
12604
12606
12608
12610
12612
12614
12616
12618
12620
12621
12622
12624
12625
12627
12628
12630
12631
12633
12634
12636
12637
12639
12640
12642
12643
12645
12646
12648
12649
12651
12652
12654
12655
12657
12658
12660
12661
12663
12664
12666
12667
12669
12670
12672
12673
12675
12676
12677
12679
12680
12682
12683
12685
12686
12688
12689
12691
12692
12694
12695
12697
12698
12700
12701
12703
12704
12706
12707
12709
12710
12712
12713
12715
12716
12718
12719
12721
12722
12724
12725
12727
12728
12730
12731
12733
12735
12737
12739
12741
12743
12745
12747
12749
12751
12753
12755
12757
12759
12761
12763
12765
12767
12769
12771
12773
12775
12777
12779
12781
12783
12785
12786
12788
12790
12792
12794
12796
12798
12800
12802
12804
12806
12808
12810
12812
12814
12816
12818
12820
12822
12824
12826
12828
12830
12832
12834
12836
12838
12840
12841
12843
12845
12847
12848
12850
12852
12854
12855
12857
12859
12861
12863
12864
12866
12868
12870
12871
12873
12875
12877
12879
12880
12882
12884
12886
12887
12889
12891
12893
12895
12896
12898
12900
12902
12903
12905
12907
12909
12910
12912
12914
12916
12918
12919
12921
12923
12925
12926
12928
12930
12932
12934
12935
12937
12939
12941
12942
12944
12946
12948
12950
12951
12952
12954
12955
12957
12958
12960
12961
12963
12964
12966
12967
12969
12970
12972
12973
12974
12976
12977
12979
12980
12982
12983
12985
12986
12988
12989
12991
12992
12994
12995
12996
12998
12999
13001
13002
13004
13005
13007
13008
13010
13011
13013
13014
13016
13017
13018
13020
13021
13023
13024
13026
13027
13029
13030
13032
13033
13035
13036
13038
13039
13040
13042
13043
13045
13046
13048
13049
13051
13052
13054
13055
13057
13058
13060
13061
13063
13065
13067
13068
13070
13072
13074
13076
13077
13079
13081
13083
13085
13086
13088
13090
13092
13093
13095
13097
13099
13101
13102
13104
13106
13108
13110
13111
13113
13115
13117
13118
13120
13122
13124
13126
13127
13129
13131
13133
13135
13136
13138
13140
13142
13143
13145
13147
13149
13151
13152
13154
13156
13158
13160
13161
13163
13165
13167
13169
13171
13172
13174
13176
13178
13180
13182
13183
13185
13187
13189
13191
13193
13194
13196
13198
13200
13202
13204
13205
13207
13209
13211
13213
13215
13216
13218
13220
13222
13224
13226
13227
13229
13231
13233
13235
13237
13238
13240
13242
13244
13246
13248
13249
13251
13253
13255
13257
13259
13260
13262
13264
13266
13268
13270
13271
13273
13275
13277
13279
13281
13283
13285
13287
13289
13291
13293
13295
13296
13298
13300
13302
13304
13306
13308
13310
13312
13314
13316
13318
13320
13321
13323
13325
13327
13329
13331
13333
13335
13337
13339
13341
13343
13344
13346
13348
13350
13352
13354
13356
13358
13360
13362
13364
13366
13368
13370
13372
13374
13376
13378
13380
13382
13385
13387
13389
13391
13393
13395
13398
13400
13402
13404
13406
13408
13410
13413
13415
13417
13419
13421
13423
13426
13428
13430
13432
13434
13436
13439
13441
13443
13445
13447
13449
13451
13454
13456
13458
13460
13462
13464
13467
13469
13471
13473
13475
13477
13480
13482
13484
13487
13489
13491
13494
13496
13498
13501
13503
13505
13508
13510
13512
13515
13517
13520
13522
13524
13527
13529
13531
13534
13536
13538
13541
13543
13545
13548
13550
13552
13555
13557
13560
13562
13564
13567
13569
13571
13574
13576
13578
13581
13583
13585
13588
13590
13592
13595
13597
13600
13602
13604
13606
13609
13611
13613
13616
13618
13620
13623
13625
13627
13630
13632
13634
13637
13639
13641
13644
13646
13648
13651
13653
13655
13658
13660
13662
13665
13667
13669
13672
13674
13676
13679
13681
13683
13686
13688
13690
13693
13695
13697
13700
13702
13705
13708
13710
13713
13716
13718
13721
13724
13726
13729
13732
13734
13737
13740
13742
13745
13748
13750
13753
13756
13759
13761
13764
13767
13769
13772
13775
13777
13780
13783
13785
13788
13791
13793
13796
13799
13801
13804
13807
13810
13812
13815
13818
13821
13823
13826
13829
13832
13835
13837
13840
13843
13846
13848
13851
13854
13857
13860
13862
13865
13868
13871
13873
13876
13879
13882
13885
13887
13890
13893
13896
13898
13901
13904
13907
13910
13912
13915
13918
13921
13924
13927
13930
13933
13936
13939
13942
13945
13948
13951
13954
13957
13960
13963
13966
13969
13972
13975
13978
13981
13984
13987
13990
13993
13996
13999
14002
14005
14008
14011
14014
14017
14020
14022
14025
14028
14031
14034
14037
14040
14042
14045
14048
14051
14054
14057
14059
14062
14065
14068
14071
14074
14077
14080
14082
14085
14088
14091
14094
14097
14100
14102
14105
14108
14111
14114
14117
14120
14122
14125
14128
14131
14134
14137
14140
14143
14146
14148
14151
14154
14157
14160
14163
14166
14169
14172
14175
14177
14180
14183
14186
14189
14192
14195
14198
14201
14203
14206
14209
14212
14215
14218
14221
14224
14227
14230
14232
14235
14237
14240
14243
14245
14248
14250
14253
14256
14258
14261
14264
14266
14269
14271
14274
14277
14279
14282
14285
14287
14290
14292
14295
14298
14300
14303
14305
14308
14311
14313
14316
14319
14321
14324
14326
14329
14332
14334
14337
14340
14342
14345
14348
14351
14354
14357
14360
14363
14366
14368
14371
14374
14377
14380
14383
14386
14389
14392
14395
14397
14400
14403
14406
14409
14412
14415
14418
14421
14423
14426
14429
14432
14435
14438
14441
14444
14447
14450
14451
14453
14455
14457
14459
14461
14463
14464
14466
14468
14470
14472
14474
14476
14477
14479
14481
14483
14485
14487
14489
14491
14492
14494
14496
14498
14500
14502
14504
14505
14507
14509
14511
14513
14515
14517
14518
14520
14522
14524
14526
14528
14530
14532
14533
14535
14537
14539
14541
14543
14545
14546
14548
14550
14552
14554
14556
14558
14560
14561
14563
14565
14567
14569
14571
14573
14575
14577
14579
14581
14583
14585
14587
14589
14591
14593
14595
14597
14599
14601
14603
14605
14607
14609
14611
14613
14615
14616
14618
14620
14622
14624
14626
14628
14630
14632
14634
14636
14638
14640
14642
14644
14646
14648
14650
14652
14654
14656
14658
14660
14662
14664
14666
14668
14670
14671
14673
14674
14676
14677
14679
14681
14682
14684
14685
14687
14689
14690
14692
14693
14695
14697
14698
14700
14701
14703
14705
14706
14708
14709
14711
14713
14714
14716
14717
14719
14721
14722
14724
14725
14727
14728
14730
14732
14733
14735
14736
14738
14740
14741
14743
14744
14746
14748
14749
14751
14752
14754
14756
14757
14759
14760
14762
14764
14765
14767
14768
14770
14772
14773
14775
14776
14778
14780
14781
14783
14785
14786
14788
14790
14792
14793
14795
14797
14798
14800
14802
14804
14805
14807
14809
14811
14812
14814
14816
14817
14819
14821
14823
14824
14826
14828
14830
14831
14833
14835
14836
14838
14840
14842
14843
14845
14847
14848
14850
14852
14854
14855
14857
14859
14861
14862
14864
14866
14867
14869
14871
14873
14874
14876
14878
14880
14881
14883
14885
14887
14889
14891
14892
14894
14896
14898
14900
14902
14903
14905
14907
14909
14911
14913
14914
14916
14918
14920
14922
14924
14925
14927
14929
14931
14933
14935
14936
14938
14940
14942
14944
14946
14947
14949
14951
14953
14955
14957
14958
14960
14962
14964
14966
14968
14969
14971
14973
14975
14977
14979
14980
14982
14984
14986
14988
14990
14991
14993
14995
14996
14998
15000
15001
15003
15005
15006
15008
15010
15011
15013
15015
15016
15018
15020
15021
15023
15025
15026
15028
15030
15031
15033
15035
15036
15038
15040
15041
15043
15045
15046
15048
15050
15051
15053
15055
15056
15058
15060
15061
15063
15065
15066
15068
15070
15071
15073
15075
15076
15078
15080
15081
15083
15084
15086
15088
15090
15091
15093
15094
15096
15098
15100
15101
15103
15104
15106
15107
15109
15110
15112
15114
15115
15117
15118
15120
15121
15123
15125
15126
15128
15129
15131
15132
15134
15135
15137
15139
15140
15142
15143
15145
15146
15148
15149
15151
15153
15154
15156
15157
15159
15160
15162
15164
15165
15167
15168
15170
15171
15173
15174
15176
15178
15179
15181
15182
15184
15185
15187
15189
15190
15192
15193
15195
15196
15198
15200
15201
15203
15204
15206
15208
15209
15211
15213
15214
15216
15218
15219
15221
15222
15224
15226
15227
15229
15231
15232
15234
15236
15237
15239
15241
15242
15244
15245
15247
15249
15250
15252
15254
15255
15257
15259
15260
15262
15264
15265
15267
15268
15270
15272
15273
15275
15277
15278
15280
15282
15283
15285
15287
15288
15290
15291
15293
15295
15296
15298
15300
15301
15303
15305
15306
15308
15310
15311
15313
15314
15316
15318
15319
15321
15323
15324
15326
15328
15329
15331
15332
15334
15336
15337
15339
15341
15342
15344
15346
15347
15349
15350
15352
15354
15355
15357
15359
15360
15362
15364
15365
15367
15369
15370
15372
15373
15375
15377
15378
15380
15382
15383
15385
15387
15388
15390
15391
15393
15395
15396
15398
15400
15401
15403
15405
15406
15408
15410
15411
15413
15415
15416
15418
15420
15421
15423
15425
15426
15428
15430
15432
15433
15435
15437
15438
15440
15442
15443
15445
15447
15448
15450
15452
15454
15455
15457
15459
15460
15462
15464
15465
15467
15469
15470
15472
15474
15476
15477
15479
15481
15482
15484
15486
15487
15489
15491
15492
15494
15496
15498
15499
15501
15503
15504
15506
15508
15509
15511
15513
15514
15516
15518
15520
15522
15524
15526
15528
15530
15532
15535
15537
15539
15541
15543
15545
15548
15550
15552
15554
15556
15558
15560
15563
15565
15567
15569
15571
15573
15576
15578
15580
15582
15584
15586
15589
15591
15593
15595
15597
15599
15601
15604
15606
15608
15610
15612
15614
15617
15619
15621
15623
15625
15627
15630
15631
15633
15634
15636
15638
15639
15641
15642
15644
15646
15647
15649
15651
15652
15654
15655
15657
15659
15660
15662
15663
15665
15667
15668
15670
15672
15673
15675
15676
15678
15680
15681
15683
15685
15686
15688
15689
15691
15693
15694
15696
15697
15699
15701
15702
15704
15706
15707
15709
15710
15712
15714
15715
15717
15718
15720
15722
15723
15725
15727
15728
15730
15731
15733
15735
15736
15738
15740
15741
15743
15744
15746
15748
15749
15751
15753
15754
15756
15758
15759
15761
15762
15764
15766
15767
15769
15771
15772
15774
15776
15777
15779
15781
15782
15784
15785
15787
15789
15790
15792
15794
15795
15797
15799
15800
15802
15804
15805
15807
15808
15810
15812
15813
15815
15817
15818
15820
15822
15823
15825
15827
15828
15830
15831
15833
15835
15836
15838
15840
15841
15843
15845
15846
15848
15850
15851
15853
15855
15857
15859
15861
15862
15864
15866
15868
15870
15872
15874
15875
15877
15879
15881
15883
15885
15887
15888
15890
15892
15894
15896
15898
15899
15901
15903
15905
15907
15909
15911
15912
15914
15916
15918
15920
15922
15924
15925
15927
15929
15931
15933
15935
15937
15938
15940
15942
15944
15946
15948
15950
15951
15953
15955
15956
15958
15960
15962
15963
15965
15967
15969
15970
15972
15974
15976
15977
15979
15981
15983
15984
15986
15988
15990
15991
15993
15995
15997
15998
16000
16002
16004
16005
16007
16009
16011
16012
16014
16016
16018
16019
16021
16023
16025
16026
16028
16030
16032
16033
16035
16037
16039
16040
16042
16044
16046
16047
16049
16051
16053
16054
16056
16058
16059
16061
16063
16064
16066
16068
16069
16071
16073
16074
16076
16078
16079
16081
16082
16084
16086
16087
16089
16091
16092
16094
16096
16097
16099
16100
16102
16104
16105
16107
16109
16110
16112
16114
16115
16117
16119
16120
16122
16123
16125
16127
16128
16130
16132
16133
16135
16137
16138
16140
16141
16143
16145
16146
16148
16150
16151
16153
16155
16156
16158
16160
16161
16163
16164
16166
16167
16169
16171
16172
16174
16175
16177
16178
16180
16181
16183
16185
16186
16188
16189
16191
16193
16194
16196
16197
16199
16200
16202
16204
16205
16207
16208
16210
16211
16213
16215
16216
16218
16219
16221
16222
16224
16226
16227
16229
16230
16232
16233
16235
16236
16238
16240
16241
16243
16244
16246
16248
16249
16251
16252
16254
16255
16257
16259
16260
16262
16263
16265
16266
16268
16270
16271
16273
16274
16276
16277
16279
16280
16282
16284
16285
16287
16288
16290
16291
16293
16295
16296
16298
16299
16301
16302
16304
16305
16307
16309
16310
16312
16313
16315
16316
16318
16320
16321
16323
16324
16326
16327
16329
16330
16332
16334
16335
16337
16338
16340
16341
16343
16344
16346
16348
16349
16351
16352
16354
16355
16357
16359
16360
16362
16363
16365
16366
16368
16370
16371
16373
16374
16376
16378
16379
16381
16382
16384
16386
16387
16389
16391
16392
16394
16395
16397
16399
16400
16402
16403
16405
16407
16408
16410
16412
16413
16415
16416
16418
16420
16421
16423
16425
16426
16428
16429
16431
16433
16434
16436
16437
16439
16441
16442
16444
16446
16447
16449
16450
16452
16454
16455
16457
16458
16460
16462
16463
16465
16467
16468
16470
16471
16473
16475
16476
16478
16480
16481
16483
16485
16486
16488
16490
16492
16493
16495
16497
16499
16500
16502
16504
16506
16507
16509
16511
16513
16514
16516
16518
16520
16521
16523
16525
16527
16528
16530
16532
16534
16535
16537
16539
16541
16542
16544
16546
16548
16549
16551
16553
16555
16556
16558
16560
16562
16563
16565
16567
16569
16570
16572
16574
16576
16577
16579
16581
16583
16584
16586
16588
16590
16591
16593
16594
16596
16597
16599
16600
16602
16603
16605
16606
16608
16609
16611
16612
16614
16615
16617
16618
16620
16621
16623
16624
16626
16627
16629
16630
16632
16633
16635
16636
16638
16640
16641
16643
16644
16646
16647
16649
16650
16652
16653
16655
16656
16658
16659
16661
16662
16664
16665
16667
16668
16670
16671
16673
16674
16676
16677
16679
16680
16682
16683
16685
16686
16688
16690
16691
16693
16694
16696
16697
16699
16701
16702
16704
16705
16707
16708
16710
16712
16713
16715
16716
16718
16719
16721
16723
16724
16726
16727
16729
16730
16732
16734
16735
16737
16738
16740
16741
16743
16745
16746
16748
16749
16751
16752
16754
16756
16757
16759
16760
16762
16763
16765
16767
16768
16770
16771
16773
16774
16776
16778
16779
16781
16782
16784
16785
16787
16789
16790
16792
16793
16795
16796
16798
16800
16801
16803
16805
16807
16809
16811
16812
16814
16816
16818
16820
16822
16824
16825
16827
16829
16831
16833
16835
16837
16838
16840
16842
16844
16846
16848
16850
16851
16853
16855
16857
16859
16861
16862
16864
16866
16868
16870
16872
16874
16875
16877
16879
16881
16883
16885
16887
16888
16890
16892
16894
16896
16898
16900
16901
16903
16904
16906
16907
16909
16910
16912
16914
16915
16917
16918
16920
16922
16923
16925
16926
16928
16929
16931
16933
16934
16936
16937
16939
16940
16942
16944
16945
16947
16948
16950
16951
16953
16955
16956
16958
16959
16961
16962
16964
16966
16967
16969
16970
16972
16973
16975
16977
16978
16980
16981
16983
16984
16986
16988
16989
16991
16992
16994
16995
16997
16999
17000
17002
17003
17005
17006
17008
17010
17011
17013
17015
17017
17019
17020
17022
17024
17026
17028
17029
17031
17033
17035
17037
17038
17040
17042
17044
17046
17047
17049
17051
17053
17055
17056
17058
17060
17062
17064
17065
17067
17069
17071
17073
17074
17076
17078
17080
17082
17083
17085
17087
17089
17091
17092
17094
17096
17098
17100
17101
17103
17105
17107
17109
17110
17112
17114
17116
17118
17120
17121
17123
17125
17127
17129
17131
17133
17135
17136
17138
17140
17142
17144
17146
17148
17150
17151
17153
17155
17157
17159
17161
17163
17165
17166
17168
17170
17172
17174
17176
17178
17180
17181
17183
17185
17187
17189
17191
17193
17195
17196
17198
17200
17202
17204
17206
17208
17210
17211
17213
17215
17217
17219
17221
17223
17224
17226
17228
17230
17232
17234
17236
17238
17240
17242
17244
17246
17248
17250
17252
17254
17256
17258
17260
17262
17264
17266
17268
17270
17272
17274
17276
17278
17280
17282
17284
17286
17288
17290
17292
17295
17297
17299
17301
17303
17305
17307
17309
17311
17313
17315
17317
17319
17321
17323
17325
17327
17329
17331
17333
17335
17337
17339
17341
17343
17345
17347
17350
17352
17355
17357
17360
17362
17365
17367
17370
17372
17375
17377
17380
17382
17385
17387
17390
17392
17395
17397
17400
17402
17405
17407
17410
17412
17415
17417
17420
17422
17425
17427
17430
17432
17435
17437
17439
17442
17445
17447
17450
17452
17455
17457
17460
17463
17465
17468
17470
17473
17476
17478
17481
17484
17486
17489
17491
17494
17497
17499
17502
17505
17507
17510
17512
17515
17518
17520
17523
17525
17528
17531
17533
17536
17539
17541
17544
17546
17549
17552
17554
17557
17560
17562
17565
17567
17570
17573
17575
17578
17581
17583
17586
17588
17591
17594
17596
17599
17602
17604
17607
17610
17612
17615
17617
17620
17623
17625
17628
17631
17633
17636
17638
17641
17644
17646
17649
17652
17654
17657
17660
17662
17664
17667
17669
17671
17674
17676
17678
17681
17683
17685
17688
17690
17692
17695
17697
17699
17702
17704
17706
17709
17711
17713
17716
17718
17720
17723
17725
17727
17730
17732
17734
17737
17739
17741
17744
17746
17748
17751
17753
17755
17758
17760
17762
17765
17767
17770
17773
17776
17780
17783
17786
17790
17793
17796
17800
17803
17806
17810
17813
17816
17820
17823
17826
17830
17833
17836
17840
17843
17846
17850
17853
17856
17860
17863
17866
17870
17872
17875
17877
17880
17882
17885
17887
17890
17892
17895
17897
17900
17902
17905
17907
17910
17912
17915
17917
17920
17922
17925
17927
17930
17932
17935
17937
17940
17942
17945
17947
17950
17952
17955
17957
17960
17962
17965
17967
17970
17972
17975
17977
17980
17982
17984
17987
17989
17991
17994
17996
17998
18001
18003
18005
18008
18010
18012
18015
18017
18019
18022
18024
18026
18029
18031
18033
18036
18038
18040
18043
18045
18047
18050
18052
18054
18057
18059
18061
18064
18066
18068
18071
18073
18075
18078
18080
18082
18085
18087
18090
18092
18094
18096
18098
18100
18102
18104
18106
18108
18110
18112
18115
18117
18119
18121
18123
18125
18127
18129
18131
18133
18135
18137
18140
18142
18144
18146
18148
18150
18152
18154
18156
18158
18160
18162
18165
18167
18169
18171
18173
18175
18177
18179
18181
18183
18185
18187
18190
18191
18193
18195
18197
18199
18201
18203
18205
18207
18209
18211
18213
18215
18217
18219
18221
18223
18225
18227
18229
18231
18233
18235
18237
18239
18241
18243
18245
18247
18249
18250
18252
18254
18256
18258
18260
18262
18264
18266
18268
18270
18272
18274
18276
18278
18280
18282
18284
18286
18288
18290
18292
18294
18296
18298
18300
18302
18304
18306
18308
18310
18311
18313
18315
18316
18318
18320
18322
18323
18325
18327
18328
18330
18332
18334
18335
18337
18339
18341
18342
18344
18346
18347
18349
18351
18353
18354
18356
18358
18360
18361
18363
18365
18366
18368
18370
18372
18373
18375
18377
18378
18380
18382
18384
18385
18387
18389
18391
18392
18394
18396
18397
18399
18401
18403
18404
18406
18408
18410
18411
18413
18415
18416
18418
18420
18421
18423
18425
18426
18428
18430
18432
18433
18435
18437
18438
18440
18442
18443
18445
18447
18448
18450
18452
18454
18455
18457
18459
18460
18462
18464
18465
18467
18469
18470
18472
18474
18476
18477
18479
18481
18482
18484
18486
18487
18489
18491
18492
18494
18496
18498
18499
18501
18503
18504
18506
18508
18509
18511
18513
18514
18516
18518
18520
18521
18523
18525
18527
18528
18530
18532
18534
18536
18537
18539
18541
18543
18545
18546
18548
18550
18552
18553
18555
18557
18559
18561
18562
18564
18566
18568
18570
18571
18573
18575
18577
18578
18580
18582
18584
18586
18587
18589
18591
18593
18595
18596
18598
18600
18602
18603
18605
18607
18609
18611
18612
18614
18616
18618
18620
18622
18625
18627
18630
18632
18635
18637
18640
18642
18645
18647
18650
18652
18655
18657
18660
18662
18665
18667
18670
18672
18675
18677
18680
18682
18685
18687
18690
18692
18695
18697
18700
18702
18705
18707
18710
18712
18715
18717
18720
18722
18725
18727
18730
18731
18733
18735
18736
18738
18740
18742
18743
18745
18747
18748
18750
18752
18754
18755
18757
18759
18760
18762
18764
18766
18767
18769
18771
18772
18774
18776
18778
18779
18781
18783
18785
18786
18788
18790
18791
18793
18795
18797
18798
18800
18802
18803
18805
18807
18809
18810
18812
18814
18815
18817
18819
18821
18822
18824
18826
18827
18829
18831
18833
18834
18836
18838
18840
18841
18843
18845
18847
18849
18850
18852
18854
18856
18858
18860
18861
18863
18865
18867
18869
18870
18872
18874
18876
18878
18880
18881
18883
18885
18887
18889
18890
18892
18894
18896
18898
18900
18901
18903
18905
18907
18909
18910
18912
18914
18916
18918
18920
18921
18923
18925
18927
18929
18930
18932
18934
18936
18938
18940
18942
18944
18946
18948
18951
18953
18955
18957
18959
18962
18964
18966
18968
18970
18973
18975
18977
18979
18981
18984
18986
18988
18990
18992
18995
18997
18999
19001
19003
19006
19008
19010
19012
19014
19017
19019
19021
19023
19025
19028
19030
19032
19034
19036
19039
19041
19043
19045
19047
19050
19051
19053
19055
19057
19059
19061
19063
19065
19067
19069
19071
19073
19075
19076
19078
19080
19082
19084
19086
19088
19090
19092
19094
19096
19098
19100
19101
19103
19105
19107
19109
19111
19113
19115
19117
19119
19121
19123
19125
19126
19128
19130
19132
19134
19136
19138
19140
19142
19144
19146
19148
19150
19151
19153
19155
19157
19159
19160
19162
19164
19166
19168
19169
19171
19173
19175
19177
19178
19180
19182
19184
19186
19187
19189
19191
19193
19195
19196
19198
19200
19202
19204
19205
19207
19209
19211
19213
19214
19216
19218
19220
19222
19223
19225
19227
19229
19231
19232
19234
19236
19238
19240
19241
19243
19245
19247
19249
19250
19252
19254
19256
19258
19260
19262
19264
19266
19268
19270
19272
19274
19276
19278
19280
19282
19284
19286
19288
19290
19292
19294
19296
19298
19300
19302
19304
19306
19308
19310
19312
19314
19316
19318
19320
19322
19324
19326
19328
19330
19332
19334
19336
19338
19340
19342
19344
19346
19348
19350
19352
19354
19355
19358
19360
19362
19364
19366
19368
19370
19372
19374
19375
19378
19380
19381
19383
19385
19387
19389
19391
19392
19394
19396
19398
19400
19401
19403
19405
19407
19409
19411
19413
19414
19416
19418
19420
19422
19424
19425
19427
19429
19431
19433
19435
19436
19438
19440
19442
19444
19445
19447
19449
19451
19453
19455
19456
19458
19460
19462
19464
19466
19468
19469
19471
19473
19475
19477
19479
19480
19482
19484
19486
19488
19490
19492
19495
19497
19500
19503
19505
19508
19510
19513
19516
19518
19521
19524
19526
19529
19531
19534
19537
19539
19542
19545
19547
19550
19552
19555
19558
19560
19563
19565
19568
19571
19573
19576
19579
19581
19584
19586
19589
19592
19594
19597
19600
19602
19605
19608
19610
19613
19616
19618
19621
19624
19627
19629
19632
19635
19637
19640
19643
19645
19648
19651
19654
19656
19659
19662
19664
19667
19670
19672
19675
19678
19681
19683
19686
19689
19691
19694
19697
19700
19701
19703
19705
19707
19709
19711
19713
19715
19717
19719
19721
19723
19725
19727
19729
19731
19733
19735
19737
19739
19741
19743
19745
19747
19749
19751
19753
19755
19756
19758
19760
19762
19764
19766
19768
19770
19772
19774
19776
19778
19780
19782
19784
19786
19788
19790
19792
19794
19796
19798
19800
19802
19804
19806
19808
19810
19811
19813
19815
19817
19818
19820
19822
19824
19826
19827
19829
19831
19833
19835
19836
19838
19840
19842
19843
19845
19847
19849
19851
19852
19854
19856
19858
19860
19861
19863
19865
19867
19868
19870
19872
19874
19876
19877
19879
19881
19883
19884
19886
19888
19890
19892
19893
19895
19897
19899
19901
19902
19904
19906
19908
19910
19912
19914
19916
19919
19921
19923
19926
19928
19930
19932
19935
19937
19939
19942
19944
19946
19948
19951
19953
19955
19958
19960
19962
19965
19967
19969
19971
19974
19976
19978
19981
19983
19985
19987
19990
19992
19994
19997
19999
20001
20003
20006
20008
20010
20013
20015
20017
20020
20022
20025
20027
20030
20032
20035
20037
20040
20043
20045
20048
20050
20053
20055
20058
20061
20063
20066
20068
20071
20073
20076
20078
20081
20084
20086
20089
20091
20094
20096
20099
20102
20104
20107
20109
20112
20114
20117
20120
20122
20125
20127
20130
20132
20135
20137
20140
20143
20145
20148
20150
20153
20155
20158
20160
20163
20166
20168
20171
20173
20176
20178
20181
20183
20186
20189
20191
20194
20196
20199
20201
20204
20206
20209
20212
20214
20217
20219
20222
20224
20227
20230
20232
20234
20236
20238
20241
20243
20245
20247
20249
20252
20254
20256
20258
20260
20263
20265
20267
20269
20271
20274
20276
20278
20280
20282
20285
20287
20289
20291
20293
20296
20298
20300
20302
20304
20307
20309
20311
20313
20315
20318
20320
20322
20324
20326
20329
20331
20333
20335
20337
20340
20341
20343
20345
20347
20349
20351
20353
20355
20357
20359
20361
20363
20365
20366
20368
20370
20372
20374
20376
20378
20380
20382
20384
20386
20388
20390
20391
20393
20395
20397
20399
20401
20403
20405
20407
20409
20411
20413
20415
20416
20418
20420
20422
20424
20426
20428
20430
20432
20434
20436
20438
20440
20441
20443
20445
20447
20449
20451
20453
20455
20457
20458
20460
20462
20464
20466
20468
20470
20472
20474
20476
20477
20479
20481
20483
20485
20487
20489
20491
20493
20495
20496
20498
20500
20502
20504
20506
20508
20510
20512
20513
20515
20517
20519
20521
20523
20525
20527
20529
20531
20532
20534
20536
20538
20540
20542
20544
20546
20548
20550
20552
20554
20556
20558
20560
20562
20564
20566
20568
20570
20572
20574
20576
20578
20580
20582
20584
20586
20588
20590
20592
20594
20596
20598
20601
20603
20605
20607
20609
20611
20613
20615
20617
20619
20621
20623
20625
20627
20629
20631
20633
20635
20637
20639
20641
20643
20645
20647
20650
20651
20653
20655
20657
20658
20660
20662
20664
20665
20667
20669
20671
20673
20674
20676
20678
20680
20681
20683
20685
20687
20689
20690
20692
20694
20696
20697
20699
20701
20703
20705
20706
20708
20710
20712
20713
20715
20717
20719
20720
20722
20724
20726
20728
20729
20731
20733
20735
20736
20738
20740
20742
20744
20745
20747
20749
20751
20752
20754
20756
20758
20760
20761
20763
20765
20767
20768
20770
20772
20774
20775
20777
20779
20781
20783
20784
20786
20788
20790
20791
20793
20795
20797
20799
20800
20802
20804
20806
20807
20809
20811
20813
20815
20816
20818
20820
20822
20823
20825
20827
20829
20830
20832
20834
20836
20838
20839
20841
20843
20845
20846
20848
20850
20852
20854
20855
20857
20859
20861
20862
20864
20866
20868
20870
20871
20873
20874
20876
20878
20879
20881
20883
20884
20886
20888
20889
20891
20892
20894
20896
20897
20899
20901
20902
20904
20906
20907
20909
20911
20912
20914
20915
20917
20919
20920
20922
20924
20925
20927
20929
20930
20932
20934
20935
20937
20938
20940
20942
20943
20945
20947
20948
20950
20952
20953
20955
20957
20958
20960
20961
20963
20965
20966
20968
20970
20971
20973
20975
20976
20978
20980
20981
20983
20985
20987
20989
20991
20992
20994
20996
20998
21000
21002
21003
21005
21007
21009
21011
21013
21014
21016
21018
21020
21022
21024
21025
21027
21029
21031
21033
21035
21036
21038
21040
21042
21044
21046
21047
21049
21051
21053
21055
21057
21058
21060
21062
21064
21066
21068
21069
21071
21073
21075
21077
21079
21080
21082
21084
21086
21088
21090
21092
21094
21096
21098
21100
21103
21105
21107
21109
21111
21113
21116
21118
21120
21122
21124
21126
21129
21131
21133
21135
21137
21140
21142
21144
21146
21148
21150
21153
21155
21157
21159
21161
21163
21166
21168
21170
21172
21174
21176
21179
21181
21183
21185
21187
21190
21191
21193
21195
21197
21199
21201
21203
21205
21207
21208
21210
21212
21214
21216
21218
21220
21222
21224
21226
21227
21229
21231
21233
21235
21237
21239
21241
21243
21245
21246
21248
21250
21252
21254
21256
21258
21260
21262
21263
21265
21267
21269
21271
21273
21275
21277
21279
21281
21282
21284
21286
21288
21290
21292
21294
21296
21298
21300
21302
21304
21306
21308
21310
21312
21314
21316
21318
21320
21322
21324
21326
21328
21330
21332
21334
21336
21338
21340
21342
21344
21346
21348
21350
21352
21354
21355
21358
21360
21362
21364
21366
21368
21369
21372
21374
21375
21378
21380
21381
21384
21386
21387
21390
21392
21394
21395
21398
21400
21402
21404
21406
21408
21411
21413
21415
21417
21420
21422
21424
21426
21429
21431
21433
21435
21438
21440
21442
21444
21447
21449
21451
21453
21456
21458
21460
21462
21465
21467
21469
21471
21474
21476
21478
21480
21483
21485
21487
21489
21492
21494
21496
21498
21501
21503
21505
21507
21510
21512
21515
21518
21521
21523
21526
21529
21532
21534
21537
21540
21543
21545
21548
21551
21554
21556
21559
21562
21565
21567
21570
21573
21576
21578
21581
21584
21587
21589
21592
21595
21598
21600
21603
21606
21609
21611
21614
21617
21620
21623
21627
21631
21635
21638
21642
21646
21650
21654
21657
21661
21665
21669
21673
21676
21680
21684
21688
21692
21695
21699
21703
21707
21711
21714
21718
21722
21726
21730
21731
21733
21735
21737
21739
21741
21743
21745
21747
21749
21751
21753
21755
21757
21758
21760
21762
21764
21766
21768
21770
21772
21774
21776
21778
21780
21782
21784
21785
21787
21789
21791
21793
21795
21797
21799
21801
21803
21805
21807
21809
21811
21812
21814
21816
21818
21820
21822
21824
21826
21828
21830
21832
21834
21836
21838
21840
21841
21843
21845
21846
21848
21850
21852
21853
21855
21857
21858
21860
21862
21864
21865
21867
21869
21871
21872
21874
21876
21877
21879
21881
21883
21884
21886
21888
21890
21891
21893
21895
21896
21898
21900
21902
21903
21905
21907
21908
21910
21912
21914
21915
21917
21919
21921
21922
21924
21926
21927
21929
21931
21933
21934
21936
21938
21940
21942
21944
21947
21949
21951
21954
21956
21959
21961
21963
21966
21968
21971
21973
21975
21978
21980
21983
21985
21987
21990
21992
21995
21997
21999
22002
22004
22006
22009
22011
22014
22016
22018
22021
22023
22026
22028
22030
22033
22035
22038
22040
22042
22045
22047
22050
22053
22056
22060
22063
22066
22070
22073
22076
22080
22083
22086
22090
22093
22096
22100
22103
22106
22110
22113
22116
22119
22123
22126
22130
22133
22136
22140
22143
22146
22150
22152
22155
22157
22160
22163
22166
22168
22171
22174
22176
22179
22182
22184
22187
22189
22192
22195
22198
22200
22203
22206
22208
22211
22214
22216
22219
22221
22224
22227
22230
22232
22235
22238
22240
22243
22246
22248
22251
22253
22256
22259
22262
22264
22267
22270
22273
22276
22279
22282
22285
22288
22291
22295
22298
22301
22304
22307
22310
22313
22316
22320
22323
22326
22329
22332
22335
22338
22341
22345
22348
22351
22354
22357
22360
22363
22366
22370
22372
22374
22376
22378
22380
22382
22385
22387
22389
22391
22393
22395
22398
22400
22402
22404
22406
22408
22410
22413
22415
22417
22419
22421
22423
22426
22428
22430
22432
22434
22436
22439
22441
22443
22445
22447
22449
22451
22454
22456
22458
22460
22462
22464
22467
22469
22471
22473
22475
22477
22480
22482
22484
22486
22488
22491
22493
22495
22497
22500
22502
22504
22506
22509
22511
22513
22515
22518
22520
22522
22524
22527
22529
22531
22533
22536
22538
22540
22542
22545
22547
22549
22551
22554
22556
22558
22560
22563
22565
22567
22569
22572
22574
22576
22578
22581
22583
22585
22587
22590
22592
22595
22597
22600
22602
22605
22607
22610
22612
22615
22617
22620
22622
22625
22627
22630
22632
22635
22637
22640
22642
22645
22647
22650
22652
22655
22657
22660
22662
22665
22667
22670
22672
22675
22677
22680
22682
22685
22687
22690
22692
22694
22697
22699
22702
22704
22707
22709
22712
22714
22716
22719
22721
22724
22726
22729
22731
22734
22736
22738
22741
22743
22746
22748
22751
22753
22756
22758
22760
22763
22765
22768
22770
22773
22775
22778
22780
22782
22785
22787
22790
22792
22795
22797
22800
22801
22803
22805
22807
22808
22810
22812
22814
22816
22817
22819
22821
22823
22825
22826
22828
22830
22832
22833
22835
22837
22839
22841
22842
22844
22846
22848
22850
22851
22853
22855
22857
22858
22860
22862
22864
22866
22867
22869
22871
22873
22875
22876
22878
22880
22882
22883
22885
22887
22889
22891
22892
22894
22896
22898
22900
22901
22904
22906
22907
22910
22912
22913
22916
22918
22919
22922
22924
22926
22928
22930
22932
22934
22936
22938
22940
22942
22944
22946
22948
22950
22952
22954
22956
22958
22960
22962
22964
22966
22968
22970
22972
22974
22976
22978
22980
22982
22984
22986
22988
22990
22992
22994
22996
22998
23000
23002
23004
23006
23008
23010
23011
23013
23015
23017
23019
23021
23023
23024
23026
23028
23030
23032
23034
23036
23037
23039
23041
23043
23045
23047
23049
23051
23052
23054
23056
23058
23060
23062
23064
23065
23067
23069
23071
23073
23075
23077
23078
23080
23082
23084
23086
23088
23090
23092
23093
23095
23097
23099
23101
23103
23105
23106
23108
23110
23112
23114
23116
23118
23120
23122
23124
23127
23129
23132
23134
23137
23139
23142
23144
23146
23149
23151
23154
23156
23159
23161
23164
23166
23168
23171
23173
23176
23178
23181
23183
23186
23188
23190
23193
23195
23198
23200
23203
23205
23208
23210
23212
23215
23217
23220
23222
23225
23227
23230
23232
23234
23236
23239
23241
23243
23246
23248
23250
23252
23255
23257
23259
23262
23264
23266
23268
23271
23273
23275
23278
23280
23282
23285
23287
23289
23291
23294
23296
23298
23301
23303
23305
23307
23310
23312
23314
23317
23319
23321
23323
23326
23328
23330
23333
23335
23337
23340
23342
23345
23347
23350
23353
23355
23358
23361
23363
23366
23368
23371
23374
23376
23379
23382
23384
23387
23390
23392
23395
23397
23400
23403
23405
23408
23411
23413
23416
23418
23421
23424
23426
23429
23432
23434
23437
23440
23442
23444
23447
23449
23451
23454
23456
23458
23461
23463
23465
23468
23470
23472
23475
23477
23479
23482
23484
23486
23489
23491
23493
23496
23498
23500
23503
23505
23507
23510
23512
23514
23517
23519
23521
23524
23526
23528
23531
23533
23535
23538
23540
23542
23545
23547
23550
23552
23554
23556
23559
23561
23563
23566
23568
23570
23573
23575
23577
23580
23582
23584
23587
23589
23591
23594
23596
23598
23601
23603
23605
23608
23610
23612
23615
23617
23619
23622
23624
23626
23629
23631
23633
23636
23638
23640
23643
23645
23647
23650
23653
23656
23660
23663
23667
23670
23674
23677
23680
23684
23687
23691
23694
23698
23701
23705
23708
23711
23715
23718
23722
23725
23729
23732
23735
23739
23742
23746
23749
23753
23756
23760
23762
23764
23766
23768
23770
23772
23774
23776
23779
23781
23783
23785
23787
23789
23791
23793
23795
23798
23800
23802
23804
23806
23808
23810
23812
23815
23817
23819
23821
23823
23825
23827
23829
23831
23834
23836
23838
23840
23842
23844
23846
23848
23850
23853
23855
23857
23859
23861
23863
23865
23867
23870
23872
23874
23876
23878
23881
23883
23885
23887
23889
23892
23894
23896
23898
23900
23903
23905
23907
23909
23911
23914
23916
23918
23920
23922
23925
23927
23929
23931
23933
23936
23938
23940
23942
23944
23947
23949
23951
23953
23955
23958
23960
23962
23964
23966
23969
23971
23973
23975
23977
23980
23982
23985
23987
23990
23993
23995
23998
24000
24003
24006
24008
24011
24014
24016
24019
24021
24024
24027
24029
24032
24035
24037
24040
24042
24045
24048
24050
24053
24055
24058
24061
24063
24066
24069
24071
24074
24076
24079
24082
24084
24087
24090
24092
24094
24096
24098
24100
24103
24105
24107
24109
24111
24113
24116
24118
24120
24122
24124
24126
24129
24131
24133
24135
24137
24140
24142
24144
24146
24148
24150
24153
24155
24157
24159
24161
24163
24166
24168
24170
24172
24174
24176
24179
24181
24183
24185
24187
24190
24192
24195
24198
24201
24204
24207
24210
24213
24216
24219
24222
24225
24228
24231
24234
24237
24240
24243
24246
24249
24252
24255
24258
24261
24264
24267
24270
24273
24276
24279
24282
24285
24288
24291
24294
24297
24300
24302
24305
24307
24310
24312
24315
24317
24320
24323
24325
24328
24330
24333
24335
24338
24341
24343
24346
24348
24351
24353
24356
24358
24361
24364
24366
24369
24371
24374
24376
24379
24382
24384
24387
24389
24392
24394
24397
24400
24401
24403
24405
24407
24409
24411
24413
24415
24417
24419
24421
24423
24425
24427
24428
24430
24432
24434
24436
24438
24440
24442
24444
24446
24448
24450
24452
24454
24455
24457
24459
24461
24463
24465
24467
24469
24471
24473
24475
24477
24479
24481
24482
24484
24486
24488
24490
24492
24494
24496
24498
24500
24502
24504
24506
24508
24510
24511
24513
24515
24516
24518
24520
24522
24523
24525
24527
24529
24530
24532
24534
24536
24537
24539
24541
24543
24544
24546
24548
24550
24551
24553
24555
24557
24558
24560
24562
24564
24565
24567
24569
24571
24572
24574
24576
24578
24579
24581
24583
24585
24586
24588
24590
24592
24593
24595
24597
24599
24600
24602
24604
24606
24607
24609
24611
24613
24614
24616
24618
24620
24621
24623
24625
24627
24629
24630
24632
24634
24636
24638
24639
24641
24643
24645
24647
24648
24650
24652
24654
24656
24657
24659
24661
24663
24665
24666
24668
24670
24672
24674
24675
24677
24679
24681
24683
24684
24686
24688
24690
24692
24693
24695
24697
24699
24701
24702
24704
24706
24708
24710
24711
24713
24715
24717
24719
24720
24722
24724
24726
24728
24730
24731
24733
24734
24736
24738
24739
24741
24742
24744
24746
24747
24749
24751
24752
24754
24755
24757
24759
24760
24762
24763
24765
24767
24768
24770
24772
24773
24775
24776
24778
24780
24781
24783
24785
24786
24788
24789
24791
24793
24794
24796
24797
24799
24801
24802
24804
24806
24807
24809
24810
24812
24814
24815
24817
24818
24820
24822
24823
24825
24827
24828
24830
24831
24833
24835
24836
24838
24840
24842
24844
24846
24848
24850
24852
24854
24856
24858
24860
24862
24864
24866
24868
24870
24872
24874
24876
24878
24880
24882
24884
24886
24888
24890
24892
24894
24896
24898
24900
24902
24904
24906
24908
24910
24912
24914
24916
24918
24920
24922
24924
24926
24928
24930
24932
24934
24936
24938
24940
24941
24943
24945
24946
24948
24950
24951
24953
24955
24956
24958
24960
24961
24963
24965
24966
24968
24970
24971
24973
24975
24976
24978
24980
24981
24983
24985
24986
24988
24990
24991
24993
24995
24996
24998
25000
25001
25003
25005
25006
25008
25010
25011
25013
25015
25016
25018
25020
25021
25023
25025
25026
25028
25030
25031
25033
25035
25036
25038
25040
25041
25043
25045
25046
25048
25050
25051
25053
25055
25057
25059
25060
25062
25064
25066
25068
25070
25071
25073
25075
25077
25079
25080
25082
25084
25086
25088
25090
25091
25093
25095
25097
25099
25100
25102
25104
25106
25108
25110
25111
25113
25115
25117
25119
25120
25122
25124
25126
25128
25130
25131
25133
25135
25137
25139
25140
25142
25144
25146
25148
25150
25152
25154
25156
25158
25160
25162
25165
25167
25169
25171
25173
25175
25178
25180
25182
25184
25186
25188
25190
25193
25195
25197
25199
25201
25203
25206
25208
25210
25212
25214
25216
25219
25221
25223
25225
25227
25229
25231
25234
25236
25238
25240
25242
25244
25247
25249
25251
25253
25255
25257
25260
25262
25264
25266
25268
25270
25272
25274
25276
25278
25280
25282
25284
25286
25289
25291
25293
25295
25297
25299
25301
25303
25305
25307
25309
25311
25313
25316
25318
25320
25322
25324
25326
25328
25330
25332
25334
25336
25338
25340
25343
25345
25347
25349
25351
25353
25355
25357
25359
25361
25363
25365
25367
25370
25373
25376
25379
25382
25385
25388
25392
25395
25398
25401
25404
25407
25411
25414
25417
25420
25423
25426
25430
25433
25436
25439
25442
25445
25448
25452
25455
25458
25461
25464
25467
25471
25474
25477
25480
25483
25486
25490
25491
25493
25494
25496
25497
25499
25500
25502
25503
25505
25506
25508
25509
25511
25512
25514
25515
25517
25519
25520
25522
25523
25525
25526
25528
25529
25531
25532
25534
25535
25537
25538
25540
25541
25543
25545
25546
25548
25549
25551
25552
25554
25555
25557
25558
25560
25561
25563
25564
25566
25567
25569
25570
25572
25574
25575
25577
25578
25580
25581
25583
25584
25586
25587
25589
25590
25592
25593
25595
25596
25598
25600
25602
25604
25606
25608
25611
25613
25615
25617
25620
25622
25624
25626
25628
25631
25633
25635
25637
25640
25642
25644
25646
25648
25651
25653
25655
25657
25660
25662
25664
25666
25668
25671
25673
25675
25677
25680
25682
25684
25686
25688
25691
25693
25695
25697
25700
25702
25704
25706
25708
25711
25713
25715
25717
25720
25721
25723
25724
25726
25728
25729
25731
25733
25734
25736
25738
25739
25741
25742
25744
25746
25747
25749
25751
25752
25754
25756
25757
25759
25761
25762
25764
25765
25767
25769
25770
25772
25774
25775
25777
25779
25780
25782
25784
25785
25787
25788
25790
25792
25793
25795
25797
25798
25800
25802
25803
25805
25807
25808
25810
25811
25813
25815
25816
25818
25820
25821
25823
25825
25826
25828
25830
25831
25833
25835
25836
25838
25840
25841
25843
25845
25846
25848
25850
25852
25853
25855
25857
25858
25860
25862
25863
25865
25867
25868
25870
25872
25874
25875
25877
25879
25880
25882
25884
25885
25887
25889
25891
25892
25894
25896
25897
25899
25901
25902
25904
25906
25907
25909
25911
25913
25914
25916
25918
25919
25921
25923
25924
25926
25928
25930
25931
25933
25935
25937
25939
25941
25942
25944
25946
25948
25950
25952
25953
25955
25957
25959
25961
25963
25964
25966
25968
25970
25972
25974
25975
25977
25979
25981
25983
25985
25986
25988
25990
25992
25994
25996
25997
25999
26001
26003
26005
26006
26008
26010
26012
26014
26016
26018
26019
26021
26023
26025
26027
26029
26030
26032
26034
26036
26038
26040
26042
26044
26046
26048
26050
26052
26054
26056
26058
26060
26062
26064
26067
26069
26071
26073
26075
26077
26079
26081
26083
26085
26087
26090
26092
26094
26096
26098
26100
26102
26104
26106
26108
26110
26112
26115
26117
26119
26121
26123
26125
26127
26129
26131
26133
26135
26137
26140
26142
26145
26148
26151
26154
26157
26160
26163
26166
26168
26171
26174
26177
26180
26183
26186
26189
26192
26195
26197
26200
26203
26206
26209
26212
26215
26218
26221
26223
26226
26229
26232
26235
26238
26241
26244
26247
26250
26252
26254
26256
26259
26261
26263
26266
26268
26270
26272
26275
26277
26279
26282
26284
26286
26288
26291
26293
26295
26298
26300
26302
26305
26307
26309
26311
26314
26316
26318
26321
26323
26325
26327
26330
26332
26334
26337
26339
26341
26343
26346
26348
26350
26353
26355
26357
26360
26362
26365
26367
26370
26373
26375
26378
26381
26383
26386
26388
26391
26394
26396
26399
26402
26404
26407
26410
26412
26415
26417
26420
26423
26425
26428
26431
26433
26436
26438
26441
26444
26446
26449
26452
26454
26457
26460
26462
26465
26468
26470
26473
26476
26478
26481
26484
26486
26489
26492
26494
26497
26500
26502
26505
26508
26510
26513
26516
26519
26521
26524
26527
26529
26532
26535
26537
26540
26543
26545
26548
26551
26553
26556
26559
26561
26564
26567
26570
26572
26574
26576
26578
26580
26582
26584
26586
26588
26590
26592
26594
26596
26598
26600
26602
26604
26606
26608
26610
26612
26614
26616
26618
26621
26623
26625
26627
26629
26631
26633
26635
26637
26639
26641
26643
26645
26647
26649
26651
26653
26655
26657
26659
26661
26663
26665
26667
26670
26671
26673
26675
26676
26678
26680
26682
26683
26685
26687
26688
26690
26692
26694
26695
26697
26699
26700
26702
26704
26706
26707
26709
26711
26712
26714
26716
26718
26719
26721
26723
26725
26726
26728
26730
26731
26733
26735
26737
26738
26740
26742
26743
26745
26747
26749
26750
26752
26754
26755
26757
26759
26761
26762
26764
26766
26767
26769
26771
26773
26774
26776
26778
26780
26781
26783
26785
26787
26789
26790
26792
26794
26796
26798
26800
26801
26803
26805
26807
26809
26810
26812
26814
26816
26818
26820
26821
26823
26825
26827
26829
26830
26832
26834
26836
26838
26840
26841
26843
26845
26847
26849
26850
26852
26854
26856
26858
26860
26861
26863
26865
26867
26869
26870
26872
26874
26876
26878
26880
26881
26884
26886
26887
26890
26892
26894
26895
26898
26900
26901
26904
26906
26907
26910
26912
26913
26916
26918
26919
26921
26924
26926
26927
26930
26932
26933
26936
26938
26939
26942
26944
26945
26948
26950
26952
26953
26956
26958
26959
26962
26964
26965
26968
26970
26971
26974
26976
26977
26979
26982
26984
26985
26988
26990
26991
26993
26995
26997
26999
27000
27002
27004
27006
27008
27010
27012
27013
27015
27017
27019
27021
27023
27024
27026
27028
27030
27032
27034
27035
27037
27039
27041
27043
27045
27046
27048
27050
27052
27054
27056
27057
27059
27061
27063
27065
27067
27068
27070
27072
27074
27076
27078
27079
27081
27083
27085
27087
27089
27090
27092
27094
27096
27098
27100
27102
27104
27106
27108
27110
27112
27114
27117
27119
27121
27123
27125
27127
27129
27131
27134
27136
27138
27140
27142
27144
27146
27148
27151
27153
27155
27157
27159
27161
27163
27165
27168
27170
27172
27174
27176
27178
27180
27182
27185
27187
27189
27191
27193
27195
27197
27200
27202
27204
27206
27208
27210
27212
27214
27216
27218
27220
27222
27224
27226
27229
27231
27233
27235
27237
27239
27241
27243
27245
27247
27249
27251
27253
27256
27258
27260
27262
27264
27266
27268
27270
27272
27274
27276
27278
27280
27283
27285
27287
27289
27291
27293
27295
27297
27299
27301
27303
27305
27307
27310
27311
27313
27315
27317
27318
27320
27322
27324
27325
27327
27329
27331
27332
27334
27336
27338
27339
27341
27343
27345
27346
27348
27350
27352
27353
27355
27357
27359
27360
27362
27364
27366
27367
27369
27371
27373
27374
27376
27378
27380
27381
27383
27385
27387
27388
27390
27392
27394
27395
27397
27399
27401
27402
27404
27406
27408
27410
27412
27414
27416
27418
27421
27423
27425
27427
27430
27432
27434
27436
27439
27441
27443
27445
27448
27450
27452
27454
27457
27459
27461
27463
27466
27468
27470
27472
27475
27477
27479
27481
27484
27486
27488
27490
27493
27495
27497
27499
27502
27504
27506
27508
27511
27513
27515
27517
27520
27521
27523
27525
27527
27529
27531
27533
27535
27536
27538
27540
27542
27544
27546
27548
27550
27552
27553
27555
27557
27559
27561
27563
27565
27567
27569
27570
27572
27574
27576
27578
27580
27582
27584
27586
27587
27589
27591
27593
27595
27597
27599
27601
27603
27604
27606
27608
27610
27612
27614
27616
27618
27620
27621
27623
27625
27627
27629
27631
27633
27635
27637
27638
27640
27642
27644
27646
27648
27650
27652
27654
27656
27657
27659
27661
27663
27665
27667
27669
27671
27673
27675
27676
27678
27680
27682
27684
27686
27688
27690
27692
27693
27695
27697
27699
27701
27703
27705
27707
27709
27711
27712
27714
27716
27718
27720
27722
27724
27726
27728
27730
27732
27734
27736
27738
27740
27742
27744
27746
27748
27750
27752
27754
27756
27759
27761
27763
27765
27767
27769
27771
27773
27775
27777
27779
27781
27783
27786
27788
27790
27792
27794
27796
27798
27800
27802
27804
27806
27808
27810
27813
27815
27817
27819
27821
27823
27825
27827
27829
27831
27833
27835
27837
27840
27842
27845
27847
27850
27852
27855
27857
27860
27862
27865
27867
27870
27872
27875
27877
27880
27882
27885
27887
27890
27892
27895
27897
27900
27902
27905
27907
27910
27912
27915
27917
27920
27922
27925
27927
27930
27932
27935
27937
27940
27941
27943
27945
27947
27949
27951
27953
27955
27957
27959
27961
27963
27965
27967
27968
27970
27972
27974
27976
27978
27980
27982
27984
27986
27988
27990
27992
27994
27995
27997
27999
28001
28003
28005
28007
28009
28011
28013
28015
28017
28019
28021
28022
28024
28026
28028
28030
28032
28034
28036
28038
28040
28042
28044
28046
28048
28050
28051
28053
28055
28056
28058
28060
28061
28063
28065
28066
28068
28070
28071
28073
28075
28076
28078
28080
28081
28083
28085
28086
28088
28090
28091
28093
28095
28096
28098
28100
28101
28103
28105
28106
28108
28110
28111
28113
28115
28116
28118
28119
28121
28123
28125
28126
28128
28130
28131
28133
28134
28136
28138
28140
28141
28143
28145
28146
28148
28150
28152
28154
28156
28159
28161
28163
28166
28168
28170
28172
28175
28177
28179
28182
28184
28186
28188
28191
28193
28195
28198
28200
28202
28205
28207
28209
28211
28214
28216
28218
28221
28223
28225
28227
28230
28232
28234
28237
28239
28241
28243
28246
28248
28250
28253
28255
28257
28260
28262
28265
28268
28271
28274
28277
28280
28283
28286
28289
28292
28295
28298
28300
28303
28306
28309
28312
28315
28318
28321
28324
28327
28330
28333
28336
28339
28341
28344
28347
28350
28353
28356
28359
28362
28365
28368
28371
28374
28377
28380
28383
28386
28389
28392
28395
28398
28401
28405
28408
28411
28414
28417
28420
28424
28427
28430
28433
28436
28439
28442
28445
28449
28452
28455
28458
28461
28464
28468
28471
28474
28477
28480
28483
28486
28490
28492
28495
28498
28500
28503
28506
28509
28512
28514
28517
28520
28523
28525
28528
28531
28534
28536
28539
28542
28545
28547
28550
28553
28556
28558
28561
28564
28567
28569
28572
28575
28578
28580
28583
28586
28589
28591
28594
28597
28600
28602
28605
28608
28611
28614
28617
28620
28623
28626
28629
28632
28635
28638
28641
28644
28647
28650
28652
28655
28658
28661
28664
28667
28670
28673
28676
28679
28682
28685
28688
28691
28694
28697
28700
28702
28705
28708
28711
28713
28716
28719
28721
28724
28727
28730
28733
28735
28738
28741
28744
28746
28749
28752
28755
28757
28760
28763
28766
28768
28771
28774
28776
28779
28782
28785
28788
28790
28793
28796
28799
28801
28804
28807
28810
28812
28815
28818
28821
28824
28827
28830
28832
28835
28838
28841
28844
28847
28849
28852
28855
28858
28861
28864
28867
28870
28872
28875
28878
28881
28884
28887
28890
28892
28895
28898
28901
28904
28907
28910
28912
28915
28918
28920
28923
28926
28928
28931
28934
28936
28939
28942
28944
28947
28950
28952
28955
28958
28960
28963
28966
28969
28971
28974
28977
28979
28982
28985
28987
28990
28993
28995
28998
29001
29003
29006
29009
29011
29014
29017
29020
29023
29026
29029
29032
29035
29038
29041
29045
29048
29051
29054
29057
29060
29063
29066
29070
29073
29076
29079
29082
29085
29088
29091
29095
29098
29101
29104
29107
29110
29113
29116
29120
29123
29126
29129
29132
29136
29139
29142
29145
29149
29152
29155
29158
29162
29165
29168
29171
29175
29178
29181
29184
29187
29191
29194
29197
29200
29204
29207
29210
29213
29217
29220
29223
29226
29230
29232
29234
29236
29238
29240
29242
29244
29246
29248
29250
29252
29254
29256
29258
29260
29262
29264
29266
29268
29270
29272
29274
29276
29278
29280
29282
29285
29287
29289
29291
29293
29295
29297
29299
29301
29303
29305
29307
29309
29311
29313
29315
29317
29319
29321
29323
29325
29327
29329
29331
29333
29335
29337
29340
29342
29344
29346
29348
29351
29353
29355
29357
29360
29362
29364
29366
29368
29371
29373
29375
29377
29380
29382
29384
29386
29388
29391
29393
29395
29397
29400
29402
29404
29406
29408
29411
29413
29415
29417
29420
29422
29424
29426
29428
29431
29433
29435
29437
29440
29442
29444
29446
29448
29450
29452
29454
29456
29458
29460
29462
29464
29466
29468
29471
29473
29475
29477
29479
29481
29483
29485
29487
29489
29491
29493
29495
29497
29500
29502
29504
29506
29508
29510
29512
29514
29516
29518
29520
29522
29524
29526
29528
29531
29533
29535
29537
29539
29541
29543
29545
29547
29549
29551
29553
29555
29557
29560
29561
29563
29564
29566
29568
29569
29571
29572
29574
29576
29577
29579
29580
29582
29584
29585
29587
29589
29590
29592
29593
29595
29597
29598
29600
29601
29603
29605
29606
29608
29610
29611
29613
29614
29616
29618
29619
29621
29622
29624
29626
29627
29629
29630
29632
29634
29635
29637
29639
29640
29642
29643
29645
29647
29648
29650
29651
29653
29655
29656
29658
29660
29661
29663
29665
29667
29669
29671
29673
29675
29677
29679
29681
29683
29685
29687
29688
29690
29692
29694
29696
29698
29700
29702
29704
29706
29708
29710
29712
29714
29715
29717
29719
29721
29723
29725
29727
29729
29731
29733
29735
29737
29739
29741
29742
29744
29746
29748
29750
29752
29754
29756
29758
29760
29762
29764
29766
29768
29770
29771
29773
29774
29776
29778
29779
29781
29783
29784
29786
29788
29789
29791
29792
29794
29796
29797
29799
29801
29802
29804
29806
29807
29809
29810
29812
29814
29815
29817
29819
29820
29822
29824
29825
29827
29829
29830
29832
29833
29835
29837
29838
29840
29842
29843
29845
29847
29848
29850
29851
29853
29855
29856
29858
29860
29861
29863
29865
29866
29868
29870
29871
29873
29875
29876
29878
29880
29881
29883
29885
29886
29888
29890
29891
29893
29895
29896
29898
29900
29901
29903
29905
29906
29908
29910
29911
29913
29915
29916
29918
29920
29921
29923
29925
29926
29928
29930
29931
29933
29935
29936
29938
29940
29941
29943
29945
29946
29948
29950
29951
29953
29955
29956
29958
29960
29961
29963
29965
29966
29968
29970
29971
29973
29975
29976
29978
29980
