4
9
13
18
22
27
32
36
41
45
50
55
59
64
68
73
77
82
87
91
96
100
105
110
114
119
123
128
132
137
141
146
150
155
160
164
169
173
178
182
187
191
196
200
205
210
214
219
223
228
232
237
242
246
251
255
260
265
269
274
278
283
287
292
297
301
306
310
315
320
325
331
337
343
349
355
361
367
372
378
384
390
396
402
408
414
420
425
430
435
440
445
450
455
460
465
470
475
480
485
490
495
500
505
510
515
520
525
530
536
542
548
555
561
567
573
580
586
592
598
605
611
617
623
630
635
641
646
652
657
663
668
674
679
685
690
696
701
707
712
718
723
729
734
740
744
749
754
759
763
768
773
778
783
787
792
797
802
806
811
816
821
826
830
835
840
845
850
854
858
863
867
871
876
880
884
889
893
897
902
906
910
915
919
923
928
932
936
941
945
950
953
957
961
965
969
973
977
981
985
989
993
997
1001
1004
1008
1012
1016
1020
1024
1028
1032
1036
1040
1044
1048
1052
1056
1060
1063
1067
1071
1075
1079
1083
1086
1090
1094
1098
1102
1106
1109
1113
1117
1121
1125
1129
1133
1136
1140
1144
1148
1152
1156
1160
1163
1166
1170
1173
1177
1180
1184
1187
1190
1194
1197
1201
1204
1208
1211
1214
1218
1221
1225
1228
1232
1235
1238
1242
1245
1249
1252
1256
1259
1262
1266
1269
1273
1276
1280
1283
1286
1290
1293
1297
1300
1304
1307
1311
1314
1317
1321
1324
1328
1331
1335
1338
1342
1345
1348
1352
1355
1359
1362
1366
1369
1373
1376
1380
1384
1388
1392
1396
1401
1405
1409
1413
1418
1422
1426
1430
1434
1439
1443
1447
1451
1456
1460
1464
1468
1473
1477
1481
1485
1490
1495
1501
1506
1512
1517
1523
1528
1534
1539
1545
1550
1556
1561
1567
1572
1578
1583
1589
1594
1600
1604
1609
1614
1619
1623
1628
1633
1638
1642
1647
1652
1657
1661
1666
1671
1676
1680
1685
1690
1695
1700
1706
1712
1718
1724
1730
1736
1742
1748
1755
1761
1767
1773
1779
1785
1791
1797
1803
1810
1815
1820
1825
1830
1835
1840
1845
1850
1855
1859
1865
1869
1875
1880
1885
1890
1895
1900
1905
1910
1914
1918
1922
1926
1930
1934
1938
1942
1946
1950
1954
1958
1962
1967
1971
1975
1979
1983
1987
1991
1995
1999
2003
2007
2011
2015
2020
2026
2033
2040
2047
2054
2061
2068
2075
2081
2088
2095
2102
2109
2116
2123
2130
2137
2145
2153
2161
2169
2177
2185
2192
2200
2208
2216
2224
2232
2240
2249
2258
2267
2276
2285
2295
2304
2313
2322
2331
2340
2350
2360
2370
2380
2390
2400
2410
2420
2430
2440
2450
2458
2466
2475
2483
2492
2500
2509
2517
2526
2534
2543
2551
2560
2567
2574
2581
2588
2595
2602
2610
2617
2624
2631
2638
2645
2652
2660
2669
2678
2687
2696
2705
2715
2724
2733
2742
2751
2760
2770
2778
2786
2795
2803
2812
2820
2829
2837
2846
2854
2863
2871
2880
2887
2894
2902
2909
2916
2924
2931
2938
2946
2953
2960
2968
2975
2982
2990
2998
3006
3015
3023
3032
3040
3049
3057
3066
3074
3083
3091
3100
3112
3125
3137
3150
3162
3175
3187
3200
3213
3227
3241
3255
3268
3282
3296
3310
3321
3332
3343
3354
3365
3376
3387
3398
3410
3418
3426
3435
3443
3452
3460
3469
3477
3486
3494
3503
3511
3520
3530
3540
3550
3560
3570
3580
3590
3600
3610
3620
3630
3637
3644
3652
3659
3666
3674
3681
3688
3696
3703
3710
3718
3725
3732
3740
3750
3760
3770
3780
3790
3800
3810
3820
3830
3840
3850
3859
3868
3877
3886
3895
3904
3913
3922
3931
3940
3950
3957
3965
3973
3981
3989
3997
4005
4012
4020
4028
4036
4044
4052
4059
4069
4080
4090
4100
4109
4120
4130
4140
4150
4160
4166
4172
4178
4184
4190
4196
4202
4208
4215
4221
4227
4233
4239
4245
4251
4257
4263
4270
4276
4283
4290
4297
4304
4311
4318
4324
4331
4338
4345
4352
4359
4366
4373
4380
4390
4400
4410
4420
4430
4439
4450
4460
4470
4480
4490
4500
4507
4515
4523
4531
4539
4547
4555
4562
4570
4578
4586
4594
4602
4610
4620
4630
4640
4650
4660
4670
4680
4690
4700
4710
4717
4725
4733
4741
4749
4757
4765
4772
4780
4788
4796
4804
4812
4820
4828
4836
4845
4853
4862
4870
4879
4887
4896
4904
4913
4921
4930
4938
4946
4955
4963
4972
4980
4989
4997
5006
5014
5023
5031
5040
5050
5060
5070
5080
5090
5100
5109
5120
5130
5140
5149
5160
5170
5180
5189
5200
5210
5220
5229
5240
5250
5260
5270
5280
5290
5300
5310
5320
5330
5340
5350
5360
5372
5385
5397
5410
5422
5435
5447
5460
5472
5484
5496
5508
5521
5533
5545
5557
5570
5577
5584
5591
5598
5605
5612
5620
5627
5634
5641
5648
5655
5662
5670
5680
5690
5700
5710
5720
5730
5740
5750
5760
5770
5780
5791
5802
5813
5824
5835
5846
5857
5868
5880
5891
5902
5913
5924
5935
5946
5957
5968
5979
5990
5999
6008
6017
6026
6036
6045
6054
6063
6073
6082
6091
6100
6110
6122
6134
6146
6158
6171
6183
6195
6207
6220
6229
6240
6250
6260
6270
6280
6290
6300
6310
6320
6330
6337
6344
6351
6358
6365
6372
6380
6387
6394
6401
6408
6415
6422
6430
6436
6442
6448
6454
6460
6466
6472
6478
6484
6491
6497
6503
6509
6515
6521
6527
6533
6540
6550
6560
6570
6580
6590
6600
6609
6620
6630
6640
6648
6656
6665
6673
6682
6690
6699
6707
6716
6724
6733
6741
6750
6758
6766
6775
6783
6792
6800
6809
6817
6826
6834
6843
6851
6860
6869
6878
6887
6896
6905
6914
6923
6932
6941
6950
6960
6968
6977
6985
6994
7002
7011
7020
7028
7037
7045
7054
7062
7071
7080
7088
7096
7105
7113
7121
7130
7138
7146
7154
7163
7171
7180
7192
7204
7216
7228
7241
7253
7265
7277
7290
7297
7305
7313
7320
7328
7336
7343
7351
7359
7366
7374
7382
7390
7399
7410
7420
7430
7439
7450
7460
7470
7479
7490
7500
7511
7522
7533
7544
7555
7566
7577
7588
7599
7610
7614
7619
7623
7628
7632
7637
7641
7646
7650
7655
7660
7664
7669
7673
7678
7682
7687
7691
7696
7700
7705
7710
7715
7720
7725
7730
7735
7740
7745
7750
7755
7760
7765
7770
7775
7780
7785
7790
7795
7800
7805
7810
7815
7820
7825
7831
7837
7843
7849
7855
7861
7867
7872
7878
7884
7890
7896
7902
7908
7914
7920
7926
7933
7939
7946
7953
7960
7966
7973
7979
7986
7993
7999
8006
8013
8020
8026
8033
8039
8044
8049
8054
8059
8063
8068
8073
8078
8083
8087
8092
8097
8102
8106
8111
8116
8121
8126
8130
8135
8140
8145
8150
8154
8158
8163
8167
8172
8176
8180
8185
8189
8194
8198
8202
8207
8211
8216
8220
8224
8229
8233
8238
8242
8246
8251
8255
8260
8266
8272
8279
8285
8292
8298
8305
8311
8318
8324
8331
8337
8344
8350
8357
8363
8370
8373
8378
8382
8386
8389
8394
8398
8402
8406
8410
8414
8418
8422
8426
8430
8434
8438
8442
8446
8450
8454
8458
8462
8466
8470
8475
8481
8487
8493
8498
8504
8510
8516
8522
8527
8533
8539
8545
8551
8556
8562
8568
8574
8580
8586
8592
8598
8605
8611
8617
8623
8629
8636
8642
8648
8655
8661
8667
8673
8680
8686
8692
8699
8705
8712
8718
8725
8731
8738
8744
8751
8757
8764
8770
8777
8783
8790
8796
8802
8808
8815
8821
8827
8833
8840
8846
8852
8858
8865
8871
8877
8883
8890
8895
8901
8906
8912
8917
8923
8928
8934
8939
8945
8950
8956
8961
8967
8972
8978
8983
8989
8994
9000
9007
9014
9021
9028
9035
9042
9049
9056
9063
9070
9077
9084
9091
9098
9105
9112
9120
9125
9131
9137
9143
9149
9155
9161
9167
9172
9178
9184
9190
9196
9202
9208
9214
9220
9225
9231
9237
9243
9248
9254
9260
9266
9272
9277
9283
9289
9295
9301
9306
9312
9318
9324
9330
9335
9341
9346
9352
9357
9363
9368
9374
9379
9385
9391
9396
9402
9407
9413
9418
9424
9430
9436
9442
9449
9455
9462
9468
9475
9481
9488
9494
9501
9507
9514
9520
9527
9533
9540
9547
9555
9563
9570
9578
9586
9593
9601
9609
9616
9624
9632
9640
9646
9653
9660
9667
9674
9681
9688
9695
9701
9708
9715
9722
9729
9736
9743
9750
9754
9759
9763
9768
9772
9777
9782
9786
9791
9795
9800
9805
9809
9814
9818
9823
9827
9832
9837
9841
9846
9850
9855
9860
9864
9868
9872
9876
9880
9885
9889
9893
9897
9901
9905
9910
9914
9918
9922
9926
9930
9935
9939
9943
9947
9951
9955
9960
9965
9970
9975
9980
9986
9991
9996
10001
10007
10012
10017
10022
10028
10033
10038
10043
10049
10054
10059
10064
10070
10082
10095
10107
10120
10132
10145
10157
10170
10181
10192
10203
10214
10225
10235
10247
10258
10269
10280
10286
10293
10299
10306
10313
10320
10326
10333
10340
10346
10353
10360
10366
10373
10380
10387
10394
10402
10409
10416
10424
10431
10438
10446
10453
10460
10468
10475
10482
10490
10496
10502
10509
10515
10522
10528
10535
10541
10548
10554
10561
10567
10574
10580
10587
10593
10600
10607
10615
10623
10630
10638
10646
10653
10661
10669
10676
10684
10692
10700
10706
10712
10719
10725
10732
10738
10745
10751
10758
10764
10771
10777
10784
10790
10797
10803
10810
10820
10830
10840
10850
10860
10870
10880
10890
10900
10910
10917
10925
10933
10941
10949
10957
10965
10972
10980
10988
10996
11004
11012
11020
11026
11032
11039
11045
11052
11058
11065
11071
11078
11084
11091
11097
11104
11110
11117
11123
11130
11137
11145
11153
11161
11169
11177
11185
11192
11200
11208
11216
11224
11232
11240
11246
11252
11259
11265
11272
11278
11285
11291
11298
11304
11311
11317
11324
11330
11337
11343
11350
11359
11368
11377
11386
11395
11404
11413
11422
11431
11440
11450
11460
11471
11482
11493
11504
11515
11526
11537
11548
11559
11570
11581
11592
11603
11614
11625
11636
11647
11658
11670
11677
11684
11692
11699
11706
11714
11721
11728
11735
11743
11750
11758
11765
11772
11780
11786
11793
11799
11806
11813
11820
11826
11833
11840
11846
11853
11860
11866
11873
11880
11886
11892
11898
11904
11910
11916
11922
11928
11935
11941
11947
11953
11959
11965
11971
11977
11983
11990
11996
12002
12008
12014
12020
12026
12032
12038
12045
12051
12057
12063
12069
12075
12081
12087
12093
12100
12106
12113
12120
12126
12133
12139
12146
12153
12160
12166
12173
12180
12186
12193
12200
12206
12212
12219
12225
12232
12238
12245
12251
12258
12264
12271
12277
12284
12290
12297
12303
12310
12317
12324
12331
12338
12345
12352
12360
12367
12374
12381
12388
12395
12402
12410
12416
12422
12428
12434
12440
12446
12452
12458
12465
12471
12477
12483
12489
12495
12501
12507
12513
12520
12525
12530
12536
12542
12547
12553
12558
12564
12569
12575
12580
12586
12591
12597
12602
12608
12613
12619
12624
12630
12635
12640
12645
12650
12655
12660
12665
12670
12675
12680
12685
12690
12695
12700
12705
12710
12715
12720
12725
12730
12735
12740
12745
12750
12755
12760
12766
12771
12776
12781
12787
12792
12797
12802
12808
12813
12818
12823
12829
12834
12839
12844
12850
12856
12862
12868
12875
12881
12887
12893
12899
12906
12912
12918
12924
12931
12937
12943
12950
12955
12960
12965
12970
12976
12981
12986
12991
12997
13002
13007
13012
13018
13023
13028
13033
13039
13044
13049
13054
13060
13064
13069
13073
13078
13082
13087
13091
13096
13100
13105
13110
13114
13119
13123
13128
13132
13137
13141
13146
13150
13155
13160
13165
13170
13175
13180
13185
13190
13195
13200
13205
13209
13215
13220
13225
13230
13235
13240
13245
13250
13254
13260
13264
13270
13276
13283
13290
13297
13304
13311
13318
13325
13331
13338
13345
13352
13359
13366
13373
13380
13386
13393
13400
13407
13414
13421
13428
13435
13441
13448
13455
13462
13469
13476
13483
13490
13497
13504
13512
13519
13526
13534
13541
13548
13556
13563
13570
13578
13585
13592
13600
13610
13620
13629
13639
13649
13660
13670
13680
13690
13700
13709
13718
13727
13736
13745
13754
13764
13773
13782
13791
13800
13810
13816
13822
13828
13835
13841
13847
13853
13860
13866
13872
13878
13885
13891
13897
13903
13910
13917
13925
13933
13941
13949
13957
13965
13972
13980
13988
13996
14004
14012
14020
14025
14030
14035
14040
14045
14050
14055
14060
14065
14070
14075
14080
14085
14090
14095
14100
14105
14110
14115
14120
14125
14130
14135
14141
14147
14153
14158
14164
14170
14176
14182
14187
14193
14199
14205
14211
14216
14222
14228
14234
14240
14244
14249
14253
14258
14263
14267
14272
14276
14281
14286
14290
14295
14300
14304
14309
14313
14318
14323
14327
14332
14336
14341
14346
14350
14355
14360
14365
14370
14375
14381
14386
14391
14396
14402
14407
14412
14417
14423
14428
14433
14438
14444
14449
14454
14460
14465
14470
14475
14480
14485
14490
14495
14500
14505
14510
14515
14520
14525
14530
14535
14540
14545
14550
14555
14560
14565
14570
14577
14585
14593
14600
14608
14616
14623
14631
14639
14646
14654
14662
14670
14676
14683
14690
14697
14704
14711
14718
14725
14731
14738
14745
14752
14759
14766
14773
14780
14787
14795
14803
14810
14818
14826
14833
14841
14849
14856
14864
14872
14880
14906
14932
14958
14984
15010
15028
15047
15065
15084
15102
15121
15140
15158
15176
15195
15213
15231
15250
15265
15281
15297
15312
15328
15344
15360
15379
15400
15420
15440
15460
15478
15496
15515
15533
15551
15570
15591
15613
15635
15656
15678
15700
15724
15748
15772
15796
15820
15844
15868
15892
15916
15940
15955
15971
15987
16002
16018
16034
16050
16070
16090
16110
16129
16149
16161
16174
16186
16198
16210
16221
16233
16245
16258
16270
16280
16290
16300
16309
16320
16329
16340
16350
16360
16370
16379
16390
16401
16412
16423
16434
16445
16456
16467
16478
16489
16500
16508
16516
16525
16533
16542
16550
16559
16567
16576
16584
16593
16601
16610
16619
16628
16637
16646
16655
16664
16673
16682
16691
16700
16710
16718
16727
16735
16744
16752
16761
16770
16778
16787
16795
16804
16812
16821
16830
16834
16839
16844
16849
16853
16858
16863
16868
16872
16877
16882
16887
16891
16896
16901
16906
16910
16915
16920
16925
16930
16933
16937
16941
16944
16948
16952
16955
16959
16963
16966
16970
16974
16977
16981
16985
16988
16992
16996
16999
17003
17006
17010
17014
17018
17021
17025
17029
17032
17036
17040
17044
17048
17053
17057
17061
17066
17070
17074
17079
17083
17087
17092
17096
17100
17105
17109
17113
17118
17122
17126
17131
17135
17140
17145
17150
17155
17160
17166
17171
17176
17181
17187
17192
17197
17202
17208
17213
17218
17223
17229
17234
17239
17244
17250
17263
17277
17291
17305
17318
17332
17346
17360
17376
17393
17410
17426
17443
17460
17478
17497
17515
17534
17552
17571
17590
17617
17645
17672
17700
17721
17744
17766
17788
17810
17828
17847
17865
17884
17902
17921
17940
17958
17976
17995
18013
18031
18050
18070
18090
18110
18130
18150
18170
18183
18197
18211
18225
18238
18252
18266
18280
18289
18298
18307
18316
18325
18334
18343
18352
18361
18370
18380
18395
18410
18425
18439
18455
18470
18485
18500
18515
18530
18545
18560
18575
18590
18605
18620
18632
18645
18657
18670
18682
18695
18707
18720
18750
18780
18810
18840
18844
18849
18853
18858
18862
18867
18871
18876
18880
18885
18890
18894
18899
18903
18908
18912
18917
18921
18926
18930
18935
18940
18949
18958
18967
18976
18985
18995
19004
19013
19022
19031
19040
19050
19064
19078
19093
19107
19122
19136
19151
19165
19180
19195
19211
19226
19242
19257
19273
19288
19304
19320
19336
19353
19370
19386
19403
19420
19444
19468
19492
19516
19540
19560
19580
19600
19620
19640
19664
19688
19712
19736
19760
19782
19804
19826
19848
19870
19897
19925
19952
19980
20010
20040
20070
20100
20130
20160
20189
20220
20250
20280
20310
20340
20367
20395
20422
20450
20465
20480
20495
20509
20525
20540
20555
20570
20616
20663
20710
20737
20765
20792
20820
20834
20848
20862
20877
20891
20905
20920
20937
20954
20971
20988
21005
21022
21040
21056
21073
21090
21106
21123
21140
21158
21176
21195
21213
21231
21250
21263
21277
21291
21305
21318
21332
21346
21360
21372
21384
21396
21408
21421
21433
21445
21457
21470
21483
21496
21509
21523
21536
21550
21563
21576
21590
21605
21621
21637
21652
21668
21684
21700
21712
21724
21736
21748
21761
21773
21785
21797
21810
21824
21838
21852
21867
21881
21895
21910
21920
21930
21940
21950
21960
21970
21980
21990
22000
22009
22020
22033
22047
22061
22075
22088
22102
22116
22130
22148
22166
22185
22203
22221
22240
22252
22264
22276
22288
22299
22311
22323
22336
22348
22360
22372
22384
22396
22408
22421
22433
22445
22457
22470
22487
22504
22521
22538
22555
22572
22590
22602
22615
22627
22640
22652
22665
22677
22690
22717
22745
22772
22800
22820
22840
22860
22880
22900
22915
22930
22945
22960
22974
22990
23005
23020
23041
23064
23086
23108
23130
23151
23173
23195
23216
23238
23260
23270
23280
23290
23300
23310
23320
23330
23340
23350
23360
23370
23382
23395
23407
23420
23432
23445
23457
23470
23482
23494
23506
23518
23531
23543
23555
23567
23580
23594
23608
23622
23637
23651
23665
23680
23693
23707
23721
23735
23748
23762
23776
23790
23811
23834
23855
23878
23900
23915
23930
23945
23960
23974
23990
24005
24020
24035
24051
24067
24082
24098
24114
24130
24151
24174
24195
24218
24240
24258
24276
24295
24313
24331
24350
24365
24381
24397
24412
24428
24444
24460
24478
24496
24515
24533
24551
24570
24581
24592
24603
24614
24625
24636
24647
24658
24670
24679
24688
24697
24706
24716
24725
24734
24743
24753
24762
24771
24780
24790
24800
24810
24820
24830
24840
24850
24860
24870
24880
24890
24899
24908
24917
24926
24935
24945
24954
24963
24972
24981
24990
25000
25010
25020
25030
25040
25050
25060
25070
25080
25090
25099
25110
25119
25128
25137
25146
25155
25164
25173
25182
25191
25200
25210
25220
25230
25240
25250
25260
25270
25280
25290
25300
25310
25320
25329
25338
25347
25356
25365
25374
25383
25392
25401
25410
25420
25432
25444
25456
25468
25481
25493
25505
25517
25530
25542
25555
25567
25580
25592
25605
25617
25630
25654
25678
25702
25726
25750
25767
25784
25801
25818
25835
25852
25870
25886
25903
25920
25936
25953
25970
25983
25997
26011
26025
26038
26052
26066
26080
26088
26096
26104
26113
26121
26130
26138
26146
26155
26163
26171
26180
26189
26198
26207
26216
26225
26235
26244
26253
26262
26271
26280
26290
26302
26314
26327
26340
26352
26365
26377
26390
26399
26408
26417
26426
26435
26445
26454
26463
26472
26481
26490
26500
26508
26516
26525
26533
26542
26550
26559
26567
26576
26584
26593
26601
26610
26619
26628
26637
26646
26655
26664
26673
26682
26691
26700
26710
26718
26726
26735
26743
26752
26760
26769
26777
26786
26794
26803
26811
26820
26826
26833
26840
26847
26854
26861
26868
26875
26881
26888
26895
26902
26909
26916
26923
26930
26937
26945
26953
26961
26969
26977
26985
26992
27000
27008
27016
27024
27032
27040
27049
27058
27067
27076
27085
27094
27103
27112
27121
27130
27140
27150
27161
27172
27183
27194
27205
27216
27227
27238
27249
27260
27270
27280
27290
27300
27310
27320
27330
27340
27350
27360
27370
27390
27410
27430
27450
27470
27483
27496
27509
27523
27536
27550
27563
27576
27590
27610
27630
27650
27670
27690
27702
27714
27726
27738
27750
27762
27774
27785
27798
27810
27818
27826
27835
27843
27851
27860
27868
27876
27884
27893
27901
27910
27922
27934
27946
27958
27971
27983
27995
28007
28020
28033
28046
28060
28073
28086
28100
28113
28126
28140
28155
28171
28187
28202
28218
28234
28250
28272
28294
28316
28338
28360
28384
28410
28435
28460
28478
28496
28515
28533
28551
28570
28586
28603
28620
28636
28653
28670
28696
28722
28748
28774
28800
28822
28844
28866
28888
28910
28931
28953
28975
28996
29018
29040
29056
29073
29090
29106
29123
29140
29155
29171
29187
29202
29218
29234
29250
29272
29294
29316
29338
29360
29376
29393
29410
29426
29443
29460
29480
29500
29520
29540
29560
29580
29600
29633
29666
29700
29718
29736
29755
29773
29791
29810
29828
29846
29865
29883
29901
29920
