2
4
6
8
11
13
15
17
20
22
24
26
29
31
33
35
38
40
42
44
47
49
51
53
56
58
60
62
65
67
69
71
74
76
78
80
83
85
87
89
92
94
96
98
101
103
105
107
110
111
113
115
117
119
121
122
124
126
128
130
132
133
135
137
139
141
143
144
146
148
150
152
154
155
157
159
161
163
165
166
168
170
172
174
176
177
179
181
183
185
187
188
190
192
194
196
198
199
201
203
205
207
209
210
212
214
216
218
220
221
223
225
227
229
231
233
235
237
239
241
243
245
247
248
250
252
254
256
258
260
262
264
266
268
270
272
274
275
277
279
281
283
285
287
289
291
293
295
297
299
301
302
304
306
308
310
312
314
316
318
320
322
324
326
328
330
332
335
337
340
342
345
347
350
353
355
358
360
363
365
368
371
373
376
378
381
383
386
388
391
394
396
399
401
404
406
409
412
414
417
419
422
424
427
430
432
434
437
439
441
444
446
448
451
453
455
458
460
462
465
467
469
472
474
476
479
481
483
486
488
490
493
495
497
500
502
504
507
509
511
514
516
518
521
523
525
528
530
532
535
537
540
542
544
546
549
551
553
556
558
560
563
565
567
570
572
574
577
579
581
584
586
588
591
593
595
598
600
602
605
607
609
612
614
616
619
621
623
626
628
630
633
635
637
640
642
644
646
648
651
653
655
657
660
662
664
666
669
671
673
675
678
680
682
684
687
689
691
693
696
698
700
702
705
707
709
711
714
716
718
720
723
725
727
729
732
734
736
738
741
743
745
747
750
752
755
758
761
764
766
769
772
775
778
781
783
786
789
792
795
797
800
803
806
809
812
814
817
820
823
826
828
831
834
837
840
843
845
848
851
854
857
860
862
864
866
868
871
873
875
877
880
882
884
886
888
891
893
895
897
900
902
904
906
908
911
913
915
917
919
922
924
926
928
931
933
935
937
940
942
944
946
948
951
953
955
957
960
961
963
965
967
969
970
972
974
976
978
979
981
983
985
987
988
990
992
994
996
997
999
1001
1003
1005
1006
1008
1010
1012
1014
1015
1017
1019
1021
1023
1024
1026
1028
1030
1032
1033
1035
1037
1039
1041
1042
1044
1046
1048
1050
1051
1053
1055
1057
1059
1060
1062
1064
1066
1068
1070
1072
1074
1076
1078
1080
1083
1085
1087
1089
1091
1093
1096
1098
1100
1102
1104
1106
1109
1111
1113
1115
1117
1120
1122
1124
1126
1128
1130
1133
1135
1137
1139
1141
1143
1146
1148
1150
1152
1154
1156
1159
1161
1163
1165
1167
1170
1171
1173
1175
1177
1179
1181
1183
1185
1187
1189
1191
1193
1195
1197
1198
1200
1202
1204
1206
1208
1210
1212
1214
1216
1218
1220
1222
1224
1225
1227
1229
1231
1233
1235
1237
1239
1241
1243
1245
1247
1249
1251
1252
1254
1256
1258
1260
1262
1264
1266
1268
1270
1272
1274
1276
1278
1280
1282
1285
1287
1290
1293
1295
1298
1300
1303
1306
1308
1311
1314
1316
1319
1321
1324
1327
1329
1332
1335
1337
1340
1342
1345
1348
1350
1353
1355
1358
1361
1363
1366
1369
1371
1374
1376
1379
1382
1384
1387
1390
1391
1393
1395
1397
1399
1401
1403
1405
1407
1408
1410
1412
1414
1416
1418
1420
1422
1424
1426
1427
1429
1431
1433
1435
1437
1439
1441
1443
1444
1446
1448
1450
1452
1454
1456
1458
1460
1462
1463
1465
1467
1469
1471
1473
1475
1477
1479
1481
1482
1484
1486
1488
1490
1492
1494
1496
1498
1500
1502
1504
1507
1509
1511
1514
1516
1518
1521
1523
1525
1528
1530
1532
1535
1537
1540
1542
1544
1547
1549
1551
1554
1556
1558
1561
1563
1565
1568
1570
1572
1575
1577
1580
1582
1584
1587
1589
1591
1594
1596
1598
1601
1603
1605
1608
1610
1612
1615
1617
1620
1622
1624
1626
1628
1630
1632
1634
1636
1638
1640
1642
1644
1646
1649
1651
1653
1655
1657
1659
1661
1663
1665
1667
1669
1671
1673
1676
1678
1680
1682
1684
1686
1688
1690
1692
1694
1696
1698
1700
1703
1705
1707
1709
1711
1713
1715
1717
1719
1721
1723
1725
1727
1730
1732
1734
1737
1739
1741
1744
1746
1749
1751
1753
1756
1758
1761
1763
1765
1768
1770
1773
1775
1777
1780
1782
1785
1787
1789
1792
1794
1796
1799
1801
1804
1806
1808
1811
1813
1816
1818
1820
1823
1825
1828
1830
1832
1835
1837
1840
1842
1844
1846
1848
1850
1853
1855
1857
1859
1861
1863
1866
1868
1870
1872
1874
1876
1879
1881
1883
1885
1887
1890
1892
1894
1896
1898
1900
1903
1905
1907
1909
1911
1913
1916
1918
1920
1922
1924
1926
1929
1931
1933
1935
1937
1940
1941
1943
1945
1947
1949
1951
1953
1955
1956
1958
1960
1962
1964
1966
1968
1970
1971
1973
1975
1977
1979
1981
1983
1984
1986
1988
1990
1992
1994
1996
1998
2000
2001
2003
2005
2007
2009
2011
2013
2015
2016
2018
2020
2022
2024
2026
2028
2030
2031
2033
2035
2037
2039
2041
2043
2045
2046
2048
2050
2052
2054
2056
2058
2060
2064
2068
2072
2076
2080
2085
2089
2093
2097
2101
2105
2110
2114
2118
2122
2126
2130
2135
2139
2143
2147
2151
2155
2160
2164
2168
2173
2177
2182
2186
2190
2195
2199
2204
2208
2212
2217
2221
2226
2230
2234
2239
2243
2248
2252
2256
2261
2265
2270
2274
2279
2283
2288
2292
2297
2301
2306
2310
2315
2320
2324
2329
2333
2338
2342
2347
2351
2356
2360
2365
2370
2373
2377
2381
2385
2389
2393
2397
2401
2405
2409
2413
2417
2421
2425
2428
2432
2436
2440
2444
2448
2452
2456
2460
2464
2468
2472
2476
2480
2484
2488
2492
2496
2501
2505
2509
2513
2518
2522
2526
2530
2535
2539
2543
2547
2551
2556
2560
2564
2568
2573
2577
2581
2585
2590
2594
2600
2605
2610
2614
2620
2625
2630
2635
2640
2645
2650
2655
2660
2665
2670
2675
2680
2685
2690
2695
2700
2704
2708
2712
2716
2720
2724
2728
2732
2736
2740
2744
2748
2752
2757
2761
2765
2769
2773
2777
2781
2785
2789
2793
2797
2801
2805
2810
2814
2818
2823
2827
2831
2836
2840
2844
2849
2853
2857
2862
2866
2870
2875
2879
2883
2888
2892
2896
2901
2905
2910
2916
2923
2930
2937
2944
2951
2958
2965
2971
2978
2985
2992
2999
3006
3013
3020
3025
3031
3036
3042
3047
3053
3058
3064
3070
3075
3081
3086
3092
3097
3103
3108
3114
3120
3125
3131
3136
3142
3147
3153
3158
3164
3169
3175
3180
3186
3191
3197
3202
3208
3213
3219
3224
3230
3234
3238
3243
3247
3252
3256
3260
3265
3269
3274
3278
3282
3287
3291
3296
3300
3304
3309
3313
3318
3322
3326
3331
3335
3340
3344
3349
3354
3359
3363
3368
3373
3378
3382
3387
3392
3397
3401
3406
3411
3416
3420
3425
3430
3435
3440
3445
3450
3455
3460
3466
3471
3476
3481
3487
3492
3497
3502
3508
3513
3518
3523
3529
3534
3539
3544
3550
3554
3558
3563
3567
3571
3576
3580
3584
3589
3593
3597
3602
3606
3610
3615
3619
3623
3628
3632
3636
3641
3645
3650
3655
3659
3665
3670
3675
3679
3685
3690
3695
3699
3705
3710
3715
3719
3724
3730
3735
3739
3744
3750
3755
3760
3764
3768
3772
3776
3780
3784
3788
3792
3796
3800
3804
3808
3812
3817
3821
3825
3829
3833
3837
3841
3845
3849
3853
3857
3861
3865
3870
3874
3879
3884
3889
3893
3898
3903
3908
3913
3917
3922
3927
3932
3936
3941
3946
3951
3956
3960
3965
3970
3975
3980
3986
3992
3998
4004
4010
4016
4022
4028
4035
4041
4047
4053
4059
4065
4071
4077
4083
4090
4094
4099
4104
4109
4113
4118
4123
4128
4132
4137
4142
4147
4151
4156
4161
4166
4170
4175
4180
4185
4190
4196
4203
4210
4217
4224
4231
4238
4245
4251
4258
4265
4272
4279
4286
4293
4300
4306
4313
4320
4326
4333
4340
4346
4353
4360
4366
4373
4380
4386
4393
4400
4406
4412
4419
4425
4432
4438
4445
4451
4458
4464
4471
4477
4484
4490
4497
4503
4510
4514
4518
4522
4526
4530
4534
4538
4542
4546
4550
4554
4558
4562
4567
4571
4575
4579
4583
4587
4591
4595
4599
4603
4607
4611
4615
4620
4625
4630
4636
4641
4647
4652
4658
4663
4669
4674
4680
4685
4690
4696
4701
4707
4712
4718
4723
4729
4734
4740
4744
4748
4752
4756
4760
4764
4768
4772
4776
4780
4784
4788
4792
4797
4801
4805
4809
4813
4817
4821
4825
4829
4833
4837
4841
4845
4850
4853
4857
4861
4864
4868
4872
4875
4879
4883
4887
4890
4894
4898
4901
4905
4909
4912
4916
4920
4924
4927
4931
4935
4938
4942
4946
4950
4954
4958
4963
4967
4972
4976
4980
4985
4989
4994
4998
5002
5007
5011
5016
5020
5024
5029
5033
5037
5042
5046
5051
5055
5060
5063
5067
5070
5074
5077
5081
5085
5088
5092
5095
5099
5102
5106
5109
5113
5117
5120
5124
5127
5131
5135
5138
5142
5145
5149
5152
5156
5160
5163
5167
5171
5175
5179
5183
5187
5191
5195
5199
5203
5207
5211
5215
5218
5222
5226
5230
5234
5238
5242
5246
5250
5254
5258
5262
5266
5270
5274
5279
5283
5288
5292
5297
5301
5306
5310
5315
5320
5324
5329
5333
5338
5342
5347
5351
5356
5360
5365
5370
5374
5378
5382
5386
5390
5394
5398
5402
5406
5410
5414
5418
5422
5427
5431
5435
5439
5443
5447
5451
5455
5459
5463
5467
5471
5475
5480
5484
5488
5492
5496
5501
5505
5509
5513
5518
5522
5526
5530
5535
5539
5543
5547
5551
5556
5560
5564
5568
5573
5577
5581
5585
5590
5594
5599
5604
5609
5613
5618
5623
5628
5632
5637
5642
5647
5651
5656
5661
5666
5670
5675
5680
5685
5690
5694
5698
5702
5706
5710
5714
5718
5722
5726
5730
5734
5738
5742
5747
5751
5755
5759
5763
5767
5771
5775
5779
5783
5787
5791
5795
5800
5807
5814
5821
5828
5835
5842
5850
5857
5864
5871
5878
5885
5892
5900
5903
5907
5911
5914
5918
5922
5925
5929
5933
5936
5940
5944
5947
5951
5955
5958
5962
5966
5969
5973
5977
5980
5984
5988
5991
5995
5999
6002
6006
6010
6015
6020
6024
6030
6035
6040
6045
6050
6055
6060
6064
6070
6075
6080
6085
6090
6095
6100
6105
6110
6115
6120
6124
6128
6132
6136
6141
6145
6149
6153
6158
6162
6166
6170
6175
6179
6183
6187
6191
6196
6200
6204
6208
6213
6217
6221
6225
6230
6233
6237
6241
6245
6248
6252
6256
6260
6264
6267
6271
6275
6279
6283
6286
6290
6294
6298
6302
6305
6309
6313
6317
6321
6324
6328
6332
6336
6340
6346
6352
6358
6365
6371
6377
6383
6390
6396
6402
6408
6415
6421
6427
6433
6440
6445
6451
6456
6462
6467
6473
6478
6484
6489
6495
6500
6506
6511
6517
6522
6528
6533
6539
6544
6550
6559
6568
6577
6586
6595
6605
6614
6623
6632
6641
6650
6660
6663
6667
6671
6674
6678
6682
6685
6689
6693
6696
6700
6704
6707
6711
6715
6718
6722
6726
6729
6733
6737
6740
6744
6747
6751
6755
6758
6762
6766
6770
6773
6777
6780
6784
6787
6791
6795
6798
6802
6805
6809
6812
6816
6820
6823
6827
6830
6834
6837
6841
6845
6848
6852
6855
6859
6862
6866
6870
6874
6878
6882
6886
6891
6895
6899
6903
6908
6912
6916
6920
6925
6929
6933
6937
6941
6946
6950
6954
6958
6963
6967
6971
6975
6980
6986
6992
6998
7004
7010
7016
7022
7028
7035
7041
7047
7053
7059
7065
7071
7077
7083
7090
7092
7095
7097
7100
7102
7104
7107
7110
7112
7115
7117
7120
7122
7125
7127
7130
7132
7135
7137
7140
7142
7145
7147
7150
7152
7155
7157
7160
7162
7165
7167
7170
7172
7175
7177
7180
7182
7185
7187
7190
7192
7195
7197
7200
7202
7205
7207
7210
7212
7215
7217
7220
7222
7225
7227
7230
7232
7235
7237
7240
7242
7245
7247
7250
7252
7255
7257
7260
7262
7265
7267
7270
7272
7275
7277
7280
7282
7285
7287
7290
7292
7295
7297
7300
7302
7305
7308
7311
7314
7317
7320
7323
7326
7329
7332
7335
7338
7341
7344
7347
7350
7352
7355
7358
7361
7364
7367
7370
7373
7376
7379
7382
7385
7388
7391
7394
7397
7400
7402
7405
7407
7410
7412
7415
7417
7420
7423
7425
7428
7430
7433
7435
7438
7440
7443
7446
7448
7451
7453
7456
7458
7461
7463
7466
7469
7471
7474
7476
7479
7481
7484
7486
7489
7492
7494
7497
7499
7502
7504
7507
7510
7512
7515
7518
7520
7523
7526
7528
7531
7534
7536
7539
7542
7544
7547
7550
7552
7555
7558
7560
7563
7566
7569
7571
7574
7577
7579
7582
7585
7587
7590
7593
7595
7598
7601
7603
7606
7609
7611
7614
7617
7620
7622
7625
7628
7631
7634
7637
7640
7643
7646
7649
7652
7655
7658
7661
7664
7667
7670
7673
7676
7679
7682
7685
7688
7691
7694
7697
7700
7703
7706
7709
7712
7715
7718
7721
7724
7727
7730
7733
7736
7739
7742
7746
7749
7752
7755
7759
7762
7765
7768
7772
7775
7778
7781
7785
7788
7791
7794
7797
7801
7804
7807
7810
7814
7817
7820
7823
7827
7830
7833
7836
7840
7842
7845
7847
7850
7852
7855
7857
7860
7863
7865
7868
7870
7873
7875
7878
7881
7883
7886
7888
7891
7893
7896
7898
7901
7904
7906
7909
7911
7914
7916
7919
7922
7924
7927
7929
7932
7934
7937
7940
7943
7946
7950
7953
7957
7960
7964
7967
7970
7974
7977
7981
7984
7988
7991
7995
7998
8001
8005
8008
8012
8015
8019
8022
8025
8029
8032
8036
8039
8043
8046
8050
8053
8056
8059
8062
8066
8069
8072
8075
8079
8082
8085
8088
8091
8095
8098
8101
8104
8108
8111
8114
8117
8120
8124
8127
8130
8133
8137
8140
8143
8146
8150
8152
8155
8158
8161
8164
8166
8169
8172
8175
8178
8181
8183
8186
8189
8192
8195
8197
8200
8203
8206
8209
8212
8214
8217
8220
8223
8226
8228
8231
8234
8237
8240
8243
8245
8248
8251
8254
8257
8260
8264
8268
8273
8277
8282
8286
8290
8295
8299
8304
8308
8312
8317
8321
8325
8330
8334
8339
8343
8347
8352
8356
8361
8365
8370
8373
8376
8379
8382
8385
8388
8392
8395
8398
8401
8404
8407
8410
8414
8417
8420
8423
8426
8429
8432
8436
8439
8442
8445
8448
8451
8454
8458
8461
8464
8467
8470
8473
8476
8480
8482
8485
8487
8490
8493
8495
8498
8500
8503
8506
8508
8511
8514
8516
8519
8521
8524
8527
8529
8532
8535
8537
8540
8542
8545
8548
8550
8553
8555
8558
8561
8563
8566
8569
8571
8574
8576
8579
8582
8584
8587
8590
8592
8595
8598
8601
8604
8607
8610
8613
8616
8619
8622
8625
8628
8631
8634
8637
8640
8642
8645
8648
8651
8654
8657
8660
8663
8666
8669
8672
8675
8678
8681
8684
8687
8690
8692
8694
8696
8699
8701
8703
8706
8708
8710
8712
8715
8717
8719
8722
8724
8726
8728
8731
8733
8735
8738
8740
8742
8745
8747
8749
8751
8754
8756
8758
8761
8763
8765
8767
8770
8772
8774
8777
8779
8781
8783
8786
8788
8790
8793
8795
8797
8800
8802
8805
8807
8810
8812
8815
8817
8820
8822
8825
8827
8830
8832
8835
8837
8840
8842
8845
8847
8850
8852
8855
8857
8860
8862
8865
8867
8870
8872
8875
8877
8880
8882
8885
8887
8890
8892
8895
8897
8900
8902
8905
8908
8910
8913
8916
8918
8921
8924
8926
8929
8932
8934
8937
8940
8942
8945
8948
8950
8953
8956
8959
8961
8964
8967
8969
8972
8975
8977
8980
8983
8985
8988
8991
8993
8996
8999
9001
9004
9007
9010
9012
9015
9018
9021
9024
9026
9029
9032
9035
9038
9041
9043
9046
9049
9052
9055
9057
9060
9063
9066
9069
9072
9074
9077
9080
9083
9086
9088
9091
9094
9097
9100
9103
9105
9108
9111
9114
9117
9120
9122
9125
9128
9131
9133
9136
9139
9142
9144
9147
9150
9152
9155
9158
9161
9164
9166
9169
9172
9175
9177
9180
9183
9186
9188
9191
9194
9197
9199
9202
9205
9208
9210
9213
9216
9219
9221
9224
9227
9230
9232
9235
9238
9241
9244
9246
9249
9252
9255
9258
9261
9263
9266
9269
9272
9275
9277
9280
9283
9286
9289
9292
9294
9297
9300
9303
9306
9308
9311
9314
9317
9320
9323
9325
9328
9331
9334
9337
9340
9343
9346
9349
9352
9355
9358
9361
9364
9367
9370
9373
9376
9379
9382
9385
9388
9391
9394
9397
9400
9403
9406
9409
9412
9415
9418
9421
9424
9427
9430
9433
9436
9440
9443
9446
9449
9452
9455
9458
9461
9464
9467
9470
9473
9476
9479
9482
9485
9488
9491
9495
9498
9501
9504
9507
9510
9513
9516
9519
9522
9525
9528
9531
9534
9537
9540
9543
9546
9550
9552
9555
9558
9561
9564
9567
9570
9573
9576
9579
9582
9585
9588
9591
9594
9597
9600
9602
9605
9608
9611
9614
9617
9620
9623
9626
9629
9632
9635
9638
9641
9644
9647
9650
9652
9655
9657
9660
9663
9665
9668
9670
9673
9676
9678
9681
9684
9686
9689
9691
9694
9697
9699
9702
9705
9707
9710
9712
9715
9718
9720
9723
9725
9728
9731
9733
9736
9739
9741
9744
9746
9749
9752
9754
9757
9760
9762
9764
9766
9768
9771
9773
9775
9777
9780
9782
9784
9786
9789
9791
9793
9795
9798
9800
9802
9804
9807
9809
9811
9813
9816
9818
9820
9822
9825
9827
9829
9831
9834
9836
9838
9840
9843
9845
9847
9849
9852
9854
9856
9858
9861
9863
9865
9867
9870
9872
9875
9878
9880
9883
9886
9889
9891
9894
9897
9899
9902
9905
9908
9910
9913
9916
9919
9921
9924
9927
9930
9932
9935
9938
9940
9943
9946
9949
9951
9954
9957
9960
9962
9965
9968
9970
9973
9976
9979
9981
9984
9987
9990
9992
9994
9996
9998
10001
10003
10005
10007
10009
10012
10014
10016
10018
10020
10023
10025
10027
10029
10031
10034
10036
10038
10040
10042
10045
10047
10049
10051
10053
10056
10058
10060
10062
10064
10067
10069
10071
10073
10075
10078
10080
10082
10084
10086
10089
10091
10093
10095
10097
10100
10102
10104
10107
10109
10112
10114
10117
10119
10121
10124
10126
10129
10131
10134
10136
10139
10141
10143
10146
10148
10151
10153
10156
10158
10160
10163
10165
10168
10170
10173
10175
10178
10180
10182
10185
10187
10190
10192
10195
10197
10200
10204
10208
10212
10216
10221
10225
10229
10233
10238
10242
10246
10250
10254
10259
10263
10267
10271
10276
10280
10284
10288
10293
10297
10301
10305
10310
10316
10322
10328
10335
10341
10347
10353
10360
10366
10372
10378
10385
10391
10397
10403
10410
10413
10417
10421
10425
10429
10433
10437
10441
10445
10449
10453
10457
10461
10465
10468
10472
10476
10480
10484
10488
10492
10496
10500
10504
10508
10512
10516
10520
10523
10526
10529
10532
10535
10538
10541
10545
10548
10551
10554
10557
10560
10563
10566
10570
10573
10576
10579
10582
10585
10588
10591
10594
10598
10601
10604
10607
10610
10613
10616
10620
10623
10627
10631
10635
10639
10643
10647
10651
10655
10659
10663
10667
10671
10674
10678
10682
10686
10690
10694
10698
10702
10706
10710
10714
10718
10722
10726
10730
10733
10736
10739
10742
10745
10748
10752
10755
10758
10761
10764
10767
10771
10774
10777
10780
10783
10786
10790
10793
10796
10799
10802
10805
10808
10812
10815
10818
10821
10824
10827
10831
10834
10837
10840
10843
10846
10850
10855
10861
10866
10872
10877
10883
10888
10894
10899
10905
10911
10916
10922
10927
10933
10938
10944
10950
10952
10955
10958
10961
10964
10967
10970
10973
10976
10978
10981
10984
10987
10990
10993
10996
10999
11002
11004
11007
11010
11013
11016
11019
11022
11025
11028
11031
11033
11036
11039
11042
11045
11048
11051
11054
11057
11060
11063
11066
11069
11072
11075
11078
11081
11084
11087
11090
11093
11096
11099
11102
11105
11108
11111
11114
11117
11120
11123
11126
11129
11132
11135
11138
11141
11144
11147
11150
11153
11156
11160
11162
11165
11168
11170
11173
11176
11178
11181
11184
11186
11189
11192
11194
11197
11200
11202
11205
11208
11210
11213
11216
11219
11221
11224
11227
11229
11232
11235
11237
11240
11243
11245
11248
11251
11253
11256
11259
11261
11264
11267
11270
11275
11281
11286
11292
11297
11303
11308
11314
11320
11325
11331
11336
11342
11347
11353
11358
11364
11370
11376
11382
11389
11395
11402
11408
11415
11421
11428
11434
11441
11447
11454
11460
11467
11473
11480
11486
11493
11500
11507
11514
11521
11528
11535
11541
11548
11555
11562
11569
11576
11583
11590
11595
11601
11606
11612
11617
11623
11628
11634
11640
11645
11651
11656
11662
11667
11673
11678
11684
11690
11693
11696
11700
11703
11707
11710
11714
11717
11720
11724
11727
11731
11734
11738
11741
11745
11748
11751
11755
11758
11762
11765
11769
11772
11775
11779
11782
11786
11789
11793
11796
11800
11804
11808
11812
11816
11820
11824
11828
11832
11836
11840
11844
11848
11852
11856
11860
11864
11868
11872
11876
11880
11884
11888
11892
11896
11900
11903
11906
11909
11912
11915
11918
11921
11924
11927
11930
11933
11936
11939
11942
11945
11948
11951
11955
11958
11961
11964
11967
11970
11973
11976
11979
11982
11985
11988
11991
11994
11997
12000
12003
12006
12010
12013
12016
12019
12022
12025
12028
12032
12035
12038
12041
12044
12047
12050
12054
12057
12060
12063
12066
12069
12072
12075
12079
12082
12085
12088
12091
12094
12097
12101
12104
12107
12110
12113
12116
12120
12124
12129
12134
12139
12143
12148
12153
12158
12163
12167
12172
12177
12182
12186
12191
12196
12201
12206
12210
12215
12220
12225
12230
12235
12240
12245
12250
12255
12260
12265
12270
12275
12280
12285
12290
12295
12300
12305
12310
12315
12320
12325
12330
12334
12340
12344
12349
12354
12359
12363
12368
12373
12378
12382
12387
12392
12397
12401
12406
12411
12416
12420
12425
12430
12435
12440
12445
12450
12455
12459
12465
12470
12475
12480
12485
12490
12495
12500
12505
12510
12515
12520
12525
12530
12535
12540
12545
12550
12554
12559
12563
12568
12572
12577
12581
12586
12590
12595
12600
12604
12609
12613
12618
12622
12627
12631
12636
12640
12645
12650
12657
12664
12671
12678
12685
12692
12699
12706
12713
12720
12727
12734
12741
12748
12755
12762
12770
12774
12779
12784
12789
12793
12798
12803
12808
12812
12817
12822
12827
12831
12836
12841
12846
12850
12855
12860
12865
12870
12875
12881
12887
12893
12898
12904
12910
12916
12922
12927
12933
12939
12945
12951
12956
12962
12968
12974
12980
12984
12988
12992
12996
13001
13005
13009
13013
13018
13022
13026
13030
13035
13039
13043
13047
13051
13056
13060
13064
13068
13073
13077
13081
13085
13090
13094
13099
13103
13108
13112
13117
13121
13126
13130
13135
13140
13144
13149
13153
13158
13162
13167
13171
13176
13180
13185
13190
13194
13199
13203
13208
13212
13217
13222
13226
13231
13235
13240
13245
13249
13254
13258
13263
13267
13272
13277
13281
13286
13290
13295
13300
13305
13310
13315
13320
13325
13330
13335
13340
13345
13350
13355
13360
13365
13370
13375
13380
13385
13390
13395
13400
13405
13411
13417
13423
13428
13434
13440
13446
13452
13457
13463
13469
13475
13481
13486
13492
13498
13504
13510
13515
13520
13525
13530
13535
13540
13545
13549
13555
13559
13565
13570
13575
13580
13584
13590
13594
13600
13604
13610
13614
13620
13627
13634
13642
13649
13656
13664
13671
13678
13686
13693
13700
13708
13715
13722
13730
13736
13742
13748
13754
13760
13766
13772
13778
13785
13791
13797
13803
13809
13815
13821
13827
13833
13840
13847
13854
13861
13868
13875
13882
13890
13897
13904
13911
13918
13925
13932
13940
13948
13956
13965
13973
13982
13990
13999
14007
14016
14024
14033
14041
14050
14056
14062
14068
14075
14081
14087
14093
14100
14106
14112
14118
14125
14131
14137
14143
14150
14157
14164
14172
14179
14186
14194
14201
14208
14216
14223
14230
14238
14245
14252
14260
14269
14278
14287
14296
14305
14315
14324
14333
14342
14351
14360
14370
14375
14380
14385
14390
14396
14401
14406
14411
14417
14422
14427
14432
14438
14443
14448
14453
14459
14464
14469
14474
14480
14485
14490
14495
14500
14506
14511
14516
14521
14527
14532
14537
14542
14548
14553
14558
14563
14569
14574
14579
14584
14590
14593
14596
14600
14603
14606
14610
14613
14616
14620
14623
14626
14629
14633
14636
14640
14643
14646
14650
14653
14656
14660
14663
14666
14670
14673
14676
14680
14683
14686
14690
14692
14695
14698
14701
14703
14706
14709
14712
14714
14717
14720
14722
14725
14728
14731
14734
14736
14739
14742
14745
14747
14750
14753
14756
14758
14761
14764
14767
14769
14772
14775
14778
14780
14783
14786
14789
14791
14794
14797
14800
14802
14805
14808
14811
14813
14816
14819
14822
14825
14827
14830
14833
14836
14838
14841
14844
14847
14850
14852
14855
14858
14861
14863
14866
14869
14872
14875
14877
14880
14883
14886
14888
14891
14894
14897
14900
14902
14905
14908
14911
14913
14916
14919
14922
14924
14927
14930
14933
14935
14938
14941
14944
14946
14949
14952
14955
14957
14960
14963
14966
14968
14971
14974
14977
14979
14982
14985
14988
14990
14993
14996
14999
15001
15004
15007
15010
15013
15016
15019
15022
15025
15028
15031
15034
15037
15040
15043
15046
15049
15052
15055
15058
15061
15065
15068
15071
15074
15077
15080
15083
15086
15089
15092
15095
15098
15101
15104
15107
15110
15113
15116
15120
15123
15126
15129
15132
15136
15139
15142
15145
15149
15152
15155
15158
15162
15165
15168
15171
15175
15178
15181
15184
15187
15191
15194
15197
15200
15204
15207
15210
15213
15217
15220
15223
15226
15230
15233
15236
15240
15243
15247
15250
15254
15257
15260
15264
15267
15271
15274
15278
15281
15285
15288
15291
15295
15298
15302
15305
15309
15312
15315
15319
15322
15326
15329
15333
15336
15340
15343
15346
15350
15353
15356
15360
15363
15366
15370
15373
15376
15379
15383
15386
15390
15393
15396
15400
15403
15406
15410
15413
15416
15420
15423
15426
15430
15433
15436
15440
15443
15446
15450
15453
15456
15459
15463
15466
15470
15473
15476
15480
15483
15486
15490
15493
15496
15500
15503
15506
15510
15513
15516
15520
15523
15526
15530
15533
15536
15540
15543
15546
15550
15553
15557
15561
15565
15569
15573
15576
15580
15584
15588
15592
15596
15600
15603
15607
15611
15615
15619
15623
15626
15630
15634
15638
15642
15646
15650
15652
15655
15658
15661
15664
15666
15669
15672
15675
15678
15681
15683
15686
15689
15692
15695
15697
15700
15703
15706
15709
15712
15714
15717
15720
15723
15726
15728
15731
15734
15737
15740
15743
15745
15748
15751
15754
15757
15760
15763
15767
15771
15775
15779
15783
15787
15791
15795
15799
15803
15807
15811
15815
15818
15822
15826
15830
15834
15838
15842
15846
15850
15854
15858
15862
15866
15870
15877
15885
15893
15901
15909
15917
15924
15932
15940
15948
15956
15964
15972
15980
15983
15987
15990
15994
15997
16001
16004
16008
16011
16015
16019
16022
16026
16029
16033
16036
16040
16043
16047
16050
16054
16058
16061
16065
16068
16072
16075
16079
16082
16086
16090
16092
16095
16098
16100
16103
16106
16108
16111
16114
16117
16119
16122
16125
16127
16130
16133
16135
16138
16141
16144
16146
16149
16152
16154
16157
16160
16162
16165
16168
16171
16173
16176
16179
16181
16184
16187
16190
16192
16195
16198
16200
16203
16206
16208
16211
16214
16216
16219
16222
16224
16227
16230
16232
16235
16238
16240
16243
16246
16249
16251
16254
16257
16259
16262
16265
16267
16270
16273
16275
16278
16281
16283
16286
16289
16291
16294
16297
16300
16302
16305
16308
16311
16313
16316
16319
16322
16325
16327
16330
16333
16336
16338
16341
16344
16347
16350
16352
16355
16358
16361
16363
16366
16369
16372
16375
16377
16380
16383
16386
16388
16391
16394
16397
16400
16402
16405
16408
16411
16414
16417
16420
16423
16426
16428
16431
16434
16437
16440
16443
16446
16449
16452
16455
16457
16460
16463
16466
16469
16472
16475
16478
16481
16483
16486
16489
16492
16495
16498
16501
16504
16507
16510
16512
16515
16518
16520
16523
16526
16528
16531
16534
16536
16539
16542
16544
16547
16550
16552
16555
16558
16560
16563
16566
16569
16571
16574
16577
16579
16582
16585
16587
16590
16593
16595
16598
16601
16603
16606
16609
16611
16614
16617
16620
16623
16626
16629
16632
16636
16639
16642
16645
16649
16652
16655
16658
16662
16665
16668
16671
16675
16678
16681
16684
16687
16691
16694
16697
16700
16704
16707
16710
16713
16717
16720
16723
16726
16730
16733
16736
16739
16742
16746
16749
16752
16755
16759
16762
16765
16768
16772
16775
16778
16781
16785
16788
16791
16794
16797
16801
16804
16807
16810
16814
16817
16820
16823
16827
16830
16833
16836
16840
16843
16846
16850
16853
16856
16860
16863
16866
16870
16873
16876
16880
16883
16886
16890
16893
16896
16900
16903
16906
16910
16913
16916
16920
16923
16926
16930
16933
16936
16940
16943
16946
16949
16952
16955
16958
16962
16965
16968
16971
16974
16977
16980
16984
16987
16990
16993
16996
16999
17002
17006
17009
17012
17015
17018
17021
17024
17028
17031
17034
17037
17040
17043
17046
17050
17053
17056
17059
17062
17065
17068
17071
17074
17077
17080
17083
17086
17089
17092
17095
17098
17101
17104
17107
17110
17113
17116
17119
17122
17125
17128
17131
17134
17137
17140
17143
17146
17150
17152
17155
17158
17161
17164
17167
17170
17173
17176
17179
17182
17185
17188
17191
17194
17197
17200
17203
17206
17209
17212
17215
17218
17221
17224
17227
17230
17233
17236
17239
17242
17245
17248
17251
17254
17257
17260
17262
17265
17268
17271
17274
17276
17279
17282
17285
17288
17291
17293
17296
17299
17302
17305
17307
17310
17313
17316
17319
17322
17324
17327
17330
17333
17336
17338
17341
17344
17347
17350
17353
17355
17358
17361
17364
17367
17370
17372
17375
17378
17381
17383
17386
17389
17392
17394
17397
17400
17403
17405
17408
17411
17414
17416
17419
17422
17425
17427
17430
17433
17436
17438
17441
17444
17447
17449
17452
17455
17458
17460
17463
17466
17469
17471
17474
17477
17480
17482
17485
17488
17491
17494
17496
17499
17502
17505
17508
17511
17513
17516
17519
17522
17525
17527
17530
17533
17536
17539
17542
17544
17547
17550
17553
17556
17558
17561
17564
17567
17570
17573
17575
17578
17581
17584
17587
17590
17593
17596
17599
17602
17606
17609
17612
17615
17619
17622
17625
17628
17631
17635
17638
17641
17644
17648
17651
17654
17657
17660
17664
17667
17670
17673
17677
17680
17683
17686
17690
17693
17696
17699
17702
17705
17708
17711
17714
17717
17720
17723
17726
17729
17732
17735
17738
17741
17745
17748
17751
17754
17757
17760
17763
17766
17769
17772
17775
17778
17781
17784
17787
17790
17793
17796
17800
17803
17806
17810
17813
17816
17820
17823
17826
17830
17833
17836
17840
17843
17846
17850
17853
17856
17860
17863
17866
17869
17873
17876
17880
17883
17886
17890
17893
17896
17900
17902
17904
17906
17908
17910
17913
17915
17917
17919
17922
17924
17926
17928
17930
17933
17935
17937
17939
17941
17944
17946
17948
17950
17952
17955
17957
17959
17961
17963
17966
17968
17970
17972
17974
17977
17979
17981
17983
17985
17988
17990
17992
17994
17996
17999
18001
18003
18005
18007
18010
18012
18014
18016
18018
18020
18022
18025
18027
18029
18031
18033
18035
18038
18040
18042
18044
18046
18048
18050
18053
18055
18057
18059
18061
18063
18066
18068
18070
18072
18074
18076
18079
18081
18083
18085
18087
18089
18091
18094
18096
18098
18100
18102
18104
18107
18109
18111
18113
18115
18117
18120
18122
18124
18126
18128
18130
18132
18134
18136
18138
18140
18142
18144
18146
18148
18150
18152
18154
18156
18158
18160
18162
18164
18166
18168
18170
18172
18174
18176
18178
18180
18182
18184
18186
18188
18190
18192
18194
18196
18198
18200
18202
18204
18206
18208
18210
18212
18214
18216
18218
18220
18222
18224
18226
18228
18230
18232
18235
18238
18241
18244
18247
18250
18253
18256
18259
18262
18265
18268
18270
18273
18276
18279
18282
18285
18288
18291
18294
18297
18300
18303
18306
18309
18311
18314
18317
18320
18323
18326
18329
18332
18335
18338
18341
18344
18347
18350
18352
18354
18357
18359
18362
18364
18367
18369
18371
18374
18376
18379
18381
18384
18386
18389
18391
18393
18396
18398
18401
18403
18406
18408
18410
18413
18415
18418
18420
18423
18425
18428
18430
18432
18435
18437
18440
18442
18445
18447
18450
18452
18455
18457
18460
18462
18465
18467
18470
18473
18475
18478
18480
18483
18485
18488
18490
18493
18496
18498
18501
18503
18506
18508
18511
18513
18516
18519
18521
18524
18526
18529
18531
18534
18536
18539
18542
18544
18547
18549
18552
18554
18557
18560
18563
18566
18569
18572
18575
18578
18581
18585
18588
18591
18594
18597
18600
18603
18606
18610
18613
18616
18619
18622
18625
18628
18631
18634
18638
18641
18644
18647
18650
18653
18656
18660
18663
18666
18669
18672
18675
18678
18682
18685
18688
18691
18694
18697
18700
18704
18707
18710
18713
18716
18719
18722
18726
18729
18732
18735
18738
18741
18744
18748
18751
18754
18757
18760
18763
18766
18770
18773
18776
18780
18783
18787
18790
18794
18797
18801
18804
18807
18811
18814
18818
18821
18825
18828
18832
18835
18838
18842
18845
18849
18852
18856
18859
18863
18866
18870
18873
18877
18881
18884
18888
18892
18895
18899
18903
18906
18910
18914
18917
18921
18925
18928
18932
18936
18939
18943
18947
18950
18954
18958
18961
18965
18969
18972
18976
18980
18982
18985
18988
18991
18994
18997
19000
19003
19006
19008
19011
19014
19017
19020
19023
19026
19029
19032
19035
19037
19040
19043
19046
19049
19052
19055
19058
19061
19063
19066
19069
19072
19075
19078
19081
19084
19087
19090
19092
19095
19098
19101
19103
19106
19109
19112
19115
19117
19120
19123
19126
19128
19131
19134
19137
19140
19142
19145
19148
19151
19153
19156
19159
19162
19165
19167
19170
19173
19176
19178
19181
19184
19187
19190
19194
19198
19202
19206
19210
19214
19218
19222
19226
19230
19234
19238
19242
19247
19251
19255
19259
19263
19267
19271
19275
19279
19283
19287
19291
19295
19300
19303
19307
19311
19314
19318
19322
19325
19329
19333
19337
19340
19344
19348
19351
19355
19359
19362
19366
19370
19374
19377
19381
19385
19388
19392
19396
19400
19403
19407
19411
19415
19418
19422
19426
19430
19434
19437
19441
19445
19449
19453
19456
19460
19464
19468
19472
19475
19479
19483
19487
19491
19494
19498
19502
19506
19510
19512
19515
19518
19521
19524
19527
19530
19533
19536
19538
19541
19544
19547
19550
19553
19556
19559
19562
19565
19567
19570
19573
19576
19579
19582
19585
19588
19591
19593
19596
19599
19602
19605
19608
19611
19614
19617
19620
19622
19624
19626
19628
19631
19633
19635
19637
19640
19642
19644
19646
19649
19651
19653
19655
19658
19660
19662
19664
19667
19669
19671
19673
19676
19678
19680
19682
19685
19687
19689
19691
19694
19696
19698
19700
19703
19705
19707
19709
19712
19714
19716
19718
19721
19723
19725
19727
19730
19732
19734
19736
19738
19741
19743
19745
19747
19750
19752
19754
19756
19759
19761
19763
19765
19768
19770
19772
19774
19777
19779
19781
19783
19786
19788
19790
19792
19795
19797
19799
19801
19804
19806
19808
19810
19813
19815
19817
19819
19822
19824
19826
19828
19831
19833
19835
19837
19840
19842
19844
19847
19849
19851
19854
19856
19859
19861
19863
19866
19868
19870
19873
19875
19878
19880
19882
19885
19887
19890
19892
19894
19897
19899
19901
19904
19906
19909
19911
19913
19916
19918
19920
19923
19925
19928
19930
19932
19935
19937
19940
19942
19945
19947
19950
19952
19955
19957
19960
19963
19965
19968
19970
19973
19975
19978
19980
19983
19986
19988
19991
19993
19996
19998
20001
20003
20006
20009
20011
20014
20016
20019
20021
20024
20026
20029
20032
20034
20037
20039
20042
20044
20047
20050
20052
20055
20058
20061
20064
20067
20070
20073
20076
20079
20082
20085
20088
20091
20094
20097
20100
20102
20105
20108
20111
20114
20117
20120
20123
20126
20129
20132
20135
20138
20141
20144
20147
20150
20152
20154
20157
20159
20161
20164
20166
20168
20171
20173
20175
20178
20180
20182
20185
20187
20189
20192
20194
20196
20199
20201
20203
20206
20208
20210
20213
20215
20217
20220
20222
20224
20227
20229
20231
20234
20236
20238
20241
20243
20245
20248
20250
20252
20255
20257
20260
20262
20265
20268
20271
20274
20277
20280
20283
20286
20289
20292
20295
20298
20301
20304
20307
20310
20313
20316
20319
20322
20325
20328
20331
20334
20337
20340
20343
20346
20349
20352
20355
20358
20361
20364
20367
20370
20375
20381
20387
20393
20398
20404
20410
20416
20422
20427
20433
20439
20445
20451
20456
20462
20468
20474
20480
20484
20489
20494
20499
20503
20508
20513
20518
20523
20527
20532
20537
20542
20546
20551
20556
20561
20566
20570
20575
20580
20585
20590
20592
20595
20598
20601
20603
20606
20609
20612
20615
20617
20620
20623
20626
20628
20631
20634
20637
20640
20642
20645
20648
20651
20653
20656
20659
20662
20665
20667
20670
20673
20676
20678
20681
20684
20687
20690
20693
20697
20701
20705
20709
20713
20717
20721
20725
20729
20733
20737
20741
20745
20748
20752
20756
20760
20764
20768
20772
20776
20780
20784
20788
20792
20796
20800
20802
20804
20806
20809
20811
20813
20816
20818
20820
20823
20825
20827
20830
20832
20834
20837
20839
20841
20844
20846
20848
20851
20853
20855
20858
20860
20862
20865
20867
20869
20872
20874
20876
20879
20881
20883
20886
20888
20890
20893
20895
20897
20900
20901
20903
20905
20907
20909
20911
20913
20915
20917
20919
20921
20923
20925
20927
20929
20931
20933
20935
20937
20939
20941
20943
20945
20947
20949
20951
20953
20955
20956
20958
20960
20962
20964
20966
20968
20970
20972
20974
20976
20978
20980
20982
20984
20986
20988
20990
20992
20994
20996
20998
21000
21002
21004
21006
21008
21010
21012
21014
21016
21019
21021
21023
21026
21028
21030
21032
21035
21037
21039
21042
21044
21046
21048
21051
21053
21055
21058
21060
21062
21065
21067
21069
21071
21074
21076
21078
21081
21083
21085
21087
21090
21092
21094
21097
21099
21101
21103
21106
21108
21110
21113
21115
21117
21120
21122
21124
21126
21128
21130
21132
21135
21137
21139
21141
21143
21145
21148
21150
21152
21154
21156
21158
21160
21163
21165
21167
21169
21171
21173
21176
21178
21180
21182
21184
21186
21189
21191
21193
21195
21197
21199
21201
21204
21206
21208
21210
21212
21214
21217
21219
21221
21223
21225
21227
21230
21232
21235
21237
21240
21243
21245
21248
21250
21253
21256
21258
21261
21264
21266
21269
21271
21274
21277
21279
21282
21285
21287
21290
21292
21295
21298
21300
21303
21305
21308
21311
21313
21316
21319
21321
21324
21326
21329
21332
21334
21337
21340
21344
21348
21352
21356
21360
21365
21369
21373
21377
21381
21385
21390
21394
21398
21402
21406
21410
21415
21419
21423
21427
21431
21435
21440
21443
21446
21449
21452
21455
21458
21461
21464
21467
21470
21473
21476
21479
21482
21485
21488
21491
21495
21498
21501
21504
21507
21510
21513
21516
21519
21522
21525
21528
21531
21534
21537
21540
21543
21546
21550
21553
21556
21559
21562
21566
21569
21572
21575
21579
21582
21585
21588
21591
21595
21598
21601
21604
21608
21611
21614
21617
21620
21624
21627
21630
21633
21637
21640
21643
21646
21650
21654
21659
21664
21669
21673
21678
21683
21688
21693
21697
21702
21707
21712
21716
21721
21726
21731
21736
21740
21745
21750
21755
21760
21766
21772
21778
21785
21791
21797
21804
21810
21816
21823
21829
21835
21842
21848
21854
21861
21867
21873
21880
21884
21888
21892
21896
21901
21905
21909
21913
21918
21922
21926
21930
21935
21939
21943
21947
21951
21956
21960
21964
21968
21973
21977
21981
21985
21990
21994
21998
22003
22007
22012
22016
22020
22025
22029
22034
22038
22042
22047
22051
22056
22060
22064
22069
22073
22078
22082
22086
22091
22095
22100
22103
22106
22109
22112
22115
22118
22121
22125
22128
22131
22134
22137
22140
22143
22146
22150
22153
22156
22159
22162
22165
22168
22171
22175
22178
22181
22184
22187
22190
22193
22196
22200
22202
22204
22207
22209
22212
22214
22217
22219
22221
22224
22226
22229
22231
22234
22236
22239
22241
22244
22246
22248
22251
22253
22256
22258
22261
22263
22266
22268
22270
22273
22275
22278
22280
22283
22285
22288
22290
22292
22295
22297
22300
22302
22305
22307
22310
22314
22319
22323
22328
22332
22337
22341
22346
22350
22355
22360
22364
22369
22373
22378
22382
22387
22391
22396
22400
22405
22410
22413
22416
22420
22423
22426
22430
22433
22436
22440
22443
22446
22450
22453
22456
22460
22463
22466
22470
22473
22476
22480
22483
22486
22490
22493
22496
22500
22503
22506
22509
22513
22516
22520
22524
22528
22533
22537
22541
22546
22550
22554
22559
22563
22567
22572
22576
22580
22585
22589
22593
22598
22602
22606
22611
22615
22620
22623
22627
22631
22634
22638
22642
22645
22649
22653
22656
22660
22664
22667
22671
22675
22678
22682
22686
22689
22693
22697
22700
22704
22708
22711
22715
22719
22722
22726
22730
22736
22742
22748
22754
22760
22766
22772
22778
22785
22791
22797
22803
22809
22815
22821
22827
22833
22840
22845
22850
22855
22861
22866
22871
22876
22882
22887
22892
22897
22903
22908
22913
22918
22924
22929
22934
22940
22945
22950
22955
22960
22966
22971
22976
22981
22987
22992
22997
23002
23008
23013
23018
23023
23029
23034
23039
23044
23050
23056
23063
23070
23076
23083
23090
23096
23103
23110
23116
23123
23130
23136
23143
23150
23156
23162
23169
23175
23182
23188
23195
23201
23208
23214
23221
23227
23234
23240
23247
23253
23260
23267
23274
23282
23289
23296
23304
23311
23318
23326
23333
23340
23348
23355
23362
23370
23376
23383
23390
23397
23404
23411
23418
23425
23431
23438
23445
23452
23459
23466
23473
23480
23487
23494
23502
23509
23516
23524
23531
23538
23546
23553
23560
23568
23575
23582
23590
23595
23600
23605
23610
23615
23620
23625
23630
23635
23640
23645
23650
23655
23660
23665
23670
23675
23680
23685
23690
23695
23700
23705
23710
23715
23720
23725
23730
23735
23740
23745
23750
23755
23760
23765
23770
23775
23780
23785
23790
23795
23800
23806
23813
23820
23826
23833
23840
23846
23853
23860
23866
23873
23880
23886
23893
23900
23908
23916
23925
23933
23942
23950
23959
23967
23976
23984
23993
24001
24010
24017
24025
24032
24040
24047
24055
24062
24070
24077
24085
24092
24100
24107
24115
24122
24130
24136
24142
24149
24155
24162
24168
24175
24181
24188
24194
24201
24207
24214
24220
24227
24233
24240
24248
24256
24265
24273
24282
24290
24299
24307
24316
24324
24333
24341
24350
24356
24363
24370
24376
24383
24390
24396
24403
24410
24416
24423
24430
24436
24443
24450
24455
24461
24466
24471
24477
24483
24488
24494
24499
24505
24510
24516
24521
24526
24532
24538
24543
24549
24554
24560
24564
24569
24573
24578
24582
24587
24591
24596
24600
24605
24610
24614
24619
24623
24628
24632
24637
24641
24646
24650
24655
24660
24665
24670
24675
24680
24686
24691
24696
24701
24707
24712
24717
24722
24728
24733
24738
24743
24749
24754
24759
24764
24770
24774
24779
24784
24789
24793
24798
24803
24808
24812
24817
24822
24827
24831
24836
24841
24846
24850
24855
24860
24865
24870
24875
24881
24886
24892
24897
24903
24908
24914
24919
24925
24930
24936
24941
24947
24952
24958
24963
24969
24974
24980
24985
24990
24995
25000
25005
25010
25015
25020
25025
25030
25035
25040
25045
25050
25055
25060
25065
25070
25075
25080
25085
25090
25094
25098
25102
25106
25110
25114
25118
25122
25126
25130
25134
25138
25142
25146
25150
25154
25158
25162
25166
25170
25174
25178
25182
25186
25190
25195
25200
25205
25210
25216
25221
25226
25231
25237
25242
25247
25252
25258
25263
25268
25273
25279
25284
25289
25294
25300
25305
25311
25316
25322
25327
25333
25338
25344
25350
25355
25361
25366
25372
25377
25383
25388
25394
25400
25406
25412
25418
25424
25430
25437
25443
25449
25455
25461
25468
25474
25480
25486
25492
25499
25505
25511
25517
25523
25530
25534
25538
25543
25547
25551
25556
25560
25564
25569
25573
25577
25582
25586
25590
25595
25599
25603
25608
25612
25616
25621
25625
25630
25633
25637
25641
25645
25649
25653
25657
25661
25665
25669
25673
25677
25681
25685
25688
25692
25696
25700
25704
25708
25712
25716
25720
25724
25728
25732
25736
25740
25742
25744
25746
25748
25751
25753
25755
25757
25759
25762
25764
25766
25768
25771
25773
25775
25777
25779
25782
25784
25786
25788
25791
25793
25795
25797
25799
25802
25804
25806
25808
25811
25813
25815
25817
25820
25822
25824
25826
25828
25831
25833
25835
25837
25840
25842
25844
25846
25848
25851
25853
25855
25857
25860
25864
25868
25872
25876
25880
25884
25889
25893
25897
25901
25905
25910
25914
25918
25922
25926
25930
25935
25939
25943
25947
25951
25955
25960
25962
25964
25967
25969
25971
25974
25976
25979
25981
25983
25986
25988
25991
25993
25995
25998
26000
26003
26005
26007
26010
26012
26015
26017
26019
26022
26024
26026
26029
26031
26034
26036
26038
26041
26043
26046
26048
26050
26053
26055
26058
26060
26062
26065
26067
26070
26072
26075
26077
26080
26082
26085
26087
26090
26093
26095
26098
26100
26103
26105
26108
26111
26113
26116
26118
26121
26123
26126
26128
26131
26134
26136
26139
26141
26144
26146
26149
26152
26154
26157
26159
26162
26164
26167
26170
26172
26175
26178
26181
26183
26186
26189
26192
26194
26197
26200
26203
26205
26208
26211
26214
26216
26219
26222
26225
26227
26230
26233
26236
26238
26241
26244
26247
26249
26252
26255
26258
26260
26263
26266
26269
26271
26274
26277
26280
26282
26284
26286
26289
26291
26293
26295
26298
26300
26302
26305
26307
26309
26311
26314
26316
26318
26320
26323
26325
26327
26330
26332
26334
26336
26339
26341
26343
26345
26348
26350
26352
26355
26357
26359
26361
26364
26366
26368
26370
26373
26375
26377
26380
26382
26384
26386
26388
26390
26392
26395
26397
26399
26401
26403
26405
26408
26410
26412
26414
26416
26418
26420
26423
26425
26427
26429
26431
26433
26436
26438
26440
26442
26444
26446
26449
26451
26453
26455
26457
26459
26461
26464
26466
26468
26470
26472
26474
26477
26479
26481
26483
26485
26487
26490
26491
26493
26495
26497
26499
26500
26502
26504
26506
26508
26510
26512
26513
26515
26517
26519
26521
26523
26524
26526
26528
26530
26532
26534
26535
26537
26539
26541
26543
26545
26546
26548
26550
26552
26554
26556
26557
26559
26561
26563
26565
26567
26568
26570
26572
26574
26576
26578
26579
26581
26583
26585
26587
26589
26590
26592
26594
26596
26598
26600
26602
26604
26606
26608
26610
26613
26615
26617
26619
26621
26623
26626
26628
26630
26632
26634
26636
26639
26641
26643
26645
26647
26650
26652
26654
26656
26658
26660
26663
26665
26667
26669
26671
26673
26676
26678
26680
26682
26684
26686
26689
26691
26693
26695
26697
26700
26702
26705
26707
26710
26712
26715
26717
26720
26722
26724
26727
26730
26732
26735
26737
26740
26742
26744
26747
26750
26752
26755
26757
26759
26762
26765
26767
26770
26772
26775
26777
26779
26782
26785
26787
26790
26792
26794
26797
26799
26802
26805
26807
26810
26812
26815
26817
26820
26823
26825
26828
26831
26833
26836
26838
26841
26844
26846
26849
26852
26854
26857
26860
26862
26865
26867
26870
26873
26875
26878
26881
26883
26886
26888
26891
26894
26896
26899
26902
26904
26907
26910
26912
26914
26916
26918
26921
26923
26925
26927
26929
26932
26934
26936
26938
26940
26943
26945
26947
26949
26951
26954
26956
26958
26960
26962
26965
26967
26969
26971
26973
26976
26978
26980
26982
26984
26987
26989
26991
26993
26995
26998
27000
27002
27004
27006
27009
27011
27013
27015
27017
27020
27021
27023
27025
27027
27029
27031
27033
27035
27037
27039
27041
27043
27045
27046
27048
27050
27052
27054
27056
27058
27060
27062
27064
27066
27068
27070
27071
27073
27075
27077
27079
27081
27083
27085
27087
27089
27091
27093
27095
27096
27098
27100
27102
27104
27106
27108
27110
27112
27114
27116
27118
27120
27122
27125
27127
27130
27133
27135
27138
27140
27143
27146
27148
27151
27154
27156
27159
27161
27164
27167
27169
27172
27175
27177
27180
27182
27185
27188
27190
27193
27195
27198
27201
27203
27206
27209
27211
27214
27216
27219
27222
27224
27227
27230
27232
27234
27237
27239
27241
27244
27246
27248
27251
27253
27255
27258
27260
27262
27265
27267
27269
27272
27274
27276
27279
27281
27283
27286
27288
27290
27293
27295
27297
27300
27302
27304
27307
27309
27311
27314
27316
27318
27321
27323
27325
27328
27330
27332
27335
27337
27340
27342
27344
27346
27349
27351
27353
27356
27358
27360
27363
27365
27367
27370
27372
27374
27377
27379
27381
27384
27386
27388
27391
27393
27395
27398
27400
27402
27405
27407
27409
27412
27414
27416
27419
27421
27423
27426
27428
27430
27433
27435
27437
27440
27443
27446
27449
27452
27455
27458
27462
27465
27468
27471
27474
27477
27480
27484
27487
27490
27493
27496
27499
27502
27506
27509
27512
27515
27518
27521
27524
27528
27531
27534
27537
27540
27543
27546
27550
27552
27555
27557
27560
27562
27565
27567
27570
27572
27575
27577
27580
27582
27585
27587
27590
27592
27595
27597
27600
27602
27605
27607
27610
27612
27615
27617
27619
27622
27625
27627
27630
27632
27634
27637
27640
27642
27645
27647
27650
27652
27654
27657
27659
27661
27664
27666
27669
27671
27673
27676
27678
27681
27683
27685
27688
27690
27693
27695
27697
27700
27702
27705
27707
27709
27712
27714
27716
27719
27721
27724
27726
27728
27731
27733
27736
27738
27740
27743
27745
27748
27750
27752
27755
27757
27760
27762
27764
27766
27768
27770
27772
27774
27776
27778
27780
27782
27784
27786
27788
27790
27792
27794
27796
27798
27800
27802
27804
27806
27808
27810
27812
27815
27817
27819
27821
27823
27825
27827
27829
27831
27833
27835
27837
27839
27841
27843
27845
27847
27849
27851
27853
27855
27857
27859
27861
27863
27865
27867
27870
27872
27874
27877
27879
27881
27884
27886
27889
27891
27893
27896
27898
27901
27903
27905
27908
27910
27913
27915
27917
27920
27922
27925
27927
27929
27932
27934
27936
27939
27941
27944
27946
27948
27951
27953
27956
27958
27960
27963
27965
27968
27970
27972
27975
27977
27980
27982
27984
27987
27989
27992
27994
27997
27999
28002
28004
28006
28009
28011
28014
28016
28019
28021
28024
28026
28028
28031
28033
28036
28038
28041
28043
28046
28048
28050
28053
28055
28058
28060
28063
28065
28068
28070
28072
28075
28077
28080
28082
28085
28087
28090
28092
28094
28097
28099
28101
28104
28106
28109
28111
28113
28116
28118
28120
28123
28125
28128
28130
28132
28135
28137
28140
28142
28144
28147
28149
28151
28154
28156
28159
28161
28163
28166
28168
28170
28173
28175
28178
28180
28182
28185
28187
28190
28192
28195
28198
28201
28203
28206
28209
28212
28214
28217
28220
28223
28225
28228
28231
28234
28236
28239
28242
28245
28247
28250
28253
28256
28258
28261
28264
28267
28269
28272
28275
28278
28280
28283
28286
28289
28291
28294
28297
28300
28302
28305
28307
28310
28313
28315
28318
28321
28323
28326
28328
28331
28334
28336
28339
28342
28344
28347
28350
28352
28355
28357
28360
28363
28365
28368
28371
28373
28376
28378
28381
28384
28386
28389
28392
28394
28397
28400
28403
28406
28410
28413
28416
28419
28423
28426
28430
28433
28436
28440
28443
28446
28450
28453
28456
28460
28463
28466
28470
28473
28476
28480
28483
28486
28490
28493
28496
28500
28503
28506
28510
28513
28516
28520
28523
28527
28530
28534
28537
28540
28544
28547
28551
28554
28558
28561
28565
28568
28571
28575
28578
28582
28585
28589
28592
28595
28599
28602
28606
28609
28613
28616
28620
28623
28626
28629
28632
28635
28638
28641
28644
28647
28650
28653
28656
28659
28662
28665
28668
28671
28675
28678
28681
28684
28687
28690
28693
28696
28699
28702
28705
28708
28711
28714
28717
28720
28723
28726
28730
28733
28737
28741
28745
28748
28752
28756
28760
28764
28767
28771
28775
28779
28783
28786
28790
28794
28798
28802
28805
28809
28813
28817
28821
28824
28828
28832
28836
28840
28842
28845
28848
28851
28854
28857
28860
28863
28866
28869
28872
28875
28878
28881
28884
28887
28890
28892
28895
28898
28901
28904
28907
28910
28913
28916
28919
28922
28925
28928
28931
28934
28937
28940
28942
28945
28947
28950
28952
28955
28957
28960
28962
28965
28967
28970
28972
28975
28977
28980
28982
28985
28987
28990
28992
28995
28997
29000
29002
29005
29007
29010
29012
29015
29017
29020
29022
29025
29027
29030
29032
29035
29037
29040
29042
29045
29047
29050
29054
29059
29064
29069
29073
29078
29083
29088
29092
29097
29102
29107
29111
29116
29121
29126
29130
29135
29140
29145
29150
29152
29154
29156
29159
29161
29163
29166
29168
29170
29172
29175
29177
29179
29182
29184
29186
29188
29191
29193
29195
29198
29200
29202
29205
29207
29209
29211
29214
29216
29218
29221
29223
29225
29227
29230
29232
29234
29237
29239
29241
29243
29246
29248
29250
29253
29255
29257
29260
29262
29265
29267
29270
29272
29275
29277
29280
29282
29285
29287
29290
29292
29295
29297
29300
29302
29305
29307
29310
29312
29315
29317
29320
29322
29325
29327
29330
29332
29335
29337
29340
29342
29345
29347
29350
29352
29355
29357
29360
29362
29365
29367
29370
29373
29376
29379
29382
29385
29388
29391
29394
29397
29400
29403
29406
29409
29412
29415
29418
29421
29425
29428
29431
29434
29437
29440
29443
29446
29449
29452
29455
29458
29461
29464
29467
29470
29473
29476
29480
29482
29484
29486
29488
29490
29492
29494
29496
29498
29500
29502
29504
29506
29509
29511
29513
29515
29517
29519
29521
29523
29525
29527
29529
29531
29533
29536
29538
29540
29542
29544
29546
29548
29550
29552
29554
29556
29558
29560
29563
29565
29567
29569
29571
29573
29575
29577
29579
29581
29583
29585
29587
29590
29592
29594
29596
29598
29601
29603
29605
29607
29610
29612
29614
29616
29618
29621
29623
29625
29627
29630
29632
29634
29636
29638
29641
29643
29645
29647
29650
29652
29654
29656
29658
29661
29663
29665
29667
29670
29672
29674
29676
29678
29681
29683
29685
29687
29690
29692
29695
29697
29700
29702
29705
29707
29710
29712
29715
29717
29720
29722
29725
29727
29730
29732
29735
29737
29740
29742
29745
29747
29750
29752
29755
29757
29760
29762
29765
29767
29770
29772
29775
29777
29780
29782
29785
29787
29790
29792
29795
29797
29800
29802
29804
29807
29809
29811
29814
29816
29819
29821
29823
29826
29828
29830
29833
29835
29838
29840
29842
29845
29847
29849
29852
29854
29857
29859
29861
29864
29866
29869
29871
29873
29876
29878
29880
29883
29885
29888
29890
29892
29895
29897
29900
