2
4
7
9
12
14
17
19
22
24
26
29
31
34
36
39
41
44
46
48
51
53
56
58
61
63
66
68
70
73
75
78
80
83
85
88
90
92
95
97
100
102
105
107
110
112
114
117
119
121
124
126
129
131
133
136
138
140
143
145
148
150
152
155
157
160
162
164
167
169
171
174
176
179
181
183
186
188
190
193
195
198
200
202
205
207
210
212
215
218
221
224
227
230
233
236
238
241
244
247
250
253
256
259
262
265
267
270
273
276
279
282
285
288
291
293
296
299
302
305
308
311
314
317
320
322
325
328
331
334
337
340
342
345
348
351
354
357
360
362
365
368
371
374
377
380
382
385
388
391
394
397
400
402
405
408
411
414
417
420
423
427
431
435
438
442
446
450
454
457
461
465
469
473
476
480
484
488
492
495
499
503
507
511
514
518
522
526
530
533
537
541
545
549
553
556
560
564
568
572
576
580
583
587
591
595
599
603
606
610
614
618
622
626
630
634
638
642
646
650
654
658
662
666
670
674
678
682
687
691
695
699
703
707
711
715
719
723
727
731
735
740
745
750
755
760
765
770
775
780
785
790
794
799
804
809
815
820
825
830
835
840
845
850
853
857
861
864
868
872
875
879
883
887
890
894
898
901
905
909
912
916
920
924
927
931
935
938
942
946
950
955
960
965
970
975
980
985
990
995
1000
1004
1010
1015
1020
1025
1030
1035
1040
1045
1050
1055
1060
1064
1069
1073
1078
1082
1087
1091
1096
1100
1105
1109
1114
1119
1123
1128
1132
1137
1141
1146
1150
1155
1160
1164
1168
1172
1176
1181
1185
1189
1193
1198
1202
1206
1210
1214
1219
1223
1227
1231
1236
1240
1244
1248
1253
1257
1261
1265
1270
1274
1278
1283
1287
1292
1296
1300
1305
1309
1314
1318
1322
1327
1331
1335
1340
1344
1349
1353
1357
1362
1366
1371
1375
1380
1383
1387
1391
1395
1398
1402
1406
1410
1414
1417
1421
1425
1429
1433
1436
1440
1444
1448
1452
1455
1459
1463
1467
1471
1474
1478
1482
1486
1490
1494
1498
1502
1506
1511
1515
1519
1523
1528
1532
1536
1540
1545
1549
1553
1557
1561
1566
1570
1574
1578
1583
1587
1591
1595
1600
1604
1608
1613
1617
1621
1626
1630
1634
1639
1643
1647
1652
1656
1660
1665
1669
1673
1678
1682
1686
1691
1695
1700
1703
1707
1711
1715
1718
1722
1726
1730
1734
1737
1741
1745
1749
1753
1756
1760
1764
1768
1772
1775
1779
1783
1787
1791
1794
1798
1802
1806
1810
1813
1817
1821
1825
1829
1833
1836
1840
1844
1848
1852
1856
1859
1863
1867
1871
1875
1879
1883
1886
1890
1894
1898
1902
1906
1910
1913
1917
1921
1925
1929
1933
1937
1941
1945
1949
1953
1957
1961
1964
1968
1972
1976
1980
1984
1988
1992
1996
2000
2004
2008
2012
2016
2020
2023
2027
2031
2034
2038
2041
2045
2049
2053
2056
2060
2064
2067
2071
2075
2078
2082
2086
2089
2093
2097
2100
2104
2108
2111
2115
2119
2122
2126
2130
2133
2137
2140
2144
2147
2151
2154
2158
2161
2165
2169
2172
2176
2179
2183
2186
2190
2193
2197
2200
2204
2208
2211
2215
2218
2222
2225
2229
2232
2236
2240
2242
2245
2247
2250
2252
2255
2257
2260
2263
2265
2268
2270
2273
2275
2278
2280
2283
2286
2288
2291
2293
2296
2298
2301
2303
2306
2309
2311
2314
2316
2319
2321
2324
2326
2329
2332
2334
2337
2339
2342
2344
2347
2350
2352
2354
2356
2359
2361
2363
2366
2368
2370
2373
2375
2377
2380
2382
2384
2387
2389
2391
2394
2396
2398
2401
2403
2405
2408
2410
2412
2415
2417
2419
2422
2424
2426
2429
2431
2433
2436
2438
2440
2443
2445
2447
2450
2451
2453
2455
2457
2459
2461
2463
2465
2467
2469
2471
2473
2475
2477
2478
2480
2482
2484
2486
2488
2490
2492
2494
2496
2498
2500
2502
2504
2505
2507
2509
2511
2513
2515
2517
2519
2521
2523
2525
2527
2529
2531
2532
2534
2536
2538
2540
2542
2544
2546
2548
2550
2552
2554
2556
2558
2560
2562
2564
2566
2569
2571
2573
2576
2578
2580
2583
2585
2587
2590
2592
2594
2597
2599
2601
2604
2606
2608
2611
2613
2615
2618
2620
2622
2625
2627
2629
2632
2634
2636
2639
2641
2643
2646
2648
2650
2653
2655
2657
2660
2661
2663
2665
2667
2669
2670
2672
2674
2676
2678
2679
2681
2683
2685
2687
2688
2690
2692
2694
2696
2697
2699
2701
2703
2705
2706
2708
2710
2712
2714
2715
2717
2719
2721
2723
2724
2726
2728
2730
2732
2733
2735
2737
2739
2741
2742
2744
2746
2748
2750
2751
2753
2755
2757
2759
2760
2762
2764
2766
2768
2770
2772
2774
2776
2778
2780
2782
2784
2786
2788
2790
2792
2794
2796
2798
2800
2802
2804
2806
2808
2810
2812
2814
2816
2818
2820
2822
2824
2826
2828
2830
2832
2834
2836
2838
2840
2842
2844
2846
2848
2850
2852
2854
2856
2858
2860
2862
2864
2866
2868
2870
2872
2874
2876
2878
2880
2881
2883
2885
2886
2888
2890
2892
2893
2895
2897
2899
2900
2902
2904
2906
2907
2909
2911
2913
2914
2916
2918
2920
2921
2923
2925
2927
2928
2930
2932
2934
2935
2937
2939
2941
2942
2944
2946
2948
2949
2951
2953
2955
2956
2958
2960
2962
2963
2965
2967
2969
2970
2972
2974
2976
2977
2979
2981
2983
2984
2986
2988
2990
2991
2993
2995
2996
2998
3000
3001
3003
3005
3006
3008
3010
3011
3013
3015
3016
3018
3020
3021
3023
3025
3026
3028
3030
3031
3033
3035
3036
3038
3040
3041
3043
3045
3046
3048
3050
3051
3053
3055
3056
3058
3060
3061
3063
3065
3066
3068
3070
3071
3073
3075
3076
3078
3080
3081
3083
3085
3086
3088
3090
3091
3093
3095
3096
3098
3100
3101
3103
3104
3106
3107
3109
3111
3112
3114
3115
3117
3119
3120
3122
3123
3125
3126
3128
3130
3131
3133
3134
3136
3138
3139
3141
3142
3144
3146
3147
3149
3150
3152
3153
3155
3157
3158
3160
3161
3163
3165
3166
3168
3169
3171
3173
3174
3176
3177
3179
3180
3182
3184
3185
3187
3188
3190
3192
3193
3195
3196
3198
3200
3201
3203
3205
3206
3208
3210
3211
3213
3215
3216
3218
3220
3222
3223
3225
3227
3228
3230
3232
3233
3235
3237
3238
3240
3242
3244
3245
3247
3249
3250
3252
3254
3255
3257
3259
3260
3262
3264
3266
3267
3269
3271
3272
3274
3276
3277
3279
3281
3282
3284
3286
3288
3289
3291
3293
3294
3296
3298
3299
3301
3303
3304
3306
3308
3310
3312
3314
3316
3318
3320
3322
3324
3327
3329
3331
3333
3335
3337
3339
3341
3344
3346
3348
3350
3352
3354
3356
3358
3361
3363
3365
3367
3369
3371
3373
3375
3378
3380
3382
3384
3386
3388
3390
3392
3395
3397
3399
3401
3403
3405
3407
3410
3411
3413
3415
3417
3419
3421
3422
3424
3426
3428
3430
3432
3433
3435
3437
3439
3441
3443
3444
3446
3448
3450
3452
3454
3455
3457
3459
3461
3463
3465
3466
3468
3470
3472
3474
3476
3477
3479
3481
3483
3485
3487
3488
3490
3492
3494
3496
3498
3499
3501
3503
3505
3507
3509
3510
3512
3514
3516
3518
3520
3522
3524
3526
3528
3530
3532
3534
3536
3538
3540
3542
3544
3546
3548
3550
3552
3554
3556
3558
3560
3562
3564
3566
3568
3570
3572
3575
3577
3579
3581
3583
3585
3587
3589
3591
3593
3595
3597
3599
3601
3603
3605
3607
3609
3611
3613
3615
3617
3619
3621
3623
3625
3627
3630
3631
3633
3635
3637
3639
3641
3642
3644
3646
3648
3650
3652
3653
3655
3657
3659
3661
3663
3664
3666
3668
3670
3672
3674
3675
3677
3679
3681
3683
3685
3686
3688
3690
3692
3694
3696
3697
3699
3701
3703
3705
3707
3708
3710
3712
3714
3716
3718
3719
3721
3723
3725
3727
3729
3730
3732
3734
3736
3738
3740
3742
3744
3746
3748
3750
3752
3754
3756
3758
3760
3762
3764
3766
3768
3770
3772
3774
3776
3778
3780
3782
3784
3786
3788
3790
3792
3794
3796
3798
3800
3802
3804
3806
3808
3810
3812
3814
3816
3818
3820
3822
3824
3826
3828
3830
3832
3834
3836
3838
3840
3842
3844
3846
3848
3850
3851
3853
3855
3857
3858
3860
3862
3864
3865
3867
3869
3871
3872
3874
3876
3878
3879
3881
3883
3885
3886
3888
3890
3892
3893
3895
3897
3899
3900
3902
3904
3906
3907
3909
3911
3913
3914
3916
3918
3920
3921
3923
3925
3927
3928
3930
3932
3934
3935
3937
3939
3941
3942
3944
3946
3948
3950
3951
3953
3955
3957
3959
3960
3962
3964
3966
3968
3969
3971
3973
3975
3977
3978
3980
3982
3984
3986
3987
3989
3991
3993
3995
3996
3998
4000
4002
4004
4005
4007
4009
4011
4013
4014
4016
4018
4020
4022
4023
4025
4027
4029
4031
4032
4034
4036
4038
4040
4041
4043
4045
4047
4049
4050
4052
4054
4056
4058
4059
4062
4064
4066
4068
4070
4072
4074
4076
4078
4080
4082
4084
4086
4088
4090
4092
4094
4096
4098
4100
4102
4104
4106
4108
4111
4113
4115
4117
4119
4121
4123
4125
4127
4129
4131
4133
4135
4137
4139
4141
4143
4145
4147
4149
4151
4153
4155
4157
4160
4162
4164
4166
4168
4170
4172
4174
4176
4178
4180
4182
4184
4186
4188
4190
4192
4194
4196
4198
4200
4202
4204
4206
4208
4210
4212
4215
4217
4219
4221
4223
4225
4227
4229
4231
4233
4235
4237
4239
4241
4243
4245
4247
4249
4251
4253
4255
4257
4259
4261
4263
4265
4267
4270
4271
4273
4275
4277
4279
4281
4283
4285
4287
4289
4291
4293
4295
4297
4298
4300
4302
4304
4306
4308
4310
4312
4314
4316
4318
4320
4322
4324
4325
4327
4329
4331
4333
4335
4337
4339
4341
4343
4345
4347
4349
4351
4352
4354
4356
4358
4360
4362
4364
4366
4368
4370
4372
4374
4376
4378
4380
4382
4384
4386
4388
4391
4393
4395
4397
4399
4402
4404
4406
4408
4410
4413
4415
4417
4419
4421
4424
4426
4428
4430
4432
4435
4437
4439
4441
4443
4446
4448
4450
4452
4454
4457
4459
4461
4463
4465
4468
4470
4472
4474
4476
4479
4481
4483
4485
4487
4490
4492
4494
4496
4498
4501
4503
4505
4507
4509
4512
4514
4516
4518
4520
4523
4525
4527
4529
4531
4534
4536
4538
4540
4542
4545
4547
4549
4551
4553
4556
4558
4560
4562
4564
4567
4569
4571
4573
4575
4577
4580
4582
4584
4586
4588
4591
4593
4595
4597
4600
4602
4605
4608
4610
4613
4616
4618
4621
4624
4627
4629
4632
4635
4637
4640
4643
4645
4648
4651
4654
4656
4659
4662
4664
4667
4670
4672
4675
4678
4681
4683
4686
4689
4691
4694
4697
4700
4701
4703
4705
4706
4708
4710
4712
4713
4715
4717
4719
4720
4722
4724
4726
4727
4729
4731
4733
4734
4736
4738
4740
4741
4743
4745
4747
4748
4750
4752
4754
4755
4757
4759
4761
4762
4764
4766
4768
4769
4771
4773
4775
4776
4778
4780
4782
4783
4785
4787
4789
4790
4792
4794
4796
4797
4799
4801
4803
4804
4806
4808
4810
4811
4813
4815
4817
4819
4821
4823
4825
4826
4828
4830
4832
4834
4836
4838
4840
4842
4843
4845
4847
4849
4851
4853
4855
4857
4859
4860
4862
4864
4866
4868
4870
4872
4874
4876
4877
4879
4881
4883
4885
4887
4889
4891
4893
4894
4896
4898
4900
4902
4904
4906
4908
4910
4911
4913
4915
4917
4919
4921
4922
4924
4926
4928
4930
4932
4933
4935
4937
4939
4941
4943
4944
4946
4948
4950
4952
4954
4955
4957
4959
4961
4963
4965
4966
4968
4970
4972
4974
4976
4977
4979
4981
4983
4985
4987
4988
4990
4992
4994
4996
4997
4999
5001
5003
5005
5007
5008
5010
5012
5014
5016
5018
5020
5021
5023
5024
5026
5027
5029
5030
5032
5033
5035
5036
5038
5039
5041
5042
5044
5045
5047
5049
5050
5052
5053
5055
5056
5058
5059
5061
5062
5064
5065
5067
5068
5070
5071
5073
5074
5076
5078
5079
5081
5082
5084
5085
5087
5088
5090
5091
5093
5094
5096
5097
5099
5100
5102
5104
5105
5107
5108
5110
5111
5113
5114
5116
5117
5119
5120
5122
5123
5125
5126
5128
5130
5131
5133
5134
5136
5138
5139
5141
5143
5144
5146
5148
5149
5151
5152
5154
5156
5157
5159
5161
5162
5164
5166
5167
5169
5171
5172
5174
5175
5177
5179
5180
5182
5184
5185
5187
5189
5190
5192
5194
5195
5197
5198
5200
5202
5203
5205
5207
5208
5210
5212
5213
5215
5217
5218
5220
5221
5223
5225
5226
5228
5230
5231
5233
5235
5236
5238
5240
5241
5243
5245
5247
5249
5251
5253
5255
5257
5258
5260
5262
5264
5266
5268
5270
5272
5274
5276
5277
5279
5281
5283
5285
5287
5289
5291
5293
5295
5296
5298
5300
5302
5304
5306
5308
5310
5312
5313
5315
5317
5319
5321
5323
5325
5327
5329
5331
5332
5334
5336
5338
5340
5342
5344
5346
5348
5350
5351
5353
5355
5357
5359
5360
5362
5364
5366
5368
5370
5371
5373
5375
5377
5379
5380
5382
5384
5386
5388
5390
5391
5393
5395
5397
5399
5400
5402
5404
5406
5408
5410
5411
5413
5415
5417
5419
5420
5422
5424
5426
5428
5430
5431
5433
5435
5437
5439
5440
5442
5444
5446
5448
5450
5451
5453
5455
5457
5459
5461
5463
5465
5467
5468
5470
5472
5474
5476
5478
5480
5482
5484
5486
5487
5489
5491
5493
5495
5497
5499
5501
5503
5505
5506
5508
5510
5512
5514
5516
5518
5520
5522
5523
5525
5527
5529
5531
5533
5535
5537
5539
5541
5542
5544
5546
5548
5550
5552
5554
5556
5558
5560
5562
5564
5566
5568
5570
5572
5574
5576
5578
5580
5582
5584
5586
5588
5590
5592
5594
5596
5598
5600
5602
5604
5606
5608
5611
5613
5615
5617
5619
5621
5623
5625
5627
5629
5631
5633
5635
5637
5639
5641
5643
5645
5647
5649
5651
5653
5655
5657
5660
5662
5664
5666
5669
5671
5673
5676
5678
5680
5682
5685
5687
5689
5692
5694
5696
5698
5701
5703
5705
5708
5710
5712
5715
5717
5719
5721
5724
5726
5728
5731
5733
5735
5737
5740
5742
5744
5747
5749
5751
5753
5756
5758
5760
5763
5765
5767
5770
5772
5774
5776
5778
5781
5783
5785
5787
5790
5792
5794
5796
5799
5801
5803
5805
5808
5810
5812
5814
5817
5819
5821
5823
5826
5828
5830
5832
5835
5837
5839
5841
5844
5846
5848
5850
5853
5855
5857
5859
5862
5864
5866
5868
5871
5873
5875
5877
5880
5882
5885
5887
5890
5893
5895
5898
5900
5903
5906
5908
5911
5914
5916
5919
5921
5924
5927
5929
5932
5935
5937
5940
5942
5945
5948
5950
5953
5955
5958
5961
5963
5966
5969
5971
5974
5976
5979
5982
5984
5987
5990
5992
5994
5996
5998
6001
6003
6005
6007
6010
6012
6014
6016
6019
6021
6023
6025
6028
6030
6032
6034
6037
6039
6041
6043
6046
6048
6050
6052
6055
6057
6059
6061
6064
6066
6068
6070
6073
6075
6077
6079
6082
6084
6086
6088
6091
6093
6095
6097
6100
6103
6106
6109
6112
6115
6118
6121
6125
6128
6131
6134
6137
6140
6143
6146
6150
6153
6156
6159
6162
6165
6168
6171
6175
6178
6181
6184
6187
6190
6193
6196
6200
6202
6204
6207
6209
6212
6214
6217
6219
6222
6224
6226
6229
6231
6234
6236
6239
6241
6244
6246
6248
6251
6253
6256
6258
6261
6263
6266
6268
6270
6273
6275
6278
6280
6283
6285
6287
6290
6292
6295
6297
6300
6302
6305
6307
6310
6313
6317
6321
6325
6329
6333
6336
6340
6344
6348
6352
6356
6359
6363
6367
6371
6375
6379
6383
6386
6390
6394
6398
6402
6406
6410
6413
6417
6421
6424
6428
6432
6435
6439
6443
6446
6450
6454
6457
6461
6465
6468
6472
6476
6479
6483
6487
6490
6494
6497
6501
6505
6508
6512
6516
6520
6523
6526
6529
6532
6535
6538
6542
6545
6548
6551
6554
6557
6560
6564
6567
6570
6573
6576
6579
6582
6585
6589
6592
6595
6598
6601
6604
6608
6611
6614
6617
6620
6623
6626
6630
6633
6636
6639
6642
6645
6648
6651
6654
6657
6660
6663
6666
6669
6672
6675
6678
6681
6685
6688
6691
6694
6697
6700
6703
6706
6709
6712
6715
6718
6721
6724
6727
6730
6733
6736
6740
6742
6745
6747
6750
6752
6755
6757
6760
6762
6765
6767
6770
6772
6775
6777
6780
6782
6785
6787
6790
6792
6795
6797
6800
6802
6805
6807
6810
6812
6814
6817
6819
6822
6825
6827
6830
6832
6835
6837
6840
6842
6845
6847
6850
6851
6853
6855
6857
6859
6860
6862
6864
6866
6868
6870
6871
6873
6875
6877
6879
6880
6882
6884
6886
6888
6890
6891
6893
6895
6897
6899
6900
6902
6904
6906
6908
6910
6911
6913
6915
6917
6919
6920
6922
6924
6926
6928
6930
6931
6933
6935
6937
6939
6940
6942
6944
6946
6948
6950
6953
6956
6959
6962
6966
6969
6972
6975
6979
6982
6985
6988
6992
6995
6998
7001
7005
7008
7011
7014
7017
7021
7024
7027
7030
7034
7037
7040
7043
7047
7050
7053
7056
7060
7062
7065
7068
7070
7073
7076
7078
7081
7084
7087
7089
7092
7095
7097
7100
7103
7105
7108
7111
7114
7116
7119
7122
7124
7127
7130
7132
7135
7138
7141
7143
7146
7149
7151
7154
7157
7160
7163
7166
7169
7172
7175
7178
7182
7185
7188
7191
7194
7197
7200
7204
7207
7210
7213
7216
7219
7222
7226
7229
7232
7235
7238
7241
7244
7247
7251
7254
7257
7260
7263
7266
7270
7272
7275
7278
7281
7284
7287
7290
7293
7296
7299
7302
7305
7308
7311
7314
7317
7320
7323
7326
7329
7332
7335
7338
7341
7344
7347
7350
7353
7356
7359
7362
7365
7368
7371
7374
7377
7380
7382
7385
7388
7391
7394
7396
7399
7402
7405
7408
7411
7413
7416
7419
7422
7425
7427
7430
7433
7436
7439
7442
7444
7447
7450
7453
7456
7458
7461
7464
7467
7470
7473
7475
7478
7481
7484
7487
7490
7492
7494
7496
7498
7500
7502
7504
7506
7509
7511
7513
7515
7517
7519
7521
7523
7525
7528
7530
7532
7534
7536
7538
7540
7542
7545
7547
7549
7551
7553
7555
7557
7559
7561
7564
7566
7568
7570
7572
7574
7576
7578
7580
7583
7585
7587
7589
7591
7593
7595
7597
7600
7602
7604
7606
7608
7610
7612
7614
7616
7618
7620
7622
7625
7627
7629
7631
7633
7635
7637
7639
7641
7643
7645
7647
7650
7652
7654
7656
7658
7660
7662
7664
7666
7668
7670
7672
7675
7677
7679
7681
7683
7685
7687
7689
7691
7693
7695
7697
7700
7703
7707
7711
7715
7719
7723
7727
7731
7735
7739
7743
7747
7751
7755
7758
7762
7766
7770
7774
7778
7782
7786
7790
7794
7798
7802
7806
7810
7814
7818
7822
7826
7830
7835
7839
7843
7847
7851
7855
7859
7864
7868
7872
7876
7880
7885
7889
7893
7897
7901
7905
7910
7913
7917
7921
7925
7929
7933
7937
7941
7945
7949
7953
7957
7961
7965
7968
7972
7976
7980
7984
7988
7992
7996
8000
8004
8008
8012
8016
8020
8024
8028
8032
8036
8041
8045
8049
8053
8058
8062
8066
8070
8074
8079
8083
8087
8091
8096
8100
8104
8108
8113
8117
8121
8125
8130
8133
8137
8141
8145
8149
8153
8157
8161
8165
8169
8173
8177
8181
8185
8188
8192
8196
8200
8204
8208
8212
8216
8220
8224
8228
8232
8236
8240
8246
8252
8259
8265
8272
8278
8285
8291
8298
8304
8311
8317
8324
8330
8337
8343
8350
8356
8362
8368
8375
8381
8387
8393
8399
8406
8412
8418
8424
8431
8437
8443
8450
8458
8466
8475
8483
8492
8500
8509
8517
8526
8534
8543
8551
8560
8567
8575
8583
8590
8598
8606
8613
8621
8629
8636
8644
8652
8660
8667
8674
8682
8689
8696
8704
8711
8718
8726
8733
8740
8748
8755
8762
8770
8776
8782
8788
8794
8800
8806
8812
8818
8824
8830
8836
8842
8848
8854
8860
8866
8872
8878
8884
8890
8897
8904
8912
8919
8926
8934
8941
8948
8956
8963
8970
8978
8985
8992
9000
9010
9020
9030
9040
9049
9060
9070
9080
9090
9100
9110
9117
9125
9133
9140
9148
9156
9163
9171
9179
9186
9194
9202
9210
9217
9225
9233
9241
9249
9257
9265
9272
9280
9288
9296
9304
9312
9320
9324
9329
9334
9339
9343
9348
9353
9358
9362
9367
9372
9377
9381
9386
9391
9396
9400
9405
9410
9415
9420
9423
9427
9430
9434
9437
9441
9444
9448
9451
9455
9459
9462
9466
9469
9473
9476
9480
9483
9487
9490
9494
9498
9501
9505
9508
9512
9515
9519
9522
9526
9530
9533
9536
9540
9543
9547
9550
9554
9557
9561
9564
9567
9571
9574
9578
9581
9585
9588
9592
9595
9598
9602
9605
9609
9612
9616
9619
9623
9626
9630
9635
9640
9645
9650
9656
9661
9666
9671
9677
9682
9687
9692
9698
9703
9708
9713
9719
9724
9729
9734
9740
9745
9751
9756
9762
9767
9773
9778
9784
9789
9795
9800
9806
9811
9817
9822
9828
9833
9839
9844
9850
9854
9858
9862
9866
9870
9875
9879
9883
9887
9891
9895
9899
9904
9908
9912
9916
9920
9924
9929
9933
9937
9941
9945
9950
9954
9959
9964
9969
9973
9978
9983
9988
9993
9997
10002
10007
10012
10016
10021
10026
10031
10036
10040
10045
10050
10055
10060
10065
10070
10075
10080
10085
10090
10095
10100
10105
10110
10115
10120
10125
10130
10135
10140
10145
10150
10155
10160
10164
10169
10174
10179
10183
10188
10193
10198
10203
10207
10212
10217
10222
10226
10231
10236
10241
10246
10250
10255
10260
10265
10270
10274
10278
10283
10287
10292
10296
10300
10305
10309
10314
10318
10322
10327
10331
10336
10340
10344
10349
10353
10358
10362
10366
10371
10375
10380
10384
10388
10392
10396
10401
10405
10409
10413
10418
10422
10426
10430
10435
10439
10443
10447
10451
10456
10460
10464
10468
10473
10477
10481
10485
10490
10494
10498
10502
10506
10511
10515
10519
10523
10528
10532
10536
10540
10545
10549
10553
10557
10561
10566
10570
10574
10578
10583
10587
10591
10595
10600
10604
10607
10612
10616
10620
10623
10628
10632
10636
10639
10644
10648
10652
10655
10660
10664
10668
10671
10676
10680
10684
10687
10692
10696
10700
10702
10704
10706
10708
10710
10712
10714
10716
10718
10720
10722
10724
10726
10728
10730
10732
10734
10736
10738
10740
10742
10744
10746
10748
10750
10752
10754
10757
10759
10761
10763
10765
10767
10769
10771
10773
10775
10777
10779
10781
10783
10785
10787
10789
10791
10793
10795
10797
10799
10801
10803
10805
10807
10810
10812
10815
10817
10820
10822
10825
10827
10830
10832
10835
10837
10840
10842
10845
10847
10850
10852
10855
10857
10860
10862
10865
10867
10870
10872
10875
10877
10880
10882
10885
10887
10890
10892
10895
10897
10900
10902
10905
10907
10910
10913
10916
10919
10922
10926
10929
10932
10935
10939
10942
10945
10948
10952
10955
10958
10961
10965
10968
10971
10974
10977
10981
10984
10987
10990
10994
10997
11000
11003
11007
11010
11013
11016
11020
11023
11026
11030
11033
11036
11040
11043
11046
11050
11053
11056
11060
11063
11066
11070
11073
11076
11080
11083
11086
11090
11093
11096
11100
11103
11106
11110
11113
11116
11120
11123
11126
11130
11134
11139
11143
11148
11153
11157
11162
11166
11171
11176
11180
11185
11190
11194
11199
11203
11208
11213
11217
11222
11226
11231
11236
11240
11245
11250
11255
11261
11267
11272
11278
11284
11290
11295
11301
11307
11312
11318
11324
11330
11335
11341
11347
11352
11358
11364
11370
11375
11381
11386
11392
11397
11403
11408
11414
11420
11425
11431
11436
11442
11447
11453
11458
11464
11470
11475
11480
11485
11490
11495
11500
11505
11510
11515
11520
11525
11530
11535
11540
11545
11550
11555
11560
11565
11570
11575
11580
11587
11594
11601
11608
11615
11622
11629
11637
11644
11651
11658
11665
11672
11680
11682
11685
11688
11691
11694
11697
11700
11703
11706
11709
11712
11715
11718
11721
11724
11727
11730
11733
11736
11739
11742
11745
11748
11751
11754
11757
11760
11763
11766
11769
11772
11775
11778
11781
11784
11787
11790
11792
11794
11797
11799
11801
11804
11806
11808
11811
11813
11815
11818
11820
11822
11825
11827
11829
11832
11834
11836
11839
11841
11843
11846
11848
11850
11853
11855
11857
11860
11862
11864
11867
11869
11871
11874
11876
11878
11881
11883
11885
11888
11890
11892
11895
11897
11900
11902
11905
11908
11911
11914
11917
11920
11923
11926
11928
11931
11934
11937
11940
11943
11946
11949
11952
11955
11957
11960
11963
11966
11969
11972
11975
11978
11981
11983
11986
11989
11992
11995
11998
12001
12004
12007
12010
12012
12014
12016
12018
12020
12022
12025
12027
12029
12031
12033
12035
12038
12040
12042
12044
12046
12048
12050
12053
12055
12057
12059
12061
12063
12066
12068
12070
12072
12074
12076
12079
12081
12083
12085
12087
12089
12091
12094
12096
12098
12100
12102
12104
12107
12109
12111
12113
12115
12117
12120
12122
12123
12126
12128
12129
12132
12133
12136
12138
12139
12142
12144
12145
12148
12150
12152
12154
12156
12158
12160
12161
12164
12166
12168
12170
12172
12174
12176
12178
12180
12182
12184
12186
12188
12190
12192
12194
12196
12198
12200
12202
12204
12206
12208
12210
12212
12214
12216
12218
12220
12221
12223
12225
12227
12229
12231
12233
12235
12237
12239
12241
12243
12245
12247
12248
12250
12252
12254
12256
12258
12260
12262
12264
12266
12268
12270
12272
12274
12275
12277
12279
12281
12283
12285
12287
12289
12291
12293
12295
12297
12299
12301
12302
12304
12306
12308
12310
12312
12314
12316
12318
12320
12322
12324
12326
12328
12330
12332
12334
12337
12339
12342
12344
12347
12349
12351
12354
12356
12359
12361
12364
12366
12369
12371
12373
12376
12378
12381
12383
12386
12388
12390
12393
12395
12398
12400
12403
12405
12408
12410
12412
12415
12417
12420
12422
12425
12427
12430
12432
12434
12437
12439
12442
12444
12447
12449
12452
12454
12456
12459
12461
12464
12466
12469
12471
12474
12476
12478
12481
12483
12486
12488
12491
12493
12495
12498
12500
12503
12505
12508
12510
12513
12515
12517
12520
12522
12525
12527
12530
12532
12535
12537
12540
12542
12544
12546
12549
12551
12553
12555
12558
12560
12562
12565
12567
12569
12571
12574
12576
12578
12580
12583
12585
12587
12590
12592
12594
12596
12599
12601
12603
12605
12608
12610
12612
12615
12617
12619
12621
12624
12626
12628
12630
12633
12635
12637
12640
12641
12643
12645
12647
12649
12651
12653
12655
12657
12658
12660
12662
12664
12666
12668
12670
12672
12674
12676
12677
12679
12681
12683
12685
12687
12689
12691
12693
12695
12696
12698
12700
12702
12704
12706
12708
12710
12712
12713
12715
12717
12719
12721
12723
12725
12727
12729
12731
12732
12734
12736
12738
12740
12742
12744
12746
12748
12750
12752
12754
12757
12759
12762
12764
12767
12769
12772
12774
12776
12779
12781
12784
12786
12789
12791
12794
12796
12798
12801
12803
12806
12808
12811
12813
12815
12818
12820
12823
12825
12828
12830
12833
12835
12838
12840
12842
12845
12847
12850
12852
12855
12857
12860
12862
12864
12866
12869
12871
12873
12875
12878
12880
12882
12885
12887
12889
12891
12894
12896
12898
12900
12903
12905
12907
12910
12912
12914
12916
12919
12921
12923
12925
12928
12930
12932
12935
12937
12939
12941
12944
12946
12948
12950
12953
12955
12957
12960
12962
12964
12967
12969
12972
12974
12977
12979
12982
12984
12986
12989
12991
12994
12996
12999
13001
13004
13006
13008
13011
13013
13016
13018
13021
13023
13026
13028
13030
13033
13035
13038
13040
13043
13045
13048
13050
13052
13055
13057
13060
13062
13065
13067
13070
13072
13074
13076
13078
13080
13082
13084
13086
13088
13090
13092
13094
13096
13098
13100
13102
13104
13106
13108
13110
13112
13114
13116
13118
13121
13123
13125
13127
13129
13131
13133
13135
13137
13139
13141
13143
13145
13147
13149
13151
13153
13155
13157
13159
13161
13163
13165
13167
13170
13172
13175
13178
13181
13184
13187
13190
13193
13196
13198
13201
13204
13207
13210
13213
13216
13219
13222
13225
13227
13230
13233
13236
13239
13242
13245
13248
13251
13253
13256
13259
13262
13265
13268
13271
13274
13277
13280
13283
13286
13289
13292
13296
13299
13302
13305
13309
13312
13315
13318
13321
13325
13328
13331
13334
13338
13341
13344
13347
13350
13354
13357
13360
13363
13367
13370
13373
13376
13380
13382
13384
13387
13389
13392
13394
13397
13399
13402
13404
13406
13409
13411
13414
13416
13419
13421
13424
13426
13428
13431
13433
13436
13438
13441
13443
13446
13448
13450
13453
13455
13458
13460
13463
13465
13468
13470
13472
13475
13477
13480
13482
13485
13487
13490
13492
13494
13496
13499
13501
13503
13506
13508
13510
13512
13515
13517
13519
13522
13524
13526
13528
13531
13533
13535
13538
13540
13542
13545
13547
13549
13551
13554
13556
13558
13561
13563
13565
13567
13570
13572
13574
13577
13579
13581
13583
13586
13588
13590
13593
13595
13597
13600
13602
13604
13606
13609
13611
13613
13616
13618
13620
13623
13625
13627
13630
13632
13634
13637
13639
13641
13644
13646
13648
13651
13653
13655
13658
13660
13662
13665
13667
13669
13672
13674
13676
13679
13681
13683
13686
13688
13690
13693
13695
13697
13700
13702
13705
13708
13710
13713
13716
13719
13722
13724
13727
13730
13733
13735
13738
13741
13744
13746
13749
13752
13754
13757
13760
13763
13766
13768
13771
13774
13777
13779
13782
13785
13788
13790
13793
13796
13799
13801
13804
13807
13810
13812
13814
13816
13818
13821
13823
13825
13827
13830
13832
13834
13836
13838
13841
13843
13845
13847
13850
13852
13854
13856
13858
13861
13863
13865
13867
13870
13872
13874
13876
13878
13881
13883
13885
13887
13890
13892
13894
13896
13898
13901
13903
13905
13907
13910
13912
13914
13916
13918
13921
13923
13925
13927
13929
13932
13934
13936
13938
13940
13943
13945
13947
13949
13951
13954
13956
13958
13960
13962
13965
13967
13969
13971
13973
13976
13978
13980
13982
13984
13987
13989
13991
13993
13995
13998
14000
14002
14004
14006
14009
14011
14013
14015
14017
14020
14022
14024
14026
14028
14030
14032
14034
14036
14039
14041
14043
14045
14047
14049
14051
14053
14055
14058
14060
14062
14064
14066
14068
14070
14072
14075
14077
14079
14081
14083
14085
14087
14089
14091
14094
14096
14098
14100
14102
14104
14106
14108
14110
14113
14115
14117
14119
14121
14123
14125
14127
14130
14132
14134
14136
14138
14141
14143
14145
14147
14150
14152
14154
14156
14159
14161
14163
14165
14168
14170
14172
14174
14177
14179
14181
14183
14186
14188
14190
14192
14195
14197
14199
14201
14204
14206
14208
14210
14213
14215
14217
14219
14222
14224
14226
14228
14231
14233
14235
14237
14240
14242
14245
14248
14251
14253
14256
14259
14262
14264
14267
14270
14273
14275
14278
14281
14284
14286
14289
14292
14295
14297
14300
14303
14306
14308
14311
14314
14317
14319
14322
14325
14328
14330
14333
14336
14339
14341
14344
14347
14350
14352
14355
14357
14360
14362
14365
14367
14370
14372
14375
14377
14379
14382
14385
14387
14389
14392
14395
14397
14399
14402
14405
14407
14410
14412
14415
14417
14420
14422
14424
14427
14430
14432
14434
14437
14440
14442
14444
14447
14450
14452
14454
14456
14458
14460
14462
14464
14466
14469
14471
14473
14475
14477
14479
14481
14483
14485
14488
14490
14492
14494
14496
14498
14500
14502
14504
14507
14509
14511
14513
14515
14517
14519
14521
14524
14526
14528
14530
14532
14534
14536
14538
14540
14543
14545
14547
14549
14551
14553
14555
14557
14560
14562
14564
14566
14568
14570
14572
14574
14577
14579
14581
14583
14585
14587
14589
14591
14594
14596
14598
14600
14602
14604
14606
14608
14611
14613
14615
14617
14619
14621
14623
14625
14628
14630
14632
14634
14636
14638
14640
14642
14645
14647
14649
14651
14653
14655
14657
14660
14662
14664
14667
14669
14671
14674
14676
14678
14681
14683
14685
14688
14690
14692
14695
14697
14699
14702
14704
14706
14709
14711
14713
14716
14718
14720
14723
14725
14727
14730
14732
14734
14737
14739
14741
14744
14746
14748
14751
14753
14755
14758
14760
14762
14765
14767
14770
14772
14774
14776
14779
14781
14783
14786
14788
14790
14792
14795
14797
14799
14802
14804
14806
14808
14811
14813
14815
14818
14820
14822
14825
14827
14829
14831
14834
14836
14838
14841
14843
14845
14847
14850
14852
14854
14857
14859
14861
14863
14866
14868
14870
14873
14875
14877
14880
14882
14885
14888
14891
14894
14896
14899
14902
14905
14908
14911
14913
14916
14919
14922
14925
14927
14930
14933
14936
14939
14942
14944
14947
14950
14953
14956
14958
14961
14964
14967
14970
14973
14975
14978
14981
14984
14987
14990
14993
14997
15001
15005
15008
15012
15016
15020
15024
15027
15031
15035
15039
15043
15046
15050
15054
15058
15062
15065
15069
15073
15077
15081
15084
15088
15092
15096
15100
15103
15107
15110
15114
15117
15121
15125
15128
15132
15135
15139
15142
15146
15149
15153
15157
15160
15164
15167
15171
15174
15178
15182
15185
15189
15192
15196
15200
15206
15212
15219
15225
15232
15238
15245
15251
15258
15264
15271
15277
15284
15290
15297
15303
15310
15314
15319
15323
15328
15332
15337
15341
15346
15350
15355
15360
15364
15369
15373
15378
15382
15387
15391
15396
15400
15405
15410
15415
15420
15425
15430
15436
15441
15446
15451
15457
15462
15467
15472
15478
15483
15488
15493
15499
15504
15509
15514
15520
15525
15530
15535
15540
15546
15551
15556
15561
15567
15572
15577
15582
15588
15593
15598
15603
15609
15614
15619
15624
15630
15634
15639
15644
15649
15653
15658
15663
15668
15673
15677
15682
15687
15692
15696
15701
15706
15711
15716
15720
15725
15730
15735
15740
15746
15752
15758
15764
15770
15776
15782
15788
15794
15800
15806
15812
15818
15824
15830
15836
15841
15847
15854
15860
15865
15870
15875
15880
15886
15891
15896
15901
15907
15912
15917
15922
15928
15933
15938
15943
15949
15954
15959
15964
15970
15973
15976
15980
15983
15986
15990
15993
15996
16000
16003
16006
16009
16013
16016
16020
16023
16026
16030
16033
16036
16040
16043
16046
16049
16053
16056
16059
16063
16066
16070
16073
16076
16079
16084
16087
16091
16096
16099
16104
16107
16111
16116
16119
16123
16128
16131
16136
16140
16143
16148
16152
16155
16160
16163
16168
16172
16175
16180
16182
16185
16188
16191
16194
16196
16199
16202
16205
16208
16211
16213
16216
16219
16222
16225
16227
16230
16233
16236
16239
16242
16244
16247
16250
16253
16256
16258
16261
16264
16267
16270
16273
16275
16278
16281
16284
16287
16290
16292
16294
16297
16299
16302
16304
16307
16309
16311
16314
16316
16319
16321
16324
16326
16329
16331
16333
16336
16338
16341
16343
16346
16348
16350
16353
16355
16358
16360
16363
16365
16368
16370
16372
16375
16377
16380
16382
16385
16387
16390
16392
16394
16396
16398
16401
16403
16405
16407
16410
16412
16414
16416
16419
16421
16423
16425
16428
16430
16432
16434
16437
16439
16441
16443
16446
16448
16450
16452
16455
16457
16459
16461
16464
16466
16468
16470
16473
16475
16477
16479
16482
16484
16486
16488
16491
16493
16495
16497
16500
16502
16505
16507
16510
16512
16515
16517
16520
16522
16525
16527
16530
16532
16535
16537
16540
16542
16544
16547
16550
16552
16555
16557
16560
16562
16565
16567
16570
16572
16575
16577
16580
16582
16585
16587
16590
16592
16595
16597
16599
16602
16605
16607
16610
16612
16614
16616
16619
16621
16623
16625
16628
16630
16632
16634
16637
16639
16641
16644
16646
16648
16650
16653
16655
16657
16660
16662
16664
16666
16669
16671
16673
16675
16678
16680
16682
16685
16687
16689
16691
16694
16696
16698
16700
16703
16705
16707
16710
16712
16715
16717
16720
16723
16725
16728
16730
16733
16736
16738
16741
16744
16746
16749
16751
16754
16757
16759
16762
16765
16767
16770
16772
16775
16778
16780
16783
16785
16788
16791
16793
16796
16799
16801
16804
16806
16809
16812
16814
16817
16820
16823
16827
16830
16834
16837
16841
16845
16848
16852
16855
16859
16862
16866
16870
16873
16877
16880
16884
16887
16891
16895
16898
16902
16905
16909
16912
16916
16920
16923
16926
16930
16933
16937
16940
16944
16947
16950
16954
16957
16961
16964
16968
16971
16975
16978
16981
16985
16988
16992
16995
16999
17002
17005
17009
17012
17016
17019
17023
17026
17030
17033
17036
17039
17042
17045
17048
17051
17055
17058
17061
17064
17067
17070
17073
17076
17080
17083
17086
17089
17092
17095
17098
17101
17105
17108
17111
17114
17117
17120
17123
17126
17130
17133
17137
17141
17145
17149
17153
17157
17161
17165
17169
17173
17177
17181
17185
17188
17192
17196
17200
17204
17208
17212
17216
17220
17224
17228
17232
17236
17240
17243
17246
17249
17252
17256
17259
17262
17265
17269
17272
17275
17278
17282
17285
17288
17291
17295
17298
17301
17304
17307
17311
17314
17317
17320
17324
17327
17330
17333
17337
17340
17343
17346
17350
17354
17358
17363
17367
17371
17376
17380
17384
17389
17393
17397
17402
17406
17410
17415
17419
17423
17428
17432
17436
17441
17445
17450
17453
17456
17459
17462
17466
17469
17472
17475
17479
17482
17485
17488
17492
17495
17498
17501
17505
17508
17511
17514
17517
17521
17524
17527
17530
17534
17537
17540
17543
17547
17550
17553
17556
17560
17563
17567
17571
17574
17578
17582
17585
17589
17593
17597
17600
17604
17608
17611
17615
17619
17622
17626
17630
17634
17637
17641
17645
17648
17652
17656
17660
17664
17668
17672
17676
17680
17684
17688
17692
17696
17700
17704
17708
17712
17717
17721
17725
17729
17733
17737
17741
17745
17749
17753
17757
17761
17765
17770
17773
17776
17780
17783
17786
17790
17793
17796
17800
17803
17806
17810
17813
17816
17820
17823
17826
17830
17833
17836
17840
17843
17846
17849
17853
17856
17860
17863
17866
17869
17873
17876
17880
17885
17891
17896
17901
17907
17913
17918
17924
17929
17935
17940
17945
17951
17956
17962
17968
17973
17979
17984
17990
17994
17998
18002
18006
18010
18014
18018
18022
18026
18030
18034
18038
18042
18047
18051
18055
18059
18063
18067
18071
18075
18079
18083
18087
18091
18095
18100
18102
18104
18107
18109
18111
18114
18116
18119
18121
18123
18126
18128
18130
18133
18135
18138
18140
18142
18145
18147
18150
18152
18154
18157
18159
18161
18164
18166
18169
18171
18173
18176
18178
18180
18183
18185
18188
18190
18192
18195
18197
18200
18202
18205
18207
18210
18212
18215
18217
18220
18223
18225
18228
18230
18233
18235
18238
18240
18243
18246
18248
18251
18253
18256
18258
18261
18263
18266
18269
18271
18274
18276
18279
18281
18284
18286
18289
18292
18294
18297
18299
18302
18304
18307
18310
18313
18316
18319
18322
18325
18328
18331
18335
18338
18341
18344
18347
18350
18353
18356
18360
18363
18366
18369
18372
18375
18378
18381
18384
18388
18391
18394
18397
18400
18403
18406
18410
18412
18415
18418
18420
18423
18426
18428
18431
18434
18436
18439
18442
18444
18447
18450
18452
18455
18458
18460
18463
18466
18469
18471
18474
18477
18479
18482
18485
18487
18490
18493
18495
18498
18501
18503
18506
18509
18511
18514
18517
18520
18523
18526
18530
18533
18536
18540
18543
18546
18550
18553
18556
18560
18563
18566
18570
18573
18576
18580
18583
18586
18590
18593
18596
18599
18603
18606
18610
18613
18616
18619
18623
18626
18630
18632
18634
18637
18640
18642
18645
18647
18650
18652
18654
18657
18660
18662
18665
18667
18669
18672
18674
18677
18680
18682
18685
18687
18689
18692
18695
18697
18700
18702
18705
18707
18709
18712
18715
18717
18720
18722
18724
18727
18729
18732
18735
18737
18740
18742
18744
18746
18748
18750
18752
18755
18757
18759
18761
18763
18765
18768
18770
18772
18774
18776
18778
18780
18783
18785
18787
18789
18791
18793
18796
18798
18800
18802
18804
18806
18809
18811
18813
18815
18817
18819
18821
18824
18826
18828
18830
18832
18834
18837
18839
18841
18843
18845
18847
18850
18852
18854
18856
18858
18860
18862
18864
18866
18868
18870
18872
18874
18876
18878
18880
18882
18884
18886
18888
18890
18892
18894
18896
18898
18900
18902
18905
18907
18909
18911
18913
18915
18917
18919
18921
18923
18925
18927
18929
18931
18933
18935
18937
18939
18941
18943
18945
18947
18949
18951
18953
18955
18957
18960
18962
18964
18967
18969
18971
18974
18976
18979
18981
18983
18986
18988
18991
18993
18995
18998
19000
19003
19005
19007
19010
19012
19015
19017
19019
19022
19024
19026
19029
19031
19034
19036
19038
19041
19043
19046
19048
19050
19053
19055
19058
19060
19062
19065
19067
19070
19072
19074
19076
19078
19080
19083
19085
19087
19089
19091
19093
19096
19098
19100
19102
19104
19106
19109
19111
19113
19115
19117
19120
19122
19124
19126
19128
19130
19133
19135
19137
19139
19141
19143
19146
19148
19150
19152
19154
19156
19159
19161
19163
19165
19167
19170
19172
19175
19178
19180
19183
19186
19188
19191
19194
19196
19199
19202
19204
19207
19210
19212
19215
19218
19220
19223
19226
19229
19231
19234
19237
19239
19242
19245
19247
19250
19253
19255
19258
19261
19263
19266
19269
19271
19274
19277
19280
19282
19285
19287
19290
19292
19295
19297
19300
19303
19305
19308
19310
19313
19315
19318
19321
19323
19326
19328
19331
19333
19336
19338
19341
19344
19346
19349
19351
19354
19356
19359
19362
19364
19367
19369
19372
19374
19377
19380
19382
19384
19387
19389
19392
19394
19397
19399
19401
19404
19406
19409
19411
19414
19416
19419
19421
19424
19426
19428
19431
19433
19436
19438
19441
19443
19445
19448
19450
19453
19455
19458
19460
19463
19465
19468
19470
19472
19475
19477
19480
19482
19485
19487
19490
19492
19494
19496
19498
19500
19502
19504
19506
19508
19510
19512
19514
19516
19519
19521
19523
19525
19527
19529
19531
19533
19535
19537
19539
19541
19543
19546
19548
19550
19552
19554
19556
19558
19560
19562
19564
19566
19568
19570
19573
19575
19577
19579
19581
19583
19585
19587
19589
19591
19593
19595
19597
19600
19602
19604
19606
19608
19611
19613
19615
19617
19620
19622
19624
19626
19628
19631
19633
19635
19637
19640
19642
19644
19646
19648
19651
19653
19655
19657
19660
19662
19664
19666
19668
19671
19673
19675
19677
19680
19682
19684
19686
19688
19691
19693
19695
19697
19700
19703
19706
19709
19712
19715
19718
19721
19724
19727
19730
19733
19736
19739
19742
19745
19748
19751
19755
19758
19761
19764
19767
19770
19773
19776
19779
19782
19785
19788
19791
19794
19797
19800
19803
19806
19810
19812
19814
19816
19818
19820
19822
19824
19826
19828
19830
19832
19834
19836
19838
19840
19842
19844
19846
19848
19850
19852
19854
19856
19858
19861
19863
19865
19867
19869
19871
19873
19875
19877
19879
19881
19883
19885
19887
19889
19891
19893
19895
19897
19899
19901
19903
19905
19907
19910
19911
19913
19915
19917
19919
19921
19923
19925
19927
19929
19931
19933
19935
19937
19938
19940
19942
19944
19946
19948
19950
19952
19954
19956
19958
19960
19962
19964
19965
19967
19969
19971
19973
19975
19977
19979
19981
19983
19985
19987
19989
19991
19992
19994
19996
19998
20000
20002
20004
20006
20008
20010
20012
20014
20016
20018
20020
20022
20025
20028
20031
20034
20037
20040
20043
20046
20049
20052
20055
20058
20061
20064
20067
20070
20073
20076
20079
20082
20085
20088
20091
20094
20097
20100
20103
20106
20109
20112
20115
20118
20121
20124
20127
20130
20133
20137
20140
20144
20147
20151
20154
20158
20161
20165
20169
20172
20176
20179
20183
20186
20190
20193
20197
20200
20204
20208
20211
20215
20218
20222
20225
20229
20232
20236
20240
20243
20246
20249
20252
20255
20258
20262
20265
20268
20271
20274
20277
20280
20284
20287
20290
20293
20296
20299
20302
20306
20309
20312
20315
20318
20321
20324
20328
20331
20334
20337
20340
20343
20346
20350
20355
20361
20367
20373
20379
20385
20391
20397
20402
20408
20414
20420
20426
20432
20438
20444
20450
20457
20464
20471
20479
20486
20494
20501
20508
20516
20523
20530
20538
20545
20552
20560
20568
20576
20585
20593
20602
20610
20619
20627
20636
20644
20653
20661
20670
20678
20686
20695
20703
20712
20720
20729
20737
20746
20754
20763
20771
20780
20786
20793
20800
20806
20813
20820
20826
20833
20840
20846
20853
20860
20866
20873
20880
20886
20892
20899
20905
20912
20918
20925
20931
20938
20944
20951
20957
20964
20970
20977
20983
20990
20997
21005
21013
21021
21029
21037
21045
21052
21060
21068
21076
21084
21092
21100
21105
21110
21115
21121
21126
21131
21136
21142
21147
21152
21157
21163
21168
21173
21178
21184
21189
21194
21200
21205
21211
21217
21223
21228
21234
21240
21246
21252
21257
21263
21269
21275
21281
21286
21292
21298
21304
21310
21316
21322
21328
21335
21341
21347
21353
21360
21366
21372
21378
21384
21391
21397
21403
21410
21415
21421
21426
21432
21437
21443
21448
21454
21459
21465
21470
21476
21481
21487
21492
21498
21503
21509
21514
21520
21526
21532
21538
21544
21550
21556
21562
21568
21575
21581
21587
21593
21599
21605
21611
21617
21623
21630
21635
21641
21646
21651
21657
21663
21668
21674
21679
21685
21690
21695
21701
21706
21712
21718
21723
21729
21734
21740
21747
21754
21762
21769
21776
21784
21791
21798
21806
21813
21820
21828
21835
21842
21850
21857
21865
21873
21880
21888
21896
21903
21911
21919
21926
21934
21942
21950
21957
21964
21971
21979
21986
21994
22001
22008
22016
22023
22030
22038
22045
22052
22060
22067
22075
22083
22090
22098
22106
22113
22121
22129
22136
22144
22152
22160
22166
22172
22178
22184
22190
22196
22202
22208
22215
22221
22227
22233
22239
22245
22251
22257
22263
22270
22275
22281
22287
22293
22298
22304
22310
22316
22322
22327
22333
22339
22345
22351
22356
22362
22368
22374
22380
22388
22397
22405
22414
22422
22431
22439
22448
22457
22465
22474
22482
22491
22500
22511
22522
22533
22544
22555
22566
22577
22588
22599
22610
22618
22626
22634
22643
22651
22660
22668
22676
22685
22693
22701
22710
22716
22722
22728
22735
22741
22747
22754
22760
22766
22773
22779
22785
22792
22798
22804
22811
22817
22823
22830
22835
22841
22847
22853
22859
22865
22871
22877
22882
22888
22894
22900
22906
22912
22918
22924
22930
22937
22944
22952
22959
22966
22974
22981
22988
22996
23003
23010
23018
23025
23032
23040
23045
23050
23055
23061
23066
23071
23076
23082
23087
23092
23097
23103
23108
23113
23118
23124
23129
23134
23140
23147
23154
23162
23169
23176
23184
23191
23198
23206
23213
23220
23228
23235
23242
23250
23258
23267
23275
23284
23292
23301
23310
23318
23327
23335
23344
23352
23361
23370
23377
23385
23393
23400
23408
23416
23423
23431
23439
23446
23454
23462
23470
23480
23490
23500
23509
23520
23530
23540
23550
23560
23570
23580
23590
23600
23610
23620
23630
23640
23650
23660
23670
23680
23690
23700
23710
23720
23730
23740
23750
23759
23770
23780
23790
23799
23810
23818
23826
23835
23843
23851
23860
23868
23876
23884
23893
23901
23910
23915
23921
23927
23933
23938
23944
23950
23956
23962
23967
23973
23979
23985
23991
23996
24002
24008
24014
24020
24025
24030
24035
24040
24044
24050
24055
24060
24064
24070
24075
24080
24085
24090
24095
24099
24105
24110
24115
24119
24125
24130
24133
24137
24141
24145
24149
24153
24157
24161
24165
24169
24173
24177
24181
24185
24188
24192
24196
24200
24204
24208
24212
24216
24220
24224
24228
24232
24236
24240
24246
24252
24258
24264
24270
24276
24282
24288
24295
24301
24307
24313
24319
24325
24331
24337
24343
24350
24354
24358
24362
24366
24370
24374
24378
24382
24386
24390
24394
24398
24402
24406
24410
24414
24418
24422
24426
24430
24434
24438
24442
24445
24450
24454
24459
24463
24468
24472
24477
24482
24486
24491
24495
24500
24505
24509
24514
24518
24523
24527
24532
24537
24541
24546
24550
24555
24560
24564
24568
24572
24576
24580
24585
24589
24593
24597
24601
24605
24610
24614
24618
24622
24626
24630
24634
24639
24643
24647
24651
24655
24660
24663
24667
24671
24674
24678
24682
24685
24689
24693
24696
24700
24704
24707
24711
24715
24718
24722
24726
24729
24733
24737
24740
24744
24748
24751
24755
24759
24762
24766
24770
24775
24780
24785
24790
24796
24801
24806
24811
24817
24822
24827
24832
24838
24843
24848
24853
24859
24864
24869
24874
24880
24886
24892
24899
24905
24912
24918
24925
24931
24938
24944
24951
24957
24964
24970
24977
24983
24990
24998
25006
25015
25023
25032
25040
25049
25057
25066
25074
25083
25091
25100
25105
25110
25115
25121
25126
25131
25136
25142
25147
25152
25157
25163
25168
25173
25178
25184
25189
25194
25200
25205
25210
25215
25220
25226
25231
25236
25241
25247
25252
25257
25262
25268
25273
25278
25283
25289
25294
25299
25304
25310
25314
25317
25322
25326
25330
25334
25337
25342
25346
25349
25354
25358
25362
25366
25370
25374
25378
25382
25386
25390
25394
25398
25402
25406
25410
25413
25417
25421
25425
25429
25433
25437
25441
25445
25449
25453
25457
25461
25465
25468
25472
25476
25480
25484
25488
25492
25496
25500
25504
25508
25512
25516
25520
25524
25528
25532
25536
25540
25544
25548
25552
25556
25560
25564
25568
25572
25577
25581
25585
25589
25593
25597
25601
25605
25609
25613
25617
25621
25625
25630
25633
25636
25640
25643
25647
25650
25654
25657
25660
25664
25667
25671
25674
25678
25681
25685
25688
25691
25695
25698
25702
25705
25709
25712
25715
25719
25722
25726
25729
25733
25736
25740
25743
25747
25751
25755
25759
25763
25767
25771
25775
25779
25783
25787
25791
25795
25798
25802
25806
25810
25814
25818
25822
25826
25830
25834
25838
25842
25846
25850
25853
25857
25861
25865
25869
25873
25876
25880
25884
25888
25892
25896
25900
25903
25907
25911
25915
25919
25923
25926
25930
25934
25938
25942
25946
25950
25953
25956
25959
25962
25965
25968
25971
25975
25978
25981
25984
25987
25990
25994
25997
26000
26003
26006
26009
26012
26016
26019
26022
26025
26028
26031
26034
26038
26041
26044
26047
26050
26053
26056
26060
26064
26068
26072
26076
26080
26085
26089
26093
26097
26101
26105
26110
26114
26118
26122
26126
26130
26134
26139
26143
26147
26151
26155
26160
26164
26169
26173
26178
26182
26187
26192
26196
26201
26205
26210
26215
26219
26224
26228
26233
26237
26242
26247
26251
26256
26260
26265
26270
26275
26280
26286
26291
26297
26302
26308
26313
26319
26324
26330
26335
26340
26346
26351
26357
26362
26368
26373
26379
26384
26390
26394
26398
26403
26407
26412
26416
26420
26425
26429
26434
26438
26442
26447
26451
26456
26460
26464
26469
26473
26478
26482
26486
26491
26495
26500
26502
26505
26507
26510
26512
26515
26517
26520
26523
26525
26528
26530
26533
26535
26538
26540
26543
26546
26548
26551
26553
26556
26558
26561
26563
26566
26569
26571
26574
26576
26579
26581
26584
26586
26589
26592
26594
26597
26599
26602
26604
26607
26610
26613
26616
26620
26623
26626
26630
26633
26636
26640
26643
26646
26650
26653
26656
26660
26663
26666
26670
26673
26676
26680
26683
26686
26690
26693
26696
26700
26703
26706
26710
26713
26716
26719
26722
26725
26728
26731
26734
26737
26740
26743
26746
26749
26752
26755
26758
26761
26765
26768
26771
26774
26777
26780
26783
26786
26789
26792
26795
26798
26801
26804
26807
26810
26813
26816
26820
26823
26826
26829
26832
26835
26838
26841
26844
26847
26850
26853
26856
26859
26862
26865
26868
26871
26874
26877
26880
26883
26886
26889
26892
26895
26898
26901
26904
26907
26910
26913
26916
26920
26922
26925
26927
26930
26933
26935
26938
26940
26943
26946
26948
26951
26954
26956
26959
26961
26964
26967
26969
26972
26975
26977
26980
26982
26985
26988
26990
26993
26995
26998
27001
27003
27006
27009
27011
27014
27016
27019
27022
27024
27027
27030
27032
27034
27036
27038
27041
27043
27045
27047
27050
27052
27054
27056
27058
27061
27063
27065
27067
27070
27072
27074
27076
27078
27081
27083
27085
27087
27090
27092
27094
27096
27098
27101
27103
27105
27107
27110
27112
27114
27116
27118
27121
27123
27125
27127
27130
27132
27134
27136
27138
27140
27142
27144
27146
27149
27151
27153
27155
27157
27159
27161
27163
27165
27168
27170
27172
27174
27176
27178
27180
27182
27185
27187
27189
27191
27193
27195
27197
27199
27201
27204
27206
27208
27210
27212
27214
27216
27218
27220
27223
27225
27227
27229
27231
27233
27235
27237
27240
27243
27247
27250
27254
27257
27261
27264
27268
27271
27275
27279
27282
27286
27289
27293
27296
27300
27303
27307
27310
27314
27318
27321
27325
27328
27332
27335
27339
27342
27346
27350
27352
27354
27356
27358
27360
27362
27364
27366
27368
27370
27372
27374
27376
27378
27380
27382
27384
27386
27388
27390
27392
27394
27396
27398
27400
27402
27404
27406
27408
27410
27412
27414
27416
27418
27420
27422
27424
27426
27428
27430
27432
27434
27436
27438
27440
27442
27444
27445
27448
27450
27452
27454
27456
27458
27460
27462
27464
27466
27469
27471
27473
27475
27477
27479
27481
27483
27485
27488
27490
27492
27494
27496
27498
27500
27502
27505
27507
27509
27511
27513
27515
27517
27519
27521
27524
27526
27528
27530
27532
27534
27536
27538
27540
27543
27545
27547
27549
27551
27553
27555
27557
27560
27562
27564
27566
27568
27570
27573
27575
27577
27579
27582
27584
27586
27588
27590
27593
27595
27597
27599
27601
27604
27606
27608
27610
27612
27615
27617
27619
27621
27623
27626
27628
27630
27632
27634
27637
27639
27641
27643
27645
27648
27650
27652
27654
27656
27659
27661
27663
27665
27667
27670
27671
27673
27675
27677
27679
27681
27683
27685
27687
27689
27691
27693
27695
27697
27699
27701
27703
27705
27707
27709
27711
27713
27715
27717
27719
27721
27723
27725
27726
27728
27730
27732
27734
27736
27738
27740
27742
27744
27746
27748
27750
27752
27754
27756
27758
27760
27762
27764
27766
27768
27770
27772
27774
27776
27778
27780
27781
27783
27785
27787
27788
27790
27792
27794
27796
27797
27799
27801
27803
27805
27806
27808
27810
27812
27813
27815
27817
27819
27821
27822
27824
27826
27828
27830
27831
27833
27835
27837
27838
27840
27842
27844
27846
27847
27849
27851
27853
27855
27856
27858
27860
27862
27863
27865
27867
27869
27871
27872
27874
27876
27878
27880
27881
27883
27884
27886
27888
27889
27891
27892
27894
27896
27897
27899
27901
27902
27904
27905
27907
27909
27910
27912
27913
27915
27917
27918
27920
27922
27923
27925
27926
27928
27930
27931
27933
27935
27936
27938
27939
27941
27943
27944
27946
27947
27949
27951
27952
27954
27956
27957
27959
27960
27962
27964
27965
27967
27968
27970
27972
27973
27975
27977
27978
27980
27981
27983
27985
27986
27988
27990
27991
27993
27994
27996
27997
27999
28001
28002
28004
28005
28007
28009
28010
28012
28013
28015
28017
28018
28020
28021
28023
28025
28026
28028
28029
28031
28033
28034
28036
28037
28039
28041
28042
28044
28045
28047
28048
28050
28052
28053
28055
28056
28058
28060
28061
28063
28064
28066
28068
28069
28071
28072
28074
28076
28077
28079
28080
28082
28084
28085
28087
28088
28090
28092
28093
28095
28096
28098
28100
28101
28103
28105
28107
28108
28110
28112
28114
28116
28117
28119
28121
28123
28125
28126
28128
28130
28132
28133
28135
28137
28139
28141
28142
28144
28146
28148
28150
28151
28153
28155
28157
28158
28160
28162
28164
28166
28167
28169
28171
28173
28175
28176
28178
28180
28182
28183
28185
28187
28189
28191
28192
28194
28196
28198
28200
28201
28203
28205
28206
28208
28210
28212
28213
28215
28217
28219
28220
28222
28224
28226
28227
28229
28231
28233
28234
28236
28238
28240
28241
28243
28245
28247
28248
28250
28252
28254
28255
28257
28259
28261
28262
28264
28266
28268
28269
28271
28273
28275
28276
28278
28280
28282
28283
28285
28287
28289
28290
28292
28294
28296
28297
28299
28301
28303
28304
28306
28308
28310
28311
28313
28315
28317
28319
28321
28323
28325
28326
28328
28330
28332
28334
28336
28338
28340
28342
28343
28345
28347
28349
28351
28353
28355
28357
28359
28360
28362
28364
28366
28368
28370
28372
28374
28376
28377
28379
28381
28383
28385
28387
28389
28391
28393
28394
28396
28398
28400
28402
28404
28406
28408
28410
28411
28413
28415
28417
28419
28421
28423
28424
28426
28428
28430
28432
28434
28436
28437
28439
28441
28443
28445
28447
28449
28451
28452
28454
28456
28458
28460
28462
28464
28465
28467
28469
28471
28473
28475
28477
28478
28480
28482
28484
28486
28488
28490
28492
28493
28495
28497
28499
28501
28503
28505
28506
28508
28510
28512
28514
28516
28518
28520
28522
28524
28526
28528
28530
28532
28534
28536
28538
28540
28542
28544
28546
28549
28551
28553
28555
28557
28559
28561
28563
28565
28567
28569
28571
28573
28576
28578
28580
28582
28584
28586
28588
28590
28592
28594
28596
28598
28600
28603
28605
28607
28609
28611
28613
28615
28617
28619
28621
28623
28625
28627
28630
28631
28633
28635
28636
28638
28640
28642
28643
28645
28647
28649
28650
28652
28654
28656
28657
28659
28661
28663
28664
28666
28668
28670
28671
28673
28675
28677
28678
28680
28682
28684
28685
28687
28689
28691
28692
28694
28696
28698
28699
28701
28703
28705
28706
28708
28710
28712
28713
28715
28717
28719
28720
28722
28724
28726
28727
28729
28731
28733
28734
28736
28738
28740
28741
28743
28745
28747
28749
28750
28752
28754
28756
28758
28759
28761
28763
28765
28767
28769
28770
28772
28774
28776
28778
28779
28781
28783
28785
28787
28789
28790
28792
28794
28796
28798
28799
28801
28803
28805
28807
28809
28810
28812
28814
28816
28818
28820
28821
28823
28825
28827
28829
28830
28832
28834
28836
28838
28840
28841
28843
28845
28847
28849
28850
28852
28854
28856
28858
28860
28861
28863
28865
28867
28869
28870
28872
28874
28876
28878
28880
28881
28883
28885
28887
28889
28890
28892
28894
28896
28898
28900
28901
28903
28905
28907
28909
28910
28912
28914
28916
28918
28920
28921
28923
28925
28927
28929
28930
28932
28934
28936
28938
28940
28941
28943
28945
28947
28949
28950
28952
28954
28956
28958
28960
28961
28963
28965
28967
28969
28971
28973
28975
28977
28979
28981
28983
28985
28987
28988
28990
28992
28994
28996
28998
29000
29002
29004
29006
29008
29010
29012
29014
29015
29017
29019
29021
29023
29025
29027
29029
29031
29033
29035
29037
29039
29041
29042
29044
29046
29048
29050
29052
29054
29056
29058
29060
29062
29064
29066
29068
29070
29072
29074
29076
29078
29080
29082
29084
29086
29088
29090
29092
29094
29096
29098
29100
29102
29104
29106
29108
29110
29112
29114
29116
29118
29120
29122
29124
29126
29128
29130
29132
29134
29136
29138
29140
29142
29144
29146
29148
29150
29152
29154
29156
29158
29160
29162
29164
29166
29168
29170
29171
29173
29175
29176
29178
29180
29182
29183
29185
29187
29189
29190
29192
29194
29196
29197
29199
29201
29203
29204
29206
29208
29210
29211
29213
29215
29217
29218
29220
29222
29224
29225
29227
29229
29231
29232
29234
29236
29238
29239
29241
29243
29245
29246
29248
29250
29252
29253
29255
29257
29259
29260
29262
29264
29266
29267
29269
29271
29273
29274
29276
29278
29280
29282
29284
29286
29288
29291
29293
29295
29297
29300
29302
29304
29306
29308
29311
29313
29315
29317
29320
29322
29324
29326
29328
29331
29333
29335
29337
29340
29342
29344
29346
29348
29351
29353
29355
29357
29360
29362
29364
29366
29368
29371
29373
29375
29377
29380
29382
29384
29386
29388
29390
29392
29394
29396
29398
29400
29402
29404
29406
29408
29410
29412
29414
29416
29418
29420
29422
29424
29426
29428
29430
29432
29435
29437
29439
29441
29443
29445
29447
29449
29451
29453
29455
29457
29459
29461
29463
29465
29467
29469
29471
29473
29475
29477
29479
29481
29483
29485
29487
29490
29492
29494
29497
29499
29501
29504
29506
29509
29511
29513
29516
29518
29521
29523
29525
29528
29530
29533
29535
29537
29540
29542
29545
29547
29549
29552
29554
29556
29559
29561
29564
29566
29568
29571
29573
29576
29578
29580
29583
29585
29588
29590
29592
29595
29597
29600
29602
29604
29606
29608
29610
29612
29614
29616
29618
29620
29622
29625
29627
29629
29631
29633
29635
29637
29639
29641
29643
29645
29647
29650
29652
29654
29656
29658
29660
29662
29664
29666
29668
29670
29672
29675
29677
29679
29681
29683
29685
29687
29689
29691
29693
29695
29697
29700
29701
29703
29705
29706
29708
29710
29711
29713
29715
29716
29718
29720
29721
29723
29725
29727
29728
29730
29732
29733
29735
29737
29738
29740
29742
29744
29745
29747
29749
29750
29752
29754
29755
29757
29759
29760
29762
29764
29766
29767
29769
29771
29772
29774
29776
29777
29779
29781
29782
29784
29786
29788
29789
29791
29793
29794
29796
29798
29799
29801
29803
29804
29806
29808
29810
29811
29813
29815
29817
29819
29821
29823
29825
29826
29828
29830
29832
29834
29836
29838
29840
29842
29843
29845
29847
29849
29851
29853
29855
29857
29859
29860
29862
29864
29866
29868
29870
29872
29874
29876
29877
29879
29881
29883
29885
29887
29889
29891
29893
29894
29896
29898
29900
29902
29904
29906
29908
29910
