3
6
10
13
17
20
24
27
31
34
38
41
45
48
52
55
58
62
65
69
72
76
79
83
86
90
93
97
100
104
107
111
114
117
121
124
128
131
135
138
142
145
149
152
156
159
163
166
170
172
175
177
180
182
185
187
190
193
195
198
200
203
205
208
210
213
216
218
221
223
226
228
231
233
236
239
241
244
246
249
251
254
256
259
262
264
267
269
272
274
277
280
284
288
292
296
300
304
308
312
316
320
324
328
332
336
340
345
349
353
357
361
365
369
373
377
381
385
389
393
397
401
405
410
412
414
416
419
421
423
426
428
430
432
435
437
439
442
444
446
448
451
453
455
458
460
462
464
467
469
471
474
476
478
481
483
485
487
490
492
494
497
499
501
503
506
508
510
513
515
517
520
524
528
532
536
540
545
549
553
557
561
566
570
574
578
582
587
591
595
599
603
608
612
616
620
624
629
633
637
641
645
650
652
655
658
660
663
666
668
671
674
676
679
682
684
687
690
692
695
698
700
703
706
709
711
714
717
719
722
725
727
730
733
735
738
741
743
746
749
751
754
757
760
764
768
772
776
781
785
789
793
798
802
806
810
815
819
823
827
832
836
840
844
849
853
857
861
866
870
874
878
883
887
891
895
900
902
904
907
909
912
914
917
919
922
924
926
929
931
934
936
939
941
944
946
948
951
953
956
958
961
963
966
968
970
973
975
978
980
983
985
988
990
992
995
997
1000
1002
1005
1007
1010
1135
1260
1264
1269
1273
1278
1282
1287
1291
1296
1300
1305
1309
1314
1318
1323
1327
1332
1336
1341
1346
1350
1355
1359
1364
1368
1373
1377
1382
1386
1391
1395
1400
1404
1409
1413
1418
1423
1427
1432
1436
1441
1445
1450
1454
1459
1463
1468
1472
1477
1481
1486
1490
1495
1500
1502
1504
1506
1508
1510
1512
1514
1516
1518
1520
1522
1524
1526
1528
1530
1532
1534
1536
1538
1540
1542
1544
1546
1548
1550
1552
1555
1557
1559
1561
1563
1565
1567
1569
1571
1573
1575
1577
1579
1581
1583
1585
1587
1589
1591
1593
1595
1597
1599
1601
1603
1605
1607
1610
1614
1618
1622
1627
1631
1635
1640
1644
1648
1652
1657
1661
1665
1670
1674
1678
1682
1687
1691
1695
1700
1704
1708
1712
1717
1721
1725
1730
1732
1734
1737
1739
1742
1744
1747
1749
1752
1754
1756
1759
1761
1764
1766
1769
1771
1774
1776
1778
1781
1783
1786
1788
1791
1793
1796
1798
1800
1803
1805
1808
1810
1813
1815
1818
1820
1822
1825
1827
1830
1832
1835
1837
1840
1842
1845
1848
1851
1854
1857
1860
1862
1865
1868
1871
1874
1877
1880
1882
1885
1888
1891
1894
1897
1900
1902
1905
1908
1911
1914
1917
1920
1922
1925
1928
1931
1934
1937
1940
1946
1953
1959
1966
1972
1979
1986
1992
1999
2005
2012
2019
2025
2032
2038
2045
2051
2058
2065
2071
2078
2084
2091
2098
2104
2111
2117
2124
2130
2137
2144
2150
2157
2163
2170
2177
2183
2190
2196
2203
2210
2212
2214
2216
2218
2220
2222
2225
2227
2229
2231
2233
2235
2238
2240
2242
2244
2246
2248
2250
2253
2255
2257
2259
2261
2263
2266
2268
2270
2272
2274
2276
2279
2281
2283
2285
2287
2289
2291
2294
2296
2298
2300
2302
2304
2307
2309
2311
2313
2315
2317
2320
2324
2329
2333
2338
2342
2347
2351
2356
2360
2365
2369
2374
2378
2383
2387
2392
2396
2401
2405
2410
2414
2419
2423
2428
2432
2437
2441
2446
2450
2455
2460
2462
2464
2466
2468
2471
2473
2475
2477
2480
2482
2484
2486
2489
2491
2493
2495
2498
2500
2502
2504
2507
2509
2511
2513
2516
2518
2520
2522
2525
2527
2529
2531
2534
2536
2538
2540
2543
2545
2547
2549
2552
2554
2556
2558
2561
2563
2565
2567
2570
2574
2578
2582
2587
2591
2596
2600
2604
2609
2613
2617
2622
2626
2630
2635
2639
2643
2648
2652
2656
2661
2665
2669
2674
2678
2682
2687
2691
2695
2700
2702
2705
2707
2710
2712
2715
2717
2720
2722
2725
2728
2730
2733
2735
2738
2740
2743
2745
2748
2751
2753
2756
2758
2761
2763
2766
2768
2771
2774
2776
2779
2781
2784
2786
2789
2791
2794
2797
2799
2802
2804
2807
2809
2812
2814
2817
2820
2824
2828
2832
2836
2840
2844
2848
2852
2856
2860
2864
2868
2872
2876
2880
2884
2888
2892
2896
2900
2904
2908
2912
2916
2920
2924
2928
2932
2936
2940
2942
2944
2946
2948
2950
2952
2955
2957
2959
2961
2963
2965
2968
2970
2972
2974
2976
2978
2980
2983
2985
2987
2989
2991
2993
2996
2998
3000
3002
3004
3006
3009
3011
3013
3015
3017
3019
3021
3024
3026
3028
3030
3032
3034
3037
3039
3041
3043
3045
3047
3050
3054
3058
3063
3067
3072
3076
3080
3085
3089
3094
3098
3102
3107
3111
3116
3120
3125
3129
3133
3138
3142
3147
3151
3155
3160
3164
3169
3173
3177
3182
3186
3191
3195
3200
3202
3204
3206
3208
3210
3212
3214
3216
3218
3220
3222
3224
3226
3229
3231
3233
3235
3237
3239
3241
3243
3245
3247
3249
3251
3253
3256
3258
3260
3262
3264
3266
3268
3270
3272
3274
3276
3278
3280
3283
3285
3287
3289
3291
3293
3295
3297
3299
3301
3303
3305
3307
3310
3314
3318
3323
3327
3332
3336
3341
3345
3350
3354
3358
3363
3367
3372
3376
3381
3385
3390
3394
3398
3403
3407
3412
3416
3421
3425
3430
3432
3434
3437
3439
3442
3444
3447
3449
3452
3454
3456
3459
3461
3464
3466
3469
3471
3474
3476
3478
3481
3483
3486
3488
3491
3493
3496
3498
3500
3503
3505
3508
3510
3513
3515
3518
3520
3522
3525
3527
3530
3532
3535
3537
3540
3544
3549
3554
3559
3564
3568
3573
3578
3583
3588
3593
3597
3602
3607
3612
3617
3622
3626
3631
3636
3641
3646
3651
3655
3660
3665
3670
3675
3680
3682
3684
3686
3688
3690
3692
3695
3697
3699
3701
3703
3705
3708
3710
3712
3714
3716
3718
3720
3723
3725
3727
3729
3731
3733
3736
3738
3740
3742
3744
3746
3749
3751
3753
3755
3757
3759
3761
3764
3766
3768
3770
3772
3774
3777
3779
3781
3783
3785
3787
3790
3794
3798
3803
3807
3811
3816
3820
3824
3829
3833
3837
3842
3846
3850
3855
3859
3863
3868
3872
3876
3881
3885
3889
3894
3898
3902
3907
3911
3915
3920
3922
3924
3927
3929
3931
3934
3936
3939
3941
3943
3946
3948
3951
3953
3955
3958
3960
3963
3965
3967
3970
3972
3975
3977
3979
3982
3984
3986
3989
3991
3994
3996
3998
4001
4003
4006
4008
4010
4013
4015
4018
4020
4022
4025
4027
4030
4036
4042
4049
4055
4062
4068
4074
4081
4087
4094
4100
4106
4113
4119
4126
4132
4138
4145
4151
4158
4164
4171
4177
4183
4190
4196
4203
4209
4215
4222
4228
4235
4241
4247
4254
4260
4267
4273
4280
4282
4284
4286
4289
4291
4293
4295
4298
4300
4302
4304
4307
4309
4311
4313
4316
4318
4320
4323
4325
4327
4329
4332
4334
4336
4338
4341
4343
4345
4347
4350
4352
4354
4356
4359
4361
4363
4366
4368
4370
4372
4375
4377
4379
4381
4384
4386
4388
4390
4393
4395
4397
4400
4403
4407
4411
4415
4418
4422
4426
4430
4433
4437
4441
4445
4448
4452
4456
4460
4463
4467
4471
4475
4478
4482
4486
4490
4493
4497
4501
4505
4508
4512
4516
4520
4522
4524
4526
4529
4531
4533
4536
4538
4540
4542
4545
4547
4549
4552
4554
4556
4558
4561
4563
4565
4568
4570
4572
4574
4577
4579
4581
4584
4586
4588
4591
4593
4595
4597
4600
4602
4604
4607
4609
4611
4613
4616
4618
4620
4623
4625
4627
4630
4633
4636
4639
4642
4645
4649
4652
4655
4658
4661
4664
4668
4671
4674
4677
4680
4683
4687
4690
4693
4696
4699
4702
4706
4709
4712
4715
4718
4721
4725
4728
4731
4734
4737
4740
4744
4747
4750
4753
4756
4760
4764
4769
4774
4779
4784
4789
4794
4799
4804
4808
4813
4818
4823
4828
4833
4838
4843
4848
4852
4857
4862
4867
4872
4877
4882
4887
4892
4897
4901
4906
4911
4916
4921
4926
4931
4936
4941
4945
4950
4955
4960
4965
4970
4975
4980
4985
4990
4992
4994
4996
4998
5001
5003
5005
5007
5010
5012
5014
5016
5018
5021
5023
5025
5027
5030
5032
5034
5036
5038
5041
5043
5045
5047
5050
5052
5054
5056
5058
5061
5063
5065
5067
5070
5072
5074
5076
5078
5081
5083
5085
5087
5090
5092
5094
5096
5098
5101
5103
5105
5107
5110
5113
5117
5121
5125
5128
5132
5136
5140
5143
5147
5151
5155
5158
5162
5166
5170
5173
5177
5181
5185
5188
5192
5196
5200
5203
5207
5211
5215
5218
5222
5226
5230
5232
5235
5238
5241
5244
5247
5250
5253
5256
5258
5261
5264
5267
5270
5273
5276
5279
5282
5284
5287
5290
5293
5296
5299
5302
5305
5308
5310
5313
5316
5319
5322
5325
5328
5331
5334
5336
5339
5342
5345
5348
5351
5354
5357
5360
5362
5365
5368
5371
5373
5376
5379
5382
5385
5387
5390
5393
5396
5399
5401
5404
5407
5410
5413
5415
5418
5421
5424
5426
5429
5432
5435
5438
5440
5443
5446
5449
5452
5454
5457
5460
5463
5466
5468
5471
5474
5477
5480
5482
5485
5488
5491
5494
5497
5500
5502
5505
5508
5511
5514
5517
5520
5522
5525
5528
5531
5534
5537
5540
5542
5545
5548
5551
5554
5557
5560
5562
5565
5568
5571
5574
5577
5580
5582
5585
5588
5591
5594
5597
5600
5602
5605
5608
5611
5614
5617
5620
5623
5626
5629
5632
5635
5638
5640
5643
5646
5649
5652
5655
5658
5661
5664
5667
5670
5673
5676
5679
5681
5684
5687
5690
5693
5696
5699
5702
5705
5708
5711
5714
5717
5720
5723
5726
5729
5733
5736
5740
5743
5746
5750
5753
5756
5760
5763
5766
5770
5773
5776
5779
5783
5786
5790
5793
5796
5800
5803
5806
5810
5813
5816
5820
5823
5826
5830
5833
5836
5840
5842
5845
5848
5851
5854
5857
5860
5863
5866
5869
5872
5875
5878
5881
5884
5887
5890
5892
5895
5898
5901
5904
5907
5910
5913
5916
5919
5922
5925
5928
5931
5934
5937
5940
5983
6026
6070
6071
6073
6075
6077
6079
6081
6083
6085
6087
6089
6091
6093
6095
6096
6098
6100
6102
6104
6106
6108
6110
6112
6114
6116
6118
6120
6121
6123
6125
6127
6129
6131
6133
6135
6137
6139
6141
6143
6145
6146
6148
6150
6152
6154
6156
6158
6160
6162
6164
6166
6168
6170
6174
6179
6184
6188
6193
6198
6202
6207
6212
6216
6221
6226
6230
6235
6240
6245
6249
6254
6259
6263
6268
6273
6277
6282
6287
6291
6296
6301
6305
6310
6315
6320
6322
6324
6326
6328
6331
6333
6335
6337
6340
6342
6344
6346
6349
6351
6353
6355
6358
6360
6362
6364
6367
6369
6371
6373
6376
6378
6380
6382
6385
6387
6389
6391
6394
6396
6398
6400
6403
6405
6407
6409
6412
6414
6416
6418
6421
6423
6425
6427
6430
6438
6447
6455
6464
6473
6481
6490
6498
6507
6516
6524
6533
6542
6550
6559
6567
6576
6585
6593
6602
6611
6619
6628
6636
6645
6654
6662
6671
6680
6682
6684
6686
6688
6690
6692
6694
6696
6698
6700
6702
6704
6706
6708
6710
6712
6714
6716
6718
6720
6722
6724
6726
6728
6730
6732
6734
6737
6739
6741
6743
6745
6747
6749
6751
6753
6755
6757
6759
6761
6763
6765
6767
6769
6771
6773
6775
6777
6779
6781
6783
6785
6787
6790
6797
6804
6811
6818
6825
6832
6839
6846
6853
6860
6867
6874
6881
6888
6895
6902
6910
6917
6924
6931
6938
6945
6952
6959
6966
6973
6980
6987
6994
7001
7008
7015
7022
7030
7031
7033
7035
7037
7039
7041
7043
7045
7046
7048
7050
7052
7054
7056
7058
7060
7062
7063
7065
7067
7069
7071
7073
7075
7077
7079
7080
7082
7084
7086
7088
7090
7092
7094
7096
7097
7099
7101
7103
7105
7107
7109
7111
7113
7114
7116
7118
7120
7122
7124
7126
7128
7130
7134
7139
7144
7149
7154
7158
7163
7168
7173
7178
7183
7187
7192
7197
7202
7207
7212
7216
7221
7226
7231
7236
7241
7245
7250
7255
7260
7265
7270
7272
7274
7277
7279
7282
7284
7287
7289
7292
7294
7296
7299
7301
7304
7306
7309
7311
7314
7316
7319
7321
7323
7326
7328
7331
7333
7336
7338
7341
7343
7346
7348
7350
7353
7355
7358
7360
7363
7365
7368
7370
7373
7375
7377
7380
7382
7385
7387
7390
7392
7395
7397
7400
7403
7406
7409
7412
7415
7418
7421
7424
7427
7430
7433
7436
7439
7442
7445
7448
7451
7455
7458
7461
7464
7467
7470
7473
7476
7479
7482
7485
7488
7491
7494
7497
7500
7503
7506
7510
7512
7515
7517
7520
7523
7525
7528
7530
7533
7536
7538
7541
7543
7546
7549
7551
7554
7556
7559
7562
7564
7567
7570
7572
7575
7577
7580
7583
7585
7588
7590
7593
7596
7598
7601
7603
7606
7609
7611
7614
7616
7619
7622
7624
7627
7630
7633
7636
7639
7643
7646
7649
7652
7656
7659
7662
7665
7669
7672
7675
7678
7681
7685
7688
7691
7695
7698
7701
7704
7708
7711
7714
7717
7721
7724
7727
7730
7734
7737
7740
7743
7747
7750
7753
7756
7760
7764
7769
7773
7778
7782
7787
7791
7796
7800
7805
7809
7814
7818
7823
7827
7832
7836
7841
7846
7850
7855
7859
7864
7868
7873
7877
7882
7886
7891
7895
7900
7904
7909
7913
7918
7923
7927
7932
7936
7941
7945
7950
7954
7959
7963
7968
7972
7977
7981
7986
7990
7995
8000
8002
8004
8006
8008
8010
8012
8014
8016
8018
8020
8022
8024
8026
8028
8030
8032
8034
8036
8038
8040
8042
8044
8046
8048
8050
8052
8055
8057
8059
8061
8063
8065
8067
8069
8071
8073
8075
8077
8079
8081
8083
8085
8087
8089
8091
8093
8095
8097
8099
8101
8103
8105
8107
8109
8113
8118
8122
8125
8129
8134
8138
8141
8145
8150
8154
8157
8161
8166
8170
8173
8178
8182
8186
8189
8194
8198
8202
8206
8210
8214
8218
8222
8226
8230
8235
8241
8246
8252
8257
8263
8268
8274
8279
8285
8290
8296
8301
8307
8312
8318
8323
8329
8334
8340
8345
8351
8356
8362
8367
8373
8378
8384
8389
8395
8400
8406
8411
8417
8422
8428
8433
8439
8444
8450
8455
8461
8466
8472
8477
8483
8488
8494
8500
8502
8504
8506
8508
8510
8512
8514
8516
8518
8520
8522
8524
8526
8528
8530
8532
8534
8536
8538
8540
8542
8544
8546
8548
8550
8552
8555
8557
8559
8561
8563
8565
8567
8569
8571
8573
8575
8577
8579
8581
8583
8585
8587
8589
8591
8593
8595
8597
8599
8601
8603
8605
8607
8610
8614
8618
8622
8626
8630
8635
8639
8643
8647
8651
8656
8660
8664
8668
8672
8677
8681
8685
8689
8693
8698
8702
8706
8710
8714
8719
8723
8727
8731
8735
8740
8742
8744
8746
8749
8751
8753
8755
8758
8760
8762
8764
8767
8769
8771
8773
8776
8778
8780
8783
8785
8787
8789
8792
8794
8796
8798
8801
8803
8805
8807
8810
8812
8814
8816
8819
8821
8823
8826
8828
8830
8832
8835
8837
8839
8841
8844
8846
8848
8850
8853
8855
8857
8860
8863
8867
8871
8875
8879
8883
8887
8890
8894
8898
8902
8906
8910
8914
8918
8921
8925
8929
8933
8937
8941
8945
8949
8952
8956
8960
8964
8968
8972
8976
8980
8982
8985
8987
8990
8992
8995
8997
9000
9002
9005
9008
9010
9013
9015
9018
9020
9023
9025
9028
9031
9033
9036
9038
9041
9043
9046
9048
9051
9054
9056
9059
9061
9064
9066
9069
9071
9074
9077
9079
9082
9084
9087
9089
9092
9094
9097
9100
9103
9106
9109
9112
9115
9118
9122
9125
9128
9131
9134
9137
9140
9144
9147
9150
9153
9156
9159
9162
9166
9169
9172
9175
9178
9181
9184
9188
9191
9194
9197
9200
9203
9206
9210
9212
9215
9218
9220
9223
9226
9228
9231
9234
9236
9239
9242
9244
9247
9250
9252
9255
9258
9260
9263
9266
9268
9271
9274
9276
9279
9282
9284
9287
9290
9292
9295
9298
9300
9303
9306
9308
9311
9314
9316
9319
9322
9324
9327
9330
9336
9343
9350
9357
9364
9371
9378
9384
9391
9398
9405
9412
9419
9426
9432
9439
9446
9453
9460
9467
9474
9480
9487
9494
9501
9508
9515
9522
9528
9535
9542
9549
9556
9563
9570
9572
9574
9577
9579
9582
9584
9587
9589
9592
9594
9596
9599
9601
9604
9606
9609
9611
9614
9616
9619
9621
9623
9626
9628
9631
9633
9636
9638
9641
9643
9646
9648
9650
9653
9655
9658
9660
9663
9665
9668
9670
9673
9675
9677
9680
9682
9685
9687
9690
9692
9695
9697
9700
9703
9706
9710
9713
9717
9720
9724
9727
9730
9734
9737
9741
9744
9748
9751
9754
9758
9761
9765
9768
9772
9775
9778
9782
9785
9789
9792
9796
9799
9802
9806
9809
9813
9816
9820
9822
9824
9826
9828
9830
9832
9834
9836
9838
9840
9842
9845
9847
9849
9851
9853
9855
9857
9859
9861
9863
9865
9867
9870
9872
9874
9876
9878
9880
9882
9884
9886
9888
9890
9892
9895
9897
9899
9901
9903
9905
9907
9909
9911
9913
9915
9917
9920
9927
9935
9942
9950
9958
9965
9973
9981
9988
9996
10004
10011
10019
10027
10034
10042
10050
10057
10065
10072
10080
10088
10095
10103
10111
10118
10126
10134
10141
10149
10157
10164
10172
10180
10182
10184
10186
10188
10190
10192
10195
10197
10199
10201
10203
10205
10208
10210
10212
10214
10216
10218
10220
10223
10225
10227
10229
10231
10233
10236
10238
10240
10242
10244
10246
10249
10251
10253
10255
10257
10259
10261
10264
10266
10268
10270
10272
10274
10277
10279
10281
10283
10285
10287
10290
10295
10299
10305
10309
10315
10319
10325
10330
10334
10340
10344
10350
10355
10360
10365
10370
10375
10379
10385
10390
10395
10400
10405
10410
10415
10420
10422
10424
10427
10429
10432
10434
10437
10439
10442
10444
10446
10449
10451
10454
10456
10459
10461
10464
10466
10469
10471
10473
10476
10478
10481
10483
10486
10488
10491
10493
10496
10498
10500
10503
10505
10508
10510
10513
10515
10518
10520
10523
10525
10527
10530
10532
10535
10537
10540
10542
10545
10547
10550
10556
10562
10568
10574
10581
10587
10593
10599
10605
10612
10618
10624
10630
10637
10643
10649
10655
10661
10668
10674
10680
10686
10692
10699
10705
10711
10717
10724
10730
10736
10742
10748
10755
10761
10767
10773
10780
10782
10784
10787
10789
10792
10794
10797
10799
10802
10804
10806
10809
10811
10814
10816
10819
10821
10824
10826
10829
10831
10833
10836
10838
10841
10843
10846
10848
10851
10853
10856
10858
10860
10863
10865
10868
10870
10873
10875
10878
10880
10883
10885
10887
10890
10892
10895
10897
10900
10902
10905
10907
10910
10913
10916
10919
10922
10925
10928
10931
10934
10937
10940
10943
10946
10949
10952
10955
10958
10961
10965
10968
10971
10974
10977
10980
10983
10986
10989
10992
10995
10998
11001
11004
11007
11010
11013
11016
11020
11026
11032
11039
11045
11052
11058
11065
11071
11078
11084
11091
11097
11104
11110
11117
11123
11130
11136
11143
11149
11156
11162
11169
11175
11182
11188
11195
11201
11208
11214
11221
11227
11234
11240
11247
11253
11260
11262
11264
11266
11268
11270
11272
11274
11276
11278
11280
11282
11284
11286
11288
11290
11292
11294
11296
11298
11300
11302
11304
11306
11308
11310
11312
11315
11317
11319
11321
11323
11325
11327
11329
11331
11333
11335
11337
11339
11341
11343
11345
11347
11349
11351
11353
11355
11357
11359
11361
11363
11365
11367
11370
11374
11379
11383
11388
11393
11397
11402
11406
11411
11416
11420
11425
11430
11434
11439
11443
11448
11453
11457
11462
11466
11471
11476
11480
11485
11490
11492
11494
11497
11499
11502
11504
11507
11509
11512
11514
11516
11519
11521
11524
11526
11529
11531
11534
11536
11539
11541
11543
11546
11548
11551
11553
11556
11558
11561
11563
11566
11568
11570
11573
11575
11578
11580
11583
11585
11588
11590
11593
11595
11597
11600
11602
11605
11607
11610
11612
11615
11617
11620
11623
11627
11630
11634
11638
11641
11645
11649
11652
11656
11660
11663
11667
11670
11674
11678
11681
11685
11689
11692
11696
11700
11703
11707
11710
11714
11718
11721
11725
11729
11732
11736
11740
11742
11745
11748
11750
11753
11756
11759
11761
11764
11767
11770
11772
11775
11778
11780
11783
11786
11789
11791
11794
11797
11800
11802
11805
11808
11810
11813
11816
11819
11821
11824
11827
11830
11832
11835
11838
11840
11843
11846
11849
11851
11854
11857
11860
11863
11866
11869
11872
11875
11878
11881
11884
11887
11890
11892
11895
11899
11902
11905
11908
11911
11914
11917
11920
11923
11926
11929
11932
11935
11938
11941
11944
11947
11950
11953
11956
11959
11962
11965
11968
11971
11974
11977
11980
11982
11984
11987
11989
11991
11994
11996
11998
12001
12003
12005
12008
12010
12012
12015
12017
12019
12022
12024
12026
12029
12031
12033
12036
12038
12040
12043
12045
12047
12050
12052
12054
12057
12059
12061
12064
12066
12068
12071
12073
12075
12078
12080
12082
12085
12087
12090
12093
12096
12100
12103
12107
12110
12114
12117
12120
12124
12127
12131
12134
12138
12141
12144
12148
12151
12155
12158
12162
12165
12168
12172
12175
12179
12182
12186
12189
12192
12196
12199
12203
12206
12210
12212
12215
12218
12221
12223
12226
12229
12232
12234
12237
12240
12243
12245
12248
12251
12254
12256
12259
12262
12265
12267
12270
12273
12276
12278
12281
12284
12287
12289
12292
12295
12298
12300
12303
12306
12309
12311
12314
12317
12320
12323
12326
12330
12333
12337
12340
12344
12347
12351
12354
12357
12361
12364
12368
12371
12375
12378
12382
12385
12388
12392
12395
12399
12402
12406
12409
12413
12416
12420
12446
12473
12500
12526
12553
12580
12583
12586
12589
12592
12595
12598
12601
12604
12607
12610
12613
12616
12619
12622
12625
12628
12631
12634
12637
12640
12643
12646
12649
12652
12655
12658
12661
12664
12667
12670
12673
12676
12680
12686
12693
12699
12706
12712
12719
12725
12732
12738
12745
12751
12758
12764
12771
12777
12784
12790
12797
12803
12810
12812
12814
12817
12819
12822
12824
12826
12829
12831
12834
12836
12838
12841
12843
12846
12848
12850
12853
12855
12858
12860
12862
12865
12867
12870
12872
12875
12877
12879
12882
12884
12887
12889
12891
12894
12896
12899
12901
12903
12906
12908
12911
12913
12915
12918
12920
12923
12925
12927
12930
12932
12935
12937
12940
12943
12946
12949
12952
12955
12958
12962
12965
12968
12971
12974
12977
12980
12984
12987
12990
12993
12996
12999
13002
13006
13009
13012
13015
13018
13021
13024
13028
13031
13034
13037
13040
13043
13046
13050
13052
13055
13058
13061
13063
13066
13069
13072
13075
13077
13080
13083
13086
13089
13091
13094
13097
13100
13103
13105
13108
13111
13114
13116
13119
13122
13125
13128
13130
13133
13136
13139
13142
13144
13147
13150
13153
13156
13158
13161
13164
13167
13170
13173
13176
13180
13183
13187
13190
13193
13197
13200
13204
13207
13210
13214
13217
13221
13224
13227
13231
13234
13238
13241
13245
13248
13251
13255
13258
13262
13265
13268
13272
13275
13279
13282
13285
13289
13292
13296
13299
13302
13306
13309
13313
13316
13320
13322
13324
13327
13329
13331
13334
13336
13339
13341
13343
13346
13348
13350
13353
13355
13358
13360
13362
13365
13367
13370
13372
13374
13377
13379
13381
13384
13386
13389
13391
13393
13396
13398
13400
13403
13405
13408
13410
13412
13415
13417
13420
13424
13428
13432
13436
13440
13444
13448
13452
13456
13460
13464
13468
13472
13476
13480
13485
13489
13493
13497
13501
13505
13509
13513
13517
13521
13525
13529
13533
13537
13541
13545
13550
13552
13554
13557
13559
13562
13564
13567
13569
13572
13574
13576
13579
13581
13584
13586
13589
13591
13594
13596
13598
13601
13603
13606
13608
13611
13613
13616
13618
13621
13623
13625
13628
13630
13633
13635
13638
13640
13643
13645
13647
13650
13652
13655
13657
13660
13662
13665
13667
13670
13673
13676
13680
13683
13686
13690
13693
13696
13700
13703
13706
13709
13713
13716
13719
13723
13726
13730
13733
13736
13740
13743
13746
13750
13753
13756
13760
13763
13766
13770
13773
13776
13780
13783
13786
13790
13793
13796
13800
13803
13807
13810
13813
13817
13820
13824
13827
13831
13834
13837
13841
13844
13848
13851
13855
13858
13861
13865
13868
13872
13875
13878
13882
13885
13889
13892
13896
13899
13902
13906
13909
13913
13916
13920
13928
13937
13946
13955
13963
13972
13981
13990
13999
14007
14016
14025
14034
14042
14051
14060
14069
14078
14086
14095
14104
14113
14121
14130
14139
14148
14157
14165
14174
14183
14192
14200
14209
14218
14227
14236
14244
14253
14262
14271
14280
14282
14284
14286
14289
14291
14293
14295
14298
14300
14302
14304
14307
14309
14311
14313
14316
14318
14320
14323
14325
14327
14329
14332
14334
14336
14338
14341
14343
14345
14347
14350
14352
14354
14356
14359
14361
14363
14366
14368
14370
14372
14375
14377
14379
14381
14384
14386
14388
14390
14393
14395
14397
14400
14403
14406
14410
14413
14416
14420
14423
14426
14430
14433
14436
14440
14443
14446
14450
14453
14456
14460
14463
14466
14470
14473
14476
14480
14483
14486
14490
14493
14496
14500
14503
14506
14510
14512
14514
14516
14518
14521
14523
14525
14527
14530
14532
14534
14536
14538
14541
14543
14545
14547
14550
14552
14554
14556
14558
14561
14563
14565
14567
14570
14572
14574
14576
14578
14581
14583
14585
14587
14590
14592
14594
14596
14598
14601
14603
14605
14607
14610
14612
14614
14616
14618
14621
14623
14625
14627
14630
14633
14637
14641
14645
14649
14653
14657
14660
14664
14668
14672
14676
14680
14684
14688
14691
14695
14699
14703
14707
14711
14715
14719
14722
14726
14730
14734
14738
14742
14746
14750
14752
14754
14756
14759
14761
14763
14766
14768
14770
14773
14775
14777
14780
14782
14784
14786
14789
14791
14793
14796
14798
14800
14803
14805
14807
14809
14812
14814
14816
14819
14821
14823
14826
14828
14830
14833
14835
14837
14840
14842
14844
14846
14849
14851
14853
14856
14858
14860
14863
14865
14867
14870
14880
14890
14901
14911
14921
14932
14942
14952
14963
14973
14983
14994
15004
15014
15025
15035
15045
15056
15066
15076
15087
15097
15107
15118
15128
15138
15149
15159
15170
15172
15175
15178
15180
15183
15186
15188
15191
15194
15196
15199
15202
15204
15207
15210
15212
15215
15218
15220
15223
15226
15229
15231
15234
15237
15239
15242
15245
15247
15250
15253
15255
15258
15261
15263
15266
15269
15271
15274
15277
15280
15283
15286
15290
15293
15297
15301
15304
15308
15311
15315
15318
15322
15325
15328
15332
15336
15339
15343
15346
15350
15353
15357
15360
15363
15367
15371
15374
15378
15381
15385
15388
15392
15395
15399
15402
15406
15409
15413
15416
15420
15422
15425
15427
15430
15432
15435
15437
15440
15442
15445
15448
15450
15453
15455
15458
15460
15463
15465
15468
15471
15473
15476
15478
15481
15483
15486
15488
15491
15494
15496
15499
15501
15504
15506
15509
15511
15514
15517
15519
15522
15524
15527
15529
15532
15534
15537
15540
15546
15552
15559
15565
15571
15578
15584
15591
15597
15603
15610
15616
15623
15629
15635
15642
15648
15655
15661
15667
15674
15680
15686
15693
15699
15706
15712
15718
15725
15731
15738
15744
15750
15757
15763
15770
15772
15774
15776
15778
15781
15783
15785
15787
15790
15792
15794
15796
15798
15801
15803
15805
15807
15809
15812
15814
15816
15818
15821
15823
15825
15827
15830
15832
15834
15836
15838
15841
15843
15845
15847
15850
15852
15854
15856
15858
15861
15863
15865
15867
15870
15874
15878
15882
15886
15890
15895
15899
15903
15907
15911
15915
15920
15924
15928
15932
15936
15940
15945
15949
15953
15957
15961
15965
15969
15974
15978
15982
15986
15990
15995
15999
16003
16007
16011
16015
16020
16022
16024
16026
16029
16031
16033
16035
16038
16040
16042
16044
16047
16049
16051
16053
16056
16058
16060
16063
16065
16067
16069
16072
16074
16076
16078
16081
16083
16085
16087
16090
16092
16094
16096
16099
16101
16103
16106
16108
16110
16112
16115
16117
16119
16121
16124
16126
16128
16130
16133
16135
16137
16140
16143
16147
16151
16154
16158
16161
16165
16169
16173
16176
16180
16184
16187
16191
16195
16198
16202
16206
16209
16213
16216
16220
16224
16228
16231
16235
16239
16242
16246
16250
16252
16254
16256
16258
16261
16263
16265
16267
16270
16272
16274
16276
16278
16281
16283
16285
16287
16290
16292
16294
16296
16298
16301
16303
16305
16307
16309
16312
16314
16316
16318
16321
16323
16325
16327
16330
16332
16334
16336
16338
16341
16343
16345
16347
16350
16352
16354
16356
16358
16361
16363
16365
16367
16370
16374
16378
16383
16387
16391
16396
16400
16404
16409
16413
16417
16422
16426
16430
16435
16439
16443
16448
16452
16456
16461
16465
16469
16474
16478
16482
16487
16491
16495
16500
16504
16508
16513
16517
16522
16526
16531
16535
16540
16544
16548
16553
16557
16562
16566
16571
16575
16580
16584
16588
16593
16597
16602
16606
16611
16615
16620
16624
16628
16633
16637
16642
16646
16651
16655
16660
16664
16668
16673
16677
16682
16686
16691
16695
16700
16704
16708
16713
16717
16722
16726
16731
16735
16740
16742
16744
16746
16748
16751
16753
16755
16757
16759
16762
16764
16766
16768
16771
16773
16775
16777
16779
16782
16784
16786
16788
16791
16793
16795
16797
16799
16802
16804
16806
16808
16811
16813
16815
16817
16820
16822
16824
16826
16828
16831
16833
16835
16837
16840
16842
16844
16846
16848
16851
16853
16855
16857
16860
16864
16868
16872
16876
16880
16884
16888
16892
16896
16900
16904
16908
16912
16917
16921
16925
16929
16933
16937
16941
16945
16949
16953
16957
16961
16965
16970
16972
16974
16976
16978
16981
16983
16985
16987
16990
16992
16994
16996
16998
17001
17003
17005
17007
17009
17012
17014
17016
17018
17021
17023
17025
17027
17029
17032
17034
17036
17038
17041
17043
17045
17047
17050
17052
17054
17056
17058
17061
17063
17065
17067
17070
17072
17074
17076
17078
17081
17083
17085
17087
17090
17094
17098
17102
17106
17110
17115
17119
17123
17127
17131
17136
17140
17144
17148
17152
17157
17161
17165
17169
17173
17178
17182
17186
17190
17194
17199
17203
17207
17211
17215
17220
17222
17224
17227
17229
17231
17234
17236
17239
17241
17243
17246
17248
17251
17253
17255
17258
17260
17263
17265
17267
17270
17272
17275
17277
17279
17282
17284
17286
17289
17291
17294
17296
17298
17301
17303
17306
17308
17310
17313
17315
17318
17320
17322
17325
17327
17330
17334
17338
17342
17346
17350
17354
17358
17363
17367
17371
17375
17379
17383
17387
17392
17396
17400
17404
17408
17412
17416
17421
17425
17429
17433
17437
17441
17445
17450
17452
17454
17456
17458
17461
17463
17465
17467
17470
17472
17474
17476
17479
17481
17483
17485
17488
17490
17492
17494
17497
17499
17501
17503
17506
17508
17510
17512
17515
17517
17519
17521
17524
17526
17528
17530
17533
17535
17537
17539
17542
17544
17546
17548
17551
17553
17555
17557
17560
17568
17577
17586
17594
17603
17612
17620
17629
17637
17646
17655
17663
17672
17681
17689
17698
17707
17716
17724
17733
17742
17750
17759
17768
17776
17785
17794
17802
17811
17820
17822
17824
17826
17828
17831
17833
17835
17837
17840
17842
17844
17846
17848
17851
17853
17855
17857
17860
17862
17864
17866
17868
17871
17873
17875
17877
17880
17882
17884
17886
17888
17891
17893
17895
17897
17900
17902
17904
17906
17908
17911
17913
17915
17917
17920
17923
17927
17931
17935
17939
17943
17947
17951
17955
17958
17962
17966
17970
17974
17978
17982
17986
17990
17993
17997
18001
18005
18009
18013
18017
18021
18025
18028
18032
18036
18040
18044
18048
18052
18056
18060
18063
18066
18069
18072
18075
18078
18081
18084
18087
18091
18094
18097
18100
18103
18106
18109
18112
18116
18119
18122
18125
18128
18131
18134
18137
18140
18144
18147
18150
18153
18156
18159
18162
18165
18168
18172
18175
18178
18181
18184
18187
18190
18193
18196
18200
18202
18205
18208
18211
18214
18217
18220
18222
18225
18228
18231
18234
18237
18240
18242
18245
18248
18251
18254
18257
18259
18262
18265
18268
18271
18274
18277
18280
18282
18285
18288
18291
18294
18297
18300
18302
18305
18308
18311
18314
18317
18320
18326
18332
18338
18344
18350
18356
18363
18369
18375
18381
18387
18393
18400
18406
18412
18418
18424
18430
18436
18443
18449
18455
18461
18467
18473
18480
18486
18492
18498
18504
18510
18516
18523
18529
18535
18541
18547
18553
18560
18561
18564
18566
18567
18570
18572
18573
18576
18578
18580
18582
18584
18586
18587
18590
18592
18593
18596
18598
18599
18602
18604
18605
18608
18610
18612
18614
18616
18618
18620
18622
18624
18626
18628
18630
18632
18634
18636
18637
18640
18642
18644
18646
18648
18650
18652
18654
18656
18658
18660
18664
18669
18674
18679
18684
18688
18693
18698
18703
18708
18712
18717
18722
18727
18732
18737
18741
18746
18751
18756
18761
18765
18770
18775
18780
18785
18790
18792
18794
18797
18800
18802
18805
18807
18810
18812
18814
18817
18820
18822
18825
18827
18830
18832
18835
18837
18840
18842
18845
18847
18850
18852
18855
18857
18860
18862
18865
18867
18870
18872
18875
18877
18880
18882
18885
18887
18890
18900
18910
18920
18930
18940
18950
18960
18970
18980
18990
19000
19010
19020
19030
19032
19035
19037
19040
19042
19045
19047
19050
19052
19055
19057
19060
19062
19065
19067
19070
19072
19075
19077
19080
19082
19085
19087
19090
19092
19095
19097
19100
19102
19105
19107
19110
19112
19115
19117
19119
19122
19125
19127
19130
19132
19135
19137
19140
19142
19145
19147
19150
19153
19155
19158
19160
19163
19165
19168
19170
19173
19176
19178
19181
19183
19186
19188
19191
19193
19196
19199
19201
19204
19206
19209
19211
19214
19216
19219
19222
19224
19227
19229
19232
19234
19237
19240
19242
19245
19248
19251
19254
19257
19260
19263
19266
19269
19272
19275
19278
19281
19284
19287
19290
19293
19296
19299
19302
19305
19308
19311
19314
19317
19320
19323
19326
19329
19332
19335
19338
19341
19344
19347
19350
19352
19355
19358
19361
19363
19366
19369
19372
19375
19377
19380
19383
19386
19388
19391
19394
19397
19400
19402
19405
19408
19411
19413
19416
19419
19422
19425
19427
19430
19433
19436
19438
19441
19444
19447
19450
19454
19458
19462
19466
19471
19475
19479
19483
19488
19492
19496
19500
19505
19509
19513
19517
19521
19526
19530
19534
19538
19543
19547
19551
19555
19560
19567
19574
19581
19588
19595
19602
19610
19617
19624
19631
19638
19645
19652
19660
19667
19674
19681
19688
19695
19702
19710
19717
19724
19731
19738
19745
19752
19760
19762
19764
19767
19769
19771
19774
19776
19778
19781
19783
19785
19788
19790
19792
19795
19797
19799
19802
19804
19806
19809
19811
19813
19816
19818
19820
19823
19825
19827
19830
19832
19834
19837
19839
19841
19844
19846
19848
19851
19853
19855
19858
19860
19862
19865
19867
19870
19877
19885
19893
19900
19908
19916
19924
19931
19939
19947
19954
19962
19970
19978
19985
19993
20001
20008
20016
20024
20032
20039
20047
20055
20062
20070
20078
20086
20093
20101
20109
20116
20124
20132
20140
20142
20144
20146
20149
20151
20153
20156
20158
20160
20162
20165
20167
20169
20172
20174
20176
20178
20181
20183
20185
20188
20190
20192
20195
20197
20199
20201
20204
20206
20208
20211
20213
20215
20217
20220
20222
20224
20227
20229
20231
20233
20236
20238
20240
20243
20245
20247
20250
20254
20258
20262
20267
20271
20275
20280
20284
20288
20292
20297
20301
20305
20310
20314
20318
20322
20327
20331
20335
20340
20344
20348
20352
20357
20361
20365
20370
20372
20374
20376
20378
20381
20383
20385
20387
20390
20392
20394
20396
20398
20401
20403
20405
20407
20410
20412
20414
20416
20418
20421
20423
20425
20427
20430
20432
20434
20436
20438
20441
20443
20445
20447
20450
20452
20454
20456
20458
20461
20463
20465
20467
20470
20472
20474
20476
20478
20481
20483
20485
20487
20490
20494
20499
20503
20508
20513
20517
20522
20527
20531
20536
20541
20545
20550
20555
20559
20564
20568
20573
20578
20582
20587
20592
20596
20601
20606
20610
20615
20620
20622
20625
20627
20630
20632
20635
20637
20640
20643
20645
20648
20650
20653
20655
20658
20660
20663
20666
20668
20671
20673
20676
20678
20681
20683
20686
20689
20691
20694
20696
20699
20701
20704
20706
20709
20712
20714
20717
20719
20722
20724
20727
20730
20754
20778
20802
20826
20850
20851
20853
20855
20857
20859
20861
20863
20865
20867
20869
20871
20873
20875
20877
20879
20881
20883
20885
20887
20889
20891
20893
20895
20897
20899
20900
20902
20904
20906
20908
20910
20912
20914
20916
20918
20920
20922
20924
20926
20928
20930
20932
20934
20936
20938
20940
20942
20944
20946
20948
20950
20954
20958
20962
20966
20970
20974
20977
20982
20986
20990
20994
20998
21002
21006
21009
21014
21018
21022
21026
21030
21034
21038
21041
21046
21050
21054
21058
21062
21066
21070
21073
21078
21082
21086
21090
21092
21095
21097
21100
21102
21105
21107
21110
21112
21115
21117
21120
21122
21125
21127
21130
21132
21134
21137
21140
21142
21145
21147
21150
21152
21155
21157
21160
21162
21165
21167
21169
21172
21175
21177
21180
21182
21185
21187
21189
21192
21195
21197
21200
21202
21205
21207
21209
21212
21215
21217
21220
21223
21226
21229
21232
21236
21239
21242
21245
21249
21252
21255
21258
21262
21265
21268
21271
21275
21278
21281
21284
21288
21291
21294
21297
21301
21304
21307
21310
21314
21317
21320
21323
21327
21330
21333
21336
21340
21345
21350
21356
21361
21367
21372
21378
21383
21389
21394
21400
21405
21410
21416
21421
21427
21432
21438
21443
21449
21454
21460
21465
21470
21476
21481
21487
21492
21498
21503
21509
21514
21520
21525
21530
21536
21541
21547
21552
21558
21563
21569
21574
21580
21582
21584
21586
21588
21590
21592
21594
21596
21598
21600
21602
21604
21606
21608
21610
21612
21614
21616
21618
21620
21622
21624
21626
21628
21630
21632
21634
21637
21639
21641
21643
21645
21647
21649
21651
21653
21655
21657
21659
21661
21663
21665
21667
21669
21671
21673
21675
21677
21679
21681
21683
21685
21687
21690
21694
21698
21702
21707
21711
21715
21720
21724
21728
21732
21737
21741
21745
21750
21754
21758
21762
21767
21771
21775
21779
21784
21788
21792
21797
21801
21805
21810
21812
21814
21816
21818
21821
21823
21825
21827
21830
21832
21834
21836
21838
21841
21843
21845
21847
21849
21852
21854
21856
21858
21861
21863
21865
21867
21869
21872
21874
21876
21878
21881
21883
21885
21887
21890
21892
21894
21896
21898
21901
21903
21905
21907
21910
21912
21914
21916
21918
21921
21923
21925
21927
21930
21934
21938
21942
21946
21950
21954
21958
21962
21966
21970
21974
21978
21982
21986
21990
21994
21999
22003
22007
22011
22015
22019
22023
22027
22031
22035
22039
22043
22047
22051
22055
22060
22062
22064
22067
22069
22071
22074
22076
22079
22081
22083
22086
22088
22090
22093
22095
22098
22100
22102
22105
22107
22110
22112
22114
22117
22119
22121
22124
22126
22129
22131
22133
22136
22138
22140
22143
22145
22148
22150
22152
22155
22157
22160
22167
22175
22183
22191
22199
22207
22215
22223
22230
22238
22246
22254
22262
22270
22278
22286
22293
22301
22309
22317
22325
22333
22341
22349
22356
22364
22372
22380
22388
22396
22404
22412
22420
22422
22424
22426
22428
22430
22432
22434
22436
22438
22440
22442
22444
22446
22449
22451
22453
22455
22457
22459
22461
22463
22465
22467
22469
22471
22473
22476
22478
22480
22482
22484
22486
22488
22490
22492
22494
22496
22498
22500
22503
22505
22507
22509
22511
22513
22515
22517
22519
22521
22523
22525
22527
22530
22534
22538
22543
22547
22552
22556
22561
22565
22570
22574
22579
22583
22588
22592
22597
22601
22606
22610
22615
22619
22624
22628
22633
22637
22642
22646
22651
22655
22660
22662
22664
22667
22669
22671
22674
22676
22678
22681
22683
22685
22688
22690
22692
22695
22697
22699
22702
22704
22706
22709
22711
22713
22716
22718
22720
22723
22725
22727
22730
22732
22734
22737
22739
22741
22744
22746
22748
22751
22753
22755
22758
22760
22762
22765
22767
22770
22778
22786
22794
22803
22811
22820
22828
22836
22845
22853
22861
22870
22878
22886
22895
22903
22911
22919
22928
22936
22945
22953
22961
22970
22978
22986
22995
23003
23011
23020
23022
23024
23026
23028
23031
23033
23035
23037
23040
23042
23044
23046
23048
23051
23053
23055
23057
23060
23062
23064
23066
23068
23071
23073
23075
23077
23080
23082
23084
23086
23088
23091
23093
23095
23097
23100
23102
23104
23106
23108
23111
23113
23115
23117
23120
23123
23127
23131
23135
23139
23142
23146
23150
23154
23158
23161
23165
23169
23173
23177
23180
23184
23188
23192
23196
23200
23203
23207
23211
23215
23219
23222
23226
23230
23234
23238
23241
23245
23249
23253
23257
23260
23264
23268
23272
23276
23280
23282
23284
23287
23289
23291
23294
23296
23298
23301
23303
23305
23308
23310
23312
23315
23317
23319
23322
23324
23326
23329
23331
23333
23336
23338
23340
23343
23345
23347
23350
23352
23354
23357
23359
23361
23364
23366
23368
23371
23373
23375
23378
23380
23382
23385
23387
23390
23393
23397
23401
23405
23409
23413
23417
23421
23425
23429
23433
23437
23441
23445
23449
23453
23456
23460
23464
23468
23472
23476
23480
23484
23488
23492
23496
23500
23504
23508
23512
23516
23520
23522
23524
23526
23529
23531
23533
23535
23538
23540
23542
23545
23547
23549
23551
23554
23556
23558
23560
23563
23565
23567
23570
23572
23574
23576
23579
23581
23583
23585
23588
23590
23592
23595
23597
23599
23601
23604
23606
23608
23610
23613
23615
23617
23620
23624
23628
23632
23636
23640
23644
23648
23652
23656
23660
23664
23668
23672
23676
23680
23684
23688
23692
23696
23700
23704
23708
23712
23716
23720
23724
23728
23732
23736
23740
23744
23748
23752
23756
23760
23762
23764
23766
23768
23771
23773
23775
23777
23780
23782
23784
23786
23789
23791
23793
23795
23798
23800
23802
23804
23807
23809
23811
23813
23816
23818
23820
23822
23825
23827
23829
23831
23834
23836
23838
23840
23843
23845
23847
23849
23852
23854
23856
23858
23861
23863
23865
23867
23870
23873
23877
23880
23884
23888
23891
23895
23899
23902
23906
23910
23913
23917
23920
23924
23928
23931
23935
23939
23942
23946
23950
23953
23957
23960
23964
23968
23971
23975
23979
23982
23986
23990
23998
24007
24015
24024
24032
24041
24049
24058
24067
24075
24084
24092
24101
24110
24118
24127
24135
24144
24152
24161
24170
24178
24187
24195
24204
24212
24221
24230
24238
24247
24255
24264
24272
24281
24290
24298
24307
24315
24324
24332
24341
24350
24352
24354
24357
24359
24362
24364
24367
24369
24372
24374
24376
24379
24381
24384
24386
24389
24391
24394
24396
24399
24401
24403
24406
24408
24411
24413
24416
24418
24421
24423
24426
24428
24430
24433
24435
24438
24440
24443
24445
24448
24450
24453
24455
24457
24460
24462
24465
24467
24470
24472
24475
24477
24480
24483
24486
24490
24493
24496
24500
24503
24506
24510
24513
24516
24520
24523
24526
24530
24533
24536
24540
24543
24546
24550
24553
24556
24560
24563
24566
24570
24573
24576
24580
24583
24586
24590
24593
24596
24600
24602
24604
24606
24608
24611
24613
24615
24617
24620
24622
24624
24626
24629
24631
24633
24635
24638
24640
24642
24644
24647
24649
24651
24653
24656
24658
24660
24662
24665
24667
24669
24671
24674
24676
24678
24680
24683
24685
24687
24689
24692
24694
24696
24698
24701
24703
24705
24707
24710
24713
24716
24719
24722
24725
24728
24732
24735
24738
24741
24744
24747
24751
24754
24757
24760
24763
24766
24770
24773
24776
24779
24782
24785
24788
24792
24795
24798
24801
24804
24807
24811
24814
24817
24820
24823
24826
24830
24833
24836
24839
24842
24845
24848
24851
24854
24857
24860
24863
24866
24869
24872
24875
24878
24881
24884
24887
24890
24893
24896
24899
24902
24905
24908
24911
24914
24917
24920
24923
24926
24929
24932
24935
24938
24941
24944
24947
24950
24953
24956
24960
24962
24965
24968
24971
24974
24977
24980
24982
24985
24988
24991
24994
24997
25000
25002
25005
25008
25011
25014
25017
25020
25022
25025
25028
25031
25034
25037
25040
25042
25045
25048
25051
25054
25057
25060
25062
25065
25068
25071
25074
25077
25080
25085
25091
25096
25102
25108
25113
25119
25124
25130
25136
25141
25147
25152
25158
25164
25169
25175
25180
25186
25192
25197
25203
25209
25214
25220
25225
25231
25237
25242
25248
25253
25259
25265
25270
25276
25281
25287
25293
25298
25304
25310
25311
25313
25315
25317
25319
25321
25323
25325
25327
25329
25331
25333
25335
25337
25339
25341
25343
25345
25347
25349
25351
25353
25355
25357
25359
25360
25362
25364
25366
25368
25370
25372
25374
25376
25378
25380
25382
25384
25386
25388
25390
25392
25394
25396
25398
25400
25402
25404
25406
25408
25410
25414
25419
25424
25428
25433
25438
25442
25447
25452
25456
25461
25466
25470
25475
25480
25485
25489
25494
25499
25503
25508
25513
25517
25522
25527
25531
25536
25541
25545
25550
25555
25560
25562
25564
25566
25568
25570
25573
25575
25577
25579
25581
25583
25586
25588
25590
25592
25594
25596
25599
25601
25603
25605
25607
25610
25612
25614
25616
25618
25620
25623
25625
25627
25629
25631
25633
25636
25638
25640
25642
25644
25646
25649
25651
25653
25655
25657
25660
25663
25667
25670
25674
25678
25681
25685
25688
25692
25696
25699
25703
25706
25710
25714
25717
25721
25725
25728
25732
25735
25739
25743
25746
25750
25753
25757
25761
25764
25768
25771
25775
25779
25782
25786
25790
25792
25795
25797
25800
25803
25805
25808
25811
25813
25816
25818
25821
25824
25826
25829
25832
25834
25837
25840
25842
25845
25847
25850
25853
25855
25858
25861
25863
25866
25868
25871
25874
25876
25879
25882
25884
25887
25890
25896
25903
25910
25917
25923
25930
25937
25944
25950
25957
25964
25971
25977
25984
25991
25998
26004
26011
26018
26025
26031
26038
26045
26052
26058
26065
26072
26079
26085
26092
26099
26106
26112
26119
26126
26133
26139
26146
26153
26160
26162
26164
26166
26168
26170
26172
26174
26176
26179
26181
26183
26185
26187
26189
26191
26193
26195
26198
26200
26202
26204
26206
26208
26210
26212
26215
26217
26219
26221
26223
26225
26227
26229
26231
26234
26236
26238
26240
26242
26244
26246
26248
26250
26253
26255
26257
26259
26261
26263
26265
26267
26270
26275
26280
26285
26290
26296
26301
26306
26311
26316
26322
26327
26332
26337
26342
26348
26353
26358
26363
26368
26374
26379
26384
26389
26394
26400
26402
26404
26406
26408
26411
26413
26415
26417
26420
26422
26424
26426
26429
26431
26433
26435
26438
26440
26442
26444
26447
26449
26451
26453
26456
26458
26460
26462
26465
26467
26469
26471
26474
26476
26478
26480
26483
26485
26487
26489
26492
26494
26496
26498
26501
26503
26505
26507
26510
26515
26520
26526
26531
26537
26542
26547
26553
26558
26564
26569
26575
26580
26585
26591
26596
26602
26607
26612
26618
26623
26629
26634
26640
26642
26645
26648
26651
26653
26656
26659
26662
26664
26667
26670
26673
26675
26678
26681
26684
26686
26689
26692
26695
26697
26700
26703
26706
26708
26711
26714
26717
26719
26722
26725
26728
26730
26733
26736
26739
26741
26744
26747
26750
26777
26805
26833
26861
26888
26916
26944
26972
27000
27002
27004
27006
27008
27010
27012
27014
27016
27018
27020
27022
27024
27026
27029
27031
27033
27035
27037
27039
27041
27043
27045
27047
27049
27051
27053
27056
27058
27060
27062
27064
27066
27068
27070
27072
27074
27076
27078
27080
27083
27085
27087
27089
27091
27093
27095
27097
27099
27101
27103
27105
27107
27110
27114
27118
27122
27127
27131
27136
27140
27144
27149
27153
27157
27162
27166
27170
27174
27179
27183
27188
27192
27196
27201
27205
27209
27214
27218
27222
27226
27231
27235
27240
27242
27244
27246
27248
27250
27252
27254
27256
27258
27260
27262
27264
27266
27269
27271
27273
27275
27277
27279
27281
27283
27285
27287
27289
27291
27293
27296
27298
27300
27302
27304
27306
27308
27310
27312
27314
27316
27318
27320
27323
27325
27327
27329
27331
27333
27335
27337
27339
27341
27343
27345
27347
27350
27353
27357
27361
27365
27369
27373
27377
27380
27384
27388
27392
27396
27400
27404
27408
27411
27415
27419
27423
27427
27431
27435
27439
27442
27446
27450
27454
27458
27462
27466
27470
27472
27474
27476
27479
27481
27483
27485
27488
27490
27492
27494
27497
27499
27501
27503
27506
27508
27510
27513
27515
27517
27519
27522
27524
27526
27528
27531
27533
27535
27537
27540
27542
27544
27546
27549
27551
27553
27556
27558
27560
27562
27565
27567
27569
27571
27574
27576
27578
27580
27583
27585
27587
27590
27594
27598
27602
27606
27610
27614
27618
27623
27627
27631
27635
27639
27643
27647
27652
27656
27660
27664
27668
27672
27676
27681
27685
27689
27693
27697
27701
27705
27710
27712
27714
27717
27719
27722
27724
27727
27729
27732
27734
27736
27739
27741
27744
27746
27749
27751
27754
27756
27759
27761
27763
27766
27768
27771
27773
27776
27778
27781
27783
27786
27788
27790
27793
27795
27798
27800
27803
27805
27808
27810
27813
27815
27817
27820
27822
27825
27827
27830
27832
27835
27837
27840
27844
27849
27854
27858
27863
27868
27872
27877
27882
27886
27891
27896
27900
27905
27910
27914
27919
27924
27928
27933
27938
27942
27947
27952
27956
27961
27966
27970
27975
27980
27982
27984
27986
27988
27990
27992
27994
27996
27998
28000
28002
28004
28006
28009
28011
28013
28015
28017
28019
28021
28023
28025
28027
28029
28031
28033
28036
28038
28040
28042
28044
28046
28048
28050
28052
28054
28056
28058
28060
28063
28065
28067
28069
28071
28073
28075
28077
28079
28081
28083
28085
28087
28090
28094
28099
28103
28108
28113
28117
28122
28127
28131
28136
28141
28145
28150
28155
28159
28164
28168
28173
28178
28182
28187
28192
28196
28201
28206
28210
28215
28220
28222
28224
28226
28228
28230
28232
28234
28236
28238
28240
28242
28244
28246
28249
28251
28253
28255
28257
28259
28261
28263
28265
28267
28269
28271
28273
28276
28278
28280
28282
28284
28286
28288
28290
28292
28294
28296
28298
28300
28303
28305
28307
28309
28311
28313
28315
28317
28319
28321
28323
28325
28327
28330
28334
28339
28343
28348
28353
28357
28362
28367
28371
28376
28381
28385
28390
28395
28399
28404
28408
28413
28418
28422
28427
28432
28436
28441
28446
28450
28455
28460
28462
28464
28466
28468
28471
28473
28475
28477
28479
28482
28484
28486
28488
28490
28493
28495
28497
28499
28501
28504
28506
28508
28510
28512
28515
28517
28519
28521
28523
28526
28528
28530
28532
28534
28537
28539
28541
28543
28545
28548
28550
28552
28554
28556
28559
28561
28563
28565
28567
28570
28573
28577
28581
28585
28589
28593
28596
28600
28604
28608
28612
28616
28620
28623
28627
28631
28635
28639
28643
28646
28650
28654
28658
28662
28666
28670
28820
28822
28824
28826
28828
28830
28833
28835
28837
28839
28841
28843
28846
28848
28850
28852
28854
28856
28859
28861
28863
28865
28867
28870
28872
28874
28876
28878
28880
28883
28885
28887
28889
28891
28893
28896
28898
28900
28902
28904
28906
28909
28911
28913
28915
28917
28920
28937
28955
28972
28990
29007
29025
29042
29060
29062
29064
29066
29068
29070
29072
29074
29076
29078
29080
29082
29085
29087
29089
29091
29093
29095
29097
29099
29101
29103
29105
29107
29110
29112
29114
29116
29118
29120
29122
29124
29126
29128
29130
29132
29134
29137
29139
29141
29143
29145
29147
29149
29151
29153
29155
29157
29160
29167
29175
29183
29191
29199
29207
29215
29223
29230
29238
29246
29254
29262
29270
29278
29286
29293
29301
29309
29317
29325
29333
29341
29349
29356
29364
29372
29380
29388
29396
29404
29412
29420
29422
29424
29426
29428
29430
29432
29434
29436
29439
29441
29443
29445
29447
29449
29451
29453
29455
29458
29460
29462
29464
29466
29468
29470
29472
29475
29477
29479
29481
29483
29485
29487
29489
29491
29494
29496
29498
29500
29502
29504
29506
29508
29510
29513
29515
29517
29519
29521
29523
29525
29527
29530
29534
29538
29543
29547
29551
29556
29560
29564
29569
29573
29577
29582
29586
29590
29595
29599
29603
29608
29612
29616
29621
29625
29629
29634
29638
29642
29647
29651
29655
29660
29664
29668
29673
29677
29682
29686
29690
29695
29699
29704
29708
29713
29717
29721
29726
29730
29735
29739
29744
29748
29752
29757
29761
29766
29770
29775
29779
29783
29788
29792
29797
29801
29805
29810
29814
29819
29823
29828
29832
29836
29841
29845
29850
29854
29859
29863
29867
29872
29876
29881
29885
29890
29892
29894
29896
29898
29901
29903
29905
29907
29909
29912
29914
29916
29918
29920
29923
29925
29927
29929
29931
29934
29936
29938
29940
29942
29945
29947
29949
29951
29953
29956
29958
29960
29962
29964
29967
29969
29971
29973
29975
29978
29980
29982
29984
29986
29989
29991
29993
29995
29997
30000
