2
4
6
8
11
13
15
17
20
22
24
26
29
31
33
35
38
40
42
44
47
49
51
53
56
58
60
62
65
67
69
71
74
76
78
80
83
85
87
89
92
94
96
98
101
103
105
107
110
112
115
118
120
123
126
128
131
134
137
139
142
145
147
150
153
155
158
161
164
166
169
172
174
177
180
182
185
188
191
193
196
199
201
204
207
210
212
215
218
221
224
227
230
233
236
238
241
244
247
250
253
256
259
262
265
267
270
273
276
279
282
285
288
291
293
296
299
302
305
308
311
314
317
320
322
325
328
331
334
337
340
342
345
348
351
354
357
360
362
365
368
371
374
377
380
382
385
388
391
394
397
400
402
405
408
411
414
417
420
423
426
429
432
435
438
442
445
448
451
454
457
460
463
467
470
473
476
479
482
486
489
492
495
498
501
504
508
511
514
517
520
523
526
530
532
535
537
540
542
545
547
550
553
555
558
560
563
565
568
571
573
576
578
581
583
586
588
591
594
596
599
601
604
606
609
612
614
617
619
622
624
627
630
632
635
637
640
642
645
647
650
653
655
658
660
663
665
668
670
673
676
678
681
683
686
688
691
693
696
699
701
704
706
709
711
714
716
719
722
724
727
729
732
734
737
740
742
745
747
750
752
755
757
760
763
765
768
770
773
775
778
780
783
786
788
791
793
796
798
801
803
806
809
811
814
816
819
821
824
826
829
832
834
837
839
842
844
847
850
852
855
857
860
863
865
868
871
873
876
878
881
884
886
889
892
894
897
899
902
905
907
910
913
915
918
921
923
926
928
931
934
936
939
942
944
947
950
952
955
958
960
963
966
968
971
974
976
979
982
984
987
990
992
995
998
1000
1003
1006
1009
1011
1014
1017
1019
1022
1025
1027
1030
1033
1035
1038
1041
1043
1046
1049
1051
1054
1057
1060
1062
1064
1066
1069
1071
1073
1076
1078
1080
1083
1085
1087
1090
1092
1094
1097
1099
1101
1104
1106
1108
1111
1113
1115
1118
1120
1122
1125
1127
1129
1132
1134
1136
1139
1141
1143
1146
1148
1150
1153
1155
1157
1160
1162
1165
1167
1170
1172
1174
1177
1180
1182
1185
1187
1190
1192
1194
1197
1200
1202
1205
1207
1210
1212
1214
1217
1220
1222
1225
1227
1230
1232
1234
1237
1240
1242
1245
1247
1250
1252
1255
1257
1260
1262
1265
1267
1270
1272
1274
1277
1279
1281
1284
1286
1288
1291
1293
1295
1298
1300
1302
1305
1307
1309
1312
1314
1316
1319
1321
1323
1326
1328
1330
1333
1335
1337
1340
1342
1344
1347
1349
1351
1354
1356
1358
1361
1363
1365
1368
1370
1372
1375
1377
1380
1382
1385
1388
1391
1393
1396
1399
1402
1404
1407
1410
1412
1415
1418
1421
1424
1426
1429
1432
1435
1437
1440
1443
1446
1448
1451
1454
1456
1459
1462
1465
1468
1470
1473
1476
1479
1481
1484
1487
1490
1492
1494
1496
1498
1500
1502
1505
1507
1509
1511
1513
1515
1518
1520
1522
1524
1526
1528
1530
1533
1535
1537
1539
1541
1543
1546
1548
1550
1552
1554
1556
1559
1561
1563
1565
1567
1569
1571
1574
1576
1578
1580
1582
1584
1587
1589
1591
1593
1595
1597
1600
1602
1604
1606
1608
1610
1612
1614
1617
1619
1621
1623
1625
1627
1629
1631
1634
1636
1638
1640
1642
1644
1646
1648
1651
1653
1655
1657
1659
1661
1663
1665
1668
1670
1672
1674
1676
1678
1680
1682
1685
1687
1689
1691
1693
1695
1697
1700
1702
1704
1707
1709
1711
1714
1716
1719
1721
1723
1726
1728
1731
1733
1735
1738
1740
1743
1745
1747
1750
1752
1755
1757
1759
1762
1764
1766
1769
1771
1774
1776
1778
1781
1783
1786
1788
1790
1793
1795
1798
1800
1802
1805
1807
1810
1812
1815
1817
1820
1822
1825
1827
1830
1833
1835
1838
1840
1843
1845
1848
1851
1853
1856
1858
1861
1863
1866
1868
1871
1874
1876
1879
1881
1884
1886
1889
1892
1894
1897
1899
1902
1904
1907
1910
1911
1913
1915
1917
1919
1921
1923
1924
1926
1928
1930
1932
1934
1936
1937
1939
1941
1943
1945
1947
1949
1951
1952
1954
1956
1958
1960
1962
1964
1965
1967
1969
1971
1973
1975
1977
1978
1980
1982
1984
1986
1988
1990
1992
1993
1995
1997
1999
2001
2003
2005
2006
2008
2010
2012
2014
2016
2018
2020
2022
2024
2026
2028
2030
2032
2034
2036
2038
2040
2042
2044
2046
2049
2051
2053
2055
2057
2059
2061
2063
2065
2067
2069
2071
2073
2076
2078
2080
2082
2084
2086
2088
2090
2092
2094
2096
2098
2100
2103
2105
2107
2109
2111
2113
2115
2117
2119
2121
2123
2125
2127
2130
2132
2134
2136
2138
2140
2142
2144
2146
2149
2151
2153
2155
2157
2159
2161
2163
2165
2168
2170
2172
2174
2176
2178
2180
2182
2185
2187
2189
2191
2193
2195
2197
2199
2201
2204
2206
2208
2210
2212
2214
2216
2218
2220
2223
2225
2227
2229
2231
2233
2235
2237
2240
2242
2244
2247
2249
2251
2254
2256
2258
2261
2263
2265
2268
2270
2272
2275
2277
2279
2282
2284
2286
2289
2291
2293
2296
2298
2300
2303
2305
2307
2310
2312
2314
2317
2319
2321
2324
2326
2328
2331
2333
2335
2338
2340
2342
2345
2347
2350
2352
2355
2358
2360
2363
2366
2368
2371
2374
2377
2379
2382
2385
2387
2390
2393
2395
2398
2401
2404
2406
2409
2412
2414
2417
2420
2422
2425
2428
2431
2433
2436
2439
2441
2444
2447
2450
2452
2454
2457
2459
2461
2464
2466
2468
2471
2473
2475
2478
2480
2482
2485
2487
2489
2492
2494
2496
2499
2501
2503
2506
2508
2510
2513
2515
2517
2520
2522
2524
2527
2529
2531
2534
2536
2538
2541
2543
2545
2548
2550
2552
2555
2557
2560
2562
2565
2567
2570
2572
2575
2577
2580
2582
2585
2587
2590
2592
2595
2597
2600
2602
2605
2607
2610
2612
2615
2617
2620
2622
2625
2627
2630
2632
2635
2637
2640
2642
2645
2647
2650
2652
2655
2657
2660
2662
2665
2668
2671
2674
2676
2679
2682
2685
2688
2691
2693
2696
2699
2702
2705
2707
2710
2713
2716
2719
2722
2724
2727
2730
2733
2736
2738
2741
2744
2747
2750
2753
2755
2758
2761
2764
2767
2770
2771
2773
2775
2777
2779
2781
2783
2785
2787
2788
2790
2792
2794
2796
2798
2800
2802
2804
2806
2807
2809
2811
2813
2815
2817
2819
2821
2823
2825
2826
2828
2830
2832
2834
2836
2838
2840
2842
2843
2845
2847
2849
2851
2853
2855
2857
2859
2861
2862
2864
2866
2868
2870
2872
2874
2876
2878
2880
2882
2884
2886
2888
2890
2892
2895
2897
2899
2901
2903
2905
2908
2910
2912
2914
2916
2918
2920
2923
2925
2927
2929
2931
2933
2936
2938
2940
2942
2944
2946
2949
2951
2953
2955
2957
2959
2961
2964
2966
2968
2970
2972
2974
2977
2979
2981
2983
2985
2987
2990
2992
2995
2997
3000
3003
3005
3008
3010
3013
3016
3018
3021
3024
3026
3029
3031
3034
3037
3039
3042
3045
3047
3050
3052
3055
3058
3060
3063
3065
3068
3071
3073
3076
3079
3081
3084
3086
3089
3092
3094
3097
3100
3102
3104
3106
3108
3110
3112
3114
3117
3119
3121
3123
3125
3127
3129
3131
3134
3136
3138
3140
3142
3144
3146
3148
3151
3153
3155
3157
3159
3161
3163
3165
3168
3170
3172
3174
3176
3178
3180
3182
3185
3187
3189
3191
3193
3195
3197
3200
3202
3205
3207
3210
3212
3215
3217
3220
3222
3225
3227
3230
3232
3235
3237
3240
3242
3245
3247
3250
3252
3255
3257
3260
3262
3265
3267
3270
3272
3275
3277
3280
3282
3285
3287
3290
3292
3295
3297
3300
3302
3305
3307
3310
3312
3314
3316
3318
3320
3322
3324
3326
3328
3330
3332
3334
3336
3338
3340
3342
3344
3346
3348
3350
3352
3354
3356
3358
3361
3363
3365
3367
3369
3371
3373
3375
3377
3379
3381
3383
3385
3387
3389
3391
3393
3395
3397
3399
3401
3403
3405
3407
3410
3412
3415
3418
3421
3423
3426
3429
3432
3434
3437
3440
3443
3445
3448
3451
3454
3456
3459
3462
3465
3467
3470
3473
3476
3478
3481
3484
3487
3489
3492
3495
3498
3500
3503
3506
3509
3511
3514
3517
3520
3522
3525
3527
3530
3532
3535
3537
3540
3542
3545
3548
3550
3553
3555
3558
3560
3563
3565
3568
3571
3573
3576
3578
3581
3583
3586
3588
3591
3594
3596
3599
3601
3604
3606
3609
3611
3614
3617
3619
3622
3624
3627
3629
3632
3634
3637
3640
3642
3645
3647
3650
3653
3655
3658
3660
3663
3666
3668
3671
3674
3676
3679
3681
3684
3687
3689
3692
3695
3697
3700
3702
3705
3708
3710
3713
3715
3718
3721
3723
3726
3729
3731
3734
3736
3739
3742
3744
3747
3750
3752
3754
3757
3759
3761
3764
3766
3768
3771
3773
3775
3778
3780
3782
3785
3787
3789
3792
3794
3796
3799
3801
3803
3806
3808
3810
3813
3815
3817
3820
3822
3824
3827
3829
3831
3834
3836
3838
3841
3843
3845
3848
3850
3852
3855
3857
3860
3862
3865
3867
3870
3872
3875
3877
3880
3883
3885
3888
3890
3893
3895
3898
3901
3903
3906
3908
3911
3913
3916
3918
3921
3924
3926
3929
3931
3934
3936
3939
3942
3944
3947
3949
3952
3954
3957
3960
3962
3964
3966
3968
3970
3972
3975
3977
3979
3981
3983
3985
3988
3990
3992
3994
3996
3998
4000
4003
4005
4007
4009
4011
4013
4016
4018
4020
4022
4024
4026
4029
4031
4033
4035
4037
4039
4041
4044
4046
4048
4050
4052
4054
4057
4059
4061
4063
4065
4067
4070
4072
4074
4076
4078
4081
4083
4085
4087
4090
4092
4094
4096
4098
4101
4103
4105
4107
4110
4112
4114
4116
4118
4121
4123
4125
4127
4130
4132
4134
4136
4138
4141
4143
4145
4147
4150
4152
4154
4156
4158
4161
4163
4165
4167
4170
4172
4174
4176
4178
4181
4183
4185
4187
4189
4192
4194
4196
4198
4200
4203
4205
4207
4209
4211
4214
4216
4218
4220
4222
4225
4227
4229
4231
4233
4236
4238
4240
4242
4244
4247
4249
4251
4253
4255
4258
4260
4262
4264
4266
4269
4271
4273
4275
4277
4280
4282
4285
4288
4291
4293
4296
4299
4302
4305
4307
4310
4313
4316
4318
4321
4324
4327
4330
4332
4335
4338
4341
4343
4346
4349
4352
4355
4357
4360
4363
4366
4368
4371
4374
4377
4380
4382
4385
4388
4391
4393
4396
4399
4402
4404
4407
4410
4413
4415
4418
4421
4424
4426
4429
4432
4435
4437
4440
4443
4446
4448
4451
4454
4457
4459
4462
4465
4468
4470
4473
4476
4479
4481
4484
4487
4490
4492
4495
4498
4500
4503
4506
4508
4511
4514
4516
4519
4522
4524
4527
4530
4532
4535
4538
4540
4543
4546
4549
4551
4554
4557
4559
4562
4565
4567
4570
4573
4575
4578
4581
4583
4586
4589
4591
4594
4597
4600
4602
4604
4606
4608
4611
4613
4615
4617
4620
4622
4624
4626
4628
4631
4633
4635
4637
4640
4642
4644
4646
4648
4651
4653
4655
4657
4660
4662
4664
4666
4668
4671
4673
4675
4677
4680
4682
4684
4686
4688
4691
4693
4695
4697
4700
4702
4704
4707
4709
4712
4714
4717
4719
4722
4724
4726
4729
4731
4734
4736
4739
4741
4744
4746
4748
4751
4753
4756
4758
4761
4763
4766
4768
4770
4773
4775
4778
4780
4783
4785
4787
4790
4792
4795
4797
4800
4802
4805
4807
4810
4812
4815
4817
4820
4822
4825
4827
4830
4833
4835
4838
4840
4843
4845
4848
4851
4853
4856
4858
4861
4863
4866
4868
4871
4874
4876
4879
4881
4884
4886
4889
4892
4894
4897
4899
4902
4904
4907
4910
4912
4914
4916
4918
4920
4922
4924
4926
4928
4930
4932
4934
4936
4939
4941
4943
4945
4947
4949
4951
4953
4955
4957
4959
4961
4963
4966
4968
4970
4972
4974
4976
4978
4980
4982
4984
4986
4988
4990
4993
4995
4997
4999
5001
5003
5005
5007
5009
5011
5013
5015
5017
5020
5022
5025
5028
5030
5033
5036
5038
5041
5044
5046
5049
5052
5054
5057
5060
5062
5065
5068
5070
5073
5076
5079
5081
5084
5087
5089
5092
5095
5097
5100
5103
5105
5108
5111
5113
5116
5119
5121
5124
5127
5130
5132
5135
5138
5140
5143
5146
5148
5151
5154
5156
5159
5162
5164
5167
5170
5172
5175
5178
5180
5183
5186
5189
5191
5194
5197
5199
5202
5205
5207
5210
5213
5215
5218
5221
5223
5226
5229
5231
5234
5237
5240
5242
5245
5248
5251
5254
5257
5260
5263
5266
5268
5271
5274
5277
5280
5283
5286
5289
5292
5295
5297
5300
5303
5306
5309
5312
5315
5318
5321
5323
5326
5329
5332
5335
5338
5341
5344
5347
5350
5352
5355
5357
5360
5362
5365
5367
5370
5373
5375
5378
5380
5383
5385
5388
5391
5393
5396
5398
5401
5403
5406
5408
5411
5414
5416
5419
5421
5424
5426
5429
5432
5434
5437
5439
5442
5444
5447
5450
5452
5455
5458
5461
5464
5467
5470
5473
5476
5479
5482
5485
5488
5491
5494
5497
5500
5503
5506
5509
5512
5515
5518
5521
5524
5527
5530
5533
5536
5539
5542
5545
5548
5551
5554
5557
5560
5562
5564
5566
5568
5570
5573
5575
5577
5579
5581
5583
5586
5588
5590
5592
5594
5596
5599
5601
5603
5605
5607
5609
5612
5614
5616
5618
5620
5623
5625
5627
5629
5631
5633
5636
5638
5640
5642
5644
5646
5649
5651
5653
5655
5657
5660
5662
5665
5667
5670
5672
5675
5677
5680
5683
5685
5688
5690
5693
5695
5698
5700
5703
5706
5708
5711
5713
5716
5718
5721
5723
5726
5729
5731
5734
5736
5739
5741
5744
5746
5749
5752
5754
5757
5759
5762
5764
5767
5770
5772
5774
5777
5779
5782
5784
5787
5789
5792
5794
5796
5799
5801
5804
5806
5809
5811
5814
5816
5818
5821
5823
5826
5828
5831
5833
5836
5838
5841
5843
5845
5848
5850
5853
5855
5858
5860
5863
5865
5867
5870
5872
5875
5877
5880
5882
5885
5887
5890
5892
5894
5897
5899
5901
5904
5906
5909
5911
5913
5916
5918
5921
5923
5925
5928
5930
5933
5935
5937
5940
5942
5945
5947
5949
5952
5954
5956
5959
5961
5964
5966
5968
5971
5973
5976
5978
5980
5983
5985
5988
5990
5992
5995
5997
6000
6002
6005
6007
6010
6012
6015
6017
6020
6023
6025
6028
6030
6033
6035
6038
6040
6043
6046
6048
6051
6053
6056
6058
6061
6063
6066
6069
6071
6074
6076
6079
6081
6084
6086
6089
6092
6094
6097
6099
6102
6104
6107
6110
6112
6115
6117
6120
6123
6125
6128
6131
6133
6136
6138
6141
6144
6146
6149
6152
6154
6157
6160
6162
6165
6167
6170
6173
6175
6178
6181
6183
6186
6188
6191
6194
6196
6199
6202
6204
6207
6210
6212
6215
6218
6220
6223
6226
6228
6231
6234
6236
6239
6242
6244
6247
6250
6252
6255
6258
6260
6263
6266
6269
6271
6274
6277
6279
6282
6285
6287
6290
6293
6295
6298
6301
6303
6306
6309
6311
6314
6317
6320
6322
6324
6326
6328
6331
6333
6335
6337
6340
6342
6344
6346
6348
6351
6353
6355
6357
6360
6362
6364
6366
6368
6371
6373
6375
6377
6380
6382
6384
6386
6388
6391
6393
6395
6397
6400
6402
6404
6406
6408
6411
6413
6415
6417
6420
6422
6425
6428
6431
6433
6436
6439
6442
6444
6447
6450
6453
6455
6458
6461
6464
6466
6469
6472
6475
6477
6480
6483
6486
6488
6491
6494
6497
6499
6502
6505
6508
6510
6513
6516
6519
6521
6524
6527
6530
6532
6534
6537
6539
6541
6544
6546
6549
6551
6553
6556
6558
6560
6563
6565
6568
6570
6572
6575
6577
6580
6582
6584
6587
6589
6591
6594
6596
6599
6601
6603
6606
6608
6610
6613
6615
6618
6620
6622
6625
6627
6630
6632
6635
6637
6640
6643
6645
6648
6650
6653
6656
6658
6661
6664
6666
6669
6671
6674
6677
6679
6682
6685
6687
6690
6692
6695
6698
6700
6703
6705
6708
6711
6713
6716
6719
6721
6724
6726
6729
6732
6734
6737
6740
6742
6745
6748
6750
6753
6756
6758
6761
6764
6766
6769
6772
6774
6777
6780
6782
6785
6788
6790
6793
6796
6799
6801
6804
6807
6809
6812
6815
6817
6820
6823
6825
6828
6831
6833
6836
6839
6841
6844
6847
6850
6852
6854
6856
6859
6861
6863
6866
6868
6870
6873
6875
6877
6880
6882
6884
6887
6889
6891
6894
6896
6898
6901
6903
6905
6908
6910
6912
6915
6917
6919
6922
6924
6926
6929
6931
6933
6936
6938
6940
6943
6945
6947
6950
6952
6955
6958
6960
6963
6966
6968
6971
6974
6976
6979
6982
6984
6987
6990
6992
6995
6998
7000
7003
7006
7009
7011
7014
7017
7019
7022
7025
7027
7030
7033
7035
7038
7041
7043
7046
7049
7051
7054
7057
7060
7062
7064
7067
7069
7072
7074
7077
7080
7082
7085
7087
7090
7092
7095
7097
7100
7102
7104
7107
7109
7112
7115
7117
7120
7122
7125
7127
7130
7132
7135
7137
7140
7142
7145
7147
7150
7152
7155
7157
7160
7162
7164
7166
7169
7171
7173
7176
7178
7180
7182
7185
7187
7189
7192
7194
7196
7198
7201
7203
7205
7208
7210
7212
7215
7217
7219
7221
7224
7226
7228
7231
7233
7235
7237
7240
7242
7244
7247
7249
7251
7253
7256
7258
7260
7263
7265
7267
7270
7272
7274
7276
7278
7280
7282
7285
7287
7289
7291
7293
7295
7298
7300
7302
7304
7306
7308
7310
7313
7315
7317
7319
7321
7323
7326
7328
7330
7332
7334
7336
7339
7341
7343
7345
7347
7349
7351
7354
7356
7358
7360
7362
7364
7367
7369
7371
7373
7375
7377
7380
7383
7386
7389
7392
7395
7398
7401
7404
7407
7410
7413
7416
7419
7422
7425
7428
7431
7435
7438
7441
7444
7447
7450
7453
7456
7459
7462
7465
7468
7471
7474
7477
7480
7483
7486
7490
7492
7495
7497
7500
7502
7505
7507
7510
7512
7515
7517
7520
7522
7525
7527
7530
7532
7535
7537
7540
7542
7545
7547
7550
7552
7555
7557
7560
7562
7564
7567
7569
7572
7575
7577
7580
7582
7585
7587
7590
7592
7595
7597
7600
7603
7606
7609
7613
7616
7620
7623
7626
7630
7633
7636
7640
7643
7646
7650
7653
7656
7660
7663
7666
7670
7673
7676
7680
7683
7686
7690
7693
7696
7700
7702
7705
7707
7710
7713
7715
7718
7720
7723
7726
7728
7731
7734
7736
7739
7741
7744
7747
7749
7752
7755
7757
7760
7762
7765
7768
7770
7773
7775
7778
7781
7783
7786
7789
7791
7794
7796
7799
7802
7804
7807
7810
7812
7815
7817
7820
7823
7825
7828
7831
7833
7836
7838
7841
7844
7846
7849
7852
7854
7857
7859
7862
7865
7867
7870
7873
7875
7878
7881
7883
7886
7888
7891
7894
7896
7899
7902
7904
7907
7910
7912
7915
7917
7920
7923
7925
7928
7930
7933
7936
7938
7941
7943
7946
7949
7951
7954
7956
7959
7962
7964
7967
7970
7972
7975
7977
7980
7983
7985
7988
7990
7993
7996
7998
8001
8003
8006
8009
8011
8014
8016
8019
8022
8024
8027
8029
8032
8034
8037
8039
8041
8044
8046
8049
8051
8053
8056
8058
8060
8063
8065
8068
8070
8072
8075
8077
8080
8082
8084
8087
8089
8091
8094
8096
8099
8101
8103
8106
8108
8110
8113
8115
8118
8120
8122
8125
8127
8130
8132
8134
8137
8139
8142
8144
8147
8149
8152
8154
8156
8159
8161
8164
8166
8169
8171
8174
8176
8178
8181
8183
8186
8188
8191
8193
8196
8198
8200
8203
8205
8208
8210
8213
8215
8218
8220
8222
8225
8227
8230
8232
8235
8237
8240
8242
8244
8246
8248
8251
8253
8255
8257
8259
8262
8264
8266
8268
8270
8273
8275
8277
8279
8281
8284
8286
8288
8290
8292
8295
8297
8299
8301
8303
8306
8308
8310
8312
8314
8317
8319
8321
8323
8325
8328
8330
8332
8334
8336
8339
8341
8343
8345
8347
8350
8352
8355
8357
8360
8362
8365
8367
8370
8372
8375
8377
8379
8382
8385
8387
8389
8392
8395
8397
8399
8402
8405
8407
8410
8412
8415
8417
8420
8422
8424
8427
8430
8432
8434
8437
8440
8442
8444
8447
8450
8452
8455
8458
8460
8463
8466
8469
8472
8474
8477
8480
8483
8485
8488
8491
8494
8496
8499
8502
8504
8507
8510
8513
8516
8518
8521
8524
8527
8529
8532
8535
8538
8540
8543
8546
8549
8551
8554
8557
8560
8562
8565
8568
8571
8574
8577
8580
8582
8585
8588
8591
8594
8597
8600
8602
8605
8608
8611
8614
8617
8620
8622
8625
8628
8631
8634
8637
8640
8642
8645
8648
8651
8654
8657
8660
8663
8666
8669
8672
8675
8678
8682
8685
8688
8691
8694
8697
8700
8704
8707
8710
8713
8716
8719
8722
8726
8729
8732
8735
8738
8741
8744
8748
8751
8754
8757
8760
8763
8766
8770
8773
8777
8780
8784
8787
8791
8794
8798
8801
8805
8809
8812
8816
8819
8823
8826
8830
8833
8837
8840
8844
8848
8851
8855
8858
8862
8865
8869
8872
8876
8880
8882
8885
8888
8891
8894
8897
8900
8903
8906
8908
8911
8914
8917
8920
8923
8926
8929
8932
8935
8937
8940
8943
8946
8949
8952
8955
8958
8961
8963
8966
8969
8972
8975
8978
8981
8984
8987
8990
8992
8994
8996
8999
9001
9003
9006
9008
9010
9012
9015
9017
9019
9022
9024
9026
9028
9031
9033
9035
9038
9040
9042
9045
9047
9049
9051
9054
9056
9058
9061
9063
9065
9067
9070
9072
9074
9077
9079
9081
9083
9086
9088
9090
9093
9095
9097
9100
9102
9104
9106
9108
9111
9113
9115
9117
9120
9122
9124
9126
9128
9131
9133
9135
9137
9139
9142
9144
9146
9148
9151
9153
9155
9157
9160
9162
9164
9166
9168
9171
9173
9175
9177
9180
9182
9184
9186
9188
9191
9193
9195
9197
9200
9202
9204
9206
9208
9210
9212
9214
9216
9218
9220
9222
9224
9226
9229
9231
9233
9235
9237
9239
9241
9243
9245
9247
9249
9251
9253
9256
9258
9260
9262
9264
9266
9268
9270
9272
9274
9276
9278
9280
9283
9285
9287
9289
9291
9293
9295
9297
9299
9301
9303
9305
9307
9310
9312
9315
9318
9321
9323
9326
9329
9332
9335
9337
9340
9343
9346
9348
9351
9354
9357
9360
9362
9365
9368
9371
9373
9376
9379
9382
9385
9387
9390
9393
9396
9398
9401
9404
9407
9410
9412
9415
9417
9420
9422
9425
9427
9430
9432
9435
9437
9440
9442
9445
9447
9450
9452
9455
9457
9459
9462
9465
9467
9470
9472
9475
9477
9480
9482
9485
9487
9490
9492
9495
9497
9500
9502
9504
9507
9510
9512
9514
9517
9520
9523
9527
9531
9535
9538
9542
9546
9550
9554
9557
9561
9565
9569
9573
9576
9580
9584
9588
9592
9595
9599
9603
9607
9611
9614
9618
9622
9626
9630
9633
9637
9640
9644
9647
9651
9654
9658
9661
9665
9669
9672
9676
9679
9683
9686
9690
9693
9697
9700
9704
9708
9711
9715
9718
9722
9725
9729
9732
9736
9740
9743
9746
9750
9753
9756
9760
9763
9766
9770
9773
9776
9780
9783
9786
9790
9793
9796
9800
9803
9806
9810
9813
9816
9820
9823
9826
9830
9833
9836
9840
9843
9846
9850
9852
9855
9858
9861
9864
9867
9870
9873
9876
9879
9882
9885
9888
9891
9894
9897
9899
9902
9905
9908
9911
9914
9917
9920
9923
9926
9929
9932
9935
9938
9941
9944
9947
9950
9952
9954
9957
9959
9962
9964
9967
9969
9972
9974
9976
9979
9981
9984
9986
9989
9991
9994
9996
9998
10001
10003
10006
10008
10011
10013
10016
10018
10020
10023
10025
10028
10030
10033
10035
10038
10040
10042
10045
10047
10050
10052
10055
10057
10060
10062
10065
10067
10070
10072
10075
10077
10080
10082
10085
10087
10090
10092
10095
10097
10100
10102
10105
10107
10110
10112
10115
10117
10120
10122
10125
10127
10130
10132
10135
10137
10140
10142
10145
10147
10150
10152
10155
10157
10160
10162
10165
10167
10170
10172
10175
10177
10180
10182
10185
10187
10190
10192
10195
10197
10200
10202
10205
10207
10209
10212
10215
10217
10220
10222
10225
10227
10230
10232
10235
10237
10240
10242
10245
10247
10250
10252
10254
10257
10260
10262
10264
10267
10270
10272
10275
10277
10280
10282
10285
10287
10290
10292
10295
10297
10300
10302
10305
10307
10310
10312
10315
10317
10320
10322
10325
10327
10330
10332
10335
10337
10340
10342
10345
10347
10350
10352
10355
10357
10360
10362
10365
10367
10370
10372
10375
10377
10380
10382
10385
10388
10391
10394
10396
10399
10402
10405
10408
10411
10413
10416
10419
10422
10425
10427
10430
10433
10436
10439
10442
10444
10447
10450
10453
10456
10458
10461
10464
10467
10470
10473
10475
10478
10481
10484
10487
10490
10492
10495
10497
10500
10503
10505
10508
10510
10513
10516
10518
10521
10524
10526
10529
10531
10534
10537
10539
10542
10545
10547
10550
10552
10555
10558
10560
10563
10565
10568
10571
10573
10576
10579
10581
10584
10586
10589
10592
10594
10597
10600
10602
10604
10606
10608
10610
10613
10615
10617
10619
10621
10623
10626
10628
10630
10632
10634
10636
10639
10641
10643
10645
10647
10649
10652
10654
10656
10658
10660
10663
10665
10667
10669
10671
10673
10676
10678
10680
10682
10684
10686
10689
10691
10693
10695
10697
10700
10701
10703
10705
10707
10709
10710
10712
10714
10716
10718
10719
10721
10723
10725
10727
10728
10730
10732
10734
10736
10737
10739
10741
10743
10745
10746
10748
10750
10752
10754
10755
10757
10759
10761
10763
10764
10766
10768
10770
10772
10773
10775
10777
10779
10781
10782
10784
10786
10788
10790
10791
10793
10795
10797
10799
10800
10802
10804
10806
10808
10810
10812
10814
10816
10818
10820
10822
10824
10826
10828
10830
10832
10834
10836
10838
10840
10842
10844
10846
10848
10850
10852
10854
10856
10858
10860
10862
10864
10866
10868
10870
10872
10874
10876
10878
10880
10882
10884
10886
10888
10890
10892
10894
10896
10898
10900
10902
10904
10906
10908
10910
10911
10913
10915
10917
10919
10921
10923
10925
10927
10929
10931
10933
10935
10937
10938
10940
10942
10944
10946
10948
10950
10952
10954
10956
10958
10960
10962
10964
10965
10967
10969
10971
10973
10975
10977
10979
10981
10983
10985
10987
10989
10991
10992
10994
10996
10998
11000
11002
11004
11006
11008
11010
11012
11014
11016
11018
11020
11022
11024
11026
11028
11030
11033
11035
11037
11039
11042
11044
11046
11048
11050
11053
11055
11057
11059
11061
11064
11066
11068
11070
11072
11075
11077
11079
11081
11083
11086
11088
11090
11092
11094
11097
11099
11101
11103
11105
11108
11110
11112
11114
11116
11119
11121
11123
11125
11127
11130
11132
11134
11136
11138
11140
11142
11144
11146
11149
11151
11153
11155
11157
11159
11161
11163
11165
11168
11170
11172
11174
11176
11178
11180
11182
11185
11187
11189
11191
11193
11195
11197
11199
11201
11204
11206
11208
11210
11212
11214
11216
11218
11220
11223
11225
11227
11229
11231
11233
11235
11237
11240
11241
11243
11245
11247
11249
11251
11253
11255
11257
11259
11261
11263
11265
11267
11269
11271
11273
11275
11277
11279
11281
11283
11285
11287
11289
11291
11293
11295
11296
11298
11300
11302
11304
11306
11308
11310
11312
11314
11316
11318
11320
11322
11324
11326
11328
11330
11332
11334
11336
11338
11340
11342
11344
11346
11348
11350
11352
11354
11357
11359
11362
11364
11367
11369
11371
11374
11376
11379
11381
11384
11386
11389
11391
11393
11396
11398
11401
11403
11406
11408
11410
11413
11415
11418
11420
11423
11425
11428
11430
11432
11435
11437
11440
11442
11445
11447
11450
11452
11454
11456
11458
11460
11463
11465
11467
11469
11472
11474
11476
11478
11480
11483
11485
11487
11489
11491
11494
11496
11498
11500
11502
11504
11507
11509
11511
11513
11516
11518
11520
11522
11524
11527
11529
11531
11533
11535
11538
11540
11542
11544
11546
11549
11551
11553
11555
11557
11560
11562
11564
11566
11568
11570
11573
11575
11577
11579
11581
11583
11586
11588
11590
11592
11594
11596
11599
11601
11603
11605
11607
11610
11612
11614
11616
11618
11620
11623
11625
11627
11629
11631
11633
11636
11638
11640
11642
11644
11646
11649
11651
11653
11655
11657
11660
11662
11664
11666
11669
11671
11673
11676
11678
11680
11682
11685
11687
11689
11692
11694
11696
11698
11701
11703
11705
11708
11710
11712
11715
11717
11719
11721
11724
11726
11728
11731
11733
11735
11737
11740
11742
11744
11747
11749
11751
11753
11756
11758
11760
11763
11765
11767
11770
11772
11774
11777
11779
11781
11784
11786
11788
11791
11793
11795
11798
11800
11802
11805
11807
11809
11812
11814
11816
11819
11821
11823
11826
11828
11830
11833
11835
11837
11840
11842
11844
11847
11849
11851
11854
11856
11858
11861
11863
11865
11868
11870
11872
11875
11877
11880
11882
11884
11887
11889
11891
11894
11896
11898
11901
11903
11905
11908
11910
11912
11915
11917
11919
11922
11924
11926
11929
11931
11933
11936
11938
11940
11943
11945
11947
11950
11952
11954
11957
11959
11961
11964
11966
11968
11971
11973
11975
11978
11980
11982
11985
11987
11990
11992
11995
11997
12000
12002
12005
12007
12010
12012
12015
12017
12020
12022
12025
12027
12030
12032
12035
12037
12040
12042
12045
12047
12050
12052
12055
12057
12060
12062
12065
12067
12070
12072
12075
12077
12080
12082
12084
12087
12090
12092
12094
12097
12100
12102
12104
12107
12109
12111
12114
12116
12119
12121
12123
12126
12128
12130
12133
12135
12138
12140
12142
12145
12147
12149
12152
12154
12157
12159
12161
12164
12166
12169
12171
12173
12176
12178
12180
12183
12185
12188
12190
12192
12195
12197
12200
12202
12204
12207
12209
12211
12214
12216
12219
12221
12223
12226
12228
12231
12233
12235
12238
12240
12243
12245
12247
12250
12252
12254
12257
12259
12262
12264
12266
12269
12271
12274
12276
12278
12281
12283
12286
12288
12290
12293
12295
12298
12300
12302
12305
12307
12310
12312
12315
12317
12320
12322
12325
12327
12330
12333
12335
12338
12340
12343
12345
12348
12351
12353
12356
12358
12361
12363
12366
12368
12371
12374
12376
12379
12381
12384
12386
12389
12392
12394
12397
12399
12402
12404
12407
12410
12412
12415
12417
12420
12423
12425
12428
12430
12433
12436
12438
12441
12444
12446
12449
12451
12454
12457
12459
12462
12465
12467
12470
12472
12475
12478
12480
12483
12485
12488
12491
12493
12496
12499
12501
12504
12506
12509
12512
12514
12517
12520
12522
12525
12527
12530
12532
12535
12537
12540
12543
12545
12548
12550
12553
12555
12558
12560
12563
12566
12568
12571
12573
12576
12578
12581
12583
12586
12589
12591
12594
12596
12599
12601
12604
12606
12609
12612
12614
12617
12619
12622
12624
12627
12630
12632
12635
12638
12641
12644
12646
12649
12652
12655
12658
12661
12663
12666
12669
12672
12675
12677
12680
12683
12686
12689
12692
12694
12697
12700
12703
12706
12708
12711
12714
12717
12720
12723
12725
12728
12731
12734
12737
12740
12742
12745
12748
12750
12753
12756
12758
12761
12764
12766
12769
12772
12774
12777
12780
12782
12785
12788
12790
12793
12796
12799
12801
12804
12807
12809
12812
12815
12817
12820
12823
12825
12828
12831
12833
12836
12839
12841
12844
12847
12850
12852
12855
12858
12861
12863
12866
12869
12872
12875
12877
12880
12883
12886
12888
12891
12894
12897
12899
12902
12905
12908
12911
12913
12916
12919
12922
12924
12927
12930
12933
12936
12938
12941
12944
12947
12950
12953
12956
12959
12962
12966
12969
12972
12975
12979
12982
12985
12988
12992
12995
12998
13001
13004
13008
13011
13014
13017
13021
13024
13027
13030
13034
13037
13040
13043
13047
13050
13053
13056
13060
13063
13067
13070
13074
13077
13081
13085
13088
13092
13095
13099
13102
13106
13110
13113
13117
13120
13124
13127
13131
13135
13138
13142
13145
13149
13152
13156
13160
13163
13166
13170
13173
13177
13180
13184
13187
13190
13194
13197
13201
13204
13208
13211
13215
13218
13221
13225
13228
13232
13235
13239
13242
13245
13249
13252
13256
13259
13263
13266
13270
13272
13275
13278
13280
13283
13286
13288
13291
13294
13296
13299
13302
13304
13307
13310
13312
13315
13318
13320
13323
13326
13329
13331
13334
13337
13339
13342
13345
13347
13350
13353
13355
13358
13361
13363
13366
13369
13371
13374
13377
13380
13382
13384
13386
13388
13391
13393
13395
13397
13399
13402
13404
13406
13408
13410
13413
13415
13417
13419
13421
13424
13426
13428
13430
13432
13435
13437
13439
13441
13443
13446
13448
13450
13452
13454
13457
13459
13461
13463
13465
13468
13470
13472
13474
13476
13479
13481
13483
13485
13487
13490
13492
13495
13498
13500
13503
13506
13508
13511
13514
13516
13519
13522
13524
13527
13530
13532
13535
13538
13540
13543
13546
13549
13551
13554
13557
13559
13562
13565
13567
13570
13573
13575
13578
13581
13583
13586
13589
13591
13594
13597
13600
13602
13605
13607
13610
13612
13615
13617
13620
13622
13625
13627
13629
13632
13635
13637
13639
13642
13645
13647
13649
13652
13655
13657
13660
13662
13665
13667
13670
13672
13674
13677
13680
13682
13684
13687
13690
13692
13694
13697
13700
13702
13704
13706
13708
13710
13713
13715
13717
13719
13722
13724
13726
13728
13730
13733
13735
13737
13739
13741
13744
13746
13748
13750
13752
13754
13757
13759
13761
13763
13766
13768
13770
13772
13774
13777
13779
13781
13783
13785
13788
13790
13792
13794
13796
13799
13801
13803
13805
13807
13810
13812
13814
13816
13818
13820
13823
13825
13827
13829
13831
13833
13836
13838
13840
13842
13844
13846
13849
13851
13853
13855
13857
13860
13862
13864
13866
13868
13870
13873
13875
13877
13879
13881
13883
13886
13888
13890
13892
13894
13896
13899
13901
13903
13905
13907
13910
13912
13914
13917
13919
13921
13924
13926
13929
13931
13933
13936
13938
13941
13943
13945
13948
13950
13953
13955
13957
13960
13962
13965
13967
13969
13972
13974
13976
13979
13981
13984
13986
13988
13991
13993
13996
13998
14000
14003
14005
14008
14010
14012
14015
14017
14020
14022
14024
14026
14028
14030
14032
14034
14036
14039
14041
14043
14045
14047
14049
14051
14053
14055
14058
14060
14062
14064
14066
14068
14070
14072
14075
14077
14079
14081
14083
14085
14087
14089
14091
14094
14096
14098
14100
14102
14104
14106
14108
14110
14113
14115
14117
14119
14121
14123
14125
14127
14130
14132
14134
14137
14139
14142
14144
14147
14149
14152
14154
14156
14159
14161
14164
14166
14169
14171
14174
14176
14178
14181
14183
14186
14188
14191
14193
14196
14198
14200
14203
14205
14208
14210
14213
14215
14218
14220
14222
14225
14227
14230
14232
14235
14237
14240
14242
14245
14247
14250
14252
14255
14257
14260
14263
14265
14268
14270
14273
14275
14278
14280
14283
14286
14288
14291
14293
14296
14298
14301
14303
14306
14309
14311
14314
14316
14319
14321
14324
14326
14329
14332
14334
14337
14339
14342
14344
14347
14350
14352
14355
14357
14360
14362
14365
14367
14370
14373
14375
14378
14380
14383
14385
14388
14391
14393
14396
14398
14401
14403
14406
14408
14411
14414
14416
14419
14421
14424
14426
14429
14432
14434
14437
14439
14442
14444
14447
14450
14452
14454
14456
14458
14460
14462
14464
14466
14469
14471
14473
14475
14477
14479
14481
14483
14485
14488
14490
14492
14494
14496
14498
14500
14502
14504
14507
14509
14511
14513
14515
14517
14519
14521
14524
14526
14528
14530
14532
14534
14536
14538
14540
14543
14545
14547
14549
14551
14553
14555
14557
14560
14562
14565
14567
14570
14573
14575
14578
14580
14583
14586
14588
14591
14594
14596
14599
14601
14604
14607
14609
14612
14615
14617
14620
14622
14625
14628
14630
14633
14635
14638
14641
14643
14646
14649
14651
14654
14656
14659
14662
14664
14667
14670
14673
14676
14679
14682
14685
14688
14692
14695
14698
14701
14704
14707
14711
14714
14717
14720
14723
14726
14730
14733
14736
14739
14742
14745
14748
14752
14755
14758
14761
14764
14767
14771
14774
14777
14780
14783
14786
14790
14792
14795
14798
14800
14803
14806
14808
14811
14814
14817
14819
14822
14825
14827
14830
14833
14835
14838
14841
14844
14846
14849
14852
14854
14857
14860
14862
14865
14868
14871
14873
14876
14879
14881
14884
14887
14890
14892
14895
14897
14900
14902
14905
14907
14910
14912
14915
14917
14920
14922
14925
14927
14930
14932
14935
14937
14940
14942
14945
14947
14950
14952
14955
14957
14960
14962
14965
14967
14970
14972
14975
14977
14980
14982
14985
14987
14990
14992
14995
14997
15000
15002
15004
15006
15008
15011
15013
15015
15017
15020
15022
15024
15026
15029
15031
15033
15035
15038
15040
15042
15044
15047
15049
15051
15053
15056
15058
15060
15062
15065
15067
15069
15071
15074
15076
15078
15080
15083
15085
15087
15089
15092
15094
15096
15098
15101
15103
15105
15107
15110
15112
15115
15118
15120
15123
15126
15128
15131
15134
15137
15139
15142
15145
15147
15150
15153
15155
15158
15161
15164
15166
15169
15172
15174
15177
15180
15182
15185
15188
15191
15193
15196
15199
15201
15204
15207
15210
15212
15215
15218
15221
15224
15227
15230
15233
15236
15239
15242
15245
15248
15251
15254
15257
15260
15263
15266
15269
15272
15275
15278
15281
15284
15287
15290
15293
15296
15299
15302
15305
15308
15311
15314
15317
15320
15322
15325
15327
15330
15332
15335
15337
15340
15343
15345
15348
15350
15353
15355
15358
15361
15363
15366
15368
15371
15373
15376
15378
15381
15384
15386
15389
15391
15394
15396
15399
15402
15404
15407
15409
15412
15414
15417
15420
15422
15425
15428
15431
15434
15437
15440
15443
15446
15448
15451
15454
15457
15460
15463
15466
15469
15472
15475
15477
15480
15483
15486
15489
15492
15495
15498
15501
15503
15506
15509
15512
15515
15518
15521
15524
15527
15530
15532
15534
15537
15539
15542
15544
15547
15549
15551
15554
15556
15559
15561
15564
15566
15569
15571
15573
15576
15578
15581
15583
15586
15588
15590
15593
15595
15598
15600
15603
15605
15608
15610
15612
15615
15617
15620
15622
15625
15627
15630
15632
15635
15637
15640
15643
15645
15648
15650
15653
15656
15658
15661
15664
15666
15669
15671
15674
15677
15679
15682
15685
15687
15690
15692
15695
15698
15700
15703
15705
15708
15711
15713
15716
15719
15721
15724
15726
15729
15732
15734
15737
15740
15742
15745
15748
15750
15753
15756
15759
15761
15764
15767
15770
15772
15775
15778
15780
15783
15786
15789
15791
15794
15797
15800
15802
15805
15808
15810
15813
15816
15819
15821
15824
15827
15830
15832
15835
15838
15840
15843
15846
15849
15851
15854
15857
15860
15862
15865
15867
15870
15872
15875
15877
15880
15883
15885
15888
15890
15893
15895
15898
15901
15903
15906
15908
15911
15913
15916
15918
15921
15924
15926
15929
15931
15934
15936
15939
15942
15944
15947
15949
15952
15954
15957
15960
15962
15965
15967
15970
15973
15975
15978
15980
15983
15986
15988
15991
15994
15996
15999
16001
16004
16007
16009
16012
16015
16017
16020
16022
16025
16028
16030
16033
16035
16038
16041
16043
16046
16049
16051
16054
16056
16059
16062
16064
16067
16070
16072
16075
16077
16080
16083
16085
16088
16091
16093
16096
16098
16101
16104
16106
16109
16112
16114
16117
16120
16122
16125
16127
16130
16133
16135
16138
16141
16143
16146
16148
16151
16154
16156
16159
16162
16164
16167
16170
16172
16175
16177
16180
16182
16185
16187
16190
16193
16195
16198
16200
16203
16205
16208
16210
16213
16216
16218
16221
16223
16226
16228
16231
16233
16236
16239
16241
16244
16246
16249
16251
16254
16256
16259
16262
16264
16267
16269
16272
16274
16277
16280
16282
16285
16287
16290
16292
16295
16297
16300
16303
16305
16308
16310
16313
16315
16318
16321
16323
16326
16328
16331
16333
16336
16338
16341
16344
16346
16349
16351
16354
16356
16359
16362
16364
16367
16369
16372
16374
16377
16379
16382
16385
16387
16390
16392
16395
16397
16400
16403
16405
16408
16410
16413
16415
16418
16420
16423
16426
16428
16431
16433
16436
16438
16441
16443
16446
16449
16451
16454
16456
16459
16461
16464
16466
16469
16472
16474
16477
16479
16482
16484
16487
16490
16492
16494
16497
16499
16501
16504
16506
16508
16511
16513
16515
16518
16520
16522
16525
16527
16529
16532
16534
16536
16539
16541
16543
16546
16548
16550
16553
16555
16557
16560
16562
16564
16567
16569
16571
16574
16576
16578
16581
16583
16585
16588
16590
16592
16595
16597
16600
16602
16604
16607
16609
16612
16614
16617
16619
16621
16624
16626
16629
16631
16634
16636
16639
16641
16643
16646
16648
16651
16653
16656
16658
16660
16663
16665
16668
16670
16673
16675
16678
16680
16682
16685
16687
16690
16692
16695
16697
16700
16702
16704
16707
16709
16712
16714
16717
16719
16721
16724
16726
16729
16731
16734
16736
16739
16741
16744
16746
16748
16751
16753
16756
16758
16761
16763
16766
16768
16770
16773
16775
16778
16780
16783
16785
16788
16790
16792
16795
16797
16800
16802
16805
16807
16810
16812
16814
16816
16818
16821
16823
16825
16827
16830
16832
16834
16836
16838
16841
16843
16845
16847
16849
16852
16854
16856
16858
16861
16863
16865
16867
16870
16872
16874
16876
16878
16881
16883
16885
16887
16890
16892
16894
16896
16898
16901
16903
16905
16907
16910
16912
16915
16917
16920
16922
16925
16927
16930
16933
16935
16938
16940
16943
16945
16948
16950
16953
16956
16958
16961
16963
16966
16968
16971
16973
16976
16979
16981
16984
16986
16989
16991
16994
16996
16999
17002
17004
17007
17009
17012
17014
17017
17020
17022
17024
17027
17029
17031
17034
17036
17038
17041
17043
17045
17048
17050
17052
17055
17057
17059
17062
17064
17066
17069
17071
17073
17076
17078
17080
17083
17085
17087
17090
17092
17094
17097
17099
17101
17104
17106
17108
17111
17113
17115
17118
17120
17122
17125
17127
17130
17132
17134
17137
17140
17142
17145
17147
17150
17152
17154
17157
17160
17162
17165
17167
17169
17172
17174
17177
17180
17182
17185
17187
17189
17192
17195
17197
17200
17202
17205
17207
17209
17212
17215
17217
17220
17222
17224
17227
17229
17232
17235
17237
17240
17242
17244
17247
17250
17252
17255
17257
17259
17262
17265
17267
17270
17272
17275
17277
17280
17282
17285
17287
17290
17292
17295
17297
17300
17302
17305
17307
17310
17312
17315
17317
17320
17322
17325
17327
17330
17332
17335
17337
17340
17342
17345
17347
17350
17352
17355
17358
17361
17363
17366
17369
17372
17375
17377
17380
17383
17386
17388
17391
17394
17397
17400
17402
17405
17408
17411
17413
17416
17419
17422
17425
17427
17430
17433
17436
17438
17441
17444
17447
17450
17452
17455
17458
17461
17464
17466
17469
17472
17475
17478
17481
17483
17486
17489
17492
17495
17497
17500
17503
17506
17509
17512
17514
17517
17520
17523
17526
17528
17531
17534
17537
17540
17543
17545
17548
17551
17554
17557
17560
17562
17564
17566
17568
17570
17572
17574
17576
17578
17580
17582
17585
17587
17589
17591
17593
17595
17597
17599
17601
17603
17605
17607
17610
17612
17614
17616
17618
17620
17622
17624
17626
17628
17630
17632
17634
17637
17639
17641
17643
17645
17647
17649
17651
17653
17655
17657
17660
17662
17665
17667
17670
17672
17675
17677
17680
17683
17685
17688
17690
17693
17695
17698
17700
17703
17706
17708
17711
17713
17716
17718
17721
17723
17726
17729
17731
17734
17736
17739
17741
17744
17746
17749
17752
17754
17757
17759
17762
17764
17767
17770
17772
17774
17776
17778
17781
17783
17785
17787
17790
17792
17794
17796
17799
17801
17803
17805
17808
17810
17812
17814
17817
17819
17821
17823
17826
17828
17830
17832
17835
17837
17839
17841
17844
17846
17848
17850
17853
17855
17857
17859
17862
17864
17866
17868
17871
17873
17875
17877
17880
17882
17885
17888
17891
17894
17897
17900
17903
17906
17909
17912
17915
17918
17921
17924
17927
17930
17933
17936
17939
17942
17945
17948
17951
17954
17957
17960
17963
17966
17969
17972
17975
17978
17981
17984
17987
17990
17992
17995
17997
18000
18002
18005
18007
18010
18013
18015
18018
18020
18023
18025
18028
18030
18033
18036
18038
18041
18043
18046
18048
18051
18053
18056
18059
18061
18064
18066
18069
18071
18074
18076
18079
18082
18084
18087
18089
18092
18094
18097
18100
18102
18105
18107
18110
18112
18115
18117
18120
18122
18125
18127
18130
18132
18135
18137
18140
18142
18145
18147
18150
18152
18155
18157
18160
18162
18165
18167
18170
18172
18175
18177
18180
18182
18185
18187
18189
18192
18195
18197
18200
18202
18204
18207
18209
18212
18214
18217
18219
18221
18224
18226
18229
18231
18234
18236
18239
18241
18244
18246
18248
18251
18253
18256
18258
18261
18263
18266
18268
18270
18273
18275
18278
18280
18283
18285
18288
18290
18292
18295
18297
18300
18302
18305
18307
18310
18312
18315
18318
18320
18323
18326
18328
18331
18334
18337
18339
18342
18345
18347
18350
18353
18355
18358
18361
18364
18366
18369
18372
18374
18377
18380
18382
18385
18388
18391
18393
18396
18399
18401
18404
18407
18410
18412
18414
18416
18418
18420
18422
18424
18426
18429
18431
18433
18435
18437
18439
18441
18443
18445
18448
18450
18452
18454
18456
18458
18460
18462
18465
18467
18469
18471
18473
18475
18477
18479
18481
18484
18486
18488
18490
18492
18494
18496
18498
18500
18503
18505
18507
18509
18511
18513
18515
18517
18520
18522
18525
18528
18531
18534
18536
18539
18542
18545
18548
18551
18553
18556
18559
18562
18565
18567
18570
18573
18576
18579
18582
18584
18587
18590
18593
18596
18598
18601
18604
18607
18610
18613
18615
18618
18621
18624
18627
18630
18632
18634
18636
18638
18641
18643
18645
18647
18649
18651
18654
18656
18658
18660
18663
18665
18667
18669
18671
18674
18676
18678
18680
18682
18685
18687
18689
18691
18693
18695
18698
18700
18702
18704
18706
18709
18711
18713
18715
18718
18720
18722
18724
18726
18729
18731
18733
18735
18737
18740
18742
18744
18746
18748
18751
18753
18755
18757
18760
18762
18764
18766
18769
18771
18773
18775
18778
18780
18782
18784
18787
18789
18791
18793
18796
18798
18800
18802
18805
18807
18809
18811
18814
18816
18818
18820
18823
18825
18827
18829
18832
18834
18836
18838
18841
18843
18845
18847
18850
18852
18854
18857
18859
18862
18864
18867
18869
18871
18874
18876
18879
18881
18884
18886
18889
18891
18893
18896
18898
18901
18903
18906
18908
18910
18913
18915
18918
18920
18923
18925
18928
18930
18932
18935
18937
18940
18942
18945
18947
18950
18952
18955
18957
18960
18963
18965
18968
18970
18973
18976
18978
18981
18984
18986
18989
18991
18994
18997
18999
19002
19005
19007
19010
19012
19015
19018
19020
19023
19025
19028
19031
19033
19036
19039
19041
19044
19046
19049
19052
19054
19057
19060
19062
19065
19067
19070
19073
19075
19078
19081
19083
19086
19088
19091
19094
19096
19099
19102
19104
19107
19110
19112
19115
19117
19120
19123
19125
19128
19131
19133
19136
19138
19141
19144
19146
19149
19152
19154
19157
19160
19162
19165
19168
19171
19174
19176
19179
19182
19185
19188
19191
19193
19196
19199
19202
19205
19207
19210
19213
19216
19219
19222
19224
19227
19230
19233
19236
19238
19241
19244
19247
19250
19253
19255
19258
19261
19264
19267
19270
19273
19277
19280
19284
19287
19291
19294
19298
19301
19305
19309
19312
19316
19319
19323
19326
19330
19333
19337
19340
19344
19348
19351
19355
19358
19362
19365
19369
19372
19376
19380
19383
19387
19390
19394
19397
19401
19404
19408
19411
19415
19419
19422
19426
19429
19433
19436
19440
19443
19447
19450
19454
19458
19461
19465
19468
19472
19475
19479
19482
19486
19490
19493
19496
19499
19502
19505
19508
19511
19514
19517
19520
19523
19526
19529
19532
19535
19538
19541
19545
19548
19551
19554
19557
19560
19563
19566
19569
19572
19575
19578
19581
19584
19587
19590
19593
19596
19600
19602
19605
19608
19611
19614
19617
19620
19622
19625
19628
19631
19634
19637
19640
19642
19645
19648
19651
19654
19657
19660
19662
19665
19668
19671
19674
19677
19680
19682
19685
19688
19691
19694
19697
19700
19702
19705
19708
19711
19714
19716
19719
19722
19725
19728
19731
19733
19736
19739
19742
19745
19747
19750
19753
19756
19759
19762
19764
19767
19770
19773
19776
19778
19781
19784
19787
19790
19793
19795
19798
19801
19804
19807
19810
19812
19815
19818
19821
19824
19827
19830
19833
19836
19839
19842
19845
19848
19851
19854
19857
19860
19862
19865
19868
19871
19874
19877
19880
19883
19886
19889
19892
19895
19898
19901
19904
19907
19910
19912
19915
19918
19921
19924
19927
19930
19933
19936
19939
19942
19945
19948
19951
19954
19957
19960
19963
19966
19969
19972
19975
19978
19981
19984
19987
19990
19993
19996
19999
20002
20005
20008
20011
20014
20017
20020
20023
20027
20030
20034
20037
20041
20044
20048
20051
20055
20059
20062
20066
20069
20073
20076
20080
20083
20087
20090
20094
20098
20101
20105
20108
20112
20115
20119
20122
20126
20130
20133
20136
20139
20142
20145
20148
20151
20154
20157
20160
20163
20166
20169
20172
20175
20178
20181
20185
20188
20191
20194
20197
20200
20203
20206
20209
20212
20215
20218
20221
20224
20227
20230
20233
20236
20240
20242
20245
20248
20251
20254
20257
20260
20263
20266
20269
20272
20275
20278
20281
20284
20287
20290
20293
20296
20299
20302
20305
20308
20311
20314
20317
20320
20323
20326
20329
20332
20335
20338
20341
20344
20347
20350
20352
20355
20358
20361
20364
20367
20370
20373
20376
20379
20382
20385
20388
20391
20394
20397
20400
20402
20405
20408
20411
20414
20417
20420
20423
20426
20429
20432
20435
20438
20441
20444
20447
20450
20453
20456
20460
20463
20466
20470
20473
20476
20480
20483
20486
20490
20493
20496
20500
20503
20506
20509
20513
20516
20520
20523
20526
20529
20533
20536
20540
20543
20546
20549
20553
20556
20560
20563
20567
20571
20575
20579
20583
20586
20590
20594
20598
20602
20606
20610
20613
20617
20621
20625
20629
20633
20636
20640
20644
20648
20652
20656
20660
20664
20669
20673
20678
20682
20687
20692
20696
20701
20705
20710
20715
20719
20724
20728
20733
20737
20742
20747
20751
20756
20760
20765
20770
20773
20776
20780
20783
20786
20790
20793
20796
20800
20803
20806
20810
20813
20816
20820
20823
20826
20830
20833
20836
20840
20843
20846
20849
20853
20856
20860
20863
20866
20869
20873
20876
20880
20883
20886
20889
20892
20896
20899
20902
20905
20909
20912
20915
20918
20922
20925
20928
20931
20935
20938
20941
20944
20947
20951
20954
20957
20960
20964
20967
20970
20973
20977
20980
20983
20986
20990
20992
20995
20998
21001
21004
21007
21010
21013
21016
21019
21022
21025
21028
21031
21034
21037
21040
21043
21046
21049
21052
21055
21058
21061
21064
21067
21070
21073
21076
21079
21082
21085
21088
21091
21094
21097
21100
21102
21105
21108
21111
21114
21117
21120
21123
21126
21128
21131
21134
21137
21140
21143
21146
21149
21152
21155
21157
21160
21163
21166
21169
21172
21175
21178
21181
21183
21186
21189
21192
21195
21198
21201
21204
21207
21210
21212
21214
21217
21219
21222
21224
21227
21229
21232
21234
21236
21239
21241
21244
21246
21249
21251
21254
21256
21258
21261
21263
21266
21268
21271
21273
21276
21278
21280
21283
21285
21288
21290
21293
21295
21298
21300
21302
21305
21307
21310
21312
21315
21317
21320
21322
21325
21328
21331
21334
21337
21340
21342
21345
21348
21351
21354
21357
21360
21362
21365
21368
21371
21374
21377
21380
21382
21385
21388
21391
21394
21397
21400
21402
21405
21408
21411
21414
21417
21420
21423
21427
21430
21434
21437
21441
21444
21448
21451
21455
21459
21462
21466
21469
21473
21476
21480
21483
21487
21490
21494
21498
21501
21505
21508
21512
21515
21519
21522
21526
21530
21533
21536
21540
21543
21546
21550
21553
21556
21560
21563
21566
21570
21573
21576
21580
21583
21586
21590
21593
21596
21600
21603
21606
21610
21613
21616
21619
21623
21626
21630
21633
21636
21640
21643
21646
21650
21653
21656
21660
21663
21666
21669
21673
21676
21680
21683
21686
21689
21693
21696
21700
21703
21706
21709
21713
21716
21720
21723
21726
21729
21733
21736
21740
21744
21748
21752
21756
21760
21764
21768
21772
21776
21780
21784
21788
21792
21797
21801
21805
21809
21813
21817
21821
21825
21829
21833
21837
21841
21845
21850
21852
21855
21857
21860
21863
21865
21868
21871
21873
21876
21878
21881
21884
21886
21889
21892
21894
21897
21900
21902
21905
21907
21910
21913
21915
21918
21921
21923
21926
21928
21931
21934
21936
21939
21942
21944
21947
21950
21952
21955
21957
21960
21962
21965
21967
21970
21973
21975
21978
21980
21983
21985
21988
21990
21993
21996
21998
22001
22003
22006
22008
22011
22013
22016
22019
22021
22024
22026
22029
22031
22034
22036
22039
22042
22044
22047
22049
22052
22054
22057
22060
22062
22064
22066
22069
22071
22073
22076
22078
22080
22083
22085
22087
22090
22092
22094
22097
22099
22101
22104
22106
22108
22111
22113
22115
22118
22120
22122
22125
22127
22129
22132
22134
22136
22139
22141
22143
22146
22148
22150
22153
22155
22157
22160
22162
22165
22167
22170
22173
22175
22178
22180
22183
22186
22188
22191
22194
22196
22199
22201
22204
22207
22209
22212
22215
22217
22220
22222
22225
22228
22230
22233
22235
22238
22241
22243
22246
22249
22251
22254
22256
22259
22262
22264
22267
22270
22272
22275
22277
22280
22283
22285
22288
22290
22293
22296
22298
22301
22304
22306
22309
22311
22314
22317
22319
22322
22325
22327
22330
22332
22335
22338
22340
22343
22345
22348
22351
22353
22356
22359
22361
22364
22366
22369
22372
22374
22377
22380
22382
22385
22388
22391
22393
22396
22399
22401
22404
22407
22410
22413
22415
22418
22421
22424
22426
22429
22432
22435
22437
22440
22443
22445
22448
22451
22454
22456
22459
22462
22465
22468
22470
22473
22476
22479
22481
22484
22487
22490
22492
22495
22498
22501
22504
22506
22509
22512
22515
22518
22521
22523
22526
22529
22532
22535
22537
22540
22543
22546
22549
22552
22554
22557
22560
22563
22566
22568
22571
22574
22577
22580
22583
22585
22588
22591
22594
22597
22600
22602
22604
22606
22608
22611
22613
22615
22617
22620
22622
22624
22626
22628
22631
22633
22635
22637
22640
22642
22644
22646
22648
22651
22653
22655
22657
22660
22662
22664
22666
22668
22671
22673
22675
22677
22680
22682
22684
22686
22688
22691
22693
22695
22697
22700
22702
22704
22707
22709
22712
22714
22717
22719
22721
22724
22726
22729
22731
22734
22736
22739
22741
22744
22746
22748
22751
22753
22756
22758
22761
22763
22766
22768
22770
22773
22775
22778
22780
22783
22785
22788
22790
22792
22795
22797
22800
22802
22805
22807
22810
22812
22815
22817
22820
22823
22825
22828
22831
22833
22836
22838
22841
22844
22846
22849
22852
22854
22857
22860
22862
22865
22867
22870
22873
22875
22878
22881
22883
22886
22888
22891
22894
22896
22899
22902
22904
22907
22910
22912
22915
22917
22920
22922
22925
22927
22930
22932
22935
22937
22940
22942
22945
22947
22950
22952
22955
22957
22960
22962
22965
22967
22970
22972
22975
22977
22980
22982
22985
22987
22990
22992
22995
22997
23000
23002
23005
23007
23010
23012
23015
23017
23020
23022
23025
23027
23030
23032
23034
23037
23039
23041
23044
23046
23049
23051
23053
23056
23058
23060
23063
23065
23068
23070
23072
23075
23077
23080
23082
23084
23087
23089
23091
23094
23096
23099
23101
23103
23106
23108
23110
23113
23115
23118
23120
23122
23125
23127
23130
23132
23135
23138
23141
23143
23146
23149
23151
23154
23157
23160
23163
23165
23168
23171
23174
23176
23179
23182
23185
23187
23190
23193
23195
23198
23201
23204
23206
23209
23212
23215
23218
23220
23223
23226
23229
23231
23234
23237
23240
23242
23245
23248
23251
23254
23257
23260
23263
23266
23269
23272
23275
23278
23281
23284
23287
23290
23293
23296
23299
23302
23305
23308
23311
23314
23317
23320
23323
23326
23329
23332
23335
23338
23341
23344
23347
23350
23352
23355
23358
23360
23363
23366
23368
23371
23374
23377
23379
23382
23385
23387
23390
23393
23395
23398
23401
23404
23406
23409
23412
23414
23417
23420
23422
23425
23428
23431
23433
23436
23439
23441
23444
23447
23450
23453
23456
23459
23462
23465
23468
23471
23474
23477
23480
23483
23486
23489
23492
23495
23498
23501
23505
23508
23511
23514
23517
23520
23523
23526
23529
23532
23535
23538
23541
23544
23547
23550
23553
23556
23560
23562
23565
23568
23571
23574
23577
23580
23582
23585
23588
23591
23594
23597
23599
23602
23605
23608
23611
23614
23617
23620
23622
23625
23628
23631
23634
23637
23640
23642
23645
23648
23651
23654
23657
23660
23663
23666
23669
23672
23675
23678
23682
23685
23688
23691
23694
23697
23700
23704
23707
23710
23713
23716
23719
23722
23726
23729
23732
23735
23738
23741
23744
23748
23751
23754
23757
23760
23763
23766
23770
23772
23775
23777
23780
23782
23785
23787
23790
23793
23795
23798
23800
23803
23805
23808
23810
23813
23816
23818
23821
23823
23826
23828
23831
23833
23836
23839
23841
23844
23846
23849
23851
23854
23856
23859
23862
23864
23867
23869
23872
23874
23877
23880
23882
23885
23887
23890
23893
23895
23898
23900
23903
23906
23908
23911
23914
23916
23919
23921
23924
23927
23929
23932
23935
23937
23940
23942
23945
23948
23950
23953
23955
23958
23961
23963
23966
23969
23971
23974
23976
23979
23982
23984
23987
23990
23992
23995
23998
24001
24004
24007
24010
24013
24016
24018
24021
24024
24027
24030
24033
24036
24039
24042
24045
24047
24050
24053
24056
24059
24062
24065
24068
24071
24073
24076
24079
24082
24085
24088
24091
24094
24097
24100
24102
24105
24108
24110
24113
24116
24118
24121
24124
24127
24129
24132
24135
24137
24140
24143
24145
24148
24151
24154
24156
24159
24162
24164
24167
24170
24172
24175
24178
24181
24183
24186
24189
24191
24194
24197
24200
24203
24206
24209
24212
24215
24218
24221
24224
24227
24230
24233
24236
24239
24242
24245
24248
24251
24255
24258
24261
24264
24267
24270
24273
24276
24279
24282
24285
24288
24291
24294
24297
24300
24303
24306
24310
24312
24315
24317
24320
24323
24325
24328
24331
24333
24336
24338
24341
24344
24346
24349
24352
24354
24357
24360
24362
24365
24367
24370
24373
24375
24378
24381
24383
24386
24388
24391
24394
24396
24399
24402
24404
24407
24410
24413
24416
24419
24422
24425
24428
24431
24434
24437
24440
24443
24446
24449
24452
24455
24458
24461
24465
24468
24471
24474
24477
24480
24483
24486
24489
24492
24495
24498
24501
24504
24507
24510
24513
24516
24520
24522
24525
24528
24531
24534
24536
24539
24542
24545
24548
24551
24553
24556
24559
24562
24565
24567
24570
24573
24576
24579
24582
24584
24587
24590
24593
24596
24598
24601
24604
24607
24610
24613
24615
24618
24621
24624
24627
24630
24632
24635
24638
24641
24643
24646
24649
24651
24654
24657
24660
24663
24665
24668
24671
24674
24676
24679
24682
24685
24687
24690
24693
24695
24698
24701
24704
24706
24709
24712
24715
24718
24720
24723
24726
24729
24731
24734
24737
24740
24742
24745
24748
24751
24754
24756
24759
24762
24765
24768
24771
24773
24776
24779
24782
24785
24787
24790
24793
24796
24799
24802
24804
24807
24810
24813
24816
24818
24821
24824
24827
24830
24833
24835
24838
24841
24844
24847
24850
24852
24854
24856
24859
24861
24863
24866
24868
24870
24873
24875
24877
24880
24882
24884
24887
24889
24891
24894
24896
24898
24901
24903
24905
24908
24910
24912
24915
24917
24919
24922
24924
24926
24929
24931
24933
24936
24938
24940
24943
24945
24947
24950
24953
24956
24959
24962
24965
24968
24971
24974
24977
24980
24983
24986
24989
24992
24995
24998
25001
25005
25008
25011
25014
25017
25020
25023
25026
25029
25032
25035
25038
25041
25044
25047
25050
25053
25056
25060
25062
25064
25067
25070
25072
25075
25077
25080
25082
25085
25087
25090
25092
25095
25097
25099
25102
25105
25107
25110
25112
25115
25117
25120
25122
25125
25127
25130
25132
25134
25137
25140
25142
25145
25147
25150
25152
25155
25157
25160
25162
25165
25167
25170
25172
25175
25177
25180
25183
25185
25188
25190
25193
25195
25198
25200
25203
25206
25208
25211
25213
25216
25218
25221
25223
25226
25229
25231
25234
25236
25239
25241
25244
25246
25249
25252
25254
25257
25259
25262
25264
25267
25270
25272
25274
25277
25279
25281
25284
25286
25289
25291
25293
25296
25298
25301
25303
25305
25308
25310
25313
25315
25317
25320
25322
25325
25327
25329
25332
25334
25336
25339
25341
25344
25346
25348
25351
25353
25356
25358
25360
25363
25365
25368
25370
25372
25375
25377
25380
25382
25385
25387
25390
25392
25395
25397
25400
25403
25405
25408
25410
25413
25415
25418
25420
25423
25426
25428
25431
25433
25436
25438
25441
25443
25446
25449
25451
25454
25456
25459
25461
25464
25466
25469
25472
25474
25477
25479
25482
25484
25487
25490
25492
25494
25497
25499
25501
25504
25506
25508
25511
25513
25515
25518
25520
25522
25525
25527
25529
25532
25534
25536
25539
25541
25543
25546
25548
25550
25553
25555
25557
25560
25562
25564
25567
25569
25571
25574
25576
25578
25581
25583
25585
25588
25590
25592
25595
25597
25600
25602
25605
25608
25610
25613
25616
25618
25621
25624
25626
25629
25632
25634
25637
25640
25642
25645
25648
25650
25653
25656
25659
25661
25664
25667
25669
25672
25675
25677
25680
25683
25685
25688
25691
25693
25696
25699
25701
25704
25707
25710
25712
25715
25717
25720
25722
25725
25727
25730
25732
25735
25737
25740
25742
25745
25747
25750
25752
25755
25757
25760
25762
25765
25767
25770
25772
25775
25777
25780
25782
25785
25787
25790
25792
25795
25797
25800
25802
25805
25807
25810
25812
25815
25817
25820
25822
25825
25828
25831
25833
25836
25839
25842
25845
25847
25850
25853
25856
25858
25861
25864
25867
25870
25872
25875
25878
25881
25883
25886
25889
25892
25895
25897
25900
25903
25906
25908
25911
25914
25917
25920
25922
25924
25927
25929
25931
25934
25936
25939
25941
25943
25946
25948
25951
25953
25955
25958
25960
25963
25965
25967
25970
25972
25975
25977
25979
25982
25984
25986
25989
25991
25994
25996
25998
26001
26003
26006
26008
26010
26013
26015
26018
26020
26022
26025
26027
26030
26032
26035
26038
26040
26043
26046
26048
26051
26054
26057
26059
26062
26065
26067
26070
26073
26075
26078
26081
26084
26086
26089
26092
26094
26097
26100
26102
26105
26108
26111
26113
26116
26119
26121
26124
26127
26130
26132
26135
26137
26140
26143
26145
26148
26150
26153
26156
26158
26161
26164
26166
26169
26171
26174
26177
26179
26182
26185
26187
26190
26192
26195
26198
26200
26203
26205
26208
26211
26213
26216
26219
26221
26224
26226
26229
26232
26234
26237
26240
26242
26244
26246
26248
26250
26253
26255
26257
26259
26262
26264
26266
26268
26270
26273
26275
26277
26279
26281
26284
26286
26288
26290
26292
26295
26297
26299
26301
26303
26306
26308
26310
26312
26314
26317
26319
26321
26323
26325
26328
26330
26332
26334
26336
26339
26341
26343
26345
26347
26350
26352
26355
26357
26360
26363
26365
26368
26371
26373
26376
26378
26381
26384
26386
26389
26392
26394
26397
26400
26402
26405
26407
26410
26413
26415
26418
26421
26423
26426
26428
26431
26434
26436
26439
26442
26444
26447
26450
26452
26454
26456
26459
26461
26463
26466
26468
26470
26472
26475
26477
26479
26482
26484
26486
26488
26491
26493
26495
26498
26500
26502
26505
26507
26509
26511
26514
26516
26518
26521
26523
26525
26527
26530
26532
26534
26537
26539
26541
26543
26546
26548
26550
26553
26555
26557
26560
26562
26565
26567
26570
26572
26575
26577
26580
26583
26585
26588
26590
26593
26595
26598
26600
26603
26606
26608
26611
26613
26616
26618
26621
26623
26626
26629
26631
26634
26636
26639
26641
26644
26646
26649
26652
26654
26657
26659
26662
26664
26667
26670
26672
26675
26678
26680
26683
26686
26688
26691
26694
26696
26699
26702
26704
26707
26710
26712
26715
26718
26720
26723
26726
26728
26731
26734
26736
26739
26742
26744
26747
26750
26752
26755
26758
26760
26763
26766
26768
26771
26774
26776
26779
26782
26784
26787
26790
26792
26794
26797
26800
26802
26805
26807
26810
26812
26814
26817
26820
26822
26825
26827
26830
26832
26835
26837
26840
26842
26845
26847
26850
26852
26855
26857
26860
26862
26865
26867
26870
26872
26875
26877
26880
26882
26885
26887
26890
26892
26894
26896
26898
26901
26903
26905
26907
26909
26912
26914
26916
26918
26920
26923
26925
26927
26929
26931
26934
26936
26938
26940
26942
26945
26947
26949
26951
26953
26956
26958
26960
26962
26964
26967
26969
26971
26973
26975
26978
26980
26982
26984
26986
26989
26991
26993
26995
26997
27000
27002
27005
27008
27010
27013
27016
27018
27021
27024
27026
27029
27032
27034
27037
27040
27042
27045
27048
27050
27053
27056
27059
27061
27064
27067
27069
27072
27075
27077
27080
27083
27085
27088
27091
27093
27096
27099
27101
27104
27107
27110
27112
27115
27118
27120
27123
27126
27128
27131
27134
27137
27139
27142
27145
27147
27150
27153
27155
27158
27161
27164
27166
27169
27172
27174
27177
27180
27182
27185
27188
27191
27193
27196
27199
27201
27204
27207
27210
27212
27214
27216
27219
27221
27223
27226
27228
27230
27232
27235
27237
27239
27242
27244
27246
27248
27251
27253
27255
27258
27260
27262
27265
27267
27269
27271
27274
27276
27278
27281
27283
27285
27287
27290
27292
27294
27297
27299
27301
27303
27306
27308
27310
27313
27315
27317
27320
27322
27325
27327
27330
27332
27335
27337
27340
27342
27345
27347
27350
27352
27355
27357
27360
27362
27365
27367
27370
27372
27375
27377
27380
27382
27385
27387
27390
27392
27395
27397
27400
27402
27405
27407
27410
27412
27415
27417
27420
27422
27425
27427
27430
27432
27435
27437
27440
27443
27445
27448
27450
27453
27455
27458
27460
27463
27466
27468
27471
27473
27476
27478
27481
27483
27486
27489
27491
27494
27496
27499
27501
27504
27506
27509
27512
27514
27517
27519
27522
27524
27527
27530
27532
27534
27537
27539
27541
27544
27546
27549
27551
27553
27556
27558
27560
27563
27565
27568
27570
27572
27575
27577
27580
27582
27584
27587
27589
27591
27594
27596
27599
27601
27603
27606
27608
27610
27613
27615
27618
27620
27622
27625
27627
27630
27632
27635
27637
27640
27643
27646
27648
27651
27654
27656
27659
27662
27664
27667
27669
27672
27675
27678
27680
27683
27686
27688
27691
27694
27696
27699
27702
27704
27707
27710
27712
27715
27718
27720
27723
27726
27728
27731
27734
27736
27739
27742
27744
27747
27750
27752
27755
27757
27760
27762
27765
27767
27770
27772
27775
27777
27780
27782
27785
27787
27790
27792
27794
27797
27800
27802
27805
27807
27810
27812
27815
27817
27820
27822
27825
27827
27830
27832
27835
27837
27840
27842
27845
27847
27849
27852
27855
27857
27860
27862
27865
27867
27870
27873
27875
27878
27881
27883
27886
27888
27891
27894
27896
27899
27902
27904
27907
27910
27912
27915
27917
27920
27923
27925
27928
27931
27933
27936
27938
27941
27944
27946
27949
27952
27954
27957
27960
27962
27965
27968
27971
27973
27976
27979
27982
27984
27987
27990
27993
27995
27998
28001
28004
28006
28009
28012
28015
28017
28020
28023
28026
28028
28031
28034
28037
28039
28042
28045
28048
28050
28053
28056
28059
28061
28064
28067
28070
28072
28075
28077
28080
28083
28085
28088
28091
28093
28096
28098
28101
28104
28106
28109
28112
28114
28117
28120
28122
28125
28127
28130
28133
28135
28138
28141
28143
28146
28148
28151
28154
28156
28159
28162
28164
28167
28170
28172
28175
28177
28180
28182
28185
28187
28190
28193
28195
28198
28200
28203
28205
28208
28210
28213
28216
28218
28221
28223
28226
28228
28231
28233
28236
28239
28241
28244
28246
28249
28251
28254
28256
28259
28262
28264
28267
28269
28272
28274
28277
28280
28283
28286
28289
28292
28295
28298
28301
28304
28307
28310
28313
28316
28319
28322
28325
28328
28331
28334
28337
28340
28343
28346
28349
28352
28355
28358
28361
28364
28367
28370
28373
28376
28380
28381
28384
28386
28387
28390
28392
28394
28395
28398
28400
28401
28404
28406
28407
28410
28412
28413
28416
28418
28419
28421
28424
28426
28427
28430
28432
28433
28436
28438
28439
28442
28444
28445
28448
28450
28452
28453
28456
28458
28459
28462
28464
28465
28468
28470
28471
28474
28476
28477
28479
28482
28484
28485
28488
28490
28492
28494
28496
28498
28501
28503
28505
28507
28510
28512
28514
28516
28519
28521
28523
28525
28528
28530
28532
28534
28537
28539
28541
28543
28546
28548
28550
28552
28555
28557
28559
28561
28564
28566
28568
28570
28573
28575
28577
28579
28582
28584
28586
28588
28591
28593
28595
28597
28600
28602
28604
28606
28608
28611
28613
28615
28617
28620
28622
28624
28626
28628
28631
28633
28635
28637
28640
28642
28644
28646
28648
28651
28653
28655
28657
28660
28662
28664
28666
28668
28671
28673
28675
28677
28680
28682
28684
28686
28688
28691
28693
28695
28697
28700
28702
28705
28708
28710
28713
28716
28718
28721
28724
28726
28729
28732
28734
28737
28740
28742
28745
28748
28750
28753
28756
28759
28761
28764
28767
28769
28772
28775
28777
28780
28783
28785
28788
28791
28793
28796
28799
28801
28804
28807
28810
28812
28814
28817
28820
28822
28825
28827
28830
28832
28835
28837
28840
28842
28845
28847
28849
28852
28855
28857
28860
28862
28865
28867
28870
28872
28875
28877
28880
28882
28884
28887
28890
28892
28895
28897
28900
28902
28905
28907
28910
28912
28915
28918
28921
28924
28926
28929
28932
28935
28938
28941
28943
28946
28949
28952
28955
28957
28960
28963
28966
28969
28972
28974
28977
28980
28983
28986
28988
28991
28994
28997
29000
29003
29005
29008
29011
29014
29017
29020
29022
29025
29028
29031
29033
29036
29039
29041
29044
29047
29050
29053
29055
29058
29061
29064
29066
29069
29072
29075
29077
29080
29083
29086
29088
29091
29094
29096
29099
29102
29105
29108
29110
29113
29116
29119
29121
29124
29127
29130
29132
29135
29138
29141
29144
29146
29149
29152
29155
29158
29161
29163
29166
29169
29172
29175
29177
29180
29183
29186
29189
29192
29194
29197
29200
29203
29206
29208
29211
29214
29217
29220
29223
29225
29228
29231
29234
29237
29240
29242
29244
29247
29250
29252
29255
29257
29259
29262
29265
29267
29270
29272
29275
29277
29280
29282
29285
29287
29290
29292
29295
29297
29300
29302
29305
29307
29310
29312
29315
29317
29320
29322
29325
29327
29330
29332
29335
29337
29340
29342
29345
29347
29350
29352
29355
29357
29360
29363
29365
29368
29371
29373
29376
29378
29381
29384
29386
29389
29392
29394
29397
29400
29402
29405
29407
29410
29413
29415
29418
29421
29423
29426
29428
29431
29434
29436
29439
29442
29444
29447
29450
29452
29455
29457
29460
29462
29465
29467
29470
29473
29475
29478
29480
29483
29485
29488
29490
29493
29496
29498
29501
29503
29506
29508
29511
29513
29516
29519
29521
29524
29526
29529
29531
29534
29536
29539
29542
29544
29547
29549
29552
29554
29557
29560
29562
29565
29567
29570
29572
29575
29577
29580
29583
29585
29588
29590
29593
29595
29598
29601
29603
29606
29608
29611
29613
29616
29618
29621
29624
29626
29629
29631
29634
29636
29639
29642
29644
29647
29649
29652
29654
29657
29660
29662
29665
29667
29670
29672
29675
29677
29680
29683
29685
29688
29690
29693
29695
29698
29700
29703
29706
29708
29711
29713
29716
29718
29721
29723
29726
29729
29731
29734
29736
29739
29741
29744
29746
29749
29752
29754
29757
29759
29762
29764
29767
29770
29772
29774
29776
29779
29781
29783
29786
29788
29790
29792
29795
29797
29799
29802
29804
29806
29808
29811
29813
29815
29818
29820
29822
29825
29827
29829
29831
29834
29836
29838
29841
29843
29845
29847
29850
29852
29854
29857
29859
29861
29863
29866
29868
29870
29873
29875
29877
29880
29882
29885
29888
29891
29894
29897
29900
29902
29905
29908
29911
29914
29917
29919
29922
29925
29928
29931
29934
29937
29939
29942
29945
29948
29951
29954
29957
29960
29962
29965
29968
29971
29974
29977
29980
29982
29985
29988
29991
29994
29997
30000
