1
3
5
7
9
11
12
14
16
18
20
22
23
25
27
29
31
33
34
36
38
40
42
44
45
47
49
51
53
55
56
58
60
62
64
66
67
69
71
73
75
77
78
80
82
84
86
88
89
91
93
95
97
99
100
102
104
106
108
110
111
113
115
116
118
120
122
123
125
127
128
130
132
134
135
137
139
141
142
144
146
147
149
151
153
154
156
158
160
161
163
165
166
168
170
172
173
175
177
178
180
182
184
185
187
189
191
192
194
196
197
199
201
203
204
206
208
210
211
213
215
216
218
220
222
223
225
227
229
230
232
234
236
237
239
241
243
244
246
248
250
251
253
255
257
258
260
262
264
265
267
269
271
272
274
276
278
279
281
283
285
286
288
290
292
293
295
297
299
300
302
304
306
307
309
311
313
314
316
318
320
321
323
324
326
328
329
331
333
334
336
338
339
341
342
344
346
347
349
351
352
354
356
357
359
360
362
364
365
367
369
370
372
374
375
377
379
380
382
383
385
387
388
390
392
393
395
397
398
400
401
403
405
406
408
410
411
413
415
416
418
420
421
423
425
427
429
431
433
435
437
439
441
443
445
447
449
451
453
455
457
459
461
463
465
467
469
471
473
475
476
478
480
482
484
486
488
490
492
494
496
498
500
502
504
506
508
510
512
514
516
518
520
522
524
526
528
530
533
537
541
544
548
552
555
559
563
567
570
574
578
581
585
589
592
596
600
604
607
611
615
618
622
626
630
632
635
638
641
643
646
649
652
654
657
660
663
665
668
671
674
676
679
682
685
687
690
693
696
698
701
704
707
709
712
715
718
720
723
726
729
731
734
737
740
742
744
746
748
750
752
754
756
758
760
762
764
766
769
771
773
775
777
779
781
783
785
787
789
791
793
796
798
800
802
804
806
808
810
812
814
816
818
820
823
825
827
829
831
833
835
837
839
841
843
845
847
850
852
854
856
858
861
863
865
867
870
872
874
876
878
881
883
885
887
890
892
894
896
898
901
903
905
907
909
912
914
916
918
921
923
925
927
929
932
934
936
938
941
943
945
947
950
952
955
958
961
964
967
970
973
976
979
982
985
988
990
993
996
999
1002
1005
1008
1011
1014
1017
1020
1023
1026
1029
1031
1034
1037
1040
1043
1046
1049
1052
1055
1058
1061
1064
1067
1070
1071
1073
1075
1077
1079
1081
1083
1085
1087
1089
1091
1093
1095
1097
1099
1101
1103
1105
1107
1109
1111
1113
1115
1117
1119
1120
1122
1124
1126
1128
1130
1132
1134
1136
1138
1140
1142
1144
1146
1148
1150
1152
1154
1156
1158
1160
1162
1164
1166
1168
1170
1172
1175
1177
1180
1183
1185
1188
1190
1193
1196
1198
1201
1204
1206
1209
1211
1214
1217
1219
1222
1225
1227
1230
1232
1235
1238
1240
1243
1245
1248
1251
1253
1256
1259
1261
1264
1266
1269
1272
1274
1277
1280
1282
1285
1287
1290
1292
1295
1297
1300
1303
1305
1308
1310
1313
1315
1318
1321
1323
1326
1328
1331
1333
1336
1338
1341
1344
1346
1349
1351
1354
1356
1359
1362
1364
1367
1369
1372
1374
1377
1380
1382
1384
1387
1390
1392
1395
1397
1400
1402
1404
1407
1410
1412
1415
1417
1420
1422
1424
1427
1430
1432
1435
1437
1440
1442
1444
1447
1450
1452
1455
1457
1460
1462
1464
1467
1470
1472
1475
1477
1480
1482
1484
1487
1490
1492
1495
1497
1500
1502
1504
1506
1508
1510
1512
1514
1516
1518
1521
1523
1525
1527
1529
1531
1533
1535
1537
1540
1542
1544
1546
1548
1550
1552
1554
1556
1558
1561
1563
1565
1567
1569
1571
1573
1575
1577
1580
1582
1584
1586
1588
1590
1592
1594
1596
1598
1601
1603
1605
1607
1609
1611
1613
1615
1617
1620
1621
1623
1625
1627
1629
1630
1632
1634
1636
1638
1640
1641
1643
1645
1647
1649
1650
1652
1654
1656
1658
1660
1661
1663
1665
1667
1669
1670
1672
1674
1676
1678
1680
1681
1683
1685
1687
1689
1690
1692
1694
1696
1698
1700
1701
1703
1705
1707
1709
1710
1712
1714
1716
1718
1720
1722
1724
1726
1728
1730
1733
1735
1737
1739
1742
1744
1746
1748
1750
1753
1755
1757
1759
1761
1764
1766
1768
1770
1772
1775
1777
1779
1781
1783
1786
1788
1790
1792
1794
1797
1799
1801
1803
1805
1808
1810
1812
1814
1816
1819
1821
1823
1825
1827
1830
1831
1833
1835
1837
1839
1841
1843
1845
1847
1849
1851
1853
1855
1857
1859
1861
1863
1865
1867
1869
1871
1873
1875
1877
1879
1880
1882
1884
1886
1888
1890
1892
1894
1896
1898
1900
1902
1904
1906
1908
1910
1912
1914
1916
1918
1920
1922
1924
1926
1928
1930
1931
1933
1935
1937
1939
1941
1943
1944
1946
1948
1950
1952
1954
1956
1957
1959
1961
1963
1965
1967
1969
1971
1972
1974
1976
1978
1980
1982
1984
1985
1987
1989
1991
1993
1995
1997
1998
2000
2002
2004
2006
2008
2010
2012
2013
2015
2017
2019
2021
2023
2025
2026
2028
2030
2032
2034
2036
2038
2040
2042
2044
2046
2048
2050
2052
2054
2056
2058
2060
2062
2065
2067
2069
2071
2073
2075
2077
2079
2081
2083
2085
2087
2090
2092
2094
2096
2098
2100
2102
2104
2106
2108
2110
2112
2115
2117
2119
2121
2123
2125
2127
2129
2131
2133
2135
2137
2140
2141
2143
2145
2147
2149
2151
2153
2155
2157
2159
2161
2163
2165
2167
2168
2170
2172
2174
2176
2178
2180
2182
2184
2186
2188
2190
2192
2194
2195
2197
2199
2201
2203
2205
2207
2209
2211
2213
2215
2217
2219
2221
2222
2224
2226
2228
2230
2232
2234
2236
2238
2240
2242
2244
2246
2248
2250
2252
2255
2258
2260
2263
2266
2268
2271
2274
2276
2279
2282
2284
2287
2290
2292
2295
2298
2300
2303
2306
2309
2311
2314
2317
2319
2322
2325
2327
2330
2333
2335
2338
2341
2343
2346
2349
2351
2354
2357
2360
2362
2364
2365
2368
2370
2372
2373
2376
2378
2380
2381
2384
2386
2388
2389
2392
2394
2396
2397
2400
2402
2404
2405
2408
2410
2412
2413
2416
2418
2420
2421
2424
2426
2428
2429
2432
2434
2436
2437
2440
2442
2444
2445
2448
2450
2452
2453
2456
2458
2460
2461
2464
2465
2468
2469
2472
2473
2476
2477
2480
2481
2484
2485
2488
2489
2492
2494
2496
2498
2500
2502
2504
2506
2508
2510
2512
2514
2516
2518
2520
2522
2524
2526
2528
2530
2532
2534
2536
2538
2540
2542
2544
2546
2548
2550
2552
2554
2556
2558
2560
2562
2564
2566
2568
2570
2572
2574
2577
2579
2581
2584
2586
2589
2591
2593
2596
2598
2600
2603
2605
2608
2610
2612
2615
2617
2620
2622
2624
2627
2629
2631
2634
2636
2639
2641
2643
2646
2648
2650
2653
2655
2658
2660
2662
2665
2667
2670
2672
2675
2678
2681
2684
2686
2689
2692
2695
2698
2701
2703
2706
2709
2712
2715
2717
2720
2723
2726
2729
2732
2734
2737
2740
2743
2746
2748
2751
2754
2757
2760
2763
2765
2768
2771
2774
2777
2780
2782
2784
2786
2789
2791
2793
2796
2798
2800
2803
2805
2807
2810
2812
2814
2817
2819
2821
2824
2826
2828
2831
2833
2835
2838
2840
2842
2845
2847
2849
2852
2854
2856
2859
2861
2863
2866
2868
2870
2873
2875
2877
2880
2882
2884
2886
2888
2890
2892
2894
2896
2899
2901
2903
2905
2907
2909
2911
2913
2915
2918
2920
2922
2924
2926
2928
2930
2932
2935
2937
2939
2941
2943
2945
2947
2949
2951
2954
2956
2958
2960
2962
2964
2966
2968
2970
2973
2975
2977
2979
2981
2983
2985
2987
2990
2992
2994
2996
2998
3001
3003
3005
3007
3010
3012
3014
3016
3019
3021
3023
3025
3028
3030
3032
3034
3037
3039
3041
3043
3046
3048
3050
3052
3055
3057
3059
3061
3064
3066
3068
3070
3073
3075
3077
3079
3082
3084
3086
3088
3091
3093
3095
3097
3100
3102
3104
3107
3109
3111
3114
3116
3119
3121
3123
3126
3128
3130
3133
3135
3138
3140
3142
3145
3147
3150
3152
3154
3157
3159
3161
3164
3166
3169
3171
3173
3176
3178
3180
3183
3185
3188
3190
3192
3195
3197
3200
3203
3206
3209
3212
3215
3218
3222
3225
3228
3231
3234
3237
3240
3244
3247
3250
3253
3256
3259
3262
3266
3269
3272
3275
3278
3281
3284
3288
3291
3294
3297
3300
3303
3306
3310
3313
3317
3321
3325
3329
3333
3336
3340
3344
3348
3352
3356
3360
3363
3367
3371
3375
3379
3383
3386
3390
3394
3398
3402
3406
3410
3414
3418
3422
3426
3430
3434
3438
3442
3446
3450
3454
3458
3462
3467
3471
3475
3479
3483
3487
3491
3495
3499
3503
3507
3511
3515
3520
3525
3531
3536
3542
3547
3553
3558
3564
3569
3575
3580
3586
3591
3597
3602
3608
3613
3619
3624
3630
3634
3639
3644
3649
3653
3658
3663
3668
3673
3677
3682
3687
3692
3696
3701
3706
3711
3716
3720
3725
3730
3735
3740
3745
3751
3756
3762
3767
3773
3778
3784
3789
3795
3800
3806
3811
3817
3822
3828
3833
3839
3844
3850
3856
3863
3870
3876
3883
3890
3896
3903
3910
3916
3923
3930
3936
3943
3950
3955
3961
3966
3972
3977
3983
3988
3994
3999
4005
4010
4016
4021
4027
4032
4037
4043
4048
4054
4059
4069
4080
4090
4100
4109
4120
4130
4140
4150
4160
4165
4171
4177
4183
4188
4194
4200
4206
4212
4217
4223
4229
4235
4241
4246
4252
4258
4264
4270
4275
4281
4286
4292
4297
4303
4308
4314
4319
4324
4330
4335
4341
4346
4352
4358
4363
4369
4374
4380
4385
4391
4397
4403
4408
4414
4420
4426
4432
4437
4443
4449
4455
4461
4466
4472
4478
4484
4490
4494
4499
4503
4508
4512
4517
4522
4526
4531
4535
4540
4545
4549
4554
4558
4563
4567
4572
4577
4581
4586
4590
4595
4600
4604
4608
4613
4617
4621
4626
4630
4634
4639
4643
4647
4652
4656
4660
4665
4669
4673
4678
4682
4686
4691
4695
4700
4704
4708
4712
4716
4721
4725
4729
4733
4738
4742
4746
4750
4755
4759
4763
4767
4771
4776
4780
4784
4788
4793
4797
4801
4805
4810
4814
4818
4823
4827
4831
4836
4840
4844
4849
4853
4857
4862
4866
4870
4875
4879
4883
4888
4892
4896
4901
4905
4910
4913
4916
4920
4923
4926
4930
4933
4936
4940
4943
4946
4950
4953
4956
4960
4963
4966
4970
4973
4976
4979
4983
4986
4989
4993
4996
5000
5003
5006
5010
5013
5016
5020
5023
5026
5029
5032
5036
5039
5042
5045
5049
5052
5055
5058
5062
5065
5068
5071
5074
5078
5081
5084
5087
5091
5094
5097
5100
5104
5107
5110
5113
5117
5120
5123
5126
5130
5132
5134
5137
5139
5141
5144
5146
5149
5151
5153
5156
5158
5161
5163
5165
5168
5170
5173
5175
5177
5180
5182
5185
5187
5189
5192
5194
5196
5199
5201
5204
5206
5208
5211
5213
5216
5218
5220
5223
5225
5228
5230
5232
5235
5237
5240
5243
5246
5249
5252
5255
5258
5261
5264
5267
5270
5273
5276
5279
5282
5285
5288
5291
5295
5298
5301
5304
5307
5310
5313
5316
5319
5322
5325
5328
5331
5334
5337
5340
5343
5346
5350
5352
5355
5358
5361
5363
5366
5369
5372
5375
5377
5380
5383
5386
5388
5391
5394
5397
5400
5402
5405
5408
5411
5413
5416
5419
5422
5425
5427
5430
5433
5436
5438
5441
5444
5447
5450
5452
5454
5456
5458
5460
5462
5464
5466
5468
5470
5472
5474
5476
5479
5481
5483
5485
5487
5489
5491
5493
5495
5497
5499
5501
5503
5506
5508
5510
5512
5514
5516
5518
5520
5522
5524
5526
5528
5530
5533
5535
5537
5539
5541
5543
5545
5547
5549
5551
5553
5555
5557
5560
5562
5564
5566
5568
5570
5572
5574
5577
5579
5581
5583
5585
5587
5589
5591
5594
5596
5598
5600
5602
5604
5606
5608
5611
5613
5615
5617
5619
5621
5623
5625
5628
5630
5632
5634
5636
5638
5640
5642
5645
5647
5649
5651
5653
5655
5657
5660
5663
5666
5669
5672
5676
5679
5682
5685
5689
5692
5695
5698
5702
5705
5708
5711
5715
5718
5721
5724
5727
5731
5734
5737
5740
5744
5747
5750
5753
5757
5760
5763
5766
5770
5773
5777
5781
5785
5788
5792
5796
5800
5804
5807
5811
5815
5819
5823
5826
5830
5834
5838
5842
5845
5849
5853
5857
5861
5864
5868
5872
5876
5880
5883
5887
5891
5895
5898
5902
5906
5910
5914
5917
5921
5925
5929
5933
5936
5940
5944
5948
5952
5955
5959
5963
5967
5971
5974
5978
5982
5986
5990
5994
5999
6004
6009
6013
6018
6023
6028
6033
6037
6042
6047
6052
6056
6061
6066
6071
6076
6080
6085
6090
6095
6100
6104
6109
6114
6119
6123
6128
6133
6138
6142
6147
6152
6157
6161
6166
6171
6176
6180
6185
6190
6195
6200
6202
6205
6208
6210
6213
6216
6218
6221
6224
6226
6229
6232
6234
6237
6240
6242
6245
6248
6250
6253
6256
6259
6261
6264
6267
6269
6272
6275
6277
6280
6283
6285
6288
6291
6293
6296
6299
6301
6304
6307
6310
6313
6316
6320
6323
6327
6330
6334
6337
6341
6344
6347
6351
6354
6358
6361
6365
6368
6372
6375
6378
6382
6385
6389
6392
6396
6399
6403
6406
6410
6412
6415
6418
6421
6423
6426
6429
6432
6434
6437
6440
6443
6445
6448
6451
6454
6456
6459
6462
6465
6467
6470
6473
6476
6478
6481
6484
6487
6489
6492
6495
6497
6500
6503
6506
6508
6511
6514
6517
6520
6523
6526
6529
6533
6536
6540
6543
6546
6550
6553
6556
6560
6563
6566
6569
6573
6576
6580
6583
6586
6590
6593
6596
6600
6603
6606
6609
6613
6616
6620
6623
6626
6630
6632
6635
6638
6641
6644
6647
6650
6653
6656
6658
6661
6664
6667
6670
6673
6676
6679
6682
6685
6687
6690
6693
6696
6699
6702
6705
6708
6711
6713
6716
6719
6722
6725
6728
6731
6734
6737
6740
6743
6746
6749
6752
6756
6759
6762
6765
6769
6772
6775
6778
6782
6785
6788
6791
6795
6798
6801
6804
6808
6811
6814
6817
6821
6824
6827
6830
6834
6837
6840
6843
6847
6850
6853
6856
6860
6863
6866
6869
6872
6876
6879
6882
6885
6889
6892
6895
6898
6901
6905
6908
6911
6914
6918
6921
6924
6927
6930
6934
6937
6940
6943
6947
6950
6953
6956
6960
6962
6965
6968
6971
6974
6977
6980
6983
6986
6988
6991
6994
6997
7000
7003
7006
7009
7012
7015
7017
7020
7023
7026
7029
7032
7035
7038
7041
7043
7046
7049
7052
7055
7058
7061
7064
7067
7070
7072
7075
7078
7081
7084
7087
7090
7092
7095
7098
7101
7104
7107
7110
7112
7115
7118
7121
7124
7127
7130
7132
7135
7138
7141
7144
7147
7150
7152
7155
7158
7161
7164
7167
7170
7173
7177
7180
7184
7187
7191
7194
7198
7201
7205
7209
7212
7216
7219
7223
7226
7230
7233
7237
7240
7244
7248
7251
7255
7258
7262
7265
7269
7272
7276
7280
7282
7284
7286
7288
7290
7292
7294
7296
7298
7300
7302
7304
7306
7308
7310
7312
7314
7316
7318
7320
7322
7324
7326
7328
7331
7333
7335
7337
7339
7341
7343
7345
7347
7349
7351
7353
7355
7357
7359
7361
7363
7365
7367
7369
7371
7373
7375
7377
7380
7381
7383
7385
7387
7389
7391
7393
7395
7397
7399
7401
7403
7405
7407
7408
7410
7412
7414
7416
7418
7420
7422
7424
7426
7428
7430
7432
7434
7435
7437
7439
7441
7443
7445
7447
7449
7451
7453
7455
7457
7459
7461
7462
7464
7466
7468
7470
7472
7474
7476
7478
7480
7482
7484
7486
7488
7490
7493
7496
7499
7502
7505
7508
7511
7514
7517
7520
7523
7526
7529
7532
7535
7538
7541
7545
7548
7551
7554
7557
7560
7563
7566
7569
7572
7575
7578
7581
7584
7587
7590
7593
7596
7600
7602
7605
7607
7610
7613
7615
7618
7620
7623
7626
7628
7631
7634
7636
7639
7641
7644
7647
7649
7652
7654
7657
7660
7662
7665
7668
7670
7673
7675
7678
7681
7683
7686
7689
7691
7694
7696
7699
7702
7704
7707
7710
7712
7714
7716
7718
7721
7723
7725
7727
7730
7732
7734
7736
7739
7741
7743
7745
7748
7750
7752
7754
7757
7759
7761
7763
7766
7768
7770
7772
7775
7777
7779
7781
7784
7786
7788
7790
7793
7795
7797
7799
7802
7804
7806
7808
7811
7813
7815
7817
7820
7822
7825
7827
7830
7833
7835
7838
7841
7843
7846
7848
7851
7854
7856
7859
7862
7864
7867
7870
7872
7875
7877
7880
7883
7885
7888
7891
7893
7896
7898
7901
7904
7906
7909
7912
7914
7917
7920
7924
7928
7932
7936
7941
7945
7949
7953
7958
7962
7966
7970
7975
7979
7983
7987
7991
7996
8000
8004
8008
8013
8017
8021
8025
8029
8033
8037
8041
8045
8049
8053
8056
8060
8064
8068
8072
8076
8080
8083
8087
8091
8095
8099
8103
8106
8110
8114
8118
8122
8126
8130
8132
8135
8137
8140
8142
8145
8147
8150
8152
8155
8157
8160
8162
8165
8167
8170
8172
8175
8177
8180
8182
8185
8187
8190
8192
8195
8197
8200
8202
8205
8207
8210
8212
8215
8217
8220
8222
8225
8227
8230
8232
8235
8237
8240
8245
8250
8255
8260
8266
8271
8276
8281
8287
8292
8297
8302
8308
8313
8318
8323
8329
8334
8339
8344
8350
8353
8357
8361
8365
8369
8373
8376
8380
8384
8388
8392
8396
8399
8403
8407
8411
8415
8419
8423
8426
8430
8434
8438
8442
8446
8450
8454
8458
8463
8467
8472
8476
8480
8485
8489
8494
8498
8502
8507
8511
8516
8520
8524
8529
8533
8538
8542
8546
8551
8555
8560
8563
8567
8571
8575
8579
8583
8587
8591
8595
8599
8603
8607
8611
8615
8618
8622
8626
8630
8634
8638
8642
8646
8650
8654
8658
8662
8666
8670
8673
8676
8680
8683
8686
8690
8693
8696
8700
8703
8706
8709
8713
8716
8719
8723
8726
8730
8733
8736
8740
8743
8746
8750
8753
8756
8760
8763
8766
8770
8773
8776
8780
8783
8787
8791
8794
8798
8802
8805
8809
8813
8817
8820
8824
8828
8831
8835
8839
8842
8846
8850
8854
8857
8861
8865
8868
8872
8876
8880
8885
8890
8895
8900
8905
8910
8915
8920
8925
8930
8935
8940
8945
8950
8955
8960
8965
8970
8975
8980
8985
8990
8993
8997
9001
9005
9008
9012
9016
9020
9024
9027
9031
9035
9039
9043
9046
9050
9054
9058
9062
9065
9069
9073
9077
9081
9084
9088
9092
9096
9100
9103
9107
9111
9114
9118
9122
9125
9129
9133
9137
9140
9144
9148
9151
9155
9159
9162
9166
9170
9174
9177
9181
9185
9188
9192
9196
9200
9204
9208
9212
9216
9220
9224
9228
9232
9236
9240
9244
9248
9252
9257
9261
9265
9269
9273
9277
9281
9285
9289
9293
9297
9301
9305
9310
9314
9318
9322
9326
9330
9335
9339
9343
9347
9351
9355
9360
9364
9368
9372
9376
9380
9385
9389
9393
9397
9401
9405
9410
9413
9417
9421
9425
9429
9433
9437
9441
9445
9449
9453
9457
9461
9465
9468
9472
9476
9480
9484
9488
9492
9496
9500
9504
9508
9512
9516
9520
9523
9527
9531
9535
9538
9542
9546
9550
9554
9557
9561
9565
9569
9573
9576
9580
9584
9588
9592
9595
9599
9603
9607
9611
9614
9618
9622
9626
9630
9634
9638
9643
9647
9652
9656
9660
9665
9669
9674
9678
9682
9687
9691
9696
9700
9704
9709
9713
9718
9722
9726
9731
9735
9740
9744
9749
9753
9758
9762
9767
9772
9776
9781
9785
9790
9795
9799
9804
9808
9813
9817
9822
9827
9831
9836
9840
9845
9850
9854
9858
9862
9866
9870
9875
9879
9883
9887
9891
9895
9899
9904
9908
9912
9916
9920
9924
9929
9933
9937
9941
9945
9950
9954
9959
9963
9968
9972
9977
9982
9986
9991
9995
10000
10004
10009
10014
10018
10023
10027
10032
10037
10041
10046
10050
10055
10060
10065
10070
10075
10080
10085
10090
10095
10100
10105
10110
10115
10120
10125
10130
10135
10140
10145
10150
10155
10160
10164
10168
10172
10176
10180
10184
10188
10192
10196
10200
10204
10208
10212
10217
10221
10225
10229
10233
10237
10241
10245
10249
10253
10257
10261
10265
10270
10274
10278
10282
10286
10290
10294
10298
10302
10306
10310
10314
10318
10322
10327
10331
10335
10339
10343
10347
10351
10355
10359
10363
10367
10371
10375
10380
10383
10387
10391
10394
10398
10402
10405
10409
10413
10416
10420
10424
10427
10431
10435
10438
10442
10446
10449
10453
10457
10460
10464
10468
10471
10475
10479
10482
10486
10490
10493
10496
10500
10503
10507
10510
10514
10517
10520
10524
10527
10531
10534
10538
10541
10545
10548
10551
10555
10558
10562
10565
10569
10572
10575
10579
10582
10586
10589
10593
10596
10600
10604
10607
10612
10616
10620
10623
10628
10632
10636
10639
10644
10648
10652
10655
10660
10664
10668
10671
10676
10680
10684
10687
10692
10696
10700
10703
10707
10710
10714
10718
10722
10725
10729
10733
10736
10740
10744
10747
10751
10754
10758
10762
10766
10769
10773
10777
10780
10784
10788
10791
10795
10799
10802
10806
10810
10815
10820
10825
10830
10835
10840
10845
10850
10855
10860
10865
10870
10875
10880
10885
10890
10895
10900
10905
10910
10914
10919
10923
10928
10932
10937
10942
10946
10951
10955
10960
10965
10969
10974
10978
10983
10987
10992
10997
11001
11006
11010
11015
11020
11024
11029
11033
11038
11042
11047
11052
11056
11061
11065
11070
11075
11079
11084
11088
11093
11097
11102
11107
11111
11116
11120
11125
11130
11133
11137
11141
11145
11148
11152
11156
11160
11164
11167
11171
11175
11179
11183
11186
11190
11194
11198
11202
11205
11209
11213
11217
11221
11224
11228
11232
11236
11240
11244
11248
11253
11257
11262
11266
11271
11275
11280
11284
11288
11293
11297
11302
11306
11311
11315
11320
11324
11328
11333
11337
11342
11346
11351
11355
11360
11363
11367
11371
11375
11379
11383
11386
11390
11394
11398
11402
11406
11410
11413
11417
11421
11425
11429
11433
11436
11440
11444
11448
11452
11456
11460
11463
11467
11471
11474
11478
11482
11485
11489
11493
11496
11500
11504
11507
11511
11515
11518
11522
11526
11529
11533
11537
11540
11544
11548
11551
11555
11559
11562
11566
11570
11574
11578
11582
11586
11590
11594
11598
11602
11606
11610
11614
11618
11622
11626
11630
11634
11638
11642
11646
11650
11654
11658
11662
11666
11670
11673
11677
11681
11684
11688
11692
11695
11699
11703
11706
11710
11714
11717
11721
11725
11728
11732
11735
11739
11743
11747
11750
11754
11758
11761
11765
11769
11772
11776
11780
11784
11788
11792
11796
11800
11805
11809
11813
11817
11821
11825
11830
11834
11838
11842
11846
11850
11855
11859
11863
11867
11871
11875
11880
11884
11888
11892
11896
11900
11904
11908
11912
11916
11920
11924
11928
11932
11937
11941
11945
11949
11953
11957
11961
11965
11969
11973
11977
11981
11985
11990
11995
12000
12005
12010
12015
12020
12025
12030
12035
12040
12045
12050
12055
12060
12065
12070
12075
12080
12084
12090
12094
12100
12105
12110
12115
12120
12125
12129
12135
12139
12145
12149
12155
12160
12165
12170
12174
12180
12184
12190
12194
12200
12204
12208
12213
12217
12222
12226
12230
12235
12239
12244
12248
12252
12257
12261
12266
12270
12274
12279
12283
12288
12292
12296
12301
12305
12310
12315
12321
12326
12332
12337
12343
12348
12354
12360
12365
12371
12376
12382
12387
12393
12398
12404
12410
12414
12418
12422
12426
12430
12434
12438
12442
12446
12450
12454
12458
12462
12467
12471
12475
12479
12483
12487
12491
12495
12499
12503
12507
12511
12515
12520
12527
12534
12542
12549
12556
12564
12571
12578
12586
12593
12600
12608
12615
12622
12630
12636
12642
12649
12655
12662
12668
12675
12681
12688
12694
12701
12707
12714
12720
12727
12733
12740
12750
12760
12770
12780
12790
12800
12810
12820
12830
12840
12850
12856
12863
12870
12877
12884
12891
12898
12905
12911
12918
12925
12932
12939
12946
12953
12960
12965
12970
12975
12980
12986
12991
12996
13001
13007
13012
13017
13022
13028
13033
13038
13043
13049
13054
13059
13064
13070
13076
13082
13089
13095
13102
13108
13115
13121
13128
13134
13141
13147
13154
13160
13167
13173
13180
13185
13191
13197
13203
13208
13214
13220
13226
13232
13237
13243
13249
13255
13261
13266
13272
13278
13284
13290
13295
13299
13305
13309
13315
13320
13325
13330
13334
13340
13345
13350
13355
13360
13365
13370
13375
13380
13385
13390
13396
13402
13409
13415
13422
13428
13435
13441
13448
13454
13461
13467
13474
13480
13487
13493
13500
13508
13516
13525
13533
13542
13550
13559
13567
13576
13584
13593
13601
13610
13618
13626
13635
13643
13651
13660
13668
13676
13685
13693
13701
13710
13715
13720
13725
13730
13736
13741
13746
13751
13757
13762
13767
13772
13778
13783
13788
13793
13799
13804
13809
13814
13820
13825
13831
13837
13843
13848
13854
13860
13866
13872
13877
13883
13889
13895
13901
13906
13912
13918
13924
13930
13934
13938
13943
13947
13952
13956
13960
13965
13969
13974
13978
13982
13987
13991
13995
14000
14004
14009
14013
14017
14022
14026
14031
14035
14040
14045
14051
14057
14063
14069
14075
14081
14087
14092
14098
14104
14110
14116
14122
14128
14134
14140
14146
14152
14158
14164
14170
14176
14182
14188
14195
14201
14207
14213
14219
14225
14231
14237
14243
14250
14256
14262
14269
14275
14282
14288
14295
14301
14308
14314
14321
14327
14334
14340
14347
14353
14360
14366
14373
14379
14386
14393
14400
14406
14413
14420
14426
14433
14440
14446
14453
14460
14470
14480
14490
14500
14510
14520
14530
14540
14550
14560
14570
14581
14592
14603
14614
14625
14636
14647
14658
14670
14679
14688
14697
14706
14716
14725
14734
14743
14753
14762
14771
14780
14790
14799
14809
14820
14830
14840
14850
14860
14870
14880
14890
14900
14910
14920
14930
14940
14950
14960
14970
14980
14990
15000
15011
15022
15033
15044
15055
15065
15077
15088
15099
15110
15122
15134
15145
15158
15170
15182
15194
15206
15218
15230
15241
15252
15263
15274
15285
15296
15307
15318
15329
15340
15354
15368
15382
15397
15411
15425
15440
15449
15458
15467
15476
15485
15495
15504
15513
15522
15531
15540
15550
15568
15586
15605
15623
15641
15660
15690
15720
15750
15780
15810
15823
15837
15851
15865
15878
15892
15906
15920
15947
15975
16002
16030
16050
16070
16090
16110
16129
16149
16177
16206
16233
16262
16290
16309
16329
16350
16370
16390
16418
16446
16474
16502
16530
16554
16578
16602
16625
16650
16668
16686
16705
16723
16741
16760
16778
16796
16815
16833
16851
16870
16877
16884
16892
16899
16906
16914
16921
16928
16936
16943
16950
16958
16965
16972
16980
17004
17028
17052
17076
17100
17106
17113
17120
17126
17133
17140
17146
17153
17160
17166
17173
17180
17186
17193
17200
17210
17221
17232
17243
17254
17265
17276
17287
17298
17309
17320
17336
17353
17370
17386
17403
17420
17428
17436
17445
17453
17462
17470
17479
17487
17496
17504
17513
17521
17530
17540
17551
17562
17573
17584
17595
17606
17617
17628
17639
17650
17660
17669
17680
17690
17700
17710
17720
17730
17740
17750
17760
17770
17781
17792
17803
17814
17825
17836
17847
17858
17869
17880
17893
17907
17921
17935
17948
17962
17976
17990
18000
18012
18023
18034
18045
18056
18067
18078
18089
18100
18111
18122
18133
18144
18155
18166
18177
18188
18199
18210
18218
18226
18235
18243
18252
18260
18269
18277
18286
18294
18303
18311
18320
18331
18343
18355
18367
18379
18390
18402
18414
18426
18438
18450
18460
18471
18482
18493
18504
18515
18526
18537
18548
18559
18570
18590
18610
18630
18650
18670
18687
18705
18722
18740
18757
18775
18792
18810
18824
18838
18852
18867
18881
18895
18910
18920
18930
18940
18950
18960
18970
18980
18990
19000
19010
19020
19030
19038
19047
19055
19064
19072
19081
19090
19098
19107
19115
19124
19132
19141
19150
19156
19163
19170
19177
19184
19191
19198
19205
19211
19218
19225
19232
19239
19246
19253
19260
19271
19282
19293
19304
19315
19326
19337
19348
19359
19370
19384
19398
19412
19427
19441
19455
19470
19483
19496
19509
19523
19536
19550
19563
19576
19590
19600
19610
19620
19630
19640
19650
19660
19670
19680
19690
19700
19710
19720
19730
19740
19750
19759
19770
19780
19790
19799
19810
19820
19830
19840
19849
19860
19870
19880
19890
19900
19910
19916
19922
19929
19935
19942
19948
19955
19961
19968
19974
19981
19987
19994
20000
20007
20013
20020
20033
20047
20061
20075
20088
20102
20116
20130
20136
20142
20148
20154
20160
20166
20172
20178
20185
20191
20197
20203
20209
20215
20221
20227
20233
20240
20253
20267
20281
20295
20308
20322
20336
20350
20359
20368
20377
20386
20395
20404
20413
20422
20431
20440
20450
20454
20459
20463
20468
20473
20477
20482
20486
20491
20496
20500
20505
20510
20514
20519
20523
20528
20533
20537
20542
20546
20551
20556
20560
20565
20570
20577
20584
20592
20599
20606
20614
20621
20628
20636
20643
20650
20658
20665
20672
20680
20689
20698
20707
20716
20725
20735
20744
20753
20762
20771
20780
20790
20795
20801
20807
20813
20819
20825
20831
20837
20842
20848
20854
20860
20866
20872
20878
20884
20890
20894
20899
20904
20909
20913
20918
20923
20928
20933
20937
20942
20947
20952
20956
20961
20966
20971
20976
20980
20985
20990
20995
21000
21003
21007
21011
21014
21018
21022
21025
21029
21033
21036
21040
21044
21047
21051
21055
21058
21062
21066
21069
21073
21077
21080
21084
21088
21091
21095
21099
21102
21106
21110
21112
21115
21118
21121
21123
21126
21129
21132
21134
21137
21140
21143
21146
21148
21151
21154
21157
21160
21162
21165
21168
21171
21173
21176
21179
21182
21185
21187
21190
21193
21196
21198
21201
21204
21207
21210
21213
21216
21220
21223
21226
21230
21233
21236
21240
21243
21246
21250
21253
21256
21260
21263
21266
21270
21273
21276
21280
21283
21286
21290
21293
21296
21300
21303
21306
21310
21313
21316
21320
21323
21327
21330
21334
21337
21341
21345
21348
21352
21355
21359
21362
21366
21370
21373
21377
21380
21384
21387
21391
21395
21398
21402
21405
21409
21412
21416
21420
21423
21426
21430
21433
21437
21440
21444
21447
21450
21454
21457
21461
21464
21468
21471
21475
21478
21481
21485
21488
21492
21495
21499
21502
21505
21509
21512
21516
21519
21523
21526
21530
21532
21534
21536
21538
21540
21542
21544
21547
21549
21551
21553
21555
21557
21559
21561
21564
21566
21568
21570
21572
21574
21576
21578
21581
21583
21585
21587
21589
21591
21593
21595
21598
21600
21602
21604
21606
21608
21610
21612
21615
21617
21619
21621
21623
21625
21627
21630
21633
21637
21641
21644
21648
21651
21655
21659
21663
21666
21670
21674
21677
21681
21685
21688
21692
21695
21699
21703
21706
21710
21714
21718
21721
21725
21729
21732
21736
21740
21746
21752
21759
21765
21772
21778
21785
21791
21798
21804
21811
21817
21824
21830
21837
21843
21850
21855
21860
21865
21870
21875
21880
21885
21890
21895
21900
21905
21910
21915
21920
21925
21930
21935
21939
21945
21950
21952
21955
21958
21961
21964
21967
21970
21973
21976
21979
21982
21985
21988
21991
21994
21997
22000
22003
22006
22009
22012
22015
22018
22021
22024
22027
22030
22033
22036
22039
22042
22045
22048
22051
22054
22057
22060
22063
22067
22070
22074
22078
22082
22085
22089
22093
22096
22100
22104
22107
22111
22115
22118
22122
22126
22129
22133
22137
22140
22144
22148
22151
22155
22159
22162
22166
22170
22173
22176
22179
22182
22186
22189
22192
22195
22199
22202
22205
22208
22212
22215
22218
22221
22225
22228
22231
22234
22237
22241
22244
22247
22250
22254
22257
22260
22263
22267
22270
22273
22276
22280
22283
22286
22289
22292
22296
22299
22302
22305
22309
22312
22315
22318
22321
22325
22328
22331
22334
22338
22341
22344
22347
22350
22354
22357
22360
22363
22367
22370
22373
22376
22380
22383
22386
22390
22393
22397
22400
22404
22407
22410
22414
22417
22421
22424
22428
22431
22435
22438
22441
22445
22448
22452
22455
22459
22462
22465
22469
22472
22476
22479
22483
22486
22490
22493
22496
22499
22502
22506
22509
22512
22515
22519
22522
22525
22528
22532
22535
22538
22541
22545
22548
22551
22554
22557
22561
22564
22567
22570
22574
22577
22580
22583
22587
22590
22593
22596
22600
22603
22606
22610
22613
22617
22620
22624
22627
22631
22634
22637
22641
22644
22648
22651
22655
22658
22662
22665
22668
22672
22675
22679
22682
22686
22689
22693
22696
22700
22703
22706
22710
22713
22716
22720
22723
22726
22730
22733
22736
22740
22743
22746
22750
22753
22756
22759
22763
22766
22770
22773
22776
22779
22783
22786
22790
22793
22796
22799
22803
22806
22810
22814
22817
22822
22826
22830
22834
22837
22842
22846
22849
22854
22858
22862
22866
22870
22874
22878
22882
22886
22890
22894
22898
22902
22906
22910
22913
22916
22919
22922
22925
22928
22931
22934
22937
22940
22943
22946
22949
22952
22955
22958
22961
22965
22968
22971
22974
22977
22980
22983
22986
22989
22992
22995
22998
23001
23004
23007
23010
23013
23016
23020
23023
23026
23029
23032
23036
23039
23042
23045
23049
23052
23055
23058
23062
23065
23068
23071
23075
23078
23081
23084
23087
23091
23094
23097
23100
23104
23107
23110
23113
23117
23120
23123
23126
23130
23133
23136
23139
23142
23145
23148
23151
23155
23158
23161
23164
23167
23170
23174
23177
23180
23183
23186
23189
23192
23195
23199
23202
23205
23208
23211
23214
23218
23221
23224
23227
23230
23233
23236
23240
23243
23246
23249
23252
23255
23258
23261
23264
23267
23270
23273
23276
23279
23282
23285
23288
23291
23295
23298
23301
23304
23307
23310
23313
23316
23319
23322
23325
23328
23331
23334
23337
23340
23343
23346
23350
23353
23356
23359
23362
23365
23368
23371
23375
23378
23381
23384
23387
23390
23393
23396
23400
23403
23406
23409
23412
23415
23418
23421
23425
23428
23431
23434
23437
23440
23443
23446
23450
23453
23456
23459
23462
23465
23468
23471
23474
23477
23480
23483
23486
23489
23492
23495
23498
23501
23505
23508
23511
23514
23517
23520
23523
23526
23529
23532
23535
23538
23541
23544
23547
23550
23553
23556
23560
23564
23570
23575
23580
23585
23590
23595
23600
23605
23610
23615
23620
23625
23630
23635
23640
23645
23650
23655
23660
23665
23670
23675
23680
23685
23690
23696
23701
23706
23711
23716
23722
23727
23732
23737
23743
23748
23753
23758
23763
23769
23774
23779
23784
23790
23794
23799
23804
23809
23813
23818
23823
23828
23832
23837
23842
23847
23851
23856
23861
23866
23870
23875
23880
23885
23890
23894
23899
23903
23908
23912
23917
23922
23926
23931
23935
23940
23945
23949
23954
23958
23963
23967
23972
23977
23981
23986
23990
23995
24000
24004
24009
24014
24019
24023
24028
24033
24038
24043
24047
24052
24057
24062
24066
24071
24076
24081
24086
24090
24095
24100
24105
24110
24115
24120
24125
24130
24134
24140
24145
24150
24154
24160
24165
24169
24175
24180
24185
24189
24195
24200
24205
24209
24215
24220
24223
24226
24229
24232
24236
24239
24242
24245
24249
24252
24255
24258
24262
24265
24268
24271
24275
24278
24281
24284
24287
24291
24294
24297
24300
24304
24307
24310
24313
24317
24320
24323
24326
24330
24333
24336
24339
24342
24346
24349
24352
24355
24359
24362
24365
24368
24371
24375
24378
24381
24384
24388
24391
24394
24397
24400
24404
24407
24410
24413
24417
24420
24423
24426
24430
24433
24436
24440
24443
24447
24450
24454
24457
24460
24464
24467
24471
24474
24478
24481
24485
24488
24491
24495
24498
24502
24505
24509
24512
24515
24519
24522
24526
24529
24533
24536
24540
24543
24547
24550
24554
24557
24561
24564
24568
24572
24575
24579
24582
24586
24590
24593
24597
24600
24604
24607
24611
24615
24618
24622
24625
24629
24632
24636
24640
24644
24648
24652
24656
24660
24664
24668
24672
24676
24680
24684
24688
24692
24697
24701
24705
24709
24713
24717
24721
24725
24729
24733
24737
24741
24745
24750
24752
24755
24758
24760
24763
24766
24768
24771
24774
24776
24779
24782
24784
24787
24790
24792
24795
24798
24800
24803
24806
24809
24811
24814
24817
24819
24822
24825
24827
24830
24833
24835
24838
24841
24843
24846
24849
24851
24854
24857
24860
24861
24863
24864
24866
24867
24869
24870
24872
24873
24875
24876
24878
24880
24881
24883
24884
24886
24887
24889
24890
24892
24893
24895
24896
24898
24900
24901
24903
24904
24906
24907
24909
24910
24912
24913
24915
24916
24918
24920
24921
24923
24924
24926
24927
24929
24930
24932
24933
24935
24936
24938
24940
24941
24943
24944
24946
24947
24949
24950
24952
24953
24955
24956
24958
24960
24964
24968
24972
24976
24980
24984
24988
24992
24996
25000
25004
25008
25012
25017
25021
25025
25029
25033
25037
25041
25045
25049
25053
25057
25061
25065
25070
25072
25075
25078
25081
25084
25087
25090
25093
25096
25099
25102
25105
25108
25111
25114
25117
25120
25123
25126
25129
25132
25135
25138
25141
25144
25147
25150
25153
25156
25159
25162
25165
25168
25171
25174
25177
25180
25182
25184
25186
25188
25190
25192
25194
25196
25198
25200
25202
25204
25206
25209
25211
25213
25215
25217
25219
25221
25223
25225
25227
25229
25231
25233
25236
25238
25240
25242
25244
25246
25248
25250
25252
25254
25256
25258
25260
25263
25265
25267
25269
25271
25273
25275
25277
25279
25281
25283
25285
25287
25290
25291
25293
25295
25296
25298
25300
25302
25303
25305
25307
25308
25310
25312
25314
25315
25317
25319
25321
25322
25324
25326
25327
25329
25331
25333
25334
25336
25338
25340
25341
25343
25345
25346
25348
25350
25352
25353
25355
25357
25358
25360
25362
25364
25365
25367
25369
25371
25372
25374
25376
25377
25379
25381
25383
25384
25386
25388
25390
25392
25395
25397
25400
25403
25405
25408
25410
25413
25416
25418
25421
25423
25426
25429
25431
25434
25436
25439
25442
25444
25447
25450
25452
25455
25457
25460
25463
25465
25468
25470
25473
25476
25478
25481
25483
25486
25489
25491
25494
25496
25499
25502
25504
25507
25510
25511
25513
25515
25517
25519
25521
25523
25525
25527
25529
25531
25533
25535
25537
25539
25540
25542
25544
25546
25548
25550
25552
25554
25556
25558
25560
25562
25564
25566
25568
25570
25571
25573
25575
25577
25579
25581
25583
25585
25587
25589
25591
25593
25595
25597
25599
25600
25602
25604
25606
25608
25610
25612
25614
25616
25618
25620
25622
25624
25626
25628
25630
25632
25635
25638
25641
25644
25647
25650
25653
25656
25658
25661
25664
25667
25670
25673
25676
25679
25682
25685
25687
25690
25693
25696
25699
25702
25705
25708
25711
25713
25716
25719
25722
25725
25728
25731
25734
25737
25740
25742
25744
25747
25750
25752
25755
25757
25759
25762
25765
25767
25770
25772
25775
25777
25780
25782
25785
25787
25790
25792
25795
25797
25800
25802
25805
25807
25810
25812
25815
25817
25820
25822
25825
25827
25830
25832
25835
25837
25840
25842
25845
25847
25850
25852
25854
25856
25858
25860
25863
25865
25867
25869
25871
25873
25876
25878
25880
25882
25884
25886
25889
25891
25893
25895
25897
25900
25902
25904
25906
25908
25910
25913
25915
25917
25919
25921
25923
25926
25928
25930
25932
25934
25936
25939
25941
25943
25945
25947
25950
25951
25953
25955
25957
25958
25960
25962
25964
25965
25967
25969
25971
25973
25974
25976
25978
25980
25981
25983
25985
25987
25989
25990
25992
25994
25996
25997
25999
26001
26003
26005
26006
26008
26010
26012
26013
26015
26017
26019
26020
26022
26024
26026
26028
26029
26031
26033
26035
26036
26038
26040
26042
26044
26045
26047
26049
26051
26052
26054
26056
26058
26060
26061
26063
26065
26067
26069
26071
26073
26075
26077
26079
26081
26083
26085
26086
26088
26090
26092
26094
26096
26098
26100
26102
26104
26106
26108
26110
26111
26113
26115
26117
26119
26121
26123
26125
26127
26129
26131
26133
26134
26136
26138
26140
26142
26144
26146
26148
26150
26152
26154
26156
26158
26160
26161
26163
26165
26166
26168
26170
26171
26173
26175
26176
26178
26180
26182
26183
26185
26187
26188
26190
26192
26193
26195
26197
26198
26200
26202
26204
26205
26207
26209
26210
26212
26214
26215
26217
26219
26220
26222
26224
26226
26227
26229
26231
26232
26234
26236
26237
26239
26241
26242
26244
26246
26248
26249
26251
26253
26254
26256
26258
26259
26261
26263
26264
26266
26268
26270
26271
26273
26274
26276
26277
26279
26281
26282
26284
26285
26287
26288
26290
26291
26293
26295
26296
26298
26299
26301
26303
26304
26306
26307
26309
26310
26312
26314
26315
26317
26318
26320
26321
26323
26325
26326
26328
26329
26331
26332
26334
26336
26337
26339
26340
26342
26343
26345
26346
26348
26350
26351
26353
26354
26356
26358
26359
26361
26362
26364
26365
26367
26369
26370
26372
26373
26375
26376
26378
26380
26381
26383
26384
26386
26388
26390
26391
26393
26395
26396
26398
26400
26401
26403
26404
26406
26408
26410
26411
26413
26415
26416
26418
26419
26421
26423
26424
26426
26428
26430
26431
26433
26435
26436
26438
26439
26441
26443
26445
26446
26448
26450
26451
26453
26455
26456
26458
26459
26461
26463
26465
26466
26468
26470
26471
26473
26474
26476
26478
26479
26481
26483
26485
26486
26488
26490
26492
26494
26496
26498
26500
26502
26504
26506
26508
26510
26512
26514
26516
26518
26521
26523
26525
26527
26529
26531
26533
26535
26537
26539
26541
26543
26545
26547
26549
26552
26554
26556
26558
26560
26562
26564
26566
26568
26570
26572
26574
26576
26578
26581
26583
26585
26587
26589
26591
26593
26595
26597
26599
26601
26603
26605
26607
26610
26612
26614
26616
26618
26620
26622
26624
26626
26628
26630
26632
26634
26636
26638
26640
26642
26644
26646
26648
26650
26652
26654
26656
26658
26661
26663
26665
26667
26669
26671
26673
26675
26677
26679
26681
26683
26685
26687
26689
26691
26693
26695
26697
26699
26701
26703
26705
26707
26710
26711
26713
26715
26716
26718
26720
26721
26723
26725
26726
26728
26730
26731
26733
26735
26736
26738
26740
26741
26743
26745
26746
26748
26750
26751
26753
26755
26756
26758
26760
26761
26763
26765
26766
26768
26770
26771
26773
26775
26776
26778
26780
26781
26783
26785
26786
26788
26790
26791
26793
26795
26796
26798
26800
26801
26803
26805
26806
26808
26810
26811
26813
26815
26816
26818
26820
26821
26823
26825
26827
26829
26831
26833
26835
26837
26839
26841
26843
26845
26847
26849
26851
26853
26855
26857
26859
26861
26863
26865
26867
26869
26870
26872
26874
26876
26878
26880
26882
26884
26886
26888
26890
26892
26894
26896
26898
26900
26902
26904
26906
26908
26910
26912
26914
26916
26918
26920
26921
26923
26925
26927
26928
26930
26932
26934
26935
26937
26939
26941
26943
26944
26946
26948
26950
26951
26953
26955
26957
26959
26960
26962
26964
26966
26967
26969
26971
26973
26975
26976
26978
26980
26982
26983
26985
26987
26989
26990
26992
26994
26996
26998
26999
27001
27003
27005
27006
27008
27010
27012
27014
27015
27017
27019
27021
27022
27024
27026
27028
27030
27031
27032
27034
27035
27037
27038
27040
27041
27043
27044
27046
27047
27049
27050
27052
27053
27055
27056
27057
27059
27060
27062
27063
27065
27066
27068
27069
27071
27072
27074
27075
27077
27078
27080
27081
27082
27084
27085
27087
27088
27090
27091
27093
27094
27096
27097
27099
27100
27102
27103
27105
27106
27107
27109
27110
27112
27113
27115
27116
27118
27119
27121
27122
27124
27125
27127
27128
27130
27132
27134
27136
27139
27141
27143
27146
27148
27150
27152
27155
27157
27159
27162
27164
27166
27168
27171
27173
27175
27178
27180
27182
27185
27187
27189
27191
27194
27196
27198
27201
27203
27205
27207
27210
27212
27214
27217
27219
27221
27223
27226
27228
27230
27233
27235
27237
27240
27242
27244
27246
27248
27250
27253
27255
27257
27259
27261
27264
27266
27268
27270
27272
27274
27277
27279
27281
27283
27285
27288
27290
27292
27294
27296
27298
27301
27303
27305
27307
27309
27311
27314
27316
27318
27320
27322
27325
27327
27329
27331
27333
27336
27338
27340
27342
27344
27346
27349
27351
27353
27355
27357
27360
27361
27363
27365
27366
27368
27370
27371
27373
27375
27376
27378
27380
27382
27383
27385
27387
27388
27390
27392
27393
27395
27397
27398
27400
27402
27404
27405
27407
27409
27410
27412
27414
27415
27417
27419
27421
27422
27424
27426
27427
27429
27431
27432
27434
27436
27437
27439
27441
27443
27444
27446
27448
27449
27451
27453
27454
27456
27458
27460
27461
27463
27464
27466
27467
27469
27470
27472
27473
27475
27476
27478
27479
27481
27482
27484
27485
27487
27488
27490
27491
27493
27494
27496
27497
27499
27500
27502
27503
27505
27506
27508
27509
27511
27512
27514
27515
27517
27518
27520
27521
27523
27524
27526
27527
27529
27530
27532
27533
27535
27536
27538
27539
27541
27542
27544
27545
27547
27548
27550
27551
27553
27554
27556
27557
27559
27560
27562
27563
27565
27566
27568
27570
27572
27574
27576
27579
27581
27583
27585
27588
27590
27592
27595
27597
27599
27601
27604
27606
27608
27610
27613
27615
27617
27620
27622
27624
27626
27629
27631
27633
27635
27638
27640
27642
27645
27647
27649
27651
27654
27656
27658
27660
27663
27665
27667
27670
27672
27674
27677
27679
27681
27684
27686
27689
27691
27693
27696
27698
27701
27703
27705
27708
27710
27713
27715
27717
27720
27722
27725
27727
27729
27732
27734
27736
27739
27741
27744
27746
27748
27751
27753
27756
27758
27760
27763
27765
27768
27770
27772
27775
27777
27780
27781
27783
27785
27787
27789
27791
27793
27795
27797
27798
27800
27802
27804
27806
27808
27810
27812
27814
27816
27817
27819
27821
27823
27825
27827
27829
27831
27833
27835
27836
27838
27840
27842
27844
27846
27848
27850
27852
27853
27855
27857
27859
27861
27863
27865
27867
27869
27871
27872
27874
27876
27878
27880
27882
27884
27886
27888
27890
27891
27893
27895
27896
27898
27900
27902
27903
27905
27907
27908
27910
27912
27914
27915
27917
27919
27920
27922
27924
27926
27927
27929
27931
27932
27934
27936
27938
27939
27941
27943
27945
27946
27948
27950
27951
27953
27955
27957
27958
27960
27962
27963
27965
27967
27969
27970
27972
27974
27975
27977
27979
27981
27982
27984
27986
27987
27989
27991
27993
27994
27996
27998
28000
28001
28003
28005
28006
28008
28010
28011
28013
28015
28016
28018
28020
28022
28023
28025
28027
28028
28030
28032
28033
28035
28037
28038
28040
28042
28044
28045
28047
28049
28050
28052
28054
28055
28057
28059
28060
28062
28064
28066
28067
28069
28071
28072
28074
28076
28077
28079
28081
28082
28084
28086
28088
28089
28091
28093
28094
28096
28098
28099
28101
28103
28104
28106
28108
28110
28112
28114
28116
28118
28120
28122
28124
28126
28128
28130
28132
28134
28136
28138
28140
28142
28144
28146
28148
28150
28152
28154
28156
28158
28161
28163
28165
28167
28169
28171
28173
28175
28177
28179
28181
28183
28185
28187
28189
28191
28193
28195
28197
28199
28201
28203
28205
28207
28210
28211
28213
28215
28217
28219
28220
28222
28224
28226
28228
28229
28231
28233
28235
28237
28238
28240
28242
28244
28246
28247
28249
28251
28253
28255
28256
28258
28260
28262
28264
28265
28267
28269
28271
28273
28274
28276
28278
28280
28282
28283
28285
28287
28289
28291
28292
28294
28296
28298
28300
28301
28303
28305
28307
28309
28310
28312
28314
28316
28318
28320
28322
28324
28326
28329
28331
28333
28335
28338
28340
28342
28345
28347
28349
28351
28354
28356
28358
28360
28363
28365
28367
28370
28372
28374
28376
28379
28381
28383
28385
28388
28390
28392
28395
28397
28399
28401
28404
28406
28408
28410
28413
28415
28417
28420
28421
28423
28425
28427
28428
28430
28432
28434
28435
28437
28439
28441
28443
28444
28446
28448
28450
28451
28453
28455
28457
28459
28460
28462
28464
28466
28467
28469
28471
28473
28475
28476
28478
28480
28482
28483
28485
28487
28489
28490
28492
28494
28496
28498
28499
28501
28503
28505
28506
28508
28510
28512
28514
28515
28517
28519
28521
28522
28524
28526
28528
28530
28531
28533
28535
28537
28539
28541
28543
28545
28546
28548
28550
28552
28554
28556
28558
28560
28562
28563
28565
28567
28569
28571
28573
28575
28577
28579
28580
28582
28584
28586
28588
28590
28592
28594
28596
28597
28599
28601
28603
28605
28607
28609
28611
28613
28614
28616
28618
28620
28622
28624
28626
28628
28630
28631
28633
28635
28637
28639
28640
28642
28644
28646
28648
28649
28651
28653
28655
28657
28658
28660
28662
28664
28666
28667
28669
28671
28673
28675
28676
28678
28680
28682
28684
28685
28687
28689
28691
28693
28694
28696
28698
28700
28702
28703
28705
28707
28709
28711
28712
28714
28716
28718
28720
28721
28723
28725
28727
28729
28730
28732
28734
28736
28738
28740
28741
28743
28745
28747
28748
28750
28752
28754
28755
28757
28759
28761
28763
28764
28766
28768
28770
28771
28773
28775
28777
28779
28780
28782
28784
28786
28787
28789
28791
28793
28795
28796
28798
28800
28802
28803
28805
28807
28809
28810
28812
28814
28816
28818
28819
28821
28823
28825
28826
28828
28830
28832
28834
28835
28837
28839
28841
28842
28844
28846
28848
28850
28851
28853
28855
28857
28859
28861
28863
28864
28866
28868
28870
28872
28874
28876
28877
28879
28881
28883
28885
28887
28889
28891
28892
28894
28896
28898
28900
28902
28904
28905
28907
28909
28911
28913
28915
28917
28918
28920
28922
28924
28926
28928
28930
28932
28933
28935
28937
28939
28941
28943
28945
28946
28948
28950
28952
28954
28956
28958
28960
28961
28963
28964
28966
28967
28969
28971
28972
28974
28975
28977
28979
28980
28982
28983
28985
28987
28988
28990
28991
28993
28995
28996
28998
28999
29001
29003
29004
29006
29007
29009
29011
29012
29014
29015
29017
29018
29020
29022
29023
29025
29026
29028
29030
29031
29033
29034
29036
29038
29039
29041
29042
29044
29046
29047
29049
29050
29052
29054
29055
29057
29058
29060
29062
29063
29065
29066
29068
29070
29071
29073
29074
29076
29078
29079
29081
29082
29084
29086
29087
29089
29090
29092
29094
29095
29097
29099
29100
29102
29103
29105
29107
29108
29110
29111
29113
29115
29116
29118
29120
29121
29123
29124
29126
29128
29129
29131
29132
29134
29136
29137
29139
29140
29142
29144
29145
29147
29149
29150
29152
29153
29155
29157
29158
29160
29161
29163
29165
29166
29168
29170
29171
29173
29175
29177
29179
29181
29183
29184
29186
29188
29190
29192
29194
29196
29197
29199
29201
29203
29205
29207
29209
29211
29212
29214
29216
29218
29220
29222
29224
29225
29227
29229
29231
29233
29235
29237
29238
29240
29242
29244
29246
29248
29250
29252
29253
29255
29257
29259
29261
29263
29265
29266
29268
29270
29272
29274
29276
29278
29280
29281
29283
29284
29286
29288
29289
29291
29293
29294
29296
29298
29299
29301
29302
29304
29306
29307
29309
29311
29312
29314
29316
29317
29319
29320
29322
29324
29325
29327
29329
29330
29332
29334
29335
29337
29339
29340
29342
29343
29345
29347
29348
29350
29352
29353
29355
29357
29358
29360
29361
29363
29365
29366
29368
29370
29371
29373
29375
29376
29378
29380
29381
29383
29384
29386
29388
29390
29391
29393
29395
29396
29398
29400
29401
29403
29404
29406
29408
29410
29411
29413
29415
29416
29418
29419
29421
29423
29424
29426
29428
29430
29431
29433
29435
29436
29438
29439
29441
29443
29445
29446
29448
29450
29451
29453
29455
29456
29458
29459
29461
29463
29465
29466
29468
29470
29471
29473
29474
29476
29478
29479
29481
29483
29485
29486
29488
29490
29492
29494
29496
29498
29500
29502
29504
29506
29509
29511
29513
29515
29517
29519
29521
29523
29525
29528
29530
29532
29534
29536
29538
29540
29542
29544
29547
29549
29551
29553
29555
29557
29559
29561
29564
29566
29568
29570
29572
29574
29576
29578
29580
29583
29585
29587
29589
29591
29593
29595
29597
29600
29601
29603
29605
29607
29609
29611
29613
29615
29617
29619
29621
29623
29625
29627
29629
29631
29633
29635
29637
29639
29641
29643
29645
29647
29649
29651
29653
29655
29656
29658
29660
29662
29664
29666
29668
29670
29672
29674
29676
29678
29680
29682
29684
29686
29688
29690
29692
29694
29696
29698
29700
29702
29704
29706
29708
29710
29711
29713
29715
29716
29718
29720
29721
29723
29725
29726
29728
29730
29731
29733
29735
29736
29738
29740
29741
29743
29745
29746
29748
29750
29751
29753
29755
29756
29758
29760
29761
29763
29765
29766
29768
29770
29771
29773
29775
29776
29778
29780
29781
29783
29785
29786
29788
29790
29791
29793
29795
29796
29798
29800
29801
29803
29805
29806
29808
29810
29811
29813
29815
29816
29818
29820
29822
29825
29828
29831
29834
29837
29840
29843
29846
29849
29852
29855
29858
29861
29864
29867
29870
29872
29875
29878
29881
29884
29887
29890
29893
29896
29899
29902
29905
29908
29911
29914
29917
29920
