70
140
183
226
270
310
350
390
430
470
510
550
605
660
696
733
770
810
850
890
940
990
1040
1160
1196
1233
1270
1320
1370
1413
1456
1500
1565
1630
1670
1710
1750
1786
1823
1860
1916
1973
2029
2066
2103
2140
2186
2233
2280
2316
2353
2390
2446
2503
2560
2603
2646
2690
2750
2810
2920
2974
3030
3090
3150
3205
3260
3340
3420
3469
3520
3570
3625
3680
3735
3790
3840
3890
3940
4014
4090
4149
4210
4270
4370
4425
4480
4535
4590
4650
4710
4770
4830
4895
4960
5010
5060
5110
5150
5190
5230
5266
5303
5340
5372
5404
5437
5470
5520
5570
5630
5690
5725
5760
5795
5830
5866
5903
5940
5967
5995
6022
6050
6105
6160
6206
6253
6300
6340
6380
6420
6456
6493
6530
6573
6616
6660
6695
6730
6765
6800
6840
6880
6920
6952
6984
7017
7050
7090
7130
7170
7210
7260
7310
7342
7375
7407
7440
7483
7526
7570
7606
7643
7680
7716
7753
7790
7870
7950
8000
8050
8105
8160
8219
8280
8317
8355
8392
8430
8470
8510
8550
8605
8660
8730
8800
8860
8920
8980
9045
9110
9157
9205
9252
9300
9356
9413
9470
9590
9633
9676
9720
9756
9793
9830
9865
9900
9935
9970
10030
10090
10122
10155
10187
10220
10247
10275
10302
10330
10366
10403
10440
10489
10540
10570
10600
10629
10660
10703
10746
10790
10844
10900
10985
11070
11106
11143
11180
11213
11246
11280
11316
11353
11390
11430
11470
11510
11610
11653
11696
11740
11770
11800
11830
11860
11882
11904
11926
11948
11970
12006
12043
12080
12135
12190
12226
12263
12300
12343
12386
12430
12470
12510
12550
12577
12605
12632
12660
12692
12725
12757
12790
12846
12903
12960
13060
13125
13190
13265
13340
13383
13426
13470
13513
13556
13600
13643
13686
13730
13766
13803
13840
13875
13910
13945
13980
14016
14053
14090
14127
14165
14202
14240
14265
14290
14315
14340
14364
14388
14412
14436
14460
14515
14570
14600
14629
14660
14690
14717
14745
14772
14800
14855
14910
14950
14990
15030
15090
15150
15215
15280
15323
15366
15410
15465
15520
15553
15586
15620
15656
15693
15730
15795
15860
15887
15915
15942
15970
16006
16043
16079
16114
16149
16184
16219
16266
16313
16360
16400
16440
16480
16536
16593
16650
16686
16723
16760
16793
16826
16860
16895
16930
16965
17000
17064
17130
17186
17243
17300
17332
17365
17397
17430
17476
17523
17570
17634
17700
17750
17800
17837
17875
17912
17950
17980
18009
18040
18070
18100
18130
18160
18190
18240
18290
18327
18365
18402
18440
18473
18506
18540
18576
18613
18650
18680
18710
18740
18770
18805
18840
18875
18910
18950
18990
19030
19066
19103
19140
19167
19195
19222
19250
19275
19300
19325
19350
19371
19393
19415
19436
19458
19480
19512
19545
19577
19610
19637
19665
19692
19720
19747
19775
19802
19830
19860
19890
19919
19950
20045
20140
20167
20195
20222
20250
20325
20400
20443
20486
20530
20566
20603
20640
20700
20760
20790
20820
20850
20880
20919
20960
21000
21050
21100
21155
21210
21240
21270
21299
21330
21376
21423
21470
21494
21520
21545
21570
21623
21676
21730
21746
21763
21780
21796
21813
21830
21853
21876
21900
21923
21946
21970
21993
22016
22040
22063
22086
22110
22131
22154
22176
22198
22220
22256
22293
22330
22355
22381
22408
22434
22460
22493
22526
22560
22597
22634
22672
22710
22743
22776
22810
22832
22854
22876
22898
22920
22960
23000
23040
23067
23095
23122
23150
23193
23236
23280
23308
23336
23364
23392
23420
23475
23530
23565
23600
23635
23670
23713
23756
23800
23843
23886
23930
23990
24050
24096
24143
24190
24236
24283
24330
24403
24476
24550
24615
24680
24732
24785
24837
24890
24950
25010
25050
25090
25130
25162
25195
25227
25260
25293
25326
25360
25392
25424
25457
25490
25555
25620
25652
25685
25717
25750
25782
25814
25847
25880
25910
25939
25970
26000
26055
26110
26153
26196
26240
26310
26380
26407
26435
26462
26490
26517
26545
26572
26600
26627
26655
26682
26710
26753
26796
26840
26883
26926
26970
27013
27056
27100
27128
27156
27184
27212
27240
27272
27305
27337
27370
27410
27450
27490
27590
27625
27660
27695
27730
27806
27883
27960
28009
28060
28115
28170
28217
28265
28312
28360
28415
28470
28506
28543
28580
28616
28653
28690
28800
28830
28860
28890
28920
28938
28957
28975
28994
29012
29031
29050
29086
29123
29160
29190
29220
29250
29280
29312
29345
29377
29410
29446
29483
29520
29553
29586
29620
29652
29685
29717
29750
29770
29790
29810
29830
29850
29882
29915
29947
29980
