3
7
11
15
19
23
27
31
35
39
43
47
51
55
58
62
66
70
74
78
82
86
90
94
98
102
106
110
113
116
120
123
126
130
133
136
140
143
146
150
153
156
160
163
166
169
173
176
180
183
186
190
193
196
200
203
206
210
214
218
223
227
231
236
240
245
249
254
258
262
267
271
276
280
284
289
293
298
302
306
311
315
320
324
329
333
338
342
347
351
356
360
365
370
374
379
383
388
392
397
401
406
410
415
420
424
428
432
436
441
445
449
453
458
462
466
470
475
479
483
487
491
496
500
504
508
513
517
521
525
530
534
538
542
546
550
554
558
562
566
570
574
578
582
586
590
594
598
602
606
610
614
618
622
626
630
635
640
645
650
655
660
665
670
675
680
685
690
695
700
705
710
715
720
725
730
735
740
745
750
754
758
762
766
770
774
778
782
786
790
794
798
802
806
810
814
818
822
826
830
834
838
842
846
850
854
858
862
866
870
873
877
880
884
887
891
895
898
902
905
909
912
916
919
923
927
930
934
937
941
945
948
952
955
959
962
966
970
974
978
982
986
990
994
998
1002
1006
1010
1014
1018
1022
1027
1031
1035
1039
1043
1047
1051
1055
1059
1063
1067
1071
1075
1080
1084
1088
1092
1096
1100
1104
1108
1112
1116
1120
1124
1128
1132
1136
1140
1144
1148
1152
1156
1160
1164
1168
1172
1176
1180
1184
1188
1193
1197
1202
1206
1210
1215
1219
1224
1228
1232
1237
1241
1246
1250
1254
1259
1263
1268
1272
1276
1281
1285
1290
1293
1296
1300
1303
1307
1310
1314
1317
1321
1324
1327
1331
1334
1338
1341
1345
1348
1352
1355
1358
1362
1365
1369
1372
1376
1379
1383
1386
1390
1394
1398
1403
1407
1412
1416
1420
1425
1429
1434
1438
1442
1447
1451
1456
1460
1464
1469
1473
1478
1482
1486
1491
1495
1500
1504
1508
1513
1517
1522
1526
1531
1535
1540
1544
1548
1553
1557
1562
1566
1571
1575
1580
1584
1588
1593
1597
1602
1606
1611
1615
1620
1624
1628
1632
1636
1640
1645
1649
1653
1657
1661
1665
1670
1674
1678
1682
1686
1690
1695
1699
1703
1707
1711
1715
1720
1724
1729
1733
1738
1742
1747
1752
1756
1761
1765
1770
1775
1779
1784
1788
1793
1797
1802
1807
1811
1816
1820
1825
1830
1835
1841
1846
1852
1857
1863
1868
1874
1880
1885
1891
1896
1902
1907
1913
1918
1924
1930
1933
1937
1940
1944
1948
1952
1955
1959
1963
1966
1970
1974
1977
1981
1984
1988
1992
1996
1999
2003
2007
2010
2014
2017
2021
2025
2029
2032
2036
2040
2043
2046
2050
2053
2056
2060
2063
2066
2070
2073
2076
2080
2083
2086
2090
2093
2096
2100
2103
2106
2110
2113
2116
2120
2123
2126
2130
2133
2136
2140
2143
2146
2149
2152
2156
2159
2162
2165
2169
2172
2175
2178
2182
2185
2188
2191
2195
2198
2201
2204
2207
2211
2214
2217
2220
2224
2227
2230
2233
2237
2240
2243
2246
2250
2253
2257
2260
2264
2268
2271
2275
2279
2282
2286
2290
2293
2297
2300
2304
2308
2311
2315
2319
2322
2326
2330
2333
2337
2340
2344
2348
2351
2355
2359
2362
2366
2370
2373
2376
2380
2383
2386
2390
2393
2396
2400
2403
2406
2410
2413
2416
2420
2423
2426
2430
2433
2436
2440
2443
2446
2450
2453
2456
2460
2463
2466
2470
2475
2480
2485
2490
2495
2500
2505
2510
2515
2520
2525
2530
2535
2540
2545
2550
2555
2560
2565
2570
2575
2580
2584
2589
2594
2599
2603
2608
2613
2618
2622
2627
2632
2637
2641
2646
2651
2656
2660
2665
2670
2675
2680
2684
2688
2692
2696
2701
2705
2709
2713
2718
2722
2726
2730
2735
2739
2743
2747
2751
2756
2760
2764
2768
2773
2777
2781
2785
2790
2793
2797
2800
2804
2807
2811
2815
2818
2822
2825
2829
2832
2836
2840
2843
2847
2850
2854
2857
2861
2865
2868
2872
2875
2879
2882
2886
2890
2894
2898
2902
2906
2910
2914
2918
2922
2926
2930
2934
2938
2942
2947
2951
2955
2959
2963
2967
2971
2975
2979
2983
2987
2991
2995
3000
3003
3006
3010
3013
3017
3020
3024
3027
3030
3034
3037
3041
3044
3048
3051
3054
3058
3061
3065
3068
3072
3075
3079
3082
3085
3089
3092
3096
3099
3103
3106
3110
3113
3117
3121
3125
3129
3133
3137
3141
3145
3149
3153
3157
3161
3165
3168
3172
3176
3180
3184
3188
3192
3196
3200
3204
3208
3212
3216
3220
3222
3225
3228
3231
3234
3236
3239
3242
3245
3248
3251
3253
3256
3259
3262
3265
3267
3270
3273
3276
3279
3282
3284
3287
3290
3293
3296
3298
3301
3304
3307
3310
3313
3315
3318
3321
3324
3327
3330
3333
3336
3339
3342
3345
3348
3351
3355
3358
3361
3364
3367
3370
3373
3376
3380
3383
3386
3389
3392
3395
3398
3401
3405
3408
3411
3414
3417
3420
3423
3426
3430
3433
3436
3439
3442
3446
3449
3452
3455
3459
3462
3465
3468
3472
3475
3478
3481
3485
3488
3491
3494
3497
3501
3504
3507
3510
3514
3517
3520
3523
3527
3530
3533
3536
3540
3542
3545
3548
3551
3554
3557
3560
3562
3565
3568
3571
3574
3577
3580
3582
3585
3588
3591
3594
3597
3600
3602
3605
3608
3611
3614
3617
3620
3622
3625
3628
3631
3634
3637
3640
3642
3645
3648
3651
3654
3656
3659
3662
3665
3668
3671
3673
3676
3679
3682
3685
3687
3690
3693
3696
3699
3702
3704
3707
3710
3713
3716
3718
3721
3724
3727
3730
3733
3735
3738
3741
3744
3747
3750
3753
3756
3759
3762
3766
3769
3772
3775
3779
3782
3785
3788
3792
3795
3798
3801
3804
3808
3811
3814
3817
3821
3824
3827
3830
3834
3837
3840
3843
3847
3850
3853
3856
3860
3863
3867
3871
3875
3879
3883
3886
3890
3894
3898
3902
3906
3910
3913
3917
3921
3925
3929
3933
3936
3940
3944
3948
3952
3956
3960
3963
3966
3970
3973
3976
3980
3983
3986
3990
3993
3996
4000
4003
4006
4010
4013
4016
4020
4023
4026
4030
4033
4036
4040
4043
4046
4050
4053
4056
4060
4063
4066
4070
4073
4076
4079
4082
4086
4089
4092
4095
4099
4102
4105
4108
4111
4115
4118
4121
4124
4128
4131
4134
4137
4140
4144
4147
4150
4153
4157
4160
4163
4166
4170
4173
4176
4180
4183
4187
4190
4194
4197
4200
4204
4207
4211
4214
4218
4221
4225
4228
4231
4235
4238
4242
4245
4249
4252
4255
4259
4262
4266
4269
4273
4276
4280
4283
4287
4291
4295
4299
4303
4306
4310
4314
4318
4322
4326
4330
4333
4337
4341
4345
4349
4353
4356
4360
4364
4368
4372
4376
4380
4384
4388
4392
4396
4400
4404
4408
4412
4416
4420
4424
4428
4432
4437
4441
4445
4449
4453
4457
4461
4465
4469
4473
4477
4481
4485
4490
4494
4498
4503
4507
4512
4516
4520
4525
4529
4534
4538
4542
4547
4551
4556
4560
4564
4569
4573
4577
4582
4586
4591
4595
4600
4604
4609
4614
4619
4623
4628
4633
4638
4642
4647
4652
4657
4661
4666
4671
4676
4680
4685
4690
4695
4700
4704
4709
4713
4718
4722
4727
4732
4736
4741
4745
4750
4755
4759
4764
4768
4773
4777
4782
4787
4791
4796
4800
4805
4810
4814
4818
4823
4827
4831
4836
4840
4844
4849
4853
4857
4862
4866
4870
4875
4879
4883
4888
4892
4896
4901
4905
4910
4913
4917
4921
4925
4929
4933
4937
4941
4945
4949
4953
4957
4961
4965
4968
4972
4976
4980
4984
4988
4992
4996
5000
5004
5008
5012
5016
5020
5024
5028
5032
5036
5040
5044
5048
5052
5056
5060
5064
5068
5072
5077
5081
5085
5089
5093
5097
5101
5105
5109
5113
5117
5121
5125
5130
5133
5137
5141
5145
5148
5152
5156
5160
5164
5167
5171
5175
5179
5183
5186
5190
5194
5198
5202
5205
5209
5213
5217
5221
5224
5228
5232
5236
5240
5243
5247
5251
5255
5259
5263
5267
5271
5275
5279
5283
5287
5291
5295
5298
5302
5306
5310
5314
5318
5322
5326
5330
5334
5338
5342
5346
5350
5353
5357
5361
5364
5368
5372
5375
5379
5383
5387
5390
5394
5398
5401
5405
5409
5412
5416
5420
5424
5427
5431
5435
5438
5442
5446
5450
5453
5457
5461
5464
5468
5472
5475
5479
5483
5486
5490
5494
5497
5501
5505
5508
5512
5516
5519
5523
5527
5530
5534
5537
5541
5545
5548
5552
5556
5560
5564
5568
5572
5576
5580
5584
5588
5592
5596
5600
5604
5608
5612
5616
5620
5624
5628
5632
5636
5640
5644
5648
5652
5656
5660
5664
5668
5672
5676
5681
5685
5689
5693
5698
5702
5706
5710
5715
5719
5723
5727
5731
5736
5740
5744
5748
5753
5757
5761
5765
5770
5774
5778
5782
5786
5791
5795
5799
5803
5808
5812
5816
5820
5824
5829
5833
5837
5841
5846
5850
5854
5858
5863
5867
5871
5875
5880
5884
5888
5892
5896
5900
5904
5908
5912
5916
5920
5924
5928
5932
5937
5941
5945
5949
5953
5957
5961
5965
5969
5973
5977
5981
5985
5990
5994
5998
6002
6006
6011
6015
6019
6023
6028
6032
6036
6040
6045
6049
6053
6057
6061
6066
6070
6074
6078
6083
6087
6091
6095
6100
6103
6107
6110
6114
6117
6121
6125
6128
6132
6135
6139
6142
6146
6150
6153
6157
6160
6164
6167
6171
6175
6178
6182
6185
6189
6192
6196
6200
6203
6207
6211
6215
6218
6222
6226
6230
6234
6237
6241
6245
6249
6253
6256
6260
6264
6268
6272
6275
6279
6283
6287
6291
6294
6298
6302
6306
6310
6313
6317
6321
6324
6328
6332
6335
6339
6343
6347
6350
6354
6358
6361
6365
6369
6372
6376
6380
6384
6387
6391
6395
6398
6402
6406
6410
6415
6421
6426
6432
6437
6443
6448
6454
6459
6465
6470
6476
6481
6487
6492
6497
6503
6508
6514
6520
6524
6528
6532
6536
6540
6544
6548
6553
6557
6561
6565
6569
6573
6577
6582
6586
6590
6594
6598
6602
6606
6611
6615
6619
6623
6627
6631
6635
6640
6643
6647
6651
6655
6658
6662
6666
6670
6674
6677
6681
6685
6689
6693
6696
6700
6704
6708
6712
6715
6719
6723
6727
6731
6734
6738
6742
6746
6750
6754
6758
6762
6766
6770
6774
6778
6782
6786
6790
6794
6798
6802
6807
6811
6815
6819
6823
6827
6831
6835
6839
6843
6847
6851
6855
6860
6864
6868
6873
6877
6881
6886
6890
6894
6899
6903
6907
6912
6916
6920
6925
6929
6933
6938
6942
6946
6951
6955
6960
6963
6966
6970
6973
6977
6980
6984
6987
6990
6994
6997
7001
7004
7008
7011
7015
7018
7021
7025
7028
7032
7035
7039
7042
7045
7049
7052
7056
7059
7063
7066
7070
7073
7077
7081
7085
7089
7093
7096
7100
7104
7108
7112
7116
7120
7123
7127
7131
7135
7139
7143
7146
7150
7154
7158
7162
7166
7170
7174
7178
7183
7187
7192
7196
7200
7205
7209
7214
7218
7222
7227
7231
7236
7240
7244
7249
7253
7258
7262
7266
7271
7275
7280
7284
7288
7292
7296
7300
7304
7308
7312
7316
7320
7324
7328
7332
7336
7340
7344
7348
7352
7356
7360
7364
7368
7372
7376
7380
7383
7387
7390
7394
7398
7401
7405
7409
7412
7416
7420
7423
7427
7430
7434
7438
7441
7445
7449
7452
7456
7460
7463
7467
7470
7474
7478
7481
7485
7489
7492
7496
7500
7504
7508
7512
7516
7520
7524
7528
7532
7536
7540
7544
7548
7552
7557
7561
7565
7569
7573
7577
7581
7585
7589
7593
7597
7601
7605
7610
7614
7619
7623
7628
7632
7637
7641
7646
7650
7655
7660
7664
7669
7673
7678
7682
7687
7691
7696
7700
7705
7710
7714
7719
7723
7728
7732
7737
7742
7746
7751
7755
7760
7765
7769
7774
7778
7783
7787
7792
7797
7801
7806
7810
7815
7820
7824
7828
7832
7836
7840
7845
7849
7853
7857
7861
7865
7870
7874
7878
7882
7886
7890
7895
7899
7903
7907
7911
7915
7920
7923
7926
7930
7933
7937
7940
7944
7947
7950
7954
7957
7961
7964
7968
7971
7975
7978
7981
7985
7988
7992
7995
7999
8002
8005
8009
8012
8016
8019
8023
8026
8029
8033
8037
8040
8044
8047
8051
8055
8058
8062
8065
8069
8072
8076
8080
8083
8087
8090
8094
8097
8101
8105
8108
8112
8115
8119
8122
8126
8130
8134
8138
8142
8146
8151
8155
8159
8163
8168
8172
8176
8180
8185
8189
8193
8197
8201
8206
8210
8214
8218
8223
8227
8231
8235
8240
8244
8249
8254
8259
8263
8268
8273
8278
8283
8287
8292
8297
8302
8306
8311
8316
8321
8326
8330
8335
8340
8345
8350
8353
8357
8361
8365
8369
8373
8376
8380
8384
8388
8392
8396
8399
8403
8407
8411
8415
8419
8423
8426
8430
8434
8438
8442
8446
8450
8454
8458
8462
8466
8470
8474
8478
8482
8486
8490
8494
8498
8502
8507
8511
8515
8519
8523
8527
8531
8535
8539
8543
8547
8551
8555
8560
8563
8566
8570
8573
8577
8580
8584
8587
8591
8594
8597
8601
8604
8608
8611
8615
8618
8622
8625
8628
8632
8635
8639
8642
8646
8649
8653
8656
8660
8663
8667
8671
8674
8678
8682
8685
8689
8693
8696
8700
8704
8707
8711
8715
8718
8722
8726
8729
8733
8737
8740
8744
8748
8751
8755
8759
8762
8766
8770
8773
8777
8780
8784
8787
8791
8794
8798
8801
8805
8809
8812
8816
8819
8823
8826
8830
8833
8837
8840
8844
8848
8851
8855
8858
8862
8865
8869
8872
8876
8880
8883
8887
8891
8895
8899
8903
8907
8910
8914
8918
8922
8926
8930
8934
8938
8941
8945
8949
8953
8957
8961
8965
8969
8972
8976
8980
8984
8988
8992
8996
9000
9003
9007
9010
9014
9017
9021
9024
9028
9031
9035
9039
9042
9046
9049
9053
9056
9060
9063
9067
9070
9074
9078
9081
9085
9088
9092
9095
9099
9102
9106
9110
9113
9117
9121
9125
9129
9133
9136
9140
9144
9148
9152
9156
9160
9163
9167
9171
9175
9179
9183
9186
9190
9194
9198
9202
9206
9210
9213
9217
9221
9225
9228
9232
9236
9240
9244
9247
9251
9255
9259
9263
9266
9270
9274
9278
9282
9285
9289
9293
9297
9301
9304
9308
9312
9316
9320
9325
9330
9335
9340
9345
9350
9355
9360
9365
9370
9375
9380
9385
9390
9395
9400
9405
9410
9415
9420
9423
9427
9431
9435
9439
9443
9447
9451
9455
9459
9463
9467
9471
9475
9478
9482
9486
9490
9494
9498
9502
9506
9510
9514
9518
9522
9526
9530
9533
9537
9541
9545
9549
9553
9556
9560
9564
9568
9572
9576
9580
9583
9587
9591
9595
9599
9603
9606
9610
9614
9618
9622
9626
9630
9634
9638
9643
9647
9652
9656
9661
9665
9670
9674
9678
9683
9687
9692
9696
9701
9705
9710
9714
9718
9723
9727
9732
9736
9741
9745
9750
9753
9757
9761
9765
9769
9773
9777
9781
9785
9789
9793
9797
9801
9805
9808
9812
9816
9820
9824
9828
9832
9836
9840
9844
9848
9852
9856
9860
9863
9867
9871
9874
9878
9882
9885
9889
9893
9897
9900
9904
9908
9911
9915
9919
9922
9926
9930
9934
9937
9941
9945
9948
9952
9956
9960
9964
9968
9973
9977
9982
9986
9990
9995
9999
10004
10008
10012
10017
10021
10026
10030
10034
10039
10043
10048
10052
10056
10061
10065
10070
10073
10077
10080
10084
10087
10091
10095
10098
10102
10105
10109
10112
10116
10120
10123
10127
10130
10134
10137
10141
10145
10148
10152
10155
10159
10162
10166
10170
10173
10177
10181
10185
10189
10193
10197
10201
10205
10209
10213
10217
10221
10225
10228
10232
10236
10240
10244
10248
10252
10256
10260
10264
10268
10272
10276
10280
10284
10289
10294
10299
10303
10308
10313
10318
10322
10327
10332
10337
10341
10346
10351
10356
10360
10365
10370
10375
10380
10383
10387
10390
10394
10397
10401
10404
10408
10411
10415
10419
10422
10426
10429
10433
10436
10440
10443
10447
10450
10454
10458
10461
10465
10468
10472
10475
10479
10482
10486
10490
10493
10496
10500
10503
10506
10510
10513
10516
10520
10523
10526
10530
10533
10536
10540
10543
10546
10550
10553
10556
10560
10563
10566
10570
10573
10576
10580
10583
10586
10590
10593
10596
10600
10603
10607
10610
10614
10617
10621
10624
10628
10631
10635
10639
10642
10646
10649
10653
10656
10660
10663
10667
10670
10674
10678
10681
10685
10688
10692
10695
10699
10702
10706
10710
10713
10716
10719
10722
10725
10728
10731
10734
10737
10740
10743
10746
10749
10752
10755
10758
10761
10765
10768
10771
10774
10777
10780
10783
10786
10789
10792
10795
10798
10801
10804
10807
10810
10813
10816
10820
10824
10828
10832
10836
10840
10844
10848
10852
10856
10860
10864
10868
10872
10876
10880
10884
10888
10892
10896
10900
10904
10908
10912
10916
10920
10923
10927
10931
10934
10938
10942
10945
10949
10953
10956
10960
10964
10967
10971
10975
10978
10982
10985
10989
10993
10997
11000
11004
11008
11011
11015
11019
11022
11026
11030
11034
11038
11043
11047
11051
11056
11060
11064
11069
11073
11077
11082
11086
11090
11095
11099
11103
11108
11112
11116
11121
11125
11130
11134
11139
11144
11149
11153
11158
11163
11168
11173
11177
11182
11187
11192
11196
11201
11206
11211
11216
11220
11225
11230
11235
11240
11245
11250
11255
11260
11266
11271
11276
11281
11287
11292
11297
11302
11308
11313
11318
11323
11329
11334
11339
11344
11350
11354
11357
11362
11366
11370
11373
11378
11382
11386
11389
11394
11398
11402
11405
11410
11414
11418
11421
11426
11430
11434
11437
11442
11446
11450
11453
11457
11461
11465
11469
11473
11477
11481
11485
11489
11493
11497
11501
11504
11508
11512
11516
11520
11524
11528
11532
11536
11540
11544
11548
11552
11556
11560
11563
11567
11571
11575
11579
11583
11586
11590
11594
11598
11602
11606
11610
11613
11617
11621
11625
11629
11633
11636
11640
11644
11648
11652
11656
11660
11664
11668
11673
11677
11682
11686
11690
11695
11699
11704
11708
11712
11717
11721
11726
11730
11734
11739
11743
11748
11752
11756
11761
11765
11770
11773
11777
11781
11785
11789
11793
11797
11801
11805
11809
11813
11817
11821
11825
11828
11832
11836
11840
11844
11848
11852
11856
11860
11864
11868
11872
11876
11880
11883
11887
11891
11895
11899
11903
11907
11911
11915
11919
11923
11927
11931
11935
11938
11942
11946
11950
11954
11958
11962
11966
11970
11974
11978
11982
11986
11990
11994
11998
12002
12006
12011
12015
12019
12023
12028
12032
12036
12040
12045
12049
12053
12057
12061
12066
12070
12074
12078
12083
12087
12091
12095
12100
12104
12108
12112
12116
12120
12125
12129
12133
12137
12141
12145
12149
12154
12158
12162
12166
12170
12174
12179
12183
12187
12191
12195
12200
12204
12208
12212
12216
12221
12225
12229
12233
12238
12242
12246
12250
12254
12259
12263
12267
12271
12276
12280
12284
12288
12293
12297
12301
12305
12310
12315
12320
12325
12331
12336
12341
12346
12352
12357
12362
12367
12373
12378
12383
12388
12394
12399
12404
12410
12413
12417
12421
12425
12429
12433
12437
12441
12445
12449
12453
12457
12461
12465
12468
12472
12476
12480
12484
12488
12492
12496
12500
12504
12508
12512
12516
12520
12524
12528
12532
12536
12540
12544
12548
12552
12556
12560
12564
12568
12572
12577
12581
12585
12589
12593
12597
12601
12605
12609
12613
12617
12621
12625
12630
12633
12637
12641
12645
12649
12653
12657
12661
12665
12669
12673
12677
12681
12685
12688
12692
12696
12700
12704
12708
12712
12716
12720
12724
12728
12732
12736
12740
12744
12748
12752
12757
12761
12765
12770
12774
12778
12782
12787
12791
12795
12800
12804
12808
12812
12817
12821
12825
12830
12834
12838
12842
12847
12851
12855
12860
12863
12867
12871
12874
12878
12882
12885
12889
12893
12897
12900
12904
12908
12911
12915
12919
12922
12926
12930
12934
12937
12941
12945
12948
12952
12956
12960
12964
12968
12973
12977
12982
12986
12990
12995
12999
13004
13008
13012
13017
13021
13026
13030
13034
13039
13043
13048
13052
13056
13061
13065
13070
13073
13077
13080
13084
13087
13091
13095
13098
13102
13105
13109
13112
13116
13120
13123
13127
13130
13134
13137
13141
13145
13148
13152
13155
13159
13162
13166
13170
13173
13177
13181
13185
13189
13193
13197
13201
13205
13209
13213
13217
13221
13225
13228
13232
13236
13240
13244
13248
13252
13256
13260
13264
13268
13272
13276
13280
13284
13288
13292
13296
13300
13304
13308
13312
13316
13320
13324
13328
13332
13337
13341
13345
13349
13353
13357
13361
13365
13369
13373
13377
13381
13385
13390
13393
13397
13400
13404
13407
13411
13414
13418
13421
13425
13429
13432
13436
13439
13443
13446
13450
13453
13457
13460
13464
13468
13471
13475
13478
13482
13485
13489
13492
13496
13500
13503
13507
13511
13515
13518
13522
13526
13530
13534
13537
13541
13545
13549
13553
13556
13560
13564
13568
13572
13575
13579
13583
13587
13591
13594
13598
13602
13606
13610
13613
13617
13621
13625
13629
13633
13636
13640
13644
13648
13652
13656
13660
13663
13667
13671
13675
13679
13683
13686
13690
13694
13698
13702
13706
13710
13714
13718
13722
13726
13730
13734
13738
13742
13746
13750
13754
13758
13762
13767
13771
13775
13779
13783
13787
13791
13795
13799
13803
13807
13811
13815
13820
13824
13828
13832
13836
13840
13845
13849
13853
13857
13861
13865
13870
13874
13878
13882
13886
13890
13895
13899
13903
13907
13911
13915
13920
13923
13927
13931
13935
13938
13942
13946
13950
13954
13957
13961
13965
13969
13973
13976
13980
13984
13988
13992
13995
13999
14003
14007
14011
14014
14018
14022
14026
14030
14033
14036
14040
14043
14047
14050
14054
14057
14061
14064
14067
14071
14074
14078
14081
14085
14088
14092
14095
14098
14102
14105
14109
14112
14116
14119
14123
14126
14130
14133
14137
14141
14145
14149
14153
14157
14161
14165
14169
14173
14177
14181
14185
14188
14192
14196
14200
14204
14208
14212
14216
14220
14224
14228
14232
14236
14240
14243
14246
14250
14253
14257
14260
14264
14267
14270
14274
14277
14281
14284
14288
14291
14295
14298
14301
14305
14308
14312
14315
14319
14322
14325
14329
14332
14336
14339
14343
14346
14350
14353
14356
14360
14363
14367
14370
14374
14377
14381
14384
14387
14391
14394
14398
14401
14405
14408
14412
14415
14418
14422
14425
14429
14432
14436
14439
14443
14446
14450
14453
14457
14461
14465
14469
14473
14477
14481
14485
14489
14493
14497
14501
14504
14508
14512
14516
14520
14524
14528
14532
14536
14540
14544
14548
14552
14556
14560
14563
14566
14570
14573
14577
14580
14584
14587
14591
14594
14597
14601
14604
14608
14611
14615
14618
14622
14625
14628
14632
14635
14639
14642
14646
14649
14653
14656
14660
14664
14669
14673
14678
14682
14687
14692
14696
14701
14705
14710
14715
14719
14724
14728
14733
14737
14742
14747
14751
14756
14760
14765
14770
14774
14778
14782
14786
14791
14795
14799
14803
14808
14812
14816
14820
14825
14829
14833
14837
14841
14846
14850
14854
14858
14863
14867
14871
14875
14880
14884
14888
14892
14896
14901
14905
14909
14913
14918
14922
14926
14930
14935
14939
14943
14947
14951
14956
14960
14964
14968
14973
14977
14981
14985
14990
14993
14997
15000
15004
15007
15011
15014
15018
15021
15025
15029
15032
15036
15039
15043
15046
15050
15053
15057
15060
15064
15068
15071
15075
15078
15082
15085
15089
15092
15096
15100
15103
15107
15111
15114
15118
15122
15125
15129
15133
15137
15140
15144
15148
15151
15155
15159
15162
15166
15170
15174
15177
15181
15185
15188
15192
15196
15200
15203
15207
15210
15214
15217
15221
15224
15228
15231
15235
15239
15242
15246
15249
15253
15256
15260
15263
15267
15270
15274
15278
15281
15285
15288
15292
15295
15299
15302
15306
15310
15313
15317
15321
15324
15328
15332
15335
15339
15343
15347
15350
15354
15358
15361
15365
15369
15372
15376
15380
15384
15387
15391
15395
15398
15402
15406
15410
15413
15417
15421
15425
15428
15432
15436
15440
15444
15447
15451
15455
15459
15463
15466
15470
15474
15478
15482
15485
15489
15493
15497
15501
15504
15508
15512
15516
15520
15524
15528
15532
15536
15540
15544
15548
15552
15556
15560
15564
15568
15572
15577
15581
15585
15589
15593
15597
15601
15605
15609
15613
15617
15621
15625
15630
15633
15636
15639
15642
15645
15648
15652
15655
15658
15661
15664
15667
15670
15674
15677
15680
15683
15686
15689
15692
15696
15699
15702
15705
15708
15711
15714
15718
15721
15724
15727
15730
15733
15736
15740
15743
15747
15751
15755
15759
15763
15767
15771
15775
15779
15783
15787
15791
15795
15798
15802
15806
15810
15814
15818
15822
15826
15830
15834
15838
15842
15846
15850
15853
15856
15860
15863
15867
15870
15874
15877
15881
15884
15887
15891
15894
15898
15901
15905
15908
15912
15915
15918
15922
15925
15929
15932
15936
15939
15943
15946
15950
15953
15957
15961
15965
15968
15972
15976
15980
15984
15987
15991
15995
15999
16003
16006
16010
16014
16018
16022
16025
16029
16033
16037
16041
16044
16048
16052
16056
16059
16064
16068
16072
16076
16080
16084
16088
16092
16096
16100
16104
16108
16112
16117
16121
16125
16129
16133
16137
16141
16145
16149
16153
16157
16161
16165
16170
16173
16177
16181
16185
16189
16193
16197
16201
16205
16209
16213
16217
16221
16225
16228
16232
16236
16240
16244
16248
16252
16256
16260
16264
16268
16272
16276
16280
16283
16287
16291
16294
16298
16302
16305
16309
16313
16317
16320
16324
16328
16331
16335
16339
16342
16346
16350
16354
16357
16361
16365
16368
16372
16376
16379
16383
16387
16390
16394
16397
16401
16404
16408
16411
16415
16419
16422
16426
16429
16433
16436
16440
16443
16447
16450
16454
16458
16461
16465
16468
16472
16475
16479
16482
16486
16490
16493
16497
16500
16504
16507
16511
16514
16518
16521
16525
16529
16532
16536
16539
16543
16546
16550
16553
16557
16560
16564
16568
16571
16575
16578
16582
16585
16589
16592
16596
16600
16603
16607
16611
16614
16618
16622
16625
16629
16633
16637
16640
16644
16648
16651
16655
16659
16662
16666
16670
16674
16677
16681
16685
16688
16692
16696
16700
16703
16706
16710
16713
16716
16720
16723
16726
16730
16733
16736
16740
16743
16746
16750
16753
16756
16759
16763
16766
16770
16773
16776
16779
16783
16786
16790
16793
16796
16799
16803
16806
16810
16814
16817
16822
16826
16830
16834
16837
16842
16846
16849
16854
16858
16862
16866
16870
16874
16878
16882
16886
16890
16894
16898
16902
16906
16910
16913
16917
16921
16925
16928
16932
16936
16940
16944
16947
16951
16955
16959
16963
16966
16970
16974
16978
16982
16985
16989
16993
16997
17001
17004
17008
17012
17016
17020
17024
17029
17033
17038
17042
17047
17052
17056
17061
17065
17070
17075
17079
17084
17088
17093
17097
17102
17107
17111
17116
17120
17125
17130
17134
17138
17142
17146
17151
17155
17159
17163
17168
17172
17176
17180
17185
17189
17193
17197
17201
17206
17210
17214
17218
17223
17227
17231
17235
17240
17244
17248
17252
17256
17260
17264
17268
17273
17277
17281
17285
17289
17293
17297
17302
17306
17310
17314
17318
17322
17326
17331
17335
17339
17343
17347
17351
17355
17360
17364
17368
17372
17376
17380
17384
17387
17392
17396
17400
17404
17408
17412
17416
17420
17424
17428
17432
17436
17440
17444
17448
17452
17456
17460
17463
17466
17469
17472
17476
17479
17482
17485
17489
17492
17495
17498
17502
17505
17508
17511
17515
17518
17521
17524
17527
17531
17534
17537
17540
17544
17547
17550
17553
17557
17560
17563
17566
17570
17573
17577
17580
17584
17587
17591
17595
17598
17602
17605
17609
17612
17616
17620
17623
17627
17630
17634
17637
17641
17645
17648
17652
17655
17659
17662
17666
17670
17674
17678
17682
17686
17690
17694
17698
17702
17706
17710
17714
17718
17722
17727
17731
17735
17739
17743
17747
17751
17755
17759
17763
17767
17771
17775
17780
17784
17788
17792
17796
17800
17805
17809
17813
17817
17821
17825
17830
17834
17838
17842
17846
17850
17855
17859
17863
17867
17871
17875
17880
17884
17888
17893
17897
17902
17906
17911
17915
17919
17924
17928
17933
17937
17942
17946
17951
17955
17960
17964
17968
17973
17977
17982
17986
17991
17995
18000
18003
18006
18010
18013
18017
18020
18024
18027
18030
18034
18037
18041
18044
18048
18051
18055
18058
18061
18065
18068
18072
18075
18079
18082
18085
18089
18092
18096
18099
18103
18106
18110
18114
18118
18122
18126
18130
18134
18137
18142
18146
18150
18154
18158
18162
18166
18170
18174
18178
18182
18186
18190
18194
18198
18202
18206
18210
18214
18219
18223
18228
18232
18237
18242
18246
18251
18255
18260
18265
18269
18274
18278
18283
18287
18292
18297
18301
18306
18310
18315
18320
18323
18327
18331
18334
18338
18342
18345
18349
18353
18357
18360
18364
18368
18371
18375
18379
18382
18386
18390
18394
18397
18401
18405
18408
18412
18416
18420
18423
18427
18431
18435
18439
18443
18447
18451
18455
18459
18463
18467
18471
18475
18478
18482
18486
18490
18494
18498
18502
18506
18510
18514
18518
18522
18526
18530
18533
18537
18540
18544
18547
18551
18555
18558
18562
18565
18569
18572
18576
18580
18583
18587
18590
18594
18597
18601
18605
18608
18612
18615
18619
18622
18626
18630
18633
18637
18641
18644
18648
18651
18655
18659
18663
18666
18670
18674
18677
18681
18685
18688
18692
18695
18699
18703
18706
18710
18714
18718
18721
18725
18729
18732
18736
18740
18743
18746
18750
18753
18757
18760
18764
18767
18770
18774
18777
18781
18784
18788
18791
18795
18798
18801
18805
18808
18812
18815
18819
18822
18825
18829
18832
18836
18839
18843
18846
18850
18853
18857
18860
18864
18867
18871
18875
18878
18882
18885
18889
18892
18896
18900
18903
18907
18910
18914
18917
18921
18925
18928
18932
18935
18939
18942
18946
18950
18953
18956
18959
18962
18966
18969
18972
18975
18979
18982
18985
18988
18992
18995
18998
19001
19005
19008
19011
19014
19017
19021
19024
19027
19030
19034
19037
19040
19043
19047
19050
19053
19056
19060
19063
19067
19071
19075
19079
19083
19086
19090
19094
19098
19102
19106
19110
19113
19117
19121
19125
19129
19133
19136
19140
19144
19148
19152
19156
19160
19163
19167
19171
19174
19178
19182
19185
19189
19193
19196
19200
19204
19207
19211
19215
19218
19222
19226
19229
19233
19237
19240
19244
19248
19251
19255
19259
19262
19266
19270
19273
19277
19281
19285
19289
19293
19297
19301
19305
19309
19313
19317
19321
19325
19328
19332
19336
19340
19344
19348
19352
19356
19360
19364
19368
19372
19376
19380
19383
19386
19390
19393
19396
19400
19403
19406
19410
19413
19416
19419
19423
19426
19430
19433
19436
19439
19443
19446
19450
19453
19456
19459
19463
19466
19470
19473
19476
19479
19483
19486
19490
19493
19497
19501
19505
19508
19512
19516
19520
19524
19527
19531
19535
19539
19543
19546
19550
19554
19558
19562
19565
19569
19573
19577
19581
19584
19588
19592
19596
19600
19603
19606
19610
19613
19616
19620
19623
19626
19630
19633
19636
19640
19643
19646
19650
19653
19656
19660
19663
19666
19670
19673
19676
19680
19683
19686
19689
19693
19696
19700
19703
19706
19710
19713
19717
19720
19724
19727
19730
19734
19737
19741
19744
19748
19751
19755
19758
19761
19765
19768
19772
19775
19779
19782
19785
19789
19792
19796
19799
19803
19806
19810
19814
19817
19822
19826
19830
19834
19837
19842
19846
19849
19854
19858
19862
19866
19870
19874
19878
19882
19886
19890
19894
19898
19902
19906
19910
19914
19918
19922
19926
19930
19934
19938
19942
19946
19950
19954
19958
19962
19966
19970
19974
19978
19982
19986
19990
19994
19998
20002
20006
20010
20014
20018
20022
20026
20030
20033
20037
20041
20044
20048
20052
20055
20059
20063
20067
20070
20074
20078
20081
20085
20089
20092
20096
20100
20104
20107
20111
20115
20118
20122
20126
20130
20133
20137
20141
20144
20148
20151
20155
20159
20163
20166
20170
20174
20177
20181
20185
20188
20192
20195
20199
20203
20206
20210
20214
20218
20221
20225
20229
20232
20236
20240
20244
20248
20252
20256
20261
20265
20269
20273
20278
20282
20286
20290
20294
20299
20303
20307
20311
20316
20320
20324
20328
20333
20337
20341
20345
20350
20354
20358
20362
20366
20370
20374
20378
20382
20386
20390
20394
20398
20402
20406
20410
20414
20418
20422
20426
20430
20434
20438
20442
20445
20450
20454
20458
20462
20466
20471
20475
20479
20483
20488
20492
20496
20500
20505
20509
20513
20517
20521
20526
20530
20534
20538
20543
20547
20551
20555
20560
20564
20570
20575
20580
20585
20590
20595
20599
20605
20610
20615
20620
20625
20630
20634
20640
20645
20650
20655
20660
20664
20668
20672
20676
20680
20684
20688
20692
20696
20700
20704
20708
20712
20717
20721
20725
20729
20733
20737
20741
20745
20749
20753
20757
20761
20765
20770
20773
20776
20780
20783
20787
20790
20794
20797
20800
20804
20807
20811
20814
20818
20821
20825
20828
20831
20835
20838
20842
20845
20849
20852
20855
20859
20862
20866
20869
20873
20876
20880
20883
20887
20890
20894
20897
20901
20904
20908
20911
20915
20919
20922
20926
20929
20933
20936
20940
20943
20947
20950
20954
20958
20961
20965
20968
20972
20975
20979
20982
20986
20990
20993
20997
21000
21004
21008
21012
21015
21019
21023
21026
21030
21034
21037
21041
21045
21048
21052
21056
21059
21063
21067
21070
21074
21078
21081
21085
21089
21092
21096
21100
21103
21107
21111
21115
21119
21123
21126
21130
21134
21138
21142
21146
21150
21153
21157
21161
21165
21169
21173
21176
21180
21184
21188
21192
21196
21200
21204
21209
21214
21219
21223
21228
21233
21238
21243
21247
21252
21257
21262
21266
21271
21276
21281
21286
21290
21295
21300
21305
21310
21313
21317
21321
21325
21329
21333
21336
21340
21344
21348
21352
21356
21360
21363
21367
21371
21375
21379
21383
21386
21390
21394
21398
21402
21406
21410
21414
21418
21422
21426
21431
21435
21439
21443
21448
21452
21456
21460
21465
21469
21473
21477
21481
21486
21490
21494
21498
21503
21507
21511
21515
21520
21523
21527
21531
21534
21538
21541
21545
21549
21553
21556
21560
21564
21567
21571
21575
21578
21582
21586
21589
21593
21596
21600
21604
21608
21611
21615
21619
21622
21626
21630
21633
21637
21641
21644
21648
21651
21655
21659
21663
21666
21670
21674
21677
21681
21685
21688
21692
21695
21699
21703
21706
21710
21714
21718
21721
21725
21729
21732
21736
21740
21743
21747
21750
21754
21757
21761
21764
21768
21771
21775
21779
21782
21786
21789
21793
21796
21800
21803
21807
21810
21814
21818
21821
21825
21828
21832
21835
21839
21842
21846
21850
21853
21856
21859
21862
21865
21868
21871
21875
21878
21881
21884
21887
21890
21893
21896
21900
21903
21906
21909
21912
21915
21918
21921
21925
21928
21931
21934
21937
21940
21943
21946
21950
21953
21956
21959
21962
21966
21969
21972
21975
21979
21982
21985
21988
21992
21995
21998
22001
22005
22008
22011
22014
22017
22021
22024
22027
22030
22034
22037
22040
22043
22047
22050
22053
22056
22060
22063
22067
22070
22074
22078
22082
22085
22089
22093
22096
22100
22104
22107
22111
22115
22118
22122
22126
22129
22133
22137
22140
22144
22148
22151
22155
22159
22162
22166
22170
22172
22175
22178
22181
22183
22186
22189
22192
22194
22197
22200
22203
22205
22208
22211
22214
22216
22219
22222
22225
22227
22230
22233
22236
22238
22241
22244
22247
22249
22252
22255
22258
22260
22263
22266
22269
22271
22274
22277
22280
22283
22286
22289
22292
22295
22298
22301
22305
22308
22311
22314
22317
22320
22323
22326
22330
22333
22336
22339
22342
22345
22348
22351
22355
22358
22361
22364
22367
22370
22373
22376
22380
22383
22387
22390
22394
22397
22401
22404
22408
22411
22415
22419
22422
22426
22429
22433
22436
22440
22443
22447
22450
22454
22458
22461
22465
22468
22472
22475
22479
22482
22486
22490
22493
22497
22501
22505
22508
22512
22516
22520
22524
22527
22531
22535
22539
22543
22546
22550
22554
22558
22562
22565
22569
22573
22577
22581
22584
22588
22592
22596
22600
22603
22607
22611
22615
22619
22623
22626
22630
22634
22638
22642
22646
22650
22653
22657
22661
22665
22669
22673
22676
22680
22684
22688
22692
22696
22700
22703
22707
22711
22714
22718
22721
22725
22729
22733
22736
22740
22744
22747
22751
22755
22758
22762
22766
22769
22773
22776
22780
22784
22788
22791
22795
22799
22802
22806
22810
22813
22816
22820
22823
22827
22830
22834
22837
22841
22844
22847
22851
22854
22858
22861
22865
22868
22872
22875
22878
22882
22885
22889
22892
22896
22899
22903
22906
22910
22913
22917
22921
22924
22928
22932
22935
22939
22943
22946
22950
22954
22957
22961
22965
22968
22972
22976
22979
22983
22987
22990
22994
22998
23001
23005
23009
23012
23016
23020
23024
23028
23032
23036
23040
23044
23048
23052
23056
23060
23064
23068
23072
23077
23081
23085
23089
23093
23097
23101
23105
23109
23113
23117
23121
23125
23130
23134
23138
23142
23146
23150
23154
23158
23162
23166
23170
23174
23178
23182
23187
23191
23195
23199
23203
23207
23211
23215
23219
23223
23227
23231
23235
23240
23243
23247
23251
23255
23258
23262
23266
23270
23274
23277
23281
23285
23289
23293
23296
23300
23304
23308
23312
23315
23319
23323
23327
23331
23334
23338
23342
23346
23350
23353
23357
23360
23364
23367
23371
23375
23378
23382
23385
23389
23392
23396
23400
23403
23407
23410
23414
23417
23421
23425
23428
23432
23435
23439
23442
23446
23450
23453
23457
23461
23464
23468
23471
23475
23479
23483
23486
23490
23494
23497
23501
23505
23508
23512
23516
23519
23523
23526
23530
23534
23538
23541
23545
23549
23552
23556
23560
23563
23566
23570
23573
23576
23580
23583
23586
23590
23593
23596
23599
23603
23606
23610
23613
23616
23620
23623
23626
23630
23633
23636
23640
23643
23646
23650
23653
23656
23660
23663
23667
23671
23675
23679
23683
23687
23691
23695
23699
23703
23707
23711
23715
23718
23722
23726
23730
23734
23738
23742
23746
23750
23754
23758
23762
23766
23770
23773
23777
23781
23785
23789
23793
23797
23801
23805
23809
23813
23817
23821
23825
23828
23832
23836
23840
23844
23848
23852
23856
23860
23864
23868
23872
23876
23880
23883
23887
23890
23894
23897
23901
23904
23908
23911
23915
23919
23922
23926
23929
23933
23936
23940
23943
23947
23950
23954
23958
23961
23965
23968
23972
23975
23979
23982
23986
23990
23993
23997
24000
24004
24008
24012
24015
24019
24023
24026
24030
24034
24037
24041
24045
24048
24052
24056
24059
24063
24067
24070
24074
24078
24081
24085
24089
24092
24096
24100
24103
24107
24111
24114
24118
24122
24125
24129
24133
24137
24140
24144
24148
24151
24155
24159
24162
24166
24170
24174
24177
24181
24185
24188
24192
24196
24200
24203
24207
24210
24214
24217
24221
24224
24228
24231
24235
24239
24242
24246
24249
24253
24256
24260
24263
24267
24270
24274
24278
24281
24285
24288
24292
24295
24299
24302
24306
24310
24314
24317
24322
24326
24330
24334
24337
24342
24346
24349
24354
24358
24362
24366
24370
24374
24378
24382
24386
24390
24394
24398
24402
24406
24410
24413
24416
24420
24423
24426
24430
24433
24436
24440
24443
24446
24450
24453
24456
24460
24463
24466
24470
24473
24476
24480
24483
24486
24490
24493
24496
24500
24503
24506
24509
24513
24516
24520
24523
24527
24530
24534
24537
24541
24544
24548
24551
24555
24559
24562
24566
24569
24573
24576
24580
24583
24587
24590
24594
24598
24601
24605
24608
24612
24615
24619
24622
24626
24630
24633
24637
24641
24644
24648
24651
24655
24659
24663
24666
24670
24674
24677
24681
24685
24688
24692
24695
24699
24703
24706
24710
24714
24718
24721
24725
24729
24732
24736
24740
24743
24747
24751
24755
24758
24762
24766
24770
24774
24777
24781
24785
24789
24793
24796
24800
24804
24808
24812
24815
24819
24823
24827
24831
24834
24838
24842
24846
24850
24853
24856
24860
24863
24866
24870
24873
24876
24880
24883
24886
24890
24893
24896
24900
24903
24906
24910
24913
24916
24920
24923
24926
24930
24933
24936
24939
24943
24946
24950
24953
24957
24961
24964
24968
24971
24975
24979
24983
24986
24990
24994
24997
25001
25005
25008
25012
25016
25019
25023
25026
25030
25034
25038
25041
25045
25049
25052
25056
25060
25064
25067
25072
25076
25080
25084
25087
25092
25096
25099
25104
25108
25112
25116
25120
25124
25128
25132
25136
25140
25144
25148
25152
25156
25160
25163
25167
25171
25175
25178
25182
25186
25190
25194
25197
25201
25205
25209
25213
25216
25220
25224
25228
25232
25235
25239
25243
25247
25251
25254
25258
25262
25266
25270
25273
25277
25281
25285
25289
25293
25297
25301
25305
25309
25313
25317
25321
25325
25328
25332
25336
25340
25344
25348
25352
25356
25360
25364
25368
25372
25376
25380
25383
25386
25390
25393
25397
25400
25404
25407
25410
25414
25417
25421
25424
25428
25431
25435
25438
25441
25445
25448
25452
25455
25459
25462
25465
25469
25472
25476
25479
25483
25486
25490
25493
25497
25501
25505
25509
25513
25517
25521
25525
25529
25533
25537
25541
25545
25548
25552
25556
25560
25564
25568
25572
25576
25580
25584
25588
25592
25596
25600
25603
25606
25609
25612
25615
25618
25621
25625
25628
25631
25634
25637
25640
25643
25646
25650
25653
25656
25659
25662
25665
25668
25671
25675
25678
25681
25684
25687
25690
25693
25696
25700
25703
25707
25711
25714
25718
25721
25725
25729
25733
25736
25740
25744
25747
25751
25755
25758
25762
25766
25769
25773
25776
25780
25784
25788
25791
25795
25799
25802
25806
25810
25813
25816
25820
25823
25827
25830
25834
25837
25841
25844
25847
25851
25854
25858
25861
25865
25868
25872
25875
25878
25882
25885
25889
25892
25896
25899
25903
25906
25910
25913
25916
25919
25922
25925
25928
25932
25935
25938
25941
25944
25947
25950
25954
25957
25960
25963
25966
25969
25972
25976
25979
25982
25985
25988
25991
25994
25998
26001
26004
26007
26010
26013
26016
26020
26023
26026
26030
26033
26036
26040
26043
26046
26050
26053
26056
26060
26063
26066
26070
26073
26076
26080
26083
26086
26090
26093
26096
26099
26103
26106
26110
26113
26116
26119
26123
26126
26130
26133
26137
26141
26144
26148
26151
26155
26159
26163
26166
26170
26174
26177
26181
26185
26188
26192
26195
26199
26203
26206
26210
26214
26218
26221
26225
26229
26232
26236
26240
26243
26246
26250
26253
26257
26260
26264
26267
26270
26274
26277
26281
26284
26288
26291
26295
26298
26301
26305
26308
26312
26315
26319
26322
26325
26329
26332
26336
26339
26343
26346
26350
26353
26356
26360
26363
26367
26370
26374
26377
26381
26384
26387
26391
26394
26398
26401
26405
26408
26412
26415
26418
26422
26425
26429
26432
26436
26439
26443
26446
26450
26453
26457
26461
26464
26468
26471
26475
26479
26483
26486
26490
26494
26497
26501
26505
26508
26512
26516
26519
26523
26526
26530
26534
26538
26541
26545
26549
26552
26556
26560
26563
26567
26571
26575
26579
26583
26586
26590
26594
26598
26602
26606
26610
26613
26617
26621
26625
26629
26633
26636
26640
26644
26648
26652
26656
26660
26662
26665
26668
26671
26674
26677
26680
26683
26686
26688
26691
26694
26697
26700
26703
26706
26709
26712
26715
26717
26720
26723
26726
26729
26732
26735
26738
26741
26743
26746
26749
26752
26755
26758
26761
26764
26767
26770
26773
26776
26779
26782
26785
26788
26791
26794
26797
26800
26803
26806
26809
26812
26815
26818
26821
26825
26828
26831
26834
26837
26840
26843
26846
26849
26852
26855
26858
26861
26864
26867
26870
26873
26876
26880
26883
26886
26890
26893
26896
26900
26903
26906
26910
26913
26916
26919
26923
26926
26930
26933
26936
26939
26943
26946
26950
26953
26956
26959
26963
26966
26970
26973
26976
26979
26983
26986
26990
26993
26996
26999
27002
27005
27008
27012
27015
27018
27021
27024
27027
27030
27034
27037
27040
27043
27046
27049
27052
27056
27059
27062
27065
27068
27071
27074
27078
27081
27084
27087
27090
27093
27096
27100
27103
27107
27111
27114
27118
27122
27125
27129
27133
27137
27140
27144
27148
27151
27155
27159
27162
27166
27170
27174
27177
27181
27185
27188
27192
27196
27200
27203
27207
27211
27215
27219
27223
27227
27231
27235
27239
27243
27247
27251
27255
27258
27262
27266
27270
27274
27278
27282
27286
27290
27294
27298
27302
27306
27310
27313
27317
27320
27324
27327
27331
27335
27338
27342
27345
27349
27352
27356
27360
27363
27367
27370
27374
27377
27381
27384
27388
27392
27395
27399
27402
27406
27410
27413
27417
27420
27424
27427
27431
27434
27438
27441
27445
27449
27452
27456
27459
27463
27466
27470
27473
27477
27480
27484
27488
27491
27495
27498
27502
27505
27509
27512
27516
27520
27523
27527
27531
27535
27538
27542
27546
27550
27554
27557
27561
27565
27569
27573
27576
27580
27584
27588
27592
27595
27599
27603
27607
27611
27614
27618
27622
27626
27630
27633
27636
27640
27643
27647
27650
27654
27657
27660
27664
27667
27671
27674
27678
27681
27685
27688
27691
27695
27698
27702
27705
27709
27712
27715
27719
27722
27726
27729
27733
27736
27740
27743
27747
27751
27755
27758
27762
27766
27770
27774
27777
27781
27785
27789
27793
27796
27800
27804
27808
27812
27815
27819
27823
27827
27831
27834
27838
27842
27846
27850
27853
27857
27861
27864
27868
27872
27875
27879
27883
27887
27890
27894
27898
27901
27905
27909
27912
27916
27920
27924
27927
27931
27935
27938
27942
27946
27950
27953
27957
27961
27965
27968
27972
27976
27980
27984
27987
27991
27995
27999
28003
28006
28010
28014
28018
28022
28025
28029
28033
28037
28041
28044
28048
28052
28056
28060
28063
28067
28070
28074
28077
28081
28085
28088
28092
28095
28099
28102
28106
28110
28113
28117
28120
28124
28127
28131
28134
28138
28142
28145
28149
28152
28156
28160
28163
28166
28170
28173
28177
28180
28184
28187
28190
28194
28197
28201
28204
28208
28211
28215
28218
28221
28225
28228
28232
28235
28239
28242
28245
28249
28252
28256
28259
28263
28266
28270
28273
28276
28279
28282
28285
28288
28291
28294
28297
28300
28303
28306
28309
28312
28315
28318
28321
28325
28328
28331
28334
28337
28340
28343
28346
28349
28352
28355
28358
28361
28364
28367
28370
28373
28376
28380
28383
28386
28390
28393
28397
28400
28404
28407
28410
28414
28417
28421
28424
28428
28431
28435
28438
28441
28445
28448
28452
28455
28459
28462
28465
28469
28472
28476
28479
28483
28486
28490
28493
28496
28499
28502
28505
28508
28512
28515
28518
28521
28524
28527
28530
28534
28537
28540
28543
28546
28549
28552
28556
28559
28562
28565
28568
28571
28574
28578
28581
28584
28587
28590
28593
28596
28600
28603
28607
28611
28614
28618
28622
28625
28629
28633
28637
28640
28644
28648
28651
28655
28659
28662
28666
28670
28674
28677
28681
28685
28688
28692
28696
28700
28702
28705
28708
28711
28714
28717
28720
28723
28726
28728
28731
28734
28737
28740
28743
28746
28749
28752
28755
28757
28760
28763
28766
28769
28772
28775
28778
28781
28783
28786
28789
28792
28795
28798
28801
28804
28807
28810
28813
28816
28819
28822
28825
28828
28831
28834
28837
28840
28843
28846
28849
28852
28855
28858
28861
28864
28867
28870
28873
28876
28879
28882
28885
28888
28891
28894
28897
28900
28903
28906
28910
28912
28915
28917
28920
28922
28925
28927
28930
28933
28935
28938
28940
28943
28945
28948
28950
28953
28956
28958
28961
28963
28966
28968
28971
28973
28976
28979
28981
28984
28986
28989
28991
28994
28996
28999
29002
29004
29007
29009
29012
29014
29017
29020
29022
29025
29028
29030
29033
29036
29038
29041
29044
29046
29049
29052
29054
29057
29060
29062
29065
29068
29070
29073
29076
29079
29081
29084
29087
29089
29092
29095
29097
29100
29103
29105
29108
29111
29113
29116
29119
29121
29124
29127
29130
29133
29136
29140
29143
29146
29150
29153
29156
29160
29163
29166
29169
29173
29176
29180
29183
29186
29189
29193
29196
29200
29203
29206
29209
29213
29216
29220
29223
29226
29229
29233
29236
29240
29243
29246
29250
29253
29256
29259
29263
29266
29270
29273
29276
29280
29283
29286
29290
29293
29296
29300
29303
29306
29310
29313
29316
29320
29323
29326
29330
29333
29336
29340
29343
29346
29350
29353
29356
29359
29362
29366
29369
29372
29375
29379
29382
29385
29388
29391
29395
29398
29401
29404
29408
29411
29414
29417
29420
29424
29427
29430
29433
29437
29440
29443
29446
29450
29453
29456
29459
29462
29465
29468
29471
29475
29478
29481
29484
29487
29490
29494
29497
29500
29503
29506
29509
29512
29516
29519
29522
29525
29528
29531
29534
29538
29541
29544
29547
29550
29553
29556
29560
29563
29566
29569
29572
29576
29579
29582
29585
29589
29592
29595
29598
29601
29605
29608
29611
29614
29618
29621
29624
29627
29630
29634
29637
29640
29643
29647
29650
29653
29656
29660
29663
29666
29669
29672
29675
29678
29682
29685
29688
29691
29694
29697
29700
29704
29707
29710
29713
29716
29719
29722
29726
29729
29732
29735
29738
29741
29744
29748
29751
29754
29757
29760
29763
29766
29770
29773
29777
29781
29785
29789
29793
29797
29800
29804
29808
29812
29816
29820
29824
29828
29831
29835
29839
29843
29847
29851
29855
29859
29862
29866
29870
29874
29878
29882
29886
29890
