2
5
7
10
12
15
17
20
22
25
27
30
32
35
37
40
42
45
47
50
52
55
57
60
62
65
67
70
72
75
77
80
82
85
87
90
92
95
97
100
102
105
107
110
112
114
117
119
121
124
126
129
131
133
136
138
140
143
145
148
150
152
155
157
160
162
164
167
169
171
174
176
179
181
183
186
188
190
193
195
198
200
202
205
207
210
212
215
217
220
223
225
228
230
233
236
238
241
243
246
249
251
254
256
259
262
264
267
270
272
275
277
280
283
285
288
290
293
296
298
301
303
306
309
311
314
316
319
322
324
327
330
332
334
336
339
341
343
345
348
350
352
355
357
359
361
364
366
368
370
373
375
377
380
382
384
386
389
391
393
395
398
400
402
405
407
409
411
414
416
418
420
423
425
427
430
431
433
435
437
439
441
443
445
447
449
451
453
455
457
459
461
463
465
467
469
471
473
475
477
479
481
483
485
486
488
490
492
494
496
498
500
502
504
506
508
510
512
514
516
518
520
522
524
526
528
530
532
534
536
538
540
542
544
546
548
550
552
554
556
558
560
562
564
566
568
570
572
574
576
578
580
582
584
586
588
590
592
594
596
598
600
602
604
606
608
610
612
614
616
618
620
622
624
626
628
630
632
634
636
638
640
642
644
646
648
651
653
655
657
659
662
664
666
668
670
673
675
677
679
681
684
686
688
690
692
695
697
699
701
703
706
708
710
712
714
717
719
721
723
725
728
730
732
734
736
739
741
743
745
747
750
752
754
756
758
761
763
765
767
769
772
774
776
778
780
783
785
787
789
791
794
796
798
800
802
804
807
809
811
813
816
818
820
822
824
827
829
831
833
835
838
840
842
844
846
849
851
853
855
857
860
862
865
867
870
872
875
877
880
882
885
887
890
892
895
897
900
902
905
907
909
912
915
917
919
922
924
927
929
932
934
937
940
942
945
947
950
952
955
957
960
962
965
967
970
972
974
976
978
981
983
985
987
989
992
994
996
998
1000
1003
1005
1007
1009
1011
1014
1016
1018
1020
1022
1025
1027
1029
1031
1033
1036
1038
1040
1042
1044
1047
1049
1051
1053
1055
1058
1060
1062
1064
1066
1069
1071
1073
1075
1077
1080
1082
1085
1088
1091
1094
1097
1100
1103
1106
1109
1112
1115
1118
1121
1124
1127
1130
1132
1135
1138
1141
1144
1147
1150
1153
1156
1159
1162
1165
1168
1171
1174
1177
1180
1182
1185
1188
1190
1193
1196
1198
1201
1204
1206
1209
1212
1214
1217
1220
1222
1225
1228
1230
1233
1236
1239
1241
1244
1247
1249
1252
1255
1257
1260
1263
1265
1268
1271
1273
1276
1279
1281
1284
1287
1290
1292
1294
1296
1299
1301
1303
1306
1308
1310
1313
1315
1317
1320
1322
1324
1327
1329
1331
1334
1336
1338
1341
1343
1345
1348
1350
1352
1355
1357
1359
1362
1364
1366
1369
1371
1373
1376
1378
1380
1383
1385
1387
1390
1392
1394
1396
1398
1400
1402
1405
1407
1409
1411
1413
1415
1418
1420
1422
1424
1426
1428
1430
1433
1435
1437
1439
1441
1443
1446
1448
1450
1452
1454
1456
1459
1461
1463
1465
1467
1469
1471
1474
1476
1478
1480
1482
1484
1487
1489
1491
1493
1495
1497
1500
1502
1504
1506
1508
1510
1512
1514
1516
1518
1520
1522
1524
1526
1528
1530
1532
1534
1536
1538
1540
1542
1544
1546
1548
1550
1552
1554
1556
1558
1560
1562
1564
1566
1568
1570
1572
1574
1576
1578
1580
1582
1584
1586
1588
1590
1592
1594
1596
1598
1600
1602
1604
1606
1608
1610
1612
1614
1616
1618
1620
1622
1624
1626
1628
1630
1632
1634
1636
1638
1640
1642
1644
1646
1648
1650
1652
1654
1656
1658
1661
1663
1665
1667
1669
1671
1673
1675
1677
1679
1681
1683
1685
1687
1689
1691
1693
1695
1697
1699
1701
1703
1705
1707
1710
1712
1714
1717
1719
1722
1724
1727
1729
1732
1734
1736
1739
1741
1744
1746
1749
1751
1754
1756
1758
1761
1763
1766
1768
1771
1773
1776
1778
1780
1783
1785
1788
1790
1793
1795
1798
1800
1802
1805
1807
1810
1812
1815
1817
1820
1822
1825
1827
1830
1832
1835
1837
1840
1842
1845
1847
1850
1852
1855
1857
1860
1862
1865
1867
1870
1872
1875
1877
1880
1882
1885
1887
1890
1892
1895
1897
1900
1902
1905
1907
1910
1912
1915
1917
1920
1922
1924
1926
1928
1930
1932
1934
1936
1938
1940
1942
1944
1946
1948
1950
1952
1954
1956
1958
1960
1962
1964
1966
1968
1970
1972
1974
1977
1979
1981
1983
1985
1987
1989
1991
1993
1995
1997
1999
2001
2003
2005
2007
2009
2011
2013
2015
2017
2019
2021
2023
2025
2027
2029
2031
2033
2035
2037
2039
2041
2043
2045
2047
2049
2051
2053
2055
2057
2059
2061
2063
2065
2067
2069
2071
2073
2075
2077
2079
2080
2082
2084
2086
2088
2090
2092
2094
2096
2098
2100
2102
2104
2106
2108
2110
2112
2114
2116
2118
2120
2122
2124
2126
2128
2130
2132
2134
2136
2138
2140
2142
2144
2146
2149
2151
2153
2155
2157
2159
2161
2163
2165
2168
2170
2172
2174
2176
2178
2180
2182
2185
2187
2189
2191
2193
2195
2197
2199
2201
2204
2206
2208
2210
2212
2214
2216
2218
2220
2223
2225
2227
2229
2231
2233
2235
2237
2240
2242
2244
2246
2248
2250
2252
2255
2257
2259
2261
2263
2265
2268
2270
2272
2274
2276
2278
2280
2283
2285
2287
2289
2291
2293
2296
2298
2300
2302
2304
2306
2309
2311
2313
2315
2317
2319
2321
2324
2326
2328
2330
2332
2334
2337
2339
2341
2343
2345
2347
2350
2351
2353
2355
2357
2359
2361
2363
2365
2366
2368
2370
2372
2374
2376
2378
2380
2382
2383
2385
2387
2389
2391
2393
2395
2397
2399
2400
2402
2404
2406
2408
2410
2412
2414
2416
2417
2419
2421
2423
2425
2427
2429
2431
2433
2434
2436
2438
2440
2442
2444
2446
2448
2450
2451
2453
2455
2457
2459
2461
2463
2465
2467
2469
2471
2473
2475
2477
2479
2481
2483
2485
2487
2489
2491
2493
2495
2497
2499
2501
2503
2505
2506
2508
2510
2512
2514
2516
2518
2520
2522
2524
2526
2528
2530
2532
2534
2536
2538
2540
2542
2544
2546
2548
2550
2552
2554
2556
2558
2560
2561
2563
2565
2567
2569
2571
2573
2575
2577
2579
2581
2583
2585
2587
2589
2591
2593
2595
2597
2599
2601
2603
2605
2607
2609
2610
2612
2614
2616
2618
2620
2622
2624
2626
2628
2630
2632
2634
2636
2638
2640
2642
2644
2646
2648
2650
2652
2654
2656
2658
2660
2662
2665
2667
2670
2673
2675
2678
2680
2683
2686
2688
2691
2694
2696
2699
2701
2704
2707
2709
2712
2715
2717
2720
2722
2725
2728
2730
2733
2735
2738
2741
2743
2746
2749
2751
2754
2756
2759
2762
2764
2767
2770
2771
2773
2775
2777
2778
2780
2782
2784
2785
2787
2789
2791
2793
2794
2796
2798
2800
2801
2803
2805
2807
2809
2810
2812
2814
2816
2817
2819
2821
2823
2825
2826
2828
2830
2832
2833
2835
2837
2839
2840
2842
2844
2846
2848
2849
2851
2853
2855
2856
2858
2860
2862
2864
2865
2867
2869
2871
2872
2874
2876
2878
2880
2881
2883
2885
2887
2889
2891
2893
2895
2897
2898
2900
2902
2904
2906
2908
2910
2912
2914
2916
2917
2919
2921
2923
2925
2927
2929
2931
2933
2935
2936
2938
2940
2942
2944
2946
2948
2950
2952
2953
2955
2957
2959
2961
2963
2965
2967
2969
2971
2972
2974
2976
2978
2980
2982
2984
2986
2988
2990
2991
2993
2995
2997
2999
3001
3002
3004
3006
3008
3010
3012
3013
3015
3017
3019
3021
3023
3024
3026
3028
3030
3032
3034
3035
3037
3039
3041
3043
3045
3046
3048
3050
3052
3054
3056
3057
3059
3061
3063
3065
3067
3068
3070
3072
3074
3076
3078
3079
3081
3083
3085
3087
3089
3090
3092
3094
3096
3098
3100
3101
3103
3105
3107
3109
3111
3112
3114
3116
3118
3120
3122
3124
3125
3127
3129
3131
3133
3135
3137
3138
3140
3142
3144
3146
3148
3150
3151
3153
3155
3157
3159
3161
3162
3164
3166
3168
3170
3172
3174
3175
3177
3179
3181
3183
3185
3187
3188
3190
3192
3194
3196
3198
3200
3202
3205
3207
3210
3212
3215
3217
3220
3222
3225
3227
3230
3232
3235
3237
3240
3242
3245
3247
3250
3252
3255
3257
3260
3262
3265
3267
3270
3272
3275
3277
3280
3282
3285
3287
3290
3292
3295
3297
3300
3302
3305
3307
3310
3312
3314
3316
3319
3321
3323
3326
3328
3330
3333
3335
3337
3340
3342
3344
3347
3349
3351
3354
3356
3358
3361
3363
3365
3368
3370
3372
3375
3377
3379
3382
3384
3386
3389
3391
3393
3396
3398
3400
3403
3405
3407
3410
3412
3414
3416
3418
3420
3422
3424
3426
3428
3430
3432
3434
3436
3438
3440
3442
3444
3446
3448
3450
3452
3454
3456
3458
3460
3462
3464
3466
3468
3470
3472
3474
3476
3478
3480
3482
3484
3486
3488
3490
3492
3494
3496
3498
3500
3502
3504
3506
3508
3510
3512
3514
3516
3518
3520
3522
3524
3526
3528
3530
3532
3534
3536
3539
3541
3543
3545
3547
3549
3551
3553
3555
3558
3560
3562
3564
3566
3568
3570
3572
3575
3577
3579
3581
3583
3585
3587
3589
3591
3594
3596
3598
3600
3602
3604
3606
3608
3610
3613
3615
3617
3619
3621
3623
3625
3627
3630
3632
3635
3638
3640
3643
3646
3648
3651
3654
3656
3659
3662
3664
3667
3670
3672
3675
3678
3680
3683
3686
3689
3691
3694
3697
3699
3702
3705
3707
3710
3713
3715
3718
3721
3723
3726
3729
3731
3734
3737
3740
3742
3745
3748
3750
3753
3756
3758
3761
3764
3766
3769
3772
3774
3777
3780
3782
3785
3788
3790
3793
3796
3799
3801
3804
3807
3809
3812
3815
3817
3820
3823
3825
3828
3831
3833
3836
3839
3841
3844
3847
3850
3852
3855
3858
3860
3863
3866
3868
3871
3874
3877
3879
3882
3885
3887
3890
3893
3895
3898
3901
3904
3906
3909
3912
3914
3917
3920
3922
3925
3928
3931
3933
3936
3939
3941
3944
3947
3950
3952
3955
3958
3960
3963
3966
3969
3971
3974
3977
3980
3982
3985
3988
3990
3993
3996
3999
4001
4004
4007
4010
4012
4015
4018
4020
4023
4026
4029
4031
4034
4037
4040
4042
4045
4048
4050
4053
4056
4059
4061
4064
4067
4070
4072
4074
4076
4079
4081
4083
4085
4088
4090
4092
4095
4097
4099
4101
4104
4106
4108
4110
4113
4115
4117
4120
4122
4124
4126
4129
4131
4133
4135
4138
4140
4142
4145
4147
4149
4151
4154
4156
4158
4160
4163
4165
4167
4170
4172
4175
4177
4180
4182
4185
4187
4190
4192
4195
4197
4200
4202
4205
4207
4210
4212
4215
4217
4220
4222
4225
4227
4230
4232
4235
4237
4240
4242
4245
4247
4250
4252
4255
4257
4260
4262
4265
4267
4270
4272
4275
4277
4280
4282
4284
4286
4288
4290
4292
4294
4296
4298
4300
4302
4304
4306
4308
4310
4312
4314
4316
4318
4320
4322
4324
4326
4328
4330
4332
4334
4336
4338
4340
4342
4344
4346
4348
4350
4352
4354
4356
4358
4360
4362
4364
4366
4368
4370
4372
4374
4376
4378
4380
4381
4383
4385
4387
4389
4391
4393
4394
4396
4398
4400
4402
4404
4406
4407
4409
4411
4413
4415
4417
4419
4421
4422
4424
4426
4428
4430
4432
4434
4435
4437
4439
4441
4443
4445
4447
4448
4450
4452
4454
4456
4458
4460
4462
4463
4465
4467
4469
4471
4473
4475
4476
4478
4480
4482
4484
4486
4488
4490
4491
4493
4495
4496
4498
4500
4502
4503
4505
4507
4508
4510
4512
4514
4515
4517
4519
4520
4522
4524
4526
4527
4529
4531
4532
4534
4536
4538
4539
4541
4543
4545
4546
4548
4550
4551
4553
4555
4557
4558
4560
4562
4563
4565
4567
4569
4570
4572
4574
4575
4577
4579
4581
4582
4584
4586
4587
4589
4591
4593
4594
4596
4598
4600
4601
4603
4604
4606
4608
4609
4611
4612
4614
4616
4617
4619
4620
4622
4624
4625
4627
4629
4630
4632
4633
4635
4637
4638
4640
4641
4643
4645
4646
4648
4650
4651
4653
4654
4656
4658
4659
4661
4662
4664
4666
4667
4669
4670
4672
4674
4675
4677
4679
4680
4682
4683
4685
4687
4688
4690
4691
4693
4695
4696
4698
4700
4701
4703
4705
4706
4708
4710
4712
4713
4715
4717
4719
4720
4722
4724
4726
4727
4729
4731
4733
4734
4736
4738
4740
4741
4743
4745
4747
4748
4750
4752
4754
4755
4757
4759
4761
4762
4764
4766
4768
4769
4771
4773
4775
4776
4778
4780
4782
4783
4785
4787
4789
4790
4792
4794
4796
4797
4799
4801
4803
4804
4806
4808
4810
4811
4813
4815
4816
4818
4820
4821
4823
4825
4826
4828
4830
4832
4833
4835
4837
4838
4840
4842
4843
4845
4847
4848
4850
4852
4854
4855
4857
4859
4860
4862
4864
4865
4867
4869
4871
4872
4874
4876
4877
4879
4881
4882
4884
4886
4887
4889
4891
4893
4894
4896
4898
4899
4901
4903
4904
4906
4908
4910
4911
4913
4915
4917
4919
4920
4922
4924
4926
4928
4929
4931
4933
4935
4937
4938
4940
4942
4944
4946
4947
4949
4951
4953
4955
4956
4958
4960
4962
4964
4965
4967
4969
4971
4973
4974
4976
4978
4980
4982
4983
4985
4987
4989
4991
4992
4994
4996
4998
5000
5001
5003
5005
5007
5009
5010
5012
5014
5016
5018
5020
5021
5023
5024
5026
5028
5029
5031
5033
5034
5036
5038
5039
5041
5042
5044
5046
5047
5049
5051
5052
5054
5056
5057
5059
5061
5062
5064
5065
5067
5069
5070
5072
5074
5075
5077
5079
5080
5082
5084
5085
5087
5088
5090
5092
5093
5095
5097
5098
5100
5102
5103
5105
5107
5108
5110
5111
5113
5115
5116
5118
5120
5121
5123
5125
5126
5128
5130
5131
5133
5134
5136
5137
5139
5141
5142
5144
5145
5147
5148
5150
5152
5153
5155
5156
5158
5159
5161
5163
5164
5166
5167
5169
5170
5172
5174
5175
5177
5178
5180
5181
5183
5185
5186
5188
5189
5191
5192
5194
5196
5197
5199
5200
5202
5203
5205
5207
5208
5210
5211
5213
5214
5216
5218
5219
5221
5222
5224
5225
5227
5229
5230
5232
5233
5235
5236
5238
5240
5241
5243
5244
5246
5247
5249
5250
5252
5253
5255
5256
5258
5259
5261
5262
5264
5265
5267
5269
5270
5272
5273
5275
5276
5278
5279
5281
5282
5284
5285
5287
5288
5290
5291
5293
5295
5296
5298
5299
5301
5302
5304
5305
5307
5308
5310
5311
5313
5314
5316
5317
5319
5320
5322
5324
5325
5327
5328
5330
5331
5333
5334
5336
5337
5339
5340
5342
5343
5345
5346
5348
5350
5351
5353
5354
5356
5357
5359
5360
5362
5363
5365
5366
5368
5370
5371
5373
5374
5376
5377
5379
5380
5382
5383
5385
5386
5388
5390
5391
5393
5394
5396
5397
5399
5400
5402
5403
5405
5406
5408
5410
5411
5413
5414
5416
5417
5419
5420
5422
5423
5425
5426
5428
5430
5431
5433
5434
5436
5437
5439
5440
5442
5443
5445
5446
5448
5450
5451
5453
5454
5456
5457
5459
5460
5462
5463
5465
5467
5468
5470
5471
5473
5474
5476
5477
5479
5480
5482
5484
5485
5487
5488
5490
5491
5493
5494
5496
5498
5499
5501
5502
5504
5505
5507
5508
5510
5511
5513
5515
5516
5518
5519
5521
5522
5524
5525
5527
5529
5530
5532
5533
5535
5536
5538
5539
5541
5542
5544
5546
5547
5549
5550
5552
5553
5555
5556
5558
5560
5561
5563
5564
5566
5567
5569
5571
5572
5574
5575
5577
5579
5580
5582
5583
5585
5586
5588
5590
5591
5593
5594
5596
5598
5599
5601
5602
5604
5606
5607
5609
5610
5612
5613
5615
5617
5618
5620
5621
5623
5625
5626
5628
5629
5631
5633
5634
5636
5637
5639
5640
5642
5644
5645
5647
5648
5650
5652
5653
5655
5656
5658
5660
5661
5663
5665
5666
5668
5670
5671
5673
5675
5676
5678
5680
5682
5683
5685
5687
5688
5690
5692
5693
5695
5697
5698
5700
5702
5704
5705
5707
5709
5710
5712
5714
5715
5717
5719
5720
5722
5724
5726
5727
5729
5731
5732
5734
5736
5737
5739
5741
5742
5744
5746
5747
5749
5751
5753
5754
5756
5758
5759
5761
5763
5764
5766
5768
5770
5771
5772
5774
5775
5777
5778
5779
5781
5782
5784
5785
5786
5788
5789
5791
5792
5793
5795
5796
5798
5799
5801
5802
5803
5805
5806
5808
5809
5810
5812
5813
5815
5816
5817
5819
5820
5822
5823
5824
5826
5827
5829
5830
5832
5833
5834
5836
5837
5839
5840
5841
5843
5844
5846
5847
5848
5850
5851
5853
5854
5856
5857
5858
5860
5861
5863
5864
5865
5867
5868
5870
5871
5872
5874
5875
5877
5878
5880
5881
5882
5884
5885
5887
5888
5890
5891
5893
5894
5896
5897
5899
5900
5902
5903
5905
5906
5908
5909
5911
5912
5914
5915
5917
5918
5920
5921
5923
5924
5926
5927
5929
5930
5932
5933
5935
5936
5937
5939
5940
5942
5943
5945
5946
5948
5949
5951
5952
5954
5955
5957
5958
5960
5961
5963
5964
5966
5967
5969
5970
5972
5973
5975
5976
5978
5979
5981
5982
5984
5985
5987
5988
5990
5991
5993
5994
5996
5998
5999
6001
6002
6004
6006
6007
6009
6011
6012
6014
6015
6017
6019
6020
6022
6024
6025
6027
6028
6030
6032
6033
6035
6037
6038
6040
6041
6043
6045
6046
6048
6050
6051
6053
6054
6056
6058
6059
6061
6062
6064
6066
6067
6069
6071
6072
6074
6075
6077
6079
6080
6082
6084
6085
6087
6088
6090
6092
6093
6095
6097
6098
6100
6101
6103
6105
6106
6108
6110
6111
6112
6114
6115
6117
6118
6120
6121
6123
6124
6126
6127
6129
6130
6132
6133
6135
6136
6138
6139
6141
6142
6144
6145
6147
6148
6150
6151
6153
6154
6156
6157
6159
6160
6162
6163
6165
6166
6168
6169
6171
6172
6174
6175
6177
6178
6180
6181
6183
6184
6186
6187
6189
6190
6192
6193
6195
6196
6198
6199
6201
6202
6204
6205
6207
6208
6210
6211
6213
6215
6216
6218
6220
6222
6223
6225
6227
6228
6230
6232
6234
6235
6237
6239
6240
6242
6244
6246
6247
6249
6251
6252
6254
6256
6258
6259
6261
6263
6265
6266
6268
6270
6271
6273
6275
6277
6278
6280
6282
6283
6285
6287
6289
6290
6292
6294
6295
6297
6299
6301
6302
6304
6306
6307
6309
6311
6313
6314
6316
6318
6320
6321
6323
6325
6327
6329
6331
6333
6335
6336
6338
6340
6342
6344
6346
6348
6350
6352
6353
6355
6357
6359
6361
6363
6365
6367
6369
6370
6372
6374
6376
6378
6380
6382
6384
6386
6387
6389
6391
6393
6395
6397
6399
6401
6403
6404
6406
6408
6410
6412
6414
6416
6418
6420
6421
6423
6425
6427
6429
6431
6433
6434
6436
6438
6440
6442
6444
6446
6447
6449
6451
6453
6455
6457
6459
6461
6462
6464
6466
6468
6470
6472
6474
6475
6477
6479
6481
6483
6485
6487
6488
6490
6492
6494
6496
6498
6500
6502
6503
6505
6507
6509
6511
6513
6515
6516
6518
6520
6522
6524
6526
6528
6530
6532
6534
6536
6539
6541
6543
6545
6548
6550
6552
6555
6557
6559
6561
6564
6566
6568
6570
6573
6575
6577
6580
6582
6584
6586
6589
6591
6593
6595
6598
6600
6602
6605
6607
6609
6611
6614
6616
6618
6620
6623
6625
6627
6630
6632
6635
6637
6640
6643
6645
6648
6650
6653
6656
6658
6661
6664
6666
6669
6671
6674
6677
6679
6682
6685
6687
6690
6692
6695
6698
6700
6703
6705
6708
6711
6713
6716
6719
6721
6724
6726
6729
6732
6734
6737
6740
6742
6744
6747
6749
6752
6754
6757
6759
6762
6764
6766
6769
6771
6774
6776
6779
6781
6784
6786
6788
6791
6793
6796
6798
6801
6803
6806
6808
6810
6813
6815
6818
6820
6823
6825
6827
6830
6832
6835
6837
6840
6842
6845
6847
6850
6852
6855
6858
6861
6864
6867
6870
6873
6876
6879
6882
6885
6888
6891
6894
6897
6900
6902
6905
6908
6911
6914
6917
6920
6923
6926
6929
6932
6935
6938
6941
6944
6947
6950
6953
6956
6959
6962
6966
6969
6972
6975
6979
6982
6985
6988
6992
6995
6998
7001
7005
7008
7011
7014
7018
7021
7024
7027
7031
7034
7037
7040
7044
7047
7050
7053
7057
7060
7063
7066
7070
7072
7074
7077
7079
7081
7084
7086
7089
7091
7093
7096
7098
7101
7103
7105
7108
7110
7113
7115
7117
7120
7122
7125
7127
7129
7132
7134
7136
7139
7141
7144
7146
7148
7151
7153
7156
7158
7160
7163
7165
7168
7170
7172
7175
7177
7180
7181
7183
7185
7187
7189
7191
7193
7195
7197
7199
7201
7203
7205
7207
7208
7210
7212
7214
7216
7218
7220
7222
7224
7226
7228
7230
7232
7234
7235
7237
7239
7241
7243
7245
7247
7249
7251
7253
7255
7257
7259
7261
7262
7264
7266
7268
7270
7272
7274
7276
7278
7280
7282
7284
7286
7288
7290
7291
7293
7295
7297
7299
7301
7302
7304
7306
7308
7310
7312
7314
7315
7317
7319
7321
7323
7325
7327
7328
7330
7332
7334
7336
7338
7340
7341
7343
7345
7347
7349
7351
7352
7354
7356
7358
7360
7362
7364
7365
7367
7369
7371
7373
7375
7377
7378
7380
7382
7384
7386
7388
7390
7391
7393
7395
7397
7399
7401
7403
7405
7407
7409
7411
7413
7415
7417
7418
7420
7422
7424
7426
7428
7430
7432
7434
7436
7438
7440
7442
7444
7445
7447
7449
7451
7453
7455
7457
7459
7461
7463
7465
7467
7469
7471
7472
7474
7476
7478
7480
7482
7484
7486
7488
7490
7492
7494
7496
7498
7500
7501
7502
7504
7505
7507
7508
7509
7511
7512
7514
7515
7516
7518
7519
7521
7522
7523
7525
7526
7528
7529
7531
7532
7533
7535
7536
7538
7539
7540
7542
7543
7545
7546
7547
7549
7550
7552
7553
7555
7556
7557
7559
7560
7562
7563
7564
7566
7567
7569
7570
7571
7573
7574
7576
7577
7578
7580
7581
7583
7584
7586
7587
7588
7590
7591
7593
7594
7595
7597
7598
7600
7601
7602
7604
7605
7607
7608
7610
7611
7613
7614
7616
7617
7619
7620
7622
7624
7625
7627
7628
7630
7631
7633
7635
7636
7638
7639
7641
7642
7644
7645
7647
7649
7650
7652
7653
7655
7656
7658
7660
7661
7663
7664
7666
7667
7669
7670
7672
7674
7675
7677
7678
7680
7681
7683
7685
7686
7688
7689
7691
7692
7694
7695
7697
7699
7700
7702
7703
7705
7706
7708
7710
7711
7712
7714
7715
7717
7718
7720
7721
7723
7724
7726
7727
7729
7730
7732
7733
7734
7736
7737
7739
7740
7742
7743
7745
7746
7748
7749
7751
7752
7754
7755
7756
7758
7759
7761
7762
7764
7765
7767
7768
7770
7771
7773
7774
7776
7777
7778
7780
7781
7783
7784
7786
7787
7789
7790
7792
7793
7795
7796
7798
7799
7800
7802
7803
7805
7806
7808
7809
7811
7812
7814
7815
7817
7818
7820
7821
7823
7824
7826
7827
7829
7831
7832
7834
7835
7837
7839
7840
7842
7843
7845
7846
7848
7850
7851
7853
7854
7856
7858
7859
7861
7862
7864
7866
7867
7869
7870
7872
7873
7875
7877
7878
7880
7881
7883
7885
7886
7888
7889
7891
7893
7894
7896
7897
7899
7900
7902
7904
7905
7907
7908
7910
7912
7913
7915
7916
7918
7920
7922
7923
7926
7928
7930
7931
7934
7936
7938
7939
7942
7944
7946
7947
7950
7952
7954
7955
7957
7960
7962
7963
7965
7968
7970
7971
7973
7976
7978
7979
7981
7984
7986
7988
7989
7991
7994
7996
7997
7999
8001
8004
8006
8007
8010
8011
8013
8016
8017
8020
8022
8023
8026
8027
8029
8031
8033
8035
8037
8039
8041
8043
8045
8047
8049
8051
8053
8055
8056
8058
8060
8062
8064
8066
8068
8070
8072
8074
8076
8078
8080
8081
8083
8085
8087
8089
8091
8093
8095
8097
8099
8101
8103
8105
8106
8108
8110
8112
8114
8116
8118
8120
8122
8124
8126
8128
8130
8133
8136
8139
8142
8145
8148
8151
8154
8157
8160
8163
8166
8169
8172
8175
8178
8181
8185
8188
8191
8194
8197
8200
8203
8206
8209
8212
8215
8218
8221
8224
8227
8230
8233
8236
8240
8242
8244
8246
8248
8251
8253
8255
8257
8259
8262
8264
8266
8268
8270
8273
8275
8277
8279
8281
8284
8286
8288
8290
8292
8295
8297
8299
8301
8303
8306
8308
8310
8312
8314
8317
8319
8321
8323
8325
8328
8330
8332
8334
8336
8339
8341
8343
8345
8347
8350
8352
8354
8356
8358
8360
8362
8364
8366
8368
8370
8372
8375
8377
8379
8381
8383
8385
8387
8389
8391
8393
8395
8397
8399
8402
8404
8406
8408
8410
8412
8414
8416
8418
8420
8422
8424
8427
8429
8431
8433
8435
8437
8439
8441
8443
8445
8447
8450
8452
8454
8456
8458
8460
8462
8464
8466
8468
8471
8473
8475
8477
8479
8481
8483
8485
8487
8490
8492
8494
8496
8498
8500
8502
8504
8506
8508
8511
8513
8515
8517
8519
8521
8523
8525
8527
8530
8532
8534
8536
8538
8540
8542
8544
8546
8548
8551
8553
8555
8557
8559
8561
8563
8565
8567
8570
8571
8573
8575
8577
8579
8581
8583
8585
8587
8589
8591
8593
8595
8597
8599
8601
8603
8605
8607
8609
8611
8613
8615
8617
8619
8620
8622
8624
8626
8628
8630
8632
8634
8636
8638
8640
8642
8644
8646
8648
8650
8652
8654
8656
8658
8660
8662
8664
8666
8668
8670
8671
8673
8675
8677
8678
8680
8682
8684
8685
8687
8689
8691
8693
8694
8696
8698
8700
8701
8703
8705
8707
8709
8710
8712
8714
8716
8717
8719
8721
8723
8725
8726
8728
8730
8732
8733
8735
8737
8739
8740
8742
8744
8746
8748
8749
8751
8753
8755
8756
8758
8760
8762
8764
8765
8767
8769
8771
8772
8774
8776
8778
8780
8781
8783
8785
8787
8789
8791
8792
8794
8796
8798
8800
8802
8804
8805
8807
8809
8811
8813
8815
8817
8818
8820
8822
8824
8826
8828
8830
8831
8833
8835
8837
8839
8841
8842
8844
8846
8848
8850
8852
8854
8855
8857
8859
8861
8863
8865
8867
8868
8870
8872
8874
8876
8878
8880
8881
8883
8885
8887
8889
8891
8893
8895
8897
8898
8900
8902
8904
8906
8908
8910
8912
8914
8916
8917
8919
8921
8923
8925
8927
8929
8931
8933
8935
8936
8938
8940
8942
8944
8946
8948
8950
8952
8953
8955
8957
8959
8961
8963
8965
8967
8969
8971
8972
8974
8976
8978
8980
8982
8984
8986
8988
8990
8992
8994
8996
8998
9000
9002
9004
9006
9008
9010
9012
9014
9016
9018
9020
9022
9024
9026
9028
9030
9032
9034
9036
9038
9040
9042
9044
9046
9048
9051
9053
9055
9057
9059
9061
9063
9065
9067
9069
9071
9073
9075
9077
9079
9081
9083
9085
9087
9089
9091
9093
9095
9097
9099
9101
9103
9105
9107
9110
9112
9113
9116
9118
9120
9122
9123
9126
9128
9129
9132
9134
9136
9138
9140
9142
9144
9146
9148
9150
9152
9154
9156
9158
9160
9162
9164
9166
9168
9170
9172
9174
9176
9178
9180
9182
9184
9186
9188
9190
9192
9194
9196
9198
9200
9202
9204
9206
9208
9210
9212
9214
9216
9218
9220
9222
9225
9227
9229
9231
9233
9235
9238
9240
9242
9244
9246
9248
9250
9253
9255
9257
9259
9261
9263
9266
9268
9270
9272
9274
9276
9279
9281
9283
9285
9287
9289
9291
9294
9296
9298
9300
9302
9304
9307
9309
9311
9313
9315
9317
9320
9322
9324
9327
9329
9331
9334
9336
9339
9341
9343
9346
9348
9350
9353
9355
9358
9360
9362
9365
9367
9370
9372
9374
9377
9379
9381
9384
9386
9389
9391
9393
9396
9398
9400
9403
9405
9408
9410
9412
9415
9417
9420
9422
9424
9426
9429
9431
9433
9436
9438
9440
9442
9445
9447
9449
9452
9454
9456
9458
9461
9463
9465
9468
9470
9472
9475
9477
9479
9481
9484
9486
9488
9491
9493
9495
9497
9500
9502
9504
9507
9509
9511
9513
9516
9518
9520
9523
9525
9527
9530
9532
9534
9536
9539
9541
9543
9545
9548
9550
9552
9555
9557
9559
9561
9564
9566
9568
9570
9573
9575
9577
9580
9582
9584
9586
9589
9591
9593
9595
9598
9600
9602
9605
9607
9609
9611
9614
9616
9618
9620
9623
9625
9627
9630
9632
9634
9637
9639
9642
9644
9646
9649
9651
9654
9656
9658
9661
9663
9666
9668
9670
9673
9675
9678
9680
9682
9685
9687
9690
9692
9694
9697
9699
9702
9704
9706
9709
9711
9714
9716
9718
9721
9723
9726
9728
9730
9733
9735
9738
9740
9742
9745
9747
9750
9752
9754
9756
9759
9761
9763
9766
9768
9770
9772
9775
9777
9779
9782
9784
9786
9788
9791
9793
9795
9798
9800
9802
9805
9807
9809
9811
9814
9816
9818
9821
9823
9825
9827
9830
9832
9834
9837
9839
9841
9843
9846
9848
9850
9853
9855
9857
9860
9862
9864
9867
9869
9871
9874
9876
9878
9881
9883
9885
9888
9890
9892
9895
9897
9899
9902
9904
9906
9909
9911
9913
9916
9918
9920
9923
9925
9927
9930
9932
9934
9937
9939
9941
9944
9946
9948
9951
9953
9955
9958
9960
9962
9965
9967
9970
9972
9974
9976
9978
9980
9982
9985
9987
9989
9991
9993
9995
9998
10000
10002
10004
10006
10008
10010
10013
10015
10017
10019
10021
10023
10026
10028
10030
10032
10034
10036
10039
10041
10043
10045
10047
10049
10051
10054
10056
10058
10060
10062
10064
10067
10069
10071
10073
10075
10077
10080
10081
10083
10085
10087
10088
10090
10092
10094
10095
10097
10099
10101
10102
10104
10106
10108
10109
10111
10113
10115
10116
10118
10120
10122
10123
10125
10127
10129
10130
10132
10134
10136
10137
10139
10141
10143
10144
10146
10148
10150
10151
10153
10155
10157
10158
10160
10162
10164
10165
10167
10169
10171
10172
10174
10176
10178
10180
10182
10184
10186
10188
10190
10192
10194
10196
10198
10200
10202
10204
10206
10208
10210
10212
10214
10216
10218
10220
10222
10224
10226
10228
10230
10232
10235
10237
10239
10241
10243
10245
10247
10249
10251
10253
10255
10257
10259
10261
10263
10265
10267
10269
10271
10273
10275
10277
10279
10281
10283
10285
10287
10290
10292
10294
10296
10298
10300
10302
10304
10306
10308
10310
10312
10314
10316
10318
10320
10322
10324
10326
10328
10330
10332
10334
10336
10338
10341
10343
10345
10347
10349
10351
10353
10355
10357
10359
10361
10363
10365
10367
10369
10371
10373
10375
10377
10379
10381
10383
10385
10387
10390
10392
10394
10396
10398
10401
10403
10405
10407
10409
10412
10414
10416
10418
10420
10423
10425
10427
10429
10431
10434
10436
10438
10440
10442
10445
10447
10449
10451
10453
10456
10458
10460
10462
10464
10467
10469
10471
10473
10475
10478
10480
10482
10484
10486
10489
10491
10493
10495
10497
10500
10501
10503
10505
10507
10509
10511
10513
10515
10517
10519
10521
10523
10525
10527
10529
10531
10533
10535
10537
10539
10541
10543
10545
10547
10549
10551
10553
10555
10556
10558
10560
10562
10564
10566
10568
10570
10572
10574
10576
10578
10580
10582
10584
10586
10588
10590
10592
10594
10596
10598
10600
10602
10604
10606
10608
10610
10613
10616
10619
10622
10625
10628
10631
10634
10637
10640
10643
10646
10649
10652
10655
10658
10661
10664
10667
10670
10673
10676
10679
10682
10685
10688
10691
10694
10697
10700
10703
10706
10710
10712
10714
10717
10719
10721
10724
10726
10729
10731
10733
10736
10738
10741
10743
10745
10748
10750
10753
10755
10757
10760
10762
10765
10767
10769
10772
10774
10776
10779
10781
10784
10786
10788
10791
10793
10796
10798
10800
10803
10805
10808
10810
10812
10815
10817
10820
10822
10825
10827
10830
10833
10835
10838
10840
10843
10846
10848
10851
10854
10856
10859
10861
10864
10867
10869
10872
10875
10877
10880
10882
10885
10888
10890
10893
10895
10898
10901
10903
10906
10909
10911
10914
10916
10919
10922
10924
10927
10930
10932
10934
10936
10938
10941
10943
10945
10947
10950
10952
10954
10956
10959
10961
10963
10965
10968
10970
10972
10974
10977
10979
10981
10983
10986
10988
10990
10992
10995
10997
10999
11001
11004
11006
11008
11010
11013
11015
11017
11019
11022
11024
11026
11028
11031
11033
11035
11037
11040
11042
11044
11046
11048
11050
11052
11054
11056
11058
11060
11062
11064
11066
11068
11070
11072
11074
11076
11078
11080
11082
11084
11086
11088
11091
11093
11095
11097
11099
11101
11103
11105
11107
11109
11111
11113
11115
11117
11119
11121
11123
11125
11127
11129
11131
11133
11135
11137
11140
11142
11145
11147
11150
11153
11155
11158
11160
11163
11166
11168
11171
11174
11176
11179
11181
11184
11187
11189
11192
11195
11197
11200
11202
11205
11208
11210
11213
11215
11218
11221
11223
11226
11229
11231
11234
11236
11239
11242
11244
11247
11250
11252
11255
11257
11260
11263
11265
11268
11270
11273
11276
11278
11281
11284
11286
11289
11291
11294
11297
11299
11302
11305
11307
11310
11312
11315
11318
11320
11323
11325
11328
11331
11333
11336
11339
11341
11344
11346
11349
11352
11354
11357
11360
11362
11365
11368
11371
11374
11377
11380
11383
11386
11389
11392
11395
11398
11401
11404
11407
11410
11412
11415
11418
11421
11424
11427
11430
11433
11436
11439
11442
11445
11448
11451
11454
11457
11460
11462
11465
11467
11470
11472
11475
11477
11480
11483
11485
11488
11490
11493
11495
11498
11500
11503
11506
11508
11511
11513
11516
11518
11521
11523
11526
11529
11531
11534
11536
11539
11541
11544
11546
11549
11552
11554
11557
11559
11562
11564
11567
11570
11572
11574
11577
11579
11581
11584
11586
11589
11591
11593
11596
11598
11600
11603
11605
11608
11610
11612
11615
11617
11620
11622
11624
11627
11629
11631
11634
11636
11639
11641
11643
11646
11648
11650
11653
11655
11658
11660
11662
11665
11667
11670
11672
11674
11677
11679
11681
11684
11686
11688
11691
11693
11695
11698
11700
11702
11705
11707
11709
11712
11714
11716
11719
11721
11723
11726
11728
11730
11733
11735
11737
11740
11742
11744
11747
11749
11751
11754
11756
11758
11761
11763
11765
11768
11770
11772
11775
11777
11780
11782
11784
11786
11788
11790
11792
11794
11796
11798
11800
11802
11805
11807
11809
11811
11813
11815
11817
11819
11821
11823
11825
11827
11830
11832
11834
11836
11838
11840
11842
11844
11846
11848
11850
11852
11855
11857
11859
11861
11863
11865
11867
11869
11871
11873
11875
11877
11880
11882
11884
11886
11888
11891
11893
11895
11897
11899
11902
11904
11906
11908
11910
11913
11915
11917
11919
11921
11924
11926
11928
11930
11932
11935
11937
11939
11941
11943
11946
11948
11950
11952
11954
11957
11959
11961
11963
11965
11968
11970
11972
11974
11976
11979
11981
11983
11985
11987
11990
11992
11994
11996
11998
12001
12003
12005
12007
12010
12012
12014
12016
12019
12021
12023
12025
12028
12030
12032
12034
12037
12039
12041
12043
12046
12048
12050
12052
12055
12057
12059
12061
12064
12066
12068
12070
12073
12075
12077
12079
12082
12084
12086
12088
12091
12093
12095
12097
12100
12102
12104
12106
12109
12111
12113
12116
12118
12120
12123
12125
12127
12130
12132
12134
12137
12139
12141
12144
12146
12148
12151
12153
12155
12158
12160
12162
12165
12167
12169
12172
12174
12176
12179
12181
12183
12186
12188
12190
12193
12195
12197
12200
12202
12205
12208
12210
12213
12216
12219
12222
12224
12227
12230
12233
12235
12238
12241
12244
12246
12249
12252
12254
12257
12260
12263
12266
12268
12271
12274
12277
12279
12282
12285
12288
12290
12293
12296
12299
12301
12304
12307
12310
12312
12314
12316
12318
12320
12323
12325
12327
12329
12331
12333
12336
12338
12340
12342
12344
12346
12349
12351
12353
12355
12357
12360
12362
12364
12366
12368
12370
12373
12375
12377
12379
12381
12383
12386
12388
12390
12392
12394
12396
12399
12401
12403
12405
12407
12410
12411
12413
12414
12416
12418
12419
12421
12422
12424
12426
12427
12429
12431
12432
12434
12435
12437
12439
12440
12442
12443
12445
12447
12448
12450
12452
12453
12455
12456
12458
12460
12461
12463
12465
12466
12468
12469
12471
12473
12474
12476
12477
12479
12481
12482
12484
12486
12487
12489
12490
12492
12494
12495
12497
12498
12500
12502
12503
12505
12507
12508
12510
12511
12513
12515
12516
12518
12520
12521
12523
12525
12526
12528
12530
12532
12533
12535
12537
12538
12540
12542
12544
12545
12547
12549
12550
12552
12554
12556
12557
12559
12561
12562
12564
12566
12568
12569
12571
12573
12575
12576
12578
12580
12581
12583
12585
12587
12588
12590
12592
12593
12595
12597
12599
12600
12602
12604
12605
12607
12609
12611
12612
12614
12616
12617
12619
12621
12623
12624
12626
12628
12630
12631
12633
12635
12637
12639
12640
12642
12644
12646
12648
12649
12651
12653
12655
12657
12658
12660
12662
12664
12666
12667
12669
12671
12673
12675
12676
12678
12680
12682
12684
12685
12687
12689
12691
12693
12694
12696
12698
12700
12702
12703
12705
12707
12709
12711
12712
12714
12716
12718
12720
12721
12723
12725
12727
12729
12730
12732
12734
12736
12738
12740
12742
12744
12746
12748
12750
12752
12754
12756
12758
12760
12762
12764
12766
12768
12770
12772
12774
12776
12778
12780
12782
12784
12786
12788
12790
12792
12794
12796
12798
12800
12802
12804
12806
12808
12810
12812
12814
12815
12818
12820
12822
12824
12826
12828
12830
12831
12834
12836
12838
12840
12842
12844
12846
12847
12850
12851
12853
12854
12856
12857
12859
12861
12862
12864
12865
12867
12869
12870
12872
12873
12875
12876
12878
12880
12881
12883
12884
12886
12888
12889
12891
12892
12894
12896
12897
12899
12900
12902
12903
12905
12907
12908
12910
12911
12913
12915
12916
12918
12919
12921
12923
12924
12926
12927
12929
12930
12932
12934
12935
12937
12938
12940
12942
12943
12945
12946
12948
12950
12951
12953
12954
12956
12957
12959
12960
12962
12963
12965
12966
12968
12969
12971
12972
12974
12975
12977
12978
12980
12981
12983
12984
12986
12987
12989
12990
12992
12993
12995
12996
12998
12999
13001
13002
13004
13005
13007
13008
13010
13011
13013
13014
13016
13017
13019
13020
13022
13023
13025
13026
13028
13029
13031
13032
13034
13035
13037
13038
13040
13041
13043
13044
13046
13047
13049
13050
13052
13053
13055
13056
13058
13060
13061
13063
13065
13066
13068
13070
13071
13073
13075
13076
13078
13080
13082
13083
13085
13087
13088
13090
13092
13093
13095
13097
13098
13100
13102
13104
13105
13107
13109
13110
13112
13114
13115
13117
13119
13121
13122
13124
13126
13127
13129
13131
13132
13134
13136
13137
13139
13141
13143
13144
13146
13148
13149
13151
13153
13154
13156
13158
13160
13161
13163
13165
13167
13169
13171
13173
13175
13177
13179
13181
13183
13185
13187
13189
13191
13193
13195
13197
13199
13201
13203
13205
13207
13209
13211
13213
13215
13216
13218
13220
13222
13224
13226
13228
13230
13232
13234
13236
13238
13240
13242
13244
13246
13248
13250
13252
13254
13256
13258
13260
13262
13264
13266
13268
13270
13271
13273
13275
13277
13279
13280
13282
13284
13286
13288
13290
13291
13293
13295
13297
13299
13300
13302
13304
13306
13308
13310
13311
13313
13315
13317
13319
13320
13322
13324
13326
13328
13330
13331
13333
13335
13337
13339
13340
13342
13344
13346
13348
13350
13351
13353
13355
13357
13359
13360
13362
13364
13366
13368
13370
13371
13373
13375
13377
13379
13380
13382
13384
13386
13388
13390
13391
13393
13395
13397
13399
13400
13402
13404
13406
13408
13410
13411
13413
13415
13417
13419
13420
13422
13424
13426
13428
13430
13431
13433
13435
13437
13439
13440
13442
13444
13446
13448
13450
13451
13453
13455
13457
13459
13460
13462
13464
13466
13468
13470
13471
13473
13475
13477
13479
13480
13482
13484
13486
13488
13490
13491
13493
13495
13497
13499
13500
13502
13504
13506
13508
13510
13511
13513
13515
13516
13518
13520
13521
13523
13525
13526
13528
13530
13531
13533
13535
13536
13538
13540
13541
13543
13545
13546
13548
13549
13551
13553
13555
13556
13558
13559
13561
13563
13565
13566
13568
13570
13571
13573
13575
13576
13578
13580
13581
13583
13584
13586
13588
13590
13591
13593
13594
13596
13598
13600
13601
13603
13604
13606
13608
13610
13611
13613
13614
13616
13618
13620
13621
13623
13625
13627
13629
13631
13632
13634
13636
13638
13640
13642
13644
13645
13647
13649
13651
13653
13655
13657
13658
13660
13662
13664
13666
13668
13670
13671
13673
13675
13677
13679
13681
13682
13684
13686
13688
13690
13692
13694
13695
13697
13699
13701
13703
13705
13707
13708
13710
13712
13714
13716
13718
13720
13721
13723
13725
13726
13728
13730
13732
13733
13735
13737
13739
13740
13742
13744
13746
13747
13749
13751
13753
13754
13756
13758
13760
13761
13763
13765
13767
13768
13770
13772
13774
13775
13777
13779
13781
13782
13784
13786
13788
13789
13791
13793
13795
13796
13798
13800
13802
13803
13805
13807
13809
13810
13812
13814
13816
13817
13819
13821
13823
13824
13826
13828
13830
13832
13834
13836
13838
13840
13842
13844
13846
13848
13850
13852
13855
13857
13859
13861
13863
13865
13867
13869
13871
13873
13875
13877
13879
13882
13884
13886
13888
13890
13892
13894
13896
13898
13900
13902
13905
13907
13909
13911
13913
13915
13917
13919
13921
13923
13925
13927
13930
13931
13933
13934
13936
13937
13939
13941
13942
13944
13945
13947
13949
13950
13952
13953
13955
13957
13958
13960
13961
13963
13965
13966
13968
13969
13971
13973
13974
13976
13977
13979
13981
13982
13984
13985
13987
13988
13990
13992
13993
13995
13996
13998
14000
14001
14003
14004
14006
14008
14009
14011
14012
14014
14016
14017
14019
14020
14022
14024
14025
14027
14028
14030
14032
14033
14035
14036
14038
14040
14041
14043
14044
14046
14047
14049
14050
14052
14054
14055
14057
14058
14060
14061
14063
14065
14066
14068
14069
14071
14072
14074
14075
14077
14079
14080
14082
14083
14085
14086
14088
14090
14091
14093
14094
14096
14097
14099
14100
14102
14104
14105
14107
14108
14110
14111
14113
14115
14116
14118
14119
14121
14122
14124
14125
14127
14129
14130
14132
14133
14135
14136
14138
14140
14141
14143
14145
14146
14148
14150
14152
14153
14155
14157
14158
14160
14162
14164
14165
14167
14169
14170
14172
14174
14176
14177
14179
14181
14182
14184
14186
14188
14189
14191
14193
14195
14196
14198
14200
14201
14203
14205
14207
14208
14210
14212
14213
14215
14217
14219
14220
14222
14224
14225
14227
14229
14231
14232
14234
14236
14237
14239
14241
14243
14244
14246
14248
14250
14251
14253
14255
14256
14258
14260
14261
14263
14265
14266
14268
14270
14272
14273
14275
14277
14278
14280
14282
14283
14285
14287
14288
14290
14292
14294
14295
14297
14299
14300
14302
14304
14305
14307
14309
14310
14312
14314
14315
14317
14319
14321
14322
14324
14326
14327
14329
14331
14332
14334
14336
14338
14339
14341
14343
14344
14346
14348
14349
14351
14353
14354
14356
14358
14360
14361
14363
14364
14366
14368
14369
14371
14373
14374
14376
14378
14379
14381
14382
14384
14386
14387
14389
14391
14392
14394
14396
14397
14399
14400
14402
14404
14405
14407
14409
14410
14412
14414
14415
14417
14419
14420
14422
14423
14425
14427
14428
14430
14432
14433
14435
14437
14438
14440
14441
14443
14445
14446
14448
14450
14451
14453
14455
14456
14458
14460
14461
14463
14464
14466
14468
14469
14471
14472
14474
14476
14477
14479
14481
14482
14484
14485
14487
14489
14490
14492
14493
14495
14497
14498
14500
14502
14503
14505
14506
14508
14510
14511
14513
14515
14516
14518
14519
14521
14523
14524
14526
14527
14529
14531
14532
14534
14536
14537
14539
14540
14542
14544
14545
14547
14548
14550
14552
14553
14555
14557
14558
14560
14561
14563
14565
14566
14568
14570
14571
14573
14575
14577
14578
14580
14582
14584
14585
14587
14589
14591
14592
14594
14596
14598
14599
14601
14603
14605
14606
14608
14610
14612
14613
14615
14617
14619
14620
14622
14624
14626
14627
14629
14631
14633
14634
14636
14638
14640
14641
14643
14645
14647
14648
14650
14652
14654
14655
14657
14659
14661
14662
14664
14666
14668
14670
14671
14673
14675
14677
14679
14680
14682
14684
14686
14688
14689
14691
14693
14695
14697
14698
14700
14702
14704
14706
14707
14709
14711
14713
14715
14716
14718
14720
14722
14724
14725
14727
14729
14731
14733
14734
14736
14738
14740
14742
14743
14745
14747
14749
14751
14752
14754
14756
14758
14760
14761
14763
14765
14767
14769
14770
14772
14774
14776
14778
14780
14781
14783
14785
14787
14788
14790
14792
14794
14795
14797
14799
14801
14802
14804
14806
14808
14809
14811
14813
14815
14816
14818
14820
14822
14823
14825
14827
14829
14830
14832
14834
14836
14837
14839
14841
14843
14844
14846
14848
14850
14851
14853
14855
14857
14858
14860
14862
14864
14865
14867
14869
14871
14872
14874
14876
14878
14880
14881
14883
14885
14887
14889
14891
14893
14894
14896
14898
14900
14902
14904
14906
14907
14909
14911
14913
14915
14917
14919
14921
14922
14924
14926
14928
14930
14932
14934
14935
14937
14939
14941
14943
14945
14947
14948
14950
14952
14954
14956
14958
14960
14962
14963
14965
14967
14969
14971
14973
14975
14976
14978
14980
14982
14984
14986
14988
14990
14992
14994
14996
14998
15000
15002
15004
15006
15008
15010
15012
15014
15016
15018
15020
15022
15024
15026
15028
15030
15032
15034
15036
15038
15040
15042
15045
15047
15049
15051
15053
15055
15057
15059
15061
15063
15065
15067
15069
15071
15073
15075
15077
15079
15081
15083
15085
15087
15089
15091
15093
15095
15097
15100
15101
15103
15104
15106
15108
15109
15111
15113
15114
15116
15118
15119
15121
15122
15124
15126
15127
15129
15131
15132
15134
15136
15137
15139
15140
15142
15144
15145
15147
15149
15150
15152
15154
15155
15157
15159
15160
15162
15163
15165
15167
15168
15170
15172
15173
15175
15177
15178
15180
15181
15183
15185
15186
15188
15190
15191
15193
15195
15196
15198
15200
15201
15203
15204
15206
15208
15209
15211
15212
15214
15216
15217
15219
15221
15222
15224
15225
15227
15229
15230
15232
15233
15235
15237
15238
15240
15242
15243
15245
15246
15248
15250
15251
15253
15254
15256
15258
15259
15261
15263
15264
15266
15267
15269
15271
15272
15274
15276
15277
15279
15280
15282
15284
15285
15287
15288
15290
15292
15293
15295
15297
15298
15300
15301
15303
15305
15306
15308
15310
15312
15314
15316
15318
15320
15323
15325
15327
15329
15331
15333
15336
15338
15340
15342
15344
15346
15349
15351
15353
15355
15357
15360
15362
15364
15366
15368
15370
15373
15375
15377
15379
15381
15383
15386
15388
15390
15392
15394
15396
15399
15401
15403
15405
15407
15410
15411
15413
15415
15416
15418
15420
15421
15423
15425
15426
15428
15430
15432
15433
15435
15437
15438
15440
15442
15443
15445
15447
15448
15450
15452
15454
15455
15457
15459
15460
15462
15464
15465
15467
15469
15470
15472
15474
15476
15477
15479
15481
15482
15484
15486
15487
15489
15491
15492
15494
15496
15498
15499
15501
15503
15504
15506
15508
15509
15511
15513
15514
15516
15518
15520
15521
15523
15524
15526
15528
15529
15531
15533
15534
15536
15538
15539
15541
15542
15544
15546
15547
15549
15551
15552
15554
15556
15557
15559
15561
15562
15564
15565
15567
15569
15570
15572
15574
15575
15577
15579
15580
15582
15584
15585
15587
15588
15590
15592
15593
15595
15597
15598
15600
15602
15603
15605
15607
15608
15610
15611
15613
15615
15616
15618
15620
15621
15623
15625
15626
15628
15630
15631
15633
15635
15637
15639
15641
15643
15645
15647
15649
15651
15653
15655
15657
15658
15660
15662
15664
15666
15668
15670
15672
15674
15676
15678
15680
15682
15684
15685
15687
15689
15691
15693
15695
15697
15699
15701
15703
15705
15707
15709
15711
15712
15714
15716
15718
15720
15722
15724
15726
15728
15730
15732
15734
15736
15738
15740
15741
15743
15744
15746
15747
15749
15751
15752
15754
15755
15757
15759
15760
15762
15763
15765
15767
15768
15770
15771
15773
15775
15776
15778
15779
15781
15783
15784
15786
15787
15789
15791
15792
15794
15795
15797
15798
15800
15802
15803
15805
15806
15808
15810
15811
15813
15814
15816
15818
15819
15821
15822
15824
15826
15827
15829
15830
15832
15834
15835
15837
15838
15840
15842
15843
15845
15846
15848
15850
15851
15853
15855
15857
15858
15860
15862
15864
15866
15867
15869
15871
15873
15875
15876
15878
15880
15882
15883
15885
15887
15889
15891
15892
15894
15896
15898
15899
15901
15903
15905
15907
15908
15910
15912
15914
15916
15917
15919
15921
15923
15924
15926
15928
15930
15932
15933
15935
15937
15939
15941
15942
15944
15946
15948
15950
15951
15953
15955
15956
15958
15960
15961
15963
15965
15966
15968
15970
15972
15973
15975
15977
15978
15980
15982
15983
15985
15987
15988
15990
15992
15994
15995
15997
15999
16000
16002
16004
16005
16007
16009
16010
16012
16014
16015
16017
16019
16021
16022
16024
16026
16027
16029
16031
16032
16034
16036
16038
16039
16041
16043
16044
16046
16048
16049
16051
16053
16054
16056
16058
16059
16061
16063
16065
16067
16069
16071
16072
16074
16076
16078
16080
16082
16084
16085
16087
16089
16091
16093
16095
16097
16098
16100
16102
16104
16106
16108
16110
16111
16113
16115
16117
16119
16121
16122
16124
16126
16128
16130
16132
16134
16135
16137
16139
16141
16143
16145
16147
16148
16150
16152
16154
16156
16158
16160
16161
16163
16165
16166
16168
16170
16172
16173
16175
16177
16179
16180
16182
16184
16186
16187
16189
16191
16193
16194
16196
16198
16200
16201
16203
16205
16207
16208
16210
16212
16214
16215
16217
16219
16221
16222
16224
16226
16228
16229
16231
16233
16235
16236
16238
16240
16242
16243
16245
16247
16249
16250
16252
16254
16256
16257
16259
16261
16263
16264
16266
16268
16270
16271
16273
16274
16276
16278
16279
16281
16282
16284
16286
16287
16289
16291
16292
16294
16295
16297
16299
16300
16302
16303
16305
16307
16308
16310
16312
16313
16315
16316
16318
16320
16321
16323
16325
16326
16328
16329
16331
16333
16334
16336
16337
16339
16341
16342
16344
16346
16347
16349
16350
16352
16354
16355
16357
16358
16360
16362
16363
16365
16367
16368
16370
16371
16373
16375
16376
16378
16379
16381
16383
16385
16387
16389
16391
16393
16395
16397
16399
16401
16403
16405
16407
16408
16410
16412
16414
16416
16418
16420
16422
16424
16426
16428
16430
16432
16434
16435
16437
16439
16441
16443
16445
16447
16449
16451
16453
16455
16457
16459
16461
16462
16464
16466
16468
16470
16472
16474
16476
16478
16480
16482
16484
16486
16488
16490
16491
16493
16495
16496
16498
16500
16501
16503
16505
16506
16508
16510
16512
16513
16515
16517
16518
16520
16522
16523
16525
16527
16528
16530
16532
16534
16535
16537
16539
16540
16542
16544
16545
16547
16549
16550
16552
16554
16556
16557
16559
16561
16562
16564
16566
16567
16569
16571
16572
16574
16576
16578
16579
16581
16583
16584
16586
16588
16589
16591
16593
16594
16596
16598
16600
16601
16603
16605
16607
16609
16611
16613
16615
16617
16619
16621
16623
16625
16627
16629
16631
16633
16635
16637
16639
16641
16643
16645
16647
16649
16651
16653
16655
16656
16658
16660
16662
16664
16666
16668
16670
16672
16674
16676
16678
16680
16682
16684
16686
16688
16690
16692
16694
16696
16698
16700
16702
16704
16706
16708
16710
16711
16713
16715
16717
16719
16721
16722
16724
16726
16728
16730
16732
16733
16735
16737
16739
16741
16743
16744
16746
16748
16750
16752
16754
16755
16757
16759
16761
16763
16765
16766
16768
16770
16772
16774
16776
16777
16779
16781
16783
16785
16787
16788
16790
16792
16794
16796
16798
16799
16801
16803
16805
16807
16809
16810
16812
16814
16816
16818
16820
16822
16824
16826
16828
16830
16832
16834
16836
16838
16840
16842
16844
16846
16848
16850
16852
16854
16856
16858
16860
16862
16864
16866
16868
16870
16872
16874
16876
16878
16880
16882
16884
16886
16888
16890
16892
16894
16896
16898
16900
16902
16904
16906
16908
16910
16912
16914
16916
16918
16919
16922
16924
16926
16928
16930
16931
16933
16935
16937
16939
16941
16943
16945
16947
16949
16951
16953
16955
16957
16958
16960
16962
16964
16966
16968
16970
16972
16974
16976
16978
16980
16982
16984
16985
16987
16989
16991
16993
16995
16997
16999
17001
17003
17005
17007
17009
17011
17012
17014
17016
17018
17020
17022
17024
17026
17028
17030
17032
17034
17036
17038
17040
17042
17044
17046
17048
17051
17053
17055
17057
17060
17062
17064
17066
17068
17071
17073
17075
17077
17080
17082
17084
17086
17088
17091
17093
17095
17097
17100
17102
17104
17106
17108
17111
17113
17115
17117
17120
17122
17124
17126
17128
17131
17133
17135
17137
17140
17141
17143
17145
17147
17148
17150
17152
17154
17155
17157
17159
17161
17163
17164
17166
17168
17170
17171
17173
17175
17177
17179
17180
17182
17184
17186
17187
17189
17191
17193
17195
17196
17198
17200
17202
17203
17205
17207
17209
17210
17212
17214
17216
17218
17219
17221
17223
17225
17226
17228
17230
17232
17234
17235
17237
17239
17241
17242
17244
17246
17248
17250
17251
17253
17255
17257
17259
17261
17263
17265
17267
17268
17270
17272
17274
17276
17278
17280
17282
17284
17286
17287
17289
17291
17293
17295
17297
17299
17301
17303
17305
17306
17308
17310
17312
17314
17316
17318
17320
17322
17323
17325
17327
17329
17331
17333
17335
17337
17339
17341
17342
17344
17346
17348
17350
17352
17354
17356
17358
17360
17361
17363
17365
17366
17368
17370
17371
17373
17375
17376
17378
17380
17382
17383
17385
17387
17388
17390
17392
17393
17395
17397
17398
17400
17402
17404
17405
17407
17409
17410
17412
17414
17415
17417
17419
17421
17422
17424
17426
17427
17429
17431
17432
17434
17436
17437
17439
17441
17443
17444
17446
17448
17449
17451
17453
17454
17456
17458
17460
17461
17463
17465
17467
17469
17471
17472
17474
17476
17478
17480
17482
17483
17485
17487
17489
17491
17493
17494
17496
17498
17500
17502
17504
17505
17507
17509
17511
17513
17515
17516
17518
17520
17522
17524
17526
17527
17529
17531
17533
17535
17537
17538
17540
17542
17544
17546
17548
17549
17551
17553
17555
17557
17559
17560
17562
17564
17566
17568
17570
17571
17573
17574
17576
17577
17579
17580
17582
17584
17585
17587
17588
17590
17591
17593
17595
17596
17598
17599
17601
17602
17604
17605
17607
17609
17610
17612
17613
17615
17616
17618
17620
17621
17623
17624
17626
17627
17629
17630
17632
17634
17635
17637
17638
17640
17641
17643
17645
17646
17648
17649
17651
17652
17654
17655
17657
17659
17660
17662
17663
17665
17666
17668
17670
17672
17674
17676
17678
17680
17682
17685
17687
17689
17691
17693
17695
17698
17700
17702
17704
17706
17708
17710
17713
17715
17717
17719
17721
17723
17726
17728
17730
17732
17734
17736
17739
17741
17743
17745
17747
17749
17751
17754
17756
17758
17760
17762
17764
17767
17769
17771
17773
17775
17777
17780
17781
17783
17785
17787
17789
17791
17793
17795
17797
17799
17801
17803
17805
17806
17808
17810
17812
17814
17816
17818
17820
17822
17824
17826
17828
17830
17831
17833
17835
17837
17839
17841
17843
17845
17847
17849
17851
17853
17855
17856
17858
17860
17862
17864
17866
17868
17870
17872
17874
17876
17878
17880
17882
17884
17887
17889
17891
17894
17896
17898
17901
17903
17905
17908
17910
17912
17915
17917
17919
17922
17924
17926
17929
17931
17933
17936
17938
17940
17943
17945
17947
17950
17952
17954
17957
17959
17961
17964
17966
17968
17971
17973
17975
17978
17980
17982
17985
17987
17990
17991
17993
17995
17997
17999
18001
18003
18005
18007
18009
18011
18013
18015
18017
18019
18021
18023
18025
18027
18029
18031
18033
18035
18037
18039
18041
18043
18045
18046
18048
18050
18052
18054
18056
18058
18060
18062
18064
18066
18068
18070
18072
18074
18076
18078
18080
18082
18084
18086
18088
18090
18092
18094
18096
18098
18100
18102
18104
18106
18108
18110
18112
18114
18116
18118
18120
18122
18125
18127
18129
18131
18133
18135
18137
18139
18141
18143
18145
18147
18150
18152
18154
18156
18158
18160
18162
18164
18166
18168
18170
18172
18175
18177
18179
18181
18183
18185
18187
18189
18191
18193
18195
18197
18200
18201
18203
18205
18207
18209
18210
18212
18214
18216
18218
18219
18221
18223
18225
18227
18228
18230
18232
18234
18236
18237
18239
18241
18243
18245
18246
18248
18250
18252
18254
18255
18257
18259
18261
18263
18264
18266
18268
18270
18272
18273
18275
18277
18279
18281
18282
18284
18286
18288
18290
18291
18293
18295
18297
18299
18300
18302
18304
18306
18308
18310
18312
18315
18318
18321
18324
18327
18330
18333
18336
18339
18342
18345
18348
18351
18354
18357
18360
18362
18365
18368
18371
18374
18377
18380
18383
18386
18389
18392
18395
18398
18401
18404
18407
18410
18411
18413
18415
18417
18419
18421
18422
18424
18426
18428
18430
18432
18433
18435
18437
18439
18441
18443
18444
18446
18448
18450
18452
18454
18455
18457
18459
18461
18463
18465
18466
18468
18470
18472
18474
18476
18477
18479
18481
18483
18485
18487
18488
18490
18492
18494
18496
18498
18499
18501
18503
18505
18507
18509
18510
18512
18514
18516
18518
18520
18521
18523
18525
18527
18529
18531
18533
18534
18536
18538
18540
18542
18544
18546
18547
18549
18551
18553
18555
18557
18559
18561
18562
18564
18566
18568
18570
18572
18574
18575
18577
18579
18581
18583
18585
18587
18588
18590
18592
18594
18596
18598
18600
18602
18603
18605
18607
18609
18611
18613
18615
18616
18618
18620
18622
18624
18626
18628
18630
18631
18633
18635
18636
18638
18640
18642
18643
18645
18647
18649
18650
18652
18654
18656
18657
18659
18661
18663
18664
18666
18668
18670
18671
18673
18675
18677
18678
18680
18682
18684
18685
18687
18689
18691
18692
18694
18696
18698
18699
18701
18703
18705
18706
18708
18710
18712
18713
18715
18717
18719
18720
18722
18724
18726
18727
18729
18731
18733
18734
18736
18738
18740
18741
18744
18746
18747
18750
18752
18753
18756
18758
18759
18762
18764
18766
18768
18770
18772
18774
18776
18778
18780
18782
18784
18786
18788
18790
18792
18794
18796
18798
18800
18802
18804
18806
18808
18810
18812
18814
18816
18818
18820
18822
18824
18826
18828
18830
18832
18834
18836
18838
18840
18842
18844
18846
18848
18850
18851
18853
18855
18856
18858
18860
18862
18863
18865
18867
18868
18870
18872
18874
18875
18877
18879
18881
18882
18884
18886
18887
18889
18891
18893
18894
18896
18898
18900
18901
18903
18905
18906
18908
18910
18912
18913
18915
18917
18918
18920
18922
18924
18925
18927
18929
18931
18932
18934
18936
18937
18939
18941
18943
18944
18946
18948
18950
18951
18953
18955
18957
18959
18961
18962
18964
18966
18968
18970
18971
18973
18975
18977
18979
18981
18983
18984
18986
18988
18990
18992
18994
18995
18997
18999
19001
19003
19005
19006
19008
19010
19012
19014
19016
19017
19019
19021
19023
19025
19026
19028
19030
19032
19034
19036
19038
19039
19041
19043
19045
19047
19049
19050
19052
19054
19056
19058
19060
19061
19063
19065
19067
19069
19070
19072
19074
19076
19078
19080
19081
19083
19085
19087
19089
19090
19092
19094
19096
19098
19099
19101
19103
19105
19107
19109
19110
19112
19114
19116
19118
19120
19121
19123
19125
19127
19129
19130
19132
19134
19136
19138
19140
19141
19143
19145
19147
19149
19150
19152
19154
19156
19158
19160
19161
19163
19164
19166
19167
19169
19171
19172
19174
19175
19177
19178
19180
19182
19183
19185
19186
19188
19189
19191
19193
19194
19196
19197
19199
19200
19202
19204
19205
19207
19208
19210
19211
19213
19215
19216
19218
19219
19221
19222
19224
19226
19227
19229
19230
19232
19233
19235
19237
19238
19240
19241
19243
19244
19246
19248
19249
19251
19252
19254
19255
19257
19259
19260
19262
19263
19265
19266
19268
19270
19271
19273
19274
19276
19278
19279
19281
19283
19284
19286
19288
19289
19291
19292
19294
19296
19297
19299
19301
19302
19304
19306
19307
19309
19311
19312
19314
19315
19317
19319
19320
19322
19324
19325
19327
19329
19330
19332
19334
19335
19337
19338
19340
19342
19343
19345
19347
19348
19350
19352
19353
19355
19357
19358
19360
19361
19363
19365
19366
19368
19370
19371
19373
19375
19376
19378
19380
19381
19383
19385
19386
19388
19390
19392
19393
19395
19397
19398
19400
19402
19404
19405
19407
19409
19410
19412
19414
19416
19417
19419
19421
19422
19424
19426
19428
19429
19431
19433
19435
19436
19438
19440
19441
19443
19445
19447
19448
19450
19452
19453
19455
19457
19459
19460
19462
19464
19465
19467
19469
19471
19472
19474
19476
19477
19479
19481
19483
19484
19486
19488
19490
19491
19493
19494
19496
19497
19499
19500
19502
19503
19505
19506
19508
19509
19511
19512
19514
19515
19517
19519
19520
19522
19523
19525
19526
19528
19529
19531
19532
19534
19535
19537
19538
19540
19541
19543
19545
19546
19548
19549
19551
19552
19554
19555
19557
19558
19560
19561
19563
19564
19566
19567
19569
19570
19572
19574
19575
19577
19578
19580
19581
19583
19584
19586
19587
19589
19590
19592
19593
19595
19596
19598
19600
19601
19603
19605
19606
19608
19610
19612
19613
19615
19617
19618
19620
19622
19624
19625
19627
19629
19631
19632
19634
19636
19637
19639
19641
19643
19644
19646
19648
19650
19651
19653
19655
19656
19658
19660
19662
19663
19665
19667
19668
19670
19672
19674
19675
19677
19679
19681
19682
19684
19686
19687
19689
19691
19693
19694
19696
19698
19700
19701
19703
19704
19706
19708
19709
19711
19713
19714
19716
19718
19719
19721
19722
19724
19726
19727
19729
19731
19732
19734
19736
19737
19739
19741
19742
19744
19745
19747
19749
19750
19752
19754
19755
19757
19759
19760
19762
19764
19765
19767
19768
19770
19772
19773
19775
19777
19778
19780
19782
19783
19785
19787
19788
19790
19791
19793
19795
19796
19798
19800
19801
19803
19805
19806
19808
19810
19813
19816
19820
19823
19826
19830
19833
19836
19840
19843
19846
19849
19853
19856
19860
19863
19866
19870
19873
19876
19880
19883
19886
19890
19893
19896
19900
19903
19906
19910
19911
19913
19915
19917
19919
19921
19923
19925
19927
19929
19931
19933
19935
19937
19939
19941
19943
19945
19947
19949
19951
19953
19955
19957
19959
19961
19963
19965
19966
19968
19970
19972
19974
19976
19978
19980
19982
19984
19986
19988
19990
19992
19994
19996
19998
20000
20002
20004
20006
20008
20010
20012
20014
20016
20018
20020
20021
20023
20024
20026
20027
20029
20031
20032
20034
20035
20037
20039
20040
20042
20043
20045
20047
20048
20050
20051
20053
20055
20056
20058
20059
20061
20063
20064
20066
20067
20069
20071
20072
20074
20075
20077
20078
20080
20082
20083
20085
20086
20088
20090
20091
20093
20094
20096
20098
20099
20101
20102
20104
20106
20107
20109
20110
20112
20114
20115
20117
20118
20120
20122
20123
20125
20126
20128
20130
20132
20134
20136
20138
20140
20142
20144
20146
20148
20150
20152
20154
20156
20158
20160
20162
20164
20166
20168
20170
20172
20174
20176
20178
20180
20182
20185
20187
20189
20191
20193
20195
20197
20199
20201
20203
20205
20207
20209
20211
20213
20215
20217
20219
20221
20223
20225
20227
20229
20231
20233
20235
20237
20240
20241
20244
20246
20247
20250
20252
20253
20256
20258
20259
20262
20264
20266
20268
20270
20272
20274
20276
20278
20280
20282
20284
20286
20288
20290
20292
20294
20296
20298
20300
20302
20304
20306
20308
20310
20312
20314
20316
20318
20320
20322
20324
20326
20328
20330
20332
20334
20336
20338
20340
20342
20344
20346
20348
20350
20351
20353
20354
20356
20357
20359
20360
20362
20363
20365
20366
20368
20369
20371
20372
20374
20375
20377
20378
20380
20381
20383
20384
20386
20387
20389
20390
20392
20393
20395
20396
20398
20400
20401
20403
20404
20406
20407
20409
20410
20412
20413
20415
20416
20418
20419
20421
20422
20424
20425
20427
20428
20430
20431
20433
20434
20436
20437
20439
20440
20442
20443
20445
20446
20448
20450
20451
20453
20455
20457
20459
20460
20462
20464
20466
20468
20469
20471
20473
20475
20477
20478
20480
20482
20484
20486
20487
20489
20491
20493
20495
20496
20498
20500
20502
20504
20505
20507
20509
20511
20513
20514
20516
20518
20520
20522
20523
20525
20527
20529
20531
20532
20534
20536
20538
20540
20541
20543
20545
20547
20549
20550
20552
20554
20556
20558
20560
20561
20563
20565
20567
20568
20570
20572
20574
20575
20577
20579
20581
20582
20584
20586
20588
20589
20591
20593
20595
20596
20598
20600
20602
20603
20605
20607
20609
20610
20612
20614
20616
20617
20619
20621
20623
20624
20626
20628
20630
20631
20633
20635
20637
20638
20640
20642
20644
20645
20647
20649
20651
20652
20654
20656
20658
20660
20662
20664
20666
20668
20670
20672
20674
20676
20679
20681
20683
20685
20687
20689
20691
20693
20695
20698
20700
20702
20704
20706
20708
20710
20712
20715
20717
20719
20721
20723
20725
20727
20729
20731
20734
20736
20738
20740
20742
20744
20746
20748
20750
20753
20755
20757
20759
20761
20763
20765
20767
20770
20771
20773
20774
20776
20777
20779
20781
20782
20784
20785
20787
20789
20790
20792
20793
20795
20797
20798
20800
20801
20803
20805
20806
20808
20809
20811
20813
20814
20816
20817
20819
20821
20822
20824
20825
20827
20828
20830
20832
20833
20835
20836
20838
20840
20841
20843
20844
20846
20848
20849
20851
20852
20854
20856
20857
20859
20860
20862
20864
20865
20867
20868
20870
20872
20873
20875
20876
20878
20880
20881
20883
20884
20886
20887
20889
20890
20892
20893
20895
20896
20898
20899
20901
20902
20904
20905
20907
20909
20910
20912
20913
20915
20916
20918
20919
20921
20922
20924
20925
20927
20928
20930
20931
20933
20935
20936
20938
20939
20941
20942
20944
20945
20947
20948
20950
20951
20953
20954
20956
20957
20959
20960
20962
20964
20965
20967
20968
20970
20971
20973
20974
20976
20977
20979
20980
20982
20983
20985
20986
20988
20990
20991
20993
20994
20996
20998
20999
21001
21003
21004
21006
21008
21009
21011
21012
21014
21016
21017
21019
21021
21022
21024
21026
21027
21029
21031
21032
21034
21035
21037
21039
21040
21042
21044
21045
21047
21049
21050
21052
21054
21055
21057
21058
21060
21062
21063
21065
21067
21068
21070
21072
21073
21075
21077
21078
21080
21081
21083
21085
21086
21088
21090
21091
21093
21095
21096
21098
21100
21101
21103
21105
21107
21109
21110
21112
21114
21116
21118
21120
21121
21123
21125
21127
21129
21130
21132
21134
21136
21138
21140
21141
21143
21145
21147
21149
21150
21152
21154
21156
21158
21160
21161
21163
21165
21167
21169
21170
21172
21174
21176
21178
21180
21181
21183
21185
21187
21189
21190
21192
21194
21196
21198
21200
21202
21204
21206
21208
21210
21212
21215
21217
21219
21221
21223
21225
21228
21230
21232
21234
21236
21238
21240
21243
21245
21247
21249
21251
21253
21256
21258
21260
21262
21264
21266
21269
21271
21273
21275
21277
21279
21281
21284
21286
21288
21290
21292
21294
21297
21299
21301
21303
21305
21307
21310
21311
21313
21315
21317
21319
21321
21323
21325
21327
21329
21331
21333
21335
21336
21338
21340
21342
21344
21346
21348
21350
21352
21354
21356
21358
21360
21361
21363
21365
21367
21369
21371
21373
21375
21377
21379
21381
21383
21384
21386
21388
21390
21392
21394
21396
21398
21400
21402
21404
21406
21408
21410
21412
21414
21417
21419
21421
21424
21426
21428
21431
21433
21435
21438
21440
21442
21445
21447
21449
21452
21454
21456
21459
21461
21463
21466
21468
21470
21473
21475
21477
21480
21482
21484
21487
21489
21491
21494
21496
21498
21501
21503
21505
21508
21510
21512
21515
21517
21520
21522
21524
21526
21528
21530
21532
21534
21536
21538
21540
21542
21544
21546
21548
21550
21552
21554
21556
21558
21560
21562
21564
21566
21568
21570
21572
21575
21577
21579
21581
21583
21585
21587
21589
21591
21593
21595
21597
21599
21601
21603
21605
21607
21609
21611
21613
21615
21617
21619
21621
21623
21625
21627
21630
21631
21633
21635
21637
21639
21640
21642
21644
21646
21648
21649
21651
21653
21655
21657
21658
21660
21662
21664
21666
21667
21669
21671
21673
21675
21676
21678
21680
21682
21684
21685
21687
21689
21691
21693
21694
21696
21698
21700
21702
21703
21705
21707
21709
21711
21712
21714
21716
21718
21720
21721
21723
21725
21727
21729
21730
21732
21734
21736
21738
21740
21741
21743
21745
21746
21748
21750
21752
21753
21755
21757
21758
21760
21762
21764
21765
21767
21769
21770
21772
21774
21776
21777
21779
21781
21782
21784
21786
21788
21789
21791
21793
21795
21796
21798
21800
21801
21803
21805
21807
21808
21810
21812
21813
21815
21817
21819
21820
21822
21824
21825
21827
21829
21831
21832
21834
21836
21837
21839
21841
21843
21844
21846
21848
21850
21851
21853
21855
21857
21858
21860
21862
21864
21865
21867
21869
21871
21872
21874
21876
21878
21879
21881
21883
21885
21886
21888
21890
21892
21893
21895
21897
21899
21900
21902
21904
21906
21907
21909
21911
21913
21914
21916
21918
21920
21921
21923
21925
21927
21928
21930
21932
21934
21935
21937
21939
21941
21942
21944
21946
21948
21950
21951
21953
21955
21957
21959
21960
21962
21964
21966
21968
21969
21971
21973
21975
21977
21978
21980
21982
21984
21986
21987
21989
21991
21993
21995
21996
21998
22000
22002
22004
22005
22007
22009
22011
22013
22014
22016
22018
22020
22022
22023
22025
22027
22029
22031
22032
22034
22036
22038
22040
22041
22043
22045
22047
22049
22050
22052
22054
22056
22058
22060
22061
22063
22064
22066
22067
22069
22070
22072
22073
22075
22076
22078
22080
22081
22083
22084
22086
22087
22089
22090
22092
22093
22095
22096
22098
22099
22101
22103
22104
22106
22107
22109
22110
22112
22113
22115
22116
22118
22120
22121
22123
22124
22126
22127
22129
22130
22132
22133
22135
22136
22138
22140
22141
22143
22144
22146
22147
22149
22150
22152
22153
22155
22156
22158
22160
22161
22163
22164
22166
22167
22169
22170
22172
22173
22175
22176
22178
22179
22181
22182
22184
22185
22187
22189
22190
22192
22193
22195
22196
22198
22199
22201
22202
22204
22205
22207
22208
22210
22211
22213
22215
22216
22218
22219
22221
22222
22224
22225
22227
22228
22230
22231
22233
22234
22236
22237
22239
22240
22242
22244
22245
22247
22248
22250
22251
22253
22254
22256
22257
22259
22260
22262
22263
22265
22266
22268
22270
22271
22273
22275
22276
22278
22280
22281
22283
22285
22286
22288
22290
22291
22293
22295
22297
22298
22300
22302
22303
22305
22307
22308
22310
22312
22314
22315
22317
22319
22320
22322
22324
22325
22327
22329
22330
22332
22334
22336
22337
22339
22341
22342
22344
22346
22347
22349
22351
22352
22354
22356
22358
22359
22361
22363
22364
22366
22368
22369
22371
22373
22374
22376
22378
22380
22381
22383
22384
22386
22387
22389
22390
22392
22393
22395
22397
22398
22400
22401
22403
22404
22406
22407
22409
22410
22412
22414
22415
22417
22418
22420
22421
22423
22424
22426
22428
22429
22431
22432
22434
22435
22437
22438
22440
22441
22443
22445
22446
22448
22449
22451
22452
22454
22455
22457
22459
22460
22462
22463
22465
22466
22468
22469
22471
22472
22474
22476
22477
22479
22480
22482
22483
22485
22486
22488
22490
22491
22493
22494
22496
22497
22499
22501
22502
22504
22505
22507
22509
22510
22512
22513
22515
22517
22518
22520
22521
22523
22525
22526
22528
22529
22531
22533
22534
22536
22537
22539
22541
22542
22544
22545
22547
22548
22550
22552
22553
22555
22556
22558
22560
22561
22563
22564
22566
22568
22569
22571
22572
22574
22576
22577
22579
22580
22582
22584
22585
22587
22588
22590
22592
22593
22595
22596
22598
22600
22601
22603
22605
22607
22608
22610
22612
22614
22616
22617
22619
22621
22623
22625
22626
22628
22630
22632
22633
22635
22637
22639
22641
22642
22644
22646
22648
22650
22651
22653
22655
22657
22658
22660
22662
22664
22666
22667
22669
22671
22673
22675
22676
22678
22680
22682
22683
22685
22687
22689
22691
22692
22694
22696
22698
22700
22701
22703
22705
22706
22708
22710
22711
22713
22715
22716
22718
22720
22721
22723
22725
22727
22728
22730
22732
22733
22735
22737
22738
22740
22742
22744
22745
22747
22749
22750
22752
22754
22755
22757
22759
22760
22762
22764
22766
22767
22769
22771
22772
22774
22776
22777
22779
22781
22782
22784
22786
22788
22789
22791
22793
22794
22796
22798
22799
22801
22803
22804
22806
22808
22810
22811
22813
22815
22816
22818
22820
22822
22823
22825
22827
22828
22830
22832
22834
22835
22837
22839
22841
22842
22844
22846
22847
22849
22851
22853
22854
22856
22858
22860
22861
22863
22865
22866
22868
22870
22872
22873
22875
22877
22878
22880
22882
22884
22885
22887
22889
22891
22892
22894
22896
22897
22899
22901
22903
22904
22906
22908
22910
22911
22913
22915
22916
22918
22920
22921
22923
22925
22926
22928
22930
22932
22933
22935
22937
22938
22940
22942
22943
22945
22947
22948
22950
22952
22954
22955
22957
22959
22960
22962
22964
22965
22967
22969
22970
22972
22974
22976
22977
22979
22981
22982
22984
22986
22987
22989
22991
22992
22994
22996
22998
22999
23001
23003
23004
23006
23008
23009
23011
23013
23014
23016
23018
23020
23021
23023
23025
23027
23029
23031
23033
23035
23037
23039
23041
23043
23045
23047
23048
23050
23052
23054
23056
23058
23060
23062
23064
23066
23068
23070
23072
23074
23075
23077
23079
23081
23083
23085
23087
23089
23091
23093
23095
23097
23099
23101
23102
23104
23106
23108
23110
23112
23114
23116
23118
23120
23122
23124
23126
23128
23130
23132
23134
23136
23138
23140
23142
23144
23146
23149
23151
23153
23155
23157
23159
23161
23163
23165
23168
23170
23172
23174
23176
23178
23180
23182
23185
23187
23189
23191
23193
23195
23197
23199
23201
23204
23206
23208
23210
23212
23214
23216
23218
23220
23223
23225
23227
23229
23231
23233
23235
23237
23240
23242
23244
23246
23248
23250
23252
23254
23256
23258
23260
23262
23264
23266
23268
23271
23273
23275
23277
23279
23281
23283
23285
23287
23289
23291
23293
23295
23297
23299
23302
23304
23306
23308
23310
23312
23314
23316
23318
23320
23322
23324
23326
23328
23331
23333
23335
23337
23339
23341
23343
23345
23347
23349
23351
23353
23355
23357
23360
23362
23364
23366
23368
23371
23373
23375
23377
23380
23382
23384
23386
23388
23391
23393
23395
23397
23400
23402
23404
23406
23408
23411
23413
23415
23417
23420
23422
23424
23426
23428
23431
23433
23435
23437
23440
23442
23444
23446
23448
23451
23453
23455
23457
23460
23462
23464
23467
23469
23471
23474
23476
23478
23481
23483
23485
23488
23490
23492
23495
23497
23499
23502
23504
23506
23509
23511
23513
23516
23518
23520
23523
23525
23527
23530
23532
23534
23537
23539
23541
23544
23546
23548
23551
23553
23555
23558
23560
23562
23565
23567
23570
23572
23575
23578
23581
23584
23587
23590
23592
23595
23598
23601
23604
23607
23610
23612
23615
23618
23621
23624
23627
23630
23632
23635
23638
23641
23644
23647
23650
23652
23655
23658
23661
23664
23667
23670
23672
23675
23678
23681
23684
23686
23689
23692
23695
23698
23701
23703
23706
23709
23712
23715
23717
23720
23723
23726
23729
23732
23734
23737
23740
23743
23746
23748
23751
23754
23757
23760
23763
23765
23768
23771
23774
23777
23780
23783
23786
23789
23792
23796
23799
23802
23805
23809
23812
23815
23818
23821
23825
23828
23831
23834
23838
23841
23844
23847
23850
23854
23857
23860
23863
23867
23870
23873
23876
23880
23883
23887
23891
23895
23898
23902
23906
23910
23914
23917
23921
23925
23929
23933
23936
23940
23944
23948
23952
23955
23959
23963
23967
23971
23974
23978
23982
23986
23990
23992
23994
23996
23998
24000
24002
24004
24006
24009
24011
24013
24015
24017
24019
24021
24023
24025
24028
24030
24032
24034
24036
24038
24040
24042
24044
24047
24049
24051
24053
24055
24057
24059
24061
24064
24066
24068
24070
24072
24074
24076
24078
24080
24083
24085
24087
24089
24091
24093
24095
24097
24100
24101
24103
24105
24106
24108
24110
24111
24113
24115
24116
24118
24120
24121
24123
24125
24126
24128
24130
24131
24133
24135
24136
24138
24140
24141
24143
24145
24146
24148
24150
24151
24153
24155
24156
24158
24160
24161
24163
24165
24166
24168
24170
24171
24173
24175
24176
24178
24180
24181
24183
24185
24186
24188
24189
24191
24193
24195
24196
24198
24200
24202
24205
24207
24210
24212
24215
24217
24220
24223
24225
24228
24230
24233
24235
24238
24240
24243
24246
24248
24251
24253
24256
24258
24261
24263
24266
24269
24271
24274
24276
24279
24281
24284
24286
24289
24292
24294
24297
24299
24302
24304
24307
24310
24311
24313
24315
24317
24318
24320
24322
24324
24326
24327
24329
24331
24333
24335
24336
24338
24340
24342
24343
24345
24347
24349
24351
24352
24354
24356
24358
24360
24361
24363
24365
24367
24368
24370
24372
24374
24376
24377
24379
24381
24383
24384
24386
24388
24390
24392
24393
24395
24397
24399
24401
24402
24404
24406
24408
24410
24412
24414
24416
24418
24420
24422
24424
24426
24428
24430
24432
24434
24436
24439
24441
24443
24445
24447
24449
24451
24453
24455
24457
24459
24461
24463
24466
24468
24470
24472
24474
24476
24478
24480
24482
24484
24486
24488
24490
24493
24495
24497
24499
24501
24503
24505
24507
24509
24511
24513
24515
24517
24520
24521
24523
24525
24527
24529
24531
24533
24535
24537
24539
24541
24543
24545
24547
24548
24550
24552
24554
24556
24558
24560
24562
24564
24566
24568
24570
24572
24574
24575
24577
24579
24581
24583
24585
24587
24589
24591
24593
24595
24597
24599
24601
24602
24604
24606
24608
24610
24612
24614
24616
24618
24620
24622
24624
24626
24628
24630
24631
24633
24635
24637
24639
24641
24643
24645
24647
24649
24651
24653
24655
24657
24659
24661
24663
24665
24667
24669
24671
24673
24675
24677
24679
24681
24683
24685
24686
24688
24690
24692
24694
24696
24698
24700
24702
24704
24706
24708
24710
24712
24714
24716
24718
24720
24722
24724
24726
24728
24730
24732
24734
24736
24738
24740
24741
24743
24745
24746
24748
24750
24752
24753
24755
24757
24758
24760
24762
24764
24765
24767
24769
24770
24772
24774
24776
24777
24779
24781
24782
24784
24786
24788
24789
24791
24793
24795
24796
24798
24800
24801
24803
24805
24807
24808
24810
24812
24813
24815
24817
24819
24820
24822
24824
24825
24827
24829
24831
24832
24834
24836
24837
24839
24841
24843
24844
24846
24848
24850
24851
24853
24855
24856
24858
24860
24862
24863
24865
24867
24868
24870
24872
24874
24875
24877
24879
24881
24882
24884
24886
24887
24889
24891
24893
24894
24896
24898
24900
24901
24903
24905
24906
24908
24910
24912
24913
24915
24917
24918
24920
24922
24924
24925
24927
24929
24931
24932
24934
24936
24937
24939
24941
24943
24944
24946
24948
24950
24951
24953
24955
24956
24958
24960
24961
24963
24965
24966
24968
24970
24971
24973
24974
24976
24978
24980
24981
24983
24985
24986
24988
24990
24991
24993
24994
24996
24998
25000
25001
25003
25005
25006
25008
25009
25011
25013
25015
25016
25018
25020
25021
25023
25025
25026
25028
25029
25031
25033
25035
25036
25038
25040
25041
25043
25044
25046
25048
25049
25051
25053
25055
25056
25058
25060
25061
25063
25064
25066
25068
25070
25071
25073
25075
25076
25078
25080
25081
25083
25085
25086
25088
25090
25091
25093
25095
25096
25098
25099
25101
25103
25105
25106
25108
25110
25111
25113
25115
25116
25118
25120
25121
25123
25125
25126
25128
25130
25131
25133
25134
25136
25138
25140
25141
25143
25145
25146
25148
25150
25151
25153
25155
25156
25158
25160
25161
25163
25164
25166
25167
25169
25171
25172
25174
25175
25177
25178
25180
25182
25183
25185
25186
25188
25189
25191
25193
25194
25196
25197
25199
25200
25202
25204
25205
25207
25208
25210
25211
25213
25215
25216
25218
25219
25221
25222
25224
25226
25227
25229
25230
25232
25233
25235
25237
25238
25240
25241
25243
25244
25246
25248
25249
25251
25252
25254
25255
25257
25259
25260
25262
25263
25265
25266
25268
25270
25271
25273
25275
25276
25278
25280
25282
25283
25285
25287
25288
25290
25292
25294
25295
25297
25299
25300
25302
25304
25306
25307
25309
25311
25312
25314
25316
25318
25319
25321
25323
25325
25326
25328
25330
25331
25333
25335
25337
25338
25340
25342
25343
25345
25347
25349
25350
25352
25354
25355
25357
25359
25361
25362
25364
25366
25367
25369
25371
25373
25374
25376
25378
25380
25381
25383
25384
25386
25387
25389
25390
25392
25393
25395
25397
25398
25400
25401
25403
25404
25406
25407
25409
25410
25412
25414
25415
25417
25418
25420
25421
25423
25424
25426
25428
25429
25431
25432
25434
25435
25437
25438
25440
25441
25443
25445
25446
25448
25449
25451
25452
25454
25455
25457
25459
25460
25462
25463
25465
25466
25468
25469
25471
25472
25474
25476
25477
25479
25480
25482
25483
25485
25486
25488
25490
25491
25493
25495
25497
25499
25500
25502
25504
25506
25508
25509
25511
25513
25515
25517
25518
25520
25522
25524
25526
25527
25529
25531
25533
25535
25536
25538
25540
25542
25544
25545
25547
25549
25551
25553
25554
25556
25558
25560
25562
25563
25565
25567
25569
25571
25572
25574
25576
25578
25580
25581
25583
25585
25587
25589
25590
25592
25594
25596
25598
25600
25601
25602
25604
25605
25607
25608
25610
25611
25613
25614
25615
25617
25618
25620
25621
25623
25624
25626
25627
25628
25630
25631
25633
25634
25636
25637
25639
25640
25642
25643
25644
25646
25647
25649
25650
25652
25653
25655
25656
25657
25659
25660
25662
25663
25665
25666
25668
25669
25671
25672
25673
25675
25676
25678
25679
25681
25682
25684
25685
25686
25688
25689
25691
25692
25694
25695
25697
25698
25700
25701
25703
25705
25707
25709
25711
25713
25714
25716
25718
25720
25722
25724
25726
25727
25729
25731
25733
25735
25737
25739
25741
25742
25744
25746
25748
25750
25752
25754
25755
25757
25759
25761
25763
25765
25767
25768
25770
25772
25774
25776
25778
25780
25782
25783
25785
25787
25789
25791
25793
25795
25796
25798
25800
25802
25804
25806
25808
25810
25811
25813
25815
25816
25818
25820
25821
25823
25825
25826
25828
25830
25832
25833
25835
25837
25838
25840
25842
25843
25845
25847
25848
25850
25852
25854
25855
25857
25859
25860
25862
25864
25865
25867
25869
25871
25872
25874
25876
25877
25879
25881
25882
25884
25886
25887
25889
25891
25893
25894
25896
25898
25899
25901
25903
25904
25906
25908
25910
25911
25913
25914
25916
25917
25919
25921
25922
25924
25925
25927
25929
25930
25932
25933
25935
25937
25938
25940
25941
25943
25945
25946
25948
25949
25951
25953
25954
25956
25957
25959
25961
25962
25964
25965
25967
25968
25970
25972
25973
25975
25976
25978
25980
25981
25983
25984
25986
25988
25989
25991
25992
25994
25996
25997
25999
26000
26002
26004
26005
26007
26008
26010
26012
26013
26015
26016
26018
26020
26022
26024
26026
26028
26030
26032
26034
26035
26038
26040
26041
26044
26046
26048
26050
26052
26054
26056
26058
26060
26061
26064
26066
26067
26070
26072
26073
26076
26078
26080
26082
26084
26086
26088
26090
26092
26093
26096
26098
26099
26102
26104
26105
26108
26110
26112
26114
26116
26118
26119
26122
26124
26125
26128
26130
26132
26134
26137
26139
26142
26144
26146
26149
26151
26154
26156
26158
26161
26163
26166
26168
26170
26173
26175
26178
26180
26182
26185
26187
26189
26192
26194
26197
26199
26202
26204
26206
26209
26211
26214
26216
26218
26221
26223
26226
26228
26230
26233
26235
26238
26240
26242
26245
26247
26250
26252
26254
26256
26258
26260
26262
26264
26266
26268
26270
26272
26274
26276
26278
26280
26282
26284
26286
26288
26290
26292
26294
26296
26298
26300
26302
26305
26307
26309
26311
26313
26315
26317
26319
26321
26323
26325
26327
26329
26331
26333
26335
26337
26339
26341
26343
26345
26347
26349
26351
26353
26355
26357
26360
26362
26364
26366
26368
26370
26372
26374
26376
26378
26380
26382
26384
26386
26388
26390
26392
26394
26396
26398
26400
26402
26404
26406
26408
26410
26412
26414
26416
26418
26421
26423
26425
26427
26429
26431
26433
26435
26437
26439
26441
26443
26445
26447
26449
26451
26453
26455
26457
26459
26461
26463
26465
26467
26469
26471
26473
26475
26477
26480
26481
26482
26484
26485
26487
26488
26490
26491
26493
26494
26495
26497
26498
26500
26501
26503
26504
26506
26507
26508
26510
26511
26513
26514
26516
26517
26519
26520
26521
26523
26524
26526
26527
26529
26530
26532
26533
26535
26536
26537
26539
26540
26542
26543
26545
26546
26548
26549
26550
26552
26553
26555
26556
26558
26559
26561
26562
26563
26565
26566
26568
26569
26571
26572
26574
26575
26576
26578
26579
26581
26582
26584
26585
26587
26588
26590
26591
26593
26595
26597
26598
26600
26602
26604
26605
26607
26609
26611
26613
26614
26616
26618
26620
26621
26623
26625
26627
26629
26630
26632
26634
26636
26637
26639
26641
26643
26645
26646
26648
26650
26652
26653
26655
26657
26659
26660
26662
26664
26666
26668
26669
26671
26673
26675
26676
26678
26680
26682
26684
26685
26687
26689
26691
26692
26694
26696
26698
26700
26701
26703
26705
26706
26708
26710
26711
26713
26715
26716
26718
26720
26721
26723
26724
26726
26728
26730
26731
26733
26735
26736
26738
26740
26741
26743
26744
26746
26748
26750
26751
26753
26755
26756
26758
26759
26761
26763
26765
26766
26768
26770
26771
26773
26775
26776
26778
26779
26781
26783
26785
26786
26788
26790
26791
26793
26794
26796
26798
26799
26801
26803
26805
26806
26808
26810
26812
26814
26816
26818
26820
26822
26824
26826
26828
26830
26832
26834
26836
26838
26840
26842
26844
26846
26848
26850
26852
26854
26856
26858
26861
26863
26865
26867
26869
26871
26873
26875
26877
26879
26881
26883
26885
26887
26889
26891
26893
26895
26897
26899
26901
26903
26905
26907
26910
26911
26913
26915
26917
26919
26920
26922
26924
26926
26928
26929
26931
26933
26935
26937
26938
26940
26942
26944
26946
26947
26949
26951
26953
26955
26956
26958
26960
26962
26964
26965
26967
26969
26971
26973
26974
26976
26978
26980
26982
26983
26985
26987
26989
26991
26992
26994
26996
26998
27000
27001
27003
27005
27007
27009
27010
27012
27014
27016
27018
27020
27021
27023
27025
27026
27028
27030
27032
27033
27035
27037
27038
27040
27042
27044
27045
27047
27049
27050
27052
27054
27056
27057
27059
27061
27062
27064
27066
27068
27069
27071
27073
27075
27076
27078
27080
27081
27083
27085
27087
27088
27090
27092
27093
27095
27097
27099
27100
27102
27104
27105
27107
27109
27111
27112
27114
27116
27117
27119
27121
27123
27124
27126
27128
27130
27131
27133
27135
27136
27138
27140
27142
27143
27145
27147
27148
27150
27152
27154
27155
27157
27159
27160
27162
27164
27166
27167
27169
27171
27172
27174
27176
27178
27179
27181
27183
27185
27186
27188
27190
27191
27193
27195
27197
27198
27200
27202
27203
27205
27207
27209
27210
27212
27214
27215
27217
27219
27221
27222
27224
27226
27227
27229
27231
27233
27234
27236
27238
27240
27241
27243
27245
27247
27249
27251
27253
27254
27256
27258
27260
27262
27264
27266
27267
27269
27271
27273
27275
27277
27279
27281
27282
27284
27286
27288
27290
27292
27294
27295
27297
27299
27301
27303
27305
27307
27308
27310
27312
27314
27316
27318
27320
27322
27323
27325
27327
27329
27331
27333
27335
27336
27338
27340
27342
27344
27346
27348
27350
27352
27354
27356
27358
27360
27362
27364
27366
27368
27370
27372
27374
27376
27378
27380
27382
27384
27386
27388
27390
27392
27394
27396
27398
27400
27402
27404
27406
27408
27410
27412
27414
27416
27418
27420
27422
27424
27426
27428
27430
27432
27434
27436
27438
27440
27442
27444
27445
27448
27450
27451
27453
27455
27457
27458
27460
27462
27464
27465
27467
27469
27471
27473
27474
27476
27478
27480
27481
27483
27485
27487
27489
27490
27492
27494
27496
27497
27499
27501
27503
27505
27506
27508
27510
27512
27513
27515
27517
27519
27520
27522
27524
27526
27528
27529
27531
27533
27535
27536
27538
27540
27542
27544
27545
27547
27549
27551
27552
27554
27556
27558
27560
27561
27563
27565
27567
27568
27570
27572
27574
27575
27577
27579
27581
27582
27584
27586
27588
27589
27591
27593
27595
27596
27598
27600
27602
27603
27605
27607
27609
27610
27612
27614
27616
27617
27619
27621
27623
27624
27626
27628
27630
27631
27633
27635
27637
27638
27640
27642
27644
27645
27647
27649
27651
27652
27654
27656
27658
27660
27661
27663
27664
27666
27667
27669
27671
27672
27674
27675
27677
27679
27680
27682
27683
27685
27687
27688
27690
27691
27693
27695
27696
27698
27699
27701
27703
27704
27706
27707
27709
27711
27712
27714
27715
27717
27718
27720
27722
27723
27725
27726
27728
27730
27731
27733
27734
27736
27738
27739
27741
27742
27744
27746
27747
27749
27750
27752
27754
27755
27757
27758
27760
27762
27763
27765
27766
27768
27770
27771
27773
27775
27776
27778
27780
27782
27783
27785
27787
27788
27790
27792
27794
27795
27797
27799
27800
27802
27804
27806
27807
27809
27811
27812
27814
27816
27818
27819
27821
27823
27825
27826
27828
27830
27831
27833
27835
27837
27838
27840
27842
27843
27845
27847
27849
27850
27852
27854
27855
27857
27859
27861
27862
27864
27866
27867
27869
27871
27873
27874
27876
27878
27880
27881
27883
27885
27886
27888
27890
27891
27893
27895
27896
27898
27900
27901
27903
27905
27907
27908
27910
27912
27913
27915
27917
27918
27920
27922
27924
27925
27927
27929
27930
27932
27934
27935
27937
27939
27940
27942
27944
27945
27947
27949
27951
27952
27954
27956
27957
27959
27961
27962
27964
27966
27968
27969
27971
27973
27974
27976
27978
27979
27981
27983
27984
27986
27988
27990
27991
27993
27995
27997
27999
28000
28002
28004
28006
28008
28010
28012
28013
28015
28017
28019
28021
28023
28024
28026
28028
28030
28032
28034
28035
28037
28039
28041
28043
28045
28046
28048
28050
28052
28054
28056
28057
28059
28061
28063
28065
28067
28068
28070
28072
28074
28076
28078
28079
28081
28083
28085
28087
28089
28090
28092
28094
28096
28098
28100
28101
28103
28105
28107
28109
28111
28113
28115
28116
28118
28120
28122
28124
28126
28128
28130
28132
28133
28135
28137
28139
28141
28143
28145
28147
28149
28150
28152
28154
28156
28158
28160
28162
28164
28166
28167
28169
28171
28173
28175
28177
28179
28181
28183
28184
28186
28188
28190
28192
28194
28196
28198
28200
28201
28203
28205
28207
28208
28210
28212
28214
28215
28217
28219
28221
28223
28224
28226
28228
28230
28231
28233
28235
28237
28239
28240
28242
28244
28246
28247
28249
28251
28253
28255
28256
28258
28260
28262
28263
28265
28267
28269
28270
28272
28274
28276
28278
28279
28281
28283
28285
28286
28288
28290
28292
28294
28295
28297
28299
28301
28302
28304
28306
28308
28310
28311
28313
28314
28316
28318
28319
28321
28322
28324
28326
28327
28329
28330
28332
28334
28335
28337
28339
28340
28342
28343
28345
28347
28348
28350
28351
28353
28355
28356
28358
28360
28361
28363
28364
28366
28368
28369
28371
28372
28374
28376
28377
28379
28380
28382
28384
28385
28387
28389
28390
28392
28393
28395
28397
28398
28400
28401
28403
28405
28406
28408
28410
28411
28413
28415
28416
28418
28420
28422
28423
28425
28427
28429
28430
28432
28434
28436
28437
28439
28441
28443
28444
28446
28448
28450
28451
28453
28455
28457
28458
28460
28462
28464
28465
28467
28469
28471
28472
28474
28476
28478
28479
28481
28483
28485
28486
28488
28490
28492
28493
28495
28497
28499
28500
28502
28504
28506
28507
28509
28511
28513
28514
28516
28518
28520
28521
28523
28524
28526
28527
28529
28531
28532
28534
28535
28537
28539
28540
28542
28543
28545
28547
28548
28550
28551
28553
28555
28556
28558
28559
28561
28563
28564
28566
28567
28569
28571
28572
28574
28575
28577
28578
28580
28582
28583
28585
28586
28588
28590
28591
28593
28594
28596
28598
28599
28601
28602
28604
28606
28607
28609
28610
28612
28614
28615
28617
28618
28620
28622
28623
28625
28626
28628
28630
28631
28633
28634
28636
28637
28639
28640
28642
28643
28645
28646
28648
28649
28651
28652
28654
28655
28657
28659
28660
28662
28663
28665
28666
28668
28669
28671
28672
28674
28675
28677
28678
28680
28681
28683
28685
28686
28688
28689
28691
28692
28694
28695
28697
28698
28700
28701
28703
28704
28706
28707
28709
28710
28712
28714
28715
28717
28718
28720
28721
28723
28724
28726
28727
28729
28730
28732
28733
28735
28736
28738
28740
28741
28743
28744
28746
28748
28749
28751
28753
28754
28756
28758
28759
28761
28763
28764
28766
28767
28769
28771
28772
28774
28776
28777
28779
28781
28782
28784
28786
28787
28789
28790
28792
28794
28795
28797
28799
28800
28802
28804
28805
28807
28809
28810
28812
28813
28815
28817
28818
28820
28822
28823
28825
28827
28828
28830
28832
28833
28835
28836
28838
28840
28841
28843
28845
28846
28848
28850
28851
28853
28855
28856
28858
28860
28861
28863
28864
28866
28867
28869
28870
28872
28873
28875
28876
28878
28879
28881
28882
28884
28885
28887
28889
28890
28892
28893
28895
28896
28898
28899
28901
28902
28904
28905
28907
28908
28910
28911
28913
28915
28916
28918
28919
28921
28922
28924
28925
28927
28928
28930
28931
28933
28934
28936
28937
28939
28940
28942
28944
28945
28947
28948
28950
28951
28953
28954
28956
28957
28959
28960
28962
28963
28965
28966
28968
28970
28971
28973
28974
28976
28977
28979
28980
28982
28983
28985
28986
28988
28989
28991
28992
28994
28995
28997
28999
29000
29002
29003
29005
29006
29008
29009
29011
29012
29014
29015
29017
29018
29020
29021
29023
29025
29026
29028
29029
29031
29032
29034
29035
29037
29038
29040
29041
29043
29044
29046
29047
29049
29050
29052
29054
29055
29057
29058
29060
29061
29063
29064
29066
29067
29069
29070
29072
29073
29075
29076
29078
29080
29081
29082
29084
29085
29087
29088
29090
29091
29093
29094
29095
29097
29098
29100
29101
29103
29104
29106
29107
29108
29110
29111
29113
29114
29116
29117
29119
29120
29122
29123
29124
29126
29127
29129
29130
29132
29133
29135
29136
29137
29139
29140
29142
29143
29145
29146
29148
29149
29151
29152
29153
29155
29156
29158
29159
29161
29162
29164
29165
29166
29168
29169
29171
29172
29174
29175
29177
29178
29180
29181
29183
29184
29186
29187
29189
29190
29192
29193
29195
29197
29198
29200
29201
29203
29204
29206
29207
29209
29210
29212
29214
29215
29217
29218
29220
29221
29223
29224
29226
29228
29229
29231
29232
29234
29235
29237
29238
29240
29241
29243
29245
29246
29248
29249
29251
29252
29254
29255
29257
29259
29260
29262
29263
29265
29266
29268
29269
29271
29272
29274
29276
29277
29279
29280
29282
29283
29285
29286
29288
29290
29292
29294
29297
29299
29301
29304
29306
29308
29311
29313
29315
29318
29320
29322
29325
29327
29329
29332
29334
29336
29339
29341
29343
29346
29348
29350
29353
29355
29357
29360
29362
29364
29367
29369
29371
29374
29376
29378
29381
29383
29385
29388
29390
29392
29395
29397
29400
29401
29403
29404
29406
29407
29409
29410
29412
29413
29415
29417
29418
29420
29421
29423
29424
29426
29427
29429
29430
29432
29434
29435
29437
29438
29440
29441
29443
29444
29446
29448
29449
29451
29452
29454
29455
29457
29458
29460
29461
29463
29465
29466
29468
29469
29471
29472
29474
29475
29477
29479
29480
29482
29483
29485
29486
29488
29489
29491
29492
29494
29496
29497
29499
29500
29502
29503
29505
29506
29508
29510
29512
29514
29516
29519
29521
29523
29525
29528
29530
29532
29534
29537
29539
29541
29543
29546
29548
29550
29553
29555
29557
29559
29562
29564
29566
29568
29571
29573
29575
29577
29580
29582
29584
29586
29589
29591
29593
29596
29598
29600
29602
29605
29607
29609
29611
29614
29616
29618
29620
29623
29625
29627
29630
29632
29634
29636
29638
29640
29642
29645
29647
29649
29651
29653
29655
29658
29660
29662
29664
29666
29668
29670
29673
29675
29677
29679
29681
29683
29686
29688
29690
29692
29694
29696
29699
29701
29703
29705
29707
29709
29711
29714
29716
29718
29720
29722
29724
29727
29729
29731
29733
29735
29737
29740
29742
29744
29746
29748
29750
29752
29754
29756
29758
29760
29762
29764
29766
29768
29770
29772
29774
29776
29778
29780
29782
29784
29786
29788
29790
29792
29795
29797
29799
29801
29803
29805
29807
29809
29811
29813
29815
29817
29819
29821
29823
29825
29827
29829
29831
29833
29835
29837
29839
29841
29843
29845
29847
29850
29852
29854
29856
29858
29860
29863
29865
29867
29869
29871
29873
29876
29878
29880
29882
29884
29886
29889
29891
29893
29895
29897
29900
29902
29904
29906
29908
29910
29913
29915
29917
29919
29921
29923
29926
29928
29930
29932
29934
29936
29939
29941
29943
29945
29947
29950
