10
20
30
40
50
60
70
80
90
100
110
122
135
147
160
172
185
197
210
215
221
226
231
237
243
248
254
259
265
270
276
281
287
292
298
303
309
314
320
328
337
346
354
363
372
380
389
398
406
415
424
432
441
450
457
464
472
479
486
494
501
508
516
523
530
538
545
552
560
569
578
587
596
605
614
623
632
641
650
660
666
672
678
685
691
697
704
710
716
723
729
735
742
748
754
761
767
773
780
785
790
795
800
805
810
815
820
825
830
835
840
845
850
855
860
865
870
875
880
885
891
896
902
907
913
918
924
929
935
940
946
951
957
962
968
973
979
984
990
995
1000
1004
1010
1015
1020
1025
1030
1035
1040
1045
1050
1055
1060
1065
1070
1075
1080
1085
1090
1095
1100
1105
1110
1116
1122
1129
1135
1142
1148
1155
1161
1168
1174
1181
1187
1194
1200
1207
1213
1220
1225
1230
1236
1241
1247
1252
1258
1263
1269
1274
1280
1285
1290
1296
1301
1307
1312
1318
1323
1329
1334
1340
1353
1367
1381
1395
1408
1422
1436
1450
1457
1465
1473
1481
1489
1497
1505
1512
1520
1528
1536
1544
1552
1560
1567
1574
1581
1588
1595
1602
1609
1617
1624
1631
1638
1645
1652
1660
1672
1685
1698
1710
1723
1736
1749
1761
1774
1787
1800
1812
1824
1836
1848
1861
1873
1885
1897
1910
1925
1941
1957
1972
1988
2004
2020
2033
2047
2061
2075
2088
2102
2116
2130
2140
2150
2160
2170
2180
2190
2200
2210
2220
2230
2240
2255
2270
2285
2300
2315
2330
2344
2360
2374
2388
2402
2417
2431
2445
2460
2473
2486
2500
2513
2526
2540
2553
2566
2580
2605
2630
2655
2680
2695
2711
2727
2742
2758
2774
2790
2802
2814
2826
2838
2851
2863
2875
2887
2900
2909
2920
2929
2940
2949
2960
2969
2980
2989
3000
3010
3019
3028
3037
3046
3055
3065
3074
3083
3092
3101
3110
3120
3132
3145
3157
3170
3182
3195
3207
3220
3232
3244
3256
3268
3281
3293
3305
3317
3330
3345
3361
3377
3392
3408
3424
3440
3453
3466
3480
3493
3506
3520
3533
3546
3560
3572
3585
3597
3610
3622
3635
3647
3660
3670
3680
3690
3700
3710
3720
3730
3740
3750
3760
3770
3780
3790
3800
3810
3820
3830
3840
3850
3860
3870
3880
3893
3907
3921
3935
3948
3962
3976
3990
3997
4004
4012
4019
4026
4034
4041
4048
4056
4063
4070
4077
4085
4092
4100
4111
4122
4133
4144
4155
4166
4177
4188
4200
4208
4216
4225
4233
4242
4250
4259
4267
4276
4284
4293
4301
4310
4318
4326
4335
4343
4352
4360
4369
4377
4386
4394
4403
4411
4420
4432
4444
4456
4468
4481
4493
4505
4517
4530
4541
4552
4563
4574
4585
4596
4607
4618
4630
4643
4656
4670
4683
4696
4710
4723
4736
4750
4763
4776
4790
4803
4816
4830
4843
4856
4870
4881
4892
4903
4914
4925
4936
4947
4958
4969
4980
5003
5026
5050
5073
5096
5120
5132
5145
5157
5170
5182
5195
5207
5220
5230
5241
5252
5263
5274
5285
5296
5307
5318
5329
5340
5354
5368
5382
5397
5411
5425
5440
5450
5461
5472
5483
5494
5505
5516
5527
5538
5549
5560
5573
5587
5601
5615
5628
5642
5656
5670
5681
5692
5703
5714
5725
5736
5747
5758
5769
5780
5792
5805
5817
5830
5842
5855
5867
5880
5892
5904
5916
5928
5941
5953
5965
5977
5990
6000
6011
6022
6033
6044
6055
6066
6077
6088
6099
6110
6121
6132
6143
6154
6165
6176
6187
6198
6210
6220
6231
6242
6253
6264
6275
6286
6297
6308
6319
6330
6343
6357
6371
6385
6398
6412
6426
6440
6451
6462
6473
6484
6495
6506
6517
6528
6539
6550
6562
6575
6587
6600
6612
6625
6637
6650
6656
6663
6670
6677
6684
6691
6698
6705
6711
6718
6725
6732
6739
6746
6753
6760
6773
6786
6800
6813
6826
6840
6853
6866
6880
6916
6953
6990
7030
7070
7110
7153
7196
7240
7280
7320
7360
7400
7440
7483
7526
7570
7586
7603
7620
7636
7653
7670
7692
7714
7736
7758
7780
7820
7860
7900
7915
7931
7947
7962
7978
7994
8010
8037
8064
8092
8119
8141
8164
8186
8208
8230
8260
8290
8320
8350
8375
8399
8424
8450
8467
8484
8501
8518
8535
8552
8570
8595
8620
8645
8670
8704
8738
8772
8806
8840
8877
8915
8952
8990
9050
9110
9165
9220
9285
9350
9565
9780
9820
9860
9900
9940
9980
10055
10130
10250
10305
10360
10396
10433
10470
10500
10530
10560
10590
10617
10645
10672
10700
10735
10770
10805
10840
10876
10913
10950
10980
11010
11040
11070
11110
11150
11190
11245
11300
11324
11348
11372
11396
11420
11459
11500
11540
11573
11606
11640
11670
11700
11730
11760
11787
11815
11842
11870
11899
11930
11960
11990
12014
12038
12062
12086
12110
12137
12165
12192
12220
12250
12280
12310
12340
12362
12384
12405
12427
12450
12486
12523
12560
12596
12633
12670
12692
12714
12735
12758
12780
12823
12866
12910
12937
12965
12992
13020
13063
13106
13150
13186
13223
13260
13287
13315
13342
13370
13413
13456
13500
13555
13610
13629
13650
13670
13690
13710
13745
13780
13815
13850
13879
13910
13940
13970
13990
14010
14030
14050
14070
14090
14115
14140
14165
14190
14209
14230
14250
14270
14290
14310
14353
14396
14440
14476
14513
14550
14570
14590
14610
14630
14650
14670
14690
14710
14730
14750
14770
14782
14794
14806
14818
14831
14843
14855
14867
14880
14895
14911
14927
14942
14958
14974
14990
15005
15021
15037
15052
15068
15084
15100
15129
15160
15190
15220
15250
15274
15298
15322
15346
15370
15440
15510
15540
15570
15600
15630
15670
15710
15750
15793
15836
15880
15912
15945
15977
16010
16022
16034
16046
16058
16071
16083
16095
16107
16120
16149
16180
16210
16239
16265
16291
16318
16344
16370
16386
16403
16420
16436
16453
16470
16485
16501
16517
16532
16548
16564
16580
16594
16608
16622
16637
16651
16665
16680
16695
16711
16727
16742
16758
16774
16790
16825
16860
16895
16930
16945
16961
16977
16992
17008
17024
17040
17050
17060
17070
17080
17090
17099
17110
17119
17130
17139
17150
17169
17189
17210
17230
17250
17270
17283
17297
17311
17325
17338
17352
17366
17380
17392
17404
17416
17428
17441
17453
17465
17477
17490
17506
17522
17538
17555
17571
17587
17603
17620
17631
17642
17653
17664
17675
17686
17697
17708
17720
17730
17741
17753
17764
17775
17785
17796
17808
17819
17830
17847
17864
17881
17898
17915
17932
17950
17968
17986
18005
18023
18041
18060
18073
18087
18101
18115
18128
18142
18156
18170
18188
18207
18225
18244
18262
18281
18300
18320
18340
18360
18380
18400
18420
18437
18454
18471
18488
18505
18522
18540
18558
18576
18595
18613
18631
18650
18674
18698
18721
18746
18770
18782
18794
18806
18818
18830
18842
18854
18866
18878
18890
18903
18917
18931
18945
18958
18972
18986
19000
19010
19020
19030
19040
19050
19060
19070
19080
19090
19099
19110
19120
19130
19140
19150
19160
19170
19180
19190
19200
19210
19270
19330
19353
19376
19400
19423
19446
19470
19516
19563
19610
19637
19665
19692
19720
19735
19751
19766
19782
19797
19813
19828
19844
19860
19871
19882
19893
19904
19915
19926
19937
19948
19960
19972
19984
19996
20008
20021
20033
20045
20057
20070
20081
20092
20103
20114
20125
20136
20147
20158
20170
20188
20207
20225
20244
20262
20281
20300
20313
20327
20341
20355
20368
20382
20396
20410
20422
20434
20446
20458
20470
20482
20494
20506
20518
20530
20545
20560
20575
20590
20605
20619
20634
20650
20680
20710
20740
20770
20780
20791
20802
20813
20824
20835
20846
20857
20868
20879
20890
20896
20903
20910
20917
20924
20931
20938
20945
20951
20958
20965
20972
20979
20986
20993
21000
21012
21024
21036
21048
21061
21073
21085
21097
21110
21121
21131
21143
21154
21165
21176
21186
21198
21209
21220
21227
21235
21243
21251
21259
21267
21275
21282
21290
21298
21306
21314
21322
21330
21336
21343
21349
21356
21363
21369
21376
21383
21390
21396
21403
21410
21416
21423
21430
21436
21443
21450
21457
21464
21471
21478
21485
21491
21498
21505
21512
21519
21526
21533
21540
21545
21551
21557
21563
21569
21575
21581
21587
21592
21598
21604
21610
21616
21622
21628
21634
21640
21643
21647
21651
21655
21658
21662
21666
21670
21674
21677
21681
21685
21689
21693
21696
21700
21704
21708
21712
21715
21719
21723
21727
21731
21734
21738
21742
21746
21750
21760
21770
21780
21790
21800
21810
21820
21830
21840
21849
21860
21865
21870
21875
21881
21886
21891
21896
21902
21907
21912
21917
21923
21928
21933
21938
21944
21949
21954
21960
21967
21975
21982
21990
21998
22005
22013
22021
22028
22036
22044
22051
22059
22067
22074
22082
22090
22100
22110
22120
22130
22140
22150
22160
22170
22180
22190
22197
22205
22213
22221
22229
22237
22245
22252
22260
22268
22276
22284
22292
22300
22307
22314
22321
22328
22335
22342
22350
22357
22364
22371
22378
22385
22392
22400
22406
22412
22418
22425
22431
22437
22444
22450
22456
22463
22469
22475
22482
22488
22494
22501
22507
22513
22520
22526
22533
22540
22547
22554
22561
22568
22575
22581
22588
22595
22602
22609
22616
22623
22630
22636
22643
22650
22657
22664
22671
22678
22685
22691
22698
22705
22712
22719
22726
22733
22740
22749
22758
22767
22776
22785
22795
22804
22813
22822
22831
22840
22850
22860
22870
22880
22890
22900
22910
22920
22930
22940
22950
22960
22975
22991
23006
23022
23037
23053
23068
23084
23100
23114
23128
23142
23157
23171
23185
23200
23209
23218
23227
23236
23245
23255
23264
23273
23282
23291
23300
23310
23315
23321
23327
23333
23338
23344
23350
23356
23362
23367
23373
23379
23385
23391
23396
23402
23408
23414
23420
23425
23431
23436
23442
23447
23453
23458
23464
23469
23475
23480
23486
23491
23497
23502
23508
23513
23519
23524
23530
23537
23544
23552
23559
23566
23574
23581
23588
23596
23603
23610
23618
23625
23632
23640
23650
23660
23670
23680
23690
23700
23710
23720
23730
23740
23750
23761
23772
23783
23794
23805
23816
23827
23838
23849
23860
23866
23873
23880
23886
23893
23900
23906
23913
23920
23926
23933
23940
23946
23953
23960
23967
23975
23983
23991
23999
24007
24015
24022
24030
24038
24046
24054
24062
24070
24078
24086
24095
24103
24111
24120
24128
24136
24145
24153
24161
24170
24176
24183
24190
24197
24204
24211
24218
24225
24231
24238
24245
24252
24259
24266
24273
24280
24290
24300
24310
24320
24330
24340
24350
24360
24369
24380
24386
24392
24398
24404
24410
24416
24422
24428
24435
24441
24447
24453
24459
24465
24471
24477
24483
24490
24498
24506
24515
24523
24532
24540
24549
24557
24566
24574
24583
24591
24600
24608
24616
24625
24633
24641
24650
24658
24666
24675
24683
24691
24700
24706
24712
24718
24724
24730
24736
24742
24748
24755
24761
24767
24773
24779
24785
24791
24797
24803
24810
24817
24824
24832
24839
24846
24854
24861
24868
24876
24883
24890
24898
24905
24912
24920
24924
24929
24934
24939
24943
24948
24953
24958
24963
24967
24972
24977
24982
24986
24991
24996
25001
25006
25010
25015
25020
25025
25030
25035
25040
25045
25050
25055
25060
25065
25070
25075
25080
25085
25090
25095
25100
25105
25110
25115
25119
25125
25130
25134
25140
25145
25150
25154
25160
25165
25169
25175
25180
25185
25189
25195
25200
25205
25210
25215
25220
25225
25230
25235
25240
25245
25250
25254
25259
25264
25269
25273
25278
25283
25288
25293
25297
25302
25307
25312
25316
25321
25326
25331
25336
25340
25345
25350
25355
25360
25362
25365
25368
25371
25374
25377
25380
25382
25385
25388
25391
25394
25397
25400
25402
25405
25408
25411
25414
25417
25420
25422
25425
25428
25431
25434
25437
25440
25442
25445
25448
25451
25454
25457
25460
25464
25468
25473
25477
25481
25486
25490
25494
25499
25503
25507
25512
25516
25520
25525
25529
25533
25538
25542
25546
25551
25555
25559
25564
25568
25572
25577
25581
25585
25590
25593
25596
25599
25602
25605
25608
25611
25615
25618
25621
25624
25627
25630
25633
25636
25640
25643
25646
25649
25652
25655
25658
25661
25665
25668
25671
25674
25677
25680
25683
25686
25690
25694
25699
25704
25709
25713
25718
25723
25728
25733
25737
25742
25747
25752
25756
25761
25766
25771
25776
25780
25785
25790
25795
25800
25808
25817
25826
25835
25843
25852
25861
25870
25878
25887
25896
25905
25913
25922
25931
25940
25947
25954
25962
25969
25976
25984
25991
25998
26006
26013
26020
26028
26035
26042
26050
26059
26068
26077
26086
26095
26104
26113
26122
26131
26140
26150
26160
26169
26180
26190
26200
26210
26220
26230
26240
26250
26260
26268
26276
26285
26293
26302
26310
26319
26327
26336
26344
26353
26361
26370
26379
26388
26397
26406
26415
26424
26433
26442
26451
26460
26470
26477
26485
26493
26501
26509
26517
26525
26532
26540
26548
26556
26564
26572
26580
26587
26595
26603
26610
26618
26626
26633
26641
26649
26656
26664
26672
26680
26687
26695
26703
26711
26719
26727
26735
26742
26750
26758
26766
26774
26782
26790
26794
26799
26803
26808
26812
26817
26821
26826
26830
26835
26840
26844
26849
26853
26858
26862
26867
26871
26876
26880
26885
26890
26893
26897
26901
26905
26909
26913
26917
26921
26925
26929
26933
26937
26941
26945
26948
26952
26956
26960
26964
26968
26972
26976
26980
26984
26988
26992
26996
27000
27005
27011
27017
27023
27028
27034
27040
27046
27052
27057
27063
27069
27075
27081
27086
27092
27098
27104
27110
27115
27120
27125
27131
27136
27141
27146
27152
27157
27162
27167
27173
27178
27183
27188
27194
27199
27204
27210
27216
27222
27229
27235
27242
27248
27255
27261
27268
27274
27281
27287
27294
27300
27307
27313
27320
27331
27342
27353
27364
27375
27386
27397
27408
27420
27427
27434
27442
27449
27456
27464
27471
27478
27486
27493
27500
27508
27515
27522
27530
27533
27537
27541
27544
27548
27552
27555
27559
27563
27567
27570
27574
27578
27581
27585
27589
27592
27596
27600
27604
27607
27611
27615
27618
27622
27626
27630
27638
27647
27656
27665
27673
27682
27691
27700
27708
27717
27726
27735
27743
27752
27761
27770
27773
27777
27781
27785
27788
27792
27796
27800
27804
27807
27811
27815
27819
27823
27826
27830
27834
27838
27842
27845
27849
27853
27857
27861
27864
27868
27872
27876
27880
27885
27891
27897
27903
27908
27914
27920
27926
27932
27937
27943
27949
27955
27961
27966
27972
27978
27984
27990
27997
28005
28012
28020
28027
28035
28042
28049
28057
28064
28072
28080
28087
28095
28102
28110
28119
28128
28137
28146
28155
28164
28173
28182
28191
28200
28210
28218
28227
28235
28244
28252
28261
28270
28278
28287
28295
28304
28312
28321
28330
28339
28348
28357
28366
28375
28384
28394
28403
28412
28421
28430
28440
28448
28456
28465
28473
28482
28490
28499
28507
28516
28524
28533
28541
28550
28559
28568
28577
28586
28595
28604
28613
28622
28631
28640
28650
28661
28673
28685
28697
28709
28720
28732
28744
28756
28768
28780
28793
28807
28821
28835
28848
28862
28876
28890
28903
28917
28931
28945
28958
28972
28986
29000
29015
29031
29047
29062
29078
29094
29110
29130
29150
29170
29190
29210
29219
29228
29237
29246
29255
29265
29274
29283
29292
29301
29310
29320
29330
29340
29350
29360
29370
29380
29390
29400
29410
29420
29431
29442
29453
29464
29475
29486
29497
29508
29519
29530
29537
29544
29551
29558
29565
29572
29580
29587
29594
29601
29608
29615
29622
29630
29635
29640
29645
29650
29656
29661
29666
29671
29676
29682
29687
29692
29697
29703
29708
29713
29718
29723
29729
29734
29739
29744
29750
29754
29758
29763
29767
29772
29776
29780
29785
29789
29794
29798
29802
29807
29811
29816
29820
29824
29829
29833
29838
29842
29846
29851
29855
29860
29865
29871
29877
29883
29889
29895
29901
29907
29912
29918
29924
29930
29936
29942
29948
29954
29960
