2
4
7
9
11
14
16
18
21
23
25
28
30
32
35
37
39
42
44
46
49
51
53
56
58
60
63
65
67
70
72
74
77
79
81
84
86
88
91
93
95
98
100
102
105
107
110
112
114
117
119
122
124
127
129
131
134
136
139
141
144
146
149
151
153
156
158
161
163
166
168
170
173
175
178
180
183
185
188
190
192
195
197
200
202
205
207
210
212
215
218
220
223
226
228
231
234
236
239
242
244
247
250
252
255
258
260
263
266
269
271
274
277
279
282
285
287
290
293
295
298
301
303
306
309
311
314
317
320
321
323
325
327
329
331
333
335
336
338
340
342
344
346
348
350
352
353
355
357
359
361
363
365
367
369
370
372
374
376
378
380
382
384
386
387
389
391
393
395
397
399
401
403
404
406
408
410
412
414
416
418
420
421
423
425
427
429
431
433
435
437
439
441
443
445
447
449
451
453
455
457
459
461
463
465
467
469
471
473
475
476
478
480
482
484
486
488
490
492
494
496
498
500
502
504
506
508
510
512
514
516
518
520
522
524
526
528
530
531
533
535
537
538
540
542
544
546
547
549
551
553
555
556
558
560
562
563
565
567
569
571
572
574
576
578
580
581
583
585
587
588
590
592
594
596
597
599
601
603
605
606
608
610
612
613
615
617
619
621
622
624
626
628
630
632
634
636
638
640
642
644
646
648
650
652
654
656
658
660
662
664
666
668
670
672
674
676
677
679
681
683
686
688
690
692
694
696
698
700
702
704
706
708
710
712
714
716
718
720
722
724
726
728
730
732
734
736
738
740
741
743
745
747
749
751
753
754
756
758
760
762
764
766
767
769
771
773
775
777
779
781
782
784
786
788
790
792
794
795
797
799
801
803
805
807
808
810
812
814
816
818
820
822
823
825
827
829
831
833
835
836
838
840
842
844
846
848
850
852
855
858
860
863
866
868
871
874
876
879
882
884
887
890
892
895
898
900
903
906
909
911
914
917
919
922
925
927
930
933
935
938
941
943
946
949
951
954
957
960
962
964
966
968
970
972
974
976
979
981
983
985
987
989
991
993
995
998
1000
1002
1004
1006
1008
1010
1012
1014
1017
1019
1021
1023
1025
1027
1029
1031
1034
1036
1038
1040
1042
1044
1046
1048
1050
1053
1055
1057
1059
1061
1063
1065
1067
1070
1072
1074
1077
1079
1081
1084
1086
1089
1091
1093
1096
1098
1100
1103
1105
1108
1110
1112
1115
1117
1120
1122
1124
1127
1129
1131
1134
1136
1139
1141
1143
1146
1148
1150
1153
1155
1158
1160
1162
1165
1167
1170
1172
1175
1177
1180
1182
1185
1187
1190
1193
1195
1198
1200
1203
1205
1208
1210
1213
1216
1218
1221
1223
1226
1228
1231
1233
1236
1239
1241
1244
1246
1249
1251
1254
1256
1259
1262
1264
1267
1269
1272
1274
1277
1280
1281
1283
1285
1287
1289
1291
1293
1295
1296
1298
1300
1302
1304
1306
1308
1310
1312
1313
1315
1317
1319
1321
1323
1325
1327
1329
1330
1332
1334
1336
1338
1340
1342
1344
1346
1347
1349
1351
1353
1355
1357
1359
1361
1363
1364
1366
1368
1370
1372
1374
1376
1378
1380
1382
1384
1386
1388
1390
1392
1394
1396
1398
1400
1402
1404
1406
1408
1410
1412
1414
1416
1418
1420
1422
1424
1426
1428
1430
1432
1434
1436
1438
1440
1442
1444
1446
1448
1450
1452
1454
1456
1458
1460
1462
1464
1466
1468
1470
1472
1474
1476
1478
1480
1482
1484
1486
1488
1490
1492
1494
1496
1499
1501
1503
1506
1508
1510
1512
1515
1517
1519
1522
1524
1526
1528
1531
1533
1535
1538
1540
1542
1545
1547
1549
1551
1554
1556
1558
1561
1563
1565
1567
1570
1572
1574
1577
1579
1581
1583
1586
1588
1590
1593
1595
1597
1600
1602
1604
1607
1609
1612
1614
1617
1619
1621
1624
1626
1629
1631
1634
1636
1639
1641
1643
1646
1648
1651
1653
1656
1658
1660
1663
1665
1668
1670
1673
1675
1678
1680
1682
1685
1687
1690
1692
1695
1697
1700
1701
1703
1705
1707
1709
1711
1713
1714
1716
1718
1720
1722
1724
1726
1727
1729
1731
1733
1735
1737
1739
1741
1742
1744
1746
1748
1750
1752
1754
1755
1757
1759
1761
1763
1765
1767
1768
1770
1772
1774
1776
1778
1780
1782
1783
1785
1787
1789
1791
1793
1795
1796
1798
1800
1802
1804
1806
1808
1810
1814
1818
1822
1826
1830
1834
1838
1842
1846
1850
1854
1858
1862
1865
1869
1874
1878
1882
1886
1890
1894
1898
1902
1906
1910
1912
1914
1916
1919
1921
1923
1925
1928
1930
1932
1934
1937
1939
1941
1943
1946
1948
1950
1953
1955
1957
1959
1962
1964
1966
1968
1971
1973
1975
1977
1980
1982
1984
1986
1989
1991
1993
1996
1998
2000
2002
2005
2007
2009
2011
2014
2016
2018
2020
2023
2025
2027
2029
2031
2033
2035
2037
2039
2041
2043
2045
2047
2049
2051
2053
2054
2056
2058
2060
2062
2064
2066
2068
2070
2072
2074
2076
2078
2080
2081
2083
2085
2087
2089
2091
2093
2095
2097
2099
2101
2103
2105
2106
2108
2110
2112
2114
2116
2118
2120
2122
2124
2126
2128
2130
2132
2134
2136
2138
2140
2142
2144
2146
2148
2150
2152
2154
2156
2159
2161
2163
2165
2167
2169
2171
2173
2175
2177
2179
2181
2183
2186
2188
2190
2192
2194
2196
2198
2200
2202
2204
2206
2208
2210
2213
2215
2217
2219
2221
2223
2225
2227
2229
2231
2233
2235
2237
2240
2242
2244
2246
2248
2250
2252
2255
2257
2259
2261
2263
2265
2268
2270
2272
2274
2276
2278
2280
2283
2285
2287
2289
2291
2293
2296
2298
2300
2302
2304
2306
2309
2311
2313
2315
2317
2319
2321
2324
2326
2328
2330
2332
2334
2337
2339
2341
2343
2345
2347
2350
2351
2353
2355
2357
2359
2361
2363
2365
2366
2368
2370
2372
2374
2376
2378
2380
2382
2383
2385
2387
2389
2391
2393
2395
2397
2399
2400
2402
2404
2406
2408
2410
2412
2414
2416
2417
2419
2421
2423
2425
2427
2429
2431
2433
2434
2436
2438
2440
2442
2444
2446
2448
2450
2452
2454
2456
2458
2461
2463
2465
2467
2469
2472
2474
2476
2478
2480
2483
2485
2487
2489
2491
2494
2496
2498
2500
2502
2505
2507
2509
2511
2513
2516
2518
2520
2522
2524
2527
2529
2531
2533
2535
2538
2540
2542
2544
2546
2549
2551
2553
2555
2557
2560
2562
2564
2566
2568
2570
2572
2574
2576
2578
2580
2582
2584
2586
2588
2590
2592
2594
2596
2598
2600
2602
2604
2606
2608
2611
2613
2615
2617
2619
2621
2623
2625
2627
2629
2631
2633
2635
2637
2639
2641
2643
2645
2647
2649
2651
2653
2655
2657
2660
2662
2664
2667
2669
2671
2674
2676
2678
2681
2683
2685
2688
2690
2692
2695
2697
2699
2702
2704
2706
2709
2711
2713
2716
2718
2720
2723
2725
2727
2730
2732
2734
2737
2739
2741
2744
2746
2748
2751
2753
2755
2758
2760
2762
2765
2767
2770
2772
2774
2776
2778
2781
2783
2785
2787
2789
2792
2794
2796
2798
2800
2803
2805
2807
2809
2811
2814
2816
2818
2820
2822
2825
2827
2829
2831
2833
2836
2838
2840
2842
2844
2847
2849
2851
2853
2855
2858
2860
2862
2864
2866
2869
2871
2873
2875
2877
2880
2881
2883
2885
2887
2889
2891
2893
2895
2897
2899
2901
2903
2905
2907
2908
2910
2912
2914
2916
2918
2920
2922
2924
2926
2928
2930
2932
2934
2935
2937
2939
2941
2943
2945
2947
2949
2951
2953
2955
2957
2959
2961
2962
2964
2966
2968
2970
2972
2974
2976
2978
2980
2982
2984
2986
2988
2990
2992
2994
2996
2998
3000
3002
3004
3006
3008
3010
3012
3014
3016
3018
3020
3022
3024
3026
3028
3030
3032
3034
3036
3038
3040
3042
3044
3046
3048
3050
3052
3054
3056
3058
3060
3062
3064
3066
3068
3070
3072
3074
3076
3078
3080
3082
3084
3086
3088
3090
3092
3094
3096
3098
3100
3101
3103
3105
3107
3109
3111
3113
3115
3117
3119
3121
3123
3125
3126
3128
3130
3132
3134
3136
3138
3140
3142
3144
3146
3148
3150
3151
3153
3155
3157
3159
3161
3163
3165
3167
3169
3171
3173
3175
3176
3178
3180
3182
3184
3186
3188
3190
3192
3194
3196
3198
3200
3202
3204
3206
3208
3210
3212
3214
3216
3218
3220
3222
3224
3226
3229
3231
3233
3235
3237
3239
3241
3243
3245
3247
3249
3251
3253
3256
3258
3260
3262
3264
3266
3268
3270
3272
3274
3276
3278
3280
3283
3285
3287
3289
3291
3293
3295
3297
3299
3301
3303
3305
3307
3310
3311
3313
3314
3316
3318
3319
3321
3323
3324
3326
3328
3329
3331
3332
3334
3336
3337
3339
3341
3342
3344
3346
3347
3349
3350
3352
3354
3355
3357
3359
3360
3362
3364
3365
3367
3369
3370
3372
3373
3375
3377
3378
3380
3382
3383
3385
3387
3388
3390
3391
3393
3395
3396
3398
3400
3401
3403
3405
3406
3408
3410
3411
3413
3415
3417
3419
3421
3423
3425
3427
3428
3430
3432
3434
3436
3438
3440
3442
3444
3446
3447
3449
3451
3453
3455
3457
3459
3461
3463
3465
3466
3468
3470
3472
3474
3476
3478
3480
3482
3483
3485
3487
3489
3491
3493
3495
3497
3499
3501
3502
3504
3506
3508
3510
3512
3514
3516
3518
3520
3521
3523
3525
3527
3529
3531
3533
3535
3537
3539
3541
3543
3545
3547
3548
3550
3552
3554
3556
3558
3560
3562
3564
3566
3568
3570
3572
3574
3575
3577
3579
3581
3583
3585
3587
3589
3591
3593
3595
3597
3599
3601
3602
3604
3606
3608
3610
3612
3614
3616
3618
3620
3622
3624
3626
3628
3630
3632
3634
3637
3639
3641
3644
3646
3649
3651
3653
3656
3658
3661
3663
3665
3668
3670
3673
3675
3677
3680
3682
3685
3687
3689
3692
3694
3696
3699
3701
3704
3706
3708
3711
3713
3716
3718
3720
3723
3725
3728
3730
3732
3735
3737
3740
3741
3743
3745
3747
3749
3751
3753
3755
3757
3758
3760
3762
3764
3766
3768
3770
3772
3774
3776
3777
3779
3781
3783
3785
3787
3789
3791
3793
3795
3796
3798
3800
3802
3804
3806
3808
3810
3812
3813
3815
3817
3819
3821
3823
3825
3827
3829
3831
3832
3834
3836
3838
3840
3842
3844
3846
3848
3850
3852
3854
3857
3859
3861
3864
3866
3869
3871
3873
3876
3878
3880
3883
3885
3888
3890
3892
3895
3897
3900
3902
3904
3907
3909
3911
3914
3916
3919
3921
3923
3926
3928
3930
3933
3935
3938
3940
3942
3945
3947
3950
3952
3954
3956
3959
3961
3963
3966
3968
3970
3972
3975
3977
3979
3982
3984
3986
3988
3991
3993
3995
3998
4000
4002
4005
4007
4009
4011
4014
4016
4018
4021
4023
4025
4027
4030
4032
4034
4037
4039
4041
4043
4046
4048
4050
4053
4055
4057
4059
4062
4064
4066
4068
4070
4072
4074
4077
4079
4081
4083
4085
4087
4089
4091
4094
4096
4098
4100
4102
4104
4106
4108
4111
4113
4115
4117
4119
4121
4123
4125
4128
4130
4132
4134
4136
4138
4140
4142
4145
4147
4149
4151
4153
4155
4157
4160
4162
4164
4166
4168
4170
4172
4174
4176
4178
4180
4182
4184
4186
4188
4190
4192
4194
4196
4197
4200
4202
4204
4205
4208
4210
4212
4213
4216
4218
4220
4221
4224
4226
4228
4229
4231
4234
4236
4238
4239
4242
4244
4246
4247
4250
4252
4254
4255
4258
4260
4262
4263
4266
4268
4270
4271
4274
4276
4278
4279
4282
4284
4286
4287
4290
4292
4294
4295
4298
4300
4302
4303
4306
4308
4310
4311
4314
4316
4318
4319
4322
4324
4326
4327
4330
4332
4334
4335
4338
4340
4342
4343
4346
4348
4350
4351
4354
4356
4358
4359
4362
4364
4366
4367
4370
4372
4374
4375
4378
4380
4382
4385
4387
4390
4392
4395
4397
4400
4402
4405
4407
4410
4412
4415
4417
4420
4422
4425
4427
4430
4432
4435
4437
4439
4442
4445
4447
4450
4452
4455
4457
4460
4462
4465
4467
4470
4472
4475
4477
4480
4482
4485
4487
4490
4492
4495
4497
4500
4502
4504
4506
4509
4511
4513
4515
4518
4520
4522
4524
4527
4529
4531
4533
4536
4538
4540
4543
4545
4547
4549
4552
4554
4556
4558
4561
4563
4565
4567
4570
4572
4574
4576
4579
4581
4583
4586
4588
4590
4592
4595
4597
4599
4601
4604
4606
4608
4610
4613
4615
4617
4620
4621
4623
4625
4627
4629
4630
4632
4634
4636
4638
4640
4641
4643
4645
4647
4649
4650
4652
4654
4656
4658
4660
4661
4663
4665
4667
4669
4670
4672
4674
4676
4678
4680
4681
4683
4685
4687
4689
4690
4692
4694
4696
4698
4700
4701
4703
4705
4707
4709
4710
4712
4714
4716
4718
4720
4722
4724
4726
4728
4730
4732
4734
4736
4738
4740
4742
4744
4746
4748
4750
4752
4754
4756
4758
4760
4762
4764
4766
4768
4770
4772
4775
4777
4779
4781
4783
4785
4787
4789
4791
4793
4795
4797
4799
4801
4803
4805
4807
4809
4811
4813
4815
4817
4819
4821
4823
4825
4827
4830
4832
4834
4836
4838
4840
4842
4844
4846
4848
4850
4852
4854
4856
4858
4860
4862
4864
4866
4868
4870
4872
4874
4876
4878
4880
4882
4883
4886
4888
4890
4891
4894
4896
4898
4899
4902
4904
4906
4907
4910
4912
4914
4915
4918
4920
4922
4923
4926
4928
4930
4932
4934
4936
4938
4940
4942
4944
4946
4949
4951
4953
4955
4957
4959
4961
4963
4965
4968
4970
4972
4974
4976
4978
4980
4982
4984
4987
4989
4991
4993
4995
4997
4999
5001
5004
5006
5008
5010
5012
5014
5016
5018
5020
5023
5025
5027
5029
5031
5033
5035
5037
5040
5041
5043
5045
5047
5049
5051
5053
5055
5057
5059
5061
5063
5064
5066
5068
5070
5072
5074
5076
5078
5080
5082
5084
5086
5088
5090
5091
5093
5095
5097
5099
5101
5103
5105
5107
5109
5111
5113
5115
5116
5118
5120
5122
5124
5126
5128
5130
5132
5134
5136
5138
5140
5141
5143
5145
5147
5149
5151
5153
5155
5157
5159
5161
5163
5165
5167
5169
5171
5173
5175
5177
5179
5181
5183
5185
5187
5189
5191
5193
5195
5196
5198
5200
5202
5204
5206
5208
5210
5212
5214
5216
5218
5220
5222
5224
5226
5228
5230
5232
5234
5236
5238
5240
5242
5244
5246
5248
5250
5252
5254
5256
5258
5260
5262
5264
5266
5268
5270
5272
5274
5276
5278
5280
5282
5284
5286
5288
5290
5292
5294
5296
5298
5300
5302
5305
5307
5309
5311
5313
5315
5317
5319
5321
5323
5325
5327
5329
5331
5333
5335
5337
5339
5341
5343
5345
5347
5349
5351
5353
5355
5357
5360
5361
5363
5365
5367
5369
5371
5373
5375
5377
5379
5381
5383
5385
5386
5388
5390
5392
5394
5396
5398
5400
5402
5404
5406
5408
5410
5411
5413
5415
5417
5419
5421
5423
5425
5427
5429
5431
5433
5435
5436
5438
5440
5442
5444
5446
5448
5450
5452
5454
5456
5458
5460
5462
5464
5466
5468
5471
5473
5475
5477
5479
5482
5484
5486
5488
5490
5493
5495
5497
5499
5501
5504
5506
5508
5510
5512
5515
5517
5519
5521
5523
5526
5528
5530
5532
5534
5537
5539
5541
5543
5545
5548
5550
5552
5554
5556
5559
5561
5563
5565
5567
5570
5572
5574
5576
5578
5580
5582
5584
5586
5588
5590
5592
5594
5596
5598
5600
5602
5604
5606
5608
5610
5612
5614
5616
5618
5621
5623
5625
5627
5629
5631
5633
5635
5637
5639
5641
5643
5645
5647
5649
5651
5653
5655
5657
5659
5661
5663
5665
5667
5670
5672
5674
5676
5678
5681
5683
5685
5687
5690
5692
5694
5696
5699
5701
5703
5705
5708
5710
5712
5714
5717
5719
5721
5723
5726
5728
5730
5732
5735
5737
5739
5741
5744
5746
5748
5750
5753
5755
5757
5759
5762
5764
5766
5768
5771
5773
5775
5777
5780
5781
5783
5785
5787
5788
5790
5792
5794
5795
5797
5799
5801
5802
5804
5806
5808
5809
5811
5813
5815
5816
5818
5820
5822
5823
5825
5827
5829
5830
5832
5834
5836
5837
5839
5841
5843
5844
5846
5848
5850
5851
5853
5855
5857
5858
5860
5862
5864
5865
5867
5869
5871
5872
5874
5876
5878
5880
5882
5884
5886
5888
5891
5893
5895
5897
5899
5902
5904
5906
5908
5910
5913
5915
5917
5919
5921
5924
5926
5928
5930
5932
5935
5937
5939
5941
5943
5946
5948
5950
5952
5954
5957
5959
5961
5963
5965
5968
5970
5972
5974
5976
5979
5981
5983
5985
5987
5990
5992
5994
5996
5998
6001
6003
6005
6007
6010
6012
6014
6016
6019
6021
6023
6025
6028
6030
6032
6034
6037
6039
6041
6043
6046
6048
6050
6052
6055
6057
6059
6061
6064
6066
6068
6070
6073
6075
6077
6079
6082
6084
6086
6088
6091
6093
6095
6097
6100
6102
6104
6106
6108
6110
6113
6115
6117
6119
6121
6123
6126
6128
6130
6132
6134
6136
6139
6141
6143
6145
6147
6150
6152
6154
6156
6158
6160
6163
6165
6167
6169
6171
6173
6176
6178
6180
6182
6184
6186
6189
6191
6193
6195
6197
6200
6202
6204
6206
6208
6210
6212
6215
6217
6219
6221
6223
6225
6228
6230
6232
6234
6236
6238
6240
6243
6245
6247
6249
6251
6253
6256
6258
6260
6262
6264
6266
6269
6271
6273
6275
6277
6279
6281
6284
6286
6288
6290
6292
6294
6297
6299
6301
6303
6305
6307
6310
6312
6314
6317
6319
6321
6324
6326
6329
6331
6333
6336
6338
6340
6343
6345
6348
6350
6352
6355
6357
6359
6362
6364
6367
6369
6371
6374
6376
6379
6381
6383
6386
6388
6390
6393
6395
6398
6400
6402
6405
6407
6410
6412
6414
6416
6418
6420
6422
6424
6426
6428
6430
6432
6434
6436
6439
6441
6443
6445
6447
6449
6451
6453
6455
6457
6459
6461
6463
6466
6468
6470
6472
6474
6476
6478
6480
6482
6484
6486
6488
6490
6493
6495
6497
6499
6501
6503
6505
6507
6509
6511
6513
6515
6517
6520
6522
6524
6527
6529
6532
6534
6537
6540
6542
6545
6547
6550
6552
6555
6557
6560
6562
6564
6567
6569
6572
6574
6577
6580
6582
6585
6587
6590
6592
6595
6597
6600
6602
6604
6607
6609
6612
6615
6617
6620
6622
6625
6627
6630
6632
6634
6636
6638
6640
6642
6644
6646
6649
6651
6653
6655
6657
6659
6661
6663
6665
6668
6670
6672
6674
6676
6678
6680
6682
6685
6687
6689
6691
6693
6695
6697
6699
6701
6704
6706
6708
6710
6712
6714
6716
6718
6720
6723
6725
6727
6729
6731
6733
6735
6737
6740
6742
6744
6746
6748
6751
6753
6755
6757
6759
6762
6764
6766
6768
6770
6773
6775
6777
6779
6781
6784
6786
6788
6790
6792
6795
6797
6799
6801
6803
6806
6808
6810
6812
6814
6817
6819
6821
6823
6825
6827
6830
6832
6834
6836
6838
6841
6843
6845
6847
6850
6851
6853
6855
6857
6859
6861
6863
6865
6866
6868
6870
6872
6874
6876
6878
6880
6882
6883
6885
6887
6889
6891
6893
6895
6897
6899
6900
6902
6904
6906
6908
6910
6912
6914
6916
6917
6919
6921
6923
6925
6927
6929
6931
6933
6934
6936
6938
6940
6942
6944
6946
6948
6950
6951
6953
6955
6957
6959
6961
6962
6964
6966
6968
6970
6972
6973
6975
6977
6979
6981
6983
6984
6986
6988
6990
6992
6994
6995
6997
6999
7001
7003
7005
7006
7008
7010
7012
7014
7016
7017
7019
7021
7023
7025
7027
7028
7030
7032
7034
7036
7037
7039
7041
7043
7045
7047
7048
7050
7052
7054
7056
7058
7060
7061
7063
7065
7067
7069
7071
7073
7075
7077
7079
7081
7083
7085
7086
7088
7090
7092
7094
7096
7098
7100
7102
7104
7106
7108
7109
7111
7113
7115
7117
7119
7121
7123
7125
7127
7129
7131
7133
7135
7136
7138
7140
7142
7144
7146
7148
7150
7152
7154
7156
7158
7160
7162
7164
7166
7168
7170
7172
7174
7176
7178
7180
7182
7184
7186
7188
7190
7192
7194
7196
7198
7200
7202
7204
7206
7208
7210
7212
7215
7217
7219
7221
7223
7225
7227
7229
7231
7233
7235
7237
7239
7241
7243
7245
7247
7249
7251
7253
7255
7257
7259
7261
7263
7265
7267
7270
7272
7274
7276
7278
7281
7283
7285
7287
7289
7292
7294
7296
7298
7300
7303
7305
7307
7309
7311
7314
7316
7318
7320
7322
7324
7327
7329
7331
7333
7335
7338
7340
7342
7344
7346
7349
7351
7353
7355
7358
7360
7362
7364
7366
7369
7371
7373
7375
7377
7380
7382
7384
7386
7389
7391
7393
7396
7398
7400
7402
7405
7407
7409
7412
7414
7416
7418
7421
7423
7425
7428
7430
7432
7435
7437
7439
7441
7444
7446
7448
7451
7453
7455
7457
7460
7462
7464
7467
7469
7471
7473
7476
7478
7480
7483
7485
7487
7490
7492
7494
7496
7498
7500
7502
7504
7506
7509
7511
7513
7515
7517
7519
7521
7523
7525
7528
7530
7532
7534
7536
7538
7540
7542
7545
7547
7549
7551
7553
7555
7557
7559
7561
7564
7566
7568
7570
7572
7574
7576
7578
7580
7583
7585
7587
7589
7591
7593
7595
7597
7600
7602
7604
7607
7609
7612
7614
7617
7619
7621
7624
7626
7629
7631
7634
7636
7639
7641
7643
7646
7648
7651
7653
7656
7658
7660
7663
7665
7668
7670
7673
7675
7678
7680
7682
7685
7687
7690
7692
7695
7697
7700
7702
7704
7707
7709
7711
7714
7716
7719
7721
7723
7726
7728
7731
7733
7735
7738
7740
7743
7745
7747
7750
7752
7755
7757
7759
7762
7764
7766
7769
7771
7774
7776
7778
7781
7783
7786
7788
7790
7793
7795
7798
7800
7802
7805
7807
7810
7813
7816
7819
7822
7825
7828
7831
7834
7837
7840
7843
7846
7849
7852
7855
7858
7861
7864
7867
7870
7873
7876
7879
7882
7885
7888
7891
7894
7897
7900
7903
7906
7910
7912
7915
7917
7920
7922
7925
7927
7930
7932
7935
7937
7940
7942
7945
7947
7950
7952
7955
7957
7960
7962
7965
7967
7970
7972
7975
7977
7979
7982
7984
7987
7989
7992
7995
7997
8000
8002
8004
8007
8010
8012
8014
8017
8020
8022
8024
8027
8029
8031
8034
8036
8039
8041
8043
8046
8048
8051
8053
8055
8058
8060
8063
8065
8067
8070
8072
8074
8077
8079
8082
8084
8086
8089
8091
8094
8096
8098
8101
8103
8106
8108
8110
8113
8115
8118
8120
8122
8125
8127
8130
8132
8134
8136
8138
8140
8142
8144
8146
8148
8150
8152
8154
8156
8158
8160
8162
8164
8166
8168
8170
8172
8174
8176
8178
8180
8182
8185
8187
8189
8191
8193
8195
8197
8199
8201
8203
8205
8207
8209
8211
8213
8215
8217
8219
8221
8223
8225
8227
8229
8231
8233
8235
8237
8240
8242
8244
8247
8249
8251
8254
8256
8259
8261
8263
8266
8268
8271
8273
8275
8278
8280
8283
8285
8287
8290
8292
8295
8297
8299
8302
8304
8306
8309
8311
8314
8316
8318
8321
8323
8326
8328
8330
8333
8335
8338
8340
8342
8345
8347
8350
8352
8354
8356
8358
8360
8362
8364
8366
8368
8370
8372
8375
8377
8379
8381
8383
8385
8387
8389
8391
8393
8395
8397
8399
8402
8404
8406
8408
8410
8412
8414
8416
8418
8420
8422
8424
8427
8429
8431
8433
8435
8437
8439
8441
8443
8445
8447
8450
8452
8454
8456
8459
8461
8463
8466
8468
8470
8472
8475
8477
8479
8482
8484
8486
8488
8491
8493
8495
8498
8500
8502
8504
8507
8509
8511
8514
8516
8518
8521
8523
8525
8527
8530
8532
8534
8537
8539
8541
8543
8546
8548
8550
8553
8555
8557
8560
8562
8564
8567
8569
8572
8574
8577
8579
8582
8584
8586
8589
8591
8594
8596
8599
8601
8604
8606
8608
8611
8613
8616
8618
8621
8623
8626
8628
8630
8633
8635
8638
8640
8643
8645
8648
8650
8652
8655
8657
8660
8662
8665
8667
8670
8672
8675
8677
8680
8682
8685
8687
8690
8693
8695
8698
8700
8703
8705
8708
8710
8713
8716
8718
8721
8723
8726
8728
8731
8733
8736
8739
8741
8744
8746
8749
8751
8754
8756
8759
8762
8764
8767
8769
8772
8774
8777
8780
8782
8784
8787
8789
8792
8794
8797
8799
8801
8804
8806
8809
8811
8814
8816
8819
8821
8823
8826
8828
8831
8833
8836
8838
8840
8843
8845
8848
8850
8853
8855
8858
8860
8862
8865
8867
8870
8872
8875
8877
8880
8881
8883
8885
8887
8889
8891
8893
8895
8897
8898
8900
8902
8904
8906
8908
8910
8912
8914
8916
8917
8919
8921
8923
8925
8927
8929
8931
8933
8935
8936
8938
8940
8942
8944
8946
8948
8950
8952
8953
8955
8957
8959
8961
8963
8965
8967
8969
8971
8972
8974
8976
8978
8980
8982
8984
8986
8988
8990
8991
8993
8995
8997
8999
9001
9003
9005
9007
9009
9011
9013
9015
9017
9019
9021
9023
9025
9027
9029
9031
9033
9035
9037
9039
9041
9043
9045
9046
9048
9050
9052
9054
9056
9058
9060
9062
9064
9066
9068
9070
9072
9074
9076
9078
9080
9082
9084
9086
9088
9090
9092
9094
9096
9098
9100
9102
9105
9107
9110
9112
9115
9117
9120
9123
9125
9128
9130
9133
9135
9138
9141
9143
9146
9148
9151
9153
9156
9158
9161
9164
9166
9169
9171
9174
9176
9179
9182
9184
9187
9189
9192
9194
9197
9200
9202
9205
9207
9210
9212
9215
9217
9220
9223
9225
9228
9230
9233
9235
9238
9240
9243
9246
9248
9251
9253
9256
9258
9261
9263
9266
9269
9271
9274
9276
9279
9281
9284
9286
9289
9292
9294
9297
9299
9302
9304
9307
9310
9312
9314
9317
9319
9322
9324
9327
9329
9331
9334
9336
9339
9341
9344
9346
9349
9351
9353
9356
9358
9361
9363
9366
9368
9370
9373
9375
9378
9380
9383
9385
9388
9390
9392
9395
9397
9400
9402
9405
9407
9410
9412
9414
9417
9419
9421
9424
9426
9429
9431
9433
9436
9438
9441
9443
9445
9448
9450
9453
9455
9457
9460
9462
9465
9467
9469
9472
9474
9476
9479
9481
9484
9486
9488
9491
9493
9496
9498
9500
9503
9505
9508
9510
9512
9515
9517
9520
9522
9524
9526
9528
9530
9532
9533
9536
9538
9540
9542
9544
9546
9548
9550
9552
9554
9556
9558
9560
9562
9564
9566
9568
9570
9572
9574
9576
9578
9580
9582
9584
9586
9588
9590
9592
9594
9596
9598
9600
9602
9604
9606
9608
9610
9612
9614
9616
9618
9620
9622
9624
9626
9628
9630
9632
9634
9636
9639
9641
9643
9646
9648
9650
9652
9655
9657
9659
9662
9664
9666
9668
9671
9673
9675
9678
9680
9682
9685
9687
9689
9691
9694
9696
9698
9701
9703
9705
9707
9710
9712
9714
9717
9719
9721
9723
9726
9728
9730
9733
9735
9737
9740
9742
9744
9746
9749
9751
9753
9756
9758
9760
9762
9765
9767
9769
9772
9774
9776
9778
9781
9783
9785
9788
9790
9792
9795
9797
9799
9801
9804
9806
9808
9811
9813
9815
9817
9820
9822
9824
9827
9829
9831
9833
9836
9838
9840
9843
9845
9847
9850
9853
9856
9859
9862
9865
9868
9872
9875
9878
9881
9884
9887
9890
9894
9897
9900
9903
9906
9909
9912
9916
9919
9922
9925
9928
9931
9934
9938
9941
9944
9947
9950
9953
9956
9960
9962
9964
9967
9969
9972
9974
9977
9979
9982
9984
9986
9989
9991
9994
9996
9999
10001
10004
10006
10008
10011
10013
10016
10018
10021
10023
10026
10028
10030
10033
10035
10038
10040
10043
10045
10048
10050
10052
10055
10057
10060
10062
10065
10067
10070
10072
10074
10077
10079
10082
10084
10087
10089
10091
10094
10096
10099
10101
10104
10106
10109
10111
10113
10116
10118
10121
10123
10126
10128
10130
10133
10135
10138
10140
10143
10145
10148
10150
10152
10155
10157
10160
10162
10165
10167
10170
10172
10175
10177
10180
10182
10185
10187
10190
10193
10195
10198
10200
10203
10205
10208
10210
10213
10216
10218
10221
10223
10226
10228
10231
10233
10236
10239
10241
10244
10246
10249
10251
10254
10256
10259
10262
10264
10267
10269
10272
10274
10277
10280
10282
10285
10288
10291
10294
10297
10300
10303
10306
10309
10312
10315
10318
10321
10324
10327
10330
10332
10335
10338
10341
10344
10347
10350
10353
10356
10359
10362
10365
10368
10371
10374
10377
10380
10382
10384
10386
10388
10390
10393
10395
10397
10399
10401
10404
10406
10408
10410
10412
10414
10417
10419
10421
10423
10425
10428
10430
10432
10434
10436
10438
10441
10443
10445
10447
10449
10452
10454
10456
10458
10460
10462
10465
10467
10469
10471
10473
10476
10478
10480
10482
10484
10486
10489
10491
10493
10495
10497
10500
10502
10504
10506
10508
10511
10513
10515
10517
10519
10522
10524
10526
10528
10530
10533
10535
10537
10539
10541
10544
10546
10548
10550
10552
10555
10557
10559
10561
10563
10565
10568
10570
10572
10574
10577
10579
10581
10583
10585
10588
10590
10592
10594
10596
10599
10601
10603
10605
10607
10610
10612
10615
10617
10620
10622
10625
10627
10630
10633
10635
10638
10640
10643
10645
10648
10651
10653
10656
10658
10661
10663
10666
10668
10671
10674
10676
10679
10681
10684
10686
10689
10692
10694
10697
10699
10702
10704
10707
10710
10712
10714
10716
10719
10721
10723
10726
10728
10730
10732
10735
10737
10739
10742
10744
10746
10748
10751
10753
10755
10758
10760
10762
10765
10767
10769
10771
10774
10776
10778
10781
10783
10785
10787
10790
10792
10794
10797
10799
10801
10803
10806
10808
10810
10813
10815
10817
10820
10822
10824
10826
10828
10830
10832
10834
10836
10838
10840
10842
10844
10846
10848
10850
10852
10854
10856
10858
10860
10862
10864
10866
10868
10871
10873
10875
10877
10879
10881
10883
10885
10887
10889
10891
10893
10895
10897
10899
10901
10903
10905
10907
10909
10911
10913
10915
10917
10920
10922
10924
10926
10928
10931
10933
10935
10937
10939
10942
10944
10946
10948
10950
10953
10955
10957
10959
10961
10964
10966
10968
10970
10972
10975
10977
10979
10981
10983
10985
10988
10990
10992
10994
10997
10999
11001
11003
11005
11008
11010
11012
11014
11016
11019
11021
11023
11025
11027
11030
11032
11035
11037
11040
11042
11045
11047
11050
11053
11055
11058
11060
11063
11065
11068
11071
11073
11076
11078
11081
11083
11086
11088
11091
11094
11096
11099
11101
11104
11106
11109
11112
11114
11117
11119
11122
11124
11127
11130
11132
11134
11136
11138
11140
11142
11144
11146
11148
11150
11152
11154
11156
11159
11161
11163
11165
11167
11169
11171
11173
11175
11177
11179
11181
11183
11186
11188
11190
11192
11194
11196
11198
11200
11202
11204
11206
11208
11210
11213
11215
11217
11219
11221
11223
11225
11227
11229
11231
11233
11235
11237
11240
11242
11244
11246
11248
11250
11252
11254
11256
11258
11260
11262
11264
11266
11269
11271
11273
11275
11277
11279
11281
11283
11285
11287
11289
11291
11293
11296
11298
11300
11302
11304
11306
11308
11310
11312
11314
11316
11318
11320
11323
11325
11327
11329
11331
11333
11335
11337
11339
11341
11343
11345
11347
11350
11352
11354
11356
11358
11360
11362
11364
11366
11368
11370
11372
11374
11376
11378
11380
11382
11384
11386
11388
11390
11392
11394
11396
11398
11401
11403
11405
11407
11409
11411
11413
11415
11417
11419
11421
11423
11425
11427
11429
11431
11433
11435
11437
11439
11441
11443
11445
11447
11450
11453
11457
11460
11464
11468
11472
11475
11479
11483
11486
11490
11494
11497
11501
11504
11508
11512
11516
11519
11523
11527
11530
11534
11538
11541
11545
11549
11552
11556
11560
11562
11565
11568
11571
11573
11576
11579
11582
11585
11587
11590
11593
11596
11598
11601
11604
11607
11610
11612
11615
11618
11621
11623
11626
11629
11632
11635
11637
11640
11643
11646
11648
11651
11654
11657
11660
11662
11665
11668
11671
11673
11676
11679
11682
11684
11687
11690
11693
11695
11698
11701
11704
11706
11709
11712
11715
11717
11720
11723
11726
11728
11731
11734
11737
11739
11742
11745
11748
11750
11753
11756
11759
11761
11764
11767
11770
11772
11775
11778
11781
11784
11787
11790
11793
11796
11798
11801
11804
11807
11810
11813
11816
11819
11822
11825
11827
11830
11833
11836
11839
11842
11845
11848
11851
11853
11856
11859
11862
11865
11868
11871
11874
11877
11880
11882
11884
11886
11889
11891
11893
11896
11898
11900
11902
11905
11907
11909
11912
11914
11916
11918
11921
11923
11925
11928
11930
11932
11935
11937
11939
11941
11944
11946
11948
11951
11953
11955
11957
11960
11962
11964
11967
11969
11971
11973
11976
11978
11980
11983
11985
11987
11990
11992
11994
11996
11998
12001
12003
12005
12007
12009
12012
12014
12016
12018
12020
12023
12025
12027
12029
12031
12034
12036
12038
12040
12042
12045
12047
12049
12051
12053
12056
12058
12060
12062
12064
12067
12069
12071
12073
12075
12078
12080
12082
12084
12086
12089
12091
12093
12095
12097
12100
12102
12105
12107
12110
12113
12115
12118
12121
12123
12126
12128
12131
12134
12136
12139
12142
12144
12147
12149
12152
12155
12157
12160
12163
12165
12168
12171
12173
12176
12178
12181
12184
12186
12189
12192
12194
12197
12200
12202
12204
12207
12209
12211
12214
12216
12219
12221
12223
12226
12228
12231
12233
12235
12238
12240
12243
12245
12247
12250
12252
12254
12257
12259
12262
12264
12266
12269
12271
12274
12276
12278
12281
12283
12286
12288
12290
12293
12295
12298
12300
12302
12305
12307
12310
12313
12316
12319
12322
12326
12329
12332
12335
12339
12342
12345
12348
12351
12355
12358
12361
12364
12368
12371
12374
12377
12380
12384
12387
12390
12393
12397
12400
12403
12406
12410
12412
12415
12418
12421
12424
12427
12430
12433
12436
12438
12441
12444
12447
12450
12453
12456
12459
12462
12465
12467
12470
12473
12476
12479
12482
12485
12488
12491
12493
12496
12499
12502
12505
12508
12511
12514
12517
12520
12522
12524
12527
12529
12531
12534
12536
12539
12541
12543
12546
12548
12551
12553
12555
12558
12560
12563
12565
12567
12570
12572
12575
12577
12579
12582
12584
12586
12589
12591
12594
12596
12598
12601
12603
12606
12608
12610
12613
12615
12618
12620
12622
12625
12627
12630
12632
12634
12636
12639
12641
12643
12646
12648
12650
12652
12655
12657
12659
12662
12664
12666
12668
12671
12673
12675
12678
12680
12682
12685
12687
12689
12691
12694
12696
12698
12701
12703
12705
12707
12710
12712
12714
12717
12719
12721
12723
12726
12728
12730
12733
12735
12737
12740
12742
12745
12748
12750
12753
12756
12758
12761
12764
12766
12769
12772
12774
12777
12780
12782
12785
12788
12790
12793
12796
12799
12801
12804
12807
12809
12812
12815
12817
12820
12823
12825
12828
12831
12833
12836
12839
12841
12844
12847
12850
12852
12854
12857
12859
12862
12864
12867
12869
12871
12874
12876
12879
12881
12884
12886
12889
12891
12893
12896
12898
12901
12903
12906
12908
12910
12913
12915
12918
12920
12923
12925
12928
12930
12932
12935
12937
12940
12942
12945
12947
12950
12952
12955
12957
12960
12962
12965
12967
12970
12973
12975
12978
12980
12983
12985
12988
12990
12993
12996
12998
13001
13003
13006
13008
13011
13013
13016
13019
13021
13024
13026
13029
13031
13034
13036
13039
13042
13044
13047
13049
13052
13054
13057
13060
13062
13065
13067
13070
13072
13075
13077
13080
13083
13085
13088
13090
13093
13095
13098
13101
13103
13106
13108
13111
13113
13116
13118
13121
13124
13126
13129
13131
13134
13136
13139
13142
13144
13147
13149
13152
13154
13157
13160
13161
13163
13165
13167
13169
13171
13173
13175
13177
13178
13180
13182
13184
13186
13188
13190
13192
13194
13196
13197
13199
13201
13203
13205
13207
13209
13211
13213
13215
13216
13218
13220
13222
13224
13226
13228
13230
13232
13233
13235
13237
13239
13241
13243
13245
13247
13249
13251
13252
13254
13256
13258
13260
13262
13264
13266
13268
13270
13271
13273
13275
13276
13278
13280
13281
13283
13285
13286
13288
13290
13291
13293
13295
13296
13298
13300
13301
13303
13305
13306
13308
13310
13311
13313
13315
13316
13318
13320
13321
13323
13325
13326
13328
13330
13331
13333
13335
13336
13338
13340
13341
13343
13345
13346
13348
13350
13351
13353
13355
13356
13358
13360
13361
13363
13365
13366
13368
13370
13371
13373
13375
13376
13378
13380
13382
13384
13386
13388
13391
13393
13395
13397
13400
13402
13404
13406
13409
13411
13413
13415
13418
13420
13422
13424
13427
13429
13431
13433
13436
13438
13440
13442
13445
13447
13449
13451
13454
13456
13458
13460
13463
13465
13467
13469
13472
13474
13476
13478
13481
13483
13485
13487
13490
13492
13495
13498
13501
13504
13507
13510
13513
13516
13518
13521
13524
13527
13530
13533
13536
13539
13542
13545
13547
13550
13553
13556
13559
13562
13565
13568
13571
13573
13576
13579
13582
13585
13588
13591
13594
13597
13600
13602
13605
13607
13610
13612
13615
13617
13620
13622
13625
13627
13629
13632
13635
13637
13639
13642
13645
13647
13649
13652
13655
13657
13660
13662
13665
13667
13670
13672
13674
13677
13680
13682
13684
13687
13690
13692
13694
13697
13700
13702
13705
13708
13711
13714
13717
13720
13723
13726
13729
13732
13735
13738
13740
13743
13746
13749
13752
13755
13758
13761
13764
13767
13770
13773
13776
13779
13781
13784
13787
13790
13793
13796
13799
13802
13805
13808
13811
13814
13817
13820
13822
13824
13826
13828
13830
13832
13834
13836
13838
13840
13842
13844
13846
13848
13850
13852
13854
13856
13858
13860
13862
13864
13866
13868
13871
13873
13875
13877
13879
13881
13883
13885
13887
13889
13891
13893
13895
13897
13899
13901
13903
13905
13907
13909
13911
13913
13915
13917
13920
13922
13925
13927
13930
13932
13935
13937
13940
13943
13945
13948
13950
13953
13955
13958
13960
13963
13966
13968
13971
13973
13976
13978
13981
13983
13986
13989
13991
13994
13996
13999
14001
14004
14006
14009
14012
14014
14017
14019
14022
14024
14027
14030
14032
14034
14036
14039
14041
14043
14045
14048
14050
14052
14055
14057
14059
14061
14064
14066
14068
14070
14073
14075
14077
14080
14082
14084
14086
14089
14091
14093
14095
14098
14100
14102
14105
14107
14109
14111
14114
14116
14118
14120
14123
14125
14127
14130
14132
14135
14138
14141
14144
14147
14150
14153
14156
14159
14162
14165
14168
14170
14173
14176
14179
14182
14185
14188
14191
14194
14197
14200
14203
14206
14209
14211
14214
14217
14220
14223
14226
14229
14232
14235
14238
14241
14244
14247
14250
14252
14254
14256
14258
14260
14262
14265
14267
14269
14271
14273
14275
14278
14280
14282
14284
14286
14288
14290
14293
14295
14297
14299
14301
14303
14306
14308
14310
14312
14314
14316
14319
14321
14323
14325
14327
14329
14331
14334
14336
14338
14340
14342
14344
14347
14349
14351
14353
14355
14357
14360
14362
14365
14367
14370
14373
14375
14378
14381
14383
14386
14388
14391
14394
14396
14399
14402
14404
14407
14410
14412
14415
14417
14420
14423
14425
14428
14431
14433
14436
14438
14441
14444
14446
14449
14452
14454
14457
14460
14462
14465
14467
14470
14472
14475
14477
14480
14482
14485
14487
14490
14492
14495
14497
14500
14502
14505
14507
14510
14512
14515
14517
14520
14522
14525
14527
14530
14532
14535
14537
14540
14542
14545
14547
14550
14552
14555
14557
14560
14562
14565
14567
14570
14572
14574
14577
14579
14581
14584
14586
14589
14591
14593
14596
14598
14601
14603
14605
14608
14610
14613
14615
14617
14620
14622
14625
14627
14629
14632
14634
14636
14639
14641
14644
14646
14648
14651
14653
14656
14658
14660
14663
14665
14668
14670
14672
14675
14677
14680
14682
14684
14687
14689
14692
14694
14696
14699
14701
14704
14706
14708
14711
14713
14716
14718
14720
14723
14725
14728
14730
14732
14735
14737
14740
14742
14744
14747
14749
14752
14754
14756
14759
14761
14764
14766
14768
14771
14773
14776
14778
14780
14783
14785
14788
14790
14792
14795
14797
14800
14801
14803
14805
14807
14809
14811
14813
14815
14817
14819
14821
14823
14825
14827
14829
14831
14833
14835
14837
14839
14841
14843
14845
14847
14849
14850
14852
14854
14856
14858
14860
14862
14864
14866
14868
14870
14872
14874
14876
14878
14880
14882
14884
14886
14888
14890
14892
14894
14896
14898
14900
14902
14904
14906
14908
14910
14912
14914
14916
14919
14921
14923
14925
14927
14929
14931
14933
14935
14938
14940
14942
14944
14946
14948
14950
14952
14955
14957
14959
14961
14963
14965
14967
14969
14971
14974
14976
14978
14980
14982
14984
14986
14988
14990
14993
14995
14997
14999
15001
15003
15005
15007
15010
15012
15014
15016
15018
15020
15023
15025
15027
15029
15032
15034
15036
15038
15040
15043
15045
15047
15049
15051
15054
15056
15058
15060
15062
15065
15067
15069
15071
15073
15075
15078
15080
15082
15084
15087
15089
15091
15093
15095
15097
15100
15102
15104
15106
15109
15111
15113
15115
15117
15120
15122
15123
15126
15128
15129
15132
15133
15136
15138
15139
15142
15144
15145
15148
15150
15152
15154
15156
15158
15160
15161
15164
15166
15168
15170
15172
15174
15176
15178
15180
15182
15184
15186
15188
15190
15192
15194
15196
15198
15200
15202
15204
15206
15208
15210
15212
15214
15216
15218
15220
15221
15223
15224
15226
15228
15229
15231
15233
15234
15236
15238
15239
15241
15242
15244
15246
15247
15249
15251
15252
15254
15256
15257
15259
15261
15262
15264
15265
15267
15269
15270
15272
15274
15275
15277
15279
15280
15282
15284
15285
15287
15288
15290
15292
15293
15295
15297
15298
15300
15302
15303
15305
15307
15308
15310
15311
15313
15315
15316
15318
15320
15321
15323
15325
15326
15328
15330
15331
15333
15335
15337
15339
15341
15342
15344
15346
15348
15350
15352
15354
15355
15357
15359
15361
15363
15365
15367
15368
15370
15372
15374
15376
15378
15379
15381
15383
15385
15387
15389
15391
15392
15394
15396
15398
15400
15402
15404
15405
15407
15409
15411
15413
15415
15417
15418
15420
15422
15424
15426
15428
15430
15432
15434
15436
15438
15440
15443
15445
15447
15449
15452
15454
15456
15458
15460
15463
15465
15467
15469
15471
15474
15476
15478
15480
15482
15485
15487
15489
15491
15493
15495
15498
15500
15502
15504
15507
15509
15511
15513
15515
15517
15520
15522
15524
15526
15529
15531
15533
15535
15537
15540
15542
15543
15546
15548
15549
15552
15553
15556
15558
15559
15562
15564
15565
15568
15570
15572
15574
15576
15578
15580
15581
15584
15586
15588
15590
15592
15594
15596
15598
15600
15602
15604
15606
15608
15610
15612
15614
15616
15618
15620
15622
15624
15626
15628
15630
15632
15634
15636
15638
15640
15642
15644
15646
15648
15650
15652
15654
15656
15658
15660
15662
15664
15666
15668
15670
15672
15674
15676
15678
15680
15682
15684
15686
15688
15690
15692
15695
15697
15699
15701
15703
15705
15707
15709
15711
15713
15715
15717
15719
15721
15723
15725
15727
15729
15731
15733
15735
15737
15739
15741
15743
15745
15747
15750
15752
15754
15756
15758
15760
15762
15765
15767
15769
15771
15773
15775
15778
15780
15782
15784
15786
15788
15790
15793
15795
15797
15799
15801
15803
15806
15808
15810
15812
15814
15816
15819
15821
15823
15825
15827
15829
15831
15834
15836
15838
15840
15842
15844
15847
15849
15851
15853
15855
15857
15860
15862
15864
15866
15868
15870
15872
15874
15876
15878
15880
15882
15884
15886
15888
15890
15892
15894
15896
15898
15900
15902
15904
15906
15908
15911
15913
15915
15917
15919
15921
15923
15925
15927
15929
15931
15933
15935
15937
15939
15941
15943
15945
15947
15949
15951
15953
15955
15957
15960
15962
15965
15967
15970
15972
15975
15977
15980
15983
15985
15988
15990
15993
15995
15998
16000
16003
16006
16008
16011
16013
16016
16018
16021
16023
16026
16029
16031
16034
16036
16039
16041
16044
16046
16049
16052
16054
16057
16059
16062
16064
16067
16070
16072
16074
16077
16079
16082
16084
16087
16089
16091
16094
16096
16099
16101
16104
16106
16109
16111
16113
16116
16118
16121
16123
16126
16128
16130
16133
16135
16138
16140
16143
16145
16148
16150
16152
16155
16157
16160
16162
16165
16167
16170
16173
16177
16181
16185
16188
16192
16196
16200
16203
16207
16211
16215
16218
16222
16226
16230
16233
16237
16241
16245
16248
16252
16256
16259
16263
16267
16271
16274
16278
16282
16286
16290
16293
16297
16300
16304
16307
16311
16314
16318
16322
16325
16329
16332
16336
16340
16343
16347
16350
16354
16357
16361
16365
16368
16372
16375
16379
16382
16386
16390
16393
16397
16401
16404
16408
16412
16415
16419
16423
16426
16430
16434
16437
16441
16445
16448
16452
16456
16459
16463
16467
16470
16474
16478
16481
16485
16489
16492
16496
16500
16503
16506
16510
16513
16516
16520
16523
16526
16530
16533
16536
16540
16543
16546
16550
16553
16556
16560
16563
16566
16570
16573
16576
16580
16583
16586
16590
16593
16596
16599
16603
16606
16610
16613
16617
16621
16625
16629
16633
16637
16641
16645
16649
16653
16657
16661
16665
16668
16672
16676
16680
16684
16688
16692
16696
16700
16704
16708
16712
16716
16720
16722
16725
16728
16731
16734
16737
16740
16742
16745
16748
16751
16754
16757
16759
16762
16765
16768
16771
16774
16777
16780
16782
16785
16788
16791
16794
16797
16800
16802
16805
16808
16811
16814
16817
16820
16822
16825
16828
16831
16834
16837
16840
16843
16846
16849
16852
16855
16858
16861
16864
16867
16870
16873
16876
16879
16882
16885
16888
16891
16894
16897
16900
16903
16906
16909
16912
16915
16918
16921
16924
16927
16930
16933
16936
16940
16943
16947
16951
16954
16958
16962
16965
16969
16973
16976
16980
16984
16987
16991
16995
16998
17002
17006
17009
17013
17017
17020
17024
17028
17031
17035
17039
17042
17046
17050
17052
17055
17058
17061
17064
17067
17070
17073
17076
17079
17082
17085
17088
17091
17094
17097
17100
17102
17105
17108
17111
17114
17117
17120
17123
17126
17129
17132
17135
17138
17141
17144
17147
17150
17152
17155
17158
17161
17164
17167
17170
17173
17176
17178
17181
17184
17187
17190
17193
17196
17199
17202
17205
17207
17210
17213
17216
17219
17222
17225
17228
17231
17233
17236
17239
17242
17245
17248
17251
17254
17257
17260
17263
17266
17269
17272
17275
17278
17281
17284
17287
17290
17293
17296
17299
17302
17305
17308
17311
17315
17318
17321
17324
17327
17330
17333
17336
17339
17342
17345
17348
17351
17354
17357
17360
17363
17366
17370
17372
17375
17377
17380
17382
17385
17387
17390
17392
17395
17397
17400
17402
17405
17407
17410
17412
17415
17417
17420
17422
17425
17427
17430
17432
17435
17437
17439
17442
17445
17447
17450
17452
17455
17457
17460
17462
17465
17467
17470
17473
17476
17480
17483
17487
17490
17494
17497
17500
17504
17507
17511
17514
17518
17521
17525
17528
17531
17535
17538
17542
17545
17549
17552
17555
17559
17562
17566
17569
17573
17576
17580
17584
17588
17592
17596
17600
17604
17609
17613
17617
17621
17625
17630
17634
17638
17642
17646
17650
17655
17659
17663
17667
17671
17675
17680
17683
17686
17690
17693
17696
17700
17703
17706
17710
17713
17716
17720
17723
17726
17730
17733
17736
17740
17743
17746
17750
17753
17756
17759
17763
17766
17770
17773
17776
17779
17783
17786
17790
17792
17795
17798
17801
17804
17807
17810
17812
17815
17818
17821
17824
17827
17830
17832
17835
17838
17841
17844
17847
17850
17852
17855
17858
17861
17864
17867
17870
17872
17875
17878
17881
17884
17887
17890
17892
17894
17896
17898
17901
17903
17905
17907
17910
17912
17914
17916
17919
17921
17923
17925
17928
17930
17932
17934
17937
17939
17941
17943
17946
17948
17950
17952
17955
17957
17959
17961
17964
17966
17968
17970
17973
17975
17977
17979
17982
17984
17986
17988
17991
17993
17995
17997
18000
18002
18004
18006
18008
18010
18012
18014
18016
18018
18020
18022
18024
18026
18028
18030
18032
18034
18036
18038
18040
18041
18044
18046
18048
18050
18052
18054
18056
18058
18060
18062
18064
18066
18068
18070
18072
18073
18076
18078
18080
18082
18084
18086
18088
18090
18092
18094
18096
18098
18099
18102
18104
18105
18108
18110
18112
18114
18117
18119
18122
18124
18127
18129
18131
18134
18136
18139
18141
18144
18146
18149
18151
18153
18156
18158
18161
18163
18166
18168
18170
18173
18175
18178
18180
18183
18185
18188
18190
18192
18195
18197
18200
18202
18205
18207
18210
18212
18214
18217
18219
18221
18224
18226
18229
18231
18233
18236
18238
18241
18243
18245
18248
18250
18253
18255
18257
18260
18262
18265
18267
18269
18272
18274
18276
18279
18281
18284
18286
18288
18291
18293
18296
18298
18300
18303
18305
18308
18310
18312
18315
18317
18320
18321
18323
18325
18327
18329
18330
18332
18334
18336
18338
18340
18341
18343
18345
18347
18349
18350
18352
18354
18356
18358
18360
18361
18363
18365
18367
18369
18370
18372
18374
18376
18378
18380
18381
18383
18385
18387
18389
18390
18392
18394
18396
18398
18400
18401
18403
18405
18407
18409
18410
18412
18414
18416
18418
18420
18421
18423
18425
18427
18429
18431
18433
18435
18437
18439
18441
18443
18445
18447
18449
18451
18453
18455
18457
18459
18461
18463
18465
18467
18469
18471
18473
18475
18476
18478
18480
18482
18484
18486
18488
18490
18492
18494
18496
18498
18500
18502
18504
18506
18508
18510
18512
18514
18516
18518
18520
18522
18524
18526
18528
18530
18532
18535
18537
18540
18543
18545
18548
18551
18553
18556
18558
18561
18564
18566
18569
18572
18574
18577
18580
18582
18585
18587
18590
18593
18595
18598
18601
18603
18606
18608
18611
18614
18616
18619
18622
18624
18627
18630
18632
18634
18636
18638
18641
18643
18645
18647
18649
18651
18654
18656
18658
18660
18663
18665
18667
18669
18671
18674
18676
18678
18680
18682
18685
18687
18689
18691
18693
18695
18698
18700
18702
18704
18706
18709
18711
18713
18715
18718
18720
18722
18724
18726
18729
18731
18733
18735
18737
18740
18742
18744
18747
18749
18752
18754
18757
18759
18762
18764
18766
18769
18771
18774
18776
18779
18781
18784
18786
18788
18791
18793
18796
18798
18801
18803
18806
18808
18810
18813
18815
18818
18820
18823
18825
18828
18830
18832
18835
18837
18840
18842
18845
18847
18850
18851
18853
18855
18857
18859
18861
18863
18865
18866
18868
18870
18872
18874
18876
18878
18880
18882
18883
18885
18887
18889
18891
18893
18895
18897
18899
18900
18902
18904
18906
18908
18910
18912
18914
18916
18917
18919
18921
18923
18925
18927
18929
18931
18933
18934
18936
18938
18940
18942
18944
18946
18948
18950
18951
18953
18955
18956
18958
18960
18962
18963
18965
18967
18968
18970
18972
18974
18975
18977
18979
18980
18982
18984
18986
18987
18989
18991
18992
18994
18996
18998
18999
19001
19003
19005
19006
19008
19010
19011
19013
19015
19017
19018
19020
19022
19023
19025
19027
19029
19030
19032
19034
19035
19037
19039
19041
19042
19044
19046
19047
19049
19051
19053
19054
19056
19058
19060
19062
19065
19067
19070
19072
19075
19077
19080
19083
19085
19088
19090
19093
19095
19098
19101
19103
19106
19108
19111
19113
19116
19118
19121
19124
19126
19129
19131
19134
19136
19139
19142
19144
19147
19149
19152
19154
19157
19160
19161
19163
19165
19167
19169
19171
19172
19174
19176
19178
19180
19182
19183
19185
19187
19189
19191
19193
19194
19196
19198
19200
19202
19204
19205
19207
19209
19211
19213
19215
19216
19218
19220
19222
19224
19226
19227
19229
19231
19233
19235
19237
19238
19240
19242
19244
19246
19248
19249
19251
19253
19255
19257
19259
19260
19262
19264
19266
19268
19270
19272
19274
19276
19278
19280
19282
19284
19286
19289
19291
19293
19295
19297
19299
19301
19303
19305
19308
19310
19312
19314
19316
19318
19320
19322
19325
19327
19329
19331
19333
19335
19337
19339
19341
19344
19346
19348
19350
19352
19354
19356
19358
19360
19363
19365
19367
19369
19371
19373
19375
19377
19380
19381
19383
19385
19387
19389
19391
19393
19395
19397
19399
19401
19403
19405
19407
19409
19411
19413
19415
19417
19419
19421
19423
19425
19427
19429
19431
19433
19435
19436
19438
19440
19442
19444
19446
19448
19450
19452
19454
19456
19458
19460
19462
19464
19466
19468
19470
19472
19474
19476
19478
19480
19482
19484
19486
19488
19490
19492
19494
19497
19500
19502
19505
19507
19509
19512
19515
19517
19520
19522
19525
19527
19530
19532
19535
19537
19540
19542
19545
19547
19550
19552
19555
19557
19560
19562
19565
19567
19570
19572
19575
19577
19580
19582
19585
19587
19590
19592
19595
19597
19600
19602
19605
19607
19610
19612
19615
19617
19620
19623
19625
19628
19630
19633
19635
19638
19641
19643
19646
19648
19651
19653
19656
19658
19661
19664
19666
19669
19671
19674
19676
19679
19682
19684
19687
19689
19692
19694
19697
19700
19701
19703
19705
19707
19709
19711
19713
19714
19716
19718
19720
19722
19724
19726
19727
19729
19731
19733
19735
19737
19739
19741
19742
19744
19746
19748
19750
19752
19754
19755
19757
19759
19761
19763
19765
19767
19768
19770
19772
19774
19776
19778
19780
19782
19783
19785
19787
19789
19791
19793
19795
19796
19798
19800
19802
19804
19806
19808
19810
19811
19813
19815
19817
19819
19821
19823
19825
19827
19829
19831
19833
19835
19837
19839
19841
19843
19845
19847
19849
19851
19853
19855
19857
19859
19860
19862
19864
19866
19868
19870
19872
19874
19876
19878
19880
19882
19884
19886
19888
19890
19892
19894
19896
19898
19900
19902
19904
19906
19908
19910
19912
19915
19917
19920
19922
19925
19927
19930
19933
19935
19938
19940
19943
19945
19948
19950
19953
19956
19958
19961
19963
19966
19968
19971
19973
19976
19979
19981
19984
19986
19989
19991
19994
19996
19999
20002
20004
20007
20009
20012
20014
20017
20020
20021
20023
20025
20027
20029
20031
20033
20035
20037
20039
20041
20043
20045
20047
20049
20051
20053
20055
20057
20059
20061
20063
20065
20067
20069
20071
20073
20075
20076
20078
20080
20082
20084
20086
20088
20090
20092
20094
20096
20098
20100
20102
20104
20106
20108
20110
20112
20114
20116
20118
20120
20122
20124
20126
20128
20130
20133
20136
20139
20142
20145
20148
20151
20154
20157
20160
20163
20166
20169
20172
20175
20178
20181
20185
20188
20191
20194
20197
20200
20203
20206
20209
20212
20215
20218
20221
20224
20227
20230
20233
20236
20240
20241
20243
20245
20247
20249
20250
20252
20254
20256
20258
20260
20262
20263
20265
20267
20269
20271
20273
20274
20276
20278
20280
20282
20284
20285
20287
20289
20291
20293
20295
20296
20298
20300
20302
20304
20306
20307
20309
20311
20313
20315
20317
20318
20320
20322
20324
20326
20328
20329
20331
20333
20335
20337
20339
20340
20342
20344
20346
20348
20350
20351
20353
20355
20357
20359
20361
20363
20365
20367
20369
20371
20373
20375
20376
20378
20380
20382
20384
20386
20388
20390
20392
20394
20396
20398
20400
20401
20403
20405
20407
20409
20411
20413
20415
20417
20419
20421
20423
20425
20426
20428
20430
20432
20434
20436
20438
20440
20442
20444
20446
20448
20450
20451
20453
20455
20457
20459
20461
20463
20465
20467
20468
20470
20472
20474
20476
20478
20480
20482
20484
20486
20487
20489
20491
20493
20495
20497
20499
20501
20503
20505
20506
20508
20510
20512
20514
20516
20518
20520
20522
20523
20525
20527
20529
20531
20533
20535
20537
20539
20541
20542
20544
20546
20548
20550
20552
20554
20556
20558
20560
20562
20564
20566
20568
20570
20572
20574
20577
20579
20581
20583
20585
20587
20589
20591
20594
20596
20598
20600
20602
20604
20606
20608
20611
20613
20615
20617
20619
20621
20623
20625
20628
20630
20632
20634
20636
20638
20640
20642
20645
20647
20649
20651
20653
20655
20657
20660
20662
20665
20667
20670
20673
20675
20678
20680
20683
20686
20688
20691
20694
20696
20699
20701
20704
20707
20709
20712
20715
20717
20720
20722
20725
20728
20730
20733
20735
20738
20741
20743
20746
20749
20751
20754
20756
20759
20762
20764
20767
20770
20771
20773
20774
20776
20777
20779
20781
20782
20784
20785
20787
20789
20790
20792
20793
20795
20797
20798
20800
20801
20803
20805
20806
20808
20809
20811
20813
20814
20816
20817
20819
20821
20822
20824
20825
20827
20828
20830
20832
20833
20835
20836
20838
20840
20841
20843
20844
20846
20848
20849
20851
20852
20854
20856
20857
20859
20860
20862
20864
20865
20867
20868
20870
20872
20873
20875
20876
20878
20880
20882
20884
20886
20888
20890
20892
20895
20897
20899
20901
20903
20905
20908
20910
20912
20914
20916
20918
20920
20923
20925
20927
20929
20931
20933
20936
20938
20940
20942
20944
20946
20949
20951
20953
20955
20957
20959
20961
20964
20966
20968
20970
20972
20974
20977
20979
20981
20983
20985
20987
20990
20992
20995
20997
21000
21002
21005
21007
21010
21012
21015
21018
21020
21023
21025
21028
21030
21033
21035
21038
21041
21043
21046
21048
21051
21053
21056
21058
21061
21064
21066
21069
21071
21074
21076
21079
21081
21084
21087
21089
21092
21094
21097
21099
21102
21104
21107
21110
21112
21114
21116
21118
21120
21122
21124
21126
21128
21130
21132
21134
21137
21139
21141
21143
21145
21147
21149
21151
21153
21155
21157
21160
21162
21164
21166
21168
21170
21172
21174
21176
21178
21180
21182
21185
21187
21189
21191
21193
21195
21197
21199
21201
21203
21205
21207
21210
21212
21214
21216
21218
21220
21222
21224
21226
21228
21230
21232
21234
21236
21239
21241
21243
21245
21247
21249
21251
21253
21255
21257
21259
21261
21263
21266
21268
21270
21272
21274
21276
21278
21280
21282
21284
21286
21288
21290
21293
21295
21297
21299
21301
21303
21305
21307
21309
21311
21313
21315
21317
21320
21322
21325
21327
21330
21332
21335
21337
21340
21343
21345
21348
21350
21353
21355
21358
21361
21363
21366
21368
21371
21373
21376
21378
21381
21384
21386
21389
21391
21394
21396
21399
21402
21404
21407
21409
21412
21414
21417
21420
21422
21424
21426
21428
21430
21432
21435
21437
21439
21441
21443
21445
21448
21450
21452
21454
21456
21458
21460
21463
21465
21467
21469
21471
21473
21476
21478
21480
21482
21484
21486
21489
21491
21493
21495
21497
21499
21501
21504
21506
21508
21510
21512
21514
21517
21519
21521
21523
21525
21527
21530
21532
21535
21538
21541
21543
21546
21549
21552
21555
21557
21560
21563
21566
21568
21571
21574
21577
21580
21582
21585
21588
21591
21593
21596
21599
21602
21605
21607
21610
21613
21616
21618
21621
21624
21627
21630
21632
21635
21637
21640
21642
21645
21647
21650
21653
21655
21658
21660
21663
21665
21668
21670
21673
21676
21678
21681
21683
21686
21688
21691
21693
21696
21699
21701
21704
21706
21709
21711
21714
21716
21719
21722
21724
21727
21729
21732
21734
21737
21740
21742
21744
21746
21748
21750
21752
21754
21756
21758
21760
21762
21764
21766
21769
21771
21773
21775
21777
21779
21781
21783
21785
21787
21789
21791
21793
21796
21798
21800
21802
21804
21806
21808
21810
21812
21814
21816
21818
21820
21823
21825
21827
21829
21831
21833
21835
21837
21839
21841
21843
21845
21847
21850
21852
21854
21857
21859
21862
21864
21867
21869
21871
21874
21876
21879
21881
21884
21886
21889
21891
21893
21896
21898
21901
21903
21906
21908
21910
21913
21915
21918
21920
21923
21925
21928
21930
21932
21935
21937
21940
21942
21945
21947
21950
21953
21956
21959
21962
21965
21968
21971
21974
21977
21980
21983
21986
21989
21992
21995
21998
22001
22005
22008
22011
22014
22017
22020
22023
22026
22029
22032
22035
22038
22041
22044
22047
22050
22053
22056
22060
22062
22065
22068
22070
22073
22076
22078
22081
22084
22087
22089
22092
22095
22097
22100
22103
22105
22108
22111
22114
22116
22119
22122
22124
22127
22130
22132
22135
22138
22141
22143
22146
22149
22151
22154
22157
22160
22162
22165
22168
22170
22173
22176
22178
22181
22184
22186
22189
22192
22194
22197
22200
22202
22205
22208
22210
22213
22216
22219
22221
22224
22227
22229
22232
22235
22237
22240
22243
22245
22248
22251
22253
22256
22259
22261
22264
22267
22270
22272
22274
22276
22279
22281
22283
22286
22288
22290
22292
22295
22297
22299
22302
22304
22306
22308
22311
22313
22315
22318
22320
22322
22325
22327
22329
22331
22334
22336
22338
22341
22343
22345
22347
22350
22352
22354
22357
22359
22361
22363
22366
22368
22370
22373
22375
22377
22380
22383
22387
22391
22395
22398
22402
22406
22410
22413
22417
22421
22425
22428
22432
22436
22439
22443
22447
22451
22455
22458
22462
22466
22470
22473
22477
22481
22485
22488
22492
22496
22500
22503
22506
22509
22512
22515
22518
22521
22524
22527
22530
22533
22536
22539
22542
22545
22548
22551
22555
22558
22561
22564
22567
22570
22573
22576
22579
22582
22585
22588
22591
22594
22597
22600
22603
22606
22610
22613
22616
22620
22623
22626
22630
22633
22636
22640
22643
22646
22650
22653
22656
22660
22663
22666
22670
22673
22676
22680
22683
22686
22690
22693
22696
22700
22703
22706
22710
22712
22715
22718
22721
22723
22726
22729
22732
22734
22737
22740
22743
22745
22748
22751
22754
22756
22759
22762
22765
22767
22770
22773
22776
22778
22781
22784
22787
22789
22792
22795
22798
22800
22803
22806
22809
22811
22814
22817
22820
22822
22824
22826
22828
22830
22833
22835
22837
22839
22841
22843
22846
22848
22850
22852
22854
22856
22859
22861
22863
22865
22867
22870
22872
22874
22876
22878
22880
22883
22885
22887
22889
22891
22893
22896
22898
22900
22902
22904
22906
22909
22911
22913
22915
22917
22920
22921
22923
22925
22926
22928
22930
22932
22933
22935
22937
22939
22940
22942
22944
22946
22947
22949
22951
22953
22954
22956
22958
22960
22961
22963
22965
22967
22968
22970
22972
22974
22975
22977
22979
22981
22982
22984
22986
22988
22989
22991
22993
22995
22996
22998
23000
23002
23003
23005
23007
23009
23010
23012
23014
23016
23017
23019
23021
23023
23024
23026
23028
23030
23032
23034
23036
23038
23041
23043
23045
23047
23050
23052
23054
23056
23058
23061
23063
23065
23067
23070
23072
23074
23076
23078
23081
23083
23085
23087
23090
23092
23094
23096
23098
23101
23103
23105
23107
23110
23112
23114
23116
23118
23121
23123
23125
23127
23130
23132
23135
23138
23141
23144
23147
23150
23153
23156
23159
23162
23165
23168
23171
23174
23177
23180
23183
23186
23189
23192
23195
23198
23201
23204
23207
23210
23213
23216
23219
23222
23225
23228
23231
23234
23237
23240
23242
23244
23247
23249
23251
23254
23256
23259
23261
23263
23266
23268
23271
23273
23275
23278
23280
23283
23285
23287
23290
23292
23295
23297
23299
23302
23304
23306
23309
23311
23314
23316
23318
23321
23323
23326
23328
23330
23333
23335
23338
23340
23342
23345
23347
23350
23352
23354
23356
23358
23361
23363
23365
23367
23369
23372
23374
23376
23378
23380
23383
23385
23387
23389
23391
23394
23396
23398
23400
23402
23405
23407
23409
23411
23413
23416
23418
23420
23422
23424
23427
23429
23431
23433
23435
23438
23440
23442
23444
23446
23449
23451
23453
23455
23457
23460
23462
23464
23466
23468
23470
23472
23474
23476
23479
23481
23483
23485
23487
23489
23491
23493
23495
23498
23500
23502
23504
23506
23508
23510
23512
23515
23517
23519
23521
23523
23525
23527
23529
23531
23534
23536
23538
23540
23542
23544
23546
23548
23550
23553
23555
23557
23559
23561
23563
23565
23567
23570
23572
23575
23577
23580
23582
23585
23587
23590
23593
23595
23598
23600
23603
23605
23608
23611
23613
23616
23618
23621
23623
23626
23628
23631
23634
23636
23639
23641
23644
23646
23649
23652
23654
23657
23659
23662
23664
23667
23670
23672
23674
23677
23679
23681
23684
23686
23689
23691
23693
23696
23698
23701
23703
23705
23708
23710
23713
23715
23717
23720
23722
23725
23727
23729
23732
23734
23736
23739
23741
23744
23746
23748
23751
23753
23756
23758
23760
23763
23765
23768
23770
23772
23775
23777
23780
23782
23784
23786
23788
23790
23793
23795
23797
23799
23801
23803
23806
23808
23810
23812
23814
23816
23819
23821
23823
23825
23827
23830
23832
23834
23836
23838
23840
23843
23845
23847
23849
23851
23853
23856
23858
23860
23862
23864
23866
23869
23871
23873
23875
23877
23880
23882
23884
23886
23888
23890
23892
23895
23897
23899
23901
23903
23905
23908
23910
23912
23914
23916
23918
23920
23923
23925
23927
23929
23931
23933
23936
23938
23940
23942
23944
23946
23949
23951
23953
23955
23957
23959
23961
23964
23966
23968
23970
23972
23974
23977
23979
23981
23983
23985
23987
23990
23992
23995
23997
24000
24003
24005
24008
24010
24013
24016
24018
24021
24024
24026
24029
24031
24034
24037
24039
24042
24045
24047
24050
24052
24055
24058
24060
24063
24065
24068
24071
24073
24076
24079
24081
24084
24086
24089
24092
24094
24097
24100
24102
24104
24106
24108
24111
24113
24115
24117
24119
24122
24124
24126
24128
24130
24133
24135
24137
24139
24141
24144
24146
24148
24150
24152
24155
24157
24159
24161
24163
24166
24168
24170
24172
24174
24177
24179
24181
24183
24185
24188
24190
24192
24194
24196
24199
24201
24203
24205
24207
24210
24212
24214
24216
24218
24220
24222
24224
24226
24228
24230
24232
24234
24236
24239
24241
24243
24245
24247
24249
24251
24253
24255
24257
24259
24261
24263
24266
24268
24270
24272
24274
24276
24278
24280
24282
24284
24286
24288
24290
24293
24295
24297
24299
24301
24303
24305
24307
24309
24311
24313
24315
24317
24320
24322
24325
24328
24331
24334
24337
24340
24343
24346
24349
24352
24355
24358
24361
24364
24367
24370
24372
24375
24378
24381
24384
24387
24390
24393
24396
24399
24402
24405
24408
24411
24414
24417
24420
24421
24423
24425
24427
24429
24431
24433
24435
24437
24439
24441
24443
24445
24447
24449
24451
24453
24455
24457
24459
24461
24463
24465
24467
24469
24471
24473
24475
24476
24478
24480
24482
24484
24486
24488
24490
24492
24494
24496
24498
24500
24502
24504
24506
24508
24510
24512
24514
24516
24518
24520
24522
24524
24526
24528
24530
24531
24533
24535
24537
24539
24541
24543
24545
24547
24549
24551
24553
24555
24556
24558
24560
24562
24564
24566
24568
24570
24572
24574
24576
24578
24580
24581
24583
24585
24587
24589
24591
24593
24595
24597
24599
24601
24603
24605
24606
24608
24610
24612
24614
24616
24618
24620
24622
24624
24626
24628
24630
24631
24633
24635
24637
24639
24641
24642
24644
24646
24648
24650
24651
24653
24655
24657
24659
24661
24663
24664
24666
24668
24670
24672
24674
24675
24677
24679
24681
24683
24685
24686
24688
24690
24692
24694
24695
24697
24699
24701
24703
24705
24706
24708
24710
24712
24714
24716
24718
24719
24721
24723
24725
24727
24729
24730
24732
24734
24736
24738
24740
24742
24744
24746
24748
24750
24752
24754
24756
24758
24760
24762
24764
24766
24769
24771
24773
24775
24777
24779
24781
24783
24785
24787
24789
24791
24793
24796
24798
24800
24802
24804
24806
24808
24810
24812
24814
24816
24818
24820
24823
24825
24827
24829
24831
24833
24835
24837
24839
24841
24843
24845
24847
24850
24853
24856
24859
24862
24865
24868
24871
24874
24877
24880
24883
24886
24889
24892
24895
24898
24901
24904
24907
24910
24913
24916
24919
24922
24925
24928
24931
24934
24937
24940
24943
24946
24950
24951
24953
24955
24957
24959
24961
24963
24964
24966
24968
24970
24972
24974
24976
24977
24979
24981
24983
24985
24987
24989
24991
24992
24994
24996
24998
25000
25002
25004
25005
25007
25009
25011
25013
25015
25017
25018
25020
25022
25024
25026
25028
25030
25032
25033
25035
25037
25039
25041
25043
25045
25046
25048
25050
25052
25054
25056
25058
25060
25062
25064
25066
25068
25070
25072
25074
25077
25079
25081
25083
25085
25087
25089
25091
25094
25096
25098
25100
25102
25104
25106
25108
25111
25113
25115
25117
25119
25121
25123
25125
25128
25130
25132
25134
25136
25138
25140
25142
25145
25147
25149
25151
25153
25155
25157
25160
25162
25164
25166
25168
25170
25172
25174
25176
25179
25181
25183
25185
25187
25189
25191
25193
25195
25198
25200
25202
25204
25206
25208
25210
25212
25215
25217
25219
25221
25223
25225
25227
25229
25231
25234
25236
25238
25240
25242
25244
25246
25248
25250
25253
25255
25257
25259
25261
25263
25265
25267
25270
25271
25273
25275
25277
25279
25281
25283
25285
25287
25288
25290
25292
25294
25296
25298
25300
25302
25304
25306
25307
25309
25311
25313
25315
25317
25319
25321
25323
25325
25326
25328
25330
25332
25334
25336
25338
25340
25342
25343
25345
25347
25349
25351
25353
25355
25357
25359
25361
25362
25364
25366
25368
25370
25372
25374
25376
25378
25380
25381
25383
25385
25387
25389
25391
25393
25394
25396
25398
25400
25402
25404
25406
25407
25409
25411
25413
25415
25417
25419
25421
25422
25424
25426
25428
25430
25432
25434
25435
25437
25439
25441
25443
25445
25447
25448
25450
25452
25454
25456
25458
25460
25462
25463
25465
25467
25469
25471
25473
25475
25476
25478
25480
25482
25484
25486
25488
25490
25491
25493
25495
25497
25499
25501
25503
25505
25507
25508
25510
25512
25514
25516
25518
25520
25522
25524
25526
25527
25529
25531
25533
25535
25537
25539
25541
25543
25545
25546
25548
25550
25552
25554
25556
25558
25560
25562
25563
25565
25567
25569
25571
25573
25575
25577
25579
25581
25582
25584
25586
25588
25590
25592
25594
25596
25598
25600
25602
25604
25606
25608
25611
25613
25615
25617
25620
25622
25624
25626
25628
25631
25633
25635
25637
25640
25642
25644
25646
25648
25651
25653
25655
25657
25660
25662
25664
25666
25668
25671
25673
25675
25677
25680
25682
25684
25686
25688
25691
25693
25695
25697
25700
25702
25704
25706
25708
25710
25712
25714
25716
25718
25720
25722
25724
25726
25728
25730
25732
25734
25736
25738
25740
25742
25744
25746
25748
25750
25752
25755
25757
25759
25761
25763
25765
25767
25769
25771
25773
25775
25777
25779
25781
25783
25785
25787
25789
25791
25793
25795
25797
25799
25801
25803
25805
25807
25810
25812
25814
25816
25818
25820
25822
25824
25826
25828
25830
25832
25834
25836
25838
25840
25842
25844
25846
25848
25850
25852
25854
25856
25858
25861
25863
25865
25867
25869
25871
25873
25875
25877
25879
25881
25883
25885
25887
25889
25891
25893
25895
25897
25899
25901
25903
25905
25907
25910
25912
25914
25916
25918
25920
25922
25924
25926
25928
25930
25932
25934
25936
25939
25941
25943
25945
25947
25949
25951
25953
25955
25957
25959
25961
25963
25966
25968
25970
25972
25974
25976
25978
25980
25982
25984
25986
25988
25990
25993
25995
25997
25999
26001
26003
26005
26007
26009
26011
26013
26015
26017
26020
26022
26024
26026
26028
26030
26032
26034
26036
26038
26040
26042
26044
26046
26048
26050
26052
26054
26056
26058
26060
26062
26064
26066
26068
26070
26072
26075
26077
26079
26081
26083
26085
26087
26089
26091
26093
26095
26097
26099
26101
26103
26105
26107
26109
26111
26113
26115
26117
26119
26121
26123
26125
26127
26130
26132
26134
26136
26139
26141
26143
26146
26148
26150
26152
26155
26157
26159
26162
26164
26166
26168
26171
26173
26175
26178
26180
26182
26185
26187
26189
26191
26194
26196
26198
26201
26203
26205
26207
26210
26212
26214
26217
26219
26221
26223
26226
26228
26230
26233
26235
26237
26240
26241
26243
26245
26247
26248
26250
26252
26254
26255
26257
26259
26261
26263
26264
26266
26268
26270
26271
26273
26275
26277
26279
26280
26282
26284
26286
26287
26289
26291
26293
26295
26296
26298
26300
26302
26303
26305
26307
26309
26310
26312
26314
26316
26318
26319
26321
26323
26325
26326
26328
26330
26332
26334
26335
26337
26339
26341
26342
26344
26346
26348
26350
26351
26353
26355
26357
26359
26360
26362
26364
26366
26368
26370
26371
26373
26375
26377
26379
26380
26382
26384
26386
26388
26390
26391
26393
26395
26397
26399
26400
26402
26404
26406
26408
26410
26411
26413
26415
26417
26419
26420
26422
26424
26426
26428
26430
26431
26433
26435
26437
26439
26440
26442
26444
26446
26448
26450
26452
26454
26456
26458
26460
26462
26464
26466
26469
26471
26473
26475
26477
26479
26481
26483
26485
26488
26490
26492
26494
26496
26498
26500
26502
26505
26507
26509
26511
26513
26515
26517
26519
26521
26524
26526
26528
26530
26532
26534
26536
26538
26540
26543
26545
26547
26549
26551
26553
26555
26557
26560
26562
26564
26566
26568
26570
26572
26574
26576
26578
26580
26582
26585
26587
26589
26591
26593
26595
26597
26599
26601
26603
26605
26607
26610
26612
26614
26616
26618
26620
26622
26624
26626
26628
26630
26632
26634
26637
26639
26641
26643
26645
26647
26649
26651
26653
26655
26657
26660
26662
26664
26667
26669
26671
26674
26676
26678
26681
26683
26685
26688
26690
26692
26695
26697
26699
26702
26704
26706
26709
26711
26713
26716
26718
26720
26723
26725
26727
26730
26732
26734
26737
26739
26741
26744
26746
26748
26751
26753
26755
26758
26760
26762
26765
26767
26770
26772
26775
26777
26780
26783
26785
26788
26790
26793
26796
26798
26801
26804
26806
26809
26811
26814
26817
26819
26822
26825
26827
26830
26832
26835
26838
26840
26843
26845
26848
26851
26853
26856
26859
26861
26864
26866
26869
26872
26874
26877
26880
26882
26885
26888
26890
26893
26896
26898
26901
26904
26906
26909
26912
26914
26917
26920
26922
26925
26928
26930
26933
26936
26939
26941
26944
26947
26949
26952
26955
26957
26960
26963
26965
26968
26971
26973
26976
26979
26981
26984
26987
26990
26993
26996
27000
27003
27007
27010
27014
27017
27020
27024
27027
27031
27034
27038
27041
27044
27048
27051
27055
27058
27061
27065
27068
27072
27075
27079
27082
27086
27089
27092
27096
27099
27103
27106
27110
27112
27115
27117
27120
27122
27125
27127
27130
27132
27134
27137
27140
27142
27145
27147
27150
27152
27155
27157
27160
27162
27165
27167
27170
27172
27175
27177
27180
27182
27185
27187
27190
27192
27195
27197
27200
27202
27205
27207
27210
27212
27214
27216
27218
27220
27222
27224
27226
27229
27231
27233
27235
27237
27239
27241
27243
27245
27248
27250
27252
27254
27256
27258
27260
27262
27265
27267
27269
27271
27273
27275
27277
27279
27281
27284
27286
27288
27290
27292
27294
27296
27298
27300
27303
27305
27307
27309
27311
27313
27315
27317
27320
27322
27325
27327
27330
27333
27335
27338
27341
27343
27346
27348
27351
27354
27356
27359
27362
27364
27367
27370
27372
27375
27377
27380
27383
27385
27388
27391
27393
27396
27398
27401
27404
27406
27409
27412
27414
27417
27420
27423
27426
27430
27433
27436
27440
27443
27446
27450
27453
27456
27460
27463
27466
27470
27473
27476
27480
27483
27486
27490
27493
27496
27500
27503
27506
27509
27513
27516
27520
27523
27526
27530
27533
27536
27540
27542
27545
27548
27551
27554
27557
27560
27563
27566
27569
27572
27575
27578
27581
27584
27587
27590
27592
27595
27598
27601
27604
27607
27610
27613
27616
27619
27622
27625
27628
27631
27634
27637
27640
27643
27646
27650
27653
27657
27660
27664
27667
27670
27674
27677
27681
27684
27688
27691
27695
27698
27701
27705
27708
27712
27715
27719
27722
27725
27729
27732
27736
27739
27743
27746
27750
27755
27761
27766
27772
27777
27783
27788
27794
27799
27805
27810
27816
27821
27827
27832
27838
27843
27849
27854
27860
27866
27873
27880
27887
27894
27901
27908
27915
27921
27928
27935
27942
27949
27956
27963
27970
27974
27978
27982
27986
27991
27995
27999
28003
28008
28012
28016
28020
28025
28029
28033
28037
28041
28046
28050
28054
28058
28063
28067
28071
28075
28080
28083
28086
28090
28093
28097
28100
28104
28107
28111
28114
28117
28121
28124
28128
28131
28135
28138
28142
28145
28148
28152
28155
28159
28162
28166
28169
28173
28176
28180
28183
28186
28189
28192
28195
28198
28202
28205
28208
28211
28214
28217
28220
28224
28227
28230
28233
28236
28239
28242
28246
28249
28252
28255
28258
28261
28264
28268
28271
28274
28277
28280
28283
28286
28290
28293
28296
28299
28302
28305
28308
28311
28314
28318
28321
28324
28327
28330
28333
28336
28340
28343
28346
28349
28352
28355
28358
28361
28365
28368
28371
28374
28377
28380
28383
28386
28390
28394
28398
28403
28407
28412
28416
28420
28425
28429
28434
28438
28442
28447
28451
28456
28460
28464
28469
28473
28478
28482
28486
28491
28495
28500
28502
28504
28506
28509
28511
28513
28516
28518
28520
28522
28525
28527
28529
28532
28534
28536
28538
28541
28543
28545
28548
28550
28552
28555
28557
28559
28561
28564
28566
28568
28571
28573
28575
28577
28580
28582
28584
28587
28589
28591
28593
28596
28598
28600
28603
28605
28607
28610
28612
28615
28617
28620
28622
28625
28627
28630
28632
28634
28637
28640
28642
28645
28647
28650
28652
28655
28657
28660
28662
28665
28667
28670
28672
28675
28677
28680
28682
28685
28687
28690
28692
28695
28697
28700
28702
28705
28707
28710
28712
28714
28717
28719
28721
28724
28726
28729
28731
28733
28736
28738
28741
28743
28745
28748
28750
28753
28755
28757
28760
28762
28765
28767
28769
28772
28774
28776
28779
28781
28784
28786
28788
28791
28793
28796
28798
28800
28803
28805
28808
28810
28812
28815
28817
28820
28822
28825
28827
28830
28832
28835
28837
28840
28843
28845
28848
28850
28853
28855
28858
28861
28863
28866
28868
28871
28873
28876
28878
28881
28884
28886
28889
28891
28894
28896
28899
28902
28904
28907
28909
28912
28914
28917
28920
28922
28924
28926
28928
28930
28932
28934
28936
28938
28940
28942
28944
28946
28949
28951
28953
28955
28957
28959
28961
28963
28965
28967
28969
28971
28973
28976
28978
28980
28982
28984
28986
28988
28990
28992
28994
28996
28998
29000
29003
29005
29007
29009
29011
29013
29015
29017
29019
29021
29023
29025
29027
29030
29032
29034
29036
29039
29041
29043
29046
29048
29050
29053
29055
29057
29060
29062
29064
29067
29069
29071
29074
29076
29078
29081
29083
29085
29088
29090
29092
29095
29097
29099
29102
29104
29106
29109
29111
29113
29116
29118
29120
29123
29125
29127
29130
29133
29136
29139
29142
29145
29148
29152
29155
29158
29161
29164
29167
29171
29174
29177
29180
29183
29186
29190
29193
29196
29199
29202
29205
29208
29212
29215
29218
29221
29224
29227
29231
29234
29237
29240
29243
29246
29250
29252
29255
29258
29261
29264
29266
29269
29272
29275
29278
29281
29283
29286
29289
29292
29295
29297
29300
29303
29306
29309
29312
29314
29317
29320
29323
29326
29328
29331
29334
29337
29340
29343
29345
29348
29351
29354
29357
29360
29362
29365
29368
29370
29373
29376
29378
29381
29384
29387
29389
29392
29395
29397
29400
29403
29405
29408
29411
29414
29416
29419
29422
29424
29427
29430
29432
29435
29438
29441
29443
29446
29449
29451
29454
29457
29460
29462
29465
29467
29470
29472
29475
29477
29480
29483
29485
29488
29490
29493
29495
29498
29500
29503
29506
29508
29511
29513
29516
29518
29521
29523
29526
29529
29531
29534
29536
29539
29541
29544
29546
29549
29552
29554
29557
29559
29562
29564
29567
29570
29572
29575
29578
29580
29583
29586
29588
29591
29594
29597
29599
29602
29605
29607
29610
29613
29615
29618
29621
29624
29626
29629
29632
29634
29637
29640
29642
29645
29648
29651
29653
29656
29659
29661
29664
29667
29670
29672
29674
29677
29679
29681
29684
29686
29688
29691
29693
29695
29698
29700
29702
29705
29707
29709
29712
29714
29716
29719
29721
29723
29726
29728
29730
29733
29735
29737
29740
29742
29744
29747
29749
29751
29754
29756
29758
29761
29763
29765
29768
29770
29772
29775
29777
29780
29781
29783
29785
29787
29789
29791
29793
29795
29797
29799
29801
29803
29805
29807
29809
29811
29813
29815
29817
29819
29821
29823
29825
29827
29829
29830
29832
29834
29836
29838
29840
29842
29844
29846
29848
29850
29852
29854
29856
29858
29860
29862
29864
29866
29868
29870
29872
29874
29876
29878
29880
29882
29884
29886
29888
29890
29892
29895
29897
29899
29901
29903
29905
29908
29910
29912
29914
29916
29918
29920
29923
29925
29927
29929
29931
29933
29936
29938
29940
29942
29944
29946
29949
29951
29953
29955
29957
29959
29961
29964
29966
29968
29970
29972
29974
29977
29979
29981
29983
29985
29987
29990
