2
5
7
10
12
15
17
20
22
25
27
30
32
35
37
40
42
45
47
50
52
55
57
60
62
65
67
70
72
75
77
80
82
85
87
90
92
95
97
100
102
105
107
110
112
115
117
120
123
125
128
131
133
136
138
141
144
146
149
152
154
157
160
162
165
167
170
173
175
178
181
183
186
188
191
194
196
199
202
204
207
210
212
215
218
220
223
226
228
231
234
236
239
242
244
247
250
252
255
258
260
263
266
269
271
274
277
279
282
285
287
290
293
295
298
301
303
306
309
311
314
317
320
322
324
327
329
332
334
337
339
341
344
346
349
351
354
356
359
361
363
366
368
371
373
376
378
380
383
385
388
390
393
395
398
400
402
405
407
410
412
415
417
420
422
424
426
428
431
433
435
437
440
442
444
446
449
451
453
455
458
460
462
464
467
469
471
473
476
478
480
482
485
487
489
491
494
496
498
500
503
505
507
509
512
514
516
518
521
523
525
527
530
532
534
536
538
541
543
545
547
550
552
554
556
558
561
563
565
567
570
572
574
576
578
581
583
585
587
590
592
594
596
598
601
603
605
607
610
612
614
616
618
621
623
625
627
630
632
634
636
639
641
643
646
648
650
652
655
657
659
662
664
666
668
671
673
675
678
680
682
685
687
689
691
694
696
698
701
703
705
707
710
712
714
717
719
721
723
726
728
730
733
735
737
740
742
744
746
749
751
753
756
758
760
762
765
767
769
772
774
776
778
781
783
785
788
790
792
794
797
799
801
804
806
808
811
813
815
817
820
822
824
827
829
831
833
836
838
840
843
845
847
850
852
854
856
858
860
862
864
866
868
870
872
874
876
878
880
882
884
886
888
890
892
894
896
898
901
903
905
907
909
911
913
915
917
919
921
923
925
927
929
931
933
935
937
939
941
943
945
947
950
952
954
956
958
961
963
965
967
970
972
974
976
979
981
983
985
988
990
992
994
997
999
1001
1003
1006
1008
1010
1012
1015
1017
1019
1021
1024
1026
1028
1030
1033
1035
1037
1039
1042
1044
1046
1048
1051
1053
1055
1057
1060
1062
1064
1066
1068
1070
1072
1074
1076
1078
1080
1082
1085
1087
1089
1091
1093
1095
1097
1099
1101
1103
1105
1107
1109
1112
1114
1116
1118
1120
1122
1124
1126
1128
1130
1132
1135
1137
1139
1141
1143
1145
1147
1149
1151
1153
1155
1157
1160
1162
1165
1167
1170
1172
1174
1177
1180
1182
1185
1187
1190
1192
1194
1197
1200
1202
1205
1207
1210
1212
1214
1217
1220
1222
1225
1227
1230
1232
1234
1237
1240
1242
1245
1247
1250
1252
1255
1257
1260
1262
1265
1267
1270
1272
1274
1276
1279
1281
1283
1286
1288
1290
1292
1295
1297
1299
1302
1304
1306
1308
1311
1313
1315
1318
1320
1322
1325
1327
1329
1331
1334
1336
1338
1341
1343
1345
1347
1350
1352
1354
1357
1359
1361
1363
1366
1368
1370
1373
1375
1377
1380
1382
1384
1386
1388
1390
1392
1395
1397
1399
1401
1403
1405
1408
1410
1412
1414
1416
1418
1420
1423
1425
1427
1429
1431
1433
1436
1438
1440
1442
1444
1446
1449
1451
1453
1455
1457
1459
1461
1464
1466
1468
1470
1472
1474
1477
1479
1481
1483
1485
1487
1490
1492
1494
1496
1498
1501
1503
1505
1507
1510
1512
1514
1516
1519
1521
1523
1525
1528
1530
1532
1534
1537
1539
1541
1543
1546
1548
1550
1552
1555
1557
1559
1561
1564
1566
1568
1570
1573
1575
1577
1579
1582
1584
1586
1588
1591
1593
1595
1597
1600
1602
1605
1608
1611
1613
1616
1619
1622
1625
1627
1630
1633
1636
1638
1641
1644
1647
1650
1652
1655
1658
1661
1663
1666
1669
1672
1675
1677
1680
1683
1686
1688
1691
1694
1697
1700
1702
1705
1708
1710
1713
1716
1718
1721
1724
1726
1729
1732
1734
1737
1740
1742
1745
1748
1750
1753
1756
1759
1761
1764
1767
1769
1772
1775
1777
1780
1783
1785
1788
1791
1793
1796
1799
1801
1804
1807
1810
1812
1815
1818
1821
1823
1826
1829
1832
1835
1837
1840
1843
1846
1848
1851
1854
1857
1859
1862
1865
1868
1871
1873
1876
1879
1882
1885
1887
1890
1893
1896
1898
1901
1904
1907
1910
1912
1914
1916
1919
1921
1923
1926
1928
1930
1932
1935
1937
1939
1942
1944
1946
1948
1951
1953
1955
1958
1960
1962
1964
1967
1969
1971
1974
1976
1978
1981
1983
1985
1987
1990
1992
1994
1997
1999
2001
2003
2006
2008
2010
2013
2015
2017
2020
2022
2024
2027
2029
2032
2034
2037
2039
2041
2044
2046
2049
2051
2054
2056
2059
2061
2064
2066
2068
2071
2073
2076
2078
2081
2083
2086
2088
2090
2093
2095
2098
2100
2103
2105
2108
2110
2112
2115
2117
2120
2122
2125
2127
2130
2132
2135
2138
2140
2143
2146
2148
2151
2154
2156
2159
2162
2164
2167
2170
2172
2175
2178
2180
2183
2186
2189
2191
2194
2197
2199
2202
2205
2207
2210
2213
2215
2218
2221
2223
2226
2229
2231
2234
2237
2240
2242
2245
2247
2250
2252
2255
2257
2260
2262
2265
2267
2270
2272
2275
2277
2280
2282
2285
2287
2290
2292
2295
2297
2300
2302
2305
2307
2310
2312
2315
2317
2320
2322
2325
2327
2330
2332
2335
2337
2340
2342
2345
2347
2350
2352
2355
2357
2360
2362
2365
2367
2370
2373
2375
2378
2380
2383
2385
2388
2391
2393
2396
2398
2401
2403
2406
2408
2411
2414
2416
2419
2421
2424
2426
2429
2432
2434
2437
2439
2442
2444
2447
2450
2452
2455
2458
2461
2464
2466
2469
2472
2475
2478
2481
2483
2486
2489
2492
2495
2497
2500
2503
2506
2509
2512
2514
2517
2520
2523
2526
2528
2531
2534
2537
2540
2543
2545
2548
2551
2554
2557
2560
2563
2566
2569
2572
2576
2579
2582
2585
2589
2592
2595
2598
2601
2605
2608
2611
2614
2618
2621
2624
2627
2630
2634
2637
2640
2643
2647
2650
2653
2656
2660
2662
2665
2667
2670
2672
2675
2677
2680
2682
2685
2687
2690
2692
2695
2697
2700
2702
2705
2707
2710
2712
2715
2717
2720
2722
2725
2727
2730
2732
2735
2737
2740
2742
2745
2747
2750
2752
2755
2757
2760
2762
2765
2767
2770
2772
2775
2778
2781
2784
2787
2790
2793
2796
2799
2802
2805
2808
2811
2814
2817
2820
2823
2826
2829
2832
2835
2838
2841
2844
2847
2850
2853
2856
2859
2862
2865
2868
2871
2874
2877
2880
2882
2885
2888
2891
2894
2897
2900
2903
2906
2909
2912
2915
2918
2921
2924
2927
2930
2933
2936
2939
2942
2945
2948
2951
2954
2957
2960
2963
2966
2969
2972
2975
2978
2981
2984
2987
2990
2992
2994
2997
2999
3002
3004
3007
3009
3012
3014
3016
3019
3021
3024
3026
3029
3031
3034
3036
3038
3041
3043
3046
3048
3051
3053
3056
3058
3060
3063
3065
3068
3070
3073
3075
3078
3080
3082
3085
3087
3090
3092
3095
3097
3100
3102
3105
3108
3111
3114
3117
3120
3122
3125
3128
3131
3134
3137
3140
3142
3145
3148
3151
3154
3157
3160
3162
3165
3168
3171
3174
3177
3180
3182
3185
3188
3191
3194
3197
3200
3202
3205
3207
3210
3212
3215
3217
3220
3222
3225
3227
3230
3232
3235
3237
3240
3242
3245
3247
3250
3252
3255
3257
3260
3262
3265
3267
3270
3272
3275
3277
3280
3282
3285
3287
3290
3292
3295
3297
3300
3302
3305
3307
3310
3312
3315
3318
3321
3324
3327
3330
3332
3335
3338
3341
3344
3347
3350
3352
3355
3358
3361
3364
3367
3370
3372
3375
3378
3381
3384
3387
3390
3392
3395
3398
3401
3404
3407
3410
3413
3417
3421
3425
3428
3432
3436
3440
3444
3447
3451
3455
3459
3463
3466
3470
3474
3478
3482
3485
3489
3493
3497
3501
3504
3508
3512
3516
3520
3522
3524
3526
3529
3531
3533
3536
3538
3540
3542
3545
3547
3549
3552
3554
3556
3558
3561
3563
3565
3568
3570
3572
3575
3577
3579
3581
3584
3586
3588
3591
3593
3595
3597
3600
3602
3604
3607
3609
3611
3613
3616
3618
3620
3623
3625
3627
3630
3632
3635
3637
3640
3643
3645
3648
3650
3653
3656
3658
3661
3664
3666
3669
3671
3674
3677
3679
3682
3685
3687
3690
3692
3695
3698
3700
3703
3705
3708
3711
3713
3716
3719
3721
3724
3726
3729
3732
3734
3737
3740
3742
3745
3748
3751
3753
3756
3759
3762
3764
3767
3770
3773
3775
3778
3781
3784
3786
3789
3792
3795
3797
3800
3803
3806
3808
3811
3814
3817
3819
3822
3825
3828
3830
3833
3836
3839
3841
3844
3847
3850
3853
3857
3860
3864
3867
3871
3875
3878
3882
3885
3889
3892
3896
3900
3903
3907
3910
3914
3917
3921
3925
3928
3932
3935
3939
3942
3946
3950
3955
3960
3965
3970
3976
3981
3986
3991
3997
4002
4007
4012
4018
4023
4028
4033
4039
4044
4049
4054
4059
4062
4065
4068
4071
4074
4077
4080
4082
4085
4088
4091
4094
4097
4100
4102
4105
4108
4111
4114
4117
4120
4122
4125
4128
4131
4134
4137
4140
4142
4145
4148
4151
4154
4157
4160
4163
4166
4169
4172
4175
4178
4182
4185
4188
4191
4194
4197
4200
4204
4207
4210
4213
4216
4219
4222
4226
4229
4232
4235
4238
4241
4244
4247
4251
4254
4257
4260
4263
4266
4270
4277
4285
4293
4301
4309
4317
4324
4332
4340
4348
4356
4364
4372
4380
4387
4394
4402
4409
4416
4424
4431
4438
4446
4453
4460
4468
4475
4482
4490
4494
4499
4504
4509
4513
4518
4523
4528
4533
4537
4542
4547
4552
4556
4561
4566
4571
4576
4580
4585
4590
4595
4600
4602
4605
4608
4611
4614
4617
4620
4622
4625
4628
4631
4634
4637
4640
4642
4645
4648
4651
4654
4657
4660
4662
4665
4668
4671
4674
4677
4680
4682
4685
4688
4691
4694
4697
4700
4703
4706
4710
4713
4716
4720
4723
4726
4730
4733
4736
4740
4743
4746
4750
4753
4756
4760
4763
4766
4770
4773
4776
4779
4783
4786
4790
4793
4796
4800
4803
4806
4810
4814
4819
4823
4828
4832
4837
4841
4846
4850
4855
4859
4864
4869
4873
4878
4882
4887
4891
4896
4900
4905
4910
4912
4915
4918
4921
4923
4926
4929
4932
4934
4937
4940
4943
4945
4948
4951
4954
4956
4959
4962
4965
4967
4970
4973
4976
4978
4981
4984
4987
4989
4992
4995
4997
5000
5003
5006
5008
5011
5014
5017
5020
5022
5025
5028
5030
5033
5036
5038
5041
5044
5046
5049
5052
5054
5057
5060
5062
5065
5068
5070
5073
5076
5079
5081
5084
5087
5089
5092
5095
5097
5100
5103
5105
5108
5111
5113
5116
5119
5121
5124
5127
5130
5132
5135
5137
5140
5143
5145
5148
5150
5153
5156
5158
5161
5164
5166
5169
5171
5174
5177
5179
5182
5185
5187
5190
5192
5195
5198
5200
5203
5205
5208
5211
5213
5216
5219
5221
5224
5226
5229
5232
5234
5237
5240
5246
5252
5258
5264
5270
5276
5282
5288
5295
5301
5307
5313
5319
5325
5331
5337
5343
5350
5354
5359
5363
5368
5372
5377
5381
5386
5390
5395
5400
5404
5409
5413
5418
5422
5427
5431
5436
5440
5445
5450
5454
5458
5462
5466
5470
5474
5478
5482
5486
5490
5494
5498
5502
5507
5511
5515
5519
5523
5527
5531
5535
5539
5543
5547
5551
5555
5560
5562
5565
5567
5570
5573
5575
5578
5581
5583
5586
5588
5591
5594
5596
5599
5602
5604
5607
5609
5612
5615
5617
5620
5623
5625
5628
5631
5633
5636
5638
5641
5644
5646
5649
5652
5654
5657
5660
5662
5665
5668
5671
5673
5676
5679
5682
5684
5687
5690
5693
5695
5698
5701
5704
5706
5709
5712
5715
5717
5720
5723
5726
5728
5731
5734
5737
5739
5742
5745
5747
5750
5753
5756
5758
5761
5764
5767
5770
5772
5775
5778
5781
5784
5787
5790
5793
5796
5799
5802
5805
5808
5811
5814
5817
5820
5823
5826
5829
5832
5835
5838
5841
5844
5847
5850
5853
5856
5859
5862
5865
5868
5871
5874
5877
5880
5883
5886
5890
5893
5896
5900
5903
5906
5910
5913
5916
5920
5923
5926
5930
5933
5936
5940
5943
5946
5950
5953
5956
5960
5963
5966
5970
5973
5976
5980
5983
5986
5990
5993
5996
6000
6003
6007
6010
6014
6017
6020
6024
6027
6031
6034
6038
6041
6045
6048
6051
6055
6058
6062
6065
6069
6072
6075
6079
6082
6086
6089
6093
6096
6100
6103
6107
6111
6114
6118
6122
6125
6129
6133
6137
6140
6144
6148
6151
6155
6159
6162
6166
6170
6174
6177
6181
6185
6188
6192
6196
6200
6203
6206
6209
6212
6216
6219
6222
6225
6229
6232
6235
6238
6242
6245
6248
6251
6255
6258
6261
6264
6267
6271
6274
6277
6280
6284
6287
6290
6293
6297
6300
6303
6306
6310
6313
6316
6319
6322
6325
6328
6331
6334
6337
6340
6343
6346
6349
6352
6355
6358
6361
6364
6367
6370
6373
6376
6379
6382
6385
6388
6391
6394
6397
6400
6403
6406
6410
6412
6415
6417
6420
6423
6425
6428
6430
6433
6436
6438
6441
6444
6446
6449
6451
6454
6457
6459
6462
6465
6467
6470
6472
6475
6478
6480
6483
6485
6488
6491
6493
6496
6499
6501
6504
6506
6509
6512
6514
6517
6520
6522
6525
6528
6531
6534
6537
6540
6543
6546
6548
6551
6554
6557
6560
6563
6566
6569
6572
6574
6577
6580
6583
6586
6589
6592
6595
6598
6601
6603
6606
6609
6612
6615
6618
6621
6624
6627
6630
6632
6635
6638
6640
6643
6646
6648
6651
6654
6656
6659
6662
6664
6667
6670
6672
6675
6678
6680
6683
6686
6689
6691
6694
6697
6699
6702
6705
6707
6710
6713
6715
6718
6721
6723
6726
6729
6731
6734
6737
6740
6742
6745
6748
6751
6754
6757
6760
6763
6766
6768
6771
6774
6777
6780
6783
6786
6789
6792
6795
6797
6800
6803
6806
6809
6812
6815
6818
6821
6823
6826
6829
6832
6835
6838
6841
6844
6847
6850
6853
6856
6859
6862
6865
6868
6871
6875
6878
6881
6884
6887
6890
6893
6896
6900
6903
6906
6909
6912
6915
6918
6921
6925
6928
6931
6934
6937
6940
6943
6946
6950
6952
6955
6958
6961
6964
6967
6970
6972
6975
6978
6981
6984
6987
6990
6992
6995
6998
7001
7004
7007
7010
7012
7015
7018
7021
7024
7027
7030
7032
7035
7038
7041
7044
7047
7050
7052
7055
7058
7061
7064
7067
7070
7072
7075
7078
7081
7084
7087
7090
7092
7095
7098
7101
7104
7107
7110
7112
7115
7118
7121
7124
7127
7130
7132
7135
7138
7141
7144
7147
7150
7152
7155
7158
7161
7164
7167
7170
7173
7176
7179
7182
7185
7188
7192
7195
7198
7201
7204
7207
7210
7214
7217
7220
7223
7226
7229
7232
7236
7239
7242
7245
7248
7251
7254
7258
7261
7264
7267
7270
7273
7276
7280
7282
7285
7287
7290
7292
7295
7297
7300
7303
7305
7308
7310
7313
7315
7318
7321
7323
7326
7328
7331
7333
7336
7338
7341
7344
7346
7349
7351
7354
7356
7359
7362
7364
7367
7369
7372
7374
7377
7380
7382
7385
7388
7391
7394
7397
7400
7403
7406
7409
7412
7415
7418
7421
7424
7427
7430
7433
7436
7439
7442
7445
7448
7451
7454
7457
7460
7463
7466
7469
7472
7475
7478
7481
7484
7487
7490
7492
7495
7498
7501
7504
7507
7510
7513
7516
7518
7521
7524
7527
7530
7533
7536
7539
7542
7545
7547
7550
7553
7556
7559
7562
7565
7568
7571
7573
7576
7579
7582
7585
7588
7591
7594
7597
7600
7602
7605
7608
7611
7614
7617
7620
7623
7626
7629
7632
7635
7638
7641
7644
7647
7650
7652
7655
7658
7661
7664
7667
7670
7673
7676
7679
7682
7685
7688
7691
7694
7697
7700
7702
7705
7708
7711
7714
7716
7719
7722
7725
7728
7731
7733
7736
7739
7742
7745
7747
7750
7753
7756
7759
7762
7764
7767
7770
7773
7776
7778
7781
7784
7787
7790
7793
7795
7798
7801
7804
7807
7810
7813
7816
7819
7822
7826
7829
7832
7835
7839
7842
7845
7848
7851
7855
7858
7861
7864
7868
7871
7874
7877
7880
7884
7887
7890
7893
7897
7900
7903
7906
7910
7912
7915
7918
7921
7924
7926
7929
7932
7935
7938
7941
7943
7946
7949
7952
7955
7957
7960
7963
7966
7969
7972
7974
7977
7980
7983
7986
7988
7991
7994
7997
8000
8003
8005
8008
8011
8014
8017
8020
8022
8024
8027
8029
8031
8034
8036
8038
8041
8043
8045
8048
8050
8052
8055
8057
8059
8062
8064
8066
8069
8071
8073
8076
8078
8080
8083
8085
8087
8090
8092
8094
8097
8099
8101
8104
8106
8108
8111
8113
8115
8118
8120
8122
8125
8127
8130
8132
8134
8137
8139
8141
8144
8146
8149
8151
8153
8156
8158
8161
8163
8165
8168
8170
8173
8175
8177
8180
8182
8185
8187
8189
8192
8194
8196
8199
8201
8204
8206
8208
8211
8213
8216
8218
8220
8223
8225
8228
8230
8232
8235
8237
8240
8243
8246
8250
8253
8257
8260
8264
8267
8270
8274
8277
8281
8284
8288
8291
8295
8298
8301
8305
8308
8312
8315
8319
8322
8325
8329
8332
8336
8339
8343
8346
8350
8352
8355
8358
8360
8363
8366
8368
8371
8374
8377
8379
8382
8385
8387
8390
8393
8395
8398
8401
8404
8406
8409
8412
8414
8417
8420
8422
8425
8428
8431
8433
8436
8439
8441
8444
8447
8450
8452
8455
8458
8461
8464
8466
8469
8472
8475
8478
8481
8483
8486
8489
8492
8495
8497
8500
8503
8506
8509
8512
8514
8517
8520
8523
8526
8528
8531
8534
8537
8540
8543
8545
8548
8551
8554
8557
8560
8562
8565
8568
8571
8574
8577
8580
8583
8586
8589
8592
8595
8598
8601
8604
8607
8610
8612
8615
8618
8621
8624
8627
8630
8633
8636
8639
8642
8645
8648
8651
8654
8657
8660
8662
8665
8667
8670
8672
8675
8677
8680
8682
8685
8687
8690
8692
8695
8697
8700
8702
8705
8707
8709
8712
8715
8717
8720
8722
8725
8727
8730
8732
8735
8737
8740
8742
8745
8747
8750
8752
8754
8757
8760
8762
8764
8767
8770
8772
8775
8778
8781
8784
8787
8790
8793
8796
8799
8802
8805
8808
8811
8814
8817
8820
8823
8826
8829
8832
8835
8838
8841
8844
8847
8850
8853
8856
8859
8862
8865
8868
8871
8874
8877
8880
8883
8887
8890
8894
8898
8901
8905
8909
8912
8916
8920
8923
8927
8930
8934
8938
8941
8945
8949
8952
8956
8960
8963
8967
8970
8974
8978
8981
8985
8989
8992
8996
9000
9004
9009
9013
9018
9022
9027
9032
9036
9041
9045
9050
9055
9059
9064
9068
9073
9077
9082
9087
9091
9096
9100
9105
9110
9113
9116
9119
9122
9125
9128
9131
9135
9138
9141
9144
9147
9150
9153
9156
9160
9163
9166
9169
9172
9175
9178
9181
9185
9188
9191
9194
9197
9200
9203
9206
9210
9213
9217
9220
9224
9227
9231
9234
9238
9241
9245
9249
9252
9256
9259
9263
9266
9270
9273
9277
9280
9284
9288
9291
9295
9298
9302
9305
9309
9312
9316
9320
9323
9327
9330
9334
9337
9341
9345
9348
9352
9355
9359
9362
9366
9370
9373
9377
9380
9384
9387
9391
9395
9398
9402
9405
9409
9412
9416
9420
9423
9427
9431
9434
9438
9442
9445
9449
9453
9456
9460
9464
9467
9471
9475
9478
9482
9485
9489
9493
9497
9500
9504
9508
9511
9515
9519
9522
9526
9530
9534
9539
9543
9548
9552
9557
9561
9566
9570
9575
9580
9584
9589
9593
9598
9602
9607
9611
9616
9620
9625
9630
9637
9645
9653
9661
9669
9677
9685
9692
9700
9708
9716
9724
9732
9740
9749
9758
9767
9776
9786
9795
9804
9813
9823
9832
9841
9850
9860
9867
9874
9881
9888
9895
9902
9910
9917
9924
9931
9938
9945
9952
9960
9966
9972
9979
9985
9992
9998
10005
10011
10018
10024
10031
10037
10044
10050
10057
10063
10070
10076
10082
10088
10094
10100
10106
10112
10118
10125
10131
10137
10143
10149
10155
10161
10167
10173
10180
10185
10191
10197
10203
10208
10214
10220
10226
10232
10237
10243
10249
10255
10261
10266
10272
10278
10284
10290
10295
10300
10305
10311
10316
10321
10326
10332
10337
10342
10347
10353
10358
10363
10368
10374
10379
10384
10390
10392
10395
10398
10401
10404
10407
10410
10413
10416
10419
10422
10425
10428
10431
10434
10437
10440
10443
10446
10449
10452
10455
10458
10461
10464
10467
10470
10473
10476
10479
10482
10485
10488
10491
10494
10497
10500
10502
10505
10507
10510
10512
10515
10517
10520
10522
10525
10527
10530
10532
10535
10537
10540
10542
10545
10547
10549
10552
10555
10557
10560
10562
10565
10567
10570
10572
10575
10577
10580
10582
10584
10587
10590
10592
10594
10597
10600
10602
10604
10607
10610
10613
10617
10620
10624
10628
10632
10635
10639
10643
10646
10650
10654
10657
10661
10665
10668
10672
10676
10679
10683
10687
10690
10694
10698
10701
10705
10709
10712
10716
10720
10723
10727
10731
10734
10738
10742
10745
10749
10753
10756
10760
10764
10767
10771
10775
10778
10782
10786
10789
10793
10797
10800
10804
10808
10811
10815
10819
10822
10826
10830
10832
10835
10838
10841
10843
10846
10849
10852
10855
10857
10860
10863
10866
10868
10871
10874
10877
10879
10882
10885
10888
10891
10893
10896
10899
10902
10905
10907
10910
10913
10916
10918
10921
10924
10927
10930
10933
10937
10941
10945
10949
10953
10957
10961
10965
10969
10973
10977
10981
10985
10988
10992
10996
11000
11004
11008
11012
11016
11020
11024
11028
11032
11036
11040
11042
11045
11048
11051
11053
11056
11059
11062
11065
11067
11070
11073
11076
11078
11081
11084
11087
11090
11092
11095
11098
11101
11103
11106
11109
11112
11115
11117
11120
11123
11126
11128
11131
11134
11137
11140
11142
11145
11148
11150
11153
11156
11158
11161
11164
11166
11169
11172
11174
11177
11180
11182
11185
11188
11190
11193
11196
11199
11201
11204
11207
11209
11212
11215
11217
11220
11223
11225
11228
11231
11233
11236
11239
11241
11244
11247
11250
11252
11255
11257
11260
11263
11265
11268
11270
11273
11276
11278
11281
11284
11286
11289
11291
11294
11297
11299
11302
11305
11307
11310
11312
11315
11318
11320
11323
11325
11328
11331
11333
11336
11339
11341
11344
11346
11349
11352
11354
11357
11360
11362
11365
11368
11371
11373
11376
11379
11382
11385
11387
11390
11393
11396
11398
11401
11404
11407
11410
11412
11415
11418
11421
11423
11426
11429
11432
11435
11437
11440
11443
11446
11448
11451
11454
11457
11460
11463
11466
11469
11472
11476
11479
11482
11485
11489
11492
11495
11498
11502
11505
11508
11511
11515
11518
11521
11524
11527
11531
11534
11537
11540
11544
11547
11550
11553
11557
11560
11563
11566
11570
11572
11575
11577
11580
11582
11585
11587
11590
11593
11595
11598
11600
11603
11605
11608
11611
11613
11616
11618
11621
11623
11626
11628
11631
11634
11636
11639
11641
11644
11646
11649
11652
11654
11657
11659
11662
11664
11667
11670
11673
11676
11679
11682
11685
11688
11691
11694
11697
11700
11703
11706
11709
11712
11715
11718
11721
11725
11728
11731
11734
11737
11740
11743
11746
11749
11752
11755
11758
11761
11764
11767
11770
11773
11776
11780
11782
11785
11788
11790
11793
11796
11798
11801
11804
11807
11809
11812
11815
11817
11820
11823
11825
11828
11831
11834
11836
11839
11842
11844
11847
11850
11852
11855
11858
11861
11863
11866
11869
11871
11874
11877
11880
11882
11885
11888
11891
11893
11896
11899
11902
11904
11907
11910
11913
11915
11918
11921
11924
11926
11929
11932
11935
11937
11940
11943
11946
11948
11951
11954
11957
11959
11962
11965
11968
11970
11973
11976
11979
11981
11984
11987
11990
11992
11995
11998
12001
12004
12006
12009
12012
12015
12018
12021
12023
12026
12029
12032
12035
12037
12040
12043
12046
12049
12052
12054
12057
12060
12063
12066
12068
12071
12074
12077
12080
12083
12085
12088
12091
12094
12097
12100
12102
12104
12106
12108
12110
12112
12114
12117
12119
12121
12123
12125
12127
12129
12131
12134
12136
12138
12140
12142
12144
12146
12148
12151
12153
12155
12157
12159
12161
12163
12165
12168
12170
12172
12174
12176
12178
12180
12182
12185
12187
12189
12191
12193
12195
12197
12200
12202
12204
12207
12209
12211
12214
12216
12218
12221
12223
12225
12228
12230
12232
12235
12237
12239
12242
12244
12246
12249
12251
12253
12256
12258
12260
12263
12265
12267
12270
12272
12274
12277
12279
12281
12284
12286
12288
12291
12293
12295
12298
12300
12302
12305
12307
12310
12312
12314
12316
12318
12320
12322
12324
12326
12328
12330
12332
12334
12336
12338
12340
12342
12344
12346
12348
12350
12352
12354
12356
12358
12361
12363
12365
12367
12369
12371
12373
12375
12377
12379
12381
12383
12385
12387
12389
12391
12393
12395
12397
12399
12401
12403
12405
12407
12410
12412
12414
12416
12418
12420
12422
12424
12426
12428
12430
12432
12434
12436
12439
12441
12443
12445
12447
12449
12451
12453
12455
12457
12459
12461
12463
12466
12468
12470
12472
12474
12476
12478
12480
12482
12484
12486
12488
12490
12493
12495
12497
12499
12501
12503
12505
12507
12509
12511
12513
12515
12517
12520
12522
12524
12527
12529
12531
12534
12536
12539
12541
12543
12546
12548
12551
12553
12555
12558
12560
12563
12565
12567
12570
12572
12575
12577
12579
12582
12584
12586
12589
12591
12594
12596
12598
12601
12603
12606
12608
12610
12613
12615
12618
12620
12622
12625
12627
12630
12632
12635
12637
12640
12643
12645
12648
12650
12653
12656
12658
12661
12664
12666
12669
12671
12674
12677
12679
12682
12685
12687
12690
12692
12695
12698
12700
12703
12705
12708
12711
12713
12716
12719
12721
12724
12726
12729
12732
12734
12737
12740
12742
12744
12746
12748
12751
12753
12755
12757
12759
12762
12764
12766
12768
12770
12773
12775
12777
12779
12781
12784
12786
12788
12790
12792
12795
12797
12799
12801
12803
12806
12808
12810
12812
12814
12817
12819
12821
12823
12825
12828
12830
12832
12834
12836
12839
12841
12843
12845
12847
12850
12852
12854
12856
12859
12861
12863
12866
12868
12870
12873
12875
12877
12880
12882
12884
12887
12889
12891
12894
12896
12898
12901
12903
12905
12908
12910
12912
12915
12917
12919
12922
12924
12926
12929
12931
12933
12936
12938
12940
12943
12945
12947
12950
12952
12955
12957
12960
12963
12965
12968
12970
12973
12976
12978
12981
12984
12986
12989
12991
12994
12997
12999
13002
13005
13007
13010
13012
13015
13018
13020
13023
13025
13028
13031
13033
13036
13039
13041
13044
13046
13049
13052
13054
13057
13060
13062
13065
13067
13070
13072
13075
13077
13080
13083
13085
13088
13090
13093
13095
13098
13101
13103
13106
13108
13111
13113
13116
13118
13121
13124
13126
13129
13131
13134
13136
13139
13142
13144
13147
13149
13152
13154
13157
13160
13162
13165
13167
13170
13172
13175
13177
13180
13183
13185
13188
13190
13193
13195
13198
13200
13203
13206
13208
13211
13213
13216
13218
13221
13223
13226
13229
13231
13234
13236
13239
13241
13244
13246
13249
13252
13254
13257
13259
13262
13264
13267
13270
13272
13275
13277
13280
13282
13285
13287
13290
13292
13295
13297
13300
13302
13305
13307
13310
13312
13315
13317
13320
13322
13325
13327
13330
13332
13335
13337
13340
13342
13345
13347
13350
13352
13355
13357
13360
13362
13365
13367
13370
13372
13375
13377
13380
13382
13384
13387
13389
13391
13394
13396
13398
13401
13403
13405
13408
13410
13412
13415
13417
13419
13422
13424
13426
13429
13431
13433
13436
13438
13440
13443
13445
13447
13450
13452
13454
13457
13459
13461
13464
13466
13468
13471
13473
13475
13478
13480
13482
13485
13487
13490
13492
13495
13498
13501
13504
13507
13510
13513
13516
13518
13521
13524
13527
13530
13533
13536
13539
13542
13545
13547
13550
13553
13556
13559
13562
13565
13568
13571
13573
13576
13579
13582
13585
13588
13591
13594
13597
13600
13602
13604
13606
13609
13611
13613
13616
13618
13620
13623
13625
13627
13630
13632
13634
13637
13639
13641
13644
13646
13648
13651
13653
13655
13658
13660
13662
13665
13667
13669
13672
13674
13676
13679
13681
13683
13686
13688
13690
13693
13695
13697
13700
13702
13704
13706
13708
13710
13712
13715
13717
13719
13721
13723
13725
13728
13730
13732
13734
13736
13738
13740
13743
13745
13747
13749
13751
13753
13756
13758
13760
13762
13764
13766
13769
13771
13773
13775
13777
13779
13781
13784
13786
13788
13790
13792
13794
13797
13799
13801
13803
13805
13807
13810
13812
13814
13816
13819
13821
13823
13826
13828
13830
13833
13835
13837
13840
13842
13844
13847
13849
13851
13854
13856
13858
13861
13863
13865
13868
13870
13872
13875
13877
13879
13882
13884
13886
13889
13891
13893
13896
13898
13900
13903
13905
13907
13910
13912
13915
13917
13920
13922
13925
13927
13930
13932
13935
13937
13940
13942
13945
13947
13950
13952
13955
13957
13959
13962
13965
13967
13970
13972
13975
13977
13980
13982
13985
13987
13990
13992
13995
13997
14000
14002
14004
14007
14010
14012
14014
14017
14020
14021
14023
14025
14027
14029
14031
14033
14035
14037
14039
14041
14043
14045
14047
14049
14051
14053
14055
14057
14059
14061
14063
14065
14067
14069
14071
14073
14075
14076
14078
14080
14082
14084
14086
14088
14090
14092
14094
14096
14098
14100
14102
14104
14106
14108
14110
14112
14114
14116
14118
14120
14122
14124
14126
14128
14130
14132
14134
14136
14138
14141
14143
14145
14147
14150
14152
14154
14156
14159
14161
14163
14165
14168
14170
14172
14174
14177
14179
14181
14183
14186
14188
14190
14192
14195
14197
14199
14201
14204
14206
14208
14210
14213
14215
14217
14219
14222
14224
14226
14228
14231
14233
14235
14237
14240
14242
14244
14246
14248
14250
14252
14254
14256
14259
14261
14263
14265
14267
14269
14271
14273
14275
14278
14280
14282
14284
14286
14288
14290
14292
14295
14297
14299
14301
14303
14305
14307
14309
14311
14314
14316
14318
14320
14322
14324
14326
14328
14330
14333
14335
14337
14339
14341
14343
14345
14347
14350
14352
14354
14356
14358
14360
14363
14365
14367
14369
14371
14373
14376
14378
14380
14382
14384
14386
14389
14391
14393
14395
14397
14399
14402
14404
14406
14408
14410
14413
14415
14417
14419
14421
14423
14426
14428
14430
14432
14434
14436
14439
14441
14443
14445
14447
14450
14452
14454
14457
14459
14461
14464
14466
14468
14471
14473
14475
14478
14480
14482
14485
14487
14489
14492
14494
14496
14499
14501
14503
14506
14508
14510
14513
14515
14517
14520
14522
14524
14527
14529
14531
14534
14536
14538
14541
14543
14545
14548
14550
14552
14555
14557
14560
14562
14565
14568
14571
14574
14577
14580
14582
14585
14588
14591
14594
14597
14600
14602
14605
14608
14611
14614
14617
14620
14622
14625
14628
14631
14634
14637
14640
14642
14645
14648
14651
14654
14657
14660
14662
14664
14666
14669
14671
14673
14676
14678
14680
14682
14685
14687
14689
14692
14694
14696
14698
14701
14703
14705
14708
14710
14712
14715
14717
14719
14721
14724
14726
14728
14731
14733
14735
14737
14740
14742
14744
14747
14749
14751
14753
14756
14758
14760
14763
14765
14767
14770
14772
14774
14776
14778
14780
14782
14784
14786
14789
14791
14793
14795
14797
14799
14801
14803
14805
14808
14810
14812
14814
14816
14818
14820
14822
14825
14827
14829
14831
14833
14835
14837
14839
14841
14844
14846
14848
14850
14852
14854
14856
14858
14860
14863
14865
14867
14869
14871
14873
14875
14877
14880
14882
14884
14886
14888
14890
14892
14894
14896
14898
14900
14902
14904
14906
14909
14911
14913
14915
14917
14919
14921
14923
14925
14927
14929
14931
14933
14936
14938
14940
14942
14944
14946
14948
14950
14952
14954
14956
14958
14960
14963
14965
14967
14969
14971
14973
14975
14977
14979
14981
14983
14985
14987
14990
14992
14994
14997
14999
15001
15004
15006
15008
15011
15013
15015
15018
15020
15022
15025
15027
15029
15032
15034
15036
15039
15041
15043
15046
15048
15050
15053
15055
15057
15060
15062
15064
15067
15069
15071
15074
15076
15078
15081
15083
15085
15088
15090
15092
15095
15097
15100
15102
15105
15108
15111
15114
15117
15120
15123
15126
15129
15132
15135
15138
15141
15144
15147
15150
15153
15156
15159
15162
15165
15168
15171
15174
15177
15180
15183
15186
15189
15192
15195
15198
15201
15204
15207
15210
15212
15214
15216
15218
15220
15222
15224
15226
15228
15230
15232
15234
15236
15238
15240
15242
15244
15246
15248
15250
15252
15254
15256
15258
15260
15262
15265
15267
15269
15271
15273
15275
15277
15279
15281
15283
15285
15287
15289
15291
15293
15295
15297
15299
15301
15303
15305
15307
15309
15311
15313
15315
15317
15320
15322
15324
15326
15329
15331
15333
15335
15338
15340
15342
15345
15347
15349
15351
15354
15356
15358
15360
15363
15365
15367
15370
15372
15374
15376
15379
15381
15383
15385
15388
15390
15392
15395
15397
15399
15401
15404
15406
15408
15410
15413
15415
15417
15420
15422
15425
15427
15430
15432
15435
15437
15440
15442
15445
15447
15450
15452
15455
15457
15459
15462
15465
15467
15469
15472
15475
15477
15480
15482
15485
15487
15490
15492
15495
15497
15500
15502
15504
15507
15510
15512
15514
15517
15520
15522
15524
15527
15530
15532
15535
15538
15541
15543
15546
15549
15552
15555
15557
15560
15563
15566
15568
15571
15574
15577
15580
15582
15585
15588
15591
15593
15596
15599
15602
15605
15607
15610
15613
15616
15618
15621
15624
15627
15630
15632
15635
15638
15641
15644
15646
15649
15652
15655
15658
15661
15663
15666
15669
15672
15675
15677
15680
15683
15686
15689
15692
15694
15697
15700
15703
15706
15708
15711
15714
15717
15720
15723
15725
15728
15731
15734
15737
15740
15742
15744
15746
15748
15751
15753
15755
15757
15759
15762
15764
15766
15768
15770
15773
15775
15777
15779
15781
15784
15786
15788
15790
15792
15795
15797
15799
15801
15803
15806
15808
15810
15812
15814
15817
15819
15821
15823
15825
15828
15830
15832
15834
15836
15839
15841
15843
15845
15847
15850
15852
15855
15857
15860
15862
15865
15867
15870
15873
15875
15878
15880
15883
15885
15888
15891
15893
15896
15898
15901
15903
15906
15908
15911
15914
15916
15919
15921
15924
15926
15929
15932
15934
15937
15939
15942
15944
15947
15950
15952
15955
15958
15960
15963
15966
15969
15972
15974
15977
15980
15982
15985
15988
15991
15994
15996
15999
16002
16004
16007
16010
16013
16015
16018
16021
16024
16026
16029
16032
16035
16038
16040
16043
16046
16049
16051
16054
16057
16059
16063
16067
16070
16074
16077
16081
16085
16088
16092
16095
16099
16102
16106
16110
16113
16117
16120
16124
16127
16131
16134
16138
16142
16145
16149
16152
16156
16160
16166
16172
16178
16184
16190
16196
16202
16208
16215
16221
16227
16233
16239
16245
16251
16257
16263
16270
16274
16280
16285
16290
16294
16300
16305
16309
16314
16320
16325
16329
16335
16340
16344
16349
16355
16360
16364
16369
16375
16379
16384
16389
16394
16399
16403
16408
16413
16418
16423
16427
16432
16437
16442
16446
16451
16456
16461
16466
16470
16475
16480
16485
16490
16494
16499
16504
16509
16513
16518
16523
16528
16533
16537
16542
16547
16552
16556
16561
16566
16571
16576
16580
16585
16590
16595
16600
16604
16609
16613
16618
16622
16627
16631
16636
16640
16645
16650
16654
16659
16663
16668
16672
16677
16681
16686
16690
16695
16700
16702
16705
16708
16710
16713
16716
16718
16721
16724
16726
16729
16732
16734
16737
16740
16742
16745
16748
16750
16753
16756
16759
16761
16764
16767
16769
16772
16775
16777
16780
16783
16785
16788
16791
16793
16796
16799
16801
16804
16807
16810
16812
16814
16816
16818
16821
16823
16825
16827
16830
16832
16834
16836
16838
16841
16843
16845
16847
16849
16852
16854
16856
16858
16861
16863
16865
16867
16870
16872
16874
16876
16878
16881
16883
16885
16887
16890
16892
16894
16896
16898
16901
16903
16905
16907
16910
16913
16916
16920
16923
16926
16930
16933
16936
16940
16943
16946
16950
16953
16956
16960
16963
16966
16970
16973
16976
16980
16983
16986
16990
16993
16996
17000
17003
17006
17009
17013
17016
17020
17022
17025
17028
17031
17034
17037
17040
17042
17045
17048
17051
17054
17057
17060
17062
17065
17068
17071
17074
17077
17080
17082
17085
17088
17091
17094
17097
17100
17102
17105
17108
17111
17114
17117
17120
17122
17125
17128
17131
17134
17137
17140
17142
17144
17147
17149
17152
17154
17156
17159
17161
17164
17166
17168
17171
17173
17176
17178
17180
17183
17185
17188
17190
17192
17195
17197
17200
17202
17204
17207
17209
17212
17214
17216
17219
17221
17224
17226
17228
17231
17233
17236
17238
17240
17243
17245
17248
17250
17252
17255
17257
17260
17262
17265
17268
17270
17273
17276
17278
17281
17284
17286
17289
17292
17294
17297
17300
17302
17305
17308
17310
17313
17316
17319
17321
17324
17327
17329
17332
17335
17337
17340
17343
17345
17348
17351
17353
17356
17359
17361
17364
17367
17370
17375
17380
17385
17390
17395
17400
17405
17410
17415
17420
17425
17430
17435
17439
17445
17450
17455
17460
17465
17470
17474
17479
17484
17489
17493
17498
17503
17508
17513
17517
17522
17527
17532
17536
17541
17546
17551
17556
17560
17565
17570
17575
17580
17582
17585
17587
17590
17592
17595
17597
17600
17603
17605
17608
17610
17613
17615
17618
17621
17623
17626
17628
17631
17633
17636
17638
17641
17644
17646
17649
17651
17654
17656
17659
17662
17664
17667
17669
17672
17674
17677
17680
17682
17685
17688
17691
17693
17696
17699
17702
17704
17707
17710
17713
17715
17718
17721
17724
17726
17729
17732
17735
17737
17740
17743
17746
17748
17751
17754
17756
17759
17762
17765
17768
17770
17773
17776
17779
17781
17784
17787
17790
17793
17796
17799
17802
17806
17809
17812
17815
17819
17822
17825
17828
17831
17835
17838
17841
17844
17848
17851
17854
17857
17860
17864
17867
17870
17873
17877
17880
17883
17886
17890
17892
17894
17896
17898
17901
17903
17905
17907
17910
17912
17914
17916
17919
17921
17923
17925
17928
17930
17932
17934
17937
17939
17941
17943
17946
17948
17950
17952
17955
17957
17959
17961
17964
17966
17968
17970
17973
17975
17977
17979
17982
17984
17986
17988
17991
17993
17995
17997
18000
18003
18007
18011
18015
18018
18022
18026
18030
18034
18037
18041
18045
18049
18053
18056
18060
18064
18068
18072
18075
18079
18083
18087
18091
18094
18098
18102
18106
18110
18116
18122
18129
18135
18142
18148
18155
18161
18168
18174
18181
18187
18194
18200
18207
18213
18220
18222
18225
18228
18230
18233
18236
18239
18241
18244
18247
18250
18253
18255
18258
18261
18264
18266
18269
18272
18275
18277
18280
18283
18285
18288
18291
18294
18296
18299
18302
18305
18308
18310
18313
18316
18319
18321
18324
18327
18330
18332
18335
18337
18340
18342
18345
18347
18350
18353
18355
18358
18360
18363
18365
18368
18370
18373
18376
18378
18381
18383
18386
18388
18391
18393
18396
18399
18401
18404
18406
18409
18411
18414
18416
18419
18422
18424
18427
18429
18432
18434
18437
18440
18442
18445
18447
18450
18452
18455
18457
18460
18462
18465
18467
18470
18472
18475
18477
18480
18482
18485
18487
18490
18492
18495
18497
18500
18502
18505
18507
18510
18512
18515
18517
18520
18522
18525
18527
18530
18532
18535
18537
18540
18542
18545
18547
18550
18552
18555
18557
18560
18562
18565
18567
18570
18572
18575
18577
18580
18582
18585
18587
18590
18592
18595
18597
18600
18602
18605
18607
18610
18612
18615
18617
18620
18622
18625
18627
18630
18632
18635
18637
18640
18642
18645
18647
18650
18652
18655
18657
18660
18662
18664
18666
18668
18670
18672
18675
18677
18679
18681
18683
18685
18688
18690
18692
18694
18696
18698
18700
18703
18705
18707
18709
18711
18713
18716
18718
18720
18722
18724
18726
18729
18731
18733
18735
18737
18739
18741
18744
18746
18748
18750
18752
18754
18757
18759
18761
18763
18765
18767
18770
18772
18774
18777
18779
18781
18784
18786
18789
18791
18793
18796
18798
18801
18803
18805
18808
18810
18813
18815
18817
18820
18822
18825
18827
18829
18832
18834
18836
18839
18841
18844
18846
18848
18851
18853
18856
18858
18860
18863
18865
18868
18870
18872
18875
18877
18880
18882
18884
18886
18888
18890
18892
18894
18896
18898
18900
18902
18904
18906
18909
18911
18913
18915
18917
18919
18921
18923
18925
18927
18929
18931
18933
18936
18938
18940
18942
18944
18946
18948
18950
18952
18954
18956
18958
18960
18963
18965
18967
18969
18971
18973
18975
18977
18979
18981
18983
18985
18987
18990
18992
18995
18998
19001
19004
19006
19009
19012
19015
19018
19021
19023
19026
19029
19032
19035
19037
19040
19043
19046
19049
19052
19054
19057
19060
19063
19066
19068
19071
19074
19077
19080
19083
19085
19088
19091
19094
19097
19100
19102
19105
19107
19110
19113
19115
19118
19121
19123
19126
19128
19131
19134
19136
19139
19142
19144
19147
19150
19152
19155
19157
19160
19163
19165
19168
19171
19173
19176
19178
19181
19184
19186
19189
19192
19194
19197
19200
19204
19208
19212
19216
19220
19224
19227
19232
19236
19240
19244
19248
19252
19256
19259
19264
19268
19272
19276
19280
19284
19288
19292
19296
19300
19304
19308
19312
19316
19320
19325
19330
19335
19340
19345
19350
19355
19360
19365
19370
19375
19380
19385
19390
19395
19400
19405
19410
19415
19420
19423
19426
19429
19432
19436
19439
19442
19445
19449
19452
19455
19458
19462
19465
19468
19471
19475
19478
19481
19484
19487
19491
19494
19497
19500
19504
19507
19510
19513
19517
19520
19523
19526
19530
19532
19534
19536
19538
19541
19543
19545
19547
19550
19552
19554
19556
19558
19561
19563
19565
19567
19570
19572
19574
19576
19578
19581
19583
19585
19587
19590
19592
19594
19596
19598
19601
19603
19605
19607
19610
19612
19614
19616
19618
19621
19623
19625
19627
19630
19632
19634
19637
19639
19642
19644
19646
19649
19651
19654
19656
19658
19661
19663
19666
19668
19670
19673
19675
19678
19680
19682
19685
19687
19689
19692
19694
19697
19699
19702
19704
19706
19709
19711
19714
19716
19718
19721
19723
19726
19728
19730
19733
19735
19738
19740
19742
19745
19747
19750
19754
19758
19762
19766
19770
19774
19778
19782
19786
19790
19794
19798
19802
19807
19811
19815
19819
19823
19827
19831
19835
19839
19843
19847
19851
19855
19860
19863
19866
19870
19873
19877
19880
19884
19887
19891
19894
19897
19901
19904
19908
19911
19915
19918
19922
19925
19928
19932
19935
19939
19942
19946
19949
19953
19956
19960
19965
19970
19975
19980
19985
19990
19995
20000
20005
20010
20015
20020
20025
20030
20035
20040
20045
20050
20055
20060
20065
20070
20072
20075
20077
20080
20083
20085
20088
20091
20093
20096
20098
20101
20104
20106
20109
20112
20114
20117
20120
20122
20125
20127
20130
20133
20135
20138
20141
20143
20146
20148
20151
20154
20156
20159
20162
20164
20167
20170
20172
20174
20176
20178
20181
20183
20185
20187
20189
20192
20194
20196
20198
20200
20203
20205
20207
20209
20211
20214
20216
20218
20220
20222
20225
20227
20229
20231
20233
20236
20238
20240
20242
20244
20247
20249
20251
20253
20255
20258
20260
20262
20264
20266
20269
20271
20273
20275
20277
20280
20281
20283
20285
20287
20289
20291
20293
20295
20297
20299
20301
20303
20305
20306
20308
20310
20312
20314
20316
20318
20320
20322
20324
20326
20328
20330
20331
20333
20335
20337
20339
20341
20343
20345
20347
20349
20351
20353
20355
20356
20358
20360
20362
20364
20366
20368
20370
20372
20374
20376
20378
20380
20382
20384
20386
20388
20391
20393
20395
20397
20399
20401
20404
20406
20408
20410
20413
20415
20417
20419
20421
20424
20426
20428
20430
20432
20435
20437
20439
20441
20443
20445
20448
20450
20452
20454
20456
20459
20461
20463
20465
20468
20470
20472
20474
20476
20479
20481
20483
20485
20487
20490
20492
20494
20496
20499
20501
20503
20506
20508
20510
20512
20515
20517
20519
20522
20524
20526
20528
20531
20533
20535
20538
20540
20542
20545
20547
20549
20551
20554
20556
20558
20561
20563
20565
20567
20570
20572
20574
20577
20579
20581
20583
20586
20588
20590
20593
20595
20597
20600
20602
20604
20606
20608
20610
20613
20615
20617
20619
20621
20623
20626
20628
20630
20632
20634
20636
20639
20641
20643
20645
20647
20650
20652
20654
20656
20658
20660
20663
20665
20667
20669
20671
20673
20676
20678
20680
20682
20684
20686
20689
20691
20693
20695
20697
20700
20703
20706
20709
20712
20715
20718
20721
20724
20727
20730
20733
20736
20739
20742
20745
20748
20751
20755
20758
20761
20764
20767
20770
20773
20776
20779
20782
20785
20788
20791
20794
20797
20800
20803
20806
20810
20814
20819
20824
20829
20833
20838
20843
20848
20853
20857
20862
20867
20872
20876
20881
20886
20891
20896
20900
20905
20910
20915
20920
20922
20925
20928
20931
20934
20936
20939
20942
20945
20948
20951
20953
20956
20959
20962
20965
20967
20970
20973
20976
20979
20982
20984
20987
20990
20993
20996
20998
21001
21004
21007
21010
21013
21015
21018
21021
21024
21027
21030
21032
21034
21036
21039
21041
21043
21046
21048
21050
21053
21055
21057
21060
21062
21064
21067
21069
21071
21074
21076
21078
21081
21083
21085
21088
21090
21092
21095
21097
21099
21102
21104
21106
21109
21111
21113
21116
21118
21120
21123
21125
21127
21130
21132
21134
21137
21140
21142
21145
21147
21150
21152
21154
21157
21160
21162
21165
21167
21169
21172
21174
21177
21180
21182
21185
21187
21189
21192
21195
21197
21200
21202
21205
21207
21209
21212
21215
21217
21220
21222
21224
21227
21229
21232
21235
21237
21240
21242
21244
21246
21248
21250
21252
21254
21256
21259
21261
21263
21265
21267
21269
21271
21273
21275
21278
21280
21282
21284
21286
21288
21290
21292
21294
21297
21299
21301
21303
21305
21307
21309
21311
21314
21316
21318
21320
21322
21324
21326
21328
21330
21333
21335
21337
21339
21341
21343
21345
21347
21350
21352
21354
21356
21358
21360
21362
21364
21366
21368
21370
21372
21374
21376
21378
21380
21382
21384
21386
21388
21390
21392
21394
21396
21398
21400
21402
21404
21406
21408
21410
21412
21414
21416
21418
21420
21422
21424
21426
21428
21430
21432
21434
21436
21438
21440
21442
21444
21445
21448
21450
21453
21456
21459
21462
21465
21468
21471
21474
21477
21480
21483
21486
21489
21492
21495
21498
21501
21505
21508
21511
21514
21517
21520
21523
21526
21529
21532
21535
21538
21541
21544
21547
21550
21553
21556
21560
21564
21569
21574
21579
21583
21588
21593
21598
21602
21607
21612
21617
21621
21626
21631
21636
21640
21645
21650
21655
21660
21664
21668
21672
21676
21681
21685
21689
21693
21698
21702
21706
21710
21715
21719
21723
21727
21731
21736
21740
21744
21748
21753
21757
21761
21765
21770
21773
21777
21781
21785
21788
21792
21796
21800
21804
21807
21811
21815
21819
21823
21826
21830
21834
21838
21842
21845
21849
21853
21857
21861
21864
21868
21872
21876
21880
21884
21889
21893
21898
21902
21907
21912
21916
21921
21925
21930
21935
21939
21944
21948
21953
21957
21962
21967
21971
21976
21980
21985
21990
21994
21999
22004
22009
22013
22018
22023
22028
22033
22037
22042
22047
22052
22056
22061
22066
22071
22076
22080
22085
22090
22095
22100
22105
22110
22115
22120
22125
22130
22135
22140
22145
22150
22155
22160
22165
22170
22175
22180
22185
22189
22195
22200
22204
22209
22214
22219
22223
22228
22233
22238
22243
22247
22252
22257
22262
22266
22271
22276
22281
22286
22290
22295
22300
22305
22310
22312
22315
22317
22320
22322
22325
22327
22330
22333
22335
22338
22340
22343
22345
22348
22351
22353
22356
22358
22361
22363
22366
22368
22371
22374
22376
22379
22381
22384
22386
22389
22392
22394
22397
22399
22402
22404
22407
22410
22412
22414
22416
22418
22421
22423
22425
22427
22429
22432
22434
22436
22438
22440
22443
22445
22447
22449
22451
22454
22456
22458
22460
22462
22465
22467
22469
22471
22473
22476
22478
22480
22482
22484
22487
22489
22491
22493
22495
22498
22500
22502
22504
22506
22509
22511
22513
22515
22517
22520
22522
22524
22526
22528
22531
22533
22535
22537
22539
22541
22544
22546
22548
22550
22553
22555
22557
22559
22561
22564
22566
22568
22570
22572
22575
22577
22579
22581
22583
22586
22588
22590
22592
22594
22596
22599
22601
22603
22605
22608
22610
22612
22614
22616
22619
22621
22623
22625
22627
22630
22632
22635
22638
22641
22644
22647
22650
22653
22656
22658
22661
22664
22667
22670
22673
22676
22679
22682
22685
22687
22690
22693
22696
22699
22702
22705
22708
22711
22713
22716
22719
22722
22725
22728
22731
22734
22737
22740
22742
22744
22747
22749
22752
22754
22757
22759
22762
22764
22766
22769
22771
22774
22776
22779
22781
22784
22786
22788
22791
22793
22796
22798
22801
22803
22806
22808
22810
22813
22815
22818
22820
22823
22825
22828
22830
22832
22835
22837
22840
22842
22845
22847
22850
22852
22854
22856
22858
22860
22863
22865
22867
22869
22871
22873
22876
22878
22880
22882
22884
22886
22889
22891
22893
22895
22897
22900
22902
22904
22906
22908
22910
22913
22915
22917
22919
22921
22923
22926
22928
22930
22932
22934
22936
22939
22941
22943
22945
22947
22950
22952
22954
22956
22958
22960
22962
22965
22967
22969
22971
22973
22975
22977
22980
22982
22984
22986
22988
22990
22992
22995
22997
22999
23001
23003
23005
23007
23009
23012
23014
23016
23018
23020
23022
23025
23027
23029
23031
23033
23035
23037
23040
23042
23044
23046
23048
23050
23052
23055
23057
23059
23061
23063
23065
23067
23070
23071
23073
23075
23077
23078
23080
23082
23084
23086
23087
23089
23091
23093
23095
23096
23098
23100
23102
23103
23105
23107
23109
23111
23112
23114
23116
23118
23120
23121
23123
23125
23127
23128
23130
23132
23134
23136
23137
23139
23141
23143
23145
23146
23148
23150
23152
23153
23155
23157
23159
23161
23162
23164
23166
23168
23170
23171
23173
23175
23177
23179
23180
23182
23184
23186
23188
23189
23191
23193
23195
23197
23198
23200
23202
23204
23206
23207
23209
23211
23213
23215
23216
23218
23220
23222
23224
23225
23227
23229
23231
23233
23234
23236
23238
23240
23242
23243
23245
23247
23249
23251
23252
23254
23256
23258
23260
23261
23263
23265
23267
23269
23270
23272
23274
23276
23278
23280
23281
23283
23285
23287
23289
23291
23293
23295
23297
23299
23301
23303
23305
23307
23309
23311
23313
23315
23317
23319
23321
23323
23325
23327
23329
23330
23332
23334
23336
23338
23340
23342
23344
23346
23348
23350
23352
23354
23356
23358
23360
23362
23364
23366
23368
23370
23372
23374
23376
23378
23380
23382
23385
23387
23390
23392
23395
23397
23400
23403
23405
23408
23410
23413
23415
23418
23420
23423
23426
23428
23431
23433
23436
23438
23441
23443
23446
23449
23451
23454
23456
23459
23461
23464
23466
23469
23472
23474
23477
23479
23482
23484
23487
23490
23491
23493
23495
23497
23499
23501
23503
23505
23507
23508
23510
23512
23514
23516
23518
23520
23522
23524
23526
23527
23529
23531
23533
23535
23537
23539
23541
23543
23545
23546
23548
23550
23552
23554
23556
23558
23560
23562
23563
23565
23567
23569
23571
23573
23575
23577
23579
23581
23582
23584
23586
23588
23590
23592
23594
23596
23598
23600
23602
23604
23606
23608
23610
23612
23614
23616
23618
23620
23622
23625
23627
23629
23631
23633
23635
23637
23639
23641
23643
23645
23647
23650
23652
23654
23656
23658
23660
23662
23664
23666
23668
23670
23672
23675
23677
23679
23681
23683
23685
23687
23689
23691
23693
23695
23697
23700
23702
23704
23707
23709
23712
23714
23717
23719
23721
23724
23726
23729
23731
23734
23736
23739
23741
23744
23746
23748
23751
23753
23756
23758
23761
23763
23766
23768
23770
23773
23775
23778
23780
23783
23785
23788
23790
23792
23795
23797
23800
23802
23805
23807
23810
23812
23814
23816
23819
23821
23823
23825
23828
23830
23832
23835
23837
23839
23841
23844
23846
23848
23850
23853
23855
23857
23860
23862
23864
23866
23869
23871
23873
23875
23878
23880
23882
23884
23887
23889
23891
23894
23896
23898
23900
23903
23905
23907
23910
23912
23915
23917
23920
23923
23925
23928
23930
23933
23936
23938
23941
23944
23946
23949
23951
23954
23957
23959
23962
23965
23967
23970
23972
23975
23978
23980
23983
23985
23988
23991
23993
23996
23999
24001
24004
24006
24009
24012
24014
24017
24020
24021
24023
24025
24027
24029
24031
24033
24035
24037
24038
24040
24042
24044
24046
24048
24050
24052
24054
24056
24057
24059
24061
24063
24065
24067
24069
24071
24073
24075
24076
24078
24080
24082
24084
24086
24088
24090
24092
24093
24095
24097
24099
24101
24103
24105
24107
24109
24111
24112
24114
24116
24118
24120
24122
24124
24126
24128
24130
24131
24134
24136
24137
24140
24142
24144
24145
24148
24150
24151
24154
24156
24157
24160
24162
24163
24166
24168
24169
24171
24174
24176
24177
24180
24182
24183
24186
24188
24189
24192
24194
24195
24198
24200
24202
24203
24206
24208
24209
24212
24214
24215
24218
24220
24221
24224
24226
24227
24229
24232
24234
24235
24238
24240
24242
24244
24247
24249
24251
24254
24256
24259
24261
24263
24266
24268
24271
24273
24275
24278
24280
24283
24285
24287
24290
24292
24295
24297
24299
24302
24304
24306
24309
24311
24314
24316
24318
24321
24323
24326
24328
24330
24333
24335
24338
24340
24342
24345
24347
24350
24352
24354
24356
24358
24360
24362
24364
24366
24368
24370
24372
24375
24377
24379
24381
24383
24385
24387
24389
24391
24393
24395
24397
24400
24402
24404
24406
24408
24410
24412
24414
24416
24418
24420
24422
24425
24427
24429
24431
24433
24435
24437
24439
24441
24443
24445
24447
24450
24452
24454
24457
24459
24462
24464
24467
24469
24471
24474
24476
24479
24481
24484
24486
24489
24491
24494
24496
24498
24501
24503
24506
24508
24511
24513
24516
24518
24520
24523
24525
24528
24530
24533
24535
24538
24540
24542
24545
24547
24550
24552
24555
24557
24560
24561
24563
24565
24567
24569
24571
24573
24575
24577
24579
24581
24583
24585
24587
24589
24591
24593
24595
24597
24599
24601
24603
24605
24607
24609
24610
24612
24614
24616
24618
24620
24622
24624
24626
24628
24630
24632
24634
24636
24638
24640
24642
24644
24646
24648
24650
24652
24654
24656
24658
24660
24662
24664
24666
24668
24670
24672
24675
24677
24679
24681
24683
24685
24688
24690
24692
24694
24696
24698
24700
24703
24705
24707
24709
24711
24713
24716
24718
24720
24722
24724
24726
24729
24731
24733
24735
24737
24739
24741
24744
24746
24748
24750
24752
24754
24757
24759
24761
24763
24765
24767
24770
24772
24774
24776
24778
24780
24782
24784
24786
24788
24790
24792
24794
24796
24799
24801
24803
24805
24807
24809
24811
24813
24815
24817
24819
24821
24823
24826
24828
24830
24832
24834
24836
24838
24840
24842
24844
24846
24848
24850
24853
24855
24857
24859
24861
24863
24865
24867
24869
24871
24873
24875
24877
24880
24882
24884
24886
24888
24891
24893
24895
24897
24899
24901
24904
24906
24908
24910
24913
24915
24917
24919
24921
24924
24926
24928
24930
24932
24935
24937
24939
24941
24943
24945
24948
24950
24952
24954
24956
24959
24961
24963
24965
24968
24970
24972
24974
24976
24979
24981
24983
24985
24987
24990
24992
24994
24997
24999
25001
25004
25006
25008
25011
25013
25015
25018
25020
25022
25025
25027
25029
25032
25034
25036
25039
25041
25043
25046
25048
25050
25053
25055
25057
25060
25062
25064
25067
25069
25071
25074
25076
25078
25081
25083
25085
25088
25090
25092
25095
25097
25100
25102
25105
25107
25110
25112
25115
25117
25120
25123
25125
25128
25130
25133
25135
25138
25141
25143
25146
25148
25151
25153
25156
25158
25161
25164
25166
25169
25171
25174
25176
25179
25182
25184
25187
25189
25192
25194
25197
25200
25201
25203
25205
25207
25209
25211
25213
25215
25217
25219
25220
25222
25224
25226
25228
25230
25232
25234
25236
25238
25240
25241
25243
25245
25247
25249
25251
25253
25255
25257
25259
25260
25262
25264
25266
25268
25270
25272
25274
25276
25278
25280
25281
25283
25285
25287
25289
25291
25293
25295
25297
25299
25300
25302
25304
25306
25308
25310
25312
25314
25316
25318
25320
25322
25324
25326
25328
25330
25333
25335
25337
25339
25341
25343
25346
25348
25350
25352
25354
25356
25359
25361
25363
25365
25367
25370
25372
25374
25376
25378
25380
25383
25385
25387
25389
25391
25393
25396
25398
25400
25402
25404
25406
25409
25411
25413
25415
25417
25420
25422
25424
25426
25428
25430
25432
25434
25436
25439
25441
25443
25445
25447
25449
25451
25453
25455
25458
25460
25462
25464
25466
25468
25470
25472
25475
25477
25479
25481
25483
25485
25487
25489
25491
25494
25496
25498
25500
25502
25504
25506
25508
25510
25513
25515
25517
25519
25521
25523
25525
25527
25530
25532
25534
25536
25538
25540
25542
25544
25546
25548
25550
25552
25554
25556
25558
25560
25562
25564
25566
25568
25570
25572
25574
25576
25578
25580
25582
25584
25586
25588
25590
25592
25594
25596
25598
25600
25602
25604
25605
25608
25610
25612
25614
25616
25618
25620
25622
25624
25625
25628
25630
25631
25634
25636
25637
25640
25642
25644
25645
25648
25650
25651
25654
25656
25657
25660
25662
25663
25666
25668
25669
25671
25674
25676
25677
25680
25682
25683
25686
25688
25689
25692
25694
25695
25698
25700
25702
25703
25706
25708
25709
25712
25714
25715
25718
25720
25721
25724
25726
25727
25729
25732
25734
25735
25738
25740
25742
25744
25747
25749
25751
25754
25756
25758
25761
25763
25765
25768
25770
25772
25775
25777
25779
25782
25784
25786
25789
25791
25793
25796
25798
25800
25803
25805
25807
25810
25812
25814
25817
25819
25821
25824
25826
25828
25831
25833
25835
25838
25840
25842
25845
25847
25850
25852
25855
25857
25860
25863
25865
25868
25871
25873
25876
25878
25881
25884
25886
25889
25892
25894
25897
25900
25902
25905
25907
25910
25913
25915
25918
25921
25923
25926
25928
25931
25934
25936
25939
25942
25944
25947
25950
25952
25954
25957
25959
25961
25964
25966
25968
25971
25973
25975
25978
25980
25982
25985
25987
25989
25992
25994
25996
25999
26001
26003
26006
26008
26010
26013
26015
26017
26020
26022
26024
26027
26029
26031
26034
26036
26038
26041
26043
26045
26048
26050
26052
26055
26057
26060
26061
26063
26065
26067
26069
26071
26073
26075
26077
26079
26081
26083
26085
26087
26089
26091
26093
26095
26097
26099
26101
26103
26105
26107
26109
26110
26112
26114
26116
26118
26120
26122
26124
26126
26128
26130
26132
26134
26136
26138
26140
26142
26144
26146
26148
26150
26152
26154
26156
26158
26160
26162
26165
26167
26170
26172
26175
26177
26180
26182
26185
26187
26190
26192
26195
26197
26200
26202
26205
26207
26210
26212
26215
26217
26220
26222
26225
26227
26230
26232
26235
26237
26240
26242
26245
26247
26250
26252
26255
26257
26259
26262
26265
26267
26270
26272
26274
26277
26279
26281
26284
26286
26288
26291
26293
26295
26298
26300
26302
26305
26307
26309
26312
26314
26316
26319
26321
26323
26326
26328
26330
26333
26335
26337
26340
26342
26344
26347
26349
26351
26354
26356
26358
26361
26363
26365
26368
26370
26372
26375
26377
26380
26382
26384
26386
26388
26390
26392
26394
26396
26398
26400
26402
26404
26406
26408
26410
26412
26414
26416
26418
26420
26422
26424
26426
26428
26430
26432
26435
26437
26439
26441
26443
26445
26447
26449
26451
26453
26455
26457
26459
26461
26463
26465
26467
26469
26471
26473
26475
26477
26479
26481
26483
26485
26487
26490
26491
26493
26495
26497
26499
26500
26502
26504
26506
26508
26509
26511
26513
26515
26517
26518
26520
26522
26524
26526
26527
26529
26531
26533
26535
26536
26538
26540
26542
26544
26545
26547
26549
26551
26553
26554
26556
26558
26560
26562
26563
26565
26567
26569
26571
26572
26574
26576
26578
26580
26581
26583
26585
26587
26589
26590
26592
26594
26596
26598
26600
26601
26603
26605
26607
26609
26611
26613
26615
26617
26619
26621
26623
26625
26627
26629
26631
26633
26635
26637
26639
26641
26643
26645
26647
26649
26650
26652
26654
26656
26658
26660
26662
26664
26666
26668
26670
26672
26674
26676
26678
26680
26682
26684
26686
26688
26690
26692
26694
26696
26698
26700
26702
26704
26706
26708
26710
26712
26714
26716
26719
26721
26723
26725
26727
26729
26731
26733
26735
26738
26740
26742
26744
26746
26748
26750
26752
26755
26757
26759
26761
26763
26765
26767
26769
26771
26774
26776
26778
26780
26782
26784
26786
26788
26790
26793
26795
26797
26799
26801
26803
26805
26807
26810
26812
26814
26816
26818
26820
26822
26824
26827
26829
26831
26833
26835
26837
26839
26841
26844
26846
26848
26850
26852
26854
26856
26858
26861
26863
26865
26867
26869
26871
26873
26875
26878
26880
26882
26884
26886
26888
26890
26892
26895
26897
26899
26901
26903
26905
26907
26910
26912
26914
26916
26919
26921
26923
26926
26928
26930
26932
26935
26937
26939
26942
26944
26946
26948
26951
26953
26955
26958
26960
26962
26965
26967
26969
26971
26974
26976
26978
26981
26983
26985
26987
26990
26992
26994
26997
26999
27001
27003
27006
27008
27010
27013
27015
27017
27020
27021
27023
27025
27027
27029
27031
27033
27035
27037
27039
27041
27043
27045
27047
27049
27051
27053
27055
27057
27059
27061
27063
27065
27067
27069
27071
27073
27075
27076
27078
27080
27082
27084
27086
27088
27090
27092
27094
27096
27098
27100
27102
27104
27106
27108
27110
27112
27114
27116
27118
27120
27122
27124
27126
27128
27130
27132
27134
27136
27138
27140
27142
27144
27146
27148
27150
27152
27154
27156
27159
27161
27163
27165
27167
27169
27171
27173
27175
27177
27179
27181
27183
27186
27188
27190
27192
27194
27196
27198
27200
27202
27204
27206
27208
27210
27213
27215
27217
27219
27221
27223
27225
27227
27229
27231
27233
27235
27237
27240
27241
27243
27245
27247
27249
27251
27253
27255
27257
27259
27261
27263
27265
27267
27269
27271
27273
27275
27277
27279
27281
27283
27285
27287
27289
27291
27293
27295
27296
27298
27300
27302
27304
27306
27308
27310
27312
27314
27316
27318
27320
27322
27324
27326
27328
27330
27332
27334
27336
27338
27340
27342
27344
27346
27348
27350
27352
27354
27356
27359
27361
27363
27366
27368
27370
27373
27375
27377
27380
27382
27384
27387
27389
27391
27394
27396
27398
27401
27403
27405
27408
27410
27412
27415
27417
27419
27422
27424
27426
27429
27431
27433
27436
27438
27440
27443
27445
27447
27450
27452
27454
27456
27458
27460
27462
27464
27466
27468
27470
27472
27474
27476
27479
27481
27483
27485
27487
27489
27491
27493
27495
27497
27499
27501
27503
27506
27508
27510
27512
27514
27516
27518
27520
27522
27524
27526
27528
27530
27533
27535
27537
27539
27541
27543
27545
27547
27549
27551
27553
27555
27557
27560
27562
27564
27566
27568
27570
27573
27575
27577
27579
27581
27583
27586
27588
27590
27592
27594
27596
27599
27601
27603
27605
27607
27610
27612
27614
27616
27618
27620
27623
27625
27627
27629
27631
27633
27636
27638
27640
27642
27644
27646
27649
27651
27653
27655
27657
27660
27662
27665
27667
27670
27672
27675
27677
27680
27683
27685
27688
27690
27693
27695
27698
27700
27703
27706
27708
27711
27713
27716
27718
27721
27723
27726
27729
27731
27734
27736
27739
27741
27744
27746
27749
27752
27754
27757
27759
27762
27764
27767
27770
27772
27774
27776
27778
27780
27782
27785
27787
27789
27791
27793
27795
27798
27800
27802
27804
27806
27808
27810
27813
27815
27817
27819
27821
27823
27826
27828
27830
27832
27834
27836
27839
27841
27843
27845
27847
27849
27851
27854
27856
27858
27860
27862
27864
27867
27869
27871
27873
27875
27877
27880
27882
27884
27886
27889
27891
27893
27896
27898
27900
27902
27905
27907
27909
27912
27914
27916
27918
27921
27923
27925
27928
27930
27932
27935
27937
27939
27941
27944
27946
27948
27951
27953
27955
27957
27960
27962
27964
27967
27969
27971
27973
27976
27978
27980
27983
27985
27987
27990
27992
27994
27996
27999
28001
28003
28005
28008
28010
28012
28014
28017
28019
28021
28023
28026
28028
28030
28033
28035
28037
28039
28042
28044
28046
28048
28051
28053
28055
28057
28060
28062
28064
28066
28069
28071
28073
28076
28078
28080
28082
28085
28087
28089
28091
28094
28096
28098
28100
28103
28105
28107
28110
28111
28113
28115
28117
28119
28121
28123
28125
28126
28128
28130
28132
28134
28136
28138
28140
28142
28143
28145
28147
28149
28151
28153
28155
28157
28159
28160
28162
28164
28166
28168
28170
28172
28174
28176
28177
28179
28181
28183
28185
28187
28189
28191
28193
28194
28196
28198
28200
28202
28204
28206
28208
28210
28211
28213
28215
28217
28219
28221
28223
28224
28226
28228
28230
28232
28234
28236
28237
28239
28241
28243
28245
28247
28249
28251
28252
28254
28256
28258
28260
28262
28264
28265
28267
28269
28271
28273
28275
28277
28278
28280
28282
28284
28286
28288
28290
28292
28293
28295
28297
28299
28301
28303
28305
28306
28308
28310
28312
28314
28316
28318
28320
28322
28324
28327
28329
28331
28334
28336
28339
28341
28343
28346
28348
28350
28353
28355
28358
28360
28362
28365
28367
28370
28372
28374
28377
28379
28381
28384
28386
28389
28391
28393
28396
28398
28400
28403
28405
28408
28410
28412
28415
28417
28420
28422
28424
28426
28428
28431
28433
28435
28437
28439
28442
28444
28446
28448
28450
28453
28455
28457
28459
28461
28464
28466
28468
28470
28472
28475
28477
28479
28481
28483
28486
28488
28490
28492
28494
28497
28499
28501
28503
28505
28508
28510
28512
28514
28516
28519
28521
28523
28525
28527
28530
28532
28534
28536
28539
28541
28543
28545
28548
28550
28552
28555
28557
28559
28561
28564
28566
28568
28570
28573
28575
28577
28580
28582
28584
28586
28589
28591
28593
28595
28598
28600
28602
28605
28607
28609
28611
28614
28616
28618
28620
28623
28625
28627
28630
28632
28635
28637
28640
28642
28645
28647
28650
28652
28655
28658
28660
28663
28665
28668
28670
28673
28675
28678
28681
28683
28686
28688
28691
28693
28696
28698
28701
28704
28706
28709
28711
28714
28716
28719
28721
28724
28727
28729
28732
28734
28737
28739
28742
28744
28747
28750
28752
28754
28756
28759
28761
28763
28766
28768
28770
28772
28775
28777
28779
28782
28784
28786
28788
28791
28793
28795
28798
28800
28802
28805
28807
28809
28811
28814
28816
28818
28821
28823
28825
28827
28830
28832
28834
28837
28839
28841
28843
28846
28848
28850
28853
28855
28857
28860
28862
28864
28866
28868
28871
28873
28875
28877
28880
28882
28884
28886
28888
28891
28893
28895
28897
28900
28902
28904
28906
28908
28911
28913
28915
28917
28920
28922
28924
28926
28928
28931
28933
28935
28937
28940
28942
28944
28946
28948
28951
28953
28955
28957
28960
28962
28965
28967
28970
28973
28975
28978
28980
28983
28986
28988
28991
28994
28996
28999
29001
29004
29007
29009
29012
29015
29017
29020
29022
29025
29028
29030
29033
29035
29038
29041
29043
29046
29049
29051
29054
29056
29059
29062
29064
29067
29070
29072
29074
29076
29078
29080
29082
29084
29087
29089
29091
29093
29095
29097
29099
29101
29104
29106
29108
29110
29112
29114
29116
29118
29121
29123
29125
29127
29129
29131
29133
29135
29138
29140
29142
29144
29146
29148
29150
29152
29155
29157
29159
29161
29163
29165
29167
29170
29172
29174
29176
29178
29181
29183
29185
29187
29190
29192
29194
29196
29199
29201
29203
29205
29208
29210
29212
29214
29217
29219
29221
29223
29226
29228
29230
29232
29235
29237
29239
29241
29244
29246
29248
29250
29253
29255
29257
29259
29262
29264
29266
29268
29271
29273
29275
29277
29280
29282
29285
29288
29290
29293
29296
29298
29301
29304
29307
29309
29312
29315
29317
29320
29323
29325
29328
29331
29334
29336
29339
29342
29344
29347
29350
29352
29355
29358
29361
29363
29366
29369
29371
29374
29377
29380
29382
29384
29386
29388
29391
29393
29395
29397
29399
29401
29404
29406
29408
29410
29413
29415
29417
29419
29421
29424
29426
29428
29430
29432
29435
29437
29439
29441
29443
29445
29448
29450
29452
29454
29456
29459
29461
29463
29465
29468
29470
29472
29474
29476
29479
29481
29483
29485
29487
29490
29492
29494
29496
29498
29500
29502
29505
29507
29509
29511
29513
29515
29518
29520
29522
29524
29526
29528
29530
29533
29535
29537
29539
29541
29543
29546
29548
29550
29552
29554
29556
29559
29561
29563
29565
29567
29569
29571
29574
29576
29578
29580
29582
29584
29587
29589
29591
29593
29595
29597
29600
29602
29604
29606
29609
29611
29613
29615
29618
29620
29622
29625
29627
29629
29631
29634
29636
29638
29640
29643
29645
29647
29650
29652
29654
29656
29659
29661
29663
29665
29668
29670
29672
29675
29677
29679
29681
29684
29686
29688
29690
29693
29695
29697
29700
29702
29704
29706
29708
29710
29712
29715
29717
29719
29721
29723
29725
29728
29730
29732
29734
29736
29738
29740
29743
29745
29747
29749
29751
29753
29756
29758
29760
29762
29764
29766
29769
29771
29773
29775
29777
29779
29781
29784
29786
29788
29790
29792
29794
29797
29799
29801
29803
29805
29807
29810
29811
29814
29816
29817
29820
29822
29823
29826
29828
29830
29832
29834
29836
29837
29840
29842
29843
29846
29848
29849
29852
29854
29855
29858
29860
29862
29864
29866
29868
29870
29872
29874
29876
29878
29880
29882
29884
29886
29887
29890
29892
29894
29896
29898
29900
29902
29904
29906
29908
29910
