2
4
6
8
10
12
14
16
18
20
22
24
26
28
30
32
34
36
38
40
42
44
46
48
50
52
54
57
59
61
63
65
67
69
71
73
75
77
79
81
83
85
87
89
91
93
95
97
99
101
103
105
107
109
111
113
115
117
118
120
122
124
126
127
129
131
133
135
136
138
140
142
143
145
147
149
151
152
154
156
158
160
161
163
165
167
168
170
172
174
176
177
179
181
183
185
186
188
190
192
193
195
197
199
201
202
204
206
208
210
212
214
216
218
220
222
224
226
228
229
231
234
236
238
240
242
244
246
248
250
252
254
256
258
260
262
264
266
268
270
272
274
276
278
280
282
284
286
288
290
292
294
296
298
300
302
304
306
308
310
312
314
316
318
320
321
323
325
327
329
331
333
335
336
338
340
342
344
346
348
350
352
353
355
357
359
361
363
365
367
369
370
372
374
376
378
380
382
384
386
387
389
391
393
395
397
399
401
403
404
406
408
410
412
414
416
418
420
421
423
425
427
429
431
433
435
437
439
441
443
445
447
448
450
452
454
456
458
460
462
464
466
468
470
472
474
475
477
479
481
483
485
487
489
491
493
495
497
499
501
502
504
506
508
510
512
514
516
518
520
522
524
526
528
530
532
534
536
538
541
543
545
547
550
552
554
556
558
561
563
565
567
570
572
574
576
578
581
583
585
587
590
592
594
596
598
601
603
605
607
610
612
614
616
618
621
623
625
627
630
631
633
635
637
639
641
643
645
647
648
650
652
654
656
658
660
662
664
666
667
669
671
673
675
677
679
681
683
685
686
688
690
692
694
696
698
700
702
703
705
707
709
711
713
715
717
719
721
722
724
726
728
730
732
734
736
738
740
741
743
745
747
749
751
752
754
756
758
760
762
763
765
767
769
771
773
774
776
778
780
782
784
785
787
789
791
793
794
796
798
800
802
804
805
807
809
811
813
815
817
818
820
822
824
826
828
829
831
833
835
837
839
840
842
844
846
848
850
851
853
855
856
858
860
861
863
865
866
868
870
871
873
875
876
878
880
881
883
885
886
888
890
891
893
895
896
898
899
901
903
904
906
908
909
911
913
914
916
918
919
921
923
924
926
928
929
931
933
934
936
938
940
941
943
945
946
948
950
951
953
955
957
959
961
963
965
967
968
970
972
974
976
978
980
982
984
986
987
989
991
993
995
997
999
1001
1003
1004
1006
1008
1010
1012
1014
1016
1018
1020
1022
1023
1025
1027
1029
1031
1033
1035
1037
1039
1041
1042
1044
1046
1048
1050
1052
1054
1056
1058
1060
1061
1063
1065
1067
1069
1071
1073
1075
1077
1079
1081
1083
1085
1086
1088
1090
1092
1094
1096
1098
1100
1102
1104
1106
1108
1109
1111
1113
1115
1117
1119
1121
1123
1125
1127
1129
1131
1133
1135
1136
1138
1140
1142
1144
1146
1148
1150
1152
1154
1156
1158
1160
1161
1163
1165
1167
1169
1171
1173
1174
1176
1178
1180
1182
1184
1186
1187
1189
1191
1193
1195
1197
1199
1201
1202
1204
1206
1208
1210
1212
1214
1215
1217
1219
1221
1223
1225
1227
1228
1230
1232
1234
1236
1238
1240
1242
1243
1245
1247
1249
1251
1253
1255
1256
1258
1260
1262
1264
1266
1268
1270
1271
1273
1275
1277
1279
1281
1283
1285
1287
1288
1290
1292
1294
1296
1298
1300
1302
1304
1306
1307
1309
1311
1313
1315
1317
1319
1321
1323
1325
1326
1328
1330
1332
1334
1336
1338
1340
1342
1343
1345
1347
1349
1351
1353
1355
1357
1359
1361
1362
1364
1366
1368
1370
1372
1374
1376
1378
1380
1381
1383
1385
1386
1388
1390
1391
1393
1395
1396
1398
1400
1402
1403
1405
1407
1408
1410
1412
1413
1415
1417
1418
1420
1422
1424
1425
1427
1429
1430
1432
1434
1435
1437
1439
1440
1442
1444
1446
1447
1449
1451
1452
1454
1456
1457
1459
1461
1462
1464
1466
1468
1469
1471
1473
1474
1476
1478
1479
1481
1483
1484
1486
1488
1490
1491
1493
1495
1497
1499
1501
1503
1505
1507
1509
1511
1513
1515
1517
1519
1521
1523
1525
1527
1529
1531
1533
1535
1537
1539
1541
1543
1545
1546
1548
1550
1552
1554
1556
1558
1560
1562
1564
1566
1568
1570
1572
1574
1576
1578
1580
1582
1584
1586
1588
1590
1592
1594
1596
1598
1600
1602
1604
1606
1608
1611
1613
1615
1617
1619
1622
1624
1626
1628
1630
1633
1635
1637
1639
1641
1644
1646
1648
1650
1652
1655
1657
1659
1661
1663
1666
1668
1670
1672
1674
1677
1679
1681
1683
1685
1688
1690
1692
1694
1696
1699
1701
1703
1705
1707
1710
1712
1714
1716
1718
1720
1722
1724
1726
1728
1730
1732
1734
1736
1738
1740
1742
1744
1746
1748
1750
1752
1754
1756
1758
1760
1762
1765
1767
1769
1771
1773
1775
1777
1779
1781
1783
1785
1787
1789
1791
1793
1795
1797
1799
1801
1803
1805
1807
1809
1811
1813
1815
1817
1820
1821
1823
1825
1827
1829
1831
1833
1835
1837
1839
1841
1843
1845
1847
1849
1851
1853
1855
1857
1859
1861
1863
1865
1867
1869
1870
1872
1874
1876
1878
1880
1882
1884
1886
1888
1890
1892
1894
1896
1898
1900
1902
1904
1906
1908
1910
1912
1914
1916
1918
1920
1922
1924
1926
1928
1930
1932
1934
1936
1939
1941
1943
1945
1947
1949
1951
1953
1955
1958
1960
1962
1964
1966
1968
1970
1972
1974
1977
1979
1981
1983
1985
1987
1989
1991
1994
1996
1998
2000
2002
2004
2006
2008
2010
2013
2015
2017
2019
2021
2023
2025
2027
2029
2031
2033
2035
2037
2039
2041
2042
2044
2046
2048
2050
2052
2054
2055
2057
2059
2061
2063
2065
2067
2068
2070
2072
2074
2076
2078
2080
2081
2083
2085
2087
2089
2091
2092
2094
2096
2098
2100
2102
2104
2105
2107
2109
2111
2113
2115
2117
2118
2120
2122
2124
2126
2128
2130
2131
2133
2135
2137
2139
2141
2143
2145
2147
2149
2151
2153
2155
2157
2158
2160
2162
2164
2166
2168
2170
2172
2174
2176
2178
2180
2182
2184
2185
2187
2189
2191
2193
2195
2197
2199
2201
2203
2205
2207
2209
2211
2212
2214
2216
2218
2220
2222
2224
2226
2228
2230
2232
2234
2236
2238
2240
2241
2243
2245
2247
2249
2250
2252
2254
2256
2258
2259
2261
2263
2265
2267
2268
2270
2272
2274
2276
2277
2279
2281
2283
2285
2286
2288
2290
2292
2294
2295
2297
2299
2301
2303
2304
2306
2308
2310
2312
2313
2315
2317
2319
2321
2322
2324
2326
2328
2330
2331
2333
2335
2337
2339
2340
2342
2344
2346
2348
2350
2351
2353
2354
2356
2357
2359
2361
2362
2364
2365
2367
2369
2370
2372
2373
2375
2376
2378
2380
2381
2383
2384
2386
2388
2389
2391
2392
2394
2396
2397
2399
2400
2402
2403
2405
2407
2408
2410
2411
2413
2415
2416
2418
2419
2421
2423
2424
2426
2427
2429
2430
2432
2434
2435
2437
2438
2440
2442
2443
2445
2446
2448
2450
2452
2454
2456
2458
2460
2462
2464
2466
2468
2470
2472
2474
2476
2478
2480
2482
2484
2486
2488
2490
2492
2494
2496
2498
2500
2502
2504
2506
2508
2510
2512
2514
2516
2518
2520
2522
2524
2526
2528
2530
2532
2534
2536
2538
2540
2542
2544
2546
2548
2550
2552
2554
2556
2558
2560
2561
2563
2565
2566
2568
2570
2572
2573
2575
2577
2578
2580
2582
2584
2585
2587
2589
2591
2592
2594
2596
2597
2599
2601
2603
2604
2606
2608
2610
2611
2613
2615
2616
2618
2620
2622
2623
2625
2627
2628
2630
2632
2634
2635
2637
2639
2641
2642
2644
2646
2647
2649
2651
2653
2654
2656
2658
2660
2661
2663
2665
2667
2669
2671
2673
2675
2677
2679
2681
2683
2685
2687
2689
2691
2693
2695
2697
2699
2701
2703
2705
2707
2709
2711
2713
2715
2716
2718
2720
2722
2724
2726
2728
2730
2732
2734
2736
2738
2740
2742
2744
2746
2748
2750
2752
2754
2756
2758
2760
2762
2764
2766
2768
2770
2771
2773
2775
2776
2778
2780
2782
2783
2785
2787
2788
2790
2792
2794
2795
2797
2799
2800
2802
2804
2806
2807
2809
2811
2812
2814
2816
2818
2819
2821
2823
2825
2826
2828
2830
2831
2833
2835
2837
2838
2840
2842
2843
2845
2847
2849
2850
2852
2854
2855
2857
2859
2861
2862
2864
2866
2867
2869
2871
2873
2874
2876
2878
2880
2881
2883
2885
2886
2888
2890
2891
2893
2895
2896
2898
2900
2902
2903
2905
2907
2908
2910
2912
2913
2915
2917
2918
2920
2922
2924
2925
2927
2929
2930
2932
2934
2935
2937
2939
2940
2942
2944
2946
2947
2949
2951
2952
2954
2956
2957
2959
2961
2962
2964
2966
2968
2969
2971
2973
2974
2976
2978
2979
2981
2983
2984
2986
2988
2990
2991
2993
2995
2997
2999
3001
3003
3005
3007
3009
3011
3013
3015
3017
3019
3021
3023
3025
3027
3029
3031
3033
3035
3037
3039
3041
3043
3045
3046
3048
3050
3052
3054
3056
3058
3060
3062
3064
3066
3068
3070
3072
3074
3076
3078
3080
3082
3084
3086
3088
3090
3092
3094
3096
3098
3100
3101
3103
3105
3107
3109
3111
3112
3114
3116
3118
3120
3122
3124
3125
3127
3129
3131
3133
3135
3137
3138
3140
3142
3144
3146
3148
3150
3151
3153
3155
3157
3159
3161
3162
3164
3166
3168
3170
3172
3174
3175
3177
3179
3181
3183
3185
3187
3188
3190
3192
3194
3196
3198
3200
3201
3203
3205
3207
3209
3211
3212
3214
3216
3218
3220
3222
3223
3225
3227
3229
3231
3233
3234
3236
3238
3240
3242
3244
3245
3247
3249
3251
3253
3255
3256
3258
3260
3262
3264
3266
3267
3269
3271
3273
3275
3277
3278
3280
3282
3284
3286
3288
3289
3291
3293
3295
3297
3299
3300
3302
3304
3306
3308
3310
3311
3313
3315
3317
3319
3321
3323
3325
3327
3329
3331
3333
3335
3337
3339
3341
3343
3345
3347
3349
3351
3353
3355
3357
3359
3360
3362
3364
3366
3368
3370
3372
3374
3376
3378
3380
3382
3384
3386
3388
3390
3392
3394
3396
3398
3400
3402
3404
3406
3408
3410
3412
3414
3416
3419
3421
3423
3426
3428
3430
3432
3435
3437
3439
3442
3444
3446
3448
3451
3453
3455
3458
3460
3462
3465
3467
3469
3471
3474
3476
3478
3481
3483
3485
3487
3490
3492
3494
3497
3499
3501
3503
3506
3508
3510
3513
3515
3517
3520
3521
3523
3525
3526
3528
3530
3531
3533
3535
3536
3538
3540
3541
3543
3545
3546
3548
3550
3551
3553
3555
3556
3558
3560
3561
3563
3565
3566
3568
3570
3571
3573
3575
3576
3578
3580
3581
3583
3585
3586
3588
3590
3591
3593
3594
3596
3598
3600
3601
3603
3605
3606
3608
3610
3611
3613
3614
3616
3618
3620
3621
3623
3625
3626
3628
3630
3631
3633
3635
3637
3639
3640
3642
3644
3646
3648
3649
3651
3653
3655
3657
3658
3660
3662
3664
3666
3667
3669
3671
3673
3675
3676
3678
3680
3682
3684
3685
3687
3689
3691
3693
3694
3696
3698
3700
3702
3703
3705
3707
3709
3711
3712
3714
3716
3718
3720
3721
3723
3725
3727
3729
3730
3732
3734
3736
3738
3740
3742
3744
3746
3748
3750
3752
3754
3756
3758
3760
3762
3764
3766
3769
3771
3773
3775
3777
3779
3781
3783
3785
3787
3789
3791
3793
3796
3798
3800
3802
3804
3806
3808
3810
3812
3814
3816
3818
3820
3823
3825
3827
3829
3831
3833
3835
3837
3839
3841
3843
3845
3847
3850
3851
3853
3855
3857
3859
3861
3863
3865
3866
3868
3870
3872
3874
3876
3878
3880
3882
3883
3885
3887
3889
3891
3893
3895
3897
3899
3900
3902
3904
3906
3908
3910
3912
3914
3916
3917
3919
3921
3923
3925
3927
3929
3931
3933
3934
3936
3938
3940
3942
3944
3946
3948
3950
3952
3954
3956
3959
3961
3963
3965
3968
3970
3972
3974
3977
3979
3981
3983
3986
3988
3990
3993
3995
3997
3999
4002
4004
4006
4008
4011
4013
4015
4017
4020
4022
4024
4026
4029
4031
4033
4036
4038
4040
4042
4045
4047
4049
4051
4054
4056
4058
4060
4063
4065
4067
4070
4072
4074
4076
4078
4080
4083
4085
4087
4089
4091
4093
4096
4098
4100
4102
4104
4106
4109
4111
4113
4115
4117
4120
4122
4124
4126
4128
4130
4133
4135
4137
4139
4141
4143
4146
4148
4150
4152
4154
4156
4159
4161
4163
4165
4167
4170
4171
4173
4175
4176
4178
4180
4182
4183
4185
4187
4188
4190
4192
4194
4195
4197
4199
4200
4202
4204
4206
4207
4209
4211
4212
4214
4216
4218
4219
4221
4223
4225
4226
4228
4230
4231
4233
4235
4237
4238
4240
4242
4243
4245
4247
4249
4250
4252
4254
4255
4257
4259
4261
4262
4264
4266
4267
4269
4271
4273
4274
4276
4278
4280
4281
4283
4285
4287
4289
4291
4293
4295
4297
4299
4301
4303
4305
4306
4308
4310
4312
4314
4316
4318
4320
4322
4324
4326
4328
4330
4331
4333
4335
4337
4339
4341
4343
4345
4347
4349
4351
4353
4355
4356
4358
4360
4362
4364
4366
4368
4370
4372
4374
4376
4378
4380
4381
4383
4385
4387
4389
4391
4393
4395
4397
4398
4400
4402
4404
4406
4408
4410
4412
4414
4416
4417
4419
4421
4423
4425
4427
4429
4431
4433
4435
4436
4438
4440
4442
4444
4446
4448
4450
4452
4453
4455
4457
4459
4461
4463
4465
4467
4469
4471
4472
4474
4476
4478
4480
4482
4484
4486
4488
4490
4492
4494
4496
4499
4501
4503
4506
4508
4510
4512
4515
4517
4519
4522
4524
4526
4528
4531
4533
4535
4538
4540
4542
4545
4547
4549
4551
4554
4556
4558
4561
4563
4565
4567
4570
4572
4574
4577
4579
4581
4583
4586
4588
4590
4593
4595
4597
4600
4601
4603
4605
4606
4608
4610
4612
4613
4615
4617
4618
4620
4622
4624
4625
4627
4629
4631
4632
4634
4636
4637
4639
4641
4643
4644
4646
4648
4650
4651
4653
4655
4656
4658
4660
4662
4663
4665
4667
4668
4670
4672
4674
4675
4677
4679
4681
4682
4684
4686
4687
4689
4691
4693
4694
4696
4698
4700
4701
4703
4705
4707
4708
4710
4712
4714
4715
4717
4719
4721
4723
4724
4726
4728
4730
4731
4733
4735
4737
4739
4740
4742
4744
4746
4747
4749
4751
4753
4755
4756
4758
4760
4762
4763
4765
4767
4769
4770
4772
4774
4776
4778
4779
4781
4783
4785
4786
4788
4790
4792
4794
4795
4797
4799
4801
4802
4804
4806
4808
4810
4811
4813
4815
4817
4819
4820
4822
4824
4826
4828
4830
4831
4833
4835
4837
4839
4840
4842
4844
4846
4848
4850
4851
4853
4855
4857
4859
4860
4862
4864
4866
4868
4870
4871
4873
4875
4877
4879
4880
4882
4884
4886
4888
4890
4891
4893
4895
4897
4899
4900
4902
4904
4906
4908
4910
4912
4914
4916
4918
4921
4923
4925
4927
4929
4932
4934
4936
4938
4940
4943
4945
4947
4949
4951
4954
4956
4958
4960
4962
4965
4967
4969
4971
4973
4976
4978
4980
4982
4984
4987
4989
4991
4993
4995
4997
5000
5002
5004
5006
5008
5011
5013
5015
5017
5020
5021
5023
5025
5026
5028
5030
5032
5033
5035
5037
5038
5040
5042
5044
5045
5047
5049
5050
5052
5054
5056
5057
5059
5061
5062
5064
5066
5068
5069
5071
5073
5074
5076
5078
5080
5081
5083
5085
5087
5088
5090
5092
5093
5095
5097
5099
5100
5102
5104
5105
5107
5109
5111
5112
5114
5116
5117
5119
5121
5123
5124
5126
5128
5130
5131
5133
5135
5137
5139
5140
5142
5144
5146
5148
5149
5151
5153
5155
5157
5158
5160
5162
5164
5166
5167
5169
5171
5173
5175
5176
5178
5180
5182
5184
5185
5187
5189
5191
5193
5194
5196
5198
5200
5202
5203
5205
5207
5209
5211
5212
5214
5216
5218
5220
5221
5223
5225
5227
5229
5230
5232
5234
5236
5238
5240
5241
5243
5245
5247
5249
5251
5253
5255
5257
5259
5261
5263
5265
5267
5268
5270
5272
5274
5276
5278
5280
5282
5284
5286
5288
5290
5292
5294
5295
5297
5299
5301
5303
5305
5307
5309
5311
5313
5315
5317
5319
5321
5322
5324
5326
5328
5330
5332
5334
5336
5338
5340
5342
5344
5346
5348
5350
5351
5354
5356
5358
5359
5362
5364
5366
5367
5370
5372
5374
5375
5378
5380
5382
5383
5386
5388
5390
5391
5394
5396
5398
5399
5402
5404
5406
5408
5410
5412
5414
5416
5418
5420
5422
5424
5426
5428
5430
5432
5434
5436
5438
5440
5442
5444
5446
5448
5450
5451
5453
5455
5457
5459
5460
5462
5464
5466
5468
5469
5471
5473
5475
5477
5478
5480
5482
5484
5486
5487
5489
5491
5493
5495
5496
5498
5500
5502
5504
5505
5507
5509
5511
5513
5514
5516
5518
5520
5522
5523
5525
5527
5529
5531
5532
5534
5536
5538
5540
5541
5543
5545
5547
5549
5550
5552
5554
5556
5558
5560
5561
5563
5565
5567
5569
5570
5572
5574
5576
5578
5580
5581
5583
5585
5587
5589
5590
5592
5594
5596
5598
5600
5601
5603
5605
5607
5609
5610
5612
5614
5616
5618
5620
5621
5623
5625
5627
5629
5630
5632
5634
5636
5638
5640
5641
5643
5645
5647
5649
5650
5652
5654
5656
5658
5660
5662
5664
5666
5668
5670
5672
5674
5676
5678
5680
5682
5684
5686
5689
5691
5693
5695
5697
5699
5701
5703
5705
5707
5709
5711
5713
5716
5718
5720
5722
5724
5726
5728
5730
5732
5734
5736
5738
5740
5743
5745
5747
5749
5751
5753
5755
5757
5759
5761
5763
5765
5767
5770
5771
5773
5775
5777
5779
5781
5783
5785
5787
5788
5790
5792
5794
5796
5798
5800
5802
5804
5806
5807
5809
5811
5813
5815
5817
5819
5821
5823
5824
5826
5828
5830
5832
5834
5836
5838
5840
5842
5843
5845
5847
5849
5851
5853
5855
5857
5859
5861
5862
5864
5866
5868
5870
5872
5874
5876
5878
5880
5881
5883
5885
5887
5889
5891
5893
5895
5897
5899
5901
5903
5905
5907
5908
5910
5912
5914
5916
5918
5920
5922
5924
5926
5928
5930
5932
5934
5935
5937
5939
5941
5943
5945
5947
5949
5951
5953
5955
5957
5959
5961
5962
5964
5966
5968
5970
5972
5974
5976
5978
5980
5982
5984
5986
5988
5990
5991
5993
5995
5996
5998
6000
6002
6003
6005
6007
6009
6010
6012
6014
6016
6017
6019
6021
6023
6024
6026
6028
6030
6031
6033
6035
6037
6038
6040
6042
6044
6045
6047
6049
6051
6052
6054
6056
6058
6059
6061
6063
6065
6066
6068
6070
6072
6073
6075
6077
6079
6080
6082
6084
6086
6087
6089
6091
6093
6094
6096
6098
6100
6102
6104
6106
6108
6110
6112
6114
6117
6119
6121
6123
6125
6127
6129
6131
6134
6136
6138
6140
6142
6144
6146
6148
6151
6153
6155
6157
6159
6161
6163
6165
6168
6170
6172
6174
6176
6178
6180
6182
6185
6187
6189
6191
6193
6195
6197
6200
6201
6203
6205
6207
6209
6211
6213
6215
6217
6218
6220
6222
6224
6226
6228
6230
6232
6234
6236
6237
6239
6241
6243
6245
6247
6249
6251
6253
6255
6256
6258
6260
6262
6264
6266
6268
6270
6272
6273
6275
6277
6279
6281
6283
6285
6287
6289
6291
6292
6294
6296
6298
6300
6302
6304
6306
6308
6310
6312
6314
6316
6318
6320
6322
6324
6326
6328
6330
6332
6334
6336
6338
6340
6342
6344
6346
6348
6350
6352
6354
6356
6358
6361
6363
6365
6367
6369
6371
6373
6375
6377
6379
6381
6383
6385
6387
6389
6391
6393
6395
6397
6399
6401
6403
6405
6407
6410
6411
6413
6415
6417
6419
6421
6423
6425
6427
6429
6431
6433
6435
6437
6438
6440
6442
6444
6446
6448
6450
6452
6454
6456
6458
6460
6462
6464
6465
6467
6469
6471
6473
6475
6477
6479
6481
6483
6485
6487
6489
6491
6492
6494
6496
6498
6500
6502
6504
6506
6508
6510
6512
6514
6516
6518
6520
6521
6523
6526
6528
6529
6532
6534
6536
6537
6539
6542
6544
6545
6548
6550
6552
6553
6555
6558
6560
6561
6564
6566
6568
6569
6571
6574
6576
6577
6580
6582
6584
6585
6587
6590
6592
6593
6596
6598
6600
6601
6603
6606
6608
6609
6612
6614
6616
6617
6619
6622
6624
6625
6628
6630
6632
6633
6635
6638
6640
6641
6643
6645
6646
6648
6650
6651
6653
6655
6656
6658
6660
6662
6663
6665
6667
6668
6670
6672
6673
6675
6677
6678
6680
6682
6684
6685
6687
6689
6690
6692
6694
6695
6697
6699
6700
6702
6704
6705
6707
6709
6711
6712
6714
6716
6717
6719
6721
6722
6724
6726
6728
6729
6731
6733
6734
6736
6738
6739
6741
6743
6744
6746
6748
6750
6751
6753
6755
6757
6759
6761
6763
6764
6766
6768
6770
6772
6774
6776
6777
6779
6781
6783
6785
6787
6789
6791
6792
6794
6796
6798
6800
6802
6804
6805
6807
6809
6811
6813
6815
6817
6818
6820
6822
6824
6826
6828
6830
6832
6833
6835
6837
6839
6841
6843
6845
6846
6848
6850
6852
6854
6856
6858
6860
6862
6864
6866
6868
6870
6872
6874
6877
6879
6881
6883
6885
6887
6889
6891
6894
6896
6898
6900
6902
6904
6906
6908
6911
6913
6915
6917
6919
6921
6923
6925
6928
6930
6932
6934
6936
6938
6940
6942
6945
6947
6949
6951
6953
6955
6957
6960
6961
6963
6965
6967
6969
6971
6973
6975
6977
6979
6981
6983
6985
6987
6988
6990
6992
6994
6996
6998
7000
7002
7004
7006
7008
7010
7012
7014
7015
7017
7019
7021
7023
7025
7027
7029
7031
7033
7035
7037
7039
7041
7042
7044
7046
7048
7050
7052
7054
7056
7058
7060
7062
7064
7066
7068
7070
7072
7074
7076
7078
7080
7082
7084
7086
7088
7090
7092
7094
7096
7098
7100
7102
7104
7106
7108
7110
7112
7114
7116
7118
7120
7122
7124
7126
7128
7130
7132
7134
7136
7138
7140
7142
7144
7146
7148
7150
7152
7154
7156
7158
7160
7162
7164
7166
7168
7170
7171
7173
7175
7177
7179
7181
7183
7185
7187
7189
7191
7193
7195
7197
7199
7201
7203
7205
7207
7209
7211
7213
7215
7217
7219
7221
7223
7225
7226
7228
7230
7232
7234
7236
7238
7240
7242
7244
7246
7248
7250
7252
7254
7256
7258
7260
7262
7264
7266
7268
7270
7272
7274
7276
7278
7280
7281
7283
7285
7287
7289
7291
7293
7295
7296
7298
7300
7302
7304
7306
7308
7310
7312
7313
7315
7317
7319
7321
7323
7325
7327
7329
7330
7332
7334
7336
7338
7340
7342
7344
7346
7347
7349
7351
7353
7355
7357
7359
7361
7363
7364
7366
7368
7370
7372
7374
7376
7378
7380
7381
7383
7385
7387
7389
7391
7393
7395
7397
7399
7401
7403
7405
7407
7408
7410
7412
7414
7416
7418
7420
7422
7424
7426
7428
7430
7432
7434
7435
7437
7439
7441
7443
7445
7447
7449
7451
7453
7455
7457
7459
7461
7462
7464
7466
7468
7470
7472
7474
7476
7478
7480
7482
7484
7486
7488
7490
7491
7493
7495
7497
7499
7501
7503
7505
7507
7509
7511
7513
7515
7517
7519
7521
7523
7525
7527
7529
7531
7533
7535
7537
7539
7541
7543
7545
7547
7549
7550
7552
7554
7556
7558
7560
7562
7564
7566
7568
7570
7572
7574
7576
7578
7580
7582
7584
7586
7588
7590
7592
7594
7596
7598
7600
7602
7604
7606
7608
7610
7611
7613
7615
7617
7619
7621
7623
7625
7627
7629
7631
7633
7635
7637
7639
7641
7643
7645
7647
7649
7651
7653
7655
7657
7659
7660
7662
7664
7666
7668
7670
7672
7674
7676
7678
7680
7682
7684
7686
7688
7690
7692
7694
7696
7698
7700
7702
7704
7706
7708
7710
7711
7713
7715
7717
7719
7720
7722
7724
7726
7728
7729
7731
7733
7735
7737
7738
7740
7742
7744
7746
7747
7749
7751
7753
7755
7756
7758
7760
7762
7764
7765
7767
7769
7771
7773
7774
7776
7778
7780
7782
7783
7785
7787
7789
7791
7792
7794
7796
7798
7800
7801
7803
7805
7807
7809
7810
7812
7814
7816
7818
7820
7822
7824
7826
7828
7830
7832
7834
7836
7838
7840
7842
7844
7846
7848
7850
7852
7854
7856
7858
7860
7862
7864
7866
7868
7871
7873
7875
7877
7879
7881
7883
7885
7887
7889
7891
7893
7895
7897
7899
7901
7903
7905
7907
7909
7911
7913
7915
7917
7920
7922
7924
7926
7928
7930
7932
7934
7936
7938
7940
7942
7944
7946
7949
7951
7953
7955
7957
7959
7961
7963
7965
7967
7969
7971
7973
7976
7978
7980
7982
7984
7986
7988
7990
7992
7994
7996
7998
8000
8003
8005
8007
8009
8011
8013
8015
8017
8019
8021
8023
8025
8027
8029
8032
8034
8036
8039
8041
8043
8045
8048
8050
8052
8055
8057
8059
8061
8064
8066
8068
8070
8073
8075
8077
8080
8082
8084
8086
8089
8091
8093
8095
8098
8100
8102
8105
8107
8109
8111
8114
8116
8118
8120
8123
8125
8127
8130
8132
8134
8136
8138
8140
8142
8144
8146
8148
8150
8152
8154
8156
8159
8161
8163
8165
8167
8169
8171
8173
8175
8177
8179
8181
8183
8186
8188
8190
8192
8194
8196
8198
8200
8202
8204
8206
8208
8210
8213
8215
8217
8219
8221
8223
8225
8227
8229
8231
8233
8235
8237
8240
8241
8243
8245
8246
8248
8250
8252
8253
8255
8257
8259
8260
8262
8264
8266
8267
8269
8271
8273
8274
8276
8278
8280
8281
8283
8285
8287
8288
8290
8292
8294
8295
8297
8299
8301
8302
8304
8306
8308
8309
8311
8313
8315
8316
8318
8320
8322
8323
8325
8327
8329
8330
8332
8334
8336
8337
8339
8341
8343
8344
8346
8348
8350
8352
8354
8356
8358
8360
8363
8365
8367
8369
8371
8373
8376
8378
8380
8382
8384
8386
8389
8391
8393
8395
8397
8399
8402
8404
8406
8408
8410
8413
8415
8417
8419
8421
8423
8426
8428
8430
8432
8434
8436
8439
8441
8443
8445
8447
8450
8452
8454
8456
8458
8460
8462
8464
8466
8469
8471
8473
8475
8477
8479
8481
8483
8485
8488
8490
8492
8494
8496
8498
8500
8502
8504
8507
8509
8511
8513
8515
8517
8519
8521
8524
8526
8528
8530
8532
8534
8536
8538
8540
8543
8545
8547
8549
8551
8553
8555
8557
8560
8561
8563
8565
8567
8569
8571
8573
8575
8577
8579
8581
8583
8585
8586
8588
8590
8592
8594
8596
8598
8600
8602
8604
8606
8608
8610
8611
8613
8615
8617
8619
8621
8623
8625
8627
8629
8631
8633
8635
8636
8638
8640
8642
8644
8646
8648
8650
8652
8654
8656
8658
8660
8662
8664
8666
8668
8670
8672
8674
8676
8679
8681
8683
8685
8687
8689
8691
8693
8695
8698
8700
8702
8704
8706
8708
8710
8712
8715
8717
8719
8721
8723
8725
8727
8729
8731
8734
8736
8738
8740
8742
8744
8746
8748
8750
8753
8755
8757
8759
8761
8763
8765
8767
8770
8771
8773
8775
8777
8778
8780
8782
8784
8785
8787
8789
8791
8793
8794
8796
8798
8800
8801
8803
8805
8807
8809
8810
8812
8814
8816
8817
8819
8821
8823
8825
8826
8828
8830
8832
8833
8835
8837
8839
8840
8842
8844
8846
8848
8849
8851
8853
8855
8856
8858
8860
8862
8864
8865
8867
8869
8871
8872
8874
8876
8878
8880
8881
8883
8885
8887
8889
8891
8893
8894
8896
8898
8900
8902
8904
8906
8907
8909
8911
8913
8915
8917
8919
8921
8922
8924
8926
8928
8930
8932
8934
8935
8937
8939
8941
8943
8945
8947
8948
8950
8952
8954
8956
8958
8960
8962
8963
8965
8967
8969
8971
8973
8975
8976
8978
8980
8982
8984
8986
8988
8990
8991
8993
8995
8996
8998
9000
9002
9003
9005
9007
9008
9010
9012
9014
9015
9017
9019
9020
9022
9024
9026
9027
9029
9031
9032
9034
9036
9038
9039
9041
9043
9045
9046
9048
9050
9051
9053
9055
9057
9058
9060
9062
9063
9065
9067
9069
9070
9072
9074
9075
9077
9079
9081
9082
9084
9086
9087
9089
9091
9093
9094
9096
9098
9100
9101
9103
9105
9107
9109
9111
9112
9114
9116
9118
9120
9122
9124
9125
9127
9129
9131
9133
9135
9137
9138
9140
9142
9144
9146
9148
9149
9151
9153
9155
9157
9159
9161
9162
9164
9166
9168
9170
9172
9174
9175
9177
9179
9181
9183
9185
9187
9188
9190
9192
9194
9196
9198
9200
9201
9203
9205
9207
9209
9211
9213
9215
9217
9219
9221
9223
9225
9227
9228
9230
9232
9234
9236
9238
9240
9242
9244
9246
9248
9250
9252
9254
9255
9257
9259
9261
9263
9265
9267
9269
9271
9273
9275
9277
9279
9281
9282
9284
9286
9288
9290
9292
9294
9296
9298
9300
9302
9304
9306
9308
9310
9312
9314
9316
9319
9321
9323
9326
9328
9330
9333
9335
9337
9340
9342
9344
9347
9349
9351
9354
9356
9358
9361
9363
9365
9368
9370
9372
9375
9377
9379
9382
9384
9386
9389
9391
9393
9396
9398
9400
9403
9405
9407
9410
9411
9413
9415
9417
9419
9421
9423
9425
9427
9429
9431
9433
9435
9437
9439
9441
9443
9445
9447
9449
9451
9453
9455
9457
9459
9461
9463
9465
9466
9468
9470
9472
9474
9476
9478
9480
9482
9484
9486
9488
9490
9492
9494
9496
9498
9500
9502
9504
9506
9508
9510
9512
9514
9516
9518
9520
9521
9523
9525
9527
9529
9530
9532
9534
9536
9538
9539
9541
9543
9545
9547
9548
9550
9552
9554
9556
9557
9559
9561
9563
9565
9566
9568
9570
9572
9574
9575
9577
9579
9581
9583
9584
9586
9588
9590
9592
9593
9595
9597
9599
9601
9602
9604
9606
9608
9610
9611
9613
9615
9617
9619
9620
9622
9624
9626
9628
9630
9631
9633
9635
9637
9639
9641
9643
9645
9647
9649
9651
9653
9655
9657
9658
9660
9662
9664
9666
9668
9670
9672
9674
9676
9678
9680
9682
9684
9685
9687
9689
9691
9693
9695
9697
9699
9701
9703
9705
9707
9709
9711
9712
9714
9716
9718
9720
9722
9724
9726
9728
9730
9732
9734
9736
9738
9740
9741
9743
9745
9747
9749
9751
9753
9755
9757
9759
9761
9763
9765
9767
9769
9770
9772
9774
9776
9778
9780
9782
9784
9786
9788
9790
9792
9794
9796
9798
9800
9801
9803
9805
9807
9809
9811
9813
9815
9817
9819
9821
9823
9825
9827
9829
9830
9832
9834
9836
9838
9840
9842
9844
9846
9848
9850
9852
9854
9856
9858
9860
9862
9864
9866
9868
9870
9872
9874
9877
9879
9881
9883
9885
9887
9889
9891
9894
9896
9898
9900
9902
9904
9906
9908
9911
9913
9915
9917
9919
9921
9923
9925
9928
9930
9932
9934
9936
9938
9940
9942
9945
9947
9949
9951
9953
9955
9957
9960
9961
9963
9965
9966
9968
9970
9972
9973
9975
9977
9978
9980
9982
9984
9985
9987
9989
9990
9992
9994
9996
9997
9999
10001
10002
10004
10006
10008
10009
10011
10013
10015
10016
10018
10020
10021
10023
10025
10027
10028
10030
10032
10033
10035
10037
10039
10040
10042
10044
10045
10047
10049
10051
10052
10054
10056
10057
10059
10061
10063
10064
10066
10068
10070
10072
10074
10076
10078
10080
10082
10085
10087
10089
10091
10093
10095
10098
10100
10102
10104
10106
10108
10110
10113
10115
10117
10119
10121
10123
10126
10128
10130
10132
10134
10136
10139
10141
10143
10145
10147
10149
10151
10154
10156
10158
10160
10162
10164
10167
10169
10171
10173
10175
10177
10180
10181
10183
10185
10187
10189
10191
10193
10194
10196
10198
10200
10202
10204
10206
10207
10209
10211
10213
10215
10217
10219
10221
10222
10224
10226
10228
10230
10232
10234
10235
10237
10239
10241
10243
10245
10247
10248
10250
10252
10254
10256
10258
10260
10262
10263
10265
10267
10269
10271
10273
10275
10276
10278
10280
10282
10284
10286
10288
10290
10291
10293
10295
10297
10299
10301
10303
10305
10307
10309
10311
10313
10315
10317
10319
10321
10323
10325
10327
10329
10331
10333
10335
10337
10339
10340
10342
10344
10346
10348
10350
10352
10354
10356
10358
10360
10362
10364
10366
10368
10370
10372
10374
10376
10378
10380
10382
10384
10386
10388
10390
10391
10393
10395
10397
10399
10401
10403
10405
10407
10409
10410
10412
10414
10416
10418
10420
10422
10424
10426
10428
10430
10431
10433
10435
10437
10439
10441
10443
10445
10447
10449
10450
10452
10454
10456
10458
10460
10462
10464
10466
10468
10470
10471
10473
10475
10477
10479
10481
10483
10485
10487
10489
10490
10492
10494
10496
10498
10500
10502
10504
10506
10508
10510
10511
10513
10515
10516
10518
10520
10522
10523
10525
10527
10528
10530
10532
10534
10535
10537
10539
10540
10542
10544
10546
10547
10549
10551
10552
10554
10556
10558
10559
10561
10563
10565
10566
10568
10570
10571
10573
10575
10577
10578
10580
10582
10583
10585
10587
10589
10590
10592
10594
10595
10597
10599
10601
10602
10604
10606
10607
10609
10611
10613
10614
10616
10618
10620
10622
10623
10626
10628
10629
10632
10633
10636
10638
10639
10642
10644
10645
10648
10650
10652
10654
10656
10658
10660
10661
10664
10666
10668
10670
10672
10674
10676
10678
10680
10682
10684
10686
10688
10690
10692
10694
10696
10698
10700
10702
10704
10706
10708
10710
10712
10714
10716
10718
10720
10721
10723
10725
10727
10729
10731
10733
10735
10737
10739
10741
10743
10745
10747
10749
10751
10753
10755
10757
10759
10761
10763
10765
10767
10769
10771
10773
10775
10776
10778
10780
10782
10784
10786
10788
10790
10792
10794
10796
10798
10800
10802
10804
10806
10808
10810
10812
10814
10816
10818
10820
10822
10824
10826
10828
10830
10831
10833
10835
10837
10839
10841
10843
10845
10846
10848
10850
10852
10854
10856
10858
10860
10862
10863
10865
10867
10869
10871
10873
10875
10877
10879
10880
10882
10884
10886
10888
10890
10892
10894
10896
10897
10899
10901
10903
10905
10907
10909
10911
10913
10914
10916
10918
10920
10922
10924
10926
10928
10930
10932
10934
10936
10938
10940
10942
10944
10946
10948
10950
10952
10954
10956
10959
10961
10963
10965
10967
10969
10971
10973
10975
10977
10979
10981
10983
10986
10988
10990
10992
10994
10996
10998
11000
11002
11004
11006
11008
11010
11013
11015
11017
11019
11021
11023
11025
11027
11029
11031
11033
11035
11037
11040
11042
11044
11046
11048
11051
11053
11055
11057
11060
11062
11064
11066
11069
11071
11073
11075
11078
11080
11082
11084
11087
11089
11091
11093
11096
11098
11100
11102
11105
11107
11109
11111
11114
11116
11118
11120
11123
11125
11127
11129
11132
11134
11136
11138
11141
11143
11145
11147
11150
11152
11154
11156
11158
11160
11162
11165
11167
11169
11171
11173
11175
11178
11180
11182
11184
11186
11188
11190
11193
11195
11197
11199
11201
11203
11206
11208
11210
11212
11214
11216
11219
11221
11223
11225
11227
11229
11231
11234
11236
11238
11240
11242
11244
11247
11249
11251
11253
11255
11257
11260
11261
11263
11265
11267
11269
11271
11273
11274
11276
11278
11280
11282
11284
11286
11287
11289
11291
11293
11295
11297
11299
11301
11302
11304
11306
11308
11310
11312
11314
11315
11317
11319
11321
11323
11325
11327
11328
11330
11332
11334
11336
11338
11340
11342
11343
11345
11347
11349
11351
11353
11355
11356
11358
11360
11362
11364
11366
11368
11370
11372
11374
11377
11379
11381
11384
11386
11389
11391
11393
11396
11398
11400
11403
11405
11408
11410
11412
11415
11417
11420
11422
11424
11427
11429
11431
11434
11436
11439
11441
11443
11446
11448
11450
11453
11455
11458
11460
11462
11465
11467
11470
11472
11474
11476
11478
11480
11482
11484
11486
11488
11490
11492
11494
11496
11498
11500
11502
11504
11506
11508
11510
11512
11514
11516
11518
11520
11522
11525
11527
11529
11531
11533
11535
11537
11539
11541
11543
11545
11547
11549
11551
11553
11555
11557
11559
11561
11563
11565
11567
11569
11571
11573
11575
11577
11580
11582
11584
11586
11588
11590
11592
11594
11596
11598
11600
11602
11605
11607
11609
11611
11613
11615
11617
11619
11621
11623
11625
11627
11629
11632
11634
11636
11638
11640
11642
11644
11646
11648
11650
11652
11655
11657
11659
11661
11663
11665
11667
11669
11671
11673
11675
11677
11680
11682
11684
11687
11689
11692
11694
11697
11699
11702
11704
11706
11709
11711
11714
11716
11719
11721
11724
11726
11728
11731
11733
11736
11738
11741
11743
11745
11748
11750
11753
11755
11758
11760
11763
11765
11767
11770
11772
11775
11777
11780
11782
11785
11787
11790
11792
11795
11797
11800
11802
11805
11807
11810
11813
11815
11818
11820
11823
11825
11828
11831
11833
11836
11838
11841
11843
11846
11848
11851
11854
11856
11859
11861
11864
11866
11869
11872
11874
11877
11879
11882
11884
11887
11890
11892
11894
11897
11899
11901
11904
11906
11909
11911
11913
11916
11918
11921
11923
11925
11928
11930
11933
11935
11937
11940
11942
11945
11947
11949
11952
11954
11956
11959
11961
11964
11966
11968
11971
11973
11976
11978
11980
11983
11985
11988
11990
11992
11995
11997
12000
12002
12004
12007
12009
12012
12014
12017
12019
12022
12024
12026
12029
12031
12034
12036
12039
12041
12044
12046
12048
12051
12053
12056
12058
12061
12063
12065
12068
12070
12073
12075
12078
12080
12083
12085
12088
12090
12092
12095
12097
12100
12102
12105
12107
12110
12112
12115
12117
12120
12122
12125
12127
12130
12133
12135
12138
12140
12143
12145
12148
12151
12153
12156
12158
12161
12163
12166
12168
12171
12174
12176
12179
12181
12184
12186
12189
12192
12194
12197
12199
12202
12204
12207
12210
12212
12214
12217
12219
12222
12224
12227
12229
12232
12234
12236
12239
12241
12244
12246
12249
12251
12254
12256
12258
12261
12263
12266
12268
12271
12273
12276
12278
12280
12283
12285
12288
12290
12293
12295
12298
12300
12302
12305
12307
12310
12312
12315
12317
12320
12322
12324
12326
12329
12331
12333
12335
12338
12340
12342
12345
12347
12349
12351
12354
12356
12358
12360
12363
12365
12367
12370
12372
12374
12376
12379
12381
12383
12385
12388
12390
12392
12395
12397
12399
12401
12404
12406
12408
12410
12413
12415
12417
12420
12422
12425
12428
12431
12434
12437
12440
12443
12446
12448
12451
12454
12457
12460
12463
12466
12469
12472
12475
12477
12480
12483
12486
12489
12492
12495
12498
12501
12503
12506
12509
12512
12515
12518
12521
12524
12527
12530
12532
12534
12536
12539
12541
12543
12546
12548
12550
12553
12555
12557
12560
12562
12564
12567
12569
12571
12574
12576
12578
12581
12583
12585
12588
12590
12592
12595
12597
12599
12602
12604
12606
12609
12611
12613
12616
12618
12620
12623
12625
12627
12630
12632
12634
12636
12638
12640
12642
12645
12647
12649
12651
12653
12655
12658
12660
12662
12664
12666
12668
12670
12673
12675
12677
12679
12681
12683
12686
12688
12690
12692
12694
12696
12699
12701
12703
12705
12707
12709
12711
12714
12716
12718
12720
12722
12724
12727
12729
12731
12733
12735
12737
12740
12742
12744
12747
12749
12751
12754
12756
12759
12761
12763
12766
12768
12771
12773
12775
12778
12780
12783
12785
12787
12790
12792
12795
12797
12799
12802
12804
12806
12809
12811
12814
12816
12818
12821
12823
12826
12828
12830
12833
12835
12838
12840
12842
12845
12847
12850
12852
12854
12857
12859
12861
12864
12866
12869
12871
12873
12876
12878
12880
12883
12885
12888
12890
12892
12895
12897
12899
12902
12904
12907
12909
12911
12914
12916
12919
12921
12923
12926
12928
12930
12933
12935
12938
12940
12942
12945
12947
12950
12951
12953
12955
12957
12959
12961
12963
12965
12967
12969
12971
12973
12975
12977
12979
12981
12983
12985
12987
12989
12991
12993
12995
12997
12999
13001
13003
13004
13006
13008
13010
13012
13014
13016
13018
13020
13022
13024
13026
13028
13030
13032
13034
13036
13038
13040
13042
13044
13046
13048
13050
13052
13054
13056
13058
13060
13062
13064
13066
13068
13070
13072
13074
13076
13078
13080
13082
13085
13087
13089
13091
13093
13095
13097
13099
13101
13103
13105
13107
13110
13112
13114
13116
13118
13120
13122
13124
13126
13128
13130
13132
13135
13137
13139
13141
13143
13145
13147
13149
13151
13153
13155
13157
13160
13162
13164
13166
13169
13171
13173
13176
13178
13180
13182
13185
13187
13189
13192
13194
13196
13198
13201
13203
13205
13208
13210
13212
13215
13217
13219
13221
13224
13226
13228
13231
13233
13235
13237
13240
13242
13244
13247
13249
13251
13253
13256
13258
13260
13263
13265
13267
13270
13271
13273
13275
13277
13279
13281
13283
13284
13286
13288
13290
13292
13294
13296
13297
13299
13301
13303
13305
13307
13309
13311
13312
13314
13316
13318
13320
13322
13324
13325
13327
13329
13331
13333
13335
13337
13338
13340
13342
13344
13346
13348
13350
13352
13353
13355
13357
13359
13361
13363
13365
13366
13368
13370
13372
13374
13376
13378
13380
13382
13384
13386
13388
13390
13392
13394
13396
13398
13400
13402
13404
13406
13408
13410
13412
13414
13416
13418
13420
13422
13424
13426
13428
13430
13432
13434
13436
13438
13441
13443
13445
13447
13449
13451
13453
13455
13457
13459
13461
13463
13465
13467
13469
13471
13473
13475
13477
13479
13481
13483
13485
13487
13489
13491
13493
13495
13497
13500
13501
13503
13505
13506
13508
13510
13511
13513
13515
13516
13518
13520
13522
13523
13525
13527
13528
13530
13532
13533
13535
13537
13538
13540
13542
13544
13545
13547
13549
13550
13552
13554
13555
13557
13559
13560
13562
13564
13565
13567
13569
13571
13572
13574
13576
13577
13579
13581
13582
13584
13586
13588
13589
13591
13593
13594
13596
13598
13599
13601
13603
13604
13606
13608
13610
13612
13614
13616
13618
13620
13623
13625
13627
13629
13631
13633
13636
13638
13640
13642
13644
13646
13649
13651
13653
13655
13657
13660
13662
13664
13666
13668
13670
13673
13675
13677
13679
13681
13683
13686
13688
13690
13692
13694
13696
13699
13701
13703
13705
13707
13710
13712
13714
13716
13718
13720
13722
13724
13726
13728
13730
13732
13734
13736
13738
13740
13742
13744
13746
13748
13750
13752
13754
13756
13758
13760
13762
13765
13767
13769
13771
13773
13775
13777
13779
13781
13783
13785
13787
13789
13791
13793
13795
13797
13799
13801
13803
13805
13807
13809
13811
13813
13815
13817
13820
13821
13823
13825
13827
13829
13831
13833
13835
13837
13839
13841
13843
13845
13846
13848
13850
13852
13854
13856
13858
13860
13862
13864
13866
13868
13870
13871
13873
13875
13877
13879
13881
13883
13885
13887
13889
13891
13893
13895
13896
13898
13900
13902
13904
13906
13908
13910
13912
13914
13916
13918
13920
13922
13924
13926
13927
13930
13932
13934
13936
13938
13940
13942
13943
13946
13948
13950
13952
13954
13956
13958
13959
13962
13964
13966
13968
13969
13972
13974
13976
13978
13980
13982
13984
13985
13988
13990
13992
13994
13995
13998
14000
14001
14004
14006
14008
14010
14011
14014
14016
14017
14020
14022
14024
14026
14027
14030
14032
14034
14036
14038
14040
14042
14044
14046
14048
14050
14052
14054
14056
14058
14060
14062
14064
14066
14068
14070
14072
14074
14076
14078
14081
14083
14085
14087
14089
14091
14093
14095
14097
14099
14101
14103
14105
14107
14109
14111
14113
14115
14117
14119
14121
14123
14125
14127
14130
14132
14134
14137
14139
14142
14144
14147
14149
14152
14154
14156
14159
14161
14164
14166
14169
14171
14174
14176
14178
14181
14183
14186
14188
14191
14193
14196
14198
14200
14203
14205
14208
14210
14213
14215
14218
14220
14222
14225
14227
14230
14232
14235
14237
14240
14242
14244
14246
14248
14250
14252
14254
14256
14259
14261
14263
14265
14267
14269
14271
14273
14275
14278
14280
14282
14284
14286
14288
14290
14292
14295
14297
14299
14301
14303
14305
14307
14309
14311
14314
14316
14318
14320
14322
14324
14326
14328
14330
14333
14335
14337
14339
14341
14343
14345
14347
14350
14352
14355
14358
14361
14364
14367
14370
14373
14376
14379
14382
14385
14388
14391
14394
14397
14399
14402
14405
14408
14411
14414
14417
14420
14423
14426
14429
14432
14435
14438
14441
14444
14447
14450
14451
14453
14455
14457
14459
14461
14463
14464
14466
14468
14470
14472
14474
14476
14477
14479
14481
14483
14485
14487
14489
14491
14492
14494
14496
14498
14500
14502
14504
14505
14507
14509
14511
14513
14515
14517
14518
14520
14522
14524
14526
14528
14530
14532
14533
14535
14537
14539
14541
14543
14545
14546
14548
14550
14552
14554
14556
14558
14560
14561
14563
14565
14567
14569
14571
14573
14575
14577
14579
14581
14583
14585
14586
14588
14590
14592
14594
14596
14598
14600
14602
14604
14606
14608
14610
14611
14613
14615
14617
14619
14621
14623
14625
14627
14629
14631
14633
14635
14636
14638
14640
14642
14644
14646
14648
14650
14652
14654
14656
14658
14660
14662
14664
14666
14668
14671
14673
14675
14677
14680
14682
14684
14686
14689
14691
14693
14695
14698
14700
14702
14704
14707
14709
14711
14713
14716
14718
14720
14722
14725
14727
14729
14731
14734
14736
14738
14740
14743
14745
14747
14749
14752
14754
14756
14758
14761
14763
14765
14767
14770
14772
14774
14777
14779
14782
14784
14787
14789
14792
14794
14796
14799
14801
14804
14806
14809
14811
14814
14816
14818
14821
14823
14826
14828
14831
14833
14836
14838
14840
14843
14845
14848
14850
14853
14855
14858
14860
14862
14865
14867
14870
14872
14875
14877
14880
14881
14883
14885
14887
14889
14891
14893
14895
14897
14899
14901
14903
14905
14907
14909
14911
14913
14915
14917
14919
14921
14923
14925
14927
14929
14931
14933
14935
14936
14938
14940
14942
14944
14946
14948
14950
14952
14954
14956
14958
14960
14962
14964
14966
14968
14970
14972
14974
14976
14978
14980
14982
14984
14986
14988
14990
14991
14993
14995
14997
14999
15000
15002
15004
15006
15008
15009
15011
15013
15015
15017
15018
15020
15022
15024
15026
15027
15029
15031
15033
15035
15036
15038
15040
15042
15044
15045
15047
15049
15051
15053
15054
15056
15058
15060
15062
15063
15065
15067
15069
15071
15072
15074
15076
15078
15080
15081
15083
15085
15087
15089
15090
15092
15094
15096
15098
15100
15101
15103
15105
15106
15108
15110
15112
15113
15115
15117
15118
15120
15122
15124
15125
15127
15129
15131
15132
15134
15136
15137
15139
15141
15143
15144
15146
15148
15149
15151
15153
15155
15156
15158
15160
15162
15163
15165
15167
15168
15170
15172
15174
15175
15177
15179
15181
15182
15184
15186
15187
15189
15191
15193
15194
15196
15198
15200
15202
15204
15207
15209
15211
15214
15216
15218
15221
15223
15225
15228
15230
15232
15235
15237
15239
15242
15244
15246
15249
15251
15253
15256
15258
15260
15263
15265
15267
15270
15272
15274
15277
15279
15281
15284
15286
15288
15291
15293
15295
15298
15300
15302
15305
15307
15310
15311
15313
15315
15317
15318
15320
15322
15324
15326
15327
15329
15331
15333
15335
15336
15338
15340
15342
15343
15345
15347
15349
15351
15352
15354
15356
15358
15360
15361
15363
15365
15367
15368
15370
15372
15374
15376
15377
15379
15381
15383
15385
15386
15388
15390
15392
15393
15395
15397
15399
15401
15402
15404
15406
15408
15410
15412
15414
15417
15419
15421
15424
15426
15429
15431
15433
15436
15438
15441
15443
15445
15448
15450
15453
15455
15457
15460
15462
15465
15467
15469
15472
15474
15476
15479
15481
15484
15486
15488
15491
15493
15496
15498
15500
15503
15505
15508
15510
15512
15515
15517
15520
15522
15524
15527
15529
15532
15534
15537
15539
15542
15544
15546
15549
15551
15554
15556
15559
15561
15564
15566
15568
15571
15573
15576
15578
15581
15583
15586
15588
15590
15593
15595
15598
15600
15603
15605
15608
15610
15612
15615
15617
15620
15622
15625
15627
15630
15632
15634
15636
15638
15641
15643
15645
15647
15649
15652
15654
15656
15658
15660
15663
15665
15667
15669
15671
15674
15676
15678
15680
15682
15685
15687
15689
15691
15693
15696
15698
15700
15702
15704
15707
15709
15711
15713
15715
15718
15720
15722
15724
15726
15729
15731
15733
15735
15737
15740
15742
15744
15747
15749
15751
15754
15756
15759
15761
15763
15766
15768
15771
15773
15775
15778
15780
15783
15785
15787
15790
15792
15795
15797
15799
15802
15804
15806
15809
15811
15814
15816
15818
15821
15823
15826
15828
15830
15833
15835
15838
15840
15842
15845
15847
15850
15852
15854
15856
15858
15860
15862
15864
15866
15868
15870
15872
15874
15876
15878
15880
15882
15884
15886
15888
15890
15892
15894
15896
15898
15901
15903
15905
15907
15909
15911
15913
15915
15917
15919
15921
15923
15925
15927
15929
15931
15933
15935
15937
15939
15941
15943
15945
15947
15950
15952
15954
15956
15958
15960
15962
15964
15966
15969
15971
15973
15975
15977
15979
15981
15983
15985
15988
15990
15992
15994
15996
15998
16000
16002
16004
16007
16009
16011
16013
16015
16017
16019
16021
16024
16026
16028
16030
16032
16034
16036
16038
16040
16043
16045
16047
16049
16051
16053
16055
16057
16059
16062
16064
16066
16068
16070
16072
16074
16076
16078
16080
16082
16084
16086
16088
16090
16092
16094
16096
16098
16100
16102
16104
16106
16108
16111
16113
16115
16117
16119
16121
16123
16125
16127
16129
16131
16133
16135
16137
16139
16141
16143
16145
16147
16149
16151
16153
16155
16157
16160
16161
16163
16165
16167
16169
16171
16173
16175
16177
16179
16181
16183
16185
16187
16188
16190
16192
16194
16196
16198
16200
16202
16204
16206
16208
16210
16212
16214
16215
16217
16219
16221
16223
16225
16227
16229
16231
16233
16235
16237
16239
16241
16242
16244
16246
16248
16250
16252
16254
16256
16258
16260
16262
16264
16266
16268
16270
16271
16273
16275
16277
16279
16281
16283
16284
16286
16288
16290
16292
16294
16296
16297
16299
16301
16303
16305
16307
16309
16311
16312
16314
16316
16318
16320
16322
16324
16325
16327
16329
16331
16333
16335
16337
16338
16340
16342
16344
16346
16348
16350
16352
16353
16355
16357
16359
16361
16363
16365
16366
16368
16370
16372
16374
16376
16378
16379
16381
16384
16386
16387
16390
16392
16394
16395
16398
16400
16401
16404
16406
16407
16410
16412
16413
16416
16418
16419
16421
16424
16426
16427
16430
16432
16433
16436
16438
16439
16442
16444
16445
16448
16450
16452
16453
16456
16458
16459
16462
16464
16465
16468
16470
16471
16474
16476
16477
16479
16482
16484
16485
16488
16490
16492
16494
16496
16498
16500
16502
16504
16506
16508
16510
16512
16514
16516
16518
16520
16522
16524
16526
16528
16530
16532
16534
16536
16538
16540
16542
16545
16547
16549
16551
16553
16555
16557
16559
16561
16563
16565
16567
16569
16571
16573
16575
16577
16579
16581
16583
16585
16587
16589
16591
16593
16595
16597
16600
16602
16604
16606
16609
16611
16613
16616
16618
16620
16623
16625
16627
16630
16632
16634
16637
16639
16641
16644
16646
16648
16651
16653
16655
16658
16660
16662
16665
16667
16669
16672
16674
16676
16679
16681
16683
16686
16688
16690
16693
16695
16697
16700
16702
16705
16708
16710
16713
16716
16718
16721
16724
16726
16729
16732
16734
16737
16740
16742
16745
16748
16750
16753
16756
16759
16761
16764
16767
16769
16772
16775
16777
16780
16783
16785
16788
16791
16793
16796
16799
16801
16804
16807
16810
16812
16814
16816
16819
16821
16823
16825
16828
16830
16832
16835
16837
16839
16841
16844
16846
16848
16850
16853
16855
16857
16860
16862
16864
16866
16869
16871
16873
16875
16878
16880
16882
16884
16887
16889
16891
16894
16896
16898
16900
16903
16905
16907
16910
16912
16914
16916
16918
16920
16922
16924
16926
16929
16931
16933
16935
16937
16939
16941
16943
16945
16948
16950
16952
16954
16956
16958
16960
16962
16965
16967
16969
16971
16973
16975
16977
16979
16981
16984
16986
16988
16990
16992
16994
16996
16998
17000
17003
17005
17007
17009
17011
17013
17015
17017
17020
17022
17025
17028
17031
17034
17037
17040
17043
17046
17048
17051
17054
17057
17060
17063
17066
17069
17072
17075
17077
17080
17083
17086
17089
17092
17095
17098
17101
17103
17106
17109
17112
17115
17118
17121
17124
17127
17130
17132
17135
17138
17140
17143
17146
17148
17151
17154
17156
17159
17162
17164
17167
17170
17172
17175
17178
17180
17183
17186
17189
17191
17194
17197
17199
17202
17205
17207
17210
17213
17215
17218
17221
17223
17226
17229
17231
17234
17237
17240
17242
17245
17247
17250
17252
17255
17257
17260
17263
17265
17268
17270
17273
17275
17278
17280
17283
17286
17288
17291
17293
17296
17298
17301
17303
17306
17309
17311
17314
17316
17319
17321
17324
17326
17329
17332
17334
17337
17339
17342
17344
17347
17350
17353
17356
17359
17362
17365
17368
17371
17374
17377
17380
17383
17386
17389
17392
17395
17398
17401
17404
17407
17410
17413
17416
17419
17422
17425
17428
17431
17434
17437
17440
17443
17446
17450
17452
17454
17457
17459
17462
17464
17467
17469
17471
17474
17476
17479
17481
17484
17486
17489
17491
17494
17496
17498
17501
17503
17506
17508
17511
17513
17516
17518
17520
17523
17525
17528
17530
17533
17535
17538
17540
17542
17545
17547
17550
17552
17555
17557
17560
17563
17566
17570
17573
17576
17580
17583
17586
17590
17593
17596
17600
17603
17606
17610
17613
17616
17620
17623
17626
17630
17633
17636
17640
17643
17646
17650
17653
17656
17660
17663
17666
17670
17672
17674
17677
17679
17682
17684
17687
17689
17692
17694
17696
17699
17701
17704
17706
17709
17711
17714
17716
17718
17721
17723
17726
17728
17731
17733
17736
17738
17741
17743
17745
17748
17750
17753
17755
17758
17760
17763
17765
17767
17770
17772
17775
17777
17780
17782
17785
17787
17790
17791
17794
17796
17798
17800
17802
17804
17806
17808
17810
17812
17814
17816
17817
17820
17822
17823
17826
17828
17830
17832
17834
17836
17838
17840
17842
17844
17846
17848
17850
17852
17854
17856
17858
17860
17862
17864
17866
17868
17870
17872
17874
17876
17878
17880
17882
17884
17886
17888
17890
17892
17894
17896
17898
17900
17902
17904
17906
17908
17910
17912
17914
17916
17919
17921
17923
17925
17927
17929
17931
17933
17935
17937
17939
17941
17943
17946
17948
17950
17952
17954
17956
17958
17960
17962
17964
17966
17968
17970
17973
17975
17977
17979
17981
17983
17985
17987
17989
17991
17993
17995
17997
18000
18001
18003
18005
18007
18009
18011
18013
18014
18016
18018
18020
18022
18024
18026
18027
18029
18031
18033
18035
18037
18039
18041
18042
18044
18046
18048
18050
18052
18054
18055
18057
18059
18061
18063
18065
18067
18068
18070
18072
18074
18076
18078
18080
18082
18083
18085
18087
18089
18091
18093
18095
18096
18098
18100
18102
18104
18106
18108
18110
18111
18113
18115
18117
18118
18120
18122
18124
18126
18127
18129
18131
18133
18134
18136
18138
18140
18142
18143
18145
18147
18149
18151
18152
18154
18156
18158
18160
18161
18163
18165
18167
18168
18170
18172
18174
18176
18177
18179
18181
18183
18185
18186
18188
18190
18192
18193
18195
18197
18199
18201
18202
18204
18206
18208
18210
18212
18215
18217
18220
18222
18225
18227
18230
18232
18235
18237
18240
18242
18245
18247
18250
18252
18255
18257
18259
18262
18265
18267
18270
18272
18275
18277
18280
18282
18285
18287
18290
18292
18294
18297
18299
18302
18305
18307
18310
18312
18314
18317
18320
18322
18325
18327
18330
18331
18333
18335
18337
18339
18341
18343
18345
18347
18349
18351
18353
18355
18357
18359
18361
18363
18365
18367
18369
18371
18373
18375
18377
18379
18380
18382
18384
18386
18388
18390
18392
18394
18396
18398
18400
18402
18404
18406
18408
18410
18412
18414
18416
18418
18420
18422
18424
18426
18428
18430
18432
18434
18436
18439
18441
18443
18446
18448
18450
18452
18455
18457
18459
18462
18464
18466
18468
18471
18473
18475
18478
18480
18482
18485
18487
18489
18491
18494
18496
18498
18501
18503
18505
18507
18510
18512
18514
18517
18519
18521
18523
18526
18528
18530
18533
18535
18537
18540
18541
18543
18545
18547
18549
18551
18553
18555
18557
18559
18561
18563
18564
18566
18568
18570
18572
18574
18576
18578
18580
18582
18584
18586
18588
18590
18591
18593
18595
18597
18599
18601
18603
18605
18607
18609
18611
18613
18615
18616
18618
18620
18622
18624
18626
18628
18630
18632
18634
18636
18638
18640
18642
18644
18646
18649
18651
18653
18656
18658
18660
18662
18665
18667
18669
18672
18674
18676
18678
18681
18683
18685
18688
18690
18692
18695
18697
18699
18701
18704
18706
18708
18711
18713
18715
18717
18720
18722
18724
18727
18729
18731
18733
18736
18738
18740
18743
18745
18747
18750
18752
18754
18756
18759
18761
18763
18766
18768
18770
18772
18775
18777
18779
18782
18784
18786
18788
18791
18793
18795
18798
18800
18802
18805
18807
18809
18811
18814
18816
18818
18821
18823
18825
18827
18830
18832
18834
18837
18839
18841
18843
18846
18848
18850
18853
18855
18857
18860
18862
18864
18866
18868
18870
18872
18874
18876
18878
18880
18882
18884
18887
18889
18891
18893
18895
18897
18899
18901
18903
18905
18907
18910
18912
18914
18916
18918
18920
18922
18924
18926
18928
18930
18932
18935
18937
18939
18941
18943
18945
18947
18949
18951
18953
18955
18957
18960
18962
18964
18966
18968
18970
18972
18974
18976
18978
18980
18982
18984
18986
18989
18991
18993
18995
18997
18999
19001
19003
19005
19007
19009
19011
19013
19016
19018
19020
19022
19024
19026
19028
19030
19032
19034
19036
19038
19040
19043
19045
19047
19049
19051
19053
19055
19057
19059
19061
19063
19065
19067
19070
19071
19073
19075
19077
19079
19081
19083
19085
19087
19089
19091
19093
19095
19096
19098
19100
19102
19104
19106
19108
19110
19112
19114
19116
19118
19120
19121
19123
19125
19127
19129
19131
19133
19135
19137
19139
19141
19143
19145
19146
19148
19150
19152
19154
19156
19158
19160
19162
19164
19166
19168
19170
19171
19173
19175
19177
19179
19181
19183
19185
19187
19188
19190
19192
19194
19196
19198
19200
19202
19204
19206
19207
19209
19211
19213
19215
19217
19219
19221
19223
19225
19226
19228
19230
19232
19234
19236
19238
19240
19242
19243
19245
19247
19249
19251
19253
19255
19257
19259
19261
19262
19264
19266
19268
19270
19272
19274
19276
19278
19280
19282
19284
19286
19288
19291
19293
19295
19297
19300
19302
19304
19306
19309
19311
19313
19315
19318
19320
19322
19324
19327
19329
19331
19333
19336
19338
19340
19342
19345
19347
19349
19351
19354
19356
19358
19360
19363
19365
19367
19369
19372
19374
19376
19378
19381
19383
19385
19387
19390
19392
19394
19396
19398
19401
19403
19405
19407
19410
19412
19414
19416
19419
19421
19423
19425
19428
19430
19432
19434
19437
19439
19441
19443
19446
19448
19450
19452
19455
19457
19459
19461
19464
19466
19468
19470
19473
19475
19477
19479
19482
19484
19486
19488
19491
19493
19495
19497
19500
19502
19504
19506
19508
19511
19513
19515
19517
19519
19522
19524
19526
19528
19530
19533
19535
19537
19539
19541
19544
19546
19548
19550
19552
19555
19557
19559
19561
19563
19566
19568
19570
19572
19574
19577
19579
19581
19583
19585
19588
19590
19592
19594
19596
19599
19601
19603
19605
19607
19610
19612
19614
19616
19618
19620
19622
19624
19626
19628
19630
19632
19634
19636
19637
19640
19642
19644
19646
19648
19650
19652
19654
19656
19658
19660
19662
19664
19666
19668
19670
19672
19674
19676
19678
19680
19682
19684
19686
19688
19690
19692
19694
19696
19698
19700
19702
19704
19706
19708
19710
19712
19714
19716
19718
19720
19722
19725
19727
19729
19731
19733
19735
19738
19740
19742
19744
19746
19748
19750
19753
19755
19757
19759
19761
19763
19766
19768
19770
19772
19774
19776
19779
19781
19783
19785
19787
19789
19791
19794
19796
19798
19800
19802
19804
19807
19809
19811
19813
19815
19817
19820
19822
19824
19827
19829
19831
19834
19836
19839
19841
19843
19846
19848
19850
19853
19855
19858
19860
19862
19865
19867
19870
19872
19874
19877
19879
19881
19884
19886
19889
19891
19893
19896
19898
19900
19903
19905
19908
19910
19912
19915
19917
19920
19922
19924
19926
19928
19930
19932
19934
19936
19939
19941
19943
19945
19947
19949
19951
19953
19955
19958
19960
19962
19964
19966
19968
19970
19972
19975
19977
19979
19981
19983
19985
19987
19989
19991
19994
19996
19998
20000
20002
20004
20006
20008
20010
20013
20015
20017
20019
20021
20023
20025
20027
20030
20032
20034
20036
20038
20040
20042
20044
20047
20049
20051
20053
20055
20057
20059
20061
20064
20066
20068
20070
20072
20074
20076
20078
20081
20083
20085
20087
20089
20091
20093
20095
20098
20100
20102
20104
20106
20108
20110
20112
20115
20117
20119
20121
20123
20125
20127
20130
20132
20134
20137
20140
20142
20145
20147
20150
20152
20154
20157
20160
20162
20165
20167
20169
20172
20174
20177
20180
20182
20185
20187
20189
20192
20195
20197
20200
20202
20205
20207
20209
20212
20215
20217
20220
20222
20224
20227
20229
20232
20235
20237
20240
20242
20244
20246
20248
20250
20252
20254
20256
20259
20261
20263
20265
20267
20269
20271
20273
20275
20278
20280
20282
20284
20286
20288
20290
20292
20294
20297
20299
20301
20303
20305
20307
20309
20311
20314
20316
20318
20320
20322
20324
20326
20328
20330
20333
20335
20337
20339
20341
20343
20345
20347
20350
20352
20354
20356
20358
20360
20362
20365
20367
20369
20371
20373
20375
20378
20380
20382
20384
20386
20388
20390
20393
20395
20397
20399
20401
20403
20406
20408
20410
20412
20414
20416
20419
20421
20423
20425
20427
20429
20431
20434
20436
20438
20440
20442
20444
20447
20449
20451
20453
20455
20457
20460
20462
20464
20466
20468
20470
20472
20474
20476
20478
20480
20482
20484
20486
20488
20490
20492
20494
20496
20498
20500
20502
20504
20506
20508
20510
20512
20515
20517
20519
20521
20523
20525
20527
20529
20531
20533
20535
20537
20539
20541
20543
20545
20547
20549
20551
20553
20555
20557
20559
20561
20563
20565
20567
20570
20571
20573
20575
20577
20579
20580
20582
20584
20586
20588
20590
20591
20593
20595
20597
20599
20600
20602
20604
20606
20608
20610
20611
20613
20615
20617
20619
20620
20622
20624
20626
20628
20630
20631
20633
20635
20637
20639
20640
20642
20644
20646
20648
20650
20651
20653
20655
20657
20659
20660
20662
20664
20666
20668
20670
20672
20675
20677
20680
20682
20685
20687
20690
20692
20695
20697
20700
20702
20705
20707
20710
20712
20715
20717
20720
20722
20725
20727
20730
20732
20735
20737
20740
20742
20745
20747
20750
20752
20755
20757
20760
20762
20765
20767
20770
20772
20775
20777
20780
20782
20784
20787
20789
20791
20794
20796
20799
20801
20803
20806
20808
20810
20813
20815
20818
20820
20822
20825
20827
20830
20832
20834
20837
20839
20841
20844
20846
20849
20851
20853
20856
20858
20860
20863
20865
20868
20870
20872
20875
20877
20880
20882
20884
20886
20888
20891
20893
20895
20897
20899
20901
20904
20906
20908
20910
20913
20915
20917
20919
20921
20924
20926
20928
20930
20932
20935
20937
20939
20941
20943
20945
20948
20950
20952
20954
20956
20959
20961
20963
20965
20968
20970
20972
20974
20976
20979
20981
20983
20985
20987
20990
20991
20993
20995
20997
20999
21001
21003
21005
21007
21009
21011
21013
21015
21017
21018
21020
21022
21024
21026
21028
21030
21032
21034
21036
21038
21040
21042
21044
21045
21047
21049
21051
21053
21055
21057
21059
21061
21063
21065
21067
21069
21071
21072
21074
21076
21078
21080
21082
21084
21086
21088
21090
21092
21094
21096
21098
21100
21102
21104
21106
21108
21110
21112
21114
21117
21119
21121
21123
21125
21127
21129
21131
21134
21136
21138
21140
21142
21144
21146
21148
21151
21153
21155
21157
21159
21161
21163
21165
21168
21170
21172
21174
21176
21178
21180
21182
21185
21187
21189
21191
21193
21195
21197
21200
21202
21204
21206
21208
21211
21213
21215
21217
21220
21222
21224
21226
21229
21231
21233
21235
21238
21240
21242
21244
21247
21249
21251
21253
21256
21258
21260
21262
21265
21267
21269
21271
21274
21276
21278
21280
21283
21285
21287
21289
21292
21294
21296
21298
21301
21303
21305
21307
21310
21312
21314
21317
21319
21321
21324
21326
21329
21331
21333
21336
21338
21340
21343
21345
21348
21350
21352
21355
21357
21360
21362
21364
21367
21369
21371
21374
21376
21379
21381
21383
21386
21388
21390
21393
21395
21398
21400
21402
21405
21407
21410
21412
21415
21417
21420
21422
21425
21427
21430
21432
21435
21437
21440
21442
21445
21447
21450
21452
21455
21457
21460
21462
21465
21467
21470
21472
21475
21477
21480
21482
21485
21487
21490
21492
21495
21497
21500
21502
21505
21507
21509
21512
21515
21517
21520
21522
21524
21526
21529
21531
21533
21536
21538
21540
21542
21545
21547
21549
21552
21554
21556
21558
21561
21563
21565
21568
21570
21572
21575
21577
21579
21581
21584
21586
21588
21591
21593
21595
21597
21600
21602
21604
21607
21609
21611
21613
21616
21618
21620
21623
21625
21627
21630
21631
21633
21635
21637
21639
21641
21643
21645
21647
21649
21651
21653
21655
21657
21658
21660
21662
21664
21666
21668
21670
21672
21674
21676
21678
21680
21682
21684
21685
21687
21689
21691
21693
21695
21697
21699
21701
21703
21705
21707
21709
21711
21712
21714
21716
21718
21720
21722
21724
21726
21728
21730
21732
21734
21736
21738
21740
21741
21743
21745
21747
21749
21751
21753
21755
21757
21759
21761
21763
21765
21767
21769
21771
21773
21775
21777
21779
21781
21783
21785
21787
21789
21791
21793
21795
21796
21798
21800
21802
21804
21806
21808
21810
21812
21814
21816
21818
21820
21822
21824
21826
21828
21830
21832
21834
21836
21838
21840
21842
21844
21846
21848
21850
21852
21854
21857
21859
21862
21864
21867
21869
21871
21874
21876
21879
21881
21884
21886
21889
21891
21893
21896
21898
21901
21903
21906
21908
21910
21913
21915
21918
21920
21923
21925
21928
21930
21932
21935
21937
21940
21942
21945
21947
21950
21952
21954
21956
21958
21960
21962
21964
21966
21968
21970
21972
21974
21976
21979
21981
21983
21985
21987
21989
21991
21993
21995
21997
21999
22001
22003
22006
22008
22010
22012
22014
22016
22018
22020
22022
22024
22026
22028
22030
22033
22035
22037
22039
22041
22043
22045
22047
22049
22051
22053
22055
22057
22060
22062
22064
22066
22069
22071
22073
22075
22078
22080
22082
22085
22087
22089
22091
22094
22096
22098
22100
22103
22105
22107
22110
22112
22114
22116
22119
22121
22123
22125
22128
22130
22132
22134
22137
22139
22141
22144
22146
22148
22150
22153
22155
22157
22160
22162
22164
22166
22168
22171
22173
22175
22177
22179
22182
22184
22186
22188
22190
22193
22195
22197
22199
22201
22204
22206
22208
22210
22212
22215
22217
22219
22221
22223
22226
22228
22230
22232
22234
22237
22239
22241
22243
22245
22248
22250
22252
22254
22256
22259
22261
22263
22265
22267
22270
22272
22274
22276
22278
22280
22282
22284
22286
22288
22290
22292
22294
22296
22298
22300
22302
22304
22306
22308
22310
22312
22314
22316
22318
22320
22322
22325
22327
22329
22331
22333
22335
22337
22339
22341
22343
22345
22347
22349
22351
22353
22355
22357
22359
22361
22363
22365
22367
22369
22371
22373
22375
22377
22380
22382
22384
22386
22389
22391
22393
22396
22398
22400
22402
22405
22407
22409
22412
22414
22416
22418
22421
22423
22425
22428
22430
22432
22435
22437
22439
22441
22444
22446
22448
22451
22453
22455
22457
22460
22462
22464
22467
22469
22471
22473
22476
22478
22480
22483
22485
22487
22490
22492
22494
22497
22499
22501
22504
22506
22508
22511
22513
22515
22518
22520
22522
22525
22527
22529
22532
22534
22536
22539
22541
22543
22546
22548
22550
22553
22555
22557
22560
22562
22564
22567
22569
22571
22574
22576
22578
22581
22583
22585
22588
22590
22592
22595
22597
22600
22602
22604
22606
22609
22611
22613
22615
22618
22620
22622
22625
22627
22629
22631
22634
22636
22638
22640
22643
22645
22647
22650
22652
22654
22656
22659
22661
22663
22665
22668
22670
22672
22675
22677
22679
22681
22684
22686
22688
22690
22693
22695
22697
22700
22702
22704
22706
22708
22711
22713
22715
22717
22720
22722
22724
22726
22729
22731
22733
22735
22738
22740
22742
22744
22747
22749
22751
22753
22756
22758
22760
22762
22765
22767
22769
22771
22774
22776
22778
22780
22783
22785
22787
22789
22792
22794
22796
22798
22801
22803
22805
22807
22810
22812
22814
22816
22818
22821
22823
22825
22827
22830
22832
22834
22836
22838
22841
22843
22845
22847
22849
22852
22854
22856
22858
22861
22863
22865
22867
22870
22872
22874
22876
22878
22881
22883
22885
22887
22890
22892
22894
22896
22898
22901
22903
22905
22907
22910
22912
22914
22917
22919
22922
22924
22927
22929
22932
22934
22936
22939
22941
22944
22946
22949
22951
22954
22956
22958
22961
22963
22966
22968
22971
22973
22976
22978
22980
22983
22985
22988
22990
22993
22995
22998
23000
23002
23005
23007
23010
23012
23015
23017
23020
23022
23024
23026
23028
23030
23033
23035
23037
23039
23041
23044
23046
23048
23050
23052
23054
23057
23059
23061
23063
23065
23068
23070
23072
23074
23076
23078
23081
23083
23085
23087
23089
23092
23094
23096
23098
23100
23102
23105
23107
23109
23111
23113
23116
23118
23120
23122
23124
23126
23129
23131
23133
23135
23137
23140
23142
23144
23146
23148
23150
23152
23154
23156
23159
23161
23163
23165
23167
23169
23171
23173
23175
23178
23180
23182
23184
23186
23188
23190
23192
23195
23197
23199
23201
23203
23205
23207
23209
23211
23214
23216
23218
23220
23222
23224
23226
23228
23230
23233
23235
23237
23239
23241
23243
23245
23247
23250
23253
23256
23259
23262
23265
23268
23271
23274
23277
23280
23283
23286
23290
23293
23296
23299
23302
23305
23308
23311
23314
23317
23320
23323
23326
23330
23333
23336
23339
23342
23345
23348
23351
23354
23357
23360
23363
23366
23370
23372
23374
23376
23379
23381
23383
23385
23388
23390
23392
23395
23397
23399
23401
23404
23406
23408
23410
23413
23415
23417
23420
23422
23424
23426
23429
23431
23433
23435
23438
23440
23442
23445
23447
23449
23451
23454
23456
23458
23460
23463
23465
23467
23470
23472
23474
23477
23480
23482
23485
23487
23490
23492
23494
23497
23500
23502
23505
23507
23509
23512
23514
23517
23520
23522
23525
23527
23529
23532
23535
23537
23540
23542
23544
23547
23549
23552
23555
23557
23560
23562
23564
23567
23569
23572
23575
23577
23580
23583
23586
23589
23592
23596
23599
23602
23605
23609
23612
23615
23618
23621
23625
23628
23631
23634
23638
23641
23644
23647
23650
23654
23657
23660
23663
23667
23670
23673
23676
23680
23682
23685
23687
23690
23692
23695
23697
23700
23702
23705
23707
23710
23712
23715
23717
23720
23722
23724
23727
23730
23732
23735
23737
23740
23742
23745
23747
23750
23752
23755
23757
23759
23762
23765
23767
23770
23772
23775
23777
23779
23782
23785
23787
23790
23792
23794
23797
23799
23802
23804
23807
23809
23811
23814
23816
23819
23821
23824
23826
23829
23831
23833
23836
23838
23841
23843
23846
23848
23850
23853
23855
23858
23860
23863
23865
23868
23870
23872
23875
23877
23880
23882
23885
23887
23890
23892
23894
23896
23898
23900
23902
23904
23906
23909
23911
23913
23915
23917
23919
23921
23923
23925
23928
23930
23932
23934
23936
23938
23940
23942
23945
23947
23949
23951
23953
23955
23957
23959
23961
23964
23966
23968
23970
23972
23974
23976
23978
23980
23983
23985
23987
23989
23991
23993
23995
23997
24000
24002
24004
24006
24008
24010
24012
24014
24016
24019
24021
24023
24025
24027
24029
24031
24033
24035
24038
24040
24042
24044
24046
24048
24050
24052
24055
24057
24059
24061
24063
24065
24067
24069
24071
24074
24076
24078
24080
24082
24084
24086
24088
24090
24093
24095
24097
24099
24101
24103
24105
24107
24110
24112
24114
24116
24118
24120
24123
24125
24127
24129
24131
24133
24136
24138
24140
24142
24144
24146
24149
24151
24153
24155
24157
24160
24162
24164
24166
24168
24170
24173
24175
24177
24179
24181
24183
24186
24188
24190
24192
24194
24196
24199
24201
24203
24205
24207
24210
24212
24214
24216
24218
24220
24222
24224
24226
24229
24231
24233
24235
24237
24239
24241
24243
24245
24248
24250
24252
24254
24256
24258
24260
24262
24265
24267
24269
24271
24273
24275
24277
24279
24281
24284
24286
24288
24290
24292
24294
24296
24298
24300
24303
24305
24307
24309
24311
24313
24315
24317
24320
24322
24324
24327
24329
24331
24334
24336
24339
24341
24343
24346
24348
24350
24353
24355
24358
24360
24362
24365
24367
24370
24372
24374
24377
24379
24381
24384
24386
24389
24391
24393
24396
24398
24400
24403
24405
24408
24410
24412
24415
24417
24420
24422
24424
24426
24428
24430
24432
24434
24436
24438
24440
24442
24444
24446
24449
24451
24453
24455
24457
24459
24461
24463
24465
24467
24469
24471
24473
24476
24478
24480
24482
24484
24486
24488
24490
24492
24494
24496
24498
24500
24503
24505
24507
24509
24511
24513
24515
24517
24519
24521
24523
24525
24527
24530
24532
24534
24536
24539
24541
24543
24545
24548
24550
24552
24555
24557
24559
24561
24564
24566
24568
24570
24573
24575
24577
24580
24582
24584
24586
24589
24591
24593
24595
24598
24600
24602
24605
24607
24609
24611
24614
24616
24618
24620
24623
24625
24627
24630
24633
24636
24640
24643
24646
24650
24653
24656
24660
24663
24666
24669
24673
24676
24680
24683
24686
24689
24693
24696
24700
24703
24706
24710
24713
24716
24720
24723
24726
24730
24733
24736
24740
24743
24746
24750
24753
24756
24759
24762
24766
24769
24772
24775
24779
24782
24785
24788
24792
24795
24798
24801
24805
24808
24811
24814
24817
24821
24824
24827
24830
24834
24837
24840
24843
24847
24850
24853
24856
24860
24862
24864
24866
24868
24871
24873
24875
24877
24880
24882
24884
24886
24888
24891
24893
24895
24897
24900
24902
24904
24906
24908
24911
24913
24915
24917
24920
24922
24924
24926
24928
24931
24933
24935
24937
24940
24942
24944
24946
24948
24951
24953
24955
24957
24960
24962
24965
24968
24971
24974
24977
24980
24983
24986
24988
24991
24994
24997
25000
25003
25006
25009
25012
25015
25017
25020
25023
25026
25029
25032
25035
25038
25041
25043
25046
25049
25052
25055
25058
25061
25064
25067
25070
25072
25074
25076
25078
25080
25083
25085
25087
25089
25091
25093
25096
25098
25100
25102
25104
25106
25109
25111
25113
25115
25117
25120
25122
25124
25126
25128
25130
25133
25135
25137
25139
25141
25143
25146
25148
25150
25152
25154
25156
25159
25161
25163
25165
25167
25170
25172
25174
25176
25178
25181
25183
25185
25187
25190
25192
25194
25196
25199
25201
25203
25205
25208
25210
25212
25214
25217
25219
25221
25223
25226
25228
25230
25232
25235
25237
25239
25241
25244
25246
25248
25250
25253
25255
25257
25259
25262
25264
25266
25268
25271
25273
25275
25277
25280
25282
25284
25286
25288
25291
25293
25295
25297
25300
25302
25304
25306
25308
25311
25313
25315
25317
25320
25322
25324
25326
25328
25331
25333
25335
25337
25340
25342
25344
25346
25348
25351
25353
25355
25357
25360
25362
25364
25366
25368
25371
25373
25375
25377
25380
25382
25384
25387
25389
25392
25394
25397
25399
25402
25404
25406
25409
25411
25414
25416
25419
25421
25424
25426
25428
25431
25433
25436
25438
25441
25443
25446
25448
25451
25453
25455
25458
25460
25463
25465
25468
25470
25473
25475
25477
25480
25482
25485
25487
25490
25492
25495
25497
25500
25502
25504
25506
25508
25510
25512
25515
25517
25519
25521
25523
25525
25528
25530
25532
25534
25536
25538
25540
25543
25545
25547
25549
25551
25553
25556
25558
25560
25562
25564
25566
25569
25571
25573
25575
25577
25579
25581
25584
25586
25588
25590
25592
25594
25597
25599
25601
25603
25605
25607
25610
25612
25615
25617
25620
25622
25625
25627
25630
25632
25634
25637
25640
25642
25645
25647
25650
25652
25655
25657
25660
25662
25665
25667
25670
25672
25675
25677
25680
25682
25685
25687
25690
25692
25695
25697
25700
25702
25705
25707
25710
25713
25716
25719
25722
25725
25728
25731
25734
25737
25740
25743
25746
25749
25752
25755
25758
25761
25765
25768
25771
25774
25777
25780
25783
25786
25789
25792
25795
25798
25801
25804
25807
25810
25813
25816
25820
25824
25828
25832
25836
25840
25844
25848
25852
25856
25860
25864
25868
25872
25876
25880
25884
25888
25892
25896
25900
25904
25908
25912
25916
25920
25922
25925
25927
25930
25932
25935
25937
25940
25943
25945
25948
25950
25953
25955
25958
25960
25963
25966
25968
25971
25973
25976
25978
25981
25983
25986
25989
25991
25994
25996
25999
26001
26004
26006
26009
26012
26014
26017
26019
26022
26024
26027
26030
26032
26035
26038
26041
26044
26047
26050
26052
26055
26058
26061
26064
26067
26070
26072
26075
26078
26081
26084
26087
26090
26092
26095
26098
26101
26104
26107
26110
26112
26115
26118
26121
26124
26127
26130
26131
26134
26136
26137
26140
26142
26144
26145
26148
26150
26151
26154
26156
26157
26160
26162
26163
26166
26168
26169
26171
26174
26176
26177
26180
26182
26183
26186
26188
26189
26192
26194
26195
26198
26200
26202
26203
26206
26208
26209
26212
26214
26215
26218
26220
26221
26224
26226
26227
26229
26232
26234
26235
26238
26240
26242
26244
26247
26249
26251
26254
26256
26259
26261
26263
26266
26268
26271
26273
26275
26278
26280
26283
26285
26287
26290
26292
26295
26297
26299
26302
26304
26306
26309
26311
26314
26316
26318
26321
26323
26326
26328
26330
26333
26335
26338
26340
26342
26345
26347
26350
26352
26354
26356
26358
26360
26362
26364
26366
26368
26370
26372
26374
26376
26378
26380
26382
26384
26386
26388
26390
26392
26394
26396
26398
26400
26402
26404
26406
26408
26410
26412
26414
26416
26418
26420
26422
26424
26426
26428
26430
26432
26434
26436
26438
26440
26442
26444
26445
26448
26450
26452
26454
26456
26458
26460
26462
26465
26467
26469
26471
26473
26475
26478
26480
26482
26484
26486
26488
26490
26493
26495
26497
26499
26501
26503
26506
26508
26510
26512
26514
26516
26519
26521
26523
26525
26527
26529
26531
26534
26536
26538
26540
26542
26544
26547
26549
26551
26553
26555
26557
26560
26563
26566
26569
26572
26575
26578
26581
26584
26587
26590
26593
26596
26599
26602
26605
26608
26611
26614
26617
26620
26623
26626
26629
26632
26635
26638
26641
26644
26647
26650
26653
26656
26660
26662
26665
26667
26670
26672
26675
26677
26680
26682
26685
26688
26690
26693
26695
26698
26700
26703
26705
26708
26711
26713
26716
26718
26721
26723
26726
26728
26731
26734
26736
26739
26741
26744
26746
26749
26751
26754
26757
26759
26762
26764
26767
26769
26772
26774
26777
26780
26782
26784
26786
26788
26790
26792
26794
26796
26798
26800
26802
26805
26807
26809
26811
26813
26815
26817
26819
26821
26823
26825
26827
26830
26832
26834
26836
26838
26840
26842
26844
26846
26848
26850
26852
26855
26857
26859
26861
26863
26865
26867
26869
26871
26873
26875
26877
26880
26882
26884
26886
26888
26890
26892
26895
26897
26899
26901
26903
26905
26908
26910
26912
26914
26916
26918
26920
26923
26925
26927
26929
26931
26933
26936
26938
26940
26942
26944
26946
26949
26951
26953
26955
26957
26959
26961
26964
26966
26968
26970
26972
26974
26977
26979
26981
26983
26985
26987
26990
26992
26994
26996
26998
27001
27003
27005
27007
27010
27012
27014
27016
27019
27021
27023
27025
27028
27030
27032
27034
27037
27039
27041
27043
27046
27048
27050
27052
27055
27057
27059
27061
27064
27066
27068
27070
27073
27075
27077
27079
27082
27084
27086
27088
27091
27093
27095
27097
27100
27102
27105
27107
27110
27112
27115
27117
27120
27122
27125
27127
27130
27132
27135
27137
27140
27142
27145
27147
27150
27152
27155
27157
27160
27162
27165
27167
27170
27172
27175
27177
27180
27182
27185
27187
27189
27192
27195
27197
27200
27202
27204
27207
27209
27211
27214
27216
27219
27221
27223
27226
27228
27231
27233
27235
27238
27240
27243
27245
27247
27250
27252
27255
27257
27259
27262
27264
27266
27269
27271
27274
27276
27278
27281
27283
27286
27288
27290
27293
27295
27298
27300
27302
27305
27307
27310
27312
27314
27316
27318
27320
27323
27325
27327
27329
27331
27333
27336
27338
27340
27342
27344
27346
27349
27351
27353
27355
27357
27360
27362
27364
27366
27368
27370
27373
27375
27377
27379
27381
27383
27386
27388
27390
27392
27394
27396
27399
27401
27403
27405
27407
27410
27412
27414
27416
27418
27420
27422
27424
27426
27428
27430
27432
27434
27436
27438
27440
27442
27444
27446
27448
27450
27452
27454
27456
27458
27460
27462
27465
27467
27469
27471
27473
27475
27477
27479
27481
27483
27485
27487
27489
27491
27493
27495
27497
27499
27501
27503
27505
27507
27509
27511
27513
27515
27517
27520
27521
27523
27525
27527
27529
27531
27533
27535
27537
27539
27541
27543
27545
27547
27549
27551
27553
27555
27557
27559
27561
27563
27565
27567
27569
27571
27573
27575
27576
27578
27580
27582
27584
27586
27588
27590
27592
27594
27596
27598
27600
27602
27604
27606
27608
27610
27612
27614
27616
27618
27620
27622
27624
27626
27628
27630
27631
27633
27635
27637
27639
27641
27643
27645
27647
27649
27651
27653
27655
27657
27659
27661
27663
27665
27667
27669
27671
27673
27675
27677
27679
27681
27683
27685
27686
27688
27690
27692
27694
27696
27698
27700
27702
27704
27706
27708
27710
27712
27714
27716
27718
27720
27722
27724
27726
27728
27730
27732
27734
27736
27738
27740
27742
27744
27746
27748
27750
27752
27754
27756
27758
27760
27762
27764
27766
27769
27771
27773
27775
27777
27779
27781
27783
27785
27787
27789
27791
27793
27796
27798
27800
27802
27804
27806
27808
27810
27812
27814
27816
27818
27820
27823
27825
27827
27829
27831
27833
27835
27837
27839
27841
27843
27845
27847
27850
27852
27854
27856
27858
27860
27862
27864
27866
27868
27870
27872
27874
27876
27878
27880
27882
27884
27886
27888
27890
27892
27894
27896
27898
27901
27903
27905
27907
27909
27911
27913
27915
27917
27919
27921
27923
27925
27927
27929
27931
27933
27935
27937
27939
27941
27943
27945
27947
27950
27951
27953
27955
27957
27959
27961
27963
27964
27966
27968
27970
27972
27974
27976
27977
27979
27981
27983
27985
27987
27989
27991
27992
27994
27996
27998
28000
28002
28004
28005
28007
28009
28011
28013
28015
28017
28018
28020
28022
28024
28026
28028
28030
28032
28033
28035
28037
28039
28041
28043
28045
28046
28048
28050
28052
28054
28056
28058
28060
28061
28063
28065
28067
28069
28071
28073
28075
28076
28078
28080
28082
28084
28086
28088
28090
28092
28093
28095
28097
28099
28101
28103
28105
28107
28109
28110
28112
28114
28116
28118
28120
28122
28124
28126
28127
28129
28131
28133
28135
28137
28139
28141
28143
28144
28146
28148
28150
28152
28154
28156
28158
28160
28161
28163
28165
28167
28169
28171
28173
28175
28177
28178
28180
28182
28184
28186
28188
28190
28192
28194
28196
28197
28199
28201
28203
28205
28207
28209
28211
28213
28215
28216
28218
28220
28222
28224
28226
28228
28230
28232
28233
28235
28237
28239
28241
28243
28245
28247
28249
28251
28252
28254
28256
28258
28260
28262
28264
28266
28268
28270
28272
28274
28277
28279
28282
28284
28286
28289
28291
28294
28296
28298
28301
28303
28306
28308
28310
28313
28315
28318
28320
28322
28325
28327
28330
28332
28334
28337
28339
28342
28344
28346
28349
28351
28354
28356
28358
28361
28363
28366
28368
28370
28373
28375
28378
28380
28382
28385
28387
28390
28391
28393
28395
28397
28399
28401
28403
28405
28407
28409
28411
28413
28415
28417
28419
28421
28423
28425
28427
28429
28431
28433
28435
28437
28439
28441
28443
28445
28447
28449
28450
28452
28454
28456
28458
28460
28462
28464
28466
28468
28470
28472
28474
28476
28478
28480
28482
28484
28486
28488
28490
28492
28494
28496
28498
28500
28502
28504
28506
28508
28510
28512
28514
28516
28518
28520
28522
28525
28527
28529
28531
28533
28535
28538
28540
28542
28544
28546
28548
28550
28553
28555
28557
28559
28561
28563
28566
28568
28570
28572
28574
28576
28579
28581
28583
28585
28587
28589
28591
28594
28596
28598
28600
28602
28604
28607
28609
28611
28613
28615
28617
28620
28622
28624
28626
28628
28630
28632
28634
28636
28638
28640
28642
28644
28646
28648
28650
28652
28654
28656
28658
28660
28662
28664
28666
28668
28670
28672
28674
28676
28678
28680
28682
28684
28686
28688
28689
28692
28694
28695
28698
28700
28702
28704
28706
28708
28710
28712
28714
28715
28718
28720
28721
28723
28725
28727
28729
28730
28732
28734
28736
28738
28740
28741
28743
28745
28747
28749
28751
28753
28754
28756
28758
28760
28762
28764
28765
28767
28769
28771
28773
28775
28776
28778
28780
28782
28784
28785
28787
28789
28791
28793
28795
28796
28798
28800
28802
28804
28806
28808
28809
28811
28813
28815
28817
28819
28820
28822
28824
28826
28828
28830
28831
28833
28835
28837
28839
28841
28843
28845
28847
28849
28851
28853
28855
28857
28859
28861
28863
28865
28867
28869
28871
28873
28875
28877
28879
28880
28882
28884
28886
28888
28890
28892
28894
28896
28898
28900
28902
28904
28906
28908
28910
28912
28914
28916
28918
28920
28922
28924
28926
28928
28930
28931
28933
28935
28937
28939
28940
28942
28944
28946
28948
28949
28951
28953
28955
28957
28958
28960
28962
28964
28966
28967
28969
28971
28973
28975
28976
28978
28980
28982
28984
28985
28987
28989
28991
28993
28994
28996
28998
29000
29002
29003
29005
29007
29009
29011
29012
29014
29016
29018
29020
29021
29023
29025
29027
29029
29030
29032
29034
29036
29038
29040
29041
29043
29045
29047
29049
29051
29053
29055
29057
29059
29061
29063
29064
29066
29068
29070
29072
29074
29076
29078
29080
29082
29084
29086
29088
29090
29091
29093
29095
29097
29099
29101
29103
29105
29107
29109
29111
29113
29115
29116
29118
29120
29122
29124
29126
29128
29130
29132
29134
29136
29138
29140
29142
29144
29146
29148
29150
29152
29154
29156
29158
29160
29162
29164
29166
29168
29170
29172
29174
29176
29178
29180
29182
29184
29186
29188
29190
29192
29194
29196
29198
29200
29202
29204
29206
29208
29210
29212
29214
29216
29218
29220
29222
29224
29226
29228
29230
29232
29234
29236
29238
29240
29242
29244
29246
29248
29250
29251
29253
29255
29257
29259
29261
29263
29264
29266
29268
29270
29272
29274
29276
29277
29279
29281
29283
29285
29287
29289
29291
29292
29294
29296
29298
29300
29302
29304
29305
29307
29309
29311
29313
29315
29317
29318
29320
29322
29324
29326
29328
29330
29332
29333
29335
29337
29339
29341
29343
29345
29346
29348
29350
29352
29354
29356
29358
29360
29361
29363
29365
29367
29369
29371
29373
29375
29377
29379
29381
29383
29385
29387
29389
29391
29393
29395
29397
29399
29401
29403
29405
29407
29409
29410
29412
29414
29416
29418
29420
29422
29424
29426
29428
29430
29432
29434
29436
29438
29440
29442
29444
29446
29448
29450
29452
29454
29456
29458
29460
29462
29465
29467
29470
29472
29475
29477
29480
29482
29485
29487
29490
29492
29495
29497
29500
29502
29505
29507
29510
29512
29515
29517
29520
29522
29525
29527
29530
29532
29535
29537
29540
29542
29545
29547
29550
29552
29555
29557
29560
29562
29565
29567
29570
29571
29573
29575
29577
29578
29580
29582
29584
29585
29587
29589
29591
29592
29594
29596
29598
29599
29601
29603
29605
29606
29608
29610
29612
29613
29615
29617
29619
29620
29622
29624
29626
29627
29629
29631
29633
29634
29636
29638
29640
29641
29643
29645
29647
29648
29650
29652
29654
29655
29657
29659
29661
29662
29664
29666
29668
29670
29672
29674
29676
29678
29680
29682
29684
29686
29689
29691
29693
29695
29697
29699
29701
29703
29705
29708
29710
29712
29714
29716
29718
29720
29722
29725
29727
29729
29731
29733
29735
29737
29739
29741
29744
29746
29748
29750
29752
29754
29756
29758
29760
29763
29765
29767
29769
29771
29773
29775
29777
29780
29781
29783
29785
29787
29789
29790
29792
29794
29796
29798
29800
29801
29803
29805
29807
29809
29810
29812
29814
29816
29818
29820
29821
29823
29825
29827
29829
29830
29832
29834
29836
29838
29840
29841
29843
29845
29847
29849
29850
29852
29854
29856
29858
29860
29861
29863
29865
29867
29869
29870
29872
29874
29876
29878
29880
29881
29883
29885
29887
29889
29891
29893
29895
29897
29899
29901
29903
29905
29907
29908
29910
29912
29914
29916
29918
29920
29922
29924
29926
29928
29930
29932
29934
29935
29937
29939
29941
29943
29945
29947
29949
29951
29953
29955
29957
29959
29961
29962
29964
29966
29968
29970
29972
29974
29976
29978
29980
29982
29984
29986
29988
29990
