2
5
7
10
13
15
18
21
23
26
28
31
34
36
39
42
44
47
49
52
55
57
60
63
65
68
71
73
76
78
81
84
86
89
92
94
97
99
123
146
169
193
216
240
242
245
247
250
253
255
258
261
263
266
268
271
274
276
279
282
284
287
290
292
295
297
300
303
305
308
311
313
316
318
321
324
326
329
332
334
337
340
344
348
352
356
360
364
368
372
376
380
384
388
392
396
400
404
408
412
416
420
424
428
432
436
440
444
448
452
456
460
463
468
472
476
480
482
484
486
488
490
492
494
496
498
500
502
504
506
508
510
512
514
516
518
520
522
524
526
528
530
532
534
535
537
539
541
543
545
547
549
551
553
555
557
559
562
564
566
568
570
572
574
576
578
580
584
588
592
596
600
605
609
613
617
621
626
630
634
638
642
647
651
655
659
663
668
672
676
680
684
689
693
697
701
705
710
712
715
718
721
724
726
729
732
735
738
741
743
746
749
752
755
757
760
763
766
769
772
774
777
780
783
786
788
791
794
797
800
803
805
808
811
814
817
820
823
826
829
832
835
838
841
844
847
850
853
856
859
862
865
868
871
874
877
880
883
886
889
892
895
898
901
904
907
910
913
916
920
923
926
930
933
936
940
943
946
950
953
956
960
963
966
970
973
976
980
983
986
990
993
996
1000
1003
1006
1010
1013
1016
1020
1023
1026
1030
1048
1067
1086
1105
1124
1143
1162
1181
1200
1202
1204
1207
1209
1211
1214
1216
1218
1221
1223
1225
1228
1230
1232
1235
1237
1239
1242
1244
1246
1249
1251
1253
1256
1258
1260
1263
1265
1267
1270
1272
1274
1277
1279
1281
1284
1286
1288
1291
1293
1295
1298
1300
1302
1305
1307
1310
1314
1318
1323
1327
1331
1336
1340
1344
1349
1353
1357
1362
1366
1370
1375
1379
1383
1388
1392
1396
1401
1405
1409
1414
1418
1422
1427
1431
1435
1440
1442
1445
1448
1451
1453
1456
1459
1462
1464
1467
1470
1472
1475
1478
1481
1484
1486
1489
1492
1495
1497
1500
1503
1506
1508
1511
1514
1517
1519
1522
1525
1528
1530
1533
1536
1539
1541
1544
1547
1550
1670
1790
1792
1794
1797
1799
1802
1804
1807
1809
1812
1814
1816
1819
1821
1824
1826
1829
1831
1834
1836
1839
1841
1843
1846
1848
1851
1853
1856
1858
1861
1863
1866
1868
1870
1873
1875
1878
1880
1883
1885
1888
1890
1893
1895
1897
1900
1902
1905
1907
1910
1912
1915
1917
1920
1923
1926
1930
1933
1936
1940
1943
1946
1950
1953
1956
1960
1963
1966
1970
1973
1976
1979
1983
1986
1989
1993
1996
1999
2003
2006
2009
2013
2016
2020
2023
2026
2029
2032
2033
2035
2037
2040
2041
2043
2045
2048
2050
2051
2054
2056
2058
2059
2062
2064
2066
2067
2070
2072
2074
2075
2078
2080
2082
2083
2086
2088
2090
2091
2094
2096
2098
2099
2102
2104
2106
2107
2110
2112
2114
2115
2118
2120
2122
2123
2126
2128
2130
2135
2139
2145
2150
2155
2159
2165
2170
2175
2179
2185
2190
2195
2199
2205
2210
2215
2219
2224
2230
2235
2239
2244
2250
2255
2260
2264
2269
2275
2280
2282
2284
2287
2290
2292
2295
2297
2300
2302
2304
2307
2309
2312
2315
2317
2320
2322
2324
2327
2330
2332
2335
2337
2340
2342
2344
2347
2349
2352
2355
2357
2360
2362
2364
2367
2370
2372
2375
2377
2380
2382
2385
2387
2389
2392
2395
2397
2400
2403
2406
2410
2413
2417
2420
2424
2427
2430
2434
2437
2441
2444
2448
2451
2454
2458
2461
2465
2468
2472
2475
2478
2482
2485
2489
2492
2496
2499
2502
2506
2509
2513
2516
2520
2522
2524
2527
2529
2532
2534
2537
2539
2542
2544
2546
2549
2551
2554
2556
2559
2561
2564
2566
2568
2571
2573
2576
2578
2581
2583
2586
2588
2590
2593
2595
2598
2600
2603
2605
2608
2610
2612
2615
2617
2620
2622
2625
2627
2630
2633
2637
2641
2644
2648
2652
2655
2659
2663
2667
2670
2674
2678
2682
2685
2689
2693
2696
2700
2704
2707
2711
2715
2719
2722
2726
2730
2734
2737
2741
2745
2748
2752
2756
2760
2762
2765
2768
2770
2773
2776
2778
2781
2784
2786
2789
2792
2794
2797
2800
2802
2805
2808
2810
2813
2816
2818
2821
2824
2826
2829
2832
2834
2837
2840
2842
2845
2848
2850
2853
2856
2858
2861
2864
2866
2869
2872
2874
2877
2880
2882
2885
2888
2891
2894
2896
2899
2902
2905
2908
2911
2913
2916
2919
2922
2925
2927
2930
2933
2936
2939
2942
2944
2947
2950
2953
2956
2958
2961
2964
2967
2970
2973
2975
2978
2981
2984
2987
2990
2996
3002
3008
3015
3021
3027
3033
3040
3046
3052
3058
3065
3071
3077
3083
3090
3096
3102
3108
3115
3121
3127
3133
3140
3146
3152
3158
3165
3171
3177
3183
3190
3196
3202
3208
3215
3221
3227
3233
3240
3242
3244
3246
3248
3250
3252
3254
3256
3258
3260
3262
3264
3266
3268
3270
3272
3274
3276
3278
3280
3282
3284
3286
3288
3290
3292
3295
3297
3299
3301
3303
3305
3307
3309
3311
3313
3315
3317
3319
3321
3323
3325
3327
3329
3331
3333
3335
3337
3339
3341
3343
3345
3347
3350
3360
3371
3382
3392
3403
3414
3425
3435
3446
3457
3467
3478
3489
3500
3510
3521
3532
3542
3553
3564
3575
3585
3596
3607
3617
3628
3639
3650
3652
3654
3656
3659
3661
3663
3666
3668
3670
3672
3675
3677
3679
3682
3684
3686
3688
3691
3693
3695
3698
3700
3702
3705
3707
3709
3711
3714
3716
3718
3721
3723
3725
3727
3730
3732
3734
3737
3739
3741
3743
3746
3748
3750
3753
3755
3757
3760
3763
3767
3770
3774
3777
3781
3785
3788
3792
3795
3799
3803
3806
3810
3813
3817
3821
3824
3828
3831
3835
3838
3842
3846
3849
3853
3856
3860
3864
3867
3871
3874
3878
3882
3885
3889
3892
3896
3900
3905
3911
3917
3923
3929
3935
3941
3947
3953
3958
3964
3970
3976
3982
3988
3994
4000
4006
4012
4017
4023
4029
4035
4041
4047
4053
4059
4065
4071
4076
4082
4088
4094
4100
4106
4112
4118
4124
4130
4132
4134
4137
4139
4142
4144
4146
4149
4151
4154
4156
4158
4161
4163
4166
4168
4170
4173
4175
4178
4180
4182
4185
4187
4190
4192
4195
4197
4199
4202
4204
4207
4209
4211
4214
4216
4219
4221
4223
4226
4228
4231
4233
4235
4238
4240
4243
4245
4247
4250
4252
4255
4257
4260
4263
4267
4271
4275
4278
4282
4286
4290
4294
4297
4301
4305
4309
4313
4316
4320
4324
4328
4332
4335
4339
4343
4347
4351
4354
4358
4362
4366
4370
4372
4374
4376
4378
4381
4383
4385
4387
4390
4392
4394
4396
4399
4401
4403
4405
4408
4410
4412
4414
4417
4419
4421
4423
4426
4428
4430
4432
4435
4437
4439
4441
4444
4446
4448
4450
4453
4455
4457
4459
4462
4464
4466
4468
4471
4473
4475
4477
4480
4484
4489
4494
4499
4504
4509
4513
4518
4523
4528
4533
4538
4543
4547
4552
4557
4562
4567
4572
4576
4581
4586
4591
4596
4601
4606
4610
4615
4620
4625
4630
4635
4640
4642
4644
4646
4648
4651
4653
4655
4657
4659
4662
4664
4666
4668
4670
4673
4675
4677
4679
4681
4684
4686
4688
4690
4692
4694
4697
4699
4701
4703
4705
4708
4710
4712
4714
4717
4719
4721
4723
4725
4728
4730
4732
4734
4736
4739
4741
4743
4745
4747
4750
4753
4756
4759
4762
4765
4768
4771
4774
4777
4780
4783
4786
4789
4792
4795
4798
4801
4804
4807
4810
4813
4816
4819
4822
4825
4828
4831
4834
4837
4840
4843
4846
4850
4854
4858
4862
4867
4871
4875
4880
4884
4888
4892
4897
4901
4905
4910
4914
4918
4922
4927
4931
4935
4939
4944
4948
4952
4957
4961
4965
4970
4974
4978
4982
4987
4991
4995
5000
5002
5004
5006
5009
5011
5013
5015
5018
5020
5022
5025
5027
5029
5031
5034
5036
5038
5040
5043
5045
5047
5050
5052
5054
5056
5059
5061
5063
5065
5068
5070
5072
5074
5077
5079
5081
5084
5086
5088
5090
5093
5095
5097
5100
5103
5106
5110
5113
5117
5120
5124
5127
5130
5134
5137
5141
5144
5148
5151
5154
5158
5161
5165
5168
5172
5175
5179
5182
5185
5189
5192
5196
5199
5203
5206
5210
5360
5362
5364
5366
5368
5370
5372
5374
5376
5378
5380
5382
5384
5386
5388
5390
5392
5394
5396
5398
5400
5402
5404
5406
5408
5410
5412
5415
5417
5419
5421
5423
5425
5427
5429
5431
5433
5435
5437
5439
5441
5443
5445
5447
5449
5451
5453
5455
5457
5459
5461
5463
5465
5467
5470
5474
5478
5483
5487
5492
5496
5501
5505
5510
5514
5518
5523
5527
5532
5536
5541
5545
5550
5554
5558
5563
5567
5572
5576
5581
5585
5590
5592
5594
5597
5599
5602
5604
5607
5609
5612
5614
5616
5619
5621
5624
5626
5629
5631
5634
5636
5638
5641
5643
5646
5648
5651
5653
5656
5658
5660
5663
5665
5668
5670
5673
5675
5678
5680
5682
5685
5687
5690
5692
5695
5697
5700
5703
5707
5711
5715
5718
5722
5726
5730
5734
5737
5741
5745
5749
5752
5756
5760
5764
5768
5771
5775
5779
5783
5787
5790
5794
5798
5802
5805
5809
5813
5817
5821
5824
5828
5832
5836
5840
5842
5845
5847
5850
5853
5855
5858
5860
5863
5866
5868
5871
5874
5876
5879
5881
5884
5887
5889
5892
5895
5897
5900
5902
5905
5908
5910
5913
5915
5918
5921
5923
5926
5929
5931
5934
5936
5939
5942
5944
5947
5950
5958
5966
5974
5983
5991
5999
6007
6016
6024
6032
6041
6049
6057
6065
6074
6082
6090
6098
6107
6115
6123
6132
6140
6148
6156
6165
6173
6181
6190
6192
6194
6196
6199
6201
6203
6205
6208
6210
6212
6214
6217
6219
6221
6223
6226
6228
6230
6233
6235
6237
6239
6242
6244
6246
6248
6251
6253
6255
6257
6260
6262
6264
6266
6269
6271
6273
6276
6278
6280
6282
6285
6287
6289
6291
6294
6296
6298
6300
6303
6305
6307
6310
6313
6317
6321
6325
6329
6333
6337
6340
6344
6348
6352
6356
6360
6364
6368
6371
6375
6379
6383
6387
6391
6395
6399
6402
6406
6410
6414
6418
6422
6426
6430
6435
6439
6444
6449
6455
6460
6465
6470
6475
6479
6484
6489
6495
6500
6505
6510
6515
6520
6524
6529
6535
6540
6545
6550
6555
6560
6564
6569
6574
6580
6585
6590
6595
6600
6604
6609
6614
6620
6625
6630
6635
6640
6645
6649
6654
6660
6665
6670
6675
6680
6682
6684
6686
6688
6690
6692
6694
6696
6698
6700
6702
6704
6706
6709
6711
6713
6715
6717
6719
6721
6723
6725
6727
6729
6731
6733
6736
6738
6740
6742
6744
6746
6748
6750
6752
6754
6756
6758
6760
6763
6765
6767
6769
6771
6773
6775
6777
6779
6781
6783
6785
6787
6790
6794
6798
6802
6807
6811
6815
6820
6824
6828
6832
6837
6841
6845
6850
6854
6858
6862
6867
6871
6875
6880
6884
6888
6892
6897
6901
6905
6910
6912
6914
6916
6918
6921
6923
6925
6927
6929
6932
6934
6936
6938
6940
6943
6945
6947
6949
6951
6954
6956
6958
6960
6962
6965
6967
6969
6971
6973
6976
6978
6980
6982
6984
6987
6989
6991
6993
6995
6997
7000
7002
7004
7006
7008
7011
7013
7015
7017
7020
7028
7036
7044
7052
7060
7068
7076
7084
7092
7100
7108
7116
7124
7132
7140
7149
7157
7165
7173
7181
7189
7197
7205
7213
7221
7229
7237
7245
7253
7261
7270
7272
7274
7277
7279
7282
7284
7287
7289
7291
7294
7296
7299
7301
7304
7306
7309
7311
7313
7316
7318
7321
7323
7326
7328
7330
7333
7335
7338
7340
7343
7345
7348
7350
7352
7355
7357
7360
7362
7365
7367
7370
7374
7378
7382
7387
7391
7395
7400
7404
7408
7412
7417
7421
7425
7430
7434
7438
7442
7447
7451
7455
7460
7464
7468
7472
7477
7481
7485
7489
7494
7498
7502
7507
7511
7515
7520
7522
7524
7526
7528
7530
7532
7534
7537
7539
7541
7543
7545
7547
7549
7551
7554
7556
7558
7560
7562
7564
7566
7568
7571
7573
7575
7577
7579
7581
7583
7585
7588
7590
7592
7594
7596
7598
7600
7602
7605
7607
7609
7611
7613
7615
7617
7620
7627
7634
7642
7649
7657
7664
7672
7679
7686
7694
7701
7709
7716
7724
7731
7738
7746
7753
7761
7768
7776
7783
7790
7798
7805
7813
7820
7828
7835
7842
7850
7857
7865
7872
7880
7882
7884
7886
7889
7891
7893
7895
7898
7900
7902
7904
7907
7909
7911
7913
7916
7918
7920
7923
7925
7927
7929
7932
7934
7936
7938
7941
7943
7945
7947
7950
7952
7954
7956
7959
7961
7963
7966
7968
7970
7972
7975
7977
7979
7981
7984
7986
7988
7990
7993
7995
7997
8000
8004
8008
8012
8016
8020
8024
8028
8032
8036
8040
8044
8048
8052
8057
8061
8065
8069
8073
8077
8081
8085
8089
8093
8097
8101
8105
8109
8112
8114
8116
8119
8121
8123
8126
8128
8130
8132
8135
8137
8139
8142
8144
8146
8148
8151
8153
8155
8158
8160
8162
8164
8167
8169
8171
8174
8176
8178
8181
8183
8185
8187
8190
8192
8194
8197
8199
8201
8203
8206
8208
8210
8213
8215
8217
8220
8224
8229
8234
8239
8244
8248
8253
8258
8263
8268
8273
8277
8282
8287
8292
8297
8302
8306
8311
8316
8321
8326
8331
8335
8340
8345
8350
8355
8360
8362
8364
8366
8368
8370
8372
8374
8376
8378
8380
8382
8384
8386
8388
8390
8392
8394
8396
8398
8400
8402
8404
8406
8408
8410
8412
8415
8417
8419
8421
8423
8425
8427
8429
8431
8433
8435
8437
8439
8441
8443
8445
8447
8449
8451
8453
8455
8457
8459
8461
8463
8465
8467
8470
8474
8479
8483
8488
8493
8497
8502
8507
8511
8516
8521
8525
8530
8535
8539
8544
8548
8553
8558
8562
8567
8572
8576
8581
8586
8590
8595
8600
8602
8605
8607
8610
8612
8615
8617
8620
8622
8625
8627
8630
8632
8635
8637
8640
8642
8645
8647
8650
8652
8655
8657
8660
8662
8665
8667
8670
8672
8675
8677
8680
8682
8685
8687
8690
8692
8695
8697
8700
8702
8705
8707
8710
8713
8716
8719
8722
8726
8729
8732
8735
8739
8742
8745
8748
8752
8755
8758
8761
8765
8768
8771
8774
8777
8781
8784
8787
8790
8794
8797
8800
8803
8807
8810
8813
8816
8820
8823
8826
8829
8832
8835
8838
8841
8844
8847
8850
8853
8856
8859
8862
8865
8868
8871
8874
8877
8880
8883
8886
8889
8892
8895
8898
8901
8904
8907
8910
8913
8916
8920
8973
9026
9080
9082
9084
9086
9088
9090
9092
9094
9096
9098
9100
9102
9104
9106
9109
9111
9113
9115
9117
9119
9121
9123
9125
9127
9129
9131
9133
9136
9138
9140
9142
9144
9146
9148
9150
9152
9154
9156
9158
9160
9163
9165
9167
9169
9171
9173
9175
9177
9179
9181
9183
9185
9187
9190
9199
9209
9218
9228
9238
9247
9257
9266
9276
9286
9295
9305
9315
9324
9334
9343
9353
9363
9372
9382
9391
9401
9411
9420
9430
9440
9442
9444
9446
9448
9451
9453
9455
9457
9459
9462
9464
9466
9468
9470
9472
9475
9477
9479
9481
9484
9486
9488
9490
9492
9495
9497
9499
9501
9503
9506
9508
9510
9512
9514
9517
9519
9521
9523
9525
9528
9530
9532
9534
9536
9539
9541
9543
9545
9547
9550
9554
9559
9564
9569
9574
9578
9583
9588
9593
9598
9602
9607
9612
9617
9622
9627
9631
9636
9641
9646
9651
9655
9660
9665
9670
9675
9680
9682
9684
9686
9688
9691
9693
9695
9697
9700
9702
9704
9706
9709
9711
9713
9715
9718
9720
9722
9724
9727
9729
9731
9733
9736
9738
9740
9742
9745
9747
9749
9751
9754
9756
9758
9760
9763
9765
9767
9769
9772
9774
9776
9778
9781
9783
9785
9787
9790
9793
9797
9801
9805
9808
9812
9816
9820
9823
9827
9831
9834
9838
9842
9846
9850
9853
9857
9861
9865
9868
9872
9876
9879
9883
9887
9891
9895
9898
9902
9906
9910
9912
9915
9917
9920
9923
9925
9928
9930
9933
9936
9938
9941
9943
9946
9949
9951
9954
9956
9959
9962
9964
9967
9969
9972
9975
9977
9980
9983
9985
9988
9990
9993
9996
9998
10001
10003
10006
10009
10011
10014
10016
10019
10022
10024
10027
10030
10033
10037
10041
10044
10048
10052
10056
10059
10063
10067
10070
10074
10078
10081
10085
10089
10093
10096
10100
10104
10108
10111
10115
10119
10122
10126
10130
10134
10137
10141
10145
10148
10152
10156
10160
10165
10171
10176
10182
10188
10193
10199
10204
10210
10216
10221
10227
10232
10238
10244
10249
10255
10260
10266
10272
10277
10283
10289
10294
10300
10305
10311
10317
10322
10328
10333
10339
10345
10350
10356
10361
10367
10373
10378
10384
10390
10392
10395
10397
10400
10402
10405
10407
10410
10413
10415
10418
10420
10423
10425
10428
10430
10433
10436
10438
10441
10443
10446
10448
10451
10453
10456
10459
10461
10464
10466
10469
10471
10474
10476
10479
10482
10484
10487
10489
10492
10494
10497
10500
10502
10505
10508
10510
10513
10516
10518
10521
10524
10527
10529
10532
10535
10537
10540
10543
10545
10548
10551
10554
10556
10559
10562
10564
10567
10570
10572
10575
10578
10581
10583
10586
10589
10591
10594
10597
10600
10606
10612
10618
10624
10630
10636
10642
10648
10655
10661
10667
10673
10679
10685
10691
10697
10703
10710
10712
10714
10716
10718
10721
10723
10725
10727
10730
10732
10734
10736
10739
10741
10743
10745
10748
10750
10752
10754
10757
10759
10761
10763
10766
10768
10770
10772
10775
10777
10779
10781
10784
10786
10788
10790
10793
10795
10797
10799
10802
10804
10806
10808
10811
10813
10815
10817
10820
10860
10900
10940
10980
11020
11022
11025
11027
11030
11032
11035
11037
11040
11042
11045
11047
11049
11052
11055
11057
11059
11062
11065
11067
11070
11072
11075
11077
11080
11082
11084
11087
11090
11092
11094
11097
11100
11102
11104
11107
11110
11112
11114
11117
11120
11123
11126
11129
11132
11135
11139
11142
11145
11148
11151
11154
11158
11161
11164
11167
11170
11173
11177
11180
11183
11186
11189
11192
11196
11199
11202
11205
11208
11211
11215
11218
11221
11224
11227
11230
11234
11237
11240
11243
11246
11250
11252
11255
11257
11260
11262
11265
11267
11270
11272
11275
11277
11280
11282
11285
11287
11290
11292
11295
11297
11300
11302
11305
11307
11310
11312
11315
11317
11320
11322
11325
11327
11330
11332
11334
11337
11340
11342
11344
11347
11350
11352
11355
11358
11361
11364
11367
11370
11373
11376
11379
11382
11385
11388
11391
11394
11397
11400
11403
11406
11409
11412
11415
11418
11421
11424
11427
11430
11433
11436
11439
11442
11445
11448
11451
11454
11457
11460
11463
11466
11469
11472
11476
11479
11482
11485
11489
11492
11495
11498
11502
11505
11508
11511
11515
11518
11521
11524
11527
11531
11534
11537
11540
11544
11547
11550
11553
11557
11560
11563
11566
11570
11572
11575
11578
11580
11583
11586
11588
11591
11594
11597
11599
11602
11605
11607
11610
11613
11615
11618
11621
11624
11626
11629
11632
11634
11637
11640
11642
11645
11648
11651
11653
11656
11659
11661
11664
11667
11670
11674
11678
11682
11686
11691
11695
11699
11703
11708
11712
11716
11720
11725
11729
11733
11737
11741
11746
11750
11754
11758
11763
11767
11771
11775
11780
11787
11794
11802
11809
11817
11824
11831
11839
11846
11854
11861
11868
11876
11883
11891
11898
11905
11913
11920
11928
11935
11942
11950
11957
11965
11972
11980
11982
11984
11986
11989
11991
11993
11996
11998
12000
12003
12005
12007
12010
12012
12014
12017
12019
12021
12024
12026
12028
12031
12033
12035
12038
12040
12042
12045
12047
12049
12052
12054
12056
12059
12061
12063
12066
12068
12070
12073
12075
12077
12080
12083
12087
12090
12094
12098
12101
12105
12109
12112
12116
12120
12123
12127
12131
12134
12138
12142
12145
12149
12153
12156
12160
12164
12167
12171
12175
12178
12182
12186
12189
12193
12197
12200
12204
12208
12211
12215
12219
12222
12226
12230
12232
12235
12237
12240
12243
12245
12248
12251
12253
12256
12258
12261
12264
12266
12269
12272
12274
12277
12280
12282
12285
12287
12290
12293
12295
12298
12301
12303
12306
12308
12311
12314
12316
12319
12322
12324
12327
12330
12342
12355
12368
12380
12393
12406
12419
12431
12444
12457
12470
12472
12474
12477
12479
12481
12484
12486
12488
12491
12493
12495
12498
12500
12502
12505
12507
12509
12512
12514
12516
12519
12521
12523
12526
12528
12530
12533
12535
12537
12540
12542
12544
12547
12549
12551
12554
12556
12558
12561
12563
12565
12568
12570
12572
12575
12577
12580
12582
12585
12588
12591
12594
12597
12600
12603
12606
12609
12612
12615
12618
12621
12624
12627
12630
12633
12636
12639
12642
12645
12648
12651
12654
12657
12660
12663
12666
12669
12672
12675
12678
12681
12684
12687
12690
12693
12696
12700
12703
12706
12709
12713
12716
12720
12723
12726
12730
12733
12736
12740
12743
12746
12750
12753
12756
12760
12763
12766
12770
12773
12776
12780
12783
12786
12790
12793
12796
12800
12805
12810
12815
12820
12825
12830
12835
12840
12845
12850
12855
12860
12865
12870
12875
12880
12885
12890
12895
12900
12905
12910
12913
12917
12920
12924
12927
12931
12934
12938
12941
12945
12949
12952
12956
12959
12963
12966
12970
12973
12977
12980
12984
12988
12991
12995
12998
13002
13005
13009
13012
13016
13020
13022
13025
13028
13031
13033
13036
13039
13042
13045
13047
13050
13053
13056
13058
13061
13064
13067
13070
13072
13075
13078
13081
13083
13086
13089
13092
13094
13097
13100
13103
13106
13108
13111
13114
13117
13120
13124
13128
13132
13136
13141
13145
13149
13153
13158
13162
13166
13170
13175
13179
13183
13187
13191
13196
13200
13204
13208
13213
13217
13221
13225
13230
13233
13236
13240
13243
13247
13250
13254
13257
13261
13264
13267
13271
13274
13278
13281
13285
13288
13292
13295
13298
13302
13305
13309
13312
13316
13319
13323
13326
13330
13335
13340
13345
13350
13355
13360
13365
13370
13375
13379
13385
13390
13395
13400
13405
13410
13415
13420
13424
13430
13434
13440
13453
13467
13481
13495
13508
13522
13536
13550
13552
13555
13558
13561
13564
13567
13570
13573
13576
13579
13582
13585
13588
13591
13594
13597
13600
13602
13605
13608
13611
13614
13617
13620
13623
13626
13629
13632
13635
13638
13641
13644
13647
13650
13652
13655
13658
13661
13664
13667
13670
13673
13676
13679
13682
13685
13688
13691
13694
13697
13700
13703
13706
13709
13712
13715
13718
13721
13724
13727
13730
13733
13736
13739
13742
13745
13748
13751
13754
13757
13760
13763
13767
13770
13774
13777
13781
13785
13788
13792
13795
13799
13802
13806
13809
13813
13817
13820
13824
13827
13831
13834
13838
13842
13845
13849
13852
13856
13860
13870
13879
13889
13899
13910
13920
13930
13940
13950
13959
13969
13979
13990
14000
14010
14020
14030
14032
14035
14037
14040
14043
14045
14048
14051
14053
14056
14058
14061
14064
14066
14069
14072
14074
14077
14080
14082
14085
14087
14090
14093
14095
14098
14101
14103
14106
14108
14111
14114
14116
14119
14122
14124
14127
14130
14133
14137
14140
14144
14147
14151
14154
14158
14161
14165
14168
14172
14175
14179
14182
14186
14189
14193
14196
14200
14203
14207
14210
14214
14217
14221
14224
14228
14231
14235
14238
14242
14245
14249
14252
14256
14259
14263
14266
14270
14272
14275
14277
14280
14282
14285
14287
14290
14293
14295
14298
14300
14303
14305
14308
14311
14313
14316
14318
14321
14323
14326
14328
14331
14334
14336
14339
14341
14344
14346
14349
14352
14354
14357
14359
14362
14364
14367
14370
14374
14378
14382
14386
14390
14395
14399
14403
14407
14411
14415
14420
14424
14428
14432
14436
14440
14445
14449
14453
14457
14461
14465
14469
14474
14478
14482
14486
14490
14495
14499
14503
14507
14511
14515
14520
14522
14525
14528
14530
14533
14536
14539
14542
14544
14547
14550
14553
14555
14558
14561
14564
14566
14569
14572
14575
14577
14580
14583
14586
14588
14591
14594
14597
14599
14602
14605
14608
14610
14613
14616
14619
14621
14624
14627
14630
14650
14670
14690
14710
14730
14750
14752
14754
14757
14759
14761
14764
14766
14769
14771
14773
14776
14778
14780
14783
14785
14788
14790
14792
14795
14797
14800
14802
14804
14807
14809
14811
14814
14816
14819
14821
14823
14826
14828
14830
14833
14835
14838
14840
14842
14845
14847
14850
14853
14856
14859
14862
14865
14868
14872
14875
14878
14881
14884
14887
14890
14894
14897
14900
14903
14906
14909
14912
14916
14919
14922
14925
14928
14931
14934
14938
14941
14944
14947
14950
14953
14956
14960
14962
14965
14967
14970
14973
14975
14978
14980
14983
14986
14988
14991
14994
14996
14999
15001
15004
15007
15009
15012
15015
15017
15020
15022
15025
15028
15030
15033
15035
15038
15041
15043
15046
15049
15051
15054
15056
15059
15062
15064
15067
15070
15072
15075
15078
15081
15083
15086
15089
15092
15095
15097
15100
15103
15106
15108
15111
15114
15117
15120
15122
15125
15128
15131
15133
15136
15139
15142
15145
15147
15150
15153
15156
15158
15161
15164
15167
15170
15200
15230
15260
15290
15320
15350
15380
15410
15440
15470
15472
15474
15477
15479
15482
15484
15486
15489
15491
15494
15496
15498
15501
15503
15506
15508
15510
15513
15515
15518
15520
15522
15525
15527
15530
15532
15535
15537
15539
15542
15544
15547
15549
15551
15554
15556
15559
15561
15563
15566
15568
15571
15573
15575
15578
15580
15583
15585
15587
15590
15592
15595
15597
15600
15603
15607
15611
15615
15619
15623
15627
15630
15634
15638
15642
15646
15650
15654
15658
15661
15665
15669
15673
15677
15681
15685
15689
15692
15696
15700
15704
15708
15712
15716
15720
15722
15725
15727
15730
15733
15735
15738
15740
15743
15746
15748
15751
15754
15756
15759
15761
15764
15767
15769
15772
15775
15777
15780
15782
15785
15788
15790
15793
15795
15798
15801
15803
15806
15809
15811
15814
15816
15819
15822
15824
15827
15830
15834
15838
15842
15846
15850
15854
15858
15862
15866
15870
15874
15878
15882
15886
15890
15894
15898
15902
15906
15910
15914
15918
15922
15926
15930
15934
15938
15942
15946
15950
15954
15958
15962
15966
15970
15972
15975
15977
15980
15982
15985
15987
15990
15992
15995
15997
16000
16002
16004
16007
16009
16012
16015
16017
16020
16022
16024
16027
16030
16032
16035
16037
16040
16042
16044
16047
16049
16052
16055
16057
16059
16062
16064
16067
16070
16072
16075
16077
16079
16084
16088
16092
16097
16101
16105
16110
16114
16118
16122
16127
16131
16135
16140
16144
16148
16152
16157
16161
16165
16169
16174
16178
16182
16187
16191
16195
16200
16203
16206
16210
16213
16216
16219
16223
16226
16230
16233
16236
16239
16243
16246
16250
16253
16256
16259
16263
16266
16270
16273
16276
16279
16283
16286
16290
16293
16296
16299
16303
16306
16309
16313
16316
16319
16323
16326
16329
16332
16335
16337
16340
16343
16346
16348
16351
16354
16356
16359
16361
16364
16367
16369
16372
16375
16378
16380
16383
16386
16388
16391
16394
16396
16399
16401
16404
16407
16410
16412
16415
16418
16420
16423
16426
16428
16431
16433
16436
16439
16442
16444
16447
16450
16453
16457
16461
16465
16468
16472
16476
16480
16483
16487
16491
16495
16498
16502
16506
16509
16513
16517
16521
16525
16528
16532
16536
16540
16543
16547
16551
16555
16558
16562
16566
16570
16572
16575
16577
16580
16583
16585
16588
16591
16593
16596
16598
16601
16604
16606
16609
16612
16614
16617
16620
16622
16625
16627
16630
16633
16635
16638
16641
16643
16646
16648
16651
16654
16656
16659
16662
16664
16667
16670
16687
16705
16722
16740
16757
16775
16792
16810
16812
16814
16816
16819
16821
16823
16825
16828
16830
16832
16835
16837
16839
16841
16844
16846
16848
16850
16853
16855
16857
16860
16862
16864
16866
16869
16871
16873
16875
16878
16880
16882
16884
16887
16889
16891
16894
16896
16898
16900
16903
16905
16907
16910
16913
16916
16920
16923
16926
16930
16933
16936
16940
16943
16946
16950
16953
16956
16960
16963
16966
16970
16973
16976
16980
16983
16986
16990
16993
16996
17000
17003
17006
17009
17013
17016
17020
17022
17025
17028
17030
17033
17036
17038
17041
17044
17047
17049
17052
17055
17057
17060
17063
17065
17068
17071
17074
17076
17079
17082
17084
17087
17090
17092
17095
17098
17101
17103
17106
17109
17111
17114
17117
17120
17124
17129
17134
17139
17143
17148
17153
17158
17163
17167
17172
17177
17182
17186
17191
17196
17201
17206
17210
17215
17220
17225
17230
17232
17234
17236
17239
17241
17243
17246
17248
17250
17253
17255
17257
17260
17262
17264
17267
17269
17271
17274
17276
17278
17281
17283
17285
17288
17290
17292
17295
17297
17299
17302
17304
17306
17309
17311
17313
17316
17318
17320
17323
17325
17327
17330
17335
17340
17346
17352
17357
17363
17368
17374
17379
17384
17390
17396
17401
17407
17412
17418
17423
17429
17434
17440
17442
17445
17447
17450
17452
17455
17457
17460
17463
17465
17468
17470
17473
17475
17478
17480
17483
17486
17488
17491
17493
17496
17498
17501
17503
17506
17509
17511
17514
17516
17519
17521
17524
17526
17529
17532
17534
17537
17539
17542
17544
17547
17550
17561
17572
17583
17594
17605
17616
17627
17638
17649
17660
17671
17682
17693
17704
17715
17726
17737
17748
17759
17770
17772
17774
17777
17779
17782
17784
17787
17789
17791
17794
17796
17799
17801
17804
17806
17809
17811
17814
17816
17818
17821
17823
17826
17828
17831
17833
17836
17838
17840
17843
17845
17848
17850
17853
17855
17858
17860
17862
17865
17867
17870
17872
17875
17877
17880
17883
17887
17890
17894
17897
17901
17904
17908
17911
17915
17918
17922
17925
17929
17932
17936
17939
17943
17946
17950
17953
17957
17960
17964
17967
17971
17974
17978
17981
17985
17988
17992
17995
17999
18002
18006
18010
18012
18015
18018
18021
18024
18027
18030
18033
18036
18039
18042
18045
18048
18051
18054
18057
18060
18063
18066
18069
18072
18075
18078
18081
18084
18087
18090
18093
18096
18099
18102
18105
18108
18111
18114
18117
18120
18130
18141
18152
18163
18173
18184
18195
18206
18216
18227
18238
18249
18260
18262
18265
18267
18270
18273
18275
18278
18281
18283
18286
18288
18291
18294
18296
18299
18302
18304
18307
18310
18312
18315
18317
18320
18323
18325
18328
18331
18333
18336
18338
18341
18344
18346
18349
18352
18354
18357
18360
18362
18365
18367
18370
18372
18375
18377
18380
18383
18385
18388
18390
18393
18395
18398
18400
18403
18406
18408
18411
18413
18416
18418
18421
18423
18426
18429
18431
18434
18436
18439
18441
18444
18446
18449
18452
18454
18457
18459
18462
18464
18467
18470
18473
18476
18479
18482
18485
18488
18491
18495
18498
18501
18504
18507
18510
18514
18517
18520
18523
18526
18529
18532
18535
18539
18542
18545
18548
18551
18554
18558
18561
18564
18567
18570
18573
18576
18580
18583
18586
18590
18593
18596
18599
18603
18606
18610
18613
18616
18620
18623
18626
18630
18633
18636
18640
18643
18646
18650
18653
18656
18660
18663
18666
18670
18673
18676
18680
18683
18686
18690
18693
18697
18700
18704
18707
18711
18714
18718
18721
18725
18729
18732
18736
18739
18743
18746
18750
18753
18757
18760
18764
18768
18771
18775
18778
18782
18785
18789
18792
18796
18800
18802
18805
18808
18811
18814
18817
18820
18822
18825
18828
18831
18834
18837
18840
18842
18845
18848
18851
18854
18857
18860
18862
18865
18868
18871
18874
18877
18880
18882
18885
18888
18891
18894
18897
18900
18910
18919
18930
18939
18950
18960
18970
18980
18990
19000
19009
19020
19030
19040
19050
19060
19070
19080
19090
19100
19110
19120
19122
19125
19128
19131
19133
19136
19139
19142
19144
19147
19150
19153
19155
19158
19161
19164
19166
19169
19172
19175
19177
19180
19183
19186
19188
19191
19194
19197
19199
19202
19205
19208
19210
19213
19216
19219
19221
19224
19227
19230
19233
19237
19241
19245
19249
19253
19257
19261
19265
19269
19273
19277
19281
19285
19289
19293
19296
19300
19304
19308
19312
19316
19320
19324
19328
19332
19336
19340
19344
19348
19352
19356
19360
19362
19365
19368
19370
19373
19376
19378
19381
19384
19386
19389
19392
19394
19397
19400
19402
19405
19408
19410
19413
19416
19418
19421
19424
19426
19429
19432
19434
19437
19440
19442
19445
19448
19450
19453
19456
19458
19461
19464
19466
19469
19472
19474
19477
19480
19483
19486
19489
19492
19496
19499
19502
19505
19509
19512
19515
19518
19522
19525
19528
19531
19535
19538
19541
19544
19547
19551
19554
19557
19560
19564
19567
19570
19573
19577
19580
19583
19586
19590
19592
19595
19598
19600
19603
19606
19608
19611
19614
19616
19619
19622
19624
19627
19630
19632
19635
19638
19640
19643
19646
19649
19651
19654
19657
19659
19662
19665
19667
19670
19673
19675
19678
19681
19683
19686
19689
19691
19694
19697
19700
19830
19844
19858
19872
19886
19900
19914
19928
19942
19957
19971
19985
19999
20013
20027
20041
20055
20070
20072
20074
20076
20078
20081
20083
20085
20087
20090
20092
20094
20096
20098
20101
20103
20105
20107
20110
20112
20114
20116
20118
20121
20123
20125
20127
20130
20132
20134
20136
20138
20141
20143
20145
20147
20150
20152
20154
20156
20158
20161
20163
20165
20167
20170
20172
20174
20176
20178
20181
20183
20185
20187
20190
20192
20195
20197
20200
20203
20205
20208
20210
20213
20216
20218
20221
20224
20226
20229
20231
20234
20237
20239
20242
20245
20247
20250
20252
20255
20258
20260
20263
20265
20268
20271
20273
20276
20279
20281
20284
20286
20289
20292
20294
20297
20300
20302
20305
20308
20311
20313
20316
20319
20322
20325
20327
20330
20333
20336
20338
20341
20344
20347
20350
20352
20355
20358
20361
20363
20366
20369
20372
20375
20377
20380
20383
20386
20388
20391
20394
20397
20400
20459
20520
20580
20582
20584
20586
20589
20591
20593
20596
20598
20600
20602
20605
20607
20609
20612
20614
20616
20618
20621
20623
20625
20628
20630
20632
20634
20637
20639
20641
20644
20646
20648
20651
20653
20655
20657
20660
20662
20664
20667
20669
20671
20673
20676
20678
20680
20683
20685
20687
20690
20711
20733
20755
20776
20798
20820
20822
20824
20826
20828
20830
20833
20835
20837
20839
20841
20843
20846
20848
20850
20852
20854
20856
20859
20861
20863
20865
20867
20870
20872
20874
20876
20878
20880
20883
20885
20887
20889
20891
20893
20896
20898
20900
20902
20904
20906
20909
20911
20913
20915
20917
20920
20923
20926
20929
20932
20935
20938
20941
20944
20947
20950
20953
20956
20959
20962
20965
20968
20971
20975
20978
20981
20984
20987
20990
20993
20996
20999
21002
21005
21008
21011
21014
21017
21020
21023
21026
21030
21033
21036
21040
21043
21046
21050
21053
21056
21060
21063
21066
21070
21073
21076
21080
21083
21086
21090
21093
21096
21100
21103
21106
21110
21113
21116
21119
21123
21126
21130
21133
21136
21140
21143
21146
21150
21153
21156
21160
21163
21166
21169
21173
21176
21180
21183
21186
21189
21193
21196
21200
21203
21206
21209
21213
21216
21220
21223
21226
21229
21233
21236
21240
21255
21270
21286
21301
21317
21332
21348
21363
21379
21394
21410
21412
21414
21416
21418
21420
21422
21425
21427
21429
21431
21433
21435
21438
21440
21442
21444
21446
21448
21450
21453
21455
21457
21459
21461
21463
21466
21468
21470
21472
21474
21476
21479
21481
21483
21485
21487
21489
21491
21494
21496
21498
21500
21502
21504
21507
21509
21511
21513
21515
21517
21520
21524
21529
21533
21538
21542
21547
21551
21556
21560
21565
21569
21574
21578
21583
21587
21592
21596
21601
21605
21610
21614
21619
21623
21628
21632
21637
21641
21646
21650
21655
21660
21662
21664
21666
21668
21670
21672
21674
21676
21678
21680
21682
21684
21686
21688
21690
21692
21694
21696
21698
21700
21702
21704
21706
21708
21710
21712
21715
21717
21719
21721
21723
21725
21727
21729
21731
21733
21735
21737
21739
21741
21743
21745
21747
21749
21751
21753
21755
21757
21759
21761
21763
21765
21767
21770
21774
21778
21782
21786
21790
21794
21798
21802
21806
21810
21814
21818
21822
21826
21830
21834
21838
21842
21846
21850
21854
21858
21862
21866
21870
21874
21878
21882
21886
21890
21892
21894
21897
21899
21902
21904
21907
21909
21912
21914
21916
21919
21921
21924
21926
21929
21931
21934
21936
21938
21941
21943
21946
21948
21951
21953
21956
21958
21960
21963
21965
21968
21970
21973
21975
21978
21980
21982
21985
21987
21990
21992
21995
21997
22000
22004
22008
22012
22016
22020
22024
22028
22032
22037
22041
22045
22049
22053
22057
22061
22065
22070
22074
22078
22082
22086
22090
22094
22098
22102
22107
22111
22115
22119
22123
22127
22131
22135
22140
22142
22145
22147
22150
22153
22155
22158
22160
22163
22166
22168
22171
22174
22176
22179
22181
22184
22187
22189
22192
22195
22197
22200
22202
22205
22208
22210
22213
22215
22218
22221
22223
22226
22229
22231
22234
22236
22239
22242
22244
22247
22250
22256
22262
22269
22275
22282
22288
22295
22301
22308
22314
22321
22327
22334
22340
22347
22353
22360
22366
22373
22379
22386
22392
22399
22405
22412
22418
22425
22431
22438
22444
22451
22457
22464
22470
22477
22483
22490
22492
22495
22498
22500
22503
22506
22508
22511
22514
22517
22519
22522
22525
22527
22530
22533
22535
22538
22541
22544
22546
22549
22552
22554
22557
22560
22562
22565
22568
22571
22573
22576
22579
22581
22584
22587
22590
22593
22596
22600
22603
22606
22610
22613
22616
22620
22623
22626
22630
22633
22636
22640
22643
22646
22650
22653
22656
22660
22663
22666
22669
22673
22676
22680
22683
22686
22689
22693
22696
22700
22703
22706
22709
22713
22716
22720
22723
22726
22729
22733
22736
22740
22742
22744
22746
22749
22751
22753
22756
22758
22760
22763
22765
22767
22770
22772
22774
22777
22779
22781
22784
22786
22788
22791
22793
22795
22798
22800
22802
22805
22807
22809
22812
22814
22816
22819
22821
22823
22826
22828
22830
22833
22835
22837
22840
22847
22855
22863
22870
22878
22886
22894
22901
22909
22917
22924
22932
22940
22948
22955
22963
22971
22978
22986
22994
23002
23009
23017
23025
23032
23040
23048
23056
23063
23071
23079
23086
23094
23102
23110
23112
23114
23116
23118
23121
23123
23125
23127
23130
23132
23134
23136
23139
23141
23143
23145
23148
23150
23152
23154
23157
23159
23161
23163
23166
23168
23170
23172
23175
23177
23179
23181
23184
23186
23188
23190
23193
23195
23197
23199
23202
23204
23206
23208
23211
23213
23215
23217
23220
23224
23229
23234
23238
23243
23247
23252
23257
23262
23266
23271
23276
23280
23285
23290
23294
23299
23304
23308
23313
23317
23322
23327
23332
23336
23341
23346
23350
23355
23360
23362
23364
23366
23368
23371
23373
23375
23377
23380
23382
23384
23386
23389
23391
23393
23395
23398
23400
23402
23404
23407
23409
23411
23413
23416
23418
23420
23422
23425
23427
23429
23431
23434
23436
23438
23440
23443
23445
23447
23449
23452
23454
23456
23458
23461
23463
23465
23467
23470
23474
23478
23482
23487
23491
23495
23500
23504
23508
23512
23517
23521
23525
23530
23534
23538
23542
23547
23551
23555
23560
23564
23568
23572
23577
23581
23585
23590
23592
23594
23597
23599
23601
23604
23606
23608
23611
23613
23615
23618
23620
23622
23625
23627
23629
23632
23634
23636
23639
23641
23643
23646
23648
23650
23653
23655
23657
23660
23662
23664
23667
23669
23671
23674
23676
23678
23681
23683
23685
23688
23690
23692
23695
23697
23700
23708
23716
23724
23732
23740
23748
23756
23764
23772
23780
23788
23796
23804
23812
23820
23829
23837
23845
23853
23861
23869
23877
23885
23893
23901
23909
23917
23925
23933
23941
23950
23952
23954
23957
23959
23961
23964
23966
23969
23971
23973
23976
23978
23981
23983
23985
23988
23990
23993
23995
23997
24000
24002
24005
24007
24009
24012
24014
24016
24019
24021
24024
24026
24028
24031
24033
24036
24038
24040
24043
24045
24048
24050
24052
24055
24057
24060
24064
24069
24073
24078
24083
24087
24092
24097
24101
24106
24111
24115
24120
24125
24129
24134
24138
24143
24148
24152
24157
24162
24166
24171
24176
24180
24185
24190
24192
24195
24197
24200
24202
24205
24207
24210
24212
24215
24217
24220
24222
24225
24227
24230
24232
24235
24237
24240
24242
24245
24247
24250
24252
24255
24257
24260
24262
24265
24267
24270
24272
24275
24277
24280
24282
24285
24287
24290
24292
24295
24297
24300
24308
24316
24324
24332
24340
24348
24356
24365
24373
24381
24389
24397
24405
24413
24421
24430
24438
24446
24454
24462
24470
24478
24486
24494
24503
24511
24519
24527
24535
24543
24551
24560
24562
24564
24567
24570
24572
24575
24577
24580
24582
24585
24587
24590
24592
24595
24597
24599
24602
24605
24607
24610
24612
24615
24617
24620
24622
24625
24627
24630
24632
24634
24637
24640
24642
24645
24647
24650
24652
24655
24657
24660
24663
24667
24671
24674
24678
24682
24685
24689
24693
24696
24700
24704
24707
24711
24715
24718
24722
24726
24730
24733
24737
24741
24744
24748
24752
24755
24759
24763
24766
24770
24774
24777
24781
24785
24788
24792
24796
24800
24805
24811
24816
24822
24827
24833
24839
24844
24850
24855
24861
24866
24872
24878
24883
24889
24894
24900
24906
24911
24917
24922
24928
24933
24939
24945
24950
24956
24961
24967
24973
24978
24984
24989
24995
25000
25006
25012
25017
25023
25028
25034
25040
25042
25045
25047
25050
25052
25055
25057
25060
25063
25065
25068
25070
25073
25075
25078
25081
25083
25086
25088
25091
25093
25096
25098
25101
25104
25106
25109
25111
25114
25116
25119
25122
25124
25127
25129
25132
25134
25137
25140
25144
25148
25152
25156
25160
25164
25168
25172
25176
25180
25184
25188
25192
25196
25200
25204
25208
25212
25216
25220
25224
25228
25232
25236
25240
25244
25248
25252
25256
25260
25264
25268
25272
25276
25280
25282
25284
25286
25289
25291
25293
25296
25298
25300
25303
25305
25307
25310
25312
25314
25317
25319
25321
25324
25326
25328
25331
25333
25335
25338
25340
25342
25345
25347
25349
25352
25354
25356
25359
25361
25363
25366
25368
25370
25373
25375
25377
25380
25384
25388
25392
25396
25401
25405
25409
25413
25418
25422
25426
25430
25435
25439
25443
25447
25452
25456
25460
25464
25469
25473
25477
25481
25486
25490
25494
25498
25503
25507
25511
25515
25520
25522
25525
25527
25530
25532
25535
25537
25540
25543
25545
25548
25550
25553
25555
25558
25561
25563
25566
25568
25571
25573
25576
25578
25581
25584
25586
25589
25591
25594
25596
25599
25602
25604
25607
25609
25612
25614
25617
25620
25623
25627
25631
25635
25639
25643
25647
25651
25655
25659
25663
25667
25671
25675
25679
25683
25686
25690
25694
25698
25702
25706
25710
25714
25718
25722
25726
25730
25734
25738
25742
25746
25750
25752
25755
25757
25760
25763
25765
25768
25771
25773
25776
25778
25781
25784
25786
25789
25792
25794
25797
25800
25802
25805
25807
25810
25813
25815
25818
25821
25823
25826
25828
25831
25834
25836
25839
25842
25844
25847
25850
25853
25857
25860
25864
25867
25871
25874
25878
25881
25885
25888
25892
25895
25899
25902
25906
25909
25913
25916
25920
25923
25927
25930
25934
25937
25941
25944
25948
25951
25955
25958
25962
25965
25968
25972
25976
25979
25982
25986
25990
25996
26002
26008
26014
26020
26026
26032
26038
26044
26050
26057
26063
26069
26075
26081
26087
26093
26099
26105
26111
26118
26124
26130
26136
26142
26148
26154
26160
26166
26172
26179
26185
26191
26197
26203
26209
26215
26221
26227
26233
26240
26241
26244
26246
26247
26250
26252
26253
26256
26258
26259
26262
26264
26266
26267
26270
26272
26273
26276
26278
26279
26282
26284
26285
26288
26290
26291
26294
26296
26298
26300
26302
26304
26306
26308
26310
26312
26314
26316
26317
26320
26322
26323
26326
26328
26330
26332
26334
26336
26338
26340
26345
26351
26356
26362
26368
26373
26379
26385
26390
26396
26402
26407
26413
26419
26424
26430
26436
26441
26447
26453
26458
26464
26470
26472
26474
26477
26479
26481
26484
26486
26488
26491
26493
26495
26498
26500
26502
26505
26507
26509
26512
26514
26516
26519
26521
26523
26526
26528
26530
26533
26535
26537
26540
26542
26544
26547
26549
26551
26554
26556
26558
26561
26563
26565
26568
26570
26572
26575
26577
26580
26583
26587
26590
26594
26597
26601
26604
26608
26611
26615
26619
26622
26626
26629
26633
26636
26640
26643
26647
26650
26654
26658
26661
26665
26668
26672
26675
26679
26682
26686
26690
26727
26765
26802
26840
26842
26844
26846
26848
26850
26852
26854
26856
26859
26861
26863
26865
26867
26869
26871
26873
26875
26878
26880
26882
26884
26886
26888
26890
26892
26895
26897
26899
26901
26903
26905
26907
26909
26911
26914
26916
26918
26920
26922
26924
26926
26928
26930
26933
26935
26937
26939
26941
26943
26945
26947
26950
26954
26958
26963
26967
26971
26976
26980
26984
26988
26993
26997
27002
27006
27010
27015
27019
27023
27028
27032
27036
27040
27045
27049
27054
27058
27062
27067
27071
27075
27080
27082
27084
27087
27090
27092
27095
27097
27099
27102
27105
27107
27110
27112
27115
27117
27120
27122
27125
27127
27130
27132
27134
27137
27140
27142
27145
27147
27150
27152
27155
27157
27160
27162
27165
27167
27170
27172
27175
27177
27180
27182
27185
27187
27190
27193
27196
27199
27202
27206
27209
27212
27215
27219
27222
27225
27228
27232
27235
27238
27241
27245
27248
27251
27254
27258
27261
27264
27267
27271
27274
27277
27280
27284
27287
27290
27293
27297
27300
27303
27306
27310
27316
27322
27329
27335
27342
27348
27354
27361
27367
27374
27380
27386
27393
27399
27406
27412
27418
27425
27431
27438
27444
27451
27457
27463
27470
27476
27483
27489
27495
27502
27508
27515
27521
27527
27534
27540
27547
27553
27560
27562
27565
27567
27570
27572
27575
27577
27580
27583
27585
27588
27590
27593
27595
27598
27601
27603
27606
27608
27611
27613
27616
27618
27621
27624
27626
27629
27631
27634
27636
27639
27642
27644
27647
27649
27652
27654
27657
27660
27663
27667
27671
27675
27678
27682
27686
27690
27694
27697
27701
27705
27709
27712
27716
27720
27724
27728
27731
27735
27739
27743
27747
27750
27754
27758
27762
27765
27769
27773
27777
27781
27784
27788
27792
27796
27800
27802
27805
27808
27811
27814
27817
27820
27822
27825
27828
27831
27834
27837
27840
27842
27845
27848
27851
27854
27857
27860
27862
27865
27868
27871
27874
27877
27880
27882
27885
27888
27891
27894
27897
27900
27904
27908
27912
27916
27920
27924
27928
27932
27936
27940
27944
27948
27952
27957
27961
27965
27969
27973
27977
27981
27985
27989
27993
27997
28001
28005
28010
28022
28035
28048
28060
28073
28086
28099
28111
28124
28137
28150
28152
28154
28156
28159
28161
28163
28166
28168
28170
28172
28175
28177
28179
28182
28184
28186
28188
28191
28193
28195
28198
28200
28202
28205
28207
28209
28211
28214
28216
28218
28221
28223
28225
28227
28230
28232
28234
28237
28239
28241
28243
28246
28248
28250
28253
28255
28257
28260
28265
28270
28275
28280
28285
28291
28296
28301
28306
28311
28317
28322
28327
28332
28337
28342
28348
28353
28358
28363
28368
28374
28379
28384
28389
28394
28400
28402
28404
28406
28408
28411
28413
28415
28417
28420
28422
28424
28426
28429
28431
28433
28435
28438
28440
28442
28444
28447
28449
28451
28453
28456
28458
28460
28462
28465
28467
28469
28471
28474
28476
28478
28480
28483
28485
28487
28489
28492
28494
28496
28498
28501
28503
28505
28507
28510
28514
28518
28522
28526
28530
28535
28539
28543
28547
28551
28556
28560
28564
28568
28572
28577
28581
28585
28589
28593
28598
28602
28606
28610
28614
28619
28623
28627
28631
28635
28640
28643
28646
28650
28653
28656
28660
28663
28666
28670
28673
28676
28680
28683
28686
28690
28693
28696
28700
28703
28706
28710
28713
28716
28720
28723
28726
28730
28733
28736
28740
28743
28746
28750
28753
28756
28760
28763
28766
28770
28773
28776
28780
28782
28785
28787
28790
28792
28795
28797
28800
28803
28805
28808
28810
28813
28815
28818
28820
28823
28826
28828
28831
28833
28836
28838
28841
28843
28846
28849
28851
28854
28856
28859
28861
28864
28866
28869
28872
28874
28877
28879
28882
28884
28887
28890
28893
28896
28899
28903
28906
28909
28912
28916
28919
28922
28925
28929
28932
28935
28938
28942
28945
28948
28951
28955
28958
28961
28964
28968
28971
28974
28977
28981
28984
28987
28990
28994
28997
29000
29003
29006
29010
29013
29016
29020
29022
29025
29027
29030
29032
29035
29037
29040
29042
29045
29048
29050
29053
29055
29058
29060
29063
29065
29068
29071
29073
29076
29078
29081
29083
29086
29088
29091
29094
29096
29099
29101
29104
29106
29109
29111
29114
29117
29119
29122
29124
29127
29129
29132
29134
29137
29140
29143
29146
29150
29153
29157
29160
29164
29167
29170
29174
29177
29181
29184
29188
29191
29194
29198
29201
29205
29208
29212
29215
29218
29222
29225
29229
29232
29236
29239
29242
29246
29249
29253
29256
29260
29262
29265
29267
29270
29272
29275
29277
29280
29283
29285
29288
29290
29293
29295
29298
29301
29303
29306
29308
29311
29313
29316
29318
29321
29324
29326
29329
29331
29334
29336
29339
29342
29344
29347
29349
29352
29354
29357
29360
29363
29367
29371
29375
29379
29383
29387
29391
29395
29399
29403
29407
29411
29415
29419
29423
29426
29430
29434
29438
29442
29446
29450
29454
29458
29462
29466
29470
29474
29478
29482
29486
29490
29496
29502
29508
29515
29521
29527
29534
29540
29546
29553
29559
29565
29572
29578
29584
29591
29597
29603
29610
29616
29622
29628
29635
29641
29647
29654
29660
29666
29673
29679
29685
29692
29698
29704
29711
29717
29723
29730
29732
29735
29738
29740
29743
29746
29748
29751
29754
29757
29759
29762
29765
29767
29770
29773
29775
29778
29781
29784
29786
29789
29792
29794
29797
29800
29802
29805
29808
29811
29813
29816
29819
29821
29824
29827
29830
29833
29836
29840
29843
29846
29849
29853
29856
29860
29863
29866
29869
29873
29876
29880
29883
29886
29889
29893
29896
29900
29903
29906
29910
29913
29916
29919
29923
29926
29930
29933
29936
29939
29943
29946
29950
29953
29956
29959
29963
29966
29970
