7
14
22
29
36
44
51
58
66
73
80
88
95
102
110
114
118
122
126
130
134
138
142
146
150
154
158
162
166
169
174
178
182
186
190
194
198
202
206
210
213
217
221
225
229
233
237
241
245
249
253
257
261
265
268
272
276
280
284
288
292
296
300
304
308
312
316
320
324
329
333
338
342
347
351
356
360
365
370
374
379
383
388
392
397
401
406
410
415
420
425
430
435
440
445
450
455
460
465
470
475
480
485
490
495
500
505
510
515
520
525
530
537
545
553
560
568
576
583
591
599
606
614
622
630
637
645
653
661
669
677
685
692
700
708
716
724
732
740
753
766
779
792
804
818
831
844
857
870
876
882
888
894
900
906
912
918
925
931
937
943
949
955
961
967
973
980
987
994
1002
1009
1016
1024
1031
1038
1046
1053
1060
1068
1075
1082
1090
1096
1102
1108
1115
1121
1127
1133
1140
1146
1152
1158
1165
1171
1177
1183
1190
1195
1201
1206
1212
1217
1222
1228
1234
1239
1245
1250
1256
1261
1267
1272
1278
1283
1289
1294
1300
1309
1318
1327
1336
1345
1354
1363
1372
1381
1390
1400
1411
1422
1432
1444
1455
1466
1476
1488
1499
1510
1514
1519
1524
1529
1533
1538
1543
1548
1553
1557
1562
1567
1572
1576
1581
1586
1591
1596
1600
1605
1610
1615
1620
1625
1631
1636
1642
1648
1653
1659
1665
1670
1676
1682
1687
1693
1699
1704
1710
1716
1721
1727
1733
1738
1744
1750
1755
1760
1765
1770
1775
1780
1785
1790
1795
1800
1805
1810
1815
1820
1825
1830
1835
1840
1845
1850
1855
1860
1865
1870
1874
1878
1883
1887
1892
1896
1900
1905
1909
1914
1918
1922
1927
1931
1936
1940
1944
1949
1953
1958
1962
1966
1971
1975
1980
1985
1990
1996
2001
2007
2013
2018
2024
2029
2035
2040
2045
2051
2057
2062
2068
2073
2078
2084
2090
2096
2102
2108
2114
2121
2127
2133
2139
2146
2152
2158
2165
2171
2177
2183
2190
2196
2202
2209
2215
2222
2228
2235
2241
2248
2254
2261
2267
2274
2280
2287
2293
2300
2304
2308
2312
2316
2320
2324
2329
2333
2337
2341
2345
2349
2354
2358
2362
2366
2370
2375
2379
2383
2387
2391
2395
2400
2403
2407
2411
2415
2419
2423
2427
2430
2434
2438
2442
2446
2450
2454
2458
2461
2465
2469
2473
2477
2481
2485
2489
2492
2496
2500
2504
2508
2512
2516
2520
2523
2527
2530
2534
2537
2541
2545
2548
2552
2555
2559
2562
2566
2570
2573
2577
2580
2584
2587
2591
2595
2598
2602
2605
2609
2612
2616
2620
2624
2629
2634
2639
2643
2648
2653
2658
2663
2667
2672
2677
2682
2686
2691
2696
2701
2706
2710
2715
2720
2725
2730
2733
2737
2740
2744
2747
2751
2754
2758
2761
2765
2769
2772
2776
2779
2783
2786
2790
2793
2797
2800
2804
2808
2811
2815
2818
2822
2825
2829
2832
2836
2840
2844
2848
2852
2856
2860
2864
2868
2872
2876
2880
2884
2888
2892
2896
2900
2904
2908
2912
2916
2920
2924
2928
2932
2936
2940
2943
2947
2951
2954
2958
2961
2965
2969
2973
2976
2980
2984
2987
2991
2995
2998
3002
3006
3009
3013
3017
3020
3024
3028
3031
3035
3038
3042
3046
3050
3055
3061
3066
3072
3077
3082
3088
3094
3099
3105
3110
3116
3121
3127
3132
3138
3143
3149
3154
3160
3164
3168
3173
3177
3182
3186
3190
3195
3199
3204
3208
3212
3217
3221
3226
3230
3234
3239
3243
3248
3252
3256
3261
3265
3270
3273
3276
3280
3283
3287
3290
3294
3297
3301
3304
3307
3311
3314
3318
3321
3325
3328
3332
3335
3338
3342
3345
3349
3352
3356
3359
3363
3366
3370
3374
3378
3382
3387
3391
3395
3400
3404
3408
3412
3417
3421
3425
3430
3434
3438
3442
3447
3451
3455
3460
3464
3468
3472
3477
3481
3485
3490
3493
3497
3501
3505
3509
3513
3517
3520
3524
3528
3532
3536
3540
3544
3548
3551
3555
3559
3563
3567
3571
3575
3579
3582
3586
3590
3594
3598
3602
3606
3610
3614
3618
3623
3627
3631
3636
3640
3644
3649
3653
3657
3662
3666
3670
3675
3679
3683
3688
3692
3696
3701
3705
3710
3713
3717
3720
3724
3727
3731
3734
3738
3741
3745
3749
3752
3756
3759
3763
3766
3770
3773
3777
3780
3784
3788
3791
3795
3798
3802
3805
3809
3812
3816
3820
3823
3827
3830
3834
3837
3841
3844
3848
3852
3855
3859
3862
3866
3870
3873
3877
3880
3884
3887
3891
3895
3898
3902
3905
3909
3912
3916
3920
3923
3927
3930
3934
3937
3941
3944
3948
3951
3955
3959
3962
3966
3969
3973
3976
3980
3983
3987
3990
3994
3998
4001
4005
4008
4012
4015
4019
4022
4026
4030
4033
4036
4040
4043
4047
4050
4054
4057
4061
4064
4067
4071
4074
4078
4081
4085
4088
4092
4095
4098
4102
4105
4109
4112
4116
4119
4123
4126
4130
4132
4135
4138
4141
4144
4146
4149
4152
4155
4158
4161
4163
4166
4169
4172
4175
4177
4180
4183
4186
4189
4192
4194
4197
4200
4203
4206
4208
4211
4214
4217
4220
4223
4225
4228
4231
4234
4237
4240
4244
4249
4254
4259
4263
4268
4273
4278
4283
4287
4292
4297
4302
4306
4311
4316
4321
4326
4330
4335
4340
4345
4350
4352
4355
4357
4360
4363
4365
4368
4371
4373
4376
4378
4381
4384
4386
4389
4392
4394
4397
4399
4402
4405
4407
4410
4413
4415
4418
4421
4423
4426
4428
4431
4434
4436
4439
4442
4444
4447
4450
4454
4458
4462
4466
4470
4474
4478
4482
4486
4490
4494
4498
4502
4507
4511
4515
4519
4523
4527
4531
4535
4539
4543
4547
4551
4555
4560
4563
4567
4570
4574
4577
4581
4585
4588
4592
4595
4599
4602
4606
4609
4613
4617
4620
4624
4627
4631
4635
4638
4642
4645
4649
4652
4656
4660
4665
4671
4677
4683
4688
4694
4700
4706
4712
4717
4723
4729
4735
4741
4746
4752
4758
4764
4770
4776
4782
4788
4795
4801
4807
4813
4820
4826
4832
4838
4845
4851
4857
4863
4870
4875
4880
4885
4890
4895
4900
4905
4910
4915
4920
4925
4930
4935
4940
4945
4950
4955
4960
4965
4970
4975
4980
4985
4990
4996
5001
5007
5012
5017
5023
5028
5034
5039
5045
5050
5055
5061
5066
5072
5077
5082
5088
5093
5099
5104
5110
5114
5119
5124
5129
5133
5138
5143
5148
5152
5157
5162
5167
5171
5176
5181
5186
5190
5195
5200
5205
5210
5215
5220
5226
5231
5237
5242
5248
5253
5259
5264
5270
5275
5280
5286
5291
5297
5302
5308
5313
5319
5324
5330
5333
5337
5341
5345
5349
5353
5356
5360
5364
5368
5372
5376
5380
5383
5387
5391
5395
5399
5403
5406
5410
5414
5418
5422
5426
5430
5434
5438
5442
5446
5450
5454
5458
5462
5466
5470
5474
5478
5482
5487
5491
5495
5499
5503
5507
5511
5515
5519
5523
5527
5531
5535
5540
5546
5552
5558
5564
5571
5577
5583
5590
5596
5602
5608
5615
5621
5627
5633
5640
5644
5648
5653
5657
5662
5666
5670
5675
5679
5684
5688
5692
5697
5701
5705
5710
5714
5719
5723
5728
5732
5736
5741
5745
5750
5757
5765
5772
5780
5787
5795
5802
5810
5817
5825
5832
5840
5847
5855
5862
5870
5875
5880
5885
5890
5896
5901
5906
5911
5917
5922
5927
5932
5938
5943
5948
5953
5959
5964
5969
5974
5980
5985
5990
5995
6000
6006
6011
6016
6021
6027
6032
6037
6042
6048
6053
6058
6063
6069
6074
6079
6084
6090
6093
6096
6099
6102
6106
6109
6112
6115
6119
6122
6125
6128
6131
6135
6138
6141
6144
6148
6151
6154
6157
6160
6164
6167
6170
6173
6177
6180
6183
6186
6190
6194
6198
6202
6206
6210
6214
6218
6223
6227
6231
6235
6239
6243
6247
6252
6256
6260
6264
6268
6272
6276
6281
6285
6289
6293
6297
6301
6305
6310
6318
6326
6334
6342
6350
6358
6366
6375
6383
6391
6399
6407
6415
6423
6431
6440
6445
6450
6455
6460
6466
6471
6476
6481
6487
6492
6497
6502
6508
6513
6518
6523
6529
6534
6539
6544
6550
6554
6559
6563
6568
6572
6577
6581
6586
6590
6595
6600
6604
6609
6613
6618
6622
6627
6631
6636
6640
6645
6650
6653
6657
6660
6664
6667
6671
6674
6678
6681
6685
6689
6692
6696
6699
6703
6706
6710
6713
6717
6720
6724
6728
6731
6735
6738
6742
6745
6749
6752
6756
6760
6765
6771
6776
6782
6787
6793
6798
6804
6809
6814
6820
6826
6831
6837
6842
6848
6853
6859
6864
6870
6873
6877
6880
6884
6888
6891
6895
6899
6902
6906
6910
6913
6917
6920
6924
6928
6931
6935
6939
6942
6946
6950
6953
6957
6960
6964
6968
6971
6975
6979
6982
6986
6990
6993
6996
6999
7002
7005
7008
7012
7015
7018
7021
7024
7027
7030
7034
7037
7040
7043
7046
7049
7052
7056
7059
7062
7065
7068
7071
7074
7077
7081
7084
7087
7090
7093
7096
7100
7103
7106
7110
7113
7117
7120
7124
7127
7131
7134
7137
7141
7144
7148
7151
7155
7158
7162
7165
7168
7172
7175
7179
7182
7186
7189
7193
7196
7200
7203
7207
7211
7215
7219
7223
7227
7231
7235
7239
7243
7247
7251
7255
7258
7262
7266
7270
7274
7278
7282
7286
7290
7294
7298
7302
7306
7310
7313
7316
7319
7322
7326
7329
7332
7335
7339
7342
7345
7348
7351
7355
7358
7361
7364
7368
7371
7374
7377
7380
7384
7387
7390
7393
7397
7400
7403
7406
7410
7416
7422
7428
7434
7440
7446
7452
7458
7465
7471
7477
7483
7489
7495
7501
7507
7513
7520
7523
7526
7529
7533
7536
7540
7543
7546
7550
7553
7556
7560
7563
7566
7570
7573
7576
7580
7583
7586
7590
7593
7596
7600
7603
7606
7610
7613
7616
7620
7625
7631
7636
7642
7648
7653
7659
7665
7670
7676
7682
7687
7693
7699
7704
7710
7716
7721
7727
7733
7738
7744
7750
7757
7765
7772
7780
7788
7795
7803
7811
7818
7826
7834
7841
7849
7857
7864
7872
7880
7888
7896
7904
7912
7920
7928
7936
7944
7952
7960
7968
7976
7984
7992
8000
8008
8016
8025
8033
8042
8050
8059
8067
8076
8084
8093
8101
8109
8118
8125
8134
8141
8150
8157
8166
8173
8182
8189
8198
8206
8214
8222
8230
8234
8238
8242
8246
8250
8254
8258
8263
8267
8271
8275
8279
8283
8287
8292
8296
8300
8304
8308
8312
8316
8321
8325
8329
8333
8337
8341
8345
8350
8352
8355
8358
8361
8363
8366
8369
8372
8375
8377
8380
8383
8386
8388
8391
8394
8397
8399
8402
8405
8408
8411
8413
8416
8419
8422
8424
8427
8430
8433
8436
8438
8441
8444
8447
8450
8454
8458
8462
8466
8470
8474
8478
8482
8486
8490
8494
8498
8502
8507
8511
8515
8519
8523
8527
8531
8535
8539
8543
8547
8551
8555
8560
8563
8567
8571
8574
8578
8582
8585
8589
8593
8597
8600
8604
8608
8611
8615
8619
8622
8626
8630
8634
8637
8641
8645
8648
8652
8656
8660
8663
8667
8671
8674
8678
8682
8685
8689
8693
8696
8700
8704
8707
8711
8715
8718
8722
8726
8729
8733
8737
8740
8744
8748
8751
8755
8759
8762
8766
8770
8774
8778
8782
8786
8790
8795
8799
8803
8807
8811
8815
8820
8824
8828
8832
8836
8840
8844
8849
8853
8857
8861
8865
8870
8873
8877
8881
8884
8888
8892
8895
8899
8902
8906
8910
8914
8917
8921
8925
8928
8932
8936
8939
8943
8947
8950
8954
8958
8961
8965
8969
8972
8976
8980
8984
8988
8993
8997
9002
9006
9010
9015
9019
9024
9028
9032
9037
9041
9046
9050
9054
9059
9063
9068
9072
9076
9081
9085
9090
9095
9100
9105
9110
9115
9120
9125
9129
9135
9140
9145
9150
9155
9160
9165
9170
9174
9180
9184
9190
9194
9198
9202
9206
9210
9214
9218
9222
9226
9230
9234
9238
9242
9247
9251
9255
9259
9263
9267
9271
9275
9279
9283
9287
9291
9295
9300
9304
9308
9312
9316
9320
9324
9328
9332
9336
9340
9344
9348
9352
9356
9360
9364
9368
9372
9376
9380
9384
9388
9392
9396
9400
9405
9410
9415
9420
9426
9431
9436
9441
9447
9452
9457
9462
9468
9473
9478
9483
9489
9494
9499
9504
9510
9513
9517
9520
9524
9527
9531
9534
9538
9541
9545
9549
9552
9556
9559
9563
9566
9570
9573
9577
9580
9584
9588
9591
9595
9598
9602
9605
9609
9612
9616
9620
9624
9628
9633
9637
9642
9646
9651
9655
9660
9664
9669
9673
9678
9682
9687
9691
9696
9700
9705
9709
9714
9718
9723
9727
9732
9736
9741
9745
9750
9753
9756
9760
9763
9767
9770
9774
9777
9780
9784
9787
9791
9794
9798
9801
9805
9808
9811
9815
9818
9822
9825
9829
9832
9835
9839
9842
9846
9849
9853
9856
9860
9863
9867
9871
9874
9878
9882
9885
9889
9893
9897
9900
9904
9908
9911
9915
9919
9922
9926
9930
9934
9937
9941
9945
9948
9952
9956
9960
9964
9968
9973
9977
9982
9986
9990
9995
9999
10004
10008
10012
10017
10021
10026
10030
10034
10039
10043
10048
10052
10056
10061
10065
10070
10075
10080
10085
10090
10095
10100
10105
10110
10115
10120
10125
10130
10135
10140
10145
10150
10155
10160
10165
10170
10178
10187
10195
10204
10212
10221
10230
10238
10247
10255
10264
10272
10281
10290
10297
10305
10313
10321
10329
10337
10344
10352
10360
10368
10376
10384
10392
10400
10408
10417
10425
10434
10442
10451
10460
10468
10477
10485
10494
10502
10511
10520
10526
10533
10540
10546
10553
10559
10566
10573
10580
10586
10593
10600
10606
10613
10620
10625
10630
10635
10640
10646
10651
10656
10661
10667
10672
10677
10682
10688
10693
10698
10703
10709
10714
10719
10724
10730
10742
10755
10768
10780
10793
10806
10819
10831
10844
10857
10870
10877
10885
10893
10901
10909
10917
10924
10932
10940
10948
10956
10964
10972
10980
10985
10991
10997
11003
11008
11014
11020
11026
11032
11037
11043
11049
11055
11061
11066
11072
11078
11084
11090
11099
11108
11117
11126
11135
11144
11153
11162
11171
11180
11190
11198
11206
11214
11222
11230
11238
11246
11254
11262
11270
11278
11286
11294
11302
11310
11412
11515
11617
11720
11723
11727
11730
11734
11738
11741
11745
11749
11752
11756
11760
11763
11767
11771
11774
11778
11782
11785
11789
11793
11796
11800
11804
11807
11811
11815
11818
11822
11826
11829
11833
11837
11840
11844
11848
11851
11855
11859
11862
11866
11870
11873
11876
11879
11883
11886
11889
11893
11896
11900
11903
11906
11910
11913
11916
11920
11923
11926
11930
11933
11936
11940
11943
11946
11950
11953
11956
11960
11963
11966
11970
11973
11976
11980
11983
11987
11991
11995
11998
12002
12006
12010
12014
12017
12021
12025
12029
12033
12036
12040
12044
12048
12052
12055
12059
12063
12067
12071
12074
12078
12082
12086
12090
12094
12097
12102
12106
12110
12113
12118
12122
12126
12129
12134
12138
12142
12145
12150
12154
12158
12161
12166
12170
12174
12177
12182
12186
12190
12193
12197
12201
12205
12209
12213
12217
12221
12225
12229
12233
12237
12241
12245
12248
12252
12256
12260
12264
12268
12272
12276
12280
12284
12288
12292
12296
12300
12306
12313
12320
12326
12333
12340
12346
12353
12360
12366
12373
12380
12386
12393
12400
12405
12411
12417
12423
12428
12434
12440
12446
12452
12457
12463
12469
12475
12481
12486
12492
12498
12504
12510
12516
12523
12530
12536
12543
12550
12556
12563
12570
12576
12583
12590
12596
12603
12610
12616
12623
12630
12635
12640
12645
12650
12655
12660
12665
12670
12675
12680
12685
12690
12695
12700
12705
12710
12715
12720
12725
12730
12735
12740
12743
12746
12750
12753
12756
12760
12763
12766
12770
12773
12776
12780
12783
12786
12790
12793
12796
12800
12803
12806
12810
12813
12816
12820
12823
12826
12830
12833
12836
12840
12843
12846
12850
12853
12856
12860
12863
12866
12870
12873
12876
12880
12883
12886
12890
12893
12896
12900
12903
12906
12910
12913
12916
12920
12923
12926
12930
12933
12936
12940
12943
12946
12950
12953
12956
12960
12963
12966
12970
12973
12976
12980
12983
12986
12990
12994
12998
13002
13007
13011
13015
13020
13024
13028
13032
13037
13041
13045
13050
13054
13058
13062
13067
13071
13075
13080
13084
13088
13092
13097
13101
13105
13110
13112
13115
13118
13121
13124
13127
13129
13132
13135
13138
13141
13144
13147
13150
13152
13155
13158
13161
13164
13167
13170
13172
13175
13178
13181
13184
13187
13190
13192
13195
13198
13201
13204
13207
13210
13213
13217
13221
13225
13228
13232
13236
13240
13244
13247
13251
13255
13259
13263
13266
13270
13274
13278
13282
13285
13289
13293
13297
13301
13304
13308
13312
13316
13320
13323
13326
13330
13333
13336
13340
13343
13346
13350
13353
13356
13360
13363
13366
13370
13373
13376
13380
13383
13386
13390
13393
13396
13400
13403
13406
13410
13413
13416
13420
13423
13426
13430
13432
13435
13438
13441
13444
13447
13450
13453
13456
13458
13461
13464
13467
13470
13473
13476
13479
13482
13485
13487
13490
13493
13496
13499
13502
13505
13508
13511
13513
13516
13519
13522
13525
13528
13531
13534
13537
13540
13543
13546
13550
13553
13557
13560
13564
13567
13571
13574
13577
13581
13584
13588
13591
13595
13598
13602
13605
13608
13612
13615
13619
13622
13626
13629
13633
13636
13640
13643
13646
13650
13653
13656
13660
13663
13666
13670
13673
13676
13680
13683
13686
13690
13693
13696
13700
13703
13706
13710
13713
13716
13720
13723
13726
13730
13733
13736
13740
13743
13746
13750
13752
13755
13758
13761
13763
13766
13769
13772
13774
13777
13780
13783
13785
13788
13791
13794
13796
13799
13802
13805
13807
13810
13813
13815
13818
13821
13824
13827
13829
13832
13835
13838
13840
13843
13846
13849
13851
13854
13857
13860
13865
13871
13877
13883
13888
13894
13900
13906
13912
13917
13923
13929
13935
13941
13946
13952
13958
13964
13970
13974
13978
13982
13986
13990
13994
13998
14002
14006
14010
14014
14018
14022
14027
14031
14035
14039
14043
14047
14051
14055
14059
14063
14067
14071
14075
14080
14084
14088
14093
14097
14101
14106
14110
14114
14119
14123
14127
14132
14136
14140
14145
14149
14153
14158
14162
14166
14171
14175
14180
14184
14188
14193
14197
14202
14206
14210
14215
14219
14224
14228
14232
14237
14241
14245
14250
14254
14259
14263
14267
14272
14276
14281
14285
14290
14293
14297
14300
14304
14307
14311
14315
14318
14322
14325
14329
14332
14336
14340
14343
14347
14350
14354
14357
14361
14365
14368
14372
14375
14379
14382
14386
14390
14392
14395
14398
14401
14404
14407
14410
14413
14416
14419
14422
14425
14428
14431
14434
14437
14440
14443
14446
14449
14452
14455
14458
14461
14464
14467
14470
14473
14476
14479
14482
14485
14488
14491
14494
14497
14500
14503
14506
14510
14513
14517
14520
14524
14527
14530
14534
14537
14541
14544
14548
14551
14555
14558
14561
14565
14568
14572
14575
14579
14582
14585
14589
14592
14596
14599
14603
14606
14610
14613
14617
14621
14624
14628
14632
14636
14639
14643
14647
14650
14654
14658
14662
14665
14669
14673
14676
14680
14684
14688
14691
14695
14699
14703
14706
14710
14714
14717
14721
14725
14729
14732
14736
14740
14743
14747
14751
14755
14758
14762
14766
14770
14772
14775
14778
14781
14784
14787
14790
14792
14795
14798
14801
14804
14807
14809
14812
14815
14818
14821
14824
14827
14830
14832
14835
14838
14841
14844
14847
14850
14852
14855
14858
14861
14864
14867
14870
14873
14876
14879
14882
14885
14889
14892
14895
14898
14901
14904
14908
14911
14914
14917
14920
14923
14927
14930
14933
14936
14939
14942
14946
14949
14952
14955
14958
14961
14965
14968
14971
14974
14977
14980
14984
14987
14990
14993
14996
15000
15003
15006
15009
15012
15015
15018
15021
15024
15027
15030
15033
15036
15039
15042
15045
15048
15051
15054
15057
15060
15063
15066
15069
15072
15075
15078
15081
15084
15087
15090
15093
15096
15099
15102
15105
15108
15111
15114
15117
15120
15123
15126
15130
15133
15136
15139
15142
15145
15148
15152
15155
15158
15161
15164
15167
15171
15174
15177
15180
15183
15186
15190
15193
15196
15199
15202
15205
15208
15212
15215
15218
15221
15224
15227
15231
15234
15237
15240
15243
15246
15250
15252
15255
15258
15261
15264
15267
15270
15273
15276
15279
15282
15285
15288
15290
15293
15296
15299
15302
15305
15308
15311
15314
15317
15320
15323
15326
15329
15331
15334
15337
15340
15343
15346
15349
15352
15355
15358
15361
15364
15367
15370
15373
15376
15379
15382
15385
15388
15391
15394
15397
15400
15403
15406
15410
15413
15416
15419
15422
15425
15428
15431
15434
15437
15440
15443
15446
15450
15453
15456
15459
15462
15465
15468
15471
15474
15477
15480
15483
15486
15490
15493
15496
15500
15503
15506
15510
15513
15516
15520
15523
15526
15530
15533
15536
15540
15543
15546
15550
15553
15556
15560
15563
15566
15570
15573
15576
15580
15583
15586
15590
15593
15596
15600
15603
15606
15610
15612
15614
15617
15619
15622
15624
15627
15629
15631
15634
15636
15639
15641
15644
15646
15649
15651
15653
15656
15658
15661
15663
15666
15668
15670
15673
15675
15678
15680
15683
15685
15688
15690
15692
15695
15697
15700
15702
15705
15707
15710
15714
15718
15723
15727
15732
15736
15740
15745
15749
15754
15758
15762
15767
15771
15776
15780
15785
15789
15793
15798
15802
15807
15811
15815
15820
15824
15829
15833
15837
15842
15846
15851
15855
15860
15862
15864
15866
15868
15870
15872
15874
15877
15879
15881
15883
15885
15887
15889
15891
15894
15896
15898
15900
15902
15904
15906
15908
15911
15913
15915
15917
15919
15921
15923
15925
15928
15930
15932
15934
15936
15938
15940
15942
15945
15947
15949
15951
15953
15955
15957
15960
15964
15968
15973
15977
15981
15986
15990
15994
15999
16003
16007
16012
16016
16020
16024
16029
16033
16038
16042
16046
16051
16055
16059
16064
16068
16072
16076
16081
16085
16090
16092
16094
16096
16099
16101
16103
16105
16108
16110
16112
16114
16117
16119
16121
16123
16126
16128
16130
16133
16135
16137
16139
16142
16144
16146
16148
16151
16153
16155
16157
16160
16162
16164
16166
16169
16171
16173
16176
16178
16180
16182
16185
16187
16189
16191
16194
16196
16198
16200
16203
16205
16207
16210
16213
16216
16220
16223
16227
16230
16234
16237
16240
16244
16247
16251
16254
16258
16261
16265
16268
16271
16275
16278
16282
16285
16289
16292
16295
16299
16302
16306
16309
16313
16316
16320
16323
16326
16329
16332
16335
16338
16341
16344
16348
16351
16354
16357
16360
16363
16366
16370
16373
16376
16379
16382
16385
16388
16391
16395
16398
16401
16404
16407
16410
16413
16416
16420
16422
16425
16427
16430
16433
16435
16438
16440
16443
16446
16448
16451
16454
16456
16459
16461
16464
16467
16469
16472
16475
16477
16480
16482
16485
16488
16490
16493
16495
16498
16501
16503
16506
16509
16511
16514
16516
16519
16522
16524
16527
16530
16534
16539
16544
16549
16553
16558
16563
16568
16572
16577
16582
16587
16591
16596
16601
16606
16610
16615
16620
16625
16630
16633
16636
16639
16642
16645
16648
16651
16654
16657
16660
16663
16666
16669
16672
16675
16678
16681
16685
16688
16691
16694
16697
16700
16703
16706
16709
16712
16715
16718
16721
16724
16727
16730
16733
16736
16740
16744
16748
16752
16756
16761
16765
16769
16773
16778
16782
16786
16790
16794
16799
16803
16807
16811
16816
16820
16824
16828
16833
16837
16841
16845
16850
16854
16858
16862
16866
16870
16874
16878
16882
16886
16890
16894
16898
16902
16906
16910
16914
16918
16922
16926
16930
16934
16938
16942
16945
16950
16953
16957
16961
16964
16968
16971
16975
16979
16983
16986
16990
16994
16997
17001
17005
17008
17012
17016
17019
17023
17026
17030
17034
17038
17041
17045
17049
17052
17056
17060
17064
17070
17075
17080
17085
17090
17095
17099
17105
17110
17115
17120
17125
17130
17134
17140
17145
17150
17155
17160
17165
17170
17175
17180
17185
17190
17195
17200
17205
17210
17215
17220
17225
17230
17235
17240
17245
17250
17255
17259
17265
17270
17275
17281
17286
17292
17297
17303
17308
17314
17320
17325
17331
17336
17342
17347
17353
17358
17364
17370
17379
17388
17397
17406
17416
17425
17434
17443
17453
17462
17471
17480
17490
17494
17498
17503
17507
17512
17516
17520
17525
17529
17534
17538
17542
17547
17551
17556
17560
17564
17569
17573
17578
17582
17586
17591
17595
17600
17611
17622
17633
17644
17655
17666
17677
17688
17700
17704
17708
17712
17717
17721
17725
17730
17734
17738
17742
17747
17751
17755
17759
17764
17768
17772
17777
17781
17785
17790
17794
17798
17802
17807
17811
17815
17820
17825
17831
17836
17842
17847
17853
17858
17864
17870
17875
17881
17886
17892
17897
17903
17908
17914
17920
17928
17937
17946
17954
17963
17972
17980
17989
17998
18006
18015
18024
18032
18041
18050
18060
18070
18080
18090
18100
18110
18120
18130
18140
18150
18160
18165
18171
18176
18182
18187
18193
18198
18204
18209
18215
18220
18226
18231
18237
18242
18248
18253
18259
18264
18270
18275
18280
18285
18290
18295
18300
18305
18310
18315
18320
18325
18330
18335
18340
18345
18350
18355
18360
18365
18370
18377
18385
18393
18401
18409
18417
18425
18432
18440
18448
18456
18464
18472
18480
18484
18488
18492
18496
18500
18504
18508
18512
18516
18520
18524
18528
18532
18537
18541
18545
18549
18553
18557
18561
18565
18569
18573
18577
18581
18585
18590
18593
18596
18599
18602
18605
18608
18611
18615
18618
18621
18624
18627
18630
18633
18636
18640
18643
18646
18649
18652
18655
18658
18661
18665
18668
18671
18674
18677
18680
18683
18686
18690
18693
18696
18700
18703
18707
18710
18714
18717
18720
18724
18727
18731
18734
18738
18741
18745
18748
18751
18755
18758
18762
18765
18769
18772
18775
18779
18782
18786
18789
18793
18796
18800
18804
18808
18812
18816
18820
18825
18829
18833
18837
18841
18845
18850
18854
18858
18862
18866
18870
18875
18879
18883
18887
18891
18895
18900
18903
18907
18910
18914
18917
18921
18924
18928
18931
18935
18939
18942
18946
18949
18953
18956
18960
18963
18967
18970
18974
18978
18981
18985
18988
18992
18995
18999
19002
19006
19010
19014
19019
19024
19029
19033
19038
19043
19048
19053
19057
19062
19067
19072
19076
19081
19086
19091
19096
19100
19105
19110
19115
19120
19125
19131
19136
19142
19147
19153
19158
19164
19169
19175
19180
19186
19191
19197
19202
19208
19213
19219
19224
19230
19233
19237
19241
19245
19249
19253
19257
19261
19265
19269
19273
19277
19281
19285
19288
19292
19296
19300
19304
19308
19312
19316
19320
19324
19328
19332
19336
19340
19343
19346
19349
19352
19356
19359
19362
19365
19369
19372
19375
19378
19381
19385
19388
19391
19394
19398
19401
19404
19407
19410
19414
19417
19420
19423
19427
19430
19433
19436
19440
19443
19446
19450
19453
19457
19460
19464
19467
19470
19474
19477
19481
19484
19488
19491
19495
19498
19501
19505
19508
19512
19515
19519
19522
19525
19529
19532
19536
19539
19543
19546
19550
19553
19556
19559
19562
19565
19568
19571
19574
19577
19580
19583
19586
19589
19592
19595
19598
19601
19604
19607
19610
19613
19616
19619
19622
19625
19628
19631
19634
19637
19640
19643
19646
19650
19654
19658
19663
19667
19672
19676
19680
19685
19689
19694
19698
19702
19707
19711
19716
19720
19724
19729
19733
19738
19742
19746
19751
19755
19760
19765
19770
19775
19780
19786
19791
19796
19801
19807
19812
19817
19822
19828
19833
19838
19843
19849
19854
19859
19864
19870
19874
19878
19882
19886
19891
19895
19899
19903
19908
19912
19916
19920
19925
19929
19933
19937
19941
19946
19950
19954
19958
19963
19967
19971
19975
19980
19985
19991
19997
20003
20008
20014
20020
20026
20032
20037
20043
20049
20055
20061
20066
20072
20078
20084
20090
20095
20101
20106
20112
20117
20123
20128
20134
20140
20145
20151
20156
20162
20167
20173
20178
20184
20190
20194
20198
20202
20206
20210
20214
20218
20223
20227
20231
20235
20239
20243
20247
20252
20256
20260
20264
20268
20272
20276
20281
20285
20289
20293
20297
20301
20305
20310
20314
20319
20323
20328
20332
20337
20342
20346
20351
20355
20360
20365
20369
20374
20378
20383
20387
20392
20397
20401
20406
20410
20415
20420
20425
20430
20435
20440
20445
20450
20455
20460
20465
20470
20475
20480
20485
20490
20495
20500
20505
20509
20515
20520
20525
20530
20535
20540
20544
20548
20553
20557
20561
20566
20570
20574
20579
20583
20587
20592
20596
20600
20605
20609
20613
20618
20622
20626
20631
20635
20640
20651
20663
20675
20686
20698
20710
20721
20733
20745
20756
20768
20780
20784
20788
20792
20796
20800
20805
20809
20813
20817
20821
20825
20830
20834
20838
20842
20846
20850
20855
20859
20863
20867
20871
20875
20880
20886
20892
20898
20904
20910
20916
20922
20928
20934
20939
20945
20952
20958
20964
20970
20976
20982
20988
20994
21000
21008
21016
21024
21032
21041
21049
21057
21065
21074
21082
21090
21098
21107
21115
21123
21131
21140
21144
21148
21152
21157
21161
21165
21170
21174
21178
21182
21187
21191
21195
21200
21204
21208
21212
21217
21221
21225
21230
21234
21238
21242
21247
21251
21255
21260
21263
21266
21269
21272
21276
21279
21282
21285
21289
21292
21295
21298
21302
21305
21308
21311
21315
21318
21321
21324
21327
21331
21334
21337
21340
21344
21347
21350
21353
21357
21360
21363
21366
21370
21380
21390
21400
21410
21420
21430
21440
21450
21460
21470
21480
21487
21495
21503
21511
21519
21527
21535
21542
21550
21558
21566
21574
21582
21590
21596
21602
21608
21615
21621
21627
21633
21640
21646
21652
21658
21665
21671
21677
21683
21690
21695
21700
21705
21710
21715
21720
21725
21730
21735
21740
21745
21750
21755
21760
21765
21770
21775
21780
21785
21790
21795
21800
21803
21806
21810
21813
21817
21820
21824
21827
21831
21834
21837
21841
21844
21848
21851
21855
21858
21862
21865
21868
21872
21875
21879
21882
21886
21889
21893
21896
21900
21904
21908
21913
21917
21922
21926
21930
21935
21939
21944
21948
21952
21957
21961
21966
21970
21974
21979
21983
21988
21992
21996
22001
22005
22010
22015
22020
22025
22030
22035
22040
22045
22050
22055
22060
22065
22070
22075
22080
22085
22090
22095
22100
22105
22110
22115
22120
22132
22144
22156
22168
22181
22193
22205
22217
22230
22237
22244
22252
22259
22266
22274
22281
22288
22296
22303
22310
22318
22325
22332
22340
22383
22427
22471
22515
22558
22602
22646
22690
22692
22695
22697
22700
22703
22705
22708
22711
22713
22716
22719
22721
22724
22726
22729
22732
22734
22737
22740
22742
22745
22748
22750
22753
22756
22758
22761
22763
22766
22769
22771
22774
22777
22779
22782
22785
22787
22790
22793
22795
22798
22800
22803
22806
22808
22811
22814
22816
22819
22822
22824
22827
22830
22833
22836
22840
22843
22847
22850
22854
22857
22861
22864
22867
22871
22874
22878
22881
22885
22888
22892
22895
22898
22902
22905
22909
22912
22916
22919
22923
22926
22930
22959
22988
23017
23046
23075
23104
23133
23162
23191
23220
23221
23224
23226
23227
23230
23232
23234
23235
23238
23240
23241
23244
23246
23247
23250
23252
23253
23256
23258
23259
23261
23264
23266
23267
23270
23272
23273
23276
23278
23279
23282
23284
23285
23288
23290
23291
23293
23296
23298
23299
23302
23304
23305
23308
23310
23311
23314
23316
23317
23319
23322
23323
23325
23328
23330
23333
23336
23339
23342
23345
23348
23351
23354
23358
23361
23364
23367
23370
23373
23376
23380
23383
23386
23389
23392
23395
23398
23401
23405
23408
23411
23414
23417
23420
23423
23426
23430
23432
23435
23438
23441
23444
23447
23450
23453
23456
23459
23462
23465
23468
23471
23474
23477
23480
23483
23486
23489
23492
23495
23498
23501
23504
23507
23510
23513
23516
23519
23522
23525
23528
23531
23534
23537
23540
23543
23546
23550
23553
23556
23560
23563
23566
23570
23573
23576
23580
23583
23586
23590
23593
23596
23600
23603
23606
23610
23613
23616
23620
23623
23626
23630
23633
23636
23640
23644
23648
23652
23656
23661
23665
23669
23673
23678
23682
23686
23690
23695
23699
23703
23707
23711
23716
23720
23724
23728
23733
23737
23741
23745
23750
23753
23757
23761
23764
23768
23772
23775
23779
23783
23786
23790
23794
23797
23801
23805
23808
23812
23816
23819
23823
23827
23830
23834
23838
23841
23845
23849
23852
23856
23860
23863
23866
23870
23873
23876
23880
23883
23886
23890
23893
23896
23900
23903
23906
23910
23913
23916
23920
23923
23926
23930
23933
23936
23940
23943
23946
23950
23953
23956
23960
23963
23967
23971
23975
23979
23983
23987
23990
23994
23998
24002
24006
24010
24014
24018
24021
24025
24029
24033
24037
24041
24045
24049
24052
24056
24060
24064
24068
24072
24076
24080
24082
24085
24088
24090
24093
24096
24098
24101
24104
24107
24109
24112
24115
24117
24120
24123
24125
24128
24131
24134
24136
24139
24142
24144
24147
24150
24152
24155
24158
24161
24163
24166
24169
24171
24174
24177
24180
24184
24189
24193
24198
24202
24207
24212
24216
24221
24225
24230
24235
24239
24244
24248
24253
24257
24262
24267
24271
24276
24280
24285
24290
24293
24297
24301
24304
24308
24312
24315
24319
24323
24327
24330
24334
24338
24341
24345
24349
24352
24356
24360
24364
24367
24371
24375
24378
24382
24386
24390
24395
24400
24405
24410
24415
24420
24425
24430
24435
24440
24445
24450
24455
24460
24465
24470
24475
24480
24485
24490
24495
24500
24505
24509
24515
24520
24523
24527
24531
24535
24539
24543
24546
24550
24554
24558
24562
24566
24570
24573
24577
24581
24585
24589
24593
24596
24600
24604
24608
24612
24616
24620
24624
24628
24632
24636
24640
24644
24648
24653
24657
24661
24665
24669
24673
24677
24682
24686
24690
24694
24698
24702
24706
24711
24715
24719
24723
24727
24731
24735
24740
24745
24750
24756
24761
24767
24772
24778
24783
24789
24794
24799
24805
24810
24816
24821
24827
24832
24838
24843
24849
24854
24860
24864
24869
24873
24878
24882
24887
24891
24896
24900
24905
24910
24914
24919
24923
24928
24932
24937
24941
24946
24950
24955
24960
24965
24970
24976
24981
24987
24992
24998
25003
25009
25014
25020
25025
25030
25036
25041
25047
25052
25058
25063
25069
25074
25080
25086
25092
25098
25104
25110
25116
25122
25128
25134
25140
25145
25151
25157
25163
25169
25176
25182
25188
25194
25200
25206
25213
25219
25226
25232
25238
25245
25252
25258
25265
25271
25278
25284
25290
25297
25304
25310
25317
25323
25330
25333
25337
25341
25345
25349
25353
25356
25360
25364
25368
25372
25376
25380
25383
25387
25391
25395
25399
25403
25406
25410
25414
25418
25422
25426
25430
25433
25436
25440
25443
25446
25450
25453
25456
25460
25463
25466
25470
25473
25476
25480
25483
25486
25490
25493
25496
25500
25503
25506
25509
25513
25516
25520
25523
25526
25529
25533
25536
25540
25543
25546
25549
25552
25556
25559
25562
25565
25569
25572
25575
25578
25581
25585
25588
25591
25594
25598
25601
25604
25607
25610
25614
25617
25620
25623
25627
25630
25633
25636
25640
25643
25647
25651
25655
25658
25662
25666
25670
25674
25677
25681
25685
25689
25693
25696
25700
25704
25708
25712
25715
25719
25723
25727
25731
25734
25738
25742
25746
25750
25754
25759
25763
25768
25772
25777
25782
25786
25791
25795
25800
25805
25809
25814
25818
25823
25827
25832
25837
25841
25846
25850
25855
25860
25866
25873
25880
25886
25893
25900
25906
25913
25920
25926
25933
25940
25946
25953
25960
25970
25980
25990
26000
26010
26020
26030
26040
26050
26060
26070
26073
26077
26081
26084
26088
26092
26095
26099
26103
26107
26110
26114
26118
26121
26125
26129
26132
26136
26140
26144
26147
26151
26155
26158
26162
26166
26170
26176
26183
26190
26197
26204
26211
26218
26225
26231
26238
26245
26252
26259
26266
26273
26280
26287
26294
26302
26309
26316
26324
26331
26338
26346
26353
26360
26368
26375
26382
26390
26393
26397
26401
26405
26409
26413
26417
26421
26425
26429
26433
26437
26441
26445
26448
26452
26456
26460
26464
26468
26472
26476
26480
26484
26488
26492
26496
26500
26510
26521
26532
26543
26554
26565
26576
26587
26598
26609
26620
26638
26656
26675
26693
26711
26730
26735
26740
26745
26750
26756
26761
26766
26771
26777
26782
26787
26792
26798
26803
26808
26813
26819
26824
26829
26834
26840
26843
26847
26851
26855
26859
26863
26866
26870
26874
26878
26882
26886
26890
26893
26897
26901
26905
26909
26913
26916
26920
26924
26928
26932
26936
26940
26951
26962
26973
26984
26995
27006
27017
27028
27039
27050
27054
27058
27063
27067
27071
27076
27080
27084
27089
27093
27097
27102
27106
27110
27115
27119
27123
27128
27132
27136
27141
27145
27150
27439
27730
27733
27736
27739
27742
27745
27748
27751
27754
27757
27760
27763
27766
27769
27772
27775
27778
27781
27784
27787
27790
27793
27796
27799
27802
27805
27808
27811
27814
27817
27820
27823
27826
27829
27832
27835
27838
27841
27844
27847
27850
27856
27863
27870
27877
27884
27891
27898
27905
27911
27918
27925
27932
27939
27946
27953
27960
27966
27972
27978
27985
27991
27997
28004
28010
28016
28023
28029
28035
28042
28048
28054
28061
28067
28073
28080
28085
28090
28095
28100
28106
28111
28116
28121
28127
28132
28137
28142
28148
28153
28158
28163
28169
28174
28179
28184
28190
28195
28201
28206
28212
28217
28223
28228
28234
28239
28245
28250
28256
28261
28267
28272
28278
28283
28289
28294
28300
28309
28318
28327
28336
28345
28354
28363
28372
28381
28390
28400
28412
28424
28436
28448
28461
28473
28485
28497
28510
28518
28526
28535
28543
28552
28560
28569
28577
28586
28594
28603
28611
28620
28627
28634
28642
28649
28656
28664
28671
28678
28686
28693
28700
28708
28715
28722
28730
28739
28748
28757
28766
28775
28785
28794
28803
28812
28821
28830
28840
28848
28856
28865
28873
28881
28890
28898
28906
28915
28923
28931
28940
28950
28960
28970
28980
28990
29000
29010
29020
29030
29040
29050
29060
29070
29075
29081
29087
29093
29099
29105
29111
29117
29122
29128
29134
29140
29146
29152
29158
29164
29170
29180
29191
29202
29213
29224
29235
29246
29257
29268
29279
29290
29297
29304
29311
29318
29325
29332
29340
29347
29354
29361
29368
29375
29382
29390
29396
29403
29410
29417
29424
29431
29438
29445
29451
29458
29465
29472
29479
29486
29493
29500
29505
29511
29517
29523
29528
29534
29540
29546
29552
29557
29563
29569
29575
29581
29586
29592
29598
29604
29610
29615
29621
29626
29632
29637
29643
29648
29654
29660
29665
29671
29676
29682
29687
29693
29698
29704
29710
29715
29721
29727
29733
29738
29744
29750
29756
29762
29767
29773
29779
29785
29791
29796
29802
29808
29814
29820
29824
29829
29833
29838
29842
29847
29851
29856
29860
29865
29870
29874
29879
29883
29888
29892
29897
29901
29906
29910
29915
29920
