2
5
8
10
13
16
18
21
24
27
29
32
35
37
40
43
45
48
51
54
56
59
62
64
67
70
72
75
78
81
83
86
89
91
94
97
100
103
107
110
114
117
121
125
128
132
135
139
142
146
150
153
157
160
164
167
171
175
178
182
185
189
192
196
200
203
207
210
214
217
221
225
228
232
235
239
242
246
250
252
254
256
259
261
263
265
268
270
272
275
277
279
281
284
286
288
290
293
295
297
300
302
304
306
309
311
313
315
318
320
322
324
327
329
331
334
336
338
340
343
345
347
350
357
364
371
378
385
392
399
407
414
421
428
435
442
449
457
464
471
478
485
492
500
507
514
521
528
535
542
549
557
564
571
578
585
592
600
602
604
606
609
611
613
615
618
620
622
624
627
629
631
633
636
638
640
643
645
647
649
652
654
656
658
661
663
665
667
670
672
674
676
679
681
683
686
688
690
692
695
697
699
701
704
706
708
710
713
715
717
720
723
727
730
734
737
741
744
748
751
755
758
762
765
769
772
776
780
783
787
790
794
797
801
804
808
811
815
818
822
825
829
832
836
840
842
845
848
851
853
856
859
862
864
867
870
873
875
878
881
884
886
889
892
895
897
900
903
905
908
911
914
916
919
922
925
927
930
933
936
939
941
944
947
950
966
982
998
1015
1031
1047
1063
1080
1082
1084
1086
1088
1091
1093
1095
1097
1100
1102
1104
1106
1108
1111
1113
1115
1117
1120
1122
1124
1126
1128
1131
1133
1135
1137
1140
1142
1144
1146
1148
1151
1153
1155
1157
1160
1162
1164
1166
1168
1171
1173
1175
1177
1180
1182
1184
1186
1188
1191
1193
1195
1197
1200
1204
1208
1212
1216
1220
1224
1228
1232
1236
1240
1244
1248
1252
1256
1260
1264
1268
1272
1276
1280
1284
1288
1292
1296
1300
1304
1308
1312
1316
1320
1324
1328
1332
1336
1340
1342
1344
1346
1348
1350
1352
1355
1357
1359
1361
1363
1365
1368
1370
1372
1374
1376
1378
1380
1383
1385
1387
1389
1391
1393
1396
1398
1400
1402
1404
1406
1409
1411
1413
1415
1417
1419
1421
1424
1426
1428
1430
1432
1434
1437
1439
1441
1443
1445
1447
1450
1454
1458
1463
1467
1472
1476
1481
1485
1490
1494
1498
1503
1507
1512
1516
1521
1525
1530
1534
1538
1543
1547
1552
1556
1561
1565
1570
1572
1574
1576
1579
1581
1583
1586
1588
1590
1592
1595
1597
1599
1602
1604
1606
1608
1611
1613
1615
1618
1620
1622
1625
1627
1629
1631
1634
1636
1638
1641
1643
1645
1647
1650
1652
1654
1657
1659
1661
1663
1666
1668
1670
1673
1675
1677
1680
1684
1689
1694
1699
1704
1708
1713
1718
1723
1728
1732
1737
1742
1747
1752
1757
1761
1766
1771
1776
1781
1785
1790
1795
1800
1805
1810
1815
1820
1825
1830
1835
1840
1845
1850
1855
1860
1865
1870
1875
1880
1885
1890
1895
1900
1905
1910
1915
1920
1924
1930
1934
1940
1944
1950
1954
1960
1964
1970
1974
1980
1984
1989
1994
1999
2005
2009
2014
2020
2025
2029
2034
2040
2045
2050
2052
2054
2057
2059
2062
2064
2067
2069
2072
2074
2076
2079
2081
2084
2086
2089
2091
2094
2096
2099
2101
2103
2106
2108
2111
2113
2116
2118
2121
2123
2126
2128
2130
2133
2135
2138
2140
2143
2145
2148
2150
2153
2155
2157
2160
2162
2165
2167
2170
2172
2175
2177
2180
2182
2185
2188
2191
2194
2197
2200
2203
2206
2208
2211
2214
2217
2220
2223
2226
2229
2232
2235
2237
2240
2243
2246
2249
2252
2255
2258
2261
2263
2266
2269
2272
2275
2278
2281
2284
2287
2290
2293
2296
2299
2302
2305
2308
2312
2315
2318
2321
2324
2327
2331
2334
2337
2340
2343
2346
2350
2353
2356
2359
2362
2365
2368
2372
2375
2378
2381
2384
2387
2391
2394
2397
2400
2403
2406
2410
2412
2415
2417
2420
2423
2425
2428
2430
2433
2436
2438
2441
2444
2446
2449
2451
2454
2457
2459
2462
2465
2467
2470
2472
2475
2478
2480
2483
2485
2488
2491
2493
2496
2499
2501
2504
2506
2509
2512
2514
2517
2520
2523
2527
2530
2534
2537
2541
2544
2548
2551
2555
2558
2562
2565
2569
2572
2576
2580
2583
2587
2590
2594
2597
2601
2604
2608
2611
2615
2618
2622
2625
2629
2632
2636
2640
2642
2645
2648
2651
2654
2657
2660
2663
2666
2668
2671
2674
2677
2680
2683
2686
2689
2692
2695
2697
2700
2703
2706
2709
2712
2715
2718
2721
2723
2726
2729
2732
2735
2738
2741
2744
2747
2750
2764
2778
2792
2806
2820
2834
2848
2862
2876
2890
2892
2894
2896
2898
2900
2902
2904
2906
2908
2910
2912
2914
2916
2918
2920
2922
2924
2926
2928
2930
2932
2934
2936
2938
2940
2942
2945
2947
2949
2951
2953
2955
2957
2959
2961
2963
2965
2967
2969
2971
2973
2975
2977
2979
2981
2983
2985
2987
2989
2991
2993
2995
2997
3000
3004
3008
3012
3016
3020
3024
3028
3033
3037
3041
3045
3049
3053
3057
3062
3066
3070
3074
3078
3082
3086
3091
3095
3099
3103
3107
3111
3115
3120
3122
3124
3127
3129
3132
3134
3136
3139
3141
3144
3146
3148
3151
3153
3156
3158
3160
3163
3165
3168
3170
3172
3175
3177
3180
3182
3184
3187
3189
3192
3194
3196
3199
3201
3204
3206
3208
3211
3213
3216
3218
3220
3223
3225
3228
3230
3232
3235
3237
3240
3243
3247
3251
3255
3259
3263
3267
3270
3274
3278
3282
3286
3290
3294
3298
3301
3305
3309
3313
3317
3321
3325
3329
3332
3336
3340
3344
3348
3352
3356
3360
3362
3365
3367
3370
3373
3375
3378
3381
3383
3386
3389
3391
3394
3397
3399
3402
3405
3407
3410
3413
3415
3418
3421
3423
3426
3428
3431
3434
3436
3439
3442
3444
3447
3450
3452
3455
3458
3460
3463
3466
3468
3471
3474
3476
3479
3482
3484
3487
3490
3492
3495
3498
3501
3504
3506
3509
3512
3515
3518
3521
3523
3526
3529
3532
3535
3537
3540
3543
3546
3549
3552
3554
3557
3560
3563
3566
3568
3571
3574
3577
3580
3583
3585
3588
3591
3594
3597
3600
3603
3607
3610
3614
3618
3621
3625
3628
3632
3636
3639
3643
3646
3650
3654
3657
3661
3665
3668
3672
3675
3679
3683
3686
3690
3693
3697
3701
3704
3708
3711
3715
3719
3722
3726
3730
3732
3735
3737
3740
3742
3745
3747
3750
3752
3755
3757
3760
3762
3765
3767
3770
3772
3775
3777
3780
3782
3785
3787
3790
3792
3795
3797
3800
3802
3805
3807
3810
3812
3815
3817
3820
3822
3825
3827
3830
3836
3842
3848
3854
3860
3866
3873
3879
3885
3891
3897
3903
3910
3916
3922
3928
3934
3940
3946
3953
3959
3965
3971
3977
3983
3990
3996
4002
4008
4014
4020
4026
4033
4039
4045
4051
4057
4063
4070
4078
4087
4096
4104
4113
4122
4130
4139
4148
4156
4165
4174
4182
4191
4200
4202
4204
4206
4208
4210
4212
4214
4216
4218
4220
4222
4224
4226
4229
4231
4233
4235
4237
4239
4241
4243
4245
4247
4249
4251
4253
4256
4258
4260
4262
4264
4266
4268
4270
4272
4274
4276
4278
4280
4283
4285
4287
4289
4291
4293
4295
4297
4299
4301
4303
4305
4307
4310
4314
4318
4322
4326
4330
4334
4338
4342
4346
4350
4354
4358
4362
4366
4370
4374
4378
4382
4387
4391
4395
4399
4403
4407
4411
4415
4419
4423
4427
4431
4435
4439
4443
4447
4451
4455
4460
4462
4464
4466
4468
4471
4473
4475
4477
4479
4482
4484
4486
4488
4491
4493
4495
4497
4500
4502
4504
4506
4508
4511
4513
4515
4517
4520
4522
4524
4526
4528
4531
4533
4535
4537
4540
4542
4544
4546
4548
4551
4553
4555
4557
4560
4564
4568
4572
4576
4580
4584
4588
4592
4596
4600
4604
4608
4612
4616
4620
4624
4628
4632
4636
4640
4644
4648
4652
4656
4660
4664
4668
4672
4676
4680
4684
4688
4692
4696
4700
4702
4704
4706
4708
4711
4713
4715
4717
4720
4722
4724
4726
4729
4731
4733
4735
4738
4740
4742
4744
4747
4749
4751
4753
4756
4758
4760
4762
4765
4767
4769
4771
4774
4776
4778
4780
4783
4785
4787
4789
4792
4794
4796
4798
4801
4803
4805
4807
4810
4818
4826
4835
4843
4851
4859
4868
4876
4885
4893
4901
4909
4918
4926
4935
4943
4951
4960
4968
4976
4984
4993
5001
5010
5018
5026
5034
5043
5051
5060
5062
5064
5066
5068
5070
5072
5074
5076
5078
5080
5082
5084
5086
5089
5091
5093
5095
5097
5099
5101
5103
5105
5107
5109
5111
5113
5116
5118
5120
5122
5124
5126
5128
5130
5132
5134
5136
5138
5140
5143
5145
5147
5149
5151
5153
5155
5157
5159
5161
5163
5165
5167
5170
5174
5179
5184
5189
5194
5198
5203
5208
5213
5218
5223
5227
5232
5237
5242
5247
5252
5256
5261
5266
5271
5276
5281
5285
5290
5295
5300
5305
5310
5312
5315
5318
5321
5324
5326
5329
5332
5335
5338
5341
5343
5346
5349
5352
5355
5357
5360
5363
5366
5369
5372
5374
5377
5380
5383
5386
5388
5391
5394
5397
5400
5403
5405
5408
5411
5414
5417
5420
5423
5426
5429
5432
5435
5438
5442
5445
5448
5451
5454
5457
5460
5464
5467
5470
5473
5476
5479
5482
5486
5489
5492
5495
5498
5501
5504
5508
5511
5514
5517
5520
5523
5526
5530
5780
5782
5784
5786
5788
5790
5792
5794
5796
5798
5800
5802
5804
5806
5808
5810
5812
5814
5816
5818
5820
5822
5824
5826
5828
5831
5833
5835
5837
5839
5841
5843
5845
5847
5849
5851
5853
5855
5857
5859
5861
5863
5865
5867
5869
5871
5873
5875
5877
5880
5884
5888
5893
5897
5901
5906
5910
5915
5919
5923
5928
5932
5936
5941
5945
5949
5954
5958
5963
5967
5971
5976
5980
5984
5989
5993
5998
6002
6006
6011
6015
6020
6022
6024
6026
6028
6030
6032
6034
6036
6038
6040
6042
6044
6046
6048
6050
6052
6054
6056
6058
6060
6062
6064
6066
6068
6071
6073
6075
6077
6079
6081
6083
6085
6087
6089
6091
6093
6095
6097
6099
6101
6103
6105
6107
6109
6111
6113
6115
6117
6120
6124
6128
6132
6137
6141
6145
6150
6154
6158
6162
6167
6171
6175
6180
6184
6188
6192
6197
6201
6205
6210
6214
6218
6222
6227
6231
6235
6239
6244
6248
6252
6257
6261
6265
6270
6271
6274
6276
6278
6279
6282
6284
6286
6287
6290
6292
6294
6295
6298
6300
6302
6303
6306
6308
6310
6311
6314
6316
6318
6319
6322
6324
6326
6328
6330
6332
6334
6336
6338
6340
6342
6344
6346
6348
6350
6352
6354
6356
6358
6360
6362
6364
6366
6368
6370
6373
6377
6381
6384
6388
6392
6396
6399
6403
6407
6410
6414
6418
6422
6425
6429
6433
6436
6440
6444
6448
6451
6455
6459
6462
6466
6470
6474
6477
6481
6485
6488
6492
6496
6500
6502
6504
6506
6509
6511
6513
6516
6518
6520
6523
6525
6527
6530
6532
6534
6537
6539
6541
6544
6546
6548
6551
6553
6555
6558
6560
6562
6565
6567
6569
6572
6574
6576
6579
6581
6583
6586
6588
6590
6593
6595
6597
6600
6607
6614
6621
6628
6635
6642
6649
6656
6663
6670
6677
6684
6691
6698
6705
6712
6719
6726
6733
6740
6747
6754
6761
6768
6775
6782
6789
6796
6803
6810
6817
6824
6831
6838
6845
6852
6860
6862
6864
6867
6869
6872
6874
6877
6879
6882
6884
6886
6889
6891
6894
6896
6899
6901
6904
6906
6909
6911
6913
6916
6918
6921
6923
6926
6928
6931
6933
6936
6938
6940
6943
6945
6948
6950
6953
6955
6958
6960
6963
6965
6967
6970
6972
6975
6977
6980
6982
6985
6987
6990
6994
6998
7002
7006
7010
7014
7018
7022
7026
7030
7034
7038
7042
7047
7051
7055
7059
7063
7067
7071
7075
7079
7083
7087
7091
7095
7100
7102
7104
7107
7109
7112
7114
7116
7119
7121
7124
7126
7128
7131
7133
7135
7138
7140
7143
7145
7148
7150
7152
7155
7157
7159
7162
7164
7167
7169
7172
7174
7176
7179
7181
7183
7186
7188
7191
7193
7196
7198
7200
7203
7205
7207
7210
7212
7215
7217
7220
7223
7226
7229
7233
7236
7240
7243
7246
7250
7253
7256
7260
7263
7266
7270
7273
7276
7279
7283
7286
7290
7293
7296
7300
7303
7306
7310
7313
7316
7320
7323
7326
7330
7333
7336
7340
7342
7345
7348
7351
7354
7356
7359
7362
7365
7368
7371
7373
7376
7379
7382
7385
7387
7390
7393
7396
7399
7402
7404
7407
7410
7413
7416
7418
7421
7424
7427
7430
7433
7435
7438
7441
7444
7447
7450
7455
7461
7467
7473
7479
7484
7490
7496
7502
7508
7513
7519
7525
7531
7537
7543
7548
7554
7560
7566
7572
7577
7583
7589
7595
7601
7606
7612
7618
7624
7630
7636
7641
7647
7653
7659
7665
7670
7676
7682
7688
7694
7700
7702
7704
7706
7708
7710
7712
7714
7716
7718
7720
7722
7724
7726
7729
7731
7733
7735
7737
7739
7741
7743
7745
7747
7749
7751
7753
7756
7758
7760
7762
7764
7766
7768
7770
7772
7774
7776
7778
7780
7783
7785
7787
7789
7791
7793
7795
7797
7799
7801
7803
7805
7807
7810
7814
7819
7824
7828
7833
7838
7842
7847
7851
7856
7861
7866
7870
7875
7880
7884
7889
7894
7898
7903
7908
7912
7917
7922
7926
7931
7936
7940
7945
7950
7952
7954
7957
7959
7961
7964
7966
7969
7971
7973
7976
7978
7981
7983
7985
7988
7990
7993
7995
7997
8000
8002
8005
8007
8009
8012
8014
8016
8019
8021
8024
8026
8028
8031
8033
8036
8038
8040
8043
8045
8048
8050
8052
8055
8057
8060
8063
8067
8070
8074
8078
8081
8085
8089
8092
8096
8100
8103
8107
8110
8114
8118
8121
8125
8129
8132
8136
8140
8143
8147
8150
8154
8158
8161
8165
8169
8172
8176
8180
8182
8185
8187
8190
8192
8195
8197
8200
8202
8205
8208
8210
8213
8215
8218
8220
8223
8225
8228
8231
8233
8236
8238
8241
8243
8246
8248
8251
8254
8256
8259
8261
8264
8266
8269
8271
8274
8277
8279
8282
8284
8287
8289
8292
8294
8297
8300
8305
8311
8317
8322
8328
8334
8340
8345
8351
8357
8362
8368
8374
8380
8385
8391
8397
8402
8408
8414
8420
8425
8431
8437
8442
8448
8454
8459
8465
8471
8477
8482
8488
8494
8500
8505
8511
8517
8522
8528
8534
8540
8542
8545
8547
8549
8552
8555
8557
8559
8562
8565
8567
8570
8572
8575
8577
8580
8582
8584
8587
8590
8592
8595
8597
8600
8602
8605
8607
8610
8612
8615
8617
8620
8622
8625
8627
8630
8632
8635
8637
8640
8642
8645
8648
8650
8653
8656
8658
8661
8664
8666
8669
8672
8674
8677
8680
8682
8685
8688
8690
8693
8696
8699
8701
8704
8707
8709
8712
8715
8717
8720
8723
8725
8728
8731
8733
8736
8739
8741
8744
8747
8750
8752
8755
8757
8760
8762
8765
8767
8770
8772
8775
8777
8780
8782
8785
8787
8790
8792
8795
8797
8800
8802
8805
8807
8810
8812
8815
8817
8820
8822
8825
8827
8830
8832
8834
8837
8840
8842
8844
8847
8850
8900
8950
9000
9050
9052
9054
9056
9058
9060
9062
9064
9066
9068
9070
9072
9074
9076
9078
9080
9082
9084
9086
9088
9090
9092
9094
9096
9098
9100
9102
9104
9106
9108
9110
9112
9114
9116
9118
9120
9122
9124
9126
9128
9130
9132
9134
9136
9138
9140
9142
9144
9146
9148
9150
9154
9158
9163
9167
9172
9176
9181
9185
9190
9194
9199
9203
9208
9212
9217
9221
9226
9230
9235
9239
9244
9248
9253
9257
9262
9266
9271
9275
9280
9282
9285
9288
9290
9293
9296
9298
9301
9304
9307
9309
9312
9315
9317
9320
9323
9325
9328
9331
9334
9336
9339
9342
9344
9347
9350
9352
9355
9358
9361
9363
9366
9369
9371
9374
9377
9380
9383
9386
9389
9392
9395
9399
9402
9405
9408
9411
9415
9418
9421
9424
9427
9430
9434
9437
9440
9443
9446
9450
9453
9456
9459
9462
9465
9469
9472
9475
9478
9481
9485
9488
9491
9494
9497
9500
9504
9507
9510
9513
9516
9520
9522
9525
9527
9530
9533
9535
9538
9541
9543
9546
9548
9551
9554
9556
9559
9562
9564
9567
9570
9572
9575
9577
9580
9583
9585
9588
9591
9593
9596
9598
9601
9604
9606
9609
9612
9614
9617
9620
9626
9633
9640
9647
9654
9661
9667
9674
9681
9688
9695
9702
9708
9715
9722
9729
9736
9743
9750
9756
9763
9770
9777
9784
9791
9797
9804
9811
9818
9825
9832
9838
9845
9852
9859
9866
9873
9880
9882
9884
9886
9888
9891
9893
9895
9897
9899
9902
9904
9906
9908
9910
9913
9915
9917
9919
9921
9924
9926
9928
9930
9932
9935
9937
9939
9941
9943
9946
9948
9950
9952
9954
9957
9959
9961
9963
9965
9968
9970
9972
9974
9976
9979
9981
9983
9985
9987
9990
9994
9998
10003
10007
10012
10016
10021
10025
10030
10034
10039
10043
10048
10052
10057
10061
10066
10070
10075
10079
10084
10088
10093
10097
10102
10106
10111
10115
10120
10122
10124
10126
10129
10131
10133
10135
10138
10140
10142
10144
10147
10149
10151
10153
10156
10158
10160
10163
10165
10167
10169
10172
10174
10176
10178
10181
10183
10185
10187
10190
10192
10194
10196
10199
10201
10203
10206
10208
10210
10212
10215
10217
10219
10221
10224
10226
10228
10230
10233
10235
10237
10240
10244
10248
10252
10256
10260
10264
10268
10272
10276
10280
10284
10288
10292
10296
10300
10304
10308
10312
10315
10320
10324
10328
10331
10336
10340
10344
10347
10352
10356
10360
10362
10365
10368
10371
10374
10376
10379
10382
10385
10388
10391
10393
10396
10399
10402
10405
10407
10410
10413
10416
10419
10422
10424
10427
10430
10433
10436
10438
10441
10444
10447
10450
10453
10455
10458
10461
10464
10467
10470
10488
10507
10525
10544
10562
10581
10600
10602
10604
10607
10609
10611
10614
10616
10618
10621
10623
10625
10628
10630
10632
10635
10637
10639
10642
10644
10646
10649
10651
10653
10656
10658
10660
10663
10665
10667
10670
10672
10674
10677
10679
10681
10684
10686
10688
10691
10693
10695
10698
10700
10702
10705
10707
10710
10713
10717
10720
10724
10727
10731
10735
10738
10742
10745
10749
10753
10756
10760
10763
10767
10771
10774
10778
10781
10785
10788
10792
10796
10799
10803
10806
10810
10814
10817
10821
10824
10828
10832
10835
10839
10842
10846
10850
10853
10856
10859
10862
10865
10868
10871
10874
10877
10880
10883
10886
10890
10893
10896
10899
10902
10905
10908
10911
10914
10917
10920
10923
10926
10930
10933
10936
10939
10942
10945
10948
10951
10954
10957
10960
10963
10966
10970
10972
10975
10978
10981
10984
10987
10990
10993
10996
10998
11001
11004
11007
11010
11013
11016
11019
11022
11025
11027
11030
11033
11036
11039
11042
11045
11048
11051
11053
11056
11059
11062
11065
11068
11071
11074
11077
11080
11086
11092
11098
11104
11110
11116
11122
11128
11134
11140
11146
11152
11158
11164
11170
11176
11182
11188
11194
11200
11206
11212
11218
11224
11230
11236
11242
11248
11254
11260
11266
11272
11278
11284
11290
11296
11302
11308
11314
11320
11322
11324
11326
11329
11331
11333
11336
11338
11340
11342
11345
11347
11349
11352
11354
11356
11358
11361
11363
11365
11368
11370
11372
11375
11377
11379
11381
11384
11386
11388
11391
11393
11395
11397
11400
11402
11404
11407
11409
11411
11413
11416
11418
11420
11423
11425
11427
11430
11433
11437
11441
11444
11448
11452
11456
11459
11463
11467
11470
11474
11478
11482
11485
11489
11493
11496
11500
11504
11508
11511
11515
11519
11522
11526
11530
11534
11537
11541
11545
11548
11552
11556
11560
11562
11564
11567
11569
11571
11574
11576
11579
11581
11583
11586
11588
11591
11593
11595
11598
11600
11603
11605
11607
11610
11612
11615
11617
11619
11622
11624
11626
11629
11631
11634
11636
11638
11641
11643
11646
11648
11650
11653
11655
11658
11660
11662
11665
11667
11670
11677
11685
11693
11701
11709
11717
11725
11733
11740
11748
11756
11764
11772
11780
11788
11796
11803
11811
11819
11827
11835
11843
11851
11859
11866
11874
11882
11890
11898
11906
11914
11922
11930
11932
11934
11936
11938
11940
11942
11944
11946
11948
11950
11952
11954
11956
11958
11960
11962
11964
11966
11968
11970
11972
11974
11976
11978
11980
11982
11985
11987
11989
11991
11993
11995
11997
11999
12001
12003
12005
12007
12009
12011
12013
12015
12017
12019
12021
12023
12025
12027
12029
12031
12033
12035
12037
12040
12045
12050
12056
12061
12067
12072
12077
12083
12088
12094
12099
12105
12110
12115
12121
12126
12132
12137
12142
12148
12153
12159
12164
12170
12172
12174
12176
12179
12181
12183
12186
12188
12190
12192
12195
12197
12199
12202
12204
12206
12208
12211
12213
12215
12218
12220
12222
12225
12227
12229
12231
12234
12236
12238
12241
12243
12245
12247
12250
12252
12254
12257
12259
12261
12263
12266
12268
12270
12273
12275
12277
12280
12284
12288
12292
12296
12300
12304
12308
12313
12317
12321
12325
12329
12333
12337
12342
12346
12350
12354
12358
12362
12366
12371
12375
12379
12383
12387
12391
12395
12400
12402
12405
12407
12410
12412
12415
12417
12420
12422
12425
12427
12430
12432
12435
12437
12440
12442
12445
12447
12450
12452
12455
12457
12460
12462
12465
12467
12470
12472
12475
12477
12480
12482
12485
12487
12490
12492
12495
12497
12500
12502
12504
12507
12510
12513
12516
12520
12523
12527
12530
12534
12537
12541
12544
12547
12551
12554
12558
12561
12565
12568
12572
12575
12578
12582
12585
12589
12592
12596
12599
12603
12606
12610
12613
12617
12621
12625
12628
12632
12636
12640
12644
12647
12651
12655
12659
12663
12666
12670
12674
12678
12682
12685
12689
12693
12697
12701
12704
12708
12712
12716
12720
12722
12725
12728
12731
12733
12736
12739
12742
12745
12747
12750
12753
12756
12758
12761
12764
12767
12770
12772
12775
12778
12781
12783
12786
12789
12792
12795
12797
12800
12803
12806
12808
12811
12814
12817
12820
12825
12830
12835
12840
12845
12850
12855
12860
12865
12870
12875
12880
12885
12890
12895
12900
12905
12910
12915
12920
12924
12930
12932
12934
12937
12939
12941
12944
12946
12948
12951
12953
12955
12958
12960
12962
12965
12967
12969
12972
12974
12976
12979
12981
12983
12986
12988
12990
12993
12995
12997
13000
13002
13004
13007
13009
13011
13014
13016
13018
13021
13023
13025
13028
13030
13032
13035
13037
13040
13053
13068
13081
13096
13110
13123
13138
13152
13166
13180
13193
13208
13222
13236
13250
13252
13254
13256
13258
13260
13262
13264
13267
13269
13271
13273
13275
13277
13279
13281
13284
13286
13288
13290
13292
13294
13296
13298
13301
13303
13305
13307
13309
13311
13313
13315
13318
13320
13322
13324
13326
13328
13330
13332
13335
13337
13339
13341
13343
13345
13347
13350
13371
13393
13415
13436
13458
13480
13482
13485
13487
13490
13492
13495
13497
13500
13503
13505
13508
13510
13513
13515
13518
13521
13523
13526
13528
13531
13533
13536
13538
13541
13544
13546
13549
13551
13554
13556
13559
13562
13564
13567
13569
13572
13574
13577
13580
13583
13586
13589
13592
13595
13598
13602
13605
13608
13611
13614
13617
13620
13624
13627
13630
13633
13636
13639
13642
13645
13649
13652
13655
13658
13661
13664
13668
13671
13674
13677
13680
13683
13686
13690
13692
13695
13697
13700
13703
13705
13708
13710
13713
13716
13718
13721
13724
13726
13729
13731
13734
13737
13739
13742
13745
13747
13750
13752
13755
13758
13760
13763
13765
13768
13771
13773
13776
13779
13781
13784
13786
13789
13792
13794
13797
13800
13802
13805
13808
13811
13813
13816
13819
13822
13825
13827
13830
13833
13836
13838
13841
13844
13847
13850
13852
13855
13858
13861
13863
13866
13869
13872
13875
13877
13880
13883
13886
13888
13891
13894
13897
13900
13904
13909
13914
13919
13923
13928
13933
13938
13943
13947
13952
13957
13962
13966
13971
13976
13981
13986
13990
13995
14000
14005
14010
14012
14014
14017
14019
14021
14024
14026
14029
14031
14033
14036
14038
14040
14043
14045
14048
14050
14052
14055
14057
14059
14062
14064
14067
14069
14071
14074
14076
14079
14081
14083
14086
14088
14090
14093
14095
14098
14100
14102
14105
14107
14110
14113
14118
14122
14126
14129
14134
14138
14142
14145
14150
14154
14158
14161
14166
14170
14174
14178
14182
14186
14190
14194
14198
14202
14206
14210
14214
14218
14222
14226
14230
14232
14235
14237
14240
14242
14245
14247
14250
14253
14255
14258
14260
14263
14265
14268
14271
14273
14276
14278
14281
14283
14286
14288
14291
14294
14296
14299
14301
14304
14306
14309
14312
14314
14317
14319
14322
14324
14327
14330
14333
14337
14340
14344
14348
14351
14355
14358
14362
14366
14369
14373
14376
14380
14384
14387
14391
14395
14398
14402
14405
14409
14413
14416
14420
14423
14427
14431
14434
14438
14441
14445
14449
14452
14456
14460
14463
14466
14469
14472
14476
14479
14482
14485
14489
14492
14495
14498
14501
14505
14508
14511
14514
14518
14521
14524
14527
14530
14534
14537
14540
14543
14547
14550
14553
14556
14560
14563
14566
14569
14572
14576
14579
14582
14585
14589
14592
14595
14598
14602
14605
14608
14611
14615
14618
14621
14624
14627
14631
14634
14637
14640
14644
14647
14650
14653
14657
14660
14663
14666
14670
14703
14737
14771
14805
14838
14872
14906
14940
14942
14944
14946
14949
14951
14953
14955
14958
14960
14962
14964
14967
14969
14971
14973
14976
14978
14980
14983
14985
14987
14989
14992
14994
14996
14998
15001
15003
15005
15007
15010
15012
15014
15016
15019
15021
15023
15026
15028
15030
15032
15035
15037
15039
15041
15044
15046
15048
15050
15053
15055
15057
15060
15063
15067
15070
15074
15078
15081
15085
15089
15092
15096
15100
15103
15107
15110
15114
15118
15121
15125
15129
15132
15136
15140
15143
15147
15150
15154
15158
15161
15165
15169
15172
15176
15180
15182
15184
15186
15189
15191
15193
15195
15198
15200
15202
15204
15207
15209
15211
15213
15216
15218
15220
15223
15225
15227
15229
15232
15234
15236
15238
15241
15243
15245
15247
15250
15252
15254
15256
15259
15261
15263
15266
15268
15270
15272
15275
15277
15279
15281
15284
15286
15288
15290
15293
15295
15297
15300
15304
15308
15312
15317
15321
15325
15330
15334
15338
15342
15347
15351
15355
15360
15364
15368
15372
15377
15381
15385
15390
15394
15398
15402
15407
15411
15415
15420
15423
15426
15429
15432
15435
15438
15440
15443
15447
15450
15453
15456
15459
15462
15465
15468
15471
15474
15477
15480
15482
15485
15488
15492
15495
15498
15501
15504
15507
15510
15513
15516
15519
15521
15524
15527
15530
15533
15536
15540
15542
15545
15547
15550
15553
15555
15558
15561
15563
15566
15568
15571
15574
15576
15579
15582
15584
15587
15590
15592
15595
15597
15600
15603
15605
15608
15611
15613
15616
15618
15621
15624
15626
15629
15632
15634
15637
15640
15643
15647
15651
15655
15658
15662
15666
15670
15674
15677
15681
15685
15689
15693
15696
15700
15704
15708
15712
15715
15719
15723
15727
15731
15734
15738
15742
15746
15750
15752
15755
15758
15760
15763
15766
15768
15771
15774
15777
15779
15782
15785
15787
15790
15793
15795
15798
15801
15804
15806
15809
15812
15814
15817
15820
15822
15825
15828
15831
15833
15836
15839
15841
15844
15847
15850
15854
15858
15862
15866
15870
15874
15878
15882
15886
15890
15894
15898
15902
15907
15911
15915
15919
15923
15927
15931
15935
15939
15943
15947
15951
15955
15960
15962
15965
15967
15970
15972
15975
15977
15980
15983
15985
15988
15990
15993
15995
15998
16001
16003
16006
16008
16011
16013
16016
16018
16021
16024
16026
16029
16031
16034
16036
16039
16042
16044
16047
16049
16052
16054
16057
16059
16064
16068
16072
16076
16080
16084
16088
16092
16096
16100
16104
16108
16112
16117
16121
16125
16129
16133
16137
16141
16145
16149
16153
16157
16161
16165
16170
16175
16181
16186
16192
16197
16203
16208
16214
16219
16225
16230
16236
16241
16247
16252
16258
16263
16269
16274
16280
16285
16290
16295
16300
16305
16310
16315
16320
16325
16329
16335
16340
16344
16350
16355
16360
16364
16369
16375
16379
16384
16390
16395
16400
16403
16406
16409
16412
16415
16418
16421
16424
16427
16430
16433
16436
16439
16442
16445
16448
16451
16455
16458
16461
16464
16467
16470
16473
16476
16479
16482
16485
16488
16491
16494
16497
16500
16503
16506
16510
16513
16516
16520
16523
16527
16530
16533
16537
16540
16544
16547
16551
16554
16557
16561
16564
16568
16571
16575
16578
16581
16585
16588
16592
16595
16598
16602
16605
16609
16612
16616
16619
16622
16626
16629
16633
16636
16640
16642
16645
16648
16650
16653
16656
16658
16661
16664
16666
16669
16672
16674
16677
16680
16682
16685
16688
16690
16693
16696
16698
16701
16704
16706
16709
16712
16714
16717
16720
16722
16725
16728
16730
16733
16736
16738
16741
16744
16746
16749
16752
16754
16757
16760
16763
16767
16770
16774
16778
16781
16785
16788
16792
16796
16799
16803
16806
16810
16814
16817
16821
16825
16828
16832
16835
16839
16843
16846
16850
16853
16857
16861
16864
16868
16871
16875
16879
16882
16886
16890
16892
16895
16897
16900
16902
16905
16907
16910
16913
16915
16918
16920
16923
16925
16928
16930
16933
16936
16938
16941
16943
16946
16948
16951
16953
16956
16959
16961
16964
16966
16969
16971
16974
16976
16979
16982
16984
16987
16989
16992
16994
16997
17000
17120
17122
17124
17127
17129
17132
17134
17136
17139
17141
17144
17146
17148
17151
17153
17156
17158
17160
17163
17165
17168
17170
17172
17175
17177
17180
17182
17185
17187
17189
17192
17194
17197
17199
17201
17204
17206
17209
17211
17213
17216
17218
17221
17223
17225
17228
17230
17233
17235
17237
17240
17242
17245
17247
17250
17253
17256
17260
17263
17267
17270
17274
17277
17280
17284
17287
17291
17294
17298
17301
17305
17308
17311
17315
17318
17322
17325
17329
17332
17335
17339
17342
17346
17349
17353
17356
17360
17362
17365
17368
17371
17374
17376
17379
17382
17385
17388
17391
17393
17396
17399
17402
17405
17408
17410
17413
17416
17419
17422
17424
17427
17430
17433
17436
17439
17441
17444
17447
17450
17453
17456
17458
17461
17464
17467
17470
17473
17475
17478
17481
17484
17487
17490
17493
17497
17500
17504
17507
17511
17514
17518
17521
17525
17528
17532
17535
17539
17542
17546
17549
17553
17557
17560
17564
17567
17571
17574
17578
17581
17585
17588
17592
17595
17599
17602
17606
17610
17612
17615
17618
17621
17624
17626
17629
17632
17635
17638
17641
17643
17646
17649
17652
17655
17657
17660
17663
17666
17669
17672
17674
17677
17680
17683
17686
17688
17691
17694
17697
17700
17703
17705
17708
17711
17714
17717
17720
17723
17726
17730
17733
17736
17740
17743
17746
17750
17753
17756
17759
17763
17766
17770
17773
17776
17780
17783
17786
17790
17793
17796
17800
17803
17806
17810
17813
17816
17820
17823
17826
17830
17833
17836
17840
17842
17845
17848
17851
17854
17857
17860
17863
17866
17869
17872
17875
17878
17880
17883
17886
17889
17892
17895
17898
17901
17904
17907
17910
17913
17916
17919
17921
17924
17927
17930
17933
17936
17939
17942
17945
17948
17951
17954
17957
17960
18025
18090
18092
18094
18096
18098
18100
18102
18104
18106
18109
18111
18113
18115
18117
18119
18121
18123
18125
18128
18130
18132
18134
18136
18138
18140
18142
18145
18147
18149
18151
18153
18155
18157
18159
18161
18164
18166
18168
18170
18172
18174
18176
18178
18180
18183
18185
18187
18189
18191
18193
18195
18197
18200
18203
18207
18211
18215
18218
18222
18226
18230
18233
18237
18241
18245
18248
18252
18256
18259
18263
18267
18271
18275
18278
18282
18286
18290
18293
18297
18301
18305
18308
18312
18316
18320
18326
18333
18340
18346
18353
18360
18366
18373
18380
18386
18393
18400
18406
18413
18419
18426
18433
18439
18446
18453
18460
18466
18473
18480
18486
18493
18500
18506
18513
18520
18526
18533
18540
18546
18553
18560
18566
18573
18580
18582
18584
18587
18589
18592
18594
18597
18599
18602
18604
18606
18609
18611
18614
18616
18619
18621
18624
18626
18629
18631
18633
18636
18638
18641
18643
18646
18648
18651
18653
18656
18658
18660
18663
18665
18668
18670
18673
18675
18678
18680
18683
18685
18687
18690
18692
18695
18697
18700
18702
18705
18707
18710
18713
18717
18721
18725
18729
18733
18737
18741
18745
18749
18753
18757
18761
18765
18768
18772
18776
18780
18784
18788
18792
18796
18800
18804
18808
18812
18816
18820
18822
18824
18827
18829
18831
18834
18836
18839
18841
18843
18846
18848
18851
18853
18855
18858
18860
18863
18865
18867
18870
18872
18875
18877
18879
18882
18884
18886
18889
18891
18894
18896
18898
18901
18903
18906
18908
18910
18913
18915
18918
18920
18922
18925
18927
18930
18933
18937
18941
18945
18949
18953
18957
18961
18965
18969
18973
18977
18981
18985
18989
18993
18996
19000
19004
19008
19012
19016
19020
19024
19028
19032
19036
19040
19044
19048
19052
19056
19060
19062
19065
19068
19070
19073
19076
19079
19081
19084
19087
19090
19092
19095
19098
19100
19103
19106
19109
19111
19114
19117
19119
19122
19125
19128
19130
19133
19136
19139
19141
19144
19147
19150
19152
19155
19158
19160
19163
19166
19169
19171
19174
19177
19180
19187
19195
19203
19211
19219
19226
19234
19242
19250
19258
19265
19273
19281
19289
19297
19305
19312
19320
19328
19336
19344
19351
19359
19367
19375
19383
19390
19398
19406
19414
19422
19430
19432
19435
19437
19440
19442
19445
19447
19450
19452
19455
19457
19460
19462
19465
19467
19470
19472
19474
19477
19480
19482
19485
19487
19490
19492
19495
19497
19500
19502
19505
19507
19509
19512
19515
19517
19520
19522
19525
19527
19529
19532
19535
19537
19540
19543
19547
19550
19554
19557
19561
19564
19568
19571
19575
19578
19582
19585
19589
19592
19596
19600
19603
19607
19610
19614
19617
19621
19624
19628
19631
19635
19638
19642
19645
19649
19652
19656
19660
19665
19670
19675
19680
19686
19691
19696
19701
19706
19712
19717
19722
19727
19733
19738
19743
19748
19753
19759
19764
19769
19774
19780
19785
19790
19795
19800
19806
19811
19816
19821
19826
19832
19837
19842
19847
19853
19858
19863
19868
19873
19879
19884
19889
19894
19900
19902
19904
19906
19908
19911
19913
19915
19917
19919
19922
19924
19926
19928
19931
19933
19935
19937
19939
19942
19944
19946
19948
19951
19953
19955
19957
19959
19962
19964
19966
19968
19971
19973
19975
19977
19980
19982
19984
19986
19988
19991
19993
19995
19997
20000
20002
20004
20006
20008
20011
20013
20015
20017
20020
20023
20027
20030
20034
20037
20041
20044
20048
20051
20055
20058
20062
20065
20069
20072
20076
20080
20083
20087
20090
20094
20097
20101
20104
20108
20111
20115
20118
20122
20125
20129
20132
20136
20140
20142
20145
20148
20150
20153
20156
20158
20161
20164
20166
20169
20172
20174
20177
20180
20182
20185
20188
20190
20193
20196
20198
20201
20204
20206
20209
20212
20214
20217
20220
20222
20225
20228
20230
20233
20236
20238
20241
20244
20246
20249
20252
20254
20257
20260
20263
20266
20269
20272
20275
20278
20282
20285
20288
20291
20294
20297
20301
20304
20307
20310
20313
20316
20320
20323
20326
20329
20332
20335
20338
20342
20345
20348
20351
20354
20357
20361
20364
20367
20370
20373
20376
20380
20383
20386
20389
20392
20395
20398
20401
20404
20407
20410
20413
20416
20419
20423
20426
20429
20432
20435
20438
20441
20444
20447
20450
20453
20456
20460
20463
20466
20469
20472
20475
20478
20481
20484
20487
20490
20493
20496
20500
20506
20512
20518
20525
20531
20537
20543
20550
20556
20562
20568
20575
20581
20587
20593
20600
20606
20612
20618
20625
20631
20637
20643
20650
20656
20662
20668
20675
20681
20687
20693
20700
20706
20712
20718
20725
20731
20737
20743
20750
20752
20754
20756
20758
20761
20763
20765
20767
20770
20772
20774
20776
20779
20781
20783
20785
20788
20790
20792
20794
20797
20799
20801
20803
20806
20808
20810
20812
20815
20817
20819
20821
20824
20826
20828
20830
20833
20835
20837
20839
20842
20844
20846
20848
20851
20853
20855
20857
20860
20884
20908
20932
20956
20980
20982
20985
20987
20990
20993
20995
20998
21000
21003
21006
21008
21011
21014
21016
21019
21021
21024
21027
21029
21032
21035
21037
21040
21042
21045
21048
21050
21053
21055
21058
21061
21063
21066
21069
21071
21074
21076
21079
21082
21084
21087
21090
21093
21096
21100
21103
21107
21110
21113
21117
21120
21124
21127
21131
21134
21137
21141
21144
21148
21151
21155
21158
21161
21165
21168
21172
21175
21178
21182
21185
21189
21192
21196
21199
21202
21206
21209
21213
21216
21220
21221
21223
21225
21227
21229
21231
21233
21235
21237
21239
21241
21243
21245
21247
21249
21251
21253
21255
21257
21259
21261
21263
21265
21267
21269
21270
21272
21274
21276
21278
21280
21282
21284
21286
21288
21290
21292
21294
21296
21298
21300
21302
21304
21306
21308
21310
21312
21314
21316
21318
21320
21323
21327
21331
21335
21339
21343
21347
21351
21355
21358
21362
21366
21370
21374
21378
21382
21386
21390
21393
21397
21401
21405
21409
21413
21417
21421
21425
21428
21432
21436
21440
21444
21448
21452
21456
21460
21462
21464
21466
21468
21470
21472
21474
21476
21478
21480
21482
21484
21486
21488
21490
21492
21494
21496
21498
21500
21502
21504
21506
21508
21511
21513
21515
21517
21519
21521
21523
21525
21527
21529
21531
21533
21535
21537
21539
21541
21543
21545
21547
21549
21551
21553
21555
21557
21560
21564
21568
21572
21576
21580
21584
21588
21592
21597
21601
21605
21609
21613
21617
21621
21625
21630
21634
21638
21642
21646
21650
21654
21658
21662
21667
21671
21675
21679
21683
21687
21691
21695
21700
21702
21704
21707
21709
21712
21714
21717
21719
21721
21724
21726
21729
21731
21734
21736
21739
21741
21744
21746
21748
21751
21753
21756
21758
21761
21763
21766
21768
21770
21773
21775
21778
21780
21783
21785
21788
21790
21792
21795
21797
21800
21802
21805
21807
21810
21875
21940
21942
21944
21946
21948
21951
21953
21955
21957
21960
21962
21964
21966
21968
21971
21973
21975
21977
21980
21982
21984
21986
21988
21991
21993
21995
21997
22000
22002
22004
22006
22008
22011
22013
22015
22017
22020
22022
22024
22026
22028
22031
22033
22035
22037
22040
22042
22044
22046
22048
22051
22053
22055
22057
22060
22064
22068
22072
22076
22080
22084
22088
22092
22096
22100
22104
22108
22112
22116
22120
22125
22129
22133
22137
22141
22145
22149
22153
22157
22161
22165
22169
22173
22177
22181
22185
22190
22192
22194
22196
22198
22200
22202
22205
22207
22209
22211
22213
22215
22218
22220
22222
22224
22226
22228
22230
22233
22235
22237
22239
22241
22243
22246
22248
22250
22252
22254
22256
22259
22261
22263
22265
22267
22269
22271
22274
22276
22278
22280
22282
22284
22287
22289
22291
22293
22295
22297
22300
22303
22307
22311
22315
22318
22322
22326
22330
22333
22337
22341
22345
22348
22352
22356
22360
22363
22367
22371
22375
22378
22382
22386
22390
22393
22397
22401
22405
22408
22412
22416
22420
22422
22424
22427
22429
22431
22434
22436
22438
22441
22443
22445
22448
22450
22452
22455
22457
22459
22462
22464
22466
22469
22471
22473
22476
22478
22480
22483
22485
22487
22490
22492
22494
22497
22499
22501
22504
22506
22508
22511
22513
22515
22518
22520
22522
22525
22527
22530
22534
22538
22542
22546
22550
22554
22558
22562
22567
22571
22575
22579
22583
22587
22591
22595
22600
22604
22608
22612
22616
22620
22624
22628
22632
22637
22641
22645
22649
22653
22657
22661
22665
22670
22672
22674
22677
22679
22681
22684
22686
22689
22691
22693
22696
22698
22701
22703
22705
22708
22710
22713
22715
22717
22720
22722
22725
22727
22729
22732
22734
22736
22739
22741
22744
22746
22748
22751
22753
22756
22758
22760
22763
22765
22768
22770
22772
22775
22777
22780
22792
22805
22817
22830
22842
22855
22867
22880
22892
22905
22917
22930
22942
22955
22967
22980
22992
23005
23017
23029
23042
23055
23067
23080
23082
23084
23086
23088
23091
23093
23095
23097
23099
23102
23104
23106
23108
23111
23113
23115
23117
23119
23122
23124
23126
23128
23131
23133
23135
23137
23139
23142
23144
23146
23148
23151
23153
23155
23157
23160
23162
23164
23166
23168
23171
23173
23175
23177
23180
23182
23184
23186
23188
23191
23193
23195
23197
23200
23207
23215
23223
23231
23239
23247
23255
23263
23271
23279
23287
23295
23303
23311
23318
23326
23334
23342
23350
23358
23366
23374
23382
23390
23398
23406
23414
23422
23430
23432
23435
23437
23440
23443
23445
23448
23451
23453
23456
23459
23461
23464
23466
23469
23472
23474
23477
23480
23482
23485
23488
23490
23493
23496
23498
23501
23503
23506
23509
23511
23514
23517
23519
23522
23525
23527
23530
23533
23535
23538
23540
23543
23546
23548
23551
23554
23556
23559
23562
23564
23567
23570
23572
23574
23577
23579
23581
23584
23586
23589
23591
23593
23596
23598
23601
23603
23605
23608
23610
23613
23615
23617
23620
23622
23625
23627
23629
23632
23634
23636
23639
23641
23644
23646
23648
23651
23653
23656
23658
23660
23663
23665
23668
23670
23672
23675
23677
23680
23683
23687
23690
23694
23697
23701
23704
23708
23711
23715
23719
23722
23726
23729
23733
23736
23740
23743
23747
23750
23754
23758
23761
23765
23768
23772
23775
23779
23782
23786
23790
23792
23795
23798
23801
23804
23807
23810
23813
23816
23818
23821
23824
23827
23830
23833
23836
23839
23842
23845
23847
23850
23853
23856
23859
23862
23865
23868
23871
23873
23876
23879
23882
23885
23888
23891
23894
23897
23900
23903
23906
23909
23912
23916
23919
23922
23925
23929
23932
23935
23938
23942
23945
23948
23951
23955
23958
23961
23964
23968
23971
23974
23977
23981
23984
23987
23990
23994
23997
24000
24003
24007
24010
24013
24016
24020
24048
24076
24104
24132
24160
24162
24164
24167
24169
24172
24174
24177
24179
24182
24184
24186
24189
24191
24194
24196
24199
24201
24204
24206
24209
24211
24213
24216
24218
24221
24223
24226
24228
24231
24233
24236
24238
24240
24243
24245
24248
24250
24253
24255
24258
24260
24263
24265
24267
24270
24272
24275
24277
24280
24282
24285
24287
24290
24294
24299
24304
24309
24314
24318
24323
24328
24333
24338
24342
24347
24352
24357
24362
24367
24371
24376
24381
24386
24391
24395
24400
24405
24410
24415
24420
24422
24424
24426
24428
24430
24432
24434
24436
24439
24441
24443
24445
24447
24449
24451
24453
24455
24458
24460
24462
24464
24466
24468
24470
24472
24475
24477
24479
24481
24483
24485
24487
24489
24491
24494
24496
24498
24500
24502
24504
24506
24508
24510
24513
24515
24517
24519
24521
24523
24525
24527
24530
24535
24540
24545
24550
24556
24561
24566
24571
24576
24582
24587
24592
24597
24603
24608
24613
24618
24623
24629
24634
24639
24644
24650
24652
24655
24658
24660
24663
24666
24668
24671
24674
24676
24679
24682
24684
24687
24690
24692
24695
24698
24700
24703
24706
24709
24711
24714
24717
24719
24722
24725
24727
24730
24733
24735
24738
24741
24743
24746
24749
24751
24754
24757
24760
24764
24768
24773
24777
24781
24786
24790
24794
24799
24803
24807
24812
24816
24820
24825
24829
24833
24838
24842
24846
24851
24855
24859
24864
24868
24872
24877
24881
24885
24890
24892
24895
24897
24900
24902
24905
24907
24910
24913
24915
24918
24920
24923
24925
24928
24930
24933
24936
24938
24941
24943
24946
24948
24951
24953
24956
24959
24961
24964
24966
24969
24971
24974
24976
24979
24982
24984
24987
24989
24992
24994
24997
25000
25003
25007
25010
25014
25018
25021
25025
25028
25032
25036
25039
25043
25046
25050
25054
25057
25061
25064
25068
25072
25075
25079
25083
25086
25090
25093
25097
25101
25104
25108
25111
25115
25119
25122
25126
25130
25132
25135
25137
25140
25142
25145
25147
25150
25153
25155
25158
25160
25163
25165
25168
25170
25173
25176
25178
25181
25183
25186
25188
25191
25193
25196
25199
25201
25204
25206
25209
25211
25214
25216
25219
25222
25224
25227
25229
25232
25234
25237
25240
25243
25246
25250
25253
25256
25259
25263
25266
25270
25273
25276
25279
25283
25286
25290
25293
25296
25300
25303
25306
25310
25313
25316
25320
25323
25326
25330
25333
25336
25340
25390
25439
25490
25492
25495
25497
25500
25502
25505
25507
25510
25513
25515
25518
25520
25523
25525
25528
25531
25533
25536
25538
25541
25543
25546
25548
25551
25554
25556
25559
25561
25564
25566
25569
25572
25574
25577
25579
25582
25584
25587
25590
25598
25606
25614
25622
25630
25638
25646
25654
25662
25670
25678
25686
25694
25702
25710
25719
25727
25735
25743
25751
25759
25767
25775
25783
25791
25799
25807
25815
25823
25831
25840
25844
25848
25853
25857
25862
25866
25871
25875
25880
25884
25888
25893
25897
25902
25906
25911
25915
25919
25924
25928
25933
25937
25942
25946
25951
25955
25960
25964
25968
25973
25977
25982
25986
25991
25995
26000
26004
26008
26013
26017
26022
26026
26031
26035
26040
26044
26048
26053
26057
26062
26066
26071
26075
26080
26082
26084
26086
26089
26091
26093
26095
26098
26100
26102
26104
26107
26109
26111
26113
26116
26118
26120
26123
26125
26127
26129
26132
26134
26136
26138
26141
26143
26145
26147
26150
26152
26154
26156
26159
26161
26163
26166
26168
26170
26172
26175
26177
26179
26181
26184
26186
26188
26190
26193
26195
26197
26200
26204
26208
26212
26216
26220
26224
26227
26232
26236
26240
26244
26248
26252
26256
26259
26264
26268
26272
26276
26280
26284
26288
26292
26296
26300
26304
26308
26312
26316
26320
26322
26325
26327
26330
26332
26335
26337
26340
26342
26345
26348
26350
26353
26355
26358
26360
26363
26365
26368
26370
26373
26376
26378
26381
26383
26386
26388
26391
26393
26396
26399
26401
26404
26406
26409
26411
26414
26416
26419
26421
26424
26427
26429
26432
26434
26437
26439
26442
26444
26447
26450
26453
26456
26460
26463
26466
26470
26473
26476
26480
26483
26486
26490
26493
26496
26500
26503
26506
26509
26513
26516
26520
26523
26526
26529
26533
26536
26540
26543
26546
26549
26553
26556
26560
26562
26565
26567
26570
26573
26575
26578
26580
26583
26586
26588
26591
26593
26596
26599
26601
26604
26606
26609
26612
26614
26617
26619
26622
26625
26627
26630
26633
26635
26638
26640
26643
26646
26648
26651
26653
26656
26659
26661
26664
26666
26669
26672
26674
26677
26680
26683
26686
26690
26693
26696
26700
26703
26706
26710
26713
26716
26720
26723
26726
26730
26733
26736
26740
26743
26746
26750
26753
26756
26759
26763
26766
26770
26773
26776
26779
26783
26786
26790
26793
26796
26799
26803
26806
26810
26812
26815
26818
26821
26824
26827
26830
26833
26836
26838
26841
26844
26847
26850
26853
26856
26859
26862
26865
26867
26870
26873
26876
26879
26882
26885
26888
26891
26893
26896
26899
26902
26905
26908
26911
26914
26917
26920
26922
26925
26927
26930
26933
26935
26938
26940
26943
26946
26948
26951
26954
26956
26959
26961
26964
26967
26969
26972
26975
26977
26980
26982
26985
26988
26990
26993
26995
26998
27001
27003
27006
27009
27011
27014
27016
27019
27022
27024
27027
27030
27073
27116
27160
27162
27164
27166
27168
27171
27173
27175
27177
27180
27182
27184
27186
27189
27191
27193
27195
27198
27200
27202
27204
27207
27209
27211
27213
27216
27218
27220
27222
27225
27227
27229
27231
27234
27236
27238
27240
27243
27245
27247
27249
27252
27254
27256
27258
27261
27263
27265
27267
27270
27305
27340
27375
27410
27412
27414
27416
27418
27420
27422
27425
27427
27429
27431
27433
27435
27438
27440
27442
27444
27446
27448
27450
27453
27455
27457
27459
27461
27463
27466
27468
27470
27472
27474
27476
27479
27481
27483
27485
27487
27489
27491
27494
27496
27498
27500
27502
27504
27507
27509
27511
27513
27515
27517
27520
27524
27528
27532
27536
27540
27544
27548
27552
27556
27560
27564
27568
27572
27576
27580
27584
27588
27592
27596
27600
27604
27608
27612
27616
27620
27624
27628
27632
27636
27640
27644
27648
27652
27656
27660
27663
27666
27669
27672
27675
27678
27681
27684
27687
27690
27693
27696
27699
27702
27705
27708
27711
27714
27717
27720
27723
27726
27729
27732
27735
27738
27741
27744
27747
27750
27753
27756
27759
27762
27765
27768
27771
27774
27777
27780
27782
27785
27788
27791
27793
27796
27799
27802
27805
27807
27810
27813
27816
27818
27821
27824
27827
27830
27832
27835
27838
27841
27843
27846
27849
27852
27855
27857
27860
27863
27866
27868
27871
27874
27877
27880
27882
27885
27888
27891
27893
27896
27899
27901
27904
27907
27910
27913
27915
27918
27921
27924
27926
27929
27932
27935
27937
27940
27943
27945
27948
27951
27954
27956
27959
27962
27965
27968
27970
27973
27976
27979
27981
27984
27987
27990
27996
28003
28009
28016
28022
28029
28036
28042
28049
28055
28062
28068
28075
28082
28088
28095
28101
28108
28115
28121
28128
28134
28141
28147
28154
28161
28167
28174
28180
28187
28193
28200
28207
28213
28220
28226
28233
28240
28242
28244
28246
28248
28251
28253
28255
28257
28259
28262
28264
28266
28268
28271
28273
28275
28277
28279
28282
28284
28286
28288
28291
28293
28295
28297
28300
28302
28304
28306
28308
28311
28313
28315
28317
28320
28322
28324
28326
28328
28331
28333
28335
28337
28340
28343
28347
28351
28355
28358
28362
28366
28370
28374
28377
28381
28385
28389
28392
28396
28400
28404
28408
28411
28415
28419
28423
28427
28430
28434
28438
28442
28445
28449
28453
28457
28461
28464
28468
28472
28476
28480
28482
28484
28486
28488
28490
28492
28494
28497
28499
28501
28503
28505
28507
28509
28511
28514
28516
28518
28520
28522
28524
28526
28528
28531
28533
28535
28537
28539
28541
28543
28545
28548
28550
28552
28554
28556
28558
28560
28562
28565
28567
28569
28571
28573
28575
28577
28580
28584
28589
28594
28598
28603
28608
28612
28617
28622
28627
28631
28636
28641
28645
28650
28655
28659
28664
28669
28674
28678
28683
28688
28692
28697
28702
28707
28711
28716
28721
28725
28730
28735
28740
28742
28744
28747
28750
28752
28755
28757
28759
28762
28765
28767
28770
28772
28775
28777
28780
28782
28785
28787
28790
28792
28795
28797
28800
28802
28805
28807
28810
28812
28815
28817
28820
28822
28825
28827
28830
28832
28835
28837
28840
28842
28845
28847
28850
28854
28858
28862
28866
28870
28874
28878
28882
28886
28890
28894
28898
28902
28906
28910
28914
28918
28922
28926
28930
28934
28938
28942
28945
28950
28954
28958
28962
28965
28970
28974
28977
28982
28985
28990
28992
28994
28996
28999
29001
29003
29006
29008
29010
29013
29015
29017
29020
29022
29024
29027
29029
29031
29034
29036
29038
29041
29043
29045
29048
29050
29052
29055
29057
29059
29062
29064
29066
29069
29071
29073
29076
29078
29080
29083
29085
29087
29090
29097
29105
29112
29120
29127
29135
29143
29150
29158
29165
29173
29180
29188
29196
29203
29211
29218
29226
29233
29241
29249
29256
29264
29271
29279
29286
29294
29302
29309
29317
29324
29332
29340
29342
29345
29348
29350
29353
29356
29358
29361
29364
29366
29369
29372
29374
29377
29380
29382
29385
29388
29390
29393
29396
29398
29401
29404
29406
29409
29412
29414
29417
29420
29422
29425
29428
29430
29433
29436
29438
29441
29444
29446
29449
29452
29454
29457
29460
29463
29467
29470
29474
29477
29481
29484
29488
29491
29495
29498
29502
29505
29509
29512
29516
29520
29523
29527
29530
29534
29537
29541
29544
29548
29551
29555
29558
29562
29565
29569
29572
29576
29580
29582
29585
29588
29591
29594
29597
29600
29603
29606
29609
29612
29615
29618
29621
29624
29627
29630
29633
29636
29639
29642
29645
29648
29651
29654
29657
29660
29663
29666
29669
29672
29675
29678
29681
29684
29687
29690
29693
29696
29700
29703
29707
29710
29713
29717
29720
29724
29727
29730
29734
29737
29741
29744
29748
29751
29754
29758
29761
29765
29768
29771
29775
29778
29782
29785
29789
29792
29795
29799
29802
29806
29809
29812
29816
29819
29823
29826
29830
29832
29835
29838
29841
29844
29846
29849
29852
29855
29858
29861
29863
29866
29869
29872
29875
29877
29880
29883
29886
29889
29892
29894
29897
29900
29903
29906
29908
29911
29914
29917
29920
29923
29925
29928
29931
29934
29937
29940
