28
56
84
112
140
170
200
230
260
296
333
370
394
418
442
465
490
518
546
574
602
630
656
682
708
734
760
784
808
832
856
880
910
940
970
1000
1025
1050
1075
1100
1122
1144
1166
1188
1210
1234
1260
1285
1310
1325
1341
1357
1372
1388
1404
1420
1435
1451
1467
1482
1498
1514
1530
1550
1570
1589
1609
1630
1648
1666
1685
1703
1721
1740
1776
1813
1850
1874
1898
1922
1946
1970
2000
2029
2060
2090
2150
2210
2231
2254
2276
2298
2320
2341
2363
2385
2406
2428
2450
2490
2530
2570
2610
2650
2690
2714
2738
2762
2786
2810
2840
2870
2900
2930
2954
2978
3002
3026
3050
3086
3123
3160
3187
3215
3242
3270
3295
3320
3345
3370
3397
3425
3452
3480
3513
3546
3580
3602
3624
3646
3668
3690
3714
3738
3762
3786
3810
3840
3870
3900
3930
3960
3990
4019
4050
4077
4105
4132
4160
4187
4215
4242
4270
4300
4330
4359
4390
4412
4434
4455
4478
4500
4527
4555
4582
4610
4630
4650
4670
4690
4710
4730
4770
4810
4850
4899
4950
5000
5028
5056
5084
5112
5140
5162
5184
5205
5228
5250
5282
5314
5347
5380
5407
5435
5462
5490
5515
5540
5564
5590
5633
5676
5720
5738
5756
5775
5793
5811
5830
5852
5875
5898
5921
5944
5967
5990
6023
6056
6090
6117
6145
6172
6200
6233
6266
6300
6330
6359
6390
6420
6455
6490
6524
6560
6609
6660
6710
6732
6754
6776
6798
6820
6844
6868
6892
6916
6940
6970
7000
7029
7060
7084
7108
7132
7156
7180
7216
7253
7290
7336
7383
7430
7476
7523
7570
7594
7618
7642
7666
7690
7717
7745
7772
7800
7855
7910
7950
7989
8029
8054
8077
8102
8125
8150
8189
8230
8270
8320
8370
8430
8490
8550
8610
8670
8730
8780
8830
8860
8890
8920
8950
9000
9050
9086
9123
9160
9187
9215
9242
9270
9303
9336
9370
9397
9425
9452
9480
9501
9523
9545
9566
9588
9610
9631
9653
9675
9696
9718
9740
9768
9796
9824
9852
9880
9923
9966
10010
10037
10065
10092
10120
10137
10154
10171
10188
10205
10222
10240
10265
10290
10315
10340
10362
10384
10405
10427
10450
10477
10504
10532
10560
10584
10608
10632
10656
10680
10701
10723
10745
10766
10788
10810
10840
10870
10900
10930
10957
10985
11012
11040
11070
11100
11129
11160
11187
11215
11242
11270
11292
11314
11336
11358
11380
11416
11453
11490
11523
11556
11590
11617
11645
11672
11700
11727
11754
11782
11810
11837
11865
11892
11920
11943
11968
11992
12016
12040
12065
12090
12115
12140
12180
12220
12260
12286
12312
12338
12364
12390
12416
12442
12468
12494
12520
12550
12580
12610
12640
12662
12684
12706
12728
12750
12775
12800
12825
12850
12882
12915
12947
12980
13013
13046
13080
13107
13135
13162
13190
13219
13250
13280
13310
13332
13354
13376
13398
13420
13443
13468
13492
13516
13540
13590
13640
13670
13700
13730
13760
13796
13833
13870
13895
13921
13948
13974
14000
14033
14066
14100
14129
14160
14190
14220
14244
14268
14292
14316
14340
14376
14413
14450
14472
14494
14516
14538
14560
14588
14616
14644
14671
14700
14725
14750
14775
14800
14827
14855
14882
14910
14937
14965
14992
15020
15060
15100
15140
15167
15195
15222
15250
15272
15294
15315
15338
15360
15386
15411
15438
15464
15490
15523
15556
15590
15614
15638
15662
15686
15710
15760
15810
15834
15858
15882
15906
15930
15952
15974
15995
16018
16040
16073
16106
16140
16167
16195
16222
16250
16274
16298
16322
16346
16370
16402
16435
16467
16500
16533
16566
16600
16627
16655
16682
16710
16740
16770
16799
16830
16860
16890
16919
16950
16976
17002
17028
17054
17080
17107
17134
17162
17190
17217
17245
17272
17300
17322
17344
17366
17388
17410
17440
17470
17500
17530
17554
17578
17602
17625
17650
17672
17694
17716
17738
17760
17793
17826
17860
17886
17912
17938
17964
17990
18015
18040
18064
18090
18122
18155
18187
18220
18244
18270
18295
18320
18350
18380
18410
18440
18466
18492
18518
18544
18570
18594
18618
18642
18666
18690
18720
18750
18780
18810
18837
18865
18892
18920
18947
18975
19002
19030
19062
19095
19127
19160
19187
19215
19242
19270
19295
19320
19345
19370
19402
19435
19467
19500
19524
19548
19572
19596
19620
19650
19680
19710
19740
19770
19799
19830
19860
19881
19904
19926
19948
19970
19997
20025
20052
20080
20110
20140
20169
20200
20230
20259
20290
20320
20344
20368
20392
20416
20440
20467
20495
20522
20550
20576
20602
20628
20654
20680
20704
20728
20752
20776
20800
20835
20870
20905
20940
20970
21000
21030
21060
21090
21119
21150
21180
21206
21232
21258
21284
21310
21337
21365
21392
21420
21455
21490
21525
21560
21587
21615
21642
21670
21707
21745
21782
21820
21866
21913
21960
22020
22080
22133
22186
22240
22290
22340
22400
22460
22525
22590
22640
22689
22740
22776
22813
22850
22896
22943
22990
23015
23040
23064
23090
23143
23196
23250
23270
23290
23310
23330
23350
23377
23405
23432
23460
23480
23500
23520
23540
23560
23580
23601
23623
23645
23666
23688
23710
23743
23776
23810
23840
23869
23900
23930
23953
23976
24000
24023
24046
24070
24113
24156
24200
24233
24266
24300
24324
24348
24372
24396
24420
24455
24490
24525
24560
24587
24615
24642
24670
24698
24726
24754
24782
24810
24830
24849
24869
24890
24910
24930
24948
24966
24985
25003
25021
25040
25064
25088
25112
25136
25160
25170
25181
25192
25203
25214
25225
25236
25247
25258
25269
25280
25291
25302
25313
25324
25335
25346
25357
25368
25379
25390
25397
25405
25413
25421
25429
25437
25445
25452
25460
25468
25476
25484
25492
25500
25507
25515
25523
25530
25538
25546
25553
25561
25569
25576
25584
25592
25600
25610
25620
25630
25640
25650
25660
25670
25680
25690
25700
25710
25723
25737
25751
25765
25778
25792
25806
25820
25838
25856
25875
25893
25911
25930
25952
25974
25996
26018
26040
26055
26071
26087
26102
26118
26134
26150
26172
26194
26216
26238
26260
26290
26320
26350
26380
26490
26529
26570
26610
26669
26730
26790
26822
26855
26887
26920
26947
26975
27002
27030
27070
27110
27150
27193
27236
27280
27307
27335
27362
27390
27412
27434
27456
27478
27500
27520
27540
27560
27580
27600
27624
27648
27672
27695
27720
27740
27759
27780
27800
27820
27833
27847
27861
27875
27888
27902
27916
27930
27941
27952
27963
27974
27985
27996
28006
28018
28029
28040
28050
28060
28070
28080
28090
28099
28110
28119
28130
28139
28150
28169
28189
28210
28230
28250
28270
28286
28303
28320
28336
28353
28370
28385
28400
28415
28430
28445
28460
28474
28490
28509
28529
28550
28570
28590
28616
28642
28668
28694
28720
28735
28750
28765
28780
28794
28810
28825
28840
28855
28871
28887
28902
28918
28934
28950
28968
28986
29005
29023
29041
29060
29070
29081
29092
29103
29114
29125
29136
29147
29158
29169
29180
29191
29202
29213
29224
29235
29246
29256
29268
29279
29290
29302
29314
29327
29340
29352
29365
29377
29390
29405
29420
29435
29450
29465
29480
29495
29510
29522
29535
29547
29560
29572
29585
29597
29610
29628
29646
29665
29683
29701
29720
29740
29759
29780
29800
29820
29841
29863
29884
29906
29928
29950
