4
9
14
19
23
28
33
38
43
47
52
57
62
67
72
76
81
86
91
95
100
105
110
115
120
123
126
130
133
137
140
144
147
151
154
157
161
164
168
171
175
178
182
185
188
192
195
199
202
206
209
213
216
220
223
227
231
234
238
242
245
249
253
256
260
264
267
271
275
278
282
286
289
293
297
300
304
308
311
315
319
322
326
330
333
337
341
345
349
353
356
360
364
368
372
376
380
383
387
391
395
399
403
406
410
414
418
422
426
430
434
438
443
447
452
456
460
465
469
474
478
482
487
491
496
500
504
509
513
518
522
526
531
535
540
543
547
551
555
559
563
566
570
574
578
582
586
590
593
597
601
605
609
613
616
620
624
628
632
636
640
644
648
652
656
660
664
668
672
676
680
684
688
692
697
701
705
709
713
717
721
725
729
733
737
741
745
750
754
758
763
767
772
776
780
785
789
794
798
802
807
811
816
820
824
829
833
838
842
846
851
855
860
864
868
872
876
880
885
889
893
897
901
905
909
914
918
922
926
930
934
939
943
947
951
955
960
963
966
969
972
975
978
982
985
988
991
994
997
1000
1004
1007
1010
1013
1016
1019
1022
1026
1029
1032
1035
1038
1041
1044
1048
1051
1054
1057
1060
1063
1066
1070
1072
1075
1078
1081
1083
1086
1089
1092
1095
1097
1100
1103
1106
1108
1111
1114
1117
1120
1122
1125
1128
1131
1133
1136
1139
1142
1145
1147
1150
1153
1156
1158
1161
1164
1167
1170
1173
1176
1180
1183
1187
1190
1194
1197
1200
1204
1207
1211
1214
1218
1221
1225
1228
1231
1235
1238
1242
1245
1249
1252
1255
1259
1262
1266
1269
1273
1276
1280
1285
1290
1295
1301
1306
1311
1316
1322
1327
1332
1337
1343
1348
1353
1358
1364
1369
1374
1380
1384
1389
1393
1398
1402
1407
1412
1416
1421
1425
1430
1435
1439
1444
1448
1453
1457
1462
1467
1471
1476
1480
1485
1490
1494
1498
1503
1507
1512
1516
1520
1525
1529
1534
1538
1542
1547
1551
1556
1560
1564
1569
1573
1578
1582
1586
1591
1595
1600
1605
1611
1617
1623
1629
1635
1641
1647
1652
1658
1664
1670
1676
1682
1688
1694
1700
1705
1710
1716
1722
1727
1733
1738
1744
1749
1755
1760
1766
1771
1777
1782
1788
1793
1799
1804
1810
1814
1819
1823
1828
1832
1837
1841
1846
1850
1855
1859
1864
1869
1873
1878
1882
1887
1891
1896
1900
1905
1910
1916
1922
1928
1934
1940
1946
1952
1958
1964
1969
1975
1981
1987
1993
1999
2005
2012
2017
2024
2029
2035
2041
2047
2053
2058
2064
2070
2076
2082
2087
2093
2099
2105
2111
2116
2122
2128
2134
2140
2144
2148
2152
2156
2161
2165
2169
2173
2178
2182
2186
2190
2195
2199
2203
2207
2211
2216
2220
2224
2228
2233
2237
2241
2245
2250
2254
2259
2264
2269
2273
2278
2283
2288
2293
2297
2302
2307
2312
2316
2321
2326
2331
2336
2340
2345
2350
2355
2360
2364
2369
2373
2378
2382
2387
2391
2396
2400
2405
2410
2414
2419
2423
2428
2432
2437
2441
2446
2450
2455
2460
2464
2468
2473
2477
2481
2486
2490
2495
2499
2504
2508
2512
2517
2521
2526
2530
2534
2539
2543
2548
2552
2556
2561
2565
2570
2575
2580
2585
2591
2596
2601
2606
2612
2617
2622
2627
2633
2638
2643
2648
2654
2659
2664
2670
2675
2680
2685
2690
2696
2701
2706
2711
2716
2722
2727
2732
2737
2743
2748
2753
2758
2763
2769
2774
2779
2784
2790
2794
2798
2802
2806
2810
2814
2818
2822
2826
2830
2834
2838
2842
2846
2850
2854
2858
2862
2866
2870
2874
2878
2882
2886
2890
2895
2900
2905
2910
2915
2920
2925
2930
2935
2940
2945
2950
2955
2960
2965
2970
2975
2980
2985
2990
2995
3000
3004
3009
3013
3018
3022
3027
3032
3036
3041
3045
3050
3054
3059
3064
3068
3073
3077
3082
3087
3091
3096
3100
3105
3110
3115
3120
3125
3131
3136
3141
3146
3152
3157
3162
3167
3173
3178
3183
3188
3194
3199
3204
3210
3217
3225
3233
3241
3249
3257
3265
3272
3280
3288
3296
3304
3312
3320
3325
3331
3337
3343
3349
3355
3361
3367
3372
3378
3384
3390
3396
3402
3408
3414
3420
3425
3429
3435
3440
3445
3449
3455
3460
3465
3469
3474
3480
3485
3489
3494
3500
3505
3510
3514
3520
3525
3530
3534
3540
3545
3550
3554
3559
3565
3570
3574
3580
3585
3590
3594
3599
3605
3610
3614
3620
3625
3630
3637
3645
3653
3661
3669
3677
3685
3692
3700
3708
3716
3724
3732
3740
3745
3750
3755
3760
3765
3770
3775
3780
3785
3790
3795
3800
3805
3810
3815
3820
3825
3830
3835
3840
3845
3850
3854
3858
3863
3867
3871
3876
3880
3884
3889
3893
3897
3902
3906
3910
3915
3919
3923
3928
3932
3936
3941
3945
3950
3955
3960
3965
3970
3976
3981
3986
3991
3997
4002
4007
4012
4018
4023
4028
4033
4039
4044
4049
4054
4059
4064
4069
4073
4078
4082
4087
4091
4096
4100
4105
4109
4114
4119
4123
4128
4132
4137
4141
4146
4150
4155
4160
4165
4171
4176
4182
4187
4193
4198
4204
4209
4215
4220
4226
4231
4237
4242
4247
4253
4258
4264
4270
4276
4282
4289
4295
4302
4308
4315
4321
4328
4334
4341
4347
4354
4360
4367
4373
4380
4386
4391
4398
4404
4410
4416
4422
4428
4434
4439
4446
4452
4458
4464
4470
4476
4482
4488
4494
4500
4509
4518
4527
4537
4546
4555
4564
4574
4583
4592
4602
4611
4620
4630
4634
4639
4644
4649
4653
4658
4663
4668
4673
4677
4682
4687
4692
4696
4701
4706
4711
4716
4720
4725
4730
4735
4740
4745
4750
4755
4760
4766
4771
4776
4781
4787
4792
4797
4802
4808
4813
4818
4823
4829
4834
4839
4844
4850
4854
4859
4864
4869
4873
4878
4883
4888
4892
4897
4902
4907
4911
4916
4921
4926
4930
4935
4940
4945
4950
4954
4959
4964
4969
4973
4978
4983
4988
4993
4997
5002
5007
5012
5016
5021
5026
5031
5036
5040
5045
5050
5055
5060
5065
5071
5076
5082
5087
5093
5098
5104
5109
5115
5120
5125
5131
5137
5142
5148
5153
5159
5164
5170
5176
5182
5188
5194
5200
5206
5212
5218
5225
5231
5237
5243
5249
5255
5261
5267
5273
5280
5284
5289
5294
5299
5303
5308
5313
5318
5322
5327
5332
5337
5341
5346
5351
5356
5360
5365
5370
5375
5380
5384
5389
5393
5398
5402
5407
5412
5416
5421
5425
5430
5435
5439
5444
5448
5453
5457
5462
5467
5471
5476
5480
5485
5490
5494
5499
5503
5508
5512
5517
5522
5526
5531
5535
5540
5545
5549
5554
5558
5563
5567
5572
5577
5581
5586
5590
5595
5600
5606
5612
5618
5625
5631
5637
5643
5650
5656
5662
5668
5675
5681
5687
5693
5700
5706
5712
5718
5724
5730
5736
5742
5748
5755
5761
5767
5773
5779
5785
5791
5797
5803
5810
5814
5819
5824
5830
5835
5840
5845
5850
5854
5859
5865
5870
5875
5880
5885
5890
5895
5900
5905
5910
5915
5920
5925
5930
5936
5941
5946
5951
5957
5962
5967
5972
5978
5983
5988
5993
5999
6004
6009
6014
6020
6026
6032
6039
6045
6052
6058
6065
6071
6078
6084
6091
6097
6104
6110
6117
6123
6130
6136
6142
6148
6154
6160
6166
6172
6178
6185
6191
6197
6203
6209
6215
6221
6227
6233
6240
6247
6254
6261
6268
6275
6282
6289
6296
6303
6310
6317
6324
6331
6338
6345
6352
6360
6364
6369
6374
6379
6383
6388
6393
6398
6402
6407
6412
6417
6421
6426
6431
6436
6440
6445
6450
6455
6460
6465
6471
6476
6482
6487
6493
6498
6504
6509
6515
6520
6526
6531
6537
6542
6548
6553
6559
6564
6570
6575
6580
6585
6591
6596
6601
6606
6612
6617
6622
6627
6633
6638
6643
6648
6654
6659
6664
6670
6675
6681
6687
6693
6698
6704
6710
6716
6722
6727
6733
6739
6745
6751
6756
6762
6768
6774
6780
6785
6790
6795
6800
6805
6810
6815
6820
6825
6830
6835
6840
6845
6850
6855
6860
6865
6870
6875
6880
6885
6890
6895
6900
6905
6910
6915
6920
6925
6930
6935
6940
6945
6950
6955
6960
6965
6970
6975
6980
6985
6990
6995
7000
7005
7010
7016
7021
7026
7031
7037
7042
7047
7052
7058
7063
7068
7073
7079
7084
7089
7094
7100
7105
7111
7116
7122
7127
7133
7138
7144
7150
7155
7161
7166
7172
7177
7183
7188
7194
7200
7205
7210
7215
7220
7225
7230
7235
7240
7245
7250
7255
7260
7265
7270
7274
7279
7285
7290
7295
7300
7305
7310
7317
7325
7333
7340
7348
7356
7363
7371
7379
7386
7394
7402
7410
7415
7421
7426
7432
7437
7443
7448
7454
7459
7465
7470
7476
7481
7487
7492
7497
7503
7508
7514
7520
7524
7528
7532
7536
7541
7545
7549
7553
7558
7562
7566
7570
7574
7579
7583
7587
7591
7596
7600
7604
7608
7613
7617
7621
7625
7630
7635
7640
7645
7650
7655
7660
7665
7670
7675
7680
7685
7690
7695
7700
7705
7710
7715
7720
7725
7730
7735
7740
7745
7751
7757
7763
7768
7774
7780
7786
7792
7797
7803
7809
7815
7821
7826
7832
7838
7844
7850
7855
7860
7865
7871
7876
7881
7886
7892
7897
7902
7907
7913
7918
7923
7928
7934
7939
7944
7950
7955
7960
7965
7970
7976
7981
7986
7991
7997
8002
8007
8012
8018
8023
8028
8033
8039
8044
8049
8054
8060
8064
8069
8074
8079
8083
8088
8093
8098
8102
8107
8112
8117
8121
8126
8131
8136
8140
8145
8150
8155
8160
8165
8171
8177
8183
8188
8194
8200
8206
8212
8217
8223
8229
8235
8241
8246
8252
8258
8264
8270
8275
8281
8287
8293
8298
8304
8310
8316
8322
8327
8333
8339
8345
8351
8356
8362
8368
8374
8380
8385
8391
8397
8403
8408
8414
8420
8426
8432
8437
8443
8449
8455
8461
8466
8472
8478
8484
8490
8496
8502
8509
8515
8522
8528
8535
8541
8548
8554
8561
8567
8574
8580
8587
8593
8600
8607
8614
8622
8629
8636
8644
8651
8658
8666
8673
8680
8688
8695
8702
8710
8715
8721
8727
8733
8738
8744
8750
8756
8762
8767
8773
8779
8785
8791
8796
8802
8808
8814
8820
8825
8831
8837
8843
8849
8855
8861
8867
8872
8878
8884
8890
8896
8902
8908
8914
8920
8925
8931
8937
8943
8948
8954
8960
8966
8972
8977
8983
8989
8995
9001
9006
9012
9018
9024
9030
9035
9041
9046
9052
9057
9063
9068
9074
9080
9085
9091
9096
9102
9107
9113
9118
9124
9130
9135
9141
9146
9152
9157
9163
9168
9174
9179
9185
9190
9196
9201
9207
9212
9218
9223
9229
9234
9240
9246
9252
9258
9265
9271
9277
9284
9290
9296
9303
9309
9315
9322
9328
9334
9341
9347
9353
9360
9367
9375
9383
9390
9398
9406
9413
9421
9429
9436
9444
9452
9460
9463
9466
9470
9473
9476
9480
9483
9486
9490
9493
9496
9500
9503
9506
9510
9513
9516
9520
9523
9526
9530
9533
9536
9540
9543
9546
9550
9553
9556
9560
9563
9566
9570
9573
9577
9581
9584
9588
9592
9595
9599
9603
9607
9610
9614
9618
9621
9625
9629
9632
9636
9640
9644
9647
9651
9655
9658
9662
9666
9670
9676
9683
9690
9697
9704
9711
9718
9725
9731
9738
9745
9752
9759
9766
9773
9780
9785
9791
9796
9802
9807
9813
9818
9824
9830
9835
9841
9846
9852
9857
9863
9868
9874
9880
9885
9891
9896
9902
9907
9913
9918
9924
9929
9935
9940
9946
9951
9957
9962
9968
9973
9979
9984
9990
9995
10001
10006
10012
10017
10023
10028
10034
10039
10045
10050
10056
10061
10067
10072
10078
10083
10089
10094
10100
10106
10112
10118
10125
10131
10137
10143
10149
10156
10162
10168
10174
10181
10187
10193
10200
10203
10207
10210
10214
10217
10221
10224
10228
10231
10235
10239
10242
10246
10249
10253
10256
10260
10263
10267
10270
10274
10278
10281
10285
10288
10292
10295
10299
10302
10306
10310
10314
10318
10323
10327
10331
10336
10340
10344
10349
10353
10357
10362
10366
10370
10375
10379
10383
10388
10392
10396
10401
10405
10410
10413
10416
10420
10423
10426
10430
10433
10436
10440
10443
10446
10450
10453
10456
10459
10463
10466
10470
10473
10476
10480
10483
10486
10490
10493
10496
10500
10503
10506
10510
10513
10516
10520
10523
10526
10530
10533
10537
10540
10544
10547
10550
10554
10557
10561
10564
10568
10571
10575
10578
10581
10585
10588
10592
10595
10599
10602
10605
10609
10612
10616
10619
10623
10626
10630
10633
10636
10640
10643
10647
10650
10654
10657
10660
10664
10667
10671
10674
10678
10681
10685
10688
10691
10695
10698
10702
10705
10709
10712
10715
10719
10722
10726
10729
10733
10736
10740
10743
10746
10750
10753
10756
10760
10763
10766
10770
10773
10776
10780
10783
10786
10790
10793
10796
10800
10803
10806
10810
10813
10816
10820
10823
10826
10830
10833
10836
10840
10843
10846
10850
10854
10857
10862
10866
10870
10873
10878
10882
10886
10889
10894
10898
10902
10905
10910
10914
10918
10921
10926
10930
10934
10937
10942
10946
10950
10954
10959
10964
10969
10973
10978
10983
10988
10993
10997
11002
11007
11012
11016
11021
11026
11031
11036
11040
11045
11050
11055
11060
11064
11068
11072
11076
11080
11084
11088
11092
11096
11100
11104
11108
11112
11116
11120
11124
11128
11132
11136
11140
11144
11148
11152
11156
11160
11163
11167
11171
11175
11178
11182
11186
11190
11194
11197
11201
11205
11209
11213
11216
11220
11224
11228
11232
11235
11239
11243
11247
11251
11254
11258
11262
11266
11270
11274
11279
11283
11288
11293
11297
11302
11306
11311
11316
11320
11325
11330
11334
11339
11343
11348
11353
11357
11362
11366
11371
11376
11380
11385
11390
11393
11397
11400
11404
11407
11411
11414
11418
11421
11425
11429
11432
11436
11439
11443
11446
11450
11453
11457
11460
11464
11468
11471
11475
11478
11482
11485
11489
11492
11496
11500
11503
11507
11510
11514
11518
11521
11525
11529
11532
11536
11540
11543
11547
11550
11554
11558
11561
11565
11569
11572
11576
11580
11583
11587
11590
11594
11598
11601
11605
11609
11612
11616
11620
11623
11627
11631
11634
11638
11642
11645
11649
11653
11657
11660
11664
11668
11671
11675
11679
11682
11686
11690
11694
11697
11701
11705
11708
11712
11716
11720
11723
11726
11730
11733
11737
11740
11744
11747
11750
11754
11757
11761
11764
11768
11771
11775
11778
11781
11785
11788
11792
11795
11799
11802
11805
11809
11812
11816
11819
11823
11826
11830
11833
11837
11840
11844
11847
11851
11855
11858
11862
11865
11869
11872
11876
11879
11883
11887
11890
11894
11897
11901
11905
11908
11912
11915
11919
11922
11926
11930
11934
11938
11942
11947
11951
11955
11960
11964
11968
11972
11977
11981
11985
11990
11994
11998
12002
12007
12011
12015
12020
12024
12028
12032
12037
12041
12045
12050
12053
12056
12059
12062
12066
12069
12072
12075
12079
12082
12085
12088
12091
12095
12098
12101
12104
12108
12111
12114
12117
12120
12124
12127
12130
12133
12137
12140
12143
12146
12150
12153
12157
12161
12164
12168
12172
12175
12179
12183
12186
12190
12194
12197
12201
12205
12208
12212
12216
12219
12223
12227
12230
12234
12238
12241
12245
12249
12252
12256
12260
12265
12270
12275
12280
12286
12291
12296
12301
12307
12312
12317
12322
12328
12333
12338
12343
12349
12354
12359
12364
12370
12373
12376
12379
12382
12386
12389
12392
12395
12399
12402
12405
12408
12411
12415
12418
12421
12424
12428
12431
12434
12437
12440
12444
12447
12450
12453
12457
12460
12463
12466
12470
12473
12476
12480
12483
12486
12490
12493
12496
12500
12503
12506
12510
12513
12516
12520
12523
12526
12530
12533
12536
12540
12543
12546
12550
12553
12556
12560
12563
12566
12570
12573
12576
12580
12583
12587
12591
12594
12598
12602
12605
12609
12613
12617
12620
12624
12628
12631
12635
12639
12642
12646
12650
12654
12657
12661
12665
12668
12672
12676
12680
12683
12687
12690
12694
12698
12702
12705
12709
12713
12716
12720
12724
12727
12731
12735
12738
12742
12745
12749
12753
12757
12760
12764
12767
12771
12775
12779
12782
12786
12790
12793
12797
12801
12805
12809
12813
12816
12820
12824
12828
12832
12836
12840
12843
12847
12851
12855
12859
12863
12866
12870
12874
12878
12882
12886
12890
12893
12896
12899
12902
12906
12909
12912
12915
12919
12922
12925
12928
12932
12935
12938
12941
12945
12948
12951
12954
12957
12961
12964
12967
12970
12974
12977
12980
12983
12987
12990
12993
12996
13000
13005
13011
13016
13022
13027
13033
13038
13044
13049
13055
13060
13065
13071
13077
13082
13088
13093
13099
13104
13110
13113
13116
13120
13123
13127
13130
13134
13137
13141
13144
13147
13151
13154
13158
13161
13165
13168
13172
13175
13178
13182
13185
13189
13192
13196
13199
13203
13206
13210
13213
13217
13220
13224
13227
13231
13234
13238
13241
13245
13249
13252
13256
13259
13263
13266
13270
13273
13277
13280
13284
13288
13291
13295
13298
13302
13305
13309
13312
13316
13320
13323
13326
13330
13333
13336
13340
13343
13346
13350
13353
13356
13360
13363
13366
13370
13373
13376
13380
13383
13386
13390
13393
13396
13400
13403
13406
13410
13413
13416
13420
13424
13428
13433
13437
13442
13446
13450
13455
13459
13464
13468
13472
13477
13481
13485
13490
13494
13499
13503
13508
13512
13516
13521
13525
13530
13533
13537
13541
13544
13548
13552
13555
13559
13563
13567
13570
13574
13578
13581
13585
13589
13592
13596
13600
13604
13607
13611
13615
13618
13622
13626
13630
13634
13638
13642
13647
13651
13655
13660
13664
13668
13672
13677
13681
13685
13690
13694
13698
13702
13707
13711
13715
13720
13724
13728
13732
13737
13741
13745
13750
13753
13757
13760
13764
13767
13771
13774
13778
13781
13785
13789
13792
13796
13799
13803
13806
13810
13813
13817
13820
13824
13828
13831
13835
13838
13842
13845
13849
13852
13856
13860
13863
13867
13871
13875
13879
13883
13886
13890
13894
13898
13902
13906
13910
13913
13917
13921
13925
13929
13933
13936
13940
13944
13948
13952
13956
13960
13962
13965
13968
13971
13974
13977
13980
13983
13986
13989
13992
13995
13998
14001
14004
14007
14010
14013
14016
14019
14022
14025
14028
14031
14034
14037
14040
14043
14046
14049
14052
14055
14058
14061
14064
14067
14070
14074
14079
14083
14088
14092
14097
14101
14106
14110
14115
14120
14124
14129
14133
14138
14142
14147
14151
14156
14160
14165
14170
14173
14176
14179
14182
14186
14189
14192
14195
14199
14202
14205
14208
14212
14215
14218
14221
14225
14228
14231
14234
14237
14241
14244
14247
14250
14254
14257
14260
14263
14267
14270
14273
14276
14280
14282
14285
14288
14291
14293
14296
14299
14302
14305
14307
14310
14313
14316
14318
14321
14324
14327
14330
14332
14335
14338
14341
14343
14346
14349
14352
14355
14357
14360
14363
14366
14368
14371
14374
14377
14380
14383
14386
14389
14392
14396
14399
14402
14405
14409
14412
14415
14418
14422
14425
14428
14431
14435
14438
14441
14444
14448
14451
14454
14457
14461
14464
14467
14470
14474
14477
14480
14483
14487
14490
14493
14496
14500
14503
14506
14510
14513
14516
14520
14523
14526
14530
14533
14536
14540
14543
14546
14549
14553
14556
14560
14563
14566
14570
14573
14576
14580
14583
14586
14590
14593
14596
14600
14603
14606
14610
14612
14615
14618
14621
14624
14627
14630
14633
14636
14639
14642
14645
14648
14651
14654
14657
14660
14662
14665
14668
14671
14674
14677
14680
14683
14686
14689
14692
14695
14698
14701
14704
14707
14710
14713
14716
14720
14723
14726
14730
14733
14736
14740
14743
14746
14750
14753
14756
14760
14763
14766
14770
14773
14776
14780
14783
14786
14790
14793
14796
14800
14803
14806
14810
14813
14816
14820
14823
14826
14829
14832
14836
14839
14842
14845
14849
14852
14855
14858
14861
14865
14868
14871
14874
14878
14881
14884
14887
14890
14894
14897
14900
14903
14907
14910
14913
14916
14920
14923
14926
14929
14932
14936
14939
14942
14945
14949
14952
14955
14958
14962
14965
14968
14971
14975
14978
14981
14984
14987
14991
14994
14997
15000
15004
15007
15010
15013
15017
15020
15023
15026
15030
15033
15036
15039
15042
15045
15048
15051
15054
15057
15060
15063
15066
15069
15072
15075
15078
15081
15084
15087
15090
15093
15096
15099
15102
15105
15108
15111
15114
15117
15120
15123
15126
15130
15132
15135
15138
15141
15144
15147
15150
15153
15156
15159
15162
15165
15168
15171
15174
15177
15180
15183
15186
15189
15192
15195
15198
15201
15204
15207
15210
15213
15216
15219
15222
15225
15228
15231
15234
15237
15240
15243
15246
15249
15252
15256
15259
15262
15265
15269
15272
15275
15278
15282
15285
15288
15291
15295
15298
15301
15304
15307
15311
15314
15317
15320
15324
15327
15330
15333
15337
15340
15343
15346
15350
15353
15357
15361
15364
15368
15372
15375
15379
15383
15387
15390
15394
15398
15401
15405
15409
15412
15416
15420
15424
15427
15431
15435
15438
15442
15446
15450
15453
15456
15459
15462
15465
15468
15472
15475
15478
15481
15484
15487
15490
15494
15497
15500
15503
15506
15509
15512
15516
15519
15522
15525
15528
15531
15534
15538
15541
15544
15547
15550
15553
15556
15560
15563
15567
15571
15575
15579
15583
15586
15590
15594
15598
15602
15606
15610
15613
15617
15621
15625
15629
15633
15636
15640
15644
15648
15652
15656
15660
15664
15668
15672
15676
15680
15684
15688
15692
15696
15700
15704
15708
15712
15717
15721
15725
15729
15733
15737
15741
15745
15749
15753
15757
15761
15765
15770
15773
15777
15781
15785
15788
15792
15796
15800
15804
15807
15811
15815
15819
15823
15826
15830
15834
15838
15842
15845
15849
15853
15857
15861
15864
15868
15872
15876
15880
15883
15887
15891
15895
15899
15903
15907
15911
15915
15919
15923
15927
15931
15935
15938
15942
15946
15950
15954
15958
15962
15966
15970
15974
15978
15982
15986
15990
15996
16002
16009
16015
16022
16028
16035
16041
16048
16054
16061
16067
16074
16080
16087
16093
16100
16104
16109
16114
16119
16123
16128
16133
16138
16142
16147
16152
16157
16161
16166
16171
16176
16180
16185
16190
16195
16200
16205
16211
16217
16222
16228
16234
16239
16245
16251
16257
16262
16268
16274
16280
16285
16291
16297
16302
16308
16314
16320
16325
16331
16337
16343
16348
16354
16360
16366
16372
16377
16383
16389
16395
16401
16406
16412
16418
16424
16430
16434
16439
16443
16448
16452
16457
16462
16466
16471
16475
16480
16485
16489
16494
16498
16503
16507
16512
16517
16521
16526
16530
16535
16540
16545
16551
16557
16563
16569
16575
16581
16587
16592
16598
16604
16610
16616
16622
16628
16634
16640
16644
16648
16652
16656
16661
16665
16669
16673
16678
16682
16686
16690
16695
16699
16703
16707
16711
16716
16720
16724
16728
16733
16737
16741
16745
16750
16756
16763
16770
16777
16784
16791
16798
16805
16811
16818
16825
16832
16839
16846
16853
16860
16864
16869
16873
16878
16882
16887
16891
16896
16900
16905
16910
16914
16919
16923
16928
16932
16937
16941
16946
16950
16955
16960
16964
16968
16972
16976
16981
16985
16989
16993
16998
17002
17006
17010
17015
17019
17023
17027
17031
17036
17040
17044
17048
17053
17057
17061
17065
17070
17075
17081
17086
17092
17097
17103
17108
17114
17120
17125
17131
17136
17142
17147
17153
17158
17164
17170
17176
17182
17188
17194
17200
17206
17212
17218
17224
17230
17236
17242
17248
17254
17259
17266
17272
17278
17284
17290
17294
17298
17302
17306
17310
17314
17319
17323
17327
17331
17335
17340
17344
17348
17352
17356
17360
17365
17369
17373
17377
17381
17385
17390
17395
17401
17407
17413
17418
17424
17430
17436
17442
17447
17453
17459
17465
17471
17476
17482
17488
17494
17500
17507
17515
17523
17531
17539
17547
17555
17562
17570
17578
17586
17594
17602
17610
17620
17630
17640
17650
17660
17670
17680
17690
17700
17710
17733
17756
17780
17803
17826
17850
17859
17868
17877
17886
17895
17904
17913
17922
17931
17940
17950
17957
17965
17973
17981
17989
17997
18005
18012
18020
18028
18036
18044
18052
18060
18064
18069
18074
18079
18083
18088
18093
18098
18103
18107
18112
18117
18122
18126
18131
18136
18141
18146
18150
18155
18160
18165
18170
18175
18181
18187
18193
18198
18204
18210
18216
18222
18227
18233
18239
18245
18251
18256
18262
18268
18274
18280
18285
18290
18295
18301
18306
18311
18316
18322
18327
18332
18337
18343
18348
18353
18358
18364
18369
18374
18380
18385
18391
18396
18401
18407
18413
18418
18424
18429
18435
18440
18445
18451
18456
18462
18468
18473
18479
18484
18490
18494
18500
18505
18509
18515
18520
18525
18530
18535
18540
18545
18550
18555
18560
18565
18570
18575
18580
18585
18590
18595
18600
18604
18608
18612
18616
18620
18624
18628
18632
18636
18640
18644
18648
18652
18656
18660
18664
18668
18672
18676
18680
18684
18688
18692
18695
18700
18703
18707
18710
18714
18717
18721
18724
18728
18731
18735
18739
18742
18746
18749
18753
18756
18760
18763
18767
18770
18774
18778
18781
18785
18788
18792
18795
18799
18802
18806
18810
18813
18817
18820
18824
18827
18831
18835
18838
18842
18845
18849
18852
18856
18860
18863
18867
18870
18874
18877
18881
18884
18888
18892
18895
18899
18902
18906
18910
18914
18919
18924
18929
18933
18938
18943
18948
18953
18957
18962
18967
18972
18976
18981
18986
18991
18996
19000
19005
19010
19015
19020
19023
19027
19031
19035
19038
19042
19046
19050
19054
19057
19061
19065
19069
19073
19076
19080
19084
19088
19092
19095
19099
19103
19107
19111
19114
19118
19122
19126
19130
19134
19138
19143
19147
19151
19156
19160
19165
19169
19174
19178
19182
19187
19191
19195
19200
19204
19209
19213
19218
19222
19226
19231
19235
19240
19243
19247
19250
19254
19258
19262
19265
19269
19273
19276
19280
19284
19287
19291
19295
19298
19302
19306
19309
19313
19317
19320
19324
19328
19331
19335
19339
19342
19346
19350
19354
19358
19362
19366
19370
19374
19378
19382
19386
19390
19394
19398
19402
19406
19410
19414
19418
19422
19426
19430
19434
19438
19442
19445
19450
19454
19459
19464
19469
19473
19478
19483
19488
19493
19497
19502
19507
19512
19516
19521
19526
19531
19536
19540
19545
19550
19555
19560
19564
19568
19573
19577
19582
19586
19590
19595
19599
19604
19608
19612
19617
19621
19626
19630
19634
19639
19643
19648
19652
19656
19661
19665
19670
19674
19678
19683
19687
19692
19696
19700
19705
19709
19714
19718
19722
19727
19731
19736
19740
19744
19749
19753
19758
19762
19766
19771
19775
19780
19784
19789
19793
19798
19802
19807
19811
19816
19820
19825
19830
19834
19839
19843
19848
19852
19857
19861
19866
19870
19875
19880
19883
19887
19891
19895
19898
19902
19906
19910
19914
19917
19921
19925
19929
19933
19936
19940
19944
19948
19952
19955
19959
19963
19967
19971
19974
19978
19982
19986
19990
19994
19999
20003
20008
20012
20017
20022
20026
20031
20035
20040
20045
20049
20054
20058
20063
20067
20072
20077
20081
20086
20090
20095
20100
20104
20109
20113
20118
20122
20127
20131
20136
20140
20145
20150
20154
20159
20163
20168
20172
20177
20181
20186
20190
20195
20200
20205
20210
20215
20220
20224
20230
20235
20240
20244
20250
20255
20259
20265
20270
20275
20279
20285
20290
20294
20299
20305
20310
20314
20318
20323
20327
20332
20336
20340
20345
20349
20354
20358
20362
20367
20371
20376
20380
20384
20389
20393
20398
20402
20406
20411
20415
20420
20425
20430
20435
20440
20446
20451
20456
20461
20467
20472
20477
20482
20488
20493
20498
20503
20509
20514
20519
20524
20530
20534
20539
20543
20548
20552
20557
20561
20566
20570
20575
20580
20584
20589
20593
20598
20602
20607
20611
20616
20620
20625
20630
20633
20637
20641
20645
20648
20652
20656
20660
20664
20667
20671
20675
20679
20683
20686
20690
20694
20698
20702
20705
20709
20713
20717
20721
20724
20728
20732
20736
20740
20743
20747
20750
20754
20758
20762
20765
20769
20773
20776
20780
20784
20787
20791
20795
20798
20802
20806
20809
20813
20817
20820
20824
20828
20831
20835
20839
20842
20846
20850
20853
20857
20860
20864
20867
20871
20875
20878
20882
20885
20889
20892
20896
20900
20903
20907
20910
20914
20917
20921
20925
20928
20932
20935
20939
20942
20946
20950
20955
20960
20965
20970
20976
20981
20986
20991
20997
21002
21007
21012
21018
21023
21028
21033
21039
21044
21049
21054
21060
21065
21071
21076
21082
21087
21093
21098
21104
21110
21115
21121
21126
21132
21137
21143
21148
21154
21160
21166
21172
21178
21185
21191
21197
21204
21210
21216
21223
21229
21235
21242
21248
21254
21261
21267
21273
21280
21284
21289
21294
21299
21303
21308
21313
21318
21322
21327
21332
21337
21341
21346
21351
21356
21360
21365
21370
21375
21380
21384
21389
21393
21398
21402
21407
21412
21416
21421
21425
21430
21435
21439
21444
21448
21453
21457
21462
21467
21471
21476
21480
21485
21490
21494
21498
21502
21506
21511
21515
21519
21523
21528
21532
21536
21540
21544
21549
21553
21557
21561
21566
21570
21574
21578
21583
21587
21591
21595
21600
21607
21614
21621
21628
21635
21642
21650
21657
21664
21671
21678
21685
21692
21700
21703
21707
21711
21714
21718
21721
21725
21729
21733
21736
21740
21744
21747
21751
21755
21758
21762
21766
21769
21773
21776
21780
21784
21788
21791
21795
21799
21802
21806
21810
21813
21817
21820
21824
21827
21831
21835
21838
21842
21845
21849
21852
21856
21860
21863
21867
21870
21874
21877
21881
21884
21888
21892
21895
21899
21902
21906
21910
21914
21918
21922
21926
21931
21935
21939
21943
21948
21952
21956
21960
21965
21969
21973
21977
21981
21986
21990
21994
21998
22003
22007
22011
22015
22020
22023
22027
22031
22035
22038
22042
22046
22050
22054
22057
22061
22065
22069
22073
22076
22080
22084
22088
22092
22095
22099
22103
22107
22111
22114
22118
22122
22126
22130
22133
22136
22140
22143
22146
22150
22153
22156
22160
22163
22166
22169
22173
22176
22180
22183
22186
22189
22193
22196
22200
22203
22206
22209
22213
22216
22220
22223
22226
22229
22233
22236
22240
22243
22247
22251
22255
22259
22263
22267
22271
22275
22279
22283
22287
22291
22295
22298
22302
22306
22310
22314
22318
22322
22326
22330
22334
22338
22342
22346
22350
22356
22362
22368
22375
22381
22387
22393
22400
22406
22412
22418
22425
22431
22437
22443
22450
22453
22457
22461
22465
22468
22472
22476
22480
22484
22487
22491
22495
22499
22503
22506
22510
22514
22518
22522
22525
22529
22533
22537
22541
22544
22548
22552
22556
22560
22566
22572
22578
22585
22591
22597
22603
22610
22616
22622
22628
22634
22641
22647
22653
22660
22665
22670
22675
22680
22686
22691
22696
22701
22707
22712
22717
22722
22728
22733
22738
22743
22749
22754
22759
22764
22770
22774
22779
22784
22789
22793
22798
22803
22808
22813
22817
22822
22827
22832
22836
22841
22846
22851
22856
22860
22865
22870
22875
22880
22884
22889
22894
22899
22903
22908
22913
22918
22923
22927
22932
22937
22942
22946
22951
22956
22961
22966
22970
22975
22980
22985
22990
22994
23000
23005
23009
23015
23020
23025
23030
23035
23040
23045
23050
23055
23060
23065
23070
23075
23080
23085
23090
23095
23100
23104
23109
23114
23119
23123
23128
23133
23138
23142
23147
23152
23157
23161
23166
23171
23176
23180
23185
23190
23195
23200
23204
23208
23213
23217
23222
23226
23231
23235
23240
23244
23248
23253
23257
23262
23266
23271
23275
23280
23284
23288
23293
23297
23302
23306
23311
23315
23320
23324
23329
23334
23339
23343
23348
23353
23358
23362
23367
23372
23377
23381
23386
23391
23396
23400
23405
23410
23415
23420
23424
23429
23434
23439
23443
23448
23453
23458
23463
23467
23472
23477
23482
23486
23491
23496
23501
23506
23510
23515
23520
23525
23530
23534
23538
23542
23546
23550
23554
23558
23562
23566
23570
23574
23578
23582
23586
23590
23594
23598
23602
23605
23610
23614
23618
23622
23625
23630
23633
23637
23641
23644
23648
23651
23655
23659
23663
23666
23670
23674
23677
23681
23685
23688
23692
23695
23699
23703
23706
23710
23714
23718
23721
23725
23729
23732
23736
23740
23744
23749
23753
23758
23762
23767
23772
23776
23781
23785
23790
23795
23799
23804
23808
23813
23817
23822
23827
23831
23836
23840
23845
23850
23854
23858
23863
23867
23871
23876
23880
23884
23889
23893
23897
23902
23906
23910
23915
23919
23923
23928
23932
23936
23941
23945
23950
23954
23959
23963
23968
23973
23977
23982
23986
23991
23996
24000
24005
24010
24014
24019
24023
24028
24033
24037
24042
24046
24051
24056
24060
24065
24070
24077
24084
24092
24099
24106
24114
24121
24128
24136
24143
24150
24158
24165
24172
24180
24184
24188
24193
24197
24202
24206
24210
24215
24219
24224
24228
24232
24237
24241
24246
24250
24254
24259
24263
24268
24272
24276
24281
24285
24290
24294
24298
24302
24306
24310
24314
24317
24322
24326
24330
24334
24338
24342
24346
24350
24354
24358
24362
24366
24370
24374
24378
24382
24386
24390
24394
24398
24403
24407
24412
24416
24420
24425
24429
24434
24438
24442
24447
24451
24456
24460
24464
24469
24473
24478
24482
24486
24491
24495
24500
24505
24510
24515
24520
24525
24530
24535
24540
24544
24550
24555
24560
24565
24570
24575
24580
24585
24590
24595
24599
24605
24610
24615
24620
24625
24631
24636
24641
24646
24652
24657
24662
24667
24673
24678
24683
24688
24694
24699
24704
24710
24715
24720
24725
24730
24736
24741
24746
24751
24757
24762
24767
24772
24778
24783
24788
24793
24799
24804
24809
24814
24820
24824
24828
24832
24836
24840
24845
24849
24853
24857
24861
24865
24870
24874
24878
24882
24886
24890
24895
24899
24903
24907
24911
24915
24920
24923
24926
24930
24933
24937
24940
24944
24947
24950
24954
24957
24961
24964
24968
24971
24975
24978
24981
24985
24988
24992
24995
24999
25002
25005
25009
25012
25016
25019
25023
25026
25030
25034
25038
25043
25047
25051
25056
25060
25064
25069
25073
25077
25082
25086
25090
25095
25099
25103
25108
25112
25116
25121
25125
25130
25134
25139
25144
25149
25153
25158
25163
25168
25173
25177
25182
25187
25192
25196
25201
25206
25211
25216
25220
25225
25230
25235
25240
25244
25249
25254
25259
25263
25268
25273
25278
25283
25287
25292
25297
25302
25306
25311
25316
25321
25326
25330
25335
25340
25345
25350
25354
25359
25364
25369
25373
25378
25383
25388
25392
25397
25402
25407
25411
25416
25421
25426
25430
25435
25440
25445
25450
25454
25458
25463
25467
25471
25476
25480
25485
25489
25494
25498
25502
25507
25511
25516
25520
25524
25529
25533
25538
25542
25546
25551
25555
25560
25564
25567
25572
25576
25580
25584
25587
25592
25596
25599
25604
25608
25612
25616
25620
25624
25628
25632
25636
25640
25644
25648
25652
25656
25660
25664
25669
25673
25678
25682
25687
25692
25696
25701
25705
25710
25715
25719
25724
25728
25733
25737
25742
25747
25751
25756
25760
25765
25770
25776
25783
25790
25797
25804
25811
25818
25825
25831
25838
25845
25852
25859
25866
25873
25880
25885
25890
25895
25900
25906
25911
25916
25921
25926
25932
25937
25942
25947
25953
25958
25963
25968
25973
25979
25984
25989
25994
26000
26004
26009
26014
26019
26024
26028
26033
26038
26043
26048
26052
26057
26062
26067
26072
26076
26081
26086
26091
26096
26100
26105
26110
26115
26120
26122
26124
26126
26128
26130
26132
26134
26136
26138
26140
26142
26145
26147
26149
26151
26153
26155
26157
26159
26161
26163
26165
26167
26170
26172
26174
26176
26178
26180
26182
26184
26186
26188
26190
26192
26195
26197
26199
26201
26203
26205
26207
26209
26211
26213
26215
26217
26220
26223
26226
26229
26232
26235
26238
26241
26244
26247
26250
26253
26256
26259
26262
26265
26268
26271
26275
26278
26281
26284
26287
26290
26293
26296
26299
26302
26305
26308
26311
26314
26317
26320
26323
26326
26330
26333
26337
26341
26345
26349
26353
26356
26360
26364
26368
26372
26376
26380
26383
26387
26391
26395
26399
26403
26406
26410
26414
26418
26422
26426
26430
26433
26436
26440
26443
26447
26450
26454
26457
26460
26464
26467
26471
26474
26478
26481
26485
26488
26491
26495
26498
26502
26505
26509
26512
26515
26519
26522
26526
26529
26533
26536
26540
26543
26547
26550
26554
26557
26561
26564
26568
26572
26575
26579
26582
26586
26590
26593
26597
26600
26604
26607
26611
26615
26618
26622
26625
26629
26632
26636
26640
26644
26648
26652
26656
26660
26664
26668
26672
26676
26680
26684
26688
26692
26697
26701
26705
26709
26713
26717
26721
26725
26729
26733
26737
26741
26745
26750
26753
26757
26760
26764
26767
26771
26774
26778
26781
26785
26788
26792
26795
26799
26802
26806
26810
26813
26817
26820
26824
26827
26831
26834
26838
26841
26845
26848
26852
26855
26859
26862
26866
26870
26872
26874
26876
26878
26880
26882
26884
26886
26888
26890
26892
26894
26896
26898
26900
26902
26904
26906
26908
26910
26912
26914
26916
26918
26920
26922
26924
26926
26928
26930
26932
26934
26936
26938
26939
26942
26944
26945
26948
26950
26952
26954
26956
26958
26960
26962
26964
26965
26968
26970
26971
26974
26976
26977
26980
26982
26984
26985
26988
26990
26991
26994
26996
26997
27000
27002
27003
27006
27008
27009
27011
27014
27016
27017
27020
27022
27023
27026
27028
27029
27032
27034
27035
27038
27040
27041
27043
27046
27048
27049
27052
27054
27055
27058
27060
27061
27064
27066
27067
27069
27072
27073
27075
27078
27080
27082
27084
27087
27089
27091
27094
27096
27099
27101
27103
27106
27108
27110
27113
27115
27118
27120
27122
27125
27127
27130
27132
27134
27137
27139
27141
27144
27146
27149
27151
27153
27156
27158
27160
27163
27165
27168
27170
27172
27175
27177
27180
27183
27186
27190
27193
27197
27200
27204
27207
27210
27214
27217
27221
27224
27228
27231
27235
27238
27241
27245
27248
27252
27255
27259
27262
27265
27269
27272
27276
27279
27283
27286
27290
27291
27293
27295
27297
27299
27301
27303
27305
27306
27308
27310
27312
27314
27316
27318
27320
27322
27323
27325
27327
27329
27331
27333
27335
27337
27339
27340
27342
27344
27346
27348
27350
27352
27354
27356
27357
27359
27361
27363
27365
27367
27369
27371
27373
27374
27376
27378
27380
27382
27384
27386
27388
27390
27391
27393
27395
27397
27399
27401
27403
27405
27407
27408
27410
27412
27414
27416
27418
27420
27422
27424
27426
27427
27429
27431
27433
27435
27437
27439
27441
27443
27445
27446
27448
27450
27452
27454
27456
27458
27460
27462
27463
27465
27467
27469
27471
27473
27475
27477
27479
27481
27482
27484
27486
27488
27490
27492
27494
27496
27498
27500
27502
27505
27508
27511
27514
27516
27519
27522
27525
27528
27531
27533
27536
27539
27542
27545
27547
27550
27553
27556
27559
27562
27564
27567
27570
27573
27576
27578
27581
27584
27587
27590
27593
27595
27598
27601
27604
27607
27610
27612
27614
27616
27618
27621
27623
27625
27627
27630
27632
27634
27636
27638
27641
27643
27645
27647
27650
27652
27654
27656
27658
27661
27663
27665
27667
27670
27672
27674
27676
27678
27681
27683
27685
27687
27690
27692
27694
27696
27698
27701
27703
27705
27707
27710
27712
27714
27716
27718
27721
27723
27725
27727
27730
27732
27734
27736
27739
27741
27743
27745
27748
27750
27752
27754
27757
27759
27761
27763
27766
27768
27770
27772
27775
27777
27779
27781
27784
27786
27788
27790
27793
27795
27797
27799
27802
27804
27806
27808
27811
27813
27815
27817
27820
27823
27826
27829
27832
27835
27838
27842
27845
27848
27851
27854
27857
27860
27864
27867
27870
27873
27876
27879
27882
27886
27889
27892
27895
27898
27901
27904
27908
27911
27914
27917
27920
27923
27926
27930
27933
27937
27941
27945
27949
27953
27957
27961
27965
27969
27973
27977
27981
27985
27988
27992
27996
28000
28004
28008
28012
28016
28020
28024
28028
28032
28036
28040
28044
28048
28052
28056
28060
28064
28067
28072
28076
28080
28084
28088
28092
28096
28100
28104
28108
28112
28116
28120
28124
28128
28132
28136
28140
28142
28144
28146
28148
28151
28153
28155
28157
28159
28162
28164
28166
28168
28170
28173
28175
28177
28179
28181
28184
28186
28188
28190
28192
28195
28197
28199
28201
28203
28206
28208
28210
28212
28214
28217
28219
28221
28223
28225
28228
28230
28232
28234
28236
28239
28241
28243
28245
28247
28250
28251
28253
28255
28256
28258
28260
28261
28263
28265
28266
28268
28270
28271
28273
28275
28276
28278
28280
28281
28283
28285
28286
28288
28290
28291
28293
28294
28296
28298
28300
28301
28303
28305
28306
28308
28310
28311
28313
28315
28316
28318
28320
28321
28323
28325
28326
28328
28330
28331
28333
28335
28336
28338
28340
28341
28343
28345
28346
28348
28349
28351
28353
28355
28356
28358
28360
28362
28364
28366
28368
28370
28372
28374
28376
28378
28380
28382
28384
28386
28388
28391
28393
28395
28397
28399
28401
28403
28405
28407
28409
28411
28413
28415
28417
28419
28422
28424
28426
28428
28430
28432
28434
28436
28438
28440
28442
28444
28446
28448
28451
28453
28455
28457
28459
28461
28463
28465
28467
28469
28471
28473
28475
28477
28480
28483
28486
28490
28493
28497
28500
28504
28507
28510
28514
28517
28521
28524
28528
28531
28535
28538
28541
28545
28548
28552
28555
28559
28562
28565
28569
28572
28576
28579
28583
28586
28590
28592
28594
28596
28599
28601
28603
28605
28608
28610
28612
28615
28617
28619
28621
28624
28626
28628
28630
28633
28635
28637
28640
28642
28644
28646
28649
28651
28653
28655
28658
28660
28662
28665
28667
28669
28671
28674
28676
28678
28680
28683
28685
28687
28690
28692
28694
28697
28699
28702
28704
28707
28709
28712
28714
28716
28719
28721
28724
28726
28729
28731
28734
28736
28738
28741
28743
28746
28748
28751
28753
28756
28758
28760
28763
28765
28768
28770
28773
28775
28778
28780
28782
28785
28787
28790
28792
28795
28797
28800
28802
28805
28807
28810
28812
28815
28817
28820
28822
28825
28827
28830
28832
28835
28837
28840
28842
28845
28847
28850
28852
28855
28857
28860
28862
28865
28867
28869
28872
28875
28877
28880
28882
28884
28887
28890
28892
28895
28897
28900
28905
28911
28917
28923
28928
28934
28940
28946
28952
28957
28963
28969
28975
28981
28986
28992
28998
29004
29010
29014
29018
29022
29026
29031
29035
29039
29043
29048
29052
29056
29060
29065
29069
29073
29077
29081
29086
29090
29094
29098
29103
29107
29111
29115
29120
29122
29124
29126
29128
29131
29133
29135
29137
29139
29142
29144
29146
29148
29150
29153
29155
29157
29159
29161
29164
29166
29168
29170
29172
29175
29177
29179
29181
29183
29186
29188
29190
29192
29194
29197
29199
29201
29203
29205
29208
29210
29212
29214
29216
29219
29221
29223
29225
29227
29230
29233
29237
29241
29245
29248
29252
29256
29260
29264
29267
29271
29275
29279
29283
29286
29290
29294
29298
29302
29305
29309
29313
29317
29321
29324
29328
29332
29336
29340
29342
29345
29347
29350
29353
29355
29358
29361
29363
29366
29368
29371
29374
29376
29379
29382
29384
29387
29390
29392
29395
29397
29400
29403
29405
29408
29411
29413
29416
29418
29421
29424
29426
29429
29432
29434
29437
29440
29442
29444
29446
29448
29450
29452
29455
29457
29459
29461
29463
29465
29468
29470
29472
29474
29476
29478
29480
29483
29485
29487
29489
29491
29493
29496
29498
29500
29502
29504
29506
29509
29511
29513
29515
29517
29519
29521
29524
29526
29528
29530
29532
29534
29537
29539
29541
29543
29545
29547
29550
29552
29554
29556
29558
29560
29562
29564
29566
29568
29570
29572
29575
29577
29579
29581
29583
29585
29587
29589
29591
29593
29595
29597
29600
29602
29604
29606
29608
29610
29612
29614
29616
29618
29620
29622
29625
29627
29629
29631
29633
29635
29637
29639
29641
29643
29645
29647
29650
29653
29656
29659
29662
29665
29668
29672
29675
29678
29681
29684
29687
29690
29694
29697
29700
29703
29706
29709
29712
29716
29719
29722
29725
29728
29731
29734
29738
29741
29744
29747
29750
29753
29756
29760
29763
29767
29771
29775
29779
29783
29787
29791
29795
29799
29803
29807
29811
29815
29818
29822
29826
29830
29834
29838
29842
29846
29850
29854
29858
29862
29866
29870
29872
29874
29876
29878
29880
29882
29884
29886
29888
29890
29892
29895
29897
29899
29901
29903
29905
29907
29909
29911
29913
29915
29917
29920
29922
29924
29926
29928
29930
29932
29934
29936
29938
29940
29942
29945
29947
29949
29951
29953
29955
29957
29959
29961
29963
29965
29967
29970
