2
4
6
8
10
12
14
16
18
20
22
24
26
29
31
33
35
37
39
41
43
45
47
49
51
53
56
58
60
62
64
66
68
70
72
74
76
78
80
83
85
87
89
91
93
95
97
99
101
103
105
107
110
112
114
116
118
120
122
124
126
128
130
132
134
136
138
140
142
144
146
148
150
152
154
156
158
161
163
165
167
169
171
173
175
177
179
181
183
185
187
189
191
193
195
197
199
201
203
205
207
210
211
213
215
217
219
221
223
224
226
228
230
232
234
236
237
239
241
243
245
247
249
251
252
254
256
258
260
262
264
265
267
269
271
273
275
277
278
280
282
284
286
288
290
292
293
295
297
299
301
303
305
306
308
310
312
314
316
318
320
321
323
325
327
328
330
332
334
335
337
339
341
342
344
346
348
349
351
353
355
356
358
360
362
363
365
367
369
370
372
374
376
377
379
381
383
384
386
388
390
391
393
395
397
398
400
402
404
405
407
409
411
412
414
416
418
420
421
423
425
427
429
431
433
435
437
439
441
443
445
447
448
450
452
454
456
458
460
462
464
466
468
470
472
474
475
477
479
481
483
485
487
489
491
493
495
497
499
501
502
504
506
508
510
512
514
516
518
520
522
524
526
528
530
532
534
536
538
540
542
544
546
548
550
552
554
556
558
560
562
564
566
568
570
572
574
576
578
580
582
584
586
588
590
592
594
596
598
600
602
604
606
608
610
612
614
616
618
620
622
624
626
628
630
631
633
635
637
639
641
643
645
647
648
650
652
654
656
658
660
662
664
666
667
669
671
673
675
677
679
681
683
685
686
688
690
692
694
696
698
700
702
703
705
707
709
711
713
715
717
719
721
722
724
726
728
730
732
734
736
738
740
742
744
746
748
750
752
754
756
758
760
762
764
766
769
771
773
775
777
779
781
783
785
787
789
791
793
796
798
800
802
804
806
808
810
812
814
816
818
820
823
825
827
829
831
833
835
837
839
841
843
845
847
850
851
853
855
856
858
860
861
863
865
866
868
870
872
873
875
877
878
880
882
883
885
887
888
890
892
894
895
897
899
900
902
904
905
907
909
911
912
914
916
917
919
921
922
924
926
927
929
931
933
934
936
938
939
941
943
944
946
948
950
951
953
955
956
958
960
961
963
965
966
968
970
972
973
975
977
978
980
982
983
985
987
988
990
992
994
995
997
999
1000
1002
1004
1005
1007
1009
1010
1012
1014
1016
1017
1019
1021
1022
1024
1026
1027
1029
1031
1032
1034
1036
1038
1039
1041
1043
1044
1046
1048
1049
1051
1053
1054
1056
1058
1060
1061
1063
1065
1067
1068
1070
1072
1074
1075
1077
1079
1081
1082
1084
1086
1088
1089
1091
1093
1095
1096
1098
1100
1102
1103
1105
1107
1109
1110
1112
1114
1116
1117
1119
1121
1123
1124
1126
1128
1130
1131
1133
1135
1137
1138
1140
1142
1144
1145
1147
1149
1151
1152
1154
1156
1158
1160
1161
1163
1165
1167
1169
1171
1173
1175
1177
1178
1180
1182
1184
1186
1188
1190
1192
1194
1196
1197
1199
1201
1203
1205
1207
1209
1211
1213
1214
1216
1218
1220
1222
1224
1226
1228
1230
1232
1233
1235
1237
1239
1241
1243
1245
1247
1249
1251
1252
1254
1256
1258
1260
1262
1264
1266
1268
1270
1272
1274
1276
1279
1281
1283
1286
1288
1290
1293
1295
1297
1300
1302
1304
1307
1309
1311
1314
1316
1318
1321
1323
1325
1328
1330
1332
1335
1337
1339
1342
1344
1346
1349
1351
1353
1356
1358
1360
1363
1365
1367
1370
1372
1374
1376
1378
1380
1382
1384
1386
1389
1391
1393
1395
1397
1399
1401
1403
1405
1408
1410
1412
1414
1416
1418
1420
1422
1425
1427
1429
1431
1433
1435
1437
1439
1441
1444
1446
1448
1450
1452
1454
1456
1458
1460
1463
1465
1467
1469
1471
1473
1475
1477
1480
1482
1484
1486
1488
1490
1492
1494
1496
1499
1501
1503
1505
1507
1509
1511
1513
1515
1518
1520
1522
1524
1526
1528
1530
1532
1535
1537
1539
1541
1543
1545
1547
1549
1551
1554
1556
1558
1560
1562
1564
1566
1568
1570
1573
1575
1577
1579
1581
1583
1585
1587
1590
1591
1593
1595
1597
1599
1601
1603
1605
1607
1609
1611
1613
1615
1617
1619
1621
1623
1625
1627
1629
1631
1633
1635
1637
1639
1640
1642
1644
1646
1648
1650
1652
1654
1656
1658
1660
1662
1664
1666
1668
1670
1672
1674
1676
1678
1680
1682
1684
1686
1688
1690
1692
1694
1696
1698
1700
1703
1705
1707
1709
1711
1714
1716
1718
1720
1722
1724
1727
1729
1731
1733
1735
1738
1740
1742
1744
1746
1748
1751
1753
1755
1757
1759
1762
1764
1766
1768
1770
1772
1775
1777
1779
1781
1783
1786
1788
1790
1792
1794
1796
1799
1801
1803
1805
1807
1810
1811
1813
1815
1817
1819
1821
1823
1825
1827
1829
1831
1833
1835
1837
1839
1841
1843
1845
1847
1849
1851
1853
1855
1857
1859
1860
1862
1864
1866
1868
1870
1872
1874
1876
1878
1880
1882
1884
1886
1888
1890
1892
1894
1896
1898
1900
1902
1904
1906
1908
1910
1911
1913
1915
1917
1919
1921
1923
1925
1927
1929
1931
1933
1935
1937
1939
1941
1943
1945
1947
1949
1951
1953
1955
1957
1959
1961
1963
1964
1966
1968
1970
1972
1974
1976
1978
1980
1982
1984
1986
1988
1990
1992
1994
1996
1998
2000
2002
2004
2006
2008
2010
2012
2014
2016
2018
2020
2021
2023
2025
2027
2029
2030
2032
2034
2036
2038
2040
2041
2043
2045
2047
2049
2050
2052
2054
2056
2058
2060
2061
2063
2065
2067
2069
2070
2072
2074
2076
2078
2080
2081
2083
2085
2087
2089
2090
2092
2094
2096
2098
2100
2101
2103
2105
2107
2109
2110
2112
2114
2116
2118
2120
2122
2124
2126
2128
2131
2133
2135
2137
2139
2142
2144
2146
2148
2150
2153
2155
2157
2159
2161
2164
2166
2168
2170
2172
2175
2177
2179
2181
2183
2186
2188
2190
2192
2194
2197
2199
2201
2203
2205
2208
2210
2212
2214
2216
2219
2221
2223
2225
2227
2230
2232
2234
2236
2238
2240
2242
2245
2247
2249
2251
2253
2255
2258
2260
2262
2264
2266
2268
2270
2273
2275
2277
2279
2281
2283
2286
2288
2290
2292
2294
2296
2299
2301
2303
2305
2307
2309
2311
2314
2316
2318
2320
2322
2324
2327
2329
2331
2333
2335
2337
2340
2342
2344
2346
2348
2350
2352
2354
2356
2358
2360
2362
2364
2366
2368
2370
2372
2374
2376
2378
2380
2382
2384
2386
2388
2390
2392
2394
2396
2398
2400
2402
2404
2406
2408
2410
2412
2414
2416
2418
2420
2422
2424
2426
2428
2430
2432
2434
2436
2438
2440
2442
2444
2446
2448
2450
2451
2453
2455
2456
2458
2460
2462
2463
2465
2467
2468
2470
2472
2474
2475
2477
2479
2480
2482
2484
2486
2487
2489
2491
2492
2494
2496
2498
2499
2501
2503
2505
2506
2508
2510
2511
2513
2515
2517
2518
2520
2522
2523
2525
2527
2529
2530
2532
2534
2535
2537
2539
2541
2542
2544
2546
2547
2549
2551
2553
2554
2556
2558
2560
2561
2563
2565
2567
2569
2570
2572
2574
2576
2578
2580
2581
2583
2585
2587
2589
2590
2592
2594
2596
2598
2600
2601
2603
2605
2607
2609
2610
2612
2614
2616
2618
2620
2621
2623
2625
2627
2629
2630
2632
2634
2636
2638
2640
2641
2643
2645
2647
2649
2650
2652
2654
2656
2658
2660
2662
2664
2666
2668
2670
2672
2674
2676
2678
2680
2682
2684
2686
2688
2690
2692
2694
2696
2698
2700
2702
2704
2706
2708
2710
2712
2715
2717
2719
2721
2723
2725
2727
2729
2731
2733
2735
2737
2739
2741
2743
2745
2747
2749
2751
2753
2755
2757
2759
2761
2763
2765
2767
2770
2772
2774
2776
2778
2780
2782
2784
2786
2788
2790
2792
2794
2796
2798
2800
2802
2804
2806
2808
2810
2812
2814
2816
2818
2820
2822
2824
2826
2828
2830
2832
2834
2836
2838
2840
2842
2844
2846
2848
2850
2852
2854
2856
2858
2860
2862
2864
2866
2868
2870
2872
2874
2876
2878
2881
2883
2885
2887
2889
2892
2894
2896
2898
2900
2903
2905
2907
2909
2911
2914
2916
2918
2920
2922
2925
2927
2929
2931
2933
2936
2938
2940
2942
2944
2947
2949
2951
2953
2955
2958
2960
2962
2964
2966
2969
2971
2973
2975
2977
2980
2982
2984
2986
2988
2990
2993
2995
2997
2999
3001
3004
3006
3008
3010
3012
3014
3017
3019
3021
3023
3025
3028
3030
3032
3034
3036
3038
3041
3043
3045
3047
3049
3052
3054
3056
3058
3060
3062
3065
3067
3069
3071
3073
3076
3078
3080
3082
3084
3086
3089
3091
3093
3095
3097
3100
3102
3104
3106
3108
3110
3112
3114
3116
3118
3120
3122
3124
3126
3128
3130
3132
3134
3136
3138
3140
3142
3144
3146
3148
3151
3153
3155
3157
3159
3161
3163
3165
3167
3169
3171
3173
3175
3177
3179
3181
3183
3185
3187
3189
3191
3193
3195
3197
3200
3202
3205
3207
3210
3212
3215
3217
3220
3222
3225
3227
3230
3232
3235
3237
3240
3242
3245
3247
3250
3252
3255
3257
3260
3262
3265
3267
3270
3272
3275
3277
3280
3282
3285
3287
3290
3292
3295
3297
3300
3302
3305
3307
3310
3312
3315
3318
3321
3324
3326
3329
3332
3335
3338
3341
3343
3346
3349
3352
3355
3357
3360
3363
3366
3369
3372
3374
3377
3380
3383
3386
3388
3391
3394
3397
3400
3403
3405
3408
3411
3414
3417
3420
3422
3425
3427
3430
3432
3435
3437
3440
3443
3445
3448
3450
3453
3455
3458
3460
3463
3466
3468
3471
3473
3476
3478
3481
3483
3486
3489
3491
3494
3496
3499
3501
3504
3506
3509
3512
3514
3517
3519
3522
3524
3527
3530
3532
3535
3538
3541
3544
3547
3550
3553
3556
3559
3562
3565
3568
3571
3574
3577
3580
3582
3585
3588
3591
3594
3597
3600
3603
3606
3609
3612
3615
3618
3621
3624
3627
3630
3633
3636
3639
3642
3645
3648
3651
3654
3657
3660
3663
3666
3669
3672
3675
3678
3681
3685
3688
3691
3694
3697
3700
3703
3706
3709
3712
3715
3718
3721
3724
3727
3730
3733
3736
3740
3742
3744
3746
3748
3750
3752
3754
3756
3759
3761
3763
3765
3767
3769
3771
3773
3775
3778
3780
3782
3784
3786
3788
3790
3792
3795
3797
3799
3801
3803
3805
3807
3809
3811
3814
3816
3818
3820
3822
3824
3826
3828
3830
3833
3835
3837
3839
3841
3843
3845
3847
3850
3852
3855
3858
3861
3863
3866
3869
3872
3875
3877
3880
3883
3886
3888
3891
3894
3897
3900
3902
3905
3908
3911
3913
3916
3919
3922
3925
3927
3930
3933
3936
3938
3941
3944
3947
3950
3953
3956
3960
3963
3967
3970
3974
3977
3980
3984
3987
3991
3994
3998
4001
4005
4008
4011
4015
4018
4022
4025
4029
4032
4035
4039
4042
4046
4049
4053
4056
4059
4062
4064
4066
4068
4070
4072
4074
4077
4079
4081
4083
4085
4087
4089
4091
4094
4096
4098
4100
4102
4104
4106
4108
4111
4113
4115
4117
4119
4121
4123
4125
4128
4130
4132
4134
4136
4138
4140
4142
4145
4147
4149
4151
4153
4155
4157
4160
4162
4164
4167
4169
4171
4174
4176
4179
4181
4183
4186
4188
4191
4193
4195
4198
4200
4203
4205
4207
4210
4212
4215
4217
4219
4222
4224
4226
4229
4231
4234
4236
4238
4241
4243
4246
4248
4250
4253
4255
4258
4260
4262
4265
4267
4270
4273
4276
4279
4282
4286
4289
4292
4295
4299
4302
4305
4308
4311
4315
4318
4321
4324
4328
4331
4334
4337
4340
4344
4347
4350
4353
4357
4360
4363
4366
4370
4374
4378
4383
4387
4392
4396
4400
4405
4409
4414
4418
4422
4427
4431
4436
4440
4444
4449
4453
4458
4462
4466
4471
4475
4480
4483
4486
4490
4493
4497
4500
4504
4507
4510
4514
4517
4521
4524
4528
4531
4535
4538
4541
4545
4548
4552
4555
4559
4562
4565
4569
4572
4576
4579
4583
4586
4590
4592
4595
4597
4600
4603
4605
4608
4611
4613
4616
4618
4621
4624
4626
4629
4632
4634
4637
4640
4642
4645
4647
4650
4653
4655
4658
4661
4663
4666
4668
4671
4674
4676
4679
4682
4684
4687
4690
4692
4694
4697
4699
4701
4704
4706
4708
4711
4713
4715
4718
4720
4722
4725
4727
4729
4732
4734
4736
4739
4741
4743
4746
4748
4750
4753
4755
4757
4760
4762
4764
4767
4769
4771
4774
4776
4778
4781
4783
4785
4788
4790
4792
4795
4797
4800
4803
4806
4809
4812
4816
4819
4822
4825
4829
4832
4835
4838
4841
4845
4848
4851
4854
4858
4861
4864
4867
4870
4874
4877
4880
4883
4887
4890
4893
4896
4900
4902
4905
4908
4910
4913
4916
4919
4921
4924
4927
4930
4932
4935
4938
4940
4943
4946
4949
4951
4954
4957
4960
4962
4965
4968
4970
4973
4976
4979
4981
4984
4987
4990
4992
4995
4998
5000
5003
5006
5009
5011
5014
5017
5020
5022
5024
5026
5028
5030
5033
5035
5037
5039
5041
5043
5046
5048
5050
5052
5054
5056
5059
5061
5063
5065
5067
5070
5072
5074
5076
5078
5080
5083
5085
5087
5089
5091
5093
5096
5098
5100
5102
5104
5106
5109
5111
5113
5115
5117
5120
5122
5125
5128
5131
5133
5136
5139
5142
5144
5147
5150
5153
5155
5158
5161
5164
5166
5169
5172
5175
5177
5180
5183
5186
5188
5191
5194
5197
5199
5202
5205
5208
5210
5213
5216
5219
5221
5224
5227
5230
5233
5236
5239
5242
5246
5249
5252
5255
5259
5262
5265
5268
5272
5275
5278
5281
5285
5288
5291
5294
5297
5301
5304
5307
5310
5314
5317
5320
5323
5327
5330
5333
5336
5340
5343
5347
5351
5355
5359
5363
5366
5370
5374
5378
5382
5386
5390
5393
5397
5401
5405
5409
5413
5416
5420
5424
5428
5432
5436
5440
5443
5446
5450
5453
5457
5460
5464
5467
5470
5474
5477
5481
5484
5488
5491
5495
5498
5501
5505
5508
5512
5515
5519
5522
5525
5529
5532
5536
5539
5543
5546
5550
5552
5555
5557
5560
5563
5565
5568
5571
5573
5576
5578
5581
5584
5586
5589
5592
5594
5597
5600
5602
5605
5607
5610
5613
5615
5618
5621
5623
5626
5628
5631
5634
5636
5639
5642
5644
5647
5650
5652
5654
5657
5659
5662
5664
5666
5669
5671
5674
5676
5678
5681
5683
5686
5688
5690
5693
5695
5698
5700
5702
5705
5707
5710
5712
5714
5717
5719
5721
5724
5726
5729
5731
5734
5736
5738
5741
5743
5746
5748
5750
5753
5755
5758
5760
5762
5765
5767
5770
5772
5774
5776
5778
5780
5783
5785
5787
5789
5791
5793
5796
5798
5800
5802
5804
5806
5809
5811
5813
5815
5817
5820
5822
5824
5826
5828
5830
5833
5835
5837
5839
5841
5843
5846
5848
5850
5852
5854
5856
5859
5861
5863
5865
5867
5870
5873
5876
5879
5882
5885
5888
5891
5894
5897
5900
5903
5906
5909
5912
5915
5918
5921
5925
5928
5931
5934
5937
5940
5943
5946
5949
5952
5955
5958
5961
5964
5967
5970
5973
5976
5980
5982
5984
5987
5989
5991
5994
5996
5999
6001
6003
6006
6008
6011
6013
6015
6018
6020
6023
6025
6027
6030
6032
6035
6037
6039
6042
6044
6046
6049
6051
6054
6056
6058
6061
6063
6066
6068
6070
6073
6075
6078
6080
6082
6085
6087
6090
6092
6094
6096
6098
6100
6102
6104
6107
6109
6111
6113
6115
6117
6119
6121
6124
6126
6128
6130
6132
6134
6136
6138
6141
6143
6145
6147
6149
6151
6153
6155
6158
6160
6162
6164
6166
6168
6170
6172
6175
6177
6179
6181
6183
6185
6187
6190
6192
6195
6197
6200
6203
6205
6208
6210
6213
6216
6218
6221
6224
6226
6229
6231
6234
6237
6239
6242
6245
6247
6250
6252
6255
6258
6260
6263
6265
6268
6271
6273
6276
6279
6281
6284
6286
6289
6292
6294
6297
6300
6302
6305
6308
6311
6313
6316
6319
6322
6325
6327
6330
6333
6336
6338
6341
6344
6347
6350
6352
6355
6358
6361
6363
6366
6369
6372
6375
6377
6380
6383
6386
6388
6391
6394
6397
6400
6402
6404
6406
6408
6410
6412
6414
6416
6418
6420
6422
6424
6426
6429
6431
6433
6435
6437
6439
6441
6443
6445
6447
6449
6451
6453
6456
6458
6460
6462
6464
6466
6468
6470
6472
6474
6476
6478
6480
6483
6485
6487
6489
6491
6493
6495
6497
6499
6501
6503
6505
6507
6510
6512
6514
6516
6518
6520
6522
6525
6527
6529
6531
6533
6535
6538
6540
6542
6544
6546
6548
6550
6553
6555
6557
6559
6561
6563
6566
6568
6570
6572
6574
6576
6579
6581
6583
6585
6587
6589
6591
6594
6596
6598
6600
6602
6604
6607
6609
6611
6613
6615
6617
6620
6622
6624
6626
6628
6630
6632
6634
6636
6638
6640
6642
6644
6646
6648
6650
6652
6654
6656
6658
6660
6662
6664
6666
6668
6670
6672
6675
6677
6679
6681
6683
6685
6687
6689
6691
6693
6695
6697
6699
6701
6703
6705
6707
6709
6711
6713
6715
6717
6719
6721
6723
6725
6727
6730
6732
6734
6736
6738
6740
6742
6744
6746
6749
6751
6753
6755
6757
6759
6761
6763
6765
6768
6770
6772
6774
6776
6778
6780
6782
6785
6787
6789
6791
6793
6795
6797
6799
6801
6804
6806
6808
6810
6812
6814
6816
6818
6820
6823
6825
6827
6829
6831
6833
6835
6837
6840
6842
6844
6846
6849
6851
6853
6856
6858
6860
6863
6865
6867
6870
6872
6874
6877
6879
6881
6884
6886
6888
6891
6893
6895
6898
6900
6902
6905
6907
6909
6912
6914
6916
6919
6921
6923
6926
6928
6930
6933
6935
6937
6940
6942
6944
6946
6948
6951
6953
6955
6957
6960
6962
6964
6966
6969
6971
6973
6975
6978
6980
6982
6984
6987
6989
6991
6993
6996
6998
7000
7002
7005
7007
7009
7011
7014
7016
7018
7020
7023
7025
7027
7029
7032
7034
7036
7038
7041
7043
7045
7047
7050
7052
7054
7056
7058
7060
7063
7065
7067
7069
7071
7073
7076
7078
7080
7082
7084
7086
7089
7091
7093
7095
7097
7100
7102
7104
7106
7108
7110
7113
7115
7117
7119
7121
7123
7126
7128
7130
7132
7134
7136
7139
7141
7143
7145
7147
7150
7151
7153
7155
7157
7159
7161
7163
7165
7167
7169
7171
7173
7175
7177
7179
7181
7183
7185
7187
7189
7191
7193
7195
7197
7199
7201
7203
7205
7206
7208
7210
7212
7214
7216
7218
7220
7222
7224
7226
7228
7230
7232
7234
7236
7238
7240
7242
7244
7246
7248
7250
7252
7254
7256
7258
7260
7261
7263
7265
7267
7269
7271
7273
7275
7277
7279
7281
7283
7285
7287
7288
7290
7292
7294
7296
7298
7300
7302
7304
7306
7308
7310
7312
7314
7315
7317
7319
7321
7323
7325
7327
7329
7331
7333
7335
7337
7339
7341
7342
7344
7346
7348
7350
7352
7354
7356
7358
7360
7362
7364
7366
7368
7370
7372
7374
7376
7378
7380
7382
7384
7386
7388
7390
7392
7394
7396
7398
7400
7402
7404
7406
7408
7410
7412
7414
7416
7418
7420
7422
7424
7426
7428
7430
7432
7434
7436
7438
7440
7442
7444
7446
7448
7450
7452
7454
7456
7458
7460
7462
7464
7466
7468
7470
7472
7474
7476
7478
7480
7482
7484
7486
7488
7490
7492
7494
7496
7498
7500
7502
7504
7506
7508
7510
7512
7514
7516
7518
7520
7522
7524
7526
7528
7530
7532
7534
7536
7538
7540
7542
7544
7546
7548
7550
7552
7554
7556
7558
7560
7562
7564
7566
7568
7570
7572
7574
7576
7578
7580
7582
7584
7586
7588
7590
7592
7594
7596
7599
7601
7603
7606
7608
7610
7612
7615
7617
7619
7622
7624
7626
7628
7631
7633
7635
7638
7640
7642
7645
7647
7649
7651
7654
7656
7658
7661
7663
7665
7667
7670
7672
7674
7677
7679
7681
7683
7686
7688
7690
7693
7695
7697
7700
7702
7704
7706
7708
7710
7712
7714
7716
7718
7720
7722
7724
7726
7728
7730
7732
7734
7736
7738
7740
7742
7744
7746
7748
7750
7752
7754
7756
7758
7760
7762
7764
7766
7768
7770
7772
7774
7776
7778
7779
7782
7784
7786
7787
7790
7792
7794
7795
7798
7800
7802
7803
7806
7808
7810
7811
7814
7816
7818
7819
7822
7824
7826
7827
7830
7832
7834
7835
7838
7840
7842
7843
7846
7848
7850
7851
7854
7856
7858
7859
7862
7864
7866
7868
7870
7872
7874
7876
7878
7880
7882
7884
7886
7888
7890
7892
7894
7896
7898
7900
7902
7904
7906
7908
7910
7912
7914
7916
7918
7920
7922
7924
7926
7928
7930
7932
7934
7936
7939
7941
7943
7945
7947
7949
7951
7953
7955
7957
7959
7961
7963
7966
7968
7970
7972
7974
7976
7978
7980
7982
7984
7986
7988
7990
7993
7995
7997
7999
8001
8003
8005
8007
8009
8011
8013
8015
8017
8020
8022
8024
8026
8028
8030
8032
8034
8037
8039
8041
8043
8045
8047
8049
8051
8054
8056
8058
8060
8062
8064
8066
8068
8071
8073
8075
8077
8079
8081
8083
8085
8088
8090
8092
8094
8096
8098
8100
8102
8105
8107
8109
8111
8113
8115
8117
8119
8122
8124
8126
8128
8130
8132
8135
8137
8139
8141
8143
8145
8148
8150
8152
8154
8156
8158
8160
8163
8165
8167
8169
8171
8173
8176
8178
8180
8182
8184
8186
8189
8191
8193
8195
8197
8199
8201
8204
8206
8208
8210
8212
8214
8217
8219
8221
8223
8225
8227
8230
8232
8234
8236
8238
8240
8242
8244
8246
8248
8250
8252
8254
8256
8258
8260
8262
8264
8266
8268
8270
8272
8274
8276
8278
8280
8282
8285
8287
8289
8291
8293
8295
8297
8299
8301
8303
8305
8307
8309
8311
8313
8315
8317
8319
8321
8323
8325
8327
8329
8331
8333
8335
8337
8340
8342
8344
8346
8347
8350
8352
8354
8356
8358
8360
8362
8363
8366
8368
8370
8372
8374
8376
8378
8379
8382
8384
8386
8388
8389
8392
8394
8395
8398
8400
8402
8404
8405
8408
8410
8411
8414
8415
8418
8420
8421
8424
8426
8427
8430
8431
8434
8436
8437
8440
8442
8443
8446
8447
8450
8451
8453
8455
8457
8459
8460
8462
8464
8466
8468
8470
8472
8473
8475
8477
8479
8481
8483
8484
8486
8488
8490
8492
8494
8495
8497
8499
8501
8503
8504
8506
8508
8510
8512
8514
8516
8517
8519
8521
8523
8525
8527
8528
8530
8532
8534
8536
8538
8539
8541
8543
8545
8547
8549
8550
8552
8554
8556
8558
8560
8561
8563
8565
8567
8568
8570
8572
8574
8576
8577
8579
8581
8583
8585
8586
8588
8590
8592
8593
8595
8597
8599
8601
8602
8604
8606
8608
8610
8611
8613
8615
8617
8618
8620
8622
8624
8626
8627
8629
8631
8633
8635
8636
8638
8640
8642
8643
8645
8647
8649
8651
8652
8654
8656
8658
8660
8662
8664
8666
8668
8670
8672
8674
8676
8678
8680
8682
8684
8686
8689
8691
8693
8695
8697
8699
8701
8703
8705
8707
8709
8711
8713
8716
8718
8720
8722
8724
8726
8728
8730
8732
8734
8736
8738
8740
8743
8745
8747
8749
8751
8753
8755
8757
8759
8761
8763
8765
8767
8770
8772
8774
8776
8779
8781
8783
8786
8788
8790
8793
8795
8797
8800
8802
8804
8807
8809
8811
8814
8816
8818
8821
8823
8825
8828
8830
8832
8835
8837
8839
8842
8844
8846
8849
8851
8853
8856
8858
8860
8863
8865
8867
8870
8871
8873
8875
8877
8879
8881
8883
8884
8886
8888
8890
8892
8894
8896
8897
8899
8901
8903
8905
8907
8909
8911
8912
8914
8916
8918
8920
8922
8924
8925
8927
8929
8931
8933
8935
8937
8938
8940
8942
8944
8946
8948
8950
8952
8953
8955
8957
8959
8961
8963
8965
8966
8968
8970
8972
8974
8976
8978
8980
8981
8983
8985
8987
8989
8991
8992
8994
8996
8998
9000
9002
9003
9005
9007
9009
9011
9013
9014
9016
9018
9020
9022
9024
9025
9027
9029
9031
9033
9035
9036
9038
9040
9042
9044
9046
9047
9049
9051
9053
9055
9057
9058
9060
9062
9064
9066
9068
9069
9071
9073
9075
9077
9079
9080
9082
9084
9086
9088
9090
9092
9094
9096
9097
9100
9102
9104
9106
9108
9110
9112
9113
9116
9118
9120
9122
9124
9126
9128
9129
9132
9134
9136
9138
9140
9142
9144
9145
9148
9150
9152
9154
9155
9158
9160
9161
9164
9166
9168
9170
9171
9174
9176
9177
9180
9182
9184
9186
9187
9190
9192
9194
9196
9198
9201
9203
9205
9207
9210
9212
9214
9216
9219
9221
9223
9225
9228
9230
9232
9234
9237
9239
9241
9243
9246
9248
9250
9252
9255
9257
9259
9261
9264
9266
9268
9270
9273
9275
9277
9279
9282
9284
9286
9288
9291
9293
9295
9297
9300
9302
9305
9308
9311
9313
9316
9319
9322
9325
9327
9330
9333
9336
9338
9341
9344
9347
9350
9352
9355
9358
9361
9363
9366
9369
9372
9375
9377
9380
9383
9386
9388
9391
9394
9397
9400
9402
9405
9407
9410
9412
9415
9417
9420
9422
9425
9427
9430
9432
9435
9437
9440
9442
9445
9447
9450
9452
9455
9457
9460
9462
9465
9467
9470
9472
9475
9477
9480
9482
9485
9487
9490
9492
9495
9497
9500
9502
9504
9507
9510
9512
9515
9518
9521
9524
9527
9530
9533
9536
9539
9542
9545
9548
9551
9554
9557
9560
9563
9566
9569
9572
9575
9578
9581
9584
9587
9590
9593
9596
9599
9602
9605
9608
9611
9614
9617
9620
9623
9626
9630
9633
9637
9640
9644
9647
9650
9654
9657
9661
9664
9668
9671
9675
9678
9681
9685
9688
9692
9695
9699
9702
9705
9709
9712
9716
9719
9723
9726
9730
9732
9735
9737
9740
9743
9745
9748
9750
9753
9756
9758
9761
9764
9766
9769
9771
9774
9777
9779
9782
9785
9787
9790
9792
9795
9798
9800
9803
9805
9808
9811
9813
9816
9819
9821
9824
9826
9829
9832
9834
9837
9840
9842
9845
9848
9850
9853
9856
9858
9861
9864
9867
9869
9872
9875
9877
9880
9883
9885
9888
9891
9894
9896
9899
9902
9904
9907
9910
9912
9915
9918
9921
9923
9926
9929
9931
9934
9937
9940
9942
9945
9948
9951
9954
9957
9960
9963
9966
9968
9971
9974
9977
9980
9983
9986
9989
9992
9995
9997
10000
10003
10006
10009
10012
10015
10018
10021
10023
10026
10029
10032
10035
10038
10041
10044
10047
10050
10053
10057
10061
10064
10068
10072
10075
10079
10083
10087
10090
10094
10098
10101
10105
10109
10112
10116
10120
10124
10127
10131
10135
10138
10142
10146
10150
10154
10159
10163
10168
10172
10177
10182
10186
10191
10195
10200
10205
10209
10214
10218
10223
10227
10232
10237
10241
10246
10250
10255
10260
10264
10269
10273
10278
10282
10287
10292
10296
10301
10305
10310
10315
10319
10324
10328
10333
10337
10342
10347
10351
10356
10360
10365
10370
10373
10377
10380
10384
10387
10391
10394
10398
10401
10405
10409
10412
10416
10419
10423
10426
10430
10433
10437
10440
10444
10448
10451
10455
10458
10462
10465
10469
10472
10476
10480
10482
10485
10488
10490
10493
10496
10498
10501
10504
10506
10509
10512
10514
10517
10520
10522
10525
10528
10530
10533
10536
10539
10541
10544
10547
10549
10552
10555
10557
10560
10563
10565
10568
10571
10573
10576
10579
10581
10584
10587
10590
10593
10596
10600
10603
10606
10610
10613
10616
10620
10623
10626
10629
10633
10636
10639
10643
10646
10650
10653
10656
10660
10663
10666
10670
10673
10676
10680
10683
10686
10690
10693
10696
10700
10702
10704
10707
10709
10711
10714
10716
10719
10721
10723
10726
10728
10731
10733
10735
10738
10740
10743
10745
10747
10750
10752
10754
10757
10759
10762
10764
10766
10769
10771
10774
10776
10778
10781
10783
10786
10788
10790
10793
10795
10798
10800
10802
10805
10807
10810
10812
10815
10817
10820
10822
10825
10827
10830
10832
10835
10837
10840
10842
10845
10847
10850
10852
10855
10857
10860
10862
10865
10867
10870
10872
10875
10877
10880
10882
10885
10887
10890
10892
10895
10897
10900
10902
10905
10907
10910
10911
10913
10915
10917
10919
10921
10923
10925
10927
10929
10931
10933
10935
10937
10939
10941
10943
10945
10947
10949
10951
10953
10955
10957
10959
10961
10963
10965
10966
10968
10970
10972
10974
10976
10978
10980
10982
10984
10986
10988
10990
10992
10994
10996
10998
11000
11002
11004
11006
11008
11010
11012
11014
11016
11018
11020
11022
11024
11027
11029
11031
11034
11036
11039
11041
11043
11046
11048
11050
11053
11055
11058
11060
11062
11065
11067
11070
11072
11074
11077
11079
11081
11084
11086
11089
11091
11093
11096
11098
11100
11103
11105
11108
11110
11112
11115
11117
11120
11122
11125
11127
11130
11132
11135
11137
11140
11143
11145
11148
11150
11153
11155
11158
11160
11163
11166
11168
11171
11173
11176
11178
11181
11183
11186
11189
11191
11194
11196
11199
11201
11204
11206
11209
11212
11214
11217
11219
11222
11224
11227
11230
11233
11236
11240
11243
11246
11250
11253
11256
11260
11263
11266
11270
11273
11276
11280
11283
11286
11290
11293
11296
11300
11303
11306
11310
11313
11316
11320
11323
11326
11330
11333
11336
11340
11342
11345
11348
11351
11354
11357
11360
11363
11366
11369
11372
11375
11378
11381
11384
11387
11390
11392
11395
11398
11401
11404
11407
11410
11413
11416
11419
11422
11425
11428
11431
11434
11437
11440
11442
11444
11446
11448
11450
11452
11454
11456
11458
11460
11462
11464
11466
11469
11471
11473
11475
11477
11479
11481
11483
11485
11487
11489
11491
11493
11496
11498
11500
11502
11504
11506
11508
11510
11512
11514
11516
11518
11520
11523
11525
11527
11529
11531
11533
11535
11537
11539
11541
11543
11545
11547
11550
11552
11554
11557
11559
11561
11564
11566
11569
11571
11573
11576
11578
11581
11583
11585
11588
11590
11593
11595
11597
11600
11602
11605
11607
11609
11612
11614
11616
11619
11621
11624
11626
11628
11631
11633
11636
11638
11640
11643
11645
11648
11650
11652
11655
11657
11660
11662
11664
11667
11669
11671
11674
11676
11678
11681
11683
11685
11688
11690
11692
11695
11697
11699
11702
11704
11706
11709
11711
11713
11716
11718
11720
11723
11725
11727
11730
11732
11734
11737
11739
11741
11744
11746
11748
11751
11753
11755
11758
11760
11762
11765
11767
11770
11772
11774
11777
11779
11781
11784
11786
11789
11791
11793
11796
11798
11800
11803
11805
11808
11810
11812
11815
11817
11820
11822
11824
11827
11829
11831
11834
11836
11839
11841
11843
11846
11848
11850
11853
11855
11858
11860
11862
11865
11867
11870
11872
11875
11877
11880
11883
11885
11888
11890
11893
11896
11898
11901
11904
11906
11909
11911
11914
11917
11919
11922
11925
11927
11930
11932
11935
11938
11940
11943
11945
11948
11951
11953
11956
11959
11961
11964
11966
11969
11972
11974
11977
11980
11982
11985
11988
11991
11994
11997
12000
12003
12006
12009
12012
12015
12018
12021
12024
12027
12030
12033
12036
12039
12042
12045
12048
12051
12054
12057
12060
12063
12066
12069
12072
12075
12078
12081
12084
12087
12090
12092
12095
12098
12101
12103
12106
12109
12112
12115
12117
12120
12123
12126
12128
12131
12134
12137
12140
12142
12145
12148
12151
12153
12156
12159
12162
12165
12167
12170
12173
12176
12178
12181
12184
12187
12190
12192
12194
12196
12198
12200
12202
12205
12207
12209
12211
12213
12215
12218
12220
12222
12224
12226
12228
12230
12233
12235
12237
12239
12241
12243
12246
12248
12250
12252
12254
12256
12259
12261
12263
12265
12267
12269
12271
12274
12276
12278
12280
12282
12284
12287
12289
12291
12293
12295
12297
12300
12301
12303
12305
12307
12309
12310
12312
12314
12316
12318
12320
12321
12323
12325
12327
12329
12330
12332
12334
12336
12338
12340
12341
12343
12345
12347
12349
12350
12352
12354
12356
12358
12360
12361
12363
12365
12367
12369
12370
12372
12374
12376
12378
12380
12381
12383
12385
12387
12389
12390
12392
12394
12396
12398
12400
12402
12404
12406
12408
12410
12412
12414
12416
12418
12420
12422
12424
12426
12428
12430
12432
12434
12436
12438
12440
12442
12444
12446
12448
12450
12452
12454
12456
12458
12460
12462
12464
12466
12468
12470
12472
12474
12476
12478
12480
12482
12484
12486
12488
12490
12492
12494
12496
12498
12500
12502
12504
12506
12508
12510
12512
12514
12516
12518
12520
12522
12525
12527
12529
12531
12533
12535
12538
12540
12542
12544
12546
12548
12550
12553
12555
12557
12559
12561
12563
12566
12568
12570
12572
12574
12576
12579
12581
12583
12585
12587
12589
12591
12594
12596
12598
12600
12602
12604
12607
12609
12611
12613
12615
12617
12620
12622
12624
12626
12628
12630
12632
12634
12636
12638
12640
12642
12644
12646
12648
12650
12652
12654
12656
12658
12660
12662
12664
12666
12668
12670
12672
12674
12676
12678
12681
12683
12685
12687
12689
12691
12693
12695
12697
12699
12701
12703
12705
12707
12709
12711
12713
12715
12717
12719
12721
12723
12725
12727
12729
12731
12733
12735
12737
12740
12741
12743
12745
12746
12748
12750
12752
12753
12755
12757
12759
12760
12762
12764
12766
12767
12769
12771
12773
12774
12776
12778
12780
12781
12783
12785
12787
12788
12790
12792
12794
12795
12797
12799
12801
12802
12804
12806
12808
12809
12811
12813
12815
12816
12818
12820
12822
12823
12825
12827
12829
12830
12832
12834
12836
12837
12839
12841
12843
12844
12846
12848
12850
12851
12853
12854
12856
12858
12859
12861
12863
12864
12866
12868
12869
12871
12872
12874
12876
12877
12879
12881
12882
12884
12886
12887
12889
12890
12892
12894
12895
12897
12899
12900
12902
12904
12905
12907
12909
12910
12912
12913
12915
12917
12918
12920
12922
12923
12925
12927
12928
12930
12931
12933
12935
12936
12938
12940
12941
12943
12945
12946
12948
12950
12951
12953
12955
12957
12959
12961
12963
12965
12967
12969
12971
12973
12975
12977
12978
12980
12982
12984
12986
12988
12990
12992
12994
12996
12998
13000
13002
13004
13005
13007
13009
13011
13013
13015
13017
13019
13021
13023
13025
13027
13029
13031
13032
13034
13036
13038
13040
13042
13044
13046
13048
13050
13052
13054
13056
13058
13060
13061
13063
13064
13066
13068
13069
13071
13073
13074
13076
13078
13079
13081
13082
13084
13086
13087
13089
13091
13092
13094
13096
13097
13099
13100
13102
13104
13105
13107
13109
13110
13112
13114
13115
13117
13119
13120
13122
13123
13125
13127
13128
13130
13132
13133
13135
13137
13138
13140
13141
13143
13145
13146
13148
13150
13151
13153
13155
13156
13158
13160
13162
13164
13166
13168
13170
13172
13174
13176
13178
13180
13182
13184
13186
13188
13190
13192
13194
13196
13198
13200
13202
13204
13206
13208
13210
13212
13214
13216
13218
13221
13223
13225
13227
13229
13231
13233
13235
13237
13239
13241
13243
13245
13247
13249
13251
13253
13255
13257
13259
13261
13263
13265
13267
13269
13271
13273
13275
13277
13280
13281
13283
13284
13286
13288
13289
13291
13293
13294
13296
13298
13299
13301
13302
13304
13306
13307
13309
13311
13312
13314
13316
13317
13319
13320
13322
13324
13325
13327
13329
13330
13332
13334
13335
13337
13339
13340
13342
13343
13345
13347
13348
13350
13352
13353
13355
13357
13358
13360
13361
13363
13365
13366
13368
13370
13371
13373
13375
13376
13378
13380
13381
13383
13385
13387
13389
13391
13393
13395
13397
13399
13401
13403
13405
13407
13408
13410
13412
13414
13416
13418
13420
13422
13424
13426
13428
13430
13432
13434
13435
13437
13439
13441
13443
13445
13447
13449
13451
13453
13455
13457
13459
13461
13462
13464
13466
13468
13470
13472
13474
13476
13478
13480
13482
13484
13486
13488
13490
13492
13494
13496
13498
13500
13502
13504
13506
13508
13510
13512
13514
13516
13519
13521
13523
13525
13527
13529
13531
13533
13535
13537
13539
13541
13543
13546
13548
13550
13552
13554
13556
13558
13560
13562
13564
13566
13568
13570
13573
13575
13577
13579
13581
13583
13585
13587
13589
13591
13593
13595
13597
13600
13602
13605
13607
13610
13612
13615
13617
13620
13623
13625
13628
13630
13633
13635
13638
13641
13643
13646
13648
13651
13653
13656
13658
13661
13664
13666
13669
13671
13674
13676
13679
13682
13684
13687
13689
13692
13694
13697
13700
13702
13704
13707
13709
13712
13714
13717
13719
13722
13724
13726
13729
13731
13734
13736
13739
13741
13744
13746
13748
13751
13753
13756
13758
13761
13763
13766
13768
13770
13773
13775
13778
13780
13783
13785
13788
13790
13792
13795
13797
13800
13802
13805
13807
13810
13812
13815
13818
13820
13823
13826
13828
13831
13834
13837
13839
13842
13845
13847
13850
13853
13855
13858
13861
13864
13866
13869
13872
13874
13877
13880
13882
13885
13888
13891
13893
13896
13899
13901
13904
13907
13910
13912
13915
13917
13920
13922
13925
13927
13930
13932
13935
13937
13940
13942
13945
13947
13950
13952
13955
13957
13959
13962
13965
13967
13970
13972
13975
13977
13980
13982
13985
13987
13990
13992
13995
13997
14000
14002
14004
14007
14010
14012
14014
14017
14020
14023
14026
14029
14032
14035
14038
14041
14045
14048
14051
14054
14057
14060
14063
14066
14070
14073
14076
14079
14082
14085
14088
14091
14094
14098
14101
14104
14107
14110
14113
14116
14120
14122
14125
14127
14130
14133
14135
14138
14140
14143
14146
14148
14151
14154
14156
14159
14161
14164
14167
14169
14172
14175
14177
14180
14182
14185
14188
14190
14193
14195
14198
14201
14203
14206
14209
14211
14214
14216
14219
14222
14224
14227
14230
14232
14235
14238
14241
14244
14246
14249
14252
14255
14258
14261
14263
14266
14269
14272
14275
14277
14280
14283
14286
14289
14292
14294
14297
14300
14303
14306
14308
14311
14314
14317
14320
14323
14325
14328
14331
14334
14337
14340
14342
14345
14348
14350
14353
14356
14358
14361
14364
14367
14369
14372
14375
14377
14380
14383
14385
14388
14391
14394
14396
14399
14402
14404
14407
14410
14412
14415
14418
14421
14423
14426
14429
14431
14434
14437
14440
14442
14445
14447
14450
14453
14455
14458
14460
14463
14466
14468
14471
14473
14476
14479
14481
14484
14486
14489
14492
14494
14497
14500
14502
14505
14507
14510
14513
14515
14518
14520
14523
14526
14528
14531
14533
14536
14539
14541
14544
14546
14549
14552
14554
14557
14560
14562
14564
14566
14568
14570
14572
14574
14576
14578
14580
14582
14584
14586
14588
14590
14592
14594
14596
14598
14600
14602
14604
14606
14608
14611
14613
14615
14617
14619
14621
14623
14625
14627
14629
14631
14633
14635
14637
14639
14641
14643
14645
14647
14649
14651
14653
14655
14657
14660
14662
14664
14666
14668
14670
14672
14674
14676
14678
14680
14682
14684
14686
14688
14690
14692
14694
14696
14698
14700
14702
14704
14706
14708
14710
14712
14715
14717
14719
14721
14723
14725
14727
14729
14731
14733
14735
14737
14739
14741
14743
14745
14747
14749
14751
14753
14755
14757
14759
14761
14763
14765
14767
14770
14772
14774
14777
14779
14781
14784
14786
14789
14791
14793
14796
14798
14800
14803
14805
14808
14810
14812
14815
14817
14820
14822
14824
14827
14829
14831
14834
14836
14839
14841
14843
14846
14848
14850
14853
14855
14858
14860
14862
14865
14867
14870
14872
14874
14876
14878
14880
14882
14884
14886
14888
14890
14892
14894
14896
14898
14900
14902
14904
14906
14908
14910
14912
14914
14916
14918
14920
14922
14925
14927
14929
14931
14933
14935
14937
14939
14941
14943
14945
14947
14949
14951
14953
14955
14957
14959
14961
14963
14965
14967
14969
14971
14973
14975
14977
14980
14981
14983
14985
14987
14989
14991
14993
14994
14996
14998
15000
15002
15004
15006
15007
15009
15011
15013
15015
15017
15019
15021
15022
15024
15026
15028
15030
15032
15034
15035
15037
15039
15041
15043
15045
15047
15048
15050
15052
15054
15056
15058
15060
15062
15063
15065
15067
15069
15071
15073
15075
15076
15078
15080
15082
15084
15086
15088
15090
15092
15094
15096
15098
15100
15102
15104
15106
15108
15110
15112
15115
15117
15119
15121
15123
15125
15127
15129
15131
15133
15135
15137
15140
15142
15144
15146
15148
15150
15152
15154
15156
15158
15160
15162
15165
15167
15169
15171
15173
15175
15177
15179
15181
15183
15185
15187
15190
15192
15194
15196
15198
15200
15202
15204
15206
15208
15210
15212
15214
15216
15219
15221
15223
15225
15227
15229
15231
15233
15235
15237
15239
15241
15243
15246
15248
15250
15252
15254
15256
15258
15260
15262
15264
15266
15268
15270
15273
15275
15277
15279
15281
15283
15285
15287
15289
15291
15293
15295
15297
15300
15301
15303
15305
15307
15308
15310
15312
15314
15316
15317
15319
15321
15323
15325
15326
15328
15330
15332
15333
15335
15337
15339
15341
15342
15344
15346
15348
15350
15351
15353
15355
15357
15358
15360
15362
15364
15366
15367
15369
15371
15373
15375
15376
15378
15380
15382
15383
15385
15387
15389
15391
15392
15394
15396
15398
15400
15401
15403
15405
15407
15409
15410
15412
15414
15416
15418
15419
15421
15423
15425
15427
15428
15430
15432
15434
15436
15437
15439
15441
15443
15445
15446
15448
15450
15452
15454
15455
15457
15459
15461
15463
15464
15466
15468
15470
15472
15473
15475
15477
15479
15481
15482
15484
15486
15488
15490
15491
15493
15495
15497
15499
15500
15502
15504
15506
15508
15510
15512
15515
15518
15520
15523
15526
15529
15532
15534
15537
15540
15543
15545
15548
15551
15554
15556
15559
15562
15565
15567
15570
15573
15575
15578
15581
15584
15587
15589
15592
15595
15597
15600
15603
15606
15609
15611
15614
15617
15620
15622
15624
15626
15628
15630
15632
15634
15636
15639
15641
15643
15645
15647
15649
15651
15653
15655
15658
15660
15662
15664
15666
15668
15670
15672
15675
15677
15679
15681
15683
15685
15687
15689
15691
15694
15696
15698
15700
15702
15704
15706
15708
15710
15713
15715
15717
15719
15721
15723
15725
15727
15730
15731
15733
15735
15737
15739
15741
15743
15745
15747
15748
15750
15752
15754
15756
15758
15760
15762
15764
15766
15767
15769
15771
15773
15775
15777
15779
15781
15783
15785
15786
15788
15790
15792
15794
15796
15798
15800
15802
15803
15805
15807
15809
15811
15813
15815
15817
15819
15821
15822
15824
15826
15828
15830
15832
15834
15836
15838
15840
15842
15844
15846
15848
15850
15852
15854
15856
15858
15860
15862
15864
15866
15868
15870
15872
15874
15876
15878
15880
15882
15884
15886
15888
15891
15893
15895
15897
15899
15901
15903
15905
15907
15909
15911
15913
15915
15917
15919
15921
15923
15925
15927
15929
15931
15933
15935
15937
15940
15942
15944
15946
15948
15950
15952
15954
15956
15958
15960
15962
15964
15966
15969
15971
15973
15975
15977
15979
15981
15983
15985
15987
15989
15991
15993
15996
15998
16000
16002
16004
16006
16008
16010
16012
16014
16016
16018
16020
16023
16025
16027
16029
16031
16033
16035
16037
16039
16041
16043
16045
16047
16050
16052
16054
16057
16059
16062
16064
16067
16069
16071
16074
16076
16079
16081
16084
16086
16089
16091
16093
16096
16098
16101
16103
16106
16108
16110
16113
16115
16118
16120
16123
16125
16128
16130
16132
16135
16137
16140
16142
16145
16147
16149
16152
16154
16156
16158
16160
16162
16165
16167
16169
16171
16173
16175
16178
16180
16182
16184
16186
16188
16190
16193
16195
16197
16199
16201
16203
16206
16208
16210
16212
16214
16216
16219
16221
16223
16225
16227
16229
16231
16234
16236
16238
16240
16242
16244
16247
16249
16251
16253
16255
16257
16260
16261
16263
16265
16267
16269
16271
16273
16275
16277
16279
16281
16283
16285
16287
16288
16290
16292
16294
16296
16298
16300
16302
16304
16306
16308
16310
16312
16314
16315
16317
16319
16321
16323
16325
16327
16329
16331
16333
16335
16337
16339
16341
16342
16344
16346
16348
16350
16352
16354
16356
16358
16360
16362
16364
16366
16368
16370
16372
16375
16378
16381
16384
16386
16389
16392
16395
16398
16401
16403
16406
16409
16412
16415
16417
16420
16423
16426
16429
16432
16434
16437
16440
16443
16446
16448
16451
16454
16457
16460
16463
16465
16468
16471
16474
16477
16480
16482
16484
16486
16489
16491
16493
16496
16498
16500
16502
16505
16507
16509
16512
16514
16516
16518
16521
16523
16525
16528
16530
16532
16535
16537
16539
16541
16544
16546
16548
16551
16553
16555
16557
16560
16562
16564
16567
16569
16571
16573
16576
16578
16580
16583
16585
16587
16590
16592
16594
16596
16598
16600
16602
16604
16606
16608
16610
16612
16614
16616
16618
16620
16622
16624
16626
16628
16630
16632
16634
16636
16638
16640
16642
16644
16646
16648
16650
16652
16654
16656
16658
16660
16662
16664
16666
16668
16670
16672
16674
16676
16678
16680
16682
16684
16686
16688
16690
16692
16694
16696
16698
16701
16703
16705
16707
16709
16712
16714
16716
16718
16720
16723
16725
16727
16729
16731
16734
16736
16738
16740
16742
16745
16747
16749
16751
16753
16756
16758
16760
16762
16764
16767
16769
16771
16773
16775
16778
16780
16782
16784
16786
16789
16791
16793
16795
16797
16800
16801
16803
16805
16807
16809
16811
16813
16815
16817
16819
16821
16823
16825
16826
16828
16830
16832
16834
16836
16838
16840
16842
16844
16846
16848
16850
16851
16853
16855
16857
16859
16861
16863
16865
16867
16869
16871
16873
16875
16876
16878
16880
16882
16884
16886
16888
16890
16892
16894
16896
16898
16900
16902
16904
16907
16909
16911
16914
16916
16918
16921
16923
16925
16928
16930
16932
16935
16937
16939
16942
16944
16946
16949
16951
16953
16956
16958
16960
16963
16965
16967
16970
16972
16974
16977
16979
16981
16984
16986
16988
16991
16993
16995
16998
17000
17002
17005
17007
17010
17012
17014
17017
17019
17021
17024
17026
17028
17031
17033
17035
17038
17040
17042
17045
17047
17049
17052
17054
17056
17059
17061
17063
17066
17068
17070
17073
17075
17077
17080
17082
17084
17087
17089
17091
17094
17096
17098
17101
17103
17105
17108
17110
17112
17115
17117
17120
17122
17124
17126
17128
17131
17133
17135
17137
17140
17142
17144
17146
17149
17151
17153
17155
17158
17160
17162
17164
17167
17169
17171
17173
17176
17178
17180
17182
17185
17187
17189
17191
17194
17196
17198
17200
17203
17205
17207
17209
17212
17214
17216
17218
17221
17223
17225
17227
17230
17232
17234
17236
17238
17240
17242
17244
17246
17249
17251
17253
17255
17257
17259
17261
17263
17265
17268
17270
17272
17274
17276
17278
17280
17282
17285
17287
17289
17291
17293
17295
17297
17299
17301
17304
17306
17308
17310
17312
17314
17316
17318
17320
17323
17325
17327
17329
17331
17333
17335
17337
17340
17343
17346
17350
17353
17357
17360
17364
17367
17371
17374
17377
17381
17384
17388
17391
17395
17398
17402
17405
17408
17412
17415
17419
17422
17426
17429
17433
17436
17440
17443
17446
17449
17452
17455
17458
17462
17465
17468
17471
17474
17477
17480
17484
17487
17490
17493
17496
17499
17502
17506
17509
17512
17515
17518
17521
17524
17528
17531
17534
17537
17540
17543
17546
17550
17551
17553
17555
17557
17559
17561
17563
17565
17567
17569
17571
17573
17575
17577
17579
17581
17583
17585
17587
17589
17591
17593
17595
17597
17599
17600
17602
17604
17606
17608
17610
17612
17614
17616
17618
17620
17622
17624
17626
17628
17630
17632
17634
17636
17638
17640
17642
17644
17646
17648
17650
17653
17656
17660
17663
17666
17669
17673
17676
17680
17683
17686
17690
17693
17696
17700
17703
17706
17710
17713
17716
17720
17723
17726
17730
17733
17736
17740
17743
17746
17750
17753
17756
17760
17762
17765
17768
17771
17774
17777
17780
17783
17786
17788
17791
17794
17797
17800
17803
17806
17809
17812
17815
17817
17820
17823
17826
17829
17832
17835
17838
17841
17843
17846
17849
17852
17855
17858
17861
17864
17867
17870
17872
17874
17877
17879
17881
17884
17886
17888
17891
17893
17895
17898
17900
17902
17905
17907
17909
17912
17914
17916
17919
17921
17923
17926
17928
17930
17933
17935
17937
17940
17942
17944
17947
17949
17951
17954
17956
17958
17961
17963
17965
17968
17970
17972
17975
17977
17980
17984
17989
17994
17999
18003
18008
18013
18018
18023
18027
18032
18037
18042
18046
18051
18056
18061
18066
18070
18075
18080
18085
18090
18094
18098
18102
18106
18110
18114
18118
18122
18126
18130
18134
18138
18142
18146
18150
18154
18158
18162
18166
18170
18174
18178
18182
18186
18190
18193
18197
18201
18204
18208
18212
18215
18219
18223
18226
18230
18234
18237
18241
18245
18248
18252
18256
18259
18263
18267
18270
18274
18278
18281
18285
18289
18292
18296
18300
18302
18305
18308
18311
18314
18317
18320
18323
18326
18329
18332
18335
18338
18341
18344
18347
18350
18352
18355
18358
18361
18364
18367
18370
18373
18376
18379
18382
18385
18388
18391
18394
18397
18400
18403
18407
18410
18414
18417
18421
18424
18428
18431
18435
18439
18442
18446
18449
18453
18456
18460
18463
18467
18470
18474
18478
18481
18485
18488
18492
18495
18499
18502
18506
18510
18514
18518
18522
18526
18531
18535
18539
18543
18548
18552
18556
18560
18565
18569
18573
18577
18581
18586
18590
18594
18598
18603
18607
18611
18615
18620
18624
18629
18634
18639
18643
18648
18653
18658
18663
18667
18672
18677
18682
18686
18691
18696
18701
18706
18710
18715
18720
18725
18730
18732
18735
18737
18740
18742
18745
18747
18750
18753
18755
18758
18760
18763
18765
18768
18770
18773
18776
18778
18781
18783
18786
18788
18791
18793
18796
18799
18801
18804
18806
18809
18811
18814
18816
18819
18822
18824
18827
18829
18832
18834
18837
18840
18842
18844
18847
18849
18852
18854
18857
18859
18861
18864
18866
18869
18871
18874
18876
18879
18881
18883
18886
18888
18891
18893
18896
18898
18900
18903
18905
18908
18910
18913
18915
18918
18920
18922
18925
18927
18930
18932
18935
18937
18940
18942
18945
18947
18950
18952
18955
18957
18960
18963
18965
18968
18970
18973
18975
18978
18980
18983
18986
18988
18991
18993
18996
18998
19001
19003
19006
19009
19011
19014
19016
19019
19021
19024
19026
19029
19032
19034
19037
19039
19042
19044
19047
19050
19052
19055
19058
19061
19064
19067
19070
19073
19076
19079
19082
19085
19088
19091
19094
19097
19100
19102
19105
19108
19111
19114
19117
19120
19123
19126
19129
19132
19135
19138
19141
19144
19147
19150
19152
19155
19158
19161
19164
19166
19169
19172
19175
19178
19181
19183
19186
19189
19192
19195
19197
19200
19203
19206
19209
19212
19214
19217
19220
19223
19226
19228
19231
19234
19237
19240
19243
19245
19248
19251
19254
19257
19260
19262
19264
19266
19269
19271
19273
19275
19278
19280
19282
19284
19287
19289
19291
19293
19296
19298
19300
19303
19305
19307
19309
19312
19314
19316
19318
19321
19323
19325
19327
19330
19332
19334
19336
19339
19341
19343
19346
19348
19350
19352
19355
19357
19359
19361
19364
19366
19368
19370
19373
19375
19377
19380
19382
19384
19386
19388
19390
19392
19394
19396
19399
19401
19403
19405
19407
19409
19411
19413
19415
19418
19420
19422
19424
19426
19428
19430
19432
19435
19437
19439
19441
19443
19445
19447
19449
19451
19454
19456
19458
19460
19462
19464
19466
19468
19470
19473
19475
19477
19479
19481
19483
19485
19487
19490
19492
19494
19497
19500
19502
19505
19507
19509
19512
19515
19517
19520
19522
19525
19527
19530
19532
19535
19537
19540
19542
19545
19547
19550
19552
19555
19557
19560
19562
19565
19567
19570
19572
19575
19577
19580
19582
19585
19587
19590
19592
19595
19597
19600
19601
19603
19604
19606
19607
19609
19610
19612
19613
19615
19616
19618
19619
19621
19622
19624
19625
19627
19628
19630
19631
19633
19634
19636
19637
19639
19640
19642
19643
19645
19646
19648
19650
19651
19653
19654
19656
19657
19659
19660
19662
19663
19665
19666
19668
19669
19671
19672
19674
19675
19677
19678
19680
19681
19683
19684
19686
19687
19689
19690
19692
19693
19695
19696
19698
19700
19701
19703
19705
19707
19709
19710
19712
19714
19716
19718
19719
19721
19723
19725
19727
19728
19730
19732
19734
19736
19737
19739
19741
19743
19745
19746
19748
19750
19752
19754
19755
19757
19759
19761
19763
19764
19766
19768
19770
19772
19773
19775
19777
19779
19781
19782
19784
19786
19788
19790
19791
19793
19795
19797
19799
19800
19802
19804
19806
19808
19810
19811
19813
19814
19816
19818
19820
19821
19823
19825
19826
19828
19830
19831
19833
19835
19836
19838
19840
19841
19843
19845
19846
19848
19849
19851
19853
19855
19856
19858
19860
19861
19863
19865
19866
19868
19870
19871
19873
19875
19876
19878
19880
19881
19883
19884
19886
19888
19890
19891
19893
19895
19896
19898
19900
19901
19903
19905
19906
19908
19910
19911
19913
19915
19917
19919
19921
19923
19924
19926
19928
19930
19932
19934
19936
19937
19939
19941
19943
19945
19947
19949
19951
19952
19954
19956
19958
19960
19962
19964
19965
19967
19969
19971
19973
19975
19977
19978
19980
19982
19984
19986
19988
19990
19992
19993
19995
19997
19999
20001
20003
20005
20006
20008
20010
20012
20014
20016
20018
20020
20021
20023
20025
20027
20029
20031
20032
20034
20036
20038
20040
20042
20044
20045
20047
20049
20051
20053
20055
20057
20058
20060
20062
20064
20066
20068
20070
20071
20073
20075
20077
20079
20081
20082
20084
20086
20088
20090
20092
20094
20095
20097
20099
20101
20103
20105
20107
20108
20110
20112
20114
20116
20118
20120
20122
20124
20126
20128
20130
20132
20135
20137
20139
20141
20143
20145
20148
20150
20152
20154
20156
20158
20160
20163
20165
20167
20169
20171
20173
20176
20178
20180
20182
20184
20186
20189
20191
20193
20195
20197
20199
20201
20204
20206
20208
20210
20212
20214
20217
20219
20221
20223
20225
20227
20230
20231
20233
20235
20237
20238
20240
20242
20244
20245
20247
20249
20251
20253
20254
20256
20258
20260
20261
20263
20265
20267
20269
20270
20272
20274
20276
20277
20279
20281
20283
20285
20286
20288
20290
20292
20293
20295
20297
20299
20300
20302
20304
20306
20308
20309
20311
20313
20315
20316
20318
20320
20322
20324
20325
20327
20329
20331
20332
20334
20336
20338
20340
20342
20344
20346
20349
20351
20353
20355
20358
20360
20362
20365
20367
20369
20371
20374
20376
20378
20380
20383
20385
20387
20390
20392
20394
20396
20399
20401
20403
20405
20408
20410
20412
20415
20417
20419
20421
20424
20426
20428
20430
20433
20435
20437
20440
20442
20444
20446
20448
20451
20453
20455
20457
20460
20462
20464
20466
20469
20471
20473
20475
20478
20480
20482
20484
20487
20489
20491
20493
20496
20498
20500
20502
20505
20507
20509
20511
20514
20516
20518
20520
20523
20525
20527
20529
20532
20534
20536
20538
20541
20543
20545
20547
20550
20553
20556
20559
20562
20565
20568
20571
20574
20577
20580
20583
20586
20589
20592
20595
20598
20601
20604
20607
20610
20613
20616
20619
20622
20625
20628
20631
20634
20637
20640
20643
20646
20650
20652
20655
20658
20661
20664
20667
20670
20673
20676
20679
20682
20685
20688
20691
20694
20697
20700
20703
20706
20709
20712
20715
20718
20721
20724
20727
20730
20733
20736
20739
20742
20745
20748
20751
20754
20757
20760
20763
20766
20769
20772
20775
20778
20782
20785
20788
20791
20794
20797
20800
20804
20807
20810
20813
20816
20819
20822
20826
20829
20832
20835
20838
20841
20844
20848
20851
20854
20857
20860
20863
20866
20870
20872
20875
20878
20881
20883
20886
20889
20892
20895
20897
20900
20903
20906
20909
20911
20914
20917
20920
20923
20925
20928
20931
20934
20936
20939
20942
20945
20948
20950
20953
20956
20959
20962
20964
20967
20970
20973
20976
20978
20981
20984
20987
20990
20992
20995
20998
21001
21004
21006
21009
21012
21015
21018
21021
21023
21026
21029
21032
21035
21037
21040
21043
21046
21049
21052
21054
21057
21060
21063
21066
21068
21071
21074
21077
21080
21083
21085
21088
21091
21094
21097
21100
21104
21109
21114
21119
21123
21128
21133
21138
21142
21147
21152
21157
21161
21166
21171
21176
21180
21185
21190
21195
21200
21202
21205
21208
21211
21214
21216
21219
21222
21225
21228
21231
21233
21236
21239
21242
21245
21247
21250
21253
21256
21259
21262
21264
21267
21270
21273
21276
21278
21281
21284
21287
21290
21293
21295
21298
21301
21304
21307
21310
21311
21313
21315
21317
21319
21321
21323
21325
21326
21328
21330
21332
21334
21336
21338
21340
21342
21343
21345
21347
21349
21351
21353
21355
21357
21359
21360
21362
21364
21366
21368
21370
21372
21374
21376
21377
21379
21381
21383
21385
21387
21389
21391
21393
21394
21396
21398
21400
21402
21404
21406
21408
21410
21412
21414
21417
21419
21422
21424
21427
21429
21432
21434
21436
21439
21441
21444
21446
21449
21451
21454
21456
21458
21461
21463
21466
21468
21471
21473
21476
21478
21480
21483
21485
21488
21490
21493
21495
21498
21500
21502
21505
21507
21510
21512
21515
21517
21520
21522
21525
21527
21530
21533
21535
21538
21541
21543
21546
21548
21551
21554
21556
21559
21562
21564
21567
21570
21572
21575
21577
21580
21583
21585
21588
21591
21593
21596
21598
21601
21604
21606
21609
21612
21614
21617
21620
21623
21626
21630
21633
21636
21640
21643
21646
21650
21653
21656
21660
21663
21666
21670
21673
21676
21680
21683
21686
21689
21693
21696
21700
21703
21706
21710
21713
21716
21720
21723
21726
21729
21733
21736
21740
21744
21748
21752
21756
21761
21765
21769
21773
21778
21782
21786
21790
21794
21799
21803
21807
21811
21816
21820
21824
21828
21833
21837
21841
21845
21850
21855
21860
21865
21871
21876
21881
21886
21892
21897
21902
21907
21913
21918
21923
21928
21934
21939
21944
21950
21954
21958
21963
21967
21971
21976
21980
21985
21989
21994
21998
22002
22007
22011
22016
22020
22024
22029
22033
22038
22042
22046
22051
22055
22060
22062
22064
22066
22068
22070
22073
22075
22077
22079
22081
22083
22086
22088
22090
22092
22094
22096
22099
22101
22103
22105
22107
22110
22112
22114
22116
22118
22120
22123
22125
22127
22129
22131
22133
22136
22138
22140
22142
22144
22146
22149
22151
22153
22155
22157
22160
22162
22164
22167
22169
22171
22174
22176
22179
22181
22183
22186
22188
22191
22193
22195
22198
22200
22203
22205
22207
22210
22212
22215
22217
22219
22222
22224
22226
22229
22231
22234
22236
22238
22241
22243
22246
22248
22250
22253
22255
22258
22260
22262
22265
22267
22270
22271
22273
22275
22277
22279
22281
22283
22285
22287
22289
22291
22293
22295
22297
22299
22301
22303
22305
22307
22309
22311
22313
22315
22317
22319
22320
22322
22324
22326
22328
22330
22332
22334
22336
22338
22340
22342
22344
22346
22348
22350
22352
22354
22356
22358
22360
22362
22364
22366
22368
22370
22371
22373
22374
22376
22377
22379
22381
22382
22384
22385
22387
22389
22390
22392
22393
22395
22397
22398
22400
22401
22403
22405
22406
22408
22409
22411
22413
22414
22416
22417
22419
22421
22422
22424
22425
22427
22428
22430
22432
22433
22435
22436
22438
22440
22441
22443
22444
22446
22448
22449
22451
22452
22454
22456
22457
22459
22460
22462
22464
22465
22467
22468
22470
22472
22473
22475
22476
22478
22480
22481
22483
22485
22487
22489
22491
22493
22495
22497
22499
22501
22503
22505
22507
22509
22511
22513
22515
22517
22519
22521
22523
22525
22527
22529
22531
22533
22535
22536
22538
22540
22542
22544
22546
22548
22550
22552
22554
22556
22558
22560
22562
22564
22566
22568
22570
22572
22574
22576
22578
22580
22582
22584
22586
22588
22590
22592
22594
22596
22598
22600
22602
22604
22606
22608
22610
22612
22614
22616
22618
22620
22622
22624
22626
22628
22630
22632
22634
22636
22638
22640
22642
22644
22646
22648
22650
22652
22654
22656
22658
22660
22662
22664
22666
22668
22670
22672
22674
22676
22678
22680
22682
22684
22686
22688
22690
22691
22693
22694
22696
22698
22699
22701
22703
22704
22706
22708
22709
22711
22712
22714
22716
22717
22719
22721
22722
22724
22726
22727
22729
22731
22732
22734
22735
22737
22739
22740
22742
22744
22745
22747
22749
22750
22752
22754
22755
22757
22758
22760
22762
22763
22765
22767
22768
22770
22772
22773
22775
22777
22778
22780
22781
22783
22785
22786
22788
22790
22791
22793
22795
22796
22798
22800
22801
22803
22805
22807
22808
22810
22812
22814
22816
22817
22819
22821
22823
22825
22826
22828
22830
22832
22833
22835
22837
22839
22841
22842
22844
22846
22848
22850
22851
22853
22855
22857
22858
22860
22862
22864
22866
22867
22869
22871
22873
22875
22876
22878
22880
22882
22883
22885
22887
22889
22891
22892
22894
22896
22898
22900
22902
22904
22906
22908
22910
22912
22914
22916
22918
22920
22922
22924
22926
22929
22931
22933
22935
22937
22939
22941
22943
22945
22947
22949
22951
22953
22956
22958
22960
22962
22964
22966
22968
22970
22972
22974
22976
22978
22980
22983
22985
22987
22989
22991
22993
22995
22997
22999
23001
23003
23005
23007
23010
23011
23013
23015
23017
23019
23020
23022
23024
23026
23028
23029
23031
23033
23035
23037
23038
23040
23042
23044
23046
23047
23049
23051
23053
23055
23056
23058
23060
23062
23064
23065
23067
23069
23071
23073
23074
23076
23078
23080
23082
23083
23085
23087
23089
23091
23092
23094
23096
23098
23100
23101
23103
23105
23107
23109
23110
23112
23114
23116
23118
23120
23122
23124
23127
23129
23132
23134
23137
23139
23142
23144
23146
23149
23151
23154
23156
23159
23161
23164
23166
23168
23171
23173
23176
23178
23181
23183
23186
23188
23190
23193
23195
23198
23200
23203
23205
23208
23210
23212
23215
23217
23220
23222
23225
23227
23230
23232
23235
23238
23241
23244
23247
23250
23253
23256
23258
23261
23264
23267
23270
23273
23276
23279
23282
23285
23287
23290
23293
23296
23299
23302
23305
23308
23311
23313
23316
23319
23322
23325
23328
23331
23334
23337
23340
23341
23343
23345
23346
23348
23350
23351
23353
23355
23356
23358
23360
23362
23363
23365
23367
23368
23370
23372
23373
23375
23377
23378
23380
23382
23384
23385
23387
23389
23390
23392
23394
23395
23397
23399
23401
23402
23404
23406
23407
23409
23411
23412
23414
23416
23417
23419
23421
23423
23424
23426
23428
23429
23431
23433
23434
23436
23438
23440
23441
23443
23445
23447
23448
23450
23452
23454
23455
23457
23459
23461
23463
23464
23466
23468
23470
23471
23473
23475
23477
23479
23480
23482
23484
23486
23487
23489
23491
23493
23495
23496
23498
23500
23502
23503
23505
23507
23509
23510
23512
23514
23516
23518
23519
23521
23523
23525
23526
23528
23530
23532
23534
23535
23537
23539
23541
23542
23544
23546
23548
23550
23552
23554
23556
23559
23561
23563
23566
23568
23570
23573
23575
23577
23580
23582
23584
23587
23589
23591
23594
23596
23598
23601
23603
23605
23608
23610
23612
23615
23617
23619
23622
23624
23626
23629
23631
23633
23636
23638
23640
23643
23645
23647
23650
23652
23655
23657
23660
23663
23665
23668
23670
23673
23676
23678
23681
23684
23686
23689
23691
23694
23697
23699
23702
23705
23707
23710
23712
23715
23718
23720
23723
23725
23728
23731
23733
23736
23739
23741
23744
23746
23749
23752
23754
23757
23760
23762
23764
23766
23769
23771
23773
23776
23778
23780
23782
23785
23787
23789
23792
23794
23796
23798
23801
23803
23805
23808
23810
23812
23815
23817
23819
23821
23824
23826
23828
23831
23833
23835
23837
23840
23842
23844
23847
23849
23851
23853
23856
23858
23860
23863
23865
23867
23870
23875
23880
23885
23890
23895
23900
23905
23910
23915
23920
23925
23930
23935
23940
23945
23950
23955
23960
23965
23970
23975
23980
23982
23984
23986
23988
23990
23992
23994
23996
23999
24001
24003
24005
24007
24009
24011
24013
24015
24018
24020
24022
24024
24026
24028
24030
24032
24035
24037
24039
24041
24043
24045
24047
24049
24051
24054
24056
24058
24060
24062
24064
24066
24068
24070
24073
24075
24077
24079
24081
24083
24085
24087
24090
24094
24098
24103
24107
24111
24116
24120
24124
24129
24133
24137
24142
24146
24150
24155
24159
24163
24168
24172
24176
24181
24185
24190
24196
24202
24209
24215
24222
24228
24235
24241
24248
24254
24261
24267
24274
24280
24287
24293
24300
24304
24309
24313
24318
24322
24327
24331
24336
24340
24345
24350
24354
24359
24363
24368
24372
24377
24381
24386
24390
24395
24400
24405
24411
24417
24423
24428
24434
24440
24446
24452
24457
24463
24469
24475
24481
24486
24492
24498
24504
24510
24515
24520
24525
24530
24535
24540
24545
24550
24555
24560
24565
24570
24575
24580
24585
24590
24595
24600
24605
24610
24615
24620
24624
24628
24632
24636
24641
24645
24649
24653
24658
24662
24666
24670
24675
24679
24683
24687
24691
24696
24700
24704
24708
24713
24717
24721
24725
24730
24733
24737
24741
24745
24748
24752
24756
24760
24764
24767
24771
24775
24779
24783
24786
24790
24794
24798
24802
24805
24809
24813
24817
24821
24824
24828
24832
24836
24840
24842
24845
24848
24851
24854
24857
24860
24862
24865
24868
24871
24874
24877
24880
24882
24885
24888
24891
24894
24897
24900
24902
24905
24908
24911
24914
24917
24920
24922
24925
24928
24931
24934
24937
24940
24943
24946
24949
24952
24955
24958
24962
24965
24968
24971
24974
24977
24980
24984
24987
24990
24993
24996
24999
25002
25006
25009
25012
25015
25018
25021
25024
25028
25031
25034
25037
25040
25043
25046
25050
25052
25054
25056
25058
25061
25063
25065
25067
25070
25072
25074
25076
25078
25081
25083
25085
25087
25090
25092
25094
25096
25098
25101
25103
25105
25107
25110
25112
25114
25116
25118
25121
25123
25125
25127
25130
25132
25134
25136
25138
25141
25143
25145
25147
25150
25152
25154
25156
25158
25160
25163
25165
25167
25169
25172
25174
25176
25178
25180
25183
25185
25187
25189
25191
25194
25196
25198
25200
25202
25205
25207
25209
25211
25213
25216
25218
25220
25222
25224
25227
25229
25231
25233
25235
25238
25240
25242
25244
25246
25249
25251
25253
25255
25257
25260
25262
25264
25266
25268
25271
25273
25275
25277
25279
25282
25284
25286
25288
25290
25293
25295
25297
25299
25301
25304
25306
25308
25310
25312
25315
25317
25319
25321
25323
25326
25328
25330
25332
25334
25337
25339
25341
25343
25345
25348
25350
25352
25354
25356
25359
25361
25363
25365
25367
25370
25372
25374
25376
25378
25380
25382
25384
25386
25389
25391
25393
25395
25397
25399
25401
25403
25405
25408
25410
25412
25414
25416
25418
25420
25422
25425
25427
25429
25431
25433
25435
25437
25439
25441
25444
25446
25448
25450
25452
25454
25456
25458
25460
25463
25465
25467
25469
25471
25473
25475
25477
25480
25482
25485
25487
25490
25492
25495
25497
25500
25502
25505
25507
25510
25512
25515
25517
25520
25522
25525
25527
25530
25532
25535
25537
25540
25542
25545
25547
25550
25552
25555
25557
25560
25562
25565
25567
25570
25572
25575
25577
25580
25582
25585
25587
25590
25592
25594
25596
25599
25601
25603
25605
25608
25610
25612
25615
25617
25619
25621
25624
25626
25628
25630
25633
25635
25637
25640
25642
25644
25646
25649
25651
25653
25655
25658
25660
25662
25665
25667
25669
25671
25674
25676
25678
25680
25683
25685
25687
25690
25692
25694
25696
25698
25700
25703
25705
25707
25709
25711
25714
25716
25718
25720
25722
25724
25727
25729
25731
25733
25735
25738
25740
25742
25744
25746
25748
25751
25753
25755
25757
25759
25762
25764
25766
25768
25770
25772
25775
25777
25779
25781
25783
25785
25788
25790
25792
25794
25796
25799
25801
25803
25805
25807
25810
25811
25813
25815
25817
25819
25821
25823
25825
25827
25829
25831
25833
25835
25836
25838
25840
25842
25844
25846
25848
25850
25852
25854
25856
25858
25860
25861
25863
25865
25867
25869
25871
25873
25875
25877
25879
25881
25883
25884
25886
25888
25890
25892
25894
25896
25898
25900
25902
25904
25906
25908
25910
25911
25913
25915
25917
25919
25921
25922
25924
25926
25928
25930
25932
25933
25935
25937
25939
25941
25943
25944
25946
25948
25950
25952
25954
25955
25957
25959
25961
25963
25965
25966
25968
25970
25972
25974
25976
25977
25979
25981
25983
25985
25987
25988
25990
25992
25994
25996
25998
25999
26001
26003
26005
26007
26009
26010
26012
26014
26016
26018
26020
26021
26023
26025
26027
26029
26030
26032
26034
26036
26038
26040
26041
26043
26045
26047
26049
26050
26052
26054
26056
26058
26060
26061
26063
26065
26067
26069
26070
26072
26074
26076
26078
26080
26081
26083
26085
26087
26089
26090
26092
26094
26096
26098
26100
26101
26103
26105
26107
26109
26110
26112
26114
26116
26118
26120
26121
26123
26125
26127
26129
26131
26133
26135
26137
26138
26140
26142
26144
26146
26148
26150
26152
26154
26156
26157
26159
26161
26163
26165
26167
26169
26171
26173
26175
26176
26178
26180
26182
26184
26186
26188
26190
26192
26193
26195
26197
26199
26201
26203
26205
26207
26209
26211
26212
26214
26216
26218
26220
26222
26224
26226
26228
26230
26231
26233
26235
26237
26239
26241
26243
26245
26247
26248
26250
26252
26254
26256
26258
26260
26262
26264
26266
26267
26269
26271
26273
26275
26277
26279
26281
26283
26285
26286
26288
26290
26292
26294
26296
26298
26300
26302
26303
26305
26307
26309
26311
26313
26315
26317
26319
26321
26322
26324
26326
26328
26330
26332
26334
26336
26338
26340
26341
26343
26345
26347
26349
26351
26353
26355
26357
26359
26361
26363
26365
26366
26368
26370
26372
26374
26376
26378
26380
26382
26384
26386
26388
26390
26391
26393
26395
26397
26399
26401
26403
26405
26407
26409
26411
26413
26415
26416
26418
26420
26422
26424
26426
26428
26430
26432
26434
26436
26438
26440
26441
26443
26445
26446
26448
26450
26451
26453
26455
26456
26458
26460
26462
26463
26465
26467
26468
26470
26472
26473
26475
26477
26478
26480
26482
26484
26485
26487
26489
26490
26492
26494
26495
26497
26499
26500
26502
26504
26506
26507
26509
26511
26512
26514
26516
26517
26519
26521
26522
26524
26526
26528
26529
26531
26533
26534
26536
26538
26539
26541
26543
26544
26546
26548
26550
26551
26553
26555
26556
26558
26560
26561
26563
26565
26566
26568
26570
26572
26573
26575
26577
26578
26580
26582
26583
26585
26587
26588
26590
26592
26594
26595
26597
26599
26600
26602
26604
26605
26607
26609
26611
26612
26614
26616
26617
26619
26621
26622
26624
26626
26627
26629
26631
26633
26634
26636
26638
26639
26641
26643
26644
26646
26648
26650
26652
26654
26656
26658
26660
26663
26665
26667
26669
26672
26674
26676
26678
26680
26683
26685
26687
26689
26691
26694
26696
26698
26700
26702
26705
26707
26709
26711
26713
26716
26718
26720
26722
26724
26727
26729
26731
26733
26735
26738
26740
26742
26744
26746
26749
26751
26753
26755
26757
26760
26761
26763
26765
26767
26769
26771
26773
26775
26777
26779
26781
26783
26785
26787
26788
26790
26792
26794
26796
26798
26800
26802
26804
26806
26808
26810
26812
26814
26815
26817
26819
26821
26823
26825
26827
26829
26831
26833
26835
26837
26839
26841
26842
26844
26846
26848
26850
26852
26854
26856
26858
26860
26862
26864
26866
26868
26870
26871
26873
26875
26877
26879
26880
26882
26884
26886
26888
26889
26891
26893
26895
26897
26898
26900
26902
26904
26906
26907
26909
26911
26913
26915
26916
26918
26920
26922
26924
26925
26927
26929
26931
26933
26934
26936
26938
26940
26942
26943
26945
26947
26949
26951
26952
26954
26956
26958
26960
26961
26963
26965
26967
26969
26970
26972
26974
26976
26978
26980
26981
26983
26985
26987
26989
26991
26993
26995
26997
26998
27000
27002
27004
27006
27008
27010
27012
27014
27016
27017
27019
27021
27023
27025
27027
27029
27031
27033
27035
27036
27038
27040
27042
27044
27046
27048
27050
27052
27053
27055
27057
27059
27061
27063
27065
27067
27069
27071
27072
27074
27076
27078
27080
27082
27084
27086
27088
27090
27091
27093
27095
27097
27099
27101
27103
27105
27107
27109
27111
27113
27115
27116
27118
27120
27122
27124
27126
27128
27130
27132
27134
27136
27138
27140
27141
27143
27145
27147
27149
27151
27153
27155
27157
27159
27161
27163
27165
27166
27168
27170
27172
27174
27176
27178
27180
27182
27184
27186
27188
27190
27191
27193
27195
27197
27199
27201
27203
27205
27207
27208
27210
27212
27214
27216
27218
27220
27222
27224
27226
27227
27229
27231
27233
27235
27237
27239
27241
27243
27245
27246
27248
27250
27252
27254
27256
27258
27260
27262
27263
27265
27267
27269
27271
27273
27275
27277
27279
27281
27282
27284
27286
27288
27290
27292
27294
27296
27298
27300
27301
27303
27305
27307
27309
27311
27313
27315
27316
27318
27320
27322
27324
27326
27328
27330
27332
27333
27335
27337
27339
27341
27343
27345
27347
27349
27350
27352
27354
27356
27358
27360
27362
27364
27366
27367
27369
27371
27373
27375
27377
27379
27381
27383
27384
27386
27388
27390
27392
27394
27396
27398
27400
27401
27403
27405
27407
27409
27410
27412
27414
27416
27418
27419
27421
27423
27425
27427
27428
27430
27432
27434
27436
27437
27439
27441
27443
27445
27446
27448
27450
27452
27454
27455
27457
27459
27461
27463
27464
27466
27468
27470
27472
27473
27475
27477
27479
27481
27482
27484
27486
27488
27490
27491
27493
27495
27497
27499
27500
27502
27504
27506
27508
27510
27512
27514
27516
27518
27520
27522
27524
27526
27528
27530
27532
27534
27536
27538
27540
27542
27544
27546
27548
27550
27552
27554
27556
27558
27560
27562
27564
27566
27568
27570
27572
27574
27576
27578
27580
27582
27584
27586
27588
27590
27592
27594
27596
27598
27600
27602
27604
27606
27608
27610
27612
27614
27616
27618
27620
27622
27624
27626
27628
27630
27632
27634
27636
27638
27640
27642
27644
27646
27648
27650
27652
27654
27656
27658
27660
27662
27664
27666
27668
27670
27672
27675
27677
27679
27681
27683
27685
27687
27689
27691
27693
27695
27697
27699
27701
27703
27705
27707
27709
27711
27713
27715
27717
27719
27721
27723
27725
27727
27730
27732
27734
27737
27739
27742
27744
27747
27749
27752
27754
27756
27759
27761
27764
27766
27769
27771
27774
27776
27778
27781
27783
27786
27788
27791
27793
27796
27798
27801
27803
27805
27808
27810
27813
27815
27818
27820
27823
27825
27827
27830
27832
27835
27837
27840
27842
27845
27847
27850
27851
27853
27855
27857
27859
27861
27863
27865
27866
27868
27870
27872
27874
27876
27878
27880
27882
27883
27885
27887
27889
27891
27893
27895
27897
27899
27900
27902
27904
27906
27908
27910
27912
27914
27916
27917
27919
27921
27923
27925
27927
27929
27931
27933
27934
27936
27938
27940
27942
27944
27946
27948
27950
27951
27953
27955
27957
27959
27961
27962
27964
27966
27968
27970
27971
27973
27975
27977
27979
27981
27983
27984
27986
27988
27990
27992
27994
27995
27997
27999
28001
28003
28005
28006
28008
28010
28012
28014
28016
28017
28019
28021
28023
28025
28026
28028
28030
28032
28034
28036
28038
28039
28041
28043
28045
28047
28049
28050
28052
28054
28056
28058
28060
28062
28065
28068
28070
28073
28076
28079
28082
28084
28087
28090
28093
28095
28098
28101
28104
28106
28109
28112
28115
28117
28120
28123
28126
28128
28131
28134
28137
28139
28142
28145
28148
28150
28153
28156
28159
28161
28164
28167
28170
28172
28174
28176
28178
28181
28183
28185
28187
28190
28192
28194
28196
28199
28201
28203
28205
28208
28210
28212
28214
28217
28219
28221
28223
28226
28228
28230
28232
28235
28237
28239
28241
28244
28246
28248
28250
28253
28255
28257
28259
28262
28264
28266
28268
28271
28273
28275
28277
28280
28282
28284
28286
28289
28291
28293
28296
28298
28300
28303
28305
28307
28310
28312
28314
28317
28319
28321
28324
28326
28328
28331
28333
28335
28338
28340
28342
28345
28347
28349
28352
28354
28356
28359
28361
28363
28366
28368
28370
28373
28375
28377
28380
28381
28384
28386
28387
28390
28392
28394
28395
28398
28400
28401
28404
28406
28407
28410
28412
28413
28416
28418
28419
28421
28424
28426
28427
28430
28432
28433
28436
28438
28439
28442
28444
28445
28448
28450
28452
28453
28456
28458
28459
28462
28464
28465
28468
28470
28471
28474
28476
28477
28479
28482
28484
28485
28488
28490
28492
28494
28496
28498
28500
28502
28504
28506
28508
28510
28512
28514
28516
28519
28521
28523
28525
28527
28529
28531
28533
28535
28537
28539
28541
28543
28546
28548
28550
28552
28554
28556
28558
28560
28562
28564
28566
28568
28570
28573
28575
28577
28579
28581
28583
28585
28587
28589
28591
28593
28595
28597
28600
28602
28604
28606
28608
28611
28613
28615
28617
28620
28622
28624
28626
28628
28631
28633
28635
28637
28640
28642
28644
28646
28648
28651
28653
28655
28657
28660
28662
28664
28666
28668
28671
28673
28675
28677
28680
28682
28684
28686
28688
28691
28693
28695
28697
28700
28702
28704
28706
28708
28711
28713
28715
28717
28720
28722
28724
28726
28729
28731
28733
28735
28738
28740
28742
28744
28747
28749
28751
28753
28756
28758
28760
28762
28765
28767
28769
28771
28774
28776
28778
28780
28783
28785
28787
28789
28792
28794
28796
28798
28801
28803
28805
28807
28810
28813
28816
28819
28822
28825
28828
28831
28835
28838
28841
28844
28847
28850
28853
28856
28860
28863
28866
28869
28872
28875
28878
28881
28884
28888
28891
28894
28897
28900
28903
28906
28910
28913
28916
28919
28922
28925
28928
28932
28935
28938
28941
28944
28947
28951
28954
28957
28960
28963
28966
28970
28973
28976
28979
28982
28985
28988
28992
28995
28998
29001
29004
29007
29011
29014
29017
29020
29023
29026
29030
29033
29037
29040
29044
29047
29051
29055
29058
29062
29065
29069
29072
29076
29080
29083
29087
29090
29094
29097
29101
29105
29108
29112
29115
29119
29122
29126
29130
29134
29138
29142
29146
29151
29155
29159
29163
29168
29172
29176
29180
29185
29189
29193
29197
29201
29206
29210
29214
29218
29223
29227
29231
29235
29240
29242
29245
29248
29250
29253
29256
29259
29262
29264
29267
29270
29273
29275
29278
29281
29284
29286
29289
29292
29295
29297
29300
29303
29306
29308
29311
29314
29317
29319
29322
29325
29328
29330
29333
29336
29339
29341
29344
29347
29350
29354
29358
29362
29366
29370
29374
29378
29383
29387
29391
29395
29399
29403
29407
29412
29416
29420
29424
29428
29432
29436
29441
29445
29449
29453
29457
29461
29465
29470
29473
29477
29481
29485
29488
29492
29496
29500
29504
29507
29511
29515
29519
29523
29526
29530
29534
29538
29542
29545
29549
29553
29557
29561
29564
29568
29572
29576
29580
29584
29589
29594
29599
29603
29608
29613
29618
29622
29627
29632
29637
29641
29646
29651
29656
29660
29665
29670
29675
29680
29685
29691
29697
29703
29708
29714
29720
29726
29732
29737
29743
29749
29755
29761
29766
29772
29778
29784
29790
29796
29803
29810
29816
29823
29830
29836
29843
29850
29856
29863
29870
29876
29883
29890
29895
29901
29906
29912
29917
29923
29928
29934
29939
29945
29950
29956
29961
29967
29972
29978
29983
29989
29994
30000
