2
4
6
8
10
12
14
16
19
21
23
25
27
29
31
33
35
38
40
42
44
46
48
50
52
55
57
59
61
63
65
67
69
71
74
76
78
80
82
84
86
88
90
93
95
97
99
101
103
105
107
110
112
114
116
118
120
122
124
126
128
130
132
135
137
139
141
143
145
147
149
151
153
155
157
160
162
164
166
168
170
172
174
176
178
180
182
185
187
189
191
193
195
197
199
201
203
205
207
210
212
214
216
218
220
222
224
226
228
230
232
234
236
238
240
242
244
246
248
250
252
254
256
258
260
262
264
266
268
271
273
275
277
279
281
283
285
287
289
291
293
295
297
299
301
303
305
307
309
311
313
315
317
319
321
323
325
327
330
332
334
336
339
341
343
346
348
350
353
355
357
360
362
364
367
369
371
374
376
378
381
383
385
388
390
392
395
397
399
402
404
406
409
411
413
416
418
420
423
425
427
430
432
434
437
439
441
444
446
448
451
453
455
458
460
462
465
467
469
472
474
476
479
481
483
486
488
490
493
495
497
500
502
504
507
509
511
514
516
518
521
523
525
528
530
532
535
537
540
541
543
545
547
549
550
552
554
556
558
560
561
563
565
567
569
570
572
574
576
578
580
581
583
585
587
589
590
592
594
596
598
600
601
603
605
607
609
610
612
614
616
618
620
621
623
625
627
629
630
632
634
636
638
640
642
645
647
650
652
655
657
660
663
665
668
670
673
675
678
680
683
686
688
691
693
696
698
701
703
706
709
711
714
716
719
721
724
726
729
732
734
737
739
742
744
747
750
752
754
756
758
761
763
765
767
770
772
774
776
779
781
783
785
788
790
792
794
797
799
801
803
806
808
810
812
815
817
819
821
824
826
828
830
833
835
837
839
842
844
846
848
851
853
855
857
860
862
864
866
868
870
873
875
877
879
881
883
886
888
890
892
894
896
899
901
903
905
907
909
912
914
916
918
920
923
925
927
929
931
933
936
938
940
942
944
946
949
951
953
955
957
960
962
964
966
968
970
972
975
977
979
981
983
985
988
990
992
994
996
998
1000
1003
1005
1007
1009
1011
1013
1016
1018
1020
1022
1024
1026
1029
1031
1033
1035
1037
1039
1041
1044
1046
1048
1050
1052
1054
1057
1059
1061
1063
1065
1067
1070
1072
1075
1077
1080
1082
1085
1087
1090
1092
1095
1097
1100
1102
1105
1107
1110
1112
1115
1117
1120
1122
1125
1127
1130
1132
1135
1137
1140
1142
1145
1147
1150
1152
1155
1157
1160
1162
1165
1167
1170
1172
1174
1176
1178
1180
1182
1185
1187
1189
1191
1193
1195
1198
1200
1202
1204
1206
1208
1210
1213
1215
1217
1219
1221
1223
1226
1228
1230
1232
1234
1236
1239
1241
1243
1245
1247
1249
1251
1254
1256
1258
1260
1262
1264
1267
1269
1271
1273
1275
1277
1280
1282
1284
1286
1289
1291
1293
1296
1298
1300
1302
1305
1307
1309
1312
1314
1316
1318
1321
1323
1325
1328
1330
1332
1335
1337
1339
1341
1344
1346
1348
1351
1353
1355
1357
1360
1362
1364
1367
1369
1371
1373
1376
1378
1380
1383
1385
1387
1390
1392
1395
1397
1400
1402
1405
1407
1410
1413
1415
1418
1420
1423
1425
1428
1430
1433
1436
1438
1441
1443
1446
1448
1451
1453
1456
1459
1461
1464
1466
1469
1471
1474
1476
1479
1482
1484
1487
1489
1492
1494
1497
1500
1502
1505
1507
1510
1513
1515
1518
1520
1523
1526
1528
1531
1533
1536
1539
1541
1544
1546
1549
1552
1554
1557
1560
1562
1565
1567
1570
1573
1575
1578
1580
1583
1586
1588
1591
1593
1596
1599
1601
1604
1606
1609
1612
1614
1617
1620
1622
1625
1627
1630
1632
1635
1637
1640
1643
1645
1648
1650
1653
1655
1658
1660
1663
1666
1668
1671
1673
1676
1678
1681
1683
1686
1689
1691
1694
1696
1699
1701
1704
1706
1709
1712
1714
1717
1719
1722
1724
1727
1730
1732
1734
1737
1739
1741
1744
1746
1748
1751
1753
1755
1758
1760
1762
1765
1767
1769
1772
1774
1776
1779
1781
1783
1786
1788
1790
1793
1795
1797
1800
1802
1804
1807
1809
1811
1814
1816
1818
1821
1823
1825
1828
1830
1832
1835
1837
1840
1842
1844
1846
1848
1850
1852
1854
1856
1858
1860
1862
1864
1866
1868
1870
1872
1874
1876
1878
1880
1882
1884
1886
1888
1890
1892
1894
1896
1898
1900
1902
1904
1906
1908
1910
1912
1914
1916
1918
1920
1922
1924
1926
1928
1930
1932
1934
1936
1938
1940
1942
1944
1947
1949
1951
1954
1956
1958
1961
1963
1965
1968
1970
1972
1975
1977
1979
1982
1984
1986
1989
1991
1993
1996
1998
2000
2003
2005
2007
2010
2012
2014
2017
2019
2021
2024
2026
2028
2031
2033
2035
2038
2040
2042
2045
2047
2050
2052
2054
2056
2058
2060
2063
2065
2067
2069
2071
2073
2076
2078
2080
2082
2084
2086
2089
2091
2093
2095
2097
2099
2102
2104
2106
2108
2110
2113
2115
2117
2119
2121
2123
2126
2128
2130
2132
2134
2136
2139
2141
2143
2145
2147
2150
2152
2154
2156
2158
2160
2162
2164
2166
2168
2170
2172
2174
2176
2179
2181
2183
2185
2187
2189
2191
2193
2195
2197
2199
2201
2203
2206
2208
2210
2212
2214
2216
2218
2220
2222
2224
2226
2228
2230
2233
2235
2237
2239
2241
2243
2245
2247
2249
2251
2253
2255
2257
2260
2262
2264
2267
2269
2272
2274
2277
2279
2282
2284
2286
2289
2291
2294
2296
2299
2301
2304
2306
2308
2311
2313
2316
2318
2321
2323
2326
2328
2330
2333
2335
2338
2340
2343
2345
2348
2350
2352
2355
2357
2360
2362
2365
2367
2370
2372
2374
2377
2379
2381
2384
2386
2388
2391
2393
2395
2398
2400
2402
2405
2407
2409
2412
2414
2416
2419
2421
2423
2426
2428
2430
2433
2435
2437
2440
2442
2444
2447
2449
2451
2454
2456
2458
2461
2463
2465
2468
2470
2472
2475
2477
2480
2481
2483
2484
2486
2487
2489
2491
2492
2494
2495
2497
2499
2500
2502
2503
2505
2507
2508
2510
2511
2513
2515
2516
2518
2519
2521
2523
2524
2526
2527
2529
2531
2532
2534
2535
2537
2538
2540
2542
2543
2545
2546
2548
2550
2551
2553
2554
2556
2558
2559
2561
2562
2564
2566
2567
2569
2570
2572
2574
2575
2577
2578
2580
2582
2583
2585
2586
2588
2590
2592
2594
2596
2599
2601
2603
2606
2608
2610
2613
2615
2617
2620
2622
2624
2627
2629
2631
2634
2636
2638
2641
2643
2645
2648
2650
2652
2655
2657
2659
2662
2664
2666
2669
2671
2673
2676
2678
2680
2683
2685
2687
2690
2693
2697
2700
2704
2707
2711
2714
2718
2721
2725
2729
2732
2736
2739
2743
2746
2750
2753
2757
2760
2764
2768
2771
2775
2778
2782
2785
2789
2792
2796
2800
2811
2822
2833
2844
2855
2866
2877
2888
2900
2908
2916
2925
2933
2942
2950
2959
2967
2976
2984
2993
3001
3010
3020
3030
3040
3050
3060
3070
3080
3090
3100
3110
3120
3132
3144
3156
3168
3180
3192
3204
3216
3228
3240
3255
3270
3285
3300
3315
3330
3344
3360
3365
3371
3377
3383
3389
3395
3401
3407
3412
3418
3424
3430
3436
3442
3448
3454
3460
3466
3473
3480
3487
3494
3501
3508
3514
3521
3528
3535
3542
3549
3556
3563
3570
3574
3579
3584
3589
3593
3598
3603
3608
3612
3617
3622
3627
3631
3636
3641
3646
3650
3655
3660
3665
3670
3688
3706
3724
3743
3761
3780
3783
3787
3791
3794
3798
3802
3805
3809
3813
3817
3820
3824
3828
3831
3835
3839
3842
3846
3850
3854
3857
3861
3865
3868
3872
3876
3880
3886
3892
3897
3904
3910
3916
3921
3928
3934
3940
3945
3952
3958
3964
3969
3976
3982
3988
3994
4000
4003
4007
4010
4014
4017
4021
4024
4028
4031
4035
4038
4042
4045
4049
4052
4056
4060
4063
4067
4070
4074
4077
4081
4084
4088
4091
4095
4098
4102
4105
4109
4112
4116
4120
4122
4124
4126
4128
4131
4133
4135
4137
4140
4142
4144
4146
4149
4151
4153
4155
4158
4160
4162
4164
4167
4169
4171
4173
4176
4178
4180
4182
4185
4187
4189
4191
4194
4196
4198
4200
4203
4205
4207
4209
4212
4214
4216
4218
4221
4223
4225
4227
4230
4232
4235
4238
4241
4244
4246
4249
4252
4255
4258
4261
4263
4266
4269
4272
4275
4277
4280
4283
4286
4289
4292
4294
4297
4300
4303
4306
4308
4311
4314
4317
4320
4323
4325
4328
4331
4334
4337
4340
4342
4345
4347
4350
4353
4355
4358
4361
4363
4366
4368
4371
4374
4376
4379
4382
4384
4387
4390
4392
4395
4397
4400
4403
4405
4408
4411
4413
4416
4418
4421
4424
4426
4429
4432
4434
4437
4440
4442
4444
4447
4449
4451
4454
4456
4458
4461
4463
4465
4468
4470
4472
4475
4477
4480
4482
4484
4487
4489
4491
4494
4496
4498
4501
4503
4505
4508
4510
4512
4515
4517
4520
4522
4524
4527
4529
4531
4534
4536
4538
4541
4543
4545
4548
4550
4552
4555
4557
4560
4561
4563
4565
4567
4569
4571
4573
4575
4577
4579
4581
4583
4585
4587
4589
4591
4593
4595
4597
4599
4601
4603
4605
4607
4609
4610
4612
4614
4616
4618
4620
4622
4624
4626
4628
4630
4632
4634
4636
4638
4640
4642
4644
4646
4648
4650
4652
4654
4656
4658
4660
4662
4665
4667
4670
4672
4675
4677
4680
4683
4685
4688
4690
4693
4695
4698
4700
4703
4706
4708
4711
4713
4716
4718
4721
4723
4726
4729
4731
4734
4736
4739
4741
4744
4746
4749
4752
4754
4757
4759
4762
4764
4767
4770
4772
4775
4778
4781
4783
4786
4789
4792
4794
4797
4800
4803
4805
4808
4811
4814
4816
4819
4822
4824
4827
4830
4833
4835
4838
4841
4844
4846
4849
4852
4855
4858
4860
4863
4866
4869
4871
4874
4877
4880
4882
4885
4888
4891
4894
4897
4900
4903
4906
4909
4912
4915
4918
4921
4924
4927
4930
4933
4936
4939
4942
4945
4948
4951
4954
4957
4960
4963
4966
4969
4972
4975
4978
4981
4984
4987
4990
4992
4995
4997
5000
5002
5005
5007
5010
5013
5015
5018
5020
5023
5025
5028
5030
5033
5036
5038
5041
5043
5046
5048
5051
5053
5056
5059
5061
5064
5066
5069
5071
5074
5076
5079
5082
5084
5087
5089
5092
5094
5097
5100
5103
5106
5109
5112
5116
5119
5122
5125
5129
5132
5135
5138
5141
5145
5148
5151
5154
5158
5161
5164
5167
5170
5174
5177
5180
5183
5187
5190
5193
5196
5200
5203
5206
5209
5212
5215
5218
5221
5224
5227
5230
5233
5236
5240
5243
5246
5249
5252
5255
5258
5261
5264
5267
5270
5273
5276
5280
5283
5286
5289
5292
5295
5298
5301
5304
5307
5310
5313
5316
5320
5322
5324
5327
5329
5331
5334
5336
5339
5341
5343
5346
5348
5350
5353
5355
5358
5360
5362
5365
5367
5370
5372
5374
5377
5379
5381
5384
5386
5389
5391
5393
5396
5398
5400
5403
5405
5408
5410
5412
5415
5417
5420
5423
5426
5429
5432
5435
5438
5441
5444
5447
5450
5453
5456
5459
5462
5465
5468
5471
5475
5478
5481
5484
5487
5490
5493
5496
5499
5502
5505
5508
5511
5514
5517
5520
5523
5526
5530
5532
5535
5537
5540
5543
5545
5548
5551
5553
5556
5558
5561
5564
5566
5569
5572
5574
5577
5580
5582
5585
5587
5590
5593
5595
5598
5601
5603
5606
5608
5611
5614
5616
5619
5622
5624
5627
5630
5632
5634
5636
5638
5640
5642
5644
5646
5648
5650
5652
5654
5656
5659
5661
5663
5665
5667
5669
5671
5673
5675
5677
5679
5681
5683
5686
5688
5690
5692
5694
5696
5698
5700
5702
5704
5706
5708
5710
5713
5715
5717
5719
5721
5723
5725
5727
5729
5731
5733
5735
5737
5740
5742
5744
5746
5748
5750
5752
5754
5756
5758
5760
5762
5764
5766
5768
5770
5772
5774
5776
5778
5780
5782
5784
5786
5788
5790
5792
5794
5796
5798
5800
5802
5804
5806
5808
5810
5811
5814
5816
5818
5819
5822
5824
5826
5827
5830
5832
5834
5835
5838
5840
5842
5843
5846
5848
5850
5852
5854
5857
5859
5862
5864
5867
5869
5871
5874
5876
5879
5881
5884
5886
5889
5891
5893
5896
5898
5901
5903
5906
5908
5910
5913
5915
5918
5920
5923
5925
5928
5930
5932
5935
5937
5940
5942
5945
5947
5950
5952
5954
5956
5958
5960
5962
5964
5966
5968
5970
5972
5974
5976
5979
5981
5983
5985
5987
5989
5991
5993
5995
5997
5999
6001
6003
6006
6008
6010
6012
6014
6016
6018
6020
6022
6024
6026
6028
6030
6033
6035
6037
6039
6041
6043
6045
6047
6049
6051
6053
6055
6057
6060
6062
6064
6066
6068
6070
6072
6074
6076
6078
6080
6082
6084
6086
6088
6090
6092
6094
6096
6098
6100
6102
6104
6106
6108
6111
6113
6115
6117
6119
6121
6123
6125
6127
6129
6131
6133
6135
6137
6139
6141
6143
6145
6147
6149
6151
6153
6155
6157
6160
6162
6164
6166
6168
6171
6173
6175
6177
6180
6182
6184
6186
6188
6191
6193
6195
6197
6200
6202
6204
6206
6208
6211
6213
6215
6217
6220
6222
6224
6226
6228
6231
6233
6235
6237
6240
6242
6244
6246
6248
6251
6253
6255
6257
6260
6262
6264
6266
6268
6271
6273
6275
6277
6280
6282
6284
6286
6288
6290
6292
6294
6296
6298
6300
6302
6305
6307
6309
6311
6313
6315
6317
6319
6321
6323
6325
6327
6330
6332
6334
6336
6338
6340
6342
6344
6346
6348
6350
6352
6355
6357
6359
6361
6363
6365
6367
6369
6371
6373
6375
6377
6380
6382
6384
6387
6389
6392
6394
6397
6399
6402
6404
6406
6409
6411
6414
6416
6419
6421
6424
6426
6428
6431
6433
6436
6438
6441
6443
6446
6448
6450
6453
6455
6458
6460
6463
6465
6468
6470
6472
6475
6477
6480
6482
6485
6487
6490
6492
6495
6498
6501
6504
6506
6509
6512
6515
6518
6521
6523
6526
6529
6532
6535
6537
6540
6543
6546
6549
6552
6554
6557
6560
6563
6566
6568
6571
6574
6577
6580
6583
6585
6588
6591
6594
6597
6600
6602
6604
6606
6609
6611
6613
6615
6618
6620
6622
6625
6627
6629
6631
6634
6636
6638
6640
6643
6645
6647
6650
6652
6654
6656
6659
6661
6663
6665
6668
6670
6672
6675
6677
6679
6681
6684
6686
6688
6690
6693
6695
6697
6700
6702
6704
6706
6708
6710
6712
6714
6716
6718
6720
6722
6724
6726
6729
6731
6733
6735
6737
6739
6741
6743
6745
6747
6749
6751
6753
6756
6758
6760
6762
6764
6766
6768
6770
6772
6774
6776
6778
6780
6783
6785
6787
6789
6791
6793
6795
6797
6799
6801
6803
6805
6807
6810
6812
6814
6817
6819
6822
6824
6827
6829
6832
6834
6836
6839
6841
6844
6846
6849
6851
6854
6856
6858
6861
6863
6866
6868
6871
6873
6875
6878
6880
6883
6885
6888
6890
6893
6895
6898
6900
6902
6905
6907
6910
6912
6915
6917
6920
6922
6924
6926
6928
6931
6933
6935
6937
6939
6942
6944
6946
6948
6951
6953
6955
6957
6960
6962
6964
6966
6968
6971
6973
6975
6977
6980
6982
6984
6986
6988
6991
6993
6995
6997
7000
7002
7004
7006
7008
7011
7013
7015
7017
7020
7022
7024
7026
7028
7031
7033
7035
7037
7040
7041
7043
7045
7047
7049
7051
7053
7055
7057
7059
7061
7063
7065
7067
7069
7071
7073
7075
7077
7079
7081
7083
7085
7087
7089
7090
7092
7094
7096
7098
7100
7102
7104
7106
7108
7110
7112
7114
7116
7118
7120
7122
7124
7126
7128
7130
7132
7134
7136
7138
7140
7142
7144
7146
7149
7151
7153
7156
7158
7160
7162
7165
7167
7169
7172
7174
7176
7178
7181
7183
7185
7188
7190
7192
7195
7197
7199
7201
7204
7206
7208
7211
7213
7215
7217
7220
7222
7224
7227
7229
7231
7233
7236
7238
7240
7243
7245
7247
7250
7252
7254
7256
7258
7260
7262
7265
7267
7269
7271
7273
7275
7278
7280
7282
7284
7286
7288
7290
7293
7295
7297
7299
7301
7303
7306
7308
7310
7312
7314
7316
7319
7321
7323
7325
7327
7329
7331
7334
7336
7338
7340
7342
7344
7347
7349
7351
7353
7355
7357
7360
7362
7364
7366
7369
7371
7373
7376
7378
7380
7383
7385
7387
7390
7392
7394
7397
7399
7401
7404
7406
7408
7411
7413
7415
7418
7420
7422
7425
7427
7429
7432
7434
7436
7439
7441
7443
7446
7448
7450
7453
7455
7457
7460
7462
7464
7466
7468
7470
7472
7474
7476
7478
7480
7482
7484
7486
7489
7491
7493
7495
7497
7499
7501
7503
7505
7507
7509
7511
7513
7516
7518
7520
7522
7524
7526
7528
7530
7532
7534
7536
7538
7540
7543
7545
7547
7549
7551
7553
7555
7557
7559
7561
7563
7565
7567
7570
7572
7575
7578
7580
7583
7586
7588
7591
7594
7596
7599
7602
7604
7607
7610
7612
7615
7618
7620
7623
7626
7629
7631
7634
7637
7639
7642
7645
7647
7650
7653
7655
7658
7661
7663
7666
7669
7671
7674
7677
7680
7682
7684
7686
7688
7690
7692
7694
7696
7698
7700
7702
7704
7706
7709
7711
7713
7715
7717
7719
7721
7723
7725
7727
7729
7731
7733
7736
7738
7740
7742
7744
7746
7748
7750
7752
7754
7756
7758
7760
7763
7765
7767
7769
7771
7773
7775
7777
7779
7781
7783
7785
7787
7790
7791
7793
7795
7797
7799
7801
7803
7805
7806
7808
7810
7812
7814
7816
7818
7820
7822
7823
7825
7827
7829
7831
7833
7835
7837
7839
7840
7842
7844
7846
7848
7850
7852
7854
7856
7857
7859
7861
7863
7865
7867
7869
7871
7873
7874
7876
7878
7880
7882
7884
7886
7888
7890
7892
7894
7896
7898
7901
7903
7905
7907
7909
7912
7914
7916
7918
7920
7923
7925
7927
7929
7931
7934
7936
7938
7940
7942
7944
7947
7949
7951
7953
7955
7958
7960
7962
7964
7967
7969
7971
7973
7975
7978
7980
7982
7984
7986
7989
7991
7993
7995
7997
8000
8002
8004
8007
8009
8012
8014
8016
8019
8021
8023
8026
8028
8031
8033
8036
8038
8040
8043
8045
8048
8050
8052
8055
8057
8059
8062
8064
8067
8069
8071
8074
8076
8079
8081
8084
8086
8088
8091
8093
8096
8098
8100
8103
8105
8107
8110
8112
8115
8117
8119
8121
8123
8125
8127
8129
8131
8133
8135
8137
8139
8141
8143
8145
8147
8149
8151
8153
8155
8157
8159
8161
8163
8165
8167
8169
8171
8173
8174
8176
8178
8180
8182
8184
8186
8188
8190
8192
8194
8196
8198
8200
8202
8204
8206
8208
8210
8212
8214
8216
8218
8220
8222
8224
8226
8228
8230
8232
8235
8237
8240
8243
8245
8248
8250
8253
8256
8258
8261
8264
8266
8269
8271
8274
8277
8279
8282
8285
8287
8290
8292
8295
8298
8300
8303
8305
8308
8311
8313
8316
8319
8321
8324
8326
8329
8332
8334
8337
8340
8342
8344
8346
8348
8350
8352
8354
8357
8359
8361
8363
8365
8367
8369
8371
8374
8376
8378
8380
8382
8384
8386
8388
8391
8393
8395
8397
8399
8401
8403
8405
8408
8410
8412
8414
8416
8418
8420
8422
8425
8427
8429
8431
8433
8435
8437
8440
8442
8444
8446
8449
8451
8453
8456
8458
8460
8463
8465
8467
8470
8472
8474
8476
8479
8481
8483
8486
8488
8490
8493
8495
8497
8500
8502
8504
8506
8509
8511
8513
8516
8518
8520
8523
8525
8527
8530
8532
8534
8536
8539
8541
8543
8546
8548
8550
8553
8555
8557
8560
8562
8564
8566
8568
8570
8572
8574
8576
8578
8580
8582
8584
8586
8588
8590
8592
8594
8596
8598
8600
8602
8604
8606
8608
8610
8612
8614
8616
8618
8620
8622
8624
8626
8628
8630
8632
8634
8636
8638
8640
8642
8644
8646
8648
8650
8652
8654
8656
8658
8660
8662
8665
8668
8671
8674
8677
8680
8682
8685
8688
8691
8694
8697
8700
8702
8705
8708
8711
8714
8717
8719
8722
8725
8728
8731
8734
8737
8740
8742
8745
8748
8751
8754
8757
8760
8762
8765
8768
8771
8774
8777
8780
8783
8786
8789
8792
8796
8799
8802
8805
8809
8812
8815
8818
8821
8825
8828
8831
8834
8838
8841
8844
8847
8850
8854
8857
8860
8863
8867
8870
8873
8876
8880
8882
8884
8887
8889
8891
8894
8896
8899
8901
8903
8906
8908
8911
8913
8915
8918
8920
8923
8925
8927
8930
8932
8935
8937
8939
8942
8944
8946
8949
8951
8954
8956
8958
8961
8963
8966
8968
8970
8973
8975
8978
8980
8982
8985
8987
8990
8993
8997
9001
9005
9008
9012
9016
9020
9024
9027
9031
9035
9039
9043
9046
9050
9054
9058
9062
9065
9069
9073
9077
9081
9084
9088
9092
9096
9100
9103
9107
9111
9114
9118
9122
9125
9129
9133
9137
9140
9144
9148
9151
9155
9159
9162
9166
9170
9174
9177
9181
9185
9188
9192
9196
9200
9203
9206
9209
9213
9216
9219
9223
9226
9230
9233
9236
9240
9243
9246
9250
9253
9256
9260
9263
9266
9270
9273
9276
9280
9283
9286
9290
9293
9296
9300
9303
9306
9310
9313
9317
9321
9325
9329
9333
9336
9340
9344
9348
9352
9356
9360
9363
9367
9371
9375
9379
9383
9386
9390
9394
9398
9402
9406
9410
9415
9420
9425
9430
9435
9440
9445
9450
9455
9459
9465
9470
9475
9480
9485
9490
9495
9500
9504
9510
9514
9520
9524
9528
9533
9537
9541
9546
9550
9554
9559
9563
9567
9572
9576
9580
9585
9589
9593
9598
9602
9606
9611
9615
9620
9625
9630
9635
9640
9646
9651
9656
9661
9667
9672
9677
9682
9688
9693
9698
9703
9709
9714
9719
9724
9730
9735
9741
9747
9753
9758
9764
9770
9776
9782
9787
9793
9799
9805
9811
9816
9822
9828
9834
9840
9843
9846
9849
9852
9855
9858
9861
9865
9868
9871
9874
9877
9880
9883
9886
9890
9893
9896
9899
9902
9905
9908
9911
9915
9918
9921
9924
9927
9930
9933
9936
9940
9943
9946
9949
9952
9955
9958
9962
9965
9968
9971
9974
9977
9980
9984
9987
9990
9993
9996
9999
10002
10006
10009
10012
10015
10018
10021
10024
10028
10031
10034
10037
10040
10043
10046
10050
10053
10057
10061
10064
10068
10072
10075
10079
10083
10086
10090
10094
10097
10101
10105
10108
10112
10116
10119
10123
10127
10130
10134
10138
10141
10145
10149
10152
10156
10160
10163
10166
10170
10173
10176
10180
10183
10186
10190
10193
10196
10200
10203
10206
10209
10213
10216
10219
10223
10226
10230
10233
10236
10240
10243
10246
10250
10253
10256
10260
10263
10266
10270
10273
10276
10280
10284
10288
10292
10296
10300
10305
10309
10313
10317
10321
10325
10330
10334
10338
10342
10346
10350
10355
10359
10363
10367
10371
10375
10380
10382
10385
10388
10391
10394
10396
10399
10402
10405
10408
10411
10413
10416
10419
10422
10425
10427
10430
10433
10436
10439
10442
10444
10447
10450
10453
10456
10458
10461
10464
10467
10470
10473
10475
10478
10481
10484
10487
10490
10493
10496
10500
10503
10507
10510
10514
10517
10520
10524
10527
10531
10534
10538
10541
10545
10548
10551
10555
10558
10562
10565
10569
10572
10575
10579
10582
10586
10589
10593
10596
10600
10603
10606
10609
10612
10616
10619
10622
10625
10629
10632
10635
10638
10641
10645
10648
10651
10654
10658
10661
10664
10667
10670
10674
10677
10680
10683
10687
10690
10693
10696
10700
10703
10707
10711
10715
10718
10722
10726
10730
10734
10737
10741
10745
10749
10753
10756
10760
10764
10768
10772
10775
10779
10783
10787
10791
10794
10798
10802
10806
10810
10813
10817
10821
10825
10829
10833
10836
10840
10844
10848
10852
10856
10860
10863
10867
10871
10875
10879
10883
10886
10890
10894
10898
10902
10906
10910
10914
10918
10922
10926
10930
10934
10938
10942
10946
10950
10954
10958
10962
10966
10969
10974
10978
10982
10985
10990
10994
10998
11001
11006
11010
11014
11017
11022
11026
11030
11034
11038
11042
11046
11050
11055
11059
11063
11067
11071
11075
11080
11084
11088
11092
11096
11100
11105
11109
11113
11117
11121
11125
11130
11134
11139
11144
11149
11153
11158
11163
11168
11173
11177
11182
11187
11192
11196
11201
11206
11211
11216
11220
11225
11230
11235
11240
11242
11245
11248
11251
11254
11256
11259
11262
11265
11268
11271
11273
11276
11279
11282
11285
11287
11290
11293
11296
11299
11302
11304
11307
11310
11313
11316
11318
11321
11324
11327
11330
11333
11335
11338
11341
11344
11347
11350
11353
11356
11360
11363
11366
11370
11373
11376
11379
11383
11386
11389
11393
11396
11399
11403
11406
11410
11413
11416
11420
11423
11426
11430
11433
11436
11440
11443
11446
11450
11452
11455
11458
11461
11464
11467
11470
11473
11476
11478
11481
11484
11487
11490
11493
11496
11499
11502
11504
11507
11510
11513
11516
11519
11522
11525
11528
11531
11533
11536
11539
11542
11545
11548
11551
11554
11557
11560
11562
11565
11568
11571
11574
11577
11580
11583
11586
11589
11592
11595
11598
11601
11604
11607
11610
11612
11615
11618
11621
11624
11627
11630
11633
11636
11639
11642
11645
11648
11651
11654
11657
11660
11663
11666
11669
11672
11676
11679
11682
11685
11689
11692
11695
11698
11702
11705
11708
11711
11715
11718
11721
11724
11727
11731
11734
11737
11740
11744
11747
11750
11753
11757
11760
11763
11766
11770
11773
11776
11779
11782
11786
11789
11792
11795
11799
11802
11805
11808
11811
11815
11818
11821
11824
11828
11831
11834
11837
11840
11844
11847
11850
11853
11857
11860
11863
11866
11870
11873
11877
11880
11884
11887
11891
11894
11898
11901
11905
11909
11912
11916
11919
11923
11926
11930
11933
11937
11940
11944
11948
11951
11955
11958
11962
11965
11969
11972
11976
11980
11983
11987
11991
11994
11998
12002
12005
12009
12013
12016
12020
12024
12027
12031
12035
12038
12042
12046
12049
12053
12057
12060
12064
12068
12071
12075
12079
12082
12086
12090
12094
12099
12103
12108
12112
12117
12121
12126
12130
12135
12140
12144
12149
12153
12158
12162
12167
12171
12176
12180
12185
12190
12193
12197
12201
12205
12209
12213
12217
12221
12225
12229
12233
12237
12241
12245
12248
12252
12256
12260
12264
12268
12272
12276
12280
12284
12288
12292
12296
12300
12302
12305
12308
12311
12314
12317
12320
12322
12325
12328
12331
12334
12337
12340
12342
12345
12348
12351
12354
12357
12360
12362
12365
12368
12371
12374
12377
12380
12382
12385
12388
12391
12394
12397
12400
12402
12405
12408
12411
12414
12416
12419
12422
12425
12428
12431
12433
12436
12439
12442
12445
12447
12450
12453
12456
12459
12462
12464
12467
12470
12473
12476
12478
12481
12484
12487
12490
12493
12495
12498
12501
12504
12507
12510
12513
12516
12519
12522
12525
12528
12532
12535
12538
12541
12544
12547
12550
12554
12557
12560
12563
12566
12569
12572
12575
12579
12582
12585
12588
12591
12594
12597
12601
12604
12607
12610
12613
12616
12620
12623
12627
12630
12634
12637
12641
12644
12648
12651
12655
12659
12662
12666
12669
12673
12676
12680
12683
12687
12690
12694
12698
12701
12705
12708
12712
12715
12719
12722
12726
12730
12733
12736
12739
12742
12745
12748
12752
12755
12758
12761
12764
12767
12770
12774
12777
12780
12783
12786
12789
12792
12796
12799
12802
12805
12808
12811
12814
12818
12821
12824
12827
12830
12833
12836
12840
12842
12844
12847
12849
12851
12854
12856
12859
12861
12863
12866
12868
12870
12873
12875
12878
12880
12882
12885
12887
12890
12892
12894
12897
12899
12901
12904
12906
12909
12911
12913
12916
12918
12920
12923
12925
12928
12930
12932
12935
12937
12940
12942
12944
12946
12948
12950
12952
12955
12957
12959
12961
12963
12965
12968
12970
12972
12974
12976
12978
12980
12983
12985
12987
12989
12991
12993
12996
12998
13000
13002
13004
13006
13009
13011
13013
13015
13017
13019
13021
13024
13026
13028
13030
13032
13034
13037
13039
13041
13043
13045
13047
13050
13052
13054
13057
13059
13061
13064
13066
13069
13071
13073
13076
13078
13080
13083
13085
13088
13090
13092
13095
13097
13100
13102
13104
13107
13109
13111
13114
13116
13119
13121
13123
13126
13128
13130
13133
13135
13138
13140
13142
13145
13147
13150
13152
13154
13157
13159
13162
13164
13167
13169
13172
13174
13176
13179
13181
13184
13186
13189
13191
13194
13196
13198
13201
13203
13206
13208
13211
13213
13216
13218
13220
13223
13225
13228
13230
13233
13235
13238
13240
13242
13245
13247
13250
13252
13255
13257
13260
13262
13265
13267
13270
13273
13275
13278
13280
13283
13286
13288
13291
13294
13296
13299
13301
13304
13307
13309
13312
13315
13317
13320
13322
13325
13328
13330
13333
13335
13338
13341
13343
13346
13349
13351
13354
13356
13359
13362
13364
13367
13370
13372
13374
13376
13378
13380
13382
13384
13386
13388
13390
13392
13394
13396
13399
13401
13403
13405
13407
13409
13411
13413
13415
13417
13419
13421
13423
13426
13428
13430
13432
13434
13436
13438
13440
13442
13444
13446
13448
13450
13453
13455
13457
13459
13461
13463
13465
13467
13469
13471
13473
13475
13477
13480
13482
13484
13487
13489
13491
13494
13496
13499
13501
13503
13506
13508
13511
13513
13515
13518
13520
13523
13525
13527
13530
13532
13535
13537
13539
13542
13544
13546
13549
13551
13554
13556
13558
13561
13563
13566
13568
13570
13573
13575
13578
13580
13582
13585
13587
13590
13592
13594
13596
13598
13601
13603
13605
13607
13610
13612
13614
13616
13618
13621
13623
13625
13627
13629
13632
13634
13636
13638
13641
13643
13645
13647
13650
13652
13654
13656
13658
13661
13663
13665
13667
13670
13672
13674
13676
13678
13681
13683
13685
13687
13690
13692
13695
13697
13700
13703
13705
13708
13710
13713
13716
13718
13721
13724
13726
13729
13731
13734
13737
13739
13742
13745
13747
13750
13752
13755
13758
13760
13763
13765
13768
13771
13773
13776
13779
13781
13784
13786
13789
13792
13794
13797
13800
13802
13804
13807
13809
13812
13814
13817
13819
13821
13824
13826
13829
13831
13834
13836
13839
13841
13843
13846
13848
13851
13853
13856
13858
13860
13863
13865
13868
13870
13873
13875
13878
13880
13882
13885
13887
13890
13892
13895
13897
13900
13902
13904
13906
13908
13910
13912
13914
13916
13918
13920
13922
13924
13926
13928
13930
13932
13934
13936
13938
13940
13942
13944
13946
13948
13950
13952
13955
13957
13959
13961
13963
13965
13967
13969
13971
13973
13975
13977
13979
13981
13983
13985
13987
13989
13991
13993
13995
13997
13999
14001
14003
14005
14007
14010
14012
14014
14017
14019
14022
14024
14027
14029
14032
14034
14036
14039
14041
14044
14046
14049
14051
14054
14056
14058
14061
14063
14066
14068
14071
14073
14075
14078
14080
14083
14085
14088
14090
14093
14095
14097
14100
14102
14105
14107
14110
14112
14115
14117
14120
14121
14123
14125
14127
14129
14130
14132
14134
14136
14138
14139
14141
14143
14145
14147
14148
14150
14152
14154
14156
14157
14159
14161
14163
14165
14166
14168
14170
14172
14174
14175
14177
14179
14181
14183
14184
14186
14188
14190
14192
14193
14195
14197
14199
14201
14202
14204
14206
14208
14210
14211
14213
14215
14217
14219
14220
14222
14224
14226
14228
14230
14232
14235
14238
14240
14243
14246
14248
14251
14254
14256
14259
14262
14264
14267
14270
14272
14275
14278
14280
14283
14286
14289
14291
14294
14297
14299
14302
14305
14307
14310
14313
14315
14318
14321
14323
14326
14329
14331
14334
14337
14340
14342
14345
14348
14351
14353
14356
14359
14362
14365
14367
14370
14373
14376
14378
14381
14384
14387
14390
14392
14395
14398
14401
14403
14406
14409
14412
14415
14417
14420
14423
14426
14428
14431
14434
14437
14440
14442
14445
14448
14451
14454
14457
14460
14463
14466
14469
14472
14475
14478
14480
14483
14486
14489
14492
14495
14498
14501
14504
14507
14510
14513
14516
14519
14521
14524
14527
14530
14533
14536
14539
14542
14545
14548
14551
14554
14557
14560
14562
14564
14566
14568
14570
14572
14574
14576
14578
14580
14582
14584
14586
14588
14590
14592
14594
14596
14598
14600
14602
14604
14606
14608
14610
14612
14614
14616
14618
14620
14622
14624
14626
14628
14630
14632
14634
14636
14638
14640
14642
14644
14646
14648
14650
14652
14654
14656
14658
14660
14662
14665
14668
14671
14673
14676
14679
14682
14684
14687
14690
14693
14695
14698
14701
14704
14706
14709
14712
14715
14717
14720
14723
14726
14728
14731
14734
14737
14739
14742
14745
14748
14750
14753
14756
14759
14761
14764
14767
14770
14772
14774
14776
14779
14781
14783
14785
14788
14790
14792
14795
14797
14799
14801
14804
14806
14808
14810
14813
14815
14817
14820
14822
14824
14826
14829
14831
14833
14835
14838
14840
14842
14844
14847
14849
14851
14854
14856
14858
14860
14863
14865
14867
14870
14872
14874
14876
14878
14881
14883
14885
14887
14890
14892
14894
14896
14899
14901
14903
14905
14908
14910
14912
14914
14917
14919
14921
14923
14926
14928
14930
14932
14935
14937
14939
14941
14944
14946
14948
14950
14953
14955
14957
14959
14962
14964
14966
14968
14971
14973
14975
14977
14980
14982
14985
14988
14991
14993
14996
14999
15002
15004
15007
15010
15013
15015
15018
15021
15024
15026
15029
15032
15035
15037
15040
15043
15046
15048
15051
15054
15057
15059
15062
15065
15068
15070
15073
15076
15079
15081
15084
15087
15090
15092
15095
15097
15100
15102
15105
15107
15110
15112
15115
15117
15120
15122
15125
15127
15129
15132
15135
15137
15140
15142
15145
15147
15150
15152
15155
15157
15160
15162
15165
15167
15170
15172
15174
15177
15180
15182
15184
15187
15190
15191
15193
15195
15197
15199
15201
15203
15204
15206
15208
15210
15212
15214
15216
15217
15219
15221
15223
15225
15227
15229
15231
15232
15234
15236
15238
15240
15242
15244
15245
15247
15249
15251
15253
15255
15257
15258
15260
15262
15264
15266
15268
15270
15272
15273
15275
15277
15279
15281
15283
15285
15286
15288
15290
15292
15294
15296
15298
15300
15301
15303
15305
15307
15309
15311
15313
15315
15317
15319
15321
15323
15325
15327
15329
15331
15333
15335
15337
15339
15341
15343
15345
15347
15349
15350
15352
15354
15356
15358
15360
15362
15364
15366
15368
15370
15372
15374
15376
15378
15380
15382
15384
15386
15388
15390
15392
15394
15396
15398
15400
15402
15404
15406
15408
15410
15412
15415
15417
15419
15421
15423
15425
15428
15430
15432
15434
15436
15438
15440
15443
15445
15447
15449
15451
15453
15456
15458
15460
15462
15464
15466
15469
15471
15473
15475
15477
15479
15481
15484
15486
15488
15490
15492
15494
15497
15499
15501
15503
15505
15507
15510
15512
15515
15517
15520
15523
15525
15528
15530
15533
15536
15538
15541
15544
15546
15549
15551
15554
15557
15559
15562
15565
15567
15570
15572
15575
15578
15580
15583
15585
15588
15591
15593
15596
15599
15601
15604
15606
15609
15612
15614
15617
15620
15622
15624
15626
15628
15630
15632
15635
15637
15639
15641
15643
15645
15648
15650
15652
15654
15656
15658
15660
15663
15665
15667
15669
15671
15673
15676
15678
15680
15682
15684
15686
15689
15691
15693
15695
15697
15699
15701
15704
15706
15708
15710
15712
15714
15717
15719
15721
15723
15725
15727
15730
15733
15737
15740
15744
15747
15751
15754
15758
15761
15765
15769
15772
15776
15779
15783
15786
15790
15793
15797
15800
15804
15808
15811
15815
15818
15822
15825
15829
15832
15836
15840
15842
15844
15846
15848
15851
15853
15855
15857
15860
15862
15864
15866
15868
15871
15873
15875
15877
15879
15882
15884
15886
15888
15891
15893
15895
15897
15900
15902
15904
15906
15908
15911
15913
15915
15917
15920
15922
15924
15926
15928
15931
15933
15935
15937
15940
15942
15945
15947
15950
15952
15955
15957
15959
15962
15965
15967
15970
15972
15975
15977
15980
15982
15985
15987
15990
15992
15995
15997
16000
16002
16004
16007
16010
16012
16015
16017
16020
16022
16025
16027
16030
16032
16035
16037
16040
16042
16045
16047
16050
16052
16055
16057
16060
16062
16065
16067
16070
16073
16075
16078
16080
16083
16085
16088
16091
16093
16096
16098
16101
16103
16106
16108
16111
16114
16116
16119
16121
16124
16126
16129
16132
16134
16137
16139
16142
16144
16147
16149
16152
16154
16157
16159
16161
16164
16166
16169
16171
16173
16176
16178
16181
16183
16185
16188
16190
16193
16195
16197
16200
16202
16204
16207
16209
16212
16214
16216
16219
16221
16224
16226
16228
16231
16233
16236
16238
16240
16243
16245
16248
16250
16252
16255
16257
16260
16262
16265
16267
16270
16272
16275
16277
16280
16282
16285
16288
16290
16293
16295
16298
16300
16303
16305
16308
16311
16313
16316
16318
16321
16323
16326
16328
16331
16334
16336
16339
16341
16344
16346
16349
16351
16354
16357
16359
16362
16364
16367
16369
16372
16374
16377
16379
16384
16388
16393
16397
16401
16406
16410
16415
16419
16424
16428
16432
16437
16441
16445
16450
16454
16459
16463
16468
16472
16476
16481
16485
16490
16494
16498
16502
16506
16511
16515
16519
16523
16528
16532
16536
16540
16544
16549
16553
16557
16561
16566
16570
16574
16578
16583
16587
16591
16595
16600
16605
16611
16616
16622
16627
16633
16638
16644
16649
16655
16660
16666
16671
16677
16682
16688
16693
16699
16704
16710
16715
16720
16725
16730
16736
16741
16746
16751
16757
16762
16767
16772
16778
16783
16788
16793
16799
16804
16809
16814
16820
16824
16829
16833
16838
16842
16847
16851
16856
16860
16865
16870
16874
16879
16883
16888
16892
16897
16901
16906
16910
16915
16920
16923
16927
16931
16934
16938
16942
16945
16949
16953
16956
16960
16964
16967
16971
16975
16978
16982
16986
16989
16993
16997
17000
17004
17008
17011
17015
17019
17022
17026
17030
17034
17038
17042
17046
17050
17055
17059
17063
17067
17071
17075
17080
17084
17088
17092
17096
17100
17105
17109
17113
17117
17121
17125
17130
17133
17137
17141
17145
17149
17153
17157
17161
17165
17169
17173
17177
17181
17185
17188
17192
17196
17200
17204
17208
17212
17216
17220
17224
17228
17232
17236
17240
17243
17246
17250
17253
17257
17260
17264
17267
17270
17274
17277
17281
17284
17288
17291
17295
17298
17301
17305
17308
17312
17315
17319
17322
17325
17329
17332
17336
17339
17343
17346
17350
17352
17355
17358
17360
17363
17366
17368
17371
17374
17376
17379
17382
17384
17387
17390
17392
17395
17398
17400
17403
17406
17409
17411
17414
17417
17419
17422
17425
17427
17430
17433
17435
17438
17441
17443
17446
17449
17451
17454
17457
17460
17462
17464
17466
17469
17471
17473
17476
17478
17480
17482
17485
17487
17489
17492
17494
17496
17498
17501
17503
17505
17508
17510
17512
17515
17517
17519
17521
17524
17526
17528
17531
17533
17535
17537
17540
17542
17544
17547
17549
17551
17553
17556
17558
17560
17563
17565
17567
17570
17572
17574
17577
17579
17582
17584
17587
17589
17591
17594
17596
17599
17601
17604
17606
17609
17611
17613
17616
17618
17621
17623
17626
17628
17630
17633
17635
17638
17640
17643
17645
17648
17650
17652
17655
17657
17660
17662
17665
17667
17670
17672
17674
17677
17679
17682
17684
17687
17689
17692
17694
17696
17699
17701
17704
17706
17709
17711
17714
17716
17718
17721
17723
17726
17728
17731
17733
17736
17738
17740
17743
17745
17748
17750
17753
17755
17758
17760
17762
17765
17767
17770
17772
17775
17777
17780
17783
17786
17789
17792
17795
17798
17801
17805
17808
17811
17814
17817
17820
17823
17826
17830
17833
17836
17839
17842
17845
17848
17851
17855
17858
17861
17864
17867
17870
17873
17876
17880
17883
17887
17891
17895
17898
17902
17906
17910
17914
17917
17921
17925
17929
17933
17936
17940
17944
17948
17952
17955
17959
17963
17967
17971
17974
17978
17982
17986
17990
17992
17995
17998
18000
18003
18006
18008
18011
18014
18016
18019
18022
18024
18027
18030
18032
18035
18038
18040
18043
18046
18049
18051
18054
18057
18059
18062
18065
18067
18070
18073
18075
18078
18081
18083
18086
18089
18091
18094
18097
18100
18104
18109
18113
18118
18122
18127
18131
18136
18140
18145
18150
18154
18159
18163
18168
18172
18177
18181
18186
18190
18195
18200
18202
18204
18207
18209
18212
18214
18217
18219
18221
18224
18226
18229
18231
18234
18236
18239
18241
18244
18246
18248
18251
18253
18256
18258
18261
18263
18266
18268
18270
18273
18275
18278
18280
18283
18285
18288
18290
18292
18295
18297
18300
18302
18305
18307
18310
18312
18314
18316
18319
18321
18323
18326
18328
18330
18333
18335
18337
18340
18342
18344
18347
18349
18351
18354
18356
18358
18361
18363
18365
18368
18370
18372
18375
18377
18379
18382
18384
18386
18389
18391
18393
18396
18398
18400
18403
18405
18407
18410
18412
18415
18417
18420
18422
18425
18427
18430
18433
18435
18438
18440
18443
18445
18448
18450
18453
18456
18458
18461
18463
18466
18468
18471
18473
18476
18479
18481
18484
18486
18489
18491
18494
18496
18499
18502
18504
18507
18509
18512
18514
18517
18520
18522
18524
18527
18529
18532
18534
18537
18539
18542
18544
18546
18549
18551
18554
18556
18559
18561
18564
18566
18568
18571
18573
18576
18578
18581
18583
18586
18588
18591
18593
18595
18598
18600
18603
18605
18608
18610
18613
18615
18617
18620
18622
18625
18627
18630
18632
18635
18637
18640
18642
18644
18646
18649
18651
18653
18656
18658
18660
18662
18665
18667
18669
18672
18674
18676
18678
18681
18683
18685
18688
18690
18692
18695
18697
18699
18701
18704
18706
18708
18711
18713
18715
18717
18720
18722
18724
18727
18729
18731
18733
18736
18738
18740
18743
18745
18747
18750
18751
18753
18755
18757
18759
18761
18763
18765
18767
18769
18771
18773
18775
18777
18778
18780
18782
18784
18786
18788
18790
18792
18794
18796
18798
18800
18802
18804
18805
18807
18809
18811
18813
18815
18817
18819
18821
18823
18825
18827
18829
18831
18832
18834
18836
18838
18840
18842
18844
18846
18848
18850
18852
18854
18856
18858
18860
18862
18864
18867
18869
18871
18874
18876
18879
18881
18883
18886
18888
18890
18893
18895
18898
18900
18902
18905
18907
18910
18912
18914
18917
18919
18921
18924
18926
18929
18931
18933
18936
18938
18940
18943
18945
18948
18950
18952
18955
18957
18960
18962
18965
18967
18970
18973
18975
18978
18980
18983
18986
18988
18991
18994
18996
18999
19001
19004
19007
19009
19012
19015
19017
19020
19022
19025
19028
19030
19033
19035
19038
19041
19043
19046
19049
19051
19054
19056
19059
19062
19064
19067
19070
19071
19073
19075
19077
19079
19081
19083
19085
19087
19089
19091
19093
19095
19097
19099
19101
19103
19105
19107
19109
19111
19113
19115
19117
19119
19120
19122
19124
19126
19128
19130
19132
19134
19136
19138
19140
19142
19144
19146
19148
19150
19152
19154
19156
19158
19160
19162
19164
19166
19168
19170
19172
19175
19177
19180
19182
19185
19187
19190
19192
19195
19197
19200
19202
19205
19207
19210
19212
19215
19217
19220
19222
19225
19227
19230
19232
19235
19237
19240
19242
19245
19247
19250
19252
19255
19257
19260
19262
19265
19267
19270
19272
19275
19277
19280
19282
19284
19287
19289
19291
19294
19296
19299
19301
19303
19306
19308
19310
19313
19315
19318
19320
19322
19325
19327
19330
19332
19334
19337
19339
19341
19344
19346
19349
19351
19353
19356
19358
19360
19363
19365
19368
19370
19372
19375
19377
19380
19382
19384
19386
19388
19390
19392
19394
19396
19399
19401
19403
19405
19407
19409
19411
19413
19415
19418
19420
19422
19424
19426
19428
19430
19432
19435
19437
19439
19441
19443
19445
19447
19449
19451
19454
19456
19458
19460
19462
19464
19466
19468
19470
19473
19475
19477
19479
19481
19483
19485
19487
19490
19491
19493
19495
19497
19499
19501
19503
19505
19507
19508
19510
19512
19514
19516
19518
19520
19522
19524
19526
19527
19529
19531
19533
19535
19537
19539
19541
19543
19545
19546
19548
19550
19552
19554
19556
19558
19560
19562
19563
19565
19567
19569
19571
19573
19575
19577
19579
19581
19582
19584
19586
19588
19590
19592
19594
19596
19598
19600
19602
19605
19607
19610
19613
19615
19618
19621
19623
19626
19628
19631
19634
19636
19639
19642
19644
19647
19650
19652
19655
19657
19660
19663
19665
19668
19671
19673
19676
19678
19681
19684
19686
19689
19692
19694
19697
19700
19702
19704
19706
19709
19711
19713
19716
19718
19720
19722
19725
19727
19729
19732
19734
19736
19738
19741
19743
19745
19748
19750
19752
19755
19757
19759
19761
19764
19766
19768
19771
19773
19775
19777
19780
19782
19784
19787
19789
19791
19793
19796
19798
19800
19803
19805
19807
19810
19812
19815
19817
19820
19822
19825
19827
19830
19833
19835
19838
19840
19843
19845
19848
19851
19853
19856
19858
19861
19863
19866
19868
19871
19874
19876
19879
19881
19884
19886
19889
19892
19894
19897
19899
19902
19904
19907
19910
19913
19917
19920
19924
19928
19931
19935
19939
19942
19946
19950
19953
19957
19960
19964
19968
19971
19975
19979
19982
19986
19990
19993
19997
20000
20004
20008
20011
20015
20019
20022
20026
20030
20034
20039
20044
20049
20053
20058
20063
20068
20072
20077
20082
20087
20091
20096
20101
20106
20110
20115
20120
20125
20130
20135
20141
20146
20151
20157
20163
20168
20174
20179
20185
20190
20195
20201
20206
20212
20218
20223
20229
20234
20240
20243
20247
20250
20254
20257
20261
20264
20268
20271
20275
20279
20282
20286
20289
20293
20296
20300
20303
20307
20310
20314
20318
20321
20325
20328
20332
20335
20339
20342
20346
20350
20352
20355
20358
20361
20364
20367
20370
20372
20375
20378
20381
20384
20387
20390
20392
20395
20398
20401
20404
20407
20410
20412
20415
20418
20421
20424
20427
20430
20432
20435
20438
20441
20444
20447
20450
20453
20457
20461
20465
20469
20473
20477
20481
20485
20489
20493
20497
20501
20505
20508
20512
20516
20520
20524
20528
20532
20536
20540
20544
20548
20552
20556
20560
20562
20565
20567
20570
20573
20575
20578
20581
20583
20586
20588
20591
20594
20596
20599
20602
20604
20607
20610
20612
20615
20617
20620
20623
20625
20628
20631
20633
20636
20638
20641
20644
20646
20649
20652
20654
20657
20660
20662
20665
20668
20671
20674
20676
20679
20682
20685
20688
20691
20693
20696
20699
20702
20705
20707
20710
20713
20716
20719
20722
20724
20727
20730
20733
20736
20738
20741
20744
20747
20750
20753
20755
20758
20761
20764
20767
20770
20772
20775
20777
20780
20783
20785
20788
20791
20793
20796
20798
20801
20804
20806
20809
20812
20814
20817
20820
20822
20825
20827
20830
20833
20835
20838
20841
20843
20846
20848
20851
20854
20856
20859
20862
20864
20867
20870
20872
20874
20877
20879
20882
20884
20887
20889
20892
20894
20896
20899
20901
20904
20906
20909
20911
20914
20916
20918
20921
20923
20926
20928
20931
20933
20936
20938
20940
20943
20945
20948
20950
20953
20955
20958
20960
20962
20965
20967
20970
20972
20975
20977
20980
20982
20984
20986
20988
20990
20992
20994
20996
20998
21000
21002
21004
21006
21008
21010
21012
21014
21016
21018
21020
21022
21024
21026
21028
21030
21032
21034
21036
21038
21040
21042
21044
21046
21048
21050
21052
21054
21056
21058
21060
21062
21064
21066
21068
21070
21072
21074
21076
21078
21080
21082
21084
21086
21088
21090
21092
21095
21098
21100
21103
21106
21108
21111
21114
21117
21119
21122
21125
21127
21130
21133
21135
21138
21141
21144
21146
21149
21152
21154
21157
21160
21162
21165
21168
21171
21173
21176
21179
21181
21184
21187
21190
21194
21198
21203
21207
21212
21216
21220
21225
21229
21234
21238
21242
21247
21251
21256
21260
21264
21269
21273
21278
21282
21286
21291
21295
21300
21302
21304
21306
21308
21310
21313
21315
21317
21319
21321
21323
21326
21328
21330
21332
21334
21336
21339
21341
21343
21345
21347
21350
21352
21354
21356
21358
21360
21363
21365
21367
21369
21371
21373
21376
21378
21380
21382
21384
21386
21389
21391
21393
21395
21397
21400
21402
21404
21406
21408
21411
21413
21415
21417
21420
21422
21424
21426
21429
21431
21433
21435
21438
21440
21442
21444
21447
21449
21451
21453
21456
21458
21460
21462
21465
21467
21469
21471
21474
21476
21478
21480
21483
21485
21487
21489
21492
21494
21496
21498
21501
21503
21505
21507
21510
21512
21514
21517
21519
21521
21524
21526
21529
21531
21533
21536
21538
21541
21543
21545
21548
21550
21553
21555
21557
21560
21562
21565
21567
21569
21572
21574
21576
21579
21581
21584
21586
21588
21591
21593
21596
21598
21600
21603
21605
21608
21610
21612
21615
21617
21620
21622
21625
21628
21630
21633
21636
21638
21641
21644
21646
21649
21652
21654
21657
21660
21662
21665
21668
21670
21673
21676
21678
21681
21684
21686
21689
21692
21694
21697
21700
21702
21705
21708
21710
21713
21715
21718
21721
21724
21726
21729
21732
21734
21737
21740
21741
21743
21745
21747
21749
21751
21753
21755
21757
21759
21761
21763
21765
21767
21769
21771
21773
21775
21777
21779
21781
21783
21785
21787
21789
21791
21793
21795
21796
21798
21800
21802
21804
21806
21808
21810
21812
21814
21816
21818
21820
21822
21824
21826
21828
21830
21832
21834
21836
21838
21840
21842
21844
21846
21848
21850
21851
21853
21855
21857
21859
21861
21863
21865
21866
21868
21870
21872
21874
21876
21878
21880
21882
21883
21885
21887
21889
21891
21893
21895
21897
21899
21900
21902
21904
21906
21908
21910
21912
21914
21916
21917
21919
21921
21923
21925
21927
21929
21931
21933
21934
21936
21938
21940
21942
21944
21946
21948
21950
21952
21954
21956
21958
21960
21962
21964
21966
21968
21970
21972
21974
21976
21979
21981
21983
21985
21987
21989
21991
21993
21995
21997
21999
22001
22003
22006
22008
22010
22012
22014
22016
22018
22020
22022
22024
22026
22028
22030
22033
22035
22037
22039
22041
22043
22045
22047
22049
22051
22053
22055
22057
22060
22062
22064
22066
22068
22070
22072
22074
22076
22078
22080
22082
22085
22087
22089
22091
22093
22095
22097
22099
22101
22103
22105
22107
22110
22112
22114
22116
22118
22120
22122
22124
22126
22128
22130
22132
22134
22137
22139
22141
22143
22145
22147
22149
22151
22153
22155
22157
22160
22161
22163
22165
22167
22169
22171
22173
22175
22177
22179
22181
22183
22185
22187
22189
22191
22193
22195
22197
22199
22201
22203
22205
22207
22209
22211
22213
22215
22216
22218
22220
22222
22224
22226
22228
22230
22232
22234
22236
22238
22240
22242
22244
22246
22248
22250
22252
22254
22256
22258
22260
22262
22264
22266
22268
22270
22271
22273
22275
22277
22279
22281
22283
22285
22287
22289
22291
22293
22295
22296
22298
22300
22302
22304
22306
22308
22310
22312
22314
22316
22318
22320
22321
22323
22325
22327
22329
22331
22333
22335
22337
22339
22341
22343
22345
22346
22348
22350
22352
22354
22356
22358
22360
22362
22364
22366
22368
22370
22372
22374
22376
22379
22381
22383
22386
22388
22390
22392
22395
22397
22399
22402
22404
22406
22408
22411
22413
22415
22418
22420
22422
22425
22427
22429
22431
22434
22436
22438
22441
22443
22445
22447
22450
22452
22454
22457
22459
22461
22463
22466
22468
22470
22473
22475
22477
22480
22482
22485
22487
22490
22492
22495
22497
22500
22503
22505
22508
22510
22513
22515
22518
22520
22523
22526
22528
22531
22533
22536
22538
22541
22543
22546
22549
22551
22554
22556
22559
22561
22564
22566
22569
22572
22574
22577
22579
22582
22584
22587
22590
22592
22595
22598
22601
22604
22607
22610
22613
22616
22619
22622
22625
22628
22631
22634
22637
22640
22642
22645
22648
22651
22654
22657
22660
22663
22666
22669
22672
22675
22678
22681
22684
22687
22690
22692
22695
22697
22700
22702
22705
22707
22710
22713
22715
22718
22720
22723
22725
22728
22730
22733
22736
22738
22741
22743
22746
22748
22751
22753
22756
22759
22761
22764
22766
22769
22771
22774
22776
22779
22782
22784
22787
22789
22792
22794
22797
22800
22803
22806
22810
22813
22816
22820
22823
22826
22830
22833
22836
22840
22843
22846
22850
22853
22856
22860
22863
22866
22869
22873
22876
22880
22883
22886
22890
22893
22896
22900
22902
22905
22908
22910
22913
22916
22918
22921
22924
22926
22929
22932
22934
22937
22940
22942
22945
22948
22950
22953
22956
22959
22961
22964
22967
22969
22972
22975
22977
22980
22983
22985
22988
22991
22993
22996
22999
23001
23004
23007
23010
23013
23017
23021
23025
23029
23033
23037
23041
23045
23049
23053
23057
23061
23065
23068
23072
23076
23080
23084
23088
23092
23096
23100
23104
23108
23112
23116
23120
23122
23124
23126
23128
23130
23132
23134
23136
23138
23140
23142
23144
23146
23148
23150
23152
23154
23156
23158
23160
23162
23164
23166
23168
23170
23172
23175
23177
23179
23181
23183
23185
23187
23189
23191
23193
23195
23197
23199
23201
23203
23205
23207
23209
23211
23213
23215
23217
23219
23221
23223
23225
23227
23230
23232
23235
23237
23240
23242
23245
23247
23250
23253
23255
23258
23260
23263
23265
23268
23270
23273
23276
23278
23281
23283
23286
23288
23291
23293
23296
23299
23301
23304
23306
23309
23311
23314
23316
23319
23322
23324
23327
23329
23332
23334
23337
23340
23342
23344
23346
23348
23350
23352
23354
23356
23358
23360
23362
23364
23366
23368
23370
23372
23374
23376
23378
23380
23382
23384
23386
23388
23391
23393
23395
23397
23399
23401
23403
23405
23407
23409
23411
23413
23415
23417
23419
23421
23423
23425
23427
23429
23431
23433
23435
23437
23440
23442
23444
23446
23448
23450
23452
23454
23456
23459
23461
23463
23465
23467
23469
23471
23473
23475
23478
23480
23482
23484
23486
23488
23490
23492
23495
23497
23499
23501
23503
23505
23507
23509
23511
23514
23516
23518
23520
23522
23524
23526
23528
23530
23533
23535
23537
23539
23541
23543
23545
23547
23550
23552
23554
23556
23559
23561
23563
23566
23568
23570
23573
23575
23577
23580
23582
23584
23587
23589
23591
23594
23596
23598
23601
23603
23605
23608
23610
23612
23615
23617
23619
23622
23624
23626
23629
23631
23633
23636
23638
23640
23643
23645
23647
23650
23652
23654
23656
23658
23661
23663
23665
23667
23670
23672
23674
23676
23679
23681
23683
23685
23688
23690
23692
23694
23697
23699
23701
23703
23706
23708
23710
23712
23715
23717
23719
23721
23724
23726
23728
23730
23733
23735
23737
23739
23742
23744
23746
23748
23751
23753
23755
23757
23760
23762
23764
23766
23768
23770
23772
23774
23776
23779
23781
23783
23785
23787
23789
23791
23793
23795
23798
23800
23802
23804
23806
23808
23810
23812
23815
23817
23819
23821
23823
23825
23827
23829
23831
23834
23836
23838
23840
23842
23844
23846
23848
23850
23853
23855
23857
23859
23861
23863
23865
23867
23870
23871
23873
23875
23877
23879
23881
23883
23885
23887
23889
23891
23893
23895
23897
23899
23901
23903
23905
23907
23909
23911
23913
23915
23917
23919
23921
23923
23925
23926
23928
23930
23932
23934
23936
23938
23940
23942
23944
23946
23948
23950
23952
23954
23956
23958
23960
23962
23964
23966
23968
23970
23972
23974
23976
23978
23980
23981
23983
23985
23987
23989
23991
23992
23994
23996
23998
24000
24002
24003
24005
24007
24009
24011
24013
24014
24016
24018
24020
24022
24024
24025
24027
24029
24031
24033
24035
24036
24038
24040
24042
24044
24046
24047
24049
24051
24053
24055
24057
24058
24060
24062
24064
24066
24068
24069
24071
24073
24075
24077
24079
24080
24082
24084
24086
24088
24090
24092
24094
24096
24098
24100
24103
24105
24107
24109
24111
24113
24116
24118
24120
24122
24124
24126
24129
24131
24133
24135
24137
24140
24142
24144
24146
24148
24150
24153
24155
24157
24159
24161
24163
24166
24168
24170
24172
24174
24176
24179
24181
24183
24185
24187
24190
24191
24193
24195
24197
24199
24200
24202
24204
24206
24208
24209
24211
24213
24215
24217
24218
24220
24222
24224
24226
24227
24229
24231
24233
24235
24236
24238
24240
24242
24244
24245
24247
24249
24251
24253
24254
24256
24258
24260
24262
24263
24265
24267
24269
24271
24272
24274
24276
24278
24280
24281
24283
24285
24287
24289
24290
24292
24294
24296
24298
24300
24301
24303
24305
24307
24309
24311
24313
24315
24317
24319
24321
24323
24325
24326
24328
24330
24332
24334
24336
24338
24340
24342
24344
24346
24348
24350
24351
24353
24355
24357
24359
24361
24363
24365
24367
24369
24371
24373
24375
24376
24378
24380
24382
24384
24386
24388
24390
24392
24394
24396
24398
24400
24401
24403
24405
24407
24409
24411
24413
24415
24417
24419
24421
24423
24425
24427
24429
24430
24432
24434
24436
24438
24440
24442
24444
24446
24448
24450
24452
24454
24456
24458
24460
24461
24463
24465
24467
24469
24471
24473
24475
24477
24479
24481
24483
24485
24487
24489
24490
24492
24494
24496
24498
24500
24502
24504
24506
24508
24510
24512
24514
24516
24518
24520
24522
24525
24527
24530
24532
24535
24537
24540
24542
24545
24547
24550
24552
24555
24557
24560
24562
24565
24567
24570
24572
24575
24577
24580
24582
24585
24587
24590
24592
24595
24597
24600
24602
24605
24607
24610
24612
24615
24617
24620
24622
24625
24628
24631
24634
24636
24639
24642
24645
24648
24651
24653
24656
24659
24662
24665
24667
24670
24673
24676
24679
24682
24684
24687
24690
24693
24696
24698
24701
24704
24707
24710
24713
24715
24718
24721
24724
24727
24730
24732
24735
24737
24740
24742
24745
24747
24750
24753
24755
24758
24760
24763
24765
24768
24770
24773
24776
24778
24781
24783
24786
24788
24791
24793
24796
24799
24801
24804
24806
24809
24811
24814
24816
24819
24822
24824
24827
24829
24832
24834
24837
24840
24842
24844
24847
24849
24852
24854
24857
24859
24861
24864
24866
24869
24871
24874
24876
24879
24881
24883
24886
24888
24891
24893
24896
24898
24900
24903
24905
24908
24910
24913
24915
24918
24920
24922
24925
24927
24930
24932
24935
24937
24940
24942
24944
24946
24948
24951
24953
24955
24957
24959
24962
24964
24966
24968
24970
24973
24975
24977
24979
24981
24984
24986
24988
24990
24992
24995
24997
24999
25001
25003
25006
25008
25010
25012
25014
25017
25019
25021
25023
25025
25028
25030
25032
25034
25036
25039
25041
25043
25045
25047
25050
25052
25055
25057
25060
25063
25065
25068
25071
25073
25076
25078
25081
25084
25086
25089
25092
25094
25097
25100
25102
25105
25107
25110
25113
25115
25118
25121
25123
25126
25128
25131
25134
25136
25139
25142
25144
25147
25150
25152
25155
25158
25161
25164
25167
25170
25173
25176
25178
25181
25184
25187
25190
25193
25196
25199
25202
25205
25207
25210
25213
25216
25219
25222
25225
25228
25231
25233
25236
25239
25242
25245
25248
25251
25254
25257
25260
25262
25264
25266
25268
25271
25273
25275
25277
25279
25282
25284
25286
25288
25290
25293
25295
25297
25299
25301
25304
25306
25308
25310
25312
25315
25317
25319
25321
25323
25326
25328
25330
25332
25334
25337
25339
25341
25343
25345
25348
25350
25352
25354
25356
25359
25361
25363
25365
25367
25370
25372
25375
25377
25380
25382
25385
25387
25390
25392
25395
25397
25400
25402
25405
25407
25410
25412
25415
25417
25420
25422
25425
25427
25430
25432
25435
25437
25440
25442
25445
25447
25450
25452
25455
25457
25460
25462
25465
25467
25470
25472
25475
25477
25480
25481
25483
25485
25487
25489
25491
25493
25495
25497
25498
25500
25502
25504
25506
25508
25510
25512
25514
25516
25517
25519
25521
25523
25525
25527
25529
25531
25533
25535
25536
25538
25540
25542
25544
25546
25548
25550
25552
25553
25555
25557
25559
25561
25563
25565
25567
25569
25571
25572
25574
25576
25578
25580
25582
25584
25586
25588
25590
25592
25594
25596
25599
25601
25603
25605
25608
25610
25612
25615
25617
25619
25621
25624
25626
25628
25630
25633
25635
25637
25640
25642
25644
25646
25649
25651
25653
25655
25658
25660
25662
25665
25667
25669
25671
25674
25676
25678
25680
25683
25685
25687
25690
25692
25695
25698
25700
25703
25706
25708
25711
25714
25716
25719
25722
25724
25727
25730
25732
25735
25738
25740
25743
25746
25749
25751
25754
25757
25759
25762
25765
25767
25770
25773
25775
25778
25781
25783
25786
25789
25791
25794
25797
25800
25802
25804
25806
25809
25811
25813
25815
25818
25820
25822
25825
25827
25829
25831
25834
25836
25838
25840
25843
25845
25847
25850
25852
25854
25856
25859
25861
25863
25865
25868
25870
25872
25875
25877
25879
25881
25884
25886
25888
25890
25893
25895
25897
25900
25902
25904
25906
25908
25910
25912
25914
25916
25918
25920
25922
25924
25926
25928
25930
25932
25934
25936
25938
25940
25942
25944
25946
25948
25950
25952
25955
25957
25959
25961
25963
25965
25967
25969
25971
25973
25975
25977
25979
25981
25983
25985
25987
25989
25991
25993
25995
25997
25999
26001
26003
26005
26007
26010
26012
26014
26016
26018
26021
26023
26025
26027
26030
26032
26034
26036
26039
26041
26043
26045
26048
26050
26052
26054
26057
26059
26061
26063
26066
26068
26070
26072
26075
26077
26079
26081
26084
26086
26088
26090
26093
26095
26097
26099
26102
26104
26106
26108
26111
26113
26115
26117
26120
26122
26124
26127
26129
26132
26134
26137
26139
26142
26144
26146
26149
26151
26154
26156
26159
26161
26164
26166
26168
26171
26173
26176
26178
26181
26183
26186
26188
26190
26193
26195
26198
26200
26203
26205
26208
26210
26212
26215
26217
26220
26222
26225
26227
26230
26232
26234
26236
26238
26241
26243
26245
26247
26250
26252
26254
26256
26259
26261
26263
26265
26268
26270
26272
26274
26277
26279
26281
26283
26286
26288
26290
26292
26295
26297
26299
26301
26304
26306
26308
26310
26313
26315
26317
26319
26322
26324
26326
26328
26331
26333
26335
26337
26340
26342
26344
26346
26348
26350
26352
26354
26356
26358
26360
26362
26365
26367
26369
26371
26373
26375
26377
26379
26381
26383
26385
26387
26390
26392
26394
26396
26398
26400
26402
26404
26406
26408
26410
26412
26415
26417
26419
26421
26423
26425
26427
26429
26431
26433
26435
26437
26440
26442
26444
26447
26449
26452
26454
26457
26459
26462
26464
26466
26469
26471
26474
26476
26479
26481
26484
26486
26488
26491
26493
26496
26498
26501
26503
26506
26508
26510
26513
26515
26518
26520
26523
26525
26528
26530
26532
26535
26537
26540
26542
26545
26547
26550
26553
26556
26559
26562
26565
26568
26571
26574
26577
26580
26583
26586
26589
26592
26595
26598
26601
26604
26607
26610
26613
26616
26619
26622
26625
26628
26631
26634
26637
26640
26643
26646
26650
26653
26656
26659
26662
26665
26668
26671
26674
26677
26680
26683
26686
26689
26692
26695
26698
26701
26705
26708
26711
26714
26717
26720
26723
26726
26729
26732
26735
26738
26741
26744
26747
26750
26753
26756
26760
26762
26764
26766
26768
26771
26773
26775
26777
26779
26782
26784
26786
26788
26790
26793
26795
26797
26799
26801
26804
26806
26808
26810
26812
26815
26817
26819
26821
26823
26826
26828
26830
26832
26834
26837
26839
26841
26843
26845
26848
26850
26852
26854
26856
26859
26861
26863
26865
26867
26870
26872
26874
26876
26878
26881
26883
26885
26887
26890
26892
26894
26896
26899
26901
26903
26905
26908
26910
26912
26914
26917
26919
26921
26923
26926
26928
26930
26932
26935
26937
26939
26941
26944
26946
26948
26950
26953
26955
26957
26959
26962
26964
26966
26968
26971
26973
26975
26977
26980
26982
26984
26987
26989
26992
26994
26997
26999
27002
27004
27006
27009
27011
27014
27016
27019
27021
27024
27026
27028
27031
27033
27036
27038
27041
27043
27046
27048
27050
27053
27055
27058
27060
27063
27065
27068
27070
27072
27075
27077
27080
27082
27085
27087
27090
27092
27095
27098
27100
27103
27106
27108
27111
27114
27117
27119
27122
27125
27127
27130
27133
27135
27138
27141
27144
27146
27149
27152
27154
27157
27160
27162
27165
27168
27171
27173
27176
27179
27181
27184
27187
27190
27192
27195
27197
27200
27203
27205
27208
27210
27213
27216
27218
27221
27224
27226
27229
27231
27234
27237
27239
27242
27245
27247
27250
27252
27255
27258
27260
27263
27265
27268
27271
27273
27276
27279
27281
27284
27286
27289
27292
27294
27297
27300
27303
27306
27309
27312
27315
27318
27321
27324
27327
27330
27333
27336
27339
27342
27345
27348
27351
27354
27357
27360
27363
27366
27369
27372
27375
27378
27381
27384
27387
27390
27393
27396
27400
27402
27405
27408
27410
27413
27416
27419
27422
27424
27427
27430
27433
27435
27438
27441
27444
27446
27449
27452
27455
27457
27460
27463
27466
27468
27471
27474
27477
27479
27482
27485
27488
27490
27493
27496
27499
27501
27504
27507
27510
27513
27517
27521
27525
27529
27533
27537
27541
27545
27549
27553
27557
27561
27565
27568
27572
27576
27580
27584
27588
27592
27596
27600
27604
27608
27612
27616
27620
27622
27625
27628
27631
27634
27637
27640
27643
27646
27648
27651
27654
27657
27660
27663
27666
27669
27672
27675
27677
27680
27683
27686
27689
27692
27695
27698
27701
27703
27706
27709
27712
27715
27718
27721
27724
27727
27730
27733
27736
27739
27742
27746
27749
27752
27755
27759
27762
27765
27768
27772
27775
27778
27781
27785
27788
27791
27794
27797
27801
27804
27807
27810
27814
27817
27820
27823
27827
27830
27833
27836
27840
27843
27846
27849
27852
27855
27858
27861
27864
27867
27870
27873
27876
27879
27882
27885
27888
27891
27894
27897
27900
27903
27906
27909
27912
27915
27918
27921
27924
27927
27930
27933
27936
27940
27942
27945
27947
27950
27952
27955
27957
27960
27963
27965
27968
27970
27973
27975
27978
27980
27983
27986
27988
27991
27993
27996
27998
28001
28003
28006
28009
28011
28014
28016
28019
28021
28024
28026
28029
28032
28034
28037
28039
28042
28044
28047
28050
28052
28055
28057
28060
28062
28065
28067
28070
28073
28075
28078
28080
28083
28085
28088
28091
28093
28096
28098
28101
28103
28106
28108
28111
28114
28116
28119
28121
28124
28126
28129
28132
28134
28137
28139
28142
28144
28147
28150
28152
28154
28156
28158
28160
28162
28164
28166
28168
28170
28172
28174
28176
28178
28180
28182
28184
28186
28188
28190
28192
28194
28196
28198
28200
28202
28205
28207
28209
28211
28213
28215
28217
28219
28221
28223
28225
28227
28229
28231
28233
28235
28237
28239
28241
28243
28245
28247
28249
28251
28253
28255
28257
28260
28262
28265
28268
28271
28274
28277
28280
28282
28285
28288
28291
28294
28297
28300
28302
28305
28308
28311
28314
28317
28320
28322
28325
28328
28331
28334
28337
28340
28342
28345
28348
28351
28354
28357
28360
28362
28365
28368
28371
28374
28377
28380
28383
28387
28391
28394
28398
28401
28405
28409
28413
28416
28420
28424
28427
28431
28435
28438
28442
28445
28449
28453
28456
28460
28464
28468
28471
28475
28479
28482
28486
28490
28493
28496
28499
28502
28505
28508
28512
28515
28518
28521
28524
28527
28530
28534
28537
28540
28543
28546
28549
28552
28556
28559
28562
28565
28568
28571
28574
28578
28581
28584
28587
28590
28593
28596
28600
28603
28606
28609
28612
28615
28618
28621
28624
28627
28630
28633
28636
28639
28642
28645
28648
28651
28654
28657
28660
28663
28666
28669
28672
28675
28678
28681
28684
28687
28690
28693
28696
28700
28702
28705
28708
28711
28714
28716
28719
28722
28725
28728
28731
28733
28736
28739
28742
28745
28747
28750
28753
28756
28759
28762
28764
28767
28770
28773
28776
28778
28781
28784
28787
28790
28793
28795
28798
28801
28804
28807
28810
28812
28814
28817
28819
28822
28824
28827
28829
28831
28834
28836
28839
28841
28844
28846
28849
28851
28853
28856
28858
28861
28863
28866
28868
28870
28873
28875
28878
28880
28883
28885
28888
28890
28892
28895
28897
28900
28902
28905
28907
28910
28911
28913
28915
28917
28919
28921
28923
28925
28927
28928
28930
28932
28934
28936
28938
28940
28942
28944
28946
28947
28949
28951
28953
28955
28957
28959
28961
28963
28965
28966
28968
28970
28972
28974
28976
28978
28980
28982
28983
28985
28987
28989
28991
28993
28995
28997
28999
29001
29002
29004
29006
29008
29010
29012
29014
29016
29018
29020
29021
29023
29025
29027
29029
29031
29033
29035
29037
29039
29041
29043
29045
29046
29048
29050
29052
29054
29056
29058
29060
29062
29064
29066
29068
29070
29071
29073
29075
29077
29079
29081
29083
29085
29087
29089
29091
29093
29095
29096
29098
29100
29102
29104
29106
29108
29110
29112
29114
29116
29118
29120
29121
29123
29125
29127
29129
29131
29132
29134
29136
29138
29140
29142
29143
29145
29147
29149
29151
29153
29154
29156
29158
29160
29162
29164
29165
29167
29169
29171
29173
29175
29176
29178
29180
29182
29184
29186
29187
29189
29191
29193
29195
29197
29198
29200
29202
29204
29206
29208
29209
29211
29213
29215
29217
29219
29220
29222
29224
29226
29228
29230
29232
29234
29236
29238
29241
29243
29245
29247
29250
29252
29254
29256
29259
29261
29263
29265
29268
29270
29272
29274
29277
29279
29281
29283
29286
29288
29290
29292
29295
29297
29299
29301
29304
29306
29308
29310
29313
29315
29317
29319
29322
29324
29326
29328
29331
29333
29335
29337
29340
29342
29344
29346
29348
29350
29352
29354
29356
29358
29360
29362
29365
29367
29369
29371
29373
29375
29377
29379
29381
29383
29385
29387
29390
29392
29394
29396
29398
29400
29402
29404
29406
29408
29410
29412
29415
29417
29419
29421
29423
29425
29427
29429
29431
29433
29435
29437
29440
29443
29446
29450
29453
29457
29460
29464
29467
29470
29474
29477
29481
29484
29488
29491
29495
29498
29501
29505
29508
29512
29515
29519
29522
29525
29529
29532
29536
29539
29543
29546
29550
29551
29553
29555
29557
29559
29561
29563
29565
29567
29569
29571
29573
29575
29576
29578
29580
29582
29584
29586
29588
29590
29592
29594
29596
29598
29600
29601
29603
29605
29607
29609
29611
29613
29615
29617
29619
29621
29623
29625
29626
29628
29630
29632
29634
29636
29638
29640
29642
29644
29646
29648
29650
29652
29655
29657
29660
29662
29665
29667
29670
29673
29675
29678
29680
29683
29685
29688
29690
29693
29696
29698
29701
29703
29706
29708
29711
29713
29716
29719
29721
29724
29726
29729
29731
29734
29736
29739
29742
29744
29747
29749
29752
29754
29757
29760
29762
29764
29767
29769
29772
29774
29777
29779
29782
29784
29786
29789
29791
29794
29796
29799
29801
29804
29806
29808
29811
29813
29816
29818
29821
29823
29826
29828
29831
29833
29835
29838
29840
29843
29845
29848
29850
29853
29855
29857
29860
29862
29865
29867
29870
29872
29875
29877
29880
29881
29883
29885
29887
29889
29891
29893
29894
29896
29898
29900
29902
29904
29906
29907
29909
29911
29913
29915
29917
29919
29921
29922
29924
29926
29928
29930
29932
29934
29935
29937
29939
29941
29943
29945
29947
29948
29950
29952
29954
29956
29958
29960
29962
29963
29965
29967
29969
29971
29973
29975
29976
29978
29980
29982
29984
29986
29988
29990
