5
11
16
22
27
33
38
44
49
54
60
66
71
77
82
88
93
98
104
109
115
121
127
133
139
145
151
157
162
168
174
180
186
192
198
204
210
215
220
225
230
236
241
246
251
257
262
267
272
278
283
288
293
299
304
309
314
320
325
330
335
341
346
351
356
362
367
372
377
383
388
393
398
404
409
414
420
425
430
436
441
447
452
458
463
469
474
480
485
490
496
501
507
512
518
523
529
534
540
545
551
556
562
567
573
578
584
590
595
601
606
612
617
623
628
634
640
650
660
670
680
690
700
710
720
730
740
750
756
762
768
775
781
787
794
800
806
813
819
825
832
838
844
851
857
863
870
877
884
891
898
905
912
919
927
934
941
948
955
962
970
983
996
1010
1023
1036
1050
1063
1076
1090
1104
1118
1132
1147
1161
1175
1190
1203
1217
1231
1245
1258
1272
1286
1300
1306
1313
1320
1326
1333
1340
1346
1353
1359
1366
1373
1380
1386
1393
1400
1407
1414
1421
1428
1435
1442
1449
1456
1463
1470
1477
1484
1491
1498
1505
1512
1520
1526
1532
1538
1544
1550
1556
1562
1568
1575
1581
1587
1593
1599
1605
1611
1617
1623
1630
1634
1639
1644
1649
1653
1658
1663
1668
1673
1677
1682
1687
1692
1696
1701
1706
1711
1716
1720
1725
1730
1735
1740
1747
1755
1763
1771
1779
1787
1795
1802
1810
1818
1826
1834
1842
1850
1856
1862
1869
1875
1882
1888
1895
1901
1908
1914
1921
1927
1934
1940
1947
1953
1960
1965
1970
1976
1982
1987
1992
1998
2004
2009
2014
2020
2025
2031
2037
2042
2048
2053
2058
2064
2070
2082
2094
2106
2118
2131
2143
2155
2167
2180
2186
2192
2199
2205
2212
2218
2225
2231
2238
2244
2251
2257
2264
2270
2277
2283
2290
2295
2301
2306
2312
2317
2323
2328
2334
2340
2345
2351
2356
2362
2367
2373
2378
2384
2390
2396
2402
2408
2414
2420
2426
2432
2438
2445
2451
2457
2463
2469
2475
2481
2487
2493
2500
2504
2509
2513
2518
2522
2527
2532
2536
2541
2545
2550
2554
2559
2564
2568
2573
2577
2582
2587
2591
2596
2600
2605
2610
2615
2621
2626
2632
2637
2643
2648
2654
2660
2665
2671
2676
2682
2687
2693
2698
2704
2710
2715
2721
2726
2731
2737
2743
2748
2754
2759
2764
2770
2776
2781
2787
2792
2798
2803
2808
2814
2820
2824
2829
2834
2839
2843
2848
2853
2858
2863
2867
2872
2877
2882
2886
2891
2896
2901
2906
2910
2915
2920
2925
2930
2934
2939
2943
2948
2952
2957
2962
2966
2971
2975
2980
2985
2989
2994
2998
3003
3007
3012
3017
3021
3026
3030
3035
3040
3044
3048
3052
3056
3060
3064
3068
3072
3076
3080
3084
3088
3092
3096
3100
3104
3108
3112
3116
3120
3124
3128
3132
3136
3140
3144
3149
3154
3159
3163
3168
3173
3178
3183
3187
3192
3197
3202
3206
3211
3216
3221
3226
3230
3235
3240
3245
3250
3256
3262
3268
3274
3280
3286
3292
3298
3304
3311
3317
3323
3329
3335
3341
3347
3353
3360
3367
3375
3383
3390
3398
3406
3413
3421
3429
3436
3444
3452
3460
3466
3472
3477
3484
3490
3496
3502
3508
3514
3520
3526
3532
3538
3544
3550
3556
3562
3568
3574
3580
3585
3590
3595
3600
3605
3610
3615
3620
3625
3630
3635
3640
3645
3650
3655
3660
3665
3670
3675
3680
3684
3689
3694
3699
3703
3708
3713
3718
3723
3727
3732
3737
3742
3746
3751
3756
3761
3766
3770
3775
3780
3785
3790
3794
3799
3803
3808
3812
3817
3821
3826
3830
3835
3840
3844
3849
3853
3858
3862
3867
3871
3876
3880
3885
3890
3894
3898
3903
3907
3912
3916
3920
3925
3929
3934
3938
3942
3947
3951
3956
3960
3964
3969
3973
3978
3982
3986
3991
3995
4000
4004
4008
4013
4017
4022
4026
4030
4035
4039
4044
4048
4052
4057
4061
4066
4070
4074
4079
4083
4088
4092
4096
4101
4105
4110
4114
4118
4122
4126
4130
4134
4138
4142
4146
4150
4154
4158
4162
4167
4171
4175
4179
4183
4187
4191
4195
4199
4203
4207
4211
4215
4220
4223
4227
4231
4235
4238
4242
4246
4250
4254
4257
4261
4265
4269
4273
4276
4280
4284
4288
4292
4295
4299
4303
4307
4311
4314
4318
4322
4326
4330
4334
4339
4343
4348
4352
4357
4361
4366
4370
4375
4380
4384
4389
4393
4398
4402
4407
4411
4416
4420
4425
4430
4435
4440
4445
4450
4456
4461
4466
4471
4477
4482
4487
4492
4498
4503
4508
4513
4519
4524
4529
4534
4540
4545
4551
4556
4562
4567
4573
4578
4584
4590
4595
4601
4606
4612
4617
4623
4628
4634
4640
4646
4652
4658
4664
4670
4676
4682
4688
4695
4701
4707
4713
4719
4725
4731
4737
4743
4750
4755
4760
4765
4770
4776
4781
4786
4791
4797
4802
4807
4812
4818
4823
4828
4833
4839
4844
4849
4854
4860
4864
4869
4874
4879
4883
4888
4893
4898
4902
4907
4912
4917
4921
4926
4931
4936
4940
4945
4950
4955
4960
4965
4970
4975
4980
4986
4991
4996
5001
5007
5012
5017
5022
5028
5033
5038
5043
5049
5054
5059
5064
5070
5074
5079
5084
5089
5093
5098
5103
5108
5112
5117
5122
5127
5131
5136
5141
5146
5150
5155
5160
5165
5170
5174
5179
5184
5189
5193
5198
5203
5208
5213
5217
5222
5227
5232
5236
5241
5246
5251
5256
5260
5265
5270
5275
5280
5283
5287
5291
5295
5299
5303
5306
5310
5314
5318
5322
5326
5330
5333
5337
5341
5345
5349
5353
5356
5360
5364
5368
5372
5376
5380
5384
5388
5392
5396
5400
5404
5408
5413
5417
5421
5425
5429
5433
5437
5442
5446
5450
5454
5458
5462
5466
5471
5475
5479
5483
5487
5491
5495
5500
5504
5508
5512
5516
5521
5525
5529
5533
5538
5542
5546
5550
5555
5559
5563
5567
5571
5576
5580
5584
5588
5593
5597
5601
5605
5610
5614
5618
5623
5627
5631
5636
5640
5644
5649
5653
5657
5662
5666
5670
5675
5679
5683
5688
5692
5696
5701
5705
5710
5713
5717
5721
5725
5728
5732
5736
5740
5744
5747
5751
5755
5759
5763
5766
5770
5774
5778
5782
5785
5789
5793
5797
5801
5804
5808
5812
5816
5820
5823
5827
5831
5835
5839
5843
5846
5850
5854
5858
5862
5866
5870
5873
5877
5881
5885
5889
5893
5896
5900
5904
5908
5912
5916
5920
5924
5928
5933
5937
5942
5946
5950
5955
5959
5964
5968
5972
5977
5981
5986
5990
5994
5999
6003
6008
6012
6016
6021
6025
6030
6034
6039
6043
6048
6052
6057
6061
6066
6070
6075
6080
6084
6089
6093
6098
6102
6107
6111
6116
6120
6125
6130
6133
6137
6141
6145
6148
6152
6156
6160
6164
6167
6171
6175
6179
6183
6186
6190
6194
6198
6202
6205
6209
6213
6217
6221
6224
6228
6232
6236
6240
6243
6247
6251
6255
6258
6262
6266
6270
6274
6277
6281
6285
6289
6293
6296
6300
6304
6308
6312
6315
6319
6323
6327
6331
6334
6338
6342
6346
6350
6353
6357
6360
6364
6367
6371
6375
6378
6382
6385
6389
6392
6396
6400
6403
6407
6410
6414
6417
6421
6425
6428
6432
6435
6439
6442
6446
6450
6455
6460
6465
6470
6476
6481
6486
6491
6496
6502
6507
6512
6517
6523
6528
6533
6538
6543
6549
6554
6559
6564
6570
6574
6578
6582
6586
6590
6594
6598
6602
6606
6610
6614
6618
6622
6626
6630
6634
6638
6642
6646
6650
6654
6658
6662
6666
6670
6675
6681
6687
6693
6698
6704
6710
6716
6722
6727
6733
6739
6745
6751
6756
6762
6768
6774
6780
6786
6793
6800
6806
6813
6820
6826
6833
6840
6846
6853
6860
6866
6873
6880
6886
6892
6898
6904
6910
6916
6922
6928
6935
6941
6947
6953
6959
6965
6971
6977
6983
6990
6995
7000
7005
7010
7015
7020
7025
7030
7035
7040
7045
7050
7055
7060
7064
7069
7075
7080
7085
7090
7095
7100
7104
7109
7114
7119
7123
7128
7133
7138
7142
7147
7152
7157
7161
7166
7171
7176
7180
7185
7190
7195
7200
7204
7209
7214
7219
7223
7228
7233
7238
7243
7247
7252
7257
7262
7266
7271
7276
7281
7286
7290
7295
7300
7305
7310
7315
7320
7325
7331
7336
7341
7346
7352
7357
7362
7367
7373
7378
7383
7388
7394
7399
7404
7410
7416
7422
7428
7434
7440
7446
7452
7458
7465
7471
7477
7483
7489
7495
7501
7507
7513
7520
7525
7531
7537
7543
7548
7554
7560
7566
7572
7577
7583
7589
7595
7601
7606
7612
7618
7624
7630
7634
7639
7644
7649
7653
7658
7663
7668
7673
7677
7682
7687
7692
7696
7701
7706
7711
7716
7720
7725
7730
7735
7740
7745
7750
7755
7760
7766
7771
7776
7781
7787
7792
7797
7802
7808
7813
7818
7823
7829
7834
7839
7844
7850
7856
7862
7868
7875
7881
7887
7893
7900
7906
7912
7918
7925
7931
7937
7943
7950
7955
7961
7967
7973
7978
7984
7990
7996
8002
8007
8013
8019
8025
8031
8036
8042
8048
8054
8060
8065
8071
8076
8082
8087
8093
8098
8104
8109
8115
8121
8126
8132
8137
8143
8148
8154
8160
8165
8170
8176
8181
8187
8192
8198
8203
8209
8214
8220
8225
8230
8236
8241
8247
8252
8258
8263
8269
8274
8280
8285
8291
8297
8303
8309
8315
8321
8327
8332
8338
8344
8350
8356
8362
8368
8374
8380
8386
8392
8399
8405
8412
8418
8425
8431
8438
8444
8451
8457
8464
8470
8477
8483
8490
8496
8502
8508
8514
8520
8526
8532
8538
8545
8551
8557
8563
8569
8575
8581
8587
8593
8600
8607
8615
8623
8630
8638
8646
8653
8661
8669
8676
8684
8692
8700
8708
8717
8725
8734
8742
8751
8760
8768
8777
8785
8794
8802
8811
8820
8835
8851
8867
8882
8898
8914
8930
8939
8948
8957
8966
8975
8985
8994
9003
9012
9021
9030
9040
9045
9051
9057
9063
9069
9075
9081
9087
9092
9098
9104
9110
9116
9122
9128
9134
9140
9148
9156
9165
9173
9182
9190
9199
9207
9216
9224
9233
9241
9250
9257
9265
9273
9281
9289
9297
9305
9312
9320
9328
9336
9344
9352
9360
9368
9376
9385
9393
9402
9410
9419
9427
9436
9444
9453
9461
9470
9476
9482
9488
9495
9501
9507
9514
9520
9526
9533
9539
9545
9552
9558
9564
9571
9577
9583
9590
9595
9600
9605
9610
9615
9620
9625
9629
9635
9640
9645
9650
9655
9660
9665
9670
9674
9680
9684
9690
9696
9702
9708
9714
9720
9726
9732
9738
9745
9751
9757
9763
9769
9775
9781
9787
9793
9800
9806
9813
9820
9826
9833
9840
9846
9853
9860
9866
9873
9880
9886
9893
9900
9907
9914
9922
9929
9936
9944
9951
9958
9966
9973
9980
9988
9995
10002
10010
10017
10025
10033
10041
10049
10057
10065
10072
10080
10088
10096
10104
10112
10120
10129
10138
10147
10156
10165
10174
10183
10192
10201
10210
10220
10228
10237
10245
10254
10262
10271
10280
10288
10297
10305
10314
10322
10331
10340
10352
10364
10376
10388
10400
10412
10424
10436
10448
10460
10470
10480
10490
10500
10510
10520
10530
10540
10550
10560
10570
10574
10579
10584
10589
10593
10598
10603
10608
10612
10617
10622
10627
10631
10636
10641
10646
10650
10655
10660
10665
10670
10675
10680
10685
10690
10696
10701
10706
10711
10717
10722
10727
10732
10738
10743
10748
10753
10759
10764
10769
10774
10780
10785
10791
10796
10802
10807
10813
10818
10824
10830
10835
10841
10846
10852
10857
10863
10868
10874
10880
10885
10890
10895
10900
10906
10911
10916
10921
10927
10932
10937
10942
10948
10953
10958
10963
10969
10974
10979
10984
10990
10996
11002
11008
11014
11020
11026
11032
11038
11045
11051
11057
11063
11069
11075
11081
11087
11093
11100
11104
11109
11113
11118
11122
11127
11131
11136
11140
11145
11149
11154
11159
11163
11168
11172
11177
11181
11186
11190
11195
11200
11204
11209
11213
11218
11222
11227
11232
11236
11241
11245
11250
11254
11259
11264
11268
11273
11277
11282
11287
11291
11296
11300
11305
11310
11315
11320
11325
11331
11336
11341
11346
11352
11357
11362
11367
11373
11378
11383
11388
11394
11399
11404
11410
11415
11420
11425
11430
11435
11440
11445
11450
11455
11459
11465
11470
11475
11480
11485
11490
11495
11500
11504
11510
11514
11520
11524
11528
11532
11536
11541
11545
11549
11553
11558
11562
11566
11570
11575
11579
11583
11587
11591
11596
11600
11604
11608
11613
11617
11621
11625
11630
11633
11637
11641
11645
11648
11652
11656
11660
11664
11667
11671
11675
11679
11683
11686
11690
11694
11698
11702
11705
11709
11713
11717
11721
11724
11728
11732
11736
11740
11744
11748
11752
11756
11760
11764
11768
11772
11776
11780
11784
11788
11792
11797
11801
11805
11809
11813
11817
11821
11825
11829
11833
11837
11841
11845
11850
11856
11862
11868
11875
11881
11887
11893
11899
11906
11912
11918
11924
11931
11937
11943
11950
11965
11981
11997
12012
12028
12044
12060
12065
12071
12076
12082
12087
12093
12098
12104
12110
12115
12121
12126
12132
12137
12143
12148
12154
12160
12165
12171
12177
12183
12188
12194
12200
12206
12212
12217
12223
12229
12235
12241
12246
12252
12258
12264
12270
12276
12282
12288
12295
12301
12307
12314
12320
12326
12333
12339
12345
12352
12358
12364
12371
12377
12383
12390
12430
12470
12510
12530
12550
12570
12590
12610
12630
12650
12658
12666
12675
12683
12692
12700
12709
12717
12726
12734
12743
12751
12760
12780
12800
12820
12840
12860
12880
12885
12891
12896
12902
12907
12913
12918
12924
12929
12935
12940
12946
12951
12957
12962
12968
12973
12979
12984
12990
12995
13000
13005
13010
13015
13020
13025
13030
13035
13040
13045
13050
13055
13060
13065
13070
13075
13080
13084
13090
13094
13100
13106
13112
13118
13125
13131
13137
13143
13149
13156
13162
13168
13174
13181
13187
13193
13200
13203
13207
13211
13215
13218
13222
13226
13230
13234
13237
13241
13245
13249
13253
13256
13260
13264
13268
13272
13275
13279
13283
13287
13291
13294
13298
13302
13306
13310
13317
13325
13333
13340
13348
13356
13363
13371
13379
13386
13394
13402
13410
13416
13422
13428
13434
13440
13446
13452
13458
13465
13471
13477
13483
13489
13495
13501
13507
13513
13520
13525
13530
13535
13540
13545
13550
13555
13560
13565
13570
13575
13580
13585
13590
13595
13600
13605
13610
13615
13620
13625
13630
13634
13638
13642
13646
13651
13655
13659
13663
13668
13672
13676
13680
13685
13689
13693
13697
13701
13706
13710
13714
13718
13723
13727
13731
13735
13740
13745
13751
13757
13763
13768
13774
13780
13786
13792
13797
13803
13809
13815
13821
13826
13832
13838
13844
13850
13854
13859
13864
13869
13873
13878
13883
13888
13892
13897
13902
13907
13911
13916
13921
13926
13930
13935
13940
13945
13950
13955
13960
13966
13972
13977
13983
13988
13994
13999
14004
14010
14016
14021
14027
14032
14038
14043
14049
14054
14060
14065
14071
14077
14083
14089
14095
14101
14107
14112
14118
14124
14130
14136
14142
14148
14154
14160
14166
14172
14178
14185
14191
14197
14204
14210
14216
14223
14229
14235
14242
14248
14254
14261
14267
14273
14280
14290
14299
14310
14320
14330
14340
14350
14360
14370
14380
14386
14392
14399
14405
14412
14418
14425
14431
14438
14444
14451
14457
14464
14470
14477
14483
14490
14496
14503
14510
14517
14524
14531
14538
14545
14551
14558
14565
14572
14579
14586
14593
14600
14604
14609
14613
14618
14622
14627
14632
14636
14641
14645
14650
14655
14659
14664
14668
14673
14677
14682
14687
14691
14696
14700
14705
14710
14715
14721
14727
14732
14738
14744
14750
14755
14761
14767
14772
14778
14784
14790
14795
14801
14807
14812
14818
14824
14830
14836
14842
14848
14855
14861
14867
14873
14879
14886
14892
14898
14905
14911
14917
14923
14930
14935
14941
14947
14953
14958
14964
14970
14976
14982
14987
14993
14999
15005
15011
15016
15022
15028
15034
15040
15045
15051
15057
15063
15069
15075
15081
15087
15092
15098
15104
15110
15116
15122
15128
15134
15140
15146
15152
15158
15164
15170
15176
15182
15188
15195
15201
15207
15213
15219
15225
15231
15237
15243
15250
15255
15261
15267
15273
15278
15284
15290
15296
15302
15307
15313
15319
15325
15331
15336
15342
15348
15354
15360
15366
15372
15378
15385
15391
15397
15403
15410
15416
15422
15428
15435
15441
15447
15453
15460
15464
15468
15472
15476
15480
15484
15488
15492
15496
15500
15504
15508
15512
15517
15521
15525
15529
15533
15537
15541
15545
15549
15553
15557
15561
15565
15570
15574
15578
15583
15587
15591
15596
15600
15604
15609
15613
15617
15622
15626
15630
15635
15639
15643
15648
15652
15656
15661
15665
15670
15674
15679
15684
15689
15693
15698
15703
15708
15713
15717
15722
15727
15732
15736
15741
15746
15751
15756
15760
15765
15770
15775
15780
15784
15789
15793
15798
15802
15807
15811
15816
15820
15825
15830
15834
15839
15843
15848
15852
15857
15861
15866
15870
15875
15880
15886
15892
15898
15904
15910
15916
15922
15928
15934
15940
15946
15952
15958
15964
15970
15976
15982
15988
15994
16000
16035
16070
16105
16140
16168
16196
16224
16252
16280
16307
16335
16362
16390
16412
16434
16456
16478
16500
16535
16570
16605
16640
16664
16688
16712
16736
16760
16771
16782
16793
16804
16815
16826
16837
16848
16859
16870
16890
16910
16930
16950
16970
16990
17025
17060
17095
17130
17145
17161
17177
17192
17208
17224
17240
17264
17288
17311
17336
17360
17370
17380
17390
17400
17410
17420
17430
17440
17450
17460
17468
17476
17485
17493
17502
17510
17519
17527
17536
17544
17553
17561
17570
17575
17580
17585
17590
17595
17600
17605
17610
17615
17620
17625
17630
17635
17640
17645
17650
17655
17660
17665
17670
17676
17682
17688
17694
17700
17706
17712
17718
17725
17731
17737
17743
17749
17755
17761
17767
17773
17780
17785
17791
17797
17803
17809
17815
17821
17827
17832
17838
17844
17850
17856
17862
17868
17874
17880
17885
17890
17895
17900
17906
17911
17916
17921
17927
17932
17937
17942
17948
17953
17958
17963
17969
17974
17979
17984
17990
17996
18002
18009
18015
18022
18028
18035
18041
18048
18054
18061
18067
18074
18080
18087
18093
18100
18105
18110
18115
18121
18126
18131
18136
18142
18147
18152
18157
18163
18168
18173
18178
18184
18189
18194
18200
18204
18208
18213
18217
18221
18226
18230
18235
18239
18244
18248
18252
18257
18261
18266
18270
18274
18279
18283
18288
18292
18296
18301
18305
18310
18316
18322
18328
18334
18340
18346
18352
18358
18365
18371
18377
18383
18389
18395
18401
18407
18413
18420
18425
18431
18436
18442
18447
18453
18458
18464
18469
18475
18480
18486
18491
18497
18502
18508
18513
18519
18524
18530
18535
18541
18546
18552
18557
18563
18568
18574
18580
18585
18591
18596
18602
18607
18613
18618
18624
18630
18634
18638
18642
18646
18651
18655
18659
18663
18668
18672
18676
18680
18685
18689
18693
18697
18701
18706
18710
18714
18718
18723
18727
18731
18735
18740
18743
18747
18751
18755
18758
18762
18766
18770
18774
18777
18781
18785
18789
18793
18796
18800
18804
18808
18812
18815
18819
18823
18827
18831
18834
18838
18842
18846
18850
18853
18856
18859
18862
18865
18868
18871
18874
18877
18880
18883
18886
18889
18892
18895
18898
18901
18904
18907
18910
18913
18916
18919
18922
18925
18928
18931
18934
18937
18940
18943
18946
18950
18953
18957
18961
18965
18968
18972
18976
18980
18984
18987
18991
18995
18999
19003
19006
19010
19014
19018
19022
19025
19029
19033
19037
19041
19044
19048
19052
19056
19060
19063
19066
19070
19073
19076
19080
19083
19086
19090
19093
19096
19099
19103
19106
19110
19113
19116
19120
19123
19126
19130
19133
19136
19140
19143
19146
19150
19153
19156
19160
19164
19169
19174
19179
19183
19188
19193
19198
19203
19207
19212
19217
19222
19226
19231
19236
19241
19246
19250
19255
19260
19265
19270
19276
19282
19288
19294
19300
19306
19312
19318
19324
19330
19336
19342
19348
19354
19360
19366
19372
19378
19384
19390
19395
19400
19405
19410
19416
19421
19426
19431
19437
19442
19447
19452
19458
19463
19468
19473
19479
19484
19489
19494
19500
19505
19511
19516
19522
19527
19533
19538
19544
19549
19555
19560
19566
19571
19577
19582
19588
19593
19599
19604
19610
19615
19620
19625
19630
19634
19640
19645
19650
19655
19660
19665
19670
19675
19680
19685
19690
19695
19700
19705
19710
19718
19726
19734
19742
19750
19758
19766
19774
19782
19790
19798
19805
19814
19822
19830
19837
19844
19851
19858
19865
19872
19880
19887
19894
19901
19908
19915
19922
19930
19935
19941
19947
19953
19958
19964
19970
19976
19982
19987
19993
19999
20005
20011
20016
20022
20028
20034
20040
20044
20049
20054
20059
20063
20068
20073
20078
20082
20087
20092
20097
20101
20106
20111
20116
20120
20125
20130
20135
20140
20144
20149
20154
20159
20163
20168
20173
20178
20183
20187
20192
20197
20202
20206
20211
20216
20221
20226
20230
20235
20240
20245
20250
20253
20257
20261
20265
20268
20272
20276
20280
20284
20287
20291
20295
20299
20303
20306
20310
20314
20318
20322
20325
20329
20333
20337
20341
20344
20348
20352
20356
20360
20364
20368
20373
20377
20381
20386
20390
20394
20399
20403
20407
20412
20416
20420
20425
20429
20433
20438
20442
20446
20451
20455
20460
20464
20468
20473
20477
20482
20486
20490
20495
20499
20504
20508
20512
20517
20521
20526
20530
20534
20539
20543
20548
20552
20556
20561
20565
20570
20574
20579
20584
20589
20593
20598
20603
20608
20612
20617
20622
20627
20631
20636
20641
20646
20650
20655
20660
20665
20670
20674
20679
20684
20689
20693
20698
20703
20708
20713
20717
20722
20727
20732
20736
20741
20746
20751
20756
20760
20765
20770
20775
20780
20784
20789
20794
20799
20803
20808
20813
20818
20822
20827
20832
20837
20841
20846
20851
20856
20860
20865
20870
20875
20880
20886
20892
20898
20904
20910
20916
20922
20928
20935
20941
20947
20953
20959
20965
20971
20977
20983
20990
20994
20999
21004
21009
21013
21018
21023
21028
21033
21037
21042
21047
21052
21056
21061
21066
21071
21076
21080
21085
21090
21095
21100
21109
21118
21127
21136
21145
21155
21164
21173
21182
21191
21200
21210
21217
21224
21231
21238
21245
21252
21259
21266
21273
21280
21287
21294
21301
21308
21315
21322
21330
21334
21339
21344
21349
21353
21358
21363
21368
21372
21377
21382
21387
21391
21396
21401
21406
21410
21415
21420
21425
21430
21434
21438
21443
21447
21452
21456
21460
21465
21469
21474
21478
21482
21487
21491
21496
21500
21504
21509
21513
21518
21522
21526
21531
21535
21540
21546
21552
21558
21564
21570
21576
21582
21588
21595
21601
21607
21613
21619
21625
21631
21637
21643
21650
21656
21663
21670
21677
21684
21691
21698
21705
21711
21718
21725
21732
21739
21746
21753
21760
21766
21773
21780
21787
21794
21801
21808
21815
21821
21828
21835
21842
21849
21856
21863
21870
21875
21881
21886
21892
21897
21903
21908
21914
21920
21925
21931
21936
21942
21947
21953
21958
21964
21970
21975
21981
21987
21993
21998
22004
22010
22016
22022
22027
22033
22039
22045
22051
22056
22062
22068
22074
22080
22087
22095
22103
22110
22118
22126
22133
22141
22149
22156
22164
22172
22180
22185
22191
22197
22203
22208
22214
22220
22226
22232
22237
22243
22249
22255
22261
22266
22272
22278
22284
22290
22297
22304
22311
22318
22325
22332
22340
22347
22354
22361
22368
22375
22382
22390
22393
22397
22401
22404
22408
22412
22415
22419
22423
22426
22430
22434
22437
22441
22445
22448
22452
22456
22459
22463
22467
22470
22474
22478
22481
22485
22489
22492
22496
22500
22503
22506
22510
22513
22517
22520
22524
22527
22530
22534
22537
22541
22544
22548
22551
22555
22558
22561
22565
22568
22572
22575
22579
22582
22585
22589
22592
22596
22599
22603
22606
22610
22614
22618
22622
22626
22630
22634
22639
22643
22647
22651
22655
22660
22664
22668
22672
22676
22680
22685
22689
22693
22697
22701
22705
22710
22716
22723
22730
22737
22744
22751
22758
22765
22771
22778
22785
22792
22799
22806
22813
22820
22824
22828
22833
22837
22841
22846
22850
22854
22859
22863
22867
22872
22876
22880
22885
22889
22893
22898
22902
22906
22911
22915
22920
22923
22927
22931
22935
22939
22943
22947
22951
22955
22959
22963
22967
22971
22975
22978
22982
22986
22990
22994
22998
23002
23006
23010
23014
23018
23022
23026
23030
23034
23039
23044
23049
23053
23058
23063
23068
23072
23077
23082
23087
23091
23096
23101
23106
23110
23115
23120
23125
23130
23134
23139
23144
23149
23153
23158
23163
23168
23173
23177
23182
23187
23192
23196
23201
23206
23211
23216
23220
23225
23230
23235
23240
23245
23251
23257
23263
23268
23274
23280
23286
23292
23297
23303
23309
23315
23321
23326
23332
23338
23344
23350
23354
23359
23364
23369
23373
23378
23383
23388
23392
23397
23402
23407
23411
23416
23421
23426
23430
23435
23440
23445
23450
23455
23461
23466
23471
23477
23483
23488
23494
23499
23505
23510
23516
23521
23526
23532
23538
23543
23549
23554
23560
23565
23570
23575
23581
23586
23591
23596
23602
23607
23612
23617
23623
23628
23633
23638
23644
23649
23654
23660
23665
23670
23675
23680
23685
23690
23695
23700
23705
23710
23715
23720
23725
23730
23735
23740
23745
23750
23755
23759
23765
23770
23774
23778
23783
23787
23791
23796
23800
23805
23809
23814
23818
23822
23827
23831
23836
23840
23844
23849
23853
23858
23862
23866
23871
23875
23880
23883
23887
23891
23895
23898
23902
23906
23910
23914
23917
23921
23925
23929
23933
23936
23940
23944
23948
23952
23955
23959
23963
23967
23971
23974
23978
23982
23986
23990
23994
23998
24002
24006
24010
24014
24018
24022
24026
24030
24034
24038
24042
24047
24051
24055
24059
24063
24067
24071
24075
24079
24083
24087
24091
24095
24100
24104
24109
24114
24119
24123
24128
24133
24138
24142
24147
24152
24157
24161
24166
24171
24176
24180
24185
24190
24195
24200
24204
24209
24213
24218
24222
24227
24232
24236
24241
24245
24250
24255
24259
24264
24268
24273
24277
24282
24287
24291
24296
24300
24305
24310
24314
24320
24325
24330
24335
24340
24345
24349
24355
24360
24365
24370
24375
24380
24384
24390
24395
24400
24405
24410
24415
24420
24425
24430
24435
24440
24445
24450
24455
24460
24465
24470
24475
24480
24485
24490
24495
24500
24505
24509
24515
24520
24525
24530
24535
24540
24546
24551
24556
24561
24566
24572
24577
24582
24587
24593
24598
24603
24608
24613
24619
24624
24629
24634
24640
24644
24648
24652
24656
24661
24665
24669
24673
24678
24682
24686
24690
24695
24699
24703
24707
24711
24716
24720
24724
24728
24733
24737
24741
24745
24750
24755
24761
24766
24772
24777
24783
24788
24794
24799
24805
24810
24816
24821
24827
24832
24838
24843
24849
24854
24860
24865
24871
24876
24882
24887
24893
24898
24904
24910
24915
24921
24926
24932
24937
24943
24948
24954
24960
24965
24971
24977
24983
24988
24994
25000
25006
25012
25017
25023
25029
25035
25041
25046
25052
25058
25064
25070
25077
25085
25093
25100
25108
25116
25123
25131
25139
25146
25154
25162
25170
25178
25186
25195
25203
25212
25220
25229
25237
25246
25254
25263
25271
25280
25290
25300
25310
25320
25330
25340
25350
25360
25369
25380
25386
25392
25399
25405
25412
25418
25425
25431
25438
25444
25451
25457
25464
25470
25477
25483
25490
25497
25505
25513
25521
25529
25537
25545
25552
25560
25568
25576
25584
25592
25600
25606
25613
25620
25627
25634
25641
25648
25655
25661
25668
25675
25682
25689
25696
25703
25710
25715
25720
25725
25730
25736
25741
25746
25751
25757
25762
25767
25772
25778
25783
25788
25793
25799
25804
25809
25814
25820
25824
25828
25833
25837
25841
25846
25850
25854
25859
25863
25867
25872
25876
25880
25885
25889
25893
25898
25902
25906
25911
25915
25920
25924
25928
25932
25936
25940
25944
25948
25952
25956
25960
25964
25968
25972
25977
25981
25985
25989
25993
25997
26001
26005
26009
26013
26017
26021
26025
26030
26035
26040
26045
26050
26055
26060
26065
26070
26075
26080
26085
26090
26095
26100
26105
26110
26115
26119
26125
26130
26134
26140
26145
26150
26154
26160
26165
26169
26174
26180
26185
26189
26195
26200
26205
26209
26215
26220
26224
26229
26235
26240
26244
26249
26254
26259
26263
26268
26273
26278
26283
26287
26292
26297
26302
26306
26311
26316
26321
26326
26330
26335
26340
26345
26350
26354
26359
26363
26368
26372
26377
26381
26386
26390
26395
26400
26404
26409
26413
26418
26422
26427
26431
26436
26440
26445
26450
26456
26462
26468
26474
26480
26486
26492
26498
26504
26509
26516
26522
26528
26534
26540
26546
26552
26558
26564
26570
26574
26579
26583
26588
26592
26597
26601
26606
26610
26615
26620
26624
26629
26633
26638
26642
26647
26651
26656
26660
26665
26670
26675
26680
26685
26690
26696
26701
26706
26711
26717
26722
26727
26732
26738
26743
26748
26753
26759
26764
26769
26774
26780
26785
26790
26795
26801
26806
26811
26816
26822
26827
26832
26837
26843
26848
26853
26858
26864
26869
26874
26880
26886
26892
26899
26905
26912
26918
26925
26931
26938
26944
26951
26957
26964
26970
26977
26983
26990
26995
27001
27007
27013
27018
27024
27030
27036
27042
27047
27053
27059
27065
27071
27076
27082
27088
27094
27100
27103
27107
27111
27114
27118
27122
27125
27129
27133
27137
27140
27144
27148
27151
27155
27159
27162
27166
27170
27174
27177
27181
27185
27188
27192
27196
27200
27203
27207
27211
27215
27218
27222
27226
27230
27234
27237
27241
27245
27249
27253
27256
27260
27264
27268
27272
27275
27279
27283
27287
27291
27294
27298
27302
27306
27310
27318
27326
27335
27343
27351
27360
27368
27376
27384
27393
27401
27410
27422
27434
27446
27458
27471
27483
27495
27507
27520
27531
27543
27555
27567
27579
27590
27602
27614
27626
27638
27650
27760
27836
27913
27990
28045
28100
28200
28270
28340
28386
28433
28480
28520
28560
28600
28620
28640
28660
28680
28700
28724
28748
28772
28796
28820
28890
28960
28992
29025
29057
29090
29106
29123
29140
29156
29173
29190
29212
29234
29256
29278
29300
29350
29400
29422
29444
29466
29488
29510
29630
29651
29674
29695
29718
29740
29756
29772
29788
29805
29821
29837
29853
29870
29890
29910
29930
29950
29970
