9
18
27
36
45
55
64
73
82
91
100
110
118
126
135
143
151
160
168
176
185
193
201
210
219
228
237
246
255
265
274
283
292
301
310
320
333
347
361
375
388
402
416
430
437
444
452
459
466
474
481
488
496
503
510
518
525
532
540
547
554
561
568
575
582
590
597
604
611
618
625
632
640
647
655
663
671
679
687
695
702
710
718
726
734
742
750
757
764
772
779
786
794
801
808
816
823
830
838
845
852
860
870
880
890
900
909
919
929
940
950
960
970
979
988
997
1006
1015
1025
1034
1043
1052
1061
1070
1080
1087
1095
1103
1110
1118
1126
1133
1141
1149
1156
1164
1172
1180
1187
1195
1203
1211
1219
1227
1234
1242
1250
1258
1266
1274
1282
1290
1296
1303
1310
1316
1323
1330
1336
1343
1349
1356
1363
1369
1376
1383
1390
1397
1405
1413
1421
1429
1437
1444
1452
1460
1468
1476
1484
1492
1500
1509
1518
1527
1536
1545
1555
1564
1573
1582
1591
1600
1610
1623
1637
1651
1665
1678
1692
1706
1720
1733
1746
1760
1773
1786
1800
1813
1826
1840
1850
1861
1872
1883
1894
1905
1916
1927
1938
1949
1960
1970
1980
1990
2000
2009
2020
2030
2040
2050
2060
2070
2080
2091
2102
2113
2124
2135
2146
2157
2168
2180
2193
2207
2221
2235
2248
2262
2276
2290
2302
2315
2327
2340
2352
2365
2377
2390
2407
2424
2441
2458
2475
2492
2510
2521
2532
2542
2554
2565
2576
2587
2598
2609
2620
2632
2644
2656
2668
2681
2693
2705
2717
2730
2747
2764
2781
2798
2815
2832
2850
2859
2868
2877
2886
2895
2904
2913
2922
2931
2940
2950
2963
2977
2991
3005
3018
3032
3046
3060
3070
3080
3090
3100
3110
3120
3130
3140
3150
3160
3171
3182
3193
3204
3215
3226
3237
3248
3259
3270
3282
3295
3307
3320
3332
3345
3357
3370
3377
3384
3392
3399
3406
3414
3421
3428
3436
3443
3450
3458
3465
3472
3480
3487
3494
3502
3509
3516
3524
3531
3538
3546
3553
3560
3568
3575
3582
3590
3595
3601
3606
3612
3617
3623
3628
3634
3639
3645
3650
3656
3661
3667
3672
3678
3683
3689
3694
3700
3706
3713
3720
3727
3734
3741
3748
3755
3761
3768
3775
3782
3789
3796
3803
3810
3816
3822
3828
3834
3840
3846
3852
3858
3865
3871
3877
3883
3889
3895
3901
3907
3913
3920
3925
3930
3935
3940
3945
3950
3955
3960
3965
3970
3975
3980
3985
3990
3995
4000
4005
4010
4015
4020
4025
4030
4035
4041
4047
4053
4059
4065
4071
4077
4082
4088
4094
4100
4106
4112
4118
4124
4130
4135
4141
4146
4152
4157
4163
4168
4174
4179
4185
4190
4196
4201
4207
4212
4218
4223
4229
4234
4240
4252
4264
4276
4288
4301
4313
4325
4337
4350
4359
4370
4380
4390
4400
4410
4420
4430
4440
4450
4453
4456
4459
4462
4465
4468
4472
4475
4478
4481
4484
4487
4490
4494
4497
4500
4503
4506
4509
4512
4516
4519
4522
4525
4528
4531
4534
4537
4541
4544
4547
4550
4553
4556
4560
4570
4581
4592
4603
4613
4624
4635
4646
4656
4667
4678
4689
4700
4705
4710
4715
4720
4726
4731
4736
4741
4747
4752
4757
4762
4768
4773
4778
4783
4789
4794
4799
4804
4810
4814
4818
4823
4827
4831
4836
4840
4844
4849
4853
4857
4862
4866
4870
4875
4879
4883
4888
4892
4896
4901
4905
4910
4913
4917
4921
4925
4928
4932
4936
4940
4944
4947
4951
4955
4959
4963
4966
4970
4974
4978
4982
4985
4989
4993
4997
5001
5004
5008
5012
5016
5020
5032
5044
5056
5068
5080
5092
5104
5117
5129
5141
5153
5165
5177
5189
5202
5214
5226
5238
5250
5262
5275
5287
5299
5311
5323
5335
5347
5360
5363
5366
5369
5372
5375
5378
5381
5385
5388
5391
5394
5397
5400
5403
5406
5410
5413
5416
5419
5422
5425
5428
5431
5435
5438
5441
5444
5447
5450
5453
5456
5460
5464
5469
5473
5478
5482
5487
5492
5496
5501
5505
5510
5515
5519
5524
5528
5533
5537
5542
5547
5551
5556
5560
5565
5570
5575
5581
5586
5592
5597
5603
5608
5614
5619
5625
5630
5636
5641
5647
5652
5657
5663
5669
5674
5680
5684
5688
5692
5696
5701
5705
5709
5713
5718
5722
5726
5730
5734
5739
5743
5747
5751
5756
5760
5764
5768
5773
5777
5781
5785
5790
5793
5797
5800
5804
5807
5811
5814
5818
5822
5825
5829
5832
5836
5840
5843
5847
5850
5854
5857
5861
5865
5868
5872
5875
5879
5882
5886
5890
5895
5901
5906
5912
5917
5923
5928
5934
5939
5945
5950
5955
5961
5967
5972
5978
5983
5989
5994
6000
6005
6010
6015
6020
6025
6030
6035
6040
6045
6050
6055
6060
6065
6070
6075
6080
6085
6090
6095
6100
6105
6110
6114
6118
6122
6126
6130
6134
6138
6142
6146
6150
6154
6158
6162
6166
6170
6174
6178
6182
6186
6190
6194
6198
6202
6206
6210
6214
6219
6224
6229
6233
6238
6243
6248
6253
6257
6262
6267
6272
6276
6281
6286
6291
6296
6300
6305
6310
6315
6320
6325
6331
6336
6342
6347
6353
6358
6364
6370
6375
6381
6386
6392
6397
6403
6408
6414
6420
6424
6428
6433
6437
6442
6446
6450
6455
6459
6464
6468
6472
6477
6481
6486
6490
6494
6499
6503
6508
6512
6516
6521
6525
6530
6535
6540
6545
6550
6555
6560
6565
6570
6575
6580
6585
6590
6595
6600
6605
6610
6615
6620
6625
6630
6639
6648
6657
6666
6675
6685
6694
6703
6712
6721
6730
6740
6744
6748
6753
6757
6762
6766
6771
6775
6780
6784
6788
6793
6797
6802
6806
6811
6815
6820
6824
6828
6833
6837
6842
6846
6851
6855
6860
6864
6868
6872
6876
6880
6885
6889
6893
6897
6901
6905
6910
6914
6918
6922
6926
6930
6935
6939
6943
6947
6951
6955
6960
6964
6968
6972
6976
6980
6984
6988
6992
6996
7000
7004
7008
7012
7017
7021
7025
7029
7033
7037
7041
7045
7049
7053
7057
7061
7065
7070
7080
7091
7102
7113
7124
7135
7146
7157
7168
7179
7190
7203
7217
7231
7245
7258
7272
7286
7300
7312
7325
7337
7350
7362
7375
7387
7400
7409
7418
7427
7436
7446
7455
7464
7473
7483
7492
7501
7510
7520
7534
7548
7562
7577
7591
7605
7620
7631
7643
7655
7667
7679
7690
7702
7714
7726
7738
7750
7760
7771
7782
7793
7804
7815
7826
7837
7848
7859
7870
7882
7894
7906
7918
7931
7943
7955
7967
7980
7995
8011
8027
8042
8058
8074
8090
8109
8129
8150
8170
8189
8212
8234
8256
8278
8300
8314
8328
8342
8357
8371
8385
8400
8411
8422
8433
8444
8455
8466
8477
8488
8499
8510
8525
8540
8555
8570
8585
8600
8615
8630
8640
8650
8660
8670
8680
8690
8700
8710
8720
8730
8740
8755
8771
8787
8802
8818
8834
8850
8859
8868
8877
8886
8895
8904
8913
8922
8931
8940
8950
8963
8977
8991
9004
9018
9032
9046
9060
9070
9080
9090
9100
9110
9120
9130
9140
9150
9160
9168
9176
9185
9193
9202
9210
9219
9227
9236
9244
9253
9261
9270
9280
9290
9299
9309
9320
9330
9340
9350
9360
9370
9378
9386
9395
9403
9412
9420
9429
9437
9446
9454
9463
9471
9480
9493
9507
9521
9535
9548
9562
9576
9590
9606
9623
9640
9656
9673
9690
9708
9726
9745
9763
9781
9800
9816
9833
9850
9866
9883
9900
9924
9948
9972
9996
10020
10032
10045
10057
10070
10082
10094
10107
10120
10137
10154
10171
10188
10205
10222
10240
10255
10270
10285
10300
10315
10330
10344
10360
10373
10387
10401
10415
10428
10442
10456
10470
10483
10497
10511
10525
10538
10552
10566
10580
10590
10600
10610
10620
10629
10640
10650
10660
10670
10680
10696
10712
10728
10745
10761
10777
10793
10810
10821
10832
10843
10854
10865
10876
10887
10898
10910
10917
10924
10932
10939
10946
10954
10961
10968
10976
10983
10990
10998
11005
11012
11020
11034
11048
11062
11077
11091
11105
11120
11132
11144
11156
11168
11181
11193
11205
11217
11230
11241
11252
11263
11274
11285
11296
11307
11318
11329
11340
11348
11356
11365
11373
11381
11390
11398
11406
11415
11423
11431
11440
11448
11456
11464
11472
11480
11488
11496
11504
11512
11520
11528
11536
11544
11552
11560
11566
11572
11579
11585
11592
11598
11605
11611
11618
11624
11631
11637
11644
11650
11657
11663
11670
11677
11685
11693
11701
11709
11717
11725
11732
11740
11748
11756
11764
11772
11780
11787
11795
11803
11810
11818
11826
11833
11841
11849
11856
11864
11872
11880
11890
11900
11910
11920
11930
11940
11950
11960
11970
11980
11990
11999
12008
12017
12026
12035
12045
12054
12063
12072
12081
12090
12100
12110
12120
12129
12139
12149
12160
12170
12180
12190
12200
12217
12234
12251
12268
12285
12302
12320
12325
12331
12337
12343
12349
12355
12361
12367
12372
12378
12384
12390
12396
12402
12408
12414
12420
12429
12438
12447
12456
12466
12475
12484
12493
12503
12512
12521
12530
12540
12552
12564
12575
12588
12600
12612
12624
12636
12648
12660
12668
12676
12685
12693
12702
12710
12719
12727
12736
12744
12753
12761
12770
12776
12782
12788
12795
12801
12807
12813
12820
12826
12832
12838
12844
12851
12857
12863
12870
12874
12879
12883
12888
12892
12897
12902
12906
12911
12915
12920
12925
12929
12934
12938
12943
12947
12952
12957
12961
12966
12970
12975
12980
12993
13006
13020
13033
13046
13060
13073
13086
13100
13112
13124
13136
13148
13161
13173
13185
13197
13210
13225
13240
13255
13270
13285
13300
13315
13330
13352
13374
13395
13418
13440
13452
13464
13476
13488
13501
13513
13525
13537
13550
13564
13578
13592
13607
13621
13635
13650
13661
13672
13683
13694
13705
13716
13727
13738
13749
13760
13768
13776
13785
13793
13802
13810
13819
13827
13836
13844
13853
13861
13870
13879
13888
13897
13906
13915
13925
13934
13943
13952
13961
13970
13980
13987
13994
14002
14009
14016
14024
14031
14038
14046
14053
14060
14068
14075
14082
14090
14095
14101
14107
14113
14119
14125
14131
14137
14142
14148
14154
14160
14166
14172
14178
14184
14190
14194
14198
14202
14206
14211
14215
14219
14223
14228
14232
14236
14240
14245
14249
14253
14257
14261
14266
14270
14274
14278
14283
14287
14291
14295
14300
14308
14316
14325
14333
14341
14350
14358
14366
14375
14383
14391
14400
14404
14408
14412
14416
14421
14425
14429
14433
14438
14442
14446
14450
14455
14459
14463
14467
14471
14476
14480
14484
14488
14493
14497
14501
14505
14510
14513
14516
14520
14523
14526
14530
14533
14536
14540
14543
14546
14549
14553
14556
14559
14563
14566
14570
14573
14576
14580
14583
14586
14590
14593
14596
14600
14603
14606
14610
14613
14616
14620
14624
14629
14633
14638
14642
14647
14652
14656
14661
14665
14670
14675
14679
14684
14688
14693
14697
14702
14707
14711
14716
14720
14725
14730
14733
14736
14739
14742
14745
14748
14752
14755
14758
14761
14764
14767
14770
14774
14777
14780
14783
14786
14789
14792
14796
14799
14802
14805
14808
14811
14814
14818
14821
14824
14827
14830
14833
14836
14840
14843
14847
14851
14854
14858
14862
14865
14869
14873
14877
14880
14884
14888
14891
14895
14899
14902
14906
14910
14914
14917
14921
14925
14928
14932
14936
14940
14943
14947
14951
14955
14958
14962
14966
14970
14974
14977
14981
14985
14989
14993
14996
15000
15004
15008
15012
15015
15019
15023
15027
15031
15034
15038
15042
15046
15050
15053
15057
15061
15064
15068
15072
15075
15079
15083
15087
15090
15094
15098
15101
15105
15109
15112
15116
15120
15124
15127
15131
15135
15138
15142
15146
15150
15161
15173
15184
15196
15207
15219
15230
15242
15253
15265
15276
15288
15300
15304
15309
15314
15319
15323
15328
15333
15338
15342
15347
15352
15357
15361
15366
15371
15376
15380
15385
15390
15395
15400
15404
15409
15414
15419
15423
15428
15433
15438
15443
15447
15452
15457
15462
15466
15471
15476
15481
15486
15490
15495
15500
15505
15510
15514
15518
15522
15526
15530
15534
15538
15542
15546
15550
15554
15558
15562
15567
15571
15575
15579
15583
15587
15591
15595
15599
15603
15607
15611
15615
15620
15627
15634
15642
15649
15656
15664
15671
15678
15686
15693
15700
15708
15715
15722
15730
15734
15738
15742
15746
15750
15754
15758
15762
15766
15770
15774
15778
15782
15787
15791
15795
15799
15803
15807
15811
15815
15819
15823
15827
15831
15835
15840
15846
15853
15860
15867
15874
15881
15887
15894
15901
15908
15915
15922
15928
15935
15942
15949
15956
15963
15970
15975
15980
15985
15990
15995
16000
16004
16009
16015
16020
16024
16030
16035
16040
16044
16049
16055
16059
16064
16070
16075
16079
16088
16096
16104
16113
16121
16129
16138
16146
16155
16163
16171
16180
16186
16193
16200
16207
16214
16221
16228
16235
16241
16248
16255
16262
16269
16276
16283
16290
16295
16301
16306
16312
16317
16323
16328
16334
16340
16345
16351
16356
16362
16367
16373
16378
16384
16390
16395
16401
16406
16412
16417
16423
16428
16434
16439
16445
16450
16456
16461
16467
16472
16478
16483
16489
16494
16500
16505
16510
16515
16520
16526
16531
16536
16541
16547
16552
16557
16562
16568
16573
16578
16583
16589
16594
16599
16604
16610
16614
16618
16623
16627
16631
16636
16640
16644
16649
16653
16657
16662
16666
16670
16675
16679
16683
16688
16692
16696
16701
16705
16710
16719
16728
16737
16746
16755
16765
16774
16783
16792
16801
16810
16820
16825
16830
16835
16840
16845
16850
16855
16860
16865
16870
16875
16880
16885
16890
16895
16900
16905
16910
16915
16920
16924
16929
16933
16938
16943
16947
16952
16956
16961
16966
16970
16975
16980
16984
16989
16993
16998
17003
17007
17012
17016
17021
17026
17030
17035
17040
17043
17047
17051
17054
17058
17062
17065
17069
17073
17077
17080
17084
17088
17091
17095
17099
17102
17106
17110
17114
17117
17121
17125
17128
17132
17136
17140
17143
17146
17149
17152
17155
17158
17162
17165
17168
17171
17174
17177
17180
17184
17187
17190
17193
17196
17199
17202
17206
17209
17212
17215
17218
17221
17224
17228
17231
17234
17237
17240
17243
17246
17250
17256
17262
17268
17274
17280
17286
17292
17298
17305
17311
17317
17323
17329
17335
17341
17347
17353
17360
17367
17374
17381
17388
17395
17402
17410
17417
17424
17431
17438
17445
17452
17460
17466
17472
17479
17485
17492
17498
17505
17511
17518
17524
17531
17537
17544
17550
17557
17563
17570
17580
17590
17600
17610
17620
17630
17640
17650
17660
17670
17676
17682
17688
17694
17700
17706
17712
17718
17725
17731
17737
17743
17749
17755
17761
17767
17773
17780
17789
17798
17807
17816
17825
17834
17843
17852
17861
17870
17880
17887
17895
17903
17911
17919
17927
17935
17942
17950
17958
17966
17974
17982
17990
17996
18002
18009
18015
18022
18028
18035
18041
18048
18054
18061
18067
18074
18080
18087
18093
18100
18106
18113
18120
18126
18133
18140
18146
18153
18160
18166
18173
18180
18186
18193
18200
18208
18216
18225
18233
18242
18250
18259
18267
18276
18284
18293
18301
18310
18314
18319
18324
18329
18333
18338
18343
18348
18352
18357
18362
18367
18371
18376
18381
18386
18390
18395
18400
18405
18410
18417
18424
18432
18439
18446
18454
18461
18468
18476
18483
18490
18498
18505
18512
18520
18527
18534
18541
18548
18555
18562
18570
18577
18584
18591
18598
18605
18612
18620
18629
18638
18647
18656
18665
18675
18684
18693
18702
18711
18720
18730
18735
18741
18746
18752
18757
18763
18768
18774
18779
18785
18790
18796
18801
18807
18812
18818
18823
18829
18834
18840
18850
18860
18870
18880
18890
18900
18910
18920
18930
18940
18949
18958
18967
18976
18985
18995
19004
19013
19022
19031
19040
19050
19056
19063
19070
19076
19083
19090
19096
19103
19110
19116
19123
19130
19136
19143
19150
19156
19163
19170
19177
19184
19191
19198
19205
19211
19218
19225
19232
19239
19246
19253
19260
19267
19275
19283
19291
19299
19307
19315
19322
19330
19338
19346
19354
19362
19370
19378
19387
19396
19405
19413
19422
19431
19440
19448
19457
19466
19475
19483
19492
19501
19510
19517
19525
19533
19541
19549
19557
19565
19572
19580
19588
19596
19604
19612
19620
19627
19635
19642
19650
19657
19665
19672
19680
19687
19695
19702
19710
19717
19724
19732
19740
19748
19756
19765
19773
19782
19790
19799
19807
19816
19824
19833
19841
19850
19858
19866
19875
19883
19891
19900
19908
19916
19925
19933
19941
19950
19956
19963
19970
19977
19984
19991
19998
20005
20011
20018
20025
20032
20039
20046
20053
20060
20065
20071
20077
20083
20089
20095
20101
20107
20112
20118
20124
20130
20136
20142
20148
20154
20160
20165
20171
20177
20183
20188
20194
20200
20206
20212
20217
20223
20229
20235
20241
20246
20252
20258
20264
20270
20278
20286
20295
20303
20311
20320
20328
20336
20345
20353
20361
20370
20374
20379
20383
20388
20392
20397
20402
20406
20411
20415
20420
20425
20429
20434
20438
20443
20447
20452
20457
20461
20466
20470
20475
20480
20487
20495
20502
20510
20517
20525
20532
20540
20547
20555
20562
20570
20577
20585
20592
20600
20608
20616
20625
20633
20641
20650
20658
20666
20675
20683
20691
20700
20707
20715
20723
20731
20739
20747
20755
20762
20770
20778
20786
20794
20802
20810
20818
20826
20835
20843
20851
20860
20868
20876
20884
20893
20901
20910
20915
20921
20927
20933
20938
20944
20950
20956
20962
20967
20973
20979
20985
20991
20996
21002
21008
21014
21020
21025
21031
21037
21043
21049
21055
21061
21067
21072
21078
21084
21090
21096
21102
21108
21114
21120
21126
21133
21140
21147
21154
21161
21168
21175
21181
21188
21195
21202
21209
21216
21223
21230
21236
21243
21250
21257
21264
21271
21278
21285
21291
21298
21305
21312
21319
21326
21333
21340
21347
21354
21362
21369
21376
21384
21391
21398
21406
21413
21420
21428
21435
21442
21450
21459
21468
21477
21486
21495
21505
21514
21523
21532
21541
21550
21560
21566
21573
21580
21586
21593
21599
21606
21613
21620
21626
21633
21640
21646
21653
21660
21669
21678
21687
21696
21705
21715
21724
21733
21742
21751
21760
21770
21782
21794
21806
21818
21831
21843
21855
21867
21880
21889
21898
21907
21916
21925
21935
21944
21953
21962
21971
21980
21990
21995
22001
22007
22013
22018
22024
22030
22036
22042
22047
22053
22059
22065
22071
22076
22082
22088
22094
22100
22109
22118
22127
22136
22145
22154
22163
22172
22181
22190
22200
22205
22211
22217
22223
22228
22234
22240
22246
22252
22257
22263
22269
22275
22281
22286
22292
22298
22304
22310
22318
22326
22335
22343
22351
22360
22368
22376
22384
22393
22401
22410
22417
22424
22432
22439
22446
22454
22461
22468
22476
22483
22490
22498
22505
22512
22520
22525
22531
22537
22543
22549
22555
22561
22567
22572
22578
22584
22590
22596
22602
22608
22614
22620
22629
22638
22647
22656
22665
22675
22684
22693
22702
22711
22720
22730
22736
22743
22750
22757
22764
22771
22778
22785
22791
22798
22805
22812
22819
22826
22833
22840
22851
22862
22873
22884
22895
22906
22916
22928
22939
22950
22957
22964
22971
22979
22986
22994
23001
23008
23016
23023
23030
23038
23045
23052
23060
23070
23082
23093
23104
23115
23126
23137
23148
23159
23170
23180
23190
23200
23210
23220
23230
23240
23250
23260
23270
23280
23285
23290
23295
23301
23306
23311
23316
23322
23327
23332
23337
23343
23348
23353
23358
23364
23369
23374
23380
23389
23398
23407
23416
23425
23435
23444
23453
23462
23471
23480
23490
23496
23503
23510
23517
23524
23531
23538
23545
23551
23558
23565
23572
23579
23586
23593
23600
23607
23615
23623
23631
23639
23647
23655
23662
23670
23678
23686
23694
23702
23710
23716
23723
23730
23737
23744
23751
23758
23765
23771
23778
23785
23792
23799
23806
23813
23820
23827
23835
23843
23850
23858
23866
23873
23881
23889
23896
23904
23912
23920
23927
23935
23943
23951
23959
23967
23975
23982
23990
23998
24006
24014
24022
24030
24036
24043
24050
24056
24063
24070
24076
24083
24090
24096
24103
24110
24116
24123
24130
24134
24138
24143
24147
24151
24156
24160
24165
24169
24174
24178
24182
24187
24191
24195
24200
24204
24209
24213
24218
24222
24226
24231
24235
24240
24245
24250
24255
24260
24266
24271
24276
24281
24287
24292
24297
24302
24308
24313
24318
24323
24329
24334
24339
24344
24350
24354
24359
24364
24369
24373
24378
24383
24388
24392
24397
24402
24407
24411
24416
24421
24426
24430
24435
24440
24445
24450
24454
24459
24463
24468
24472
24477
24482
24486
24491
24495
24500
24505
24509
24514
24518
24523
24527
24532
24537
24541
24546
24550
24555
24560
24564
24569
24574
24579
24583
24588
24593
24598
24603
24607
24612
24617
24622
24626
24631
24636
24641
24646
24650
24655
24660
24665
24670
24675
24680
24685
24690
24696
24701
24706
24711
24717
24722
24727
24732
24738
24743
24748
24753
24759
24764
24769
24774
24780
24785
24790
24795
24801
24806
24811
24816
24822
24827
24832
24837
24843
24848
24853
24858
24864
24869
24874
24880
24885
24890
24895
24900
24906
24911
24916
24921
24926
24932
24937
24942
24947
24953
24958
24963
24968
24973
24979
24984
24989
24994
25000
25004
25008
25013
25017
25022
25026
25030
25035
25039
25044
25048
25052
25057
25061
25066
25070
25074
25079
25083
25088
25092
25096
25101
25105
25110
25114
25118
25123
25127
25131
25136
25140
25144
25149
25153
25157
25162
25166
25170
25175
25179
25183
25188
25192
25196
25201
25205
25210
25214
25219
25224
25229
25233
25238
25243
25248
25253
25257
25262
25267
25272
25276
25281
25286
25291
25296
25300
25305
25310
25315
25320
25328
25337
25346
25355
25364
25373
25382
25391
25400
25409
25418
25427
25436
25445
25454
25463
25472
25481
25490
25492
25495
25498
25501
25504
25507
25510
25513
25516
25518
25521
25524
25527
25530
25533
25536
25539
25542
25545
25547
25550
25553
25556
25559
25562
25565
25568
25571
25573
25576
25579
25582
25585
25588
25591
25594
25597
25600
25603
25607
25610
25614
25618
25621
25625
25629
25632
25636
25640
25643
25647
25650
25654
25658
25661
25665
25669
25672
25676
25680
25683
25687
25690
25694
25698
25701
25705
25709
25712
25716
25720
25723
25727
25731
25735
25739
25743
25747
25750
25754
25758
25762
25766
25770
25774
25778
25781
25785
25789
25793
25797
25801
25805
25809
25812
25816
25820
25824
25828
25832
25836
25840
25843
25846
25849
25852
25855
25858
25861
25864
25867
25870
25873
25876
25879
25882
25885
25888
25891
25894
25897
25900
25903
25906
25909
25912
25915
25918
25921
25924
25927
25930
25933
25936
25940
25944
25948
25953
25957
25962
25966
25970
25975
25979
25984
25988
25992
25997
26001
26006
26010
26014
26019
26023
26028
26032
26036
26041
26045
26050
26059
26068
26078
26087
26097
26106
26115
26125
26134
26144
26153
26162
26172
26181
26191
26200
26210
26214
26218
26223
26227
26232
26236
26240
26245
26249
26254
26258
26262
26267
26271
26276
26280
26284
26289
26293
26298
26302
26306
26311
26315
26320
26324
26328
26332
26336
26340
26345
26349
26353
26357
26361
26365
26370
26374
26378
26382
26386
26390
26395
26399
26403
26407
26411
26415
26420
26423
26427
26431
26435
26439
26443
26447
26451
26455
26459
26463
26467
26471
26475
26478
26482
26486
26490
26494
26498
26502
26506
26510
26514
26518
26522
26526
26530
26534
26538
26542
26546
26550
26555
26559
26563
26567
26571
26575
26580
26584
26588
26592
26596
26600
26605
26609
26613
26617
26621
26625
26630
26633
26636
26640
26643
26647
26650
26654
26657
26660
26664
26667
26671
26674
26678
26681
26685
26688
26691
26695
26698
26702
26705
26709
26712
26715
26719
26722
26726
26729
26733
26736
26740
26744
26748
26752
26756
26761
26765
26769
26773
26778
26782
26786
26790
26794
26799
26803
26807
26811
26816
26820
26824
26828
26833
26837
26841
26845
26850
26859
26868
26878
26887
26897
26906
26915
26925
26934
26944
26953
26962
26972
26981
26991
27000
27010
27013
27016
27019
27022
27025
27028
27032
27035
27038
27041
27044
27047
27051
27054
27057
27060
27063
27066
27070
27073
27076
27079
27082
27085
27088
27092
27095
27098
27101
27104
27107
27111
27114
27117
27120
27123
27126
27130
27138
27147
27156
27164
27173
27182
27190
27199
27208
27216
27225
27234
27242
27251
27260
27265
27271
27276
27282
27287
27293
27298
27304
27309
27315
27320
27326
27331
27337
27342
27348
27353
27359
27364
27370
27375
27381
27386
27392
27397
27403
27408
27414
27419
27425
27430
27436
27441
27447
27452
27458
27463
27469
27474
27480
27487
27494
27501
27508
27515
27522
27529
27536
27543
27550
27557
27564
27571
27578
27585
27592
27600
27605
27611
27617
27623
27629
27635
27641
27647
27652
27658
27664
27670
27676
27682
27688
27694
27700
27706
27713
27720
27727
27734
27741
27748
27755
27761
27768
27775
27782
27789
27796
27803
27810
27815
27821
27827
27833
27839
27845
27851
27857
27862
27868
27874
27880
27886
27892
27898
27904
27910
27916
27922
27929
27935
27942
27948
27955
27961
27968
27974
27981
27987
27994
28000
28007
28013
28020
28025
28031
28037
28043
28049
28055
28061
28067
28072
28078
28084
28090
28096
28102
28108
28114
28120
28125
28131
28137
28143
28148
28154
28160
28166
28172
28177
28183
28189
28195
28201
28206
28212
28218
28224
28230
28236
28243
28250
28257
28264
28271
28278
28285
28291
28298
28305
28312
28319
28326
28333
28340
28347
28355
28363
28370
28378
28386
28393
28401
28409
28416
28424
28432
28440
28445
28451
28456
28462
28467
28473
28478
28484
28489
28495
28500
28506
28511
28517
28522
28528
28533
28539
28544
28550
28555
28561
28566
28572
28577
28583
28588
28594
28600
28605
28611
28616
28622
28627
28633
28638
28644
28650
28659
28668
28677
28686
28695
28705
28714
28723
28732
28741
28750
28760
28766
28772
28779
28785
28792
28798
28805
28811
28818
28824
28831
28837
28844
28850
28857
28863
28870
28875
28880
28885
28890
28895
28900
28905
28910
28915
28920
28925
28930
28935
28940
28945
28950
28955
28960
28965
28970
28975
28980
28987
28994
29002
29009
29016
29024
29031
29038
29046
29053
29060
29068
29075
29082
29090
29097
29104
29111
29118
29125
29132
29139
29146
29153
29160
29167
29174
29181
29188
29195
29202
29210
29221
29233
29244
29256
29267
29279
29290
29302
29313
29325
29336
29348
29360
29369
29378
29387
29396
29405
29414
29423
29432
29441
29450
29460
29465
29471
29477
29483
29488
29494
29500
29506
29512
29517
29523
29529
29535
29541
29546
29552
29558
29564
29570
29575
29581
29587
29593
29598
29604
29610
29616
29622
29627
29633
29639
29645
29651
29656
29662
29668
29674
29680
29687
29694
29701
29708
29715
29722
29729
29736
29743
29750
29757
29764
29771
29778
29785
29792
29799
29806
29813
29820
29825
29831
29837
29843
29849
29855
29861
29867
29872
29878
29884
29890
29896
29902
29908
29914
29920
