3
7
11
15
19
23
27
31
35
39
43
47
51
55
58
62
66
70
74
78
82
86
90
94
98
102
106
110
114
118
122
126
130
135
139
143
147
151
155
160
164
168
172
176
180
185
189
193
197
201
205
210
213
217
221
225
228
232
236
240
244
247
251
255
259
263
266
270
274
278
282
285
289
293
297
301
304
308
312
316
320
323
327
331
335
339
343
346
350
354
358
362
366
370
373
377
381
385
389
393
396
400
404
408
412
416
420
423
427
431
435
438
442
446
450
454
457
461
465
469
473
476
480
484
488
492
495
499
503
507
511
514
518
522
526
530
534
538
542
546
550
554
558
562
566
570
574
578
582
586
590
594
598
602
606
610
614
618
622
626
630
633
637
641
645
648
652
656
660
664
667
671
675
679
683
686
690
694
698
702
705
709
713
717
721
724
728
732
736
740
745
750
755
760
765
770
775
780
785
790
794
799
804
809
815
820
825
830
835
840
845
850
854
859
864
869
873
878
883
888
892
897
902
907
911
916
921
926
930
935
940
945
950
953
957
961
965
968
972
976
980
984
987
991
995
999
1003
1006
1010
1014
1018
1022
1025
1029
1033
1037
1041
1044
1048
1052
1056
1060
1064
1068
1072
1076
1080
1085
1089
1093
1097
1101
1105
1109
1114
1118
1122
1126
1130
1135
1139
1143
1147
1151
1155
1160
1165
1171
1177
1183
1188
1194
1200
1206
1212
1217
1223
1229
1235
1241
1246
1252
1258
1264
1270
1273
1277
1281
1285
1288
1292
1296
1300
1304
1307
1311
1315
1319
1323
1326
1330
1334
1338
1342
1345
1349
1353
1357
1361
1364
1368
1372
1376
1380
1384
1388
1393
1397
1402
1406
1410
1415
1419
1424
1428
1432
1437
1441
1446
1450
1454
1459
1463
1468
1472
1476
1481
1485
1490
1494
1498
1503
1507
1512
1516
1520
1525
1529
1534
1538
1542
1547
1551
1556
1560
1564
1569
1573
1578
1582
1586
1591
1595
1600
1604
1608
1613
1617
1621
1626
1630
1634
1639
1643
1647
1652
1656
1660
1665
1669
1673
1678
1682
1686
1691
1695
1700
1703
1707
1710
1714
1717
1721
1724
1728
1731
1735
1739
1742
1746
1749
1753
1756
1760
1763
1767
1770
1774
1778
1781
1785
1788
1792
1795
1799
1802
1806
1810
1815
1820
1825
1830
1835
1840
1845
1850
1855
1859
1865
1869
1875
1880
1885
1890
1895
1900
1905
1910
1913
1917
1921
1925
1929
1933
1937
1941
1945
1949
1953
1957
1961
1964
1968
1972
1976
1980
1984
1988
1992
1996
2000
2004
2008
2012
2016
2020
2023
2027
2031
2035
2038
2042
2046
2050
2053
2057
2061
2065
2068
2072
2076
2080
2083
2087
2091
2095
2098
2102
2106
2110
2113
2117
2121
2125
2128
2132
2136
2140
2143
2147
2151
2154
2158
2162
2165
2169
2173
2176
2180
2184
2187
2191
2195
2198
2202
2206
2209
2213
2217
2220
2224
2228
2231
2235
2239
2242
2246
2250
2254
2258
2263
2267
2272
2276
2281
2285
2290
2294
2298
2303
2307
2312
2316
2321
2325
2330
2334
2338
2343
2347
2352
2356
2361
2365
2370
2373
2376
2379
2382
2386
2389
2392
2395
2399
2402
2405
2408
2411
2415
2418
2421
2424
2428
2431
2434
2437
2440
2444
2447
2450
2453
2457
2460
2463
2466
2470
2474
2478
2483
2487
2492
2496
2500
2505
2509
2514
2518
2522
2527
2531
2536
2540
2544
2549
2553
2558
2562
2566
2571
2575
2580
2583
2587
2591
2594
2598
2602
2605
2609
2613
2617
2620
2624
2628
2631
2635
2639
2642
2646
2650
2654
2657
2661
2665
2668
2672
2676
2680
2683
2686
2689
2692
2695
2698
2702
2705
2708
2711
2714
2717
2720
2724
2727
2730
2733
2736
2739
2742
2746
2749
2752
2755
2758
2761
2764
2768
2771
2774
2777
2780
2783
2786
2790
2794
2798
2803
2807
2812
2816
2820
2825
2829
2834
2838
2842
2847
2851
2856
2860
2864
2869
2873
2878
2882
2886
2891
2895
2900
2903
2906
2909
2912
2916
2919
2922
2925
2929
2932
2935
2938
2942
2945
2948
2951
2955
2958
2961
2964
2967
2971
2974
2977
2980
2984
2987
2990
2993
2997
3000
3003
3006
3010
3014
3018
3023
3027
3032
3036
3040
3045
3049
3054
3058
3062
3067
3071
3076
3080
3084
3089
3093
3098
3102
3106
3111
3115
3120
3124
3128
3132
3136
3140
3144
3148
3152
3156
3160
3164
3168
3172
3176
3180
3184
3188
3192
3196
3200
3204
3208
3212
3216
3220
3223
3227
3231
3234
3238
3242
3245
3249
3253
3256
3260
3264
3267
3271
3275
3278
3282
3286
3289
3293
3297
3300
3304
3308
3311
3315
3319
3322
3326
3330
3333
3336
3340
3343
3346
3350
3353
3356
3360
3363
3366
3370
3373
3376
3380
3383
3386
3390
3393
3396
3400
3403
3406
3410
3413
3416
3420
3423
3426
3430
3433
3436
3440
3443
3447
3450
3454
3457
3460
3464
3467
3471
3474
3478
3481
3485
3488
3491
3495
3498
3502
3505
3509
3512
3515
3519
3522
3526
3529
3533
3536
3540
3543
3546
3549
3552
3556
3559
3562
3565
3569
3572
3575
3578
3581
3585
3588
3591
3594
3598
3601
3604
3607
3610
3614
3617
3620
3623
3627
3630
3633
3636
3640
3644
3648
3652
3656
3661
3665
3669
3673
3678
3682
3686
3690
3695
3699
3703
3707
3711
3716
3720
3724
3728
3733
3737
3741
3745
3750
3753
3756
3760
3763
3767
3770
3774
3777
3780
3784
3787
3791
3794
3798
3801
3804
3808
3811
3815
3818
3822
3825
3829
3832
3835
3839
3842
3846
3849
3853
3856
3860
3864
3868
3873
3877
3881
3886
3890
3894
3899
3903
3907
3912
3916
3920
3925
3929
3933
3938
3942
3946
3951
3955
3960
3963
3966
3970
3973
3976
3980
3983
3986
3990
3993
3996
4000
4003
4006
4010
4013
4016
4020
4023
4026
4030
4033
4036
4040
4043
4046
4050
4053
4056
4060
4063
4066
4070
4073
4077
4081
4085
4089
4093
4096
4100
4104
4108
4112
4116
4120
4123
4127
4131
4135
4139
4143
4146
4150
4154
4158
4162
4166
4170
4173
4177
4181
4185
4188
4192
4196
4200
4204
4207
4211
4215
4219
4223
4226
4230
4234
4238
4242
4245
4249
4253
4257
4261
4264
4268
4272
4276
4280
4285
4290
4295
4300
4305
4310
4315
4320
4325
4330
4335
4340
4345
4350
4355
4360
4365
4370
4375
4380
4385
4390
4395
4400
4406
4411
4416
4421
4427
4432
4437
4442
4448
4453
4458
4463
4469
4474
4479
4484
4490
4493
4497
4500
4504
4507
4511
4514
4518
4521
4525
4529
4532
4536
4539
4543
4546
4550
4553
4557
4560
4564
4568
4571
4575
4578
4582
4585
4589
4592
4596
4600
4603
4607
4611
4614
4618
4622
4625
4629
4633
4637
4640
4644
4648
4651
4655
4659
4662
4666
4670
4674
4677
4681
4685
4688
4692
4696
4700
4703
4707
4710
4714
4717
4721
4724
4728
4731
4735
4739
4742
4746
4749
4753
4756
4760
4763
4767
4770
4774
4778
4781
4785
4788
4792
4795
4799
4802
4806
4810
4814
4819
4824
4829
4833
4838
4843
4848
4852
4857
4862
4867
4871
4876
4881
4886
4890
4895
4900
4905
4910
4913
4917
4921
4925
4928
4932
4936
4940
4944
4947
4951
4955
4959
4963
4966
4970
4974
4978
4982
4985
4989
4993
4997
5001
5004
5008
5012
5016
5020
5023
5027
5031
5035
5038
5042
5046
5050
5054
5057
5061
5065
5069
5073
5076
5080
5084
5088
5092
5095
5099
5103
5107
5111
5114
5118
5122
5126
5130
5133
5136
5139
5142
5145
5148
5152
5155
5158
5161
5164
5167
5170
5174
5177
5180
5183
5186
5189
5192
5196
5199
5202
5205
5208
5211
5214
5218
5221
5224
5227
5230
5233
5236
5240
5243
5247
5250
5254
5257
5261
5264
5268
5271
5275
5279
5282
5286
5289
5293
5296
5300
5303
5307
5310
5314
5318
5321
5325
5328
5332
5335
5339
5342
5346
5350
5353
5357
5360
5364
5367
5371
5375
5378
5382
5385
5389
5392
5396
5400
5403
5407
5410
5414
5417
5421
5425
5428
5432
5435
5439
5442
5446
5450
5453
5456
5459
5462
5466
5469
5472
5475
5479
5482
5485
5488
5492
5495
5498
5501
5505
5508
5511
5514
5517
5521
5524
5527
5530
5534
5537
5540
5543
5547
5550
5553
5556
5560
5563
5566
5569
5572
5576
5579
5582
5585
5589
5592
5595
5598
5601
5605
5608
5611
5614
5618
5621
5624
5627
5630
5634
5637
5640
5643
5647
5650
5653
5656
5660
5663
5666
5670
5673
5676
5680
5683
5686
5690
5693
5696
5700
5703
5706
5710
5713
5716
5720
5723
5726
5729
5733
5736
5739
5743
5746
5750
5753
5756
5760
5763
5766
5770
5773
5776
5780
5783
5787
5790
5794
5797
5800
5804
5807
5811
5814
5818
5821
5824
5828
5831
5835
5838
5842
5845
5848
5852
5855
5859
5862
5866
5869
5872
5876
5879
5883
5886
5890
5893
5897
5900
5904
5907
5911
5914
5918
5921
5925
5929
5932
5936
5939
5943
5946
5950
5953
5957
5960
5964
5968
5971
5975
5978
5982
5985
5989
5992
5996
6000
6003
6006
6010
6013
6016
6020
6023
6026
6030
6033
6036
6040
6043
6046
6050
6053
6056
6060
6063
6066
6070
6073
6076
6080
6083
6086
6090
6093
6096
6100
6103
6106
6110
6114
6118
6123
6127
6131
6136
6140
6144
6149
6153
6157
6162
6166
6170
6175
6179
6183
6188
6192
6196
6201
6205
6210
6213
6217
6221
6224
6228
6232
6235
6239
6243
6246
6250
6254
6257
6261
6265
6268
6272
6276
6279
6283
6287
6290
6294
6298
6301
6305
6309
6312
6316
6320
6324
6329
6334
6339
6343
6348
6353
6358
6362
6367
6372
6377
6381
6386
6391
6396
6400
6405
6410
6415
6420
6424
6429
6433
6438
6442
6447
6452
6456
6461
6465
6470
6475
6479
6484
6488
6493
6497
6502
6507
6511
6516
6520
6525
6530
6533
6536
6540
6543
6546
6550
6553
6556
6560
6563
6566
6570
6573
6576
6580
6583
6586
6590
6593
6596
6600
6603
6606
6610
6613
6616
6620
6623
6626
6630
6633
6636
6639
6642
6645
6648
6651
6654
6657
6660
6663
6666
6669
6672
6675
6678
6681
6685
6688
6691
6694
6697
6700
6703
6706
6709
6712
6715
6718
6721
6724
6727
6730
6733
6736
6740
6743
6747
6750
6754
6757
6761
6764
6768
6771
6775
6779
6782
6786
6789
6793
6796
6800
6803
6807
6810
6814
6818
6821
6825
6828
6832
6835
6839
6842
6846
6850
6853
6856
6859
6862
6866
6869
6872
6875
6879
6882
6885
6888
6891
6895
6898
6901
6904
6908
6911
6914
6917
6920
6924
6927
6930
6933
6937
6940
6943
6946
6950
6953
6957
6961
6965
6969
6973
6977
6981
6985
6989
6993
6997
7001
7005
7008
7012
7016
7020
7024
7028
7032
7036
7040
7044
7048
7052
7056
7060
7063
7066
7069
7072
7075
7078
7081
7085
7088
7091
7094
7097
7100
7103
7106
7109
7113
7116
7119
7122
7125
7128
7131
7135
7138
7141
7144
7147
7150
7153
7156
7160
7163
7167
7171
7175
7179
7183
7187
7191
7195
7199
7203
7207
7211
7215
7218
7222
7226
7230
7234
7238
7242
7246
7250
7254
7258
7262
7266
7270
7273
7276
7279
7282
7285
7288
7291
7294
7297
7300
7303
7306
7309
7312
7315
7318
7321
7324
7328
7331
7334
7337
7340
7343
7346
7349
7352
7355
7358
7361
7364
7367
7370
7373
7376
7380
7383
7386
7389
7392
7395
7398
7402
7405
7408
7411
7414
7417
7420
7424
7427
7430
7433
7436
7439
7442
7446
7449
7452
7455
7458
7461
7464
7468
7471
7474
7477
7480
7483
7486
7490
7493
7496
7499
7502
7506
7509
7512
7515
7519
7522
7525
7528
7532
7535
7538
7541
7545
7548
7551
7554
7557
7561
7564
7567
7570
7574
7577
7580
7583
7587
7590
7593
7596
7600
7603
7607
7610
7614
7617
7621
7625
7628
7632
7635
7639
7642
7646
7650
7653
7657
7660
7664
7667
7671
7675
7678
7682
7685
7689
7692
7696
7700
7703
7707
7711
7715
7719
7723
7727
7731
7735
7739
7743
7747
7751
7755
7758
7762
7766
7770
7774
7778
7782
7786
7790
7794
7798
7802
7806
7810
7814
7818
7822
7826
7830
7834
7838
7842
7846
7850
7854
7858
7862
7866
7870
7874
7878
7882
7886
7890
7894
7898
7902
7906
7910
7913
7917
7920
7924
7927
7931
7934
7938
7941
7945
7949
7952
7956
7959
7963
7966
7970
7973
7977
7980
7984
7988
7991
7995
7998
8002
8005
8009
8012
8016
8020
8024
8028
8032
8036
8041
8045
8049
8053
8058
8062
8066
8070
8074
8079
8083
8087
8091
8096
8100
8104
8108
8113
8117
8121
8125
8130
8134
8138
8142
8146
8150
8154
8158
8162
8166
8170
8174
8178
8182
8186
8190
8194
8198
8202
8206
8210
8214
8218
8222
8226
8230
8234
8238
8242
8246
8250
8253
8257
8261
8265
8268
8272
8276
8280
8284
8287
8291
8295
8299
8303
8306
8310
8314
8318
8322
8325
8329
8333
8337
8341
8344
8348
8352
8356
8360
8363
8367
8371
8375
8379
8383
8386
8390
8394
8398
8402
8406
8410
8413
8417
8421
8425
8429
8433
8436
8440
8444
8448
8452
8456
8460
8463
8466
8469
8472
8475
8478
8481
8484
8487
8490
8493
8496
8499
8502
8505
8508
8511
8515
8518
8521
8524
8527
8530
8533
8536
8539
8542
8545
8548
8551
8554
8557
8560
8563
8566
8570
8573
8576
8579
8582
8586
8589
8592
8595
8599
8602
8605
8608
8611
8615
8618
8621
8624
8628
8631
8634
8637
8640
8644
8647
8650
8653
8657
8660
8663
8666
8670
8673
8677
8680
8684
8687
8691
8694
8698
8701
8705
8709
8712
8716
8719
8723
8726
8730
8733
8737
8740
8744
8748
8751
8755
8758
8762
8765
8769
8772
8776
8780
8783
8786
8790
8793
8796
8799
8803
8806
8810
8813
8816
8820
8823
8826
8830
8833
8836
8840
8843
8846
8850
8853
8856
8860
8863
8866
8870
8873
8876
8880
8883
8886
8890
8893
8897
8900
8904
8907
8910
8914
8917
8921
8924
8928
8931
8935
8938
8941
8945
8948
8952
8955
8959
8962
8965
8969
8972
8976
8979
8983
8986
8990
8994
8998
9002
9006
9011
9015
9019
9023
9028
9032
9036
9040
9045
9049
9053
9057
9061
9066
9070
9074
9078
9083
9087
9091
9095
9100
9104
9108
9113
9117
9121
9126
9130
9134
9139
9143
9147
9152
9156
9160
9165
9169
9173
9178
9182
9186
9191
9195
9200
9206
9212
9219
9225
9232
9238
9245
9251
9258
9264
9271
9277
9284
9290
9297
9303
9310
9316
9322
9328
9335
9341
9347
9353
9360
9366
9372
9378
9385
9391
9397
9403
9410
9415
9420
9425
9430
9435
9440
9445
9450
9455
9459
9465
9470
9475
9480
9485
9490
9495
9500
9504
9510
9514
9520
9525
9530
9536
9542
9547
9553
9558
9564
9569
9575
9580
9586
9591
9597
9602
9608
9613
9619
9624
9630
9634
9639
9644
9649
9653
9658
9663
9668
9673
9677
9682
9687
9692
9696
9701
9706
9711
9716
9720
9725
9730
9735
9740
9744
9749
9754
9759
9763
9768
9773
9778
9783
9787
9792
9797
9802
9806
9811
9816
9821
9826
9830
9835
9840
9845
9850
9854
9859
9863
9868
9872
9877
9881
9886
9890
9895
9899
9904
9909
9913
9918
9922
9927
9931
9936
9940
9945
9950
9956
9962
9968
9974
9980
9986
9992
9998
10004
10011
10017
10023
10029
10035
10041
10047
10053
10060
10064
10069
10074
10079
10083
10088
10093
10098
10102
10107
10112
10117
10121
10126
10131
10136
10140
10145
10150
10155
10160
10165
10170
10175
10180
10185
10190
10195
10200
10205
10209
10215
10220
10225
10230
10235
10240
10245
10250
10254
10260
10264
10270
10274
10279
10283
10288
10292
10297
10302
10306
10311
10315
10320
10325
10329
10334
10338
10343
10347
10352
10357
10361
10366
10370
10375
10380
10384
10388
10392
10396
10401
10405
10409
10413
10418
10422
10426
10430
10435
10439
10443
10447
10451
10456
10460
10464
10468
10473
10477
10481
10485
10490
10494
10498
10503
10507
10512
10516
10520
10525
10529
10534
10538
10542
10547
10551
10556
10560
10564
10569
10573
10578
10582
10586
10591
10595
10600
10604
10609
10613
10618
10622
10627
10631
10636
10640
10645
10649
10654
10659
10663
10668
10672
10677
10681
10686
10690
10695
10700
10705
10710
10715
10720
10726
10731
10736
10741
10747
10752
10757
10762
10768
10773
10778
10783
10789
10794
10799
10804
10810
10813
10817
10821
10825
10829
10833
10836
10840
10844
10848
10852
10856
10860
10863
10867
10871
10875
10879
10883
10886
10890
10894
10898
10902
10906
10910
10914
10918
10922
10926
10930
10934
10938
10942
10946
10950
10954
10958
10962
10967
10971
10975
10979
10983
10987
10991
10995
10999
11003
11007
11011
11015
11020
11024
11029
11033
11038
11042
11047
11052
11056
11061
11065
11070
11075
11079
11084
11088
11093
11097
11102
11107
11111
11116
11120
11125
11130
11134
11139
11144
11149
11153
11158
11163
11168
11173
11177
11182
11187
11192
11196
11201
11206
11211
11216
11220
11225
11230
11235
11240
11245
11251
11257
11263
11268
11274
11280
11286
11292
11297
11303
11309
11315
11321
11326
11332
11338
11344
11350
11355
11361
11366
11372
11377
11383
11388
11394
11399
11405
11411
11416
11422
11427
11433
11438
11444
11450
11455
11460
11465
11470
11476
11481
11486
11491
11497
11502
11507
11512
11518
11523
11528
11533
11539
11544
11549
11554
11560
11565
11571
11576
11582
11587
11593
11598
11604
11610
11615
11621
11626
11632
11637
11643
11648
11654
11660
11665
11670
11675
11680
11686
11691
11696
11701
11707
11712
11717
11722
11728
11733
11738
11743
11749
11754
11759
11764
11770
11775
11780
11785
11790
11795
11800
11805
11810
11815
11820
11825
11830
11835
11840
11845
11850
11855
11860
11865
11870
11875
11880
11886
11892
11898
11904
11910
11916
11922
11928
11935
11941
11947
11953
11959
11965
11971
11977
11983
11990
11994
11999
12004
12009
12013
12018
12023
12028
12033
12037
12042
12047
12052
12056
12061
12066
12071
12076
12080
12085
12090
12095
12100
12105
12111
12117
12123
12129
12135
12141
12147
12152
12158
12164
12170
12176
12182
12188
12194
12200
12204
12209
12214
12219
12223
12228
12233
12238
12243
12247
12252
12257
12262
12266
12271
12276
12281
12286
12290
12295
12300
12305
12310
12313
12316
12319
12322
12326
12329
12332
12335
12339
12342
12345
12348
12351
12355
12358
12361
12364
12368
12371
12374
12377
12380
12384
12387
12390
12393
12397
12400
12403
12406
12410
12413
12416
12420
12423
12426
12430
12433
12436
12440
12443
12446
12450
12453
12456
12459
12463
12466
12470
12473
12476
12480
12483
12486
12490
12493
12496
12500
12503
12506
12510
12513
12516
12520
12524
12529
12533
12538
12542
12547
12552
12556
12561
12565
12570
12575
12579
12584
12588
12593
12597
12602
12607
12611
12616
12620
12625
12630
12634
12638
12642
12646
12650
12654
12658
12662
12666
12670
12674
12678
12682
12687
12691
12695
12699
12703
12707
12711
12715
12719
12723
12727
12731
12735
12740
12743
12747
12751
12754
12758
12762
12765
12769
12773
12776
12780
12784
12787
12791
12795
12798
12802
12806
12809
12813
12817
12820
12824
12828
12831
12835
12839
12842
12846
12850
12854
12859
12863
12868
12872
12877
12881
12886
12890
12895
12899
12904
12909
12913
12918
12922
12927
12931
12936
12940
12945
12950
12953
12956
12959
12962
12966
12969
12972
12975
12979
12982
12985
12988
12992
12995
12998
13001
13004
13008
13011
13014
13017
13021
13024
13027
13030
13034
13037
13040
13043
13047
13050
13053
13056
13060
13064
13068
13072
13076
13080
13084
13088
13092
13096
13100
13104
13108
13112
13116
13120
13124
13128
13132
13136
13140
13144
13148
13152
13156
13160
13164
13168
13172
13176
13180
13184
13188
13192
13196
13200
13204
13208
13212
13217
13221
13225
13229
13233
13237
13241
13245
13249
13253
13257
13261
13265
13270
13272
13275
13278
13281
13284
13287
13290
13293
13296
13299
13302
13305
13308
13311
13314
13317
13320
13323
13326
13329
13332
13335
13338
13341
13344
13347
13350
13353
13356
13359
13362
13365
13368
13371
13374
13377
13380
13383
13387
13391
13395
13398
13402
13406
13410
13414
13417
13421
13425
13429
13433
13436
13440
13444
13448
13452
13455
13459
13463
13467
13471
13474
13478
13482
13486
13490
13493
13497
13500
13504
13507
13511
13514
13518
13521
13525
13528
13532
13535
13539
13542
13546
13550
13553
13557
13560
13564
13567
13571
13574
13578
13581
13585
13588
13592
13595
13599
13602
13606
13610
13614
13618
13622
13626
13630
13635
13639
13643
13647
13651
13655
13660
13664
13668
13672
13676
13680
13685
13689
13693
13697
13701
13705
13710
13713
13717
13720
13724
13727
13731
13734
13738
13741
13745
13749
13752
13756
13759
13763
13766
13770
13773
13777
13780
13784
13788
13791
13795
13798
13802
13805
13809
13812
13816
13820
13822
13825
13828
13831
13833
13836
13839
13842
13845
13847
13850
13853
13856
13858
13861
13864
13867
13870
13872
13875
13878
13881
13883
13886
13889
13892
13895
13897
13900
13903
13906
13908
13911
13914
13917
13920
13923
13927
13931
13935
13938
13942
13946
13950
13954
13957
13961
13965
13969
13973
13976
13980
13984
13988
13992
13995
13999
14003
14007
14011
14014
14018
14022
14026
14030
14033
14036
14040
14043
14047
14050
14054
14057
14061
14064
14067
14071
14074
14078
14081
14085
14088
14092
14095
14098
14102
14105
14109
14112
14116
14119
14123
14126
14130
14134
14138
14142
14146
14150
14154
14158
14162
14166
14170
14174
14178
14182
14187
14191
14195
14199
14203
14207
14211
14215
14219
14223
14227
14231
14235
14240
14243
14246
14249
14252
14255
14258
14262
14265
14268
14271
14274
14277
14280
14284
14287
14290
14293
14296
14299
14302
14306
14309
14312
14315
14318
14321
14324
14328
14331
14334
14337
14340
14343
14346
14350
14353
14357
14361
14364
14368
14372
14375
14379
14383
14387
14390
14394
14398
14401
14405
14409
14412
14416
14420
14424
14427
14431
14435
14438
14442
14446
14450
14453
14456
14459
14462
14465
14468
14472
14475
14478
14481
14484
14487
14490
14494
14497
14500
14503
14506
14509
14512
14516
14519
14522
14525
14528
14531
14534
14538
14541
14544
14547
14550
14553
14556
14560
14563
14566
14570
14573
14576
14580
14583
14586
14590
14593
14596
14600
14603
14606
14610
14613
14616
14620
14623
14626
14630
14633
14636
14640
14643
14646
14650
14653
14656
14660
14663
14667
14670
14674
14677
14681
14684
14688
14691
14695
14699
14702
14706
14709
14713
14716
14720
14723
14727
14730
14734
14738
14741
14745
14748
14752
14755
14759
14762
14766
14770
14774
14778
14782
14786
14790
14794
14798
14802
14806
14810
14814
14818
14822
14827
14831
14835
14839
14843
14847
14851
14855
14859
14863
14867
14871
14875
14880
14882
14885
14888
14891
14894
14897
14900
14903
14906
14909
14912
14915
14918
14921
14924
14927
14930
14933
14936
14939
14942
14945
14948
14951
14954
14957
14960
14963
14966
14969
14972
14975
14978
14981
14984
14987
14990
14993
14996
14999
15002
15005
15008
15011
15014
15017
15020
15023
15026
15029
15032
15035
15038
15041
15045
15048
15051
15054
15057
15060
15063
15066
15069
15072
15075
15078
15081
15084
15087
15090
15093
15096
15100
15103
15106
15110
15113
15117
15120
15124
15127
15130
15134
15137
15141
15144
15148
15151
15155
15158
15161
15165
15168
15172
15175
15179
15182
15185
15189
15192
15196
15199
15203
15206
15210
15213
15217
15221
15225
15228
15232
15236
15240
15244
15247
15251
15255
15259
15263
15266
15270
15274
15278
15282
15285
15289
15293
15297
15301
15304
15308
15312
15316
15320
15324
15328
15333
15337
15342
15346
15350
15355
15359
15364
15368
15372
15377
15381
15386
15390
15394
15399
15403
15408
15412
15416
15421
15425
15430
15433
15437
15441
15445
15448
15452
15456
15460
15463
15467
15471
15475
15478
15482
15486
15490
15493
15497
15501
15505
15508
15512
15516
15520
15523
15527
15531
15535
15538
15542
15546
15550
15553
15556
15559
15562
15565
15568
15571
15575
15578
15581
15584
15587
15590
15593
15596
15600
15603
15606
15609
15612
15615
15618
15621
15625
15628
15631
15634
15637
15640
15643
15646
15650
15654
15658
15662
15666
15670
15674
15678
15682
15686
15690
15694
15698
15702
15707
15711
15715
15719
15723
15727
15731
15735
15739
15743
15747
15751
15755
15760
15763
15766
15770
15773
15776
15780
15783
15786
15790
15793
15796
15799
15803
15806
15809
15813
15816
15820
15823
15826
15830
15833
15836
15840
15843
15846
15850
15853
15856
15860
15863
15866
15870
15873
15876
15879
15882
15885
15888
15891
15895
15898
15901
15904
15907
15910
15913
15916
15920
15923
15926
15929
15932
15935
15938
15941
15945
15948
15951
15954
15957
15960
15963
15966
15970
15973
15977
15981
15985
15988
15992
15996
16000
16004
16007
16011
16015
16019
16023
16026
16030
16034
16038
16042
16045
16049
16053
16057
16061
16064
16068
16072
16076
16079
16083
16087
16090
16094
16097
16101
16104
16108
16112
16115
16119
16122
16126
16129
16133
16137
16140
16144
16147
16151
16155
16158
16162
16165
16169
16172
16176
16180
16183
16186
16189
16192
16196
16199
16202
16205
16209
16212
16215
16218
16222
16225
16228
16231
16235
16238
16241
16244
16247
16251
16254
16257
16260
16264
16267
16270
16273
16277
16280
16283
16286
16290
16293
16297
16301
16305
16309
16313
16316
16320
16324
16328
16332
16336
16340
16343
16347
16351
16355
16359
16363
16366
16370
16374
16378
16382
16386
16390
16393
16396
16400
16403
16407
16410
16414
16417
16420
16424
16427
16431
16434
16438
16441
16445
16448
16451
16455
16458
16462
16465
16469
16472
16475
16479
16482
16486
16489
16493
16496
16500
16501
16503
16505
16507
16509
16511
16513
16514
16516
16518
16520
16522
16524
16526
16527
16529
16531
16533
16535
16537
16539
16541
16542
16544
16546
16548
16550
16552
16554
16555
16557
16559
16561
16563
16565
16567
16568
16570
16572
16574
16576
16578
16580
16582
16583
16585
16587
16589
16591
16593
16595
16596
16598
16600
16602
16604
16606
16608
16610
16612
16614
16616
16618
16620
16622
16624
16627
16629
16631
16633
16635
16637
16639
16641
16644
16646
16648
16650
16652
16654
16656
16658
16661
16663
16665
16667
16669
16671
16673
16675
16678
16680
16682
16684
16686
16688
16690
16692
16695
16697
16699
16701
16703
16705
16707
16710
16713
16716
16719
16722
16725
16728
16732
16735
16738
16741
16744
16747
16750
16754
16757
16760
16763
16766
16769
16772
16776
16779
16782
16785
16788
16791
16794
16798
16801
16804
16807
16810
16813
16816
16820
16822
16825
16828
16831
16834
16837
16840
16842
16845
16848
16851
16854
16857
16860
16862
16865
16868
16871
16874
16877
16880
16882
16885
16888
16891
16894
16897
16900
16902
16905
16908
16911
16914
16917
16920
16921
16923
16925
16927
16929
16930
16932
16934
16936
16938
16939
16941
16943
16945
16947
16948
16950
16952
16954
16956
16957
16959
16961
16963
16965
16966
16968
16970
16972
16974
16975
16977
16979
16981
16983
16984
16986
16988
16990
16992
16993
16995
16997
16999
17001
17002
17004
17006
17008
17010
17011
17013
17015
17017
17019
17020
17022
17024
17026
17028
17030
17032
17034
17036
17039
17041
17043
17046
17048
17050
17052
17055
17057
17059
17062
17064
17066
17068
17071
17073
17075
17078
17080
17082
17085
17087
17089
17091
17094
17096
17098
17101
17103
17105
17107
17110
17112
17114
17117
17119
17121
17123
17126
17128
17130
17133
17135
17137
17140
17142
17144
17146
17148
17150
17153
17155
17157
17159
17161
17164
17166
17168
17170
17172
17174
17177
17179
17181
17183
17185
17188
17190
17192
17194
17196
17198
17201
17203
17205
17207
17209
17212
17214
17216
17218
17220
17222
17225
17227
17229
17231
17233
17236
17238
17240
17242
17244
17246
17249
17251
17253
17255
17257
17260
17261
17263
17265
17267
17268
17270
17272
17274
17275
17277
17279
17281
17283
17284
17286
17288
17290
17291
17293
17295
17297
17299
17300
17302
17304
17306
17307
17309
17311
17313
17315
17316
17318
17320
17322
17323
17325
17327
17329
17330
17332
17334
17336
17338
17339
17341
17343
17345
17346
17348
17350
17352
17354
17355
17357
17359
17361
17362
17364
17366
17368
17370
17371
17373
17375
17377
17379
17381
17383
17385
17387
17389
17391
17393
17395
17396
17398
17400
17402
17404
17406
17408
17410
17412
17414
17416
17418
17420
17421
17423
17425
17427
17429
17431
17433
17435
17437
17439
17441
17443
17445
17446
17448
17450
17452
17454
17456
17458
17460
17462
17464
17466
17468
17470
17471
17473
17475
17476
17478
17480
17481
17483
17485
17486
17488
17490
17491
17493
17495
17497
17498
17500
17502
17503
17505
17507
17508
17510
17512
17514
17515
17517
17519
17520
17522
17524
17525
17527
17529
17530
17532
17534
17535
17537
17539
17541
17542
17544
17546
17547
17549
17551
17552
17554
17556
17558
17559
17561
17563
17564
17566
17568
17569
17571
17573
17574
17576
17578
17580
17581
17583
17585
17587
17589
17591
17592
17594
17596
17598
17600
17602
17604
17605
17607
17609
17611
17613
17615
17617
17618
17620
17622
17624
17626
17628
17630
17631
17633
17635
17637
17639
17641
17642
17644
17646
17648
17650
17652
17654
17655
17657
17659
17661
17663
17665
17667
17668
17670
17672
17674
17676
17678
17680
17682
17684
17686
17688
17690
17692
17694
17696
17699
17701
17703
17705
17707
17709
17711
17713
17715
17718
17720
17722
17724
17726
17728
17730
17732
17735
17737
17739
17741
17743
17745
17747
17749
17751
17754
17756
17758
17760
17762
17764
17766
17768
17770
17773
17775
17777
17779
17781
17783
17785
17787
17790
17791
17794
17796
17798
17800
17802
17804
17806
17808
17810
17812
17814
17816
17817
17820
17822
17823
17826
17828
17830
17832
17834
17836
17838
17840
17842
17844
17846
17848
17850
17852
17854
17856
17858
17860
17862
17864
17866
17868
17870
17872
17874
17876
17878
17880
17882
17884
17886
17888
17890
17892
17894
17896
17898
17901
17903
17905
17907
17910
17912
17914
17916
17919
17921
17923
17925
17928
17930
17932
17934
17937
17939
17941
17943
17946
17948
17950
17952
17955
17957
17959
17961
17964
17966
17968
17970
17973
17975
17977
17979
17982
17984
17986
17988
17991
17993
17995
17997
18000
18002
18004
18006
18008
18010
18012
18014
18016
18018
18020
18022
18024
18026
18028
18030
18032
18034
18036
18038
18040
18041
18044
18046
18048
18050
18052
18054
18056
18058
18060
18062
18064
18066
18068
18070
18072
18073
18076
18078
18080
18082
18084
18086
18088
18090
18092
18094
18096
18098
18099
18102
18104
18105
18108
18110
18112
18114
18116
18118
18120
18122
18124
18126
18128
18130
18132
18134
18136
18138
18140
18142
18144
18146
18148
18150
18152
18154
18156
18158
18161
18163
18165
18167
18169
18171
18173
18175
18177
18179
18181
18183
18185
18187
18189
18191
18193
18195
18197
18199
18201
18203
18205
18207
18210
18213
18216
18219
18222
18225
18228
18231
18234
18237
18240
18243
18246
18250
18253
18256
18259
18262
18265
18268
18271
18274
18277
18280
18283
18286
18290
18293
18296
18299
18302
18305
18308
18311
18314
18317
18320
18323
18326
18330
18332
18334
18336
18338
18340
18342
18344
18346
18348
18350
18352
18354
18356
18358
18360
18362
18364
18366
18368
18370
18372
18374
18376
18378
18381
18383
18385
18387
18389
18391
18393
18395
18397
18399
18401
18403
18405
18407
18409
18411
18413
18415
18417
18419
18421
18423
18425
18427
18430
18431
18433
18435
18437
18439
18440
18442
18444
18446
18448
18449
18451
18453
18455
18457
18458
18460
18462
18464
18466
18467
18469
18471
18473
18475
18476
18478
18480
18482
18484
18485
18487
18489
18491
18493
18494
18496
18498
18500
18502
18503
18505
18507
18509
18511
18512
18514
18516
18518
18520
18521
18523
18525
18527
18529
18530
18532
18534
18536
18538
18540
18541
18543
18545
18547
18549
18550
18552
18554
18556
18558
18560
18561
18563
18565
18567
18569
18570
18572
18574
18576
18578
18580
18581
18583
18585
18587
18589
18590
18592
18594
18596
18598
18600
18601
18603
18605
18607
18609
18610
18612
18614
18616
18618
18620
18621
18623
18625
18627
18629
18630
18632
18634
18636
18638
18640
18641
18643
18645
18647
18649
18651
18653
18655
18657
18659
18661
18663
18665
18667
18668
18670
18672
18674
18676
18678
18680
18682
18684
18686
18688
18690
18692
18694
18695
18697
18699
18701
18703
18705
18707
18709
18711
18713
18715
18717
18719
18721
18722
18724
18726
18728
18730
18732
18734
18736
18738
18740
18742
18744
18746
18748
18750
18752
18754
18756
18758
18760
18762
18764
18766
18768
18770
18772
18774
18776
18778
18780
18782
18784
18786
18788
18790
18791
18794
18796
18798
18800
18802
18804
18806
18808
18810
18812
18814
18816
18818
18820
18822
18823
18826
18828
18830
18832
18834
18836
18838
18840
18842
18844
18846
18848
18849
18852
18854
18855
18858
18860
18862
18864
18866
18868
18870
18872
18875
18877
18879
18881
18883
18885
18888
18890
18892
18894
18896
18898
18900
18903
18905
18907
18909
18911
18913
18916
18918
18920
18922
18924
18926
18929
18931
18933
18935
18937
18939
18941
18944
18946
18948
18950
18952
18954
18957
18959
18961
18963
18965
18967
18970
18972
18974
18976
18978
18980
18982
18984
18986
18988
18990
18992
18994
18996
18999
19001
19003
19005
19007
19009
19011
19013
19015
19017
19019
19021
19023
19026
19028
19030
19032
19034
19036
19038
19040
19042
19044
19046
19048
19050
19053
19055
19057
19059
19061
19063
19065
19067
19069
19071
19073
19075
19077
19080
19081
19084
19086
19087
19090
19092
19093
19096
19098
19099
19102
19104
19105
19107
19110
19112
19113
19116
19118
19119
19122
19124
19125
19128
19130
19131
19134
19136
19137
19140
19142
19144
19146
19148
19150
19152
19154
19156
19157
19160
19162
19163
19166
19168
19169
19172
19174
19176
19178
19180
19182
19184
19186
19188
19190
19192
19194
19196
19198
19200
19202
19204
19206
19208
19211
19213
19215
19217
19219
19221
19223
19225
19227
19229
19231
19233
19235
19237
19240
19242
19244
19246
19248
19250
19252
19254
19256
19258
19260
19262
19264
19266
19268
19271
19273
19275
19277
19279
19281
19283
19285
19287
19289
19291
19293
19295
19297
19300
19301
19303
19305
19307
19309
19311
19313
19315
19316
19318
19320
19322
19324
19326
19328
19330
19332
19333
19335
19337
19339
19341
19343
19345
19347
19349
19350
19352
19354
19356
19358
19360
19362
19364
19366
19367
19369
19371
19373
19375
19377
19379
19381
19383
19384
19386
19388
19390
19392
19394
19396
19398
19400
19401
19403
19405
19407
19408
19410
19412
19414
19415
19417
19419
19421
19423
19424
19426
19428
19430
19431
19433
19435
19437
19439
19440
19442
19444
19446
19447
19449
19451
19453
19455
19456
19458
19460
19462
19463
19465
19467
19469
19470
19472
19474
19476
19478
19479
19481
19483
19485
19486
19488
19490
19492
19494
19495
19497
19499
19501
19502
19504
19506
19508
19510
19511
19513
19515
19516
19518
19520
19521
19523
19525
19526
19528
19530
19531
19533
19535
19536
19538
19540
19541
19543
19545
19546
19548
19550
19551
19553
19555
19556
19558
19560
19561
19563
19565
19566
19568
19570
19571
19573
19575
19576
19578
19580
19581
19583
19585
19586
19588
19590
19591
19593
19595
19596
19598
19600
19601
19603
19605
19606
19608
19610
19611
19613
19615
19616
19618
19620
19621
19623
19625
19626
19628
19630
19631
19633
19635
19636
19638
19640
19642
19643
19645
19647
19648
19650
19652
19653
19655
19657
19658
19660
19662
19664
19665
19667
19669
19670
19672
19674
19675
19677
19679
19681
19682
19684
19686
19687
19689
19691
19692
19694
19696
19697
19699
19701
19703
19704
19706
19708
19709
19711
19713
19714
19716
19718
19720
19722
19724
19726
19728
19730
19732
19734
19736
19739
19741
19743
19745
19747
19749
19751
19753
19755
19758
19760
19762
19764
19766
19768
19770
19772
19775
19777
19779
19781
19783
19785
19787
19789
19791
19794
19796
19798
19800
19802
19804
19806
19808
19810
19813
19815
19817
19819
19821
19823
19825
19827
19830
19831
19833
19835
19837
19839
19840
19842
19844
19846
19848
19849
19851
19853
19855
19857
19859
19860
19862
19864
19866
19868
19869
19871
19873
19875
19877
19879
19880
19882
19884
19886
19888
19890
19891
19893
19895
19897
19899
19900
19902
19904
19906
19908
19910
19911
19913
19915
19917
19919
19920
19922
19924
19926
19928
19930
19931
19933
19934
19936
19937
19939
19941
19942
19944
19945
19947
19948
19950
19952
19953
19955
19956
19958
19959
19961
19963
19964
19966
19967
19969
19970
19972
19974
19975
19977
19978
19980
19981
19983
19985
19986
19988
19989
19991
19992
19994
19996
19997
19999
20000
20002
20003
20005
20006
20008
20010
20011
20013
20014
20016
20018
20019
20021
20022
20024
20025
20027
20029
20030
20032
20033
20035
20036
20038
20040
20041
20044
20046
20048
20050
20052
20054
20056
20058
20060
20062
20064
20066
20067
20070
20072
20073
20076
20078
20080
20082
20084
20086
20088
20090
20092
20094
20096
20098
20100
20102
20104
20106
20108
20110
20112
20114
20116
20118
20120
20122
20124
20126
20128
20130
20132
20134
20136
20138
20140
20141
20143
20145
20146
20148
20150
20152
20153
20155
20157
20159
20160
20162
20164
20166
20167
20169
20171
20173
20174
20176
20178
20180
20181
20183
20185
20187
20188
20190
20192
20194
20195
20197
20199
20201
20202
20204
20206
20208
20209
20211
20213
20215
20216
20218
20220
20222
20223
20225
20227
20229
20230
20232
20234
20236
20237
20239
20241
20243
20244
20246
20248
20250
20251
20253
20255
20257
20259
20260
20262
20264
20266
20268
20269
20271
20273
20275
20277
20278
20280
20282
20284
20286
20287
20289
20291
20293
20295
20296
20298
20300
20302
20304
20305
20307
20309
20311
20313
20314
20316
20318
20320
20322
20323
20325
20327
20329
20331
20332
20334
20336
20338
20340
20341
20343
20345
20347
20349
20350
20352
20354
20356
20358
20360
20361
20363
20365
20367
20369
20371
20372
20374
20376
20378
20380
20382
20384
20385
20387
20389
20391
20393
20395
20397
20398
20400
20402
20404
20406
20408
20410
20411
20413
20415
20417
20419
20421
20422
20424
20426
20428
20430
20432
20434
20435
20437
20439
20441
20443
20445
20447
20448
20450
20452
20454
20456
20458
20460
20461
20463
20465
20467
20469
20471
20472
20474
20476
20478
20480
20482
20483
20485
20487
20489
20491
20493
20494
20496
20498
20500
20502
20504
20505
20507
20509
20511
20513
20515
20516
20518
20520
20522
20524
20526
20527
20529
20531
20533
20535
20537
20538
20540
20542
20544
20546
20548
20549
20551
20553
20555
20557
20559
20560
20562
20564
20566
20568
20570
20572
20574
20576
20579
20581
20583
20585
20588
20590
20592
20595
20597
20599
20601
20604
20606
20608
20610
20613
20615
20617
20620
20622
20624
20626
20629
20631
20633
20635
20638
20640
20642
20645
20647
20649
20651
20654
20656
20658
20660
20663
20665
20667
20670
20671
20673
20675
20677
20679
20681
20683
20685
20687
20689
20691
20693
20695
20697
20698
20700
20702
20704
20706
20708
20710
20712
20714
20716
20718
20720
20722
20724
20725
20727
20729
20731
20733
20735
20737
20739
20741
20743
20745
20747
20749
20751
20752
20754
20756
20758
20760
20762
20764
20766
20768
20770
20772
20774
20776
20778
20780
20781
20783
20785
20787
20789
20791
20793
20795
20796
20798
20800
20802
20804
20806
20808
20810
20812
20813
20815
20817
20819
20821
20823
20825
20827
20829
20830
20832
20834
20836
20838
20840
20842
20844
20846
20847
20849
20851
20853
20855
20857
20859
20861
20863
20864
20866
20868
20870
20872
20874
20876
20878
20880
20881
20883
20885
20886
20888
20890
20892
20893
20895
20897
20899
20900
20902
20904
20906
20907
20909
20911
20913
20914
20916
20918
20920
20921
20923
20925
20927
20928
20930
20932
20934
20935
20937
20939
20941
20942
20944
20946
20948
20949
20951
20953
20955
20956
20958
20960
20962
20963
20965
20967
20969
20970
20972
20974
20976
20977
20979
20981
20983
20984
20986
20988
20990
20991
20993
20994
20996
20998
20999
21001
21002
21004
21006
21007
21009
21011
21012
21014
21015
21017
21019
21020
21022
21023
21025
21027
21028
21030
21032
21033
21035
21036
21038
21040
21041
21043
21045
21046
21048
21049
21051
21053
21054
21056
21057
21059
21061
21062
21064
21066
21067
21069
21070
21072
21074
21075
21077
21078
21080
21082
21083
21085
21087
21088
21090
21091
21093
21095
21096
21098
21100
21101
21103
21105
21106
21108
21110
21111
21113
21115
21116
21118
21120
21122
21123
21125
21127
21128
21130
21132
21133
21135
21137
21138
21140
21142
21144
21145
21147
21149
21150
21152
21154
21155
21157
21159
21161
21162
21164
21166
21167
21169
21171
21172
21174
21176
21177
21179
21181
21183
21184
21186
21188
21189
21191
21193
21194
21196
21198
21200
21201
21203
21205
21207
21209
21210
21212
21214
21216
21218
21219
21221
21223
21225
21227
21228
21230
21232
21234
21236
21237
21239
21241
21243
21245
21246
21248
21250
21252
21254
21255
21257
21259
21261
21263
21264
21266
21268
21270
21272
21273
21275
21277
21279
21281
21282
21284
21286
21288
21290
21291
21293
21295
21297
21299
21300
21302
21304
21306
21308
21310
21311
21314
21316
21317
21320
21322
21323
21326
21328
21330
21332
21334
21336
21337
21340
21342
21343
21346
21348
21349
21352
21354
21355
21358
21360
21362
21364
21366
21368
21370
21372
21374
21376
21378
21380
21382
21384
21386
21387
21390
21392
21394
21396
21398
21400
21402
21404
21406
21408
21410
21411
21413
21415
21416
21418
21420
21422
21423
21425
21427
21429
21430
21432
21434
21436
21437
21439
21441
21443
21444
21446
21448
21450
21451
21453
21455
21457
21458
21460
21462
21464
21465
21467
21469
21471
21472
21474
21476
21478
21479
21481
21483
21485
21486
21488
21490
21492
21493
21495
21497
21499
21500
21502
21504
21506
21507
21509
21511
21513
21514
21516
21518
21520
21521
21523
21525
21527
21529
21531
21532
21534
21536
21538
21540
21542
21544
21545
21547
21549
21551
21553
21555
21556
21558
21560
21562
21564
21566
21568
21569
21571
21573
21575
21577
21579
21580
21582
21584
21586
21588
21590
21592
21593
21595
21597
21599
21601
21603
21604
21606
21608
21610
21612
21614
21616
21617
21619
21621
21623
21625
21627
21628
21630
21632
21634
21636
21638
21640
21641
21643
21645
21647
21649
21651
21653
21654
21656
21658
21660
21662
21664
21666
21667
21669
21671
21673
21675
21677
21679
21681
21682
21684
21686
21688
21690
21692
21694
21695
21697
21699
21701
21703
21705
21707
21708
21710
21712
21714
21716
21718
21720
21722
21723
21725
21727
21729
21731
21733
21735
21736
21738
21740
21742
21744
21746
21748
21750
21751
21753
21755
21757
21759
21761
21763
21765
21767
21769
21771
21773
21775
21777
21779
21781
21783
21785
21787
21789
21791
21793
21795
21797
21799
21801
21803
21805
21806
21808
21810
21812
21814
21816
21818
21820
21822
21824
21826
21828
21830
21832
21834
21836
21838
21840
21842
21844
21846
21848
21850
21852
21854
21856
21858
21860
21861
21863
21865
21867
21868
21870
21872
21874
21875
21877
21879
21881
21882
21884
21886
21888
21889
21891
21893
21895
21896
21898
21900
21902
21903
21905
21907
21909
21910
21912
21914
21916
21917
21919
21921
21923
21924
21926
21928
21930
21931
21933
21935
21937
21938
21940
21942
21944
21945
21947
21949
21951
21952
21954
21956
21958
21960
21962
21965
21967
21970
21972
21975
21977
21980
21982
21985
21987
21990
21992
21995
21997
22000
22002
22005
22007
22010
22012
22015
22017
22020
22022
22025
22027
22030
22032
22035
22037
22040
22042
22045
22047
22050
22052
22055
22057
22060
22062
22065
22067
22070
22072
22074
22076
22078
22081
22083
22085
22087
22090
22092
22094
22096
22098
22101
22103
22105
22107
22110
22112
22114
22116
22118
22121
22123
22125
22127
22130
22132
22134
22136
22138
22141
22143
22145
22147
22150
22152
22154
22156
22158
22161
22163
22165
22167
22170
22173
22176
22179
22182
22185
22188
22191
22194
22197
22200
22203
22206
22209
22212
22215
22218
22221
22225
22228
22231
22234
22237
22240
22243
22246
22249
22252
22255
22258
22261
22264
22267
22270
22273
22276
22280
22284
22289
22294
22299
22303
22308
22313
22318
22322
22327
22332
22337
22341
22346
22351
22356
22360
22365
22370
22375
22380
22383
22386
22390
22393
22397
22400
22404
22407
22410
22414
22417
22421
22424
22428
22431
22435
22438
22441
22445
22448
22452
22455
22459
22462
22465
22469
22472
22476
22479
22483
22486
22490
22493
22496
22499
22502
22505
22508
22512
22515
22518
22521
22524
22527
22530
22534
22537
22540
22543
22546
22549
22552
22556
22559
22562
22565
22568
22571
22574
22578
22581
22584
22587
22590
22593
22596
22600
22604
22609
22614
22619
22623
22628
22633
22638
22643
22647
22652
22657
22662
22666
22671
22676
22681
22686
22690
22695
22700
22705
22710
22713
22716
22720
22723
22727
22730
22734
22737
22740
22744
22747
22751
22754
22758
22761
22765
22768
22771
22775
22778
22782
22785
22789
22792
22795
22799
22802
22806
22809
22813
22816
22820
22823
22826
22829
22832
22835
22838
22841
22845
22848
22851
22854
22857
22860
22863
22866
22870
22873
22876
22879
22882
22885
22888
22891
22895
22898
22901
22904
22907
22910
22913
22916
22920
22922
22925
22928
22930
22933
22936
22938
22941
22944
22946
22949
22952
22954
22957
22960
22962
22965
22968
22970
22973
22976
22979
22981
22984
22987
22989
22992
22995
22997
23000
23003
23005
23008
23011
23013
23016
23019
23021
23024
23027
23030
23033
23036
23040
23043
23046
23050
23053
23056
23060
23063
23066
23070
23073
23076
23080
23083
23086
23090
23093
23096
23100
23103
23106
23110
23113
23116
23119
23123
23126
23130
23133
23137
23141
23144
23148
23151
23155
23159
23163
23166
23170
23174
23177
23181
23185
23188
23192
23195
23199
23203
23206
23210
23214
23218
23221
23225
23229
23232
23236
23240
23243
23246
23250
23253
23256
23259
23263
23266
23270
23273
23276
23280
23283
23286
23290
23293
23296
23300
23303
23306
23310
23313
23316
23320
23323
23326
23330
23333
23336
23340
23343
23346
23350
23353
23356
23359
23362
23365
23368
23371
23374
23377
23380
23383
23386
23389
23392
23395
23398
23401
23404
23407
23410
23413
23416
23419
23422
23425
23428
23431
23434
23437
23440
23443
23446
23450
23455
23461
23467
23472
23478
23484
23490
23495
23501
23507
23512
23518
23524
23530
23535
23541
23547
23552
23558
23564
23570
23575
23581
23587
23593
23598
23604
23610
23616
23622
23627
23633
23639
23645
23651
23656
23662
23668
23674
23680
23682
23684
23687
23689
23691
23694
23696
23699
23701
23703
23706
23708
23711
23713
23715
23718
23720
23723
23725
23727
23730
23732
23735
23737
23739
23742
23744
23746
23749
23751
23754
23756
23758
23761
23763
23766
23768
23770
23773
23775
23778
23780
23782
23785
23787
23790
23793
23796
23799
23802
23806
23809
23812
23815
23819
23822
23825
23828
23831
23835
23838
23841
23844
23848
23851
23854
23857
23860
23864
23867
23870
23873
23877
23880
23883
23886
23890
23893
23896
23899
23902
23905
23908
23911
23914
23917
23920
23923
23926
23929
23932
23935
23938
23941
23945
23948
23951
23954
23957
23960
23963
23966
23969
23972
23975
23978
23981
23984
23987
23990
23993
23996
24000
24004
24009
24014
24019
24023
24028
24033
24038
24043
24047
24052
24057
24062
24066
24071
24076
24081
24086
24090
24095
24100
24105
24110
24115
24120
24125
24130
24134
24140
24145
24150
24155
24160
24165
24170
24175
24180
24185
24190
24195
24200
24205
24210
24325
24440
24441
24442
24443
24444
24446
24447
24448
24449
24450
24452
24453
24454
24455
24456
24458
24459
24460
24461
24462
24464
24465
24466
24467
24469
24470
24471
24472
24473
24475
24476
24477
24478
24479
24481
24482
24483
24484
24485
24487
24488
24489
24490
24491
24493
24494
24495
24496
24498
24499
24500
24501
24502
24504
24505
24506
24507
24508
24510
24511
24512
24513
24514
24516
24517
24518
24519
24520
24522
24523
24524
24525
24527
24528
24529
24530
24531
24533
24534
24535
24536
24537
24539
24540
24541
24542
24543
24545
24546
24547
24548
24550
24553
24556
24560
24563
24567
24570
24574
24577
24581
24584
24587
24591
24594
24598
24601
24605
24608
24612
24615
24618
24622
24625
24629
24632
24636
24639
24643
24646
24650
24653
24657
24660
24664
24667
24671
24674
24678
24681
24685
24689
24692
24696
24699
24703
24706
24710
24713
24717
24720
24724
24728
24731
24735
24738
24742
24745
24749
24752
24756
24760
24762
24764
24767
24769
24771
24774
24776
24779
24781
24783
24786
24788
24791
24793
24795
24798
24800
24803
24805
24807
24810
24812
24815
24817
24819
24822
24824
24826
24829
24831
24834
24836
24838
24841
24843
24846
24848
24850
24853
24855
24858
24860
24862
24865
24867
24870
24874
24879
24883
24888
24893
24897
24902
24906
24911
24916
24920
24925
24930
24934
24939
24943
24948
24953
24957
24962
24966
24971
24976
24980
24985
24990
24993
24996
25000
25003
25006
25009
25013
25016
25020
25023
25026
25030
25033
25036
25040
25043
25046
25050
25053
25056
25060
25063
25066
25070
25073
25076
25080
25083
25086
25090
25093
25096
25100
25102
25105
25108
25111
25114
25117
25120
25122
25125
25128
25131
25134
25137
25140
25142
25145
25148
25151
25154
25157
25160
25162
25165
25168
25171
25174
25177
25180
25182
25185
25188
25191
25194
25197
25200
25202
25205
25208
25211
25213
25216
25219
25221
25224
25227
25230
25233
25235
25238
25241
25244
25246
25249
25252
25255
25257
25260
25263
25266
25268
25271
25274
25276
25279
25282
25285
25288
25290
25293
25296
25299
25301
25304
25307
25310
25314
25318
25322
25326
25330
25335
25339
25343
25347
25351
25355
25360
25364
25368
25372
25376
25380
25384
25389
25393
25397
25401
25405
25410
25414
25418
25422
25426
25431
25435
25439
25443
25448
25452
25456
25460
25465
25469
25473
25477
25481
25486
25490
25494
25498
25503
25507
25511
25515
25520
25524
25528
25532
25536
25541
25545
25549
25553
25558
25562
25566
25570
25575
25579
25583
25587
25591
25596
25600
25604
25608
25613
25617
25621
25625
25630
25633
25637
25641
25644
25648
25651
25655
25659
25663
25666
25670
25674
25677
25681
25685
25688
25692
25695
25699
25703
25706
25710
25714
25718
25721
25725
25729
25732
25736
25740
25745
25750
25755
25760
25766
25771
25776
25781
25787
25792
25797
25802
25808
25813
25818
25823
25829
25834
25839
25844
25850
25852
25855
25858
25861
25863
25866
25869
25872
25875
25877
25880
25883
25886
25888
25891
25894
25897
25900
25902
25905
25908
25911
25913
25916
25919
25922
25925
25927
25930
25933
25936
25938
25941
25944
25947
25950
25952
25954
25956
25958
25960
25962
25964
25965
25968
25970
25971
25974
25976
25977
25980
25982
25984
25986
25988
25990
25991
25994
25996
25997
26000
26002
26003
26006
26008
26009
26012
26014
26016
26018
26020
26022
26023
26026
26028
26029
26032
26034
26035
26038
26040
26041
26044
26046
26048
26049
26052
26054
26055
26058
26060
26063
26067
26071
26074
26078
26082
26085
26089
26093
26097
26100
26104
26108
26111
26115
26119
26122
26126
26130
26134
26137
26141
26145
26148
26152
26156
26160
26165
26170
26175
26180
26186
26191
26196
26201
26207
26212
26217
26222
26228
26233
26238
26243
26249
26254
26259
26264
26270
26272
26274
26276
26278
26281
26283
26285
26287
26290
26292
26294
26296
26299
26301
26303
26305
26308
26310
26312
26314
26317
26319
26321
26323
26326
26328
26330
26332
26335
26337
26339
26341
26344
26346
26348
26350
26353
26355
26357
26359
26362
26364
26366
26368
26371
26373
26375
26377
26380
26382
26385
26387
26390
26393
26395
26398
26400
26403
26406
26408
26411
26414
26416
26419
26421
26424
26427
26429
26432
26435
26437
26440
26442
26445
26448
26450
26453
26455
26458
26461
26463
26466
26469
26471
26474
26476
26479
26482
26484
26487
26490
26492
26494
26496
26498
26500
26502
26504
26506
26509
26511
26513
26515
26517
26519
26521
26523
26525
26528
26530
26532
26534
26536
26538
26540
26542
26544
26547
26549
26551
26553
26555
26557
26559
26561
26564
26566
26568
26570
26572
26574
26576
26578
26580
26583
26585
26587
26589
26591
26593
26595
26597
26600
26602
26605
26608
26611
26614
26617
26620
26622
26625
26628
26631
26634
26637
26640
26642
26645
26648
26651
26654
26657
26660
26662
26665
26668
26671
26674
26677
26680
26682
26685
26688
26691
26694
26697
26700
26703
26707
26711
26714
26718
26721
26725
26729
26733
26736
26740
26744
26747
26751
26755
26758
26762
26766
26769
26773
26776
26780
26784
26788
26791
26795
26799
26802
26806
26810
26812
26814
26817
26820
26822
26825
26827
26830
26832
26835
26837
26840
26842
26845
26847
26849
26852
26855
26857
26860
26862
26865
26867
26870
26872
26875
26877
26880
26882
26884
26887
26890
26892
26895
26897
26900
26902
26905
26907
26910
26912
26914
26916
26918
26920
26922
26925
26927
26929
26931
26933
26935
26938
26940
26942
26944
26946
26948
26950
26953
26955
26957
26959
26961
26963
26966
26968
26970
26972
26974
26976
26979
26981
26983
26985
26987
26989
26991
26994
26996
26998
27000
27002
27004
27007
27009
27011
27013
27015
27017
27020
27022
27024
27026
27029
27031
27033
27036
27038
27040
27042
27045
27047
27049
27052
27054
27056
27058
27061
27063
27065
27068
27070
27072
27075
27077
27079
27081
27084
27086
27088
27091
27093
27095
27097
27100
27102
27104
27107
27109
27111
27113
27116
27118
27120
27123
27125
27127
27130
27132
27134
27136
27138
27140
27142
27144
27146
27148
27150
27152
27154
27156
27158
27160
27162
27164
27166
27168
27170
27172
27174
27176
27178
27180
27182
27185
27187
27189
27191
27193
27195
27197
27199
27201
27203
27205
27207
27209
27211
27213
27215
27217
27219
27221
27223
27225
27227
27229
27231
27233
27235
27237
27240
27241
27243
27245
27247
27249
27251
27253
27255
27257
27258
27260
27262
27264
27266
27268
27270
27272
27274
27276
27277
27279
27281
27283
27285
27287
27289
27291
27293
27295
27296
27298
27300
27302
27304
27306
27308
27310
27312
27313
27315
27317
27319
27321
27323
27325
27327
27329
27331
27332
27334
27336
27338
27340
27342
27344
27346
27348
27350
27351
27353
27355
27357
27359
27360
27362
27364
27366
27368
27370
27371
27373
27375
27377
27379
27380
27382
27384
27386
27388
27390
27391
27393
27395
27397
27399
27400
27402
27404
27406
27408
27410
27411
27413
27415
27417
27419
27420
27422
27424
27426
27428
27430
27431
27433
27435
27437
27439
27440
27442
27444
27446
27448
27450
27451
27453
27454
27456
27457
27459
27460
27462
27463
27465
27466
27468
27469
27471
27472
27474
27475
27477
27478
27480
27481
27483
27484
27486
27487
27489
27490
27492
27493
27495
27496
27498
27499
27501
27502
27504
27505
27507
27508
27510
27511
27513
27514
27516
27517
27519
27520
27522
27523
27525
27526
27528
27529
27531
27532
27534
27535
27537
27538
27540
27541
27543
27544
27546
27547
27549
27550
27552
27553
27555
27556
27558
27560
27561
27563
27565
27567
27569
27571
27573
27575
27577
27579
27581
27583
27585
27587
27589
27591
27593
27595
27597
27599
27601
27603
27605
27607
27609
27610
27612
27614
27616
27618
27620
27622
27624
27626
27628
27630
27632
27634
27636
27638
27640
27642
27644
27646
27648
27650
27652
27654
27656
27658
27660
27663
27666
27669
27672
27675
27678
27681
27684
27687
27690
27693
27696
27699
27702
27705
27708
27711
27715
27718
27721
27724
27727
27730
27733
27736
27739
27742
27745
27748
27751
27754
27757
27760
27763
27766
27770
27772
27774
27776
27778
27780
27782
27784
27786
27788
27790
27792
27794
27796
27798
27800
27802
27804
27806
27808
27810
27812
27814
27816
27818
27820
27822
27825
27827
27829
27831
27833
27835
27837
27839
27841
27843
27845
27847
27849
27851
27853
27855
27857
27859
27861
27863
27865
27867
27869
27871
27873
27875
27877
27880
27881
27883
27885
27887
27889
27890
27892
27894
27896
27898
27899
27901
27903
27905
27907
27908
27910
27912
27914
27916
27917
27919
27921
27923
27925
27926
27928
27930
27932
27934
27935
27937
27939
27941
27943
27944
27946
27948
27950
27952
27953
27955
27957
27959
27961
27962
27964
27966
27968
27970
27971
27973
27975
27977
27979
27980
27982
27984
27986
27988
27990
27991
27993
27995
27997
27998
28000
28002
28004
28005
28007
28009
28011
28013
28014
28016
28018
28020
28021
28023
28025
28027
28029
28030
28032
28034
28036
28037
28039
28041
28043
28045
28046
28048
28050
28052
28053
28055
28057
28059
28060
28062
28064
28066
28068
28069
28071
28073
28075
28076
28078
28080
28082
28084
28085
28087
28089
28091
28092
28094
28096
28098
28100
28101
28103
28105
28106
28108
28110
28111
28113
28115
28116
28118
28120
28121
28123
28125
28126
28128
28130
28131
28133
28135
28136
28138
28140
28141
28143
28145
28146
28148
28150
28151
28153
28155
28156
28158
28160
28161
28163
28165
28166
28168
28170
28171
28173
28175
28176
28178
28180
28181
28183
28185
28186
28188
28189
28191
28193
28195
28196
28198
28200
28201
28203
28204
28206
28207
28209
28211
28212
28214
28215
28217
28219
28220
28222
28223
28225
28227
28228
28230
28231
28233
28235
28236
28238
28239
28241
28243
28244
28246
28247
28249
28251
28252
28254
28255
28257
28258
28260
28262
28263
28265
28266
28268
28270
28271
28273
28274
28276
28278
28279
28281
28282
28284
28286
28287
28289
28290
28292
28294
28295
28297
28298
28300
28302
28303
28305
28306
28308
28310
28311
28313
28314
28316
28318
28320
28321
28323
28325
28326
28328
28330
28331
28333
28335
28336
28338
28340
28341
28343
28345
28346
28348
28349
28351
28353
28355
28356
28358
28360
28361
28363
28365
28366
28368
28370
28371
28373
28375
28376
28378
28380
28381
28383
28384
28386
28388
28390
28391
28393
28395
28396
28398
28400
28401
28403
28405
28406
28408
28410
28411
28413
28415
28417
28419
28421
28423
28424
28426
28428
28430
28432
28434
28436
28437
28439
28441
28443
28445
28447
28449
28451
28452
28454
28456
28458
28460
28462
28464
28465
28467
28469
28471
28473
28475
28477
28478
28480
28482
28484
28486
28488
28490
28492
28493
28495
28497
28499
28501
28503
28505
28506
28508
28510
28512
28514
28516
28518
28520
28522
28524
28526
28528
28530
28532
28534
28535
28538
28540
28541
28544
28546
28548
28550
28552
28554
28556
28558
28560
28561
28564
28566
28567
28570
28572
28573
28576
28578
28580
28582
28584
28586
28588
28590
28592
28593
28596
28598
28599
28602
28604
28605
28608
28610
28612
28614
28616
28618
28619
28622
28624
28625
28628
28630
28631
28634
28636
28637
28640
28642
28644
28645
28648
28650
28651
28654
28656
28657
28660
28662
28663
28666
28668
28669
28671
28674
28676
28677
28680
28682
28683
28686
28688
28689
28692
28694
28695
28698
28700
28702
28703
28706
28708
28709
28712
28714
28715
28718
28720
28721
28724
28726
28727
28729
28732
28734
28735
28738
28740
28741
28743
28745
28747
28749
28751
28753
28755
28757
28759
28761
28763
28765
28767
28769
28771
28773
28775
28777
28779
28781
28783
28785
28787
28789
28791
28793
28795
28796
28798
28800
28802
28804
28806
28808
28810
28812
28814
28816
28818
28820
28822
28824
28826
28828
28830
28832
28834
28836
28838
28840
28842
28844
28846
28848
28850
28852
28854
28856
28858
28860
28862
28864
28866
28868
28870
28872
28875
28877
28879
28881
28883
28885
28887
28889
28891
28893
28895
28897
28900
28902
28904
28906
28908
28910
28912
28914
28916
28918
28920
28922
28925
28927
28929
28931
28933
28935
28937
28939
28941
28943
28945
28947
28950
28952
28955
28957
28960
28962
28965
28967
28970
28973
28975
28978
28980
28983
28985
28988
28990
28993
28996
28998
29001
29003
29006
29008
29011
29013
29016
29019
29021
29024
29026
29029
29031
29034
29036
29039
29042
29044
29047
29049
29052
29054
29057
29060
29061
29063
29064
29066
29067
29069
29070
29072
29073
29075
29076
29078
29079
29081
29082
29084
29085
29087
29088
29090
29091
29093
29094
29096
29097
29099
29100
29102
29103
29105
29106
29108
29110
29111
29113
29114
29116
29117
29119
29120
29122
29123
29125
29126
29128
29129
29131
29132
29134
29135
29137
29138
29140
29141
29143
29144
29146
29147
29149
29150
29152
29153
29155
29156
29158
29160
29162
29164
29167
29169
29171
29174
29176
29178
29181
29183
29185
29188
29190
29192
29195
29197
29199
29202
29204
29206
29209
29211
29213
29216
29218
29220
29223
29225
29227
29230
29232
29234
29237
29239
29241
29244
29246
29248
29251
29253
29255
29258
29260
29262
29265
29267
29270
29271
29273
29274
29276
29277
29279
29281
29282
29284
29285
29287
29289
29290
29292
29293
29295
29297
29298
29300
29301
29303
29305
29306
29308
29309
29311
29313
29314
29316
29317
29319
29321
29322
29324
29325
29327
29328
29330
29332
29333
29335
29336
29338
29340
29341
29343
29344
29346
29348
29349
29351
29352
29354
29356
29357
29359
29360
29362
29364
29365
29367
29368
29370
29372
29373
29375
29376
29378
29380
29381
29383
29385
29387
29389
29391
29393
29395
29397
29399
29401
29403
29405
29407
29408
29410
29412
29414
29416
29418
29420
29422
29424
29426
29428
29430
29432
29434
29435
29437
29439
29441
29443
29445
29447
29449
29451
29453
29455
29457
29459
29461
29462
29464
29466
29468
29470
29472
29474
29476
29478
29480
29482
29484
29486
29488
29490
29492
29494
29497
29499
29502
29504
29507
29509
29512
29514
29516
29519
29521
29524
29526
29529
29531
29534
29536
29538
29541
29543
29546
29548
29551
29553
29556
29558
29560
29563
29565
29568
29570
29573
29575
29578
29580
29582
29585
29587
29590
29592
29595
29597
29600
29602
29605
29607
29610
29612
29615
29617
29620
29622
29625
29627
29630
29632
29635
29637
29640
29642
29645
29647
29650
29652
29655
29657
29660
29662
29665
29667
29670
29672
29675
29677
29680
29682
29685
29687
29689
29692
29695
29697
29700
29702
29705
29708
29710
29713
29716
29718
29721
29724
29726
29729
29732
29734
29737
29740
29742
29745
29748
29750
29753
29756
29759
29761
29764
29767
29769
29772
29775
29777
29780
29783
29785
29788
29791
29793
29796
29799
29801
29804
29807
29810
29811
29813
29815
29817
29819
29821
29823
29825
29826
29828
29830
29832
29834
29836
29838
29840
29842
29843
29845
29847
29849
29851
29853
29855
29857
29859
29860
29862
29864
29866
29868
29870
29872
29874
29876
29877
29879
29881
29883
29885
29887
29889
29891
29893
29894
29896
29898
29900
29902
29904
29906
29908
29910
