2
4
6
8
11
13
15
17
20
22
24
26
29
31
33
35
38
40
42
44
47
49
51
53
56
58
60
62
65
67
69
71
74
76
78
80
83
85
87
89
92
94
96
98
101
103
105
107
110
112
114
116
118
121
123
125
127
130
132
134
136
138
141
143
145
147
150
152
154
156
158
161
163
165
167
169
172
174
176
178
181
183
185
187
190
192
194
196
198
201
203
205
207
210
211
213
215
217
219
221
223
225
227
228
230
232
234
236
238
240
242
244
246
247
249
251
253
255
257
259
261
263
265
266
268
270
272
274
276
278
280
282
283
285
287
289
291
293
295
297
299
301
302
304
306
308
310
312
314
316
318
320
322
324
326
328
330
332
334
336
338
340
342
344
346
348
350
352
354
356
358
360
362
364
366
368
370
372
374
376
378
380
382
384
386
388
390
392
394
396
398
400
402
403
406
408
410
412
414
416
418
420
422
424
427
429
432
434
437
439
442
444
446
449
451
454
456
459
461
463
466
468
471
473
476
478
481
483
486
488
490
493
495
498
500
503
505
508
510
512
515
517
520
522
525
527
530
532
534
536
538
540
542
544
546
548
550
552
554
556
558
560
562
564
566
568
570
572
574
576
578
580
582
584
586
588
590
592
594
596
598
600
602
604
606
608
610
612
614
616
618
620
622
624
626
628
630
632
635
637
640
642
645
647
650
653
655
658
660
663
665
668
670
673
676
678
681
683
686
688
691
693
696
699
701
704
706
709
711
714
716
719
722
724
727
729
732
734
737
740
742
744
746
748
750
752
754
756
758
760
762
764
766
768
770
772
774
776
778
780
782
784
786
788
790
792
794
795
797
799
801
803
805
807
809
812
814
816
818
820
822
824
826
828
830
832
834
836
838
840
842
844
846
848
850
852
854
857
859
861
864
866
869
871
873
876
878
880
883
885
888
890
892
895
897
899
902
904
907
909
911
914
916
919
921
923
926
928
930
933
935
938
940
942
945
947
950
952
954
956
959
961
963
966
968
970
972
975
977
979
982
984
986
988
991
993
995
998
1000
1002
1004
1007
1009
1011
1014
1016
1018
1021
1023
1025
1027
1030
1032
1034
1037
1039
1041
1043
1046
1048
1050
1053
1055
1057
1060
1061
1063
1065
1067
1069
1071
1073
1075
1077
1079
1081
1083
1085
1086
1088
1090
1092
1094
1096
1098
1100
1102
1104
1106
1108
1109
1111
1113
1115
1117
1119
1121
1123
1125
1127
1129
1131
1133
1135
1136
1138
1140
1142
1144
1146
1148
1150
1152
1154
1156
1158
1160
1162
1164
1166
1168
1170
1172
1174
1176
1178
1180
1182
1184
1186
1189
1191
1193
1195
1197
1199
1201
1203
1205
1207
1209
1211
1213
1216
1218
1220
1222
1224
1226
1228
1230
1232
1234
1236
1238
1240
1243
1245
1247
1249
1251
1253
1255
1257
1259
1261
1263
1265
1267
1270
1272
1274
1276
1278
1280
1282
1284
1286
1288
1290
1292
1294
1296
1298
1300
1302
1304
1306
1308
1310
1312
1314
1316
1318
1320
1322
1325
1327
1329
1331
1333
1335
1337
1339
1341
1343
1345
1347
1349
1351
1353
1355
1357
1359
1361
1363
1365
1367
1369
1371
1373
1375
1377
1380
1382
1384
1386
1388
1391
1393
1395
1397
1399
1402
1404
1406
1408
1410
1412
1415
1417
1419
1421
1424
1426
1428
1430
1432
1435
1437
1439
1441
1443
1446
1448
1450
1452
1454
1456
1459
1461
1463
1465
1468
1470
1472
1474
1476
1479
1481
1483
1485
1487
1490
1491
1493
1495
1497
1499
1500
1502
1504
1506
1508
1509
1511
1513
1515
1517
1518
1520
1522
1524
1526
1527
1529
1531
1533
1535
1536
1538
1540
1542
1544
1545
1547
1549
1551
1553
1554
1556
1558
1560
1562
1563
1565
1567
1569
1571
1572
1574
1576
1578
1580
1581
1583
1585
1587
1589
1590
1592
1594
1596
1598
1600
1602
1604
1606
1609
1611
1613
1615
1618
1620
1622
1625
1627
1629
1631
1634
1636
1638
1640
1643
1645
1647
1650
1652
1654
1656
1659
1661
1663
1665
1668
1670
1672
1675
1677
1679
1681
1684
1686
1688
1690
1693
1695
1697
1700
1702
1704
1706
1708
1710
1712
1714
1716
1718
1720
1722
1724
1726
1728
1730
1732
1734
1736
1738
1740
1742
1744
1746
1748
1750
1752
1755
1757
1759
1761
1763
1765
1767
1769
1771
1773
1775
1777
1779
1781
1783
1785
1787
1789
1791
1793
1795
1797
1799
1801
1803
1805
1807
1810
1812
1814
1816
1818
1820
1822
1824
1826
1828
1830
1832
1835
1837
1839
1841
1843
1845
1847
1849
1851
1853
1855
1857
1859
1862
1864
1866
1868
1870
1872
1874
1876
1878
1880
1882
1885
1887
1889
1891
1893
1895
1897
1899
1901
1903
1905
1907
1910
1912
1915
1917
1920
1922
1924
1927
1930
1932
1935
1937
1940
1942
1944
1947
1950
1952
1955
1957
1960
1962
1964
1967
1970
1972
1975
1977
1980
1982
1984
1987
1990
1992
1995
1997
2000
2002
2005
2007
2009
2012
2015
2017
2020
2021
2023
2025
2027
2028
2030
2032
2034
2035
2037
2039
2041
2043
2044
2046
2048
2050
2051
2053
2055
2057
2059
2060
2062
2064
2066
2067
2069
2071
2073
2075
2076
2078
2080
2082
2083
2085
2087
2089
2090
2092
2094
2096
2098
2099
2101
2103
2105
2106
2108
2110
2112
2114
2115
2117
2119
2121
2122
2124
2126
2128
2130
2132
2134
2136
2138
2140
2142
2144
2146
2148
2150
2152
2154
2156
2158
2160
2162
2164
2166
2168
2170
2172
2174
2176
2178
2180
2182
2184
2186
2188
2190
2192
2194
2196
2198
2200
2202
2204
2206
2208
2210
2212
2214
2216
2218
2220
2222
2224
2226
2228
2230
2232
2234
2236
2238
2240
2241
2243
2245
2247
2248
2250
2252
2254
2255
2257
2259
2261
2263
2264
2266
2268
2270
2271
2273
2275
2277
2279
2280
2282
2284
2286
2287
2289
2291
2293
2295
2296
2298
2300
2302
2303
2305
2307
2309
2310
2312
2314
2316
2318
2319
2321
2323
2325
2326
2328
2330
2332
2334
2335
2337
2339
2341
2342
2344
2346
2348
2350
2351
2353
2355
2357
2358
2360
2362
2364
2366
2367
2369
2371
2373
2375
2376
2378
2380
2382
2383
2385
2387
2389
2391
2392
2394
2396
2398
2400
2401
2403
2405
2407
2408
2410
2412
2414
2416
2417
2419
2421
2423
2425
2426
2428
2430
2432
2433
2435
2437
2439
2441
2442
2444
2446
2448
2450
2451
2453
2455
2457
2459
2461
2463
2464
2466
2468
2470
2472
2474
2476
2477
2479
2481
2483
2485
2487
2489
2491
2492
2494
2496
2498
2500
2502
2504
2505
2507
2509
2511
2513
2515
2517
2518
2520
2522
2524
2526
2528
2530
2532
2533
2535
2537
2539
2541
2543
2545
2546
2548
2550
2552
2554
2556
2558
2560
2562
2564
2566
2569
2571
2573
2575
2578
2580
2582
2585
2587
2589
2591
2594
2596
2598
2600
2603
2605
2607
2610
2612
2614
2616
2619
2621
2623
2625
2628
2630
2632
2635
2637
2639
2641
2644
2646
2648
2650
2653
2655
2657
2660
2662
2665
2667
2670
2672
2675
2677
2680
2683
2685
2688
2690
2693
2695
2698
2700
2703
2706
2708
2711
2713
2716
2718
2721
2723
2726
2729
2731
2734
2736
2739
2741
2744
2746
2749
2752
2754
2757
2759
2762
2764
2767
2770
2772
2774
2776
2778
2780
2782
2784
2786
2788
2790
2792
2794
2796
2798
2800
2802
2804
2806
2808
2810
2812
2814
2816
2818
2820
2822
2825
2827
2829
2831
2833
2835
2837
2839
2841
2843
2845
2847
2849
2851
2853
2855
2857
2859
2861
2863
2865
2867
2869
2871
2873
2875
2877
2880
2882
2884
2886
2889
2891
2893
2896
2898
2900
2902
2905
2907
2909
2912
2914
2916
2918
2921
2923
2925
2928
2930
2932
2935
2937
2939
2941
2944
2946
2948
2951
2953
2955
2957
2960
2962
2964
2967
2969
2971
2973
2976
2978
2980
2983
2985
2987
2990
2991
2993
2995
2997
2999
3001
3002
3004
3006
3008
3010
3012
3013
3015
3017
3019
3021
3023
3024
3026
3028
3030
3032
3034
3035
3037
3039
3041
3043
3045
3046
3048
3050
3052
3054
3056
3057
3059
3061
3063
3065
3067
3068
3070
3072
3074
3076
3078
3079
3081
3083
3085
3087
3089
3090
3092
3094
3096
3098
3100
3101
3103
3105
3107
3109
3110
3112
3114
3116
3118
3120
3121
3123
3125
3127
3129
3130
3132
3134
3136
3138
3140
3141
3143
3145
3147
3149
3150
3152
3154
3156
3158
3160
3161
3163
3165
3167
3169
3170
3172
3174
3176
3178
3180
3181
3183
3185
3187
3189
3190
3192
3194
3196
3198
3200
3201
3203
3205
3207
3209
3211
3213
3215
3217
3218
3220
3222
3224
3226
3228
3230
3232
3234
3236
3237
3239
3241
3243
3245
3247
3249
3251
3253
3255
3256
3258
3260
3262
3264
3266
3268
3270
3272
3273
3275
3277
3279
3281
3283
3285
3287
3289
3291
3292
3294
3296
3298
3300
3302
3304
3306
3308
3310
3312
3314
3316
3318
3320
3322
3324
3326
3328
3330
3332
3334
3336
3338
3340
3342
3344
3346
3348
3350
3352
3354
3356
3358
3361
3363
3365
3367
3369
3371
3373
3375
3377
3379
3381
3383
3385
3387
3389
3391
3393
3395
3397
3399
3401
3403
3405
3407
3410
3411
3413
3415
3417
3419
3420
3422
3424
3426
3428
3429
3431
3433
3435
3437
3438
3440
3442
3444
3446
3447
3449
3451
3453
3455
3456
3458
3460
3462
3464
3465
3467
3469
3471
3473
3474
3476
3478
3480
3482
3483
3485
3487
3489
3491
3492
3494
3496
3498
3500
3501
3503
3505
3507
3509
3510
3512
3514
3516
3518
3520
3521
3523
3525
3527
3529
3531
3533
3534
3536
3538
3540
3542
3544
3546
3547
3549
3551
3553
3555
3557
3559
3561
3562
3564
3566
3568
3570
3572
3574
3575
3577
3579
3581
3583
3585
3587
3588
3590
3592
3594
3596
3598
3600
3602
3603
3605
3607
3609
3611
3613
3615
3616
3618
3620
3622
3624
3626
3628
3630
3631
3633
3635
3637
3639
3641
3643
3645
3647
3649
3651
3653
3655
3657
3659
3661
3663
3665
3667
3669
3671
3673
3675
3677
3679
3681
3683
3685
3686
3688
3690
3692
3694
3696
3698
3700
3702
3704
3706
3708
3710
3712
3714
3716
3718
3720
3722
3724
3726
3728
3730
3732
3734
3736
3738
3740
3742
3744
3747
3749
3751
3754
3756
3759
3761
3763
3766
3768
3771
3773
3775
3778
3780
3783
3785
3787
3790
3792
3795
3797
3799
3802
3804
3806
3809
3811
3814
3816
3818
3821
3823
3826
3828
3830
3833
3835
3838
3840
3842
3845
3847
3850
3851
3853
3855
3857
3859
3860
3862
3864
3866
3868
3870
3871
3873
3875
3877
3879
3880
3882
3884
3886
3888
3890
3891
3893
3895
3897
3899
3900
3902
3904
3906
3908
3910
3911
3913
3915
3917
3919
3920
3922
3924
3926
3928
3930
3931
3933
3935
3937
3939
3940
3942
3944
3946
3948
3950
3952
3954
3956
3958
3960
3962
3964
3966
3968
3970
3972
3974
3976
3979
3981
3983
3985
3987
3989
3991
3993
3995
3997
3999
4001
4003
4006
4008
4010
4012
4014
4016
4018
4020
4022
4024
4026
4028
4030
4033
4035
4037
4039
4041
4043
4045
4047
4049
4051
4053
4055
4057
4059
4062
4064
4066
4068
4070
4073
4075
4077
4079
4081
4083
4086
4088
4090
4092
4094
4096
4099
4101
4103
4105
4107
4109
4112
4114
4116
4118
4120
4123
4125
4127
4129
4131
4133
4136
4138
4140
4142
4144
4146
4149
4151
4153
4155
4157
4160
4162
4164
4166
4169
4171
4173
4176
4178
4180
4182
4185
4187
4189
4192
4194
4196
4198
4201
4203
4205
4208
4210
4212
4215
4217
4219
4221
4224
4226
4228
4231
4233
4235
4237
4240
4242
4244
4247
4249
4251
4253
4256
4258
4260
4263
4265
4267
4270
4271
4274
4276
4278
4279
4282
4284
4286
4287
4290
4292
4294
4295
4298
4300
4302
4303
4306
4308
4310
4311
4314
4316
4318
4319
4322
4324
4326
4327
4330
4332
4334
4335
4338
4340
4342
4343
4346
4348
4350
4351
4354
4356
4358
4359
4362
4364
4366
4367
4370
4372
4374
4375
4378
4380
4381
4383
4385
4387
4389
4391
4393
4395
4397
4399
4401
4403
4405
4407
4409
4411
4413
4415
4417
4419
4421
4423
4425
4427
4429
4431
4433
4435
4436
4438
4440
4442
4444
4446
4448
4450
4452
4454
4456
4458
4460
4462
4464
4466
4468
4470
4472
4474
4476
4478
4480
4482
4484
4486
4488
4490
4492
4494
4496
4498
4501
4503
4505
4507
4510
4512
4514
4516
4519
4521
4523
4525
4528
4530
4532
4534
4537
4539
4541
4543
4546
4548
4550
4552
4555
4557
4559
4561
4564
4566
4568
4570
4573
4575
4577
4579
4582
4584
4586
4588
4591
4593
4595
4597
4600
4602
4604
4606
4608
4610
4613
4615
4617
4619
4621
4623
4626
4628
4630
4632
4634
4636
4639
4641
4643
4645
4647
4650
4652
4654
4656
4658
4660
4663
4665
4667
4669
4671
4673
4676
4678
4680
4682
4684
4686
4689
4691
4693
4695
4697
4700
4702
4705
4707
4710
4712
4715
4717
4720
4723
4725
4728
4730
4733
4735
4738
4740
4743
4746
4748
4751
4753
4756
4758
4761
4763
4766
4769
4771
4774
4776
4779
4781
4784
4786
4789
4792
4794
4797
4799
4802
4804
4807
4810
4813
4816
4819
4822
4825
4828
4831
4834
4837
4840
4843
4846
4849
4852
4855
4858
4861
4865
4868
4871
4874
4877
4880
4883
4886
4889
4892
4895
4898
4901
4904
4907
4910
4913
4916
4920
4922
4924
4927
4929
4932
4934
4937
4939
4942
4944
4946
4949
4951
4954
4956
4959
4961
4964
4966
4968
4971
4973
4976
4978
4981
4983
4986
4988
4990
4993
4995
4998
5000
5003
5005
5008
5010
5012
5015
5017
5020
5022
5025
5027
5030
5032
5035
5038
5040
5043
5046
5048
5051
5054
5057
5059
5062
5065
5067
5070
5073
5075
5078
5081
5084
5086
5089
5092
5094
5097
5100
5102
5105
5108
5111
5113
5116
5119
5121
5124
5127
5130
5132
5134
5136
5138
5141
5143
5145
5147
5150
5152
5154
5156
5159
5161
5163
5165
5168
5170
5172
5174
5177
5179
5181
5183
5186
5188
5190
5192
5195
5197
5199
5201
5204
5206
5208
5210
5213
5215
5217
5219
5222
5224
5226
5228
5231
5233
5235
5237
5240
5242
5244
5247
5249
5251
5254
5256
5259
5261
5263
5266
5268
5271
5273
5275
5278
5280
5283
5285
5287
5290
5292
5295
5297
5299
5302
5304
5306
5309
5311
5314
5316
5318
5321
5323
5326
5328
5330
5333
5335
5338
5340
5342
5345
5347
5350
5352
5354
5356
5359
5361
5363
5366
5368
5370
5373
5375
5377
5380
5382
5384
5387
5389
5391
5394
5396
5398
5401
5403
5405
5408
5410
5412
5415
5417
5419
5422
5424
5426
5429
5431
5433
5436
5438
5440
5443
5445
5447
5450
5452
5454
5456
5459
5461
5463
5466
5468
5470
5472
5475
5477
5479
5482
5484
5486
5488
5491
5493
5495
5498
5500
5502
5505
5507
5509
5511
5514
5516
5518
5521
5523
5525
5527
5530
5532
5534
5537
5539
5541
5543
5546
5548
5550
5553
5555
5557
5560
5562
5565
5568
5571
5574
5577
5580
5583
5586
5589
5592
5595
5598
5601
5604
5607
5609
5612
5615
5618
5621
5624
5627
5630
5633
5636
5639
5642
5645
5648
5651
5654
5657
5660
5662
5664
5666
5668
5671
5673
5675
5677
5679
5682
5684
5686
5688
5690
5693
5695
5697
5699
5701
5704
5706
5708
5710
5712
5715
5717
5719
5721
5723
5726
5728
5730
5732
5734
5737
5739
5741
5743
5745
5747
5750
5752
5754
5756
5758
5761
5763
5765
5767
5770
5772
5774
5776
5778
5780
5782
5785
5787
5789
5791
5793
5795
5798
5800
5802
5804
5806
5808
5810
5813
5815
5817
5819
5821
5823
5826
5828
5830
5832
5834
5836
5839
5841
5843
5845
5847
5849
5851
5854
5856
5858
5860
5862
5864
5867
5869
5871
5873
5875
5877
5880
5882
5884
5887
5889
5891
5894
5896
5899
5901
5903
5906
5908
5911
5913
5915
5918
5920
5923
5925
5927
5930
5932
5935
5937
5939
5942
5944
5946
5949
5951
5954
5956
5958
5961
5963
5966
5968
5970
5973
5975
5978
5980
5982
5985
5987
5990
5992
5994
5997
5999
6001
6004
6006
6009
6011
6013
6016
6018
6021
6023
6025
6028
6030
6033
6035
6037
6040
6042
6045
6047
6049
6052
6054
6056
6059
6061
6064
6066
6068
6071
6073
6076
6078
6080
6083
6085
6088
6090
6092
6095
6097
6100
6102
6104
6107
6109
6111
6114
6116
6119
6121
6123
6126
6128
6130
6133
6135
6138
6140
6142
6145
6147
6150
6152
6154
6157
6159
6161
6164
6166
6169
6171
6173
6176
6178
6180
6183
6185
6188
6190
6192
6195
6197
6200
6202
6204
6206
6208
6211
6213
6215
6217
6220
6222
6224
6226
6229
6231
6233
6235
6238
6240
6242
6244
6247
6249
6251
6253
6256
6258
6260
6262
6265
6267
6269
6271
6274
6276
6278
6280
6283
6285
6287
6289
6292
6294
6296
6298
6301
6303
6305
6307
6310
6312
6314
6317
6319
6322
6324
6327
6330
6332
6335
6337
6340
6342
6345
6347
6350
6352
6354
6357
6359
6362
6365
6367
6370
6372
6375
6377
6380
6382
6385
6387
6390
6392
6395
6397
6400
6402
6405
6407
6410
6412
6414
6416
6418
6420
6422
6425
6427
6429
6431
6433
6435
6438
6440
6442
6444
6446
6448
6450
6453
6455
6457
6459
6461
6463
6466
6468
6470
6472
6474
6476
6479
6481
6483
6485
6487
6489
6491
6494
6496
6498
6500
6502
6504
6507
6509
6511
6513
6515
6517
6520
6522
6525
6528
6531
6534
6537
6540
6543
6546
6548
6551
6554
6557
6560
6563
6566
6569
6572
6574
6577
6580
6583
6586
6589
6592
6595
6598
6601
6603
6606
6609
6612
6615
6618
6621
6624
6627
6630
6632
6635
6638
6641
6643
6646
6649
6652
6654
6657
6660
6663
6665
6668
6671
6674
6676
6679
6682
6685
6687
6690
6693
6696
6698
6701
6704
6707
6709
6712
6715
6718
6720
6723
6726
6729
6731
6734
6737
6740
6742
6745
6748
6751
6754
6756
6759
6762
6765
6768
6771
6773
6776
6779
6782
6785
6787
6790
6793
6796
6799
6802
6804
6807
6810
6813
6816
6818
6821
6824
6827
6830
6833
6835
6838
6841
6844
6847
6850
6852
6854
6856
6858
6861
6863
6865
6867
6870
6872
6874
6876
6878
6881
6883
6885
6887
6890
6892
6894
6896
6898
6901
6903
6905
6907
6910
6912
6914
6916
6918
6921
6923
6925
6927
6930
6932
6934
6936
6938
6941
6943
6945
6947
6950
6952
6954
6957
6959
6961
6964
6966
6968
6971
6973
6975
6978
6980
6982
6985
6987
6989
6992
6994
6996
6999
7001
7003
7006
7008
7010
7013
7015
7017
7020
7022
7024
7027
7029
7031
7034
7036
7038
7041
7043
7045
7048
7050
7052
7055
7057
7060
7062
7064
7067
7069
7072
7074
7077
7080
7082
7085
7087
7090
7092
7095
7097
7100
7102
7104
7107
7109
7112
7115
7117
7120
7122
7125
7127
7130
7132
7135
7137
7140
7142
7145
7147
7150
7152
7155
7157
7160
7162
7164
7166
7168
7170
7172
7174
7176
7178
7180
7182
7184
7186
7189
7191
7193
7195
7197
7199
7201
7203
7205
7207
7209
7211
7213
7216
7218
7220
7222
7224
7226
7228
7230
7232
7234
7236
7238
7240
7243
7245
7247
7249
7251
7253
7255
7257
7259
7261
7263
7265
7267
7270
7272
7274
7276
7278
7280
7282
7285
7287
7289
7291
7293
7295
7298
7300
7302
7304
7306
7308
7310
7313
7315
7317
7319
7321
7323
7326
7328
7330
7332
7334
7336
7339
7341
7343
7345
7347
7349
7351
7354
7356
7358
7360
7362
7364
7367
7369
7371
7373
7375
7377
7380
7382
7384
7386
7388
7390
7392
7394
7396
7398
7400
7402
7404
7406
7408
7410
7412
7414
7416
7418
7420
7422
7424
7426
7428
7430
7432
7434
7436
7438
7440
7442
7444
7446
7448
7450
7452
7454
7456
7458
7460
7462
7464
7466
7468
7470
7472
7474
7476
7478
7480
7482
7484
7486
7488
7490
7492
7494
7496
7498
7500
7502
7504
7506
7508
7510
7512
7514
7516
7518
7520
7522
7524
7526
7528
7530
7532
7534
7536
7538
7540
7542
7544
7546
7548
7550
7552
7554
7556
7558
7560
7561
7564
7566
7568
7569
7572
7574
7576
7577
7580
7582
7584
7585
7588
7590
7592
7593
7596
7598
7600
7602
7604
7606
7609
7611
7613
7615
7618
7620
7622
7625
7627
7629
7631
7634
7636
7638
7640
7643
7645
7647
7650
7652
7654
7656
7659
7661
7663
7665
7668
7670
7672
7675
7677
7679
7681
7684
7686
7688
7690
7693
7695
7697
7700
7702
7705
7708
7710
7713
7716
7718
7721
7724
7726
7729
7732
7734
7737
7740
7742
7745
7748
7750
7753
7756
7759
7761
7764
7767
7769
7772
7775
7777
7780
7783
7785
7788
7791
7793
7796
7799
7801
7804
7807
7810
7812
7814
7816
7818
7821
7823
7825
7827
7830
7832
7834
7836
7838
7841
7843
7845
7847
7850
7852
7854
7856
7858
7861
7863
7865
7867
7870
7872
7874
7876
7878
7881
7883
7885
7887
7890
7892
7894
7896
7898
7901
7903
7905
7907
7910
7912
7914
7917
7919
7921
7924
7926
7928
7931
7933
7935
7938
7940
7942
7945
7947
7949
7952
7954
7956
7959
7961
7963
7966
7968
7970
7973
7975
7977
7980
7982
7984
7987
7989
7991
7994
7996
7998
8001
8003
8005
8008
8010
8012
8015
8017
8020
8022
8024
8026
8029
8031
8033
8036
8038
8040
8042
8045
8047
8049
8052
8054
8056
8058
8061
8063
8065
8068
8070
8072
8074
8077
8079
8081
8084
8086
8088
8091
8093
8095
8097
8100
8102
8104
8107
8109
8111
8113
8116
8118
8120
8123
8125
8127
8130
8132
8134
8136
8138
8141
8143
8145
8147
8150
8152
8154
8156
8159
8161
8163
8165
8168
8170
8172
8174
8177
8179
8181
8183
8186
8188
8190
8192
8195
8197
8199
8201
8204
8206
8208
8210
8213
8215
8217
8219
8222
8224
8226
8228
8231
8233
8235
8237
8240
8242
8244
8246
8248
8251
8253
8255
8257
8260
8262
8264
8266
8269
8271
8273
8275
8278
8280
8282
8284
8287
8289
8291
8293
8296
8298
8300
8302
8305
8307
8309
8311
8314
8316
8318
8320
8323
8325
8327
8329
8332
8334
8336
8338
8341
8343
8345
8347
8350
8352
8354
8357
8359
8361
8364
8366
8369
8371
8373
8376
8378
8380
8383
8385
8388
8390
8392
8395
8397
8399
8402
8404
8407
8409
8411
8414
8416
8419
8421
8423
8426
8428
8430
8433
8435
8438
8440
8442
8445
8447
8450
8453
8456
8459
8462
8465
8468
8471
8474
8477
8480
8482
8485
8488
8492
8495
8498
8501
8504
8507
8510
8513
8516
8519
8522
8525
8528
8531
8534
8537
8540
8543
8546
8549
8552
8555
8558
8561
8564
8567
8570
8572
8574
8577
8579
8582
8584
8587
8589
8591
8594
8596
8599
8601
8604
8606
8609
8611
8613
8616
8618
8621
8623
8626
8628
8630
8633
8635
8638
8640
8643
8645
8648
8650
8652
8655
8657
8660
8662
8665
8667
8670
8672
8674
8676
8679
8681
8683
8686
8688
8690
8692
8695
8697
8699
8702
8704
8706
8708
8711
8713
8715
8718
8720
8722
8725
8727
8729
8731
8734
8736
8738
8741
8743
8745
8747
8750
8752
8754
8757
8759
8761
8763
8766
8768
8770
8773
8775
8777
8780
8782
8785
8787
8790
8792
8795
8797
8800
8803
8805
8808
8810
8813
8815
8818
8821
8823
8826
8828
8831
8833
8836
8838
8841
8844
8846
8849
8851
8854
8856
8859
8862
8864
8867
8869
8872
8874
8877
8880
8882
8885
8888
8891
8893
8896
8899
8902
8904
8907
8910
8913
8915
8918
8921
8924
8926
8929
8932
8935
8937
8940
8943
8946
8948
8951
8954
8957
8959
8962
8965
8968
8970
8973
8976
8979
8981
8984
8987
8990
8992
8994
8996
8999
9001
9003
9006
9008
9010
9012
9015
9017
9019
9022
9024
9026
9028
9031
9033
9035
9038
9040
9042
9045
9047
9049
9051
9054
9056
9058
9061
9063
9065
9067
9070
9072
9074
9077
9079
9081
9083
9086
9088
9090
9093
9095
9097
9100
9102
9104
9106
9108
9110
9113
9115
9117
9119
9121
9123
9126
9128
9130
9132
9134
9136
9139
9141
9143
9145
9147
9149
9152
9154
9156
9158
9160
9163
9165
9167
9169
9171
9173
9176
9178
9180
9182
9184
9186
9189
9191
9193
9195
9197
9200
9202
9204
9206
9208
9210
9212
9214
9216
9219
9221
9223
9225
9227
9229
9231
9233
9235
9238
9240
9242
9244
9246
9248
9250
9252
9254
9257
9259
9261
9263
9265
9267
9269
9271
9274
9276
9278
9280
9282
9284
9286
9288
9290
9293
9295
9297
9299
9301
9303
9305
9307
9310
9312
9314
9316
9318
9321
9323
9325
9327
9330
9332
9334
9336
9338
9341
9343
9345
9347
9350
9352
9354
9356
9358
9361
9363
9365
9367
9370
9372
9374
9376
9378
9381
9383
9385
9387
9390
9392
9394
9396
9398
9401
9403
9405
9407
9410
9412
9415
9417
9420
9423
9425
9428
9430
9433
9436
9438
9441
9444
9446
9449
9451
9454
9457
9459
9462
9465
9467
9470
9472
9475
9478
9480
9483
9485
9488
9491
9493
9496
9499
9501
9504
9506
9509
9512
9514
9517
9520
9521
9523
9525
9527
9529
9531
9533
9534
9536
9538
9540
9542
9544
9546
9547
9549
9551
9553
9555
9557
9559
9561
9562
9564
9566
9568
9570
9572
9574
9575
9577
9579
9581
9583
9585
9587
9588
9590
9592
9594
9596
9598
9600
9602
9603
9605
9607
9609
9611
9613
9615
9616
9618
9620
9622
9624
9626
9628
9630
9631
9633
9635
9637
9639
9641
9643
9645
9647
9648
9650
9652
9654
9656
9658
9660
9662
9664
9666
9667
9669
9671
9673
9675
9677
9679
9681
9683
9685
9686
9688
9690
9692
9694
9696
9698
9700
9702
9703
9705
9707
9709
9711
9713
9715
9717
9719
9721
9722
9724
9726
9728
9730
9732
9734
9736
9738
9740
9742
9744
9746
9749
9751
9753
9756
9758
9760
9762
9765
9767
9769
9772
9774
9776
9778
9781
9783
9785
9788
9790
9792
9795
9797
9799
9801
9804
9806
9808
9811
9813
9815
9817
9820
9822
9824
9827
9829
9831
9833
9836
9838
9840
9843
9845
9847
9850
9852
9854
9856
9858
9860
9862
9864
9867
9869
9871
9873
9875
9877
9879
9881
9884
9886
9888
9890
9892
9894
9896
9898
9901
9903
9905
9907
9909
9911
9913
9915
9918
9920
9922
9924
9926
9928
9930
9932
9935
9937
9939
9941
9943
9945
9947
9950
9952
9954
9956
9958
9961
9963
9965
9967
9970
9972
9974
9976
9979
9981
9983
9985
9988
9990
9992
9994
9997
9999
10001
10003
10006
10008
10010
10012
10015
10017
10019
10021
10024
10026
10028
10030
10033
10035
10037
10039
10042
10044
10046
10048
10051
10053
10055
10057
10060
10062
10064
10066
10068
10070
10072
10074
10076
10078
10080
10082
10084
10086
10088
10090
10092
10094
10096
10098
10100
10102
10104
10106
10108
10110
10112
10114
10116
10118
10120
10122
10124
10126
10128
10130
10132
10134
10136
10138
10140
10142
10144
10146
10148
10150
10152
10154
10156
10158
10160
10162
10164
10166
10168
10171
10173
10175
10177
10179
10182
10184
10186
10188
10190
10193
10195
10197
10199
10201
10204
10206
10208
10210
10212
10215
10217
10219
10221
10223
10226
10228
10230
10232
10234
10237
10239
10241
10243
10245
10248
10250
10252
10254
10256
10259
10261
10263
10265
10267
10270
10272
10274
10277
10279
10281
10284
10286
10288
10291
10293
10295
10298
10300
10302
10305
10307
10309
10312
10314
10316
10319
10321
10323
10326
10328
10330
10333
10335
10337
10340
10342
10344
10347
10349
10351
10354
10356
10358
10361
10363
10365
10368
10370
10372
10375
10377
10380
10382
10384
10387
10389
10391
10394
10396
10398
10401
10403
10405
10408
10410
10412
10415
10417
10419
10422
10424
10426
10429
10431
10433
10436
10438
10440
10443
10445
10447
10450
10452
10454
10457
10459
10461
10464
10466
10468
10471
10473
10475
10478
10480
10482
10485
10487
10490
10492
10494
10496
10498
10500
10502
10504
10506
10509
10511
10513
10515
10517
10519
10521
10523
10525
10528
10530
10532
10534
10536
10538
10540
10542
10545
10547
10549
10551
10553
10555
10557
10559
10561
10564
10566
10568
10570
10572
10574
10576
10578
10580
10583
10585
10587
10589
10591
10593
10595
10597
10600
10602
10604
10606
10607
10610
10612
10613
10616
10618
10620
10622
10623
10626
10628
10629
10632
10634
10636
10638
10639
10642
10644
10645
10648
10650
10652
10654
10655
10658
10660
10661
10664
10665
10668
10670
10671
10674
10676
10677
10680
10681
10684
10686
10687
10690
10692
10693
10696
10697
10700
10702
10704
10706
10708
10710
10712
10715
10717
10719
10721
10723
10725
10728
10730
10732
10734
10736
10738
10740
10743
10745
10747
10749
10751
10753
10756
10758
10760
10762
10764
10766
10769
10771
10773
10775
10777
10779
10781
10784
10786
10788
10790
10792
10794
10797
10799
10801
10803
10805
10807
10810
10812
10814
10817
10819
10821
10824
10826
10829
10831
10833
10836
10838
10840
10843
10845
10848
10850
10852
10855
10857
10860
10862
10864
10867
10869
10871
10874
10876
10879
10881
10883
10886
10888
10890
10893
10895
10898
10900
10902
10905
10907
10910
10912
10914
10916
10918
10920
10922
10924
10926
10928
10930
10932
10934
10936
10938
10940
10942
10944
10946
10948
10950
10952
10954
10956
10958
10959
10962
10964
10966
10968
10970
10972
10974
10976
10978
10980
10982
10984
10985
10988
10990
10992
10994
10996
10998
11000
11001
11004
11006
11008
11010
11012
11014
11016
11017
11020
11021
11023
11025
11027
11029
11031
11033
11034
11036
11038
11040
11042
11044
11046
11047
11049
11051
11053
11055
11057
11059
11061
11062
11064
11066
11068
11070
11072
11074
11075
11077
11079
11081
11083
11085
11087
11088
11090
11092
11094
11096
11098
11100
11102
11103
11105
11107
11109
11111
11113
11115
11116
11118
11120
11122
11124
11126
11128
11130
11132
11134
11136
11138
11141
11143
11145
11147
11149
11152
11154
11156
11158
11160
11163
11165
11167
11169
11171
11174
11176
11178
11180
11182
11185
11187
11189
11191
11193
11196
11198
11200
11202
11204
11207
11209
11211
11213
11215
11218
11220
11222
11224
11226
11229
11231
11233
11235
11237
11240
11242
11244
11247
11249
11251
11254
11256
11258
11261
11263
11265
11268
11270
11272
11275
11277
11280
11282
11284
11287
11289
11291
11294
11296
11298
11301
11303
11305
11308
11310
11312
11315
11317
11320
11322
11324
11327
11329
11331
11334
11336
11338
11341
11343
11345
11348
11350
11352
11355
11357
11360
11361
11363
11365
11367
11368
11370
11372
11374
11376
11377
11379
11381
11383
11385
11386
11388
11390
11392
11393
11395
11397
11399
11401
11402
11404
11406
11408
11410
11411
11413
11415
11417
11418
11420
11422
11424
11426
11427
11429
11431
11433
11435
11436
11438
11440
11442
11443
11445
11447
11449
11451
11452
11454
11456
11458
11460
11461
11463
11465
11467
11469
11471
11473
11475
11477
11478
11480
11482
11484
11486
11488
11490
11492
11494
11496
11497
11499
11501
11503
11505
11507
11509
11511
11513
11515
11516
11518
11520
11522
11524
11526
11528
11530
11532
11533
11535
11537
11539
11541
11543
11545
11547
11549
11551
11552
11554
11556
11558
11560
11562
11564
11566
11568
11570
11572
11574
11576
11578
11580
11582
11584
11586
11588
11590
11592
11595
11597
11599
11601
11603
11605
11607
11609
11611
11613
11615
11617
11620
11622
11624
11626
11628
11630
11632
11634
11636
11638
11640
11642
11645
11647
11649
11651
11653
11655
11657
11659
11661
11663
11665
11667
11670
11671
11673
11675
11677
11679
11681
11683
11685
11687
11688
11690
11692
11694
11696
11698
11700
11702
11704
11706
11707
11709
11711
11713
11715
11717
11719
11721
11723
11725
11726
11728
11730
11732
11734
11736
11738
11740
11742
11743
11745
11747
11749
11751
11753
11755
11757
11759
11761
11762
11764
11766
11768
11770
11772
11774
11776
11778
11780
11782
11784
11786
11788
11790
11792
11794
11797
11799
11801
11803
11805
11807
11809
11811
11814
11816
11818
11820
11822
11824
11826
11828
11831
11833
11835
11837
11839
11841
11843
11845
11848
11850
11852
11854
11856
11858
11860
11862
11865
11867
11869
11871
11873
11875
11877
11880
11882
11884
11886
11888
11890
11892
11894
11896
11898
11900
11902
11904
11906
11908
11910
11912
11914
11916
11918
11920
11922
11924
11926
11928
11930
11932
11935
11937
11939
11941
11943
11945
11947
11949
11951
11953
11955
11957
11959
11961
11963
11965
11967
11969
11971
11973
11975
11977
11979
11981
11983
11985
11987
11990
11992
11995
11998
12000
12003
12006
12008
12011
12014
12016
12019
12022
12024
12027
12030
12032
12035
12038
12040
12043
12046
12049
12051
12054
12057
12059
12062
12065
12067
12070
12073
12075
12078
12081
12083
12086
12089
12091
12094
12097
12100
12102
12104
12106
12108
12111
12113
12115
12117
12120
12122
12124
12126
12128
12131
12133
12135
12137
12139
12142
12144
12146
12148
12151
12153
12155
12157
12160
12162
12164
12166
12168
12171
12173
12175
12177
12180
12182
12184
12186
12188
12191
12193
12195
12197
12200
12202
12205
12207
12209
12212
12215
12217
12219
12222
12225
12227
12230
12232
12235
12237
12240
12242
12245
12247
12250
12252
12254
12257
12260
12262
12265
12267
12270
12272
12275
12277
12280
12282
12285
12287
12290
12292
12295
12297
12300
12302
12305
12307
12310
12312
12315
12317
12320
12322
12325
12327
12330
12332
12335
12337
12340
12342
12345
12347
12350
12352
12355
12357
12360
12362
12365
12367
12370
12372
12375
12377
12380
12382
12385
12387
12390
12392
12395
12397
12400
12402
12405
12407
12410
12412
12414
12416
12418
12420
12422
12424
12426
12428
12430
12432
12434
12436
12438
12440
12442
12444
12446
12448
12450
12452
12454
12456
12458
12460
12462
12465
12467
12469
12471
12473
12475
12477
12479
12481
12483
12485
12487
12489
12491
12493
12495
12497
12499
12501
12503
12505
12507
12509
12511
12513
12515
12517
12520
12522
12524
12526
12528
12530
12533
12535
12537
12539
12542
12544
12546
12548
12550
12553
12555
12557
12559
12561
12564
12566
12568
12570
12572
12575
12577
12579
12581
12583
12586
12588
12590
12592
12594
12597
12599
12601
12603
12605
12608
12610
12612
12614
12616
12619
12621
12623
12625
12627
12630
12632
12635
12637
12640
12642
12645
12647
12650
12652
12655
12657
12660
12662
12665
12667
12670
12672
12675
12677
12680
12682
12685
12687
12690
12692
12695
12697
12700
12702
12705
12707
12710
12712
12715
12717
12720
12722
12725
12727
12730
12732
12735
12737
12740
12742
12744
12746
12748
12750
12752
12755
12757
12759
12761
12763
12765
12768
12770
12772
12774
12776
12778
12780
12783
12785
12787
12789
12791
12793
12796
12798
12800
12802
12804
12806
12809
12811
12813
12815
12817
12819
12821
12824
12826
12828
12830
12832
12834
12837
12839
12841
12843
12845
12847
12850
12852
12854
12856
12858
12861
12863
12865
12867
12870
12872
12874
12876
12878
12881
12883
12885
12887
12889
12892
12894
12896
12898
12901
12903
12905
12907
12910
12912
12914
12916
12918
12921
12923
12925
12927
12930
12932
12934
12936
12938
12941
12943
12945
12947
12950
12952
12955
12957
12960
12962
12965
12967
12970
12973
12975
12978
12980
12983
12985
12988
12990
12993
12996
12998
13001
13003
13006
13008
13011
13013
13016
13019
13021
13024
13026
13029
13031
13034
13036
13039
13042
13044
13047
13049
13052
13054
13057
13060
13062
13064
13066
13068
13070
13072
13074
13076
13078
13080
13082
13084
13086
13088
13090
13092
13094
13096
13098
13100
13102
13104
13106
13108
13110
13112
13114
13116
13118
13120
13122
13124
13126
13128
13130
13132
13134
13136
13138
13140
13142
13144
13146
13148
13150
13152
13154
13156
13158
13160
13162
13164
13167
13169
13171
13174
13176
13179
13181
13183
13186
13188
13191
13193
13195
13198
13200
13203
13205
13207
13210
13212
13215
13217
13219
13222
13224
13226
13229
13231
13234
13236
13238
13241
13243
13246
13248
13250
13253
13255
13258
13260
13262
13265
13267
13270
13273
13276
13280
13283
13287
13290
13294
13297
13300
13304
13307
13311
13314
13318
13321
13325
13328
13331
13335
13338
13342
13345
13349
13352
13355
13359
13362
13366
13369
13373
13376
13380
13382
13385
13388
13390
13393
13396
13398
13401
13404
13406
13409
13412
13414
13417
13420
13422
13425
13428
13430
13433
13436
13439
13441
13444
13447
13449
13452
13455
13457
13460
13463
13465
13468
13471
13473
13476
13479
13481
13484
13487
13490
13492
13495
13498
13501
13503
13506
13509
13512
13514
13517
13520
13523
13525
13528
13531
13534
13536
13539
13542
13545
13547
13550
13553
13556
13558
13561
13564
13567
13569
13572
13575
13578
13580
13583
13586
13589
13591
13594
13597
13600
13602
13605
13607
13610
13612
13615
13617
13620
13622
13625
13627
13629
13632
13635
13637
13639
13642
13645
13647
13649
13652
13655
13657
13660
13662
13665
13667
13670
13672
13674
13677
13680
13682
13684
13687
13690
13692
13694
13697
13700
13702
13704
13706
13708
13711
13713
13715
13717
13720
13722
13724
13726
13729
13731
13733
13735
13738
13740
13742
13744
13747
13749
13751
13753
13756
13758
13760
13762
13765
13767
13769
13771
13774
13776
13778
13780
13783
13785
13787
13789
13792
13794
13796
13798
13801
13803
13805
13807
13810
13812
13814
13817
13819
13821
13824
13826
13829
13831
13833
13836
13838
13840
13843
13845
13848
13850
13852
13855
13857
13860
13862
13864
13867
13869
13871
13874
13876
13879
13881
13883
13886
13888
13890
13893
13895
13898
13900
13902
13905
13907
13910
13912
13914
13916
13918
13920
13922
13924
13926
13928
13930
13932
13934
13936
13938
13940
13942
13944
13946
13948
13950
13952
13954
13956
13958
13960
13962
13965
13967
13969
13971
13973
13975
13977
13979
13981
13983
13985
13987
13989
13991
13993
13995
13997
13999
14001
14003
14005
14007
14009
14011
14013
14015
14017
14020
14022
14024
14027
14029
14032
14034
14037
14039
14042
14044
14046
14049
14051
14054
14056
14059
14061
14064
14066
14068
14071
14073
14076
14078
14081
14083
14086
14088
14091
14093
14095
14098
14100
14103
14105
14108
14110
14113
14115
14117
14120
14122
14125
14127
14130
14132
14135
14137
14140
14142
14144
14146
14148
14150
14152
14154
14156
14158
14160
14162
14164
14166
14169
14171
14173
14175
14177
14179
14181
14183
14185
14187
14189
14191
14193
14196
14198
14200
14202
14204
14206
14208
14210
14212
14214
14216
14218
14220
14223
14225
14227
14229
14231
14233
14235
14237
14239
14241
14243
14245
14247
14250
14252
14254
14256
14258
14260
14262
14264
14266
14268
14270
14272
14274
14276
14278
14280
14282
14284
14286
14288
14290
14292
14294
14296
14298
14299
14302
14304
14306
14308
14310
14312
14314
14315
14318
14320
14322
14324
14325
14328
14330
14331
14334
14336
14338
14340
14341
14344
14346
14347
14350
14352
14354
14356
14357
14360
14361
14363
14365
14367
14368
14370
14372
14374
14376
14377
14379
14381
14383
14385
14386
14388
14390
14392
14393
14395
14397
14399
14401
14402
14404
14406
14408
14410
14411
14413
14415
14417
14418
14420
14422
14424
14426
14427
14429
14431
14433
14435
14436
14438
14440
14442
14443
14445
14447
14449
14451
14452
14454
14456
14458
14460
14462
14464
14466
14468
14470
14472
14474
14476
14478
14480
14482
14484
14486
14489
14491
14493
14495
14497
14499
14501
14503
14505
14507
14509
14511
14513
14516
14518
14520
14522
14524
14526
14528
14530
14532
14534
14536
14538
14540
14543
14545
14547
14549
14551
14553
14555
14557
14559
14561
14563
14565
14567
14570
14572
14574
14576
14578
14580
14582
14585
14587
14589
14591
14593
14595
14598
14600
14602
14604
14606
14608
14610
14613
14615
14617
14619
14621
14623
14626
14628
14630
14632
14634
14636
14639
14641
14643
14645
14647
14649
14651
14654
14656
14658
14660
14662
14664
14667
14669
14671
14673
14675
14677
14680
14682
14684
14686
14688
14690
14692
14695
14697
14699
14701
14703
14705
14708
14710
14712
14714
14716
14718
14720
14723
14725
14727
14729
14731
14733
14736
14738
14740
14742
14744
14746
14749
14751
14753
14755
14757
14759
14761
14764
14766
14768
14770
14772
14774
14777
14779
14781
14783
14785
14787
14790
14792
14793
14796
14798
14799
14802
14803
14806
14808
14809
14812
14814
14815
14818
14820
14822
14824
14826
14828
14830
14831
14834
14836
14838
14840
14842
14844
14846
14848
14850
14852
14854
14856
14858
14860
14862
14864
14866
14868
14870
14872
14874
14876
14878
14880
14882
14884
14886
14888
14890
14892
14894
14896
14898
14900
14902
14904
14906
14908
14910
14912
14914
14916
14919
14921
14923
14925
14927
14929
14931
14933
14935
14937
14939
14941
14943
14946
14948
14950
14952
14954
14956
14958
14960
14962
14964
14966
14968
14970
14973
14975
14977
14979
14981
14983
14985
14987
14989
14991
14993
14995
14997
15000
15002
15004
15006
15008
15010
15012
15014
15016
15018
15020
15022
15024
15026
15029
15031
15033
15035
15037
15039
15041
15043
15045
15047
15049
15051
15053
15056
15058
15060
15062
15064
15066
15068
15070
15072
15074
15076
15078
15080
15083
15085
15087
15089
15091
15093
15095
15097
15099
15101
15103
15105
15107
15110
15111
15113
15115
15117
15119
15121
15123
15125
15127
15129
15131
15133
15135
15136
15138
15140
15142
15144
15146
15148
15150
15152
15154
15156
15158
15160
15161
15163
15165
15167
15169
15171
15173
15175
15177
15179
15181
15183
15185
15186
15188
15190
15192
15194
15196
15198
15200
15202
15204
15206
15208
15210
15212
15214
15216
15218
15220
15222
15224
15226
15228
15230
15232
15234
15236
15239
15241
15243
15245
15247
15249
15251
15253
15255
15257
15259
15261
15263
15266
15268
15270
15272
15274
15276
15278
15280
15282
15284
15286
15288
15290
15293
15295
15297
15299
15301
15303
15305
15307
15309
15311
15313
15315
15317
15320
15322
15324
15326
15329
15331
15333
15336
15338
15340
15343
15345
15347
15350
15352
15354
15357
15359
15361
15364
15366
15368
15371
15373
15375
15378
15380
15382
15385
15387
15389
15392
15394
15396
15399
15401
15403
15406
15408
15410
15413
15415
15417
15420
15422
15425
15427
15430
15432
15435
15437
15440
15443
15445
15448
15450
15453
15455
15458
15460
15463
15466
15468
15471
15473
15476
15478
15481
15483
15486
15489
15491
15494
15496
15499
15501
15504
15506
15509
15512
15514
15517
15519
15522
15524
15527
15530
15531
15533
15535
15537
15539
15541
15543
15545
15546
15548
15550
15552
15554
15556
15558
15560
15562
15563
15565
15567
15569
15571
15573
15575
15577
15579
15580
15582
15584
15586
15588
15590
15592
15594
15596
15597
15599
15601
15603
15605
15607
15609
15611
15613
15614
15616
15618
15620
15622
15624
15626
15628
15630
15632
15635
15638
15641
15644
15646
15649
15652
15655
15658
15661
15663
15666
15669
15672
15675
15677
15680
15683
15686
15689
15692
15694
15697
15700
15703
15706
15708
15711
15714
15717
15720
15723
15725
15728
15731
15734
15737
15740
15742
15744
15746
15749
15751
15753
15756
15758
15760
15762
15765
15767
15769
15772
15774
15776
15778
15781
15783
15785
15788
15790
15792
15795
15797
15799
15801
15804
15806
15808
15811
15813
15815
15817
15820
15822
15824
15827
15829
15831
15833
15836
15838
15840
15843
15845
15847
15850
15852
15854
15856
15859
15861
15863
15866
15868
15870
15873
15875
15877
15880
15882
15884
15887
15889
15891
15894
15896
15898
15901
15903
15905
15908
15910
15912
15915
15917
15919
15922
15924
15926
15929
15931
15933
15936
15938
15940
15943
15945
15947
15950
15952
15954
15957
15959
15961
15964
15966
15968
15971
15973
15975
15978
15980
15982
15985
15987
15989
15992
15994
15996
15999
16001
16003
16006
16008
16010
16013
16015
16017
16020
16022
16024
16027
16029
16031
16034
16036
16038
16041
16043
16045
16048
16050
16052
16055
16057
16059
16062
16064
16066
16068
16070
16072
16074
16077
16079
16081
16083
16085
16087
16089
16091
16094
16096
16098
16100
16102
16104
16106
16108
16111
16113
16115
16117
16119
16121
16123
16125
16128
16130
16132
16134
16136
16138
16140
16142
16145
16147
16149
16151
16153
16155
16157
16160
16162
16165
16167
16170
16173
16175
16178
16180
16183
16186
16188
16191
16193
16196
16199
16201
16204
16206
16209
16212
16214
16217
16219
16222
16225
16227
16230
16233
16235
16238
16240
16243
16246
16248
16251
16253
16256
16259
16261
16264
16266
16269
16272
16274
16277
16280
16282
16284
16286
16289
16291
16293
16295
16298
16300
16302
16305
16307
16309
16311
16314
16316
16318
16320
16323
16325
16327
16330
16332
16334
16336
16339
16341
16343
16345
16348
16350
16352
16355
16357
16359
16361
16364
16366
16368
16370
16373
16375
16377
16379
16382
16384
16386
16388
16391
16393
16395
16397
16399
16401
16404
16406
16408
16410
16413
16415
16417
16419
16421
16424
16426
16428
16430
16432
16435
16437
16439
16441
16443
16445
16448
16450
16452
16454
16456
16459
16461
16463
16465
16468
16470
16472
16474
16476
16479
16481
16483
16485
16487
16490
16492
16495
16498
16501
16504
16506
16509
16512
16515
16518
16521
16523
16526
16529
16532
16535
16537
16540
16543
16546
16549
16552
16554
16557
16560
16563
16566
16568
16571
16574
16577
16580
16583
16585
16588
16591
16594
16597
16600
16603
16606
16609
16612
16616
16619
16622
16625
16629
16632
16635
16638
16641
16645
16648
16651
16654
16658
16661
16664
16667
16670
16674
16677
16680
16683
16687
16690
16693
16696
16700
16702
16705
16708
16710
16713
16716
16719
16721
16724
16727
16730
16732
16735
16738
16740
16743
16746
16749
16751
16754
16757
16759
16762
16765
16768
16770
16773
16776
16779
16781
16784
16787
16790
16792
16795
16798
16800
16803
16806
16809
16811
16814
16817
16820
16822
16824
16826
16828
16831
16833
16835
16837
16840
16842
16844
16846
16848
16851
16853
16855
16857
16860
16862
16864
16866
16868
16871
16873
16875
16877
16880
16882
16884
16886
16888
16891
16893
16895
16897
16900
16902
16904
16906
16908
16911
16913
16915
16917
16920
16922
16925
16928
16930
16933
16936
16938
16941
16944
16946
16949
16952
16954
16957
16960
16962
16965
16968
16970
16973
16976
16979
16981
16984
16987
16989
16992
16995
16997
17000
17003
17005
17008
17011
17013
17016
17019
17021
17024
17027
17030
17032
17034
17036
17038
17040
17043
17045
17047
17049
17051
17053
17056
17058
17060
17062
17064
17066
17069
17071
17073
17075
17077
17080
17082
17084
17086
17088
17090
17093
17095
17097
17099
17101
17103
17106
17108
17110
17112
17114
17116
17119
17121
17123
17125
17127
17130
17132
17134
17137
17140
17142
17145
17147
17150
17152
17154
17157
17160
17162
17165
17167
17169
17172
17174
17177
17180
17182
17185
17187
17189
17192
17195
17197
17200
17202
17205
17207
17209
17212
17215
17217
17220
17222
17224
17227
17229
17232
17235
17237
17240
17241
17243
17245
17247
17249
17251
17253
17255
17257
17259
17261
17263
17265
17267
17269
17271
17273
17275
17277
17279
17281
17283
17285
17287
17289
17291
17293
17295
17296
17298
17300
17302
17304
17306
17308
17310
17312
17314
17316
17318
17320
17322
17324
17326
17328
17330
17332
17334
17336
17338
17340
17342
17344
17346
17348
17350
17352
17354
17356
17358
17361
17363
17365
17367
17370
17372
17374
17376
17378
17381
17383
17385
17387
17390
17392
17394
17396
17398
17401
17403
17405
17407
17410
17412
17414
17416
17418
17421
17423
17425
17427
17430
17432
17434
17436
17438
17441
17443
17445
17447
17450
17452
17454
17457
17459
17461
17464
17466
17468
17471
17473
17475
17478
17480
17482
17485
17487
17489
17492
17494
17496
17499
17501
17503
17506
17508
17510
17513
17515
17517
17520
17522
17524
17527
17529
17531
17534
17536
17538
17541
17543
17545
17548
17550
17552
17555
17557
17560
17562
17564
17566
17568
17570
17572
17574
17576
17578
17580
17582
17584
17586
17588
17590
17592
17594
17596
17598
17600
17602
17604
17606
17608
17611
17613
17615
17617
17619
17621
17623
17625
17627
17629
17631
17633
17635
17637
17639
17641
17643
17645
17647
17649
17651
17653
17655
17657
17660
17662
17665
17667
17670
17672
17675
17677
17680
17683
17685
17688
17690
17693
17695
17698
17700
17703
17706
17708
17711
17713
17716
17718
17721
17723
17726
17729
17731
17734
17736
17739
17741
17744
17746
17749
17752
17754
17757
17759
17762
17764
17767
17770
17772
17774
17776
17778
17780
17782
17785
17787
17789
17791
17793
17795
17798
17800
17802
17804
17806
17808
17810
17813
17815
17817
17819
17821
17823
17826
17828
17830
17832
17834
17836
17839
17841
17843
17845
17847
17849
17851
17854
17856
17858
17860
17862
17864
17867
17869
17871
17873
17875
17877
17880
17882
17884
17886
17888
17891
17893
17895
17897
17900
17902
17904
17906
17909
17911
17913
17915
17918
17920
17922
17924
17927
17929
17931
17933
17936
17938
17940
17942
17945
17947
17949
17951
17954
17956
17958
17960
17963
17965
17967
17969
17972
17974
17976
17978
17981
17983
17985
17987
17990
17992
17995
17998
18000
18003
18006
18008
18011
18014
18016
18019
18022
18024
18027
18030
18032
18035
18038
18040
18043
18046
18049
18051
18054
18057
18059
18062
18065
18067
18070
18073
18075
18078
18081
18083
18086
18089
18091
18094
18097
18100
18102
18104
18106
18108
18111
18113
18115
18117
18120
18122
18124
18126
18128
18131
18133
18135
18137
18140
18142
18144
18146
18148
18151
18153
18155
18157
18160
18162
18164
18166
18168
18171
18173
18175
18177
18180
18182
18184
18186
18188
18191
18193
18195
18197
18200
18202
18204
18207
18209
18211
18214
18216
18219
18221
18223
18226
18228
18231
18233
18235
18238
18240
18243
18245
18247
18250
18252
18255
18257
18259
18262
18264
18266
18269
18271
18274
18276
18278
18281
18283
18286
18288
18290
18293
18295
18298
18300
18302
18305
18307
18310
18312
18314
18317
18320
18322
18325
18327
18330
18332
18335
18337
18340
18342
18345
18347
18349
18352
18355
18357
18360
18362
18365
18367
18370
18372
18375
18377
18380
18382
18384
18387
18390
18392
18395
18397
18400
18402
18405
18407
18410
18412
18414
18417
18419
18421
18424
18426
18429
18431
18433
18436
18438
18441
18443
18445
18448
18450
18453
18455
18457
18460
18462
18465
18467
18469
18472
18474
18476
18479
18481
18484
18486
18488
18491
18493
18496
18498
18500
18503
18505
18508
18510
18512
18515
18517
18520
18522
18524
18526
18528
18531
18533
18535
18537
18540
18542
18544
18546
18549
18551
18553
18555
18558
18560
18562
18564
18567
18569
18571
18573
18576
18578
18580
18582
18585
18587
18589
18591
18594
18596
18598
18600
18603
18605
18607
18609
18612
18614
18616
18618
18621
18623
18625
18627
18630
18632
18634
18637
18639
18642
18644
18647
18649
18651
18654
18656
18659
18661
18664
18666
18669
18671
18674
18676
18678
18681
18683
18686
18688
18691
18693
18695
18698
18700
18703
18705
18708
18710
18713
18715
18718
18720
18722
18725
18727
18730
18732
18735
18737
18740
18742
18744
18747
18749
18751
18754
18756
18758
18761
18763
18765
18768
18770
18772
18775
18777
18779
18782
18784
18786
18789
18791
18793
18796
18798
18800
18803
18805
18807
18810
18812
18814
18817
18819
18821
18824
18826
18828
18831
18833
18835
18838
18840
18842
18845
18847
18850
18852
18855
18858
18861
18864
18867
18870
18872
18875
18878
18881
18884
18887
18890
18892
18895
18898
18901
18904
18907
18910
18912
18915
18918
18921
18924
18927
18930
18932
18935
18938
18941
18944
18947
18950
18952
18954
18956
18958
18960
18962
18964
18966
18968
18970
18972
18974
18976
18979
18981
18983
18985
18987
18989
18991
18993
18995
18997
18999
19001
19003
19006
19008
19010
19012
19014
19016
19018
19020
19022
19024
19026
19028
19030
19033
19035
19037
19039
19041
19043
19045
19047
19049
19051
19053
19055
19057
19060
19063
19066
19069
19072
19075
19078
19082
19085
19088
19091
19094
19097
19100
19104
19107
19110
19113
19116
19119
19122
19126
19129
19132
19135
19138
19141
19144
19148
19151
19154
19157
19160
19163
19166
19170
19172
19174
19176
19178
19180
19182
19185
19187
19189
19191
19193
19195
19198
19200
19202
19204
19206
19208
19210
19213
19215
19217
19219
19221
19223
19226
19228
19230
19232
19234
19236
19239
19241
19243
19245
19247
19249
19251
19254
19256
19258
19260
19262
19264
19267
19269
19271
19273
19275
19277
19280
19282
19284
19287
19289
19291
19294
19296
19299
19301
19303
19306
19308
19310
19313
19315
19318
19320
19322
19325
19327
19330
19332
19334
19337
19339
19341
19344
19346
19349
19351
19353
19356
19358
19360
19363
19365
19368
19370
19372
19375
19377
19380
19382
19384
19387
19390
19392
19395
19397
19400
19402
19404
19407
19410
19412
19415
19417
19419
19422
19424
19427
19430
19432
19435
19437
19439
19442
19445
19447
19450
19452
19455
19457
19459
19462
19465
19467
19470
19472
19474
19477
19479
19482
19485
19487
19490
19491
19493
19495
19497
19499
19500
19502
19504
19506
19508
19510
19512
19513
19515
19517
19519
19521
19523
19524
19526
19528
19530
19532
19534
19535
19537
19539
19541
19543
19545
19546
19548
19550
19552
19554
19556
19557
19559
19561
19563
19565
19567
19568
19570
19572
19574
19576
19578
19579
19581
19583
19585
19587
19589
19590
19592
19594
19596
19598
19600
19601
19603
19605
19607
19609
19611
19613
19615
19616
19618
19620
19622
19624
19626
19628
19630
19632
19633
19635
19637
19639
19641
19643
19645
19647
19649
19650
19652
19654
19656
19658
19660
19662
19664
19666
19667
19669
19671
19673
19675
19677
19679
19681
19683
19684
19686
19688
19690
19692
19694
19696
19698
19700
19701
19703
19705
19707
19709
19711
19713
19715
19717
19719
19721
19723
19725
19727
19728
19730
19732
19734
19736
19738
19740
19742
19744
19746
19748
19750
19752
19754
19755
19757
19759
19761
19763
19765
19767
19769
19771
19773
19775
19777
19779
19781
19782
19784
19786
19788
19790
19792
19794
19796
19798
19800
19802
19804
19806
19808
19810
19812
19814
19816
19818
19820
19822
19824
19826
19828
19830
19832
19835
19837
19839
19841
19843
19845
19847
19849
19851
19853
19855
19857
19860
19862
19864
19866
19868
19870
19872
19874
19876
19878
19880
19882
19884
19887
19889
19891
19893
19895
19897
19899
19901
19903
19905
19907
19910
19912
19914
19916
19918
19920
19922
19925
19927
19929
19931
19933
19935
19938
19940
19942
19944
19946
19948
19950
19953
19955
19957
19959
19961
19963
19966
19968
19970
19972
19974
19976
19979
19981
19983
19985
19987
19989
19991
19994
19996
19998
20000
20002
20004
20007
20009
20011
20013
20015
20017
20020
20022
20024
20027
20029
20032
20034
20037
20039
20041
20044
20046
20049
20051
20054
20056
20059
20061
20064
20066
20068
20071
20073
20076
20078
20081
20083
20086
20088
20090
20093
20095
20098
20100
20103
20105
20108
20110
20112
20115
20117
20120
20122
20125
20127
20130
20132
20134
20137
20139
20141
20144
20146
20148
20151
20153
20155
20158
20160
20162
20165
20167
20169
20172
20174
20176
20179
20181
20183
20186
20188
20190
20193
20195
20197
20200
20202
20204
20207
20209
20211
20214
20216
20218
20221
20223
20225
20228
20230
20232
20235
20237
20240
20242
20244
20246
20248
20250
20253
20255
20257
20259
20262
20264
20266
20268
20270
20273
20275
20277
20279
20281
20284
20286
20288
20290
20292
20295
20297
20299
20301
20303
20306
20308
20310
20312
20314
20317
20319
20321
20323
20325
20328
20330
20332
20334
20336
20339
20341
20343
20345
20347
20350
20352
20354
20356
20358
20360
20362
20364
20367
20369
20371
20373
20375
20377
20379
20381
20384
20386
20388
20390
20392
20394
20396
20398
20401
20403
20405
20407
20409
20411
20413
20415
20418
20420
20422
20424
20426
20428
20430
20432
20435
20437
20439
20441
20443
20445
20447
20450
20452
20455
20458
20461
20464
20466
20469
20472
20475
20478
20481
20483
20486
20489
20492
20495
20497
20500
20503
20506
20509
20512
20514
20517
20520
20523
20526
20528
20531
20534
20537
20540
20543
20545
20548
20551
20554
20557
20560
20562
20564
20567
20569
20572
20574
20577
20579
20581
20584
20586
20589
20591
20594
20596
20599
20601
20603
20606
20608
20611
20613
20616
20618
20620
20623
20625
20628
20630
20633
20635
20638
20640
20642
20645
20647
20650
20652
20655
20657
20660
20662
20665
20668
20671
20674
20677
20680
20683
20686
20688
20691
20694
20697
20700
20703
20706
20709
20712
20715
20717
20720
20723
20726
20729
20732
20735
20738
20741
20743
20746
20749
20752
20755
20758
20761
20764
20767
20770
20772
20775
20777
20780
20782
20785
20787
20790
20793
20795
20798
20800
20803
20805
20808
20810
20813
20816
20818
20821
20823
20826
20828
20831
20833
20836
20839
20841
20844
20846
20849
20851
20854
20856
20859
20862
20864
20867
20869
20872
20874
20877
20880
20882
20885
20887
20890
20892
20895
20897
20900
20903
20905
20908
20910
20913
20915
20918
20920
20923
20926
20928
20931
20933
20936
20938
20941
20943
20946
20949
20951
20954
20956
20959
20961
20964
20966
20969
20972
20974
20977
20979
20982
20984
20987
20990
20992
20994
20997
20999
21001
21004
21006
21008
21011
21013
21015
21018
21020
21022
21025
21027
21029
21032
21034
21036
21039
21041
21043
21046
21048
21050
21053
21055
21057
21060
21062
21064
21067
21069
21071
21074
21076
21078
21081
21083
21085
21088
21090
21092
21095
21097
21100
21102
21105
21108
21111
21113
21116
21119
21122
21125
21127
21130
21133
21136
21138
21141
21144
21147
21150
21152
21155
21158
21161
21163
21166
21169
21172
21175
21177
21180
21183
21186
21188
21191
21194
21197
21200
21202
21204
21207
21209
21211
21214
21216
21219
21221
21223
21226
21228
21231
21233
21235
21238
21240
21243
21245
21247
21250
21252
21255
21257
21259
21262
21264
21266
21269
21271
21274
21276
21278
21281
21283
21286
21288
21290
21293
21295
21298
21300
21302
21305
21307
21310
21311
21314
21316
21317
21320
21322
21323
21326
21328
21330
21332
21334
21336
21337
21340
21342
21343
21346
21348
21349
21352
21354
21355
21358
21360
21362
21364
21366
21368
21370
21372
21374
21376
21378
21380
21382
21384
21386
21387
21390
21392
21394
21396
21398
21400
21402
21404
21406
21408
21410
21412
21415
21417
21420
21422
21425
21427
21430
21433
21435
21438
21440
21443
21445
21448
21450
21453
21456
21458
21461
21463
21466
21468
21471
21473
21476
21479
21481
21484
21486
21489
21491
21494
21496
21499
21502
21504
21507
21509
21512
21514
21517
21520
21522
21525
21527
21530
21533
21535
21538
21540
21543
21546
21548
21551
21554
21556
21559
21561
21564
21567
21569
21572
21575
21577
21580
21582
21585
21588
21590
21593
21595
21598
21601
21603
21606
21609
21611
21614
21616
21619
21622
21624
21627
21630
21632
21635
21637
21640
21643
21645
21648
21650
21653
21656
21658
21661
21664
21666
21669
21671
21674
21677
21679
21682
21685
21687
21690
21692
21695
21698
21700
21703
21705
21708
21711
21713
21716
21719
21721
21724
21726
21729
21732
21734
21737
21740
21742
21745
21748
21751
21754
21757
21760
21763
21766
21768
21771
21774
21777
21780
21783
21786
21789
21792
21795
21797
21800
21803
21806
21809
21812
21815
21818
21821
21823
21826
21829
21832
21835
21838
21841
21844
21847
21850
21852
21855
21857
21860
21862
21865
21867
21870
21873
21875
21878
21880
21883
21885
21888
21891
21893
21896
21898
21901
21903
21906
21908
21911
21914
21916
21919
21921
21924
21926
21929
21932
21934
21937
21939
21942
21944
21947
21950
21952
21955
21958
21960
21963
21966
21968
21971
21974
21976
21979
21982
21984
21987
21990
21992
21995
21998
22000
22003
22006
22009
22011
22014
22017
22019
22022
22025
22027
22030
22033
22035
22038
22041
22043
22046
22049
22051
22054
22057
22060
22062
22064
22066
22068
22071
22073
22075
22077
22080
22082
22084
22086
22088
22091
22093
22095
22097
22099
22102
22104
22106
22108
22111
22113
22115
22117
22120
22122
22124
22126
22128
22131
22133
22135
22137
22140
22142
22144
22146
22148
22151
22153
22155
22157
22160
22162
22164
22167
22169
22171
22174
22176
22178
22181
22183
22185
22188
22190
22192
22195
22197
22199
22202
22204
22206
22209
22211
22213
22216
22218
22220
22223
22225
22227
22230
22232
22234
22237
22239
22241
22244
22246
22248
22251
22253
22255
22258
22260
22262
22265
22267
22270
22272
22274
22276
22278
22281
22283
22285
22287
22289
22291
22294
22296
22298
22300
22303
22305
22307
22309
22311
22314
22316
22318
22320
22322
22325
22327
22329
22331
22333
22336
22338
22340
22342
22344
22346
22349
22351
22353
22355
22358
22360
22362
22364
22366
22369
22371
22373
22375
22377
22380
22382
22384
22386
22389
22391
22393
22396
22398
22400
22402
22405
22407
22409
22412
22414
22416
22418
22421
22423
22425
22428
22430
22432
22435
22437
22439
22441
22444
22446
22448
22451
22453
22455
22457
22460
22462
22464
22467
22469
22471
22473
22476
22478
22480
22483
22485
22487
22490
22492
22494
22497
22499
22501
22504
22506
22508
22511
22513
22515
22518
22520
22522
22525
22527
22529
22532
22534
22536
22539
22541
22543
22546
22548
22550
22553
22555
22557
22560
22562
22564
22567
22569
22571
22574
22576
22578
22581
22583
22585
22588
22590
22592
22595
22597
22600
22602
22604
22607
22609
22612
22614
22617
22619
22621
22624
22626
22629
22631
22634
22636
22639
22641
22643
22646
22648
22651
22653
22656
22658
22660
22663
22665
22668
22670
22673
22675
22678
22680
22682
22685
22687
22690
22692
22695
22697
22700
22702
22704
22706
22708
22710
22712
22715
22717
22719
22721
22723
22725
22728
22730
22732
22734
22736
22738
22740
22743
22745
22747
22749
22751
22753
22756
22758
22760
22762
22764
22766
22769
22771
22773
22775
22777
22779
22781
22784
22786
22788
22790
22792
22794
22797
22799
22801
22803
22805
22807
22810
22811
22813
22815
22817
22819
22821
22822
22824
22826
22828
22830
22832
22834
22835
22837
22839
22841
22843
22845
22847
22848
22850
22852
22854
22856
22858
22860
22861
22863
22865
22867
22869
22871
22872
22874
22876
22878
22880
22882
22884
22885
22887
22889
22891
22893
22895
22897
22898
22900
22902
22904
22906
22908
22910
22912
22914
22916
22919
22921
22923
22926
22928
22930
22932
22935
22937
22939
22942
22944
22946
22948
22951
22953
22955
22958
22960
22962
22965
22967
22969
22971
22974
22976
22978
22981
22983
22985
22987
22990
22992
22994
22997
22999
23001
23003
23006
23008
23010
23013
23015
23017
23020
23022
23024
23026
23028
23030
23032
23034
23036
23039
23041
23043
23045
23047
23049
23051
23053
23055
23058
23060
23062
23064
23066
23068
23070
23072
23075
23077
23079
23081
23083
23085
23087
23089
23091
23094
23096
23098
23100
23102
23104
23106
23108
23110
23113
23115
23117
23119
23121
23123
23125
23127
23130
23132
23134
23136
23139
23141
23143
23146
23148
23150
23152
23155
23157
23159
23162
23164
23166
23168
23171
23173
23175
23178
23180
23182
23185
23187
23189
23191
23194
23196
23198
23201
23203
23205
23207
23210
23212
23214
23217
23219
23221
23223
23226
23228
23230
23233
23235
23237
23240
23242
23244
23246
23248
23251
23253
23255
23257
23259
23262
23264
23266
23268
23271
23273
23275
23277
23279
23282
23284
23286
23288
23291
23293
23295
23297
23299
23302
23304
23306
23308
23311
23313
23315
23317
23320
23322
23324
23326
23328
23331
23333
23335
23337
23340
23342
23344
23346
23348
23351
23353
23355
23357
23360
23362
23364
23366
23368
23370
23373
23375
23377
23379
23381
23383
23386
23388
23390
23392
23394
23396
23399
23401
23403
23405
23407
23410
23412
23414
23416
23418
23420
23423
23425
23427
23429
23431
23433
23436
23438
23440
23442
23444
23446
23449
23451
23453
23455
23457
23460
23462
23464
23467
23469
23471
23474
23476
23478
23481
23483
23485
23488
23490
23492
23495
23497
23499
23502
23504
23506
23509
23511
23513
23516
23518
23520
23523
23525
23527
23530
23532
23534
23537
23539
23541
23544
23546
23548
23551
23553
23555
23558
23560
23562
23565
23567
23570
23572
23575
23578
23581
23583
23586
23589
23592
23595
23597
23600
23603
23606
23608
23611
23614
23617
23620
23622
23625
23628
23631
23633
23636
23639
23642
23645
23647
23650
23653
23656
23658
23661
23664
23667
23670
23672
23675
23677
23680
23682
23685
23687
23690
23693
23695
23698
23700
23703
23705
23708
23710
23713
23716
23718
23721
23723
23726
23728
23731
23733
23736
23739
23741
23744
23746
23749
23751
23754
23756
23759
23762
23764
23767
23769
23772
23774
23777
23780
23782
23784
23786
23789
23791
23793
23795
23798
23800
23802
23805
23807
23809
23811
23814
23816
23818
23820
23823
23825
23827
23830
23832
23834
23836
23839
23841
23843
23845
23848
23850
23852
23855
23857
23859
23861
23864
23866
23868
23870
23873
23875
23877
23880
23882
23885
23888
23890
23893
23896
23898
23901
23904
23906
23909
23912
23914
23917
23920
23922
23925
23928
23930
23933
23936
23939
23941
23944
23947
23949
23952
23955
23957
23960
23963
23965
23968
23971
23973
23976
23979
23981
23984
23987
23990
23992
23994
23996
23999
24001
24003
24006
24008
24010
24012
24015
24017
24019
24022
24024
24026
24028
24031
24033
24035
24038
24040
24042
24045
24047
24049
24051
24054
24056
24058
24061
24063
24065
24067
24070
24072
24074
24077
24079
24081
24083
24086
24088
24090
24093
24095
24097
24100
24102
24105
24108
24111
24114
24117
24120
24122
24125
24128
24131
24134
24137
24140
24142
24145
24148
24151
24154
24157
24160
24162
24165
24168
24171
24174
24177
24180
24182
24185
24188
24191
24194
24197
24200
24202
24204
24206
24209
24211
24213
24216
24218
24220
24222
24225
24227
24229
24232
24234
24236
24238
24241
24243
24245
24248
24250
24252
24255
24257
24259
24261
24264
24266
24268
24271
24273
24275
24277
24280
24282
24284
24287
24289
24291
24293
24296
24298
24300
24303
24305
24307
24310
24312
24314
24317
24319
24321
24324
24326
24329
24331
24333
24336
24338
24340
24343
24345
24348
24350
24352
24355
24357
24360
24362
24364
24367
24369
24371
24374
24376
24379
24381
24383
24386
24388
24390
24393
24395
24398
24400
24402
24405
24407
24410
24412
24415
24418
24421
24424
24427
24430
24433
24436
24438
24441
24444
24447
24450
24453
24456
24459
24462
24465
24467
24470
24473
24476
24479
24482
24485
24488
24491
24493
24496
24499
24502
24505
24508
24511
24514
24517
24520
24522
24524
24527
24529
24531
24534
24536
24538
24541
24543
24545
24548
24550
24552
24555
24557
24559
24562
24564
24566
24569
24571
24573
24576
24578
24580
24583
24585
24587
24590
24592
24594
24597
24599
24601
24604
24606
24608
24611
24613
24615
24618
24620
24622
24625
24627
24630
24632
24635
24638
24640
24643
24646
24649
24651
24654
24657
24660
24662
24665
24668
24670
24673
24676
24679
24681
24684
24687
24689
24692
24695
24698
24700
24703
24706
24709
24711
24714
24717
24720
24722
24725
24728
24730
24733
24736
24739
24741
24744
24747
24750
24752
24755
24757
24760
24762
24765
24767
24770
24773
24775
24778
24780
24783
24785
24788
24790
24793
24796
24798
24801
24803
24806
24808
24811
24813
24816
24819
24821
24824
24826
24829
24831
24834
24836
24839
24842
24844
24847
24849
24852
24854
24857
24860
24862
24864
24866
24868
24870
24873
24875
24877
24879
24881
24883
24886
24888
24890
24892
24894
24896
24899
24901
24903
24905
24907
24910
24912
24914
24916
24918
24920
24923
24925
24927
24929
24931
24933
24936
24938
24940
24942
24944
24946
24949
24951
24953
24955
24957
24960
24962
24964
24966
24968
24971
24973
24975
24977
24980
24982
24984
24986
24989
24991
24993
24995
24998
25000
25002
25004
25007
25009
25011
25013
25016
25018
25020
25022
25025
25027
25029
25031
25034
25036
25038
25040
25043
25045
25047
25049
25052
25054
25056
25058
25061
25063
25065
25067
25070
25071
25073
25075
25077
25079
25081
25083
25085
25087
25089
25091
25093
25095
25096
25098
25100
25102
25104
25106
25108
25110
25112
25114
25116
25118
25120
25121
25123
25125
25127
25129
25131
25133
25135
25137
25139
25141
25143
25145
25146
25148
25150
25152
25154
25156
25158
25160
25162
25164
25166
25168
25170
25171
25173
25175
25177
25179
25181
25183
25185
25187
25189
25191
25193
25195
25197
25198
25200
25202
25204
25206
25208
25210
25212
25214
25216
25218
25220
25222
25224
25225
25227
25229
25231
25233
25235
25237
25239
25241
25243
25245
25247
25249
25251
25252
25254
25256
25258
25260
25262
25264
25266
25268
25270
25272
25274
25276
25278
25280
25282
25284
25286
25288
25290
25292
25294
25296
25298
25300
25302
25304
25306
25308
25310
25312
25314
25316
25318
25320
25322
25324
25326
25328
25331
25333
25335
25337
25339
25341
25343
25345
25347
25349
25351
25353
25355
25357
25359
25361
25363
25365
25367
25369
25371
25373
25375
25377
25380
25382
25385
25388
25391
25394
25396
25399
25402
25405
25408
25411
25413
25416
25419
25422
25425
25427
25430
25433
25436
25439
25442
25444
25447
25450
25453
25456
25458
25461
25464
25467
25470
25473
25475
25478
25481
25484
25487
25490
25492
25494
25496
25498
25500
25502
25505
25507
25509
25511
25513
25515
25518
25520
25522
25524
25526
25528
25530
25533
25535
25537
25539
25541
25543
25546
25548
25550
25552
25554
25556
25559
25561
25563
25565
25567
25569
25571
25574
25576
25578
25580
25582
25584
25587
25589
25591
25593
25595
25597
25600
25602
25604
25606
25609
25611
25613
25616
25618
25620
25623
25625
25627
25630
25632
25634
25637
25639
25641
25644
25646
25648
25651
25653
25655
25658
25660
25662
25665
25667
25669
25672
25674
25676
25679
25681
25683
25686
25688
25690
25693
25695
25697
25700
25702
25705
25708
25710
25713
25716
25718
25721
25724
25726
25729
25732
25734
25737
25740
25742
25745
25748
25750
25753
25756
25759
25761
25764
25767
25769
25772
25775
25777
25780
25783
25785
25788
25791
25793
25796
25799
25801
25804
25807
25810
25812
25814
25817
25819
25821
25824
25826
25829
25831
25833
25836
25838
25840
25843
25845
25848
25850
25852
25855
25857
25860
25862
25864
25867
25869
25871
25874
25876
25879
25881
25883
25886
25888
25890
25893
25895
25898
25900
25902
25905
25907
25910
25912
25915
25918
25921
25924
25927
25930
25933
25936
25938
25941
25944
25947
25950
25953
25956
25959
25962
25965
25967
25970
25973
25976
25979
25982
25985
25988
25991
25993
25996
25999
26002
26005
26008
26011
26014
26017
26020
26022
26024
26027
26029
26031
26034
26036
26038
26041
26043
26045
26048
26050
26052
26055
26057
26059
26062
26064
26066
26069
26071
26073
26076
26078
26080
26083
26085
26087
26090
26092
26094
26097
26099
26101
26104
26106
26108
26111
26113
26115
26118
26120
26122
26125
26127
26130
26132
26135
26137
26140
26142
26145
26147
26150
26153
26155
26158
26160
26163
26165
26168
26170
26173
26176
26178
26181
26183
26186
26188
26191
26193
26196
26199
26201
26204
26206
26209
26211
26214
26216
26219
26222
26224
26227
26229
26232
26234
26237
26240
26242
26244
26246
26248
26250
26252
26254
26256
26259
26261
26263
26265
26267
26269
26271
26273
26275
26278
26280
26282
26284
26286
26288
26290
26292
26294
26297
26299
26301
26303
26305
26307
26309
26311
26314
26316
26318
26320
26322
26324
26326
26328
26330
26333
26335
26337
26339
26341
26343
26345
26347
26350
26352
26354
26357
26359
26362
26364
26367
26369
26371
26374
26376
26379
26381
26384
26386
26389
26391
26393
26396
26398
26401
26403
26406
26408
26410
26413
26415
26418
26420
26423
26425
26428
26430
26432
26435
26437
26440
26442
26445
26447
26450
26452
26454
26456
26458
26461
26463
26465
26467
26470
26472
26474
26476
26479
26481
26483
26485
26488
26490
26492
26494
26497
26499
26501
26503
26506
26508
26510
26512
26515
26517
26519
26521
26524
26526
26528
26530
26533
26535
26537
26539
26542
26544
26546
26548
26551
26553
26555
26557
26560
26562
26564
26566
26568
26571
26573
26575
26577
26580
26582
26584
26586
26588
26591
26593
26595
26597
26599
26602
26604
26606
26608
26611
26613
26615
26617
26620
26622
26624
26626
26628
26631
26633
26635
26637
26640
26642
26644
26646
26648
26651
26653
26655
26657
26660
26662
26664
26666
26668
26670
26672
26675
26677
26679
26681
26683
26685
26688
26690
26692
26694
26696
26698
26700
26703
26705
26707
26709
26711
26713
26716
26718
26720
26722
26724
26726
26729
26731
26733
26735
26737
26739
26741
26744
26746
26748
26750
26752
26754
26757
26759
26761
26763
26765
26767
26770
26772
26774
26777
26779
26781
26784
26786
26789
26791
26793
26796
26798
26801
26803
26805
26808
26810
26813
26815
26817
26820
26822
26825
26827
26829
26832
26834
26836
26839
26841
26844
26846
26848
26851
26853
26856
26858
26860
26863
26865
26868
26870
26872
26875
26877
26880
26882
26884
26887
26890
26892
26895
26897
26900
26902
26904
26907
26910
26912
26915
26917
26919
26922
26924
26927
26930
26932
26935
26937
26939
26942
26945
26947
26950
26952
26955
26957
26959
26962
26965
26967
26970
26972
26974
26977
26979
26982
26985
26987
26990
26992
26994
26996
26998
27000
27002
27004
27006
27008
27010
27012
27014
27016
27018
27020
27022
27024
27026
27028
27030
27032
27034
27036
27038
27040
27042
27045
27047
27049
27051
27053
27055
27057
27059
27061
27063
27065
27067
27069
27071
27073
27075
27077
27079
27081
27083
27085
27087
27089
27091
27093
27095
27097
27100
27102
27104
27106
27108
27110
27112
27114
27116
27118
27120
27122
27125
27127
27129
27131
27133
27135
27137
27139
27141
27143
27145
27147
27150
27152
27154
27156
27158
27160
27162
27164
27166
27168
27170
27172
27175
27177
27179
27181
27183
27185
27187
27189
27191
27193
27195
27197
27200
27202
27204
27206
27208
27210
27212
27214
27216
27218
27220
27222
27224
27226
27229
27231
27233
27235
27237
27239
27241
27243
27245
27247
27249
27251
27253
27256
27258
27260
27262
27264
27266
27268
27270
27272
27274
27276
27278
27280
27283
27285
27287
27289
27291
27293
27295
27297
27299
27301
27303
27305
27307
27310
27311
27314
27316
27317
27320
27322
27323
27326
27328
27330
27332
27334
27336
27337
27340
27342
27343
27346
27348
27349
27352
27354
27355
27358
27360
27362
27364
27366
27368
27370
27372
27374
27376
27378
27380
27382
27384
27386
27387
27390
27392
27394
27396
27398
27400
27402
27404
27406
27408
27410
27412
27414
27416
27418
27420
27422
27424
27426
27429
27431
27433
27435
27437
27439
27441
27443
27445
27448
27450
27452
27454
27456
27458
27460
27462
27465
27467
27469
27471
27473
27475
27477
27479
27481
27484
27486
27488
27490
27492
27494
27496
27498
27500
27503
27505
27507
27509
27511
27513
27515
27517
27520
27522
27524
27526
27528
27530
27532
27534
27536
27538
27540
27542
27544
27546
27549
27551
27553
27555
27557
27559
27561
27563
27565
27567
27569
27571
27573
27576
27578
27580
27582
27584
27586
27588
27590
27592
27594
27596
27598
27600
27603
27605
27607
27609
27611
27613
27615
27617
27619
27621
27623
27625
27627
27630
27632
27634
27636
27638
27640
27642
27645
27647
27649
27651
27653
27655
27658
27660
27662
27664
27666
27668
27670
27673
27675
27677
27679
27681
27683
27686
27688
27690
27692
27694
27696
27699
27701
27703
27705
27707
27709
27711
27714
27716
27718
27720
27722
27724
27727
27729
27731
27733
27735
27737
27740
27742
27745
27747
27750
27753
27755
27758
27760
27763
27766
27768
27771
27774
27776
27779
27781
27784
27787
27789
27792
27795
27797
27800
27802
27805
27808
27810
27813
27815
27818
27821
27823
27826
27829
27831
27834
27836
27839
27842
27844
27847
27850
27852
27855
27857
27860
27862
27865
27867
27870
27873
27875
27878
27880
27883
27885
27888
27890
27893
27896
27898
27901
27903
27906
27908
27911
27913
27916
27919
27921
27924
27926
27929
27931
27934
27936
27939
27942
27944
27947
27949
27952
27954
27957
27960
27962
27964
27967
27969
27971
27974
27976
27978
27981
27983
27985
27988
27990
27992
27995
27997
27999
28002
28004
28006
28009
28011
28013
28016
28018
28020
28023
28025
28027
28030
28032
28034
28037
28039
28041
28044
28046
28048
28051
28053
28055
28058
28060
28062
28065
28067
28070
28072
28074
28076
28078
28080
28082
28084
28086
28088
28090
28092
28095
28097
28099
28101
28103
28105
28107
28109
28111
28113
28115
28117
28120
28122
28124
28126
28128
28130
28132
28134
28136
28138
28140
28142
28145
28147
28149
28151
28153
28155
28157
28159
28161
28163
28165
28167
28170
28172
28174
28177
28179
28181
28184
28186
28189
28191
28193
28196
28198
28201
28203
28205
28208
28210
28213
28215
28217
28220
28222
28225
28227
28229
28232
28234
28236
28239
28241
28244
28246
28248
28251
28253
28256
28258
28260
28263
28265
28268
28270
28272
28275
28277
28280
28282
28284
28286
28289
28291
28293
28295
28298
28300
28302
28305
28307
28309
28311
28314
28316
28318
28320
28323
28325
28327
28330
28332
28334
28336
28339
28341
28343
28345
28348
28350
28352
28355
28357
28359
28361
28364
28366
28368
28370
28373
28375
28377
28380
28382
28384
28386
28388
28390
28392
28395
28397
28399
28401
28403
28405
28408
28410
28412
28414
28416
28418
28420
28423
28425
28427
28429
28431
28433
28436
28438
28440
28442
28444
28446
28449
28451
28453
28455
28457
28459
28461
28464
28466
28468
28470
28472
28474
28477
28479
28481
28483
28485
28487
28490
28492
28494
28496
28499
28501
28503
28506
28508
28510
28512
28515
28517
28519
28522
28524
28526
28528
28531
28533
28535
28538
28540
28542
28545
28547
28549
28551
28554
28556
28558
28561
28563
28565
28567
28570
28572
28574
28577
28579
28581
28583
28586
28588
28590
28593
28595
28597
28600
28602
28604
28607
28609
28611
28614
28616
28619
28621
28623
28626
28628
28630
28633
28635
28638
28640
28642
28645
28647
28650
28652
28654
28657
28659
28661
28664
28666
28669
28671
28673
28676
28678
28680
28683
28685
28688
28690
28692
28695
28697
28700
28701
28703
28705
28707
28709
28711
28713
28715
28717
28719
28721
28723
28725
28727
28728
28730
28732
28734
28736
28738
28740
28742
28744
28746
28748
28750
28752
28754
28755
28757
28759
28761
28763
28765
28767
28769
28771
28773
28775
28777
28779
28781
28782
28784
28786
28788
28790
28792
28794
28796
28798
28800
28802
28804
28806
28808
28810
28812
28814
28816
28819
28821
28823
28826
28828
28830
28833
28835
28837
28840
28842
28844
28847
28849
28851
28854
28856
28858
28861
28863
28865
28868
28870
28872
28875
28877
28879
28882
28884
28886
28889
28891
28893
28896
28898
28900
28903
28905
28907
28910
28912
28914
28916
28918
28920
28922
28924
28926
28929
28931
28933
28935
28937
28939
28941
28943
28945
28948
28950
28952
28954
28956
28958
28960
28962
28965
28967
28969
28971
28973
28975
28977
28979
28981
28984
28986
28988
28990
28992
28994
28996
28998
29000
29003
29005
29007
29009
29011
29013
29015
29017
29020
29022
29024
29027
29029
29031
29034
29036
29039
29041
29043
29046
29048
29051
29053
29055
29058
29060
29063
29065
29067
29070
29072
29075
29077
29079
29082
29084
29086
29089
29091
29094
29096
29098
29101
29103
29106
29108
29110
29113
29115
29118
29120
29122
29125
29127
29130
29132
29135
29137
29140
29142
29145
29147
29150
29153
29155
29158
29160
29163
29165
29168
29170
29173
29176
29178
29181
29183
29186
29188
29191
29193
29196
29199
29201
29204
29206
29209
29211
29214
29216
29219
29222
29224
29227
29229
29232
29234
29237
29240
29242
29245
29248
29251
29254
29257
29260
29263
29266
29269
29272
29275
29278
29281
29284
29287
29290
29293
29296
29299
29302
29305
29308
29311
29314
29317
29320
29323
29326
29329
29332
29335
29338
29341
29344
29347
29350
29352
29354
29356
29359
29361
29363
29365
29368
29370
29372
29375
29377
29379
29381
29384
29386
29388
29390
29393
29395
29397
29400
29402
29404
29406
29409
29411
29413
29415
29418
29420
29422
29425
29427
29429
29431
29434
29436
29438
29440
29443
29445
29447
29450
29452
29455
29457
29460
29462
29465
29467
29470
29473
29475
29478
29480
29483
29485
29488
29490
29493
29496
29498
29501
29503
29506
29508
29511
29513
29516
29519
29521
29524
29526
29529
29531
29534
29536
29539
29542
29544
29547
29549
29552
29554
29557
29560
29562
29564
29566
29568
29570
29573
29575
29577
29579
29581
29583
29586
29588
29590
29592
29594
29596
29599
29601
29603
29605
29607
29610
29612
29614
29616
29618
29620
29623
29625
29627
29629
29631
29633
29636
29638
29640
29642
29644
29646
29649
29651
29653
29655
29657
29660
29662
29664
29666
29668
29671
29673
29675
29677
29679
29682
29684
29686
29688
29690
29693
29695
29697
29699
29701
29704
29706
29708
29710
29712
29715
29717
29719
29721
29723
29726
29728
29730
29732
29734
29737
29739
29741
29743
29745
29748
29750
29752
29754
29756
29759
29761
29763
29765
29767
29770
29772
29774
29776
29778
29780
29782
29784
29786
29789
29791
29793
29795
29797
29799
29801
29803
29805
29808
29810
29812
29814
29816
29818
29820
29822
29825
29827
29829
29831
29833
29835
29837
29839
29841
29844
29846
29848
29850
29852
29854
29856
29858
29860
29863
29865
29867
29869
29871
29873
29875
29877
29880
29882
29884
29887
29889
29891
29894
29896
29899
29901
29903
29906
29908
29911
29913
29915
29918
29920
29923
29925
29927
29930
29932
29935
29937
29939
29942
29944
29946
29949
29951
29954
29956
29958
29961
29963
29966
29968
29970
29973
29975
29978
29980
29982
29985
29987
29990
