2
5
8
11
14
17
20
23
26
29
32
35
38
41
44
47
50
53
56
59
62
65
68
71
74
77
80
83
86
89
92
95
98
101
104
107
110
116
122
128
135
141
147
153
160
166
172
178
185
191
197
203
210
214
218
222
226
231
235
239
243
248
252
256
260
265
269
273
277
281
286
290
294
298
303
307
311
315
320
325
331
337
343
349
355
361
367
372
378
384
390
396
402
408
414
420
425
431
436
442
447
453
458
464
469
475
480
486
491
497
502
508
513
519
524
530
535
540
545
551
556
561
566
572
577
582
587
593
598
603
608
614
619
624
630
636
642
648
654
660
666
672
678
685
691
697
703
709
715
721
727
733
740
744
749
754
759
763
768
773
778
783
787
792
797
802
806
811
816
821
826
830
835
840
845
850
854
859
863
868
872
877
881
886
890
895
899
904
909
913
918
922
927
931
936
940
945
950
954
959
964
969
973
978
983
988
993
997
1002
1007
1012
1016
1021
1026
1031
1036
1040
1045
1050
1055
1060
1065
1070
1075
1080
1085
1090
1095
1100
1105
1109
1115
1119
1125
1130
1135
1140
1145
1150
1155
1160
1166
1172
1178
1184
1190
1196
1202
1208
1214
1220
1226
1232
1238
1244
1250
1256
1262
1268
1274
1280
1284
1289
1294
1299
1303
1308
1313
1318
1322
1327
1332
1337
1341
1346
1351
1356
1360
1365
1370
1375
1380
1386
1392
1398
1404
1410
1416
1422
1428
1435
1441
1447
1453
1459
1465
1471
1477
1483
1490
1497
1504
1512
1519
1526
1534
1541
1548
1556
1563
1570
1578
1585
1592
1600
1605
1611
1617
1623
1629
1635
1641
1647
1652
1658
1664
1670
1676
1682
1688
1694
1700
1705
1710
1714
1720
1725
1730
1734
1740
1745
1750
1755
1760
1765
1770
1775
1780
1785
1790
1795
1800
1805
1810
1815
1820
1825
1831
1836
1841
1846
1852
1857
1862
1867
1873
1878
1883
1888
1894
1899
1904
1910
1914
1918
1922
1926
1930
1934
1938
1942
1946
1950
1954
1958
1962
1967
1971
1975
1979
1983
1987
1991
1995
1999
2003
2007
2011
2015
2020
2025
2030
2035
2040
2045
2050
2055
2060
2065
2070
2075
2080
2085
2090
2095
2100
2105
2110
2115
2120
2124
2128
2132
2136
2141
2145
2149
2153
2158
2162
2166
2170
2175
2179
2183
2187
2191
2196
2200
2204
2208
2213
2217
2221
2225
2230
2235
2240
2245
2250
2256
2261
2266
2271
2277
2282
2287
2292
2298
2303
2308
2313
2319
2324
2329
2334
2340
2345
2350
2355
2361
2366
2371
2376
2382
2387
2392
2397
2403
2408
2413
2418
2424
2429
2434
2440
2445
2452
2458
2464
2469
2476
2482
2488
2494
2500
2506
2512
2518
2524
2530
2536
2542
2548
2554
2560
2564
2569
2574
2579
2583
2588
2593
2598
2602
2607
2612
2617
2621
2626
2631
2636
2640
2645
2650
2655
2660
2665
2670
2675
2680
2686
2691
2696
2701
2707
2712
2717
2722
2728
2733
2738
2743
2749
2754
2759
2764
2770
2775
2780
2785
2790
2795
2800
2805
2810
2815
2820
2825
2830
2835
2840
2845
2850
2855
2860
2865
2870
2875
2881
2887
2893
2898
2904
2910
2916
2922
2927
2933
2939
2945
2951
2956
2962
2968
2974
2980
2985
2990
2995
3000
3006
3011
3016
3021
3027
3032
3037
3042
3048
3053
3058
3063
3069
3074
3079
3084
3090
3094
3099
3105
3110
3114
3120
3125
3130
3135
3139
3145
3150
3155
3160
3165
3170
3175
3179
3185
3190
3195
3200
3205
3210
3215
3219
3225
3230
3235
3240
3245
3250
3255
3260
3265
3270
3275
3280
3285
3290
3295
3300
3305
3310
3315
3320
3325
3330
3335
3340
3345
3350
3355
3360
3365
3370
3375
3380
3385
3390
3395
3400
3405
3410
3415
3420
3425
3430
3436
3441
3446
3451
3457
3462
3467
3472
3478
3483
3488
3493
3499
3504
3509
3514
3520
3526
3532
3538
3545
3551
3557
3563
3570
3576
3582
3588
3595
3601
3607
3613
3620
3625
3631
3636
3642
3647
3653
3658
3664
3669
3675
3680
3686
3691
3697
3702
3708
3713
3719
3724
3730
3734
3739
3744
3749
3753
3758
3763
3768
3773
3777
3782
3787
3792
3796
3801
3806
3811
3816
3820
3825
3830
3835
3840
3844
3849
3854
3859
3863
3868
3873
3878
3882
3887
3892
3897
3901
3906
3911
3916
3920
3925
3930
3935
3940
3945
3950
3955
3960
3966
3971
3976
3981
3987
3992
3997
4002
4008
4013
4018
4023
4029
4034
4039
4044
4050
4054
4059
4064
4069
4073
4078
4083
4088
4092
4097
4102
4107
4111
4116
4121
4126
4130
4135
4140
4145
4150
4155
4161
4166
4172
4177
4183
4188
4194
4199
4205
4210
4216
4221
4227
4232
4238
4243
4249
4254
4260
4265
4271
4277
4283
4288
4294
4300
4306
4312
4317
4323
4329
4335
4341
4346
4352
4358
4364
4370
4375
4380
4385
4390
4395
4400
4405
4410
4415
4420
4425
4430
4435
4440
4445
4450
4455
4460
4465
4470
4475
4480
4485
4490
4495
4500
4506
4511
4516
4521
4527
4532
4537
4542
4548
4553
4558
4563
4569
4574
4579
4584
4590
4595
4600
4605
4611
4616
4621
4626
4632
4637
4642
4647
4653
4658
4663
4668
4674
4679
4684
4690
4696
4702
4709
4715
4722
4728
4735
4741
4748
4754
4761
4767
4774
4780
4787
4793
4800
4804
4809
4814
4819
4823
4828
4833
4838
4842
4847
4852
4857
4861
4866
4871
4876
4880
4885
4890
4895
4900
4904
4909
4914
4919
4923
4928
4933
4938
4943
4947
4952
4957
4962
4966
4971
4976
4981
4986
4990
4995
5000
5005
5010
5015
5020
5025
5030
5036
5041
5046
5051
5057
5062
5067
5072
5078
5083
5088
5093
5099
5104
5109
5114
5120
5124
5129
5134
5139
5143
5148
5153
5158
5163
5167
5172
5177
5182
5186
5191
5196
5201
5206
5210
5215
5220
5225
5230
5235
5241
5247
5253
5258
5264
5270
5276
5282
5287
5293
5299
5305
5311
5316
5322
5328
5334
5340
5344
5349
5354
5359
5363
5368
5373
5378
5382
5387
5392
5397
5401
5406
5411
5416
5420
5425
5430
5435
5440
5445
5450
5455
5460
5465
5470
5475
5480
5485
5490
5495
5500
5505
5510
5515
5520
5524
5529
5535
5540
5545
5550
5555
5560
5563
5567
5571
5575
5579
5583
5586
5590
5594
5598
5602
5606
5609
5613
5617
5621
5625
5629
5633
5636
5640
5644
5648
5652
5656
5660
5664
5669
5674
5679
5683
5688
5693
5698
5703
5707
5712
5717
5722
5726
5731
5736
5741
5746
5750
5755
5760
5765
5770
5774
5779
5783
5788
5792
5797
5801
5806
5810
5815
5820
5824
5829
5833
5838
5842
5847
5851
5856
5860
5865
5870
5874
5878
5882
5886
5891
5895
5899
5903
5908
5912
5916
5920
5925
5929
5933
5937
5941
5946
5950
5954
5958
5963
5967
5971
5975
5980
5985
5990
5995
6000
6005
6010
6015
6020
6025
6030
6035
6040
6045
6050
6055
6060
6065
6070
6075
6080
6085
6090
6094
6099
6103
6108
6112
6117
6121
6126
6130
6135
6140
6144
6149
6153
6158
6162
6167
6171
6176
6180
6185
6190
6194
6199
6204
6209
6213
6218
6223
6228
6233
6237
6242
6247
6252
6256
6261
6266
6271
6276
6280
6285
6290
6295
6300
6304
6309
6313
6318
6322
6327
6331
6336
6340
6345
6350
6354
6359
6363
6368
6372
6377
6381
6386
6390
6395
6400
6406
6412
6418
6424
6430
6436
6442
6448
6454
6460
6466
6471
6478
6484
6490
6496
6502
6508
6513
6520
6524
6529
6534
6539
6543
6548
6553
6558
6562
6567
6572
6577
6581
6586
6591
6596
6600
6605
6610
6615
6620
6622
6625
6627
6630
6633
6635
6638
6640
6643
6646
6648
6651
6654
6656
6659
6661
6664
6667
6669
6672
6675
6677
6680
6682
6685
6688
6690
6693
6695
6698
6701
6703
6706
6709
6711
6714
6716
6719
6722
6724
6727
6730
6733
6737
6741
6745
6748
6752
6756
6760
6764
6767
6771
6775
6779
6783
6786
6790
6794
6798
6802
6805
6809
6813
6817
6821
6824
6828
6832
6836
6840
6843
6846
6849
6852
6856
6859
6862
6865
6869
6872
6875
6878
6881
6885
6888
6891
6894
6898
6901
6904
6907
6910
6914
6917
6920
6923
6927
6930
6933
6936
6940
6946
6952
6958
6964
6970
6976
6982
6988
6995
7001
7007
7013
7019
7025
7031
7037
7043
7050
7052
7055
7057
7060
7062
7065
7067
7070
7073
7075
7078
7080
7083
7085
7088
7091
7093
7096
7098
7101
7103
7106
7108
7111
7114
7116
7119
7121
7124
7126
7129
7132
7134
7137
7139
7142
7144
7147
7150
7152
7155
7157
7160
7163
7165
7168
7170
7173
7176
7178
7181
7184
7186
7189
7191
7194
7197
7199
7202
7205
7207
7210
7212
7215
7218
7220
7223
7225
7228
7231
7233
7236
7239
7241
7244
7246
7249
7252
7254
7257
7260
7263
7266
7269
7272
7275
7278
7281
7284
7287
7290
7293
7296
7299
7302
7305
7308
7311
7314
7318
7321
7324
7327
7330
7333
7336
7339
7342
7345
7348
7351
7354
7357
7360
7363
7366
7370
7372
7375
7377
7380
7382
7385
7387
7390
7392
7395
7397
7400
7402
7405
7407
7410
7412
7415
7417
7420
7422
7425
7427
7430
7432
7435
7437
7440
7442
7445
7447
7450
7452
7455
7457
7460
7462
7465
7467
7470
7472
7475
7477
7480
7482
7485
7488
7491
7494
7497
7500
7503
7506
7508
7511
7514
7517
7520
7523
7526
7529
7532
7535
7537
7540
7543
7546
7549
7552
7555
7558
7561
7563
7566
7569
7572
7575
7578
7581
7584
7587
7590
7592
7595
7598
7601
7603
7606
7609
7612
7615
7617
7620
7623
7626
7628
7631
7634
7637
7640
7642
7645
7648
7651
7653
7656
7659
7662
7665
7667
7670
7673
7676
7678
7681
7684
7687
7690
7692
7694
7697
7699
7701
7704
7706
7709
7711
7713
7716
7718
7721
7723
7725
7728
7730
7733
7735
7737
7740
7742
7745
7747
7749
7752
7754
7756
7759
7761
7764
7766
7768
7771
7773
7776
7778
7780
7783
7785
7788
7790
7792
7795
7797
7800
7802
7805
7807
7810
7812
7815
7817
7820
7823
7825
7828
7830
7833
7835
7838
7841
7843
7846
7848
7851
7853
7856
7858
7861
7864
7866
7869
7871
7874
7876
7879
7882
7884
7887
7889
7892
7894
7897
7900
7902
7905
7908
7911
7913
7916
7919
7922
7924
7927
7930
7933
7935
7938
7941
7944
7946
7949
7952
7955
7957
7960
7963
7966
7968
7971
7974
7977
7979
7982
7985
7988
7990
7993
7996
7999
8001
8004
8007
8010
8013
8016
8019
8022
8025
8028
8032
8035
8038
8041
8044
8047
8050
8054
8057
8060
8063
8066
8069
8072
8075
8079
8082
8085
8088
8091
8094
8097
8101
8104
8107
8110
8113
8116
8119
8122
8125
8128
8131
8133
8136
8139
8141
8144
8147
8150
8152
8155
8158
8161
8164
8166
8169
8172
8175
8177
8180
8183
8186
8188
8191
8194
8197
8199
8202
8205
8208
8210
8213
8216
8219
8221
8224
8227
8230
8232
8235
8238
8241
8244
8247
8250
8253
8256
8259
8262
8265
8268
8270
8273
8276
8279
8282
8285
8288
8291
8294
8297
8300
8303
8306
8309
8311
8314
8317
8320
8323
8326
8329
8332
8335
8338
8341
8344
8347
8350
8352
8355
8358
8361
8363
8366
8369
8372
8375
8377
8380
8383
8386
8388
8391
8394
8397
8399
8402
8405
8408
8411
8413
8416
8419
8422
8424
8427
8430
8433
8436
8438
8441
8444
8447
8450
8452
8455
8457
8459
8462
8465
8467
8469
8472
8475
8477
8480
8482
8485
8487
8490
8492
8495
8497
8500
8502
8504
8507
8510
8512
8515
8517
8520
8522
8525
8527
8530
8532
8535
8537
8540
8542
8545
8547
8550
8552
8555
8557
8560
8563
8566
8569
8572
8575
8578
8581
8585
8588
8591
8594
8597
8600
8603
8606
8610
8613
8616
8619
8622
8625
8628
8631
8635
8638
8641
8644
8647
8650
8653
8656
8660
8664
8668
8672
8676
8680
8684
8688
8692
8696
8700
8704
8708
8712
8717
8721
8725
8729
8733
8737
8741
8745
8749
8753
8757
8761
8765
8770
8773
8776
8779
8782
8786
8789
8792
8795
8799
8802
8805
8808
8811
8815
8818
8821
8824
8828
8831
8834
8837
8840
8844
8847
8850
8853
8857
8860
8863
8866
8870
8873
8876
8879
8882
8886
8889
8892
8895
8899
8902
8905
8908
8912
8915
8918
8921
8925
8928
8931
8934
8937
8941
8944
8947
8950
8954
8957
8960
8963
8967
8970
8973
8976
8980
8982
8985
8988
8991
8994
8997
9000
9003
9006
9008
9011
9014
9017
9020
9023
9026
9029
9032
9035
9037
9040
9043
9046
9049
9052
9055
9058
9061
9063
9066
9069
9072
9075
9078
9081
9084
9087
9090
9092
9094
9096
9099
9101
9103
9106
9108
9110
9113
9115
9117
9120
9122
9124
9127
9129
9131
9134
9136
9138
9141
9143
9145
9148
9150
9152
9155
9157
9159
9162
9164
9166
9169
9171
9173
9176
9178
9180
9183
9185
9187
9190
9191
9193
9195
9197
9199
9201
9203
9205
9207
9209
9211
9213
9215
9217
9219
9221
9223
9225
9227
9229
9231
9233
9235
9237
9239
9241
9243
9245
9246
9248
9250
9252
9254
9256
9258
9260
9262
9264
9266
9268
9270
9272
9274
9276
9278
9280
9282
9284
9286
9288
9290
9292
9294
9296
9298
9300
9301
9303
9305
9307
9309
9311
9313
9315
9316
9318
9320
9322
9324
9326
9328
9330
9332
9333
9335
9337
9339
9341
9343
9345
9347
9349
9350
9352
9354
9356
9358
9360
9362
9364
9366
9367
9369
9371
9373
9375
9377
9379
9381
9383
9384
9386
9388
9390
9392
9394
9396
9398
9400
9401
9403
9405
9407
9409
9411
9413
9414
9416
9418
9420
9422
9424
9426
9427
9429
9431
9433
9435
9437
9439
9441
9442
9444
9446
9448
9450
9452
9454
9455
9457
9459
9461
9463
9465
9467
9468
9470
9472
9474
9476
9478
9480
9482
9483
9485
9487
9489
9491
9493
9495
9496
9498
9500
9502
9504
9506
9508
9510
9512
9514
9516
9518
9520
9523
9525
9527
9529
9532
9534
9536
9538
9540
9543
9545
9547
9549
9551
9554
9556
9558
9560
9562
9565
9567
9569
9571
9573
9575
9578
9580
9582
9584
9587
9589
9591
9593
9595
9597
9600
9602
9604
9606
9609
9611
9613
9615
9617
9620
9622
9625
9628
9630
9633
9636
9638
9641
9644
9646
9649
9652
9654
9657
9660
9662
9665
9668
9670
9673
9676
9679
9681
9684
9687
9689
9692
9695
9697
9700
9703
9705
9708
9711
9713
9716
9719
9721
9724
9727
9730
9732
9734
9737
9739
9741
9744
9746
9748
9751
9753
9755
9758
9760
9762
9765
9767
9769
9772
9774
9776
9779
9781
9783
9786
9788
9790
9793
9795
9797
9800
9802
9804
9807
9809
9811
9814
9816
9818
9821
9823
9825
9828
9830
9832
9835
9837
9840
9843
9847
9850
9854
9857
9861
9865
9868
9872
9875
9879
9882
9886
9890
9893
9897
9900
9904
9907
9911
9915
9918
9922
9925
9929
9932
9936
9940
9944
9948
9953
9957
9962
9966
9971
9975
9980
9984
9988
9993
9997
10002
10006
10011
10015
10020
10024
10028
10033
10037
10042
10046
10051
10055
10060
10063
10066
10070
10073
10077
10080
10084
10087
10091
10094
10097
10101
10104
10108
10111
10115
10118
10122
10125
10128
10132
10135
10139
10142
10146
10149
10153
10156
10160
10164
10169
10173
10178
10182
10187
10192
10196
10201
10205
10210
10215
10219
10224
10228
10233
10237
10242
10247
10251
10256
10260
10265
10270
10274
10278
10282
10286
10290
10295
10299
10303
10307
10311
10315
10320
10324
10328
10332
10336
10340
10344
10349
10353
10357
10361
10365
10370
10374
10379
10383
10388
10392
10397
10402
10406
10411
10415
10420
10425
10429
10434
10438
10443
10447
10452
10457
10461
10466
10470
10475
10480
10485
10490
10495
10500
10505
10510
10515
10520
10525
10530
10535
10540
10545
10550
10555
10560
10565
10570
10575
10580
10584
10590
10595
10600
10605
10610
10615
10620
10625
10629
10635
10640
10645
10650
10655
10660
10665
10670
10674
10680
10684
10690
10695
10700
10705
10710
10716
10721
10726
10731
10737
10742
10747
10752
10758
10763
10768
10773
10779
10784
10789
10794
10800
10803
10807
10811
10814
10818
10822
10825
10829
10833
10837
10840
10844
10848
10851
10855
10859
10862
10866
10870
10874
10877
10881
10885
10888
10892
10896
10900
10905
10910
10915
10920
10926
10931
10936
10941
10947
10952
10957
10962
10968
10973
10978
10983
10989
10994
10999
11004
11010
11015
11021
11027
11033
11038
11044
11050
11056
11062
11067
11073
11079
11085
11091
11096
11102
11108
11114
11120
11125
11130
11135
11140
11146
11151
11156
11161
11167
11172
11177
11182
11188
11193
11198
11203
11209
11214
11219
11224
11230
11234
11239
11243
11248
11252
11257
11262
11266
11271
11275
11280
11285
11289
11294
11298
11303
11307
11312
11317
11321
11326
11330
11335
11340
11345
11350
11355
11361
11366
11371
11376
11382
11387
11392
11397
11403
11408
11413
11418
11424
11429
11434
11440
11443
11447
11450
11454
11457
11461
11464
11468
11471
11475
11479
11482
11486
11489
11493
11496
11500
11503
11507
11510
11514
11518
11521
11525
11528
11532
11535
11539
11542
11546
11550
11555
11560
11565
11571
11576
11581
11586
11592
11597
11602
11607
11613
11618
11623
11628
11634
11639
11644
11650
11654
11658
11662
11666
11670
11674
11678
11682
11686
11690
11694
11698
11702
11706
11710
11714
11718
11722
11726
11730
11734
11738
11742
11746
11750
11754
11758
11762
11766
11770
11773
11776
11780
11783
11786
11790
11793
11796
11799
11803
11806
11809
11813
11816
11820
11823
11826
11830
11833
11836
11840
11843
11846
11850
11853
11856
11860
11863
11866
11870
11874
11878
11882
11886
11890
11894
11898
11902
11906
11910
11914
11918
11922
11927
11931
11935
11939
11943
11947
11951
11955
11959
11963
11967
11971
11975
11980
11984
11988
11993
11997
12002
12006
12010
12015
12019
12024
12028
12032
12037
12041
12046
12050
12054
12059
12063
12068
12072
12076
12081
12085
12090
12095
12100
12105
12111
12116
12121
12126
12132
12137
12142
12147
12153
12158
12163
12168
12174
12179
12184
12190
12194
12198
12202
12206
12211
12215
12219
12223
12228
12232
12236
12240
12245
12249
12253
12257
12261
12266
12270
12274
12278
12283
12287
12291
12295
12300
12304
12308
12313
12317
12321
12326
12330
12334
12339
12343
12347
12352
12356
12360
12365
12369
12373
12378
12382
12386
12391
12395
12400
12404
12409
12413
12418
12423
12427
12432
12436
12441
12446
12450
12455
12460
12464
12469
12473
12478
12483
12487
12492
12496
12501
12506
12510
12515
12520
12523
12527
12531
12535
12539
12543
12546
12550
12554
12558
12562
12566
12570
12573
12577
12581
12585
12589
12593
12596
12600
12604
12608
12612
12616
12620
12624
12628
12633
12637
12642
12646
12650
12655
12659
12664
12668
12672
12677
12681
12686
12690
12694
12699
12703
12708
12712
12716
12721
12725
12730
12734
12739
12743
12748
12752
12757
12762
12766
12771
12775
12780
12785
12789
12794
12798
12803
12807
12812
12817
12821
12826
12830
12835
12840
12844
12848
12852
12856
12861
12865
12869
12873
12878
12882
12886
12890
12895
12899
12903
12907
12911
12916
12920
12924
12928
12933
12937
12941
12945
12950
12954
12959
12964
12969
12973
12978
12983
12988
12993
12997
13002
13007
13012
13016
13021
13026
13031
13036
13040
13045
13050
13055
13060
13066
13072
13078
13084
13090
13096
13102
13108
13115
13121
13127
13133
13139
13145
13151
13157
13163
13170
13174
13178
13183
13187
13192
13196
13200
13205
13209
13214
13218
13222
13227
13231
13235
13240
13244
13249
13253
13258
13262
13266
13271
13275
13280
13285
13290
13295
13299
13305
13310
13315
13320
13325
13330
13335
13340
13345
13350
13355
13360
13365
13370
13375
13380
13385
13391
13396
13402
13407
13413
13418
13424
13429
13435
13440
13446
13451
13457
13462
13468
13473
13479
13484
13490
13495
13500
13505
13510
13516
13521
13526
13531
13537
13542
13547
13552
13558
13563
13568
13573
13579
13584
13589
13594
13600
13604
13609
13614
13619
13623
13628
13633
13638
13642
13647
13652
13657
13661
13666
13671
13676
13680
13685
13690
13695
13700
13706
13713
13720
13727
13734
13741
13748
13754
13761
13768
13775
13782
13789
13796
13803
13810
13815
13821
13826
13832
13837
13843
13848
13854
13860
13865
13871
13876
13882
13887
13893
13898
13904
13910
13915
13921
13927
13933
13938
13944
13950
13956
13962
13967
13973
13979
13985
13991
13996
14002
14008
14014
14020
14026
14032
14038
14045
14051
14057
14063
14070
14076
14082
14088
14094
14101
14107
14113
14120
14125
14131
14136
14142
14147
14152
14158
14164
14169
14175
14180
14186
14191
14197
14202
14208
14213
14219
14224
14230
14235
14241
14247
14253
14258
14264
14270
14276
14282
14287
14293
14299
14305
14311
14316
14322
14328
14334
14340
14344
14349
14353
14358
14362
14367
14371
14376
14380
14385
14390
14394
14399
14403
14408
14412
14417
14421
14426
14430
14435
14440
14444
14449
14454
14459
14463
14468
14473
14478
14483
14487
14492
14497
14502
14506
14511
14516
14521
14526
14530
14535
14540
14545
14550
14554
14559
14563
14568
14572
14577
14581
14586
14590
14595
14600
14604
14609
14613
14618
14622
14627
14631
14636
14640
14645
14650
14655
14661
14667
14673
14678
14684
14690
14696
14702
14707
14713
14719
14725
14731
14736
14742
14748
14754
14760
14766
14772
14779
14785
14792
14798
14805
14811
14818
14824
14831
14837
14844
14850
14857
14863
14870
14874
14878
14882
14886
14890
14894
14898
14902
14906
14910
14914
14918
14922
14927
14931
14935
14939
14943
14947
14951
14955
14959
14963
14967
14971
14975
14980
14985
14990
14995
15000
15006
15011
15016
15021
15027
15032
15037
15042
15048
15053
15058
15063
15069
15074
15079
15084
15090
15093
15097
15101
15104
15108
15112
15115
15119
15123
15127
15130
15134
15138
15141
15145
15149
15152
15156
15160
15164
15167
15171
15175
15178
15182
15186
15190
15194
15198
15203
15207
15212
15216
15220
15225
15229
15234
15238
15242
15247
15251
15256
15260
15264
15269
15273
15278
15282
15286
15291
15295
15300
15304
15308
15312
15316
15320
15325
15329
15333
15337
15341
15345
15350
15354
15358
15362
15366
15370
15375
15379
15383
15387
15391
15395
15400
15405
15411
15417
15423
15428
15434
15440
15446
15452
15457
15463
15469
15475
15481
15486
15492
15498
15504
15510
15513
15517
15521
15525
15529
15533
15537
15541
15545
15549
15553
15557
15561
15565
15568
15572
15576
15580
15584
15588
15592
15596
15600
15604
15608
15612
15616
15620
15625
15630
15635
15640
15646
15651
15656
15661
15667
15672
15677
15682
15688
15693
15698
15703
15709
15714
15719
15724
15730
15735
15741
15747
15753
15758
15764
15770
15776
15782
15787
15793
15799
15805
15811
15816
15822
15828
15834
15840
15847
15854
15861
15868
15875
15882
15890
15897
15904
15911
15918
15925
15932
15940
15947
15955
15963
15971
15979
15987
15995
16002
16010
16018
16026
16034
16042
16050
16058
16066
16075
16083
16091
16100
16108
16116
16125
16133
16141
16149
16155
16161
16167
16173
16178
16184
16190
16196
16202
16207
16213
16219
16225
16231
16236
16242
16248
16254
16260
16264
16268
16272
16276
16280
16284
16288
16292
16296
16300
16304
16308
16312
16317
16321
16325
16329
16333
16337
16341
16345
16349
16353
16357
16361
16365
16370
16373
16376
16379
16382
16386
16389
16392
16395
16399
16402
16405
16408
16412
16415
16418
16421
16425
16428
16431
16434
16437
16441
16444
16447
16450
16454
16457
16460
16463
16467
16470
16473
16476
16480
16485
16490
16495
16500
16505
16510
16515
16520
16525
16530
16535
16540
16545
16550
16555
16560
16565
16570
16575
16580
16585
16590
16593
16596
16599
16602
16605
16608
16611
16615
16618
16621
16624
16627
16630
16633
16636
16640
16643
16646
16649
16652
16655
16658
16661
16665
16668
16671
16674
16677
16680
16683
16686
16690
16692
16695
16698
16701
16704
16707
16710
16713
16716
16719
16722
16725
16728
16731
16734
16737
16740
16743
16746
16749
16752
16755
16758
16761
16764
16767
16770
16773
16776
16779
16782
16785
16788
16791
16794
16797
16800
16802
16805
16807
16810
16812
16815
16817
16820
16822
16825
16827
16830
16832
16835
16837
16840
16842
16845
16847
16850
16852
16855
16857
16860
16862
16865
16867
16869
16872
16875
16877
16880
16882
16884
16887
16890
16892
16895
16897
16900
16902
16905
16908
16911
16914
16917
16920
16923
16926
16928
16931
16934
16937
16940
16943
16946
16949
16952
16955
16957
16960
16963
16966
16969
16972
16975
16978
16981
16983
16986
16989
16992
16995
16998
17001
17004
17007
17010
17013
17016
17019
17022
17026
17029
17032
17035
17039
17042
17045
17048
17052
17055
17058
17061
17065
17068
17071
17074
17077
17081
17084
17087
17090
17094
17097
17100
17103
17107
17110
17113
17116
17120
17123
17126
17129
17132
17135
17138
17142
17145
17148
17151
17154
17157
17160
17164
17167
17170
17173
17176
17179
17182
17186
17189
17192
17195
17198
17201
17204
17208
17211
17214
17217
17220
17223
17226
17230
17233
17237
17241
17245
17249
17253
17257
17261
17265
17269
17273
17277
17281
17285
17288
17292
17296
17300
17304
17308
17312
17316
17320
17324
17328
17332
17336
17340
17344
17348
17353
17357
17361
17366
17370
17374
17379
17383
17387
17392
17396
17400
17405
17409
17413
17418
17422
17426
17431
17435
17440
17443
17447
17451
17455
17459
17463
17467
17471
17475
17479
17483
17487
17491
17495
17498
17502
17506
17510
17514
17518
17522
17526
17530
17534
17538
17542
17546
17550
17554
17558
17562
17566
17570
17574
17578
17582
17586
17590
17594
17598
17602
17605
17610
17614
17618
17622
17625
17630
17634
17637
17642
17645
17650
17654
17658
17663
17667
17672
17676
17680
17685
17689
17694
17698
17702
17707
17711
17716
17720
17724
17729
17733
17738
17742
17746
17751
17755
17760
17763
17767
17771
17774
17778
17782
17785
17789
17793
17796
17800
17804
17807
17811
17815
17818
17822
17826
17829
17833
17837
17840
17844
17848
17851
17855
17859
17862
17866
17870
17874
17879
17883
17888
17892
17897
17902
17906
17911
17915
17920
17925
17929
17934
17938
17943
17947
17952
17957
17961
17966
17970
17975
17980
17983
17987
17991
17995
17998
18002
18006
18010
18014
18017
18021
18025
18029
18033
18036
18040
18044
18048
18052
18055
18059
18063
18067
18071
18074
18078
18082
18086
18090
18093
18096
18099
18102
18106
18109
18112
18115
18119
18122
18125
18128
18131
18135
18138
18141
18144
18148
18151
18154
18157
18160
18164
18167
18170
18173
18177
18180
18183
18186
18190
18192
18194
18196
18199
18201
18203
18206
18208
18210
18212
18215
18217
18219
18222
18224
18226
18228
18231
18233
18235
18238
18240
18242
18245
18247
18249
18251
18254
18256
18258
18261
18263
18265
18267
18270
18272
18274
18277
18279
18281
18283
18286
18288
18290
18293
18295
18297
18300
18303
18306
18309
18312
18316
18319
18322
18325
18329
18332
18335
18338
18341
18345
18348
18351
18354
18358
18361
18364
18367
18370
18374
18377
18380
18383
18387
18390
18393
18396
18400
18403
18407
18411
18415
18419
18423
18427
18431
18435
18439
18443
18447
18451
18455
18458
18462
18466
18470
18474
18478
18482
18486
18490
18494
18498
18502
18506
18510
18514
18518
18522
18526
18530
18534
18538
18543
18547
18551
18555
18559
18563
18567
18572
18576
18580
18584
18588
18592
18596
18601
18605
18609
18613
18617
18621
18625
18630
18633
18637
18640
18644
18647
18651
18654
18658
18661
18665
18669
18672
18676
18679
18683
18686
18690
18693
18697
18700
18704
18708
18711
18715
18718
18722
18725
18729
18732
18736
18740
18744
18748
18752
18756
18760
18764
18768
18772
18776
18780
18784
18788
18792
18797
18801
18805
18809
18813
18817
18821
18825
18829
18833
18837
18841
18845
18850
18854
18858
18862
18866
18871
18875
18879
18883
18888
18892
18896
18900
18905
18909
18913
18917
18921
18926
18930
18934
18938
18943
18947
18951
18955
18960
18963
18966
18970
18973
18977
18980
18984
18987
18990
18994
18997
19001
19004
19008
19011
19015
19018
19021
19025
19028
19032
19035
19039
19042
19045
19049
19052
19056
19059
19063
19066
19070
19074
19079
19084
19089
19093
19098
19103
19108
19113
19117
19122
19127
19132
19136
19141
19146
19151
19156
19160
19165
19170
19175
19180
19184
19188
19193
19197
19202
19206
19210
19215
19219
19224
19228
19232
19237
19241
19246
19250
19254
19259
19263
19268
19272
19276
19281
19285
19290
19294
19298
19302
19306
19310
19314
19319
19323
19327
19331
19335
19340
19344
19348
19352
19356
19360
19365
19369
19373
19377
19381
19385
19390
19394
19399
19403
19408
19412
19417
19422
19426
19431
19435
19440
19445
19449
19454
19458
19463
19467
19472
19477
19481
19486
19490
19495
19500
19504
19509
19513
19518
19522
19527
19532
19536
19541
19545
19550
19555
19559
19564
19568
19573
19577
19582
19587
19591
19596
19600
19605
19610
19612
19614
19616
19618
19620
19622
19624
19627
19629
19631
19633
19635
19637
19639
19641
19644
19646
19648
19650
19652
19654
19656
19658
19661
19663
19665
19667
19669
19671
19673
19675
19678
19680
19682
19684
19686
19688
19690
19692
19695
19697
19699
19701
19703
19705
19707
19710
19712
19714
19716
19718
19720
19722
19724
19726
19729
19731
19733
19735
19737
19739
19741
19743
19745
19748
19750
19752
19754
19756
19758
19760
19762
19765
19767
19769
19771
19773
19775
19777
19779
19781
19784
19786
19788
19790
19792
19794
19796
19798
19800
19803
19805
19807
19809
19811
19813
19815
19817
19820
19822
19825
19828
19831
19834
19837
19840
19843
19846
19849
19852
19855
19858
19861
19864
19867
19870
19872
19875
19878
19881
19884
19887
19890
19893
19896
19899
19902
19905
19908
19911
19914
19917
19920
19922
19924
19927
19929
19931
19934
19936
19939
19941
19943
19946
19948
19951
19953
19955
19958
19960
19963
19965
19967
19970
19972
19975
19977
19979
19982
19984
19986
19989
19991
19994
19996
19998
20001
20003
20006
20008
20010
20013
20015
20018
20020
20022
20025
20027
20030
20032
20035
20038
20041
20044
20047
20050
20053
20056
20059
20062
20065
20068
20071
20074
20077
20080
20082
20085
20088
20091
20094
20097
20100
20103
20106
20109
20112
20115
20118
20121
20124
20127
20130
20132
20135
20138
20141
20143
20146
20149
20151
20154
20157
20160
20163
20165
20168
20171
20174
20176
20179
20182
20185
20187
20190
20193
20195
20198
20201
20204
20206
20209
20212
20215
20218
20220
20223
20226
20229
20231
20234
20237
20240
20243
20247
20251
20255
20259
20263
20267
20271
20275
20279
20283
20287
20291
20295
20298
20302
20306
20310
20314
20318
20322
20326
20330
20334
20338
20342
20346
20350
20354
20359
20364
20369
20373
20378
20383
20388
20392
20397
20402
20407
20411
20416
20421
20426
20430
20435
20440
20445
20450
20453
20457
20461
20465
20468
20472
20476
20480
20484
20487
20491
20495
20499
20503
20506
20510
20514
20518
20522
20525
20529
20533
20537
20541
20544
20548
20552
20556
20560
20565
20571
20577
20583
20589
20595
20601
20607
20612
20618
20624
20630
20636
20642
20648
20654
20660
20665
20671
20676
20682
20687
20693
20698
20704
20709
20715
20720
20726
20731
20737
20742
20748
20753
20759
20764
20770
20777
20785
20793
20800
20808
20816
20823
20831
20839
20846
20854
20862
20870
20877
20884
20892
20899
20906
20914
20921
20928
20936
20943
20950
20958
20965
20972
20980
20986
20993
21000
21007
21014
21021
21028
21035
21041
21048
21055
21062
21069
21076
21083
21090
21096
21102
21108
21115
21121
21127
21133
21140
21146
21152
21158
21165
21171
21177
21183
21190
21196
21202
21209
21215
21222
21228
21235
21241
21248
21254
21261
21267
21274
21280
21287
21293
21300
21304
21309
21313
21318
21322
21327
21331
21336
21340
21345
21350
21354
21359
21363
21368
21372
21377
21381
21386
21390
21395
21400
21405
21411
21417
21423
21428
21434
21440
21446
21452
21457
21463
21469
21475
21481
21486
21492
21498
21504
21510
21515
21521
21527
21533
21538
21544
21550
21556
21562
21567
21573
21579
21585
21591
21596
21602
21608
21614
21620
21626
21633
21640
21647
21654
21661
21668
21675
21681
21688
21695
21702
21709
21716
21723
21730
21736
21742
21749
21755
21762
21768
21775
21781
21788
21794
21801
21807
21814
21820
21827
21833
21840
21847
21854
21861
21868
21875
21882
21890
21897
21904
21911
21918
21925
21932
21940
21945
21951
21957
21963
21968
21974
21980
21986
21992
21997
22003
22009
22015
22021
22026
22032
22038
22044
22050
22055
22061
22066
22072
22077
22083
22088
22094
22100
22105
22111
22116
22122
22127
22133
22138
22144
22150
22155
22160
22166
22172
22177
22183
22188
22194
22199
22205
22210
22216
22221
22227
22232
22238
22243
22249
22254
22260
22265
22271
22276
22282
22287
22293
22298
22304
22309
22315
22320
22326
22331
22337
22342
22348
22353
22359
22364
22370
22376
22382
22388
22394
22400
22406
22412
22418
22425
22431
22437
22443
22449
22455
22461
22467
22473
22480
22485
22491
22496
22502
22507
22513
22518
22524
22529
22535
22540
22546
22551
22557
22562
22568
22573
22579
22584
22590
22598
22606
22615
22623
22631
22640
22648
22656
22665
22673
22681
22690
22696
22702
22709
22715
22722
22728
22735
22741
22748
22754
22761
22767
22774
22780
22787
22793
22800
22805
22811
22816
22822
22827
22833
22838
22844
22850
22855
22861
22866
22872
22877
22883
22888
22894
22900
22905
22910
22915
22920
22926
22931
22936
22941
22947
22952
22957
22962
22968
22973
22978
22983
22989
22994
22999
23004
23010
23016
23022
23028
23035
23041
23047
23054
23060
23066
23073
23079
23085
23092
23098
23104
23111
23117
23123
23130
23135
23141
23146
23151
23157
23163
23168
23174
23179
23185
23190
23195
23201
23206
23212
23218
23223
23229
23234
23240
23244
23248
23253
23257
23262
23266
23270
23275
23279
23284
23288
23292
23297
23301
23306
23310
23314
23319
23323
23328
23332
23336
23341
23345
23350
23354
23359
23363
23368
23372
23377
23381
23386
23390
23395
23400
23404
23409
23413
23418
23422
23427
23431
23436
23440
23445
23450
23453
23457
23461
23465
23469
23473
23477
23481
23485
23489
23493
23497
23501
23505
23508
23512
23516
23520
23524
23528
23532
23536
23540
23544
23548
23552
23556
23560
23564
23568
23573
23577
23581
23586
23590
23594
23599
23603
23607
23612
23616
23620
23625
23629
23633
23638
23642
23646
23651
23655
23660
23665
23671
23676
23682
23687
23693
23698
23704
23709
23715
23720
23726
23731
23737
23742
23748
23753
23759
23764
23770
23774
23778
23783
23787
23791
23796
23800
23804
23809
23813
23817
23822
23826
23830
23835
23839
23843
23848
23852
23856
23861
23865
23870
23874
23878
23883
23887
23892
23896
23901
23905
23910
23914
23918
23923
23927
23932
23936
23941
23945
23950
23954
23958
23963
23967
23972
23976
23981
23985
23990
23995
24000
24006
24011
24017
24022
24028
24033
24039
24044
24049
24055
24060
24066
24071
24077
24082
24088
24093
24099
24104
24110
24115
24121
24126
24132
24137
24143
24148
24154
24160
24165
24171
24176
24182
24187
24193
24198
24204
24210
24216
24222
24229
24235
24242
24248
24255
24261
24268
24274
24281
24287
24294
24300
24307
24313
24320
24327
24335
24343
24351
24359
24367
24375
24382
24390
24398
24406
24414
24422
24430
24435
24441
24446
24452
24457
24463
24468
24474
24479
24485
24490
24496
24501
24506
24512
24518
24523
24529
24534
24540
24545
24551
24557
24563
24569
24575
24581
24587
24592
24598
24604
24610
24616
24622
24628
24634
24640
24647
24654
24662
24669
24676
24684
24691
24698
24706
24713
24720
24728
24735
24742
24750
24757
24765
24773
24781
24789
24797
24805
24812
24820
24828
24836
24844
24852
24860
24867
24874
24881
24888
24895
24902
24910
24917
24924
24931
24938
24945
24952
24960
24968
24977
24985
24994
25002
25011
25020
25028
25037
25045
25054
25062
25071
25080
25087
25095
25103
25110
25118
25126
25133
25141
25149
25156
25164
25172
25180
25187
25194
25202
25209
25216
25224
25231
25238
25246
25253
25260
25268
25275
25282
25290
25297
25304
25311
25318
25325
25332
25340
25347
25354
25361
25368
25375
25382
25390
25396
25403
25410
25417
25424
25431
25438
25445
25451
25458
25465
25472
25479
25486
25493
25500
25505
25510
25515
25520
25526
25531
25536
25541
25547
25552
25557
25562
25568
25573
25578
25583
25589
25594
25599
25604
25610
25613
25617
25621
25625
25629
25633
25636
25640
25644
25648
25652
25656
25660
25663
25667
25671
25675
25679
25683
25686
25690
25694
25698
25702
25706
25710
25713
25717
25720
25724
25727
25731
25734
25738
25741
25745
25749
25752
25756
25759
25763
25766
25770
25773
25777
25780
25784
25788
25791
25795
25798
25802
25805
25809
25812
25816
25820
25827
25835
25843
25850
25858
25866
25873
25881
25889
25896
25904
25912
25920
25923
25927
25931
25934
25938
25942
25945
25949
25953
25956
25960
25964
25967
25971
25975
25978
25982
25986
25989
25993
25997
26000
26004
26008
26011
26015
26019
26022
26026
26030
26033
26037
26041
26044
26048
26052
26055
26059
26063
26067
26070
26074
26078
26081
26085
26089
26092
26096
26100
26104
26107
26111
26115
26118
26122
26126
26130
26134
26139
26144
26149
26153
26158
26163
26168
26173
26177
26182
26187
26192
26196
26201
26206
26211
26216
26220
26225
26230
26235
26240
26243
26247
26251
26255
26259
26263
26267
26271
26275
26279
26283
26287
26291
26295
26298
26302
26306
26310
26314
26318
26322
26326
26330
26334
26338
26342
26346
26350
26354
26359
26364
26369
26373
26378
26383
26388
26392
26397
26402
26407
26411
26416
26421
26426
26430
26435
26440
26445
26450
26454
26458
26462
26466
26471
26475
26479
26483
26488
26492
26496
26500
26505
26509
26513
26517
26521
26526
26530
26534
26538
26543
26547
26551
26555
26560
26564
26569
26573
26578
26582
26587
26591
26596
26600
26605
26610
26614
26619
26623
26628
26632
26637
26641
26646
26650
26655
26660
26666
26672
26679
26685
26692
26698
26705
26711
26718
26724
26731
26737
26744
26750
26757
26763
26770
26774
26778
26783
26787
26791
26796
26800
26804
26809
26813
26817
26822
26826
26830
26835
26839
26843
26848
26852
26856
26861
26865
26870
26875
26880
26886
26891
26897
26902
26908
26913
26919
26924
26930
26935
26940
26946
26951
26957
26962
26968
26973
26979
26984
26990
26994
26999
27004
27009
27013
27018
27023
27028
27033
27037
27042
27047
27052
27056
27061
27066
27071
27076
27080
27085
27090
27095
27100
27105
27111
27117
27123
27129
27135
27141
27147
27152
27158
27164
27170
27176
27182
27188
27194
27200
27207
27215
27223
27231
27239
27247
27255
27262
27270
27278
27286
27294
27302
27310
27316
27323
27330
27336
27343
27349
27356
27363
27370
27376
27383
27390
27396
27403
27410
27415
27421
27427
27433
27438
27444
27450
27456
27462
27467
27473
27479
27485
27491
27496
27502
27508
27514
27520
27524
27528
27533
27537
27541
27546
27550
27554
27559
27563
27567
27572
27576
27580
27585
27589
27593
27598
27602
27606
27611
27615
27620
27623
27627
27631
27635
27638
27642
27646
27650
27654
27657
27661
27665
27669
27673
27676
27680
27684
27688
27692
27695
27699
27703
27707
27711
27714
27718
27722
27726
27730
27733
27737
27741
27744
27748
27752
27755
27759
27763
27766
27770
27774
27777
27781
27785
27788
27792
27796
27799
27803
27807
27810
27814
27818
27821
27825
27829
27832
27836
27840
27844
27848
27853
27857
27861
27866
27870
27874
27879
27883
27887
27892
27896
27900
27905
27909
27913
27918
27922
27926
27931
27935
27940
27945
27951
27957
27963
27968
27974
27980
27986
27992
27997
28003
28009
28015
28021
28026
28032
28038
28044
28050
28058
28066
28075
28083
28091
28100
28108
28116
28125
28133
28141
28150
28160
28171
28182
28193
28204
28215
28225
28236
28247
28258
28269
28280
28293
28306
28320
28333
28346
28360
28373
28386
28400
28405
28411
28417
28423
28428
28434
28440
28446
28452
28457
28463
28469
28475
28481
28486
28492
28498
28504
28510
28513
28517
28521
28525
28529
28533
28537
28541
28545
28549
28553
28557
28561
28565
28568
28572
28576
28580
28584
28588
28592
28596
28600
28604
28608
28612
28616
28620
28625
28630
28635
28640
28645
28650
28655
28660
28665
28670
28675
28680
28685
28690
28695
28700
28705
28710
28715
28720
28725
28730
28735
28741
28746
28752
28757
28763
28768
28774
28779
28785
28790
28796
28801
28807
28812
28818
28823
28829
28834
28840
28847
28854
28861
28868
28875
28882
28890
28897
28904
28911
28918
28925
28932
28940
28947
28955
28962
28970
28977
28985
28992
29000
29007
29015
29022
29030
29037
29044
29052
29060
29066
29073
29080
29086
29093
29099
29106
29113
29120
29126
29133
29140
29146
29153
29160
29168
29176
29185
29193
29202
29210
29219
29227
29236
29244
29253
29261
29270
29276
29282
29288
29295
29301
29307
29313
29320
29326
29332
29338
29345
29351
29357
29363
29370
29376
29382
29388
29394
29400
29406
29412
29418
29425
29431
29437
29443
29449
29455
29461
29467
29473
29480
29487
29494
29502
29509
29516
29524
29531
29538
29546
29553
29560
29568
29575
29582
29590
29597
29605
29613
29620
29628
29636
29643
29651
29659
29666
29674
29682
29690
29696
29702
29708
29714
29720
29726
29732
29738
29745
29751
29757
29763
29769
29775
29781
29787
29793
29800
29806
29812
29818
29825
29831
29837
29843
29850
29856
29862
29868
29875
29881
29887
29893
29900
