1
3
5
7
9
11
13
15
17
19
21
23
25
27
29
31
33
35
37
39
41
43
45
47
49
51
53
55
56
58
60
62
64
66
68
70
72
74
76
78
80
82
84
86
88
90
92
94
96
98
100
102
104
106
108
110
111
113
115
117
119
121
123
125
126
128
130
132
134
136
138
140
142
143
145
147
149
151
153
155
157
159
160
162
164
166
168
170
172
174
176
177
179
181
183
185
187
189
191
193
194
196
198
200
202
204
206
208
210
211
213
215
217
219
221
223
225
227
229
231
233
235
237
238
240
242
244
246
248
250
252
254
256
258
260
262
264
265
267
269
271
273
275
277
279
281
283
285
287
289
291
292
294
296
298
300
302
304
306
308
310
312
314
316
318
320
321
323
325
326
328
330
332
333
335
337
338
340
342
344
345
347
349
351
352
354
356
357
359
361
363
364
366
368
370
371
373
375
376
378
380
382
383
385
387
388
390
392
394
395
397
399
401
402
404
406
407
409
411
413
414
416
418
420
422
424
426
429
431
433
436
438
440
442
445
447
449
452
454
456
458
461
463
465
468
470
472
475
477
479
481
484
486
488
491
493
495
497
500
502
504
507
509
511
513
516
518
520
523
525
527
530
532
534
536
538
540
542
544
546
548
550
552
554
556
558
560
562
564
566
568
570
572
574
576
578
581
583
585
587
589
591
593
595
597
599
601
603
605
607
609
611
613
615
617
619
621
623
625
627
630
632
634
636
638
641
643
645
647
649
652
654
656
658
660
663
665
667
669
671
674
676
678
680
682
685
687
689
691
693
696
698
700
702
704
707
709
711
713
715
718
720
722
724
726
729
731
733
735
737
740
741
743
744
746
747
749
750
752
753
755
757
758
760
761
763
764
766
767
769
770
772
774
775
777
778
780
781
783
784
786
788
789
791
792
794
795
797
798
800
801
803
805
806
808
809
811
812
814
815
817
819
820
822
823
825
826
828
829
831
832
834
836
837
839
840
842
843
845
846
848
850
852
854
856
858
860
862
864
866
868
870
872
874
876
878
880
882
884
886
888
890
892
894
896
897
899
901
903
905
907
909
911
913
915
917
919
921
923
925
927
929
931
933
936
938
940
942
944
946
948
950
951
953
955
957
959
960
962
964
966
968
969
971
973
975
977
978
980
982
984
986
987
989
991
993
995
996
998
1000
1002
1004
1005
1007
1009
1011
1013
1014
1016
1018
1020
1022
1023
1025
1027
1029
1031
1032
1034
1036
1038
1040
1041
1043
1045
1047
1049
1050
1052
1054
1056
1058
1060
1062
1064
1066
1068
1070
1072
1074
1077
1079
1081
1083
1085
1087
1089
1091
1094
1096
1098
1100
1102
1104
1106
1108
1111
1113
1115
1117
1119
1121
1123
1125
1128
1130
1132
1134
1136
1138
1140
1142
1145
1147
1149
1151
1153
1155
1157
1160
1161
1163
1165
1167
1169
1171
1173
1175
1177
1179
1181
1183
1185
1187
1189
1191
1193
1195
1197
1199
1201
1203
1205
1207
1209
1211
1213
1214
1216
1218
1220
1222
1224
1226
1228
1230
1232
1234
1236
1238
1240
1242
1244
1246
1248
1250
1252
1254
1256
1258
1260
1262
1264
1266
1268
1270
1271
1273
1275
1277
1278
1280
1282
1284
1285
1287
1289
1291
1292
1294
1296
1298
1299
1301
1303
1305
1306
1308
1310
1312
1313
1315
1317
1319
1320
1322
1324
1326
1327
1329
1331
1333
1334
1336
1338
1340
1341
1343
1345
1347
1348
1350
1352
1354
1355
1357
1359
1361
1362
1364
1366
1368
1370
1371
1373
1375
1377
1379
1381
1383
1385
1387
1388
1390
1392
1394
1396
1398
1400
1402
1404
1406
1407
1409
1411
1413
1415
1417
1419
1421
1423
1425
1426
1428
1430
1432
1434
1436
1438
1440
1442
1443
1445
1447
1449
1451
1453
1455
1457
1459
1461
1462
1464
1466
1468
1470
1472
1474
1476
1478
1480
1481
1483
1484
1486
1487
1489
1490
1492
1493
1495
1497
1498
1500
1501
1503
1504
1506
1507
1509
1510
1512
1514
1515
1517
1518
1520
1521
1523
1524
1526
1528
1529
1531
1532
1534
1535
1537
1538
1540
1541
1543
1545
1546
1548
1549
1551
1552
1554
1555
1557
1559
1560
1562
1563
1565
1566
1568
1569
1571
1572
1574
1576
1577
1579
1580
1582
1583
1585
1586
1588
1590
1591
1593
1595
1597
1599
1601
1603
1605
1607
1609
1611
1613
1615
1616
1618
1620
1622
1624
1626
1628
1630
1632
1634
1636
1638
1640
1641
1643
1645
1647
1649
1651
1653
1655
1657
1659
1661
1663
1665
1666
1668
1670
1672
1674
1676
1678
1680
1682
1684
1686
1688
1690
1691
1693
1695
1697
1699
1701
1703
1705
1707
1708
1710
1712
1714
1716
1718
1720
1722
1724
1726
1727
1729
1731
1733
1735
1737
1739
1741
1743
1745
1746
1748
1750
1752
1754
1756
1758
1760
1762
1763
1765
1767
1769
1771
1773
1775
1777
1779
1781
1782
1784
1786
1788
1790
1792
1794
1796
1798
1800
1802
1804
1806
1808
1810
1812
1814
1816
1818
1820
1822
1824
1826
1828
1830
1832
1834
1836
1838
1840
1842
1844
1846
1848
1850
1851
1853
1855
1857
1859
1861
1863
1865
1867
1869
1872
1874
1876
1878
1880
1882
1884
1886
1888
1890
1892
1894
1896
1898
1900
1901
1903
1905
1907
1909
1910
1912
1914
1916
1918
1920
1922
1923
1925
1927
1929
1931
1932
1934
1936
1938
1940
1942
1944
1945
1947
1949
1951
1953
1954
1956
1958
1960
1962
1964
1965
1967
1969
1971
1973
1975
1976
1978
1980
1982
1984
1986
1987
1989
1991
1993
1995
1997
1999
2000
2002
2004
2006
2008
2009
2012
2014
2016
2018
2021
2023
2025
2027
2029
2032
2034
2036
2038
2040
2042
2045
2047
2049
2051
2054
2056
2058
2060
2062
2065
2067
2069
2071
2073
2076
2078
2080
2082
2084
2087
2089
2091
2093
2095
2098
2100
2102
2104
2106
2109
2111
2113
2115
2117
2120
2122
2124
2126
2128
2130
2132
2134
2136
2138
2140
2142
2144
2146
2148
2150
2152
2154
2156
2158
2160
2162
2164
2166
2168
2170
2172
2174
2176
2178
2180
2182
2184
2186
2188
2190
2192
2194
2196
2198
2200
2202
2204
2206
2208
2210
2212
2214
2216
2218
2220
2222
2224
2226
2228
2230
2231
2233
2235
2237
2239
2241
2243
2244
2246
2248
2250
2252
2254
2256
2257
2259
2261
2263
2265
2267
2269
2271
2272
2274
2276
2278
2280
2282
2284
2285
2287
2289
2291
2293
2295
2297
2298
2300
2302
2304
2306
2308
2310
2312
2313
2315
2317
2319
2321
2323
2325
2326
2328
2330
2332
2334
2336
2338
2340
2341
2343
2345
2347
2349
2351
2352
2354
2356
2358
2360
2362
2364
2365
2367
2369
2371
2373
2375
2377
2378
2380
2382
2384
2386
2388
2389
2391
2393
2395
2397
2399
2401
2402
2404
2406
2408
2410
2412
2414
2415
2417
2419
2421
2423
2425
2427
2428
2430
2432
2434
2436
2438
2440
2441
2443
2445
2447
2449
2451
2453
2455
2457
2458
2460
2462
2464
2466
2468
2470
2472
2474
2476
2477
2479
2481
2483
2485
2487
2489
2491
2493
2495
2496
2498
2500
2502
2504
2506
2508
2510
2512
2513
2515
2517
2519
2521
2523
2525
2527
2529
2531
2532
2534
2536
2538
2540
2542
2544
2546
2548
2550
2551
2553
2555
2557
2559
2561
2562
2564
2566
2568
2570
2572
2574
2575
2577
2579
2581
2583
2585
2587
2588
2590
2592
2594
2596
2598
2599
2601
2603
2605
2607
2609
2611
2612
2614
2616
2618
2620
2622
2624
2625
2627
2629
2631
2633
2635
2637
2638
2640
2642
2644
2646
2648
2650
2651
2653
2654
2656
2657
2659
2660
2662
2663
2665
2667
2668
2670
2671
2673
2674
2676
2677
2679
2680
2682
2684
2685
2687
2688
2690
2691
2693
2694
2696
2698
2699
2701
2702
2704
2705
2707
2708
2710
2711
2713
2715
2716
2718
2719
2721
2722
2724
2725
2727
2729
2730
2732
2733
2735
2736
2738
2739
2741
2742
2744
2746
2747
2749
2750
2752
2753
2755
2756
2758
2760
2761
2763
2764
2766
2768
2770
2771
2773
2775
2776
2778
2780
2781
2783
2784
2786
2788
2790
2791
2793
2795
2796
2798
2800
2801
2803
2804
2806
2808
2810
2811
2813
2815
2816
2818
2820
2821
2823
2825
2826
2828
2830
2831
2833
2835
2836
2838
2840
2841
2843
2845
2846
2848
2850
2851
2853
2855
2856
2858
2860
2861
2863
2865
2866
2868
2870
2871
2873
2875
2876
2878
2880
2882
2883
2885
2887
2888
2890
2892
2894
2895
2897
2899
2900
2902
2904
2906
2907
2909
2911
2912
2914
2916
2918
2919
2921
2923
2925
2926
2928
2930
2931
2933
2935
2937
2938
2940
2942
2943
2945
2947
2949
2950
2952
2954
2955
2957
2959
2961
2962
2964
2966
2967
2969
2971
2973
2974
2976
2978
2980
2981
2983
2985
2987
2988
2990
2992
2994
2995
2997
2999
3001
3003
3004
3006
3008
3010
3011
3013
3015
3017
3019
3020
3022
3024
3026
3027
3029
3031
3033
3035
3036
3038
3040
3042
3043
3045
3047
3049
3050
3052
3054
3056
3058
3059
3061
3063
3065
3066
3068
3070
3072
3074
3075
3077
3079
3081
3082
3084
3086
3088
3090
3092
3095
3097
3100
3103
3105
3108
3111
3113
3116
3118
3121
3124
3126
3129
3132
3134
3137
3140
3142
3145
3147
3150
3153
3155
3158
3161
3163
3166
3168
3171
3174
3176
3179
3182
3184
3187
3190
3192
3195
3197
3200
3202
3205
3207
3210
3213
3215
3218
3220
3223
3225
3228
3230
3233
3236
3238
3241
3243
3246
3248
3251
3253
3256
3259
3261
3264
3266
3269
3271
3274
3276
3279
3282
3284
3287
3289
3292
3294
3297
3300
3302
3304
3307
3309
3312
3314
3317
3319
3321
3324
3326
3329
3331
3334
3336
3339
3341
3343
3346
3348
3351
3353
3356
3358
3360
3363
3365
3368
3370
3373
3375
3378
3380
3382
3385
3387
3390
3392
3395
3397
3400
3401
3403
3405
3407
3409
3411
3413
3415
3417
3419
3421
3423
3425
3427
3428
3430
3432
3434
3436
3438
3440
3442
3444
3446
3448
3450
3452
3454
3455
3457
3459
3461
3463
3465
3467
3469
3471
3473
3475
3477
3479
3481
3482
3484
3486
3488
3490
3492
3494
3496
3498
3500
3502
3504
3506
3508
3510
3512
3514
3516
3518
3521
3523
3525
3527
3530
3532
3534
3536
3539
3541
3543
3545
3548
3550
3552
3554
3557
3559
3561
3563
3566
3568
3570
3572
3575
3577
3579
3581
3584
3586
3588
3590
3593
3595
3597
3599
3602
3604
3606
3608
3611
3613
3615
3617
3620
3622
3624
3626
3628
3630
3632
3634
3636
3638
3640
3642
3644
3646
3649
3651
3653
3655
3657
3659
3661
3663
3665
3667
3669
3671
3673
3676
3678
3680
3682
3684
3686
3688
3690
3692
3694
3696
3698
3700
3703
3705
3707
3709
3711
3713
3715
3717
3719
3721
3723
3725
3727
3730
3731
3733
3735
3737
3739
3741
3743
3745
3747
3748
3750
3752
3754
3756
3758
3760
3762
3764
3766
3767
3769
3771
3773
3775
3777
3779
3781
3783
3785
3786
3788
3790
3792
3794
3796
3798
3800
3802
3803
3805
3807
3809
3811
3813
3815
3817
3819
3821
3822
3824
3826
3828
3830
3832
3834
3836
3838
3840
3841
3843
3845
3847
3849
3851
3853
3855
3856
3858
3860
3862
3864
3866
3868
3870
3872
3873
3875
3877
3879
3881
3883
3885
3887
3889
3890
3892
3894
3896
3898
3900
3902
3904
3906
3907
3909
3911
3913
3915
3917
3919
3921
3923
3924
3926
3928
3930
3932
3934
3936
3938
3940
3942
3944
3947
3949
3952
3954
3957
3959
3961
3964
3966
3969
3971
3974
3976
3979
3981
3984
3986
3988
3991
3993
3996
3998
4001
4003
4006
4008
4010
4013
4015
4018
4020
4023
4025
4027
4030
4032
4035
4037
4040
4042
4045
4047
4050
4052
4054
4056
4059
4061
4063
4065
4068
4070
4072
4075
4077
4079
4081
4084
4086
4088
4090
4093
4095
4097
4100
4102
4104
4106
4109
4111
4113
4115
4118
4120
4122
4125
4127
4129
4131
4134
4136
4138
4140
4143
4145
4147
4150
4152
4155
4157
4160
4163
4165
4168
4170
4173
4176
4178
4181
4184
4186
4189
4191
4194
4197
4199
4202
4205
4207
4210
4212
4215
4218
4220
4223
4225
4228
4231
4233
4236
4239
4241
4244
4246
4249
4252
4254
4257
4260
4262
4264
4266
4268
4271
4273
4275
4277
4279
4282
4284
4286
4288
4291
4293
4295
4297
4300
4302
4304
4306
4308
4311
4313
4315
4317
4320
4322
4324
4326
4328
4331
4333
4335
4337
4340
4342
4344
4346
4348
4351
4353
4355
4357
4360
4362
4364
4366
4368
4371
4373
4375
4377
4380
4381
4383
4385
4386
4388
4390
4392
4393
4395
4397
4398
4400
4402
4404
4405
4407
4409
4410
4412
4414
4416
4417
4419
4421
4422
4424
4426
4428
4429
4431
4433
4435
4436
4438
4440
4441
4443
4445
4447
4448
4450
4452
4453
4455
4457
4459
4460
4462
4464
4465
4467
4469
4471
4472
4474
4476
4477
4479
4481
4483
4484
4486
4488
4490
4492
4494
4496
4498
4500
4502
4504
4506
4508
4510
4512
4514
4516
4518
4520
4522
4524
4526
4528
4530
4532
4534
4536
4538
4540
4542
4545
4547
4549
4551
4553
4555
4557
4559
4561
4563
4565
4567
4569
4571
4573
4575
4577
4579
4581
4583
4585
4587
4589
4591
4593
4595
4597
4600
4601
4603
4604
4606
4608
4609
4611
4613
4614
4616
4618
4619
4621
4622
4624
4626
4627
4629
4631
4632
4634
4636
4637
4639
4640
4642
4644
4645
4647
4649
4650
4652
4654
4655
4657
4659
4660
4662
4663
4665
4667
4668
4670
4672
4673
4675
4677
4678
4680
4681
4683
4685
4686
4688
4690
4691
4693
4695
4696
4698
4700
4701
4703
4705
4707
4709
4711
4713
4715
4717
4719
4721
4723
4725
4727
4728
4730
4732
4734
4736
4738
4740
4742
4744
4746
4748
4750
4752
4754
4755
4757
4759
4761
4763
4765
4767
4769
4771
4773
4775
4777
4779
4781
4782
4784
4786
4788
4790
4792
4794
4796
4798
4800
4802
4804
4806
4808
4810
4811
4814
4816
4818
4819
4822
4824
4826
4827
4830
4832
4834
4835
4838
4840
4842
4843
4846
4848
4850
4851
4854
4856
4858
4859
4862
4864
4866
4867
4870
4872
4874
4875
4878
4880
4882
4883
4886
4888
4890
4891
4894
4896
4898
4899
4902
4904
4906
4907
4910
4912
4914
4915
4918
4920
4921
4923
4925
4927
4929
4931
4933
4935
4937
4939
4941
4943
4945
4947
4948
4950
4952
4954
4956
4958
4960
4962
4964
4966
4968
4970
4972
4974
4975
4977
4979
4981
4983
4985
4987
4989
4991
4993
4995
4997
4999
5001
5002
5004
5006
5008
5010
5012
5014
5016
5018
5020
5022
5024
5026
5028
5030
5031
5033
5035
5037
5039
5041
5042
5044
5046
5048
5050
5052
5054
5055
5057
5059
5061
5063
5065
5067
5068
5070
5072
5074
5076
5078
5080
5081
5083
5085
5087
5089
5091
5092
5094
5096
5098
5100
5102
5104
5105
5107
5109
5111
5113
5115
5117
5118
5120
5122
5124
5126
5128
5130
5132
5134
5136
5138
5140
5142
5145
5147
5149
5151
5153
5155
5158
5160
5162
5164
5166
5168
5170
5173
5175
5177
5179
5181
5183
5186
5188
5190
5192
5194
5196
5199
5201
5203
5205
5207
5209
5211
5214
5216
5218
5220
5222
5224
5227
5229
5231
5233
5235
5237
5240
5241
5243
5245
5246
5248
5250
5251
5253
5255
5256
5258
5260
5262
5263
5265
5267
5268
5270
5272
5273
5275
5277
5278
5280
5282
5284
5285
5287
5289
5290
5292
5294
5295
5297
5299
5300
5302
5304
5306
5307
5309
5311
5312
5314
5316
5317
5319
5321
5322
5324
5326
5327
5329
5331
5333
5334
5336
5338
5339
5341
5343
5344
5346
5348
5350
5351
5353
5355
5357
5359
5361
5363
5365
5366
5368
5370
5372
5374
5376
5378
5380
5382
5383
5385
5387
5389
5391
5393
5395
5397
5399
5400
5402
5404
5406
5408
5410
5412
5414
5416
5417
5419
5421
5423
5425
5427
5429
5431
5433
5434
5436
5438
5440
5442
5444
5446
5448
5450
5452
5454
5456
5458
5460
5462
5464
5466
5468
5470
5472
5474
5476
5478
5480
5482
5484
5486
5488
5490
5492
5494
5496
5498
5500
5502
5504
5506
5508
5510
5512
5514
5516
5518
5520
5522
5524
5526
5528
5529
5532
5534
5536
5537
5540
5542
5544
5545
5548
5550
5552
5553
5556
5558
5560
5561
5564
5566
5568
5569
5572
5574
5576
5577
5580
5582
5584
5585
5588
5590
5592
5593
5596
5598
5600
5601
5604
5606
5608
5609
5612
5614
5616
5618
5620
5622
5624
5626
5628
5630
5632
5634
5636
5638
5640
5642
5644
5646
5648
5650
5652
5654
5656
5658
5660
5662
5664
5666
5668
5670
5672
5674
5676
5678
5680
5682
5684
5686
5688
5690
5692
5694
5696
5697
5700
5702
5704
5705
5708
5710
5712
5713
5716
5718
5720
5721
5724
5726
5728
5729
5731
5734
5736
5738
5739
5742
5744
5746
5747
5750
5752
5754
5755
5758
5760
5762
5763
5766
5768
5770
5771
5773
5775
5777
5779
5781
5783
5785
5787
5789
5791
5793
5795
5797
5799
5801
5803
5805
5807
5809
5811
5813
5815
5817
5819
5820
5822
5824
5826
5828
5830
5832
5834
5836
5838
5840
5842
5844
5846
5848
5850
5852
5854
5856
5858
5860
5862
5864
5866
5868
5870
5871
5873
5875
5877
5879
5881
5883
5885
5887
5889
5891
5893
5895
5897
5898
5900
5902
5904
5906
5908
5910
5912
5914
5916
5918
5920
5922
5924
5925
5927
5929
5931
5933
5935
5937
5939
5941
5943
5945
5947
5949
5951
5952
5954
5956
5958
5960
5962
5964
5966
5968
5970
5972
5974
5976
5978
5980
5981
5983
5985
5987
5989
5991
5993
5995
5996
5998
6000
6002
6004
6006
6008
6010
6011
6013
6015
6017
6019
6021
6023
6025
6026
6028
6030
6032
6034
6036
6038
6040
6041
6043
6045
6047
6049
6051
6053
6055
6056
6058
6060
6062
6064
6066
6068
6070
6071
6073
6075
6077
6079
6081
6083
6085
6086
6088
6090
6092
6094
6096
6098
6100
6101
6103
6105
6106
6108
6110
6112
6113
6115
6117
6118
6120
6122
6124
6125
6127
6129
6131
6132
6134
6136
6137
6139
6141
6143
6144
6146
6148
6150
6151
6153
6155
6156
6158
6160
6162
6163
6165
6167
6168
6170
6172
6174
6175
6177
6179
6181
6182
6184
6186
6187
6189
6191
6193
6194
6196
6198
6200
6201
6203
6205
6207
6209
6211
6212
6214
6216
6218
6220
6222
6223
6225
6227
6229
6231
6233
6234
6236
6238
6240
6242
6244
6245
6247
6249
6251
6253
6255
6256
6258
6260
6262
6264
6266
6267
6269
6271
6273
6275
6277
6278
6280
6282
6284
6286
6287
6289
6291
6293
6295
6297
6298
6300
6302
6304
6306
6308
6310
6311
6313
6314
6316
6318
6319
6321
6323
6324
6326
6328
6330
6331
6333
6335
6336
6338
6340
6341
6343
6345
6346
6348
6350
6351
6353
6354
6356
6358
6359
6361
6363
6365
6366
6368
6370
6371
6373
6375
6376
6378
6380
6381
6383
6385
6386
6388
6390
6391
6393
6395
6396
6398
6400
6401
6403
6405
6406
6408
6410
6411
6413
6415
6417
6419
6421
6423
6425
6427
6429
6430
6432
6434
6436
6438
6440
6442
6444
6446
6448
6450
6451
6453
6455
6457
6459
6461
6463
6465
6467
6469
6470
6472
6474
6476
6478
6480
6482
6484
6486
6488
6490
6491
6493
6495
6497
6499
6501
6503
6505
6507
6509
6510
6512
6514
6516
6518
6520
6522
6524
6526
6528
6530
6532
6534
6536
6538
6540
6542
6544
6546
6548
6550
6552
6554
6556
6559
6561
6563
6565
6567
6569
6571
6573
6575
6577
6579
6581
6583
6586
6588
6590
6592
6594
6596
6598
6600
6602
6604
6606
6608
6610
6613
6615
6617
6619
6621
6623
6625
6627
6629
6631
6633
6635
6637
6640
6641
6643
6645
6647
6649
6651
6653
6655
6657
6658
6660
6662
6664
6666
6668
6670
6672
6674
6676
6677
6679
6681
6683
6685
6687
6689
6691
6693
6695
6696
6698
6700
6702
6704
6706
6708
6710
6712
6713
6715
6717
6719
6721
6723
6725
6727
6729
6731
6732
6734
6736
6738
6740
6742
6744
6746
6748
6750
6751
6753
6755
6757
6759
6761
6763
6765
6767
6769
6771
6773
6775
6777
6778
6780
6782
6784
6786
6788
6790
6792
6794
6796
6798
6800
6802
6804
6805
6807
6809
6811
6813
6815
6817
6819
6821
6823
6825
6827
6829
6831
6832
6834
6836
6838
6840
6842
6844
6846
6848
6850
6852
6854
6856
6858
6860
6862
6864
6866
6868
6870
6872
6874
6876
6878
6880
6882
6884
6886
6888
6890
6892
6894
6896
6898
6900
6902
6904
6906
6908
6910
6912
6914
6916
6918
6920
6922
6924
6926
6928
6930
6932
6934
6936
6938
6940
6942
6944
6946
6948
6950
6952
6954
6956
6958
6960
6961
6963
6965
6966
6968
6970
6971
6973
6975
6976
6978
6980
6982
6983
6985
6987
6988
6990
6992
6993
6995
6997
6998
7000
7002
7004
7005
7007
7009
7010
7012
7014
7015
7017
7019
7020
7022
7024
7026
7027
7029
7031
7032
7034
7036
7037
7039
7041
7042
7044
7046
7048
7049
7051
7053
7054
7056
7058
7059
7061
7063
7064
7066
7068
7070
7072
7074
7076
7078
7081
7083
7085
7087
7089
7092
7094
7096
7098
7100
7103
7105
7107
7109
7111
7114
7116
7118
7120
7122
7125
7127
7129
7131
7133
7136
7138
7140
7142
7144
7147
7149
7151
7153
7155
7157
7160
7162
7164
7166
7169
7171
7173
7175
7177
7180
7181
7183
7185
7187
7189
7191
7193
7194
7196
7198
7200
7202
7204
7206
7207
7209
7211
7213
7215
7217
7219
7221
7222
7224
7226
7228
7230
7232
7234
7235
7237
7239
7241
7243
7245
7247
7248
7250
7252
7254
7256
7258
7260
7262
7263
7265
7267
7269
7271
7273
7275
7276
7278
7280
7282
7284
7286
7288
7290
7292
7294
7296
7298
7300
7302
7304
7306
7308
7310
7312
7314
7316
7318
7320
7322
7324
7326
7328
7330
7332
7334
7336
7338
7341
7343
7345
7347
7349
7351
7353
7355
7357
7359
7361
7363
7365
7367
7369
7371
7373
7375
7377
7379
7381
7383
7385
7387
7390
7391
7394
7396
7398
7399
7402
7404
7406
7407
7410
7412
7414
7415
7418
7420
7422
7423
7426
7428
7430
7431
7434
7436
7438
7439
7442
7444
7446
7447
7450
7452
7454
7455
7458
7460
7462
7463
7466
7468
7470
7471
7474
7476
7478
7479
7482
7484
7486
7488
7490
7492
7494
7496
7498
7500
7502
7504
7506
7508
7510
7512
7515
7517
7519
7521
7523
7525
7528
7530
7532
7534
7536
7538
7540
7543
7545
7547
7549
7551
7553
7556
7558
7560
7562
7564
7566
7569
7571
7573
7575
7577
7579
7581
7584
7586
7588
7590
7592
7594
7597
7599
7601
7603
7605
7607
7610
7612
7614
7616
7618
7620
7622
7624
7626
7628
7630
7632
7634
7636
7638
7640
7642
7644
7646
7648
7650
7652
7654
7656
7658
7661
7663
7665
7667
7669
7671
7673
7675
7677
7679
7681
7683
7685
7687
7689
7691
7693
7695
7697
7699
7701
7703
7705
7707
7710
7711
7713
7715
7716
7718
7720
7722
7723
7725
7727
7729
7730
7732
7734
7736
7737
7739
7741
7743
7744
7746
7748
7750
7751
7753
7755
7757
7758
7760
7762
7764
7765
7767
7769
7771
7772
7774
7776
7778
7779
7781
7783
7785
7786
7788
7790
7792
7793
7795
7797
7799
7800
7802
7804
7806
7807
7809
7811
7813
7814
7816
7818
7820
7821
7823
7825
7827
7829
7830
7832
7834
7836
7838
7840
7841
7843
7845
7847
7849
7850
7852
7854
7856
7858
7860
7861
7863
7865
7867
7869
7870
7872
7874
7876
7878
7880
7881
7883
7885
7887
7889
7890
7892
7894
7896
7898
7900
7901
7903
7905
7907
7909
7910
7912
7914
7916
7918
7920
7922
7924
7926
7928
7930
7932
7934
7936
7938
7940
7942
7944
7946
7948
7950
7952
7954
7956
7958
7960
7962
7964
7966
7968
7970
7972
7975
7977
7979
7981
7983
7985
7987
7989
7991
7993
7995
7997
7999
8001
8003
8005
8007
8009
8011
8013
8015
8017
8019
8021
8023
8025
8027
8029
8032
8033
8036
8038
8039
8042
8043
8045
8048
8049
8052
8054
8055
8058
8060
8061
8064
8065
8068
8070
8071
8074
8076
8077
8080
8082
8084
8086
8087
8090
8092
8093
8096
8098
8100
8102
8104
8106
8108
8109
8112
8114
8116
8118
8120
8122
8124
8126
8128
8130
8132
8134
8136
8138
8140
8142
8144
8146
8148
8150
8152
8155
8157
8159
8161
8163
8165
8168
8170
8172
8174
8176
8178
8180
8183
8185
8187
8189
8191
8193
8196
8198
8200
8202
8204
8206
8209
8211
8213
8215
8217
8219
8221
8224
8226
8228
8230
8232
8234
8237
8239
8241
8243
8245
8247
8250
8251
8253
8255
8256
8258
8260
8262
8263
8265
8267
8268
8270
8272
8274
8275
8277
8279
8280
8282
8284
8286
8287
8289
8291
8292
8294
8296
8298
8299
8301
8303
8305
8306
8308
8310
8311
8313
8315
8317
8318
8320
8322
8323
8325
8327
8329
8330
8332
8334
8335
8337
8339
8341
8342
8344
8346
8347
8349
8351
8353
8354
8356
8358
8360
8361
8363
8365
8367
8369
8371
8373
8375
8376
8378
8380
8382
8384
8386
8388
8390
8392
8393
8395
8397
8399
8401
8403
8405
8407
8409
8410
8412
8414
8416
8418
8420
8422
8424
8426
8427
8429
8431
8433
8435
8437
8439
8441
8443
8444
8446
8448
8450
8452
8454
8456
8458
8460
8462
8464
8466
8468
8471
8473
8475
8477
8480
8482
8484
8486
8488
8491
8493
8495
8497
8500
8502
8504
8506
8508
8511
8513
8515
8517
8520
8522
8524
8526
8528
8531
8533
8535
8537
8540
8542
8544
8546
8548
8551
8553
8555
8557
8560
8562
8564
8566
8568
8571
8573
8575
8577
8580
8581
8583
8585
8587
8589
8591
8593
8595
8597
8599
8601
8603
8605
8607
8609
8611
8613
8615
8617
8619
8621
8623
8625
8627
8629
8630
8632
8634
8636
8638
8640
8642
8644
8646
8648
8650
8652
8654
8656
8658
8660
8662
8664
8666
8668
8670
8672
8674
8676
8678
8680
8682
8684
8687
8689
8691
8694
8696
8698
8701
8703
8705
8708
8710
8712
8715
8717
8720
8722
8724
8727
8729
8731
8734
8736
8738
8741
8743
8745
8748
8750
8752
8755
8757
8760
8762
8764
8767
8769
8771
8774
8776
8778
8781
8783
8785
8788
8790
8792
8795
8797
8800
8801
8803
8805
8807
8808
8810
8812
8814
8816
8817
8819
8821
8823
8825
8826
8828
8830
8832
8833
8835
8837
8839
8841
8842
8844
8846
8848
8850
8851
8853
8855
8857
8858
8860
8862
8864
8866
8867
8869
8871
8873
8875
8876
8878
8880
8882
8883
8885
8887
8889
8891
8892
8894
8896
8898
8900
8901
8903
8905
8906
8908
8910
8912
8913
8915
8917
8918
8920
8922
8924
8925
8927
8929
8930
8932
8934
8936
8937
8939
8941
8942
8944
8946
8948
8949
8951
8953
8955
8956
8958
8960
8961
8963
8965
8967
8968
8970
8972
8973
8975
8977
8979
8980
8982
8984
8985
8987
8989
8991
8992
8994
8996
8997
8999
9001
9003
9004
9006
9008
9010
9012
9014
9016
9018
9020
9022
9024
9026
9028
9030
9032
9034
9036
9038
9040
9042
9044
9046
9048
9050
9052
9054
9056
9058
9060
9062
9064
9066
9068
9071
9073
9075
9077
9079
9081
9083
9085
9087
9089
9091
9093
9095
9097
9099
9101
9103
9105
9107
9109
9111
9113
9115
9117
9119
9121
9123
9125
9127
9130
9132
9134
9136
9138
9140
9142
9144
9146
9149
9151
9153
9155
9157
9159
9161
9163
9165
9168
9170
9172
9174
9176
9178
9180
9182
9185
9187
9189
9191
9193
9195
9197
9199
9201
9204
9206
9208
9210
9212
9214
9216
9218
9220
9223
9225
9227
9229
9231
9233
9235
9237
9240
9242
9244
9246
9248
9250
9252
9254
9256
9258
9260
9262
9264
9266
9269
9271
9273
9275
9277
9279
9281
9283
9285
9287
9289
9291
9293
9296
9298
9300
9302
9304
9306
9308
9310
9312
9314
9316
9318
9320
9323
9325
9327
9329
9331
9333
9335
9337
9339
9341
9343
9345
9347
9350
9352
9354
9356
9358
9360
9363
9365
9367
9369
9371
9373
9376
9378
9380
9382
9384
9386
9389
9391
9393
9395
9397
9399
9402
9404
9406
9408
9410
9413
9415
9417
9419
9421
9423
9426
9428
9430
9432
9434
9436
9439
9441
9443
9445
9447
9450
9452
9454
9456
9458
9460
9462
9464
9466
9469
9471
9473
9475
9477
9479
9481
9483
9485
9488
9490
9492
9494
9496
9498
9500
9502
9504
9507
9509
9511
9513
9515
9517
9519
9521
9524
9526
9528
9530
9532
9534
9536
9538
9540
9543
9545
9547
9549
9551
9553
9555
9557
9560
9562
9565
9567
9570
9572
9575
9577
9580
9583
9585
9588
9590
9593
9595
9598
9601
9603
9606
9608
9611
9613
9616
9618
9621
9624
9626
9629
9631
9634
9636
9639
9642
9644
9647
9649
9652
9654
9657
9660
9662
9664
9666
9668
9670
9672
9675
9677
9679
9681
9683
9685
9688
9690
9692
9694
9696
9698
9700
9703
9705
9707
9709
9711
9713
9716
9718
9720
9722
9724
9726
9729
9731
9733
9735
9737
9739
9741
9744
9746
9748
9750
9752
9754
9757
9759
9761
9763
9765
9767
9770
9772
9774
9777
9779
9782
9784
9787
9789
9791
9794
9796
9799
9801
9804
9806
9809
9811
9813
9816
9818
9821
9823
9826
9828
9830
9833
9835
9838
9840
9843
9845
9848
9850
9852
9855
9857
9860
9862
9865
9867
9870
9871
9873
9875
9877
9879
9881
9883
9885
9887
9889
9891
9893
9895
9897
9899
9901
9903
9905
9907
9909
9911
9913
9915
9917
9919
9921
9923
9924
9926
9928
9930
9932
9934
9936
9938
9940
9942
9944
9946
9948
9950
9952
9954
9956
9958
9960
9962
9964
9966
9968
9970
9972
9974
9976
9978
9980
9982
9984
9986
9989
9991
9993
9996
9998
10000
10002
10005
10007
10009
10012
10014
10016
10018
10021
10023
10025
10028
10030
10032
10035
10037
10039
10041
10044
10046
10048
10051
10053
10055
10057
10060
10062
10064
10067
10069
10071
10073
10076
10078
10080
10083
10085
10087
10090
10091
10093
10095
10097
10099
10101
10103
10105
10107
10109
10111
10113
10115
10117
10119
10121
10123
10125
10127
10129
10131
10133
10135
10137
10139
10140
10142
10144
10146
10148
10150
10152
10154
10156
10158
10160
10162
10164
10166
10168
10170
10172
10174
10176
10178
10180
10182
10184
10186
10188
10190
10192
10194
10196
10199
10201
10203
10206
10208
10210
10212
10215
10217
10219
10222
10224
10226
10228
10231
10233
10235
10238
10240
10242
10245
10247
10249
10251
10254
10256
10258
10261
10263
10265
10267
10270
10272
10274
10277
10279
10281
10283
10286
10288
10290
10293
10295
10297
10300
10301
10303
10304
10306
10308
10309
10311
10312
10314
10316
10317
10319
10320
10322
10324
10325
10327
10329
10330
10332
10333
10335
10337
10338
10340
10341
10343
10345
10346
10348
10350
10351
10353
10354
10356
10358
10359
10361
10362
10364
10366
10367
10369
10370
10372
10374
10375
10377
10379
10380
10382
10383
10385
10387
10388
10390
10391
10393
10395
10396
10398
10400
10401
10403
10405
10407
10409
10410
10412
10414
10416
10418
10419
10421
10423
10425
10427
10428
10430
10432
10434
10436
10437
10439
10441
10443
10445
10446
10448
10450
10452
10454
10455
10457
10459
10461
10463
10464
10466
10468
10470
10472
10473
10475
10477
10479
10481
10482
10484
10486
10488
10490
10491
10493
10495
10497
10499
10500
10502
10504
10506
10508
10510
10511
10513
10515
10517
10519
10521
10523
10525
10527
10529
10531
10533
10535
10537
10539
10541
10543
10545
10547
10549
10551
10553
10555
10557
10559
10561
10563
10565
10566
10568
10570
10572
10574
10576
10578
10580
10582
10584
10586
10588
10590
10592
10594
10596
10598
10600
10602
10604
10606
10608
10610
10612
10614
10616
10618
10620
10621
10623
10625
10627
10628
10630
10632
10634
10635
10637
10639
10641
10643
10644
10646
10648
10650
10651
10653
10655
10657
10659
10660
10662
10664
10666
10667
10669
10671
10673
10675
10676
10678
10680
10682
10683
10685
10687
10689
10690
10692
10694
10696
10698
10699
10701
10703
10705
10706
10708
10710
10712
10714
10715
10717
10719
10721
10722
10724
10726
10728
10730
10732
10734
10736
10738
10741
10743
10745
10747
10750
10752
10754
10756
10759
10761
10763
10765
10768
10770
10772
10774
10777
10779
10781
10783
10786
10788
10790
10792
10795
10797
10799
10801
10804
10806
10808
10810
10813
10815
10817
10819
10822
10824
10826
10828
10831
10833
10835
10837
10840
10841
10843
10845
10847
10849
10851
10853
10855
10857
10859
10861
10863
10865
10867
10869
10871
10873
10875
10877
10879
10881
10883
10885
10887
10889
10890
10892
10894
10896
10898
10900
10902
10904
10906
10908
10910
10912
10914
10916
10918
10920
10922
10924
10926
10928
10930
10932
10934
10936
10938
10940
10942
10944
10946
10948
10950
10952
10954
10956
10958
10960
10962
10964
10966
10969
10971
10973
10975
10977
10979
10981
10983
10985
10987
10989
10991
10993
10996
10998
11000
11002
11004
11006
11008
11010
11012
11014
11016
11018
11020
11023
11025
11027
11029
11031
11033
11035
11037
11039
11041
11043
11045
11047
11050
11051
11053
11055
11057
11058
11060
11062
11064
11066
11067
11069
11071
11073
11075
11076
11078
11080
11082
11083
11085
11087
11089
11091
11092
11094
11096
11098
11100
11101
11103
11105
11107
11108
11110
11112
11114
11116
11117
11119
11121
11123
11125
11126
11128
11130
11132
11133
11135
11137
11139
11141
11142
11144
11146
11148
11150
11152
11154
11156
11158
11160
11162
11164
11166
11168
11170
11172
11174
11176
11179
11181
11183
11185
11187
11189
11191
11193
11195
11197
11199
11201
11203
11206
11208
11210
11212
11214
11216
11218
11220
11222
11224
11226
11228
11230
11233
11235
11237
11239
11241
11243
11245
11247
11249
11251
11253
11255
11257
11260
11262
11264
11266
11268
11270
11272
11274
11276
11278
11280
11282
11284
11286
11289
11291
11293
11295
11297
11299
11301
11303
11305
11307
11309
11311
11313
11316
11318
11320
11322
11324
11326
11328
11330
11332
11334
11336
11338
11340
11343
11345
11347
11349
11351
11353
11355
11357
11359
11361
11363
11365
11367
11370
11372
11374
11376
11378
11380
11382
11384
11386
11388
11390
11392
11394
11396
11398
11401
11403
11405
11407
11409
11411
11413
11415
11417
11419
11421
11423
11425
11427
11430
11432
11434
11436
11438
11440
11442
11444
11446
11448
11450
11452
11454
11456
11458
11461
11463
11465
11467
11469
11471
11473
11475
11477
11479
11481
11483
11485
11487
11490
11492
11494
11496
11498
11500
11502
11504
11506
11508
11510
11512
11514
11516
11518
11520
11522
11524
11526
11528
11530
11532
11534
11536
11538
11540
11542
11544
11546
11548
11550
11552
11554
11556
11558
11560
11562
11564
11565
11568
11570
11572
11574
11576
11578
11580
11581
11584
11586
11588
11590
11591
11594
11596
11597
11600
11602
11604
11606
11607
11610
11612
11613
11616
11618
11620
11622
11623
11626
11628
11629
11632
11634
11636
11638
11640
11642
11644
11646
11648
11650
11652
11654
11656
11658
11660
11662
11664
11666
11668
11670
11672
11674
11676
11678
11680
11682
11684
11686
11688
11690
11692
11694
11696
11698
11700
11702
11704
11706
11708
11710
11712
11714
11716
11718
11720
11722
11724
11726
11728
11730
11732
11734
11736
11739
11741
11743
11745
11747
11749
11751
11753
11755
11757
11759
11761
11763
11766
11768
11770
11772
11774
11776
11778
11780
11782
11784
11786
11788
11790
11793
11795
11797
11799
11801
11803
11805
11807
11809
11811
11813
11815
11817
11820
11822
11824
11826
11828
11830
11832
11834
11836
11838
11840
11842
11844
11846
11848
11850
11852
11854
11856
11858
11860
11862
11864
11866
11868
11871
11873
11875
11877
11879
11881
11883
11885
11887
11889
11891
11893
11895
11897
11899
11901
11903
11905
11907
11909
11911
11913
11915
11917
11920
11921
11923
11925
11927
11929
11931
11933
11934
11936
11938
11940
11942
11944
11946
11947
11949
11951
11953
11955
11957
11959
11961
11962
11964
11966
11968
11970
11972
11974
11975
11977
11979
11981
11983
11985
11987
11988
11990
11992
11994
11996
11998
12000
12002
12003
12005
12007
12009
12011
12013
12015
12016
12018
12020
12022
12024
12026
12028
12030
12031
12033
12035
12037
12039
12041
12042
12044
12046
12048
12050
12052
12054
12055
12057
12059
12061
12063
12065
12067
12068
12070
12072
12074
12076
12078
12080
12081
12083
12085
12087
12089
12091
12092
12094
12096
12098
12100
12102
12104
12105
12107
12109
12111
12113
12115
12117
12118
12120
12122
12124
12126
12128
12130
12131
12133
12135
12137
12139
12140
12142
12144
12146
12148
12149
12151
12153
12155
12157
12158
12160
12162
12164
12166
12167
12169
12171
12173
12175
12176
12178
12180
12182
12184
12185
12187
12189
12191
12193
12194
12196
12198
12200
12202
12203
12205
12207
12209
12211
12212
12214
12216
12218
12220
12221
12223
12225
12227
12229
12230
12232
12234
12236
12238
12240
12242
12244
12246
12249
12251
12253
12256
12258
12260
12262
12265
12267
12269
12272
12274
12276
12278
12281
12283
12285
12288
12290
12292
12295
12297
12299
12301
12304
12306
12308
12311
12313
12315
12317
12320
12322
12324
12327
12329
12331
12333
12336
12338
12340
12343
12345
12347
12350
12351
12353
12354
12356
12358
12359
12361
12362
12364
12366
12367
12369
12370
12372
12374
12375
12377
12379
12380
12382
12383
12385
12387
12388
12390
12391
12393
12395
12396
12398
12399
12401
12403
12404
12406
12408
12409
12411
12412
12414
12416
12417
12419
12420
12422
12424
12425
12427
12429
12430
12432
12433
12435
12437
12438
12440
12441
12443
12445
12446
12448
12450
12451
12453
12455
12456
12458
12460
12462
12463
12465
12467
12469
12470
12472
12474
12476
12477
12479
12481
12483
12484
12486
12488
12490
12491
12493
12495
12497
12498
12500
12502
12504
12505
12507
12509
12511
12512
12514
12516
12518
12519
12521
12523
12525
12526
12528
12530
12532
12533
12535
12537
12539
12540
12542
12544
12546
12547
12549
12551
12553
12554
12556
12558
12560
12561
12563
12565
12567
12569
12571
12573
12575
12577
12579
12581
12583
12585
12586
12588
12590
12592
12594
12596
12598
12600
12602
12604
12606
12608
12610
12611
12613
12615
12617
12619
12621
12623
12625
12627
12629
12631
12633
12635
12636
12638
12640
12642
12644
12646
12648
12650
12652
12654
12656
12658
12660
12662
12664
12666
12668
12670
12672
12674
12676
12678
12680
12682
12684
12686
12689
12691
12693
12695
12697
12699
12701
12703
12705
12707
12709
12711
12713
12716
12718
12720
12722
12724
12726
12728
12730
12732
12734
12736
12738
12740
12743
12745
12747
12749
12751
12753
12755
12757
12759
12761
12763
12765
12767
12770
12771
12773
12775
12777
12778
12780
12782
12784
12785
12787
12789
12791
12792
12794
12796
12798
12799
12801
12803
12805
12806
12808
12810
12812
12813
12815
12817
12819
12820
12822
12824
12826
12827
12829
12831
12833
12834
12836
12838
12840
12841
12843
12845
12847
12848
12850
12852
12854
12855
12857
12859
12861
12862
12864
12866
12868
12870
12871
12873
12875
12877
12879
12881
12883
12884
12886
12888
12890
12892
12894
12896
12897
12899
12901
12903
12905
12907
12909
12911
12912
12914
12916
12918
12920
12922
12924
12925
12927
12929
12931
12933
12935
12937
12938
12940
12942
12944
12946
12948
12950
12952
12953
12955
12957
12959
12961
12963
12965
12966
12968
12970
12972
12974
12976
12978
12980
12981
12983
12985
12986
12988
12990
12992
12993
12995
12997
12998
13000
13002
13004
13005
13007
13009
13010
13012
13014
13016
13017
13019
13021
13022
13024
13026
13028
13029
13031
13033
13035
13036
13038
13040
13041
13043
13045
13047
13048
13050
13052
13053
13055
13057
13059
13060
13062
13064
13065
13067
13069
13071
13072
13074
13076
13077
13079
13081
13083
13084
13086
13088
13090
13092
13094
13096
13097
13100
13102
13104
13106
13108
13110
13112
13113
13116
13118
13120
13122
13124
13126
13128
13129
13132
13134
13136
13138
13140
13142
13144
13145
13148
13150
13152
13154
13155
13158
13160
13161
13164
13166
13168
13170
13171
13174
13176
13177
13180
13182
13184
13186
13187
13190
13191
13193
13195
13197
13198
13200
13202
13204
13205
13207
13209
13211
13213
13214
13216
13218
13220
13221
13223
13225
13227
13229
13230
13232
13234
13236
13237
13239
13241
13243
13245
13246
13248
13250
13252
13253
13255
13257
13259
13260
13262
13264
13266
13268
13269
13271
13273
13275
13276
13278
13280
13282
13284
13285
13287
13289
13291
13292
13294
13296
13298
13300
13301
13303
13305
13307
13309
13311
13313
13315
13316
13318
13320
13322
13324
13326
13328
13330
13332
13333
13335
13337
13339
13341
13343
13345
13347
13349
13350
13352
13354
13356
13358
13360
13362
13364
13366
13367
13369
13371
13373
13375
13377
13379
13381
13383
13384
13386
13388
13390
13392
13394
13396
13398
13400
13402
13404
13406
13408
13410
13412
13414
13416
13418
13420
13422
13424
13426
13429
13431
13433
13435
13437
13439
13441
13443
13445
13447
13449
13451
13453
13456
13458
13460
13462
13464
13466
13468
13470
13472
13474
13476
13478
13480
13483
13485
13487
13489
13491
13493
13495
13497
13499
13501
13503
13505
13507
13510
13511
13513
13515
13517
13518
13520
13522
13524
13525
13527
13529
13531
13533
13534
13536
13538
13540
13541
13543
13545
13547
13549
13550
13552
13554
13556
13557
13559
13561
13563
13565
13566
13568
13570
13572
13573
13575
13577
13579
13580
13582
13584
13586
13588
13589
13591
13593
13595
13596
13598
13600
13602
13604
13605
13607
13609
13611
13612
13614
13616
13618
13620
13622
13624
13626
13629
13631
13633
13635
13638
13640
13642
13644
13647
13649
13651
13653
13656
13658
13660
13663
13665
13667
13669
13672
13674
13676
13678
13681
13683
13685
13687
13690
13692
13694
13696
13699
13701
13703
13706
13708
13710
13712
13715
13717
13719
13721
13724
13726
13728
13730
13733
13735
13737
13740
13742
13744
13746
13748
13750
13752
13754
13756
13758
13760
13762
13764
13766
13768
13770
13772
13774
13776
13778
13780
13782
13784
13786
13788
13790
13792
13794
13796
13798
13800
13802
13804
13806
13808
13810
13812
13814
13815
13818
13820
13822
13824
13826
13828
13830
13831
13834
13836
13838
13840
13842
13844
13846
13847
13850
13852
13855
13857
13860
13862
13865
13867
13870
13872
13875
13877
13879
13882
13885
13887
13889
13892
13895
13897
13899
13902
13905
13907
13910
13912
13915
13917
13920
13922
13924
13927
13930
13932
13934
13937
13940
13942
13944
13947
13950
13951
13953
13955
13957
13959
13961
13963
13965
13967
13968
13970
13972
13974
13976
13978
13980
13982
13984
13986
13987
13989
13991
13993
13995
13997
13999
14001
14003
14004
14006
14008
14010
14012
14014
14016
14018
14020
14022
14023
14025
14027
14029
14031
14033
14035
14037
14039
14041
14042
14044
14046
14048
14050
14052
14054
14056
14058
14060
14062
14064
14066
14068
14070
14072
14074
14076
14078
14080
14082
14085
14087
14089
14091
14093
14095
14097
14099
14101
14103
14105
14107
14110
14112
14114
14116
14118
14120
14122
14124
14126
14128
14130
14132
14135
14137
14139
14141
14143
14145
14147
14149
14151
14153
14155
14157
14160
14161
14163
14165
14167
14169
14171
14173
14175
14177
14179
14181
14183
14185
14187
14189
14191
14193
14195
14197
14199
14201
14203
14205
14207
14209
14211
14213
14215
14216
14218
14220
14222
14224
14226
14228
14230
14232
14234
14236
14238
14240
14242
14244
14246
14248
14250
14252
14254
14256
14258
14260
14262
14264
14266
14268
14270
14272
14274
14276
14278
14280
14282
14285
14287
14289
14291
14293
14295
14298
14300
14302
14304
14306
14308
14310
14313
14315
14317
14319
14321
14323
14326
14328
14330
14332
14334
14336
14339
14341
14343
14345
14347
14349
14351
14354
14356
14358
14360
14362
14364
14367
14369
14371
14373
14375
14377
14380
14382
14384
14386
14388
14390
14392
14394
14396
14398
14400
14402
14404
14406
14408
14410
14412
14414
14416
14418
14420
14422
14424
14426
14428
14430
14432
14434
14436
14438
14440
14442
14444
14446
14448
14450
14452
14454
14456
14458
14460
14462
14464
14466
14468
14470
14472
14474
14476
14478
14480
14482
14484
14486
14488
14490
14492
14494
14496
14498
14500
14502
14504
14506
14508
14510
14512
14514
14516
14519
14521
14523
14525
14527
14529
14531
14533
14535
14537
14539
14541
14543
14546
14548
14550
14552
14554
14556
14558
14560
14562
14564
14566
14568
14570
14573
14575
14577
14579
14581
14583
14585
14587
14589
14591
14593
14595
14597
14600
14602
14605
14607
14610
14612
14615
14617
14620
14623
14625
14628
14630
14633
14635
14638
14641
14643
14646
14648
14651
14653
14656
14658
14661
14664
14666
14669
14671
14674
14676
14679
14682
14684
14687
14689
14692
14694
14697
14700
14702
14704
14707
14709
14711
14714
14716
14718
14721
14723
14725
14728
14730
14732
14735
14737
14739
14742
14744
14746
14749
14751
14753
14756
14758
14760
14763
14765
14767
14770
14772
14774
14777
14779
14781
14784
14786
14788
14791
14793
14795
14798
14800
14802
14805
14807
14810
14811
14813
14815
14817
14818
14820
14822
14824
14825
14827
14829
14831
14832
14834
14836
14838
14839
14841
14843
14845
14846
14848
14850
14852
14853
14855
14857
14859
14860
14862
14864
14866
14867
14869
14871
14873
14874
14876
14878
14880
14881
14883
14885
14887
14888
14890
14892
14894
14895
14897
14899
14901
14902
14904
14906
14908
14910
14911
14913
14915
14917
14919
14921
14923
14925
14927
14929
14931
14933
14935
14937
14939
14941
14943
14945
14947
14949
14951
14953
14955
14957
14959
14961
14963
14965
14966
14968
14970
14972
14974
14976
14978
14980
14982
14984
14986
14988
14990
14992
14994
14996
14998
15000
15002
15004
15006
15008
15010
15012
15014
15016
15018
15020
15021
15023
15025
15027
15029
15031
15033
15035
15037
15039
15041
15043
15045
15047
15049
15051
15053
15055
15057
15059
15061
15063
15065
15067
15069
15070
15072
15074
15076
15078
15080
15082
15084
15086
15088
15090
15092
15094
15096
15098
15100
15102
15104
15106
15108
15110
15112
15114
15116
15118
15120
15121
15123
15125
15127
15129
15131
15133
15134
15136
15138
15140
15142
15144
15146
15147
15149
15151
15153
15155
15157
15159
15161
15162
15164
15166
15168
15170
15172
15174
15175
15177
15179
15181
15183
15185
15187
15188
15190
15192
15194
15196
15198
15200
15202
15203
15205
15207
15209
15211
15213
15215
15216
15218
15220
15222
15224
15226
15228
15230
15231
15233
15235
15236
15238
15240
15242
15243
15245
15247
15249
15250
15252
15254
15256
15257
15259
15261
15263
15264
15266
15268
15270
15271
15273
15275
15277
15278
15280
15282
15284
15285
15287
15289
15291
15292
15294
15296
15298
15299
15301
15303
15305
15306
15308
15310
15312
15313
15315
15317
15319
15320
15322
15324
15326
15327
15329
15331
15333
15334
15336
15338
15340
15341
15343
15345
15347
15349
15350
15352
15354
15356
15358
15360
15361
15363
15365
15367
15369
15370
15372
15374
15376
15378
15379
15381
15383
15385
15387
15389
15390
15392
15394
15396
15398
15400
15401
15403
15405
15407
15409
15410
15412
15414
15416
15418
15420
15421
15423
15425
15427
15429
15430
15432
15434
15436
15438
15440
15442
15444
15446
15448
15451
15453
15455
15457
15460
15462
15464
15466
15469
15471
15473
15475
15478
15480
15482
15484
15487
15489
15491
15493
15496
15498
15500
15502
15505
15507
15509
15511
15514
15516
15518
15520
15523
15525
15527
15529
15532
15534
15536
15538
15541
15543
15545
15547
15550
15552
15554
15556
15558
15560
15563
15565
15567
15569
15571
15573
15576
15578
15580
15582
15584
15586
15589
15591
15593
15595
15597
15600
15602
15604
15606
15608
15610
15613
15615
15617
15619
15621
15623
15626
15628
15630
15632
15634
15636
15639
15641
15643
15645
15647
15650
15652
15654
15656
15659
15661
15663
15666
15668
15670
15673
15675
15677
15680
15682
15684
15686
15689
15691
15693
15696
15698
15700
15703
15705
15707
15710
15712
15714
15716
15719
15721
15723
15726
15728
15730
15733
15735
15737
15740
15742
15744
15746
15749
15751
15753
15756
15758
15760
15763
15765
15767
15770
15771
15773
15775
15777
15779
15781
15783
15785
15787
15789
15791
15793
15795
15797
15799
15801
15803
15805
15807
15809
15811
15813
15815
15817
15819
15821
15823
15825
15826
15828
15830
15832
15834
15836
15838
15840
15842
15844
15846
15848
15850
15852
15854
15856
15858
15860
15862
15864
15866
15868
15870
15872
15874
15876
15878
15880
15881
15883
15885
15887
15889
15891
15893
15895
15896
15898
15900
15902
15904
15906
15908
15910
15911
15913
15915
15917
15919
15921
15923
15925
15926
15928
15930
15932
15934
15936
15938
15940
15941
15943
15945
15947
15949
15951
15953
15955
15956
15958
15960
15962
15964
15966
15968
15970
15971
15973
15975
15977
15979
15981
15983
15985
15986
15988
15990
15992
15994
15996
15998
16000
16002
16004
16006
16008
16010
16012
16014
16016
16018
16020
16022
16024
16026
16029
16031
16033
16035
16037
16039
16041
16043
16045
16047
16049
16051
16053
16056
16058
16060
16062
16064
16066
16068
16070
16072
16074
16076
16078
16080
16083
16085
16087
16089
16091
16093
16095
16097
16099
16101
16103
16105
16107
16110
16111
16114
16116
16117
16120
16122
16123
16126
16128
16129
16132
16134
16136
16137
16140
16142
16143
16146
16148
16149
16152
16154
16155
16158
16160
16161
16164
16166
16168
16170
16172
16174
16176
16178
16180
16182
16184
16186
16187
16190
16192
16193
16196
16198
16200
16202
16204
16206
16208
16210
16211
16213
16215
16217
16219
16221
16223
16224
16226
16228
16230
16232
16234
16236
16237
16239
16241
16243
16245
16247
16249
16251
16252
16254
16256
16258
16260
16262
16264
16265
16267
16269
16271
16273
16275
16277
16278
16280
16282
16284
16286
16288
16290
16292
16293
16295
16297
16299
16301
16303
16305
16306
16308
16310
16312
16314
16316
16318
16320
16321
16323
16325
16327
16329
16331
16332
16334
16336
16338
16340
16342
16344
16345
16347
16349
16351
16353
16355
16357
16358
16360
16362
16364
16366
16368
16370
16371
16373
16375
16377
16379
16381
16382
16384
16386
16388
16390
16392
16394
16395
16397
16399
16401
16403
16405
16407
16408
16410
16412
16414
16416
16418
16420
16422
16424
16426
16428
16431
16433
16435
16437
16439
16442
16444
16446
16448
16450
16453
16455
16457
16459
16461
16464
16466
16468
16470
16472
16475
16477
16479
16481
16483
16486
16488
16490
16492
16494
16497
16499
16501
16503
16505
16508
16510
16512
16514
16516
16519
16521
16523
16525
16527
16530
16531
16533
16535
16537
16539
16541
16543
16545
16547
16549
16551
16553
16555
16557
16559
16561
16563
16565
16567
16569
16571
16573
16575
16577
16579
16580
16582
16584
16586
16588
16590
16592
16594
16596
16598
16600
16602
16604
16606
16608
16610
16612
16614
16616
16618
16620
16622
16624
16626
16628
16630
16631
16633
16635
16637
16639
16641
16643
16645
16647
16648
16650
16652
16654
16656
16658
16660
16662
16664
16666
16667
16669
16671
16673
16675
16677
16679
16681
16683
16685
16686
16688
16690
16692
16694
16696
16698
16700
16702
16703
16705
16707
16709
16711
16713
16715
16717
16719
16721
16722
16724
16726
16728
16730
16732
16734
16736
16738
16740
16742
16744
16746
16748
16750
16752
16754
16756
16759
16761
16763
16765
16767
16769
16771
16773
16775
16778
16780
16782
16784
16786
16788
16790
16792
16794
16797
16799
16801
16803
16805
16807
16809
16811
16814
16816
16818
16820
16822
16824
16826
16828
16830
16833
16835
16837
16839
16841
16843
16845
16847
16850
16852
16854
16856
16858
16861
16863
16865
16867
16870
16872
16874
16876
16878
16881
16883
16885
16887
16890
16892
16894
16896
16898
16901
16903
16905
16907
16910
16912
16914
16916
16918
16921
16923
16925
16927
16930
16932
16934
16936
16938
16941
16943
16945
16947
16950
16951
16953
16955
16957
16959
16961
16963
16965
16967
16968
16970
16972
16974
16976
16978
16980
16982
16984
16986
16987
16989
16991
16993
16995
16997
16999
17001
17003
17005
17006
17008
17010
17012
17014
17016
17018
17020
17022
17023
17025
17027
17029
17031
17033
17035
17037
17039
17041
17042
17044
17046
17048
17050
17052
17054
17056
17058
17060
17062
17065
17067
17070
17073
17075
17078
17080
17083
17086
17088
17091
17094
17096
17099
17101
17104
17107
17109
17112
17115
17117
17120
17122
17125
17128
17130
17133
17135
17138
17141
17143
17146
17149
17151
17154
17156
17159
17162
17164
17167
17170
17172
17174
17176
17178
17180
17182
17184
17186
17188
17190
17192
17194
17196
17198
17200
17202
17204
17206
17208
17210
17212
17214
17216
17218
17220
17222
17224
17226
17228
17231
17233
17235
17237
17239
17241
17243
17245
17247
17249
17251
17253
17255
17257
17259
17261
17263
17265
17267
17269
17271
17273
17275
17277
17279
17281
17283
17285
17287
17290
17292
17294
17296
17298
17300
17302
17304
17306
17308
17310
17312
17314
17316
17318
17320
17322
17324
17326
17328
17330
17332
17334
17336
17338
17341
17343
17345
17347
17349
17351
17353
17355
17357
17359
17361
17363
17365
17367
17369
17371
17373
17375
17377
17379
17381
17383
17385
17387
17390
17391
17393
17395
17397
17399
17401
17403
17405
17407
17409
17411
17413
17415
17417
17419
17421
17423
17425
17427
17429
17431
17433
17435
17437
17439
17441
17443
17445
17446
17448
17450
17452
17454
17456
17458
17460
17462
17464
17466
17468
17470
17472
17474
17476
17478
17480
17482
17484
17486
17488
17490
17492
17494
17496
17498
17500
17501
17503
17505
17507
17509
17511
17513
17515
17517
17518
17520
17522
17524
17526
17528
17530
17532
17534
17536
17537
17539
17541
17543
17545
17547
17549
17551
17553
17555
17556
17558
17560
17562
17564
17566
17568
17570
17572
17573
17575
17577
17579
17581
17583
17585
17587
17589
17591
17592
17594
17596
17598
17600
17602
17604
17606
17608
17610
17611
17613
17615
17617
17619
17621
17623
17625
17626
17628
17630
17632
17634
17636
17638
17640
17642
17643
17645
17647
17649
17651
17653
17655
17657
17659
17660
17662
17664
17666
17668
17670
17672
17674
17676
17677
17679
17681
17683
17685
17687
17689
17691
17693
17694
17696
17698
17700
17702
17704
17706
17708
17710
17712
17714
17717
17719
17722
17724
17727
17729
17732
17734
17736
17739
17741
17744
17746
17749
17751
17754
17756
17758
17761
17763
17766
17768
17771
17773
17776
17778
17780
17783
17785
17788
17790
17793
17795
17798
17800
17802
17805
17807
17810
17812
17815
17817
17820
17822
17824
17826
17828
17830
17832
17834
17836
17838
17840
17842
17845
17847
17849
17851
17853
17855
17857
17859
17861
17863
17865
17867
17870
17872
17874
17876
17878
17880
17882
17884
17886
17888
17890
17892
17895
17897
17899
17901
17903
17905
17907
17909
17911
17913
17915
17917
17920
17922
17924
17926
17928
17930
17932
17934
17936
17938
17940
17942
17944
17946
17949
17951
17953
17955
17957
17959
17961
17963
17965
17967
17969
17971
17973
17976
17978
17980
17982
17984
17986
17988
17990
17992
17994
17996
17998
18000
18003
18005
18007
18009
18011
18013
18015
18017
18019
18021
18023
18025
18027
18030
18031
18033
18035
18037
18039
18041
18043
18045
18046
18048
18050
18052
18054
18056
18058
18060
18062
18063
18065
18067
18069
18071
18073
18075
18077
18079
18080
18082
18084
18086
18088
18090
18092
18094
18096
18097
18099
18101
18103
18105
18107
18109
18111
18113
18114
18116
18118
18120
18122
18124
18126
18128
18130
18131
18133
18135
18137
18139
18141
18142
18144
18146
18148
18150
18151
18153
18155
18157
18159
18161
18163
18164
18166
18168
18170
18172
18174
18175
18177
18179
18181
18183
18185
18186
18188
18190
18192
18194
18195
18197
18199
18201
18203
18205
18206
18208
18210
18212
18214
18216
18218
18219
18221
18223
18225
18227
18229
18230
18232
18234
18236
18238
18240
18241
18243
18245
18247
18249
18251
18253
18255
18257
18258
18260
18262
18264
18266
18268
18270
18272
18274
18276
18277
18279
18281
18283
18285
18287
18289
18291
18293
18295
18296
18298
18300
18302
18304
18306
18308
18310
18312
18313
18315
18317
18319
18321
18323
18325
18327
18329
18331
18332
18334
18336
18338
18340
18342
18344
18346
18348
18350
18351
18353
18355
18357
18359
18361
18363
18365
18367
18369
18371
18373
18375
18376
18378
18380
18382
18384
18386
18388
18390
18392
18394
18396
18398
18400
18401
18403
18405
18407
18409
18411
18413
18415
18417
18419
18421
18423
18425
18426
18428
18430
18432
18434
18436
18438
18440
18442
18444
18446
18448
18450
18452
18454
18456
18458
18460
18462
18464
18465
18468
18470
18471
18474
18476
18477
18480
18482
18484
18486
18488
18490
18491
18494
18496
18497
18500
18502
18503
18506
18508
18509
18512
18514
18516
18518
18520
18522
18523
18526
18528
18529
18532
18534
18535
18538
18540
18541
18544
18546
18548
18549
18552
18554
18555
18558
18560
18561
18563
18565
18567
18568
18570
18572
18574
18575
18577
18579
18581
18582
18584
18586
18588
18589
18591
18593
18595
18596
18598
18600
18602
18603
18605
18607
18609
18610
18612
18614
18616
18617
18619
18621
18623
18624
18626
18628
18630
18631
18633
18635
18637
18638
18640
18642
18644
18645
18647
18649
18651
18652
18654
18656
18658
18660
18661
18663
18665
18667
18669
18671
18673
18674
18676
18678
18680
18682
18684
18686
18687
18689
18691
18693
18695
18697
18699
18701
18702
18704
18706
18708
18710
18712
18714
18715
18717
18719
18721
18723
18725
18727
18728
18730
18732
18734
18736
18738
18740
18742
18743
18745
18747
18749
18751
18753
18755
18756
18758
18760
18762
18764
18766
18768
18770
18771
18773
18775
18777
18778
18780
18782
18784
18786
18787
18789
18791
18793
18795
18796
18798
18800
18802
18803
18805
18807
18809
18811
18812
18814
18816
18818
18820
18821
18823
18825
18827
18828
18830
18832
18834
18836
18837
18839
18841
18843
18845
18846
18848
18850
18852
18853
18855
18857
18859
18861
18862
18864
18866
18868
18870
18871
18873
18875
18877
18879
18881
18883
18885
18887
18889
18891
18893
18895
18897
18898
18900
18902
18904
18906
18908
18910
18912
18914
18916
18918
18920
18922
18924
18925
18927
18929
18931
18933
18935
18937
18939
18941
18943
18945
18947
18949
18951
18952
18954
18956
18958
18960
18962
18964
18966
18968
18970
18972
18974
18976
18978
18980
18982
18984
18986
18988
18990
18992
18994
18996
18998
19000
19002
19004
19006
19008
19010
19012
19014
19016
19018
19020
19022
19024
19026
19028
19030
19032
19034
19036
19038
19040
19042
19044
19046
19048
19050
19052
19054
19056
19058
19060
19062
19064
19066
19068
19070
19072
19074
19076
19078
19080
19082
19084
19086
19088
19090
19092
19094
19096
19098
19101
19103
19105
19107
19110
19112
19114
19116
19118
19121
19123
19125
19127
19130
19132
19134
19136
19138
19141
19143
19145
19147
19150
19152
19154
19156
19158
19161
19163
19165
19167
19170
19172
19174
19176
19178
19181
19183
19185
19187
19190
19191
19193
19195
19196
19198
19200
19202
19203
19205
19207
19209
19210
19212
19214
19216
19217
19219
19221
19223
19224
19226
19228
19230
19231
19233
19235
19236
19238
19240
19242
19243
19245
19247
19249
19250
19252
19254
19256
19257
19259
19261
19263
19264
19266
19268
19270
19271
19273
19275
19276
19278
19280
19282
19283
19285
19287
19289
19290
19292
19294
19296
19297
19299
19301
19303
19304
19306
19308
19310
19311
19313
19314
19316
19317
19319
19320
19322
19323
19325
19326
19328
19329
19331
19332
19334
19335
19337
19338
19340
19341
19343
19344
19346
19347
19349
19350
19352
19353
19355
19356
19358
19360
19361
19363
19364
19366
19367
19369
19370
19372
19373
19375
19376
19378
19379
19381
19382
19384
19385
19387
19388
19390
19391
19393
19394
19396
19397
19399
19400
19402
19403
19405
19406
19408
19410
19412
19414
19416
19418
19420
19422
19425
19427
19429
19431
19433
19435
19438
19440
19442
19444
19446
19448
19450
19453
19455
19457
19459
19461
19463
19466
19468
19470
19472
19474
19476
19479
19481
19483
19485
19487
19489
19491
19494
19496
19498
19500
19502
19504
19507
19509
19511
19513
19515
19517
19520
19521
19523
19525
19527
19529
19531
19532
19534
19536
19538
19540
19542
19544
19545
19547
19549
19551
19553
19555
19557
19558
19560
19562
19564
19566
19568
19570
19571
19573
19575
19577
19579
19581
19582
19584
19586
19588
19590
19592
19594
19595
19597
19599
19601
19603
19605
19607
19608
19610
19612
19614
19616
19618
19620
19622
19624
19626
19628
19631
19633
19635
19637
19639
19642
19644
19646
19648
19650
19653
19655
19657
19659
19661
19664
19666
19668
19670
19672
19675
19677
19679
19681
19683
19686
19688
19690
19692
19694
19697
19699
19701
19703
19705
19708
19710
19712
19714
19716
19719
19721
19723
19725
19727
19730
19732
19734
19736
19738
19741
19743
19745
19747
19750
19752
19754
19756
19758
19761
19763
19765
19767
19770
19772
19774
19776
19778
19781
19783
19785
19787
19790
19792
19794
19796
19798
19801
19803
19805
19807
19810
19812
19814
19816
19818
19821
19823
19825
19827
19830
19832
19834
19836
19838
19841
19843
19845
19847
19850
19852
19854
19856
19858
19860
19862
19864
19866
19868
19870
19872
19874
19876
19878
19880
19882
19884
19886
19888
19890
19892
19894
19896
19898
19901
19903
19905
19907
19909
19911
19913
19915
19917
19919
19921
19923
19925
19927
19929
19931
19933
19935
19937
19939
19941
19943
19945
19947
19950
19952
19954
19956
19958
19960
19962
19964
19966
19968
19970
19972
19974
19976
19979
19981
19983
19985
19987
19989
19991
19993
19995
19997
19999
20001
20003
20006
20008
20010
20012
20014
20016
20018
20020
20022
20024
20026
20028
20030
20033
20035
20037
20039
20041
20043
20045
20047
20049
20051
20053
20055
20057
20060
20062
20065
20068
20070
20073
20076
20078
20081
20084
20087
20089
20092
20095
20097
20100
20103
20105
20108
20111
20114
20116
20119
20122
20124
20127
20130
20132
20135
20138
20141
20143
20146
20149
20151
20154
20157
20160
20162
20164
20167
20169
20172
20174
20176
20179
20181
20184
20186
20188
20191
20193
20196
20198
20200
20203
20205
20208
20210
20212
20215
20217
20220
20222
20224
20227
20229
20232
20234
20236
20239
20241
20244
20246
20248
20251
20253
20256
20258
20260
20263
20265
20268
20270
20272
20275
20277
20280
20282
20284
20286
20288
20290
20292
20294
20296
20298
20300
20302
20304
20306
20308
20310
20312
20314
20316
20318
20320
20322
20324
20326
20328
20330
20332
20334
20336
20338
20340
20342
20344
20346
20348
20350
20352
20354
20355
20358
20360
20362
20364
20366
20368
20370
20372
20374
20375
20378
20380
20381
20383
20385
20387
20389
20391
20393
20395
20397
20399
20401
20403
20405
20407
20409
20411
20413
20415
20417
20419
20421
20423
20425
20427
20429
20431
20433
20435
20436
20438
20440
20442
20444
20446
20448
20450
20452
20454
20456
20458
20460
20462
20464
20466
20468
20470
20472
20474
20476
20478
20480
20482
20484
20486
20488
20490
20491
20493
20495
20496
20498
20500
20501
20503
20505
20506
20508
20510
20512
20513
20515
20517
20518
20520
20522
20523
20525
20527
20528
20530
20532
20534
20535
20537
20539
20540
20542
20544
20545
20547
20549
20550
20552
20554
20556
20557
20559
20561
20562
20564
20566
20567
20569
20571
20572
20574
20576
20578
20579
20581
20583
20584
20586
20588
20589
20591
20593
20594
20596
20598
20600
20601
20603
20605
20606
20608
20610
20612
20613
20615
20617
20618
20620
20622
20624
20625
20627
20629
20631
20632
20634
20636
20637
20639
20641
20643
20644
20646
20648
20650
20651
20653
20655
20656
20658
20660
20662
20663
20665
20667
20668
20670
20672
20674
20675
20677
20679
20681
20682
20684
20686
20687
20689
20691
20693
20694
20696
20698
20700
20701
20703
20705
20707
20709
20711
20713
20715
20717
20718
20720
20722
20724
20726
20728
20730
20732
20734
20736
20737
20739
20741
20743
20745
20747
20749
20751
20753
20755
20756
20758
20760
20762
20764
20766
20768
20770
20772
20773
20775
20777
20779
20781
20783
20785
20787
20789
20791
20792
20794
20796
20798
20800
20802
20804
20806
20808
20810
20811
20813
20814
20816
20818
20820
20821
20823
20825
20826
20828
20830
20831
20833
20835
20836
20838
20840
20841
20843
20845
20846
20848
20849
20851
20853
20855
20856
20858
20860
20861
20863
20865
20866
20868
20870
20871
20873
20875
20876
20878
20880
20881
20883
20884
20886
20888
20890
20891
20893
20895
20896
20898
20900
20901
20903
20905
20906
20908
20910
20911
20913
20915
20916
20918
20920
20922
20923
20925
20927
20929
20930
20932
20934
20936
20937
20939
20941
20943
20944
20946
20948
20950
20951
20953
20955
20957
20958
20960
20962
20964
20965
20967
20969
20971
20972
20974
20976
20978
20979
20981
20983
20985
20986
20988
20990
20992
20993
20995
20997
20999
21000
21002
21004
21006
21007
21009
21011
21013
21014
21016
21018
21020
21021
21023
21024
21026
21027
21029
21031
21032
21034
21035
21037
21039
21040
21042
21043
21045
21046
21048
21050
21051
21053
21054
21056
21058
21059
21061
21062
21064
21066
21067
21069
21070
21072
21073
21075
21077
21078
21080
21081
21083
21085
21086
21088
21089
21091
21093
21094
21096
21097
21099
21100
21102
21104
21105
21107
21108
21110
21112
21113
21115
21116
21118
21120
21121
21123
21125
21127
21128
21130
21132
21134
21135
21137
21139
21141
21142
21144
21146
21148
21150
21151
21153
21155
21157
21158
21160
21162
21164
21165
21167
21169
21171
21172
21174
21176
21178
21180
21181
21183
21185
21187
21188
21190
21192
21194
21195
21197
21199
21201
21202
21204
21206
21208
21210
21211
21213
21215
21217
21218
21220
21222
21224
21225
21227
21229
21231
21232
21234
21236
21238
21240
21241
21243
21245
21247
21249
21251
21253
21254
21256
21258
21260
21262
21264
21266
21267
21269
21271
21273
21275
21277
21279
21281
21282
21284
21286
21288
21290
21292
21294
21295
21297
21299
21301
21303
21305
21307
21308
21310
21312
21314
21316
21318
21320
21322
21323
21325
21327
21329
21331
21333
21335
21336
21338
21340
21342
21344
21346
21348
21350
21351
21353
21355
21357
21359
21361
21362
21364
21366
21368
21370
21372
21374
21375
21377
21379
21381
21383
21385
21387
21388
21390
21392
21394
21396
21398
21400
21401
21403
21405
21407
21409
21411
21412
21414
21416
21418
21420
21422
21424
21425
21427
21429
21431
21433
21435
21437
21438
21440
21442
21444
21446
21448
21450
21452
21455
21457
21460
21462
21465
21467
21470
21472
21474
21477
21480
21482
21485
21487
21490
21492
21494
21497
21500
21502
21505
21507
21509
21512
21515
21517
21520
21522
21525
21527
21529
21532
21535
21537
21540
21542
21544
21547
21549
21552
21555
21557
21560
21561
21563
21565
21567
21569
21571
21573
21575
21577
21579
21581
21583
21585
21586
21588
21590
21592
21594
21596
21598
21600
21602
21604
21606
21608
21610
21611
21613
21615
21617
21619
21621
21623
21625
21627
21629
21631
21633
21634
21636
21638
21640
21642
21644
21646
21648
21650
21652
21654
21656
21658
21660
21661
21663
21665
21667
21669
21671
21673
21675
21677
21679
21681
21683
21685
21687
21688
21690
21692
21694
21696
21698
21700
21702
21704
21706
21708
21710
21712
21714
21715
21717
21719
21721
21723
21725
21727
21729
21731
21733
21735
21737
21739
21741
21742
21744
21746
21748
21750
21752
21754
21756
21758
21760
21762
21764
21766
21768
21770
21771
21773
21775
21777
21779
21781
21783
21785
21787
21789
21791
21793
21795
21796
21798
21800
21802
21804
21806
21808
21810
21812
21814
21816
21818
21820
21821
21823
21825
21827
21829
21831
21833
21835
21837
21839
21841
21843
21845
21846
21848
21850
21852
21854
21856
21858
21860
21862
21864
21866
21868
21870
21871
21873
21875
21877
21879
21881
21883
21885
21887
21889
21891
21893
21895
21897
21898
21900
21902
21904
21906
21908
21910
21912
21914
21916
21918
21920
21922
21924
21925
21927
21929
21931
21933
21935
21937
21939
21941
21943
21945
21947
21949
21951
21952
21954
21956
21958
21960
21962
21964
21966
21968
21970
21972
21974
21976
21978
21980
21982
21984
21986
21988
21990
21992
21995
21997
21999
22001
22003
22005
22008
22010
22012
22014
22016
22018
22020
22023
22025
22027
22029
22031
22033
22036
22038
22040
22042
22044
22046
22049
22051
22053
22055
22057
22059
22061
22064
22066
22068
22070
22072
22074
22077
22079
22081
22083
22085
22087
22090
22091
22093
22095
22097
22098
22100
22102
22104
22105
22107
22109
22111
22112
22114
22116
22118
22119
22121
22123
22125
22126
22128
22130
22132
22133
22135
22137
22139
22140
22142
22144
22146
22147
22149
22151
22153
22154
22156
22158
22160
22161
22163
22165
22167
22168
22170
22172
22174
22175
22177
22179
22181
22182
22184
22186
22188
22190
22191
22193
22195
22197
22199
22201
22203
22205
22207
22209
22211
22213
22215
22217
22219
22221
22223
22225
22227
22229
22231
22233
22235
22237
22239
22241
22243
22245
22246
22248
22250
22252
22254
22256
22258
22260
22262
22264
22266
22268
22270
22272
22274
22276
22278
22280
22282
22284
22286
22288
22290
22292
22294
22296
22298
22300
22302
22304
22306
22308
22311
22313
22315
22317
22319
22322
22324
22326
22328
22330
22333
22335
22337
22339
22341
22344
22346
22348
22350
22352
22355
22357
22359
22361
22363
22366
22368
22370
22372
22374
22377
22379
22381
22383
22385
22388
22390
22392
22394
22396
22399
22401
22403
22405
22407
22410
22411
22413
22415
22417
22419
22421
22423
22424
22426
22428
22430
22432
22434
22436
22437
22439
22441
22443
22445
22447
22449
22451
22452
22454
22456
22458
22460
22462
22464
22465
22467
22469
22471
22473
22475
22477
22478
22480
22482
22484
22486
22488
22490
22492
22493
22495
22497
22499
22501
22503
22505
22506
22508
22510
22512
22514
22516
22518
22520
22521
22523
22525
22526
22528
22530
22532
22533
22535
22537
22538
22540
22542
22544
22545
22547
22549
22551
22552
22554
22556
22557
22559
22561
22563
22564
22566
22568
22570
22571
22573
22575
22576
22578
22580
22582
22583
22585
22587
22588
22590
22592
22594
22595
22597
22599
22601
22602
22604
22606
22607
22609
22611
22613
22614
22616
22618
22620
22622
22624
22627
22629
22631
22634
22636
22639
22641
22643
22646
22648
22651
22653
22655
22658
22660
22663
22665
22667
22670
22672
22675
22677
22679
22682
22684
22686
22689
22691
22694
22696
22698
22701
22703
22706
22708
22710
22713
22715
22718
22720
22722
22725
22727
22730
22732
22734
22736
22738
22740
22742
22744
22746
22748
22750
22752
22754
22756
22758
22760
22762
22764
22766
22768
22770
22772
22774
22776
22778
22780
22782
22784
22786
22788
22790
22792
22794
22796
22798
22800
22802
22804
22806
22808
22810
22812
22814
22816
22818
22820
22822
22824
22826
22828
22830
22832
22834
22836
22838
22840
22842
22845
22847
22850
22852
22855
22857
22860
22862
22865
22867
22870
22872
22875
22877
22880
22882
22885
22887
22890
22892
22895
22897
22900
22902
22905
22907
22910
22912
22915
22917
22920
22922
22925
22927
22930
22932
22935
22937
22940
22941
22943
22945
22947
22948
22950
22952
22954
22955
22957
22959
22961
22963
22964
22966
22968
22970
22971
22973
22975
22977
22979
22980
22982
22984
22986
22987
22989
22991
22993
22995
22996
22998
23000
23002
23003
23005
23007
23009
23010
23012
23014
23016
23018
23019
23021
23023
23025
23026
23028
23030
23032
23034
23035
23037
23039
23041
23042
23044
23046
23048
23050
23052
23054
23056
23058
23060
23062
23064
23067
23069
23071
23073
23075
23077
23079
23081
23084
23086
23088
23090
23092
23094
23096
23098
23101
23103
23105
23107
23109
23111
23113
23115
23118
23120
23122
23124
23126
23128
23130
23132
23135
23137
23139
23141
23143
23145
23147
23150
23151
23153
23155
23156
23158
23160
23162
23163
23165
23167
23169
23170
23172
23174
23176
23177
23179
23181
23183
23184
23186
23188
23190
23191
23193
23195
23197
23198
23200
23202
23204
23205
23207
23209
23211
23212
23214
23216
23218
23219
23221
23223
23225
23226
23228
23230
23232
23233
23235
23237
23239
23240
23242
23244
23246
23247
23249
23251
23253
23254
23256
23258
23260
23262
23264
23266
23268
23270
23272
23274
23276
23278
23280
23282
23284
23286
23288
23290
23292
23294
23296
23298
23300
23302
23304
23306
23308
23310
23312
23315
23317
23319
23321
23323
23325
23327
23329
23331
23333
23335
23337
23339
23341
23343
23345
23347
23349
23351
23353
23355
23357
23359
23361
23363
23365
23367
23370
23372
23374
23376
23378
23381
23383
23385
23387
23389
23392
23394
23396
23398
23400
23403
23405
23407
23409
23411
23414
23416
23418
23420
23422
23425
23427
23429
23431
23433
23436
23438
23440
23442
23444
23447
23449
23451
23453
23455
23458
23460
23462
23464
23466
23469
23471
23473
23475
23477
23480
23482
23484
23486
23488
23490
23492
23494
23496
23498
23500
23502
23504
23506
23508
23510
23512
23514
23516
23518
23520
23522
23524
23526
23528
23530
23532
23535
23537
23539
23541
23543
23545
23547
23549
23551
23553
23555
23557
23559
23561
23563
23565
23567
23569
23571
23573
23575
23577
23579
23581
23583
23585
23587
23590
23592
23594
23596
23598
23600
23602
23604
23606
23608
23610
23612
23614
23616
23618
23620
23622
23624
23626
23628
23630
23632
23634
23636
23638
23640
23642
23644
23646
23648
23650
23652
23654
23656
23658
23660
23662
23664
23666
23668
23670
23672
23674
23676
23678
23680
23682
23684
23686
23688
23690
23691
23693
23695
23696
23698
23700
23701
23703
23705
23706
23708
23710
23711
23713
23715
23716
23718
23720
23721
23723
23725
23726
23728
23730
23731
23733
23735
23736
23738
23740
23741
23743
23745
23746
23748
23750
23751
23753
23755
23756
23758
23760
23761
23763
23765
23766
23768
23770
23771
23773
23775
23776
23778
23780
23781
23783
23785
23786
23788
23790
23791
23793
23795
23796
23798
23800
23801
23803
23805
23807
23809
23811
23813
23815
23817
23819
23821
23823
23825
23827
23829
23831
23833
23835
23837
23839
23841
23843
23845
23847
23849
23850
23852
23854
23856
23858
23860
23862
23864
23866
23868
23870
23872
23874
23876
23878
23880
23882
23884
23886
23888
23890
23892
23894
23896
23898
23900
23902
23904
23906
23908
23910
23912
23914
23916
23918
23920
23922
23924
23926
23928
23930
23932
23934
23936
23938
23940
23942
23944
23946
23948
23950
23952
23955
23957
23959
23961
23963
23965
23967
23969
23971
23973
23975
23977
23979
23981
23983
23985
23987
23989
23991
23993
23995
23997
23999
24001
24003
24005
24007
24010
24011
24013
24015
24017
24019
24021
24023
24025
24027
24028
24030
24032
24034
24036
24038
24040
24042
24044
24046
24047
24049
24051
24053
24055
24057
24059
24061
24063
24065
24066
24068
24070
24072
24074
24076
24078
24080
24082
24083
24085
24087
24089
24091
24093
24095
24097
24099
24101
24102
24104
24106
24108
24110
24112
24114
24116
24118
24120
24121
24123
24125
24127
24129
24131
24133
24135
24137
24139
24141
24143
24145
24147
24148
24150
24152
24154
24156
24158
24160
24162
24164
24166
24168
24170
24172
24174
24175
24177
24179
24181
24183
24185
24187
24189
24191
24193
24195
24197
24199
24201
24202
24204
24206
24208
24210
24212
24214
24216
24218
24220
24222
24224
24226
24228
24230
24232
24234
24236
24238
24240
24242
24245
24247
24249
24251
24253
24255
24258
24260
24262
24264
24266
24268
24270
24273
24275
24277
24279
24281
24283
24286
24288
24290
24292
24294
24296
24299
24301
24303
24305
24307
24309
24311
24314
24316
24318
24320
24322
24324
24327
24329
24331
24333
24335
24337
24340
24342
24344
24347
24349
24352
24354
24357
24359
24361
24364
24366
24369
24371
24374
24376
24379
24381
24383
24386
24388
24391
24393
24396
24398
24400
24403
24405
24408
24410
24413
24415
24418
24420
24422
24425
24427
24430
24432
24435
24437
24440
24442
24445
24448
24450
24453
24456
24458
24461
24464
24466
24469
24472
24474
24477
24480
24482
24485
24488
24490
24493
24496
24499
24501
24504
24507
24509
24512
24515
24517
24520
24523
24525
24528
24531
24533
24536
24539
24541
24544
24547
24550
24552
24554
24556
24558
24560
24563
24565
24567
24569
24571
24573
24576
24578
24580
24582
24584
24586
24589
24591
24593
24595
24597
24600
24602
24604
24606
24608
24610
24613
24615
24617
24619
24621
24623
24626
24628
24630
24632
24634
24636
24639
24641
24643
24645
24647
24650
24651
24653
24655
24657
24658
24660
24662
24664
24665
24667
24669
24671
24673
24674
24676
24678
24680
24681
24683
24685
24687
24689
24690
24692
24694
24696
24697
24699
24701
24703
24705
24706
24708
24710
24712
24713
24715
24717
24719
24720
24722
24724
24726
24728
24729
24731
24733
24735
24736
24738
24740
24742
24744
24745
24747
24749
24751
24752
24754
24756
24758
24760
24762
24764
24766
24768
24770
24772
24775
24777
24779
24781
24783
24785
24788
24790
24792
24794
24796
24798
24800
24803
24805
24807
24809
24811
24813
24816
24818
24820
24822
24824
24826
24829
24831
24833
24835
24837
24839
24841
24844
24846
24848
24850
24852
24854
24857
24859
24861
24863
24865
24867
24870
24872
24874
24876
24878
24881
24883
24885
24887
24889
24892
24894
24896
24898
24900
24903
24905
24907
24909
24911
24914
24916
24918
24920
24922
24925
24927
24929
24931
24933
24936
24938
24940
24942
24944
24947
24949
24951
24953
24955
24958
24960
24962
24964
24966
24969
24971
24973
24975
24977
24980
24983
24986
24989
24992
24995
24998
25001
25004
25007
25010
25013
25016
25020
25023
25026
25029
25032
25035
25038
25041
25044
25047
25050
25053
25056
25060
25063
25066
25069
25072
25075
25078
25081
25084
25087
25090
25093
25096
25100
25102
25104
25106
25108
25110
25112
25114
25117
25119
25121
25123
25125
25127
25129
25131
25134
25136
25138
25140
25142
25144
25146
25148
25151
25153
25155
25157
25159
25161
25163
25165
25168
25170
25172
25174
25176
25178
25180
25182
25185
25187
25189
25191
25193
25195
25197
25200
25202
25204
25206
25208
25210
25212
25214
25215
25218
25220
25221
25224
25226
25227
25230
25232
25234
25236
25238
25240
25241
25244
25246
25247
25250
25252
25253
25256
25258
25259
25262
25264
25266
25268
25270
25272
25273
25276
25278
25279
25282
25284
25285
25288
25290
25291
25294
25296
25298
25299
25302
25304
25305
25308
25310
25312
25314
25316
25318
25320
25323
25325
25327
25329
25331
25333
25336
25338
25340
25342
25344
25346
25349
25351
25353
25355
25357
25360
25362
25364
25366
25368
25370
25373
25375
25377
25379
25381
25383
25386
25388
25390
25392
25394
25396
25399
25401
25403
25405
25407
25410
25412
25414
25416
25419
25421
25423
25426
25428
25430
25432
25435
25437
25439
25442
25444
25446
25448
25451
25453
25455
25458
25460
25462
25465
25467
25469
25471
25474
25476
25478
25481
25483
25485
25487
25490
25492
25494
25497
25499
25501
25503
25506
25508
25510
25513
25515
25517
25520
25521
25523
25525
25527
25529
25531
25532
25534
25536
25538
25540
25542
25544
25545
25547
25549
25551
25553
25555
25557
25558
25560
25562
25564
25566
25568
25570
25571
25573
25575
25577
25579
25581
25582
25584
25586
25588
25590
25592
25594
25595
25597
25599
25601
25603
25605
25607
25608
25610
25612
25614
25616
25618
25620
25622
25624
25626
25628
25631
25633
25635
25637
25639
25642
25644
25646
25648
25650
25653
25655
25657
25659
25661
25664
25666
25668
25670
25672
25675
25677
25679
25681
25683
25686
25688
25690
25692
25694
25697
25699
25701
25703
25705
25708
25710
25712
25714
25716
25719
25721
25723
25725
25727
25730
25732
25734
25737
25739
25741
25744
25746
25748
25751
25753
25755
25758
25760
25762
25765
25767
25769
25772
25774
25776
25779
25781
25783
25786
25788
25790
25793
25795
25797
25800
25802
25804
25807
25809
25811
25814
25816
25818
25821
25823
25825
25828
25830
25832
25835
25837
25840
25842
25844
25846
25849
25851
25853
25855
25858
25860
25862
25865
25867
25869
25871
25874
25876
25878
25880
25883
25885
25887
25890
25892
25894
25896
25899
25901
25903
25905
25908
25910
25912
25915
25917
25919
25921
25924
25926
25928
25930
25933
25935
25937
25940
25942
25944
25946
25948
25951
25953
25955
25957
25960
25962
25964
25966
25969
25971
25973
25975
25978
25980
25982
25984
25987
25989
25991
25993
25996
25998
26000
26002
26005
26007
26009
26011
26014
26016
26018
26020
26023
26025
26027
26029
26032
26034
26036
26038
26041
26043
26045
26047
26050
26052
26055
26057
26060
26062
26065
26067
26070
26073
26075
26078
26080
26083
26085
26088
26091
26093
26096
26098
26101
26103
26106
26108
26111
26114
26116
26119
26121
26124
26126
26129
26132
26134
26137
26139
26142
26144
26147
26150
26152
26154
26156
26158
26160
26162
26164
26166
26168
26170
26172
26174
26176
26178
26180
26182
26184
26186
26188
26190
26192
26194
26196
26198
26200
26202
26205
26207
26209
26211
26213
26215
26217
26219
26221
26223
26225
26227
26229
26231
26233
26235
26237
26239
26241
26243
26245
26247
26249
26251
26253
26255
26257
26260
26262
26264
26266
26268
26271
26273
26275
26277
26279
26282
26284
26286
26288
26290
26293
26295
26297
26299
26301
26304
26306
26308
26310
26312
26315
26317
26319
26321
26323
26326
26328
26330
26332
26334
26337
26339
26341
26343
26345
26348
26350
26352
26354
26356
26359
26361
26363
26365
26367
26370
26372
26374
26377
26379
26382
26384
26387
26389
26392
26394
26396
26399
26401
26404
26406
26409
26411
26414
26416
26418
26421
26423
26426
26428
26431
26433
26436
26438
26440
26443
26445
26448
26450
26453
26455
26458
26460
26462
26465
26467
26470
26472
26475
26477
26480
26482
26485
26488
26490
26493
26496
26498
26501
26504
26506
26509
26512
26514
26517
26520
26522
26525
26528
26530
26533
26536
26539
26541
26544
26547
26549
26552
26555
26557
26560
26563
26565
26568
26571
26573
26576
26579
26581
26584
26587
26590
26592
26594
26596
26599
26601
26603
26606
26608
26610
26613
26615
26617
26620
26622
26624
26627
26629
26631
26634
26636
26638
26641
26643
26645
26648
26650
26652
26655
26657
26659
26662
26664
26666
26669
26671
26673
26676
26678
26680
26683
26685
26687
26690
26692
26694
26697
26699
26701
26704
26706
26709
26711
26713
26716
26718
26721
26723
26725
26728
26730
26733
26735
26737
26740
26742
26745
26747
26749
26752
26754
26756
26759
26761
26764
26766
26768
26771
26773
26776
26778
26780
26783
26785
26788
26790
26792
26795
26797
26800
26802
26804
26806
26808
26811
26813
26815
26817
26820
26822
26824
26826
26828
26831
26833
26835
26837
26840
26842
26844
26846
26848
26851
26853
26855
26857
26860
26862
26864
26866
26868
26871
26873
26875
26877
26880
26882
26884
26886
26888
26891
26893
26895
26897
26900
26902
26905
26908
26910
26913
26916
26919
26922
26924
26927
26930
26933
26935
26938
26941
26944
26946
26949
26952
26955
26957
26960
26963
26966
26968
26971
26974
26977
26979
26982
26985
26988
26990
26993
26996
26999
27001
27004
27007
27010
27013
27016
27019
27022
27025
27028
27032
27035
27038
27041
27044
27047
27050
27054
27057
27060
27063
27066
27069
27072
27076
27079
27082
27085
27088
27091
27094
27098
27101
27104
27107
27110
27113
27116
27120
27122
27124
27127
27129
27131
27134
27136
27139
27141
27143
27146
27148
27151
27153
27155
27158
27160
27163
27165
27167
27170
27172
27175
27177
27179
27182
27184
27186
27189
27191
27194
27196
27198
27201
27203
27206
27208
27210
27213
27215
27218
27220
27222
27225
27227
27230
27232
27235
27238
27241
27243
27246
27249
27252
27254
27257
27260
27263
27265
27268
27271
27274
27276
27279
27282
27285
27287
27290
27293
27296
27298
27301
27304
27307
27309
27312
27315
27318
27320
27323
27326
27329
27331
27334
27337
27340
27342
27344
27346
27349
27351
27353
27356
27358
27360
27363
27365
27367
27370
27372
27374
27377
27379
27381
27384
27386
27388
27391
27393
27395
27398
27400
27402
27405
27407
27409
27412
27414
27416
27419
27421
27423
27426
27428
27430
27433
27435
27437
27440
27442
27444
27446
27448
27451
27453
27455
27457
27460
27462
27464
27466
27469
27471
27473
27475
27478
27480
27482
27484
27487
27489
27491
27493
27496
27498
27500
27502
27505
27507
27509
27511
27514
27516
27518
27520
27523
27525
27527
27529
27532
27534
27536
27538
27541
27543
27545
27547
27550
27552
27554
27557
27559
27562
27564
27567
27569
27571
27574
27576
27579
27581
27584
27586
27589
27591
27593
27596
27598
27601
27603
27606
27608
27610
27613
27615
27618
27620
27623
27625
27628
27630
27632
27635
27637
27640
27642
27645
27647
27650
27651
27653
27655
27657
27659
27660
27662
27664
27666
27668
27669
27671
27673
27675
27677
27678
27680
27682
27684
27686
27687
27689
27691
27693
27695
27696
27698
27700
27702
27704
27705
27707
27709
27711
27713
27714
27716
27718
27720
27722
27723
27725
27727
27729
27731
27732
27734
27736
27738
27740
27741
27743
27745
27747
27749
27750
27752
27754
27756
27758
27760
27762
27764
27767
27769
27771
27774
27776
27778
27781
27783
27785
27788
27790
27792
27795
27797
27799
27802
27804
27806
27809
27811
27813
27816
27818
27820
27823
27825
27827
27830
27832
27834
27837
27839
27841
27844
27846
27848
27851
27853
27855
27858
27860
27862
27865
27867
27870
27872
27874
27876
27878
27881
27883
27885
27887
27889
27892
27894
27896
27898
27900
27903
27905
27907
27909
27911
27914
27916
27918
27920
27922
27925
27927
27929
27931
27933
27936
27938
27940
27942
27944
27947
27949
27951
27953
27955
27958
27960
27962
27964
27966
27969
27971
27973
27975
27977
27980
27982
27984
27987
27989
27991
27994
27996
27998
28001
28003
28005
28008
28010
28012
28015
28017
28020
28022
28024
28027
28029
28031
28034
28036
28038
28041
28043
28045
28048
28050
28052
28055
28057
28060
28062
28064
28067
28069
28071
28074
28076
28078
28081
28083
28085
28088
28090
28092
28095
28097
28100
28102
28105
28107
28110
28112
28115
28117
28120
28122
28125
28127
28130
28132
28135
28137
28140
28142
28145
28147
28150
28152
28155
28157
28160
28162
28165
28167
28170
28172
28175
28177
28180
28182
28185
28187
28189
28192
28195
28197
28200
28202
28204
28206
28208
28210
28212
28214
28216
28218
28220
28222
28224
28226
28229
28231
28233
28235
28237
28239
28241
28243
28245
28247
28249
28251
28253
28256
28258
28260
28262
28264
28266
28268
28270
28272
28274
28276
28278
28280
28283
28285
28287
28289
28291
28293
28295
28297
28299
28301
28303
28305
28307
28310
28312
28315
28317
28320
28323
28325
28328
28331
28333
28336
28338
28341
28344
28346
28349
28352
28354
28357
28360
28362
28365
28367
28370
28373
28375
28378
28381
28383
28386
28388
28391
28394
28396
28399
28402
28404
28407
28410
28413
28416
28419
28422
28426
28429
28432
28435
28439
28442
28445
28448
28452
28455
28458
28461
28465
28468
28471
28474
28477
28481
28484
28487
28490
28494
28497
28500
28503
28507
28510
28513
28516
28520
28521
28523
28525
28527
28529
28530
28532
28534
28536
28538
28540
28541
28543
28545
28547
28549
28550
28552
28554
28556
28558
28560
28561
28563
28565
28567
28569
28570
28572
28574
28576
28578
28580
28581
28583
28585
28587
28589
28590
28592
28594
28596
28598
28600
28601
28603
28605
28607
28609
28610
28612
28614
28616
28618
28620
28622
28624
28626
28628
28630
28632
28634
28636
28638
28640
28642
28644
28646
28648
28650
28652
28654
28656
28658
28660
28662
28664
28666
28668
28670
28672
28675
28677
28679
28681
28683
28685
28687
28689
28691
28693
28695
28697
28699
28701
28703
28705
28707
28709
28711
28713
28715
28717
28719
28721
28723
28725
28727
28730
28732
28734
28736
28738
28740
28742
28744
28746
28748
28750
28752
28754
28756
28758
28760
28762
28764
28766
28768
28770
28772
28774
28776
28778
28780
28782
28784
28786
28788
28790
28792
28794
28796
28798
28800
28802
28804
28806
28808
28810
28812
28814
28816
28818
28820
28822
28824
28826
28828
28830
28832
28834
28836
28838
28840
28842
28844
28846
28849
28851
28853
28856
28858
28860
28863
28865
28867
28870
28872
28874
28877
28879
28881
28884
28886
28888
28891
28893
28895
28898
28900
28902
28905
28907
28909
28912
28914
28916
28919
28921
28923
28926
28928
28930
28933
28935
28937
28940
28942
28944
28947
28949
28951
28954
28956
28959
28961
28963
28966
28968
28971
28973
28975
28978
28980
28983
28985
28987
28990
28992
28995
28997
28999
29002
29004
29006
29009
29011
29014
29016
29018
29021
29023
29026
29028
29030
29033
29035
29038
29040
29042
29045
29047
29050
29052
29054
29057
29059
29061
29064
29066
29069
29071
29073
29076
29078
29080
29083
29085
29088
29090
29092
29095
29097
29099
29102
29104
29107
29109
29111
29114
29116
29119
29121
29123
29126
29128
29130
29133
29135
29138
29140
29142
29145
29147
29150
29152
29155
29158
29160
29163
29166
29169
29172
29174
29177
29180
29183
29185
29188
29191
29194
29196
29199
29202
29205
29207
29210
29213
29216
29218
29221
29224
29227
29229
29232
29235
29238
29240
29243
29246
29249
29251
29254
29257
29260
29262
29264
29266
29268
29271
29273
29275
29277
29279
29282
29284
29286
29288
29290
29293
29295
29297
29299
29301
29304
29306
29308
29310
29312
29315
29317
29319
29321
29323
29326
29328
29330
29332
29334
29337
29339
29341
29343
29345
29348
29350
29352
29354
29356
29359
29361
29363
29365
29367
29370
29372
29374
29376
29378
29380
29382
29384
29386
29388
29390
29392
29394
29396
29398
29400
29402
29404
29406
29408
29410
29412
29414
29416
29418
29420
29422
29425
29427
29429
29431
29433
29435
29437
29439
29441
29443
29445
29447
29449
29451
29453
29455
29457
29459
29461
29463
29465
29467
29469
29471
29473
29475
29477
29480
29482
29484
29486
29489
29491
29493
29496
29498
29500
29502
29505
29507
29509
29512
29514
29516
29518
29521
29523
29525
29528
29530
29532
29535
29537
29539
29541
29544
29546
29548
29551
29553
29555
29557
29560
29562
29564
29567
29569
29571
29573
29576
29578
29580
29583
29585
29587
29590
29592
29594
29596
29598
29600
29602
29604
29606
29608
29610
29612
29615
29617
29619
29621
29623
29625
29627
29629
29631
29633
29635
29637
29640
29642
29644
29646
29648
29650
29652
29654
29656
29658
29660
29662
29665
29667
29669
29671
29673
29675
29677
29679
29681
29683
29685
29687
29690
29692
29694
29696
29698
29701
29703
29705
29707
29710
29712
29714
29716
29719
29721
29723
29725
29728
29730
29732
29734
29737
29739
29741
29743
29746
29748
29750
29752
29755
29757
29759
29761
29764
29766
29768
29770
29773
29775
29777
29779
29782
29784
29786
29788
29791
29793
29795
29797
29800
29802
29804
29806
29808
29810
29813
29815
29817
29819
29821
29823
29826
29828
29830
29832
29834
29836
29839
29841
29843
29845
29847
29850
29852
29854
29856
29858
29860
29863
29865
29867
29869
29871
29873
29876
29878
29880
29882
29884
29886
29889
29891
29893
29895
29897
29900
