2
4
6
8
10
12
14
16
18
20
22
24
26
28
30
32
34
36
38
40
42
44
46
48
50
52
54
56
58
60
62
64
66
68
70
72
74
76
78
80
82
84
86
88
90
92
94
96
98
100
108
116
125
133
141
150
158
166
175
183
191
200
208
216
225
233
241
250
258
266
275
283
291
300
308
316
325
333
341
350
352
355
357
360
362
365
367
370
373
375
378
380
383
385
388
390
393
396
398
401
403
406
408
411
413
416
419
421
424
426
429
431
434
436
439
442
444
447
449
452
454
457
460
463
467
471
474
478
482
486
489
493
497
500
504
508
512
515
519
523
526
530
534
538
541
545
549
552
556
560
564
567
571
575
578
582
586
590
592
594
597
599
601
604
606
608
611
613
615
618
620
622
625
627
629
632
634
636
639
641
643
646
648
650
653
655
657
660
662
664
667
669
671
674
676
678
681
683
685
688
690
692
695
697
700
703
707
711
715
719
722
726
730
734
738
742
745
749
753
757
761
764
768
772
776
780
784
787
791
795
799
803
807
810
814
818
822
826
830
832
835
838
840
843
846
848
851
854
856
859
862
864
867
870
872
875
878
880
883
886
889
891
894
897
899
902
905
907
910
913
915
918
921
923
926
929
931
934
937
940
951
963
975
987
999
1010
1022
1034
1046
1058
1070
1072
1074
1076
1078
1080
1082
1085
1087
1089
1091
1093
1095
1098
1100
1102
1104
1106
1108
1110
1113
1115
1117
1119
1121
1123
1126
1128
1130
1132
1134
1136
1139
1141
1143
1145
1147
1149
1151
1154
1156
1158
1160
1162
1164
1167
1169
1171
1173
1175
1177
1180
1184
1189
1194
1198
1203
1208
1212
1217
1222
1226
1231
1236
1240
1245
1250
1254
1259
1264
1268
1273
1278
1282
1287
1292
1296
1301
1306
1310
1315
1320
1322
1324
1326
1328
1330
1332
1334
1336
1338
1340
1342
1344
1346
1348
1350
1352
1354
1356
1358
1360
1362
1364
1366
1368
1370
1372
1375
1377
1379
1381
1383
1385
1387
1389
1391
1393
1395
1397
1399
1401
1403
1405
1407
1409
1411
1413
1415
1417
1419
1421
1423
1425
1427
1430
1433
1437
1441
1445
1449
1453
1457
1460
1464
1468
1472
1476
1480
1484
1488
1491
1495
1499
1503
1507
1511
1515
1519
1522
1526
1530
1534
1538
1542
1546
1550
1552
1554
1557
1559
1561
1564
1566
1569
1571
1573
1576
1578
1580
1583
1585
1588
1590
1592
1595
1597
1600
1602
1604
1607
1609
1611
1614
1616
1619
1621
1623
1626
1628
1630
1633
1635
1638
1640
1642
1645
1647
1650
1652
1655
1658
1661
1664
1666
1669
1672
1675
1678
1681
1683
1686
1689
1692
1695
1697
1700
1703
1706
1709
1712
1714
1717
1720
1723
1726
1728
1731
1734
1737
1740
1743
1745
1748
1751
1754
1757
1760
1765
1770
1775
1780
1785
1790
1795
1800
1805
1810
1815
1820
1825
1830
1835
1840
1845
1850
1855
1860
1869
1878
1887
1896
1905
1914
1923
1932
1941
1950
1959
1968
1977
1986
1995
2004
2013
2022
2031
2040
2050
2052
2054
2057
2059
2061
2064
2066
2069
2071
2073
2076
2078
2080
2083
2085
2088
2090
2092
2095
2097
2099
2102
2104
2107
2109
2111
2114
2116
2119
2121
2123
2126
2128
2130
2133
2135
2138
2140
2142
2145
2147
2150
2153
2156
2160
2163
2167
2170
2174
2177
2180
2184
2187
2191
2194
2198
2201
2204
2208
2211
2215
2218
2222
2225
2228
2232
2235
2239
2242
2246
2249
2252
2256
2259
2263
2266
2270
2272
2274
2277
2279
2281
2284
2286
2289
2291
2293
2296
2298
2300
2303
2305
2308
2310
2312
2315
2317
2320
2322
2324
2327
2329
2331
2334
2336
2339
2341
2343
2346
2348
2350
2353
2355
2358
2360
2362
2365
2367
2370
2378
2386
2394
2402
2411
2419
2427
2435
2443
2452
2460
2468
2476
2484
2493
2501
2509
2517
2525
2534
2542
2550
2558
2566
2575
2583
2591
2599
2607
2616
2624
2632
2640
2648
2657
2665
2673
2681
2690
2692
2695
2697
2700
2703
2705
2708
2710
2713
2716
2718
2721
2724
2726
2729
2731
2734
2737
2739
2742
2744
2747
2750
2752
2755
2758
2760
2763
2765
2768
2771
2773
2776
2779
2781
2784
2786
2789
2792
2794
2797
2800
2802
2804
2807
2809
2812
2814
2817
2819
2821
2824
2826
2829
2831
2834
2836
2839
2841
2843
2846
2848
2851
2853
2856
2858
2860
2863
2865
2868
2870
2873
2875
2878
2880
2882
2885
2887
2890
2892
2895
2897
2900
2903
2906
2910
2913
2917
2920
2924
2927
2930
2934
2937
2941
2944
2948
2951
2955
2958
2961
2965
2968
2972
2975
2979
2982
2985
2989
2992
2996
2999
3003
3006
3010
3013
3016
3019
3022
3025
3028
3031
3034
3037
3040
3043
3046
3049
3052
3055
3058
3061
3064
3067
3070
3073
3076
3079
3082
3085
3088
3091
3094
3097
3100
3103
3106
3110
3113
3116
3120
3123
3126
3130
3133
3136
3140
3143
3146
3150
3153
3156
3160
3163
3166
3170
3173
3176
3180
3183
3186
3190
3193
3196
3200
3203
3206
3210
3213
3216
3220
3223
3227
3231
3235
3239
3243
3246
3250
3254
3258
3262
3266
3270
3273
3277
3281
3285
3289
3293
3296
3300
3304
3308
3312
3316
3320
3322
3325
3328
3331
3334
3337
3340
3343
3346
3349
3352
3355
3358
3360
3363
3366
3369
3372
3375
3378
3381
3384
3387
3390
3393
3396
3399
3401
3404
3407
3410
3413
3416
3419
3422
3425
3428
3431
3434
3437
3440
3442
3445
3448
3451
3453
3456
3459
3462
3465
3467
3470
3473
3476
3479
3481
3484
3487
3490
3493
3495
3498
3501
3504
3506
3509
3512
3515
3518
3520
3523
3526
3529
3532
3534
3537
3540
3543
3546
3548
3551
3554
3557
3560
3563
3566
3569
3572
3575
3578
3582
3585
3588
3591
3594
3597
3601
3604
3607
3610
3613
3616
3620
3623
3626
3629
3632
3635
3638
3642
3645
3648
3651
3654
3657
3661
3664
3667
3670
3673
3676
3680
3683
3686
3690
3693
3696
3700
3703
3706
3710
3713
3716
3720
3723
3726
3730
3733
3736
3740
3743
3746
3750
3753
3756
3760
3763
3766
3770
3773
3776
3780
3783
3786
3790
3793
3796
3800
3802
3805
3808
3810
3813
3816
3818
3821
3824
3827
3829
3832
3835
3837
3840
3843
3845
3848
3851
3854
3856
3859
3862
3864
3867
3870
3872
3875
3878
3881
3883
3886
3889
3891
3894
3897
3900
4019
4022
4025
4028
4031
4034
4037
4040
4043
4046
4049
4052
4055
4058
4061
4064
4067
4070
4072
4075
4078
4081
4084
4087
4090
4093
4096
4099
4102
4105
4108
4111
4114
4117
4120
4127
4134
4141
4148
4155
4162
4169
4176
4183
4189
4197
4204
4211
4218
4225
4232
4239
4246
4253
4260
4262
4264
4267
4269
4272
4274
4277
4279
4281
4284
4286
4289
4291
4294
4296
4299
4301
4303
4306
4308
4311
4313
4316
4318
4320
4323
4325
4328
4330
4333
4335
4338
4340
4342
4345
4347
4350
4352
4355
4357
4360
4363
4366
4369
4373
4376
4379
4382
4386
4389
4392
4395
4399
4402
4405
4408
4412
4415
4418
4421
4425
4428
4431
4434
4438
4441
4444
4447
4451
4454
4457
4460
4464
4467
4470
4473
4477
4480
4483
4486
4490
4493
4496
4500
4503
4506
4509
4513
4516
4519
4522
4526
4529
4532
4535
4539
4542
4545
4548
4552
4555
4558
4561
4564
4568
4571
4574
4578
4581
4584
4587
4591
4594
4597
4600
4604
4607
4610
4613
4617
4620
4623
4626
4630
4633
4636
4639
4642
4645
4648
4652
4655
4658
4661
4664
4667
4670
4674
4677
4680
4683
4686
4689
4692
4696
4699
4702
4705
4708
4711
4714
4718
4721
4724
4727
4730
4733
4736
4740
4742
4745
4747
4750
4753
4755
4758
4761
4763
4766
4768
4771
4774
4776
4779
4782
4784
4787
4790
4792
4795
4797
4800
4803
4805
4808
4811
4813
4816
4818
4821
4824
4826
4829
4832
4834
4837
4840
4845
4850
4855
4860
4866
4871
4876
4881
4887
4892
4897
4902
4908
4913
4918
4923
4929
4934
4939
4944
4950
4956
4962
4969
4975
4982
4988
4994
5001
5007
5014
5020
5026
5033
5039
5046
5052
5058
5065
5071
5078
5084
5090
5097
5103
5110
5113
5116
5119
5122
5126
5129
5132
5135
5139
5142
5145
5148
5152
5155
5158
5161
5165
5168
5171
5174
5177
5181
5184
5187
5190
5194
5197
5200
5203
5207
5210
5213
5216
5220
5222
5225
5228
5231
5234
5237
5240
5243
5246
5249
5252
5255
5258
5261
5264
5267
5270
5272
5275
5278
5281
5284
5287
5290
5293
5296
5299
5302
5305
5308
5311
5314
5317
5320
5323
5327
5331
5335
5339
5343
5347
5351
5355
5359
5363
5367
5371
5375
5378
5382
5386
5390
5394
5398
5402
5406
5410
5414
5418
5422
5426
5430
5432
5435
5438
5441
5443
5446
5449
5452
5454
5457
5460
5463
5465
5468
5471
5474
5476
5479
5482
5484
5487
5490
5493
5496
5498
5501
5504
5507
5509
5512
5515
5518
5520
5523
5526
5529
5531
5534
5537
5540
5543
5547
5550
5554
5557
5561
5564
5568
5572
5575
5579
5582
5586
5590
5593
5597
5600
5604
5607
5611
5615
5618
5622
5625
5629
5632
5636
5640
5643
5646
5649
5652
5655
5658
5662
5665
5668
5671
5674
5677
5680
5684
5687
5690
5693
5696
5699
5702
5705
5709
5712
5715
5718
5721
5724
5728
5731
5734
5737
5740
5743
5746
5750
5757
5765
5773
5780
5788
5796
5803
5811
5819
5826
5834
5842
5850
5857
5865
5873
5880
5888
5896
5903
5911
5919
5926
5934
5942
5950
5952
5955
5958
5961
5964
5966
5969
5972
5975
5978
5981
5983
5986
5989
5992
5995
5997
6000
6003
6006
6009
6012
6014
6017
6020
6023
6026
6028
6031
6034
6037
6040
6043
6045
6048
6051
6054
6057
6060
6064
6068
6072
6076
6080
6084
6088
6092
6096
6100
6104
6108
6112
6117
6121
6125
6129
6133
6137
6141
6145
6149
6153
6157
6161
6165
6170
6173
6176
6179
6182
6185
6188
6191
6194
6197
6200
6203
6206
6209
6212
6215
6218
6221
6225
6228
6231
6234
6237
6240
6243
6246
6249
6252
6255
6258
6261
6264
6267
6270
6273
6276
6280
6283
6287
6290
6294
6297
6301
6305
6308
6312
6315
6319
6322
6326
6330
6333
6337
6340
6344
6347
6351
6355
6358
6362
6365
6369
6372
6376
6380
6382
6385
6387
6390
6393
6395
6398
6400
6403
6406
6408
6411
6414
6416
6419
6421
6424
6427
6429
6432
6435
6437
6440
6442
6445
6448
6450
6453
6455
6458
6461
6463
6466
6469
6471
6474
6476
6479
6482
6484
6487
6490
6505
6520
6535
6550
6565
6580
6595
6610
6625
6640
6655
6670
6673
6677
6681
6685
6688
6692
6696
6700
6704
6707
6711
6715
6719
6723
6726
6730
6734
6738
6742
6745
6749
6753
6757
6761
6764
6768
6772
6776
6780
6782
6785
6787
6790
6793
6795
6798
6801
6803
6806
6808
6811
6814
6816
6819
6822
6824
6827
6830
6832
6835
6837
6840
6843
6845
6848
6851
6853
6856
6858
6861
6864
6866
6869
6872
6874
6877
6880
6884
6888
6892
6896
6901
6905
6909
6913
6918
6922
6926
6930
6935
6939
6943
6947
6951
6956
6960
6964
6968
6973
6977
6981
6985
6990
6999
7008
7018
7027
7037
7046
7055
7065
7074
7084
7093
7102
7112
7121
7131
7140
7150
7153
7156
7160
7163
7166
7170
7173
7176
7180
7183
7186
7190
7193
7196
7200
7203
7206
7210
7213
7216
7220
7223
7226
7229
7233
7236
7240
7243
7246
7250
7253
7256
7260
7262
7265
7268
7271
7273
7276
7279
7282
7285
7287
7290
7293
7296
7298
7301
7304
7307
7310
7312
7315
7318
7321
7323
7326
7329
7332
7335
7337
7340
7343
7346
7348
7351
7354
7357
7360
7364
7368
7372
7376
7380
7384
7388
7392
7396
7400
7404
7408
7412
7417
7421
7425
7429
7433
7437
7441
7445
7449
7453
7457
7461
7465
7470
7473
7477
7481
7485
7489
7493
7496
7500
7504
7508
7512
7516
7520
7523
7527
7531
7535
7539
7543
7546
7550
7554
7558
7562
7566
7570
7573
7577
7581
7585
7589
7593
7597
7601
7605
7609
7613
7617
7621
7625
7628
7632
7636
7640
7644
7648
7652
7656
7660
7664
7668
7672
7676
7680
7683
7687
7690
7694
7697
7701
7704
7708
7711
7715
7719
7722
7726
7729
7733
7736
7740
7743
7747
7750
7754
7758
7761
7765
7768
7772
7775
7779
7782
7786
7790
7793
7797
7800
7804
7807
7811
7814
7818
7822
7825
7829
7832
7836
7840
7843
7847
7850
7854
7857
7861
7865
7868
7872
7875
7879
7882
7886
7890
7895
7900
7905
7910
7916
7921
7926
7931
7937
7942
7947
7952
7958
7963
7968
7973
7979
7984
7989
7994
8000
8004
8009
8014
8019
8023
8028
8033
8038
8042
8047
8052
8057
8061
8066
8071
8076
8080
8085
8090
8095
8100
8103
8107
8111
8114
8118
8122
8125
8129
8132
8136
8140
8144
8147
8151
8155
8158
8162
8166
8169
8173
8177
8180
8184
8188
8191
8195
8199
8202
8206
8210
8213
8216
8219
8222
8225
8228
8231
8234
8237
8240
8243
8246
8249
8252
8255
8258
8261
8265
8268
8271
8274
8277
8280
8283
8286
8289
8292
8295
8298
8301
8304
8307
8310
8313
8316
8320
8323
8326
8330
8333
8337
8340
8344
8347
8350
8354
8357
8361
8364
8368
8371
8375
8378
8381
8385
8388
8392
8395
8399
8402
8405
8409
8412
8416
8419
8423
8426
8430
8434
8438
8442
8446
8451
8455
8459
8463
8468
8472
8476
8480
8485
8489
8493
8497
8501
8506
8510
8514
8518
8523
8527
8531
8535
8540
8547
8555
8563
8570
8578
8586
8594
8601
8609
8617
8625
8632
8640
8648
8655
8663
8671
8679
8686
8694
8702
8710
8713
8716
8720
8723
8727
8730
8734
8737
8741
8744
8747
8751
8754
8758
8761
8765
8768
8772
8775
8778
8782
8785
8789
8792
8796
8799
8803
8806
8810
8814
8819
8824
8829
8833
8838
8843
8848
8853
8857
8862
8867
8872
8876
8881
8886
8891
8896
8900
8905
8910
8915
8920
8925
8931
8936
8942
8947
8953
8958
8964
8969
8975
8980
8985
8991
8997
9002
9008
9013
9019
9024
9030
9036
9043
9049
9056
9063
9070
9076
9083
9090
9096
9103
9110
9116
9123
9130
9136
9143
9150
9155
9160
9165
9170
9176
9181
9186
9191
9197
9202
9207
9212
9218
9223
9228
9233
9239
9244
9249
9254
9260
9265
9271
9276
9282
9287
9293
9298
9304
9309
9315
9321
9326
9332
9337
9343
9348
9354
9360
9368
9377
9385
9394
9402
9411
9420
9428
9437
9445
9454
9462
9471
9480
9489
9498
9507
9516
9525
9534
9543
9552
9561
9570
9580
9588
9596
9605
9613
9622
9630
9639
9647
9656
9664
9673
9681
9690
9696
9703
9710
9717
9724
9731
9738
9745
9751
9758
9765
9772
9779
9786
9793
9800
9807
9815
9823
9830
9838
9846
9853
9861
9869
9876
9884
9892
9900
9906
9912
9919
9925
9932
9938
9945
9951
9958
9964
9971
9977
9984
9990
9997
10003
10010
10013
10017
10020
10024
10027
10031
10035
10038
10042
10045
10049
10052
10056
10059
10063
10067
10070
10074
10077
10081
10084
10088
10092
10095
10099
10102
10106
10110
10113
10116
10119
10122
10125
10128
10131
10134
10137
10140
10143
10146
10149
10152
10155
10158
10161
10165
10168
10171
10174
10177
10180
10183
10186
10189
10192
10195
10198
10201
10204
10207
10210
10213
10216
10220
10224
10228
10233
10237
10241
10246
10250
10254
10259
10263
10267
10272
10276
10280
10285
10289
10293
10298
10302
10306
10311
10315
10320
10323
10327
10331
10335
10339
10343
10347
10351
10355
10359
10363
10367
10371
10375
10378
10382
10386
10390
10394
10398
10402
10406
10410
10414
10418
10422
10426
10430
10437
10444
10451
10458
10466
10473
10480
10487
10495
10502
10509
10516
10523
10531
10538
10545
10552
10560
10563
10567
10570
10574
10577
10581
10584
10588
10591
10595
10599
10602
10606
10609
10613
10616
10620
10623
10627
10630
10634
10638
10641
10645
10648
10652
10655
10659
10662
10666
10670
10677
10685
10693
10701
10709
10717
10725
10732
10740
10748
10756
10764
10772
10780
10783
10786
10789
10792
10795
10798
10801
10804
10807
10810
10813
10816
10819
10822
10825
10828
10831
10834
10837
10840
10843
10846
10849
10852
10855
10858
10861
10864
10867
10870
10873
10876
10880
10892
10904
10917
10929
10941
10954
10966
10979
10991
11003
11016
11028
11040
11053
11065
11078
11090
11102
11115
11127
11140
11142
11145
11148
11150
11153
11156
11158
11161
11164
11166
11169
11172
11175
11177
11180
11183
11185
11188
11191
11193
11196
11199
11201
11204
11207
11210
11212
11215
11218
11220
11223
11226
11228
11231
11234
11236
11239
11242
11245
11247
11250
11253
11255
11258
11261
11263
11266
11269
11271
11274
11277
11280
11282
11285
11288
11290
11293
11296
11298
11301
11304
11307
11309
11312
11315
11317
11320
11323
11325
11328
11331
11334
11336
11339
11342
11344
11347
11350
11352
11355
11358
11361
11363
11366
11369
11371
11374
11377
11380
11384
11389
11393
11398
11403
11407
11412
11416
11421
11426
11430
11435
11440
11444
11449
11453
11458
11463
11467
11472
11476
11481
11486
11490
11495
11500
11502
11505
11508
11511
11514
11517
11520
11523
11526
11529
11532
11535
11538
11541
11544
11547
11550
11552
11555
11558
11561
11564
11567
11570
11573
11576
11579
11582
11585
11588
11591
11594
11597
11600
11603
11606
11609
11612
11615
11618
11621
11624
11627
11630
11633
11636
11639
11642
11645
11648
11651
11655
11658
11661
11664
11667
11670
11673
11676
11679
11682
11685
11688
11691
11694
11697
11700
11703
11706
11710
11713
11716
11720
11723
11727
11730
11734
11737
11741
11744
11747
11751
11754
11758
11761
11765
11768
11772
11775
11778
11782
11785
11789
11792
11796
11799
11803
11806
11810
11813
11816
11819
11822
11825
11828
11831
11834
11837
11840
11843
11846
11849
11852
11855
11858
11861
11865
11868
11871
11874
11877
11880
11883
11886
11889
11892
11895
11898
11901
11904
11907
11910
11913
11916
11920
11926
11933
11940
11947
11954
11961
11968
11975
11981
11988
11995
12002
12009
12016
12023
12030
12035
12041
12047
12053
12059
12065
12071
12077
12082
12088
12094
12100
12106
12112
12118
12124
12130
12135
12140
12145
12150
12156
12161
12166
12171
12177
12182
12187
12192
12198
12203
12208
12213
12219
12224
12229
12234
12240
12245
12250
12255
12261
12266
12271
12276
12282
12287
12292
12297
12303
12308
12313
12318
12324
12329
12334
12339
12344
12350
12355
12360
12366
12371
12376
12381
12387
12392
12397
12402
12408
12413
12418
12423
12428
12434
12439
12444
12450
12456
12462
12468
12474
12480
12486
12492
12498
12504
12511
12517
12523
12529
12535
12541
12547
12553
12560
12567
12575
12582
12590
12597
12605
12612
12620
12627
12635
12642
12650
12657
12665
12672
12680
12698
12716
12735
12753
12771
12790
12792
12794
12797
12799
12802
12804
12807
12809
12811
12814
12816
12819
12821
12824
12826
12829
12831
12833
12836
12838
12841
12843
12846
12848
12850
12853
12855
12858
12860
12863
12865
12868
12870
12872
12875
12877
12880
12882
12885
12887
12890
12893
12896
12899
12902
12905
12908
12912
12915
12918
12921
12924
12927
12930
12934
12937
12940
12943
12946
12949
12952
12956
12959
12962
12965
12968
12971
12974
12978
12981
12984
12987
12990
12993
12996
13000
13003
13007
13011
13015
13019
13023
13027
13031
13035
13039
13043
13047
13051
13055
13059
13063
13067
13071
13075
13078
13082
13086
13090
13094
13098
13102
13106
13110
13114
13118
13122
13126
13130
13134
13138
13142
13146
13150
13154
13158
13163
13167
13172
13176
13180
13185
13189
13194
13198
13202
13207
13211
13216
13220
13224
13229
13233
13238
13242
13246
13251
13255
13260
13262
13265
13268
13271
13274
13277
13280
13282
13285
13288
13291
13294
13297
13299
13302
13305
13308
13311
13314
13317
13320
13322
13325
13328
13331
13334
13337
13340
13342
13345
13348
13351
13354
13357
13360
13363
13366
13370
13373
13377
13380
13384
13387
13390
13394
13397
13401
13404
13408
13411
13415
13418
13421
13425
13428
13432
13435
13439
13442
13445
13449
13452
13456
13459
13463
13466
13470
13474
13479
13484
13489
13493
13498
13503
13508
13512
13517
13522
13527
13531
13536
13541
13546
13550
13555
13560
13565
13570
13573
13576
13579
13582
13585
13588
13592
13595
13598
13601
13604
13607
13610
13614
13617
13620
13623
13626
13629
13632
13636
13639
13642
13645
13648
13651
13654
13658
13661
13664
13667
13670
13673
13676
13680
13684
13688
13692
13697
13701
13705
13710
13714
13718
13722
13727
13731
13735
13740
13744
13748
13752
13757
13761
13765
13770
13774
13778
13782
13787
13791
13795
13800
13803
13807
13811
13815
13819
13823
13826
13830
13834
13838
13842
13846
13850
13853
13857
13861
13865
13869
13873
13876
13880
13884
13888
13892
13896
13900
13903
13906
13909
13913
13916
13919
13922
13926
13929
13932
13935
13939
13942
13945
13948
13952
13955
13958
13961
13965
13968
13971
13974
13978
13981
13984
13987
13991
13994
13997
14000
14004
14007
14010
14013
14017
14020
14023
14026
14030
14033
14036
14040
14042
14045
14048
14050
14053
14056
14059
14062
14064
14067
14070
14073
14075
14078
14081
14084
14086
14089
14092
14094
14097
14100
14103
14106
14108
14111
14114
14117
14119
14122
14125
14128
14130
14133
14136
14139
14141
14144
14147
14150
14154
14158
14163
14167
14171
14176
14180
14184
14189
14193
14197
14202
14206
14210
14215
14219
14223
14228
14232
14236
14241
14245
14249
14254
14258
14262
14267
14271
14275
14280
14282
14285
14288
14290
14293
14296
14298
14301
14304
14307
14309
14312
14315
14317
14320
14323
14325
14328
14331
14334
14336
14339
14342
14344
14347
14350
14352
14355
14358
14361
14363
14366
14369
14371
14374
14377
14380
14383
14386
14390
14393
14396
14400
14403
14406
14410
14413
14416
14420
14423
14426
14430
14433
14436
14440
14443
14446
14450
14453
14456
14460
14463
14466
14470
14473
14476
14480
14483
14486
14490
14493
14496
14500
14503
14506
14510
14513
14516
14520
14523
14527
14530
14534
14537
14541
14544
14547
14551
14554
14558
14561
14565
14568
14572
14575
14578
14582
14585
14589
14592
14596
14599
14603
14606
14610
14627
14644
14661
14679
14696
14713
14731
14748
14766
14783
14800
14818
14835
14852
14870
14872
14875
14877
14880
14882
14885
14887
14890
14893
14895
14898
14900
14903
14905
14908
14910
14913
14916
14918
14921
14923
14926
14928
14931
14933
14936
14939
14941
14944
14946
14949
14951
14954
14956
14959
14962
14964
14967
14969
14972
14974
14977
14980
14985
14991
14997
15003
15008
15014
15020
15026
15032
15037
15043
15049
15055
15060
15066
15072
15078
15084
15089
15095
15101
15107
15112
15118
15124
15130
15136
15141
15147
15153
15159
15164
15170
15176
15182
15188
15193
15199
15205
15211
15216
15222
15228
15234
15240
15242
15244
15246
15249
15251
15253
15255
15258
15260
15262
15265
15267
15269
15271
15274
15276
15278
15280
15283
15285
15287
15290
15292
15294
15296
15299
15301
15303
15305
15308
15310
15312
15315
15317
15319
15321
15324
15326
15328
15330
15333
15335
15337
15340
15343
15347
15351
15355
15358
15362
15366
15370
15374
15377
15381
15385
15389
15392
15396
15400
15404
15408
15411
15415
15419
15423
15427
15430
15434
15438
15442
15445
15449
15453
15457
15461
15464
15468
15472
15476
15480
15482
15484
15486
15488
15491
15493
15495
15497
15500
15502
15504
15506
15508
15511
15513
15515
15517
15520
15522
15524
15526
15528
15531
15533
15535
15537
15540
15542
15544
15546
15548
15551
15553
15555
15557
15560
15562
15564
15566
15568
15571
15573
15575
15577
15580
15582
15585
15588
15591
15594
15597
15600
15603
15606
15608
15611
15614
15617
15620
15623
15626
15629
15632
15634
15637
15640
15643
15646
15649
15652
15655
15658
15660
15663
15666
15669
15672
15675
15678
15681
15684
15686
15689
15692
15695
15698
15701
15704
15707
15710
15713
15717
15721
15725
15728
15732
15736
15740
15743
15747
15751
15755
15758
15762
15766
15770
15773
15777
15781
15785
15788
15792
15796
15800
15803
15807
15811
15815
15818
15822
15826
15830
15832
15834
15837
15839
15841
15844
15846
15849
15851
15853
15856
15858
15861
15863
15865
15868
15870
15873
15875
15877
15880
15882
15885
15887
15889
15892
15894
15896
15899
15901
15904
15906
15908
15911
15913
15916
15918
15920
15923
15925
15928
15930
15932
15935
15937
15940
15943
15946
15950
15953
15956
15959
15963
15966
15970
15973
15976
15980
15983
15986
15990
15993
15996
16000
16003
16006
16010
16013
16016
16020
16023
16026
16030
16033
16036
16040
16043
16046
16050
16054
16058
16062
16066
16071
16075
16079
16083
16088
16092
16096
16100
16105
16109
16113
16117
16121
16126
16130
16134
16138
16143
16147
16151
16155
16160
16162
16165
16167
16170
16172
16175
16177
16180
16182
16184
16187
16190
16192
16195
16197
16200
16202
16204
16207
16210
16212
16215
16217
16219
16222
16225
16227
16230
16232
16235
16237
16239
16242
16245
16247
16250
16252
16254
16257
16259
16262
16265
16267
16270
16274
16279
16283
16288
16292
16297
16301
16306
16310
16315
16320
16324
16329
16333
16338
16342
16347
16351
16356
16360
16365
16370
16376
16382
16388
16395
16401
16407
16413
16420
16426
16432
16438
16445
16451
16457
16463
16470
16476
16482
16488
16495
16501
16507
16513
16520
16526
16532
16538
16545
16551
16557
16563
16570
16572
16575
16578
16580
16583
16586
16588
16591
16594
16596
16599
16602
16604
16607
16610
16612
16615
16618
16620
16623
16626
16628
16631
16634
16636
16639
16642
16644
16647
16650
16652
16655
16658
16660
16663
16666
16668
16671
16674
16676
16679
16682
16684
16687
16690
16693
16696
16700
16703
16707
16710
16714
16717
16720
16724
16727
16731
16734
16738
16741
16744
16748
16751
16755
16758
16762
16765
16768
16772
16775
16779
16782
16785
16789
16792
16796
16799
16803
16806
16810
16813
16816
16819
16822
16825
16828
16831
16834
16837
16840
16843
16846
16849
16852
16855
16858
16861
16865
16868
16871
16874
16877
16880
16883
16886
16889
16892
16895
16898
16901
16904
16907
16910
16913
16916
16920
16923
16927
16930
16934
16937
16941
16944
16948
16951
16955
16958
16962
16965
16969
16972
16976
16979
16983
16986
16990
16993
16997
17000
17004
17007
17011
17014
17018
17021
17025
17028
17032
17035
17039
17042
17046
17050
17052
17055
17058
17061
17063
17066
17069
17072
17075
17077
17080
17083
17086
17088
17091
17094
17097
17100
17102
17105
17108
17111
17113
17116
17119
17122
17125
17127
17130
17133
17136
17138
17141
17144
17147
17150
17153
17157
17161
17165
17169
17173
17177
17181
17185
17189
17193
17197
17201
17205
17209
17213
17217
17221
17225
17228
17232
17236
17240
17244
17248
17252
17256
17260
17264
17268
17272
17276
17280
17284
17288
17292
17296
17300
17304
17309
17313
17318
17322
17327
17331
17336
17340
17345
17350
17354
17359
17363
17368
17372
17377
17381
17386
17390
17395
17400
17403
17407
17410
17414
17418
17422
17425
17429
17433
17436
17440
17444
17447
17451
17455
17458
17462
17466
17469
17473
17477
17480
17484
17488
17491
17495
17499
17502
17506
17510
17518
17527
17536
17545
17554
17562
17571
17580
17589
17598
17607
17615
17624
17633
17642
17651
17660
17663
17666
17670
17673
17677
17680
17683
17687
17690
17694
17697
17701
17704
17707
17711
17714
17718
17721
17725
17728
17731
17735
17738
17742
17745
17748
17752
17755
17759
17762
17766
17769
17772
17776
17779
17783
17786
17790
17797
17804
17811
17818
17825
17833
17840
17847
17854
17861
17869
17876
17883
17890
17897
17905
17912
17919
17926
17933
17940
17948
17955
17962
17969
17976
17984
17991
17998
18005
18012
18020
18022
18024
18027
18029
18032
18034
18037
18039
18041
18044
18046
18049
18051
18054
18056
18059
18061
18063
18066
18068
18071
18073
18076
18078
18080
18083
18085
18088
18090
18093
18095
18098
18100
18102
18105
18107
18110
18112
18115
18117
18120
18123
18127
18131
18135
18139
18142
18146
18150
18154
18158
18162
18165
18169
18173
18177
18181
18185
18188
18192
18196
18200
18204
18207
18211
18215
18219
18223
18227
18230
18234
18238
18242
18246
18250
18253
18256
18259
18262
18265
18268
18271
18275
18278
18281
18284
18287
18290
18293
18296
18300
18303
18306
18309
18312
18315
18318
18321
18325
18328
18331
18334
18337
18340
18343
18346
18350
18353
18356
18360
18363
18367
18370
18373
18377
18380
18384
18387
18390
18394
18397
18401
18404
18408
18411
18414
18418
18421
18425
18428
18431
18435
18438
18442
18445
18449
18452
18455
18459
18462
18466
18469
18472
18476
18479
18483
18486
18490
18492
18495
18498
18501
18504
18507
18510
18513
18516
18519
18522
18525
18528
18531
18534
18537
18540
18542
18545
18548
18551
18554
18557
18560
18563
18566
18569
18572
18575
18578
18581
18584
18587
18590
18602
18615
18628
18640
18653
18666
18679
18691
18704
18717
18730
18732
18735
18738
18740
18743
18746
18748
18751
18754
18757
18759
18762
18765
18767
18770
18773
18775
18778
18781
18784
18786
18789
18792
18794
18797
18800
18802
18805
18808
18811
18813
18816
18819
18821
18824
18827
18830
18833
18836
18840
18843
18847
18850
18854
18857
18860
18864
18867
18871
18874
18878
18881
18884
18888
18891
18895
18898
18902
18905
18909
18912
18915
18919
18922
18926
18929
18933
18936
18940
18942
18945
18947
18950
18952
18955
18957
18960
18962
18965
18967
18970
18972
18975
18977
18980
18982
18985
18987
18990
18992
18995
18997
19000
19002
19005
19007
19010
19012
19015
19017
19020
19022
19025
19027
19030
19032
19035
19037
19040
19042
19045
19047
19050
19054
19059
19063
19068
19072
19077
19081
19086
19090
19095
19100
19104
19109
19113
19118
19122
19127
19131
19136
19140
19145
19150
19153
19157
19160
19164
19167
19171
19174
19178
19181
19185
19189
19192
19196
19199
19203
19206
19210
19213
19217
19220
19224
19228
19231
19235
19238
19242
19245
19249
19252
19256
19260
19263
19267
19270
19274
19277
19281
19284
19288
19291
19295
19299
19302
19306
19309
19313
19316
19320
19323
19327
19330
19334
19338
19341
19345
19348
19352
19355
19359
19362
19366
19370
19376
19383
19390
19397
19403
19410
19417
19424
19430
19437
19444
19451
19458
19464
19471
19478
19485
19491
19498
19505
19512
19519
19525
19532
19539
19546
19552
19559
19566
19573
19580
19582
19584
19586
19588
19590
19592
19594
19596
19598
19600
19602
19604
19606
19608
19610
19612
19614
19616
19618
19620
19622
19624
19626
19628
19630
19632
19634
19637
19639
19641
19643
19645
19647
19649
19651
19653
19655
19657
19659
19661
19663
19665
19667
19669
19671
19673
19675
19677
19679
19681
19683
19685
19687
19690
19701
19712
19724
19735
19747
19758
19770
19781
19792
19804
19815
19827
19838
19850
19861
19872
19884
19895
19907
19918
19930
19941
19952
19964
19975
19987
19998
20010
20011
20013
20015
20017
20019
20021
20022
20024
20026
20028
20030
20032
20034
20035
20037
20039
20041
20043
20045
20047
20048
20050
20052
20054
20056
20058
20060
20061
20063
20065
20067
20069
20071
20072
20074
20076
20078
20080
20082
20084
20085
20087
20089
20091
20093
20095
20097
20098
20100
20102
20104
20106
20108
20110
20114
20118
20122
20126
20130
20134
20138
20142
20146
20150
20154
20158
20162
20167
20171
20175
20179
20183
20187
20191
20195
20199
20203
20207
20211
20215
20220
20222
20224
20227
20230
20232
20235
20237
20240
20242
20244
20247
20250
20252
20255
20257
20259
20262
20264
20267
20270
20272
20275
20277
20279
20282
20285
20287
20290
20292
20294
20297
20299
20302
20305
20307
20310
20312
20314
20317
20319
20322
20325
20327
20330
20333
20337
20340
20344
20348
20351
20355
20359
20362
20366
20369
20373
20377
20380
20384
20388
20391
20395
20399
20402
20406
20410
20413
20417
20420
20424
20428
20431
20435
20439
20442
20446
20450
20452
20455
20458
20461
20464
20467
20470
20472
20475
20478
20481
20484
20487
20490
20492
20495
20498
20501
20504
20507
20509
20512
20515
20518
20521
20524
20527
20530
20532
20535
20538
20541
20544
20547
20550
20552
20555
20558
20561
20564
20567
20570
20573
20576
20579
20582
20586
20589
20592
20595
20599
20602
20605
20608
20612
20615
20618
20621
20625
20628
20631
20634
20637
20641
20644
20647
20650
20654
20657
20660
20663
20667
20670
20673
20676
20680
20723
20766
20810
20812
20815
20818
20820
20823
20826
20829
20832
20834
20837
20840
20843
20845
20848
20851
20854
20856
20859
20862
20865
20867
20870
20873
20876
20878
20881
20884
20887
20889
20892
20895
20898
20900
20903
20906
20909
20911
20914
20917
20920
20924
20928
20932
20936
20940
20944
20948
20952
20956
20960
20964
20968
20972
20976
20980
20984
20988
20992
20996
21000
21004
21008
21012
21016
21020
21024
21028
21032
21035
21040
21044
21048
21052
21055
21060
21064
21067
21072
21075
21080
21082
21084
21086
21089
21091
21093
21096
21098
21100
21102
21105
21107
21109
21112
21114
21116
21118
21121
21123
21125
21128
21130
21132
21134
21137
21139
21141
21144
21146
21148
21151
21153
21155
21157
21160
21162
21164
21167
21169
21171
21173
21176
21178
21180
21183
21185
21187
21190
21197
21204
21211
21219
21226
21233
21240
21248
21255
21262
21270
21277
21284
21291
21299
21306
21313
21320
21328
21335
21342
21350
21357
21364
21371
21379
21386
21393
21400
21408
21415
21422
21430
21433
21436
21439
21442
21445
21448
21451
21454
21457
21460
21463
21466
21470
21473
21476
21479
21482
21485
21488
21491
21494
21497
21500
21503
21506
21510
21513
21516
21519
21522
21525
21528
21531
21534
21537
21540
21543
21546
21550
21553
21556
21560
21563
21567
21570
21574
21577
21580
21584
21587
21591
21594
21598
21601
21604
21608
21611
21615
21618
21622
21625
21628
21632
21635
21639
21642
21646
21649
21652
21656
21659
21663
21666
21670
21672
21675
21678
21680
21683
21686
21689
21691
21694
21697
21700
21702
21705
21708
21710
21713
21716
21719
21721
21724
21727
21730
21732
21735
21738
21740
21743
21746
21749
21751
21754
21757
21759
21762
21765
21768
21770
21773
21776
21779
21781
21784
21787
21790
21793
21796
21799
21802
21806
21809
21812
21815
21819
21822
21825
21828
21832
21835
21838
21841
21845
21848
21851
21854
21858
21861
21864
21867
21871
21874
21877
21880
21884
21887
21890
21893
21897
21900
21903
21906
21910
21912
21915
21918
21921
21924
21927
21930
21933
21936
21939
21942
21945
21948
21951
21954
21957
21960
21963
21966
21969
21972
21975
21978
21981
21984
21987
21990
21993
21996
21999
22002
22005
22008
22011
22014
22017
22020
22052
22085
22117
22150
22152
22154
22157
22160
22162
22165
22167
22169
22172
22175
22177
22180
22182
22185
22187
22190
22192
22195
22197
22200
22202
22205
22207
22210
22212
22215
22217
22220
22222
22225
22227
22230
22232
22235
22237
22240
22242
22245
22247
22250
22252
22255
22257
22260
22263
22267
22271
22275
22279
22283
22287
22291
22295
22299
22303
22307
22311
22315
22319
22323
22326
22330
22334
22338
22342
22346
22350
22354
22358
22362
22366
22370
22374
22378
22382
22386
22390
22392
22394
22397
22399
22402
22404
22407
22409
22412
22414
22416
22419
22421
22424
22426
22429
22431
22434
22436
22438
22441
22443
22446
22448
22451
22453
22456
22458
22460
22463
22465
22468
22470
22473
22475
22478
22480
22482
22485
22487
22490
22492
22495
22497
22500
22504
22508
22512
22516
22520
22524
22528
22532
22536
22540
22544
22548
22552
22556
22560
22564
22569
22573
22577
22581
22585
22589
22593
22597
22601
22605
22609
22613
22617
22621
22625
22630
22632
22634
22637
22639
22641
22644
22646
22648
22651
22653
22655
22658
22660
22662
22665
22667
22669
22672
22674
22676
22679
22681
22683
22686
22688
22690
22693
22695
22697
22700
22702
22704
22707
22709
22711
22714
22716
22718
22721
22723
22725
22728
22730
22732
22735
22737
22740
22743
22747
22751
22755
22759
22763
22767
22771
22775
22779
22783
22787
22791
22795
22799
22803
22806
22810
22814
22818
22822
22826
22830
22834
22838
22842
22846
22850
22854
22858
22862
22866
22870
22872
22875
22878
22881
22884
22887
22890
22893
22896
22899
22902
22905
22908
22911
22914
22917
22920
22923
22926
22929
22932
22935
22938
22941
22944
22947
22950
22953
22956
22959
22962
22965
22968
22971
22974
22977
22980
22983
22986
22989
22992
22996
22999
23002
23005
23009
23012
23015
23018
23021
23025
23028
23031
23034
23038
23041
23044
23047
23050
23054
23057
23060
23063
23067
23070
23073
23076
23080
23085
23090
23096
23102
23107
23113
23118
23124
23129
23134
23140
23146
23151
23157
23162
23168
23173
23179
23184
23190
23195
23201
23206
23212
23217
23223
23228
23234
23239
23245
23250
23256
23261
23267
23272
23278
23283
23289
23294
23300
23305
23311
23316
23322
23327
23333
23338
23344
23350
23353
23356
23359
23362
23365
23368
23371
23374
23377
23380
23383
23386
23389
23392
23395
23398
23401
23405
23408
23411
23414
23417
23420
23423
23426
23429
23432
23435
23438
23441
23444
23447
23450
23453
23456
23460
23462
23465
23468
23471
23473
23476
23479
23482
23485
23487
23490
23493
23496
23498
23501
23504
23507
23509
23512
23515
23518
23521
23523
23526
23529
23532
23535
23537
23540
23543
23546
23548
23551
23554
23557
23560
23563
23567
23571
23575
23578
23582
23586
23590
23594
23597
23601
23605
23609
23613
23616
23620
23624
23628
23632
23635
23639
23643
23647
23651
23654
23658
23662
23666
23670
23683
23696
23710
23723
23736
23750
23763
23776
23790
23803
23816
23830
23833
23836
23840
23843
23846
23849
23853
23856
23860
23863
23866
23870
23873
23876
23880
23883
23886
23890
23893
23896
23900
23903
23906
23910
23913
23916
23920
23923
23926
23930
23933
23936
23940
23943
23946
23949
23952
23955
23959
23962
23965
23968
23971
23974
23978
23981
23984
23987
23990
23993
23997
24000
24003
24006
24009
24012
24016
24019
24022
24025
24028
24031
24035
24038
24041
24044
24047
24050
24054
24057
24060
24063
24066
24070
24072
24075
24078
24081
24084
24087
24090
24093
24096
24098
24101
24104
24107
24110
24113
24116
24119
24122
24125
24127
24130
24133
24136
24139
24142
24145
24148
24151
24153
24156
24159
24162
24165
24168
24171
24174
24177
24180
24183
24187
24190
24194
24197
24201
24204
24208
24211
24215
24219
24222
24226
24229
24233
24236
24240
24243
24247
24250
24254
24258
24261
24265
24268
24272
24275
24279
24282
24286
24290
24293
24296
24299
24302
24306
24309
24312
24315
24319
24322
24325
24328
24331
24335
24338
24341
24344
24348
24351
24354
24357
24360
24364
24367
24370
24373
24377
24380
24383
24386
24390
24392
24395
24398
24401
24403
24406
24409
24412
24414
24417
24420
24423
24425
24428
24431
24434
24436
24439
24442
24445
24447
24450
24453
24456
24458
24461
24464
24467
24469
24472
24475
24478
24480
24483
24486
24489
24491
24494
24497
24500
24504
24509
24514
24519
24523
24528
24533
24538
24542
24547
24552
24557
24561
24566
24571
24576
24580
24585
24590
24595
24600
24605
24611
24617
24623
24629
24635
24641
24647
24653
24659
24665
24671
24677
24683
24689
24695
24700
24706
24712
24718
24724
24730
24736
24742
24748
24754
24760
24766
24772
24778
24784
24790
24793
24796
24799
24802
24805
24808
24811
24814
24817
24820
24823
24826
24829
24832
24835
24838
24841
24844
24847
24850
24853
24856
24859
24862
24865
24868
24871
24874
24877
24880
24883
24886
24890
24892
24895
24898
24900
24903
24906
24908
24911
24914
24916
24919
24922
24924
24927
24930
24932
24935
24938
24940
24943
24946
24949
24951
24954
24957
24959
24962
24965
24967
24970
24973
24975
24978
24981
24983
24986
24989
24991
24994
24997
25000
25003
25006
25010
25013
25016
25020
25023
25026
25030
25033
25036
25040
25043
25046
25050
25053
25056
25060
25063
25066
25070
25073
25076
25080
25083
25086
25090
25093
25096
25100
25104
25108
25112
25116
25120
25124
25128
25132
25136
25140
25144
25148
25152
25157
25161
25165
25169
25173
25177
25181
25185
25189
25193
25197
25201
25205
25210
25217
25225
25232
25240
25248
25255
25263
25270
25278
25286
25293
25301
25308
25316
25323
25331
25339
25346
25354
25362
25369
25377
25384
25392
25400
25402
25404
25406
25408
25410
25413
25415
25417
25419
25422
25424
25426
25428
25430
25433
25435
25437
25439
25441
25444
25446
25448
25450
25452
25455
25457
25459
25461
25463
25466
25468
25470
25472
25474
25477
25479
25481
25483
25485
25488
25490
25492
25494
25496
25499
25501
25503
25505
25507
25510
25515
25520
25525
25530
25535
25540
25545
25550
25555
25560
25565
25570
25575
25580
25585
25590
25595
25600
25605
25610
25615
25620
25625
25630
25635
25640
25643
25646
25649
25652
25655
25658
25661
25664
25667
25670
25673
25676
25679
25682
25685
25688
25691
25695
25698
25701
25704
25707
25710
25713
25716
25719
25722
25725
25728
25731
25734
25737
25740
25743
25746
25750
25752
25755
25757
25760
25762
25765
25767
25770
25772
25775
25777
25780
25782
25785
25787
25790
25792
25795
25797
25800
25802
25805
25807
25810
25812
25815
25817
25820
25822
25825
25827
25830
25832
25835
25837
25840
25842
25845
25847
25850
25876
25903
25930
25956
25983
26010
26014
26019
26023
26028
26032
26037
26042
26046
26051
26055
26060
26065
26069
26074
26078
26083
26087
26092
26097
26101
26106
26110
26115
26120
26123
26126
26130
26133
26137
26140
26144
26147
26150
26154
26157
26161
26164
26168
26171
26175
26178
26181
26185
26188
26192
26195
26199
26202
26205
26209
26212
26216
26219
26223
26226
26230
26235
26240
26245
26251
26256
26261
26266
26272
26277
26282
26287
26293
26298
26303
26308
26314
26319
26324
26330
26335
26341
26347
26353
26359
26365
26371
26377
26382
26388
26394
26400
26406
26412
26418
26424
26430
26435
26441
26447
26453
26459
26465
26471
26477
26482
26488
26494
26500
26506
26512
26518
26524
26530
26532
26534
26537
26539
26542
26544
26547
26549
26551
26554
26556
26559
26561
26564
26566
26569
26571
26573
26576
26578
26581
26583
26586
26588
26590
26593
26595
26598
26600
26603
26605
26608
26610
26612
26615
26617
26620
26622
26625
26627
26630
26632
26635
26638
26641
26644
26647
26650
26653
26656
26659
26662
26665
26668
26671
26674
26677
26680
26683
26686
26689
26692
26695
26698
26701
26704
26707
26710
26713
26716
26719
26722
26725
26728
26731
26734
26737
26740
26743
26746
26750
26753
26756
26759
26763
26766
26770
26773
26776
26780
26783
26786
26790
26793
26796
26800
26803
26806
26810
26813
26816
26820
26823
26826
26830
26833
26836
26840
26843
26846
26850
26853
26856
26859
26862
26866
26869
26872
26875
26879
26882
26885
26888
26892
26895
26898
26901
26905
26908
26911
26914
26917
26921
26924
26927
26930
26934
26937
26940
26943
26947
26950
26953
26956
26960
26962
26965
26968
26970
26973
26976
26978
26981
26984
26987
26989
26992
26995
26997
27000
27003
27005
27008
27011
27014
27016
27019
27022
27024
27027
27030
27032
27035
27038
27041
27043
27046
27049
27051
27054
27057
27060
27064
27069
27073
27078
27083
27087
27092
27096
27101
27106
27110
27115
27120
27124
27129
27133
27138
27143
27147
27152
27156
27161
27166
27170
27175
27180
27182
27184
27187
27189
27191
27194
27196
27198
27201
27203
27205
27208
27210
27212
27215
27217
27219
27222
27224
27226
27229
27231
27233
27236
27238
27240
27243
27245
27247
27250
27252
27254
27257
27259
27261
27264
27266
27268
27271
27273
27275
27278
27280
27282
27285
27287
27290
27294
27298
27302
27306
27310
27314
27317
27322
27326
27330
27334
27338
27342
27346
27350
27354
27358
27362
27366
27370
27374
27378
27382
27386
27390
27393
27396
27399
27402
27405
27408
27412
27415
27418
27421
27424
27427
27430
27434
27437
27440
27443
27446
27449
27452
27456
27459
27462
27465
27468
27471
27474
27478
27481
27484
27487
27490
27493
27496
27500
27504
27508
27512
27516
27520
27524
27528
27532
27536
27540
27544
27548
27552
27556
27560
27564
27568
27572
27576
27580
27584
27588
27592
27596
27600
27603
27606
27609
27612
27616
27619
27622
27625
27629
27632
27635
27638
27642
27645
27648
27651
27655
27658
27661
27664
27667
27671
27674
27677
27680
27684
27687
27690
27693
27697
27700
27703
27706
27710
27720
27731
27741
27752
27762
27773
27784
27794
27805
27815
27826
27837
27847
27858
27868
27879
27890
27892
27895
27898
27901
27904
27907
27910
27913
27916
27918
27921
27924
27927
27930
27933
27936
27939
27942
27945
27947
27950
27953
27956
27959
27962
27965
27968
27971
27973
27976
27979
27982
27985
27988
27991
27994
27997
28000
28003
28006
28009
28012
28015
28018
28021
28024
28027
28030
28033
28036
28039
28042
28045
28048
28051
28054
28057
28060
28063
28066
28069
28072
28075
28078
28081
28084
28087
28090
28093
28096
28100
28102
28105
28108
28111
28114
28117
28120
28123
28126
28129
28132
28135
28138
28141
28144
28147
28150
28153
28156
28159
28162
28165
28168
28171
28174
28177
28180
28183
28186
28189
28192
28195
28198
28201
28204
28207
28210
28214
28218
28222
28226
28230
28234
28238
28242
28246
28250
28254
28258
28262
28266
28270
28274
28278
28282
28285
28290
28294
28298
28302
28305
28310
28313
28316
28320
28323
28326
28330
28333
28336
28340
28343
28346
28350
28353
28356
28360
28363
28366
28370
28373
28376
28380
28383
28386
28390
28393
28396
28400
28403
28406
28410
28413
28416
28420
28425
28430
28435
28440
28446
28451
28456
28461
28467
28472
28477
28482
28488
28493
28498
28503
28509
28514
28519
28524
28530
28534
28538
28542
28546
28550
28554
28558
28562
28566
28570
28574
28578
28582
28587
28591
28595
28599
28603
28607
28611
28615
28619
28623
28627
28631
28635
28640
28648
28656
28665
28673
28682
28690
28699
28707
28716
28724
28733
28741
28750
28753
28756
28759
28762
28765
28768
28772
28775
28778
28781
28784
28787
28790
28794
28797
28800
28803
28806
28809
28812
28816
28819
28822
28825
28828
28831
28834
28838
28841
28844
28847
28850
28853
28856
28860
28895
28930
28965
29000
29035
29070
29073
29076
29080
29083
29086
29090
29093
29096
29100
29103
29106
29110
29113
29116
29120
29123
29126
29130
29133
29136
29140
29143
29146
29150
29153
29156
29160
29163
29166
29169
29173
29176
29180
29182
29185
29188
29190
29193
29196
29198
29201
29204
29206
29209
29212
29214
29217
29220
29222
29225
29228
29230
29233
29236
29239
29241
29244
29247
29249
29252
29255
29257
29260
29263
29265
29268
29271
29273
29276
29279
29281
29284
29287
29290
29293
29297
29301
29305
29309
29313
29316
29320
29324
29328
29332
29336
29340
29343
29347
29351
29355
29359
29363
29366
29370
29374
29378
29382
29386
29390
29393
29396
29400
29403
29407
29410
29414
29417
29420
29424
29427
29431
29434
29438
29441
29445
29448
29451
29455
29458
29462
29465
29469
29472
29475
29479
29482
29486
29489
29493
29496
29500
29503
29507
29510
29514
29517
29521
29525
29528
29532
29535
29539
29542
29546
29550
29553
29557
29560
29564
29567
29571
29575
29578
29582
29585
29589
29592
29596
29600
29602
29605
29607
29610
29613
29615
29618
29620
29623
29626
29628
29631
29634
29636
29639
29641
29644
29647
29649
29652
29655
29657
29660
29662
29665
29668
29670
29673
29675
29678
29681
29683
29686
29689
29691
29694
29696
29699
29702
29704
29707
29710
29713
29716
29720
29723
29726
29730
29733
29736
29740
29743
29746
29750
29753
29756
29759
29763
29766
29770
29773
29776
29780
29783
29786
29790
29793
29796
29799
29803
29806
29810
29813
29817
29820
29824
29827
29831
29835
29838
29842
29845
29849
29853
29856
29860
29863
29867
29871
29874
29878
29881
29885
29888
29892
29896
29899
29903
29906
29910
29914
29917
29921
29924
29928
29932
29935
29939
29942
29946
29950
