30
60
90
120
156
193
230
257
285
312
340
380
420
460
482
504
526
547
570
592
614
636
658
680
710
740
770
800
822
844
866
888
910
940
970
1000
1030
1080
1130
1156
1182
1208
1234
1260
1306
1353
1400
1443
1486
1530
1548
1567
1585
1604
1622
1641
1660
1694
1730
1765
1800
1820
1840
1859
1880
1900
1924
1948
1972
1996
2020
2060
2100
2140
2162
2184
2206
2228
2250
2280
2310
2340
2370
2397
2425
2452
2480
2493
2507
2521
2535
2548
2562
2576
2590
2612
2634
2656
2678
2700
2712
2724
2736
2748
2760
2772
2784
2796
2808
2820
2853
2886
2920
2947
2974
3002
3030
3048
3066
3085
3103
3121
3140
3166
3192
3218
3244
3270
3294
3318
3342
3366
3390
3410
3430
3450
3469
3489
3510
3534
3559
3585
3610
3638
3666
3694
3722
3750
3770
3790
3810
3830
3850
3877
3905
3932
3960
3996
4033
4070
4110
4150
4190
4225
4260
4295
4330
4357
4385
4412
4440
4465
4490
4515
4540
4564
4590
4626
4663
4700
4740
4780
4820
4870
4920
4943
4966
4990
5013
5036
5060
5082
5104
5125
5148
5170
5197
5225
5252
5280
5310
5340
5370
5400
5426
5452
5478
5504
5530
5555
5580
5605
5630
5660
5690
5720
5750
5780
5804
5828
5852
5876
5900
5926
5952
5978
6004
6030
6055
6080
6105
6130
6160
6189
6220
6250
6280
6310
6340
6370
6392
6414
6436
6458
6480
6510
6540
6570
6600
6621
6643
6665
6686
6708
6730
6752
6774
6796
6818
6840
6870
6900
6930
6960
6987
7015
7042
7070
7095
7120
7145
7170
7234
7300
7328
7356
7384
7412
7440
7461
7483
7505
7526
7548
7570
7600
7630
7660
7690
7716
7742
7768
7794
7820
7847
7875
7902
7930
7957
7984
8012
8039
8064
8087
8112
8135
8160
8189
8219
8250
8280
8302
8324
8346
8368
8390
8414
8438
8462
8486
8510
8546
8583
8620
8649
8680
8710
8740
8776
8813
8850
8882
8915
8947
8980
9006
9032
9058
9084
9110
9146
9183
9220
9250
9280
9310
9340
9383
9426
9470
9488
9506
9525
9543
9561
9580
9607
9635
9662
9690
9713
9736
9760
9783
9806
9830
9866
9903
9940
9967
9995
10022
10050
10070
10090
10110
10130
10150
10167
10184
10201
10218
10235
10252
10270
10282
10295
10307
10320
10332
10344
10357
10370
10382
10394
10405
10418
10430
10442
10454
10466
10478
10490
10500
10510
10520
10530
10540
10550
10560
10570
10580
10590
10603
10617
10631
10645
10658
10672
10686
10700
10712
10725
10738
10750
10763
10776
10789
10801
10814
10827
10840
10855
10871
10887
10902
10918
10934
10950
10967
10984
11001
11018
11035
11052
11070
11102
11135
11167
11200
11226
11251
11278
11304
11330
11346
11363
11379
11396
11413
11430
11476
11523
11570
11595
11620
11645
11670
11706
11743
11780
11813
11846
11880
11902
11924
11946
11968
11990
12012
12034
12056
12078
12100
12155
12210
12232
12254
12276
12298
12320
12347
12375
12402
12430
12454
12478
12502
12526
12550
12596
12643
12690
12719
12750
12780
12810
12843
12876
12910
12932
12954
12976
12998
13020
13052
13085
13117
13150
13180
13210
13240
13270
13302
13335
13367
13400
13430
13460
13490
13520
13553
13586
13620
13648
13676
13703
13732
13760
13810
13860
13910
13945
13980
14015
14050
14075
14100
14125
14150
14180
14210
14240
14270
14295
14320
14344
14370
14410
14450
14490
14505
14521
14537
14552
14568
14584
14600
14635
14670
14705
14740
14772
14805
14837
14870
14888
14906
14925
14943
14961
14980
14998
15017
15035
15054
15072
15091
15110
15134
15158
15182
15206
15230
15257
15285
15312
15340
15353
15367
15381
15395
15408
15422
15436
15450
15477
15504
15532
15560
15580
15600
15620
15640
15660
15686
15712
15738
15764
15790
15808
15826
15844
15863
15881
15900
15934
15968
16001
16036
16070
16113
16156
16200
16239
16280
16320
16341
16364
16386
16408
16430
16473
16516
16560
16585
16610
16634
16660
16673
16686
16700
16713
16726
16740
16753
16766
16780
16795
16810
16825
16840
16855
16869
16884
16900
16943
16986
17030
17050
17070
17090
17110
17130
17146
17162
17178
17195
17211
17227
17243
17260
17280
17300
17320
17340
17360
17390
17420
17450
17480
17510
17530
17550
17570
17590
17610
17623
17637
17651
17665
17678
17692
17706
17720
17732
17744
17756
17768
17780
17791
17804
17816
17828
17840
17855
17870
17885
17900
17915
17930
17945
17960
17973
17987
18001
18015
18028
18042
18056
18070
18090
18110
18130
18150
18170
18185
18200
18215
18230
18245
18259
18275
18290
18350
18410
18434
18458
18482
18506
18530
18670
18697
18725
18752
18780
18796
18812
18829
18845
18861
18878
18894
18910
18927
18943
18960
19090
19165
19240
19276
19313
19350
19376
19403
19430
19456
19483
19510
19535
19560
19585
19610
19625
19640
19655
19670
19685
19700
19715
19730
19741
19752
19763
19774
19785
19796
19807
19818
19829
19840
19853
19867
19881
19895
19908
19922
19936
19950
19968
19986
20005
20023
20041
20060
20099
20140
20180
20202
20224
20246
20268
20290
20310
20330
20350
20370
20390
20408
20427
20445
20464
20482
20501
20520
20528
20536
20545
20553
20561
20570
20578
20586
20595
20603
20611
20620
20628
20636
20645
20653
20662
20670
20679
20687
20696
20704
20713
20721
20730
20737
20744
20752
20759
20766
20774
20781
20788
20796
20803
20810
20818
20825
20832
20840
20850
20861
20872
20883
20894
20905
20915
20926
20937
20948
20959
20970
20980
20991
21003
21014
21025
21035
21046
21058
21069
21080
21092
21104
21116
21128
21141
21153
21165
21177
21190
21205
21220
21235
21250
21265
21280
21294
21310
21321
21332
21343
21354
21365
21376
21387
21398
21410
21420
21430
21440
21450
21460
21470
21480
21490
21500
21509
21520
21529
21538
21547
21556
21565
21575
21584
21593
21602
21611
21620
21630
21639
21648
21657
21666
21675
21685
21694
21703
21712
21721
21730
21740
21748
21756
21765
21773
21781
21790
21798
21806
21814
21823
21831
21840
21852
21864
21876
21888
21901
21913
21925
21937
21950
21960
21970
21980
21990
22000
22009
22020
22029
22040
22049
22060
22070
22080
22090
22099
22110
22120
22130
22140
22150
22160
22171
22182
22193
22204
22215
22226
22237
22248
22259
22270
22282
22295
22307
22320
22332
22345
22357
22370
22380
22391
22402
22413
22424
22435
22446
22457
22468
22479
22490
22529
22570
22610
22623
22637
22651
22665
22678
22692
22706
22720
22735
22751
22767
22782
22798
22814
22830
22841
22852
22863
22874
22885
22896
22907
22918
22930
22942
22954
22966
22978
22991
23003
23015
23027
23040
23050
23060
23070
23080
23090
23100
23110
23120
23130
23140
23149
23158
23167
23176
23185
23195
23204
23213
23222
23231
23240
23250
23262
23275
23287
23300
23312
23325
23337
23350
23356
23362
23369
23375
23382
23388
23395
23401
23408
23414
23421
23427
23434
23440
23447
23453
23460
23467
23475
23483
23491
23499
23507
23515
23522
23530
23538
23546
23554
23562
23570
23576
23583
23590
23596
23603
23610
23616
23623
23630
23636
23643
23650
23656
23663
23670
23679
23688
23697
23706
23715
23725
23734
23743
23752
23761
23770
23780
23786
23792
23798
23804
23810
23816
23822
23828
23835
23841
23847
23853
23859
23865
23871
23877
23883
23890
23896
23902
23909
23915
23922
23928
23935
23941
23948
23954
23961
23967
23974
23980
23987
23993
24000
24008
24016
24025
24033
24041
24050
24058
24066
24075
24083
24091
24100
24105
24111
24117
24123
24128
24134
24140
24146
24152
24157
24163
24169
24175
24181
24186
24192
24198
24204
24210
24215
24221
24226
24232
24237
24243
24248
24254
24259
24265
24270
24276
24281
24287
24292
24298
24303
24309
24314
24320
24328
24336
24345
24353
24361
24370
24378
24386
24395
24403
24411
24420
24431
24442
24453
24464
24475
24486
24497
24508
24519
24530
24542
24555
24567
24580
24592
24605
24617
24630
24640
24650
24660
24669
24680
24689
24700
24709
24720
24729
24740
24750
24759
24770
24779
24790
24800
24810
24820
24830
24840
24850
24861
24872
24883
24894
24905
24916
24927
24938
24949
24960
24970
24981
24992
25003
25014
25025
25036
25047
25058
25069
25080
25098
25116
25134
25153
25171
25190
25214
25238
25262
25285
25310
25335
25360
25384
25410
25428
25446
25465
25483
25501
25520
25540
25560
25580
25600
25620
25632
25644
25656
25668
25681
25693
25705
25717
25730
25751
25773
25795
25816
25838
25860
25871
25881
25893
25904
25915
25926
25936
25948
25959
25970
25982
25994
26006
26018
26031
26043
26055
26067
26080
26090
26099
26110
26119
26130
26140
26150
26160
26169
26180
26187
26194
26202
26209
26216
26224
26231
26238
26246
26253
26260
26268
26275
26282
26290
26297
26305
26313
26320
26328
26336
26343
26351
26359
26366
26374
26382
26390
26395
26400
26405
26410
26416
26421
26426
26431
26437
26442
26447
26452
26458
26463
26468
26473
26479
26484
26489
26494
26500
26508
26516
26525
26533
26541
26550
26558
26566
26575
26583
26591
26600
26607
26615
26623
26631
26639
26647
26655
26662
26670
26678
26686
26694
26702
26710
26716
26722
26729
26735
26742
26748
26755
26761
26768
26774
26781
26787
26794
26800
26807
26813
26820
26827
26835
26843
26850
26858
26866
26873
26881
26889
26896
26904
26912
26920
26931
26942
26953
26964
26975
26986
26997
27008
27019
27030
27043
27057
27071
27085
27098
27112
27126
27140
27155
27170
27185
27200
27215
27230
27245
27260
27270
27280
27290
27300
27310
27320
27330
27340
27350
27360
27368
27376
27385
27393
27402
27410
27419
27427
27436
27444
27453
27461
27470
27487
27505
27522
27540
27557
27575
27592
27610
27622
27634
27646
27658
27670
27682
27694
27706
27718
27730
27738
27746
27755
27763
27772
27780
27789
27797
27806
27814
27823
27831
27840
27855
27870
27885
27900
27915
27930
27945
27960
27971
27982
27993
28004
28015
28026
28037
28048
28059
28070
28081
28092
28103
28114
28125
28136
28147
28158
28170
28180
28190
28200
28210
28220
28230
28240
28250
28260
28270
28280
28290
28300
28314
28328
28342
28357
28371
28385
28400
28410
28422
28433
28444
28455
28466
28477
28488
28499
28510
28521
28532
28543
28554
28565
28576
28587
28598
28610
28622
28634
28646
28658
28671
28683
28695
28707
28720
28730
28740
28750
28759
28770
28779
28790
28799
28810
28819
28830
28837
28844
28851
28858
28865
28872
28880
28887
28894
28901
28908
28915
28922
28930
28936
28942
28948
28954
28960
28966
28972
28978
28985
28991
28997
29003
29009
29015
29021
29027
29033
29040
29048
29056
29064
29073
29081
29090
29098
29106
29115
29123
29131
29140
29147
29155
29163
29171
29179
29187
29195
29202
29210
29218
29226
29234
29242
29250
29259
29268
29277
29286
29295
29304
29313
29322
29331
29340
29350
29356
29363
29370
29377
29384
29391
29398
29405
29411
29418
29425
29432
29439
29446
29453
29460
29465
29471
29476
29482
29487
29493
29498
29504
29509
29515
29520
29526
29531
29537
29542
29548
29553
29559
29564
29570
29577
29584
29591
29598
29605
29612
29620
29627
29634
29641
29648
29655
29662
29670
29677
29684
29692
29699
29706
29714
29721
29728
29736
29743
29750
29758
29765
29772
29780
29787
29795
29803
29810
29818
29826
29833
29841
29849
29856
29864
29872
29880
29889
29898
29907
29916
29925
29935
29944
29953
29962
29971
29980
29990
