4
8
12
16
20
24
28
33
37
41
45
49
53
57
62
66
70
74
78
82
86
91
95
99
103
107
111
115
120
124
129
134
139
143
148
153
158
162
167
172
177
181
186
191
196
200
205
210
215
220
226
232
238
244
250
256
262
268
274
280
286
292
298
304
310
316
322
328
334
340
344
349
354
359
363
368
373
378
382
387
392
397
401
406
411
416
420
425
430
435
440
443
447
451
455
459
463
467
471
475
479
483
487
491
495
498
502
506
510
514
518
522
526
530
534
538
542
546
550
552
555
558
561
563
566
569
572
575
577
580
583
586
588
591
594
597
600
602
605
608
611
613
616
619
622
625
627
630
633
636
638
641
644
647
650
652
655
657
660
662
665
667
670
672
675
677
680
682
685
687
690
692
695
697
700
702
705
707
710
712
715
717
720
722
725
727
730
732
735
737
740
742
745
747
750
752
755
757
760
762
764
767
769
771
774
776
779
781
783
786
788
791
793
795
798
800
803
805
807
810
812
815
817
819
822
824
826
829
831
834
836
838
841
843
846
848
850
853
855
858
860
862
865
867
870
872
875
878
880
883
886
888
891
894
897
899
902
905
907
910
913
915
918
921
924
926
929
932
934
937
940
942
945
948
951
953
956
959
961
964
967
970
972
975
978
981
983
986
989
992
994
997
1000
1003
1005
1008
1011
1014
1016
1019
1022
1025
1027
1030
1033
1036
1038
1041
1044
1047
1049
1052
1055
1058
1060
1063
1066
1069
1071
1074
1077
1080
1083
1086
1089
1092
1096
1099
1102
1105
1109
1112
1115
1118
1121
1125
1128
1131
1134
1138
1141
1144
1147
1150
1154
1157
1160
1163
1167
1170
1173
1176
1180
1182
1184
1186
1189
1191
1193
1196
1198
1200
1202
1205
1207
1209
1212
1214
1216
1218
1221
1223
1225
1228
1230
1232
1234
1237
1239
1241
1244
1246
1248
1251
1253
1255
1257
1260
1262
1264
1267
1269
1271
1273
1276
1278
1280
1283
1285
1287
1290
1292
1294
1296
1298
1300
1303
1305
1307
1309
1311
1313
1316
1318
1320
1322
1324
1326
1329
1331
1333
1335
1337
1339
1342
1344
1346
1348
1350
1353
1355
1357
1359
1361
1363
1366
1368
1370
1372
1374
1376
1379
1381
1383
1385
1387
1390
1392
1394
1396
1399
1401
1403
1406
1408
1410
1412
1415
1417
1419
1422
1424
1426
1428
1431
1433
1435
1438
1440
1442
1444
1447
1449
1451
1454
1456
1458
1461
1463
1465
1467
1470
1472
1474
1477
1479
1481
1483
1486
1488
1490
1493
1495
1497
1500
1502
1504
1507
1509
1512
1514
1517
1519
1522
1524
1526
1529
1531
1534
1536
1539
1541
1544
1546
1548
1551
1553
1556
1558
1561
1563
1566
1568
1570
1573
1575
1578
1580
1583
1585
1588
1590
1592
1595
1597
1600
1602
1605
1607
1610
1612
1615
1617
1620
1622
1625
1627
1630
1632
1635
1637
1640
1642
1645
1647
1650
1652
1655
1657
1660
1662
1665
1667
1670
1672
1675
1677
1680
1682
1685
1687
1690
1692
1695
1697
1700
1702
1705
1707
1710
1713
1716
1720
1723
1727
1730
1734
1737
1740
1744
1747
1751
1754
1758
1761
1765
1768
1771
1775
1778
1782
1785
1789
1792
1795
1799
1802
1806
1809
1813
1816
1820
1822
1825
1828
1831
1834
1837
1840
1843
1846
1848
1851
1854
1857
1860
1863
1866
1869
1872
1875
1877
1880
1883
1886
1889
1892
1895
1898
1901
1903
1906
1909
1912
1915
1918
1921
1924
1927
1930
1932
1935
1938
1941
1944
1947
1950
1953
1956
1958
1961
1964
1967
1970
1973
1976
1979
1982
1984
1987
1990
1993
1996
1999
2002
2005
2008
2011
2013
2016
2019
2022
2025
2028
2031
2034
2037
2040
2043
2047
2051
2054
2058
2062
2065
2069
2073
2077
2080
2084
2088
2091
2095
2099
2102
2106
2110
2114
2117
2121
2125
2128
2132
2136
2140
2143
2147
2151
2155
2159
2163
2167
2171
2175
2179
2183
2187
2191
2195
2198
2202
2206
2210
2214
2218
2222
2226
2230
2234
2238
2242
2246
2250
2253
2257
2261
2265
2268
2272
2276
2280
2284
2287
2291
2295
2299
2303
2306
2310
2314
2318
2322
2325
2329
2333
2337
2341
2344
2348
2352
2356
2360
2366
2373
2380
2386
2393
2400
2406
2413
2420
2426
2433
2440
2446
2453
2460
2466
2472
2478
2484
2490
2496
2502
2508
2514
2521
2527
2533
2539
2545
2551
2557
2563
2570
2578
2586
2594
2603
2611
2620
2628
2636
2645
2653
2661
2670
2678
2686
2695
2703
2712
2720
2729
2737
2746
2754
2763
2771
2780
2786
2793
2800
2806
2813
2820
2826
2833
2840
2846
2853
2860
2866
2873
2880
2885
2891
2896
2902
2907
2913
2918
2924
2929
2935
2940
2946
2951
2957
2962
2968
2973
2979
2984
2990
2994
2999
3004
3009
3013
3018
3023
3028
3033
3037
3042
3047
3052
3056
3061
3066
3071
3076
3080
3085
3090
3095
3100
3106
3112
3118
3124
3130
3136
3142
3148
3155
3161
3167
3173
3179
3185
3191
3197
3203
3210
3217
3224
3231
3238
3245
3252
3259
3266
3273
3280
3287
3294
3301
3308
3315
3322
3330
3335
3340
3345
3351
3356
3361
3366
3372
3377
3382
3387
3393
3398
3403
3408
3414
3419
3424
3430
3433
3437
3441
3444
3448
3452
3455
3459
3463
3466
3470
3474
3477
3481
3485
3488
3492
3496
3499
3503
3507
3510
3514
3518
3521
3525
3529
3532
3536
3540
3545
3551
3557
3563
3569
3575
3581
3587
3592
3598
3604
3610
3616
3622
3628
3634
3640
3644
3648
3652
3656
3660
3664
3668
3672
3676
3680
3684
3688
3692
3697
3701
3705
3709
3713
3717
3721
3725
3729
3733
3737
3741
3745
3750
3753
3757
3760
3764
3767
3771
3774
3778
3781
3785
3789
3792
3796
3799
3803
3806
3810
3813
3817
3820
3824
3828
3831
3835
3838
3842
3845
3849
3852
3856
3860
3863
3867
3871
3874
3878
3882
3885
3889
3893
3897
3900
3904
3908
3911
3915
3919
3922
3926
3930
3934
3937
3941
3945
3948
3952
3956
3960
3963
3966
3970
3973
3976
3980
3983
3986
3990
3993
3996
4000
4003
4006
4010
4013
4016
4020
4023
4026
4030
4033
4036
4040
4043
4046
4050
4053
4056
4060
4063
4066
4070
4074
4078
4082
4086
4090
4095
4099
4103
4107
4111
4115
4120
4124
4128
4132
4136
4140
4145
4149
4153
4157
4161
4165
4170
4174
4178
4183
4187
4192
4196
4201
4205
4210
4214
4218
4223
4227
4232
4236
4241
4245
4250
4254
4258
4263
4267
4272
4276
4281
4285
4290
4294
4298
4302
4306
4310
4314
4319
4323
4327
4331
4335
4340
4344
4348
4352
4356
4360
4365
4369
4373
4377
4381
4385
4390
4396
4402
4408
4415
4421
4427
4434
4440
4446
4453
4459
4465
4472
4478
4484
4491
4497
4503
4510
4514
4519
4524
4529
4533
4538
4543
4548
4553
4557
4562
4567
4572
4576
4581
4586
4591
4596
4600
4605
4610
4615
4620
4625
4630
4635
4640
4645
4650
4655
4660
4665
4670
4675
4680
4685
4689
4695
4700
4705
4710
4715
4720
4724
4729
4733
4738
4742
4747
4752
4756
4761
4765
4770
4775
4779
4784
4788
4793
4797
4802
4807
4811
4816
4820
4825
4830
4834
4838
4842
4846
4850
4855
4859
4863
4867
4871
4875
4880
4884
4888
4892
4896
4900
4904
4909
4913
4917
4921
4925
4930
4933
4937
4941
4944
4948
4952
4955
4959
4963
4966
4970
4974
4977
4981
4984
4988
4992
4996
4999
5003
5007
5010
5014
5018
5021
5025
5029
5032
5036
5040
5043
5047
5051
5055
5058
5062
5066
5070
5074
5077
5081
5085
5089
5093
5096
5100
5104
5108
5112
5115
5119
5123
5127
5131
5134
5138
5142
5146
5150
5153
5157
5160
5164
5167
5171
5174
5178
5181
5185
5189
5192
5196
5199
5203
5206
5210
5213
5217
5220
5224
5228
5231
5235
5238
5242
5245
5249
5252
5256
5260
5265
5270
5275
5280
5286
5291
5296
5301
5307
5312
5317
5322
5328
5333
5338
5343
5349
5354
5359
5364
5370
5377
5385
5393
5400
5408
5416
5423
5431
5439
5446
5454
5462
5470
5474
5478
5482
5486
5491
5495
5499
5503
5508
5512
5516
5520
5525
5529
5533
5537
5541
5546
5550
5554
5558
5563
5567
5571
5575
5580
5586
5592
5598
5605
5611
5617
5623
5630
5636
5642
5648
5654
5661
5667
5673
5680
5683
5687
5691
5695
5698
5702
5706
5710
5714
5717
5721
5725
5729
5733
5736
5740
5744
5748
5752
5755
5759
5763
5767
5771
5774
5778
5782
5786
5790
5794
5798
5802
5806
5810
5814
5819
5823
5827
5831
5835
5840
5844
5848
5852
5856
5860
5865
5869
5873
5877
5881
5885
5890
5894
5898
5903
5907
5912
5916
5920
5925
5929
5934
5938
5942
5947
5951
5955
5960
5964
5969
5973
5978
5982
5986
5991
5995
6000
6003
6007
6011
6015
6018
6022
6026
6030
6034
6037
6041
6045
6049
6053
6056
6060
6064
6068
6072
6075
6079
6083
6087
6091
6094
6098
6102
6106
6110
6113
6116
6119
6122
6125
6128
6131
6134
6137
6140
6143
6146
6149
6152
6155
6158
6161
6164
6167
6170
6173
6176
6179
6182
6185
6188
6191
6194
6197
6200
6203
6206
6210
6213
6216
6220
6223
6227
6230
6234
6237
6240
6244
6247
6251
6254
6258
6261
6265
6268
6271
6275
6278
6282
6285
6289
6292
6295
6299
6302
6306
6309
6313
6316
6320
6322
6325
6328
6331
6333
6336
6339
6342
6345
6347
6350
6353
6356
6358
6361
6364
6367
6370
6372
6375
6378
6381
6383
6386
6389
6392
6395
6397
6400
6403
6406
6408
6411
6414
6417
6420
6422
6425
6428
6431
6433
6436
6439
6442
6444
6447
6450
6453
6455
6458
6461
6464
6466
6469
6472
6475
6477
6480
6483
6486
6488
6491
6494
6497
6499
6502
6505
6508
6510
6513
6516
6519
6521
6524
6527
6530
6533
6536
6539
6542
6546
6549
6552
6555
6559
6562
6565
6568
6571
6575
6578
6581
6584
6588
6591
6594
6597
6600
6604
6607
6610
6613
6617
6620
6623
6626
6630
6632
6635
6638
6641
6644
6647
6650
6653
6656
6659
6662
6665
6668
6671
6674
6677
6680
6683
6686
6689
6692
6695
6698
6701
6704
6707
6710
6713
6716
6719
6722
6725
6728
6731
6734
6737
6740
6743
6747
6751
6755
6759
6763
6767
6771
6775
6779
6783
6787
6791
6795
6798
6802
6806
6810
6814
6818
6822
6826
6830
6834
6838
6842
6846
6850
6853
6856
6859
6862
6866
6869
6872
6875
6879
6882
6885
6888
6891
6895
6898
6901
6904
6908
6911
6914
6917
6920
6924
6927
6930
6933
6937
6940
6943
6946
6950
6953
6956
6959
6962
6965
6968
6971
6974
6977
6980
6983
6986
6989
6992
6995
6998
7001
7005
7008
7011
7014
7017
7020
7023
7026
7029
7032
7035
7038
7041
7044
7047
7050
7053
7056
7060
7063
7066
7069
7072
7076
7079
7082
7085
7089
7092
7095
7098
7101
7105
7108
7111
7114
7118
7121
7124
7127
7130
7134
7137
7140
7143
7147
7150
7153
7156
7160
7163
7167
7171
7174
7178
7182
7185
7189
7193
7196
7200
7204
7207
7211
7215
7218
7222
7226
7229
7233
7237
7240
7244
7247
7251
7255
7258
7262
7266
7270
7273
7276
7279
7282
7285
7288
7291
7294
7297
7300
7303
7306
7309
7312
7315
7318
7321
7324
7328
7331
7334
7337
7340
7343
7346
7349
7352
7355
7358
7361
7364
7367
7370
7373
7376
7380
7383
7386
7390
7393
7397
7400
7404
7407
7410
7414
7417
7421
7424
7428
7431
7435
7438
7441
7445
7448
7452
7455
7459
7462
7465
7469
7472
7476
7479
7483
7486
7490
7493
7497
7500
7504
7507
7511
7514
7518
7521
7525
7528
7532
7535
7539
7542
7546
7550
7553
7557
7560
7564
7567
7571
7574
7578
7581
7585
7588
7592
7595
7599
7602
7606
7610
7613
7616
7620
7623
7627
7630
7634
7637
7640
7644
7647
7651
7654
7658
7661
7665
7668
7671
7675
7678
7682
7685
7689
7692
7695
7699
7702
7706
7709
7713
7716
7720
7723
7727
7731
7734
7738
7742
7745
7749
7753
7756
7760
7764
7767
7771
7775
7778
7782
7786
7789
7793
7797
7800
7804
7808
7811
7815
7819
7822
7826
7830
7833
7837
7840
7844
7847
7851
7855
7858
7862
7865
7869
7872
7876
7880
7883
7887
7890
7894
7897
7901
7904
7908
7912
7915
7919
7922
7926
7930
7932
7935
7938
7941
7944
7947
7950
7953
7956
7958
7961
7964
7967
7970
7973
7976
7979
7982
7984
7987
7990
7993
7996
7999
8002
8005
8008
8011
8013
8016
8019
8022
8025
8028
8031
8034
8037
8039
8043
8047
8051
8054
8058
8062
8065
8069
8073
8077
8080
8084
8088
8091
8095
8099
8102
8106
8110
8114
8117
8121
8125
8128
8132
8136
8140
8145
8151
8157
8163
8168
8174
8180
8186
8192
8197
8203
8209
8215
8221
8226
8232
8238
8244
8250
8254
8259
8263
8268
8272
8277
8282
8286
8291
8295
8300
8305
8309
8314
8318
8323
8327
8332
8337
8341
8346
8350
8355
8360
8366
8372
8378
8385
8391
8397
8403
8410
8416
8422
8428
8435
8441
8447
8453
8460
8464
8469
8473
8478
8482
8487
8492
8496
8501
8505
8510
8515
8519
8524
8528
8533
8537
8542
8547
8551
8556
8560
8565
8570
8573
8577
8580
8584
8587
8591
8595
8598
8602
8605
8609
8612
8616
8620
8623
8627
8630
8634
8637
8641
8645
8648
8652
8655
8659
8662
8666
8670
8674
8678
8682
8686
8691
8695
8699
8703
8708
8712
8716
8720
8725
8729
8733
8737
8741
8746
8750
8754
8758
8763
8767
8771
8775
8780
8783
8786
8790
8793
8797
8800
8804
8807
8811
8814
8817
8821
8824
8828
8831
8835
8838
8842
8845
8848
8852
8855
8859
8862
8866
8869
8873
8876
8880
8882
8885
8888
8891
8894
8896
8899
8902
8905
8908
8911
8913
8916
8919
8922
8925
8927
8930
8933
8936
8939
8942
8944
8947
8950
8953
8956
8958
8961
8964
8967
8970
8973
8975
8978
8981
8984
8987
8990
8993
8996
8999
9002
9005
9008
9011
9014
9017
9020
9023
9026
9029
9032
9035
9038
9041
9045
9048
9051
9054
9057
9060
9063
9066
9069
9072
9075
9078
9081
9084
9087
9090
9093
9096
9100
9102
9105
9108
9111
9114
9117
9120
9122
9125
9128
9131
9134
9137
9139
9142
9145
9148
9151
9154
9157
9160
9162
9165
9168
9171
9174
9177
9180
9182
9185
9188
9191
9194
9197
9200
9203
9207
9210
9214
9218
9222
9225
9229
9233
9236
9240
9244
9247
9251
9254
9258
9262
9266
9269
9273
9277
9280
9284
9288
9291
9295
9299
9302
9306
9310
9315
9320
9325
9330
9335
9340
9345
9350
9355
9360
9365
9370
9375
9380
9385
9390
9395
9400
9405
9410
9415
9420
9424
9428
9433
9437
9442
9446
9450
9455
9459
9464
9468
9472
9477
9481
9485
9490
9494
9499
9503
9508
9512
9516
9521
9525
9530
9532
9535
9537
9540
9543
9545
9548
9551
9553
9556
9558
9561
9564
9566
9569
9572
9574
9577
9580
9582
9585
9587
9590
9593
9595
9598
9601
9603
9606
9608
9611
9614
9616
9619
9622
9624
9627
9630
9633
9637
9641
9644
9648
9652
9655
9659
9663
9666
9670
9674
9677
9681
9685
9688
9692
9696
9699
9703
9707
9710
9714
9718
9721
9725
9729
9732
9736
9740
9743
9746
9749
9752
9756
9759
9762
9765
9769
9772
9775
9778
9782
9785
9788
9791
9795
9798
9801
9804
9807
9811
9814
9817
9820
9824
9827
9830
9833
9837
9840
9843
9846
9850
9852
9855
9858
9861
9864
9867
9870
9873
9876
9879
9882
9885
9888
9891
9894
9897
9899
9902
9905
9908
9911
9914
9917
9920
9923
9926
9929
9932
9935
9938
9941
9944
9947
9950
9955
9959
9965
9969
9975
9980
9985
9990
9995
10000
10004
10010
10015
10020
10025
10030
10035
10040
10045
10050
10055
10060
10064
10068
10072
10076
10080
10084
10088
10092
10096
10100
10104
10108
10112
10116
10120
10124
10128
10132
10136
10140
10144
10148
10152
10156
10160
10164
10168
10173
10177
10182
10186
10190
10195
10199
10204
10208
10212
10217
10221
10226
10230
10234
10239
10243
10248
10252
10256
10261
10265
10270
10274
10279
10283
10288
10292
10297
10302
10306
10311
10315
10320
10325
10329
10334
10338
10343
10347
10352
10357
10361
10366
10370
10375
10380
10383
10387
10391
10395
10399
10403
10407
10411
10415
10419
10423
10427
10431
10435
10438
10442
10446
10450
10454
10458
10462
10466
10470
10474
10478
10482
10486
10490
10492
10495
10498
10501
10504
10507
10510
10513
10516
10519
10522
10525
10528
10531
10534
10537
10540
10543
10546
10549
10552
10555
10558
10561
10564
10567
10570
10573
10576
10579
10582
10585
10588
10591
10594
10597
10600
10603
10606
10609
10612
10615
10618
10621
10624
10627
10630
10633
10636
10639
10642
10645
10648
10651
10654
10657
10660
10663
10666
10669
10672
10675
10678
10681
10684
10687
10690
10693
10696
10700
10703
10706
10709
10712
10716
10719
10722
10725
10729
10732
10735
10738
10742
10745
10748
10751
10754
10758
10761
10764
10767
10771
10774
10777
10780
10784
10787
10790
10793
10797
10800
10803
10806
10810
10812
10815
10817
10820
10823
10825
10828
10831
10833
10836
10838
10841
10844
10846
10849
10852
10854
10857
10860
10862
10865
10867
10870
10873
10875
10878
10881
10883
10886
10888
10891
10894
10896
10899
10902
10904
10907
10910
10912
10915
10917
10920
10922
10925
10927
10930
10933
10935
10938
10940
10943
10945
10948
10950
10953
10956
10958
10961
10963
10966
10968
10971
10973
10976
10979
10981
10984
10986
10989
10991
10994
10996
10999
11002
11004
11007
11009
11012
11014
11017
11020
11022
11025
11028
11031
11034
11037
11040
11043
11046
11048
11051
11054
11057
11060
11063
11066
11069
11072
11075
11077
11080
11083
11086
11089
11092
11095
11098
11101
11103
11106
11109
11112
11115
11118
11121
11124
11127
11130
11132
11135
11138
11140
11143
11146
11148
11151
11154
11156
11159
11162
11164
11167
11170
11172
11175
11178
11180
11183
11186
11189
11191
11194
11197
11199
11202
11205
11207
11210
11213
11215
11218
11221
11223
11226
11229
11231
11234
11237
11240
11242
11245
11248
11251
11253
11256
11259
11262
11264
11267
11270
11273
11275
11278
11281
11284
11286
11289
11292
11295
11297
11300
11303
11306
11308
11311
11314
11317
11319
11322
11325
11328
11330
11333
11336
11339
11341
11344
11347
11350
11353
11356
11359
11362
11366
11369
11372
11375
11379
11382
11385
11388
11391
11395
11398
11401
11404
11408
11411
11414
11417
11420
11424
11427
11430
11433
11437
11440
11443
11446
11450
11452
11455
11458
11461
11464
11466
11469
11472
11475
11478
11481
11483
11486
11489
11492
11495
11497
11500
11503
11506
11509
11512
11514
11517
11520
11523
11526
11528
11531
11534
11537
11540
11543
11545
11548
11551
11554
11557
11560
11563
11566
11570
11573
11576
11580
11583
11586
11590
11593
11596
11600
11603
11606
11610
11613
11616
11620
11623
11626
11630
11633
11636
11640
11643
11646
11650
11653
11656
11660
11663
11667
11671
11674
11678
11682
11685
11689
11693
11696
11700
11704
11707
11711
11715
11718
11722
11726
11729
11733
11737
11740
11744
11748
11751
11755
11759
11762
11766
11770
11773
11776
11779
11782
11785
11788
11791
11794
11797
11800
11803
11806
11809
11812
11815
11818
11821
11825
11828
11831
11834
11837
11840
11843
11846
11849
11852
11855
11858
11861
11864
11867
11870
11873
11876
11880
11883
11886
11889
11892
11895
11898
11901
11904
11907
11910
11913
11916
11919
11922
11925
11928
11931
11935
11938
11941
11944
11947
11950
11953
11956
11959
11962
11965
11968
11971
11974
11977
11980
11983
11986
11990
11993
11996
12000
12003
12006
12010
12013
12016
12020
12023
12026
12030
12033
12036
12040
12043
12046
12050
12053
12056
12060
12063
12066
12070
12073
12076
12080
12083
12086
12090
12093
12096
12100
12103
12106
12110
12113
12117
12120
12124
12127
12131
12134
12137
12141
12144
12148
12151
12155
12158
12162
12165
12168
12172
12175
12179
12182
12186
12189
12193
12196
12200
12204
12208
12212
12216
12221
12225
12229
12233
12238
12242
12246
12250
12254
12259
12263
12267
12271
12276
12280
12284
12288
12293
12297
12301
12305
12310
12314
12318
12322
12326
12330
12334
12338
12342
12346
12350
12354
12358
12362
12366
12370
12374
12378
12382
12386
12390
12394
12398
12402
12406
12410
12413
12417
12421
12425
12428
12432
12436
12440
12444
12447
12451
12455
12459
12463
12466
12470
12474
12478
12482
12485
12489
12493
12497
12501
12504
12508
12512
12516
12520
12522
12525
12528
12530
12533
12536
12538
12541
12544
12546
12549
12552
12554
12557
12560
12562
12565
12568
12570
12573
12576
12579
12581
12584
12587
12589
12592
12595
12597
12600
12603
12605
12608
12611
12613
12616
12619
12621
12624
12627
12630
12633
12636
12639
12642
12645
12648
12652
12655
12658
12661
12664
12667
12670
12674
12677
12680
12683
12686
12689
12692
12696
12699
12702
12705
12708
12711
12714
12718
12721
12724
12727
12730
12733
12736
12740
12743
12747
12750
12754
12757
12761
12764
12768
12771
12775
12779
12782
12786
12789
12793
12796
12800
12803
12807
12810
12814
12818
12821
12825
12828
12832
12835
12839
12842
12846
12850
12853
12857
12860
12864
12867
12871
12875
12878
12882
12885
12889
12892
12896
12899
12903
12907
12910
12914
12917
12921
12924
12928
12932
12935
12939
12942
12946
12950
12954
12959
12964
12969
12973
12978
12983
12988
12993
12997
13002
13007
13012
13016
13021
13026
13031
13036
13040
13045
13050
13055
13060
13063
13066
13070
13073
13077
13080
13084
13087
13090
13094
13097
13101
13104
13108
13111
13115
13118
13121
13125
13128
13132
13135
13139
13142
13145
13149
13152
13156
13159
13163
13166
13170
13173
13177
13181
13185
13188
13192
13196
13200
13204
13207
13211
13215
13219
13223
13226
13230
13234
13238
13242
13245
13249
13253
13257
13261
13264
13268
13272
13276
13280
13283
13286
13290
13293
13297
13300
13304
13307
13311
13314
13317
13321
13324
13328
13331
13335
13338
13342
13345
13348
13352
13355
13359
13362
13366
13369
13373
13376
13380
13382
13385
13388
13391
13394
13396
13399
13402
13405
13408
13411
13413
13416
13419
13422
13425
13427
13430
13433
13436
13439
13442
13444
13447
13450
13453
13456
13458
13461
13464
13467
13470
13473
13475
13478
13481
13484
13487
13490
13493
13496
13500
13503
13507
13510
13514
13517
13520
13524
13527
13531
13534
13538
13541
13545
13548
13551
13555
13558
13562
13565
13569
13572
13575
13579
13582
13586
13589
13593
13596
13600
13602
13605
13608
13610
13613
13616
13618
13621
13624
13627
13629
13632
13635
13637
13640
13643
13645
13648
13651
13654
13656
13659
13662
13664
13667
13670
13672
13675
13678
13681
13683
13686
13689
13691
13694
13697
13700
13702
13704
13707
13709
13712
13714
13717
13719
13722
13724
13726
13729
13731
13734
13736
13739
13741
13744
13746
13748
13751
13753
13756
13758
13761
13763
13766
13768
13770
13773
13775
13778
13780
13783
13785
13788
13790
13792
13795
13797
13800
13802
13805
13807
13810
13813
13817
13820
13824
13827
13831
13835
13838
13842
13845
13849
13852
13856
13860
13863
13867
13870
13874
13877
13881
13885
13888
13892
13895
13899
13902
13906
13910
13913
13916
13919
13922
13925
13928
13932
13935
13938
13941
13944
13947
13950
13954
13957
13960
13963
13966
13969
13972
13976
13979
13982
13985
13988
13991
13994
13998
14001
14004
14007
14010
14013
14016
14020
14022
14025
14028
14030
14033
14036
14038
14041
14044
14046
14049
14052
14054
14057
14060
14062
14065
14068
14070
14073
14076
14079
14081
14084
14087
14089
14092
14095
14097
14100
14103
14105
14108
14111
14113
14116
14119
14121
14124
14127
14130
14133
14136
14140
14143
14146
14150
14153
14156
14160
14163
14166
14170
14173
14176
14180
14183
14186
14190
14193
14196
14200
14203
14206
14210
14213
14216
14220
14223
14226
14230
14233
14236
14240
14243
14246
14250
14253
14257
14260
14264
14267
14271
14274
14278
14281
14285
14289
14292
14296
14299
14303
14306
14310
14313
14317
14320
14324
14328
14331
14335
14338
14342
14345
14349
14352
14356
14360
14364
14368
14373
14377
14381
14386
14390
14394
14399
14403
14407
14412
14416
14420
14425
14429
14433
14438
14442
14446
14451
14455
14460
14463
14466
14469
14472
14475
14478
14481
14484
14487
14490
14493
14496
14499
14502
14505
14508
14511
14515
14518
14521
14524
14527
14530
14533
14536
14539
14542
14545
14548
14551
14554
14557
14560
14563
14566
14570
14572
14575
14578
14581
14583
14586
14589
14592
14595
14597
14600
14603
14606
14608
14611
14614
14617
14620
14622
14625
14628
14631
14633
14636
14639
14642
14645
14647
14650
14653
14656
14658
14661
14664
14667
14670
14674
14678
14682
14686
14690
14694
14698
14702
14706
14710
14714
14718
14722
14727
14731
14735
14739
14743
14747
14751
14755
14759
14763
14767
14771
14775
14780
14783
14786
14790
14793
14796
14799
14803
14806
14810
14813
14816
14820
14823
14826
14830
14833
14836
14840
14843
14846
14850
14853
14856
14860
14863
14866
14870
14873
14876
14880
14882
14885
14888
14891
14894
14896
14899
14902
14905
14908
14911
14913
14916
14919
14922
14925
14927
14930
14933
14936
14939
14942
14944
14947
14950
14953
14956
14958
14961
14964
14967
14970
14973
14975
14978
14981
14984
14987
14990
14993
14996
14999
15002
15006
15009
15012
15015
15019
15022
15025
15028
15032
15035
15038
15041
15045
15048
15051
15054
15057
15061
15064
15067
15070
15074
15077
15080
15083
15087
15090
15093
15096
15100
15102
15105
15108
15111
15113
15116
15119
15122
15125
15127
15130
15133
15136
15138
15141
15144
15147
15149
15152
15155
15158
15161
15163
15166
15169
15172
15174
15177
15180
15183
15186
15188
15191
15194
15197
15200
15203
15206
15209
15213
15216
15219
15223
15226
15230
15233
15236
15240
15243
15246
15250
15253
15256
15260
15263
15266
15270
15273
15276
15280
15283
15286
15290
15293
15296
15300
15303
15306
15310
15313
15316
15319
15322
15325
15328
15331
15335
15338
15341
15344
15347
15350
15353
15356
15360
15363
15366
15369
15372
15375
15378
15381
15385
15388
15391
15394
15397
15400
15403
15406
15410
15412
15415
15418
15421
15424
15426
15429
15432
15435
15438
15441
15443
15446
15449
15452
15455
15457
15460
15463
15466
15469
15472
15474
15477
15480
15483
15486
15488
15491
15494
15497
15500
15503
15505
15508
15511
15514
15517
15520
15523
15526
15530
15533
15537
15540
15544
15547
15550
15554
15557
15561
15564
15568
15571
15575
15578
15581
15585
15588
15592
15595
15599
15602
15605
15609
15612
15616
15619
15623
15626
15630
15633
15637
15641
15645
15649
15653
15657
15661
15665
15669
15673
15677
15681
15685
15688
15692
15696
15700
15704
15708
15712
15716
15720
15724
15728
15732
15736
15740
15742
15745
15747
15750
15753
15755
15758
15760
15763
15766
15768
15771
15774
15776
15779
15781
15784
15787
15789
15792
15795
15797
15800
15802
15805
15808
15810
15813
15815
15818
15821
15823
15826
15829
15831
15834
15836
15839
15842
15844
15847
15850
15853
15856
15859
15862
15865
15868
15871
15874
15877
15880
15883
15886
15889
15892
15895
15898
15901
15904
15907
15910
15913
15916
15919
15922
15925
15928
15931
15934
15937
15940
15943
15946
15950
15953
15956
15960
15963
15967
15970
15974
15977
15980
15984
15987
15991
15994
15998
16001
16004
16008
16011
16015
16018
16022
16025
16029
16032
16035
16039
16042
16046
16049
16053
16056
16059
16062
16065
16068
16071
16074
16077
16080
16083
16086
16089
16092
16095
16098
16101
16104
16107
16110
16112
16115
16118
16121
16124
16127
16130
16133
16136
16139
16142
16145
16148
16151
16154
16157
16160
16162
16165
16167
16170
16173
16175
16178
16180
16183
16186
16188
16191
16194
16196
16199
16201
16204
16207
16209
16212
16215
16217
16220
16222
16225
16228
16230
16233
16235
16238
16241
16243
16246
16249
16251
16254
16256
16259
16262
16264
16267
16270
16274
16278
16282
16286
16290
16294
16298
16302
16306
16310
16314
16318
16322
16327
16331
16335
16339
16343
16347
16351
16355
16359
16363
16367
16371
16375
16379
16382
16385
16388
16391
16393
16396
16399
16401
16404
16407
16410
16413
16415
16418
16421
16424
16426
16429
16432
16435
16437
16440
16443
16445
16448
16451
16454
16456
16459
16462
16465
16468
16470
16473
16476
16479
16481
16484
16487
16490
16492
16494
16497
16499
16501
16504
16506
16509
16511
16513
16516
16518
16521
16523
16525
16528
16530
16533
16535
16537
16540
16542
16545
16547
16549
16552
16554
16556
16559
16561
16564
16566
16568
16571
16573
16576
16578
16580
16583
16585
16588
16590
16592
16595
16597
16600
16603
16606
16610
16613
16616
16620
16623
16626
16630
16633
16636
16640
16643
16646
16650
16653
16656
16660
16663
16666
16670
16673
16676
16680
16683
16686
16689
16693
16696
16700
16702
16704
16706
16708
16711
16713
16715
16717
16719
16721
16724
16726
16728
16730
16733
16735
16737
16739
16741
16744
16746
16748
16750
16752
16755
16757
16759
16761
16763
16766
16768
16770
16772
16774
16776
16779
16781
16783
16785
16788
16790
16792
16794
16796
16799
16801
16803
16805
16807
16810
16812
16814
16817
16819
16822
16824
16827
16829
16831
16834
16836
16839
16841
16844
16846
16849
16851
16853
16856
16858
16861
16863
16866
16868
16870
16873
16875
16878
16880
16883
16885
16888
16890
16892
16895
16897
16900
16902
16905
16907
16910
16913
16916
16920
16923
16927
16930
16934
16937
16940
16944
16947
16951
16954
16958
16961
16965
16968
16971
16975
16978
16982
16985
16989
16992
16995
16999
17002
17006
17009
17013
17016
17020
17022
17024
17027
17029
17032
17034
17037
17039
17041
17044
17046
17049
17051
17054
17056
17059
17061
17064
17066
17068
17071
17073
17076
17078
17081
17083
17086
17088
17090
17093
17095
17098
17100
17103
17105
17108
17110
17112
17115
17117
17120
17122
17125
17127
17130
17132
17134
17136
17138
17141
17143
17145
17147
17150
17152
17154
17156
17159
17161
17163
17165
17168
17170
17172
17174
17177
17179
17181
17183
17186
17188
17190
17192
17195
17197
17199
17201
17204
17206
17208
17210
17213
17215
17217
17219
17222
17224
17226
17228
17231
17233
17235
17237
17240
17242
17244
17247
17250
17252
17255
17257
17259
17262
17264
17267
17270
17272
17275
17277
17279
17282
17285
17287
17290
17292
17294
17297
17299
17302
17305
17307
17310
17312
17314
17317
17320
17322
17325
17327
17330
17332
17335
17337
17340
17342
17345
17347
17349
17352
17355
17357
17360
17362
17365
17367
17370
17373
17375
17378
17381
17383
17386
17388
17391
17394
17396
17399
17402
17404
17407
17410
17412
17415
17417
17420
17423
17425
17428
17431
17433
17436
17438
17441
17444
17446
17449
17452
17454
17457
17460
17462
17465
17467
17470
17472
17475
17477
17480
17482
17485
17487
17490
17492
17495
17497
17500
17502
17505
17507
17510
17512
17515
17517
17520
17522
17525
17527
17530
17532
17535
17537
17540
17542
17545
17547
17550
17552
17555
17557
17560
17562
17565
17567
17570
17574
17578
17582
17586
17590
17594
17598
17602
17606
17610
17614
17618
17622
17626
17630
17634
17638
17642
17646
17650
17654
17658
17662
17666
17670
17672
17675
17678
17681
17684
17687
17690
17693
17696
17699
17702
17705
17708
17711
17714
17717
17720
17723
17726
17729
17732
17735
17738
17741
17744
17747
17750
17753
17756
17759
17762
17765
17768
17771
17774
17777
17780
17783
17786
17789
17792
17796
17799
17802
17805
17809
17812
17815
17818
17821
17825
17828
17831
17834
17838
17841
17844
17847
17850
17854
17857
17860
17863
17867
17870
17873
17876
17880
17882
17885
17888
17891
17894
17896
17899
17902
17905
17908
17911
17913
17916
17919
17922
17925
17927
17930
17933
17936
17939
17942
17944
17947
17950
17953
17956
17958
17961
17964
17967
17970
17973
17975
17978
17981
17984
17987
17990
17994
18000
18005
18009
18015
18020
18025
18030
18035
18040
18045
18050
18055
18060
18065
18070
18075
18080
18085
18090
18095
18100
18104
18108
18112
18116
18120
18124
18128
18132
18136
18140
18144
18148
18152
18156
18160
18164
18168
18172
18176
18180
18184
18188
18192
18195
18200
18205
18210
18215
18220
18224
18230
18235
18240
18244
18250
18255
18259
18265
18270
18275
18279
18285
18290
18294
18299
18305
18310
18312
18314
18316
18319
18321
18323
18325
18328
18330
18332
18335
18337
18339
18341
18344
18346
18348
18350
18353
18355
18357
18360
18362
18364
18366
18369
18371
18373
18375
18378
18380
18382
18384
18387
18389
18391
18394
18396
18398
18400
18403
18405
18407
18410
18412
18415
18418
18421
18424
18427
18430
18433
18436
18439
18442
18445
18448
18451
18454
18457
18460
18463
18466
18469
18472
18475
18478
18481
18484
18487
18490
18493
18496
18499
18502
18505
18508
18511
18514
18517
18520
18522
18525
18528
18531
18534
18537
18540
18543
18546
18549
18552
18555
18558
18561
18564
18567
18570
18573
18576
18579
18582
18585
18588
18591
18594
18597
18600
18603
18606
18609
18612
18615
18618
18621
18624
18627
18630
18632
18635
18638
18641
18644
18646
18649
18652
18655
18658
18661
18663
18666
18669
18672
18675
18677
18680
18683
18686
18689
18692
18694
18697
18700
18703
18706
18708
18711
18714
18717
18720
18723
18725
18728
18731
18734
18737
18740
18744
18749
18753
18758
18762
18767
18772
18776
18781
18785
18790
18795
18799
18804
18808
18813
18817
18822
18827
18831
18836
18840
18845
18850
18854
18858
18862
18866
18870
18874
18878
18882
18886
18890
18894
18898
18902
18906
18910
18914
18918
18922
18926
18930
18934
18938
18942
18945
18950
18953
18956
18959
18962
18965
18968
18971
18974
18977
18980
18983
18986
18989
18992
18995
18998
19001
19005
19008
19011
19014
19017
19020
19023
19026
19029
19032
19035
19038
19041
19044
19047
19050
19053
19056
19060
19063
19067
19071
19075
19079
19083
19086
19090
19094
19098
19102
19106
19110
19113
19117
19121
19125
19129
19133
19136
19140
19144
19148
19152
19156
19160
19163
19166
19169
19172
19176
19179
19182
19185
19189
19192
19195
19198
19202
19205
19208
19211
19215
19218
19221
19224
19227
19231
19234
19237
19240
19244
19247
19250
19253
19257
19260
19263
19266
19270
19273
19277
19281
19285
19288
19292
19296
19300
19304
19307
19311
19315
19319
19323
19326
19330
19334
19338
19342
19345
19349
19353
19357
19361
19364
19368
19372
19376
19380
19383
19387
19391
19395
19398
19402
19406
19410
19414
19417
19421
19425
19429
19433
19436
19440
19444
19448
19452
19455
19459
19463
19467
19471
19474
19478
19482
19486
19490
19492
19494
19496
19499
19501
19503
19506
19508
19510
19512
19515
19517
19519
19522
19524
19526
19528
19531
19533
19535
19538
19540
19542
19545
19547
19549
19551
19554
19556
19558
19561
19563
19565
19567
19570
19572
19574
19577
19579
19581
19583
19586
19588
19590
19593
19595
19597
19600
19602
19605
19607
19610
19612
19615
19617
19620
19623
19625
19628
19630
19633
19635
19638
19641
19643
19646
19648
19651
19653
19656
19658
19661
19664
19666
19669
19671
19674
19676
19679
19682
19684
19687
19689
19692
19694
19697
19700
19703
19706
19709
19712
19716
19719
19722
19725
19729
19732
19735
19738
19742
19745
19748
19751
19755
19758
19761
19764
19767
19771
19774
19777
19780
19784
19787
19790
19793
19797
19800
19803
19806
19810
19812
19815
19818
19821
19824
19827
19830
19832
19835
19838
19841
19844
19847
19849
19852
19855
19858
19861
19864
19867
19870
19872
19875
19878
19881
19884
19887
19890
19892
19895
19898
19901
19904
19907
19910
19913
19916
19920
19923
19927
19930
19934
19937
19940
19944
19947
19951
19954
19958
19961
19964
19968
19971
19975
19978
19982
19985
19988
19992
19995
19999
20002
20006
20009
20012
20016
20019
20023
20026
20030
20033
20037
20040
20044
20047
20051
20055
20058
20062
20065
20069
20072
20076
20080
20083
20087
20090
20094
20097
20101
20105
20108
20112
20115
20119
20122
20126
20130
20132
20135
20138
20140
20143
20146
20148
20151
20154
20156
20159
20162
20164
20167
20170
20172
20175
20178
20180
20183
20186
20189
20191
20194
20197
20199
20202
20205
20207
20210
20213
20215
20218
20221
20223
20226
20229
20231
20234
20237
20240
20242
20245
20248
20251
20254
20257
20260
20263
20266
20269
20272
20275
20278
20281
20284
20287
20290
20293
20296
20299
20302
20305
20308
20311
20314
20317
20320
20323
20326
20329
20332
20335
20338
20341
20344
20347
20350
20353
20356
20360
20363
20366
20370
20373
20376
20380
20383
20386
20390
20393
20396
20400
20403
20406
20410
20413
20416
20420
20423
20426
20430
20433
20436
20439
20443
20446
20450
20452
20455
20458
20461
20464
20467
20470
20473
20476
20479
20482
20485
20488
20491
20494
20497
20500
20503
20506
20509
20512
20515
20518
20521
20524
20527
20530
20533
20536
20539
20542
20545
20548
20551
20554
20557
20560
20562
20565
20568
20570
20573
20576
20578
20581
20584
20587
20589
20592
20595
20597
20600
20603
20605
20608
20611
20614
20616
20619
20622
20624
20627
20630
20632
20635
20638
20641
20643
20646
20649
20651
20654
20657
20660
20663
20666
20669
20672
20676
20679
20682
20685
20689
20692
20695
20698
20702
20705
20708
20711
20715
20718
20721
20724
20727
20731
20734
20737
20740
20744
20747
20750
20753
20757
20760
20763
20766
20770
20772
20775
20778
20781
20784
20787
20790
20793
20796
20798
20801
20804
20807
20810
20813
20816
20819
20822
20825
20827
20830
20833
20836
20839
20842
20845
20848
20851
20853
20856
20859
20862
20865
20868
20871
20874
20877
20880
20883
20887
20891
20895
20899
20903
20907
20911
20915
20919
20923
20927
20931
20935
20938
20942
20946
20950
20954
20958
20962
20966
20970
20974
20978
20982
20986
20990
20992
20995
20998
21001
21004
21006
21009
21012
21015
21018
21021
21023
21026
21029
21032
21035
21037
21040
21043
21046
21049
21052
21054
21057
21060
21063
21066
21068
21071
21074
21077
21080
21083
21085
21088
21091
21094
21097
21100
21102
21104
21107
21109
21111
21114
21116
21119
21121
21123
21126
21128
21130
21133
21135
21138
21140
21142
21145
21147
21150
21152
21154
21157
21159
21161
21164
21166
21169
21171
21173
21176
21178
21180
21183
21185
21188
21190
21192
21195
21197
21200
21203
21206
21210
21213
21217
21220
21224
21227
21230
21234
21237
21241
21244
21248
21251
21255
21258
21261
21265
21268
21272
21275
21279
21282
21285
21289
21292
21296
21299
21303
21306
21310
21312
21314
21317
21320
21322
21325
21327
21330
21332
21335
21337
21340
21342
21345
21347
21349
21352
21355
21357
21360
21362
21365
21367
21370
21372
21375
21377
21380
21382
21384
21387
21390
21392
21395
21397
21400
21402
21405
21407
21410
21412
21414
21417
21419
21422
21424
21427
21429
21432
21434
21436
21439
21441
21444
21446
21449
21451
21454
21456
21458
21461
21463
21466
21468
21471
21473
21476
21478
21480
21483
21485
21488
21490
21493
21495
21498
21500
21502
21505
21507
21510
21512
21515
21517
21520
21523
21526
21530
21533
21536
21540
21543
21546
21550
21553
21556
21560
21563
21566
21570
21573
21576
21580
21583
21586
21590
21593
21596
21599
21603
21606
21610
21613
21616
21619
21623
21626
21630
21632
21634
21636
21638
21640
21642
21644
21646
21648
21650
21652
21654
21656
21658
21660
21662
21664
21666
21668
21670
21672
21674
21676
21678
21680
21682
21685
21687
21689
21691
21693
21695
21697
21699
21701
21703
21705
21707
21709
21711
21713
21715
21717
21719
21721
21723
21725
21727
21729
21731
21733
21735
21737
21740
21742
21744
21747
21749
21752
21754
21757
21759
21762
21764
21766
21769
21771
21774
21776
21779
21781
21784
21786
21788
21791
21793
21796
21798
21801
21803
21806
21808
21810
21813
21815
21818
21820
21823
21825
21828
21830
21832
21835
21837
21840
21842
21845
21847
21850
21852
21854
21856
21859
21861
21863
21866
21868
21870
21873
21875
21877
21880
21882
21884
21887
21889
21891
21894
21896
21898
21901
21903
21905
21908
21910
21912
21915
21917
21919
21922
21924
21926
21929
21931
21933
21936
21938
21940
21943
21945
21947
21950
21952
21955
21957
21960
21962
21965
21967
21970
21972
21974
21977
21980
21982
21985
21987
21990
21992
21994
21997
22000
22002
22005
22007
22009
22012
22015
22017
22020
22022
22025
22027
22029
22032
22035
22037
22040
22042
22044
22047
22049
22052
22055
22057
22060
22062
22064
22066
22068
22070
22072
22074
22076
22078
22080
22082
22084
22086
22089
22091
22093
22095
22097
22099
22101
22103
22105
22107
22109
22111
22113
22116
22118
22120
22122
22124
22126
22128
22130
22132
22134
22136
22138
22140
22143
22145
22147
22149
22151
22153
22155
22157
22159
22161
22163
22165
22167
22170
22172
22174
22176
22179
22181
22183
22186
22188
22190
22192
22195
22197
22199
22202
22204
22206
22208
22211
22213
22215
22218
22220
22222
22225
22227
22229
22231
22234
22236
22238
22241
22243
22245
22247
22250
22252
22254
22257
22259
22261
22263
22266
22268
22270
22273
22275
22277
22280
22282
22285
22287
22290
22292
22295
22297
22300
22302
22305
22307
22310
22312
22315
22317
22320
22322
22325
22327
22330
22332
22335
22337
22340
22342
22345
22347
22350
22352
22355
22357
22360
22362
22365
22367
22369
22372
22375
22377
22380
22382
22384
22387
22389
22391
22394
22396
22398
22401
22403
22405
22408
22410
22412
22415
22417
22419
22422
22424
22426
22429
22431
22433
22436
22438
22440
22443
22445
22447
22450
22452
22454
22457
22459
22461
22464
22466
22468
22471
22473
22475
22478
22480
22482
22485
22487
22490
22493
22496
22499
22502
22505
22508
22511
22514
22517
22520
22523
22526
22529
22532
22535
22538
22541
22545
22548
22551
22554
22557
22560
22563
22566
22569
22572
22575
22578
22581
22584
22587
22590
22593
22596
22600
22602
22604
22606
22609
22611
22613
22615
22618
22620
22622
22625
22627
22629
22631
22634
22636
22638
22640
22643
22645
22647
22650
22652
22654
22656
22659
22661
22663
22665
22668
22670
22672
22675
22677
22679
22681
22684
22686
22688
22690
22693
22695
22697
22700
22702
22704
22706
22708
22710
22712
22715
22717
22719
22721
22723
22725
22728
22730
22732
22734
22736
22738
22740
22743
22745
22747
22749
22751
22753
22756
22758
22760
22762
22764
22766
22769
22771
22773
22775
22777
22779
22781
22784
22786
22788
22790
22792
22794
22797
22799
22801
22803
22805
22807
22810
22813
22817
22821
22825
22829
22833
22836
22840
22844
22848
22852
22856
22860
22863
22867
22871
22875
22879
22883
22886
22890
22894
22898
22902
22906
22910
22912
22915
22917
22920
22923
22925
22928
22930
22933
22936
22938
22941
22944
22946
22949
22951
22954
22957
22959
22962
22965
22967
22970
22972
22975
22978
22980
22983
22985
22988
22991
22993
22996
22999
23001
23004
23006
23009
23012
23014
23017
23020
23022
23025
23027
23030
23033
23035
23038
23040
23043
23046
23048
23051
23054
23056
23059
23061
23064
23067
23069
23072
23075
23077
23080
23082
23085
23088
23090
23093
23095
23098
23101
23103
23106
23109
23111
23114
23116
23119
23122
23124
23127
23130
23132
23134
23136
23138
23140
23142
23144
23146
23149
23151
23153
23155
23157
23159
23161
23163
23165
23168
23170
23172
23174
23176
23178
23180
23182
23185
23187
23189
23191
23193
23195
23197
23199
23201
23204
23206
23208
23210
23212
23214
23216
23218
23220
23223
23225
23227
23229
23231
23233
23235
23237
23240
23242
23244
23247
23250
23252
23255
23257
23259
23262
23265
23267
23270
23272
23275
23277
23280
23282
23285
23287
23290
23292
23295
23297
23300
23302
23305
23307
23310
23312
23315
23317
23320
23322
23325
23327
23330
23332
23335
23337
23340
23342
23345
23347
23350
23352
23355
23357
23360
23362
23365
23367
23370
23372
23375
23377
23380
23382
23385
23387
23390
23392
23395
23397
23400
23402
23405
23407
23410
23412
23415
23417
23420
23422
23425
23427
23430
23432
23435
23437
23439
23442
23445
23447
23450
23454
23459
23463
23468
23472
23477
23482
23486
23491
23495
23500
23505
23509
23514
23518
23523
23527
23532
23537
23541
23546
23550
23555
23560
23562
23565
23568
23571
23574
23577
23580
23583
23586
23589
23592
23595
23598
23601
23604
23607
23610
23612
23615
23618
23621
23624
23627
23630
23633
23636
23639
23642
23645
23648
23651
23654
23657
23660
23662
23665
23668
23671
23674
23677
23680
23683
23686
23689
23692
23695
23698
23701
23704
23707
23710
23713
23716
23719
23722
23725
23728
23731
23734
23737
23740
23743
23746
23749
23752
23755
23758
23761
23764
23767
23770
23773
23777
23780
23784
23787
23791
23794
23798
23801
23805
23809
23812
23816
23819
23823
23826
23830
23833
23837
23840
23844
23848
23851
23855
23858
23862
23865
23869
23872
23876
23880
23882
23885
23887
23890
23892
23895
23897
23900
23903
23905
23908
23910
23913
23915
23918
23920
23923
23926
23928
23931
23933
23936
23938
23941
23943
23946
23949
23951
23954
23956
23959
23961
23964
23966
23969
23972
23974
23977
23979
23982
23984
23987
23990
23992
23995
23998
24001
24004
24007
24010
24013
24016
24019
24022
24025
24028
24030
24033
24036
24039
24042
24045
24048
24051
24054
24057
24060
24063
24066
24069
24071
24074
24077
24080
24083
24086
24089
24092
24095
24098
24101
24104
24107
24110
24113
24116
24119
24122
24125
24128
24131
24134
24137
24140
24143
24146
24149
24152
24155
24158
24161
24164
24167
24170
24173
24176
24179
24182
24185
24188
24191
24194
24197
24200
24203
24206
24210
24212
24215
24217
24220
24222
24225
24227
24230
24232
24235
24237
24240
24242
24245
24247
24250
24252
24255
24257
24260
24262
24265
24267
24270
24272
24275
24277
24280
24282
24285
24287
24290
24292
24295
24297
24300
24302
24305
24307
24310
24312
24315
24317
24320
24322
24325
24327
24330
24332
24335
24337
24340
24342
24345
24347
24350
24352
24355
24357
24360
24362
24365
24367
24370
24372
24375
24377
24380
24382
24385
24387
24390
24392
24395
24397
24400
24402
24405
24407
24410
24412
24415
24417
24420
24423
24426
24430
24433
24436
24440
24443
24446
24450
24453
24456
24460
24463
24466
24470
24473
24476
24480
24483
24486
24490
24493
24496
24500
24503
24506
24510
24513
24516
24520
24523
24526
24530
24532
24535
24538
24540
24543
24546
24548
24551
24554
24557
24559
24562
24565
24567
24570
24573
24575
24578
24581
24584
24586
24589
24592
24594
24597
24600
24602
24605
24608
24611
24613
24616
24619
24621
24624
24627
24630
24632
24635
24638
24640
24643
24646
24648
24651
24654
24656
24659
24662
24664
24667
24670
24672
24675
24678
24680
24683
24686
24689
24691
24694
24697
24699
24702
24705
24707
24710
24713
24715
24718
24721
24723
24726
24729
24731
24734
24737
24740
24743
24746
24750
24753
24756
24759
24763
24766
24770
24773
24776
24780
24783
24786
24790
24793
24796
24800
24803
24806
24810
24813
24816
24820
24823
24826
24830
24833
24836
24840
24843
24846
24850
24852
24855
24858
24861
24864
24867
24870
24872
24875
24878
24881
24884
24887
24890
24892
24895
24898
24901
24904
24907
24910
24912
24915
24918
24921
24924
24927
24930
24932
24935
24938
24941
24944
24947
24950
24952
24955
24958
24961
24964
24966
24969
24972
24975
24978
24981
24983
24986
24989
24992
24995
24997
25000
25003
25006
25009
25012
25014
25017
25020
25023
25026
25028
25031
25034
25037
25040
25043
25045
25048
25051
25054
25057
25060
25063
25066
25070
25073
25077
25080
25084
25087
25091
25094
25097
25101
25104
25108
25111
25115
25118
25122
25125
25128
25132
25135
25139
25142
25146
25149
25153
25156
25160
25163
25166
25170
25173
25176
25180
25183
25186
25190
25193
25196
25200
25203
25206
25210
25213
25216
25220
25223
25226
25230
25233
25236
25240
25243
25246
25250
25253
25256
25259
25263
25266
25270
25272
25275
25277
25280
25283
25285
25288
25290
25293
25296
25298
25301
25304
25306
25309
25311
25314
25317
25319
25322
25325
25327
25330
25332
25335
25338
25340
25343
25345
25348
25351
25353
25356
25359
25361
25364
25366
25369
25372
25374
25377
25380
25382
25384
25386
25388
25390
25392
25394
25396
25399
25401
25403
25405
25407
25409
25411
25413
25415
25418
25420
25422
25424
25426
25428
25430
25432
25435
25437
25439
25441
25443
25445
25447
25449
25451
25454
25456
25458
25460
25462
25464
25466
25468
25470
25473
25475
25477
25479
25481
25483
25485
25487
25490
25491
25494
25496
25497
25500
25502
25503
25506
25508
25509
25511
25514
25516
25517
25520
25522
25523
25526
25528
25529
25532
25534
25535
25538
25540
25541
25544
25546
25548
25549
25552
25554
25555
25558
25560
25561
25564
25566
25567
25570
25572
25573
25576
25578
25580
25582
25584
25586
25588
25590
25592
25593
25596
25598
25599
25602
25604
25605
25608
25610
25612
25614
25616
25619
25621
25623
25625
25628
25630
25632
25634
25637
25639
25641
25644
25646
25648
25650
25653
25655
25657
25660
25662
25664
25666
25669
25671
25673
25675
25678
25680
25682
25685
25687
25689
25691
25694
25696
25698
25700
25703
25705
25707
25710
25712
25715
25718
25721
25724
25727
25730
25733
25736
25739
25742
25745
25748
25751
25754
25757
25760
25763
25766
25769
25772
25775
25778
25781
25784
25787
25790
25793
25796
25799
25802
25805
25808
25811
25814
25817
25820
25822
25825
25828
25830
25833
25836
25838
25841
25844
25847
25849
25852
25855
25857
25860
25863
25865
25868
25871
25874
25876
25879
25882
25884
25887
25890
25892
25895
25898
25901
25903
25906
25909
25911
25914
25917
25920
25922
25925
25928
25931
25934
25937
25940
25943
25946
25949
25952
25955
25958
25961
25964
25967
25970
25973
25976
25979
25982
25985
25988
25991
25994
25997
26000
26003
26006
26009
26012
26015
26018
26021
26024
26027
26030
26033
26037
26041
26045
26049
26053
26056
26060
26064
26068
26072
26076
26080
26083
26087
26091
26095
26099
26103
26106
26110
26114
26118
26122
26126
26130
26132
26135
26137
26140
26143
26145
26148
26150
26153
26156
26158
26161
26164
26166
26169
26171
26174
26177
26179
26182
26185
26187
26190
26192
26195
26198
26200
26203
26205
26208
26211
26213
26216
26219
26221
26224
26226
26229
26232
26234
26237
26240
26242
26245
26248
26251
26254
26256
26259
26262
26265
26268
26271
26273
26276
26279
26282
26285
26287
26290
26293
26296
26299
26302
26304
26307
26310
26313
26316
26318
26321
26324
26327
26330
26333
26335
26338
26341
26344
26347
26350
26352
26354
26356
26358
26361
26363
26365
26367
26370
26372
26374
26376
26378
26381
26383
26385
26387
26390
26392
26394
26396
26398
26401
26403
26405
26407
26410
26412
26414
26416
26418
26421
26423
26425
26427
26430
26432
26434
26436
26438
26441
26443
26445
26447
26450
26452
26455
26457
26460
26463
26465
26468
26470
26473
26476
26478
26481
26484
26486
26489
26491
26494
26497
26499
26502
26505
26507
26510
26512
26515
26518
26520
26523
26525
26528
26531
26533
26536
26539
26541
26544
26546
26549
26552
26554
26557
26560
26562
26564
26566
26569
26571
26573
26576
26578
26580
26583
26585
26587
26590
26592
26594
26597
26599
26601
26604
26606
26608
26611
26613
26615
26618
26620
26622
26625
26627
26629
26632
26634
26636
26639
26641
26643
26646
26648
26650
26653
26655
26657
26660
26662
26664
26666
26668
26671
26673
26675
26677
26679
26682
26684
26686
26688
26690
26693
26695
26697
26699
26701
26704
26706
26708
26710
26712
26715
26717
26719
26721
26723
26726
26728
26730
26732
26734
26737
26739
26741
26743
26745
26748
26750
26752
26754
26756
26759
26761
26763
26765
26767
26770
26772
26774
26776
26778
26780
26782
26785
26787
26789
26791
26793
26795
26798
26800
26802
26804
26806
26808
26810
26813
26815
26817
26819
26821
26823
26826
26828
26830
26832
26834
26836
26839
26841
26843
26845
26847
26849
26851
26854
26856
26858
26860
26862
26864
26867
26869
26871
26873
26875
26877
26880
26882
26884
26886
26888
26890
26892
26894
26896
26899
26901
26903
26905
26907
26909
26911
26913
26915
26918
26920
26922
26924
26926
26928
26930
26932
26935
26937
26939
26941
26943
26945
26947
26949
26951
26954
26956
26958
26960
26962
26964
26966
26968
26970
26973
26975
26977
26979
26981
26983
26985
26987
26990
26991
26993
26995
26997
26999
27000
27002
27004
27006
27008
27009
27011
27013
27015
27017
27018
27020
27022
27024
27026
27027
27029
27031
27033
27035
27036
27038
27040
27042
27044
27045
27047
27049
27051
27053
27054
27056
27058
27060
27062
27063
27065
27067
27069
27071
27072
27074
27076
27078
27080
27081
27083
27085
27087
27089
27090
27092
27094
27096
27098
27100
27102
27104
27106
27109
27111
27113
27115
27118
27120
27122
27125
27127
27129
27131
27134
27136
27138
27140
27143
27145
27147
27150
27152
27154
27156
27159
27161
27163
27165
27168
27170
27172
27175
27177
27179
27181
27184
27186
27188
27190
27193
27195
27197
27200
27202
27205
27207
27210
27213
27215
27218
27220
27223
27226
27228
27231
27233
27236
27239
27241
27244
27246
27249
27252
27254
27257
27259
27262
27265
27267
27270
27273
27275
27278
27280
27283
27286
27288
27291
27293
27296
27299
27301
27304
27306
27309
27312
27314
27317
27320
27322
27324
27327
27329
27332
27334
27337
27339
27341
27344
27346
27349
27351
27354
27356
27359
27361
27363
27366
27368
27371
27373
27376
27378
27380
27383
27385
27388
27390
27393
27395
27398
27400
27402
27405
27407
27410
27412
27415
27417
27420
27422
27425
27428
27431
27434
27436
27439
27442
27445
27448
27451
27453
27456
27459
27462
27465
27467
27470
27473
27476
27479
27482
27484
27487
27490
27493
27496
27498
27501
27504
27507
27510
27513
27515
27518
27521
27524
27527
27530
27532
27535
27538
27540
27543
27546
27548
27551
27554
27557
27559
27562
27565
27567
27570
27573
27575
27578
27581
27584
27586
27589
27592
27594
27597
27600
27602
27605
27608
27611
27613
27616
27619
27621
27624
27627
27630
27632
27634
27636
27638
27641
27643
27645
27647
27649
27651
27654
27656
27658
27660
27663
27665
27667
27669
27671
27674
27676
27678
27680
27682
27685
27687
27689
27691
27693
27695
27698
27700
27702
27704
27706
27709
27711
27713
27715
27718
27720
27722
27724
27726
27729
27731
27733
27735
27737
27740
27742
27744
27746
27748
27750
27752
27754
27756
27759
27761
27763
27765
27767
27769
27771
27773
27775
27778
27780
27782
27784
27786
27788
27790
27792
27794
27797
27799
27801
27803
27805
27807
27809
27811
27814
27816
27818
27820
27822
27824
27826
27828
27830
27833
27835
27837
27839
27841
27843
27845
27847
27850
27852
27854
27857
27859
27861
27864
27866
27869
27871
27873
27876
27878
27880
27883
27885
27888
27890
27892
27895
27897
27900
27902
27904
27907
27909
27911
27914
27916
27919
27921
27923
27926
27928
27930
27933
27935
27938
27940
27942
27945
27947
27950
27952
27955
27957
27960
27962
27965
27967
27970
27973
27975
27978
27980
27983
27985
27988
27990
27993
27996
27998
28001
28003
28006
28008
28011
28013
28016
28019
28021
28024
28026
28029
28031
28034
28036
28039
28042
28044
28047
28049
28052
28054
28057
28060
28062
28064
28066
28068
28070
28072
28074
28076
28078
28080
28082
28084
28086
28088
28090
28092
28094
28096
28098
28100
28102
28104
28106
28108
28111
28113
28115
28117
28119
28121
28123
28125
28127
28129
28131
28133
28135
28137
28139
28141
28143
28145
28147
28149
28151
28153
28155
28157
28160
28162
28164
28167
28169
28172
28174
28177
28179
28182
28184
28186
28189
28191
28194
28196
28199
28201
28204
28206
28208
28211
28213
28216
28218
28221
28223
28226
28228
28230
28233
28235
28238
28240
28243
28245
28248
28250
28252
28255
28257
28260
28262
28265
28267
28270
28272
28275
28277
28280
28283
28285
28288
28290
28293
28296
28298
28301
28304
28306
28309
28311
28314
28317
28319
28322
28325
28327
28330
28332
28335
28338
28340
28343
28345
28348
28351
28353
28356
28359
28361
28364
28366
28369
28372
28374
28377
28380
28382
28385
28387
28390
28392
28395
28397
28400
28403
28405
28408
28410
28413
28415
28418
28420
28423
28426
28428
28431
28433
28436
28438
28441
28443
28446
28449
28451
28454
28456
28459
28461
28464
28466
28469
28472
28474
28477
28479
28482
28484
28487
28490
28492
28495
28498
28500
28503
28506
28508
28511
28514
28516
28519
28522
28524
28527
28530
28532
28535
28538
28540
28543
28546
28549
28551
28554
28557
28559
28562
28565
28567
28570
28573
28575
28578
28581
28583
28586
28589
28591
28594
28597
28600
28604
28609
28613
28618
28622
28627
28631
28636
28640
28645
28650
28654
28659
28663
28668
28672
28677
28681
28686
28690
28695
28700
28702
28705
28708
28711
28713
28716
28719
28721
28724
28727
28730
28733
28735
28738
28741
28744
28746
28749
28752
28755
28757
28760
28763
28766
28768
28771
28774
28776
28779
28782
28785
28788
28790
28793
28796
28799
28801
28804
28807
28810
28813
28816
28819
28822
28825
28828
28831
28834
28837
28840
28843
28846
28849
28852
28855
28858
28861
28864
28867
28870
28873
28876
28879
28882
28885
28888
28891
28894
28897
28900
28903
28906
28910
28913
28916
28920
28923
28926
28930
28933
28936
28940
28943
28946
28950
28953
28956
28960
28963
28966
28970
28973
28976
28980
28983
28986
28990
28993
28996
29000
29003
29006
29009
29013
29016
29020
29022
29025
29028
29031
29034
29037
29040
29043
29046
29049
29052
29055
29058
29061
29064
29067
29070
29073
29076
29079
29082
29085
29088
29091
29094
29097
29100
29103
29106
29109
29112
29115
29118
29121
29124
29127
29130
29133
29136
29139
29142
29145
29148
29151
29154
29157
29160
29163
29166
29169
29172
29175
29178
29181
29185
29188
29191
29194
29197
29200
29203
29206
29209
29212
29215
29218
29221
29224
29227
29230
29233
29236
29240
29245
29250
29256
29262
29267
29273
29278
29284
29289
29295
29300
29306
29311
29317
29322
29328
29333
29339
29344
29350
29355
29361
29367
29373
29379
29385
29391
29397
29402
29408
29414
29420
29426
29432
29438
29444
29450
29455
29460
29465
29470
29476
29481
29486
29491
29496
29502
29507
29512
29517
29523
29528
29533
29538
29543
29549
29554
29559
29564
29570
29572
29575
29577
29580
29582
29585
29587
29590
29592
29595
29597
29600
29602
29605
29607
29610
29612
29615
29617
29620
29622
29625
29627
29630
29632
29635
29637
29640
29642
29645
29647
29650
29652
29655
29657
29660
29662
29665
29667
29670
29673
29676
29679
29682
29685
29688
29691
29694
29697
29700
29703
29706
29709
29712
29715
29718
29721
29725
29728
29731
29734
29737
29740
29743
29746
29749
29752
29755
29758
29761
29764
29767
29770
29773
29776
29780
29782
29784
29787
29789
29791
29794
29796
29799
29801
29803
29806
29808
29810
29813
29815
29818
29820
29822
29825
29827
29830
29832
29834
29837
29839
29841
29844
29846
29849
29851
29853
29856
29858
29860
29863
29865
29868
29870
29872
29875
29877
29880
29882
29885
29888
29891
29894
29896
29899
29902
29905
29908
29911
29913
29916
29919
29922
29925
29927
29930
29933
29936
29939
29942
29944
29947
29950
29953
29956
29958
29961
29964
29967
29970
29973
29975
29978
29981
29984
29987
29990
