13
27
41
55
68
82
96
110
125
140
155
170
185
200
215
230
245
260
275
290
305
319
334
350
366
382
398
415
431
447
463
480
501
523
544
566
588
610
620
630
640
650
659
669
679
690
700
710
720
729
738
747
756
766
775
784
793
803
812
821
830
840
856
873
889
906
923
940
950
961
972
983
994
1004
1015
1026
1037
1048
1059
1070
1077
1085
1093
1100
1108
1116
1123
1131
1139
1146
1154
1162
1170
1181
1192
1202
1214
1225
1236
1247
1258
1269
1280
1286
1293
1300
1306
1313
1320
1326
1333
1339
1346
1353
1359
1366
1373
1380
1392
1404
1416
1428
1440
1452
1464
1476
1488
1500
1510
1520
1530
1540
1550
1560
1570
1580
1590
1600
1610
1622
1634
1646
1658
1671
1683
1695
1707
1720
1730
1740
1750
1760
1770
1780
1790
1800
1810
1820
1830
1836
1842
1849
1855
1862
1868
1875
1881
1888
1894
1901
1907
1914
1920
1927
1933
1940
1944
1949
1954
1959
1963
1968
1973
1978
1983
1987
1992
1997
2002
2006
2011
2016
2021
2026
2030
2035
2040
2045
2050
2054
2059
2065
2070
2074
2080
2085
2090
2094
2099
2105
2110
2114
2120
2125
2130
2135
2139
2145
2150
2155
2160
2165
2170
2176
2181
2186
2191
2197
2202
2207
2212
2218
2223
2228
2233
2239
2244
2249
2254
2260
2267
2275
2283
2290
2298
2306
2313
2321
2329
2336
2344
2352
2360
2366
2373
2380
2387
2394
2401
2408
2415
2421
2428
2435
2442
2449
2456
2463
2470
2477
2485
2492
2500
2507
2515
2522
2530
2537
2545
2552
2560
2567
2574
2582
2590
2598
2606
2614
2623
2631
2639
2648
2656
2665
2673
2681
2690
2705
2721
2737
2752
2768
2784
2800
2807
2815
2823
2830
2838
2846
2853
2861
2869
2876
2884
2892
2900
2911
2921
2933
2944
2955
2965
2977
2988
2998
3010
3019
3028
3037
3046
3055
3064
3073
3082
3091
3100
3110
3117
3125
3133
3141
3149
3157
3165
3172
3180
3188
3196
3204
3212
3220
3230
3241
3252
3263
3274
3285
3296
3307
3318
3329
3340
3345
3351
3357
3363
3369
3375
3381
3387
3392
3398
3404
3410
3416
3422
3428
3434
3440
3443
3447
3451
3455
3459
3463
3467
3471
3475
3479
3483
3487
3491
3495
3498
3502
3506
3510
3514
3518
3522
3526
3530
3534
3538
3542
3546
3550
3556
3562
3567
3574
3580
3586
3591
3598
3604
3610
3615
3622
3628
3634
3639
3646
3652
3658
3663
3670
3679
3688
3697
3706
3715
3724
3734
3743
3752
3761
3770
3780
3794
3808
3822
3837
3851
3865
3880
3891
3902
3913
3924
3935
3946
3957
3968
3979
3990
3998
4006
4015
4023
4032
4040
4049
4057
4066
4074
4083
4091
4100
4107
4115
4123
4130
4138
4146
4153
4161
4169
4176
4184
4192
4200
4208
4216
4225
4233
4242
4250
4259
4267
4276
4284
4293
4301
4310
4316
4323
4330
4336
4343
4350
4356
4363
4370
4376
4383
4390
4396
4403
4410
4417
4425
4433
4441
4449
4457
4465
4472
4480
4488
4496
4504
4512
4520
4529
4540
4550
4560
4570
4580
4590
4600
4610
4620
4628
4636
4645
4653
4662
4670
4679
4687
4696
4704
4713
4721
4730
4737
4745
4753
4761
4769
4777
4785
4792
4800
4808
4816
4824
4832
4840
4846
4853
4860
4866
4873
4880
4886
4893
4900
4906
4913
4920
4926
4933
4940
4947
4955
4963
4971
4979
4987
4995
5002
5010
5018
5026
5034
5042
5050
5060
5070
5080
5090
5100
5110
5120
5130
5140
5150
5160
5175
5190
5205
5220
5235
5250
5265
5280
5287
5295
5303
5310
5318
5326
5333
5341
5349
5356
5364
5372
5380
5387
5395
5403
5411
5419
5427
5435
5442
5450
5458
5466
5474
5482
5490
5498
5506
5515
5523
5532
5540
5549
5557
5566
5574
5583
5591
5600
5608
5616
5625
5633
5641
5650
5658
5666
5675
5683
5691
5700
5712
5724
5736
5748
5760
5772
5784
5796
5808
5820
5829
5838
5847
5856
5865
5874
5883
5892
5901
5910
5920
5927
5934
5942
5949
5956
5964
5971
5978
5986
5993
6000
6008
6015
6022
6030
6037
6045
6053
6060
6068
6076
6083
6091
6099
6106
6114
6122
6130
6135
6141
6146
6152
6157
6163
6168
6174
6179
6185
6190
6196
6201
6207
6212
6218
6223
6229
6234
6240
6246
6253
6260
6267
6274
6281
6288
6295
6301
6308
6315
6322
6329
6336
6343
6350
6360
6371
6382
6393
6404
6415
6426
6437
6448
6459
6470
6475
6481
6487
6492
6498
6504
6510
6515
6521
6527
6532
6538
6544
6550
6555
6561
6567
6572
6578
6584
6590
6594
6598
6602
6606
6610
6615
6619
6623
6627
6631
6635
6640
6644
6648
6652
6656
6660
6665
6669
6673
6677
6681
6685
6690
6695
6700
6705
6710
6715
6720
6725
6730
6735
6740
6745
6750
6755
6760
6765
6770
6775
6780
6785
6790
6795
6800
6805
6811
6817
6823
6829
6835
6841
6847
6852
6858
6864
6870
6876
6882
6888
6894
6900
6906
6913
6920
6926
6933
6940
6946
6953
6960
6966
6973
6979
6986
6993
7000
7006
7013
7020
7023
7027
7031
7034
7038
7042
7045
7049
7053
7057
7060
7064
7068
7071
7075
7079
7082
7086
7090
7094
7097
7101
7105
7108
7112
7116
7120
7127
7134
7142
7149
7156
7164
7171
7178
7186
7193
7200
7208
7215
7222
7230
7234
7238
7243
7247
7252
7256
7260
7265
7269
7274
7278
7282
7287
7291
7296
7300
7304
7309
7313
7318
7322
7326
7331
7335
7340
7343
7347
7350
7354
7357
7361
7365
7368
7372
7375
7379
7382
7386
7390
7393
7397
7400
7404
7407
7411
7415
7418
7422
7425
7429
7432
7436
7440
7446
7452
7459
7465
7472
7478
7485
7491
7498
7504
7511
7517
7524
7530
7537
7543
7550
7554
7558
7563
7567
7571
7576
7580
7584
7589
7593
7597
7602
7606
7610
7615
7619
7623
7628
7632
7636
7641
7645
7650
7654
7659
7664
7669
7673
7678
7683
7688
7693
7697
7702
7707
7712
7716
7721
7726
7731
7736
7740
7745
7750
7755
7760
7763
7767
7771
7775
7779
7783
7786
7790
7794
7798
7802
7806
7810
7813
7817
7821
7825
7829
7833
7836
7840
7844
7848
7852
7856
7860
7864
7869
7874
7879
7884
7888
7893
7898
7903
7908
7912
7917
7922
7927
7932
7936
7941
7946
7951
7956
7960
7965
7970
7975
7980
7987
7995
8003
8011
8019
8027
8035
8042
8050
8058
8066
8074
8082
8090
8095
8101
8107
8113
8118
8124
8130
8136
8142
8147
8153
8159
8165
8171
8176
8182
8188
8194
8200
8207
8214
8221
8228
8235
8242
8249
8256
8263
8270
8277
8284
8291
8298
8305
8312
8320
8332
8345
8357
8370
8382
8395
8407
8420
8428
8436
8445
8453
8462
8470
8479
8487
8496
8504
8513
8521
8530
8539
8548
8557
8566
8575
8584
8593
8602
8611
8620
8630
8636
8642
8649
8655
8662
8668
8675
8681
8688
8694
8701
8707
8714
8720
8727
8733
8740
8745
8750
8755
8760
8766
8771
8776
8781
8787
8792
8797
8802
8808
8813
8818
8823
8829
8834
8839
8844
8850
8855
8860
8865
8870
8875
8879
8885
8889
8895
8899
8905
8910
8915
8920
8924
8930
8934
8940
8944
8950
8954
8958
8963
8967
8972
8976
8981
8985
8990
8994
8998
9003
9007
9012
9016
9021
9025
9030
9034
9038
9043
9047
9052
9056
9061
9065
9070
9079
9088
9097
9106
9115
9124
9133
9142
9151
9160
9170
9174
9179
9184
9189
9193
9198
9203
9208
9213
9217
9222
9227
9232
9236
9241
9246
9251
9256
9260
9265
9270
9275
9280
9284
9289
9294
9299
9303
9308
9313
9318
9322
9327
9332
9337
9341
9346
9351
9356
9360
9365
9370
9375
9380
9385
9390
9395
9400
9406
9411
9416
9421
9427
9432
9437
9442
9448
9453
9458
9463
9469
9474
9479
9484
9490
9496
9502
9508
9514
9520
9526
9532
9538
9545
9551
9557
9563
9569
9575
9581
9587
9593
9600
9604
9609
9613
9618
9622
9627
9631
9636
9640
9645
9649
9654
9659
9663
9668
9672
9677
9681
9686
9690
9695
9700
9704
9709
9713
9718
9723
9727
9732
9736
9741
9746
9750
9755
9760
9764
9769
9773
9778
9783
9787
9792
9796
9801
9806
9810
9815
9820
9825
9830
9835
9840
9845
9850
9855
9860
9865
9870
9875
9880
9885
9890
9895
9900
9905
9910
9915
9920
9926
9933
9940
9947
9954
9961
9968
9975
9981
9988
9995
10002
10009
10016
10023
10030
10038
10046
10055
10063
10071
10080
10088
10096
10105
10113
10121
10130
10141
10152
10163
10174
10185
10196
10207
10218
10229
10240
10262
10284
10306
10328
10350
10363
10377
10391
10405
10418
10432
10446
10460
10475
10490
10505
10520
10535
10550
10565
10580
10596
10613
10629
10646
10663
10680
10697
10714
10731
10748
10765
10782
10800
10820
10840
10860
10880
10900
10915
10930
10945
10960
10975
10990
11004
11020
11044
11068
11092
11116
11140
11164
11188
11212
11236
11260
11282
11304
11325
11347
11370
11392
11414
11436
11458
11480
11498
11516
11535
11553
11571
11590
11615
11640
11665
11690
11705
11721
11737
11752
11768
11784
11800
11820
11840
11860
11880
11900
11920
11935
11951
11967
11982
11998
12014
12030
12049
12070
12090
12110
12130
12158
12186
12214
12242
12270
12286
12303
12320
12336
12353
12370
12388
12406
12425
12443
12461
12480
12500
12520
12540
12560
12580
12600
12627
12655
12682
12710
12727
12744
12761
12778
12795
12812
12830
12852
12874
12895
12918
12940
12957
12974
12991
13008
13025
13042
13060
13078
13096
13115
13133
13151
13170
13191
13212
13234
13255
13277
13298
13320
13340
13360
13380
13400
13420
13447
13475
13502
13530
13549
13570
13590
13610
13630
13650
13670
13690
13710
13730
13750
13774
13798
13822
13846
13870
13905
13940
13975
14010
14035
14059
14084
14110
14134
14158
14182
14206
14230
14248
14266
14285
14303
14321
14340
14360
14380
14400
14420
14440
14460
14478
14496
14515
14533
14551
14570
14590
14610
14630
14650
14670
14690
14709
14730
14750
14770
14790
14812
14834
14856
14878
14900
14930
14960
14990
15020
15040
15059
15080
15100
15120
15138
15157
15175
15194
15212
15231
15250
15274
15298
15322
15346
15370
15385
15401
15417
15432
15448
15464
15480
15502
15524
15546
15568
15590
15605
15621
15637
15652
15668
15684
15700
15717
15734
15751
15768
15785
15802
15820
15836
15853
15870
15886
15903
15920
15935
15951
15967
15982
15998
16014
16030
16052
16074
16096
16118
16140
16155
16170
16185
16200
16215
16230
16245
16260
16278
16296
16315
16333
16351
16370
16388
16406
16425
16443
16461
16480
16502
16524
16546
16568
16590
16612
16634
16656
16678
16700
16724
16748
16772
16796
16820
16840
16860
16880
16900
16920
16946
16972
16998
17024
17050
17075
17100
17125
17150
17174
17198
17221
17246
17270
17300
17330
17360
17390
17420
17450
17480
17510
17537
17565
17592
17620
17640
17660
17680
17700
17720
17740
17764
17788
17811
17836
17860
17884
17908
17932
17956
17980
18007
18035
18062
18090
18117
18145
18172
18200
18230
18259
18290
18320
18345
18370
18395
18420
18456
18493
18530
18555
18580
18605
18630
18666
18703
18740
18776
18813
18850
18890
18930
18970
19002
19035
19067
19100
19127
19155
19182
19210
19240
19270
19299
19330
19357
19384
19412
19440
19458
19476
19495
19513
19531
19550
19570
19590
19610
19630
19650
19669
19689
19710
19730
19750
19770
19795
19820
19845
19870
19890
19910
19930
19950
19970
19990
20022
20055
20087
20120
20240
20272
20305
20337
20370
20394
20418
20442
20465
20490
20520
20549
20580
20610
20650
20690
20730
21330
21334
21340
21345
21349
21354
21360
21365
21369
21375
21380
21384
21390
21395
21400
21405
21410
21415
21419
21425
21430
21439
21448
21457
21466
21475
21485
21494
21503
21512
21521
21530
21540
21548
21556
21564
21573
21581
21590
21598
21606
21615
21623
21631
21640
21648
21656
21665
21673
21682
21690
21699
21707
21716
21724
21733
21741
21750
21813
21877
21941
22005
22068
22132
22196
22260
22261
22263
22265
22267
22269
22271
22273
22275
22277
22279
22281
22283
22285
22287
22289
22291
22293
22295
22297
22299
22301
22303
22305
22307
22309
22310
22312
22314
22316
22318
22320
22322
22324
22326
22328
22330
22332
22334
22336
22338
22340
22342
22344
22346
22348
22350
22352
22354
22356
22358
22360
22381
22404
22426
22448
22470
22476
22482
22488
22494
22500
22506
22512
22518
22524
22530
22535
22541
22548
22554
22560
22566
22572
22578
22584
22590
22598
22606
22614
22622
22630
22638
22646
22654
22662
22670
22678
22686
22694
22702
22710
22719
22728
22737
22746
22755
22765
22774
22783
22792
22801
22810
22820
22842
22864
22886
22908
22930
22945
22961
22977
22992
23008
23024
23040
23052
23064
23076
23088
23101
23113
23125
23137
23150
23158
23166
23174
23183
23191
23200
23208
23216
23225
23233
23241
23250
23258
23266
23275
23283
23291
23300
23325
23350
23375
23400
23415
23431
23447
23462
23478
23494
23510
23546
23583
23620
23650
23680
23710
23740
23764
23788
23811
23836
23860
23890
23920
23950
23980
24002
24024
24046
24068
24090
24122
24155
24187
24220
24241
24264
24285
24308
24330
24357
24384
24412
24440
24467
24495
24522
24550
24566
24583
24600
24616
24633
24650
24677
24706
24734
24762
24790
24830
24870
24910
24940
24970
25000
25030
25057
25085
25112
25140
25176
25213
25250
25274
25298
25322
25346
25370
25394
25418
25442
25465
25490
25522
25555
25587
25620
25638
25657
25675
25694
25712
25731
25750
25767
25784
25801
25818
25835
25852
25870
25888
25906
25925
25943
25961
25980
26007
26035
26062
26090
26104
26118
26132
26147
26161
26175
26190
26220
26250
26280
26310
26334
26358
26381
26406
26430
26453
26476
26500
26523
26546
26570
26597
26625
26652
26680
26706
26732
26758
26784
26810
26835
26860
26884
26910
26936
26962
26988
27014
27040
27058
27076
27095
27113
27131
27150
27177
27205
27232
27260
27278
27296
27315
27333
27351
27370
27388
27407
27425
27444
27462
27481
27500
27520
27540
27560
27580
27600
27620
27650
27680
27710
27740
27772
27805
27837
27870
27894
27918
27942
27965
27990
28025
28060
28095
28130
28210
28290
28314
28340
28365
28390
28420
28450
28480
28510
28546
28583
28620
28646
28672
28698
28724
28750
28772
28794
28816
28838
28860
28900
28940
28980
29010
29040
29070
29100
29133
29166
29200
29236
29273
29310
29335
29360
29384
29410
29438
29466
29494
29522
29550
29582
29615
29647
29680
29707
29735
29762
29790
29817
29845
29872
29900
