2
5
8
11
14
17
20
23
26
29
32
35
38
40
43
46
49
52
55
58
61
64
67
70
73
76
79
81
84
87
90
93
96
99
102
105
108
111
114
117
120
122
124
126
128
130
133
135
137
139
141
143
146
148
150
152
154
156
159
161
163
165
167
169
172
174
176
178
180
183
185
187
189
191
193
196
198
200
202
204
206
209
211
213
215
217
220
222
224
226
228
230
232
234
236
238
240
242
244
246
248
250
252
254
256
258
260
262
264
266
268
270
272
275
277
279
281
283
285
287
289
291
293
295
297
299
301
303
305
307
309
311
313
315
317
319
321
323
325
327
330
331
333
335
337
339
341
343
345
346
348
350
352
354
356
358
360
362
363
365
367
369
371
373
375
377
379
380
382
384
386
388
390
392
394
396
397
399
401
403
405
407
409
411
413
414
416
418
420
422
424
426
428
430
432
434
436
438
441
443
445
447
450
452
454
456
459
461
463
465
468
470
472
474
477
479
481
483
486
488
490
492
495
497
499
501
504
506
508
510
513
515
517
519
522
524
526
528
531
533
535
537
540
541
543
545
547
549
550
552
554
556
558
560
561
563
565
567
569
570
572
574
576
578
580
581
583
585
587
589
590
592
594
596
598
600
601
603
605
607
609
610
612
614
616
618
620
621
623
625
627
629
630
632
634
636
638
640
641
643
645
646
648
650
652
653
655
657
659
660
662
664
666
667
669
671
673
674
676
678
680
681
683
685
687
688
690
692
694
695
697
699
701
702
704
706
708
709
711
713
715
716
718
720
722
723
725
727
729
730
732
734
736
737
739
741
743
744
746
748
750
751
753
755
756
758
760
761
763
765
766
768
770
771
773
775
776
778
780
781
783
785
786
788
790
791
793
795
796
798
800
801
803
804
806
808
810
811
813
815
816
818
820
821
823
825
826
828
830
831
833
835
836
838
840
841
843
845
846
848
850
851
853
855
856
858
860
862
864
866
869
871
873
876
878
880
883
885
887
890
892
894
897
899
901
904
906
908
911
913
915
918
920
922
925
927
929
932
934
936
939
941
943
946
948
950
953
955
957
960
961
963
965
966
968
970
971
973
975
976
978
980
982
983
985
987
988
990
992
993
995
997
998
1000
1002
1004
1005
1007
1009
1010
1012
1014
1015
1017
1019
1020
1022
1024
1026
1027
1029
1031
1032
1034
1036
1037
1039
1041
1042
1044
1046
1048
1049
1051
1053
1054
1056
1058
1059
1061
1063
1064
1066
1068
1070
1072
1075
1077
1080
1082
1085
1087
1090
1093
1095
1098
1100
1103
1105
1108
1111
1113
1116
1118
1121
1123
1126
1128
1131
1134
1136
1139
1141
1144
1146
1149
1152
1154
1157
1159
1162
1164
1167
1170
1171
1173
1174
1176
1178
1179
1181
1183
1184
1186
1188
1189
1191
1192
1194
1196
1197
1199
1201
1202
1204
1206
1207
1209
1211
1212
1214
1215
1217
1219
1220
1222
1224
1225
1227
1229
1230
1232
1234
1235
1237
1238
1240
1242
1243
1245
1247
1248
1250
1252
1253
1255
1257
1258
1260
1261
1263
1265
1266
1268
1270
1271
1273
1275
1276
1278
1280
1281
1283
1285
1287
1289
1290
1292
1294
1296
1298
1300
1301
1303
1305
1307
1309
1310
1312
1314
1316
1318
1320
1321
1323
1325
1327
1329
1330
1332
1334
1336
1338
1339
1341
1343
1345
1347
1349
1350
1352
1354
1356
1358
1359
1361
1363
1365
1367
1369
1370
1372
1374
1376
1378
1380
1381
1383
1385
1387
1388
1390
1392
1394
1395
1397
1399
1401
1403
1404
1406
1408
1410
1411
1413
1415
1417
1419
1420
1422
1424
1426
1427
1429
1431
1433
1435
1436
1438
1440
1442
1443
1445
1447
1449
1450
1452
1454
1456
1458
1459
1461
1463
1465
1466
1468
1470
1472
1474
1475
1477
1479
1481
1482
1484
1486
1488
1490
1492
1495
1497
1500
1503
1505
1508
1510
1513
1516
1518
1521
1524
1526
1529
1531
1534
1537
1539
1542
1545
1547
1550
1552
1555
1558
1560
1563
1565
1568
1571
1573
1576
1579
1581
1584
1586
1589
1592
1594
1597
1600
1601
1603
1605
1607
1609
1611
1613
1615
1617
1619
1621
1623
1625
1627
1629
1631
1633
1635
1637
1639
1641
1643
1645
1647
1649
1650
1652
1654
1656
1658
1660
1662
1664
1666
1668
1670
1672
1674
1676
1678
1680
1682
1684
1686
1688
1690
1692
1694
1696
1698
1700
1702
1705
1708
1711
1714
1716
1719
1722
1725
1728
1731
1733
1736
1739
1742
1745
1747
1750
1753
1756
1759
1762
1764
1767
1770
1773
1776
1778
1781
1784
1787
1790
1793
1795
1798
1801
1804
1807
1810
1812
1814
1816
1818
1820
1822
1824
1826
1828
1830
1832
1834
1836
1838
1840
1842
1844
1846
1848
1850
1852
1854
1856
1858
1859
1862
1863
1865
1867
1869
1872
1874
1876
1878
1880
1882
1884
1886
1888
1890
1892
1894
1896
1898
1900
1902
1904
1906
1908
1910
1912
1914
1916
1918
1920
1923
1925
1927
1929
1932
1934
1936
1938
1940
1943
1945
1947
1949
1951
1954
1956
1958
1960
1962
1964
1967
1969
1971
1973
1976
1978
1980
1982
1984
1987
1989
1991
1993
1995
1998
2000
2002
2004
2006
2009
2011
2013
2015
2017
2020
2021
2023
2025
2026
2028
2030
2032
2033
2035
2037
2039
2040
2042
2044
2046
2047
2049
2051
2053
2054
2056
2058
2060
2061
2063
2065
2067
2068
2070
2072
2074
2075
2077
2079
2081
2082
2084
2086
2088
2089
2091
2093
2095
2096
2098
2100
2102
2103
2105
2107
2109
2110
2112
2114
2116
2117
2119
2121
2123
2124
2126
2128
2130
2132
2134
2136
2138
2141
2143
2145
2147
2150
2152
2154
2156
2159
2161
2163
2165
2168
2170
2172
2174
2177
2179
2181
2183
2186
2188
2190
2192
2195
2197
2199
2201
2204
2206
2208
2210
2213
2215
2217
2219
2222
2224
2226
2228
2231
2233
2235
2237
2240
2242
2244
2246
2249
2251
2253
2256
2258
2260
2262
2265
2267
2269
2272
2274
2276
2278
2281
2283
2285
2288
2290
2292
2295
2297
2299
2301
2304
2306
2308
2311
2313
2315
2317
2320
2322
2324
2327
2329
2331
2333
2336
2338
2340
2343
2345
2347
2350
2352
2354
2356
2358
2360
2362
2364
2366
2368
2370
2372
2374
2376
2378
2380
2382
2384
2386
2388
2390
2392
2394
2396
2398
2400
2402
2404
2406
2408
2410
2412
2414
2416
2418
2420
2422
2424
2426
2428
2430
2432
2434
2436
2438
2440
2442
2444
2446
2448
2450
2451
2453
2455
2456
2458
2460
2461
2463
2465
2466
2468
2470
2472
2473
2475
2477
2478
2480
2482
2483
2485
2487
2488
2490
2492
2494
2495
2497
2499
2500
2502
2504
2505
2507
2509
2510
2512
2514
2516
2517
2519
2521
2522
2524
2526
2527
2529
2531
2532
2534
2536
2538
2539
2541
2543
2544
2546
2548
2549
2551
2553
2554
2556
2558
2560
2562
2564
2567
2569
2572
2574
2577
2579
2581
2584
2586
2589
2591
2594
2596
2599
2601
2603
2606
2608
2611
2613
2616
2618
2620
2623
2625
2628
2630
2633
2635
2638
2640
2642
2645
2647
2650
2652
2655
2657
2660
2662
2664
2666
2668
2671
2673
2675
2677
2680
2682
2684
2686
2689
2691
2693
2695
2698
2700
2702
2704
2707
2709
2711
2713
2716
2718
2720
2722
2725
2727
2729
2731
2734
2736
2738
2740
2743
2745
2747
2749
2752
2754
2756
2758
2761
2763
2765
2767
2770
2772
2774
2776
2778
2781
2783
2785
2787
2790
2792
2794
2796
2799
2801
2803
2805
2808
2810
2812
2814
2817
2819
2821
2823
2826
2828
2830
2832
2835
2837
2839
2841
2844
2846
2848
2850
2853
2855
2857
2859
2862
2864
2866
2868
2871
2873
2875
2877
2880
2882
2885
2888
2890
2893
2896
2898
2901
2904
2906
2909
2912
2914
2917
2920
2922
2925
2928
2930
2933
2936
2939
2941
2944
2947
2949
2952
2955
2957
2960
2963
2965
2968
2971
2973
2976
2979
2981
2984
2987
2990
2993
2997
3001
3005
3009
3013
3017
3021
3025
3029
3033
3037
3041
3045
3048
3052
3056
3060
3064
3068
3072
3076
3080
3084
3088
3092
3096
3100
3102
3104
3107
3109
3112
3114
3117
3119
3121
3124
3126
3129
3131
3134
3136
3139
3141
3143
3146
3148
3151
3153
3156
3158
3160
3163
3165
3168
3170
3173
3175
3178
3180
3182
3185
3187
3190
3192
3195
3197
3200
3202
3205
3208
3211
3214
3217
3220
3223
3226
3228
3231
3234
3237
3240
3243
3246
3249
3252
3255
3257
3260
3263
3266
3269
3272
3275
3278
3281
3283
3286
3289
3292
3295
3298
3301
3304
3307
3310
3313
3316
3319
3322
3325
3328
3331
3334
3337
3340
3343
3346
3349
3352
3355
3358
3361
3364
3367
3370
3373
3376
3379
3382
3385
3388
3391
3394
3397
3400
3403
3406
3410
3412
3414
3416
3418
3421
3423
3425
3427
3429
3432
3434
3436
3438
3440
3443
3445
3447
3449
3451
3454
3456
3458
3460
3462
3465
3467
3469
3471
3473
3476
3478
3480
3482
3484
3487
3489
3491
3493
3495
3498
3500
3502
3504
3506
3509
3511
3513
3515
3517
3520
3521
3523
3525
3527
3529
3531
3533
3535
3537
3539
3541
3543
3545
3547
3548
3550
3552
3554
3556
3558
3560
3562
3564
3566
3568
3570
3572
3574
3575
3577
3579
3581
3583
3585
3587
3589
3591
3593
3595
3597
3599
3601
3602
3604
3606
3608
3610
3612
3614
3616
3618
3620
3622
3624
3626
3628
3630
3632
3635
3637
3640
3642
3645
3647
3650
3653
3655
3658
3660
3663
3665
3668
3670
3673
3676
3678
3681
3683
3686
3688
3691
3693
3696
3699
3701
3704
3706
3709
3711
3714
3716
3719
3722
3724
3727
3729
3732
3734
3737
3740
3741
3743
3745
3747
3749
3750
3752
3754
3756
3758
3759
3761
3763
3765
3767
3768
3770
3772
3774
3776
3777
3779
3781
3783
3785
3786
3788
3790
3792
3794
3795
3797
3799
3801
3803
3804
3806
3808
3810
3812
3813
3815
3817
3819
3821
3822
3824
3826
3828
3830
3831
3833
3835
3837
3839
3840
3842
3844
3846
3848
3850
3852
3854
3856
3858
3860
3862
3864
3866
3868
3870
3872
3875
3877
3879
3881
3883
3885
3887
3889
3891
3893
3895
3897
3900
3902
3904
3906
3908
3910
3912
3914
3916
3918
3920
3922
3925
3927
3929
3931
3933
3935
3937
3939
3941
3943
3945
3947
3950
3952
3954
3956
3958
3961
3963
3965
3967
3970
3972
3974
3976
3979
3981
3983
3985
3988
3990
3992
3994
3997
3999
4001
4003
4006
4008
4010
4012
4015
4017
4019
4021
4024
4026
4028
4030
4033
4035
4037
4039
4042
4044
4046
4048
4051
4053
4055
4057
4059
4061
4063
4064
4066
4068
4069
4071
4073
4074
4076
4078
4079
4081
4082
4084
4086
4087
4089
4091
4092
4094
4096
4097
4099
4100
4102
4104
4105
4107
4109
4110
4112
4114
4115
4117
4119
4120
4122
4123
4125
4127
4128
4130
4132
4133
4135
4137
4138
4140
4141
4143
4145
4146
4148
4150
4151
4153
4155
4156
4158
4160
4162
4164
4166
4168
4170
4172
4174
4176
4178
4180
4182
4184
4186
4189
4191
4193
4195
4197
4199
4201
4203
4205
4207
4209
4211
4213
4216
4218
4220
4222
4224
4226
4228
4230
4232
4234
4236
4238
4240
4243
4245
4247
4249
4251
4253
4255
4257
4259
4261
4263
4265
4267
4270
4272
4274
4277
4279
4282
4284
4287
4290
4292
4295
4297
4300
4302
4305
4307
4310
4312
4314
4317
4319
4322
4324
4327
4330
4332
4335
4337
4340
4342
4345
4347
4350
4352
4354
4357
4359
4362
4365
4367
4370
4372
4375
4377
4380
4381
4383
4385
4387
4389
4391
4392
4394
4396
4398
4400
4402
4403
4405
4407
4409
4411
4413
4414
4416
4418
4420
4422
4424
4425
4427
4429
4431
4433
4435
4436
4438
4440
4442
4444
4446
4447
4449
4451
4453
4455
4457
4458
4460
4462
4464
4466
4468
4469
4471
4473
4475
4477
4479
4480
4482
4484
4486
4488
4490
4492
4494
4496
4498
4500
4502
4504
4506
4508
4510
4512
4514
4516
4518
4520
4522
4524
4526
4528
4530
4532
4534
4536
4538
4540
4542
4545
4547
4549
4551
4553
4555
4557
4559
4561
4563
4565
4567
4569
4571
4573
4575
4577
4579
4581
4583
4585
4587
4589
4591
4593
4595
4597
4600
4602
4604
4607
4609
4612
4614
4617
4620
4622
4625
4627
4630
4632
4635
4637
4640
4642
4645
4647
4650
4652
4655
4657
4660
4662
4665
4667
4670
4672
4675
4677
4680
4682
4685
4687
4690
4692
4695
4697
4700
4702
4704
4707
4709
4712
4714
4717
4719
4722
4724
4726
4729
4731
4734
4736
4739
4741
4744
4746
4748
4751
4753
4756
4758
4761
4763
4766
4768
4770
4773
4775
4778
4780
4783
4785
4787
4790
4792
4795
4797
4800
4802
4805
4807
4810
4812
4815
4818
4821
4824
4827
4830
4832
4835
4838
4841
4844
4847
4850
4852
4855
4858
4861
4864
4867
4870
4872
4875
4878
4881
4884
4887
4890
4892
4895
4898
4901
4904
4907
4910
4911
4913
4915
4917
4919
4921
4923
4925
4927
4929
4931
4933
4935
4937
4939
4941
4943
4945
4947
4949
4951
4953
4955
4957
4959
4961
4963
4965
4966
4968
4970
4972
4974
4976
4978
4980
4982
4984
4986
4988
4990
4992
4994
4996
4998
5000
5002
5004
5006
5008
5010
5012
5014
5016
5018
5020
5023
5026
5029
5032
5035
5038
5042
5045
5048
5051
5054
5057
5060
5064
5067
5070
5073
5076
5079
5082
5085
5089
5092
5095
5098
5101
5104
5108
5111
5114
5117
5120
5123
5126
5130
5132
5134
5136
5138
5140
5142
5144
5146
5148
5150
5152
5154
5156
5158
5160
5162
5164
5166
5168
5170
5172
5174
5176
5178
5180
5182
5185
5187
5189
5191
5193
5195
5197
5199
5201
5203
5205
5207
5209
5211
5213
5215
5217
5219
5221
5223
5225
5227
5229
5231
5233
5235
5237
5240
5241
5243
5245
5247
5249
5251
5253
5254
5256
5258
5260
5262
5264
5266
5267
5269
5271
5273
5275
5277
5279
5281
5282
5284
5286
5288
5290
5292
5294
5295
5297
5299
5301
5303
5305
5307
5308
5310
5312
5314
5316
5318
5320
5322
5323
5325
5327
5329
5331
5333
5335
5336
5338
5340
5342
5344
5346
5348
5350
5352
5354
5356
5359
5361
5363
5365
5368
5370
5372
5375
5377
5379
5381
5384
5386
5388
5390
5393
5395
5397
5400
5402
5404
5406
5409
5411
5413
5415
5418
5420
5422
5425
5427
5429
5431
5434
5436
5438
5440
5443
5445
5447
5450
5452
5455
5458
5461
5464
5467
5470
5473
5476
5478
5481
5484
5487
5490
5493
5496
5499
5502
5505
5507
5510
5513
5516
5519
5522
5525
5528
5531
5533
5536
5539
5542
5545
5548
5551
5554
5557
5560
5561
5563
5565
5567
5569
5571
5573
5575
5576
5578
5580
5582
5584
5586
5588
5590
5592
5593
5595
5597
5599
5601
5603
5605
5607
5609
5610
5612
5614
5616
5618
5620
5622
5624
5626
5627
5629
5631
5633
5635
5637
5639
5641
5643
5644
5646
5648
5650
5652
5654
5656
5658
5660
5662
5665
5668
5670
5673
5676
5678
5681
5684
5686
5689
5692
5694
5697
5700
5702
5705
5708
5710
5713
5716
5718
5721
5724
5726
5729
5732
5734
5737
5740
5742
5745
5748
5750
5753
5756
5758
5761
5764
5766
5769
5772
5774
5777
5780
5782
5784
5786
5788
5790
5792
5794
5796
5798
5800
5802
5805
5807
5809
5811
5813
5815
5817
5819
5821
5823
5825
5827
5830
5832
5834
5836
5838
5840
5842
5844
5846
5848
5850
5852
5855
5857
5859
5861
5863
5865
5867
5869
5871
5873
5875
5877
5880
5884
5889
5893
5898
5903
5907
5912
5916
5921
5926
5930
5935
5939
5944
5949
5953
5958
5963
5967
5972
5976
5981
5986
5990
5995
6000
6003
6006
6010
6013
6016
6020
6023
6026
6030
6033
6036
6040
6043
6046
6050
6053
6056
6060
6063
6066
6070
6073
6076
6080
6083
6086
6090
6093
6096
6100
6103
6106
6110
6111
6113
6115
6117
6119
6121
6123
6125
6127
6129
6131
6133
6135
6137
6139
6141
6143
6145
6147
6149
6151
6153
6155
6157
6159
6160
6162
6164
6166
6168
6170
6172
6174
6176
6178
6180
6182
6184
6186
6188
6190
6192
6194
6196
6198
6200
6202
6204
6206
6208
6210
6212
6214
6216
6218
6221
6223
6225
6227
6229
6232
6234
6236
6238
6240
6243
6245
6247
6249
6251
6254
6256
6258
6260
6262
6265
6267
6269
6271
6273
6276
6278
6280
6282
6284
6287
6289
6291
6293
6295
6298
6300
6302
6304
6306
6309
6311
6313
6315
6317
6320
6321
6323
6325
6327
6329
6330
6332
6334
6336
6338
6340
6341
6343
6345
6347
6349
6350
6352
6354
6356
6358
6360
6361
6363
6365
6367
6369
6370
6372
6374
6376
6378
6380
6381
6383
6385
6387
6389
6390
6392
6394
6396
6398
6400
6401
6403
6405
6407
6409
6410
6412
6414
6416
6418
6420
6422
6425
6428
6431
6433
6436
6439
6442
6444
6447
6450
6453
6455
6458
6461
6464
6466
6469
6472
6475
6477
6480
6483
6486
6488
6491
6494
6497
6499
6502
6505
6508
6510
6513
6516
6519
6521
6524
6527
6530
6532
6534
6536
6539
6541
6543
6545
6548
6550
6552
6555
6557
6559
6561
6564
6566
6568
6570
6573
6575
6577
6580
6582
6584
6586
6589
6591
6593
6595
6598
6600
6602
6605
6607
6609
6611
6614
6616
6618
6620
6623
6625
6627
6630
6632
6635
6638
6640
6643
6646
6648
6651
6654
6656
6659
6662
6664
6667
6670
6672
6675
6678
6680
6683
6686
6689
6691
6694
6697
6699
6702
6705
6707
6710
6713
6715
6718
6721
6723
6726
6729
6731
6734
6737
6740
6742
6745
6748
6751
6754
6757
6760
6763
6766
6768
6771
6774
6777
6780
6783
6786
6789
6792
6795
6797
6800
6803
6806
6809
6812
6815
6818
6821
6823
6826
6829
6832
6835
6838
6841
6844
6847
6850
6851
6854
6856
6858
6859
6862
6864
6866
6867
6870
6872
6874
6875
6878
6880
6882
6883
6886
6888
6890
6891
6894
6896
6898
6899
6902
6904
6906
6908
6910
6912
6914
6916
6918
6920
6922
6924
6926
6928
6930
6932
6934
6936
6938
6940
6942
6944
6946
6948
6950
6952
6954
6956
6958
6960
6962
6964
6966
6968
6970
6972
6974
6976
6979
6981
6983
6985
6987
6989
6991
6993
6995
6997
6999
7001
7003
7006
7008
7010
7012
7014
7016
7018
7020
7022
7024
7026
7028
7030
7033
7035
7037
7039
7041
7043
7045
7047
7049
7051
7053
7055
7057
7060
7062
7064
7066
7068
7070
7072
7074
7076
7078
7080
7082
7085
7087
7089
7091
7093
7095
7097
7099
7101
7103
7105
7107
7109
7112
7114
7116
7118
7120
7122
7124
7126
7128
7130
7132
7135
7137
7139
7141
7143
7145
7147
7149
7151
7153
7155
7157
7160
7162
7164
7166
7168
7170
7172
7175
7177
7179
7181
7183
7185
7188
7190
7192
7194
7196
7198
7200
7203
7205
7207
7209
7211
7213
7216
7218
7220
7222
7224
7226
7229
7231
7233
7235
7237
7239
7241
7244
7246
7248
7250
7252
7254
7257
7259
7261
7263
7265
7267
7270
7272
7274
7277
7279
7281
7284
7286
7289
7291
7293
7296
7298
7301
7303
7305
7308
7310
7313
7315
7317
7320
7322
7324
7327
7329
7332
7334
7336
7339
7341
7344
7346
7348
7351
7353
7356
7358
7360
7363
7365
7368
7370
7372
7375
7377
7380
7382
7384
7386
7388
7390
7392
7394
7396
7398
7400
7402
7404
7406
7408
7410
7412
7414
7416
7418
7420
7422
7424
7426
7428
7430
7432
7435
7437
7439
7441
7443
7445
7447
7449
7451
7453
7455
7457
7459
7461
7463
7465
7467
7469
7471
7473
7475
7477
7479
7481
7483
7485
7487
7490
7492
7494
7497
7499
7501
7504
7506
7508
7511
7513
7515
7518
7520
7522
7525
7527
7529
7532
7534
7536
7539
7541
7543
7546
7548
7550
7553
7555
7557
7560
7562
7564
7567
7569
7571
7574
7576
7578
7581
7583
7585
7588
7590
7592
7595
7597
7600
7602
7604
7606
7609
7611
7613
7615
7618
7620
7622
7625
7627
7629
7631
7634
7636
7638
7640
7643
7645
7647
7650
7652
7654
7656
7659
7661
7663
7665
7668
7670
7672
7675
7677
7679
7681
7684
7686
7688
7690
7693
7695
7697
7700
7703
7707
7710
7714
7717
7721
7724
7728
7731
7735
7739
7742
7746
7749
7753
7756
7760
7763
7767
7770
7774
7778
7781
7785
7788
7792
7795
7799
7802
7806
7810
7812
7814
7816
7819
7821
7823
7826
7828
7830
7833
7835
7837
7840
7842
7844
7847
7849
7851
7854
7856
7858
7861
7863
7865
7868
7870
7872
7875
7877
7879
7882
7884
7886
7889
7891
7893
7896
7898
7900
7903
7905
7907
7910
7911
7913
7915
7916
7918
7920
7921
7923
7925
7926
7928
7930
7931
7933
7935
7936
7938
7940
7941
7943
7945
7946
7948
7950
7951
7953
7955
7956
7958
7960
7961
7963
7965
7966
7968
7970
7971
7973
7975
7976
7978
7979
7981
7983
7984
7986
7988
7989
7991
7993
7995
7996
7998
8000
8001
8003
8004
8006
8008
8010
8011
8013
8014
8016
8018
8020
8022
8024
8026
8028
8030
8032
8034
8036
8038
8040
8042
8044
8046
8049
8051
8053
8055
8057
8059
8061
8063
8065
8067
8069
8071
8073
8076
8078
8080
8082
8084
8086
8088
8090
8092
8094
8096
8098
8100
8103
8105
8107
8109
8111
8113
8115
8117
8119
8121
8123
8125
8127
8130
8133
8137
8141
8145
8148
8152
8156
8160
8164
8167
8171
8175
8179
8183
8186
8190
8194
8198
8202
8205
8209
8213
8217
8221
8224
8228
8232
8236
8240
8241
8243
8245
8247
8249
8251
8252
8254
8256
8258
8260
8262
8263
8265
8267
8269
8271
8273
8274
8276
8278
8280
8282
8284
8285
8287
8289
8291
8293
8295
8296
8298
8300
8302
8304
8306
8307
8309
8311
8313
8315
8317
8318
8320
8322
8324
8326
8328
8329
8331
8333
8335
8337
8339
8340
8342
8344
8346
8348
8350
8351
8353
8355
8357
8358
8360
8362
8364
8365
8367
8369
8371
8372
8374
8376
8378
8379
8381
8383
8385
8386
8388
8390
8392
8393
8395
8397
8399
8400
8402
8404
8406
8407
8409
8411
8413
8414
8416
8418
8420
8421
8423
8425
8427
8428
8430
8432
8434
8435
8437
8439
8441
8442
8444
8446
8448
8450
8453
8457
8460
8464
8468
8472
8475
8479
8483
8486
8490
8494
8497
8501
8504
8508
8512
8516
8519
8523
8527
8530
8534
8538
8541
8545
8549
8552
8556
8560
8563
8567
8571
8575
8579
8583
8586
8590
8594
8598
8602
8606
8610
8613
8617
8621
8625
8629
8633
8636
8640
8644
8648
8652
8656
8660
8662
8664
8666
8668
8670
8672
8674
8676
8678
8680
8682
8684
8686
8688
8690
8692
8694
8696
8698
8700
8702
8704
8706
8708
8710
8712
8715
8717
8719
8721
8723
8725
8727
8729
8731
8733
8735
8737
8739
8741
8743
8745
8747
8749
8751
8753
8755
8757
8759
8761
8763
8765
8767
8770
8772
8774
8776
8778
8780
8782
8784
8786
8789
8791
8793
8795
8797
8799
8801
8803
8805
8808
8810
8812
8814
8816
8818
8820
8822
8825
8827
8829
8831
8833
8835
8837
8839
8841
8844
8846
8848
8850
8852
8854
8856
8858
8860
8863
8865
8867
8869
8871
8873
8875
8877
8880
8882
8884
8887
8889
8891
8894
8896
8898
8901
8903
8905
8908
8910
8912
8915
8917
8919
8922
8924
8926
8929
8931
8933
8936
8938
8940
8943
8945
8947
8950
8952
8954
8957
8959
8961
8964
8966
8968
8971
8973
8975
8978
8980
8982
8985
8987
8990
8991
8993
8995
8997
8998
9000
9002
9004
9005
9007
9009
9011
9013
9014
9016
9018
9020
9021
9023
9025
9027
9029
9030
9032
9034
9036
9037
9039
9041
9043
9045
9046
9048
9050
9052
9053
9055
9057
9059
9060
9062
9064
9066
9068
9069
9071
9073
9075
9076
9078
9080
9082
9084
9085
9087
9089
9091
9092
9094
9096
9098
9100
9101
9103
9105
9107
9109
9111
9113
9114
9116
9118
9120
9122
9124
9126
9127
9129
9131
9133
9135
9137
9139
9141
9142
9144
9146
9148
9150
9152
9154
9155
9157
9159
9161
9163
9165
9167
9168
9170
9172
9174
9176
9178
9180
9182
9183
9185
9187
9189
9191
9193
9195
9196
9198
9200
9202
9204
9206
9208
9210
9211
9213
9215
9217
9219
9221
9223
9225
9227
9229
9231
9233
9235
9237
9239
9241
9243
9245
9247
9249
9251
9253
9255
9257
9259
9261
9263
9265
9266
9268
9270
9272
9274
9276
9278
9280
9282
9284
9286
9288
9290
9292
9294
9296
9298
9300
9302
9304
9306
9308
9310
9312
9314
9316
9318
9320
9322
9324
9327
9329
9332
9334
9337
9339
9341
9344
9346
9349
9351
9354
9356
9359
9361
9363
9366
9368
9371
9373
9376
9378
9380
9383
9385
9388
9390
9393
9395
9398
9400
9402
9405
9407
9410
9412
9415
9417
9420
9421
9423
9424
9426
9428
9429
9431
9433
9434
9436
9438
9439
9441
9442
9444
9446
9447
9449
9451
9452
9454
9456
9457
9459
9461
9462
9464
9465
9467
9469
9470
9472
9474
9475
9477
9479
9480
9482
9484
9485
9487
9488
9490
9492
9493
9495
9497
9498
9500
9502
9503
9505
9507
9508
9510
9511
9513
9515
9516
9518
9520
9521
9523
9525
9526
9528
9530
9532
9534
9536
9538
9540
9542
9544
9546
9549
9551
9553
9555
9557
9559
9561
9563
9565
9568
9570
9572
9574
9576
9578
9580
9582
9585
9587
9589
9591
9593
9595
9597
9599
9601
9604
9606
9608
9610
9612
9614
9616
9618
9620
9623
9625
9627
9629
9631
9633
9635
9637
9640
9642
9644
9646
9648
9650
9652
9655
9657
9659
9661
9663
9665
9668
9670
9672
9674
9676
9678
9680
9683
9685
9687
9689
9691
9693
9696
9698
9700
9702
9704
9706
9709
9711
9713
9715
9717
9719
9721
9724
9726
9728
9730
9732
9734
9737
9739
9741
9743
9745
9747
9750
9752
9754
9756
9758
9760
9762
9764
9766
9769
9771
9773
9775
9777
9779
9781
9783
9785
9788
9790
9792
9794
9796
9798
9800
9802
9805
9807
9809
9811
9813
9815
9817
9819
9821
9824
9826
9828
9830
9832
9834
9836
9838
9840
9843
9845
9847
9849
9851
9853
9855
9857
9860
9861
9863
9865
9866
9868
9870
9872
9873
9875
9877
9878
9880
9882
9884
9885
9887
9889
9891
9892
9894
9896
9897
9899
9901
9903
9904
9906
9908
9910
9911
9913
9915
9916
9918
9920
9922
9923
9925
9927
9928
9930
9932
9934
9935
9937
9939
9941
9942
9944
9946
9947
9949
9951
9953
9954
9956
9958
9960
9962
9964
9966
9968
9970
9972
9974
9976
9978
9980
9982
9984
9986
9988
9990
9992
9994
9996
9998
10000
10002
10004
10006
10008
10010
10012
10015
10017
10019
10021
10023
10025
10027
10029
10031
10033
10035
10037
10039
10041
10043
10045
10047
10049
10051
10053
10055
10057
10059
10061
10063
10065
10067
10070
10071
10073
10075
10077
10079
10081
10082
10084
10086
10088
10090
10092
10094
10095
10097
10099
10101
10103
10105
10107
10108
10110
10112
10114
10116
10118
10120
10121
10123
10125
10127
10129
10131
10132
10134
10136
10138
10140
10142
10144
10145
10147
10149
10151
10153
10155
10157
10158
10160
10162
10164
10166
10168
10170
10172
10174
10176
10178
10181
10183
10185
10187
10190
10192
10194
10196
10198
10201
10203
10205
10207
10209
10212
10214
10216
10218
10221
10223
10225
10227
10230
10232
10234
10236
10238
10241
10243
10245
10247
10250
10252
10254
10256
10258
10261
10263
10265
10267
10270
10272
10274
10276
10278
10281
10283
10285
10287
10290
10292
10294
10296
10298
10301
10303
10305
10307
10309
10312
10314
10316
10318
10321
10323
10325
10327
10330
10332
10334
10336
10338
10341
10343
10345
10347
10350
10352
10354
10356
10358
10361
10363
10365
10367
10370
10372
10374
10376
10378
10381
10383
10385
10387
10390
10393
10396
10399
10402
10405
10408
10411
10414
10417
10420
10423
10426
10429
10432
10435
10438
10441
10445
10448
10451
10454
10457
10460
10463
10466
10469
10472
10475
10478
10481
10484
10487
10490
10493
10496
10500
10502
10505
10508
10511
10514
10517
10520
10523
10526
10529
10532
10535
10538
10541
10544
10547
10550
10553
10556
10559
10562
10565
10568
10571
10574
10577
10580
10583
10586
10589
10592
10595
10598
10601
10604
10607
10610
10612
10613
10616
10618
10620
10622
10623
10626
10628
10629
10632
10634
10636
10638
10640
10642
10644
10646
10648
10650
10652
10654
10656
10658
10660
10662
10664
10666
10668
10670
10672
10674
10676
10678
10680
10682
10684
10686
10688
10690
10692
10694
10696
10698
10700
10702
10704
10706
10708
10710
10712
10714
10716
10718
10720
10722
10724
10726
10729
10731
10733
10735
10737
10739
10741
10743
10745
10748
10750
10752
10754
10756
10758
10760
10762
10765
10767
10769
10771
10773
10775
10777
10779
10781
10784
10786
10788
10790
10792
10794
10796
10798
10800
10803
10805
10807
10809
10811
10813
10815
10817
10820
10821
10823
10825
10827
10829
10830
10832
10834
10836
10838
10840
10841
10843
10845
10847
10849
10850
10852
10854
10856
10858
10860
10861
10863
10865
10867
10869
10870
10872
10874
10876
10878
10880
10881
10883
10885
10887
10889
10890
10892
10894
10896
10898
10900
10901
10903
10905
10907
10909
10910
10912
10914
10916
10918
10920
10922
10924
10926
10928
10930
10932
10934
10936
10939
10941
10943
10945
10947
10949
10951
10953
10955
10958
10960
10962
10964
10966
10968
10970
10972
10975
10977
10979
10981
10983
10985
10987
10989
10991
10994
10996
10998
11000
11002
11004
11006
11008
11010
11013
11015
11017
11019
11021
11023
11025
11027
11030
11032
11035
11037
11040
11042
11045
11047
11049
11052
11055
11057
11060
11062
11065
11067
11070
11072
11075
11077
11080
11082
11085
11087
11090
11092
11095
11097
11100
11102
11105
11107
11110
11112
11115
11117
11120
11122
11125
11127
11130
11132
11135
11138
11141
11144
11147
11150
11153
11156
11158
11161
11164
11167
11170
11173
11176
11179
11182
11185
11187
11190
11193
11196
11199
11202
11205
11208
11211
11213
11216
11219
11222
11225
11228
11231
11234
11237
11240
11242
11245
11247
11250
11252
11255
11257
11260
11262
11265
11267
11270
11272
11275
11277
11280
11282
11285
11287
11290
11292
11295
11297
11300
11302
11305
11307
11310
11312
11315
11317
11320
11322
11325
11327
11330
11332
11334
11337
11340
11342
11344
11347
11350
11352
11355
11358
11361
11363
11366
11369
11372
11375
11377
11380
11383
11386
11388
11391
11394
11397
11399
11402
11405
11408
11411
11413
11416
11419
11422
11424
11427
11430
11433
11436
11438
11441
11444
11447
11450
11452
11453
11456
11458
11459
11462
11463
11466
11468
11469
11472
11474
11476
11478
11480
11482
11484
11485
11488
11490
11492
11494
11496
11498
11500
11502
11504
11506
11508
11510
11512
11514
11516
11518
11520
11522
11524
11526
11528
11530
11532
11534
11536
11538
11540
11542
11544
11546
11548
11550
11552
11554
11556
11558
11560
11562
11564
11566
11568
11570
11572
11574
11576
11578
11580
11582
11584
11586
11588
11590
11592
11594
11596
11598
11600
11602
11604
11606
11608
11611
11613
11615
11617
11619
11621
11623
11625
11627
11629
11631
11633
11635
11637
11639
11641
11643
11645
11647
11649
11651
11653
11655
11657
11660
11662
11664
11666
11668
11670
11672
11674
11676
11679
11681
11683
11685
11687
11689
11691
11693
11695
11698
11700
11702
11704
11706
11708
11710
11712
11715
11717
11719
11721
11723
11725
11727
11729
11731
11734
11736
11738
11740
11742
11744
11746
11748
11750
11753
11755
11757
11759
11761
11763
11765
11767
11770
11772
11774
11776
11778
11780
11782
11785
11787
11789
11791
11793
11795
11798
11800
11802
11804
11806
11808
11810
11813
11815
11817
11819
11821
11823
11826
11828
11830
11832
11834
11836
11839
11841
11843
11845
11847
11849
11851
11854
11856
11858
11860
11862
11864
11867
11869
11871
11873
11875
11877
11880
11882
11884
11886
11888
11890
11892
11894
11896
11898
11900
11902
11904
11906
11908
11910
11912
11914
11916
11918
11920
11922
11924
11926
11928
11930
11932
11935
11937
11939
11941
11943
11945
11947
11949
11951
11953
11955
11957
11959
11961
11963
11965
11967
11969
11971
11973
11975
11977
11979
11981
11983
11985
11987
11990
11991
11993
11995
11997
11998
12000
12002
12004
12005
12007
12009
12011
12013
12014
12016
12018
12020
12021
12023
12025
12027
12029
12030
12032
12034
12036
12037
12039
12041
12043
12045
12046
12048
12050
12052
12053
12055
12057
12059
12060
12062
12064
12066
12068
12069
12071
12073
12075
12076
12078
12080
12082
12084
12085
12087
12089
12091
12092
12094
12096
12098
12100
12102
12105
12108
12111
12114
12117
12120
12122
12125
12128
12131
12134
12137
12139
12142
12145
12148
12151
12154
12157
12160
12162
12165
12168
12171
12174
12177
12180
12182
12185
12188
12191
12194
12197
12200
12203
12206
12209
12212
12216
12219
12222
12225
12229
12232
12235
12238
12242
12245
12248
12251
12254
12258
12261
12264
12267
12271
12274
12277
12280
12284
12287
12290
12293
12297
12300
12303
12306
12310
12316
12322
12328
12335
12341
12347
12353
12360
12366
12372
12378
12385
12391
12397
12403
12410
12417
12424
12432
12439
12446
12454
12461
12468
12476
12483
12490
12498
12505
12512
12520
12524
12529
12534
12539
12543
12548
12553
12558
12563
12567
12572
12577
12582
12586
12591
12596
12601
12606
12610
12615
12620
12625
12630
12633
12637
12640
12644
12647
12651
12654
12658
12661
12665
12669
12672
12676
12679
12683
12686
12690
12693
12697
12700
12704
12708
12711
12715
12718
12722
12725
12729
12732
12736
12740
12742
12744
12747
12749
12751
12754
12756
12758
12761
12763
12765
12768
12770
12772
12775
12777
12779
12782
12784
12786
12789
12791
12793
12796
12798
12800
12803
12805
12807
12810
12812
12814
12817
12819
12821
12824
12826
12828
12831
12833
12835
12838
12840
12842
12845
12847
12850
12852
12854
12857
12859
12861
12864
12866
12869
12871
12873
12876
12878
12880
12883
12885
12888
12890
12892
12895
12897
12899
12902
12904
12907
12909
12911
12914
12916
12919
12921
12923
12926
12928
12930
12933
12935
12938
12940
12942
12945
12947
12950
12951
12953
12955
12957
12959
12960
12962
12964
12966
12968
12970
12972
12973
12975
12977
12979
12981
12983
12984
12986
12988
12990
12992
12994
12995
12997
12999
13001
13003
13004
13006
13008
13010
13012
13014
13016
13017
13019
13021
13023
13025
13027
13028
13030
13032
13034
13036
13038
13039
13041
13043
13045
13047
13049
13050
13052
13054
13056
13058
13060
13062
13065
13067
13070
13073
13075
13078
13081
13083
13086
13088
13091
13094
13096
13099
13102
13104
13107
13110
13112
13115
13117
13120
13123
13125
13128
13131
13133
13136
13138
13141
13144
13146
13149
13152
13154
13157
13160
13161
13163
13165
13167
13169
13171
13172
13174
13176
13178
13180
13182
13183
13185
13187
13189
13191
13193
13194
13196
13198
13200
13202
13204
13205
13207
13209
13211
13213
13215
13216
13218
13220
13222
13224
13226
13227
13229
13231
13233
13235
13237
13238
13240
13242
13244
13246
13248
13249
13251
13253
13255
13257
13259
13260
13262
13264
13266
13268
13270
13271
13273
13275
13277
13279
13281
13283
13284
13286
13288
13290
13292
13294
13296
13297
13299
13301
13303
13305
13307
13309
13311
13312
13314
13316
13318
13320
13322
13324
13325
13327
13329
13331
13333
13335
13337
13338
13340
13342
13344
13346
13348
13350
13352
13353
13355
13357
13359
13361
13363
13365
13366
13368
13370
13372
13374
13376
13378
13380
13381
13383
13385
13387
13388
13390
13392
13394
13395
13397
13399
13401
13403
13404
13406
13408
13410
13411
13413
13415
13417
13419
13420
13422
13424
13426
13427
13429
13431
13433
13435
13436
13438
13440
13442
13443
13445
13447
13449
13450
13452
13454
13456
13458
13459
13461
13463
13465
13466
13468
13470
13472
13474
13475
13477
13479
13481
13482
13484
13486
13488
13490
13492
13494
13496
13498
13500
13502
13504
13506
13509
13511
13513
13515
13517
13519
13521
13523
13525
13528
13530
13532
13534
13536
13538
13540
13542
13545
13547
13549
13551
13553
13555
13557
13559
13561
13564
13566
13568
13570
13572
13574
13576
13578
13580
13583
13585
13587
13589
13591
13593
13595
13597
13600
13602
13604
13606
13608
13610
13612
13614
13617
13619
13621
13623
13625
13627
13629
13631
13634
13636
13638
13640
13642
13644
13646
13648
13651
13653
13655
13657
13659
13661
13663
13665
13668
13670
13672
13674
13676
13678
13680
13682
13685
13687
13689
13691
13693
13695
13697
13700
13702
13705
13707
13709
13712
13715
13717
13719
13722
13725
13727
13730
13732
13735
13737
13740
13742
13745
13747
13750
13752
13754
13757
13760
13762
13765
13767
13770
13772
13775
13777
13780
13782
13785
13787
13790
13792
13795
13797
13800
13802
13805
13807
13810
13812
13814
13816
13818
13820
13822
13824
13826
13828
13830
13832
13834
13836
13838
13840
13842
13844
13846
13848
13850
13852
13854
13856
13858
13861
13863
13865
13867
13869
13871
13873
13875
13877
13879
13881
13883
13885
13887
13889
13891
13893
13895
13897
13899
13901
13903
13905
13907
13910
13912
13915
13917
13920
13922
13925
13927
13930
13933
13935
13938
13940
13943
13945
13948
13950
13953
13956
13958
13961
13963
13966
13968
13971
13973
13976
13979
13981
13984
13986
13989
13991
13994
13996
13999
14002
14004
14007
14009
14012
14014
14017
14020
14022
14025
14028
14030
14033
14036
14039
14041
14044
14047
14050
14052
14055
14058
14060
14063
14066
14069
14071
14074
14077
14080
14082
14085
14088
14090
14093
14096
14099
14101
14104
14107
14110
14112
14115
14118
14120
14123
14126
14129
14131
14134
14137
14140
14141
14143
14145
14147
14149
14151
14152
14154
14156
14158
14160
14162
14163
14165
14167
14169
14171
14173
14174
14176
14178
14180
14182
14184
14185
14187
14189
14191
14193
14195
14196
14198
14200
14202
14204
14206
14207
14209
14211
14213
14215
14217
14218
14220
14222
14224
14226
14228
14229
14231
14233
14235
14237
14239
14240
14242
14244
14246
14248
14250
14252
14254
14256
14258
14260
14262
14265
14267
14269
14271
14273
14275
14278
14280
14282
14284
14286
14288
14290
14293
14295
14297
14299
14301
14303
14306
14308
14310
14312
14314
14316
14319
14321
14323
14325
14327
14329
14331
14334
14336
14338
14340
14342
14344
14347
14349
14351
14353
14355
14357
14360
14362
14365
14368
14371
14374
14377
14379
14382
14385
14388
14391
14394
14397
14400
14402
14405
14408
14411
14414
14417
14420
14422
14425
14428
14431
14434
14437
14440
14442
14445
14448
14451
14454
14457
14460
14461
14463
14465
14467
14469
14471
14472
14474
14476
14478
14480
14482
14483
14485
14487
14489
14491
14493
14494
14496
14498
14500
14502
14504
14505
14507
14509
14511
14513
14515
14516
14518
14520
14522
14524
14526
14527
14529
14531
14533
14535
14537
14538
14540
14542
14544
14546
14548
14549
14551
14553
14555
14557
14559
14560
14562
14564
14566
14568
14570
14571
14573
14575
14576
14578
14580
14581
14583
14585
14586
14588
14590
14592
14593
14595
14597
14598
14600
14602
14603
14605
14607
14608
14610
14612
14614
14615
14617
14619
14620
14622
14624
14625
14627
14629
14631
14632
14634
14636
14637
14639
14641
14642
14644
14646
14647
14649
14651
14653
14654
14656
14658
14659
14661
14663
14664
14666
14668
14670
14671
14673
14674
14676
14678
14679
14681
14683
14684
14686
14688
14689
14691
14692
14694
14696
14697
14699
14701
14702
14704
14706
14707
14709
14711
14712
14714
14715
14717
14719
14720
14722
14724
14725
14727
14729
14730
14732
14734
14735
14737
14738
14740
14742
14743
14745
14747
14748
14750
14752
14753
14755
14757
14758
14760
14761
14763
14765
14766
14768
14770
14771
14773
14775
14776
14778
14780
14781
14783
14785
14787
14789
14791
14792
14794
14796
14798
14800
14802
14804
14805
14807
14809
14811
14813
14815
14817
14818
14820
14822
14824
14826
14828
14830
14831
14833
14835
14837
14839
14841
14842
14844
14846
14848
14850
14852
14854
14855
14857
14859
14861
14863
14865
14867
14868
14870
14872
14874
14876
14878
14880
14882
14884
14887
14889
14891
14894
14896
14899
14901
14903
14906
14908
14911
14913
14915
14918
14920
14923
14925
14927
14930
14932
14935
14937
14939
14942
14944
14946
14949
14951
14954
14956
14958
14961
14963
14966
14968
14970
14973
14975
14978
14980
14982
14985
14987
14990
14991
14993
14995
14997
14999
15001
15003
15005
15007
15009
15011
15013
15015
15017
15019
15021
15023
15025
15027
15029
15031
15033
15035
15037
15039
15041
15043
15045
15046
15048
15050
15052
15054
15056
15058
15060
15062
15064
15066
15068
15070
15072
15074
15076
15078
15080
15082
15084
15086
15088
15090
15092
15094
15096
15098
15100
15101
15103
15104
15106
15107
15109
15111
15112
15114
15115
15117
15119
15120
15122
15123
15125
15126
15128
15130
15131
15133
15134
15136
15138
15139
15141
15142
15144
15146
15147
15149
15150
15152
15153
15155
15157
15158
15160
15161
15163
15165
15166
15168
15169
15171
15173
15174
15176
15177
15179
15180
15182
15184
15185
15187
15188
15190
15192
15193
15195
15196
15198
15200
15202
15203
15206
15208
15209
15212
15213
15216
15218
15219
15222
15224
15226
15228
15230
15232
15234
15235
15238
15240
15242
15244
15246
15248
15250
15252
15254
15256
15258
15260
15262
15264
15266
15268
15270
15272
15274
15276
15278
15280
15282
15284
15286
15288
15290
15292
15294
15296
15298
15300
15302
15304
15306
15308
15310
15311
15313
15315
15317
15318
15320
15322
15324
15326
15327
15329
15331
15333
15335
15336
15338
15340
15342
15343
15345
15347
15349
15351
15352
15354
15356
15358
15360
15361
15363
15365
15367
15368
15370
15372
15374
15376
15377
15379
15381
15383
15385
15386
15388
15390
15392
15393
15395
15397
15399
15401
15402
15404
15406
15408
15410
15412
15414
15416
15418
15420
15422
15425
15427
15429
15431
15433
15435
15438
15440
15442
15444
15446
15448
15450
15453
15455
15457
15459
15461
15463
15466
15468
15470
15472
15474
15476
15479
15481
15483
15485
15487
15489
15491
15494
15496
15498
15500
15502
15504
15507
15509
15511
15513
15515
15517
15520
15522
15524
15526
15528
15530
15532
15533
15536
15538
15540
15542
15544
15546
15548
15550
15552
15554
15556
15558
15560
15562
15564
15566
15568
15570
15572
15574
15576
15578
15580
15582
15584
15586
15588
15590
15592
15594
15596
15598
15600
15602
15604
15606
15608
15610
15612
15614
15616
15618
15620
15622
15624
15626
15628
15630
15632
15634
15636
15638
15640
15642
15644
15647
15649
15651
15654
15656
15658
15661
15663
15665
15668
15670
15672
15675
15677
15679
15682
15684
15686
15689
15691
15693
15696
15698
15700
15703
15705
15707
15710
15712
15714
15717
15719
15721
15724
15726
15728
15731
15733
15735
15738
15740
15742
15745
15747
15750
15752
15754
15756
15758
15760
15762
15764
15766
15768
15770
15772
15774
15776
15779
15781
15783
15785
15787
15789
15791
15793
15795
15797
15799
15801
15803
15806
15808
15810
15812
15814
15816
15818
15820
15822
15824
15826
15828
15830
15833
15835
15837
15839
15841
15843
15845
15847
15849
15851
15853
15855
15857
15860
15862
15865
15867
15870
15872
15875
15877
15880
15883
15885
15888
15890
15893
15895
15898
15901
15903
15906
15908
15911
15913
15916
15918
15921
15924
15926
15929
15931
15934
15936
15939
15942
15944
15947
15949
15952
15954
15957
15960
15962
15965
15968
15971
15973
15976
15979
15982
15985
15987
15990
15993
15996
15999
16001
16004
16007
16010
16013
16015
16018
16021
16024
16026
16029
16032
16035
16038
16040
16043
16046
16049
16052
16054
16057
16060
16063
16066
16068
16071
16074
16077
16079
16084
16088
16093
16097
16101
16106
16110
16114
16119
16123
16127
16132
16136
16140
16145
16149
16153
16158
16162
16166
16171
16175
16180
16183
16187
16190
16194
16198
16201
16205
16209
16212
16216
16219
16223
16227
16230
16234
16238
16241
16245
16249
16252
16256
16260
16263
16267
16270
16274
16278
16281
16285
16289
16292
16296
16300
16303
16306
16310
16313
16316
16320
16323
16326
16329
16333
16336
16340
16343
16346
16350
16353
16356
16360
16363
16366
16369
16373
16376
16379
16383
16386
16390
16393
16396
16400
16404
16409
16413
16418
16422
16427
16432
16436
16441
16445
16450
16455
16459
16464
16468
16473
16477
16482
16487
16491
16496
16500
16505
16510
16513
16516
16520
16523
16526
16530
16533
16536
16540
16543
16546
16550
16553
16556
16560
16563
16566
16570
16573
16576
16580
16583
16586
16590
16593
16596
16600
16603
16606
16610
16613
16616
16620
16623
16626
16630
16633
16636
16640
16643
16646
16650
16653
16656
16660
16663
16666
16670
16673
16676
16680
16683
16686
16689
16693
16696
16700
16703
16706
16710
16713
16716
16720
16723
16726
16729
16732
16736
16739
16742
16745
16749
16752
16755
16758
16762
16765
16768
16771
16775
16778
16781
16784
16787
16791
16794
16797
16800
16804
16807
16810
16813
16817
16820
16823
16826
16830
16831
16834
16836
16837
16840
16842
16843
16846
16848
16849
16852
16854
16855
16857
16860
16862
16863
16866
16868
16869
16872
16874
16875
16878
16880
16881
16884
16886
16887
16890
16892
16894
16896
16898
16900
16902
16904
16906
16907
16910
16912
16913
16916
16918
16919
16922
16924
16926
16928
16930
16931
16933
16935
16937
16938
16940
16942
16944
16945
16947
16949
16951
16953
16954
16956
16958
16960
16961
16963
16965
16967
16969
16970
16972
16974
16976
16977
16979
16981
16983
16985
16986
16988
16990
16992
16993
16995
16997
16999
17000
17002
17004
17006
17008
17009
17011
17013
17015
17016
17018
17020
17022
17024
17025
17027
17029
17031
17032
17034
17036
17038
17040
17041
17043
17045
17047
17049
17051
17053
17055
17056
17058
17060
17062
17064
17066
17068
17070
17072
17073
17075
17077
17079
17081
17083
17085
17087
17089
17090
17092
17094
17096
17098
17100
17102
17104
17106
17107
17109
17111
17113
17115
17117
17119
17121
17123
17124
17126
17128
17130
17132
17134
17136
17138
17140
17142
17144
17146
17148
17150
17152
17154
17156
17158
17160
17162
17164
17166
17168
17170
17172
17174
17176
17178
17180
17182
17184
17186
17188
17190
17192
17194
17196
17198
17200
17202
17204
17206
17208
17210
17212
17214
17216
17218
17220
17222
17224
17226
17228
17230
17232
17234
17236
17238
17240
17242
17244
17246
17248
17250
17251
17253
17255
17257
17259
17261
17263
17265
17267
17269
17271
17273
17275
17277
17279
17281
17283
17285
17287
17289
17291
17293
17295
17297
17299
17301
17303
17305
17307
17309
17310
17312
17314
17316
17318
17320
17322
17324
17326
17328
17330
17332
17334
17336
17338
17340
17342
17344
17346
17348
17350
17352
17354
17356
17358
17360
17362
17364
17366
17368
17370
17372
17374
17376
17378
17381
17383
17385
17387
17390
17392
17394
17396
17398
17401
17403
17405
17407
17410
17412
17414
17416
17418
17421
17423
17425
17427
17430
17432
17434
17436
17438
17441
17443
17445
17447
17450
17452
17454
17456
17458
17461
17463
17465
17467
17470
17471
17473
17475
17477
17478
17480
17482
17484
17485
17487
17489
17491
17493
17494
17496
17498
17500
17501
17503
17505
17507
17509
17510
17512
17514
17516
17517
17519
17521
17523
17525
17526
17528
17530
17532
17533
17535
17537
17539
17540
17542
17544
17546
17548
17549
17551
17553
17555
17556
17558
17560
17562
17564
17565
17567
17569
17571
17572
17574
17576
17578
17580
17581
17583
17584
17586
17588
17590
17591
17593
17595
17596
17598
17599
17601
17603
17604
17606
17608
17610
17611
17613
17615
17616
17618
17619
17621
17623
17625
17626
17628
17630
17631
17633
17634
17636
17638
17640
17641
17643
17645
17646
17648
17650
17651
17653
17655
17656
17658
17660
17661
17663
17665
17666
17668
17669
17671
17673
17675
17676
17678
17680
17682
17684
17687
17689
17692
17694
17697
17699
17702
17704
17706
17709
17711
17714
17716
17719
17721
17724
17726
17728
17731
17733
17736
17738
17741
17743
17746
17748
17750
17753
17755
17758
17760
17763
17765
17768
17770
17772
17775
17777
17780
17782
17785
17787
17790
17793
17797
17801
17805
17808
17812
17816
17820
17824
17827
17831
17835
17839
17843
17846
17850
17854
17858
17862
17865
17869
17873
17877
17881
17884
17888
17892
17896
17900
17904
17908
17912
17916
17920
17924
17928
17932
17936
17940
17944
17948
17952
17957
17961
17965
17969
17973
17977
17981
17985
17989
17993
17997
18001
18005
18010
18013
18016
18020
18023
18027
18030
18034
18037
18040
18044
18047
18051
18054
18058
18061
18065
18068
18071
18075
18078
18082
18085
18089
18092
18095
18099
18102
18106
18109
18113
18116
18120
18123
18126
18129
18132
18135
18138
18141
18144
18147
18150
18153
18156
18159
18162
18165
18168
18171
18174
18177
18180
18183
18186
18189
18192
18195
18198
18201
18204
18207
18210
18213
18216
18220
18223
18226
18229
18232
18235
18238
18241
18244
18247
18250
18253
18256
18259
18262
18265
18268
18271
18275
18278
18281
18284
18287
18290
18293
18296
18299
18302
18305
18308
18311
18314
18317
18320
18323
18326
18330
18332
18334
18336
18338
18340
18342
18344
18346
18348
18350
18352
18354
18356
18358
18360
18362
18364
18366
18368
18370
18372
18374
18376
18378
18381
18383
18385
18387
18389
18391
18393
18395
18397
18399
18401
18403
18405
18407
18409
18411
18413
18415
18417
18419
18421
18423
18425
18427
18430
18432
18434
18437
18439
18442
18444
18447
18449
18452
18454
18456
18459
18461
18464
18466
18469
18471
18474
18476
18478
18481
18483
18486
18488
18491
18493
18496
18498
18501
18503
18505
18508
18510
18513
18515
18518
18520
18523
18525
18527
18530
18532
18535
18537
18540
18542
18545
18547
18550
18552
18555
18558
18561
18564
18567
18570
18573
18576
18579
18582
18585
18588
18591
18594
18597
18600
18602
18605
18608
18611
18614
18617
18620
18623
18626
18629
18632
18635
18638
18641
18644
18647
18650
18651
18653
18655
18657
18659
18661
18663
18665
18667
18669
18671
18673
18675
18677
18678
18680
18682
18684
18686
18688
18690
18692
18694
18696
18698
18700
18702
18704
18705
18707
18709
18711
18713
18715
18717
18719
18721
18723
18725
18727
18729
18731
18732
18734
18736
18738
18740
18742
18744
18746
18748
18750
18752
18754
18756
18758
18760
18762
18765
18768
18771
18774
18777
18780
18783
18786
18788
18791
18794
18797
18800
18803
18806
18809
18812
18815
18817
18820
18823
18826
18829
18832
18835
18838
18841
18843
18846
18849
18852
18855
18858
18861
18864
18867
18870
18875
18880
18885
18890
18896
18901
18906
18911
18917
18922
18927
18932
18938
18943
18948
18953
18959
18964
18969
18974
18980
18983
18986
18989
18992
18995
18998
19001
19004
19007
19010
19013
19016
19019
19022
19025
19028
19031
19035
19038
19041
19044
19047
19050
19053
19056
19059
19062
19065
19068
19071
19074
19077
19080
19083
19086
19090
19092
19094
19096
19098
19101
19103
19105
19107
19110
19112
19114
19116
19118
19121
19123
19125
19127
19130
19132
19134
19136
19138
19141
19143
19145
19147
19150
19152
19154
19156
19158
19161
19163
19165
19167
19170
19172
19174
19176
19178
19181
19183
19185
19187
19190
19191
19193
19195
19196
19198
19200
19202
19203
19205
19207
19209
19210
19212
19214
19216
19217
19219
19221
19223
19224
19226
19228
19230
19231
19233
19235
19237
19238
19240
19242
19244
19245
19247
19249
19251
19252
19254
19256
19258
19259
19261
19263
19265
19266
19268
19270
19272
19273
19275
19277
19279
19280
19282
19284
19286
19287
19289
19291
19293
19294
19296
19298
19300
19301
19303
19305
19307
19309
19310
19312
19314
19316
19318
19320
19321
19323
19325
19327
19329
19330
19332
19334
19336
19338
19340
19341
19343
19345
19347
19349
19350
19352
19354
19356
19358
19360
19361
19363
19365
19367
19369
19370
19372
19374
19376
19378
19380
19381
19383
19385
19387
19389
19390
19392
19394
19396
19398
19400
19401
19403
19405
19407
19409
19411
19413
19415
19417
19419
19421
19423
19425
19427
19429
19431
19433
19435
19437
19439
19441
19443
19445
19447
19449
19451
19453
19455
19456
19458
19460
19462
19464
19466
19468
19470
19472
19474
19476
19478
19480
19482
19484
19486
19488
19490
19492
19494
19496
19498
19500
19502
19504
19506
19508
19510
19511
19512
19514
19515
19517
19518
19520
19521
19523
19524
19526
19527
19529
19530
19532
19533
19535
19536
19538
19539
19541
19542
19544
19545
19547
19548
19550
19551
19553
19554
19556
19557
19559
19560
19562
19563
19565
19566
19567
19569
19570
19572
19573
19575
19576
19578
19579
19581
19582
19584
19585
19587
19588
19590
19591
19593
19594
19596
19597
19599
19600
19602
19603
19605
19606
19608
19609
19611
19612
19614
19615
19617
19618
19620
19622
19624
19626
19628
19630
19633
19635
19637
19639
19641
19643
19646
19648
19650
19652
19654
19656
19659
19661
19663
19665
19667
19670
19672
19674
19676
19678
19680
19683
19685
19687
19689
19691
19693
19696
19698
19700
19702
19704
19706
19709
19711
19713
19715
19717
19720
19722
19724
19726
19728
19730
19732
19734
19736
19738
19740
19742
19744
19746
19748
19750
19752
19754
19756
19758
19760
19762
19764
19766
19768
19770
19772
19775
19777
19779
19781
19783
19785
19787
19789
19791
19793
19795
19797
19799
19801
19803
19805
19807
19809
19811
19813
19815
19817
19819
19821
19823
19825
19827
19830
19833
19836
19840
19843
19847
19850
19854
19857
19861
19864
19867
19871
19874
19878
19881
19885
19888
19892
19895
19898
19902
19905
19909
19912
19916
19919
19923
19926
19930
19932
19934
19936
19938
19940
19942
19945
19947
19949
19951
19953
19955
19957
19960
19962
19964
19966
19968
19970
19972
19975
19977
19979
19981
19983
19985
19987
19990
19992
19994
19996
19998
20000
20002
20005
20007
20009
20011
20013
20015
20017
20020
20022
20024
20026
20028
20030
20032
20035
20037
20039
20041
20043
20045
20047
20050
20052
20054
20057
20059
20061
20064
20066
20069
20071
20073
20076
20078
20080
20083
20085
20088
20090
20092
20095
20097
20099
20102
20104
20107
20109
20111
20114
20116
20119
20121
20123
20126
20128
20130
20133
20135
20138
20140
20142
20145
20147
20150
20152
20155
20158
20161
20164
20166
20169
20172
20175
20178
20181
20183
20186
20189
20192
20195
20197
20200
20203
20206
20209
20212
20214
20217
20220
20223
20226
20228
20231
20234
20237
20240
20243
20245
20248
20251
20254
20257
20260
20262
20265
20267
20270
20272
20275
20277
20280
20282
20285
20287
20290
20292
20295
20297
20300
20302
20305
20307
20310
20312
20315
20317
20320
20322
20325
20327
20330
20332
20335
20337
20340
20342
20345
20347
20350
20352
20355
20357
20360
20362
20365
20367
20370
20372
20374
20376
20378
20380
20382
20385
20387
20389
20391
20393
20395
20398
20400
20402
20404
20406
20408
20410
20413
20415
20417
20419
20421
20423
20426
20428
20430
20432
20434
20436
20439
20441
20443
20445
20447
20449
20451
20454
20456
20458
20460
20462
20464
20467
20469
20471
20473
20475
20477
20480
20482
20484
20486
20489
20491
20493
20496
20498
20500
20502
20505
20507
20509
20512
20514
20516
20518
20521
20523
20525
20528
20530
20532
20535
20537
20539
20541
20544
20546
20548
20551
20553
20555
20557
20560
20562
20564
20567
20569
20571
20573
20576
20578
20580
20583
20585
20587
20590
20592
20594
20597
20599
20602
20604
20607
20609
20611
20614
20616
20619
20621
20624
20626
20629
20631
20633
20636
20638
20641
20643
20646
20648
20650
20653
20655
20658
20660
20663
20665
20668
20670
20672
20675
20677
20680
20682
20685
20687
20690
20693
20696
20699
20702
20705
20708
20712
20715
20718
20721
20724
20727
20730
20734
20737
20740
20743
20746
20749
20752
20756
20759
20762
20765
20768
20771
20774
20778
20781
20784
20787
20790
20793
20796
20800
20803
20806
20810
20813
20817
20820
20824
20827
20831
20834
20837
20841
20844
20848
20851
20855
20858
20862
20865
20868
20872
20875
20879
20882
20886
20889
20893
20896
20900
20901
20903
20905
20907
20909
20911
20913
20915
20917
20919
20921
20923
20925
20927
20928
20930
20932
20934
20936
20938
20940
20942
20944
20946
20948
20950
20952
20954
20955
20957
20959
20961
20963
20965
20967
20969
20971
20973
20975
20977
20979
20981
20982
20984
20986
20988
20990
20992
20994
20996
20998
21000
21002
21004
21006
21008
21010
21012
21014
21017
21019
21021
21024
21026
21028
21031
21033
21035
21038
21040
21042
21045
21047
21049
21052
21054
21056
21059
21061
21063
21066
21068
21070
21073
21075
21077
21080
21082
21084
21087
21089
21091
21094
21096
21098
21101
21103
21105
21108
21110
21112
21115
21117
21120
21123
21126
21129
21132
21135
21138
21141
21144
21147
21150
21153
21156
21159
21162
21165
21168
21171
21174
21177
21180
21183
21186
21189
21192
21195
21198
21201
21204
21207
21210
21213
21216
21220
21221
21223
21225
21227
21229
21230
21232
21234
21236
21238
21239
21241
21243
21245
21247
21248
21250
21252
21254
21256
21257
21259
21261
21263
21265
21266
21268
21270
21272
21274
21275
21277
21279
21281
21283
21284
21286
21288
21290
21292
21293
21295
21297
21299
21301
21302
21304
21306
21308
21310
21311
21313
21315
21317
21319
21320
21322
21324
21326
21328
21330
21332
21334
21337
21339
21341
21344
21346
21349
21351
21353
21356
21358
21360
21363
21365
21368
21370
21372
21375
21377
21380
21382
21384
21387
21389
21391
21394
21396
21399
21401
21403
21406
21408
21410
21413
21415
21418
21420
21422
21425
21427
21430
21432
21434
21437
21439
21441
21444
21446
21448
21451
21453
21455
21458
21460
21462
21465
21467
21469
21472
21474
21476
21479
21481
21483
21486
21488
21490
21493
21495
21497
21500
21502
21504
21507
21509
21511
21514
21516
21518
21521
21523
21525
21528
21530
21532
21535
21537
21540
21541
21543
21545
21546
21548
21550
21551
21553
21555
21556
21558
21560
21562
21563
21565
21567
21568
21570
21572
21573
21575
21577
21578
21580
21582
21584
21585
21587
21589
21590
21592
21594
21595
21597
21599
21601
21602
21604
21606
21607
21609
21611
21612
21614
21616
21617
21619
21621
21623
21624
21626
21628
21629
21631
21633
21634
21636
21638
21640
21642
21645
21647
21650
21652
21655
21657
21660
21663
21665
21668
21670
21673
21675
21678
21680
21683
21686
21688
21691
21693
21696
21698
21701
21703
21706
21709
21711
21714
21716
21719
21721
21724
21726
21729
21732
21734
21737
21739
21742
21744
21747
21750
21752
21754
21756
21758
21761
21763
21765
21767
21770
21772
21774
21776
21779
21781
21783
21785
21788
21790
21792
21794
21797
21799
21801
21803
21806
21808
21810
21812
21815
21817
21819
21821
21824
21826
21828
21830
21833
21835
21837
21839
21842
21844
21846
21848
21851
21853
21855
21857
21860
21862
21864
21867
21869
21871
21874
21876
21879
21881
21883
21886
21888
21890
21893
21895
21898
21900
21902
21905
21907
21910
21912
21914
21917
21919
21921
21924
21926
21929
21931
21933
21936
21938
21940
21943
21945
21948
21950
21952
21955
21957
21960
21962
21965
21968
21971
21974
21977
21980
21983
21986
21988
21991
21994
21997
22000
22003
22006
22009
22012
22015
22017
22020
22023
22026
22029
22032
22035
22038
22041
22043
22046
22049
22052
22055
22058
22061
22064
22067
22070
22072
22075
22078
22081
22084
22087
22090
22093
22096
22099
22102
22105
22108
22111
22114
22117
22120
22123
22126
22129
22132
22135
22138
22141
22144
22147
22150
22153
22156
22159
22162
22165
22168
22171
22174
22177
22180
22182
22184
22186
22188
22191
22193
22195
22197
22199
22202
22204
22206
22208
22210
22213
22215
22217
22219
22221
22224
22226
22228
22230
22232
22235
22237
22239
22241
22243
22246
22248
22250
22252
22254
22256
22259
22261
22263
22265
22268
22270
22272
22274
22276
22279
22281
22283
22285
22287
22290
22292
22294
22297
22299
22302
22304
22307
22309
22311
22314
22316
22319
22321
22324
22326
22329
22331
22333
22336
22338
22341
22343
22346
22348
22350
22353
22355
22358
22360
22363
22365
22368
22370
22372
22375
22377
22380
22382
22385
22387
22390
22394
22398
22402
22406
22411
22415
22419
22423
22428
22432
22436
22440
22445
22449
22453
22457
22461
22466
22470
22474
22478
22483
22487
22491
22495
22500
22505
22511
22517
22523
22528
22534
22540
22546
22552
22557
22563
22569
22575
22581
22586
22592
22598
22604
22610
22613
22616
22619
22622
22626
22629
22632
22635
22639
22642
22645
22648
22651
22655
22658
22661
22664
22668
22671
22674
22677
22680
22684
22687
22690
22693
22697
22700
22703
22706
22710
22712
22714
22716
22718
22720
22722
22725
22727
22729
22731
22733
22735
22738
22740
22742
22744
22746
22748
22750
22753
22755
22757
22759
22761
22763
22766
22768
22770
22772
22774
22776
22779
22781
22783
22785
22787
22789
22791
22794
22796
22798
22800
22802
22804
22807
22809
22811
22813
22815
22817
22820
22822
22824
22826
22828
22831
22833
22835
22837
22840
22842
22844
22846
22848
22851
22853
22855
22857
22860
22862
22864
22866
22868
22871
22873
22875
22877
22880
22882
22884
22886
22888
22891
22893
22895
22897
22900
22902
22904
22906
22908
22911
22913
22915
22917
22920
22923
22926
22929
22932
22935
22938
22942
22945
22948
22951
22954
22957
22960
22964
22967
22970
22973
22976
22979
22982
22986
22989
22992
22995
22998
23001
23004
23008
23011
23014
23017
23020
23023
23026
23030
23033
23036
23040
23043
23047
23050
23054
23057
23061
23064
23067
23071
23074
23078
23081
23085
23088
23092
23095
23098
23102
23105
23109
23112
23116
23119
23123
23126
23130
23133
23137
23140
23144
23147
23151
23154
23158
23161
23165
23169
23172
23176
23179
23183
23186
23190
23193
23197
23200
23204
23208
23211
23215
23218
23222
23225
23229
23232
23236
23240
23245
23250
23255
23260
23266
23271
23276
23281
23287
23292
23297
23302
23308
23313
23318
23323
23329
23334
23339
23344
23350
23355
23360
23365
23371
23376
23381
23386
23392
23397
23402
23407
23413
23418
23423
23428
23434
23439
23444
23450
23455
23461
23466
23471
23477
23483
23488
23494
23499
23505
23510
23516
23521
23526
23532
23538
23543
23549
23554
23560
23564
23569
23574
23579
23583
23588
23593
23598
23602
23607
23612
23617
23621
23626
23631
23636
23640
23645
23650
23655
23660
23664
23668
23672
23676
23681
23685
23689
23693
23698
23702
23706
23710
23715
23719
23723
23727
23731
23736
23740
23744
23748
23753
23757
23761
23765
23770
23774
23778
23782
23786
23790
23794
23798
23802
23806
23810
23814
23818
23822
23827
23831
23835
23839
23843
23847
23851
23855
23859
23863
23867
23871
23875
23880
23883
23886
23889
23892
23896
23899
23902
23905
23909
23912
23915
23918
23922
23925
23928
23931
23935
23938
23941
23944
23947
23951
23954
23957
23960
23964
23967
23970
23973
23977
23980
23983
23986
23990
23992
23994
23997
23999
24001
24004
24006
24009
24011
24013
24016
24018
24021
24023
24025
24028
24030
24033
24035
24037
24040
24042
24045
24047
24049
24052
24054
24056
24059
24061
24064
24066
24068
24071
24073
24076
24078
24080
24083
24085
24088
24090
24092
24095
24097
24100
24101
24103
24105
24107
24109
24111
24113
24115
24116
24118
24120
24122
24124
24126
24128
24130
24132
24133
24135
24137
24139
24141
24143
24145
24147
24149
24150
24152
24154
24156
24158
24160
24162
24164
24166
24167
24169
24171
24173
24175
24177
24179
24181
24183
24184
24186
24188
24190
24192
24194
24196
24198
24200
24201
24203
24205
24207
24209
24211
24213
24214
24216
24218
24220
24222
24224
24226
24227
24229
24231
24233
24235
24237
24239
24241
24242
24244
24246
24248
24250
24252
24254
24255
24257
24259
24261
24263
24265
24267
24268
24270
24272
24274
24276
24278
24280
24282
24283
24285
24287
24289
24291
24293
24295
24296
24298
24300
24302
24304
24306
24308
24310
24314
24318
24323
24327
24331
24336
24340
24344
24349
24353
24357
24362
24366
24370
24375
24379
24383
24388
24392
24396
24401
24405
24410
24413
24417
24420
24424
24427
24431
24434
24438
24441
24445
24449
24452
24456
24459
24463
24466
24470
24473
24477
24480
24484
24488
24491
24495
24498
24502
24505
24509
24512
24516
24520
24525
24531
24536
24541
24547
24553
24558
24564
24569
24575
24580
24586
24591
24596
24602
24608
24613
24619
24624
24630
24634
24638
24643
24647
24651
24656
24660
24665
24669
24674
24678
24682
24687
24691
24695
24700
24704
24709
24713
24718
24722
24726
24731
24735
24740
24746
24753
24759
24766
24773
24779
24786
24793
24799
24806
24813
24820
24826
24833
24840
24846
24853
24860
24865
24870
24875
24881
24886
24891
24896
24902
24907
24912
24917
24923
24928
24933
24938
24944
24949
24954
24960
24965
24970
24975
24980
24986
24991
24996
25001
25007
25012
25017
25022
25028
25033
25038
25043
25049
25054
25059
25064
25070
25073
25076
25080
25083
25087
25090
25094
25097
25101
25104
25107
25111
25114
25118
25121
25125
25128
25132
25135
25138
25142
25145
25149
25152
25156
25159
25163
25166
25170
25173
25177
25181
25185
25189
25193
25197
25201
25205
25209
25213
25217
25221
25225
25228
25232
25236
25240
25244
25248
25252
25256
25260
25264
25268
25272
25276
25280
25282
25284
25286
25288
25290
25292
25294
25296
25298
25300
25302
25304
25306
25308
25310
25312
25314
25316
25318
25320
25322
25324
25326
25328
25330
25332
25334
25336
25338
25340
25342
25344
25346
25348
25350
25352
25354
25355
25358
25360
25362
25364
25366
25368
25370
25372
25374
25375
25378
25380
25382
25384
25387
25390
25392
25395
25397
25400
25402
25404
25407
25410
25412
25415
25417
25419
25422
25424
25427
25430
25432
25435
25437
25439
25442
25445
25447
25450
25452
25455
25457
25459
25462
25465
25467
25470
25472
25474
25477
25479
25482
25485
25487
25490
25492
25494
25496
25498
25500
25503
25505
25507
25509
25512
25514
25516
25518
25520
25523
25525
25527
25529
25531
25534
25536
25538
25540
25542
25545
25547
25549
25551
25553
25556
25558
25560
25562
25564
25567
25569
25571
25573
25575
25578
25580
25582
25584
25586
25589
25591
25593
25595
25597
25600
25602
25605
25607
25610
25612
25615
25617
25620
25623
25625
25628
25630
25633
25635
25638
25641
25643
25646
25648
25651
25653
25656
25658
25661
25664
25666
25669
25671
25674
25676
25679
25682
25684
25687
25689
25692
25694
25697
25700
25701
25703
25705
25706
25708
25710
25711
25713
25715
25716
25718
25720
25721
25723
25724
25726
25728
25730
25731
25733
25735
25736
25738
25740
25741
25743
25744
25746
25748
25750
25751
25753
25755
25756
25758
25759
25761
25763
25765
25766
25768
25770
25771
25773
25775
25776
25778
25779
25781
25783
25785
25786
25788
25790
25791
25793
25794
25796
25798
25799
25801
25803
25805
25806
25808
25810
25811
25813
25815
25816
25818
25820
25822
25823
25825
25827
25828
25830
25832
25834
25835
25837
25839
25841
25842
25844
25846
25847
25849
25851
25853
25854
25856
25858
25860
25861
25863
25865
25866
25868
25870
25872
25873
25875
25877
25878
25880
25882
25884
25885
25887
25889
25891
25892
25894
25896
25897
25899
25901
25903
25904
25906
25908
25910
25911
25913
25915
25917
25918
25920
25922
25924
25925
25927
25929
25931
25933
25934
25936
25938
25940
25941
25943
25945
25947
25949
25950
25952
25954
25956
25957
25959
25961
25963
25965
25966
25968
25970
25972
25973
25975
25977
25979
25980
25982
25984
25986
25988
25989
25991
25993
25995
25996
25998
26000
26002
26004
26005
26007
26009
26011
26012
26014
26016
26018
26020
26021
26023
26025
26027
26029
26031
26032
26034
26036
26038
26040
26041
26043
26045
26047
26049
26051
26053
26054
26056
26058
26060
26062
26064
26065
26067
26069
26071
26073
26075
26076
26078
26080
26082
26084
26086
26087
26089
26091
26093
26095
26096
26098
26100
26102
26104
26106
26108
26109
26111
26113
26115
26117
26119
26120
26122
26124
26126
26128
26130
26131
26133
26135
26137
26139
26141
26143
26145
26147
26148
26150
26152
26154
26156
26158
26160
26162
26164
26166
26167
26169
26171
26173
26175
26177
26179
26181
26183
26185
26186
26188
26190
26192
26194
26196
26198
26200
26202
26203
26205
26207
26209
26211
26213
26215
26217
26219
26221
26222
26224
26226
26228
26230
26232
26234
26236
26238
26240
26241
26243
26244
26246
26247
26249
26250
26252
26253
26255
26256
26258
26259
26261
26262
26264
26265
26267
26269
26270
26272
26273
26275
26276
26278
26279
26281
26282
26284
26285
26287
26288
26290
26291
26293
26295
26296
26298
26299
26301
26302
26304
26305
26307
26308
26310
26311
26313
26314
26316
26317
26319
26320
26322
26324
26325
26327
26328
26330
26331
26333
26334
26336
26337
26339
26340
26342
26343
26345
26346
26348
26350
26351
26353
26355
26357
26358
26360
26362
26364
26365
26367
26369
26371
26372
26374
26376
26378
26379
26381
26383
26385
26386
26388
26390
26392
26393
26395
26397
26399
26400
26402
26404
26406
26407
26409
26411
26413
26414
26416
26418
26420
26421
26423
26425
26427
26428
26430
26432
26434
26435
26437
26439
26441
26442
26444
26446
26448
26450
26453
26456
26459
26462
26465
26468
26471
26475
26478
26481
26484
26487
26490
26494
26497
26500
26503
26506
26509
26512
26516
26519
26522
26525
26528
26531
26534
26538
26541
26544
26547
26550
26553
26556
26560
26562
26565
26567
26570
26572
26575
26577
26580
26583
26585
26588
26590
26593
26595
26598
26601
26603
26606
26608
26611
26613
26616
26618
26621
26624
26626
26629
26631
26634
26636
26639
26642
26644
26647
26649
26652
26654
26657
26660
26663
26666
26669
26672
26675
26678
26682
26685
26688
26691
26694
26697
26700
26704
26707
26710
26713
26716
26719
26722
26726
26729
26732
26735
26738
26741
26744
26748
26751
26754
26757
26760
26763
26766
26770
26773
26777
26781
26785
26789
26793
26797
26801
26805
26809
26813
26817
26821
26825
26828
26832
26836
26840
26844
26848
26852
26856
26860
26864
26868
26872
26876
26880
26882
26884
26887
26889
26891
26894
26896
26898
26901
26903
26905
26908
26910
26912
26915
26917
26919
26922
26924
26926
26929
26931
26933
26936
26938
26940
26943
26945
26947
26950
26952
26954
26957
26959
26961
26964
26966
26968
26971
26973
26975
26978
26980
26982
26985
26987
26990
26993
26996
27000
27003
27007
27010
27014
27017
27020
27024
27027
27031
27034
27038
27041
27045
27048
27051
27055
27058
27062
27065
27069
27072
27075
27079
27082
27086
27089
27093
27096
27100
27104
27109
27114
27119
27123
27128
27133
27138
27142
27147
27152
27157
27161
27166
27171
27176
27180
27185
27190
27195
27200
27204
27209
27213
27218
27222
27227
27232
27236
27241
27245
27250
27255
27259
27264
27268
27273
27277
27282
27287
27291
27296
27300
27305
27310
27314
27318
27322
27326
27330
27335
27339
27343
27347
27351
27355
27360
27364
27368
27372
27376
27380
27384
27389
27393
27397
27401
27405
27410
27415
27421
27426
27432
27437
27443
27448
27454
27459
27465
27470
27476
27481
27487
27492
27498
27503
27509
27514
27520
27525
27530
27535
27540
27544
27550
27555
27560
27564
27570
27575
27580
27585
27590
27595
27599
27605
27610
27615
27619
27625
27630
27632
27635
27638
27641
27644
27647
27650
27653
27656
27658
27661
27664
27667
27670
27673
27676
27679
27682
27685
27687
27690
27693
27696
27699
27702
27705
27708
27711
27713
27716
27719
27722
27725
27728
27731
27734
27737
27740
27742
27745
27748
27750
27753
27756
27758
27761
27764
27766
27769
27772
27774
27777
27780
27782
27785
27788
27790
27793
27796
27799
27801
27804
27807
27809
27812
27815
27817
27820
27823
27825
27828
27831
27833
27836
27839
27841
27844
27847
27850
27854
27858
27862
27866
27870
27874
27878
27882
27886
27890
27894
27898
27902
27906
27910
27914
27918
27922
27926
27930
27934
27938
27942
27945
27950
27952
27955
27958
27961
27964
27967
27970
27973
27976
27979
27982
27985
27988
27991
27994
27997
28000
28003
28006
28009
28012
28015
28018
28021
28024
28027
28030
28033
28036
28039
28042
28045
28048
28051
28054
28057
28060
28062
28065
28067
28070
28072
28075
28077
28080
28083
28085
28088
28090
28093
28095
28098
28101
28103
28106
28108
28111
28113
28116
28118
28121
28124
28126
28129
28131
28134
28136
28139
28142
28144
28147
28149
28152
28154
28157
28160
28162
28165
28168
28171
28173
28176
28179
28182
28184
28187
28190
28193
28195
28198
28201
28204
28206
28209
28212
28215
28217
28220
28223
28226
28228
28231
28234
28237
28239
28242
28245
28248
28250
28253
28256
28259
28261
28264
28267
28270
28272
28274
28276
28278
28281
28283
28285
28287
28290
28292
28294
28296
28299
28301
28303
28305
28308
28310
28312
28314
28317
28319
28321
28323
28326
28328
28330
28332
28335
28337
28339
28341
28344
28346
28348
28350
28353
28355
28357
28359
28362
28364
28366
28368
28371
28373
28375
28377
28380
28382
28384
28386
28388
28390
28392
28394
28396
28399
28401
28403
28405
28407
28409
28411
28413
28415
28418
28420
28422
28424
28426
28428
28430
28432
28435
28437
28439
28441
28443
28445
28447
28449
28451
28454
28456
28458
28460
28462
28464
28466
28468
28470
28473
28475
28477
28479
28481
28483
28485
28487
28490
28492
28494
28497
28499
28501
28504
28506
28509
28511
28513
28516
28518
28521
28523
28525
28528
28530
28533
28535
28537
28540
28542
28545
28547
28549
28552
28554
28556
28559
28561
28564
28566
28568
28571
28573
28576
28578
28580
28583
28585
28588
28590
28592
28595
28597
28600
28601
28603
28604
28606
28608
28609
28611
28613
28614
28616
28618
28619
28621
28622
28624
28626
28627
28629
28631
28632
28634
28636
28637
28639
28640
28642
28644
28645
28647
28649
28650
28652
28654
28655
28657
28659
28660
28662
28663
28665
28667
28668
28670
28672
28673
28675
28677
28678
28680
28681
28683
28685
28686
28688
28690
28691
28693
28695
28696
28698
28700
28701
28703
28705
28707
28709
28711
28713
28715
28717
28719
28721
28723
28725
28727
28728
28730
28732
28734
28736
28738
28740
28742
28744
28746
28748
28750
28752
28754
28755
28757
28759
28761
28763
28765
28767
28769
28771
28773
28775
28777
28779
28781
28782
28784
28786
28788
28790
28792
28794
28796
28798
28800
28802
28804
28806
28808
28810
28811
28813
28815
28817
28818
28820
28822
28824
28825
28827
28829
28831
28832
28834
28836
28838
28839
28841
28843
28845
28846
28848
28850
28852
28853
28855
28857
28859
28860
28862
28864
28866
28867
28869
28871
28873
28874
28876
28878
28880
28881
28883
28885
28887
28888
28890
28892
28894
28895
28897
28899
28901
28902
28904
28906
28908
28910
28912
28914
28916
28919
28921
28923
28926
28928
28930
28932
28935
28937
28939
28942
28944
28946
28948
28951
28953
28955
28958
28960
28962
28965
28967
28969
28971
28974
28976
28978
28981
28983
28985
28987
28990
28992
28994
28997
28999
29001
29003
29006
29008
29010
29013
29015
29017
29020
29021
29023
29025
29027
29029
29031
29032
29034
29036
29038
29040
29041
29043
29045
29047
29049
29051
29053
29054
29056
29058
29060
29062
29064
29065
29067
29069
29071
29073
29075
29076
29078
29080
29082
29084
29086
29087
29089
29091
29093
29095
29096
29098
29100
29102
29104
29106
29108
29109
29111
29113
29115
29117
29119
29120
29122
29124
29126
29128
29130
29131
29133
29135
29136
29138
29140
29142
29143
29145
29147
29148
29150
29152
29154
29155
29157
29159
29160
29162
29164
29166
29167
29169
29171
29172
29174
29176
29178
29179
29181
29183
29185
29186
29188
29190
29191
29193
29195
29197
29198
29200
29202
29203
29205
29207
29209
29210
29212
29214
29215
29217
29219
29221
29222
29224
29226
29227
29229
29231
29233
29234
29236
29238
29240
29241
29243
29245
29247
29248
29250
29252
29254
29255
29257
29259
29261
29263
29264
29266
29268
29270
29271
29273
29275
29277
29279
29280
29282
29284
29286
29287
29289
29291
29293
29295
29296
29298
29300
29302
29303
29305
29307
29309
29310
29312
29314
29316
29318
29319
29321
29323
29325
29326
29328
29330
29332
29334
29335
29337
29339
29341
29342
29344
29346
29348
29350
29351
29353
29355
29357
29359
29361
29363
29365
29367
29369
29371
29373
29375
29377
29379
29381
29383
29385
29387
29389
29391
29393
29395
29397
29399
29400
29402
29404
29406
29408
29410
29412
29414
29416
29418
29420
29422
29424
29426
29428
29430
29432
29434
29436
29438
29440
29442
29444
29446
29448
29450
29451
29453
29455
29457
29458
29460
29462
29464
29465
29467
29469
29471
29473
29474
29476
29478
29480
29481
29483
29485
29487
29489
29490
29492
29494
29496
29497
29499
29501
29503
29505
29506
29508
29510
29512
29513
29515
29517
29519
29520
29522
29524
29526
29528
29529
29531
29533
29535
29536
29538
29540
29542
29544
29545
29547
29549
29551
29552
29554
29556
29558
29560
29562
29564
29566
29568
29570
29572
29574
29576
29578
29580
29582
29584
29586
29588
29590
29592
29594
29596
29598
29600
29602
29604
29606
29608
29611
29613
29615
29617
29619
29621
29623
29625
29627
29629
29631
29633
29635
29637
29639
29641
29643
29645
29647
29649
29651
29653
29655
29657
29660
29662
29664
29666
29669
29671
29673
29675
29678
29680
29682
29684
29687
29689
29691
29693
29696
29698
29700
29703
29705
29707
29709
29712
29714
29716
29718
29721
29723
29725
29727
29730
29732
29734
29736
29739
29741
29743
29746
29748
29750
29752
29755
29757
29759
29761
29764
29766
29768
29770
29773
29775
29777
29780
29782
29784
29786
29789
29791
29793
29795
29798
29800
29802
29805
29807
29809
29811
29814
29816
29818
29820
29823
29825
29827
29830
29832
29834
29836
29839
29841
29843
29845
29848
29850
29852
29855
29857
29859
29861
29864
29866
29868
29870
29873
29875
29877
29880
29881
29884
29886
29887
29890
29892
29894
29895
29898
29900
29901
29904
29906
29907
29910
29912
29913
29916
29918
29919
29921
29924
29926
29927
29930
29932
29933
29936
29938
29939
29942
29944
29945
29948
29950
29952
29953
29956
29958
29959
29962
29964
29965
29968
29970
29971
29974
29976
29977
29979
29982
29984
29985
29988
29990
