3
6
9
12
15
18
21
24
27
30
33
36
39
42
45
48
51
54
57
60
63
66
69
72
75
78
81
84
87
90
93
96
100
103
106
110
113
116
120
123
126
130
133
136
140
143
146
150
153
156
160
163
166
169
173
176
180
183
186
190
193
196
200
203
206
210
213
216
220
223
226
230
233
236
240
242
244
247
249
252
254
257
259
261
264
266
269
271
274
276
279
281
283
286
288
291
293
296
298
300
303
305
308
310
313
315
318
320
322
325
327
330
332
335
337
340
344
348
352
356
360
364
368
372
377
381
385
389
393
397
401
405
410
414
418
422
426
430
434
438
442
447
451
455
459
463
467
471
475
480
483
486
489
492
496
499
502
505
509
512
515
518
522
525
528
531
534
538
541
544
547
551
554
557
560
564
567
570
573
577
580
583
586
590
596
602
609
615
622
628
634
641
647
654
660
666
673
679
686
692
698
705
711
718
724
731
737
743
750
756
763
769
775
782
788
795
801
807
814
820
827
833
840
842
844
847
849
851
854
856
859
861
863
866
868
871
873
875
878
880
883
885
887
890
892
895
897
899
902
904
906
909
911
914
916
918
921
923
926
928
930
933
935
938
940
942
945
947
950
954
959
963
968
973
977
982
987
991
996
1001
1005
1010
1015
1019
1024
1028
1033
1038
1042
1047
1052
1056
1061
1066
1070
1075
1080
1082
1084
1087
1089
1092
1094
1097
1099
1102
1104
1106
1109
1111
1114
1116
1119
1121
1124
1126
1128
1131
1133
1136
1138
1141
1143
1146
1148
1150
1153
1155
1158
1160
1163
1165
1168
1170
1172
1175
1177
1180
1182
1185
1187
1190
1194
1198
1202
1206
1210
1214
1218
1223
1227
1231
1235
1239
1243
1247
1252
1256
1260
1264
1268
1272
1276
1281
1285
1289
1293
1297
1301
1305
1310
1313
1316
1319
1322
1325
1328
1331
1334
1337
1340
1343
1346
1349
1352
1355
1358
1361
1364
1367
1370
1373
1376
1379
1382
1385
1388
1391
1394
1397
1400
1403
1406
1409
1412
1415
1418
1421
1424
1427
1430
1432
1434
1437
1439
1441
1444
1446
1449
1451
1453
1456
1458
1460
1463
1465
1468
1470
1472
1475
1477
1480
1482
1484
1487
1489
1491
1494
1496
1499
1501
1503
1506
1508
1510
1513
1515
1518
1520
1522
1525
1527
1530
1533
1537
1540
1544
1547
1551
1554
1558
1561
1565
1569
1572
1576
1579
1583
1586
1590
1593
1597
1600
1604
1608
1611
1615
1618
1622
1625
1629
1632
1636
1640
1643
1646
1649
1652
1655
1658
1662
1665
1668
1671
1674
1677
1680
1684
1687
1690
1693
1696
1699
1702
1706
1709
1712
1715
1718
1721
1724
1728
1731
1734
1737
1740
1743
1746
1750
1753
1756
1760
1763
1767
1770
1774
1777
1781
1784
1787
1791
1794
1798
1801
1805
1808
1812
1815
1818
1822
1825
1829
1832
1836
1839
1843
1846
1850
1853
1856
1859
1862
1865
1868
1872
1875
1878
1881
1884
1887
1890
1894
1897
1900
1903
1906
1909
1912
1916
1919
1922
1925
1928
1931
1934
1938
1941
1944
1947
1950
1953
1956
1960
1963
1966
1970
1973
1977
1980
1984
1987
1991
1994
1997
2001
2004
2008
2011
2015
2018
2022
2025
2028
2032
2035
2039
2042
2046
2049
2053
2056
2060
2063
2066
2070
2073
2076
2080
2083
2086
2090
2093
2096
2100
2103
2106
2110
2113
2116
2120
2123
2126
2130
2133
2136
2140
2143
2146
2150
2153
2156
2160
2163
2166
2170
2173
2176
2179
2182
2185
2188
2191
2194
2197
2200
2203
2206
2210
2213
2216
2219
2222
2225
2228
2231
2234
2237
2240
2243
2246
2250
2253
2256
2259
2262
2265
2268
2271
2274
2277
2280
2283
2286
2290
2292
2295
2298
2301
2304
2307
2310
2313
2316
2318
2321
2324
2327
2330
2333
2336
2339
2342
2344
2347
2350
2353
2356
2359
2362
2365
2368
2371
2373
2376
2379
2382
2385
2388
2391
2394
2397
2400
2403
2406
2409
2412
2416
2419
2422
2425
2429
2432
2435
2438
2442
2445
2448
2451
2455
2458
2461
2464
2468
2471
2474
2477
2481
2484
2487
2490
2494
2497
2500
2503
2507
2510
2513
2516
2520
2585
2650
2652
2654
2657
2659
2661
2664
2666
2669
2671
2673
2676
2678
2681
2683
2685
2688
2690
2693
2695
2697
2700
2702
2705
2707
2709
2712
2714
2716
2719
2721
2724
2726
2728
2731
2733
2736
2738
2740
2743
2745
2748
2750
2752
2755
2757
2760
2763
2767
2771
2775
2779
2782
2786
2790
2794
2798
2802
2805
2809
2813
2817
2821
2825
2828
2832
2836
2840
2844
2847
2851
2855
2859
2863
2867
2870
2874
2878
2882
2886
2890
2893
2896
2900
2903
2906
2910
2913
2916
2920
2923
2926
2930
2933
2936
2940
2943
2946
2950
2953
2956
2960
2963
2966
2970
2973
2976
2980
2983
2986
2990
2993
2996
3000
3004
3008
3013
3017
3021
3026
3030
3034
3039
3043
3047
3052
3056
3060
3065
3069
3073
3078
3082
3086
3091
3095
3100
3105
3110
3115
3120
3125
3130
3135
3140
3145
3150
3155
3160
3165
3170
3175
3180
3185
3190
3195
3200
3205
3210
3213
3216
3220
3223
3227
3230
3234
3237
3240
3244
3247
3251
3254
3258
3261
3264
3268
3271
3275
3278
3282
3285
3289
3292
3295
3299
3302
3306
3309
3313
3316
3320
3328
3336
3344
3352
3360
3369
3377
3385
3393
3401
3410
3418
3426
3434
3442
3450
3459
3467
3475
3483
3491
3500
3502
3505
3507
3510
3513
3515
3518
3521
3523
3526
3528
3531
3534
3536
3539
3542
3544
3547
3550
3552
3555
3557
3560
3563
3565
3568
3571
3573
3576
3578
3581
3584
3586
3589
3592
3594
3597
3600
3607
3615
3623
3631
3639
3647
3655
3663
3670
3678
3686
3694
3702
3710
3718
3726
3733
3741
3749
3757
3765
3773
3781
3789
3796
3804
3812
3820
3828
3836
3844
3852
3860
3862
3864
3866
3868
3871
3873
3875
3877
3880
3882
3884
3886
3889
3891
3893
3895
3898
3900
3902
3904
3907
3909
3911
3913
3916
3918
3920
3922
3925
3927
3929
3931
3934
3936
3938
3940
3943
3945
3947
3949
3952
3954
3956
3958
3961
3963
3965
3967
3970
3975
3981
3987
3992
3998
4004
4010
4015
4021
4027
4032
4038
4044
4050
4055
4061
4067
4072
4078
4084
4090
4092
4094
4096
4098
4101
4103
4105
4107
4109
4112
4114
4116
4118
4120
4123
4125
4127
4129
4131
4134
4136
4138
4140
4142
4145
4147
4149
4151
4153
4156
4158
4160
4162
4164
4167
4169
4171
4173
4175
4178
4180
4182
4184
4186
4189
4191
4193
4195
4197
4200
4203
4206
4209
4212
4216
4219
4222
4225
4229
4232
4235
4238
4241
4245
4248
4251
4254
4258
4261
4264
4267
4270
4274
4277
4280
4283
4287
4290
4293
4296
4300
4303
4306
4309
4312
4315
4318
4322
4325
4328
4331
4334
4337
4340
4344
4347
4350
4353
4356
4359
4362
4366
4369
4372
4375
4378
4381
4384
4388
4391
4394
4397
4400
4403
4406
4410
4413
4417
4421
4425
4429
4433
4437
4441
4445
4449
4453
4457
4461
4465
4468
4472
4476
4480
4484
4488
4492
4496
4500
4504
4508
4512
4516
4520
4522
4524
4526
4529
4531
4533
4536
4538
4540
4543
4545
4547
4550
4552
4554
4557
4559
4561
4564
4566
4568
4571
4573
4575
4578
4580
4582
4585
4587
4589
4592
4594
4596
4599
4601
4603
4606
4608
4610
4613
4615
4617
4620
4626
4633
4640
4647
4654
4661
4668
4675
4681
4688
4695
4702
4709
4716
4723
4730
4732
4735
4737
4740
4742
4745
4747
4750
4752
4755
4757
4760
4762
4765
4767
4770
4772
4775
4777
4780
4782
4785
4787
4790
4792
4795
4797
4800
4802
4805
4807
4810
4812
4815
4817
4820
4822
4825
4827
4830
4833
4837
4841
4845
4848
4852
4856
4860
4863
4867
4871
4875
4878
4882
4886
4890
4893
4897
4901
4905
4908
4912
4916
4920
4923
4927
4931
4935
4938
4942
4946
4950
4952
4955
4958
4960
4963
4966
4968
4971
4974
4977
4979
4982
4985
4987
4990
4993
4995
4998
5001
5004
5006
5009
5012
5014
5017
5020
5022
5025
5028
5031
5033
5036
5039
5041
5044
5047
5050
5059
5069
5079
5088
5098
5108
5118
5127
5137
5147
5157
5166
5176
5186
5195
5205
5215
5225
5234
5244
5254
5264
5273
5283
5293
5302
5312
5322
5332
5341
5351
5361
5371
5380
5390
5400
5410
5412
5414
5416
5419
5421
5423
5426
5428
5430
5432
5435
5437
5439
5442
5444
5446
5448
5451
5453
5455
5458
5460
5462
5465
5467
5469
5471
5474
5476
5478
5481
5483
5485
5487
5490
5492
5494
5497
5499
5501
5503
5506
5508
5510
5513
5515
5517
5520
5522
5525
5528
5531
5533
5536
5539
5542
5545
5547
5550
5553
5556
5558
5561
5564
5567
5570
5572
5575
5578
5581
5583
5586
5589
5592
5595
5597
5600
5603
5606
5608
5611
5614
5617
5620
5622
5625
5628
5631
5634
5637
5640
5643
5646
5648
5651
5654
5657
5660
5663
5666
5669
5672
5675
5677
5680
5683
5686
5689
5692
5695
5698
5701
5703
5706
5709
5712
5715
5718
5721
5724
5727
5730
5734
5739
5743
5748
5752
5757
5761
5766
5770
5775
5780
5784
5789
5793
5798
5802
5807
5811
5816
5820
5825
5830
5838
5846
5854
5862
5870
5879
5887
5895
5903
5911
5920
5928
5936
5944
5952
5960
5969
5977
5985
5993
6001
6010
6012
6015
6017
6020
6022
6024
6027
6030
6032
6035
6037
6040
6042
6045
6047
6050
6052
6055
6057
6060
6062
6065
6067
6070
6072
6075
6077
6080
6082
6085
6087
6090
6092
6095
6097
6100
6102
6105
6107
6110
6113
6117
6121
6125
6129
6133
6137
6141
6145
6149
6153
6157
6161
6165
6169
6173
6177
6181
6185
6188
6192
6196
6200
6204
6208
6212
6216
6220
6224
6228
6232
6236
6240
6244
6248
6252
6256
6260
6262
6264
6266
6268
6270
6272
6274
6277
6279
6281
6283
6285
6287
6289
6291
6294
6296
6298
6300
6302
6304
6306
6308
6311
6313
6315
6317
6319
6321
6323
6325
6328
6330
6332
6334
6336
6338
6340
6342
6345
6347
6349
6351
6353
6355
6357
6360
6363
6366
6369
6372
6375
6378
6381
6384
6387
6390
6393
6396
6399
6402
6405
6408
6411
6415
6418
6421
6424
6427
6430
6433
6436
6439
6442
6445
6448
6451
6454
6457
6460
6463
6466
6470
6473
6476
6480
6483
6487
6490
6494
6497
6501
6504
6507
6511
6514
6518
6521
6525
6528
6532
6535
6538
6542
6545
6549
6552
6556
6559
6563
6566
6570
6573
6577
6581
6584
6588
6592
6595
6599
6603
6606
6610
6614
6617
6621
6625
6628
6632
6636
6639
6643
6647
6650
6654
6657
6661
6665
6669
6672
6676
6680
6683
6686
6690
6693
6697
6700
6704
6707
6711
6714
6717
6721
6724
6728
6731
6735
6738
6742
6745
6748
6752
6755
6759
6762
6766
6769
6773
6776
6780
6783
6786
6790
6793
6797
6800
6804
6807
6810
6814
6817
6821
6824
6828
6831
6835
6838
6841
6845
6848
6852
6855
6859
6862
6865
6869
6872
6876
6879
6883
6886
6890
6892
6895
6897
6900
6902
6905
6907
6910
6913
6915
6918
6920
6923
6925
6928
6930
6933
6936
6938
6941
6943
6946
6948
6951
6953
6956
6959
6961
6964
6966
6969
6971
6974
6976
6979
6982
6984
6987
6989
6992
6994
6997
7000
7004
7008
7013
7017
7022
7026
7031
7035
7040
7044
7048
7053
7057
7062
7066
7071
7075
7080
7084
7088
7093
7097
7102
7106
7111
7115
7120
7123
7126
7129
7132
7136
7139
7142
7145
7149
7152
7155
7158
7162
7165
7168
7171
7175
7178
7181
7184
7187
7191
7194
7197
7200
7204
7207
7210
7213
7217
7220
7223
7226
7230
7233
7237
7240
7244
7247
7251
7254
7258
7261
7265
7268
7272
7275
7279
7282
7286
7290
7293
7297
7300
7304
7307
7311
7314
7318
7321
7325
7328
7332
7335
7339
7342
7346
7350
7353
7357
7360
7364
7367
7371
7374
7378
7381
7385
7389
7392
7396
7399
7403
7406
7410
7413
7417
7420
7424
7428
7431
7435
7438
7442
7445
7449
7452
7456
7460
7474
7488
7502
7516
7529
7544
7558
7572
7585
7600
7602
7605
7607
7610
7613
7615
7618
7620
7623
7626
7628
7631
7634
7636
7639
7641
7644
7647
7649
7652
7654
7657
7660
7662
7665
7668
7670
7673
7675
7678
7681
7683
7686
7689
7691
7694
7696
7699
7702
7704
7707
7710
7714
7719
7724
7729
7734
7738
7743
7748
7753
7758
7762
7767
7772
7777
7782
7787
7791
7796
7801
7806
7811
7815
7820
7825
7830
7835
7840
7843
7846
7849
7852
7855
7858
7861
7864
7867
7870
7873
7876
7879
7882
7885
7888
7891
7895
7898
7901
7904
7907
7910
7913
7916
7919
7922
7925
7928
7931
7934
7937
7940
7943
7946
7950
7960
7971
7982
7993
8004
8015
8026
8037
8048
8059
8070
8073
8076
8079
8082
8085
8088
8091
8094
8097
8100
8103
8106
8109
8112
8115
8118
8121
8125
8128
8131
8134
8137
8140
8143
8146
8149
8152
8155
8158
8161
8164
8167
8170
8173
8176
8180
8183
8186
8189
8193
8196
8200
8203
8206
8209
8213
8216
8220
8223
8226
8230
8233
8236
8240
8243
8246
8250
8253
8256
8260
8263
8266
8270
8273
8276
8280
8283
8286
8290
8293
8296
8300
8303
8306
8310
8312
8315
8318
8321
8324
8327
8330
8333
8336
8338
8341
8344
8347
8350
8353
8356
8359
8362
8365
8367
8370
8373
8376
8379
8382
8385
8388
8391
8393
8396
8399
8402
8405
8408
8411
8414
8417
8420
8433
8446
8459
8472
8485
8498
8511
8524
8537
8550
8552
8554
8556
8558
8561
8563
8565
8567
8569
8572
8574
8576
8578
8580
8583
8585
8587
8589
8591
8594
8596
8598
8600
8602
8605
8607
8609
8611
8613
8616
8618
8620
8622
8624
8627
8629
8631
8633
8635
8638
8640
8642
8644
8646
8649
8651
8653
8655
8657
8660
8665
8670
8675
8680
8685
8690
8695
8700
8705
8710
8715
8720
8725
8730
8735
8740
8745
8750
8755
8760
8765
8770
8775
8780
8785
8790
8795
8800
8802
8804
8807
8809
8811
8814
8816
8819
8821
8823
8826
8828
8831
8833
8835
8838
8840
8843
8845
8847
8850
8852
8855
8857
8859
8862
8864
8866
8869
8871
8874
8876
8878
8881
8883
8886
8888
8890
8893
8895
8898
8900
8902
8905
8907
8910
8917
8925
8933
8940
8948
8956
8964
8971
8979
8987
8995
9002
9010
9018
9026
9033
9041
9049
9057
9064
9072
9080
9088
9095
9103
9111
9119
9126
9134
9142
9150
9152
9154
9157
9159
9162
9164
9167
9169
9172
9174
9176
9179
9181
9184
9186
9189
9191
9194
9196
9198
9201
9203
9206
9208
9211
9213
9216
9218
9220
9223
9225
9228
9230
9233
9235
9238
9240
9242
9245
9247
9250
9252
9255
9257
9260
9264
9268
9273
9277
9281
9286
9290
9295
9299
9303
9308
9312
9316
9321
9325
9330
9334
9338
9343
9347
9351
9356
9360
9365
9369
9373
9378
9382
9386
9391
9395
9400
9402
9405
9408
9411
9414
9417
9420
9423
9426
9428
9431
9434
9437
9440
9443
9446
9449
9452
9455
9457
9460
9463
9466
9469
9472
9475
9478
9481
9483
9486
9489
9492
9495
9498
9501
9504
9507
9510
9513
9517
9521
9524
9528
9532
9535
9539
9543
9547
9550
9554
9558
9561
9565
9569
9572
9576
9580
9584
9587
9591
9595
9598
9602
9606
9610
9612
9615
9618
9621
9624
9626
9629
9632
9635
9638
9641
9643
9646
9649
9652
9655
9657
9660
9663
9666
9669
9672
9674
9677
9680
9683
9686
9688
9691
9694
9697
9700
9703
9705
9708
9711
9714
9717
9720
9724
9728
9733
9737
9741
9746
9750
9754
9759
9763
9767
9772
9776
9780
9785
9789
9793
9798
9802
9806
9811
9815
9820
9823
9826
9829
9832
9835
9838
9842
9845
9848
9851
9854
9857
9860
9864
9867
9870
9873
9876
9879
9882
9886
9889
9892
9895
9898
9901
9904
9908
9911
9914
9917
9920
9923
9926
9930
9933
9937
9941
9944
9948
9952
9955
9959
9963
9967
9970
9974
9978
9981
9985
9989
9992
9996
10000
10004
10007
10011
10015
10018
10022
10026
10030
10033
10036
10039
10042
10045
10048
10051
10054
10057
10060
10063
10066
10069
10072
10075
10078
10081
10085
10088
10091
10094
10097
10100
10103
10106
10109
10112
10115
10118
10121
10124
10127
10130
10133
10136
10140
10144
10148
10152
10156
10161
10165
10169
10173
10178
10182
10186
10190
10195
10199
10203
10207
10211
10216
10220
10224
10228
10233
10237
10241
10245
10250
10253
10256
10260
10263
10266
10270
10273
10276
10280
10283
10286
10290
10293
10296
10300
10303
10306
10310
10313
10316
10320
10323
10326
10330
10333
10336
10340
10343
10346
10350
10364
10378
10393
10407
10422
10436
10451
10465
10480
10484
10489
10493
10498
10503
10507
10512
10516
10521
10526
10530
10535
10540
10544
10549
10553
10558
10563
10567
10572
10576
10581
10586
10590
10595
10600
10605
10611
10617
10623
10629
10634
10640
10646
10652
10658
10663
10669
10675
10681
10687
10693
10698
10704
10710
10716
10722
10727
10733
10739
10745
10751
10756
10762
10768
10774
10780
10786
10791
10797
10803
10809
10815
10820
10826
10832
10838
10844
10850
10852
10855
10857
10860
10863
10865
10868
10870
10873
10876
10878
10881
10884
10886
10889
10891
10894
10897
10899
10902
10905
10907
10910
10912
10915
10918
10920
10923
10925
10928
10931
10933
10936
10939
10941
10944
10946
10949
10952
10954
10957
10960
10963
10967
10971
10975
10979
10983
10987
10991
10995
10999
11003
11007
11011
11015
11019
11023
11026
11030
11034
11038
11042
11046
11050
11054
11058
11062
11066
11070
11074
11078
11082
11086
11090
11092
11095
11098
11101
11104
11107
11110
11113
11116
11119
11122
11125
11128
11131
11134
11137
11140
11143
11146
11149
11152
11155
11158
11161
11164
11167
11170
11173
11176
11179
11182
11185
11188
11191
11194
11197
11200
11202
11205
11208
11211
11214
11217
11220
11223
11226
11229
11232
11235
11238
11241
11244
11247
11250
11252
11255
11258
11261
11264
11267
11270
11273
11276
11279
11282
11285
11288
11291
11294
11297
11300
11303
11307
11311
11314
11318
11322
11325
11329
11333
11336
11340
11344
11347
11351
11355
11358
11362
11366
11369
11373
11377
11380
11384
11388
11391
11395
11399
11402
11406
11410
11413
11416
11419
11422
11425
11428
11432
11435
11438
11441
11444
11447
11450
11454
11457
11460
11463
11466
11469
11472
11476
11479
11482
11485
11488
11491
11494
11498
11501
11504
11507
11510
11513
11516
11520
11538
11556
11574
11591
11610
11628
11645
11664
11681
11700
11702
11705
11707
11709
11712
11715
11717
11719
11722
11725
11727
11730
11732
11735
11737
11740
11742
11745
11747
11750
11752
11755
11757
11760
11762
11765
11767
11770
11772
11775
11777
11780
11782
11785
11787
11790
11792
11795
11797
11800
11807
11815
11823
11831
11839
11847
11855
11863
11870
11878
11886
11894
11902
11910
11918
11926
11933
11941
11949
11957
11965
11973
11981
11989
11996
12004
12012
12020
12028
12036
12044
12052
12060
12062
12065
12068
12070
12073
12076
12078
12081
12084
12086
12089
12092
12094
12097
12100
12102
12105
12108
12110
12113
12116
12119
12121
12124
12127
12129
12132
12135
12137
12140
12143
12145
12148
12151
12153
12156
12159
12161
12164
12167
12170
12173
12177
12181
12185
12189
12193
12197
12201
12205
12209
12213
12217
12221
12225
12229
12233
12236
12240
12244
12248
12252
12256
12260
12264
12268
12272
12276
12280
12284
12288
12292
12296
12300
12302
12304
12307
12309
12312
12314
12317
12319
12322
12324
12326
12329
12331
12334
12336
12339
12341
12344
12346
12348
12351
12353
12356
12358
12361
12363
12366
12368
12370
12373
12375
12378
12380
12383
12385
12388
12390
12392
12395
12397
12400
12402
12405
12407
12410
12413
12417
12421
12425
12429
12433
12437
12440
12444
12448
12452
12456
12460
12464
12468
12471
12475
12479
12483
12487
12491
12495
12499
12502
12506
12510
12514
12518
12522
12526
12530
12532
12535
12538
12541
12544
12547
12550
12553
12556
12558
12561
12564
12567
12570
12573
12576
12579
12582
12585
12587
12590
12593
12596
12599
12602
12605
12608
12611
12613
12616
12619
12622
12625
12628
12631
12634
12637
12640
12643
12647
12651
12655
12659
12663
12667
12671
12675
12678
12682
12686
12690
12694
12698
12702
12706
12710
12713
12717
12721
12725
12729
12733
12737
12741
12745
12748
12752
12756
12760
12764
12768
12772
12776
12780
12785
12790
12796
12801
12806
12812
12817
12822
12828
12833
12838
12844
12849
12854
12860
12865
12870
12876
12881
12886
12892
12897
12903
12908
12913
12919
12924
12929
12935
12940
12945
12951
12956
12961
12967
12972
12977
12983
12988
12993
12999
13004
13010
13012
13015
13018
13020
13023
13026
13028
13031
13034
13037
13039
13042
13045
13047
13050
13053
13055
13058
13061
13064
13066
13069
13072
13074
13077
13080
13082
13085
13088
13091
13093
13096
13099
13101
13104
13107
13110
13113
13117
13121
13125
13129
13133
13136
13140
13144
13148
13152
13156
13160
13163
13167
13171
13175
13179
13183
13186
13190
13194
13198
13202
13206
13209
13213
13217
13221
13225
13229
13233
13236
13240
13244
13248
13252
13256
13260
13262
13265
13268
13271
13273
13276
13279
13282
13285
13287
13290
13293
13296
13298
13301
13304
13307
13309
13312
13315
13318
13321
13323
13326
13329
13332
13334
13337
13340
13343
13346
13348
13351
13354
13357
13360
13376
13392
13408
13425
13441
13457
13473
13490
13492
13494
13496
13499
13501
13503
13506
13508
13510
13513
13515
13517
13520
13522
13524
13527
13529
13531
13534
13536
13538
13541
13543
13545
13548
13550
13552
13555
13557
13559
13562
13564
13566
13569
13571
13573
13576
13578
13580
13583
13585
13587
13590
13593
13597
13601
13605
13608
13612
13616
13620
13624
13627
13631
13635
13639
13642
13646
13650
13654
13658
13661
13665
13669
13673
13677
13680
13684
13688
13692
13695
13699
13703
13707
13711
13714
13718
13722
13726
13730
13732
13735
13737
13740
13742
13745
13747
13750
13753
13755
13758
13760
13763
13765
13768
13771
13773
13776
13778
13781
13783
13786
13788
13791
13794
13796
13799
13801
13804
13806
13809
13812
13814
13817
13819
13822
13824
13827
13830
13833
13837
13840
13844
13847
13851
13855
13858
13862
13865
13869
13873
13876
13880
13883
13887
13891
13894
13898
13901
13905
13908
13912
13916
13919
13923
13926
13930
13934
13937
13941
13944
13948
13952
13955
13959
13962
13966
13970
13972
13975
13978
13980
13983
13986
13988
13991
13994
13997
13999
14002
14005
14007
14010
14013
14015
14018
14021
14024
14026
14029
14032
14034
14037
14040
14042
14045
14048
14051
14053
14056
14059
14061
14064
14067
14070
14073
14077
14081
14085
14089
14093
14097
14101
14105
14109
14113
14117
14121
14125
14129
14133
14137
14141
14145
14148
14152
14156
14160
14164
14168
14172
14176
14180
14184
14188
14192
14196
14200
14204
14208
14212
14216
14220
14222
14225
14228
14230
14233
14236
14238
14241
14244
14246
14249
14252
14254
14257
14260
14262
14265
14268
14270
14273
14276
14278
14281
14284
14286
14289
14292
14294
14297
14300
14302
14305
14308
14310
14313
14316
14318
14321
14324
14326
14329
14332
14334
14337
14340
14347
14354
14362
14369
14377
14384
14391
14399
14406
14414
14421
14429
14436
14443
14451
14458
14466
14473
14480
14488
14495
14503
14510
14518
14525
14532
14540
14547
14555
14562
14570
14572
14575
14577
14580
14582
14585
14587
14590
14593
14595
14598
14600
14603
14605
14608
14610
14613
14616
14618
14621
14623
14626
14628
14631
14633
14636
14639
14641
14644
14646
14649
14651
14654
14656
14659
14662
14664
14667
14669
14672
14674
14677
14680
14683
14686
14690
14693
14696
14700
14703
14706
14709
14713
14716
14719
14723
14726
14730
14733
14736
14740
14743
14746
14750
14753
14756
14760
14763
14766
14770
14773
14776
14780
14806
14833
14860
14886
14913
14940
14942
14945
14948
14951
14953
14956
14959
14962
14965
14967
14970
14973
14976
14978
14981
14984
14987
14989
14992
14995
14998
15001
15003
15006
15009
15012
15014
15017
15020
15023
15026
15028
15031
15034
15037
15040
15043
15047
15051
15054
15058
15062
15065
15069
15073
15076
15080
15084
15087
15091
15095
15098
15102
15106
15110
15113
15117
15121
15124
15128
15132
15135
15139
15143
15146
15150
15154
15157
15161
15165
15168
15172
15176
15180
15185
15190
15196
15201
15206
15212
15217
15222
15228
15233
15238
15244
15249
15254
15260
15265
15270
15276
15281
15286
15292
15297
15302
15308
15313
15318
15324
15329
15334
15340
15345
15350
15356
15361
15366
15372
15377
15382
15388
15393
15398
15404
15409
15414
15420
15422
15424
15426
15429
15431
15433
15436
15438
15440
15442
15445
15447
15449
15452
15454
15456
15458
15461
15463
15465
15468
15470
15472
15475
15477
15479
15481
15484
15486
15488
15491
15493
15495
15497
15500
15502
15504
15507
15509
15511
15513
15516
15518
15520
15523
15525
15527
15530
15534
15539
15543
15548
15553
15557
15562
15566
15571
15576
15580
15585
15590
15594
15599
15603
15608
15613
15617
15622
15626
15631
15636
15640
15645
15650
15652
15654
15656
15659
15661
15663
15666
15668
15670
15672
15675
15677
15679
15682
15684
15686
15688
15691
15693
15695
15698
15700
15702
15705
15707
15709
15711
15714
15716
15718
15721
15723
15725
15727
15730
15732
15734
15737
15739
15741
15743
15746
15748
15750
15753
15755
15757
15760
15762
15765
15768
15771
15774
15777
15780
15783
15786
15789
15792
15795
15798
15801
15804
15807
15809
15812
15815
15818
15821
15824
15827
15830
15833
15836
15839
15842
15845
15848
15851
15854
15857
15860
15862
15865
15868
15871
15874
15877
15880
15883
15886
15889
15892
15895
15898
15901
15904
15907
15910
15913
15916
15919
15922
15925
15928
15931
15934
15937
15940
15943
15946
15949
15952
15955
15958
15961
15964
15967
15970
15977
15985
15993
16000
16008
16016
16023
16031
16039
16046
16054
16062
16070
16074
16078
16082
16086
16091
16095
16099
16103
16108
16112
16116
16120
16125
16129
16133
16137
16141
16146
16150
16154
16158
16163
16167
16171
16175
16180
16183
16187
16191
16194
16198
16202
16205
16209
16213
16217
16220
16224
16228
16231
16235
16239
16242
16246
16250
16254
16257
16261
16265
16268
16272
16276
16280
16283
16286
16290
16293
16296
16300
16303
16306
16310
16313
16316
16320
16323
16326
16330
16333
16336
16340
16343
16346
16350
16353
16356
16360
16363
16366
16370
16373
16376
16379
16383
16386
16390
16396
16403
16410
16417
16424
16431
16438
16445
16452
16459
16466
16473
16480
16487
16494
16501
16508
16515
16521
16528
16535
16542
16549
16556
16563
16570
16577
16584
16591
16598
16605
16612
16619
16626
16633
16640
16642
16645
16647
16650
16653
16655
16658
16660
16663
16666
16668
16671
16674
16676
16679
16681
16684
16687
16689
16692
16695
16697
16700
16702
16705
16708
16710
16713
16715
16718
16721
16723
16726
16729
16731
16734
16736
16739
16742
16744
16747
16750
16753
16756
16759
16762
16765
16768
16771
16775
16778
16781
16784
16787
16790
16793
16796
16800
16803
16806
16809
16812
16815
16818
16821
16825
16828
16831
16834
16837
16840
16843
16846
16850
16852
16855
16858
16861
16864
16867
16870
16873
16876
16878
16881
16884
16887
16890
16893
16896
16899
16902
16905
16907
16910
16913
16916
16919
16922
16925
16928
16931
16933
16936
16939
16942
16945
16948
16951
16954
16957
16960
17120
17122
17125
17128
17131
17134
17137
17140
17143
17146
17149
17152
17155
17158
17161
17164
17167
17170
17173
17176
17179
17182
17185
17188
17191
17194
17197
17200
17203
17206
17209
17212
17215
17218
17221
17224
17227
17230
17233
17236
17239
17242
17245
17248
17251
17254
17257
17260
17263
17266
17270
17273
17276
17279
17282
17285
17288
17291
17294
17297
17300
17303
17306
17310
17313
17316
17319
17322
17325
17328
17331
17334
17337
17340
17343
17346
17350
17353
17356
17359
17362
17365
17368
17371
17374
17377
17380
17383
17386
17389
17392
17395
17398
17401
17404
17407
17410
17413
17416
17419
17422
17425
17428
17431
17434
17437
17440
17443
17446
17449
17452
17455
17458
17461
17464
17467
17470
17473
17476
17480
17483
17486
17489
17492
17496
17499
17502
17505
17509
17512
17515
17518
17522
17525
17528
17531
17535
17538
17541
17544
17547
17551
17554
17557
17560
17564
17567
17570
17573
17577
17580
17583
17586
17590
17593
17596
17600
17603
17606
17610
17613
17616
17620
17623
17626
17630
17633
17636
17640
17643
17646
17650
17653
17656
17660
17663
17666
17669
17673
17676
17680
17683
17686
17689
17693
17696
17700
17702
17705
17708
17711
17713
17716
17719
17722
17725
17727
17730
17733
17736
17738
17741
17744
17747
17750
17752
17755
17758
17761
17763
17766
17769
17772
17775
17777
17780
17783
17786
17788
17791
17794
17797
17800
17960
17962
17964
17967
17969
17971
17974
17976
17979
17981
17983
17986
17988
17990
17993
17995
17998
18000
18002
18005
18007
18009
18012
18014
18017
18019
18021
18024
18026
18029
18031
18033
18036
18038
18040
18043
18045
18048
18050
18052
18055
18057
18060
18063
18067
18071
18074
18078
18082
18086
18089
18093
18097
18100
18104
18108
18112
18115
18119
18123
18126
18130
18134
18138
18141
18145
18149
18152
18156
18160
18164
18167
18171
18175
18178
18182
18186
18190
18193
18196
18200
18203
18206
18210
18213
18216
18220
18223
18226
18230
18233
18236
18240
18243
18246
18250
18253
18256
18259
18263
18266
18270
18273
18276
18280
18283
18286
18290
18298
18307
18316
18325
18334
18342
18351
18360
18369
18378
18387
18395
18404
18413
18422
18431
18440
18442
18445
18448
18450
18453
18456
18458
18461
18464
18467
18469
18472
18475
18477
18480
18483
18485
18488
18491
18494
18496
18499
18502
18504
18507
18510
18512
18515
18518
18521
18523
18526
18529
18531
18534
18537
18540
18542
18545
18547
18550
18552
18555
18557
18560
18563
18565
18568
18570
18573
18575
18578
18580
18583
18586
18588
18591
18593
18596
18598
18601
18603
18606
18609
18611
18614
18616
18619
18621
18624
18626
18629
18632
18634
18637
18639
18642
18644
18647
18650
18653
18656
18660
18663
18666
18669
18673
18676
18680
18683
18686
18690
18693
18696
18700
18703
18706
18710
18713
18716
18720
18723
18726
18730
18733
18736
18740
18743
18746
18750
18753
18756
18760
18764
18768
18772
18776
18780
18784
18788
18792
18796
18800
18804
18808
18812
18816
18820
18824
18828
18832
18836
18840
18844
18848
18852
18855
18860
18863
18866
18869
18872
18875
18878
18881
18885
18888
18891
18894
18897
18900
18904
18907
18910
18913
18916
18919
18922
18926
18929
18932
18935
18938
18941
18944
18948
18951
18954
18957
18960
18963
18966
18970
18973
18976
18979
18982
18986
18989
18992
18995
18999
19002
19005
19008
19011
19015
19018
19021
19024
19028
19031
19034
19037
19040
19044
19047
19050
19053
19057
19060
19063
19066
19070
19077
19085
19093
19100
19108
19116
19123
19131
19139
19146
19154
19162
19169
19177
19185
19192
19200
19208
19215
19223
19231
19238
19246
19254
19261
19269
19277
19284
19292
19300
19302
19304
19306
19309
19311
19313
19316
19318
19320
19322
19325
19327
19329
19332
19334
19336
19338
19341
19343
19345
19348
19350
19352
19355
19357
19359
19361
19364
19366
19368
19371
19373
19375
19377
19380
19382
19384
19387
19389
19391
19393
19396
19398
19400
19403
19405
19407
19410
19414
19418
19423
19427
19432
19436
19441
19445
19450
19454
19459
19463
19468
19472
19477
19481
19486
19490
19495
19499
19504
19508
19513
19517
19522
19526
19531
19535
19540
19542
19544
19547
19549
19551
19554
19556
19559
19561
19563
19566
19568
19571
19573
19575
19578
19580
19583
19585
19587
19590
19592
19595
19597
19599
19602
19604
19606
19609
19611
19614
19616
19618
19621
19623
19626
19628
19630
19633
19635
19638
19640
19642
19645
19647
19650
19654
19658
19662
19667
19671
19675
19680
19684
19688
19692
19697
19701
19705
19710
19714
19718
19722
19727
19731
19735
19740
19744
19748
19752
19757
19761
19765
19770
19772
19775
19777
19780
19783
19785
19788
19791
19793
19796
19798
19801
19804
19806
19809
19812
19814
19817
19820
19822
19825
19827
19830
19833
19835
19838
19841
19843
19846
19848
19851
19854
19856
19859
19862
19864
19867
19870
19873
19876
19879
19882
19885
19888
19892
19895
19898
19901
19904
19907
19910
19914
19917
19920
19923
19926
19929
19932
19936
19939
19942
19945
19948
19951
19954
19958
19961
19964
19967
19970
19973
19976
19980
19984
19988
19992
19996
20000
20004
20008
20012
20016
20020
20024
20028
20032
20035
20040
20044
20048
20052
20055
20060
20064
20067
20072
20075
20080
20088
20097
20106
20115
20124
20133
20142
20151
20160
20169
20178
20187
20196
20205
20214
20223
20232
20241
20250
20252
20255
20258
20261
20264
20267
20270
20273
20276
20279
20282
20285
20288
20291
20294
20297
20300
20302
20305
20308
20311
20314
20317
20320
20323
20326
20329
20332
20335
20338
20341
20344
20347
20350
20353
20357
20360
20364
20367
20371
20375
20378
20382
20385
20389
20393
20396
20400
20403
20407
20411
20414
20418
20421
20425
20428
20432
20436
20439
20443
20446
20450
20454
20457
20461
20464
20468
20472
20475
20479
20482
20486
20490
20492
20494
20496
20499
20501
20503
20506
20508
20510
20513
20515
20517
20520
20522
20524
20527
20529
20531
20534
20536
20538
20541
20543
20545
20548
20550
20552
20555
20557
20559
20562
20564
20566
20569
20571
20573
20576
20578
20580
20583
20585
20587
20590
20593
20596
20600
20603
20606
20610
20613
20616
20620
20623
20626
20630
20633
20636
20640
20643
20646
20650
20653
20656
20660
20663
20666
20669
20673
20676
20680
20683
20686
20689
20693
20696
20700
20703
20706
20710
20713
20717
20720
20724
20727
20731
20734
20737
20741
20744
20748
20751
20755
20758
20762
20765
20768
20772
20775
20779
20782
20786
20789
20793
20796
20800
20803
20806
20809
20812
20815
20818
20822
20825
20828
20831
20834
20837
20840
20844
20847
20850
20853
20856
20859
20862
20866
20869
20872
20875
20878
20881
20884
20888
20891
20894
20897
20900
20903
20906
20910
20922
20935
20947
20960
20972
20985
20997
21009
21022
21035
21047
21060
21072
21085
21097
21110
21112
21115
21118
21120
21123
21126
21128
21131
21134
21136
21139
21142
21144
21147
21150
21152
21155
21158
21160
21163
21166
21169
21171
21174
21177
21179
21182
21185
21187
21190
21193
21195
21198
21201
21203
21206
21209
21211
21214
21217
21220
21223
21226
21229
21232
21235
21238
21241
21244
21247
21250
21253
21256
21259
21262
21265
21268
21271
21274
21277
21280
21283
21286
21289
21292
21295
21298
21301
21304
21307
21310
21313
21316
21319
21322
21325
21328
21331
21334
21337
21340
21343
21346
21350
21353
21356
21359
21362
21365
21368
21371
21374
21377
21380
21383
21386
21390
21393
21396
21399
21402
21405
21408
21411
21414
21417
21420
21423
21426
21430
21433
21436
21439
21442
21445
21448
21451
21454
21457
21460
21463
21466
21470
21476
21483
21490
21497
21504
21511
21518
21525
21532
21539
21546
21553
21560
21567
21574
21581
21588
21595
21601
21608
21615
21622
21629
21636
21643
21650
21657
21664
21671
21678
21685
21692
21699
21706
21713
21720
21722
21724
21727
21729
21731
21734
21736
21739
21741
21743
21746
21748
21750
21753
21755
21758
21760
21762
21765
21767
21770
21772
21774
21777
21779
21781
21784
21786
21789
21791
21793
21796
21798
21800
21803
21805
21808
21810
21812
21815
21817
21820
21824
21828
21832
21836
21840
21844
21848
21852
21857
21861
21865
21869
21873
21877
21881
21885
21890
21894
21898
21902
21906
21910
21914
21918
21922
21927
21931
21935
21939
21943
21947
21951
21955
21960
21962
21965
21967
21970
21973
21975
21978
21981
21983
21986
21988
21991
21994
21996
21999
22002
22004
22007
22009
22012
22015
22017
22020
22023
22025
22028
22031
22033
22036
22038
22041
22044
22046
22049
22052
22054
22057
22060
22063
22067
22071
22075
22078
22082
22086
22090
22094
22097
22101
22105
22109
22112
22116
22120
22124
22128
22131
22135
22139
22143
22147
22150
22154
22158
22162
22165
22169
22173
22177
22181
22184
22188
22192
22196
22200
22203
22206
22209
22212
22216
22219
22222
22225
22229
22232
22235
22238
22241
22245
22248
22251
22254
22258
22261
22264
22267
22270
22274
22277
22280
22283
22287
22290
22293
22296
22300
22312
22325
22338
22350
22363
22376
22389
22401
22414
22427
22440
22442
22444
22447
22449
22452
22454
22457
22459
22461
22464
22466
22469
22471
22474
22476
22479
22481
22483
22486
22488
22491
22493
22496
22498
22500
22503
22505
22508
22510
22513
22515
22518
22520
22522
22525
22527
22530
22532
22535
22537
22540
22547
22554
22562
22569
22577
22584
22592
22599
22606
22614
22621
22629
22636
22644
22651
22658
22666
22673
22681
22688
22696
22703
22710
22718
22725
22733
22740
22748
22755
22762
22770
22777
22785
22792
22800
22802
22805
22807
22810
22812
22815
22817
22820
22822
22825
22827
22830
22832
22835
22837
22840
22842
22845
22847
22850
22852
22855
22857
22860
22862
22865
22867
22870
22872
22875
22877
22880
22882
22885
22887
22890
22892
22895
22897
22900
22902
22905
22907
22910
22913
22916
22920
22923
22927
22930
22934
22937
22940
22944
22947
22951
22954
22958
22961
22964
22968
22971
22975
22978
22982
22985
22988
22992
22995
22999
23002
23006
23009
23012
23016
23019
23023
23026
23030
23032
23035
23038
23041
23043
23046
23049
23052
23055
23057
23060
23063
23066
23069
23071
23074
23077
23080
23083
23085
23088
23091
23094
23096
23099
23102
23105
23108
23110
23113
23116
23119
23122
23124
23127
23130
23133
23136
23138
23141
23144
23147
23150
23154
23157
23162
23166
23169
23174
23177
23182
23186
23189
23194
23198
23202
23206
23209
23214
23218
23221
23226
23230
23234
23238
23241
23246
23250
23253
23258
23262
23266
23270
23273
23278
23282
23285
23290
23292
23295
23297
23300
23303
23305
23308
23310
23313
23316
23318
23321
23324
23326
23329
23331
23334
23337
23339
23342
23345
23347
23350
23352
23355
23358
23360
23363
23365
23368
23371
23373
23376
23379
23381
23384
23386
23389
23392
23394
23397
23400
23403
23406
23410
23413
23416
23419
23423
23426
23430
23433
23436
23440
23443
23446
23450
23453
23456
23460
23463
23466
23470
23473
23476
23480
23483
23486
23490
23493
23496
23500
23503
23506
23510
23513
23516
23519
23522
23526
23529
23532
23535
23539
23542
23545
23548
23551
23555
23558
23561
23564
23568
23571
23574
23577
23580
23584
23587
23590
23593
23597
23600
23603
23606
23610
23612
23615
23618
23621
23623
23626
23629
23631
23634
23637
23640
23643
23645
23648
23651
23654
23656
23659
23662
23665
23667
23670
23673
23676
23678
23681
23684
23686
23689
23692
23695
23698
23700
23703
23706
23709
23711
23714
23717
23720
23752
23784
23816
23848
23880
23882
23885
23887
23890
23893
23896
23898
23901
23904
23906
23909
23912
23914
23917
23919
23922
23925
23928
23930
23933
23936
23938
23941
23944
23946
23949
23952
23954
23957
23960
23962
23965
23968
23970
23973
23976
23978
23981
23984
23986
23989
23992
23994
23997
24000
24003
24006
24010
24013
24016
24020
24023
24026
24030
24033
24036
24040
24043
24046
24050
24053
24056
24060
24063
24066
24070
24073
24076
24080
24083
24086
24090
24093
24096
24100
24102
24105
24108
24111
24114
24117
24120
24123
24126
24129
24132
24135
24138
24141
24144
24147
24150
24153
24156
24159
24162
24165
24168
24171
24174
24177
24180
24183
24186
24189
24192
24195
24198
24201
24204
24207
24210
24235
24260
24285
24310
24335
24360
24363
24366
24369
24372
24375
24378
24381
24384
24387
24390
24393
24396
24399
24402
24405
24408
24411
24415
24418
24421
24424
24427
24430
24433
24436
24439
24442
24445
24448
24451
24454
24457
24460
24463
24466
24470
24473
24476
24479
24482
24485
24488
24491
24494
24498
24501
24504
24507
24510
24513
24516
24520
24523
24526
24529
24532
24535
24538
24541
24545
24548
24551
24554
24557
24560
24563
24566
24570
24572
24575
24578
24581
24584
24587
24590
24593
24596
24599
24602
24605
24608
24611
24614
24617
24620
24623
24626
24629
24632
24635
24638
24641
24644
24647
24650
24653
24656
24659
24662
24665
24668
24671
24674
24677
24680
24683
24686
24690
24693
24697
24700
24704
24707
24711
24714
24717
24721
24724
24728
24731
24735
24738
24742
24745
24748
24752
24755
24759
24762
24766
24769
24773
24776
24780
24783
24786
24790
24793
24796
24800
24803
24806
24810
24813
24816
24820
24823
24826
24830
24833
24836
24840
24843
24846
24850
24853
24856
24860
24863
24866
24870
24873
24876
24880
24883
24886
24890
24893
24896
24900
24903
24907
24910
24914
24917
24920
24924
24927
24931
24934
24938
24941
24945
24948
24951
24955
24958
24962
24965
24969
24972
24975
24979
24982
24986
24989
24993
24996
25000
25008
25017
25025
25034
25043
25051
25060
25069
25077
25086
25095
25103
25112
25120
25129
25138
25146
25155
25164
25172
25181
25190
25192
25194
25197
25199
25201
25204
25206
25209
25211
25213
25216
25218
25220
25223
25225
25228
25230
25232
25235
25237
25240
25242
25244
25247
25249
25251
25254
25256
25259
25261
25263
25266
25268
25270
25273
25275
25278
25280
25282
25285
25287
25290
25294
25298
25303
25307
25312
25316
25320
25325
25329
25334
25338
25342
25347
25351
25356
25360
25365
25369
25373
25378
25382
25387
25391
25395
25400
25404
25409
25413
25417
25422
25426
25431
25435
25440
25442
25445
25447
25450
25453
25455
25458
25461
25463
25466
25468
25471
25474
25476
25479
25482
25484
25487
25490
25492
25495
25497
25500
25503
25505
25508
25511
25513
25516
25518
25521
25524
25526
25529
25532
25534
25537
25540
25551
25563
25575
25586
25598
25610
25621
25633
25645
25656
25668
25680
25682
25684
25686
25689
25691
25693
25696
25698
25700
25703
25705
25707
25710
25712
25714
25717
25719
25721
25724
25726
25728
25731
25733
25735
25738
25740
25742
25745
25747
25749
25752
25754
25756
25759
25761
25763
25766
25768
25770
25773
25775
25777
25780
25782
25785
25787
25790
25793
25795
25798
25800
25803
25806
25808
25811
25814
25816
25819
25821
25824
25827
25829
25832
25835
25837
25840
25842
25845
25848
25850
25853
25855
25858
25861
25863
25866
25869
25871
25874
25876
25879
25882
25884
25887
25890
25893
25896
25899
25902
25905
25908
25912
25915
25918
25921
25924
25927
25930
25934
25937
25940
25943
25946
25949
25952
25956
25959
25962
25965
25968
25971
25974
25978
25981
25984
25987
25990
25993
25996
26000
26003
26007
26010
26014
26017
26021
26025
26028
26032
26035
26039
26042
26046
26050
26053
26057
26060
26064
26067
26071
26075
26078
26082
26085
26089
26092
26096
26100
26112
26124
26136
26148
26160
26172
26185
26197
26209
26221
26233
26245
26257
26270
26272
26274
26276
26279
26281
26283
26285
26288
26290
26292
26295
26297
26299
26301
26304
26306
26308
26310
26313
26315
26317
26320
26322
26324
26326
26329
26331
26333
26335
26338
26340
26342
26345
26347
26349
26351
26354
26356
26358
26360
26363
26365
26367
26370
26374
26378
26383
26387
26392
26396
26400
26405
26409
26414
26418
26422
26427
26431
26436
26440
26445
26449
26453
26458
26462
26467
26471
26475
26480
26484
26489
26493
26497
26502
26506
26511
26515
26520
26522
26525
26528
26531
26533
26536
26539
26541
26544
26547
26550
26553
26555
26558
26561
26564
26566
26569
26572
26575
26577
26580
26583
26586
26588
26591
26594
26596
26599
26602
26605
26608
26610
26613
26616
26619
26621
26624
26627
26630
26634
26639
26644
26649
26654
26659
26663
26668
26673
26678
26683
26688
26692
26697
26702
26707
26712
26717
26721
26726
26731
26736
26741
26746
26750
26755
26760
26765
26770
26775
26780
26783
26786
26789
26792
26796
26799
26802
26805
26809
26812
26815
26818
26822
26825
26828
26831
26835
26838
26841
26844
26847
26851
26854
26857
26860
26864
26867
26870
26873
26877
26880
26883
26886
26890
26893
26896
26899
26902
26905
26908
26912
26915
26918
26921
26924
26927
26931
26934
26937
26940
26943
26946
26950
26953
26956
26959
26962
26965
26968
26972
26975
26978
26981
26984
26987
26991
26994
26997
27000
27003
27006
27010
27012
27015
27018
27021
27023
27026
27029
27032
27035
27037
27040
27043
27046
27048
27051
27054
27057
27060
27062
27065
27068
27071
27073
27076
27079
27082
27085
27087
27090
27093
27096
27098
27101
27104
27107
27110
27113
27117
27121
27125
27129
27133
27137
27141
27145
27149
27153
27157
27161
27165
27168
27172
27176
27180
27184
27188
27192
27196
27200
27204
27208
27212
27216
27220
27223
27226
27229
27232
27235
27238
27241
27244
27248
27251
27254
27257
27260
27263
27266
27270
27273
27276
27279
27282
27285
27288
27291
27295
27298
27301
27304
27307
27310
27313
27316
27320
27329
27338
27348
27357
27367
27376
27386
27395
27405
27414
27423
27433
27442
27452
27461
27471
27480
27490
27493
27496
27499
27502
27505
27508
27511
27515
27518
27521
27524
27527
27530
27533
27536
27540
27543
27546
27549
27552
27555
27558
27561
27564
27568
27571
27574
27577
27580
27583
27586
27590
27593
27597
27600
27604
27607
27611
27614
27618
27621
27625
27628
27632
27635
27639
27642
27646
27649
27653
27656
27660
27663
27667
27670
27674
27677
27681
27684
27688
27691
27695
27698
27702
27705
27709
27712
27716
27719
27723
27726
27730
27732
27735
27738
27741
27744
27747
27750
27753
27756
27758
27761
27764
27767
27770
27773
27776
27779
27782
27784
27787
27790
27793
27796
27799
27802
27805
27808
27810
27813
27816
27819
27822
27825
27828
27831
27834
27836
27839
27842
27845
27848
27851
27854
27857
27860
27863
27866
27869
27872
27875
27878
27881
27885
27888
27891
27894
27897
27900
27904
27907
27910
27913
27916
27919
27922
27926
27929
27932
27935
27938
27941
27944
27948
27951
27954
27957
27960
27963
27966
27970
27973
27976
27980
27983
27987
27990
27994
27997
28001
28004
28007
28011
28014
28018
28021
28025
28028
28032
28035
28038
28042
28045
28049
28052
28056
28059
28063
28066
28070
28085
28101
28116
28132
28147
28163
28178
28194
28210
28213
28216
28219
28222
28225
28228
28231
28235
28238
28241
28244
28247
28250
28253
28256
28259
28263
28266
28269
28272
28275
28278
28281
28285
28288
28291
28294
28297
28300
28303
28306
28310
28313
28316
28320
28323
28326
28330
28333
28336
28340
28343
28346
28350
28353
28356
28360
28363
28366
28370
28373
28376
28380
28383
28386
28390
28393
28396
28400
28403
28406
28410
28413
28416
28420
28423
28427
28431
28434
28438
28442
28445
28449
28453
28456
28460
28464
28467
28471
28475
28478
28482
28486
28489
28493
28497
28500
28504
28508
28511
28515
28519
28522
28526
28530
28533
28536
28539
28542
28546
28549
28552
28555
28559
28562
28565
28568
28572
28575
28578
28581
28585
28588
28591
28594
28597
28601
28604
28607
28610
28614
28617
28620
28623
28627
28630
28633
28636
28640
28661
28682
28704
28725
28747
28768
28790
28811
28832
28854
28875
28897
28918
28940
28942
28945
28948
28950
28953
28956
28958
28961
28964
28967
28969
28972
28975
28977
28980
28983
28985
28988
28991
28994
28996
28999
29002
29004
29007
29010
29012
29015
29018
29021
29023
29026
29029
29031
29034
29037
29040
29042
29045
29048
29051
29054
29056
29059
29062
29065
29068
29071
29073
29076
29079
29082
29085
29087
29090
29093
29096
29099
29102
29104
29107
29110
29113
29116
29118
29121
29124
29127
29130
29133
29135
29138
29141
29144
29147
29150
29153
29157
29161
29165
29168
29172
29176
29180
29184
29187
29191
29195
29199
29203
29206
29210
29214
29218
29222
29225
29229
29233
29237
29241
29244
29248
29252
29256
29260
29262
29265
29267
29270
29272
29275
29277
29280
29283
29285
29288
29290
29293
29295
29298
29301
29303
29306
29308
29311
29313
29316
29318
29321
29324
29326
29329
29331
29334
29336
29339
29342
29344
29347
29349
29352
29354
29357
29360
29364
29368
29372
29376
29380
29384
29388
29392
29396
29400
29404
29408
29412
29417
29421
29425
29429
29433
29437
29441
29445
29449
29453
29457
29461
29465
29470
29472
29475
29477
29480
29482
29485
29487
29490
29493
29495
29498
29500
29503
29505
29508
29511
29513
29516
29518
29521
29523
29526
29528
29531
29534
29536
29539
29541
29544
29546
29549
29552
29554
29557
29559
29562
29564
29567
29570
29574
29579
29584
29589
29593
29598
29603
29608
29613
29617
29622
29627
29632
29636
29641
29646
29651
29656
29660
29665
29670
29675
29680
29682
29684
29687
29689
29692
29694
29697
29699
29701
29704
29706
29709
29711
29714
29716
29719
29721
29723
29726
29728
29731
29733
29736
29738
29740
29743
29745
29748
29750
29753
29755
29758
29760
29762
29765
29767
29770
29772
29775
29777
29780
29783
29787
29791
29795
29799
29802
29806
29810
29814
29818
29822
29825
29829
29833
29837
29841
29845
29848
29852
29856
29860
29864
29867
29871
29875
29879
29883
29887
29890
29894
29898
29902
29906
29910
