4
8
12
16
21
25
29
33
38
42
46
50
55
59
63
67
71
76
80
84
88
93
97
101
105
110
123
136
150
163
176
190
203
216
230
243
256
270
283
297
310
324
337
351
364
378
391
405
418
432
445
459
472
486
499
513
526
540
543
546
549
552
555
558
561
564
567
570
573
576
579
582
585
588
591
594
597
600
603
606
609
612
615
618
621
624
627
630
633
636
639
642
645
648
651
654
657
660
663
666
669
672
675
678
681
684
687
690
693
696
700
704
708
713
717
722
726
730
735
739
744
748
752
757
761
766
770
774
779
783
788
792
796
801
805
810
814
818
822
826
830
834
838
842
846
850
854
858
862
866
870
874
878
882
886
890
894
898
902
906
910
914
919
924
929
933
938
943
948
953
957
962
967
972
976
981
986
991
996
1000
1005
1010
1015
1020
1023
1026
1030
1033
1037
1040
1044
1047
1050
1054
1057
1061
1064
1068
1071
1075
1078
1081
1085
1088
1092
1095
1099
1102
1105
1109
1112
1116
1119
1123
1126
1130
1134
1138
1142
1146
1150
1154
1158
1162
1166
1170
1174
1178
1182
1187
1191
1195
1199
1203
1207
1211
1215
1219
1223
1227
1231
1235
1240
1243
1247
1251
1255
1258
1262
1266
1270
1274
1277
1281
1285
1289
1293
1296
1300
1304
1308
1312
1315
1319
1323
1327
1331
1334
1338
1342
1346
1350
1357
1365
1372
1380
1388
1395
1403
1410
1418
1426
1433
1441
1448
1456
1464
1471
1479
1486
1494
1502
1509
1517
1524
1532
1540
1543
1546
1550
1553
1556
1560
1563
1566
1570
1573
1576
1580
1583
1586
1589
1593
1596
1599
1603
1606
1609
1613
1616
1619
1623
1626
1630
1633
1636
1640
1643
1646
1650
1653
1656
1660
1663
1666
1670
1673
1676
1680
1683
1686
1690
1693
1696
1700
1703
1706
1710
1713
1716
1720
1723
1726
1730
1733
1736
1740
1743
1746
1750
1753
1757
1761
1765
1768
1772
1776
1780
1784
1787
1791
1795
1799
1803
1806
1810
1814
1818
1822
1825
1829
1833
1837
1841
1844
1848
1852
1856
1860
1863
1866
1870
1873
1876
1880
1883
1886
1890
1893
1896
1900
1903
1906
1910
1913
1916
1920
1923
1926
1930
1933
1936
1940
1943
1946
1950
1953
1956
1960
1964
1968
1972
1976
1980
1984
1988
1992
1996
2000
2004
2008
2012
2017
2021
2025
2029
2033
2037
2041
2045
2049
2053
2057
2061
2065
2070
2073
2077
2080
2084
2087
2091
2094
2098
2102
2105
2109
2112
2116
2120
2123
2127
2130
2134
2137
2141
2145
2148
2152
2155
2159
2162
2166
2170
2221
2272
2323
2374
2425
2476
2527
2578
2630
2632
2634
2636
2639
2641
2643
2645
2648
2650
2652
2654
2657
2659
2661
2663
2666
2668
2670
2673
2675
2677
2679
2682
2684
2686
2688
2691
2693
2695
2697
2700
2702
2704
2706
2709
2711
2713
2716
2718
2720
2722
2725
2727
2729
2731
2734
2736
2738
2740
2743
2745
2747
2750
2753
2757
2761
2765
2768
2772
2776
2780
2784
2787
2791
2795
2799
2803
2806
2810
2814
2818
2822
2825
2829
2833
2837
2841
2844
2848
2852
2856
2860
2863
2866
2870
2873
2877
2880
2884
2887
2891
2894
2897
2901
2904
2908
2911
2915
2918
2922
2925
2928
2932
2935
2939
2942
2946
2949
2953
2956
2960
2963
2966
2970
2973
2977
2980
2984
2987
2990
2994
2997
3001
3004
3008
3011
3014
3018
3021
3025
3028
3032
3035
3039
3042
3045
3049
3052
3056
3059
3063
3066
3070
3073
3077
3081
3084
3088
3092
3095
3099
3103
3107
3110
3114
3118
3121
3125
3129
3132
3136
3140
3144
3147
3151
3155
3158
3162
3166
3170
3173
3176
3179
3182
3185
3188
3191
3195
3198
3201
3204
3207
3210
3214
3217
3220
3223
3226
3229
3232
3235
3239
3242
3245
3248
3251
3254
3258
3261
3264
3267
3270
3273
3276
3280
3284
3288
3293
3297
3302
3306
3310
3315
3319
3324
3328
3332
3337
3341
3346
3350
3354
3359
3363
3368
3372
3376
3381
3385
3390
3393
3396
3400
3403
3406
3410
3413
3416
3420
3423
3426
3430
3433
3436
3440
3443
3446
3450
3453
3456
3460
3463
3466
3470
3473
3476
3480
3483
3486
3490
3493
3496
3500
3503
3506
3509
3512
3515
3518
3521
3524
3527
3530
3533
3536
3539
3542
3545
3548
3551
3554
3558
3561
3564
3567
3570
3573
3576
3579
3582
3585
3588
3591
3594
3597
3600
3603
3606
3610
3613
3617
3621
3625
3629
3633
3636
3640
3644
3648
3652
3656
3660
3663
3667
3671
3675
3679
3683
3686
3690
3694
3698
3702
3706
3710
3714
3719
3723
3728
3732
3737
3742
3746
3751
3755
3760
3764
3769
3774
3778
3783
3787
3792
3797
3801
3806
3810
3815
3820
3826
3833
3840
3847
3854
3861
3868
3875
3882
3889
3896
3903
3910
3917
3924
3931
3938
3945
3952
3959
3966
3973
3980
3984
3988
3993
3997
4002
4006
4011
4015
4019
4024
4028
4033
4037
4042
4046
4051
4055
4059
4064
4068
4073
4077
4082
4086
4091
4095
4100
4103
4107
4111
4115
4119
4123
4126
4130
4134
4138
4142
4146
4150
4153
4157
4161
4165
4169
4173
4176
4180
4184
4188
4192
4196
4200
4209
4218
4228
4237
4246
4256
4265
4275
4284
4293
4303
4312
4321
4331
4340
4350
4352
4355
4358
4361
4364
4367
4370
4372
4375
4378
4381
4384
4387
4390
4392
4395
4398
4401
4404
4407
4410
4412
4415
4418
4421
4424
4427
4430
4432
4435
4438
4441
4444
4447
4450
4453
4457
4461
4465
4468
4472
4476
4480
4484
4487
4491
4495
4499
4503
4506
4510
4514
4518
4522
4525
4529
4533
4537
4541
4544
4548
4552
4556
4560
4563
4566
4569
4572
4576
4579
4582
4585
4589
4592
4595
4598
4601
4605
4608
4611
4614
4618
4621
4624
4627
4630
4634
4637
4640
4643
4647
4650
4653
4656
4660
4663
4667
4671
4675
4679
4683
4687
4690
4694
4698
4702
4706
4710
4714
4718
4721
4725
4729
4733
4737
4741
4745
4749
4752
4756
4760
4764
4768
4772
4776
4780
4791
4802
4813
4824
4835
4847
4858
4869
4880
4891
4902
4914
4925
4936
4947
4958
4970
4973
4977
4981
4985
4989
4993
4997
5001
5005
5009
5013
5017
5021
5025
5028
5032
5036
5040
5044
5048
5052
5056
5060
5064
5068
5072
5076
5080
5085
5090
5095
5100
5105
5110
5115
5120
5125
5130
5135
5140
5145
5149
5154
5160
5165
5170
5175
5180
5184
5189
5194
5199
5203
5208
5213
5218
5223
5227
5232
5237
5242
5246
5251
5256
5261
5266
5270
5275
5280
5285
5290
5295
5300
5305
5311
5316
5321
5326
5332
5337
5342
5347
5353
5358
5363
5368
5374
5379
5384
5390
5395
5401
5406
5412
5417
5423
5428
5434
5439
5445
5450
5455
5461
5467
5472
5478
5483
5489
5494
5500
5503
5507
5511
5515
5518
5522
5526
5530
5534
5537
5541
5545
5549
5553
5556
5560
5564
5568
5572
5575
5579
5583
5587
5591
5594
5598
5602
5606
5610
5619
5628
5637
5646
5655
5664
5673
5682
5691
5700
5710
5713
5717
5721
5725
5728
5732
5736
5740
5744
5747
5751
5755
5759
5763
5766
5770
5774
5778
5782
5785
5789
5793
5797
5801
5804
5808
5812
5816
5820
5824
5829
5833
5838
5842
5847
5851
5856
5860
5865
5870
5874
5879
5883
5888
5892
5897
5901
5906
5910
5915
5920
5924
5928
5932
5936
5941
5945
5949
5953
5958
5962
5966
5970
5975
5979
5983
5987
5991
5996
6000
6004
6008
6013
6017
6021
6025
6030
6034
6039
6044
6049
6053
6058
6063
6068
6072
6077
6082
6087
6091
6096
6101
6106
6110
6115
6120
6125
6130
6134
6139
6143
6148
6152
6157
6162
6166
6171
6175
6180
6185
6189
6194
6198
6203
6207
6212
6217
6221
6226
6230
6235
6240
6244
6248
6253
6257
6262
6266
6270
6275
6279
6284
6288
6292
6297
6301
6306
6310
6314
6319
6323
6327
6332
6336
6341
6345
6350
6354
6358
6362
6366
6370
6375
6379
6383
6387
6391
6395
6400
6404
6408
6412
6416
6420
6425
6429
6433
6437
6441
6445
6450
6454
6459
6464
6469
6473
6478
6483
6488
6493
6497
6502
6507
6512
6516
6521
6526
6531
6536
6540
6545
6550
6555
6560
6566
6573
6580
6586
6593
6600
6606
6613
6620
6626
6633
6640
6646
6653
6660
6665
6670
6676
6681
6687
6692
6698
6703
6709
6714
6720
6725
6730
6736
6741
6747
6752
6758
6763
6769
6774
6780
6784
6789
6794
6799
6803
6808
6813
6818
6822
6827
6832
6837
6841
6846
6851
6856
6860
6865
6870
6875
6880
6886
6892
6898
6904
6910
6916
6922
6928
6935
6941
6947
6953
6959
6965
6971
6977
6983
6990
6995
7001
7006
7012
7017
7023
7028
7034
7039
7045
7050
7056
7061
7067
7072
7077
7083
7088
7094
7100
7107
7115
7123
7130
7138
7146
7153
7161
7169
7176
7184
7192
7200
7204
7208
7212
7216
7220
7224
7228
7232
7236
7240
7244
7248
7252
7257
7261
7265
7269
7273
7277
7281
7285
7289
7293
7297
7301
7305
7310
7314
7319
7323
7328
7332
7337
7341
7346
7350
7355
7359
7364
7369
7373
7378
7382
7387
7391
7396
7400
7405
7410
7414
7419
7424
7429
7433
7438
7443
7448
7453
7457
7462
7467
7472
7476
7481
7486
7491
7496
7500
7505
7510
7515
7520
7529
7540
7550
7560
7569
7580
7590
7600
7609
7620
7630
7634
7638
7642
7646
7651
7655
7659
7663
7668
7672
7676
7680
7685
7689
7693
7697
7701
7706
7710
7714
7718
7723
7727
7731
7735
7740
7744
7749
7754
7759
7763
7768
7773
7778
7783
7787
7792
7797
7802
7806
7811
7816
7821
7826
7830
7835
7840
7845
7850
7854
7859
7863
7868
7872
7877
7881
7886
7890
7895
7900
7904
7909
7913
7918
7922
7927
7931
7936
7940
7945
7950
7955
7961
7966
7972
7977
7983
7988
7994
7999
8005
8010
8016
8021
8027
8032
8038
8043
8049
8054
8060
8063
8067
8071
8075
8079
8083
8086
8090
8094
8098
8102
8106
8109
8113
8117
8121
8125
8129
8133
8136
8140
8144
8148
8152
8156
8160
8170
8180
8189
8200
8210
8220
8230
8240
8250
8260
8270
8280
8290
8300
8310
8320
8323
8326
8330
8333
8337
8340
8344
8347
8351
8354
8357
8361
8364
8368
8371
8375
8378
8382
8385
8388
8392
8395
8399
8402
8406
8409
8413
8416
8420
8425
8431
8436
8442
8448
8453
8459
8464
8470
8476
8481
8487
8492
8498
8504
8509
8515
8520
8526
8532
8537
8543
8548
8554
8560
8564
8568
8572
8576
8580
8585
8589
8593
8597
8601
8605
8610
8614
8618
8622
8626
8630
8635
8639
8643
8647
8651
8655
8660
8663
8667
8670
8674
8677
8681
8684
8688
8691
8695
8699
8702
8706
8709
8713
8716
8720
8723
8727
8730
8734
8738
8741
8745
8748
8752
8755
8759
8762
8766
8770
8774
8778
8783
8787
8792
8796
8800
8805
8809
8814
8818
8822
8827
8831
8836
8840
8844
8849
8853
8858
8862
8866
8871
8875
8880
8883
8886
8889
8892
8896
8899
8902
8905
8909
8912
8915
8918
8922
8925
8928
8931
8935
8938
8941
8944
8947
8951
8954
8957
8960
8964
8967
8970
8973
8977
8980
8983
8986
8990
8994
8998
9003
9007
9012
9016
9020
9025
9029
9034
9038
9042
9047
9051
9056
9060
9064
9069
9073
9078
9082
9086
9091
9095
9100
9104
9109
9113
9118
9122
9127
9131
9136
9140
9145
9149
9154
9159
9163
9168
9172
9177
9181
9186
9190
9195
9200
9209
9219
9230
9240
9250
9260
9270
9280
9290
9300
9310
9313
9316
9319
9322
9325
9328
9331
9335
9338
9341
9344
9347
9350
9353
9356
9360
9363
9366
9369
9372
9375
9378
9381
9385
9388
9391
9394
9397
9400
9403
9406
9410
9413
9417
9420
9424
9427
9431
9434
9438
9441
9445
9449
9452
9456
9459
9463
9466
9470
9473
9477
9480
9484
9488
9491
9495
9498
9502
9505
9509
9512
9516
9520
9523
9527
9530
9534
9537
9541
9544
9548
9551
9555
9558
9562
9565
9569
9572
9576
9579
9583
9586
9590
9593
9597
9600
9604
9607
9611
9614
9618
9621
9625
9628
9632
9635
9639
9642
9646
9650
9654
9658
9662
9666
9671
9675
9679
9683
9688
9692
9696
9700
9705
9709
9713
9717
9721
9726
9730
9734
9738
9743
9747
9751
9755
9760
9765
9770
9775
9780
9785
9790
9795
9800
9805
9810
9815
9820
9825
9830
9835
9840
9845
9850
9855
9860
9865
9870
9875
9880
9885
9891
9897
9903
9908
9914
9920
9926
9932
9937
9943
9949
9955
9961
9966
9972
9978
9984
9990
9995
10000
10005
10010
10016
10021
10026
10031
10036
10042
10047
10052
10057
10062
10068
10073
10078
10083
10088
10094
10099
10104
10109
10114
10120
10123
10126
10129
10132
10135
10138
10141
10145
10148
10151
10154
10157
10160
10163
10166
10170
10173
10176
10179
10182
10185
10188
10191
10195
10198
10201
10204
10207
10210
10213
10216
10220
10224
10228
10232
10236
10241
10245
10249
10253
10258
10262
10266
10270
10275
10279
10283
10287
10291
10296
10300
10304
10308
10313
10317
10321
10325
10330
10333
10336
10340
10343
10347
10350
10354
10357
10361
10364
10367
10371
10374
10378
10381
10385
10388
10392
10395
10398
10402
10405
10409
10412
10416
10419
10423
10426
10430
10433
10436
10440
10443
10447
10450
10454
10457
10460
10464
10467
10471
10474
10478
10481
10485
10488
10491
10495
10498
10502
10505
10509
10512
10515
10519
10522
10526
10529
10533
10536
10540
10543
10547
10550
10554
10557
10561
10565
10568
10572
10575
10579
10582
10586
10590
10593
10597
10600
10604
10607
10611
10615
10618
10622
10625
10629
10632
10636
10640
10644
10648
10653
10657
10662
10666
10670
10675
10679
10684
10688
10692
10697
10701
10706
10710
10714
10719
10723
10728
10732
10736
10741
10745
10750
10770
10790
10809
10830
10850
10870
10873
10876
10879
10883
10886
10889
10893
10896
10900
10903
10906
10910
10913
10916
10920
10923
10926
10930
10933
10936
10940
10943
10946
10950
10953
10956
10960
10963
10966
10970
10974
10978
10982
10986
10990
10994
10998
11002
11006
11010
11014
11018
11022
11027
11031
11035
11039
11043
11047
11051
11055
11059
11063
11067
11071
11075
11080
11083
11087
11091
11095
11099
11103
11106
11110
11114
11118
11122
11126
11129
11133
11137
11141
11145
11149
11153
11156
11160
11164
11168
11172
11176
11180
11184
11188
11192
11196
11200
11204
11208
11212
11216
11220
11224
11228
11232
11236
11240
11244
11248
11252
11256
11260
11264
11268
11272
11276
11280
11284
11288
11292
11296
11300
11303
11306
11310
11313
11317
11320
11324
11327
11331
11334
11337
11341
11344
11348
11351
11355
11358
11362
11365
11368
11372
11375
11379
11382
11386
11389
11393
11396
11400
11408
11417
11425
11434
11443
11451
11460
11469
11477
11486
11495
11503
11512
11520
11529
11538
11546
11555
11564
11572
11581
11590
11593
11596
11600
11603
11607
11610
11614
11617
11621
11624
11627
11631
11634
11638
11641
11645
11648
11652
11655
11658
11662
11665
11669
11672
11676
11679
11683
11686
11690
11695
11701
11707
11713
11718
11724
11730
11736
11742
11747
11753
11759
11765
11771
11776
11782
11788
11794
11800
11804
11808
11812
11816
11820
11824
11828
11832
11836
11840
11844
11848
11852
11856
11860
11864
11868
11872
11876
11880
11884
11888
11892
11896
11900
11908
11917
11926
11935
11944
11953
11962
11971
11980
11989
11998
12007
12016
12025
12034
12043
12052
12061
12070
12073
12076
12079
12082
12085
12088
12091
12095
12098
12101
12104
12107
12110
12113
12116
12120
12123
12126
12129
12132
12135
12138
12141
12145
12148
12151
12154
12157
12160
12163
12166
12170
12173
12177
12181
12185
12189
12193
12197
12201
12205
12209
12213
12217
12221
12225
12228
12232
12236
12240
12244
12248
12252
12256
12260
12264
12268
12272
12276
12280
12285
12290
12295
12299
12305
12310
12315
12320
12325
12330
12335
12340
12345
12350
12355
12360
12365
12370
12375
12380
12386
12392
12398
12404
12410
12416
12422
12428
12434
12440
12446
12452
12458
12464
12470
12476
12482
12488
12494
12500
12504
12509
12514
12519
12524
12528
12533
12538
12543
12548
12552
12557
12562
12567
12572
12576
12581
12586
12591
12596
12600
12605
12610
12615
12620
12623
12627
12631
12635
12638
12642
12646
12650
12654
12657
12661
12665
12669
12673
12676
12680
12684
12688
12692
12695
12699
12703
12707
12711
12714
12718
12722
12726
12730
12733
12737
12741
12745
12748
12752
12756
12760
12764
12767
12771
12775
12779
12783
12786
12790
12794
12798
12802
12805
12809
12813
12817
12821
12824
12828
12832
12836
12840
12844
12849
12853
12858
12862
12867
12871
12876
12880
12885
12890
12894
12899
12903
12908
12912
12917
12921
12926
12930
12935
12940
12944
12948
12953
12957
12962
12966
12970
12975
12979
12984
12988
12992
12997
13001
13006
13010
13014
13019
13023
13028
13032
13036
13041
13045
13050
13072
13094
13116
13138
13160
13164
13168
13172
13176
13180
13184
13188
13192
13196
13200
13204
13208
13212
13217
13221
13225
13229
13233
13237
13241
13245
13249
13253
13257
13261
13265
13270
13275
13280
13285
13290
13296
13301
13306
13311
13317
13322
13327
13332
13338
13343
13348
13353
13359
13364
13369
13374
13380
13384
13389
13394
13399
13403
13408
13413
13418
13423
13427
13432
13437
13442
13446
13451
13456
13461
13466
13470
13475
13480
13485
13490
13497
13504
13512
13519
13526
13534
13541
13548
13556
13563
13571
13578
13585
13593
13600
13607
13615
13622
13630
13633
13636
13640
13643
13646
13650
13653
13656
13660
13663
13666
13670
13673
13676
13680
13683
13686
13690
13693
13696
13700
13703
13706
13710
13713
13716
13720
13723
13726
13730
13733
13736
13740
13744
13748
13752
13756
13761
13765
13769
13773
13778
13782
13786
13790
13795
13799
13803
13807
13811
13816
13820
13824
13828
13833
13837
13841
13845
13850
13867
13885
13902
13920
13937
13955
13972
13990
13993
13997
14000
14004
14007
14011
14014
14018
14021
14025
14029
14032
14036
14039
14043
14046
14050
14053
14057
14060
14064
14068
14071
14075
14078
14082
14085
14089
14092
14096
14100
14103
14107
14111
14115
14119
14123
14126
14130
14134
14138
14142
14146
14149
14153
14157
14161
14165
14169
14173
14176
14180
14184
14188
14192
14196
14200
14204
14208
14212
14216
14220
14224
14228
14232
14236
14240
14244
14248
14252
14257
14261
14265
14269
14273
14277
14281
14285
14289
14293
14297
14301
14305
14310
14314
14319
14323
14328
14332
14337
14342
14346
14351
14355
14360
14365
14369
14374
14378
14383
14387
14392
14397
14401
14406
14410
14415
14420
14424
14428
14432
14436
14441
14445
14449
14453
14458
14462
14466
14470
14475
14479
14483
14487
14491
14496
14500
14504
14508
14513
14517
14521
14525
14530
14534
14538
14543
14547
14551
14556
14560
14564
14569
14573
14577
14582
14586
14590
14595
14599
14603
14608
14612
14616
14621
14625
14630
14636
14643
14649
14656
14662
14669
14675
14682
14688
14695
14701
14708
14714
14721
14727
14734
14740
14747
14753
14760
14766
14773
14780
14783
14786
14790
14793
14796
14799
14803
14806
14810
14813
14816
14820
14823
14826
14830
14833
14836
14840
14843
14846
14850
14853
14856
14860
14863
14866
14870
14873
14876
14880
14885
14890
14895
14900
14905
14910
14915
14920
14925
14930
14935
14940
14945
14950
14955
14960
14965
14970
14975
14980
14985
14990
14993
14997
15001
15005
15008
15012
15016
15020
15024
15027
15031
15035
15039
15043
15046
15050
15054
15058
15062
15065
15069
15073
15077
15081
15084
15088
15092
15096
15100
15105
15110
15115
15121
15126
15131
15136
15142
15147
15152
15157
15163
15168
15173
15178
15184
15189
15194
15200
15210
15222
15233
15244
15254
15266
15277
15288
15299
15310
15314
15318
15322
15326
15330
15334
15338
15342
15346
15350
15354
15358
15362
15366
15370
15374
15378
15382
15386
15390
15394
15398
15402
15406
15410
15413
15417
15421
15425
15428
15432
15436
15440
15444
15447
15451
15455
15459
15463
15466
15470
15474
15478
15482
15485
15489
15493
15497
15501
15504
15508
15512
15516
15520
15523
15527
15531
15535
15538
15542
15546
15550
15554
15557
15561
15565
15569
15573
15576
15580
15584
15588
15592
15595
15599
15603
15607
15611
15614
15618
15622
15626
15630
15633
15637
15641
15644
15648
15652
15655
15659
15663
15666
15670
15674
15677
15681
15685
15688
15692
15696
15699
15703
15707
15710
15714
15718
15721
15725
15729
15732
15736
15740
15743
15746
15750
15753
15757
15760
15764
15767
15770
15774
15777
15781
15784
15788
15791
15795
15798
15801
15805
15808
15812
15815
15819
15822
15825
15829
15832
15836
15839
15843
15846
15850
15863
15876
15890
15903
15916
15930
15943
15956
15970
15983
15996
16010
16023
16036
16050
16052
16055
16057
16060
16063
16065
16068
16071
16073
16076
16078
16081
16084
16086
16089
16092
16094
16097
16100
16102
16105
16107
16110
16113
16115
16118
16121
16123
16126
16128
16131
16134
16136
16139
16142
16144
16147
16149
16158
16167
16176
16184
16193
16202
16211
16219
16228
16237
16246
16254
16263
16272
16281
16290
16292
16294
16296
16299
16301
16303
16306
16308
16310
16313
16315
16317
16320
16322
16324
16327
16329
16331
16334
16336
16338
16341
16343
16345
16348
16350
16352
16355
16357
16359
16362
16364
16366
16369
16371
16373
16376
16378
16380
16383
16385
16387
16390
16392
16395
16398
16401
16404
16406
16409
16412
16415
16418
16421
16423
16426
16429
16432
16435
16437
16440
16443
16446
16449
16452
16454
16457
16460
16463
16466
16468
16471
16474
16477
16480
16483
16485
16488
16491
16494
16497
16500
16504
16508
16513
16517
16522
16526
16530
16535
16539
16544
16548
16552
16557
16561
16566
16570
16574
16579
16583
16588
16592
16596
16601
16605
16610
16613
16616
16619
16622
16626
16629
16632
16635
16639
16642
16645
16648
16651
16655
16658
16661
16664
16668
16671
16674
16677
16680
16684
16687
16690
16693
16697
16700
16703
16706
16710
16713
16717
16721
16725
16728
16732
16736
16740
16744
16747
16751
16755
16759
16763
16766
16770
16774
16778
16782
16785
16789
16793
16797
16801
16804
16808
16812
16816
16820
16823
16826
16829
16832
16836
16839
16842
16845
16849
16852
16855
16858
16861
16865
16868
16871
16874
16878
16881
16884
16887
16890
16894
16897
16900
16903
16907
16910
16913
16916
16920
16924
16929
16934
16939
16944
16948
16953
16958
16963
16968
16972
16977
16982
16987
16992
16996
17001
17006
17011
17016
17020
17025
17030
17035
17040
17044
17048
17052
17056
17060
17064
17067
17072
17076
17080
17084
17088
17092
17096
17100
17104
17108
17112
17116
17120
17124
17128
17132
17136
17140
17150
17161
17172
17183
17194
17205
17215
17226
17237
17248
17259
17270
17273
17277
17281
17285
17288
17292
17296
17300
17304
17307
17311
17315
17319
17323
17326
17330
17334
17338
17342
17345
17349
17353
17357
17361
17364
17368
17372
17376
17380
17383
17387
17391
17395
17398
17402
17406
17410
17414
17417
17421
17425
17429
17433
17436
17440
17444
17448
17452
17455
17459
17463
17467
17471
17474
17478
17482
17486
17490
17493
17496
17499
17502
17505
17508
17511
17514
17517
17520
17523
17526
17529
17532
17535
17538
17541
17545
17548
17551
17554
17557
17560
17563
17566
17569
17572
17575
17578
17581
17584
17587
17590
17593
17596
17600
17603
17606
17610
17613
17616
17620
17623
17626
17630
17633
17636
17640
17643
17646
17650
17653
17656
17660
17663
17666
17670
17673
17676
17680
17683
17686
17689
17693
17696
17700
17703
17706
17710
17713
17716
17720
17723
17726
17730
17733
17736
17740
17743
17746
17750
17753
17756
17759
17763
17766
17770
17773
17776
17779
17783
17786
17790
17793
17796
17799
17803
17806
17810
17814
17817
17822
17826
17830
17834
17837
17842
17846
17849
17854
17858
17862
17866
17870
17874
17878
17882
17886
17890
17894
17898
17902
17906
17910
17918
17926
17934
17942
17950
17958
17966
17974
17982
17990
17998
18006
18014
18022
18030
18038
18046
18054
18062
18070
18078
18086
18094
18102
18110
18113
18116
18119
18122
18125
18128
18131
18134
18138
18141
18144
18147
18150
18153
18156
18160
18163
18166
18169
18172
18175
18178
18181
18185
18188
18191
18194
18197
18200
18203
18206
18210
18213
18216
18220
18223
18227
18230
18234
18237
18240
18244
18247
18251
18254
18258
18261
18265
18268
18271
18275
18278
18282
18285
18289
18292
18295
18299
18302
18306
18309
18313
18316
18320
18324
18328
18332
18336
18340
18344
18348
18352
18356
18360
18364
18368
18372
18376
18380
18384
18388
18392
18396
18400
18404
18408
18412
18416
18420
18424
18428
18432
18436
18441
18445
18449
18453
18458
18462
18466
18470
18475
18479
18483
18487
18491
18496
18500
18504
18508
18513
18517
18521
18525
18530
18532
18535
18538
18541
18544
18547
18550
18553
18556
18559
18562
18565
18568
18571
18574
18577
18580
18582
18585
18588
18591
18594
18597
18600
18603
18606
18609
18612
18615
18618
18621
18624
18627
18630
18634
18639
18644
18649
18654
18658
18663
18668
18673
18678
18682
18687
18692
18697
18702
18707
18711
18716
18721
18726
18731
18735
18740
18745
18750
18755
18760
18766
18773
18779
18786
18792
18799
18805
18812
18818
18825
18832
18838
18845
18851
18858
18864
18871
18877
18884
18891
18897
18904
18910
18917
18923
18930
18936
18943
18950
18952
18955
18958
18961
18964
18967
18970
18973
18976
18978
18981
18984
18987
18990
18993
18996
18999
19002
19005
19007
19010
19013
19016
19019
19022
19025
19028
19031
19033
19036
19039
19042
19045
19048
19051
19054
19057
19060
19063
19066
19070
19073
19077
19080
19084
19087
19091
19094
19097
19101
19104
19108
19111
19115
19118
19122
19125
19128
19132
19135
19139
19142
19146
19149
19153
19156
19160
19163
19167
19171
19175
19179
19183
19187
19191
19195
19199
19203
19207
19211
19215
19218
19222
19226
19230
19234
19238
19242
19246
19250
19254
19258
19262
19266
19270
19274
19278
19282
19286
19291
19295
19299
19303
19308
19312
19316
19320
19325
19329
19333
19337
19341
19346
19350
19354
19358
19363
19367
19371
19375
19380
19388
19397
19405
19413
19422
19431
19439
19448
19456
19465
19473
19482
19490
19499
19507
19516
19524
19533
19541
19550
19553
19556
19559
19562
19566
19569
19572
19575
19579
19582
19585
19588
19591
19595
19598
19601
19604
19608
19611
19614
19617
19620
19624
19627
19630
19633
19637
19640
19643
19646
19650
19653
19657
19661
19665
19669
19673
19677
19680
19684
19688
19692
19696
19700
19704
19708
19711
19715
19719
19723
19727
19731
19735
19739
19742
19746
19750
19754
19758
19762
19766
19770
19773
19777
19781
19785
19788
19792
19796
19800
19804
19807
19811
19815
19819
19823
19826
19830
19834
19838
19842
19845
19849
19853
19857
19861
19864
19868
19872
19876
19880
19883
19887
19891
19895
19898
19902
19906
19910
19914
19917
19921
19925
19929
19933
19936
19940
19944
19948
19952
19955
19959
19963
19967
19971
19974
19978
19982
19986
19990
19993
19996
19999
20002
20006
20009
20012
20015
20019
20022
20025
20028
20032
20035
20038
20041
20045
20048
20051
20054
20057
20061
20064
20067
20070
20074
20077
20080
20083
20087
20090
20093
20096
20100
20103
20107
20110
20114
20117
20121
20125
20128
20132
20135
20139
20142
20146
20150
20153
20157
20160
20164
20167
20171
20175
20178
20182
20185
20189
20192
20196
20200
20203
20207
20211
20215
20218
20222
20226
20230
20234
20237
20241
20245
20249
20253
20256
20260
20264
20268
20272
20275
20279
20283
20287
20291
20294
20298
20302
20306
20310
20315
20321
20326
20332
20337
20343
20348
20354
20360
20365
20371
20376
20382
20387
20393
20398
20404
20410
20414
20418
20423
20427
20432
20436
20440
20445
20449
20454
20458
20462
20467
20471
20476
20480
20484
20489
20493
20498
20502
20506
20511
20515
20520
20524
20528
20532
20536
20541
20545
20549
20553
20558
20562
20566
20570
20575
20579
20583
20587
20591
20596
20600
20604
20608
20613
20617
20621
20625
20630
20634
20640
20645
20650
20654
20660
20665
20669
20674
20680
20685
20689
20695
20700
20705
20709
20715
20720
20724
20729
20735
20740
20745
20750
20755
20760
20766
20771
20776
20781
20787
20792
20797
20802
20808
20813
20818
20823
20829
20834
20839
20844
20850
20857
20864
20871
20878
20885
20892
20899
20906
20913
20920
20927
20934
20941
20948
20955
20962
20968
20976
20982
20990
20994
20999
21004
21009
21013
21018
21023
21028
21033
21037
21042
21047
21052
21056
21061
21066
21071
21076
21080
21085
21090
21095
21100
21104
21109
21113
21118
21122
21127
21131
21136
21140
21145
21150
21154
21159
21163
21168
21172
21177
21181
21186
21190
21195
21200
21205
21210
21215
21220
21224
21230
21235
21240
21244
21250
21255
21259
21265
21270
21275
21279
21285
21290
21294
21299
21305
21310
21314
21317
21322
21326
21330
21334
21337
21342
21346
21349
21354
21358
21362
21366
21370
21374
21378
21382
21386
21390
21394
21398
21402
21406
21410
21413
21417
21421
21425
21428
21432
21436
21440
21444
21447
21451
21455
21459
21463
21466
21470
21474
21478
21482
21485
21489
21493
21497
21501
21504
21508
21512
21516
21520
21523
21527
21531
21535
21539
21543
21547
21551
21555
21559
21563
21567
21571
21575
21578
21582
21586
21590
21594
21598
21602
21606
21610
21614
21618
21622
21626
21630
21634
21640
21645
21650
21654
21660
21665
21669
21674
21680
21685
21689
21695
21700
21705
21709
21715
21720
21724
21729
21735
21740
21750
21759
21770
21780
21790
21800
21810
21820
21830
21840
21850
21854
21858
21862
21866
21870
21875
21879
21883
21887
21891
21895
21900
21904
21908
21912
21916
21920
21925
21929
21933
21937
21941
21945
21950
21955
21960
21965
21970
21974
21980
21985
21990
21994
22000
22005
22009
22015
22020
22025
22029
22035
22040
22044
22049
22055
22060
22064
22070
22075
22080
22085
22090
22095
22099
22105
22110
22115
22120
22125
22130
22134
22140
22145
22150
22155
22160
22164
22169
22173
22178
22182
22187
22192
22196
22201
22205
22210
22215
22219
22224
22228
22233
22237
22242
22247
22251
22256
22260
22265
22270
22274
22278
22283
22287
22291
22296
22300
22305
22309
22314
22318
22322
22327
22331
22336
22340
22344
22349
22353
22358
22362
22366
22371
22375
22380
22383
22387
22390
22394
22397
22401
22404
22408
22411
22415
22419
22422
22426
22429
22433
22436
22440
22443
22447
22450
22454
22458
22461
22465
22468
22472
22475
22479
22482
22486
22490
22494
22499
22503
22508
22512
22517
22522
22526
22531
22535
22540
22545
22549
22554
22558
22563
22567
22572
22577
22581
22586
22590
22595
22600
22604
22609
22613
22618
22622
22627
22631
22636
22640
22645
22650
22654
22659
22663
22668
22672
22677
22681
22686
22690
22695
22700
22703
22707
22711
22715
22718
22722
22726
22730
22734
22737
22741
22745
22749
22753
22756
22760
22764
22768
22772
22775
22779
22783
22787
22791
22794
22798
22802
22806
22810
22815
22821
22827
22833
22838
22844
22850
22856
22862
22867
22873
22879
22885
22891
22896
22902
22908
22914
22920
22924
22929
22934
22939
22943
22948
22953
22958
22963
22967
22972
22977
22982
22986
22991
22996
23001
23006
23010
23015
23020
23025
23030
23035
23041
23047
23053
23059
23065
23070
23076
23082
23088
23094
23100
23105
23111
23117
23123
23129
23135
23140
23146
23152
23158
23164
23170
23174
23179
23184
23189
23193
23198
23203
23208
23213
23217
23222
23227
23232
23236
23241
23246
23251
23256
23260
23265
23270
23275
23280
23284
23288
23293
23297
23301
23306
23310
23314
23319
23323
23327
23332
23336
23340
23345
23349
23353
23358
23362
23366
23371
23375
23380
23384
23388
23392
23396
23401
23405
23409
23413
23418
23422
23426
23430
23435
23439
23443
23447
23451
23456
23460
23464
23468
23473
23477
23481
23485
23490
23496
23503
23509
23516
23522
23529
23535
23541
23548
23555
23561
23568
23574
23581
23587
23594
23600
23607
23613
23620
23625
23631
23637
23643
23649
23655
23661
23667
23672
23678
23684
23690
23696
23702
23708
23714
23720
23724
23730
23735
23740
23744
23750
23755
23759
23764
23770
23775
23779
23785
23790
23794
23799
23805
23810
23814
23819
23825
23830
23845
23860
23875
23890
23905
23920
23935
23950
23965
23980
23995
24010
24013
24017
24021
24025
24029
24033
24037
24041
24045
24049
24053
24057
24061
24065
24068
24072
24076
24080
24084
24088
24092
24096
24100
24104
24108
24112
24116
24120
24124
24129
24134
24139
24143
24148
24153
24158
24162
24167
24172
24177
24181
24186
24191
24196
24200
24205
24210
24215
24220
24224
24229
24233
24238
24242
24247
24252
24256
24261
24265
24270
24275
24279
24284
24288
24293
24297
24302
24307
24311
24316
24320
24325
24330
24334
24339
24344
24349
24353
24358
24363
24368
24372
24377
24382
24387
24391
24396
24401
24406
24410
24415
24420
24425
24430
24434
24439
24443
24448
24452
24457
24462
24466
24471
24475
24480
24485
24489
24494
24498
24503
24507
24512
24517
24521
24526
24530
24535
24540
24545
24550
24555
24561
24566
24571
24576
24582
24587
24592
24597
24603
24608
24613
24618
24624
24629
24634
24640
24645
24651
24657
24663
24668
24674
24680
24686
24692
24697
24703
24709
24715
24721
24726
24732
24738
24744
24750
24756
24763
24770
24776
24783
24790
24796
24803
24810
24816
24823
24830
24836
24843
24850
24856
24863
24870
24876
24883
24890
24893
24897
24900
24904
24907
24911
24914
24918
24921
24925
24928
24932
24935
24939
24942
24946
24950
24953
24957
24960
24964
24967
24971
24974
24978
24981
24985
24988
24992
24995
24999
25002
25006
25010
25013
25016
25020
25023
25026
25030
25033
25036
25040
25043
25046
25050
25053
25056
25060
25063
25066
25070
25073
25076
25080
25083
25086
25090
25093
25096
25100
25103
25106
25110
25113
25116
25120
25123
25127
25130
25134
25137
25141
25145
25148
25152
25155
25159
25162
25166
25170
25173
25177
25180
25184
25187
25191
25195
25198
25202
25205
25209
25212
25216
25220
25224
25229
25233
25238
25242
25247
25252
25256
25261
25265
25270
25275
25279
25284
25288
25293
25297
25302
25307
25311
25316
25320
25325
25330
25335
25340
25345
25351
25356
25361
25366
25372
25377
25382
25387
25393
25398
25403
25408
25414
25419
25424
25430
25435
25441
25446
25452
25457
25463
25468
25474
25479
25485
25490
25496
25501
25506
25512
25518
25523
25529
25534
25540
25544
25549
25554
25559
25563
25568
25573
25578
25583
25587
25592
25597
25602
25606
25611
25616
25621
25626
25630
25635
25640
25645
25650
25657
25664
25672
25679
25686
25694
25701
25708
25716
25723
25730
25738
25745
25752
25760
25764
25768
25772
25776
25780
25784
25788
25793
25797
25801
25805
25809
25813
25817
25822
25826
25830
25834
25838
25842
25846
25851
25855
25859
25863
25867
25871
25875
25880
25884
25889
25893
25898
25902
25907
25912
25916
25921
25925
25930
25935
25939
25944
25948
25953
25957
25962
25967
25971
25976
25980
25985
25990
25994
25999
26003
26008
26012
26017
26022
26026
26031
26035
26040
26045
26049
26054
26058
26063
26067
26072
26077
26081
26086
26090
26095
26100
26104
26108
26112
26116
26120
26125
26129
26133
26137
26141
26145
26150
26154
26158
26162
26166
26170
26175
26179
26183
26187
26191
26195
26200
26211
26223
26235
26247
26259
26270
26282
26294
26306
26318
26330
26333
26337
26340
26344
26347
26351
26354
26358
26362
26365
26369
26372
26376
26380
26383
26387
26390
26394
26397
26401
26405
26408
26412
26415
26419
26422
26426
26430
26433
26436
26439
26442
26446
26449
26452
26455
26459
26462
26465
26468
26472
26475
26478
26481
26485
26488
26491
26494
26497
26501
26504
26507
26510
26514
26517
26520
26523
26527
26530
26533
26536
26540
26544
26548
26552
26556
26560
26564
26569
26573
26577
26581
26585
26590
26594
26598
26602
26606
26610
26615
26619
26623
26627
26631
26635
26640
26644
26648
26652
26656
26660
26664
26668
26672
26676
26680
26684
26688
26692
26696
26700
26704
26708
26712
26716
26720
26724
26728
26732
26736
26740
26744
26748
26752
26756
26760
26764
26769
26773
26778
26782
26787
26792
26796
26801
26805
26810
26815
26819
26824
26828
26833
26837
26842
26847
26851
26856
26860
26865
26870
26875
26880
26885
26890
26895
26900
26905
26910
26915
26920
26925
26930
26935
26939
26945
26950
26955
26960
26965
26970
26976
26983
26990
26996
27003
27009
27016
27023
27030
27036
27043
27050
27056
27063
27070
27076
27083
27090
27093
27096
27100
27103
27106
27110
27113
27116
27120
27123
27126
27130
27133
27136
27140
27143
27146
27150
27153
27156
27160
27163
27166
27170
27173
27176
27180
27183
27186
27190
27205
27221
27237
27252
27268
27284
27300
27303
27306
27310
27313
27316
27320
27323
27326
27330
27333
27336
27340
27343
27346
27350
27353
27356
27360
27363
27366
27369
27373
27376
27380
27383
27386
27390
27393
27396
27400
27404
27409
27414
27419
27423
27428
27433
27438
27443
27447
27452
27457
27462
27466
27471
27476
27481
27486
27490
27495
27500
27505
27510
27513
27517
27521
27524
27528
27532
27535
27539
27543
27546
27550
27554
27557
27561
27565
27568
27572
27576
27579
27583
27587
27590
27594
27598
27601
27605
27609
27612
27616
27620
27623
27626
27630
27633
27637
27640
27644
27647
27651
27654
27657
27661
27664
27668
27671
27675
27678
27682
27685
27688
27692
27695
27699
27702
27706
27709
27713
27716
27720
27724
27729
27733
27738
27742
27747
27752
27756
27761
27765
27770
27775
27779
27784
27788
27793
27797
27802
27807
27811
27816
27820
27825
27830
27834
27839
27843
27848
27852
27857
27861
27866
27870
27875
27880
27884
27889
27893
27898
27902
27907
27911
27916
27920
27925
27930
27934
27939
27943
27948
27952
27957
27962
27966
27971
27975
27980
27985
27989
27994
27998
28003
28007
28012
28017
28021
28026
28030
28035
28040
28043
28047
28051
28054
28058
28062
28065
28069
28073
28077
28080
28084
28088
28091
28095
28099
28102
28106
28110
28114
28117
28121
28125
28128
28132
28136
28140
28143
28146
28150
28153
28157
28160
28164
28167
28170
28174
28177
28181
28184
28188
28191
28195
28198
28201
28205
28208
28212
28215
28219
28222
28225
28229
28232
28236
28239
28243
28246
28250
28267
28285
28302
28320
28337
28355
28372
28390
28394
28398
28402
28406
28411
28415
28419
28423
28428
28432
28436
28440
28445
28449
28453
28457
28461
28466
28470
28474
28478
28483
28487
28491
28495
28500
28504
28509
28513
28518
28522
28527
28532
28536
28541
28545
28550
28555
28559
28564
28568
28573
28577
28582
28587
28591
28596
28600
28605
28610
28618
28626
28634
28642
28651
28659
28667
28675
28684
28692
28700
28708
28717
28725
28733
28741
28750
28754
28758
28762
28766
28770
28774
28778
28782
28786
28790
28794
28798
28802
28807
28811
28815
28819
28823
28827
28831
28835
28839
28843
28847
28851
28855
28860
28864
28868
28873
28877
28881
28886
28890
28894
28899
28903
28907
28912
28916
28920
28925
28929
28933
28938
28942
28946
28951
28955
28960
28963
28967
28971
28975
28979
28983
28987
28991
28995
28999
29003
29007
29011
29015
29018
29022
29026
29030
29034
29038
29042
29046
29050
29054
29058
29062
29066
29070
29075
29080
29085
29090
29095
29100
29105
29110
29115
29120
29125
29130
29135
29140
29145
29150
29155
29160
29165
29170
29175
29181
29186
29192
29197
29203
29208
29214
29219
29225
29230
29236
29241
29247
29252
29258
29263
29269
29274
29280
29285
29290
29295
29300
29305
29310
29315
29320
29325
29330
29335
29340
29345
29350
29355
29360
29365
29369
29375
29380
29384
29389
29394
29399
29403
29408
29413
29418
29423
29427
29432
29437
29442
29446
29451
29456
29461
29466
29470
29475
29480
29485
29490
29494
29498
29503
29507
29512
29516
29520
29525
29529
29534
29538
29542
29547
29551
29556
29560
29564
29569
29573
29578
29582
29586
29591
29595
29600
29611
29622
29633
29644
29655
29666
29677
29688
29699
29710
29714
29718
29722
29726
29730
29734
29738
29742
29746
29750
29754
29758
29762
29767
29771
29775
29779
29783
29787
29791
29795
29799
29803
29807
29811
29815
29820
29824
29828
29833
29837
29841
29846
29850
29854
29859
29863
29867
29872
29876
29880
29885
29889
29893
29898
29902
29906
29911
29915
29920
