1
3
5
6
8
10
12
13
15
17
18
20
22
24
25
27
29
30
32
34
36
37
39
41
42
44
46
48
49
51
53
55
56
58
60
61
63
65
67
68
70
72
73
75
77
79
80
82
84
85
87
89
91
92
94
96
97
99
101
103
104
106
108
110
111
113
115
116
118
120
122
123
125
127
128
130
132
134
135
137
139
141
142
144
146
147
149
151
153
154
156
158
160
161
163
165
166
168
170
172
173
175
177
178
180
182
184
185
187
189
191
192
194
196
197
199
201
203
204
206
208
210
211
213
215
217
219
221
223
225
227
228
230
232
234
236
238
240
242
244
246
247
249
251
253
255
257
259
261
263
265
266
268
270
272
274
276
278
280
282
283
285
287
289
291
293
295
297
299
301
302
304
306
308
310
312
314
316
318
320
321
323
325
327
329
331
333
335
336
338
340
342
344
346
348
350
352
353
355
357
359
361
363
365
367
369
370
372
374
376
378
380
382
384
386
387
389
391
393
395
397
399
401
403
404
406
408
410
412
414
416
418
420
422
424
426
428
430
432
434
436
438
440
442
444
446
448
451
453
455
457
459
461
463
465
467
469
471
473
475
477
480
482
484
486
488
490
492
494
496
498
500
502
504
506
508
511
513
515
517
519
521
523
525
527
529
531
533
535
537
540
541
543
545
547
548
550
552
554
555
557
559
561
562
564
566
568
569
571
573
575
576
578
580
582
583
585
587
589
590
592
594
596
597
599
601
603
604
606
608
610
611
613
615
617
618
620
622
624
625
627
629
631
632
634
636
638
640
641
643
645
647
649
651
653
655
657
659
661
663
665
667
668
670
672
674
676
678
680
682
684
686
688
690
692
694
695
697
699
701
703
705
707
709
711
713
715
717
719
721
722
724
726
728
730
732
734
736
738
740
742
744
746
748
750
752
754
756
758
760
762
764
766
768
770
772
774
776
778
780
782
784
786
788
790
792
794
796
798
800
802
804
807
809
811
813
815
817
819
821
823
825
827
829
831
833
835
837
839
841
843
845
847
849
851
853
855
857
860
862
865
867
870
872
875
877
880
883
885
888
890
893
895
898
901
903
906
908
911
913
916
918
921
924
926
929
931
934
936
939
942
944
947
949
952
954
957
960
961
963
964
966
968
969
971
972
974
976
977
979
981
982
984
985
987
989
990
992
993
995
997
998
1000
1002
1003
1005
1006
1008
1010
1011
1013
1015
1016
1018
1019
1021
1023
1024
1026
1027
1029
1031
1032
1034
1036
1037
1039
1040
1042
1044
1045
1047
1048
1050
1052
1053
1055
1057
1058
1060
1061
1063
1065
1066
1068
1070
1072
1074
1076
1078
1080
1082
1084
1086
1088
1090
1092
1094
1096
1098
1100
1102
1104
1106
1108
1110
1112
1114
1116
1118
1121
1123
1125
1127
1129
1131
1133
1135
1137
1139
1141
1143
1145
1147
1149
1151
1153
1155
1157
1159
1161
1163
1165
1167
1170
1172
1174
1177
1179
1181
1184
1186
1188
1191
1193
1195
1198
1200
1202
1205
1207
1209
1212
1214
1216
1219
1221
1223
1226
1228
1230
1233
1235
1237
1240
1242
1244
1247
1249
1251
1254
1256
1258
1261
1263
1265
1268
1270
1272
1275
1277
1280
1281
1283
1285
1287
1289
1291
1293
1295
1297
1299
1301
1303
1305
1307
1309
1311
1313
1315
1317
1319
1321
1323
1325
1327
1329
1330
1332
1334
1336
1338
1340
1342
1344
1346
1348
1350
1352
1354
1356
1358
1360
1362
1364
1366
1368
1370
1372
1374
1376
1378
1380
1381
1383
1385
1387
1389
1391
1392
1394
1396
1398
1400
1402
1403
1405
1407
1409
1411
1412
1414
1416
1418
1420
1422
1424
1425
1427
1429
1431
1433
1435
1436
1438
1440
1442
1444
1446
1447
1449
1451
1453
1455
1456
1458
1460
1462
1464
1466
1468
1469
1471
1473
1475
1477
1479
1480
1482
1484
1486
1488
1490
1492
1494
1497
1499
1501
1504
1506
1508
1511
1513
1515
1518
1520
1522
1525
1527
1529
1532
1534
1536
1539
1541
1543
1546
1548
1550
1553
1555
1557
1560
1562
1564
1567
1569
1571
1574
1576
1578
1581
1583
1585
1588
1590
1592
1595
1597
1600
1602
1604
1607
1609
1611
1614
1616
1619
1621
1623
1626
1628
1630
1633
1635
1638
1640
1642
1645
1647
1650
1652
1654
1657
1659
1661
1664
1666
1669
1671
1673
1676
1678
1680
1683
1685
1688
1690
1692
1695
1697
1700
1702
1704
1706
1708
1710
1713
1715
1717
1719
1721
1724
1726
1728
1730
1732
1734
1737
1739
1741
1743
1745
1748
1750
1752
1754
1756
1758
1761
1763
1765
1767
1769
1772
1774
1776
1778
1780
1782
1785
1787
1789
1791
1793
1796
1798
1800
1802
1804
1806
1809
1811
1813
1815
1817
1820
1821
1823
1825
1826
1828
1830
1832
1833
1835
1837
1838
1840
1842
1844
1845
1847
1849
1851
1852
1854
1856
1857
1859
1861
1863
1864
1866
1868
1870
1871
1873
1875
1876
1878
1880
1882
1883
1885
1887
1888
1890
1892
1894
1895
1897
1899
1901
1902
1904
1906
1907
1909
1911
1913
1914
1916
1918
1920
1921
1923
1925
1927
1928
1930
1932
1934
1935
1937
1939
1941
1943
1944
1946
1948
1950
1951
1953
1955
1957
1959
1960
1962
1964
1966
1967
1969
1971
1973
1974
1976
1978
1980
1982
1983
1985
1987
1989
1990
1992
1994
1996
1998
1999
2001
2003
2005
2006
2008
2010
2012
2014
2015
2017
2019
2021
2022
2024
2026
2028
2029
2032
2033
2035
2037
2040
2041
2043
2045
2048
2050
2051
2054
2056
2058
2059
2062
2064
2066
2067
2070
2072
2074
2075
2078
2080
2082
2083
2086
2088
2090
2091
2094
2096
2098
2099
2102
2104
2106
2107
2110
2112
2114
2115
2118
2120
2122
2123
2126
2128
2130
2132
2134
2136
2138
2141
2143
2145
2147
2149
2152
2154
2156
2158
2160
2163
2165
2167
2169
2171
2174
2176
2178
2180
2182
2185
2187
2189
2191
2193
2196
2198
2200
2202
2204
2207
2209
2211
2213
2215
2218
2220
2222
2224
2226
2229
2231
2233
2235
2237
2240
2241
2243
2245
2247
2249
2251
2253
2254
2256
2258
2260
2262
2264
2266
2267
2269
2271
2273
2275
2277
2279
2281
2282
2284
2286
2288
2290
2292
2294
2295
2297
2299
2301
2303
2305
2307
2308
2310
2312
2314
2316
2318
2320
2322
2323
2325
2327
2329
2331
2333
2335
2336
2338
2340
2342
2344
2346
2348
2350
2351
2353
2355
2357
2359
2360
2362
2364
2366
2368
2370
2371
2373
2375
2377
2379
2380
2382
2384
2386
2388
2390
2391
2393
2395
2397
2399
2400
2402
2404
2406
2408
2410
2411
2413
2415
2417
2419
2420
2422
2424
2426
2428
2430
2431
2433
2435
2437
2439
2440
2442
2444
2446
2448
2450
2452
2454
2456
2458
2460
2462
2464
2466
2468
2470
2472
2474
2476
2478
2480
2482
2484
2486
2488
2490
2492
2494
2496
2498
2500
2502
2505
2507
2509
2511
2513
2515
2517
2519
2521
2523
2525
2527
2529
2531
2533
2535
2537
2539
2541
2543
2545
2547
2549
2551
2553
2555
2557
2560
2561
2563
2565
2567
2569
2571
2573
2575
2577
2579
2581
2583
2585
2586
2588
2590
2592
2594
2596
2598
2600
2602
2604
2606
2608
2610
2611
2613
2615
2617
2619
2621
2623
2625
2627
2629
2631
2633
2635
2636
2638
2640
2642
2644
2646
2648
2650
2652
2654
2656
2658
2660
2661
2663
2665
2666
2668
2670
2671
2673
2675
2676
2678
2680
2681
2683
2685
2686
2688
2690
2691
2693
2695
2696
2698
2700
2701
2703
2705
2706
2708
2710
2711
2713
2715
2716
2718
2720
2721
2723
2725
2726
2728
2730
2731
2733
2735
2736
2738
2740
2741
2743
2745
2746
2748
2750
2751
2753
2755
2756
2758
2760
2761
2763
2765
2766
2768
2770
2772
2774
2776
2778
2781
2783
2785
2787
2790
2792
2794
2796
2799
2801
2803
2805
2808
2810
2812
2814
2817
2819
2821
2823
2826
2828
2830
2832
2835
2837
2839
2841
2844
2846
2848
2850
2853
2855
2857
2859
2862
2864
2866
2868
2871
2873
2875
2877
2880
2881
2883
2885
2886
2888
2890
2892
2893
2895
2897
2899
2900
2902
2904
2906
2907
2909
2911
2913
2914
2916
2918
2920
2921
2923
2925
2927
2928
2930
2932
2934
2935
2937
2939
2941
2942
2944
2946
2948
2949
2951
2953
2955
2956
2958
2960
2962
2963
2965
2967
2969
2970
2972
2974
2976
2977
2979
2981
2983
2984
2986
2988
2990
2991
2993
2995
2997
2999
3000
3002
3004
3006
3008
3009
3011
3013
3015
3017
3018
3020
3022
3024
3026
3027
3029
3031
3033
3035
3036
3038
3040
3042
3044
3045
3047
3049
3051
3053
3054
3056
3058
3060
3062
3063
3065
3067
3069
3071
3072
3074
3076
3078
3080
3081
3083
3085
3087
3089
3090
3092
3094
3096
3098
3100
3102
3105
3107
3110
3112
3115
3117
3120
3122
3125
3127
3130
3132
3135
3137
3140
3142
3145
3147
3150
3152
3155
3157
3160
3162
3165
3167
3170
3172
3175
3177
3180
3182
3185
3187
3190
3192
3195
3197
3200
3202
3205
3208
3211
3214
3217
3220
3223
3226
3228
3231
3234
3237
3240
3243
3246
3249
3252
3255
3257
3260
3263
3266
3269
3272
3275
3278
3281
3283
3286
3289
3292
3295
3298
3301
3304
3307
3310
3311
3313
3315
3316
3318
3320
3321
3323
3325
3326
3328
3330
3331
3333
3335
3336
3338
3340
3341
3343
3345
3346
3348
3350
3351
3353
3355
3356
3358
3360
3361
3363
3365
3366
3368
3370
3371
3373
3375
3376
3378
3380
3381
3383
3385
3386
3388
3390
3391
3393
3395
3396
3398
3400
3401
3403
3405
3406
3408
3410
3412
3414
3416
3418
3420
3422
3424
3426
3428
3430
3432
3434
3436
3438
3440
3442
3444
3446
3448
3450
3452
3454
3456
3458
3460
3462
3465
3467
3469
3471
3473
3475
3477
3479
3481
3483
3485
3487
3489
3491
3493
3495
3497
3499
3501
3503
3505
3507
3509
3511
3513
3515
3517
3520
3521
3523
3525
3527
3529
3531
3533
3535
3537
3538
3540
3542
3544
3546
3548
3550
3552
3554
3556
3557
3559
3561
3563
3565
3567
3569
3571
3573
3575
3576
3578
3580
3582
3584
3586
3588
3590
3592
3593
3595
3597
3599
3601
3603
3605
3607
3609
3611
3612
3614
3616
3618
3620
3622
3624
3626
3628
3630
3631
3633
3635
3637
3639
3641
3643
3645
3647
3649
3651
3653
3655
3657
3659
3661
3663
3665
3667
3669
3671
3673
3675
3677
3679
3681
3683
3685
3686
3688
3690
3692
3694
3696
3698
3700
3702
3704
3706
3708
3710
3712
3714
3716
3718
3720
3722
3724
3726
3728
3730
3732
3734
3736
3738
3740
3741
3743
3745
3747
3749
3751
3753
3755
3757
3758
3760
3762
3764
3766
3768
3770
3772
3774
3776
3777
3779
3781
3783
3785
3787
3789
3791
3793
3795
3796
3798
3800
3802
3804
3806
3808
3810
3812
3813
3815
3817
3819
3821
3823
3825
3827
3829
3831
3832
3834
3836
3838
3840
3842
3844
3846
3848
3850
3852
3854
3856
3858
3860
3862
3864
3867
3869
3871
3873
3875
3877
3879
3881
3884
3886
3888
3890
3892
3894
3896
3898
3901
3903
3905
3907
3909
3911
3913
3915
3918
3920
3922
3924
3926
3928
3930
3932
3935
3937
3939
3941
3943
3945
3947
3950
3951
3953
3955
3957
3959
3961
3963
3965
3967
3968
3970
3972
3974
3976
3978
3980
3982
3984
3986
3987
3989
3991
3993
3995
3997
3999
4001
4003
4005
4006
4008
4010
4012
4014
4016
4018
4020
4022
4023
4025
4027
4029
4031
4033
4035
4037
4039
4041
4042
4044
4046
4048
4050
4052
4054
4056
4058
4059
4062
4064
4066
4068
4070
4072
4074
4076
4078
4080
4082
4084
4086
4089
4091
4093
4095
4097
4099
4101
4103
4105
4107
4109
4111
4113
4116
4118
4120
4122
4124
4126
4128
4130
4132
4134
4136
4138
4140
4143
4145
4147
4149
4151
4153
4155
4157
4159
4161
4163
4165
4167
4170
4171
4173
4175
4177
4179
4181
4183
4184
4186
4188
4190
4192
4194
4196
4197
4199
4201
4203
4205
4207
4209
4211
4212
4214
4216
4218
4220
4222
4224
4225
4227
4229
4231
4233
4235
4237
4238
4240
4242
4244
4246
4248
4250
4252
4253
4255
4257
4259
4261
4263
4265
4266
4268
4270
4272
4274
4276
4278
4280
4281
4283
4285
4286
4288
4290
4291
4293
4295
4296
4298
4300
4301
4303
4305
4306
4308
4310
4311
4313
4315
4316
4318
4320
4321
4323
4325
4326
4328
4330
4331
4333
4335
4336
4338
4340
4341
4343
4345
4346
4348
4350
4351
4353
4355
4356
4358
4360
4361
4363
4365
4366
4368
4370
4371
4373
4375
4376
4378
4380
4382
4384
4386
4388
4390
4392
4394
4396
4398
4400
4402
4404
4406
4408
4410
4412
4414
4416
4418
4420
4422
4424
4426
4428
4430
4432
4434
4436
4438
4440
4442
4444
4446
4448
4450
4452
4454
4456
4458
4460
4462
4464
4466
4468
4470
4472
4474
4476
4478
4480
4482
4484
4486
4488
4490
4492
4494
4497
4499
4502
4504
4506
4509
4511
4514
4516
4518
4521
4523
4526
4528
4530
4533
4535
4538
4540
4542
4545
4547
4550
4552
4554
4557
4559
4562
4564
4566
4569
4571
4574
4576
4578
4581
4583
4586
4588
4590
4593
4595
4598
4600
4602
4605
4607
4610
4611
4613
4615
4616
4618
4620
4622
4623
4625
4627
4628
4630
4632
4634
4635
4637
4639
4641
4642
4644
4646
4647
4649
4651
4653
4654
4656
4658
4660
4661
4663
4665
4666
4668
4670
4672
4673
4675
4677
4678
4680
4682
4684
4685
4687
4689
4691
4692
4694
4696
4697
4699
4701
4703
4704
4706
4708
4710
4711
4713
4715
4717
4718
4720
4722
4724
4725
4727
4729
4731
4733
4734
4736
4738
4740
4741
4743
4745
4747
4749
4750
4752
4754
4756
4757
4759
4761
4763
4765
4766
4768
4770
4772
4773
4775
4777
4779
4780
4782
4784
4786
4788
4789
4791
4793
4795
4796
4798
4800
4802
4804
4805
4807
4809
4811
4812
4814
4816
4818
4820
4822
4824
4826
4828
4830
4832
4835
4837
4839
4841
4843
4845
4848
4850
4852
4854
4856
4858
4860
4863
4865
4867
4869
4871
4873
4876
4878
4880
4882
4884
4886
4889
4891
4893
4895
4897
4899
4901
4904
4906
4908
4910
4912
4914
4917
4919
4921
4923
4925
4927
4930
4931
4933
4935
4937
4939
4941
4942
4944
4946
4948
4950
4952
4953
4955
4957
4959
4961
4963
4964
4966
4968
4970
4972
4974
4975
4977
4979
4981
4983
4984
4986
4988
4990
4992
4994
4996
4997
4999
5001
5003
5005
5007
5008
5010
5012
5014
5016
5018
5019
5021
5023
5025
5027
5029
5030
5032
5034
5036
5038
5040
5041
5043
5045
5047
5049
5051
5053
5055
5057
5059
5061
5063
5064
5066
5068
5070
5072
5074
5076
5078
5080
5082
5084
5086
5088
5090
5091
5093
5095
5097
5099
5101
5103
5105
5107
5109
5111
5113
5115
5116
5118
5120
5122
5124
5126
5128
5130
5132
5134
5136
5138
5140
5141
5143
5145
5147
5148
5150
5152
5154
5155
5157
5159
5161
5163
5164
5166
5168
5170
5171
5173
5175
5177
5179
5180
5182
5184
5186
5187
5189
5191
5193
5195
5196
5198
5200
5202
5203
5205
5207
5209
5210
5212
5214
5216
5218
5219
5221
5223
5225
5226
5228
5230
5232
5234
5235
5237
5239
5241
5242
5244
5246
5248
5250
5252
5254
5256
5258
5260
5262
5264
5266
5268
5270
5272
5274
5276
5278
5280
5282
5284
5286
5288
5290
5292
5294
5296
5298
5300
5302
5304
5306
5308
5310
5312
5314
5316
5318
5320
5322
5324
5326
5328
5330
5332
5334
5336
5338
5340
5342
5344
5346
5348
5350
5352
5354
5356
5358
5360
5361
5363
5365
5367
5368
5370
5372
5374
5376
5377
5379
5381
5383
5385
5386
5388
5390
5392
5393
5395
5397
5399
5401
5402
5404
5406
5408
5410
5411
5413
5415
5417
5418
5420
5422
5424
5426
5427
5429
5431
5433
5435
5436
5438
5440
5442
5443
5445
5447
5449
5451
5452
5454
5456
5458
5460
5462
5464
5466
5468
5470
5472
5474
5476
5478
5480
5482
5484
5486
5489
5491
5493
5495
5497
5499
5501
5503
5505
5507
5509
5511
5513
5516
5518
5520
5522
5524
5526
5528
5530
5532
5534
5536
5538
5540
5543
5545
5547
5549
5551
5553
5555
5557
5559
5561
5563
5565
5567
5570
5572
5574
5576
5578
5580
5582
5584
5586
5588
5590
5592
5594
5596
5598
5600
5602
5604
5606
5608
5610
5612
5614
5616
5618
5621
5623
5625
5627
5629
5631
5633
5635
5637
5639
5641
5643
5645
5647
5649
5651
5653
5655
5657
5659
5661
5663
5665
5667
5670
5671
5673
5675
5677
5679
5680
5682
5684
5686
5688
5689
5691
5693
5695
5697
5698
5700
5702
5704
5706
5707
5709
5711
5713
5715
5716
5718
5720
5722
5724
5725
5727
5729
5731
5733
5734
5736
5738
5740
5742
5743
5745
5747
5749
5751
5752
5754
5756
5758
5760
5761
5763
5765
5767
5769
5770
5772
5774
5776
5778
5780
5782
5784
5786
5788
5790
5792
5794
5796
5798
5800
5802
5804
5806
5808
5810
5812
5814
5816
5818
5820
5822
5824
5826
5828
5830
5832
5834
5836
5838
5840
5842
5844
5846
5848
5850
5852
5854
5856
5858
5860
5862
5864
5866
5868
5870
5872
5874
5876
5878
5880
5882
5884
5886
5888
5890
5892
5894
5896
5898
5900
5902
5904
5906
5908
5910
5912
5914
5916
5918
5920
5922
5924
5926
5928
5930
5932
5934
5936
5938
5940
5942
5944
5946
5948
5950
5952
5954
5956
5958
5960
5962
5964
5966
5968
5970
5972
5974
5976
5978
5980
5982
5984
5986
5988
5990
5991
5993
5995
5997
5999
6001
6002
6004
6006
6008
6010
6012
6013
6015
6017
6019
6021
6023
6024
6026
6028
6030
6032
6034
6035
6037
6039
6041
6043
6045
6046
6048
6050
6052
6054
6056
6057
6059
6061
6063
6065
6067
6068
6070
6072
6074
6076
6077
6079
6081
6083
6085
6087
6088
6090
6092
6094
6096
6098
6100
6101
6103
6105
6107
6109
6111
6113
6115
6116
6118
6120
6122
6124
6126
6128
6130
6132
6133
6135
6137
6139
6141
6143
6145
6147
6149
6150
6152
6154
6156
6158
6160
6162
6164
6166
6167
6169
6171
6173
6175
6177
6179
6181
6183
6184
6186
6188
6190
6192
6194
6196
6198
6200
6201
6203
6205
6207
6209
6211
6212
6214
6216
6218
6220
6222
6223
6225
6227
6229
6231
6233
6234
6236
6238
6240
6242
6244
6245
6247
6249
6251
6253
6255
6256
6258
6260
6262
6264
6266
6267
6269
6271
6273
6275
6277
6278
6280
6282
6284
6286
6287
6289
6291
6293
6295
6297
6298
6300
6302
6304
6306
6308
6310
6312
6314
6316
6318
6320
6322
6324
6326
6328
6330
6332
6334
6336
6338
6340
6342
6344
6346
6348
6350
6352
6354
6356
6358
6361
6363
6365
6367
6369
6371
6373
6375
6377
6379
6381
6383
6385
6387
6389
6391
6393
6395
6397
6399
6401
6403
6405
6407
6410
6412
6414
6416
6418
6420
6422
6424
6426
6428
6430
6432
6434
6436
6438
6440
6442
6444
6446
6447
6450
6452
6454
6455
6458
6460
6462
6463
6466
6468
6470
6471
6474
6476
6478
6479
6481
6484
6486
6488
6489
6492
6494
6496
6497
6500
6502
6504
6505
6508
6510
6512
6513
6516
6518
6520
6521
6522
6524
6525
6527
6528
6530
6531
6533
6534
6536
6537
6539
6540
6542
6543
6545
6546
6548
6549
6551
6552
6554
6555
6557
6558
6560
6561
6563
6564
6566
6567
6569
6570
6572
6573
6574
6576
6577
6579
6580
6582
6583
6585
6586
6588
6589
6591
6592
6594
6595
6597
6598
6600
6601
6603
6604
6606
6607
6609
6610
6612
6613
6615
6616
6618
6619
6621
6622
6624
6625
6627
6628
6630
6631
6633
6635
6637
6639
6641
6642
6644
6646
6648
6650
6652
6653
6655
6657
6659
6661
6663
6664
6666
6668
6670
6672
6674
6675
6677
6679
6681
6683
6685
6686
6688
6690
6692
6694
6696
6697
6699
6701
6703
6705
6707
6708
6710
6712
6714
6716
6718
6719
6721
6723
6725
6727
6729
6730
6732
6734
6736
6738
6740
6741
6743
6745
6747
6749
6751
6753
6755
6757
6758
6760
6762
6764
6766
6768
6770
6772
6774
6776
6777
6779
6781
6783
6785
6787
6789
6791
6793
6795
6796
6798
6800
6802
6804
6806
6808
6810
6812
6813
6815
6817
6819
6821
6823
6825
6827
6829
6831
6832
6834
6836
6838
6840
6842
6844
6846
6848
6850
6852
6854
6856
6858
6860
6862
6864
6867
6869
6871
6873
6875
6877
6879
6881
6884
6886
6888
6890
6892
6894
6896
6898
6901
6903
6905
6907
6909
6911
6913
6915
6918
6920
6922
6924
6926
6928
6930
6932
6935
6937
6939
6941
6943
6945
6947
6950
6952
6955
6957
6960
6962
6965
6967
6970
6972
6975
6977
6980
6982
6985
6987
6990
6992
6995
6997
7000
7002
7005
7007
7010
7012
7015
7017
7020
7022
7024
7027
7029
7032
7035
7037
7040
7042
7045
7047
7050
7052
7055
7057
7060
7061
7063
7064
7066
7068
7069
7071
7073
7074
7076
7078
7080
7081
7083
7085
7086
7088
7090
7091
7093
7095
7096
7098
7100
7101
7103
7104
7106
7108
7109
7111
7113
7115
7116
7118
7120
7121
7123
7125
7126
7128
7130
7131
7133
7135
7136
7138
7140
7141
7143
7145
7146
7148
7150
7151
7153
7155
7156
7158
7160
7161
7163
7165
7166
7168
7170
7171
7173
7175
7176
7178
7180
7181
7183
7185
7186
7188
7190
7191
7193
7195
7196
7198
7200
7201
7203
7205
7206
7208
7210
7211
7213
7215
7216
7218
7220
7221
7223
7225
7226
7228
7229
7231
7233
7234
7236
7238
7239
7241
7243
7245
7246
7248
7250
7251
7253
7255
7256
7258
7260
7261
7263
7265
7266
7268
7270
7271
7273
7275
7277
7279
7281
7283
7284
7286
7288
7290
7292
7294
7296
7297
7299
7301
7303
7305
7307
7309
7311
7312
7314
7316
7318
7320
7322
7324
7325
7327
7329
7331
7333
7335
7337
7338
7340
7342
7344
7346
7348
7350
7352
7353
7355
7357
7359
7361
7363
7365
7366
7368
7370
7372
7374
7376
7378
7380
7381
7383
7385
7386
7388
7390
7391
7393
7395
7396
7398
7400
7401
7403
7405
7406
7408
7410
7411
7413
7415
7416
7418
7420
7421
7423
7425
7426
7428
7430
7431
7433
7435
7436
7438
7440
7441
7443
7445
7446
7448
7450
7451
7453
7455
7456
7458
7460
7461
7463
7465
7466
7468
7470
7471
7473
7475
7476
7478
7480
7481
7483
7485
7486
7488
7490
7491
7493
7495
7497
7499
7501
7503
7505
7507
7509
7511
7513
7515
7517
7519
7521
7523
7525
7527
7529
7531
7533
7535
7537
7539
7541
7543
7545
7547
7549
7550
7552
7554
7556
7558
7560
7562
7564
7566
7568
7570
7572
7574
7576
7578
7580
7582
7584
7586
7588
7590
7592
7594
7596
7598
7600
7602
7604
7606
7608
7610
7611
7613
7615
7617
7618
7620
7622
7624
7625
7627
7629
7631
7632
7634
7636
7638
7639
7641
7643
7645
7646
7648
7650
7652
7653
7655
7657
7659
7660
7662
7664
7666
7667
7669
7671
7673
7674
7676
7678
7680
7681
7683
7685
7687
7688
7690
7692
7694
7695
7697
7699
7701
7702
7704
7706
7708
7710
7711
7713
7715
7717
7719
7721
7723
7725
7727
7729
7731
7733
7735
7737
7739
7741
7743
7745
7747
7749
7751
7753
7755
7757
7759
7761
7763
7765
7766
7768
7770
7772
7774
7776
7778
7780
7782
7784
7786
7788
7790
7792
7794
7796
7798
7800
7802
7804
7806
7808
7810
7812
7814
7816
7818
7820
7822
7824
7826
7828
7830
7832
7834
7836
7838
7840
7842
7845
7847
7849
7851
7853
7855
7857
7859
7861
7863
7865
7867
7870
7872
7874
7876
7878
7880
7882
7884
7886
7888
7890
7892
7895
7897
7899
7901
7903
7905
7907
7909
7911
7913
7915
7917
7920
7921
7923
7924
7926
7927
7929
7931
7932
7934
7935
7937
7938
7940
7942
7943
7945
7946
7948
7949
7951
7952
7954
7956
7957
7959
7960
7962
7963
7965
7967
7968
7970
7971
7973
7975
7976
7978
7979
7981
7982
7984
7986
7987
7989
7990
7992
7993
7995
7997
7998
8000
8001
8003
8004
8006
8007
8009
8011
8012
8014
8015
8017
8019
8020
8022
8023
8025
8026
8028
8029
8032
8034
8036
8038
8040
8042
8044
8046
8048
8050
8052
8054
8056
8058
8060
8062
8064
8066
8068
8070
8072
8074
8076
8078
8081
8083
8085
8087
8089
8091
8093
8095
8097
8099
8101
8103
8105
8107
8109
8111
8113
8115
8117
8119
8121
8123
8125
8127
8130
8131
8133
8134
8136
8138
8139
8141
8142
8144
8146
8147
8149
8151
8152
8154
8155
8157
8159
8160
8162
8163
8165
8167
8168
8170
8172
8173
8175
8176
8178
8180
8181
8183
8185
8186
8188
8189
8191
8193
8194
8196
8197
8199
8201
8202
8204
8206
8207
8209
8210
8212
8214
8215
8217
8218
8220
8222
8223
8225
8227
8228
8230
8231
8233
8235
8236
8238
8240
8241
8243
8245
8246
8248
8250
8251
8253
8255
8256
8258
8260
8262
8263
8265
8267
8268
8270
8272
8273
8275
8277
8278
8280
8282
8284
8285
8287
8289
8290
8292
8294
8295
8297
8299
8300
8302
8304
8306
8307
8309
8311
8312
8314
8316
8317
8319
8321
8322
8324
8326
8328
8329
8331
8333
8334
8336
8338
8339
8341
8343
8344
8346
8348
8350
8352
8354
8356
8358
8360
8362
8364
8366
8368
8370
8372
8374
8376
8378
8380
8382
8384
8386
8388
8390
8392
8394
8396
8398
8401
8403
8405
8407
8409
8411
8413
8415
8417
8419
8421
8423
8425
8427
8429
8431
8433
8435
8437
8439
8441
8443
8445
8447
8450
8451
8453
8455
8457
8458
8460
8462
8464
8465
8467
8469
8471
8473
8474
8476
8478
8480
8481
8483
8485
8487
8489
8490
8492
8494
8496
8497
8499
8501
8503
8504
8506
8508
8510
8512
8513
8515
8517
8519
8520
8522
8524
8526
8528
8529
8531
8533
8535
8536
8538
8540
8542
8544
8545
8547
8549
8551
8552
8554
8556
8558
8560
8561
8563
8565
8567
8569
8571
8573
8575
8576
8578
8580
8582
8584
8586
8588
8590
8592
8593
8595
8597
8599
8601
8603
8605
8607
8609
8610
8612
8614
8616
8618
8620
8622
8624
8626
8627
8629
8631
8633
8635
8637
8639
8641
8643
8644
8646
8648
8650
8652
8654
8656
8658
8660
8662
8664
8666
8668
8670
8672
8674
8676
8678
8680
8682
8684
8686
8688
8690
8692
8694
8696
8698
8700
8702
8704
8706
8708
8710
8712
8715
8717
8719
8721
8723
8725
8727
8729
8731
8733
8735
8737
8739
8741
8743
8745
8747
8749
8751
8753
8755
8757
8759
8761
8763
8765
8767
8770
8771
8773
8775
8777
8779
8781
8783
8784
8786
8788
8790
8792
8794
8796
8797
8799
8801
8803
8805
8807
8809
8811
8812
8814
8816
8818
8820
8822
8824
8825
8827
8829
8831
8833
8835
8837
8838
8840
8842
8844
8846
8848
8850
8852
8853
8855
8857
8859
8861
8863
8865
8866
8868
8870
8872
8874
8876
8878
8880
8882
8884
8886
8888
8890
8892
8894
8896
8898
8900
8902
8904
8906
8908
8910
8912
8914
8916
8918
8920
8922
8924
8926
8928
8930
8932
8935
8937
8939
8941
8943
8945
8947
8949
8951
8953
8955
8957
8959
8961
8963
8965
8967
8969
8971
8973
8975
8977
8979
8981
8983
8985
8987
8990
8992
8994
8996
8998
9000
9002
9004
9006
9008
9010
9012
9014
9016
9018
9020
9022
9024
9026
9028
9030
9032
9034
9036
9038
9040
9042
9045
9047
9049
9051
9053
9055
9057
9059
9061
9063
9065
9067
9069
9071
9073
9075
9077
9079
9081
9083
9085
9087
9089
9091
9093
9095
9097
9100
9102
9104
9106
9108
9110
9112
9114
9116
9119
9121
9123
9125
9127
9129
9131
9133
9135
9138
9140
9142
9144
9146
9148
9150
9152
9155
9157
9159
9161
9163
9165
9167
9169
9171
9174
9176
9178
9180
9182
9184
9186
9188
9190
9193
9195
9197
9199
9201
9203
9205
9207
9210
9211
9213
9215
9217
9219
9221
9223
9225
9227
9229
9231
9233
9235
9237
9238
9240
9242
9244
9246
9248
9250
9252
9254
9256
9258
9260
9262
9264
9265
9267
9269
9271
9273
9275
9277
9279
9281
9283
9285
9287
9289
9291
9292
9294
9296
9298
9300
9302
9304
9306
9308
9310
9312
9314
9316
9318
9320
9321
9323
9325
9327
9328
9330
9332
9334
9335
9337
9339
9341
9342
9344
9346
9348
9349
9351
9353
9355
9356
9358
9360
9362
9363
9365
9367
9369
9370
9372
9374
9376
9377
9379
9381
9383
9384
9386
9388
9390
9391
9393
9395
9397
9398
9400
9402
9404
9405
9407
9409
9411
9412
9414
9416
9418
9420
9421
9423
9425
9427
9429
9431
9433
9435
9437
9439
9441
9443
9445
9447
9449
9451
9453
9455
9457
9459
9461
9463
9465
9467
9469
9471
9473
9475
9476
9478
9480
9482
9484
9486
9488
9490
9492
9494
9496
9498
9500
9502
9504
9506
9508
9510
9512
9514
9516
9518
9520
9522
9524
9526
9528
9530
9531
9533
9535
9537
9538
9540
9542
9544
9546
9547
9549
9551
9553
9555
9556
9558
9560
9562
9563
9565
9567
9569
9571
9572
9574
9576
9578
9580
9581
9583
9585
9587
9588
9590
9592
9594
9596
9597
9599
9601
9603
9605
9606
9608
9610
9612
9613
9615
9617
9619
9621
9622
9624
9626
9628
9630
9631
9633
9635
9637
9639
9641
9643
9645
9647
9649
9651
9653
9655
9657
9659
9661
9663
9665
9667
9669
9671
9673
9675
9677
9679
9681
9683
9685
9686
9688
9690
9692
9694
9696
9698
9700
9702
9704
9706
9708
9710
9712
9714
9716
9718
9720
9722
9724
9726
9728
9730
9732
9734
9736
9738
9740
9742
9744
9746
9748
9750
9752
9754
9756
9758
9760
9762
9764
9766
9768
9770
9772
9774
9776
9778
9780
9782
9784
9786
9788
9790
9792
9794
9796
9798
9801
9803
9805
9807
9809
9811
9813
9815
9817
9819
9821
9823
9825
9827
9829
9831
9833
9835
9837
9839
9841
9843
9845
9847
9849
9851
9853
9855
9857
9860
9861
9863
9865
9867
9868
9870
9872
9874
9876
9877
9879
9881
9883
9885
9886
9888
9890
9892
9893
9895
9897
9899
9901
9902
9904
9906
9908
9910
9911
9913
9915
9917
9918
9920
9922
9924
9926
9927
9929
9931
9933
9935
9936
9938
9940
9942
9943
9945
9947
9949
9951
9952
9954
9956
9958
9960
9962
9964
9966
9968
9971
9973
9975
9977
9979
9982
9984
9986
9988
9990
9993
9995
9997
9999
10001
10004
10006
10008
10010
10012
10015
10017
10019
10021
10023
10026
10028
10030
10032
10034
10037
10039
10041
10043
10045
10048
10050
10052
10054
10056
10059
10061
10063
10065
10067
10070
10072
10074
10076
10078
10081
10083
10085
10087
10090
10092
10094
10096
10098
10101
10103
10105
10107
10110
10112
10114
10116
10118
10121
10123
10125
10127
10130
10132
10134
10136
10138
10141
10143
10145
10147
10150
10152
10154
10156
10158
10161
10163
10165
10167
10170
10172
10174
10176
10178
10180
10182
10184
10186
10188
10191
10193
10195
10197
10199
10201
10203
10205
10207
10209
10212
10214
10216
10218
10220
10222
10224
10226
10228
10231
10233
10235
10237
10239
10241
10243
10245
10247
10250
10252
10254
10256
10258
10260
10262
10264
10266
10268
10271
10273
10275
10277
10279
10281
10283
10285
10287
10290
10291
10293
10295
10297
10299
10301
10303
10305
10307
10309
10311
10313
10315
10316
10318
10320
10322
10324
10326
10328
10330
10332
10334
10336
10338
10340
10341
10343
10345
10347
10349
10351
10353
10355
10357
10359
10361
10363
10365
10366
10368
10370
10372
10374
10376
10378
10380
10382
10384
10386
10388
10390
10391
10393
10395
10397
10399
10401
10403
10405
10407
10409
10411
10413
10415
10417
10418
10420
10422
10424
10426
10428
10430
10432
10434
10436
10438
10440
10442
10444
10445
10447
10449
10451
10453
10455
10457
10459
10461
10463
10465
10467
10469
10471
10472
10474
10476
10478
10480
10482
10484
10486
10488
10490
10492
10494
10496
10498
10500
10502
10504
10506
10508
10510
10512
10515
10517
10519
10521
10523
10525
10528
10530
10532
10534
10536
10538
10540
10543
10545
10547
10549
10551
10553
10556
10558
10560
10562
10564
10566
10569
10571
10573
10575
10577
10579
10581
10584
10586
10588
10590
10592
10594
10597
10599
10601
10603
10605
10607
10610
10612
10614
10616
10618
10620
10622
10624
10626
10628
10630
10632
10634
10636
10638
10640
10642
10644
10646
10648
10650
10652
10654
10656
10658
10661
10663
10665
10667
10669
10671
10673
10675
10677
10679
10681
10683
10685
10687
10689
10691
10693
10695
10697
10699
10701
10703
10705
10707
10710
10711
10713
10715
10717
10719
10721
10723
10725
10727
10729
10731
10733
10735
10737
10738
10740
10742
10744
10746
10748
10750
10752
10754
10756
10758
10760
10762
10764
10765
10767
10769
10771
10773
10775
10777
10779
10781
10783
10785
10787
10789
10791
10792
10794
10796
10798
10800
10802
10804
10806
10808
10810
10812
10814
10816
10818
10820
10822
10824
10826
10828
10830
10832
10834
10836
10838
10840
10842
10844
10846
10848
10850
10852
10854
10856
10858
10860
10862
10864
10866
10868
10871
10873
10875
10877
10879
10881
10883
10885
10887
10889
10891
10893
10895
10897
10899
10901
10903
10905
10907
10909
10911
10913
10915
10917
10920
10921
10923
10925
10927
10929
10931
10933
10935
10937
10939
10941
10943
10945
10947
10949
10951
10953
10955
10957
10959
10961
10963
10965
10967
10969
10971
10973
10975
10976
10978
10980
10982
10984
10986
10988
10990
10992
10994
10996
10998
11000
11002
11004
11006
11008
11010
11012
11014
11016
11018
11020
11022
11024
11026
11028
11030
11032
11034
11037
11039
11041
11044
11046
11048
11051
11053
11055
11058
11060
11062
11065
11067
11069
11072
11074
11076
11079
11081
11083
11086
11088
11090
11093
11095
11097
11100
11102
11104
11107
11109
11111
11114
11116
11118
11121
11123
11125
11128
11130
11132
11135
11137
11140
11142
11144
11146
11148
11151
11153
11155
11157
11159
11162
11164
11166
11168
11170
11173
11175
11177
11179
11181
11184
11186
11188
11190
11192
11195
11197
11199
11201
11203
11206
11208
11210
11212
11214
11217
11219
11221
11223
11225
11228
11230
11232
11234
11236
11239
11241
11243
11245
11247
11250
11251
11253
11255
11257
11259
11261
11263
11265
11267
11269
11271
11273
11275
11277
11278
11280
11282
11284
11286
11288
11290
11292
11294
11296
11298
11300
11302
11304
11305
11307
11309
11311
11313
11315
11317
11319
11321
11323
11325
11327
11329
11331
11332
11334
11336
11338
11340
11342
11344
11346
11348
11350
11352
11354
11356
11358
11360
11362
11363
11366
11368
11370
11372
11373
11376
11378
11379
11382
11384
11386
11388
11390
11392
11394
11396
11398
11400
11402
11404
11406
11408
11410
11412
11414
11416
11418
11420
11422
11424
11426
11428
11430
11432
11434
11436
11438
11440
11442
11444
11446
11448
11450
11452
11454
11456
11458
11460
11461
11463
11465
11467
11468
11470
11472
11474
11475
11477
11479
11481
11483
11484
11486
11488
11490
11491
11493
11495
11497
11499
11500
11502
11504
11506
11507
11509
11511
11513
11515
11516
11518
11520
11522
11523
11525
11527
11529
11530
11532
11534
11536
11538
11539
11541
11543
11545
11546
11548
11550
11552
11554
11555
11557
11559
11561
11562
11564
11566
11568
11570
11572
11574
11576
11578
11580
11582
11584
11587
11589
11591
11593
11595
11597
11599
11601
11604
11606
11608
11610
11612
11614
11616
11618
11621
11623
11625
11627
11629
11631
11633
11635
11638
11640
11642
11644
11646
11648
11650
11652
11655
11657
11659
11661
11663
11665
11667
11670
11672
11674
11676
11678
11680
11682
11684
11686
11688
11690
11692
11694
11696
11699
11701
11703
11705
11707
11709
11711
11713
11715
11717
11719
11721
11723
11726
11728
11730
11732
11734
11736
11738
11740
11742
11744
11746
11748
11750
11753
11755
11757
11759
11761
11763
11765
11767
11769
11771
11773
11775
11777
11780
11781
11783
11785
11787
11788
11790
11792
11794
11796
11797
11799
11801
11803
11805
11806
11808
11810
11812
11813
11815
11817
11819
11821
11822
11824
11826
11828
11830
11831
11833
11835
11837
11838
11840
11842
11844
11846
11847
11849
11851
11853
11855
11856
11858
11860
11862
11863
11865
11867
11869
11871
11872
11874
11876
11878
11880
11881
11883
11885
11887
11889
11891
11893
11895
11897
11898
11900
11902
11904
11906
11908
11910
11912
11914
11916
11917
11919
11921
11923
11925
11927
11929
11931
11933
11935
11936
11938
11940
11942
11944
11946
11948
11950
11952
11953
11955
11957
11959
11961
11963
11965
11967
11969
11971
11972
11974
11976
11978
11980
11982
11984
11986
11988
11990
11992
11994
11996
11998
12001
12003
12005
12007
12010
12012
12014
12016
12019
12021
12023
12025
12028
12030
12032
12034
12037
12039
12041
12043
12046
12048
12050
12052
12055
12057
12059
12061
12064
12066
12068
12070
12073
12075
12077
12079
12082
12084
12086
12088
12091
12093
12095
12097
12100
12102
12104
12106
12108
12110
12113
12115
12117
12119
12121
12123
12126
12128
12130
12132
12134
12136
12139
12141
12143
12145
12147
12149
12152
12154
12156
12158
12160
12163
12165
12167
12169
12171
12173
12176
12178
12180
12182
12184
12186
12189
12191
12193
12195
12197
12200
12202
12204
12206
12208
12210
12212
12215
12217
12219
12221
12223
12225
12228
12230
12232
12234
12236
12238
12240
12243
12245
12247
12249
12251
12253
12256
12258
12260
12262
12264
12266
12269
12271
12273
12275
12277
12279
12281
12284
12286
12288
12290
12292
12294
12297
12299
12301
12303
12305
12307
12310
12311
12313
12315
12317
12318
12320
12322
12324
12326
12327
12329
12331
12333
12335
12336
12338
12340
12342
12343
12345
12347
12349
12351
12352
12354
12356
12358
12360
12361
12363
12365
12367
12368
12370
12372
12374
12376
12377
12379
12381
12383
12385
12386
12388
12390
12392
12393
12395
12397
12399
12401
12402
12404
12406
12408
12410
12412
12414
12416
12418
12420
12422
12424
12426
12428
12430
12432
12434
12436
12438
12440
12442
12444
12446
12448
12450
12452
12454
12456
12458
12460
12462
12465
12467
12469
12471
12473
12475
12477
12479
12481
12483
12485
12487
12489
12491
12493
12495
12497
12499
12501
12503
12505
12507
12509
12511
12513
12515
12517
12520
12522
12524
12526
12528
12530
12532
12535
12537
12539
12541
12543
12545
12548
12550
12552
12554
12556
12558
12560
12563
12565
12567
12569
12571
12573
12576
12578
12580
12582
12584
12586
12589
12591
12593
12595
12597
12599
12601
12604
12606
12608
12610
12612
12614
12617
12619
12621
12623
12625
12627
12630
12631
12633
12635
12637
12639
12641
12643
12645
12647
12649
12651
12653
12655
12657
12659
12661
12663
12665
12667
12669
12671
12673
12675
12677
12679
12681
12683
12685
12686
12688
12690
12692
12694
12696
12698
12700
12702
12704
12706
12708
12710
12712
12714
12716
12718
12720
12722
12724
12726
12728
12730
12732
12734
12736
12738
12740
12742
12744
12746
12749
12751
12753
12756
12758
12760
12762
12765
12767
12769
12772
12774
12776
12778
12781
12783
12785
12788
12790
12792
12795
12797
12799
12801
12804
12806
12808
12811
12813
12815
12817
12820
12822
12824
12827
12829
12831
12833
12836
12838
12840
12843
12845
12847
12850
12852
12854
12856
12858
12860
12862
12864
12866
12868
12870
12872
12875
12877
12879
12881
12883
12885
12887
12889
12891
12893
12895
12897
12899
12902
12904
12906
12908
12910
12912
12914
12916
12918
12920
12922
12924
12927
12929
12931
12933
12935
12937
12939
12941
12943
12945
12947
12950
12952
12954
12957
12959
12961
12964
12966
12968
12971
12973
12975
12978
12980
12982
12985
12987
12990
12992
12994
12997
12999
13001
13004
13006
13008
13011
13013
13015
13018
13020
13022
13025
13027
13030
13032
13034
13037
13039
13041
13044
13046
13048
13051
13053
13055
13058
13060
13062
13065
13067
13070
13071
13073
13075
13077
13078
13080
13082
13084
13086
13087
13089
13091
13093
13095
13096
13098
13100
13102
13103
13105
13107
13109
13111
13112
13114
13116
13118
13120
13121
13123
13125
13127
13128
13130
13132
13134
13136
13137
13139
13141
13143
13145
13146
13148
13150
13152
13153
13155
13157
13159
13161
13162
13164
13166
13168
13170
13171
13173
13174
13176
13177
13179
13181
13182
13184
13185
13187
13189
13190
13192
13193
13195
13197
13198
13200
13201
13203
13205
13206
13208
13209
13211
13213
13214
13216
13217
13219
13221
13222
13224
13225
13227
13228
13230
13232
13233
13235
13236
13238
13240
13241
13243
13244
13246
13248
13249
13251
13252
13254
13256
13257
13259
13260
13262
13264
13265
13267
13268
13270
13272
13273
13275
13276
13278
13280
13281
13283
13285
13287
13289
13290
13292
13294
13296
13298
13299
13301
13303
13305
13307
13309
13310
13312
13314
13316
13318
13320
13321
13323
13325
13327
13329
13330
13332
13334
13336
13338
13340
13341
13343
13345
13347
13349
13350
13352
13354
13356
13358
13360
13361
13363
13365
13367
13369
13370
13372
13374
13376
13378
13380
13382
13384
13386
13388
13390
13392
13394
13396
13398
13400
13402
13404
13406
13408
13410
13412
13414
13416
13418
13420
13422
13424
13426
13428
13430
13432
13434
13436
13438
13440
13442
13444
13446
13448
13450
13452
13454
13456
13458
13460
13462
13464
13466
13468
13470
13472
13474
13476
13478
13480
13482
13484
13486
13488
13490
13492
13494
13497
13499
13501
13504
13506
13509
13511
13513
13516
13518
13521
13523
13525
13528
13530
13533
13535
13537
13540
13542
13545
13547
13549
13552
13554
13556
13559
13561
13564
13566
13568
13571
13573
13576
13578
13580
13583
13585
13588
13590
13592
13595
13597
13600
13601
13603
13605
13606
13608
13610
13612
13613
13615
13617
13618
13620
13622
13624
13625
13627
13629
13631
13632
13634
13636
13637
13639
13641
13643
13644
13646
13648
13649
13651
13653
13655
13656
13658
13660
13662
13663
13665
13667
13668
13670
13672
13674
13675
13677
13679
13681
13682
13684
13686
13687
13689
13691
13693
13694
13696
13698
13700
13701
13703
13705
13706
13708
13710
13712
13713
13715
13717
13718
13720
13722
13724
13725
13727
13729
13730
13732
13734
13736
13737
13739
13741
13742
13744
13746
13748
13749
13751
13753
13754
13756
13758
13760
13761
13763
13765
13767
13768
13770
13772
13773
13775
13777
13779
13780
13782
13784
13785
13787
13789
13791
13792
13794
13796
13797
13799
13801
13803
13804
13806
13808
13810
13812
13814
13816
13819
13821
13823
13825
13828
13830
13832
13835
13837
13839
13841
13844
13846
13848
13850
13853
13855
13857
13860
13862
13864
13866
13869
13871
13873
13875
13878
13880
13882
13885
13887
13889
13891
13894
13896
13898
13900
13903
13905
13907
13910
13912
13914
13916
13918
13921
13923
13925
13927
13930
13932
13934
13936
13939
13941
13943
13945
13948
13950
13952
13954
13957
13959
13961
13963
13966
13968
13970
13972
13975
13977
13979
13981
13984
13986
13988
13990
13993
13995
13997
13999
14002
14004
14006
14008
14011
14013
14015
14017
14020
14022
14024
14026
14028
14030
14032
14034
14036
14038
14040
14042
14044
14046
14048
14050
14052
14054
14056
14058
14060
14062
14064
14066
14068
14070
14072
14075
14077
14079
14081
14083
14085
14087
14089
14091
14093
14095
14097
14099
14101
14103
14105
14107
14109
14111
14113
14115
14117
14119
14121
14123
14125
14127
14130
14131
14133
14135
14137
14139
14140
14142
14144
14146
14148
14149
14151
14153
14155
14157
14158
14160
14162
14164
14166
14167
14169
14171
14173
14175
14176
14178
14180
14182
14184
14185
14187
14189
14191
14193
14194
14196
14198
14200
14202
14203
14205
14207
14209
14211
14212
14214
14216
14218
14220
14221
14223
14225
14227
14229
14230
14232
14234
14236
14238
14240
14241
14243
14245
14247
14248
14250
14252
14254
14255
14257
14259
14261
14263
14264
14266
14268
14270
14271
14273
14275
14277
14279
14280
14282
14284
14286
14287
14289
14291
14293
14295
14296
14298
14300
14302
14303
14305
14307
14309
14310
14312
14314
14316
14318
14319
14321
14323
14325
14326
14328
14330
14332
14334
14335
14337
14339
14341
14342
14344
14346
14348
14350
14351
14353
14354
14356
14357
14359
14361
14362
14364
14365
14367
14369
14370
14372
14373
14375
14376
14378
14380
14381
14383
14384
14386
14388
14389
14391
14392
14394
14396
14397
14399
14400
14402
14403
14405
14407
14408
14410
14411
14413
14415
14416
14418
14419
14421
14423
14424
14426
14427
14429
14430
14432
14434
14435
14437
14438
14440
14442
14443
14445
14446
14448
14450
14451
14453
14455
14457
14459
14461
14463
14465
14467
14469
14471
14473
14475
14477
14478
14480
14482
14484
14486
14488
14490
14492
14494
14496
14498
14500
14502
14504
14505
14507
14509
14511
14513
14515
14517
14519
14521
14523
14525
14527
14529
14531
14532
14534
14536
14538
14540
14542
14544
14546
14548
14550
14552
14554
14556
14558
14560
14561
14563
14565
14567
14569
14571
14573
14575
14577
14579
14581
14583
14585
14587
14589
14591
14593
14595
14597
14599
14601
14603
14605
14607
14609
14610
14612
14614
14616
14618
14620
14622
14624
14626
14628
14630
14632
14634
14636
14638
14640
14642
14644
14646
14648
14650
14652
14654
14656
14658
14660
14661
14663
14665
14667
14669
14671
14672
14674
14676
14678
14680
14682
14683
14685
14687
14689
14691
14693
14694
14696
14698
14700
14702
14704
14705
14707
14709
14711
14713
14715
14716
14718
14720
14722
14724
14726
14727
14729
14731
14733
14735
14737
14738
14740
14742
14744
14746
14748
14749
14751
14753
14755
14757
14759
14760
14762
14764
14766
14768
14770
14771
14773
14775
14777
14779
14780
14782
14784
14786
14788
14790
14792
14793
14795
14797
14799
14801
14803
14804
14806
14808
14810
14812
14814
14815
14817
14819
14821
14823
14825
14826
14828
14830
14832
14834
14836
14837
14839
14841
14843
14845
14847
14848
14850
14852
14854
14856
14858
14859
14861
14863
14865
14867
14869
14870
14872
14874
14876
14878
14880
14881
14883
14884
14886
14887
14889
14891
14892
14894
14895
14897
14899
14900
14902
14903
14905
14907
14908
14910
14911
14913
14915
14916
14918
14919
14921
14923
14924
14926
14927
14929
14931
14932
14934
14935
14937
14938
14940
14942
14943
14945
14946
14948
14950
14951
14953
14954
14956
14958
14959
14961
14962
14964
14966
14967
14969
14970
14972
14974
14975
14977
14978
14980
14982
14983
14985
14986
14988
14990
14992
14994
14996
14998
15000
15002
15004
15006
15008
15010
15012
15014
15016
15018
15020
15022
15024
15026
15028
15030
15032
15034
15036
15038
15040
15042
15045
15047
15049
15051
15053
15055
15057
15059
15061
15063
15065
15067
15069
15071
15073
15075
15077
15079
15081
15083
15085
15087
15089
15091
15093
15095
15097
15100
15101
15103
15105
15107
15109
15111
15112
15114
15116
15118
15120
15122
15124
15125
15127
15129
15131
15133
15135
15137
15138
15140
15142
15144
15146
15148
15149
15151
15153
15155
15157
15159
15161
15162
15164
15166
15168
15170
15172
15174
15175
15177
15179
15181
15183
15185
15187
15188
15190
15192
15194
15196
15198
15200
15201
15203
15205
15206
15208
15209
15211
15213
15215
15216
15218
15219
15221
15223
15225
15226
15228
15230
15231
15233
15235
15236
15238
15240
15241
15243
15245
15246
15248
15250
15251
15253
15254
15256
15258
15260
15261
15263
15265
15266
15268
15270
15271
15273
15275
15276
15278
15280
15281
15283
15285
15286
15288
15290
15291
15293
15295
15296
15298
15300
15301
15303
15305
15306
15308
15310
15311
15313
15314
15316
15318
15319
15321
15323
15324
15326
15328
15329
15331
15332
15334
15336
15337
15339
15341
15342
15344
15346
15347
15349
15350
15352
15354
15355
15357
15359
15360
15362
15364
15365
15367
15369
15370
15372
15373
15375
15377
15378
15380
15382
15383
15385
15387
15388
15390
15391
15393
15395
15396
15398
15400
15401
15403
15405
15406
15408
15410
15411
15413
15415
15416
15418
15420
15422
15423
15425
15427
15428
15430
15432
15434
15435
15437
15439
15440
15442
15444
15446
15447
15449
15451
15452
15454
15456
15458
15459
15461
15463
15465
15466
15468
15470
15471
15473
15475
15477
15478
15480
15482
15483
15485
15487
15489
15490
15492
15494
15495
15497
15499
15501
15502
15504
15506
15507
15509
15511
15513
15514
15516
15518
15520
15521
15523
15525
15527
15529
15531
15533
15535
15537
15539
15541
15543
15545
15547
15549
15551
15553
15555
15557
15559
15561
15563
15565
15567
15569
15571
15573
15575
15576
15578
15580
15582
15584
15586
15588
15590
15592
15594
15596
15598
15600
15602
15604
15606
15608
15610
15612
15614
15616
15618
15620
15622
15624
15626
15628
15630
15631
15633
15635
15637
15639
15640
15642
15644
15646
15648
15649
15651
15653
15655
15657
15658
15660
15662
15664
15666
15667
15669
15671
15673
15675
15676
15678
15680
15682
15684
15685
15687
15689
15691
15693
15694
15696
15698
15700
15702
15703
15705
15707
15709
15711
15712
15714
15716
15718
15720
15721
15723
15725
15727
15729
15730
15732
15734
15736
15738
15740
15741
15743
15745
15747
15749
15751
15753
15755
15757
15759
15761
15763
15765
15767
15769
15771
15773
15775
15777
15779
15781
15783
15785
15787
15789
15791
15793
15795
15796
15798
15800
15802
15804
15806
15808
15810
15812
15814
15816
15818
15820
15822
15824
15826
15828
15830
15832
15834
15836
15838
15840
15842
15844
15846
15848
15850
15851
15853
15854
15856
15857
15859
15861
15862
15864
15865
15867
15869
15870
15872
15873
15875
15876
15878
15880
15881
15883
15884
15886
15888
15889
15891
15892
15894
15896
15897
15899
15900
15902
15903
15905
15907
15908
15910
15911
15913
15915
15916
15918
15919
15921
15923
15924
15926
15927
15929
15930
15932
15934
15935
15937
15938
15940
15942
15943
15945
15946
15948
15950
15951
15953
15955
15957
15958
15960
15962
15964
15965
15967
15969
15971
15973
15974
15976
15978
15980
15981
15983
15985
15987
15989
15990
15992
15994
15996
15997
15999
16001
16003
16004
16006
16008
16010
16012
16013
16015
16017
16019
16020
16022
16024
16026
16028
16029
16031
16033
16035
16036
16038
16040
16042
16044
16045
16047
16049
16051
16052
16054
16056
16058
16059
16062
16064
16066
16069
16071
16073
16075
16078
16080
16082
16085
16087
16089
16091
16094
16096
16098
16100
16103
16105
16107
16110
16112
16114
16116
16119
16121
16123
16125
16128
16130
16132
16134
16137
16139
16141
16144
16146
16148
16150
16153
16155
16157
16160
16162
16164
16166
16168
16170
16172
16174
16176
16179
16181
16183
16185
16187
16189
16191
16193
16195
16198
16200
16202
16204
16206
16208
16210
16212
16215
16217
16219
16221
16223
16225
16227
16229
16231
16234
16236
16238
16240
16242
16244
16246
16248
16250
16253
16255
16257
16259
16261
16263
16265
16267
16270
16271
16274
16276
16277
16280
16282
16283
16285
16288
16290
16291
16294
16296
16297
16300
16302
16303
16306
16308
16309
16311
16314
16315
16317
16320
16322
16323
16326
16328
16329
16332
16334
16335
16338
16340
16341
16343
16346
16347
16349
16352
16354
16355
16358
16360
16361
16364
16366
16367
16369
16372
16373
16375
16378
16379
16381
16383
16385
16386
16388
16390
16392
16393
16395
16397
16398
16400
16402
16404
16405
16407
16409
16410
16412
16414
16416
16417
16419
16421
16422
16424
16426
16428
16429
16431
16433
16435
16436
16438
16440
16441
16443
16445
16447
16448
16450
16452
16453
16455
16457
16459
16460
16462
16464
16465
16467
16469
16471
16472
16474
16476
16477
16479
16481
16483
16484
16486
16488
16490
16491
16493
16495
16497
16499
16501
16503
16505
16507
16509
16511
16513
16515
16517
16518
16520
16522
16524
16526
16528
16530
16532
16534
16536
16538
16540
16542
16544
16545
16547
16549
16551
16553
16555
16557
16559
16561
16563
16565
16567
16569
16571
16572
16574
16576
16578
16580
16582
16584
16586
16588
16590
16592
16594
16596
16598
16600
16602
16604
16606
16608
16610
16613
16615
16617
16619
16621
16623
16626
16628
16630
16632
16634
16636
16639
16641
16643
16645
16647
16650
16652
16654
16656
16658
16660
16663
16665
16667
16669
16671
16673
16676
16678
16680
16682
16684
16686
16689
16691
16693
16695
16697
16700
16702
16704
16706
16708
16711
16713
16715
16717
16719
16721
16724
16726
16728
16730
16733
16735
16737
16739
16741
16744
16746
16748
16750
16752
16755
16757
16759
16761
16763
16766
16768
16770
16772
16774
16776
16779
16781
16783
16785
16788
16790
16792
16794
16796
16799
16801
16803
16805
16807
16810
16811
16813
16815
16817
16818
16820
16822
16824
16826
16827
16829
16831
16833
16835
16836
16838
16840
16842
16843
16845
16847
16849
16851
16852
16854
16856
16858
16860
16861
16863
16865
16867
16868
16870
16872
16874
16876
16877
16879
16881
16883
16884
16886
16888
16890
16892
16893
16895
16897
16899
16901
16902
16904
16906
16908
16910
16911
16913
16915
16916
16918
16920
16921
16923
16925
16926
16928
16930
16932
16933
16935
16937
16938
16940
16942
16943
16945
16947
16948
16950
16952
16954
16955
16957
16959
16960
16962
16964
16965
16967
16969
16970
16972
16974
16976
16977
16979
16981
16982
16984
16986
16987
16989
16991
16992
16994
16996
16998
16999
17001
17003
17004
17006
17008
17009
17011
17013
17014
17016
17018
17020
17021
17023
17025
17027
17029
17031
17033
17035
17037
17039
17041
17043
17045
17047
17049
17051
17053
17055
17057
17059
17061
17063
17065
17067
17069
17071
17073
17075
17076
17078
17080
17082
17084
17086
17088
17090
17092
17094
17096
17098
17100
17102
17104
17106
17108
17110
17112
17114
17116
17118
17120
17122
17124
17126
17128
17130
17131
17133
17135
17137
17139
17141
17143
17145
17147
17149
17151
17153
17155
17157
17158
17160
17162
17164
17166
17168
17170
17172
17174
17176
17178
17180
17182
17184
17185
17187
17189
17191
17193
17195
17197
17199
17201
17203
17205
17207
17209
17211
17212
17214
17216
17218
17220
17222
17224
17226
17228
17230
17232
17234
17236
17238
17240
17242
17244
17246
17248
17251
17253
17255
17257
17260
17262
17264
17266
17269
17271
17273
17275
17278
17280
17282
17284
17287
17289
17291
17293
17296
17298
17300
17302
17305
17307
17309
17311
17314
17316
17318
17320
17323
17325
17327
17329
17332
17334
17336
17338
17341
17343
17345
17347
17350
17351
17353
17355
17357
17359
17361
17363
17365
17367
17369
17371
17373
17375
17376
17378
17380
17382
17384
17386
17388
17390
17392
17394
17396
17398
17400
17401
17403
17405
17407
17409
17411
17413
17415
17417
17419
17421
17423
17425
17426
17428
17430
17432
17434
17436
17438
17440
17442
17444
17446
17448
17450
17451
17453
17455
17457
17459
17460
17462
17464
17466
17468
17469
17471
17473
17475
17477
17478
17480
17482
17484
17486
17487
17489
17491
17493
17495
17496
17498
17500
17502
17504
17505
17507
17509
17511
17513
17514
17516
17518
17520
17522
17523
17525
17527
17529
17531
17532
17534
17536
17538
17540
17541
17543
17545
17547
17549
17550
17552
17554
17556
17558
17560
17561
17563
17564
17566
17568
17570
17571
17573
17575
17576
17578
17580
17581
17583
17585
17586
17588
17590
17591
17593
17595
17596
17598
17599
17601
17603
17605
17606
17608
17610
17611
17613
17615
17616
17618
17620
17621
17623
17625
17626
17628
17630
17631
17633
17634
17636
17638
17640
17641
17643
17645
17646
17648
17650
17651
17653
17655
17656
17658
17660
17662
17664
17666
17668
17670
17672
17674
17676
17678
17680
17682
17684
17686
17688
17690
17692
17694
17696
17698
17700
17702
17704
17706
17708
17710
17712
17714
17716
17718
17720
17722
17724
17726
17728
17730
17732
17734
17736
17738
17740
17742
17744
17746
17748
17750
17752
17754
17756
17758
17759
17762
17764
17766
17768
17770
17771
17773
17775
17777
17778
17780
17782
17784
17786
17787
17789
17791
17793
17795
17796
17798
17800
17802
17804
17805
17807
17809
17811
17812
17814
17816
17818
17820
17821
17823
17825
17827
17829
17830
17832
17834
17836
17838
17839
17841
17843
17845
17847
17848
17850
17852
17854
17855
17857
17859
17861
17863
17864
17866
17868
17870
17872
17873
17875
17877
17879
17881
17882
17884
17886
17888
17890
17891
17893
17895
17896
17898
17900
17901
17903
17905
17906
17908
17910
17912
17913
17915
17917
17918
17920
17922
17923
17925
17927
17928
17930
17932
17934
17935
17937
17939
17940
17942
17944
17945
17947
17949
17950
17952
17954
17956
17957
17959
17961
17962
17964
17966
17967
17969
17971
17972
17974
17976
17978
17979
17981
17983
17984
17986
17988
17989
17991
17993
17994
17996
17998
18000
18002
18004
18006
18008
18011
18013
18015
18017
18019
18022
18024
18026
18028
18030
18033
18035
18037
18039
18041
18044
18046
18048
18050
18052
18055
18057
18059
18061
18063
18066
18068
18070
18072
18074
18077
18079
18081
18083
18085
18088
18090
18092
18094
18096
18099
18101
18103
18105
18107
18110
18111
18113
18115
18116
18118
18120
18122
18123
18125
18127
18128
18130
18132
18134
18135
18137
18139
18141
18142
18144
18146
18147
18149
18151
18153
18154
18156
18158
18160
18161
18163
18165
18166
18168
18170
18172
18173
18175
18177
18178
18180
18182
18184
18185
18187
18189
18191
18192
18194
18196
18197
18199
18201
18203
18204
18206
18208
18210
18212
18214
18216
18218
18221
18223
18225
18227
18229
18232
18234
18236
18238
18240
18243
18245
18247
18249
18251
18254
18256
18258
18260
18262
18265
18267
18269
18271
18273
18276
18278
18280
18282
18284
18287
18289
18291
18293
18295
18298
18300
18302
18304
18306
18309
18311
18313
18315
18317
18320
18322
18324
18326
18328
18330
18332
18334
18336
18338
18340
18342
18344
18346
18348
18350
18352
18354
18356
18358
18360
18362
18364
18366
18368
18370
18372
18374
18376
18378
18380
18382
18384
18386
18388
18390
18392
18394
18396
18398
18400
18402
18404
18406
18408
18410
18412
18414
18416
18418
18420
18422
18424
18426
18429
18431
18433
18436
18438
18440
18442
18445
18447
18449
18452
18454
18456
18458
18461
18463
18465
18468
18470
18472
18475
18477
18479
18481
18484
18486
18488
18491
18493
18495
18497
18500
18502
18504
18507
18509
18511
18513
18516
18518
18520
18523
18525
18527
18530
18532
18534
18536
18538
18540
18543
18545
18547
18549
18551
18553
18556
18558
18560
18562
18564
18566
18569
18571
18573
18575
18577
18580
18582
18584
18586
18588
18590
18593
18595
18597
18599
18601
18603
18606
18608
18610
18612
18614
18616
18619
18621
18623
18625
18627
18630
18631
18633
18634
18636
18638
18640
18641
18643
18645
18646
18648
18650
18651
18653
18654
18656
18658
18660
18661
18663
18665
18666
18668
18669
18671
18673
18674
18676
18678
18680
18681
18683
18685
18686
18688
18689
18691
18693
18695
18696
18698
18700
18701
18703
18705
18706
18708
18709
18711
18713
18715
18716
18718
18720
18721
18723
18724
18726
18728
18729
18731
18733
18735
18736
18738
18740
18741
18743
18745
18747
18749
18750
18752
18754
18756
18758
18759
18761
18763
18765
18767
18768
18770
18772
18774
18776
18777
18779
18781
18783
18785
18786
18788
18790
18792
18794
18795
18797
18799
18801
18803
18804
18806
18808
18810
18812
18813
18815
18817
18819
18821
18822
18824
18826
18828
18830
18831
18833
18835
18837
18839
18840
18842
18844
18846
18848
18850
18851
18853
18855
18857
18859
18861
18863
18865
18867
18869
18871
18873
18875
18876
18878
18880
18882
18884
18886
18888
18890
18892
18894
18896
18898
18900
18901
18903
18905
18907
18909
18911
18913
18915
18917
18919
18921
18923
18925
18926
18928
18930
18932
18934
18936
18938
18940
18942
18944
18946
18948
18950
18951
18953
18955
18957
18959
18961
18963
18965
18967
18969
18971
18973
18975
18977
18978
18980
18982
18984
18986
18988
18990
18992
18994
18996
18998
19000
19002
19004
19005
19007
19009
19011
19013
19015
19017
19019
19021
19023
19025
19027
19029
19031
19032
19034
19036
19038
19040
19042
19044
19046
19048
19050
19052
19054
19056
19058
19060
19062
19064
19066
19068
19070
19072
19074
19076
19078
19080
19082
19084
19086
19088
19090
19092
19094
19096
19098
19100
19102
19104
19106
19108
19111
19113
19115
19117
19119
19121
19123
19125
19127
19129
19131
19133
19135
19137
19139
19141
19143
19145
19147
19149
19151
19153
19155
19157
19160
19161
19163
19165
19166
19168
19170
19172
19173
19175
19177
19178
19180
19182
19184
19185
19187
19189
19190
19192
19194
19196
19197
19199
19201
19202
19204
19206
19208
19209
19211
19213
19215
19216
19218
19220
19221
19223
19225
19227
19228
19230
19232
19233
19235
19237
19239
19240
19242
19244
19245
19247
19249
19251
19252
19254
19256
19257
19259
19261
19263
19264
19266
19268
19270
19272
19274
19276
19278
19280
19282
19284
19286
19289
19291
19293
19295
19297
19299
19301
19303
19305
19308
19310
19312
19314
19316
19318
19320
19322
19325
19327
19329
19331
19333
19335
19337
19339
19341
19344
19346
19348
19350
19352
19354
19356
19358
19360
19363
19365
19367
19369
19371
19373
19375
19377
19380
19381
19384
19386
19387
19390
19392
19394
19395
19398
19400
19401
19404
19406
19407
19410
19412
19413
19416
19418
19419
19421
19424
19426
19427
19430
19432
19433
19436
19438
19439
19442
19444
19445
19448
19450
19452
19453
19456
19458
19459
19462
19464
19465
19468
19470
19471
19474
19476
19477
19479
19482
19484
19485
19488
19490
19492
19494
19497
19500
19502
19505
19507
19509
19512
19515
19517
19520
19522
19525
19527
19530
19532
19535
19537
19540
19542
19545
19547
19550
19552
19555
19557
19560
19562
19565
19567
19570
19572
19575
19577
19580
19582
19585
19587
19590
19592
19595
19597
19600
19601
19603
19605
19607
19609
19611
19613
19615
19617
19619
19621
19623
19625
19627
19629
19631
19633
19635
19637
19639
19641
19643
19645
19647
19649
19650
19652
19654
19656
19658
19660
19662
19664
19666
19668
19670
19672
19674
19676
19678
19680
19682
19684
19686
19688
19690
19692
19694
19696
19698
19700
19702
19704
19707
19709
19712
19714
19717
19719
19721
19724
19726
19729
19731
19734
19736
19739
19741
19744
19746
19748
19751
19753
19756
19758
19761
19763
19766
19768
19770
19773
19775
19778
19780
19783
19785
19788
19790
19792
19795
19797
19800
19802
19805
19807
19810
19812
19814
19816
19818
19820
19822
19824
19826
19828
19830
19832
19834
19836
19838
19840
19842
19844
19846
19848
19850
19852
19854
19856
19858
19861
19863
19865
19867
19869
19871
19873
19875
19877
19879
19881
19883
19885
19887
19889
19891
19893
19895
19897
19899
19901
19903
19905
19907
19910
19911
19913
19915
19917
19919
19921
19923
19925
19927
19929
19931
19933
19935
19937
19938
19940
19942
19944
19946
19948
19950
19952
19954
19956
19958
19960
19962
19964
19965
19967
19969
19971
19973
19975
19977
19979
19981
19983
19985
19987
19989
19991
19992
19994
19996
19998
20000
20002
20004
20006
20008
20010
20012
20014
20016
20018
20020
20021
20023
20024
20026
20028
20029
20031
20033
20034
20036
20038
20039
20041
20042
20044
20046
20047
20049
20051
20052
20054
20056
20057
20059
20061
20062
20064
20065
20067
20069
20070
20072
20074
20075
20077
20079
20080
20082
20084
20085
20087
20088
20090
20092
20093
20095
20097
20098
20100
20102
20103
20105
20107
20108
20110
20111
20113
20115
20116
20118
20120
20121
20123
20125
20126
20128
20130
20131
20133
20135
20137
20139
20141
20143
20145
20147
20149
20151
20153
20155
20157
20158
20160
20162
20164
20166
20168
20170
20172
20174
20176
20178
20180
20182
20184
20185
20187
20189
20191
20193
20195
20197
20199
20201
20203
20205
20207
20209
20211
20212
20214
20216
20218
20220
20222
20224
20226
20228
20230
20232
20234
20236
20238
20240
20242
20244
20246
20248
20250
20252
20255
20257
20259
20261
20263
20265
20268
20270
20272
20274
20276
20278
20280
20283
20285
20287
20289
20291
20293
20296
20298
20300
20302
20304
20306
20309
20311
20313
20315
20317
20319
20321
20324
20326
20328
20330
20332
20334
20337
20339
20341
20343
20345
20347
20350
20351
20353
20355
20357
20359
20361
20363
20365
20366
20368
20370
20372
20374
20376
20378
20380
20382
20383
20385
20387
20389
20391
20393
20395
20397
20399
20400
20402
20404
20406
20408
20410
20412
20414
20416
20417
20419
20421
20423
20425
20427
20429
20431
20433
20434
20436
20438
20440
20442
20444
20446
20448
20450
20452
20454
20456
20458
20460
20462
20464
20465
20468
20470
20471
20474
20476
20477
20480
20482
20484
20486
20488
20490
20491
20494
20496
20497
20500
20502
20503
20506
20508
20509
20512
20514
20516
20518
20520
20522
20523
20526
20528
20529
20532
20534
20535
20538
20540
20541
20544
20546
20548
20549
20552
20554
20555
20558
20560
20561
20563
20565
20567
20569
20571
20573
20575
20577
20579
20581
20583
20585
20586
20588
20590
20592
20594
20596
20598
20600
20602
20604
20606
20608
20610
20611
20613
20615
20617
20619
20621
20623
20625
20627
20629
20631
20633
20634
20636
20638
20640
20642
20644
20646
20648
20650
20652
20654
20656
20658
20660
20662
20664
20666
20668
20671
20673
20675
20677
20679
20682
20684
20686
20688
20690
20693
20695
20697
20699
20701
20704
20706
20708
20710
20712
20715
20717
20719
20721
20723
20726
20728
20730
20732
20734
20737
20739
20741
20743
20745
20748
20750
20752
20754
20756
20759
20761
20763
20765
20767
20770
20772
20774
20776
20779
20781
20783
20786
20788
20790
20792
20795
20797
20799
20802
20804
20806
20808
20811
20813
20815
20818
20820
20822
20825
20827
20829
20831
20834
20836
20838
20841
20843
20845
20847
20850
20852
20854
20857
20859
20861
20863
20866
20868
20870
20873
20875
20877
20880
20881
20883
20885
20887
20889
20891
20892
20894
20896
20898
20900
20901
20903
20905
20907
20909
20911
20913
20914
20916
20918
20920
20922
20924
20925
20927
20929
20931
20933
20935
20936
20938
20940
20942
20944
20945
20947
20949
20951
20953
20955
20956
20958
20960
20962
20964
20966
20968
20969
20971
20973
20975
20977
20979
20980
20982
20984
20986
20988
20990
20992
20995
20998
21000
21003
21006
21008
21011
21014
21016
21019
21022
21024
21027
21030
21032
21035
21038
21040
21043
21046
21049
21051
21054
21057
21059
21062
21065
21067
21070
21073
21075
21078
21081
21083
21086
21089
21091
21094
21097
21100
21101
21103
21105
21107
21109
21111
21113
21115
21117
21119
21121
21123
21125
21127
21129
21131
21133
21135
21137
21139
21141
21143
21145
21147
21149
21150
21152
21154
21156
21158
21160
21162
21164
21166
21168
21170
21172
21174
21176
21178
21180
21182
21184
21186
21188
21190
21192
21194
21196
21198
21200
21202
21204
21206
21209
21211
21213
21216
21218
21220
21222
21225
21227
21229
21232
21234
21236
21238
21241
21243
21245
21248
21250
21252
21255
21257
21259
21261
21264
21266
21268
21271
21273
21275
21277
21280
21282
21284
21287
21289
21291
21293
21296
21298
21300
21303
21305
21307
21310
21312
21314
21316
21318
21320
21322
21324
21326
21328
21330
21332
21335
21337
21339
21341
21343
21345
21347
21349
21351
21353
21355
21357
21360
21362
21364
21366
21368
21370
21372
21374
21376
21378
21380
21382
21384
21387
21389
21391
21393
21395
21397
21399
21401
21403
21405
21407
21410
21412
21415
21417
21420
21422
21425
21427
21430
21433
21435
21438
21440
21443
21445
21448
21450
21453
21456
21458
21461
21463
21466
21468
21471
21473
21476
21479
21481
21484
21486
21489
21491
21494
21496
21499
21502
21504
21507
21509
21512
21514
21517
21520
21522
21524
21526
21528
21531
21533
21535
21537
21540
21542
21544
21546
21549
21551
21553
21555
21558
21560
21562
21564
21567
21569
21571
21573
21576
21578
21580
21582
21585
21587
21589
21591
21594
21596
21598
21600
21603
21605
21607
21609
21612
21614
21616
21618
21621
21623
21625
21627
21630
21632
21634
21636
21638
21641
21643
21645
21647
21649
21651
21654
21656
21658
21660
21663
21665
21667
21669
21671
21674
21676
21678
21680
21682
21685
21687
21689
21691
21693
21695
21698
21700
21702
21704
21706
21709
21711
21713
21715
21718
21720
21722
21724
21726
21729
21731
21733
21735
21737
21740
21743
21747
21750
21754
21758
21762
21765
21769
21773
21776
21780
21784
21787
21791
21795
21798
21802
21806
21809
21813
21817
21820
21824
21828
21831
21835
21839
21842
21846
21850
21852
21854
21856
21858
21860
21862
21864
21867
21869
21871
21873
21875
21877
21879
21881
21884
21886
21888
21890
21892
21894
21896
21898
21901
21903
21905
21907
21909
21911
21913
21915
21918
21920
21922
21924
21926
21928
21930
21932
21935
21937
21939
21941
21943
21945
21947
21950
21953
21957
21961
21964
21968
21971
21975
21979
21983
21986
21990
21994
21997
22001
22005
22008
22012
22016
22019
22023
22026
22030
22034
22038
22041
22045
22049
22052
22056
22060
22063
22067
22070
22074
22078
22082
22085
22089
22093
22096
22100
22104
22107
22111
22115
22118
22122
22126
22129
22133
22137
22140
22144
22148
22151
22155
22159
22162
22166
22170
22173
22176
22179
22182
22185
22188
22191
22194
22197
22200
22203
22206
22209
22212
22215
22218
22221
22225
22228
22231
22234
22237
22240
22243
22246
22249
22252
22255
22258
22261
22264
22267
22270
22273
22276
22280
22283
22286
22290
22293
22297
22300
22304
22307
22310
22314
22317
22321
22324
22328
22331
22335
22338
22341
22345
22348
22352
22355
22359
22362
22365
22369
22372
22376
22379
22383
22386
22390
22393
22397
22401
22404
22408
22412
22415
22419
22423
22426
22430
22434
22437
22441
22445
22448
22452
22456
22459
22463
22467
22470
22474
22478
22481
22485
22489
22492
22496
22500
22503
22507
22511
22515
22519
22523
22527
22531
22535
22539
22543
22547
22551
22555
22558
22562
22566
22570
22574
22578
22582
22586
22590
22594
22598
22602
22606
22610
22613
22617
22621
22625
22629
22633
22636
22640
22644
22648
22652
22656
22660
22663
22667
22671
22675
22679
22683
22686
22690
22694
22698
22702
22706
22710
22713
22717
22720
22724
22727
22731
22734
22738
22741
22745
22749
22752
22756
22759
22763
22766
22770
22773
22777
22780
22784
22788
22791
22795
22798
22802
22805
22809
22812
22816
22820
22823
22827
22831
22835
22839
22843
22846
22850
22854
22858
22862
22866
22870
22873
22877
22881
22885
22889
22893
22896
22900
22904
22908
22912
22916
22920
22924
22928
22933
22937
22942
22946
22950
22955
22959
22964
22968
22972
22977
22981
22986
22990
22994
22999
23003
23008
23012
23016
23021
23025
23030
23034
23038
23042
23046
23050
23054
23058
23062
23066
23070
23074
23078
23082
23086
23090
23094
23098
23102
23105
23110
23114
23118
23122
23125
23130
23133
23136
23140
23143
23146
23150
23153
23156
23160
23163
23166
23169
23173
23176
23180
23183
23186
23189
23193
23196
23200
23203
23206
23209
23213
23216
23220
23223
23226
23229
23233
23236
23240
23244
23248
23252
23256
23261
23265
23269
23273
23278
23282
23286
23290
23294
23299
23303
23307
23311
23316
23320
23324
23328
23333
23337
23341
23345
23350
23353
23357
23361
23364
23368
23372
23375
23379
23383
23387
23390
23394
23398
23401
23405
23409
23412
23416
23420
23424
23427
23431
23435
23438
23442
23446
23450
23454
23458
23463
23467
23471
23476
23480
23485
23489
23494
23498
23502
23507
23511
23516
23520
23524
23529
23533
23538
23542
23546
23551
23555
23560
23563
23567
23571
23575
23579
23583
23586
23590
23594
23598
23602
23606
23610
23613
23617
23621
23625
23629
23633
23636
23640
23644
23648
23652
23656
23660
23664
23669
23673
23678
23682
23687
23692
23696
23701
23705
23710
23715
23719
23724
23728
23733
23737
23742
23747
23751
23756
23760
23765
23770
23774
23778
23783
23787
23791
23796
23800
23805
23809
23814
23818
23822
23827
23831
23836
23840
23844
23849
23853
23858
23862
23866
23871
23875
23880
23884
23889
23893
23898
23902
23907
23912
23916
23921
23925
23930
23935
23939
23944
23948
23953
23957
23962
23967
23971
23976
23980
23985
23990
23993
23997
24001
24005
24008
24012
24016
24020
24024
24027
24031
24035
24039
24043
24046
24050
24054
24058
24062
24065
24069
24073
24077
24081
24084
24088
24092
24096
24100
24104
24108
24113
24117
24121
24126
24130
24134
24139
24143
24147
24152
24156
24160
24165
24169
24173
24178
24182
24186
24191
24195
24200
24204
24208
24212
24216
24221
24225
24229
24233
24238
24242
24246
24250
24255
24259
24263
24267
24271
24276
24280
24284
24288
24293
24297
24301
24305
24310
24313
24317
24320
24324
24327
24331
24335
24338
24342
24345
24349
24352
24356
24360
24363
24367
24370
24374
24377
24381
24384
24388
24392
24395
24399
24402
24406
24410
24413
24417
24421
24424
24428
24432
24435
24439
24443
24446
24450
24454
24457
24461
24465
24468
24472
24476
24479
24483
24487
24490
24494
24498
24501
24505
24509
24512
24516
24520
24524
24528
24532
24536
24541
24545
24549
24553
24558
24562
24566
24570
24575
24579
24583
24587
24591
24596
24600
24604
24608
24613
24617
24621
24625
24630
24634
24638
24642
24646
24651
24655
24659
24663
24668
24672
24676
24680
24685
24689
24693
24697
24701
24706
24710
24714
24718
24723
24727
24731
24735
24740
24744
24749
24753
24758
24762
24767
24772
24776
24781
24785
24790
24795
24799
24804
24808
24813
24817
24822
24827
24831
24836
24840
24845
24850
24854
24859
24863
24868
24872
24877
24882
24886
24891
24895
24900
24905
24909
24914
24918
24923
24927
24932
24937
24941
24946
24950
24955
24960
24965
24970
24975
24980
24985
24990
24995
25000
25005
25010
25015
25020
25025
25030
25035
25040
25045
25050
25055
25060
25065
25070
25073
25077
25081
25084
25088
25092
25095
25099
25103
25107
25110
25114
25118
25121
25125
25129
25132
25136
25140
25144
25147
25151
25155
25158
25162
25166
25170
25173
25177
25181
25185
25188
25192
25196
25200
25204
25207
25211
25215
25219
25223
25226
25230
25234
25238
25242
25245
25249
25253
25257
25261
25264
25268
25272
25276
25280
25283
25287
25290
25294
25297
25301
25305
25308
25312
25315
25319
25322
25326
25330
25333
25337
25340
25344
25347
25351
25355
25358
25362
25365
25369
25372
25376
25380
25384
25388
25392
25396
25400
25404
25408
25412
25416
25420
25424
25428
25432
25437
25441
25445
25449
25453
25457
25461
25465
25469
25473
25477
25481
25485
25490
25493
25497
25501
25505
25509
25513
25517
25521
25525
25529
25533
25537
25541
25545
25548
25552
25556
25560
25564
25568
25572
25576
25580
25584
25588
25592
25596
25600
25604
25609
25613
25618
25622
25627
25631
25636
25640
25645
25650
25654
25659
25663
25668
25672
25677
25681
25686
25690
25695
25700
25704
25708
25712
25716
25721
25725
25729
25733
25738
25742
25746
25750
25755
25759
25763
25767
25771
25776
25780
25784
25788
25793
25797
25801
25805
25810
25814
25818
25823
25827
25831
25836
25840
25844
25849
25853
25857
25862
25866
25870
25875
25879
25883
25888
25892
25896
25901
25905
25910
25913
25917
25921
25925
25928
25932
25936
25940
25944
25947
25951
25955
25959
25963
25966
25970
25974
25978
25982
25985
25989
25993
25997
26001
26004
26008
26012
26016
26020
26023
26027
26031
26034
26038
26041
26045
26049
26053
26056
26060
26064
26067
26071
26075
26078
26082
26086
26089
26093
26096
26100
26104
26108
26111
26115
26119
26122
26126
26130
26134
26138
26143
26147
26151
26156
26160
26165
26169
26174
26178
26182
26187
26191
26195
26200
26204
26209
26213
26218
26222
26226
26231
26235
26240
26243
26247
26250
26254
26258
26262
26265
26269
26273
26276
26280
26284
26287
26291
26295
26298
26302
26306
26309
26313
26317
26320
26324
26328
26331
26335
26339
26342
26346
26350
26353
26357
26360
26364
26367
26371
26375
26378
26382
26385
26389
26392
26396
26400
26403
26407
26410
26414
26417
26421
26425
26428
26432
26435
26439
26442
26446
26450
26453
26456
26460
26463
26467
26470
26474
26477
26480
26484
26487
26491
26494
26498
26501
26505
26508
26511
26515
26518
26522
26525
26529
26532
26535
26539
26542
26546
26549
26553
26556
26560
26564
26569
26574
26579
26583
26588
26593
26598
26602
26607
26612
26617
26621
26626
26631
26636
26640
26645
26650
26655
26660
26664
26669
26674
26679
26683
26688
26693
26698
26703
26707
26712
26717
26722
26726
26731
26736
26741
26746
26750
26755
26760
26765
26770
26775
26780
26785
26790
26794
26800
26805
26810
26814
26820
26825
26830
26835
26840
26845
26849
26855
26860
26865
26869
26875
26880
26887
26894
26901
26909
26916
26924
26931
26938
26945
26953
26960
26968
26975
26982
26990
26993
26997
27000
27004
27008
27012
27015
27019
27023
27026
27030
27034
27037
27041
27045
27048
27052
27056
27059
27063
27067
27070
27074
27078
27081
27085
27089
27092
27096
27100
27103
27107
27111
27115
27119
27123
27126
27130
27134
27138
27142
27146
27150
27153
27157
27161
27165
27169
27173
27176
27180
27184
27188
27192
27196
27200
27203
27207
27210
27214
27217
27221
27224
27228
27231
27235
27239
27242
27246
27249
27253
27256
27260
27263
27267
27270
27274
27278
27281
27285
27288
27292
27295
27299
27302
27306
27310
27313
27317
27321
27324
27328
27332
27335
27339
27343
27347
27350
27354
27358
27361
27365
27369
27372
27376
27380
27384
27387
27391
27395
27398
27402
27406
27410
27413
27417
27421
27424
27428
27432
27435
27439
27443
27446
27450
27454
27457
27461
27465
27468
27472
27476
27479
27483
27487
27490
27494
27498
27501
27505
27509
27512
27516
27520
27524
27528
27532
27536
27541
27545
27549
27553
27558
27562
27566
27570
27575
27579
27583
27587
27591
27596
27600
27604
27608
27613
27617
27621
27625
27630
27633
27637
27641
27644
27648
27651
27655
27659
27663
27666
27670
27674
27677
27681
27685
27688
27692
27695
27699
27703
27706
27710
27714
27718
27721
27725
27729
27732
27736
27740
27743
27747
27751
27755
27758
27762
27766
27770
27774
27777
27781
27785
27789
27793
27796
27800
27804
27808
27812
27815
27819
27823
27827
27831
27834
27838
27842
27846
27850
27853
27856
27859
27862
27866
27869
27872
27875
27879
27882
27885
27888
27891
27895
27898
27901
27904
27908
27911
27914
27917
27920
27924
27927
27930
27933
27937
27940
27943
27946
27950
27954
27958
27962
27966
27970
27974
27978
27982
27986
27990
27994
27998
28002
28007
28011
28015
28019
28023
28027
28031
28035
28039
28043
28047
28051
28055
28060
28064
28069
28074
28079
28083
28088
28093
28098
28103
28107
28112
28117
28122
28126
28131
28136
28141
28146
28150
28155
28160
28165
28170
28173
28177
28181
28184
28188
28192
28195
28199
28203
28206
28210
28214
28217
28221
28225
28228
28232
28236
28239
28243
28247
28250
28254
28258
28261
28265
28269
28272
28276
28280
28283
28286
28290
28293
28297
28300
28304
28307
28311
28314
28317
28321
28324
28328
28331
28335
28338
28342
28345
28348
28352
28355
28359
28362
28366
28369
28373
28376
28380
28383
28387
28391
28395
28398
28402
28406
28410
28414
28417
28421
28425
28429
28433
28436
28440
28444
28448
28452
28455
28459
28463
28467
28471
28474
28478
28482
28486
28490
28494
28498
28503
28507
28512
28516
28520
28525
28529
28534
28538
28542
28547
28551
28556
28560
28564
28569
28573
28578
28582
28586
28591
28595
28600
28603
28606
28610
28613
28617
28620
28624
28627
28631
28634
28637
28641
28644
28648
28651
28655
28658
28662
28665
28668
28672
28675
28679
28682
28686
28689
28693
28696
28700
28703
28707
28711
28715
28719
28723
28727
28731
28735
28739
28743
28747
28751
28755
28758
28762
28766
28770
28774
28778
28782
28786
28790
28794
28798
28802
28806
28810
28814
28818
28823
28827
28832
28836
28840
28845
28849
28854
28858
28862
28867
28871
28876
28880
28884
28889
28893
28898
28902
28906
28911
28915
28920
28924
28928
28932
28936
28940
28944
28948
28952
28956
28960
28964
28968
28972
28976
28980
28984
28988
28992
28996
29000
29004
29008
29012
29016
29020
29024
29028
29032
29035
29040
29043
29047
29051
29054
29058
29062
29065
29069
29073
29077
29080
29084
29088
29091
29095
29099
29102
29106
29110
29114
29117
29121
29125
29128
29132
29136
29140
29144
29148
29152
29156
29160
29164
29168
29173
29177
29181
29185
29189
29193
29197
29202
29206
29210
29214
29218
29222
29226
29231
29235
29239
29243
29247
29251
29255
29260
29263
29267
29271
29275
29279
29283
29287
29291
29295
29299
29303
29307
29311
29315
29318
29322
29326
29330
29334
29338
29342
29346
29350
29354
29358
29362
29366
29370
29374
29378
29383
29387
29391
29396
29400
29404
29409
29413
29417
29422
29426
29430
29435
29439
29443
29448
29452
29456
29461
29465
29470
29474
29478
29482
29486
29490
29494
29498
29502
29506
29510
29514
29518
29522
29527
29531
29535
29539
29543
29547
29551
29555
29559
29563
29567
29571
29575
29580
29584
29587
29592
29596
29599
29604
29607
29612
29616
29619
29624
29628
29631
29636
29640
29644
29648
29652
29656
29660
29663
29668
29672
29676
29680
29683
29687
29691
29694
29698
29702
29705
29709
29713
29716
29720
29724
29727
29731
29735
29738
29742
29746
29749
29753
29756
29760
29764
29768
29771
29775
29779
29782
29786
29790
29794
29798
29802
29806
29810
29814
29819
29823
29827
29831
29835
29840
29844
29848
29852
29856
29860
29865
29869
29873
29877
29881
29885
29890
29893
29897
29901
29905
29909
29913
29917
29921
29925
29929
29933
29937
29941
29945
29948
29952
29956
29960
29964
29968
29972
29976
29980
29984
29988
29992
29996
30000
