36
73
110
142
175
207
240
264
288
312
335
360
470
500
530
559
590
616
642
667
694
720
752
784
817
850
870
890
909
929
950
970
990
1010
1030
1050
1070
1092
1114
1136
1158
1180
1210
1240
1270
1300
1330
1360
1420
1480
1500
1520
1540
1560
1580
1640
1700
1760
1793
1826
1860
1896
1933
1970
2003
2036
2070
2085
2101
2117
2132
2148
2164
2180
2204
2228
2252
2276
2300
2318
2337
2355
2374
2392
2411
2430
2443
2457
2471
2485
2498
2512
2526
2540
2554
2568
2582
2597
2611
2625
2640
2655
2671
2687
2702
2718
2734
2750
2758
2766
2775
2783
2791
2800
2808
2816
2825
2833
2841
2850
2859
2868
2877
2886
2895
2905
2914
2923
2932
2941
2950
2960
2966
2972
2979
2985
2992
2998
3005
3011
3018
3024
3031
3037
3044
3050
3057
3063
3070
3079
3088
3097
3106
3116
3125
3134
3143
3153
3162
3171
3180
3190
3211
3234
3256
3278
3300
3313
3327
3341
3355
3368
3382
3396
3410
3421
3432
3443
3454
3465
3476
3487
3498
3509
3520
3527
3534
3541
3548
3555
3562
3570
3577
3584
3591
3598
3605
3612
3620
3626
3632
3639
3645
3652
3658
3665
3671
3678
3684
3691
3697
3704
3710
3717
3723
3730
3736
3743
3750
3756
3763
3770
3776
3783
3790
3796
3803
3810
3816
3823
3830
3837
3844
3852
3859
3866
3874
3881
3888
3896
3903
3910
3918
3925
3932
3940
3946
3952
3958
3965
3971
3977
3984
3990
3996
4003
4009
4015
4022
4028
4034
4041
4047
4053
4059
4076
4092
4108
4125
4141
4157
4173
4190
4210
4230
4250
4270
4290
4310
4356
4403
4450
4483
4516
4550
4609
4670
4702
4734
4767
4800
4818
4836
4855
4873
4891
4910
4928
4947
4965
4984
5002
5021
5040
5073
5106
5140
5183
5226
5270
5288
5306
5324
5343
5361
5380
5402
5424
5446
5468
5490
5500
5510
5520
5530
5540
5550
5560
5570
5580
5590
5614
5638
5662
5686
5710
5716
5723
5730
5737
5744
5751
5758
5765
5771
5778
5785
5792
5799
5806
5813
5820
5826
5832
5838
5844
5850
5856
5862
5868
5875
5881
5887
5893
5899
5905
5911
5917
5923
5930
5938
5946
5955
5963
5972
5980
5989
5997
6006
6014
6023
6031
6040
6055
6071
6087
6102
6118
6134
6150
6171
6193
6215
6236
6258
6280
6303
6326
6350
6373
6396
6420
6460
6500
6540
6573
6606
6640
6699
6760
6774
6788
6802
6817
6831
6845
6860
6870
6880
6890
6900
6910
6920
6930
6940
6950
6960
6970
6980
6998
7016
7035
7053
7071
7090
7105
7121
7137
7152
7168
7184
7200
7220
7240
7260
7280
7300
7318
7336
7355
7373
7391
7410
7418
7427
7435
7444
7452
7461
7470
7478
7487
7495
7504
7512
7521
7530
7540
7550
7560
7570
7580
7590
7600
7610
7620
7630
7639
7648
7657
7666
7675
7685
7694
7703
7712
7721
7730
7740
7746
7752
7758
7764
7770
7776
7782
7788
7795
7801
7807
7813
7819
7825
7831
7837
7843
7850
7858
7866
7875
7883
7892
7900
7909
7917
7926
7934
7943
7951
7960
7967
7975
7983
7990
7998
8006
8013
8021
8029
8036
8044
8052
8060
8066
8072
8078
8084
8090
8096
8102
8108
8115
8121
8127
8133
8139
8145
8151
8157
8163
8170
8175
8181
8187
8193
8198
8204
8210
8216
8222
8227
8233
8239
8245
8251
8256
8262
8268
8274
8280
8283
8288
8292
8296
8299
8304
8308
8312
8316
8320
8324
8328
8332
8336
8340
8344
8348
8352
8356
8360
8364
8368
8372
8376
8380
8387
8394
8402
8409
8416
8424
8431
8438
8446
8453
8460
8468
8475
8482
8490
8495
8501
8507
8513
8519
8525
8531
8537
8542
8548
8554
8560
8566
8572
8578
8584
8590
8597
8605
8612
8620
8627
8635
8642
8650
8657
8665
8672
8680
8687
8695
8702
8710
8718
8726
8735
8743
8751
8760
8768
8776
8785
8793
8801
8810
8816
8822
8828
8834
8840
8846
8852
8858
8865
8871
8877
8883
8889
8895
8901
8907
8913
8920
8927
8935
8943
8951
8959
8967
8975
8982
8990
8998
9006
9014
9022
9030
9041
9052
9063
9074
9085
9096
9107
9118
9130
9158
9186
9214
9242
9270
9286
9303
9320
9336
9353
9370
9379
9389
9400
9410
9420
9430
9440
9450
9460
9470
9480
9502
9524
9546
9568
9590
9600
9610
9620
9629
9639
9650
9660
9670
9680
9690
9700
9740
9780
9820
9838
9856
9875
9893
9911
9930
9938
9946
9955
9963
9972
9980
9989
9997
10006
10014
10023
10031
10040
10051
10062
10073
10084
10095
10106
10117
10128
10140
10146
10153
10160
10167
10174
10181
10188
10195
10201
10208
10215
10222
10229
10236
10243
10250
10259
10268
10277
10286
10295
10304
10313
10322
10331
10340
10350
10359
10368
10377
10386
10395
10405
10414
10423
10432
10441
10450
10460
10469
10478
10487
10496
10505
10514
10523
10532
10541
10550
10560
10567
10574
10582
10589
10596
10604
10611
10618
10626
10633
10640
10648
10655
10662
10670
10688
10706
10725
10743
10761
10780
10801
10823
10844
10866
10888
10910
10928
10947
10965
10984
11002
11021
11040
11059
11080
11100
11120
11140
11167
11195
11222
11250
11264
11278
11292
11307
11321
11335
11350
11434
11520
11550
11580
11610
11640
11655
11670
11685
11700
11715
11730
11745
11760
11774
11790
11805
11820
11834
11850
11865
11879
11895
11910
11927
11945
11962
11980
11997
12015
12032
12050
12068
12086
12105
12123
12141
12160
12172
12184
12196
12208
12221
12233
12245
12257
12270
12276
12283
12290
12296
12303
12309
12316
12323
12330
12336
12343
12350
12356
12363
12370
12377
12385
12393
12401
12409
12417
12424
12432
12440
12448
12456
12464
12472
12480
12488
12496
12505
12513
12521
12530
12538
12546
12555
12563
12571
12580
12590
12600
12610
12620
12630
12640
12650
12660
12670
12680
12690
12700
12710
12720
12730
12739
12748
12757
12766
12775
12784
12793
12802
12811
12820
12830
12837
12844
12852
12859
12866
12874
12881
12888
12895
12903
12910
12918
12925
12932
12940
12950
12959
12969
12980
12990
13000
13010
13020
13030
13040
13050
13060
13071
13082
13093
13104
13115
13126
13137
13148
13159
13170
13185
13201
13217
13232
13248
13264
13280
13299
13320
13340
13360
13380
13395
13411
13427
13442
13458
13474
13490
13512
13534
13556
13578
13600
13618
13637
13656
13675
13693
13712
13731
13750
13783
13816
13850
13910
13970
13988
14006
14025
14043
14061
14080
14098
14116
14135
14153
14171
14190
14212
14234
14256
14278
14300
14326
14352
14378
14404
14430
14454
14478
14502
14526
14550
14580
14610
14640
14670
14692
14714
14735
14758
14780
14805
14830
14855
14880
14916
14953
14990
15023
15056
15090
15123
15156
15190
15250
15310
15346
15383
15420
15510
15600
15730
15910
15970
16030
16079
16129
16260
16360
16416
16473
16530
16566
16603
16640
16695
16750
16790
16830
16870
16902
16935
16967
17000
17035
17070
17105
17140
17170
17200
17230
17260
17285
17310
17335
17360
17386
17413
17439
17466
17493
17520
17540
17560
17580
17600
17620
17640
17660
17692
17725
17757
17790
17817
17845
17872
17900
17943
17986
18030
18053
18076
18100
18123
18146
18170
18223
18276
18330
18550
18590
18630
18670
18710
18750
18786
18823
18860
18906
18953
19000
19032
19064
19097
19130
19157
19185
19212
19240
19265
19290
19314
19340
19370
19400
19430
19460
19515
19570
19610
19650
19690
19730
19770
19810
19930
19985
20040
20093
20146
20200
20265
20330
20424
20520
20585
20650
20810
20869
20930
20990
21040
21090
21125
21160
21195
21230
21280
21330
21384
21440
21475
21509
21544
21580
21619
21660
21700
21727
21755
21782
21810
21837
21865
21892
21920
21943
21966
21990
22013
22036
22060
22099
22140
22180
22220
22260
22300
22327
22355
22382
22410
22450
22490
22530
22573
22616
22660
22713
22766
22820
22856
22893
22930
22958
22986
23014
23042
23070
23210
23266
23323
23380
23439
23500
23580
23660
23720
23780
23855
23930
24000
24070
24240
24320
24400
24475
24550
24593
24636
24680
24733
24786
24840
24900
24960
25009
25060
25134
25210
25260
25310
25360
25413
25466
25520
25590
25660
25703
25746
25790
25869
25950
26035
26120
26186
26253
26320
26390
26460
26516
26573
26630
26685
26740
26814
26890
27000
27070
27140
27210
27280
27345
27410
27470
27530
27590
27650
27840
28030
28140
28165
28190
28215
28240
28265
28290
28350
28410
28447
28485
28522
28560
28607
28655
28702
28750
28776
28802
28828
28854
28880
28919
28960
29000
29043
29086
29130
29260
29325
29390
29436
29483
29530
29566
29603
29640
29683
29726
29770
29825
29880
