25
50
75
100
122
144
166
188
210
240
270
300
330
352
374
396
418
440
468
496
524
551
580
610
639
669
700
722
744
766
788
810
837
865
892
920
956
993
1030
1057
1085
1112
1140
1162
1184
1206
1228
1250
1290
1330
1370
1394
1418
1442
1466
1490
1520
1550
1580
1610
1640
1670
1700
1730
1750
1770
1790
1810
1830
1850
1870
1897
1925
1952
1980
2004
2028
2052
2076
2100
2120
2140
2160
2180
2200
2220
2250
2280
2310
2340
2370
2394
2418
2442
2466
2490
2508
2526
2545
2563
2581
2600
2622
2644
2666
2688
2710
2723
2737
2751
2764
2778
2792
2806
2820
2844
2870
2895
2920
2947
2974
3002
3030
3070
3110
3150
3196
3243
3290
3326
3363
3400
3429
3460
3490
3520
3542
3564
3586
3608
3630
3655
3682
3707
3734
3760
3920
4080
4096
4113
4130
4146
4163
4180
4202
4224
4246
4268
4290
4430
4540
4564
4590
4615
4640
4680
4720
4760
4814
4870
4910
4950
4990
5012
5034
5056
5077
5100
5127
5154
5182
5210
5237
5265
5292
5320
5344
5368
5392
5416
5440
5462
5484
5506
5528
5550
5583
5616
5650
5672
5694
5716
5738
5760
5793
5826
5860
5915
5970
6200
6208
6216
6225
6233
6242
6250
6259
6267
6276
6284
6293
6301
6310
6342
6375
6407
6440
6462
6484
6506
6528
6550
6568
6586
6605
6623
6641
6660
6678
6697
6715
6734
6752
6771
6790
6812
6834
6856
6878
6900
6912
6924
6936
6948
6961
6973
6985
6997
7010
7032
7054
7076
7098
7120
7138
7156
7175
7193
7211
7230
7247
7264
7281
7298
7315
7332
7350
7363
7377
7391
7404
7418
7432
7446
7460
7475
7490
7505
7520
7535
7550
7565
7580
7595
7611
7627
7642
7658
7674
7690
7703
7717
7731
7745
7758
7772
7786
7800
7807
7814
7821
7828
7835
7842
7850
7857
7864
7871
7878
7885
7892
7900
7910
7920
7930
7940
7950
7960
7970
7979
7990
8000
8010
8018
8026
8035
8043
8051
8059
8068
8076
8084
8093
8101
8109
8119
8128
8137
8146
8155
8164
8174
8183
8192
8201
8210
8220
8230
8240
8250
8260
8270
8280
8290
8300
8310
8320
8330
8340
8351
8362
8373
8384
8395
8406
8417
8428
8440
8458
8476
8495
8513
8531
8550
8562
8575
8587
8600
8612
8625
8637
8650
8661
8672
8683
8694
8705
8716
8727
8738
8749
8760
8771
8782
8793
8804
8815
8826
8837
8848
8860
8875
8890
8905
8920
8935
8950
8965
8980
8998
9016
9035
9053
9071
9090
9105
9121
9137
9152
9168
9184
9200
9222
9244
9266
9288
9310
9322
9334
9346
9358
9371
9383
9395
9407
9420
9435
9451
9467
9482
9498
9514
9530
9558
9586
9613
9642
9670
9697
9725
9752
9780
9794
9808
9822
9837
9851
9865
9880
9898
9916
9935
9953
9971
9990
10003
10017
10031
10045
10058
10072
10086
10100
10112
10124
10136
10148
10160
10172
10184
10196
10208
10220
10233
10247
10261
10275
10288
10302
10316
10330
10344
10358
10372
10387
10401
10415
10430
10439
10448
10457
10466
10475
10485
10494
10503
10512
10521
10530
10540
10549
10559
10570
10580
10590
10600
10610
10620
10630
10640
10647
10654
10662
10669
10676
10684
10691
10698
10706
10713
10720
10728
10735
10742
10750
10755
10760
10765
10770
10775
10780
10785
10790
10795
10800
10805
10810
10815
10820
10825
10830
10834
10840
10844
10850
10856
10863
10870
10877
10884
10891
10898
10905
10911
10918
10925
10932
10939
10946
10953
10960
10967
10974
10981
10988
10995
11002
11009
11016
11023
11030
11037
11044
11051
11058
11065
11072
11080
11086
11092
11098
11105
11111
11117
11123
11129
11136
11142
11148
11155
11161
11167
11173
11180
11189
11198
11207
11216
11225
11235
11244
11253
11262
11271
11280
11290
11304
11318
11332
11347
11361
11375
11390
11402
11414
11426
11438
11451
11463
11475
11487
11500
11515
11531
11547
11562
11578
11594
11610
11620
11631
11642
11653
11664
11675
11686
11697
11708
11719
11730
11742
11754
11766
11778
11791
11803
11815
11827
11840
11856
11873
11890
11906
11923
11940
11972
12004
12036
12068
12100
12330
12355
12379
12405
12430
12450
12470
12490
12510
12530
12550
12605
12660
12719
12780
12792
12805
12817
12830
12842
12855
12867
12880
12907
12935
12962
12990
13010
13030
13050
13070
13090
13110
13134
13158
13182
13206
13230
13255
13280
13305
13330
13355
13380
13580
13710
13770
13830
13863
13896
13930
13957
13985
14012
14040
14129
14220
14270
14320
14370
14416
14463
14510
14559
14610
14636
14661
14688
14714
14740
14775
14810
14845
14880
14916
14953
14990
15026
15063
15100
15156
15213
15270
15300
15330
15360
15390
15414
15438
15462
15486
15510
15550
15590
15630
15673
15716
15760
15803
15846
15890
15918
15946
15974
16002
16030
16057
16085
16112
16140
16180
16220
16260
16276
16293
16310
16326
16343
16360
16373
16387
16401
16415
16428
16442
16456
16470
16497
16525
16552
16580
16604
16628
16651
16676
16700
16727
16755
16782
16810
16840
16869
16900
16930
16962
16994
17027
17060
17099
17140
17180
17210
17240
17270
17300
17333
17366
17400
17424
17448
17471
17496
17520
17544
17568
17592
17616
17640
17680
17720
17760
17793
17826
17860
17903
17946
17990
18026
18063
18100
18127
18155
18182
18210
18246
18283
18320
18343
18366
18390
18413
18436
18460
18492
18525
18557
18590
18640
18690
18726
18763
18800
18822
18844
18866
18888
18910
18928
18947
18965
18984
19002
19021
19040
19061
19084
19105
19128
19150
19180
19210
19240
19270
19297
19325
19352
19380
19398
19417
19435
19454
19472
19491
19510
19526
19543
19560
19576
19593
19610
19621
19633
19645
19657
19669
19680
19692
19704
19716
19728
19740
19758
19776
19795
19813
19831
19850
19874
19898
19922
19945
19970
19988
20006
20025
20043
20061
20080
20096
20113
20130
20146
20163
20180
20198
20216
20235
20253
20271
20290
20308
20326
20345
20363
20381
20400
20418
20436
20455
20473
20491
20510
20535
20560
20585
20610
20656
20703
20750
20783
20816
20850
20890
20930
20970
21000
21030
21060
21090
21126
21163
21200
21227
21256
21284
21312
21340
21356
21373
21390
21406
21423
21440
21466
21492
21518
21544
21570
21587
21604
21621
21638
21655
21672
21690
21707
21724
21741
21758
21775
21792
21810
21828
21846
21865
21883
21901
21920
21956
21993
22030
22050
22070
22090
22110
22130
22143
22157
22171
22185
22198
22212
22226
22240
22253
22266
22279
22291
22305
22318
22331
22344
22357
22370
22387
22405
22422
22440
22457
22475
22492
22510
22532
22554
22576
22598
22620
22644
22668
22692
22715
22740
22762
22784
22806
22828
22850
22886
22923
22960
22996
23033
23070
23130
23190
23250
23275
23300
23325
23350
23390
23430
23470
23506
23543
23580
23604
23630
23655
23680
23740
23800
23830
23860
23890
23920
23942
23964
23986
24008
24030
24060
24090
24119
24150
24171
24193
24215
24236
24258
24280
24300
24320
24340
24360
24380
24400
24419
24439
24459
24480
24500
24520
24540
24556
24573
24590
24606
24623
24640
24650
24660
24670
24680
24690
24700
24710
24720
24730
24740
24750
24760
24775
24791
24807
24822
24838
24854
24870
24881
24892
24903
24914
24925
24936
24947
24958
24969
24980
24995
25011
25027
25042
25058
25074
25090
25106
25123
25140
25156
25173
25190
25202
25214
25226
25238
25251
25263
25275
25287
25300
25316
25333
25350
25366
25383
25400
25419
25439
25460
25480
25500
25520
25541
25564
25586
25608
25630
25645
25661
25677
25692
25708
25724
25740
25776
25813
25850
25890
25930
25970
26006
26043
26080
26098
26117
26136
26155
26173
26192
26211
26230
26250
26270
26290
26310
26330
26350
26370
26490
26516
26541
26568
26594
26620
26644
26668
26692
26715
26740
26750
26761
26772
26783
26794
26805
26816
26827
26838
26849
26860
26887
26915
26942
26970
26987
27004
27021
27038
27055
27072
27090
27130
27170
27210
27240
27270
27299
27330
27339
27348
27357
27366
27375
27384
27394
27403
27412
27421
27430
27440
27451
27462
27473
27484
27495
27506
27517
27528
27539
27550
27565
27581
27597
27612
27628
27644
27660
27706
27753
27800
27855
27910
27940
27970
28000
28030
28048
28066
28085
28103
28121
28140
28168
28196
28224
28252
28280
28305
28330
28355
28380
28398
28416
28435
28453
28471
28490
28517
28545
28572
28600
28618
28637
28655
28674
28692
28711
28730
28747
28764
28781
28798
28815
28832
28850
28870
28890
28910
28930
28950
28970
28982
28994
29006
29018
29031
29043
29055
29067
29080
29091
29102
29113
29124
29135
29146
29157
29168
29180
29195
29211
29227
29242
29258
29274
29290
29305
29321
29337
29352
29368
29384
29400
29413
29427
29441
29455
29468
29482
29496
29510
29522
29534
29546
29558
29571
29583
29595
29607
29620
29629
29638
29647
29656
29666
29675
29684
29693
29703
29712
29721
29730
29740
29783
29826
29870
