1
3
5
7
9
11
13
14
16
18
20
22
24
26
27
29
31
33
35
37
39
41
42
44
46
48
50
52
54
55
57
59
61
63
65
67
68
70
72
74
76
78
80
82
83
85
87
89
91
93
95
96
98
100
102
104
106
108
110
111
112
114
115
116
118
119
120
122
123
124
126
127
128
130
131
132
134
135
137
138
139
141
142
143
145
146
147
149
150
151
153
154
155
157
158
160
161
162
164
165
166
168
169
170
172
173
174
176
177
178
180
181
182
184
185
187
188
189
191
192
193
195
196
197
199
200
201
203
204
205
207
208
210
211
213
214
216
217
219
220
222
223
225
226
228
229
231
232
234
235
237
238
240
241
243
244
246
247
249
250
252
253
255
256
258
259
261
262
264
265
267
268
270
271
273
274
276
277
279
280
282
283
285
286
288
289
291
292
294
295
297
298
300
301
303
304
306
307
309
310
312
313
315
316
318
320
321
323
325
326
328
330
331
333
335
336
338
340
341
343
345
346
348
350
351
353
355
356
358
360
361
363
365
366
368
370
371
373
375
376
378
380
381
383
385
386
388
390
391
393
395
396
398
400
401
403
404
406
408
410
411
413
415
416
418
420
421
423
424
426
427
429
430
432
433
435
437
438
440
441
443
444
446
447
449
450
452
454
455
457
458
460
461
463
464
466
468
469
471
472
474
475
477
478
480
481
483
485
486
488
489
491
492
494
495
497
499
500
502
503
505
506
508
509
511
512
514
516
517
519
520
522
523
525
526
528
530
531
533
534
536
537
539
540
542
543
545
546
548
549
551
552
554
555
557
558
560
561
563
564
566
567
569
570
572
573
575
576
578
580
581
583
584
586
587
589
590
592
593
595
596
598
599
601
602
604
605
607
608
610
611
613
614
616
617
619
620
622
623
625
626
628
630
631
633
635
637
638
640
642
644
645
647
649
651
653
654
656
658
660
661
663
665
667
669
670
672
674
676
677
679
681
683
685
686
688
690
692
693
695
697
699
700
702
704
706
708
709
711
713
715
716
718
720
722
724
725
727
729
731
732
734
736
738
740
741
743
744
746
748
749
751
753
754
756
758
759
761
762
764
766
767
769
771
772
774
776
777
779
781
782
784
785
787
789
790
792
794
795
797
799
800
802
804
805
807
808
810
812
813
815
817
818
820
822
823
825
827
828
830
831
833
835
836
838
840
841
843
845
846
848
850
851
853
854
856
858
859
861
863
864
866
868
869
871
872
874
876
877
879
881
882
884
886
887
889
890
892
894
895
897
899
900
902
904
905
907
909
910
912
913
915
917
918
920
922
923
925
927
928
930
931
933
935
936
938
940
941
943
945
946
948
950
951
953
954
956
958
959
961
962
964
966
967
969
971
972
974
975
977
979
980
982
983
985
987
988
990
992
993
995
996
998
1000
1001
1003
1004
1006
1008
1009
1011
1013
1014
1016
1017
1019
1021
1022
1024
1026
1027
1029
1030
1032
1034
1035
1037
1038
1040
1042
1043
1045
1047
1048
1050
1051
1053
1055
1056
1058
1060
1061
1063
1065
1067
1068
1070
1072
1074
1076
1077
1079
1081
1083
1085
1086
1088
1090
1092
1093
1095
1097
1099
1101
1102
1104
1106
1108
1109
1111
1113
1115
1117
1118
1120
1122
1124
1126
1127
1129
1131
1133
1135
1136
1138
1140
1142
1143
1145
1147
1149
1151
1152
1154
1156
1158
1160
1161
1162
1164
1165
1167
1168
1170
1171
1173
1174
1176
1177
1179
1180
1182
1183
1185
1186
1188
1189
1191
1192
1194
1195
1197
1198
1200
1201
1203
1204
1206
1207
1209
1210
1212
1213
1214
1216
1217
1219
1220
1222
1223
1225
1226
1228
1229
1231
1232
1234
1235
1237
1238
1240
1241
1243
1244
1246
1247
1249
1250
1252
1253
1255
1256
1258
1259
1261
1262
1264
1265
1267
1268
1270
1271
1273
1275
1276
1278
1280
1282
1283
1285
1287
1288
1290
1292
1294
1295
1297
1299
1300
1302
1304
1306
1307
1309
1311
1312
1314
1316
1318
1319
1321
1323
1325
1326
1328
1330
1331
1333
1335
1337
1338
1340
1342
1343
1345
1347
1349
1350
1352
1354
1355
1357
1359
1361
1362
1364
1366
1367
1369
1371
1373
1374
1376
1378
1380
1381
1383
1385
1387
1389
1391
1393
1395
1397
1399
1401
1403
1405
1407
1409
1411
1413
1415
1417
1419
1421
1423
1425
1427
1429
1431
1433
1435
1436
1438
1440
1442
1444
1446
1448
1450
1452
1454
1456
1458
1460
1462
1464
1466
1468
1470
1472
1474
1476
1478
1480
1482
1484
1486
1488
1490
1491
1493
1494
1496
1498
1499
1501
1503
1504
1506
1508
1509
1511
1512
1514
1516
1517
1519
1521
1522
1524
1526
1527
1529
1531
1532
1534
1535
1537
1539
1540
1542
1544
1545
1547
1549
1550
1552
1554
1555
1557
1558
1560
1562
1563
1565
1567
1568
1570
1572
1573
1575
1577
1578
1580
1581
1583
1585
1586
1588
1590
1591
1593
1595
1596
1598
1600
1601
1603
1604
1606
1607
1609
1610
1612
1613
1615
1616
1618
1620
1621
1623
1624
1626
1627
1629
1630
1632
1633
1635
1636
1638
1640
1641
1643
1644
1646
1647
1649
1650
1652
1653
1655
1656
1658
1660
1661
1663
1664
1666
1667
1669
1670
1672
1673
1675
1676
1678
1680
1681
1683
1684
1686
1687
1689
1690
1692
1693
1695
1696
1698
1700
1701
1703
1705
1707
1709
1710
1712
1714
1716
1718
1719
1721
1723
1725
1727
1728
1730
1732
1734
1736
1737
1739
1741
1743
1745
1746
1748
1750
1752
1754
1755
1757
1759
1761
1763
1764
1766
1768
1770
1772
1773
1775
1777
1779
1781
1782
1784
1786
1788
1790
1791
1793
1795
1797
1799
1800
1802
1804
1806
1808
1810
1811
1812
1814
1815
1816
1818
1819
1820
1822
1823
1824
1826
1827
1828
1830
1831
1832
1834
1835
1837
1838
1839
1841
1842
1843
1845
1846
1847
1849
1850
1851
1853
1854
1855
1857
1858
1859
1861
1862
1864
1865
1866
1868
1869
1870
1872
1873
1874
1876
1877
1878
1880
1881
1882
1884
1885
1887
1888
1889
1891
1892
1893
1895
1896
1897
1899
1900
1901
1903
1904
1905
1907
1908
1910
1911
1913
1914
1916
1918
1919
1921
1922
1924
1926
1927
1929
1931
1932
1934
1935
1937
1939
1940
1942
1943
1945
1947
1948
1950
1952
1953
1955
1956
1958
1960
1961
1963
1964
1966
1968
1969
1971
1973
1974
1976
1977
1979
1981
1982
1984
1986
1987
1989
1990
1992
1994
1995
1997
1998
2000
2002
2003
2005
2007
2008
2010
2011
2013
2015
2016
2018
2020
2021
2023
2024
2026
2027
2029
2030
2032
2033
2035
2036
2038
2039
2041
2042
2044
2045
2047
2049
2050
2052
2053
2055
2056
2058
2059
2061
2062
2064
2065
2067
2068
2070
2071
2073
2075
2076
2078
2079
2081
2082
2084
2085
2087
2088
2090
2091
2093
2094
2096
2097
2099
2100
2102
2104
2105
2107
2108
2110
2111
2113
2114
2116
2117
2119
2120
2122
2123
2125
2126
2128
2130
2131
2132
2134
2135
2137
2138
2140
2141
2143
2144
2146
2147
2149
2150
2152
2153
2154
2156
2157
2159
2160
2162
2163
2165
2166
2168
2169
2171
2172
2174
2175
2176
2178
2179
2181
2182
2184
2185
2187
2188
2190
2191
2193
2194
2196
2197
2198
2200
2201
2203
2204
2206
2207
2209
2210
2212
2213
2215
2216
2218
2219
2220
2222
2223
2225
2226
2228
2229
2231
2232
2234
2235
2237
2238
2240
2241
2243
2244
2246
2247
2249
2251
2252
2254
2255
2257
2259
2260
2262
2263
2265
2267
2268
2270
2271
2273
2275
2276
2278
2279
2281
2283
2284
2286
2287
2289
2291
2292
2294
2295
2297
2298
2300
2302
2303
2305
2306
2308
2310
2311
2313
2314
2316
2318
2319
2321
2322
2324
2326
2327
2329
2330
2332
2334
2335
2337
2338
2340
2342
2343
2345
2346
2348
2350
2351
2353
2355
2356
2358
2360
2361
2363
2365
2366
2368
2370
2372
2373
2375
2377
2378
2380
2382
2383
2385
2387
2388
2390
2392
2394
2395
2397
2399
2400
2402
2404
2405
2407
2409
2411
2412
2414
2416
2417
2419
2421
2422
2424
2426
2427
2429
2431
2433
2434
2436
2438
2439
2441
2443
2444
2446
2448
2450
2451
2453
2455
2457
2459
2461
2463
2465
2467
2468
2470
2472
2474
2476
2478
2480
2482
2484
2486
2487
2489
2491
2493
2495
2497
2499
2501
2503
2505
2506
2508
2510
2512
2514
2516
2518
2520
2522
2523
2525
2527
2529
2531
2533
2535
2537
2539
2541
2542
2544
2546
2548
2550
2552
2554
2556
2558
2560
2561
2563
2564
2566
2567
2569
2570
2572
2573
2575
2576
2578
2580
2581
2583
2584
2586
2587
2589
2590
2592
2593
2595
2596
2598
2600
2601
2603
2604
2606
2607
2609
2610
2612
2613
2615
2616
2618
2620
2621
2623
2624
2626
2627
2629
2630
2632
2633
2635
2636
2638
2640
2641
2643
2644
2646
2647
2649
2650
2652
2653
2655
2656
2658
2660
2661
2663
2665
2666
2668
2670
2671
2673
2675
2676
2678
2680
2682
2683
2685
2687
2688
2690
2692
2693
2695
2697
2698
2700
2702
2704
2705
2707
2709
2710
2712
2714
2715
2717
2719
2720
2722
2724
2726
2727
2729
2731
2732
2734
2736
2737
2739
2741
2742
2744
2746
2748
2749
2751
2753
2754
2756
2758
2759
2761
2763
2764
2766
2768
2770
2771
2772
2774
2775
2777
2778
2780
2781
2782
2784
2785
2787
2788
2790
2791
2792
2794
2795
2797
2798
2800
2801
2802
2804
2805
2807
2808
2810
2811
2812
2814
2815
2817
2818
2820
2821
2822
2824
2825
2827
2828
2830
2831
2832
2834
2835
2837
2838
2840
2841
2842
2844
2845
2847
2848
2850
2851
2852
2854
2855
2857
2858
2860
2861
2862
2864
2865
2867
2868
2870
2871
2872
2874
2875
2877
2878
2880
2881
2883
2884
2886
2887
2889
2890
2892
2893
2895
2896
2898
2899
2901
2902
2904
2905
2907
2909
2910
2912
2913
2915
2916
2918
2919
2921
2922
2924
2925
2927
2928
2930
2931
2933
2935
2936
2938
2939
2941
2942
2944
2945
2947
2948
2950
2951
2953
2954
2956
2957
2959
2960
2962
2964
2965
2967
2968
2970
2971
2973
2974
2976
2977
2979
2980
2982
2983
2985
2986
2988
2990
2991
2993
2995
2996
2998
3000
3002
3003
3005
3007
3009
3010
3012
3014
3016
3017
3019
3021
3023
3024
3026
3028
3030
3031
3033
3035
3037
3038
3040
3042
3044
3045
3047
3049
3051
3052
3054
3056
3058
3059
3061
3063
3065
3066
3068
3070
3072
3073
3075
3077
3079
3080
3082
3084
3086
3087
3089
3091
3093
3094
3096
3098
3100
3101
3103
3104
3106
3108
3109
3111
3112
3114
3116
3117
3119
3120
3122
3124
3125
3127
3129
3130
3132
3133
3135
3137
3138
3140
3141
3143
3145
3146
3148
3150
3151
3153
3154
3156
3158
3159
3161
3162
3164
3166
3167
3169
3170
3172
3174
3175
3177
3179
3180
3182
3183
3185
3187
3188
3190
3191
3193
3195
3196
3198
3200
3201
3203
3204
3206
3207
3209
3210
3212
3213
3215
3216
3218
3219
3221
3222
3224
3225
3227
3228
3230
3231
3233
3234
3236
3237
3239
3240
3242
3243
3245
3246
3248
3249
3251
3252
3254
3255
3257
3258
3260
3261
3263
3264
3266
3267
3269
3270
3272
3273
3275
3276
3278
3279
3281
3282
3284
3285
3287
3288
3290
3291
3293
3294
3296
3297
3299
3300
3302
3303
3305
3306
3308
3310
3311
3313
3315
3316
3318
3320
3321
3323
3325
3326
3328
3330
3331
3333
3335
3336
3338
3340
3341
3343
3345
3346
3348
3350
3351
3353
3355
3356
3358
3360
3361
3363
3365
3366
3368
3370
3371
3373
3375
3376
3378
3380
3381
3383
3385
3386
3388
3390
3391
3393
3395
3396
3398
3400
3401
3403
3405
3406
3408
3410
3411
3413
3415
3416
3418
3420
3421
3422
3424
3425
3427
3428
3430
3431
3433
3434
3436
3437
3439
3440
3441
3443
3444
3446
3447
3449
3450
3452
3453
3455
3456
3458
3459
3461
3462
3464
3465
3466
3468
3469
3471
3472
3474
3475
3477
3478
3480
3481
3483
3484
3485
3487
3488
3490
3491
3493
3494
3496
3497
3499
3500
3502
3503
3505
3506
3508
3509
3510
3512
3513
3515
3516
3518
3519
3521
3522
3524
3525
3527
3528
3530
3531
3533
3534
3536
3538
3540
3541
3543
3545
3546
3548
3550
3551
3553
3554
3556
3558
3559
3561
3563
3565
3566
3568
3570
3571
3573
3574
3576
3578
3580
3581
3583
3585
3586
3588
3590
3591
3593
3594
3596
3598
3599
3601
3603
3605
3606
3608
3610
3611
3613
3614
3616
3618
3620
3621
3623
3625
3626
3628
3630
3631
3633
3634
3636
3637
3639
3641
3642
3644
3645
3647
3648
3650
3652
3653
3655
3656
3658
3660
3661
3663
3664
3666
3667
3669
3671
3672
3674
3675
3677
3678
3680
3682
3683
3685
3686
3688
3690
3691
3693
3694
3696
3697
3699
3701
3702
3704
3705
3707
3708
3710
3712
3713
3715
3716
3718
3719
3721
3723
3724
3726
3727
3729
3731
3732
3734
3735
3737
3738
3740
3742
3743
3745
3746
3748
3750
3751
3753
3754
3756
3758
3759
3761
3763
3764
3766
3768
3769
3771
3773
3774
3776
3777
3779
3781
3782
3784
3786
3787
3789
3791
3792
3794
3796
3797
3799
3800
3802
3804
3805
3807
3809
3810
3812
3814
3815
3817
3819
3820
3822
3823
3825
3827
3828
3830
3832
3833
3835
3837
3838
3840
3842
3843
3845
3846
3848
3850
3851
3853
3855
3856
3858
3860
3861
3863
3865
3866
3868
3870
3871
3872
3874
3875
3877
3878
3880
3881
3883
3884
3886
3887
3889
3890
3892
3893
3895
3896
3897
3899
3900
3902
3903
3905
3906
3908
3909
3911
3912
3914
3915
3917
3918
3920
3921
3922
3924
3925
3927
3928
3930
3931
3933
3934
3936
3937
3939
3940
3942
3943
3945
3946
3947
3949
3950
3952
3953
3955
3956
3958
3959
3961
3962
3964
3965
3967
3968
3970
3971
3973
3975
3976
3978
3980
3981
3983
3985
3986
3988
3990
3991
3993
3995
3997
3998
4000
4002
4003
4005
4007
4008
4010
4012
4013
4015
4017
4019
4020
4022
4024
4025
4027
4029
4030
4032
4034
4035
4037
4039
4040
4042
4044
4046
4047
4049
4051
4052
4054
4056
4057
4059
4061
4062
4064
4066
4068
4069
4071
4073
4074
4076
4078
4079
4081
4083
4084
4086
4088
4090
4091
4093
4095
4096
4098
4100
4102
4103
4105
4107
4108
4110
4112
4114
4115
4117
4119
4121
4122
4124
4126
4127
4129
4131
4133
4134
4136
4138
4140
4141
4143
4145
4146
4148
4150
4152
4153
4155
4157
4158
4160
4162
4164
4165
4167
4169
4171
4172
4174
4176
4177
4179
4181
4183
4184
4186
4188
4190
4191
4193
4195
4197
4199
4201
4203
4205
4207
4209
4211
4213
4215
4217
4219
4221
4223
4225
4227
4229
4231
4233
4235
4237
4239
4241
4243
4245
4246
4248
4250
4252
4254
4256
4258
4260
4262
4264
4266
4268
4270
4272
4274
4276
4278
4280
4282
4284
4286
4288
4290
4292
4294
4296
4298
4300
4301
4303
4304
4306
4308
4309
4311
4312
4314
4316
4317
4319
4320
4322
4324
4325
4327
4329
4330
4332
4333
4335
4337
4338
4340
4341
4343
4345
4346
4348
4350
4351
4353
4354
4356
4358
4359
4361
4362
4364
4366
4367
4369
4370
4372
4374
4375
4377
4379
4380
4382
4383
4385
4387
4388
4390
4391
4393
4395
4396
4398
4400
4401
4403
4405
4407
4409
4411
4413
4415
4417
4418
4420
4422
4424
4426
4428
4430
4432
4434
4436
4437
4439
4441
4443
4445
4447
4449
4451
4453
4455
4456
4458
4460
4462
4464
4466
4468
4470
4472
4473
4475
4477
4479
4481
4483
4485
4487
4489
4491
4492
4494
4496
4498
4500
4502
4504
4506
4508
4510
4511
4513
4515
4516
4518
4520
4521
4523
4524
4526
4528
4530
4531
4533
4535
4536
4538
4540
4541
4543
4545
4546
4548
4550
4551
4553
4555
4556
4558
4560
4561
4563
4564
4566
4568
4570
4571
4573
4575
4576
4578
4580
4581
4583
4585
4586
4588
4590
4591
4593
4595
4596
4598
4600
4601
4603
4605
4606
4608
4610
4611
4613
4615
4616
4618
4620
4621
4622
4624
4625
4626
4628
4629
4631
4632
4633
4635
4636
4638
4639
4640
4642
4643
4645
4646
4647
4649
4650
4651
4653
4654
4656
4657
4658
4660
4661
4663
4664
4665
4667
4668
4670
4671
4672
4674
4675
4676
4678
4679
4681
4682
4683
4685
4686
4688
4689
4690
4692
4693
4695
4696
4697
4699
4700
4701
4703
4704
4706
4707
4708
4710
4711
4713
4714
4715
4717
4718
4720
4721
4723
4724
4726
4728
4729
4731
4732
4734
4736
4737
4739
4741
4742
4744
4745
4747
4749
4750
4752
4753
4755
4757
4758
4760
4762
4763
4765
4766
4768
4770
4771
4773
4775
4776
4778
4779
4781
4783
4784
4786
4787
4789
4791
4792
4794
4796
4797
4799
4800
4802
4804
4805
4807
4808
4810
4812
4813
4815
4817
4818
4820
4821
4823
4825
4826
4828
4830
4831
4833
4834
4836
4838
4839
4841
4843
4844
4846
4848
4849
4851
4852
4854
4856
4857
4859
4861
4862
4864
4866
4867
4869
4870
4872
4874
4875
4877
4879
4880
4882
4884
4885
4887
4889
4890
4892
4893
4895
4897
4898
4900
4902
4903
4905
4907
4908
4910
4911
4913
4915
4916
4918
4920
4921
4923
4925
4926
4928
4930
4931
4933
4934
4936
4938
4939
4941
4942
4944
4946
4947
4949
4951
4952
4954
4955
4957
4959
4960
4962
4963
4965
4967
4968
4970
4972
4973
4975
4976
4978
4980
4981
4983
4984
4986
4988
4989
4991
4993
4994
4996
4997
4999
5001
5002
5004
5006
5007
5009
5010
5012
5014
5015
5017
5018
5020
5022
5023
5025
5027
5028
5030
5031
5033
5035
5036
5038
5040
5041
5043
5045
5046
5048
5050
5051
5053
5055
5056
5058
5060
5062
5063
5065
5067
5068
5070
5072
5073
5075
5077
5078
5080
5082
5084
5085
5087
5089
5090
5092
5094
5095
5097
5099
5101
5102
5104
5106
5107
5109
5111
5112
5114
5116
5117
5119
5121
5123
5124
5126
5128
5129
5131
5133
5134
5136
5138
5140
5141
5143
5145
5147
5149
5151
5153
5155
5157
5159
5161
5163
5165
5167
5169
5171
5173
5175
5177
5179
5181
5183
5185
5187
5189
5191
5193
5195
5196
5198
5200
5202
5204
5206
5208
5210
5212
5214
5216
5218
5220
5222
5224
5226
5228
5230
5232
5234
5236
5238
5240
5242
5244
5246
5248
5250
5251
5252
5254
5255
5257
5258
5260
5261
5263
5264
5266
5267
5269
5270
5272
5273
5274
5276
5277
5279
5280
5282
5283
5285
5286
5288
5289
5291
5292
5294
5295
5296
5298
5299
5301
5302
5304
5305
5307
5308
5310
5311
5313
5314
5316
5317
5318
5320
5321
5323
5324
5326
5327
5329
5330
5332
5333
5335
5336
5338
5339
5340
5342
5343
5345
5346
5348
5349
5351
5352
5354
5355
5357
5358
5360
5361
5363
5365
5367
5368
5370
5372
5374
5376
5377
5379
5381
5383
5385
5386
5388
5390
5392
5393
5395
5397
5399
5401
5402
5404
5406
5408
5410
5411
5413
5415
5417
5418
5420
5422
5424
5426
5427
5429
5431
5433
5435
5436
5438
5440
5442
5443
5445
5447
5449
5451
5452
5454
5456
5458
5460
5461
5463
5464
5466
5468
5469
5471
5472
5474
5476
5477
5479
5481
5482
5484
5485
5487
5489
5490
5492
5493
5495
5497
5498
5500
5502
5503
5505
5506
5508
5510
5511
5513
5515
5516
5518
5519
5521
5523
5524
5526
5527
5529
5531
5532
5534
5536
5537
5539
5540
5542
5544
5545
5547
5548
5550
5552
5553
5555
5557
5558
5560
5561
5563
5565
5566
5568
5570
5572
5574
5577
5579
5581
5584
5586
5589
5591
5593
5596
5598
5600
5603
5605
5608
5610
5612
5615
5617
5620
5622
5624
5627
5629
5631
5634
5636
5639
5641
5643
5646
5648
5650
5653
5655
5658
5660
5662
5665
5667
5670
5671
5673
5675
5677
5679
5681
5682
5684
5686
5688
5690
5692
5693
5695
5697
5699
5701
5703
5704
5706
5708
5710
5712
5714
5715
5717
5719
5721
5723
5725
5726
5728
5730
5732
5734
5736
5737
5739
5741
5743
5745
5747
5748
5750
5752
5754
5756
5758
5759
5761
5763
5765
5767
5769
5770
5772
5774
5776
5778
5780
5781
5783
5785
5786
5788
5790
5791
5793
5795
5796
5798
5800
5802
5803
5805
5807
5808
5810
5812
5813
5815
5817
5818
5820
5822
5824
5825
5827
5829
5830
5832
5834
5835
5837
5839
5841
5842
5844
5846
5847
5849
5851
5852
5854
5856
5857
5859
5861
5863
5864
5866
5868
5869
5871
5873
5874
5876
5878
5880
5881
5883
5884
5886
5887
5889
5890
5892
5893
5895
5896
5898
5899
5901
5902
5904
5905
5907
5909
5910
5912
5913
5915
5916
5918
5919
5921
5922
5924
5925
5927
5928
5930
5931
5933
5935
5936
5938
5939
5941
5942
5944
5945
5947
5948
5950
5951
5953
5954
5956
5957
5959
5960
5962
5964
5965
5967
5968
5970
5971
5973
5974
5976
5977
5979
5980
5982
5983
5985
5986
5988
5990
5991
5993
5995
5997
5999
6000
6002
6004
6006
6008
6009
6011
6013
6015
6017
6018
6020
6022
6024
6026
6027
6029
6031
6033
6035
6036
6038
6040
6042
6044
6045
6047
6049
6051
6053
6054
6056
6058
6060
6062
6063
6065
6067
6069
6071
6072
6074
6076
6078
6080
6081
6083
6085
6087
6089
6090
6092
6094
6096
6098
6100
6101
6103
6104
6106
6108
6109
6111
6113
6114
6116
6118
6119
6121
6122
6124
6126
6127
6129
6131
6132
6134
6136
6137
6139
6140
6142
6144
6145
6147
6149
6150
6152
6154
6155
6157
6159
6160
6162
6163
6165
6167
6168
6170
6172
6173
6175
6177
6178
6180
6181
6183
6185
6186
6188
6190
6191
6193
6195
6196
6198
6200
6201
6203
6205
6207
6209
6210
6212
6214
6216
6218
6219
6221
6223
6225
6227
6228
6230
6232
6234
6236
6237
6239
6241
6243
6245
6246
6248
6250
6252
6254
6255
6257
6259
6261
6263
6264
6266
6268
6270
6272
6273
6275
6277
6279
6281
6282
6284
6286
6288
6290
6291
6293
6295
6297
6299
6300
6302
6304
6306
6308
6310
6311
6313
6315
6316
6318
6320
6322
6323
6325
6327
6328
6330
6332
6334
6335
6337
6339
6341
6342
6344
6346
6347
6349
6351
6353
6354
6356
6358
6359
6361
6363
6365
6366
6368
6370
6372
6373
6375
6377
6378
6380
6382
6384
6385
6387
6389
6391
6392
6394
6396
6397
6399
6401
6403
6404
6406
6408
6410
6411
6412
6414
6415
6417
6418
6420
6421
6423
6424
6425
6427
6428
6430
6431
6433
6434
6436
6437
6438
6440
6441
6443
6444
6446
6447
6449
6450
6451
6453
6454
6456
6457
6459
6460
6462
6463
6465
6466
6467
6469
6470
6472
6473
6475
6476
6478
6479
6480
6482
6483
6485
6486
6488
6489
6491
6492
6493
6495
6496
6498
6499
6501
6502
6504
6505
6506
6508
6509
6511
6512
6514
6515
6517
6518
6520
6521
6523
6524
6526
6527
6529
6531
6532
6534
6535
6537
6538
6540
6542
6543
6545
6546
6548
6549
6551
6553
6554
6556
6557
6559
6560
6562
6564
6565
6567
6568
6570
6571
6573
6574
6576
6578
6579
6581
6582
6584
6585
6587
6589
6590
6592
6593
6595
6596
6598
6600
6601
6603
6604
6606
6608
6609
6611
6612
6614
6615
6617
6619
6620
6622
6623
6625
6626
6628
6630
6631
6633
6635
6636
6638
6640
6642
6643
6645
6647
6649
6650
6652
6654
6656
6657
6659
6661
6663
6664
6666
6668
6670
6671
6673
6675
6677
6678
6680
6682
6684
6685
6687
6689
6691
6692
6694
6696
6698
6699
6701
6703
6705
6706
6708
6710
6712
6713
6715
6717
6719
6720
6722
6724
6726
6727
6729
6731
6733
6734
6736
6738
6740
6741
6742
6744
6745
6747
6748
6750
6751
6753
6754
6755
6757
6758
6760
6761
6763
6764
6766
6767
6768
6770
6771
6773
6774
6776
6777
6779
6780
6781
6783
6784
6786
6787
6789
6790
6792
6793
6795
6796
6797
6799
6800
6802
6803
6805
6806
6808
6809
6810
6812
6813
6815
6816
6818
6819
6821
6822
6823
6825
6826
6828
6829
6831
6832
6834
6835
6836
6838
6839
6841
6842
6844
6845
6847
6848
6850
6851
6853
6854
6856
6858
6859
6861
6863
6864
6866
6868
6870
6871
6873
6875
6876
6878
6880
6881
6883
6885
6886
6888
6890
6891
6893
6895
6896
6898
6900
6901
6903
6905
6906
6908
6910
6911
6913
6915
6916
6918
6920
6921
6923
6925
6926
6928
6930
6931
6933
6935
6936
6938
6940
6941
6943
6945
6946
6948
6950
6951
6953
6955
6956
6958
6960
6961
6963
6965
6966
6968
6970
6972
6973
6975
6977
6978
6980
6982
6983
6985
6987
6988
6990
6992
6994
6995
6997
6999
7000
7002
7004
7005
7007
7009
7010
7012
7014
7016
7017
7019
7021
7022
7024
7026
7027
7029
7031
7032
7034
7036
7037
7039
7041
7043
7044
7046
7048
7049
7051
7053
7054
7056
7058
7060
7061
7062
7064
7065
7067
7068
7069
7071
7072
7074
7075
7077
7078
7080
7081
7082
7084
7085
7087
7088
7090
7091
7092
7094
7095
7097
7098
7100
7101
7102
7104
7105
7107
7108
7109
7111
7112
7114
7115
7117
7118
7120
7121
7122
7124
7125
7127
7128
7130
7131
7132
7134
7135
7137
7138
7140
7141
7142
7144
7145
7147
7148
7150
7151
7152
7154
7155
7157
7158
7160
7161
7163
7165
7166
7168
7170
7171
7173
7175
7176
7178
7180
7181
7183
7185
7186
7188
7190
7191
7193
7195
7196
7198
7200
7201
7203
7205
7206
7208
7210
7211
7213
7215
7216
7218
7220
7221
7223
7225
7226
7228
7229
7231
7233
7234
7236
7238
7239
7241
7243
7245
7246
7248
7250
7251
7253
7255
7256
7258
7260
7261
7263
7265
7266
7268
7270
7271
7273
7274
7276
7277
7279
7280
7282
7283
7285
7286
7288
7289
7291
7292
7294
7295
7297
7299
7300
7302
7303
7305
7306
7308
7309
7311
7312
7314
7315
7317
7318
7320
7321
7323
7324
7326
7328
7329
7331
7332
7334
7335
7337
7338
7340
7341
7343
7344
7346
7347
7349
7350
7352
7354
7355
7357
7358
7360
7361
7363
7364
7366
7367
7369
7370
7372
7373
7375
7376
7378
7380
7381
7382
7384
7385
7387
7388
7390
7391
7393
7394
7396
7397
7399
7400
7402
7403
7405
7406
7408
7409
7411
7412
7414
7415
7417
7418
7420
7421
7423
7424
7426
7427
7429
7430
7432
7433
7435
7436
7437
7439
7440
7442
7443
7445
7446
7448
7449
7451
7452
7454
7455
7457
7458
7460
7461
7463
7464
7466
7467
7469
7470
7472
7473
7475
7476
7478
7479
7481
7482
7484
7485
7487
7488
7490
7491
7492
7494
7495
7497
7498
7500
7501
7503
7504
7506
7507
7509
7510
7512
7513
7514
7516
7517
7519
7520
7522
7523
7525
7526
7528
7529
7531
7532
7534
7535
7536
7538
7539
7541
7542
7544
7545
7547
7548
7550
7551
7553
7554
7556
7557
7558
7560
7561
7563
7564
7566
7567
7569
7570
7572
7573
7575
7576
7577
7579
7580
7582
7583
7585
7586
7588
7589
7591
7592
7594
7595
7597
7598
7600
7601
7603
7604
7606
7607
7609
7610
7612
7613
7615
7616
7618
7620
7621
7623
7624
7626
7627
7629
7630
7632
7633
7635
7636
7638
7640
7641
7643
7644
7646
7647
7649
7650
7652
7653
7655
7656
7658
7660
7661
7663
7664
7666
7667
7669
7670
7672
7673
7675
7676
7678
7680
7681
7683
7684
7686
7687
7689
7690
7692
7693
7695
7696
7698
7700
7701
7703
7705
7706
7708
7710
7712
7713
7715
7717
7718
7720
7722
7724
7725
7727
7729
7730
7732
7734
7736
7737
7739
7741
7742
7744
7746
7748
7749
7751
7753
7755
7756
7758
7760
7761
7763
7765
7767
7768
7770
7772
7773
7775
7777
7779
7780
7782
7784
7785
7787
7789
7791
7792
7794
7796
7797
7799
7801
7803
7804
7806
7808
7810
7811
7813
7814
7816
7818
7819
7821
7823
7824
7826
7828
7829
7831
7832
7834
7836
7837
7839
7841
7842
7844
7846
7847
7849
7850
7852
7854
7855
7857
7859
7860
7862
7864
7865
7867
7869
7870
7872
7873
7875
7877
7878
7880
7882
7883
7885
7887
7888
7890
7891
7893
7895
7896
7898
7900
7901
7903
7905
7906
7908
7910
7911
7912
7914
7915
7917
7918
7920
7921
7923
7924
7926
7927
7929
7930
7932
7933
7934
7936
7937
7939
7940
7942
7943
7945
7946
7948
7949
7951
7952
7954
7955
7956
7958
7959
7961
7962
7964
7965
7967
7968
7970
7971
7973
7974
7976
7977
7978
7980
7981
7983
7984
7986
7987
7989
7990
7992
7993
7995
7996
7997
7999
8000
8002
8003
8005
8006
8008
8009
8011
8012
8014
8015
8017
8018
8020
8021
8022
8023
8025
8026
8027
8029
8030
8031
8033
8034
8035
8037
8038
8039
8040
8042
8043
8044
8046
8047
8048
8050
8051
8052
8054
8055
8056
8057
8059
8060
8061
8063
8064
8065
8067
8068
8069
8071
8072
8073
8075
8076
8077
8078
8080
8081
8082
8084
8085
8086
8088
8089
8090
8092
8093
8094
8095
8097
8098
8099
8101
8102
8103
8105
8106
8107
8109
8110
8111
8112
8114
8115
8116
8118
8119
8120
8122
8123
8124
8126
8127
8128
8130
8131
8132
8134
8135
8136
8138
8139
8141
8142
8143
8145
8146
8148
8149
8150
8152
8153
8155
8156
8157
8159
8160
8162
8163
8164
8166
8167
8168
8170
8171
8173
8174
8175
8177
8178
8180
8181
8182
8184
8185
8187
8188
8189
8191
8192
8194
8195
8196
8198
8199
8201
8202
8203
8205
8206
8207
8209
8210
8212
8213
8214
8216
8217
8219
8220
8221
8223
8224
8226
8227
8228
8230
8231
8233
8234
8235
8237
8238
8240
8241
8243
8244
8246
8247
8249
8251
8252
8254
8255
8257
8258
8260
8262
8263
8265
8266
8268
8269
8271
8273
8274
8276
8277
8279
8280
8282
8284
8285
8287
8288
8290
8291
8293
8295
8296
8298
8299
8301
8302
8304
8306
8307
8309
8310
8312
8313
8315
8317
8318
8320
8321
8323
8324
8326
8328
8329
8331
8332
8334
8335
8337
8339
8340
8342
8343
8345
8346
8348
8350
8352
8354
8356
8357
8360
8362
8363
8366
8368
8370
8372
8373
8376
8378
8379
8382
8384
8386
8388
8389
8392
8394
8395
8398
8400
8402
8404
8405
8408
8410
8411
8414
8415
8418
8420
8421
8424
8426
8427
8430
8431
8434
8436
8437
8440
8442
8443
8446
8447
8450
8451
8452
8454
8455
8457
8458
8459
8461
8462
8464
8465
8466
8468
8469
8471
8472
8473
8475
8476
8478
8479
8481
8482
8483
8485
8486
8488
8489
8490
8492
8493
8495
8496
8497
8499
8500
8502
8503
8504
8506
8507
8509
8510
8512
8513
8514
8516
8517
8519
8520
8521
8523
8524
8526
8527
8528
8530
8531
8533
8534
8536
8537
8538
8540
8541
8543
8544
8545
8547
8548
8550
8551
8552
8554
8555
8557
8558
8560
8561
8563
8565
8566
8568
8570
8571
8573
8575
8576
8578
8580
8582
8583
8585
8587
8588
8590
8592
8593
8595
8597
8598
8600
8602
8604
8605
8607
8609
8610
8612
8614
8615
8617
8619
8621
8622
8624
8626
8627
8629
8631
8632
8634
8636
8637
8639
8641
8643
8644
8646
8648
8649
8651
8653
8654
8656
8658
8660
8661
8663
8664
8666
8667
8669
8670
8672
8673
8675
8677
8678
8680
8681
8683
8684
8686
8687
8689
8690
8692
8694
8695
8697
8698
8700
8701
8703
8704
8706
8708
8709
8711
8712
8714
8715
8717
8718
8720
8721
8723
8725
8726
8728
8729
8731
8732
8734
8735
8737
8739
8740
8742
8743
8745
8746
8748
8749
8751
8752
8754
8756
8757
8759
8760
8762
8763
8765
8766
8768
8770
8771
8773
8775
8777
8779
8780
8782
8784
8786
8788
8790
8792
8793
8795
8797
8799
8801
8803
8804
8806
8808
8810
8812
8814
8815
8817
8819
8821
8823
8825
8826
8828
8830
8832
8834
8836
8837
8839
8841
8843
8845
8847
8848
8850
8852
8854
8856
8858
8859
8861
8863
8865
8867
8869
8870
8872
8874
8876
8878
8880
8881
8883
8884
8886
8887
8889
8890
8892
8893
8895
8896
8898
8899
8901
8902
8904
8905
8907
8908
8910
8911
8913
8914
8916
8917
8919
8920
8922
8923
8925
8926
8928
8929
8931
8932
8934
8935
8937
8938
8940
8941
8943
8944
8946
8947
8949
8950
8952
8953
8955
8956
8958
8959
8961
8962
8964
8965
8967
8968
8970
8971
8973
8974
8976
8977
8979
8980
8982
8983
8985
8986
8988
8990
8991
8992
8994
8995
8997
8998
9000
9001
9003
9004
9006
9007
9009
9010
9012
9013
9014
9016
9017
9019
9020
9022
9023
9025
9026
9028
9029
9031
9032
9034
9035
9036
9038
9039
9041
9042
9044
9045
9047
9048
9050
9051
9053
9054
9056
9057
9058
9060
9061
9063
9064
9066
9067
9069
9070
9072
9073
9075
9076
9078
9079
9080
9082
9083
9085
9086
9088
9089
9091
9092
9094
9095
9097
9098
9100
9101
9103
9105
9106
9108
9110
9111
9113
9115
9116
9118
9120
9121
9123
9125
9126
9128
9129
9131
9133
9135
9136
9138
9139
9141
9143
9145
9146
9148
9149
9151
9153
9155
9156
9158
9160
9161
9163
9165
9166
9168
9170
9171
9173
9174
9176
9178
9180
9181
9183
9184
9186
9188
9190
9191
9193
9194
9196
9198
9200
9201
9203
9205
9207
9208
9210
9212
9214
9215
9217
9219
9221
9223
9224
9226
9228
9230
9231
9233
9235
9237
9239
9240
9242
9244
9246
9247
9249
9251
9253
9254
9256
9258
9260
9262
9263
9265
9267
9269
9270
9272
9274
9276
9278
9279
9281
9283
9285
9286
9288
9290
9292
9294
9295
9297
9299
9301
9302
9304
9306
9308
9310
9311
9313
9314
9316
9317
9319
9320
9322
9324
9325
9327
9328
9330
9331
9333
9335
9336
9338
9339
9341
9342
9344
9345
9347
9349
9350
9352
9353
9355
9356
9358
9360
9361
9363
9364
9366
9367
9369
9370
9372
9374
9375
9377
9378
9380
9381
9383
9385
9386
9388
9389
9391
9392
9394
9395
9397
9399
9400
9402
9403
9405
9406
9408
9410
9411
9413
9414
9416
9418
9419
9421
9423
9424
9426
9428
9429
9431
9432
9434
9436
9437
9439
9441
9442
9444
9446
9447
9449
9451
9452
9454
9455
9457
9459
9460
9462
9464
9465
9467
9469
9470
9472
9474
9475
9477
9478
9480
9482
9483
9485
9487
9488
9490
9492
9493
9495
9497
9498
9500
9501
9503
9505
9506
9508
9510
9511
9513
9515
9516
9518
9520
9521
9523
9524
9526
9527
9529
9530
9532
9533
9535
9536
9538
9539
9541
9542
9544
9545
9547
9548
9550
9551
9553
9554
9556
9557
9559
9560
9562
9563
9565
9566
9568
9569
9571
9572
9574
9575
9577
9578
9580
9581
9583
9584
9586
9587
9589
9590
9592
9593
9595
9596
9598
9599
9601
9602
9604
9605
9607
9608
9610
9611
9613
9614
9616
9617
9619
9620
9622
9623
9625
9626
9628
9630
9631
9632
9634
9635
9637
9638
9640
9641
9643
9644
9645
9647
9648
9650
9651
9653
9654
9656
9657
9658
9660
9661
9663
9664
9666
9667
9669
9670
9671
9673
9674
9676
9677
9679
9680
9682
9683
9685
9686
9687
9689
9690
9692
9693
9695
9696
9698
9699
9700
9702
9703
9705
9706
9708
9709
9711
9712
9713
9715
9716
9718
9719
9721
9722
9724
9725
9726
9728
9729
9731
9732
9734
9735
9737
9738
9740
9741
9743
9744
9746
9747
9749
9751
9752
9754
9755
9757
9759
9760
9762
9763
9765
9767
9768
9770
9771
9773
9775
9776
9778
9779
9781
9783
9784
9786
9787
9789
9791
9792
9794
9795
9797
9798
9800
9802
9803
9805
9806
9808
9810
9811
9813
9814
9816
9818
9819
9821
9822
9824
9826
9827
9829
9830
9832
9834
9835
9837
9838
9840
9842
9843
9845
9846
9848
9850
9851
9853
9854
9856
9857
9859
9860
9862
9863
9865
9866
9868
9870
9871
9873
9874
9876
9877
9879
9880
9882
9883
9885
9886
9888
9889
9891
9893
9894
9896
9897
9899
9900
9902
9903
9905
9906
9908
9910
9911
9913
9914
9916
9917
9919
9920
9922
9923
9925
9926
9928
9930
9931
9933
9934
9936
9937
9939
9940
9942
9943
9945
9946
9948
9950
9951
9953
9954
9956
9957
9959
9960
9962
9963
9965
9966
9968
9969
9971
9972
9974
9975
9977
9979
9980
9982
9983
9985
9986
9988
9989
9991
9992
9994
9995
9997
9998
10000
10001
10003
10004
10006
10008
10009
10011
10012
10014
10015
10017
10018
10020
10021
10023
10024
10026
10027
10029
10030
10032
10034
10035
10037
10038
10040
10041
10043
10044
10046
10047
10049
10050
10052
10053
10055
10056
10058
10060
10061
10062
10064
10065
10067
10068
10070
10071
10073
10074
10076
10077
10079
10080
10082
10083
10085
10086
10087
10089
10090
10092
10093
10095
10096
10098
10099
10101
10102
10104
10105
10107
10108
10110
10111
10112
10114
10115
10117
10118
10120
10121
10123
10124
10126
10127
10129
10130
10132
10133
10135
10136
10137
10139
10140
10142
10143
10145
10146
10148
10149
10151
10152
10154
10155
10157
10158
10160
10161
10163
10165
10166
10168
10170
10171
10173
10175
10176
10178
10180
10182
10183
10185
10187
10188
10190
10192
10193
10195
10197
10198
10200
10202
10204
10205
10207
10209
10210
10212
10214
10215
10217
10219
10220
10222
10224
10226
10227
10229
10231
10232
10234
10236
10237
10239
10241
10242
10244
10246
10248
10249
10251
10253
10254
10256
10258
10259
10261
10263
10264
10266
10268
10270
10271
10273
10274
10276
10277
10279
10280
10282
10283
10285
10287
10288
10290
10291
10293
10294
10296
10297
10299
10300
10302
10304
10305
10307
10308
10310
10311
10313
10314
10316
10318
10319
10321
10322
10324
10325
10327
10328
10330
10331
10333
10335
10336
10338
10339
10341
10342
10344
10345
10347
10349
10350
10352
10353
10355
10356
10358
10359
10361
10362
10364
10366
10367
10369
10370
10372
10373
10375
10376
10378
10380
10381
10383
10384
10386
10387
10389
10390
10392
10393
10395
10396
10398
10399
10401
10402
10404
10405
10407
10408
10410
10411
10413
10414
10416
10417
10419
10420
10422
10423
10425
10426
10428
10429
10431
10432
10434
10435
10437
10438
10440
10441
10443
10444
10446
10447
10449
10450
10452
10453
10455
10456
10458
10459
10461
10462
10464
10465
10467
10468
10470
10471
10473
10474
10476
10477
10479
10480
10482
10483
10485
10486
10488
10490
10491
10492
10494
10495
10497
10498
10500
10501
10503
10504
10506
10507
10509
10510
10512
10513
10514
10516
10517
10519
10520
10522
10523
10525
10526
10528
10529
10531
10532
10534
10535
10536
10538
10539
10541
10542
10544
10545
10547
10548
10550
10551
10553
10554
10556
10557
10558
10560
10561
10563
10564
10566
10567
10569
10570
10572
10573
10575
10576
10578
10579
10580
10582
10583
10585
10586
10588
10589
10591
10592
10594
10595
10597
10598
10600
10601
10603
10604
10606
10607
10609
10610
10612
10613
10615
10616
10618
10619
10621
10622
10624
10625
10627
10628
10630
10631
10633
10634
10636
10637
10639
10640
10642
10643
10645
10646
10648
10649
10651
10653
10654
10656
10657
10659
10660
10662
10663
10665
10666
10668
10669
10671
10672
10674
10675
10677
10678
10680
10681
10683
10684
10686
10687
10689
10690
10692
10693
10695
10696
10698
10700
10701
10702
10704
10705
10707
10708
10710
10711
10713
10714
10716
10717
10719
10720
10722
10723
10724
10726
10727
10729
10730
10732
10733
10735
10736
10738
10739
10741
10742
10744
10745
10746
10748
10749
10751
10752
10754
10755
10757
10758
10760
10761
10763
10764
10766
10767
10768
10770
10771
10773
10774
10776
10777
10779
10780
10782
10783
10785
10786
10788
10789
10790
10792
10793
10795
10796
10798
10799
10801
10802
10804
10805
10807
10808
10810
10811
10812
10814
10815
10816
10818
10819
10820
10822
10823
10825
10826
10827
10829
10830
10831
10833
10834
10836
10837
10838
10840
10841
10842
10844
10845
10846
10848
10849
10851
10852
10853
10855
10856
10857
10859
10860
10862
10863
10864
10866
10867
10868
10870
10871
10873
10874
10875
10877
10878
10879
10881
10882
10883
10885
10886
10888
10889
10890
10892
10893
10894
10896
10897
10899
10900
10901
10903
10904
10905
10907
10908
10910
10911
10913
10915
10916
10918
10920
10922
10923
10925
10927
10928
10930
10932
10934
10935
10937
10939
10940
10942
10944
10946
10947
10949
10951
10952
10954
10956
10958
10959
10961
10963
10965
10966
10968
10970
10971
10973
10975
10977
10978
10980
10982
10983
10985
10987
10989
10990
10992
10994
10995
10997
10999
11001
11002
11004
11006
11007
11009
11011
11013
11014
11016
11018
11020
11021
11023
11024
11026
11027
11029
11030
11032
11033
11035
11036
11038
11039
11041
11042
11044
11045
11047
11049
11050
11052
11053
11055
11056
11058
11059
11061
11062
11064
11065
11067
11068
11070
11071
11073
11075
11076
11078
11079
11081
11082
11084
11085
11087
11088
11090
11091
11093
11094
11096
11097
11099
11100
11102
11104
11105
11107
11108
11110
11111
11113
11114
11116
11117
11119
11120
11122
11123
11125
11126
11128
11130
11131
11133
11135
11136
11138
11140
11142
11143
11145
11147
11149
11150
11152
11154
11156
11157
11159
11161
11163
11164
11166
11168
11170
11171
11173
11175
11177
11178
11180
11182
11184
11185
11187
11189
11191
11192
11194
11196
11198
11199
11201
11203
11205
11206
11208
11210
11212
11213
11215
11217
11219
11220
11222
11224
11226
11227
11229
11231
11233
11234
11236
11238
11240
11241
11243
11245
11246
11248
11250
11251
11253
11255
11256
11258
11260
11261
11263
11265
11266
11268
11270
11271
11273
11275
11276
11278
11280
11281
11283
11285
11286
11288
11290
11291
11293
11295
11296
11298
11300
11301
11303
11305
11306
11308
11310
11311
11313
11315
11316
11318
11320
11321
11323
11325
11326
11328
11330
11331
11333
11334
11336
11338
11340
11341
11343
11344
11346
11348
11350
11351
11352
11354
11355
11357
11358
11360
11361
11362
11364
11365
11367
11368
11370
11371
11372
11374
11375
11377
11378
11379
11381
11382
11384
11385
11387
11388
11389
11391
11392
11394
11395
11397
11398
11399
11401
11402
11404
11405
11407
11408
11410
11411
11412
11414
11415
11417
11418
11420
11421
11422
11424
11425
11427
11428
11430
11431
11432
11434
11435
11437
11438
11440
11441
11442
11444
11445
11447
11448
11450
11451
11453
11455
11456
11458
11459
11461
11463
11465
11466
11468
11469
11471
11473
11475
11476
11478
11480
11481
11483
11485
11486
11488
11490
11491
11493
11495
11496
11498
11500
11501
11503
11504
11506
11508
11510
11511
11513
11515
11516
11518
11520
11521
11523
11525
11526
11528
11530
11531
11533
11535
11536
11538
11540
11541
11543
11545
11546
11548
11550
11551
11553
11555
11556
11558
11560
11561
11562
11564
11565
11566
11568
11569
11570
11572
11573
11574
11576
11577
11578
11580
11581
11582
11584
11585
11586
11588
11589
11590
11592
11593
11594
11596
11597
11598
11600
11601
11602
11604
11605
11606
11608
11609
11610
11612
11613
11614
11616
11617
11618
11620
11621
11622
11624
11625
11626
11628
11629
11630
11632
11633
11634
11636
11637
11638
11640
11641
11642
11644
11645
11646
11648
11649
11650
11652
11653
11654
11656
11657
11658
11660
11661
11662
11664
11665
11667
11668
11670
11671
11673
11674
11676
11677
11679
11680
11682
11683
11684
11686
11687
11689
11690
11692
11693
11695
11696
11698
11699
11701
11702
11704
11705
11706
11708
11709
11711
11712
11714
11715
11717
11718
11720
11721
11723
11724
11726
11727
11728
11730
11731
11733
11734
11736
11737
11739
11740
11742
11743
11745
11746
11748
11749
11750
11752
11753
11755
11756
11758
11759
11761
11762
11764
11765
11767
11768
11770
11771
11773
11774
11776
11777
11779
11780
11782
11783
11785
11786
11788
11789
11791
11792
11794
11795
11797
11798
11800
11801
11803
11804
11806
11807
11809
11810
11812
11813
11815
11816
11818
11819
11821
11822
11824
11825
11827
11828
11830
11831
11833
11834
11836
11837
11839
11840
11842
11843
11845
11846
11848
11849
11851
11852
11854
11855
11857
11858
11860
11861
11863
11864
11866
11867
11869
11870
11872
11873
11875
11876
11878
11880
11881
11883
11884
11886
11887
11889
11890
11892
11893
11895
11896
11898
11899
11901
11902
11904
11905
11907
11909
11910
11912
11913
11915
11916
11918
11919
11921
11922
11924
11925
11927
11928
11930
11931
11933
11935
11936
11938
11939
11941
11942
11944
11945
11947
11948
11950
11951
11953
11954
11956
11957
11959
11960
11962
11964
11965
11967
11968
11970
11971
11973
11974
11976
11977
11979
11980
11982
11983
11985
11986
11988
11990
11991
11992
11994
11995
11996
11998
11999
12001
12002
12003
12005
12006
12008
12009
12010
12012
12013
12015
12016
12017
12019
12020
12022
12023
12024
12026
12027
12028
12030
12031
12033
12034
12035
12037
12038
12040
12041
12042
12044
12045
12047
12048
12049
12051
12052
12054
12055
12056
12058
12059
12061
12062
12063
12065
12066
12067
12069
12070
12072
12073
12074
12076
12077
12079
12080
12081
12083
12084
12086
12087
12088
12090
12091
12093
12094
12095
12097
12098
12100
12101
12102
12104
12105
12106
12108
12109
12110
12112
12113
12114
12116
12117
12118
12120
12121
12122
12124
12125
12127
12128
12129
12131
12132
12133
12135
12136
12137
12139
12140
12141
12143
12144
12145
12147
12148
12150
12151
12152
12154
12155
12156
12158
12159
12160
12162
12163
12164
12166
12167
12168
12170
12171
12172
12174
12175
12177
12178
12179
12181
12182
12183
12185
12186
12187
12189
12190
12191
12193
12194
12195
12197
12198
12200
12201
12202
12204
12205
12207
12208
12209
12211
12212
12214
12215
12217
12218
12219
12221
12222
12224
12225
12227
12228
12230
12231
12232
12234
12235
12237
12238
12240
12241
12242
12244
12245
12247
12248
12250
12251
12252
12254
12255
12257
12258
12260
12261
12262
12264
12265
12267
12268
12270
12271
12272
12274
12275
12277
12278
12280
12281
12282
12284
12285
12287
12288
12290
12291
12292
12294
12295
12297
12298
12300
12301
12302
12304
12305
12307
12308
12310
12311
12313
12314
12316
12317
12319
12320
12322
12323
12325
12326
12328
12330
12331
12333
12334
12336
12337
12339
12340
12342
12343
12345
12346
12348
12350
12351
12353
12354
12356
12357
12359
12360
12362
12363
12365
12366
12368
12370
12371
12373
12374
12376
12377
12379
12380
12382
12383
12385
12386
12388
12390
12391
12393
12394
12396
12397
12399
12400
12402
12403
12405
12406
12408
12410
12411
12413
12414
12416
12418
12419
12421
12422
12424
12426
12427
12429
12431
12432
12434
12435
12437
12439
12440
12442
12443
12445
12447
12448
12450
12452
12453
12455
12456
12458
12460
12461
12463
12465
12466
12468
12469
12471
12473
12474
12476
12477
12479
12481
12482
12484
12486
12487
12489
12490
12492
12494
12495
12497
12498
12500
12502
12503
12505
12507
12508
12510
12511
12513
12515
12516
12518
12520
12521
12523
12525
12526
12528
12530
12532
12533
12535
12537
12539
12540
12542
12544
12546
12547
12549
12551
12553
12554
12556
12558
12560
12561
12563
12565
12567
12568
12570
12572
12574
12575
12577
12579
12581
12582
12584
12586
12588
12589
12591
12593
12595
12596
12598
12600
12602
12603
12605
12607
12609
12610
12612
12614
12616
12617
12619
12621
12623
12624
12626
12628
12630
12631
12633
12634
12636
12637
12639
12640
12642
12644
12645
12647
12648
12650
12651
12653
12654
12656
12658
12659
12661
12662
12664
12665
12667
12668
12670
12672
12673
12675
12676
12678
12679
12681
12682
12684
12686
12687
12689
12690
12692
12693
12695
12697
12698
12700
12701
12703
12704
12706
12707
12709
12711
12712
12714
12715
12717
12718
12720
12721
12723
12725
12726
12728
12729
12731
12732
12734
12735
12737
12739
12740
12742
12743
12745
12746
12748
12750
12751
12752
12754
12755
12757
12758
12760
12761
12763
12764
12766
12767
12769
12770
12772
12773
12775
12776
12778
12779
12781
12782
12784
12785
12787
12788
12790
12791
12793
12794
12796
12797
12799
12800
12802
12803
12805
12806
12807
12809
12810
12812
12813
12815
12816
12818
12819
12821
12822
12824
12825
12827
12828
12830
12831
12833
12834
12836
12837
12839
12840
12842
12843
12845
12846
12848
12849
12851
12852
12854
12855
12857
12858
12860
12861
12863
12864
12866
12867
12869
12871
12872
12874
12875
12877
12879
12880
12882
12883
12885
12886
12888
12890
12891
12893
12894
12896
12898
12899
12901
12902
12904
12906
12907
12909
12910
12912
12913
12915
12917
12918
12920
12921
12923
12925
12926
12928
12929
12931
12933
12934
12936
12937
12939
12940
12942
12944
12945
12947
12948
12950
12952
12953
12955
12956
12958
12960
12961
12963
12964
12966
12967
12969
12970
12972
12973
12975
12976
12978
12979
12981
12982
12984
12985
12987
12988
12990
12991
12993
12994
12996
12997
12999
13000
13002
13003
13005
13006
13008
13009
13011
13012
13014
13015
13017
13018
13020
13021
13023
13024
13026
13027
13029
13030
13032
13033
13035
13036
13038
13039
13041
13042
13044
13045
13047
13048
13050
13051
13053
13054
13056
13057
13059
13060
13062
13063
13065
13066
13068
13070
13071
13073
13074
13076
13078
13079
13081
13082
13084
13086
13087
13089
13090
13092
13094
13095
13097
13099
13100
13102
13103
13105
13107
13108
13110
13111
13113
13115
13116
13118
13120
13121
13123
13124
13126
13128
13129
13131
13132
13134
13136
13137
13139
13140
13142
13144
13145
13147
13149
13150
13152
13153
13155
13157
13158
13160
13161
13163
13165
13166
13168
13170
13171
13173
13175
13177
13179
13181
13182
13184
13186
13188
13190
13192
13193
13195
13197
13199
13201
13203
13204
13206
13208
13210
13212
13214
13215
13217
13219
13221
13223
13225
13226
13228
13230
13232
13234
13235
13237
13239
13241
13243
13245
13247
13248
13250
13252
13254
13256
13258
13259
13261
13263
13265
13267
13269
13270
13272
13274
13276
13278
13280
13281
13283
13285
13287
13288
13290
13292
13294
13296
13297
13299
13301
13303
13305
13306
13308
13310
13312
13313
13315
13317
13319
13321
13322
13324
13326
13328
13330
13331
13333
13335
13337
13338
13340
13342
13344
13346
13347
13349
13351
13353
13355
13356
13358
13360
13362
13363
13365
13367
13369
13371
13372
13374
13376
13378
13380
13381
13383
13385
13387
13389
13390
13392
13394
13396
13398
13399
13401
13403
13405
13407
13408
13410
13412
13414
13416
13417
13419
13421
13423
13425
13426
13428
13430
13432
13434
13435
13437
13439
13441
13443
13444
13446
13448
13450
13452
13453
13455
13457
13459
13461
13462
13464
13466
13468
13470
13471
13473
13475
13477
13479
13480
13482
13484
13486
13488
13490
13491
13493
13494
13496
13497
13499
13501
13502
13504
13505
13507
13509
13510
13512
13513
13515
13517
13518
13520
13521
13523
13525
13526
13528
13529
13531
13533
13534
13536
13537
13539
13541
13542
13544
13545
13547
13548
13550
13552
13553
13555
13556
13558
13560
13561
13563
13564
13566
13568
13569
13571
13572
13574
13576
13577
13579
13580
13582
13584
13585
13587
13588
13590
13592
13593
13595
13596
13598
13600
13601
13603
13605
13607
13609
13611
13613
13615
13616
13618
13620
13622
13624
13626
13628
13630
13632
13633
13635
13637
13639
13641
13643
13645
13647
13649
13650
13652
13654
13656
13658
13660
13662
13664
13666
13667
13669
13671
13673
13675
13677
13679
13681
13683
13684
13686
13688
13690
13692
13694
13696
13698
13700
13702
13704
13706
13708
13710
13712
13715
13717
13719
13721
13723
13725
13728
13730
13732
13734
13736
13738
13740
13743
13745
13747
13749
13751
13753
13756
13758
13760
13762
13764
13766
13769
13771
13773
13775
13777
13779
13781
13784
13786
13788
13790
13792
13794
13797
13799
13801
13803
13805
13807
13810
13811
13813
13815
13817
13819
13821
13823
13825
13827
13829
13831
13833
13835
13836
13838
13840
13842
13844
13846
13848
13850
13852
13854
13856
13858
13860
13861
13863
13865
13867
13869
13871
13873
13875
13877
13879
13881
13883
13885
13886
13888
13890
13892
13894
13896
13898
13900
13902
13904
13906
13908
13910
13911
13913
13914
13916
13917
13919
13921
13922
13924
13925
13927
13928
13930
13932
13933
13935
13936
13938
13939
13941
13943
13944
13946
13947
13949
13950
13952
13954
13955
13957
13958
13960
13961
13963
13965
13966
13968
13969
13971
13972
13974
13976
13977
13979
13980
13982
13983
13985
13987
13988
13990
13991
13993
13994
13996
13998
13999
14001
14002
14004
14005
14007
14009
14010
14012
14013
14015
14016
14018
14020
14021
14023
14024
14026
14027
14029
14030
14032
14034
14035
14037
14038
14040
14042
14043
14045
14046
14048
14049
14051
14053
14054
14056
14057
14059
14060
14062
14064
14065
14067
14068
14070
14071
14073
14075
14076
14078
14079
14081
14082
14084
14086
14087
14089
14090
14092
14093
14095
14097
14098
14100
14101
14103
14104
14106
14108
14109
14111
14112
14114
14115
14117
14119
14120
14122
14123
14125
14126
14128
14130
14131
14133
14134
14136
14137
14139
14141
14142
14144
14145
14147
14149
14150
14152
14153
14155
14157
14158
14160
14161
14163
14165
14166
14168
14169
14171
14173
14174
14176
14177
14179
14181
14182
14184
14185
14187
14188
14190
14192
14193
14195
14196
14198
14200
14201
14203
14204
14206
14208
14209
14211
14212
14214
14216
14217
14219
14220
14222
14224
14225
14227
14228
14230
14232
14233
14235
14236
14238
14240
14241
14243
14244
14246
14247
14249
14250
14252
14253
14255
14257
14258
14260
14261
14263
14264
14266
14267
14269
14270
14272
14274
14275
14277
14278
14280
14281
14283
14284
14286
14288
14289
14291
14292
14294
14295
14297
14298
14300
14301
14303
14305
14306
14308
14309
14311
14312
14314
14315
14317
14319
14320
14322
14323
14325
14326
14328
14329
14331
14332
14334
14336
14337
14339
14340
14342
14343
14345
14346
14348
14350
14351
14353
14354
14356
14358
14359
14361
14363
14364
14366
14368
14369
14371
14372
14374
14376
14377
14379
14381
14382
14384
14386
14387
14389
14390
14392
14394
14395
14397
14399
14400
14402
14404
14405
14407
14409
14410
14412
14413
14415
14417
14418
14420
14422
14423
14425
14427
14428
14430
14431
14433
14435
14436
14438
14440
14441
14443
14445
14446
14448
14450
14451
14453
14455
14456
14458
14460
14462
14463
14465
14467
14468
14470
14472
14474
14475
14477
14479
14480
14482
14484
14486
14487
14489
14491
14492
14494
14496
14498
14499
14501
14503
14504
14506
14508
14510
14511
14513
14515
14517
14518
14520
14522
14523
14525
14527
14529
14530
14532
14534
14535
14537
14539
14541
14542
14544
14546
14547
14549
14551
14553
14554
14556
14558
14560
14561
14563
14564
14566
14568
14569
14571
14573
14574
14576
14578
14579
14581
14582
14584
14586
14587
14589
14591
14592
14594
14596
14597
14599
14600
14602
14604
14605
14607
14609
14610
14612
14614
14615
14617
14619
14620
14622
14623
14625
14627
14628
14630
14632
14633
14635
14637
14638
14640
14641
14643
14645
14646
14648
14650
14651
14653
14655
14656
14658
14660
14661
14663
14664
14666
14668
14669
14671
14673
14674
14676
14678
14679
14681
14682
14684
14686
14687
14689
14691
14692
14694
14696
14697
14699
14701
14702
14704
14705
14707
14709
14710
14712
14714
14715
14717
14719
14720
14722
14724
14725
14727
14728
14730
14732
14733
14735
14737
14738
14740
14742
14743
14745
14747
14748
14750
14751
14753
14755
14756
14758
14760
14761
14763
14765
14766
14768
14770
14771
14773
14774
14776
14778
14779
14781
14783
14784
14786
14788
14789
14791
14792
14794
14796
14797
14799
14801
14802
14804
14806
14807
14809
14811
14812
14814
14815
14817
14819
14820
14822
14824
14825
14827
14829
14830
14832
14834
14835
14837
14838
14840
14842
14843
14845
14847
14848
14850
14852
14853
14855
14857
14858
14860
14861
14863
14865
14866
14868
14870
14871
14873
14875
14876
14878
14880
14882
14884
14886
14888
14890
14892
14894
14896
14898
14900
14902
14904
14906
14909
14911
14913
14915
14917
14919
14921
14923
14925
14927
14929
14931
14933
14936
14938
14940
14942
14944
14946
14948
14950
14952
14954
14956
14958
14960
14963
14965
14967
14969
14971
14973
14975
14977
14979
14981
14983
14985
14987
14990
14991
14992
14994
14995
14997
14998
15000
15001
15003
15004
15005
15007
15008
15010
15011
15013
15014
15016
15017
15018
15020
15021
15023
15024
15026
15027
15029
15030
15031
15033
15034
15036
15037
15039
15040
15042
15043
15045
15046
15047
15049
15050
15052
15053
15055
15056
15058
15059
15060
15062
15063
15065
15066
15068
15069
15071
15072
15073
15075
15076
15078
15079
15081
15082
15084
15085
15086
15088
15089
15091
15092
15094
15095
15097
15098
15100
15101
15103
15105
15107
15109
15111
15113
15115
15116
15118
15120
15122
15124
15126
15128
15130
15132
15133
15135
15137
15139
15141
15143
15145
15147
15149
15150
15152
15154
15156
15158
15160
15162
15164
15166
15167
15169
15171
15173
15175
15177
15179
15181
15183
15184
15186
15188
15190
15192
15194
15196
15198
15200
15201
15203
15204
15206
15208
15209
15211
15212
15214
15216
15217
15219
15221
15222
15224
15225
15227
15229
15230
15232
15233
15235
15237
15238
15240
15242
15243
15245
15246
15248
15250
15251
15253
15254
15256
15258
15259
15261
15263
15264
15266
15267
15269
15271
15272
15274
15276
15277
15279
15280
15282
15284
15285
15287
15288
15290
15292
15293
15295
15297
15298
15300
15301
15303
15305
15306
15308
15310
15311
15313
15315
15317
15318
15320
15322
15324
15326
15327
15329
15331
15333
15335
15336
15338
15340
15342
15343
15345
15347
15349
15351
15352
15354
15356
15358
15360
15361
15363
15365
15367
15368
15370
15372
15374
15376
15377
15379
15381
15383
15385
15386
15388
15390
15392
15393
15395
15397
15399
15401
15402
15404
15406
15408
15410
15411
15413
15415
15417
15418
15420
15422
15424
15425
15427
15429
15431
15433
15434
15436
15438
15440
15441
15443
15445
15447
15449
15450
15452
15454
15456
15457
15459
15461
15463
15465
15466
15468
15470
15472
15473
15475
15477
15479
15480
15482
15484
15486
15488
15489
15491
15493
15495
15496
15498
15500
15502
15504
15505
15507
15509
15511
15512
15514
15516
15518
15520
15521
15523
15525
15527
15529
15530
15532
15534
15536
15538
15539
15541
15543
15545
15547
15548
15550
15552
15554
15556
15557
15559
15561
15563
15565
15566
15568
15570
15572
15574
15575
15577
15579
15581
15583
15584
15586
15588
15590
15592
15593
15595
15597
15599
15601
15602
15604
15606
15608
15610
15611
15613
15615
15617
15619
15620
15622
15624
15626
15628
15630
15631
15633
15635
15637
15638
15640
15642
15644
15645
15647
15649
15651
15653
15654
15656
15658
15660
15661
15663
15665
15667
15669
15670
15672
15674
15676
15677
15679
15681
15683
15685
15686
15688
15690
15692
15693
15695
15697
15699
15700
15702
15704
15706
15708
15709
15711
15713
15715
15716
15718
15720
15722
15724
15725
15727
15729
15731
15732
15734
15736
15738
15740
15741
15743
15744
15746
15748
15749
15751
15752
15754
15756
15757
15759
15761
15762
15764
15765
15767
15769
15770
15772
15773
15775
15777
15778
15780
15782
15783
15785
15786
15788
15790
15791
15793
15795
15796
15798
15799
15801
15803
15804
15806
15807
15809
15811
15812
15814
15816
15817
15819
15820
15822
15824
15825
15827
15828
15830
15832
15833
15835
15837
15838
15840
15841
15843
15845
15846
15848
15850
15851
15853
15855
15857
15859
15861
15863
15865
15866
15868
15870
15872
15874
15876
15878
15880
15882
15883
15885
15887
15889
15891
15893
15895
15897
15899
15900
15902
15904
15906
15908
15910
15912
15914
15916
15917
15919
15921
15923
15925
15927
15929
15931
15933
15934
15936
15938
15940
15942
15944
15946
15948
15950
15951
15953
15954
15956
15958
15959
15961
15963
15964
15966
15968
15969
15971
15972
15974
15976
15977
15979
15981
15982
15984
15986
15987
15989
15991
15992
15994
15995
15997
15999
16000
16002
16004
16005
16007
16009
16010
16012
16014
16015
16017
16018
16020
16022
16023
16025
16027
16028
16030
16032
16033
16035
16037
16038
16040
16041
16043
16045
16046
16048
16050
16051
16053
16055
16056
16058
16059
16061
16062
16064
16065
16067
16068
16070
16071
16073
16074
16076
16077
16079
16080
16082
16083
16085
16086
16087
16089
16090
16092
16093
16095
16096
16098
16099
16101
16102
16104
16105
16107
16108
16110
16111
16112
16114
16115
16117
16118
16120
16121
16123
16124
16126
16127
16129
16130
16132
16133
16134
16136
16137
16139
16140
16142
16143
16145
16146
16148
16149
16151
16152
16154
16155
16157
16158
16160
16161
16163
16164
16166
16167
16169
16170
16172
16173
16175
16176
16178
16179
16181
16182
16184
16185
16187
16189
16190
16192
16193
16195
16196
16198
16199
16201
16202
16204
16205
16207
16208
16210
16211
16213
16215
16216
16218
16219
16221
16222
16224
16225
16227
16228
16230
16231
16233
16234
16236
16237
16239
16240
16242
16244
16245
16247
16248
16250
16251
16253
16254
16256
16257
16259
16260
16262
16263
16265
16266
16268
16270
16271
16273
16275
16277
16279
16281
16283
16285
16287
16288
16290
16292
16294
16296
16298
16300
16302
16304
16306
16307
16309
16311
16313
16315
16317
16319
16321
16323
16325
16326
16328
16330
16332
16334
16336
16338
16340
16342
16343
16345
16347
16349
16351
16353
16355
16357
16359
16361
16362
16364
16366
16368
16370
16372
16374
16376
16378
16379
16381
16383
16384
16386
16387
16389
16391
16392
16394
16395
16397
16398
16400
16401
16403
16405
16406
16408
16409
16411
16413
16414
16416
16417
16419
16420
16422
16424
16425
16427
16428
16430
16431
16433
16435
16436
16438
16439
16441
16442
16444
16445
16447
16449
16450
16452
16453
16455
16456
16458
16460
16461
16463
16464
16466
16468
16469
16471
16472
16474
16475
16477
16479
16480
16482
16483
16485
16486
16488
16490
16491
16493
16495
16496
16498
16500
16502
16503
16505
16507
16508
16510
16512
16514
16515
16517
16519
16520
16522
16524
16526
16527
16529
16531
16532
16534
16536
16538
16539
16541
16543
16545
16546
16548
16550
16551
16553
16555
16557
16558
16560
16562
16563
16565
16567
16569
16570
16572
16574
16575
16577
16579
16581
16582
16584
16586
16587
16589
16591
16593
16594
16596
16598
16600
16601
16603
16605
16606
16608
16610
16611
16613
16615
16616
16618
16620
16621
16623
16625
16626
16628
16630
16631
16633
16635
16636
16638
16640
16641
16643
16645
16646
16648
16650
16651
16653
16655
16656
16658
16660
16661
16663
16665
16666
16668
16670
16671
16673
16675
16676
16678
16680
16681
16683
16685
16686
16688
16689
16691
16693
16695
16696
16698
16700
16701
16703
16705
16707
16709
16711
16713
16715
16717
16719
16721
16723
16725
16727
16728
16730
16732
16734
16736
16738
16740
16742
16744
16746
16748
16750
16752
16754
16755
16757
16759
16761
16763
16765
16767
16769
16771
16773
16775
16777
16779
16781
16782
16784
16786
16788
16790
16792
16794
16796
16798
16800
16802
16804
16806
16808
16810
16811
16813
16815
16817
16819
16821
16823
16825
16827
16829
16831
16833
16835
16836
16838
16840
16842
16844
16846
16848
16850
16852
16854
16856
16858
16860
16861
16863
16865
16867
16869
16871
16873
16875
16877
16879
16881
16883
16884
16886
16888
16890
16892
16894
16896
16898
16900
16902
16904
16906
16908
16910
16911
16913
16915
16917
16919
16920
16922
16924
16926
16928
16929
16931
16933
16935
16937
16938
16940
16942
16944
16946
16947
16949
16951
16953
16955
16956
16958
16960
16962
16964
16965
16967
16969
16971
16973
16974
16976
16978
16980
16982
16983
16985
16987
16989
16991
16992
16994
16996
16998
17000
17001
17003
17005
17007
17009
17010
17012
17014
17016
17018
17020
17021
17023
17025
17027
17029
17031
17032
17034
17036
17038
17040
17041
17043
17045
17047
17049
17051
17053
17054
17056
17058
17060
17062
17064
17065
17067
17069
17071
17073
17075
17076
17078
17080
17082
17084
17086
17087
17089
17091
17093
17095
17096
17098
17100
17102
17104
17106
17108
17109
17111
17113
17115
17117
17119
17120
17122
17124
17126
17128
17130
17131
17133
17135
17136
17138
17140
17142
17143
17145
17147
17148
17150
17152
17154
17155
17157
17159
17160
17162
17164
17166
17167
17169
17171
17172
17174
17176
17178
17179
17181
17183
17185
17186
17188
17190
17191
17193
17195
17197
17198
17200
17202
17203
17205
17207
17209
17210
17212
17214
17215
17217
17219
17221
17222
17224
17226
17227
17229
17231
17233
17234
17236
17238
17240
17241
17243
17245
17247
17249
17250
17252
17254
17256
17258
17260
17262
17263
17265
17267
17269
17271
17273
17274
17276
17278
17280
17282
17284
17285
17287
17289
17291
17293
17295
17296
17298
17300
17302
17304
17306
17307
17309
17311
17313
17315
17317
17318
17320
17322
17324
17326
17328
17329
17331
17333
17335
17337
17339
17340
17342
17344
17346
17348
17350
17351
17353
17355
17357
17359
17361
17362
17364
17366
17368
17370
17372
17374
17375
17377
17379
17381
17383
17385
17387
17388
17390
17392
17394
17396
17398
17400
17401
17403
17405
17407
17409
17411
17412
17414
17416
17418
17420
17422
17424
17425
17427
17429
17431
17433
17435
17437
17438
17440
17442
17444
17446
17448
17450
17451
17453
17454
17456
17458
17459
17461
17462
17464
17466
17467
17469
17471
17472
17474
17475
17477
17479
17480
17482
17483
17485
17487
17488
17490
17492
17493
17495
17496
17498
17500
17501
17503
17505
17506
17508
17509
17511
17513
17514
17516
17517
17519
17521
17522
17524
17526
17527
17529
17530
17532
17534
17535
17537
17538
17540
17542
17543
17545
17547
17548
17550
17551
17553
17555
17556
17558
17560
17561
17563
17564
17566
17568
17570
17571
17573
17575
17576
17578
17580
17581
17583
17585
17586
17588
17590
17591
17593
17595
17596
17598
17599
17601
17603
17605
17606
17608
17610
17611
17613
17615
17616
17618
17620
17621
17623
17625
17626
17628
17630
17631
17633
17634
17636
17638
17640
17641
17643
17645
17646
17648
17650
17651
17653
17655
17656
17658
17660
17661
17663
17665
17666
17668
17670
17671
17673
17675
17676
17678
17680
17681
17683
17685
17686
17688
17690
17691
17693
17695
17696
17698
17700
17701
17703
17705
17706
17708
17710
17711
17713
17715
17716
17718
17720
17721
17723
17725
17726
17728
17730
17731
17733
17735
17736
17738
17740
17741
17743
17745
17746
17748
17750
17751
17753
17755
17756
17758
17759
17761
17763
17765
17766
17768
17770
17772
17774
17776
17778
17780
17782
17784
17786
17788
17790
17792
17794
17796
17798
17800
17802
17804
17806
17808
17810
17812
17814
17816
17818
17820
17822
17825
17827
17829
17831
17833
17835
17837
17839
17841
17843
17845
17847
17849
17851
17853
17855
17857
17859
17861
17863
17865
17867
17869
17871
17873
17875
17877
17880
17882
17884
17886
17888
17890
17892
17894
17896
17898
17900
17902
17904
17906
17908
17910
17912
17914
17916
17918
17920
17922
17924
17926
17928
17930
17932
17935
17937
17939
17941
17943
17945
17947
17949
17951
17953
17955
17957
17959
17961
17963
17965
17967
17969
17971
17973
17975
17977
17979
17981
17983
17985
17987
17990
17991
17993
17994
17996
17998
17999
18001
18003
18004
18006
18008
18009
18011
18012
18014
18016
18017
18019
18021
18022
18024
18026
18027
18029
18031
18032
18034
18035
18037
18039
18040
18042
18044
18045
18047
18049
18050
18052
18054
18055
18057
18058
18060
18062
18063
18065
18067
18068
18070
18072
18073
18075
18077
18078
18080
18081
18083
18085
18086
18088
18090
18091
18093
18095
18096
18098
18100
18101
18103
18105
18106
18108
18110
18111
18113
18115
18116
18118
18120
18122
18123
18125
18127
18128
18130
18132
18133
18135
18137
18138
18140
18142
18144
18145
18147
18149
18150
18152
18154
18155
18157
18159
18161
18162
18164
18166
18167
18169
18171
18172
18174
18176
18177
18179
18181
18183
18184
18186
18188
18189
18191
18193
18194
18196
18198
18200
18201
18203
18205
18206
18208
18210
18212
18213
18215
18217
18219
18220
18222
18224
18226
18227
18229
18231
18233
18234
18236
18238
18240
18241
18243
18245
18247
18248
18250
18252
18254
18255
18257
18259
18261
18262
18264
18266
18268
18269
18271
18273
18275
18276
18278
18280
18282
18283
18285
18287
18289
18290
18292
18294
18296
18297
18299
18301
18303
18304
18306
18308
18310
18311
18313
18314
18316
18317
18319
18320
18322
18324
18325
18327
18328
18330
18331
18333
18335
18336
18338
18339
18341
18342
18344
18345
18347
18349
18350
18352
18353
18355
18356
18358
18360
18361
18363
18364
18366
18367
18369
18370
18372
18374
18375
18377
18378
18380
18381
18383
18384
18386
18388
18389
18391
18392
18394
18395
18397
18399
18400
18402
18403
18405
18406
18408
18410
18411
18413
18415
18416
18418
18420
18422
18423
18425
18427
18429
18430
18432
18434
18436
18437
18439
18441
18443
18444
18446
18448
18450
18451
18453
18455
18457
18458
18460
18462
18464
18465
18467
18469
18471
18472
18474
18476
18478
18479
18481
18483
18485
18486
18488
18490
18492
18493
18495
18497
18499
18500
18502
18504
18506
18507
18509
18511
18513
18514
18516
18518
18520
18521
18523
18524
18526
18527
18529
18531
18532
18534
18535
18537
18539
18540
18542
18543
18545
18547
18548
18550
18551
18553
18555
18556
18558
18559
18561
18563
18564
18566
18567
18569
18571
18572
18574
18575
18577
18578
18580
18582
18583
18585
18586
18588
18590
18591
18593
18594
18596
18598
18599
18601
18602
18604
18606
18607
18609
18610
18612
18614
18615
18617
18618
18620
18622
18623
18625
18626
18628
18630
18631
18633
18635
18637
18639
18641
18642
18644
18646
18648
18650
18651
18653
18655
18657
18659
18661
18663
18664
18666
18668
18670
18672
18674
18675
18677
18679
18681
18683
18685
18686
18688
18690
18692
18694
18695
18697
18699
18701
18703
18705
18706
18708
18710
18712
18714
18716
18718
18719
18721
18723
18725
18727
18729
18730
18732
18734
18736
18738
18740
18741
18743
18745
18747
18749
18751
18753
18755
18757
18759
18761
18763
18765
18767
18768
18770
18772
18774
18776
18778
18780
18782
18784
18786
18788
18790
18792
18794
18795
18797
18799
18801
18803
18805
18807
18809
18811
18813
18815
18817
18819
18821
18822
18824
18826
18828
18830
18832
18834
18836
18838
18840
18842
18844
18846
18848
18850
18851
18853
18854
18856
18858
18859
18861
18863
18864
18866
18868
18869
18871
18872
18874
18876
18877
18879
18881
18882
18884
18886
18887
18889
18890
18892
18894
18895
18897
18899
18900
18902
18904
18905
18907
18909
18910
18912
18913
18915
18917
18918
18920
18922
18923
18925
18927
18928
18930
18931
18933
18935
18936
18938
18940
18941
18943
18945
18946
18948
18950
18952
18954
18956
18958
18960
18962
18964
18966
18968
18970
18972
18974
18976
18978
18980
18982
18984
18986
18988
18990
18992
18994
18996
18998
19000
19002
19005
19007
19009
19011
19013
19015
19017
19019
19021
19023
19025
19027
19029
19031
19033
19035
19037
19039
19041
19043
19045
19047
19049
19051
19053
19055
19057
19060
19061
19063
19064
19066
19068
19070
19071
19073
19075
19076
19078
19080
19081
19083
19085
19086
19088
19090
19091
19093
19095
19096
19098
19099
19101
19103
19105
19106
19108
19110
19111
19113
19115
19116
19118
19120
19121
19123
19125
19126
19128
19130
19131
19133
19134
19136
19138
19140
19141
19143
19145
19146
19148
19150
19151
19153
19155
19156
19158
19160
19161
19163
19165
19167
19169
19171
19173
19174
19176
19178
19180
19182
19184
19186
19187
19189
19191
19193
19195
19197
19199
19201
19202
19204
19206
19208
19210
19212
19214
19215
19217
19219
19221
19223
19225
19227
19228
19230
19232
19234
19236
19238
19240
19242
19243
19245
19247
19249
19251
19253
19255
19256
19258
19260
19262
19264
19266
19268
19270
19271
19273
19274
19276
19278
19279
19281
19282
19284
19286
19287
19289
19291
19292
19294
19295
19297
19299
19300
19302
19303
19305
19307
19308
19310
19312
19313
19315
19316
19318
19320
19321
19323
19325
19326
19328
19329
19331
19333
19334
19336
19337
19339
19341
19342
19344
19346
19347
19349
19350
19352
19354
19355
19357
19358
19360
19362
19363
19365
19367
19368
19370
19371
19373
19375
19376
19378
19380
19381
19383
19385
19387
19388
19390
19392
19394
19395
19397
19399
19401
19403
19404
19406
19408
19410
19411
19413
19415
19417
19419
19420
19422
19424
19426
19427
19429
19431
19433
19435
19436
19438
19440
19442
19443
19445
19447
19449
19450
19452
19454
19456
19458
19459
19461
19463
19465
19466
19468
19470
19472
19474
19475
19477
19479
19481
19482
19484
19486
19488
19490
19491
19493
19495
19496
19498
19500
19502
19503
19505
19507
19509
19510
19512
19514
19516
19517
19519
19521
19523
19524
19526
19528
19530
19531
19533
19535
19537
19538
19540
19542
19544
19545
19547
19549
19551
19552
19554
19556
19558
19559
19561
19563
19565
19566
19568
19570
19572
19573
19575
19577
19579
19580
19582
19584
19586
19587
19589
19591
19593
19594
19596
19598
19600
19601
19603
19605
19606
19608
19610
19611
19613
19615
19616
19618
19620
19622
19623
19625
19627
19628
19630
19632
19633
19635
19637
19638
19640
19642
19644
19645
19647
19649
19650
19652
19654
19655
19657
19659
19661
19662
19664
19666
19667
19669
19671
19672
19674
19676
19677
19679
19681
19683
19684
19686
19688
19689
19691
19693
19694
19696
19698
19700
19701
19703
19705
19706
19708
19710
19712
19713
19715
19717
19718
19720
19722
19724
19725
19727
19729
19730
19732
19734
19736
19737
19739
19741
19742
19744
19746
19748
19749
19751
19753
19755
19756
19758
19760
19761
19763
19765
19767
19768
19770
19772
19773
19775
19777
19779
19780
19782
19784
19785
19787
19789
19791
19792
19794
19796
19797
19799
19801
19803
19804
19806
19808
19810
19811
19813
19815
19817
19819
19821
19823
19825
19826
19828
19830
19832
19834
19836
19838
19840
19842
19843
19845
19847
19849
19851
19853
19855
19857
19859
19860
19862
19864
19866
19868
19870
19872
19874
19876
19877
19879
19881
19883
19885
19887
19889
19891
19893
19894
19896
19898
19900
19902
19904
19906
19908
19910
19911
19913
19915
19917
19919
19920
19922
19924
19926
19928
19929
19931
19933
19935
19937
19938
19940
19942
19944
19946
19947
19949
19951
19953
19955
19956
19958
19960
19962
19964
19965
19967
19969
19971
19973
19974
19976
19978
19980
19982
19983
19985
19987
19989
19991
19992
19994
19996
19998
20000
20001
20003
20005
20007
20009
20010
20012
20014
20016
20018
20020
20022
20024
20026
20028
20030
20032
20034
20035
20038
20040
20041
20044
20046
20048
20050
20052
20054
20056
20058
20060
20061
20064
20066
20067
20070
20072
20073
20076
20078
20080
20082
20084
20086
20088
20090
20092
20093
20096
20098
20099
20102
20104
20105
20108
20110
20112
20114
20116
20118
20119
20122
20124
20125
20128
20130
20131
20133
20134
20136
20137
20139
20140
20142
20143
20145
20146
20148
20149
20151
20152
20154
20155
20157
20159
20160
20162
20163
20165
20166
20168
20169
20171
20172
20174
20175
20177
20178
20180
20181
20183
20185
20186
20188
20189
20191
20192
20194
20195
20197
20198
20200
20201
20203
20204
20206
20207
20209
20210
20212
20214
20215
20217
20218
20220
20221
20223
20224
20226
20227
20229
20230
20232
20233
20235
20236
20238
20240
20242
20244
20246
20248
20250
20252
20254
20256
20258
20260
20262
20264
20266
20268
20270
20272
20274
20276
20278
20280
20282
20284
20286
20288
20290
20292
20295
20297
20299
20301
20303
20305
20307
20309
20311
20313
20315
20317
20319
20321
20323
20325
20327
20329
20331
20333
20335
20337
20339
20341
20343
20345
20347
20350
20351
20353
20354
20356
20357
20359
20361
20362
20364
20365
20367
20369
20370
20372
20373
20375
20376
20378
20380
20381
20383
20384
20386
20388
20389
20391
20392
20394
20396
20397
20399
20400
20402
20403
20405
20407
20408
20410
20411
20413
20415
20416
20418
20419
20421
20423
20424
20426
20427
20429
20430
20432
20434
20435
20437
20438
20440
20442
20443
20445
20446
20448
20450
20451
20453
20455
20457
20458
20460
20462
20464
20465
20467
20469
20471
20473
20474
20476
20478
20480
20481
20483
20485
20487
20489
20490
20492
20494
20496
20497
20499
20501
20503
20505
20506
20508
20510
20512
20513
20515
20517
20519
20520
20522
20524
20526
20528
20529
20531
20533
20535
20536
20538
20540
20542
20544
20545
20547
20549
20551
20552
20554
20556
20558
20560
20561
20563
20565
20566
20568
20570
20572
20573
20575
20577
20578
20580
20582
20584
20585
20587
20589
20591
20592
20594
20596
20597
20599
20601
20603
20604
20606
20608
20610
20611
20613
20615
20616
20618
20620
20622
20623
20625
20627
20628
20630
20632
20634
20635
20637
20639
20641
20642
20644
20646
20647
20649
20651
20653
20654
20656
20658
20660
20661
20663
20665
20667
20669
20671
20673
20675
20677
20679
20681
20683
20685
20687
20688
20690
20692
20694
20696
20698
20700
20702
20704
20706
20708
20710
20712
20714
20715
20717
20719
20721
20723
20725
20727
20729
20731
20733
20735
20737
20739
20741
20742
20744
20746
20748
20750
20752
20754
20756
20758
20760
20762
20764
20766
20768
20770
20772
20774
20776
20778
20780
20782
20784
20786
20788
20790
20792
20794
20796
20799
20801
20803
20805
20807
20809
20811
20813
20815
20817
20819
20821
20823
20826
20828
20830
20832
20834
20836
20838
20840
20842
20844
20846
20848
20850
20853
20855
20857
20859
20861
20863
20865
20867
20869
20871
20873
20875
20877
20880
20881
20883
20884
20886
20888
20889
20891
20893
20894
20896
20898
20899
20901
20902
20904
20906
20907
20909
20911
20912
20914
20916
20917
20919
20921
20922
20924
20925
20927
20929
20930
20932
20934
20935
20937
20939
20940
20942
20944
20945
20947
20948
20950
20952
20953
20955
20957
20958
20960
20962
20963
20965
20967
20968
20970
20971
20973
20975
20976
20978
20980
20981
20983
20985
20986
20988
20990
20991
20993
20994
20996
20998
20999
21001
21003
21004
21006
21008
21009
21011
21012
21014
21016
21017
21019
21021
21022
21024
21026
21027
21029
21031
21032
21034
21035
21037
21039
21040
21042
21044
21045
21047
21049
21050
21052
21054
21055
21057
21058
21060
21062
21063
21065
21067
21068
21070
21072
21073
21075
21077
21078
21080
21081
21083
21085
21086
21088
21090
21091
21093
21095
21096
21098
21100
21101
21103
21104
21106
21107
21109
21110
21112
21114
21115
21117
21118
21120
21121
21123
21125
21126
21128
21129
21131
21132
21134
21135
21137
21139
21140
21142
21143
21145
21146
21148
21150
21151
21153
21154
21156
21157
21159
21160
21162
21164
21165
21167
21168
21170
21171
21173
21175
21176
21178
21179
21181
21182
21184
21185
21187
21189
21190
21192
21193
21195
21196
21198
21200
21201
21203
21205
21207
21209
21211
21212
21214
21216
21218
21220
21221
21223
21225
21227
21229
21231
21233
21234
21236
21238
21240
21242
21244
21245
21247
21249
21251
21253
21255
21256
21258
21260
21262
21264
21266
21267
21269
21271
21273
21275
21276
21278
21280
21282
21284
21286
21288
21289
21291
21293
21295
21297
21299
21300
21302
21304
21306
21308
21310
21312
21314
21316
21318
21320
21322
21324
21326
21328
21330
21332
21335
21337
21339
21341
21343
21345
21347
21349
21351
21353
21355
21357
21360
21362
21364
21366
21368
21370
21372
21374
21376
21378
21380
21382
21384
21387
21389
21391
21393
21395
21397
21399
21401
21403
21405
21407
21410
21412
21414
21416
21418
21420
21422
21424
21426
21429
21431
21433
21435
21437
21439
21441
21443
21445
21448
21450
21452
21454
21456
21458
21460
21462
21465
21467
21469
21471
21473
21475
21477
21479
21481
21484
21486
21488
21490
21492
21494
21496
21498
21500
21503
21505
21507
21509
21511
21513
21515
21517
21520
21522
21524
21526
21528
21530
21532
21535
21537
21539
21541
21543
21545
21548
21550
21552
21554
21556
21558
21560
21563
21565
21567
21569
21571
21573
21576
21578
21580
21582
21584
21586
21589
21591
21593
21595
21597
21599
21601
21604
21606
21608
21610
21612
21614
21617
21619
21621
21623
21625
21627
21630
21632
21634
21636
21638
21641
21643
21645
21647
21649
21651
21654
21656
21658
21660
21663
21665
21667
21669
21671
21674
21676
21678
21680
21682
21685
21687
21689
21691
21693
21695
21698
21700
21702
21704
21706
21709
21711
21713
21715
21718
21720
21722
21724
21726
21729
21731
21733
21735
21737
21740
21741
21743
21745
21746
21748
21750
21752
21753
21755
21757
21759
21760
21762
21764
21766
21767
21769
21771
21773
21774
21776
21778
21780
21781
21783
21785
21787
21788
21790
21792
21794
21795
21797
21799
21801
21802
21804
21806
21808
21809
21811
21813
21815
21816
21818
21820
21822
21823
21825
21827
21829
21830
21832
21834
21836
21837
21839
21841
21843
21844
21846
21848
21850
21852
21854
21856
21858
21860
21862
21864
21866
21868
21870
21872
21874
21876
21878
21880
21882
21884
21886
21888
21890
21892
21894
21896
21898
21901
21903
21905
21907
21909
21911
21913
21915
21917
21919
21921
21923
21925
21927
21929
21931
21933
21935
21937
21939
21941
21943
21945
21947
21950
21951
21953
21955
21957
21959
21961
21962
21964
21966
21968
21970
21971
21973
21975
21977
21979
21981
21983
21984
21986
21988
21990
21992
21994
21995
21997
21999
22001
22003
22005
22006
22008
22010
22012
22014
22016
22017
22019
22021
22023
22025
22026
22028
22030
22032
22034
22036
22038
22039
22041
22043
22045
22047
22049
22050
22052
22054
22056
22058
22060
22061
22063
22065
22067
22069
22071
22073
22075
22076
22078
22080
22082
22084
22086
22088
22090
22092
22093
22095
22097
22099
22101
22103
22105
22107
22109
22110
22112
22114
22116
22118
22120
22122
22124
22126
22127
22129
22131
22133
22135
22137
22139
22141
22143
22144
22146
22148
22150
22152
22154
22156
22158
22160
22161
22163
22165
22167
22169
22170
22172
22174
22176
22178
22179
22181
22183
22185
22187
22188
22190
22192
22194
22196
22197
22199
22201
22203
22205
22206
22208
22210
22212
22214
22215
22217
22219
22221
22223
22224
22226
22228
22230
22232
22233
22235
22237
22239
22241
22242
22244
22246
22248
22250
22251
22253
22255
22257
22259
22260
22262
22264
22266
22268
22270
22272
22274
22276
22278
22280
22282
22284
22286
22289
22291
22293
22295
22297
22299
22301
22303
22305
22308
22310
22312
22314
22316
22318
22320
22322
22325
22327
22329
22331
22333
22335
22337
22339
22341
22344
22346
22348
22350
22352
22354
22356
22358
22360
22363
22365
22367
22369
22371
22373
22375
22377
22380
22381
22383
22384
22386
22387
22389
22391
22392
22394
22395
22397
22399
22400
22402
22403
22405
22407
22408
22410
22411
22413
22415
22416
22418
22419
22421
22423
22424
22426
22427
22429
22431
22432
22434
22435
22437
22438
22440
22442
22443
22445
22446
22448
22450
22451
22453
22454
22456
22458
22459
22461
22462
22464
22466
22467
22469
22470
22472
22474
22475
22477
22478
22480
22482
22483
22485
22486
22488
22490
22491
22493
22495
22497
22499
22500
22502
22504
22506
22508
22510
22512
22513
22515
22517
22519
22521
22523
22524
22526
22528
22530
22532
22534
22535
22537
22539
22541
22543
22545
22546
22548
22550
22552
22554
22556
22557
22559
22561
22563
22565
22567
22568
22570
22572
22574
22576
22578
22579
22581
22583
22585
22587
22589
22590
22592
22594
22596
22598
22600
22601
22603
22605
22607
22608
22610
22612
22614
22616
22617
22619
22621
22623
22625
22626
22628
22630
22632
22633
22635
22637
22639
22641
22642
22644
22646
22648
22650
22651
22653
22655
22657
22658
22660
22662
22664
22666
22667
22669
22671
22673
22675
22676
22678
22680
22682
22683
22685
22687
22689
22691
22692
22694
22696
22698
22700
22702
22704
22706
22708
22710
22712
22714
22716
22718
22720
22722
22724
22726
22729
22731
22733
22735
22737
22739
22741
22743
22745
22747
22749
22751
22753
22756
22758
22760
22762
22764
22766
22768
22770
22772
22774
22776
22778
22780
22783
22785
22787
22789
22791
22793
22795
22797
22799
22801
22803
22805
22807
22810
22811
22814
22816
22817
22820
22822
22823
22826
22828
22830
22832
22834
22836
22837
22840
22842
22843
22846
22848
22849
22852
22854
22855
22858
22860
22862
22864
22866
22868
22870
22872
22874
22876
22878
22880
22882
22884
22886
22887
22890
22892
22894
22896
22898
22900
22902
22904
22906
22908
22910
22911
22913
22915
22916
22918
22920
22921
22923
22925
22926
22928
22930
22931
22933
22935
22936
22938
22940
22941
22943
22945
22946
22948
22950
22951
22953
22955
22956
22958
22960
22961
22963
22965
22966
22968
22970
22971
22973
22975
22976
22978
22980
22981
22983
22985
22986
22988
22990
22991
22993
22995
22996
22998
23000
23001
23003
23005
23006
23008
23009
23011
23013
23015
23016
23018
23020
23021
23023
23025
23027
23029
23031
23032
23034
23036
23038
23040
23041
23043
23045
23047
23049
23051
23053
23054
23056
23058
23060
23062
23064
23065
23067
23069
23071
23073
23075
23076
23078
23080
23082
23084
23086
23087
23089
23091
23093
23095
23096
23098
23100
23102
23104
23106
23108
23109
23111
23113
23115
23117
23119
23120
23122
23124
23126
23128
23130
23131
23133
23135
23137
23139
23140
23142
23144
23146
23148
23149
23151
23153
23155
23157
23158
23160
23162
23164
23166
23167
23169
23171
23173
23175
23176
23178
23180
23182
23184
23185
23187
23189
23191
23193
23194
23196
23198
23200
23202
23203
23205
23207
23209
23211
23212
23214
23216
23218
23220
23221
23223
23225
23227
23229
23230
23232
23234
23236
23238
23240
23241
23243
23245
23247
23248
23250
23252
23254
23255
23257
23259
23261
23263
23264
23266
23268
23270
23271
23273
23275
23277
23279
23280
23282
23284
23286
23287
23289
23291
23293
23295
23296
23298
23300
23302
23303
23305
23307
23309
23310
23312
23314
23316
23318
23319
23321
23323
23325
23326
23328
23330
23332
23334
23335
23337
23339
23341
23342
23344
23346
23348
23350
23351
23353
23355
23356
23358
23360
23362
23363
23365
23367
23368
23370
23372
23374
23375
23377
23379
23381
23382
23384
23386
23387
23389
23391
23393
23394
23396
23398
23400
23401
23403
23405
23406
23408
23410
23412
23413
23415
23417
23418
23420
23422
23424
23425
23427
23429
23431
23432
23434
23436
23437
23439
23441
23443
23444
23446
23448
23450
23452
23454
23456
23458
23460
23462
23464
23465
23468
23470
23471
23474
23476
23477
23480
23482
23484
23486
23488
23490
23491
23494
23496
23497
23500
23502
23503
23506
23508
23509
23512
23514
23516
23518
23520
23522
23523
23526
23528
23529
23532
23534
23535
23538
23540
23541
23544
23546
23548
23549
23552
23554
23555
23558
23560
23562
23564
23566
23568
23570
23572
23574
23576
23578
23580
23582
23585
23587
23589
23591
23593
23595
23597
23599
23601
23603
23605
23607
23610
23612
23614
23616
23618
23620
23622
23624
23626
23628
23630
23632
23634
23637
23639
23641
23643
23645
23647
23649
23651
23653
23655
23657
23660
23661
23663
23665
23666
23668
23670
23672
23673
23675
23677
23678
23680
23682
23684
23685
23687
23689
23690
23692
23694
23696
23697
23699
23701
23702
23704
23706
23708
23709
23711
23713
23715
23716
23718
23720
23721
23723
23725
23727
23728
23730
23732
23733
23735
23737
23739
23740
23742
23744
23745
23747
23749
23751
23752
23754
23756
23757
23759
23761
23763
23764
23766
23768
23770
23771
23773
23775
23777
23778
23780
23782
23784
23785
23787
23789
23791
23793
23794
23796
23798
23800
23801
23803
23805
23807
23809
23810
23812
23814
23816
23817
23819
23821
23823
23825
23826
23828
23830
23832
23833
23835
23837
23839
23840
23842
23844
23846
23848
23849
23851
23853
23855
23856
23858
23860
23862
23864
23865
23867
23869
23871
23872
23874
23876
23878
23880
23881
23883
23885
23886
23888
23890
23892
23893
23895
23897
23898
23900
23902
23904
23905
23907
23909
23910
23912
23914
23916
23917
23919
23921
23922
23924
23926
23928
23929
23931
23933
23935
23936
23938
23940
23941
23943
23945
23947
23948
23950
23952
23953
23955
23957
23959
23960
23962
23964
23965
23967
23969
23971
23972
23974
23976
23977
23979
23981
23983
23984
23986
23988
23990
23991
23993
23995
23996
23998
24000
24002
24003
24005
24007
24009
24010
24012
24014
24016
24017
24019
24021
24023
24024
24026
24028
24030
24031
24033
24035
24037
24038
24040
24042
24044
24045
24047
24049
24051
24052
24054
24056
24058
24059
24061
24063
24065
24066
24068
24070
24072
24073
24075
24077
24079
24080
24082
24084
24086
24087
24089
24091
24093
24094
24096
24098
24100
24101
24103
24105
24107
24109
24111
24113
24115
24116
24118
24120
24122
24124
24126
24128
24130
24132
24133
24135
24137
24139
24141
24143
24145
24147
24149
24150
24152
24154
24156
24158
24160
24162
24164
24166
24167
24169
24171
24173
24175
24177
24179
24181
24183
24184
24186
24188
24190
24192
24194
24196
24198
24200
24201
24203
24205
24206
24208
24210
24211
24213
24215
24216
24218
24220
24221
24223
24224
24226
24228
24230
24231
24233
24235
24236
24238
24240
24241
24243
24244
24246
24248
24250
24251
24253
24255
24256
24258
24259
24261
24263
24265
24266
24268
24270
24271
24273
24275
24276
24278
24279
24281
24283
24285
24286
24288
24290
24291
24293
24294
24296
24298
24299
24301
24303
24305
24306
24308
24310
24311
24313
24315
24317
24319
24320
24322
24324
24326
24328
24330
24331
24333
24335
24337
24339
24340
24342
24344
24346
24348
24349
24351
24353
24355
24357
24359
24360
24362
24364
24366
24368
24370
24371
24373
24375
24377
24379
24380
24382
24384
24386
24388
24390
24391
24393
24395
24397
24399
24400
24402
24404
24406
24408
24410
24411
24413
24415
24417
24419
24421
24422
24424
24426
24428
24430
24432
24433
24435
24437
24439
24441
24443
24444
24446
24448
24450
24452
24454
24455
24457
24459
24461
24463
24465
24466
24468
24470
24472
24474
24476
24477
24479
24481
24483
24485
24487
24488
24490
24492
24494
24496
24498
24499
24501
24503
24505
24507
24509
24510
24512
24514
24516
24518
24520
24521
24523
24524
24526
24528
24529
24531
24533
24534
24536
24538
24539
24541
24542
24544
24546
24547
24549
24551
24552
24554
24556
24557
24559
24561
24562
24564
24565
24567
24569
24570
24572
24574
24575
24577
24579
24580
24582
24584
24585
24587
24588
24590
24592
24593
24595
24597
24598
24600
24602
24603
24605
24607
24608
24610
24611
24613
24615
24616
24618
24620
24621
24623
24625
24626
24628
24630
24631
24633
24634
24636
24637
24639
24640
24642
24643
24645
24647
24648
24650
24651
24653
24654
24656
24657
24659
24660
24662
24664
24665
24667
24668
24670
24671
24673
24674
24676
24678
24679
24681
24682
24684
24685
24687
24688
24690
24691
24693
24695
24696
24698
24699
24701
24702
24704
24705
24707
24709
24710
24712
24713
24715
24716
24718
24719
24721
24722
24724
24726
24727
24729
24730
24732
24733
24735
24736
24738
24740
24741
24743
24745
24747
24749
24750
24752
24754
24756
24758
24760
24762
24763
24765
24767
24769
24771
24773
24774
24776
24778
24780
24782
24784
24785
24787
24789
24791
24793
24795
24796
24798
24800
24802
24804
24806
24807
24809
24811
24813
24815
24817
24818
24820
24822
24824
24826
24828
24829
24831
24833
24835
24837
24839
24840
24842
24844
24846
24848
24850
24851
24853
24855
24857
24859
24861
24863
24865
24866
24868
24870
24872
24874
24876
24878
24880
24882
24883
24885
24887
24889
24891
24893
24895
24897
24899
24900
24902
24904
24906
24908
24910
24912
24914
24916
24917
24919
24921
24923
24925
24927
24929
24931
24933
24934
24936
24938
24940
24942
24944
24946
24948
24950
24951
24953
24954
24956
24957
24959
24961
24962
24964
24965
24967
24969
24970
24972
24973
24975
24977
24978
24980
24981
24983
24985
24986
24988
24989
24991
24993
24994
24996
24997
24999
25001
25002
25004
25005
25007
25008
25010
25012
25013
25015
25016
25018
25020
25021
25023
25024
25026
25028
25029
25031
25032
25034
25036
25037
25039
25040
25042
25044
25045
25047
25048
25050
25052
25053
25055
25056
25058
25060
25062
25064
25066
25068
25070
25072
25074
25076
25078
25080
25082
25085
25087
25089
25091
25093
25095
25097
25099
25101
25103
25105
25107
25110
25112
25114
25116
25118
25120
25122
25124
25126
25128
25130
25132
25134
25137
25139
25141
25143
25145
25147
25149
25151
25153
25155
25157
25160
25162
25164
25166
25168
25170
25172
25174
25176
25178
25180
25182
25184
25186
25189
25191
25193
25195
25197
25199
25201
25203
25205
25207
25209
25211
25213
25216
25218
25220
25222
25224
25226
25228
25230
25232
25234
25236
25238
25240
25243
25245
25247
25249
25251
25253
25255
25257
25259
25261
25263
25265
25267
25270
25272
25274
25276
25278
25280
25282
25284
25285
25288
25290
25291
25294
25296
25298
25300
25302
25304
25306
25308
25310
25311
25314
25316
25317
25320
25322
25323
25326
25328
25330
25332
25334
25336
25338
25340
25342
25343
25346
25348
25349
25352
25354
25355
25358
25360
25362
25364
25366
25368
25369
25372
25374
25375
25378
25380
25381
25383
25385
25387
25389
25391
25393
25395
25397
25399
25401
25403
25405
25407
25408
25410
25412
25414
25416
25418
25420
25422
25424
25426
25428
25430
25432
25434
25435
25437
25439
25441
25443
25445
25447
25449
25451
25453
25455
25457
25459
25461
25462
25464
25466
25468
25470
25472
25474
25476
25478
25480
25482
25484
25486
25488
25490
25491
25493
25495
25497
25499
25501
25503
25505
25507
25509
25511
25513
25515
25517
25519
25521
25523
25525
25527
25529
25531
25533
25535
25537
25539
25541
25543
25545
25546
25548
25550
25552
25554
25556
25558
25560
25562
25564
25566
25568
25570
25572
25574
25576
25578
25580
25582
25584
25586
25588
25590
25592
25594
25596
25598
25600
25601
25603
25605
25607
25608
25610
25612
25614
25615
25617
25619
25621
25622
25624
25626
25628
25629
25631
25633
25635
25636
25638
25640
25642
25643
25645
25647
25649
25650
25652
25654
25656
25657
25659
25661
25663
25664
25666
25668
25670
25671
25673
25675
25677
25678
25680
25682
25684
25685
25687
25689
25691
25692
25694
25696
25698
25700
25701
25703
25705
25707
25709
25710
25712
25714
25716
25718
25719
25721
25723
25725
25727
25728
25730
25732
25734
25736
25737
25739
25741
25743
25745
25746
25748
25750
25752
25754
25755
25757
25759
25761
25763
25764
25766
25768
25770
25772
25773
25775
25777
25779
25781
25782
25784
25786
25788
25790
25791
25793
25795
25797
25799
25800
25802
25804
25806
25808
25810
25811
25813
25814
25816
25818
25820
25821
25823
25825
25826
25828
25830
25831
25833
25835
25836
25838
25840
25841
25843
25845
25846
25848
25849
25851
25853
25855
25856
25858
25860
25861
25863
25865
25866
25868
25870
25871
25873
25875
25876
25878
25880
25881
25883
25884
25886
25888
25890
25891
25893
25895
25896
25898
25900
25901
25903
25905
25906
25908
25910
25911
25913
25915
25917
25919
25920
25922
25924
25926
25928
25929
25931
25933
25935
25937
25938
25940
25942
25944
25946
25947
25949
25951
25953
25955
25956
25958
25960
25962
25964
25965
25967
25969
25971
25973
25974
25976
25978
25980
25982
25983
25985
25987
25989
25991
25992
25994
25996
25998
26000
26001
26003
26005
26007
26009
26010
26012
26014
26016
26018
26020
26021
26023
26025
26026
26028
26030
26031
26033
26035
26036
26038
26040
26041
26043
26045
26047
26048
26050
26052
26053
26055
26057
26058
26060
26062
26064
26065
26067
26069
26070
26072
26074
26075
26077
26079
26080
26082
26084
26086
26087
26089
26091
26092
26094
26096
26097
26099
26101
26102
26104
26106
26108
26109
26111
26113
26114
26116
26118
26119
26121
26123
26124
26126
26128
26130
26131
26133
26135
26137
26139
26141
26143
26145
26147
26149
26151
26153
26155
26157
26158
26160
26162
26164
26166
26168
26170
26172
26174
26176
26178
26180
26182
26184
26185
26187
26189
26191
26193
26195
26197
26199
26201
26203
26205
26207
26209
26211
26212
26214
26216
26218
26220
26222
26224
26226
26228
26230
26232
26234
26236
26238
26240
26241
26243
26245
26247
26249
26251
26253
26254
26256
26258
26260
26262
26264
26266
26267
26269
26271
26273
26275
26277
26279
26281
26282
26284
26286
26288
26290
26292
26294
26295
26297
26299
26301
26303
26305
26307
26308
26310
26312
26314
26316
26318
26320
26322
26323
26325
26327
26329
26331
26333
26335
26336
26338
26340
26342
26344
26346
26348
26350
26351
26353
26355
26357
26359
26361
26363
26365
26367
26369
26371
26373
26375
26376
26378
26380
26382
26384
26386
26388
26390
26392
26394
26396
26398
26400
26401
26403
26405
26407
26409
26411
26413
26415
26417
26419
26421
26423
26425
26426
26428
26430
26432
26434
26436
26438
26440
26442
26444
26446
26448
26450
26451
26453
26455
26457
26458
26460
26462
26464
26465
26467
26469
26471
26473
26474
26476
26478
26480
26481
26483
26485
26487
26489
26490
26492
26494
26496
26497
26499
26501
26503
26505
26506
26508
26510
26512
26513
26515
26517
26519
26520
26522
26524
26526
26528
26529
26531
26533
26535
26536
26538
26540
26542
26544
26545
26547
26549
26551
26552
26554
26556
26558
26560
26561
26563
26565
26567
26569
26571
26573
26575
26576
26578
26580
26582
26584
26586
26588
26590
26592
26593
26595
26597
26599
26601
26603
26605
26607
26609
26610
26612
26614
26616
26618
26620
26622
26624
26626
26627
26629
26631
26633
26635
26637
26639
26641
26643
26644
26646
26648
26650
26652
26654
26656
26658
26660
26661
26663
26664
26666
26668
26669
26671
26673
26674
26676
26678
26679
26681
26682
26684
26686
26687
26689
26691
26692
26694
26696
26697
26699
26701
26702
26704
26705
26707
26709
26710
26712
26714
26715
26717
26719
26720
26722
26724
26725
26727
26728
26730
26732
26733
26735
26737
26738
26740
26742
26743
26745
26747
26748
26750
26751
26753
26755
26756
26758
26760
26761
26763
26765
26766
26768
26770
26771
26773
26775
26777
26779
26781
26783
26785
26787
26789
26791
26793
26795
26797
26798
26800
26802
26804
26806
26808
26810
26812
26814
26816
26818
26820
26822
26824
26825
26827
26829
26831
26833
26835
26837
26839
26841
26843
26845
26847
26849
26851
26852
26854
26856
26858
26860
26862
26864
26866
26868
26870
26872
26874
26876
26878
26880
26881
26883
26885
26887
26889
26891
26893
26895
26897
26898
26900
26902
26904
26906
26908
26910
26912
26914
26916
26917
26919
26921
26923
26925
26927
26929
26931
26933
26935
26936
26938
26940
26942
26944
26946
26948
26950
26952
26953
26955
26957
26959
26961
26963
26965
26967
26969
26971
26972
26974
26976
26978
26980
26982
26984
26986
26988
26990
26991
26993
26995
26997
26999
27001
27003
27005
27007
27009
27011
27013
27015
27017
27019
27021
27023
27025
27027
27029
27031
27033
27035
27037
27039
27041
27043
27045
27046
27048
27050
27052
27054
27056
27058
27060
27062
27064
27066
27068
27070
27072
27074
27076
27078
27080
27082
27084
27086
27088
27090
27092
27094
27096
27098
27100
27101
27103
27105
27107
27109
27111
27113
27115
27117
27119
27121
27123
27125
27126
27128
27130
27132
27134
27136
27138
27140
27142
27144
27146
27148
27150
27151
27153
27155
27157
27159
27161
27163
27165
27167
27169
27171
27173
27175
27176
27178
27180
27182
27184
27186
27188
27190
27192
27194
27196
27198
27200
27201
27203
27204
27206
27207
27209
27211
27212
27214
27215
27217
27219
27220
27222
27223
27225
27227
27228
27230
27231
27233
27235
27236
27238
27239
27241
27243
27244
27246
27247
27249
27251
27252
27254
27255
27257
27258
27260
27262
27263
27265
27266
27268
27270
27271
27273
27274
27276
27278
27279
27281
27282
27284
27286
27287
27289
27290
27292
27294
27295
27297
27298
27300
27302
27303
27305
27306
27308
27310
27311
27313
27315
27317
27319
27321
27323
27325
27326
27328
27330
27332
27334
27336
27338
27340
27342
27343
27345
27347
27349
27351
27353
27355
27357
27359
27360
27362
27364
27366
27368
27370
27372
27374
27376
27377
27379
27381
27383
27385
27387
27389
27391
27393
27394
27396
27398
27400
27402
27404
27406
27408
27410
27411
27413
27415
27417
27419
27421
27423
27424
27426
27428
27430
27432
27434
27436
27437
27439
27441
27443
27445
27447
27449
27451
27452
27454
27456
27458
27460
27462
27464
27465
27467
27469
27471
27473
27475
27477
27478
27480
27482
27484
27486
27488
27490
27492
27493
27495
27497
27499
27501
27503
27505
27506
27508
27510
27512
27514
27516
27518
27520
27521
27523
27525
27527
27529
27531
27533
27535
27537
27538
27540
27542
27544
27546
27548
27550
27552
27554
27556
27557
27559
27561
27563
27565
27567
27569
27571
27573
27575
27576
27578
27580
27582
27584
27586
27588
27590
27592
27593
27595
27597
27599
27601
27603
27605
27607
27609
27611
27612
27614
27616
27618
27620
27622
27624
27626
27628
27630
27631
27633
27635
27637
27639
27641
27643
27645
27647
27648
27650
27652
27654
27656
27658
27660
27662
27664
27666
27667
27669
27671
27673
27675
27677
27679
27681
27683
27685
27686
27688
27690
27692
27694
27696
27698
27700
27702
27703
27705
27707
27709
27711
27713
27715
27717
27719
27721
27722
27724
27726
27728
27730
27732
27734
27736
27738
27740
27741
27743
27745
27747
27749
27751
27753
27754
27756
27758
27760
27762
27764
27766
27767
27769
27771
27773
27775
27777
27779
27781
27782
27784
27786
27788
27790
27792
27794
27795
27797
27799
27801
27803
27805
27807
27808
27810
27812
27814
27816
27818
27820
27822
27823
27825
27827
27829
27831
27833
27835
27836
27838
27840
27842
27844
27846
27848
27850
27851
27853
27854
27856
27857
27859
27860
27862
27864
27865
27867
27868
27870
27871
27873
27875
27876
27878
27879
27881
27882
27884
27885
27887
27889
27890
27892
27893
27895
27896
27898
27900
27901
27903
27904
27906
27907
27909
27910
27912
27914
27915
27917
27918
27920
27921
27923
27925
27926
27928
27929
27931
27932
27934
27935
27937
27939
27940
27942
27943
27945
27946
27948
27950
27951
27953
27955
27957
27959
27961
27963
27964
27966
27968
27970
27972
27974
27976
27977
27979
27981
27983
27985
27987
27989
27991
27992
27994
27996
27998
28000
28002
28004
28005
28007
28009
28011
28013
28015
28017
28018
28020
28022
28024
28026
28028
28030
28032
28033
28035
28037
28039
28041
28043
28045
28046
28048
28050
28052
28054
28056
28058
28060
28061
28063
28065
28067
28069
28071
28073
28075
28076
28078
28080
28082
28084
28086
28088
28090
28092
28093
28095
28097
28099
28101
28103
28105
28107
28109
28110
28112
28114
28116
28118
28120
28122
28124
28126
28127
28129
28131
28133
28135
28137
28139
28141
28143
28144
28146
28148
28150
28152
28154
28156
28158
28160
28161
28163
28164
28166
28168
28169
28171
28172
28174
28176
28177
28179
28181
28182
28184
28185
28187
28189
28190
28192
28193
28195
28197
28198
28200
28202
28203
28205
28206
28208
28210
28211
28213
28215
28216
28218
28219
28221
28223
28224
28226
28227
28229
28231
28232
28234
28236
28237
28239
28240
28242
28244
28245
28247
28248
28250
28252
28253
28255
28257
28258
28260
28261
28263
28265
28266
28268
28270
28272
28274
28276
28278
28280
28282
28285
28287
28289
28291
28293
28295
28298
28300
28302
28304
28306
28308
28310
28313
28315
28317
28319
28321
28323
28326
28328
28330
28332
28334
28336
28339
28341
28343
28345
28347
28349
28351
28354
28356
28358
28360
28362
28364
28367
28369
28371
28373
28375
28377
28380
28381
28383
28385
28386
28388
28390
28392
28393
28395
28397
28399
28400
28402
28404
28406
28407
28409
28411
28413
28414
28416
28418
28420
28421
28423
28425
28427
28428
28430
28432
28434
28435
28437
28439
28441
28442
28444
28446
28448
28449
28451
28453
28455
28456
28458
28460
28462
28463
28465
28467
28469
28470
28472
28474
28476
28477
28479
28481
28483
28484
28486
28488
28490
28492
28494
28496
28498
28500
28502
28504
28506
28508
28510
28512
28514
28516
28519
28521
28523
28525
28527
28529
28531
28533
28535
28537
28539
28541
28543
28546
28548
28550
28552
28554
28556
28558
28560
28562
28564
28566
28568
28570
28573
28575
28577
28579
28581
28583
28585
28587
28589
28591
28593
28595
28597
28600
28601
28603
28604
28606
28608
28609
28611
28613
28614
28616
28618
28619
28621
28622
28624
28626
28627
28629
28631
28632
28634
28636
28637
28639
28640
28642
28644
28645
28647
28649
28650
28652
28654
28655
28657
28659
28660
28662
28663
28665
28667
28668
28670
28672
28673
28675
28677
28678
28680
28681
28683
28685
28686
28688
28690
28691
28693
28695
28696
28698
28700
28702
28704
28706
28708
28710
28712
28714
28716
28718
28720
28722
28724
28726
28729
28731
28733
28735
28737
28739
28741
28743
28745
28747
28749
28751
28753
28756
28758
28760
28762
28764
28766
28768
28770
28772
28774
28776
28778
28780
28783
28785
28787
28789
28791
28793
28795
28797
28799
28801
28803
28805
28807
28810
28811
28813
28815
28817
28818
28820
28822
28824
28826
28827
28829
28831
28833
28835
28836
28838
28840
28842
28843
28845
28847
28849
28851
28852
28854
28856
28858
28860
28861
28863
28865
28867
28868
28870
28872
28874
28876
28877
28879
28881
28883
28884
28886
28888
28890
28892
28893
28895
28897
28899
28901
28902
28904
28906
28908
28910
28911
28913
28915
28917
28919
28921
28923
28924
28926
28928
28930
28932
28934
28936
28937
28939
28941
28943
28945
28947
28949
28951
28952
28954
28956
28958
28960
28962
28964
28965
28967
28969
28971
28973
28975
28977
28978
28980
28982
28984
28986
28988
28990
28992
28993
28995
28997
28999
29001
29003
29005
29006
29008
29010
29012
29014
29016
29018
29020
29022
29024
29026
29028
29030
29032
29034
29035
29038
29040
29041
29044
29046
29048
29050
29052
29054
29056
29058
29060
29061
29064
29066
29067
29070
29072
29073
29076
29078
29080
29082
29084
29086
29088
29090
29092
29093
29096
29098
29099
29102
29104
29105
29108
29110
29112
29114
29116
29118
29119
29122
29124
29125
29128
29130
29131
29133
29135
29137
29139
29141
29142
29144
29146
29148
29150
29151
29153
29155
29157
29159
29161
29163
29164
29166
29168
29170
29172
29174
29175
29177
29179
29181
29183
29185
29186
29188
29190
29192
29194
29195
29197
29199
29201
29203
29205
29206
29208
29210
29212
29214
29216
29218
29219
29221
29223
29225
29227
29229
29230
29232
29234
29236
29238
29240
29242
29244
29246
29248
29250
29252
29254
29256
29259
29261
29263
29265
29267
29269
29271
29273
29275
29278
29280
29282
29284
29286
29288
29290
29292
29294
29297
29299
29301
29303
29305
29307
29309
29311
29314
29316
29318
29320
29322
29324
29326
29328
29330
29333
29335
29337
29339
29341
29343
29345
29347
29350
29351
29353
29355
29357
29358
29360
29362
29364
29365
29367
29369
29371
29372
29374
29376
29378
29379
29381
29383
29385
29386
29388
29390
29392
29393
29395
29397
29399
29400
29402
29404
29406
29407
29409
29411
29413
29414
29416
29418
29420
29421
29423
29425
29427
29428
29430
29432
29434
29435
29437
29439
29441
29442
29444
29446
29448
29450
29451
29453
29455
29457
29459
29461
29463
29465
29467
29468
29470
29472
29474
29476
29478
29480
29482
29484
29486
29487
29489
29491
29493
29495
29497
29499
29501
29503
29505
29506
29508
29510
29512
29514
29516
29518
29520
29522
29523
29525
29527
29529
29531
29533
29535
29537
29539
29541
29542
29544
29546
29548
29550
29552
29554
29556
29558
29560
29562
29564
29566
29568
29570
29573
29575
29577
29579
29581
29583
29586
29588
29590
29592
29594
29596
29599
29601
29603
29605
29607
29610
29612
29614
29616
29618
29620
29623
29625
29627
29629
29631
29633
29636
29638
29640
29642
29644
29646
29649
29651
29653
29655
29657
29660
29662
29664
29666
29668
29670
29672
29674
29676
29678
29680
29682
29684
29686
29689
29691
29693
29695
29697
29699
29701
29703
29705
29707
29709
29711
29713
29716
29718
29720
29722
29724
29726
29728
29730
29732
29734
29736
29738
29740
29743
29745
29747
29749
29751
29753
29755
29757
29759
29761
29763
29765
29767
29770
29772
29774
29776
29778
29780
29782
29784
29786
29789
29791
29793
29795
29797
29799
29801
29803
29805
29808
29810
29812
29814
29816
29818
29820
29822
29825
29827
29829
29831
29833
29835
29837
29839
29841
29844
29846
29848
29850
29852
29854
29856
29858
29860
29863
29865
29867
29869
29871
29873
29875
29877
29880
29881
29883
29885
29886
29888
29890
29891
29893
29895
29896
29898
29900
29901
29903
29905
29907
29908
29910
29912
29913
29915
29917
29918
29920
29922
29924
29925
29927
29929
29930
29932
29934
29935
29937
29939
29940
29942
29944
29945
29947
29949
29951
29952
29954
29956
29957
29959
29961
29962
29964
29966
29968
29969
29971
29973
29974
29976
29978
29979
29981
29983
29984
29986
29988
29990
