10
21
32
43
54
65
75
86
97
108
119
130
136
142
148
154
160
166
172
178
185
191
197
203
209
215
221
227
233
240
243
246
249
252
256
259
262
265
269
272
275
278
282
285
288
291
295
298
301
304
307
311
314
317
320
324
327
330
333
337
340
343
346
350
355
360
365
370
375
380
385
390
395
400
405
410
415
420
425
430
435
440
445
450
454
458
462
466
470
474
478
482
486
490
494
498
502
506
510
514
518
522
526
530
534
538
541
545
549
553
557
562
566
570
572
575
578
581
584
587
590
593
596
599
602
605
608
611
614
617
620
622
625
628
631
634
637
640
643
646
649
652
655
658
661
664
667
670
673
677
680
684
687
691
694
698
701
705
709
712
716
719
723
726
730
733
737
740
744
748
751
755
758
762
765
769
772
776
780
786
792
798
805
811
817
823
830
836
842
848
855
861
867
873
880
884
888
893
897
902
906
910
915
919
924
928
932
937
941
946
950
954
959
963
968
972
976
981
985
990
993
997
1001
1005
1009
1013
1017
1021
1025
1029
1033
1037
1041
1045
1048
1052
1056
1060
1064
1068
1072
1076
1080
1084
1088
1092
1096
1100
1103
1107
1110
1114
1117
1121
1125
1128
1132
1135
1139
1142
1146
1150
1153
1157
1160
1164
1167
1171
1175
1178
1182
1185
1189
1192
1196
1200
1205
1210
1214
1220
1225
1230
1234
1240
1245
1250
1255
1260
1265
1270
1275
1280
1285
1290
1295
1300
1305
1310
1313
1316
1319
1322
1326
1329
1332
1335
1339
1342
1345
1348
1351
1355
1358
1361
1364
1368
1371
1374
1377
1380
1384
1387
1390
1393
1397
1400
1403
1406
1410
1413
1417
1421
1425
1428
1432
1436
1440
1444
1447
1451
1455
1459
1463
1466
1470
1474
1478
1482
1485
1489
1493
1497
1501
1504
1508
1512
1516
1520
1523
1527
1531
1534
1538
1542
1545
1549
1553
1556
1560
1564
1567
1571
1575
1578
1582
1585
1589
1593
1597
1600
1604
1607
1611
1615
1619
1622
1626
1630
1636
1642
1648
1654
1660
1666
1672
1678
1685
1691
1697
1703
1709
1715
1721
1727
1733
1740
1745
1751
1757
1763
1768
1774
1780
1786
1792
1797
1803
1809
1815
1821
1826
1832
1838
1844
1850
1853
1856
1860
1863
1867
1870
1874
1877
1881
1884
1887
1891
1894
1898
1901
1905
1908
1912
1915
1918
1922
1925
1929
1932
1936
1939
1943
1946
1950
1956
1962
1968
1974
1980
1986
1992
1998
2005
2011
2017
2023
2029
2035
2041
2047
2053
2060
2065
2071
2076
2082
2087
2093
2098
2104
2110
2115
2121
2126
2132
2137
2143
2148
2154
2160
2165
2171
2177
2183
2188
2194
2200
2206
2212
2217
2223
2229
2235
2241
2246
2252
2258
2264
2270
2276
2283
2290
2297
2304
2311
2318
2325
2331
2338
2345
2352
2359
2366
2373
2380
2389
2398
2407
2416
2425
2435
2444
2453
2462
2471
2480
2490
2495
2501
2507
2513
2518
2524
2530
2536
2542
2547
2553
2559
2565
2571
2576
2582
2588
2594
2600
2604
2609
2613
2618
2622
2627
2631
2636
2640
2645
2650
2654
2659
2663
2668
2672
2677
2681
2686
2690
2695
2700
2704
2708
2713
2717
2722
2726
2730
2735
2739
2744
2748
2752
2757
2761
2766
2770
2774
2779
2783
2788
2792
2796
2801
2805
2810
2815
2821
2827
2833
2838
2844
2850
2856
2862
2867
2873
2879
2885
2891
2896
2902
2908
2914
2920
2923
2926
2929
2932
2936
2939
2942
2945
2949
2952
2955
2958
2962
2965
2968
2971
2974
2978
2981
2984
2987
2991
2994
2997
3000
3004
3007
3010
3013
3017
3020
3023
3026
3030
3034
3038
3043
3047
3051
3056
3060
3064
3069
3073
3077
3082
3086
3090
3095
3099
3103
3108
3112
3116
3121
3125
3130
3133
3136
3139
3142
3145
3148
3151
3154
3157
3160
3163
3166
3169
3172
3175
3178
3181
3185
3188
3191
3194
3197
3200
3203
3206
3209
3212
3215
3218
3221
3224
3227
3230
3233
3236
3240
3242
3245
3248
3251
3253
3256
3259
3262
3264
3267
3270
3273
3275
3278
3281
3284
3286
3289
3292
3295
3297
3300
3303
3306
3308
3311
3314
3317
3319
3322
3325
3328
3330
3333
3336
3339
3341
3344
3347
3350
3355
3360
3365
3371
3376
3381
3386
3392
3397
3402
3407
3413
3418
3423
3428
3434
3439
3444
3450
3452
3455
3457
3460
3462
3465
3467
3470
3473
3475
3478
3480
3483
3485
3488
3490
3493
3496
3498
3501
3503
3506
3508
3511
3513
3516
3519
3521
3524
3526
3529
3531
3534
3536
3539
3542
3544
3547
3549
3552
3554
3557
3560
3562
3565
3568
3571
3574
3577
3580
3583
3586
3589
3592
3595
3598
3601
3604
3607
3610
3612
3615
3618
3621
3624
3627
3630
3633
3636
3639
3642
3645
3648
3651
3654
3657
3660
3665
3670
3675
3680
3685
3690
3695
3700
3705
3710
3715
3720
3725
3730
3735
3740
3745
3750
3755
3760
3765
3770
3774
3779
3783
3788
3792
3797
3802
3806
3811
3815
3820
3825
3829
3834
3838
3843
3847
3852
3857
3861
3866
3870
3875
3880
3883
3886
3890
3893
3897
3900
3904
3907
3910
3914
3917
3921
3924
3928
3931
3935
3938
3941
3945
3948
3952
3955
3959
3962
3965
3969
3972
3976
3979
3983
3986
3990
3992
3995
3998
4001
4004
4007
4010
4013
4016
4019
4022
4025
4028
4031
4034
4037
4040
4043
4046
4049
4052
4055
4058
4061
4064
4067
4070
4073
4076
4079
4082
4085
4088
4091
4094
4097
4100
4103
4107
4111
4114
4118
4122
4125
4129
4133
4136
4140
4144
4147
4151
4154
4158
4162
4165
4169
4173
4177
4180
4184
4188
4191
4195
4199
4202
4206
4210
4212
4215
4217
4220
4222
4225
4227
4230
4232
4235
4237
4240
4242
4245
4247
4250
4252
4255
4257
4260
4262
4265
4267
4270
4272
4275
4277
4280
4282
4285
4287
4290
4292
4295
4297
4300
4302
4305
4307
4310
4312
4315
4317
4320
4323
4326
4329
4332
4335
4338
4341
4344
4347
4350
4353
4356
4359
4362
4365
4368
4371
4374
4377
4380
4383
4386
4389
4392
4395
4398
4401
4404
4407
4410
4413
4416
4420
4424
4428
4432
4436
4441
4445
4449
4453
4458
4462
4466
4470
4475
4479
4483
4487
4491
4496
4500
4504
4508
4513
4517
4521
4525
4530
4533
4536
4540
4543
4546
4550
4553
4556
4560
4563
4566
4570
4573
4576
4580
4583
4586
4590
4593
4596
4600
4603
4606
4610
4613
4616
4620
4623
4626
4630
4633
4636
4639
4642
4645
4648
4652
4655
4658
4661
4664
4667
4670
4674
4677
4680
4683
4686
4689
4692
4696
4699
4702
4705
4708
4711
4714
4718
4721
4724
4727
4730
4733
4736
4740
4742
4745
4748
4750
4753
4756
4759
4761
4764
4767
4770
4772
4775
4778
4780
4783
4786
4789
4791
4794
4797
4800
4802
4805
4808
4810
4813
4816
4819
4821
4824
4827
4830
4832
4835
4838
4840
4843
4846
4849
4851
4854
4857
4860
4862
4865
4868
4871
4873
4876
4879
4882
4885
4887
4890
4893
4896
4898
4901
4904
4907
4910
4912
4915
4918
4921
4923
4926
4929
4932
4935
4937
4940
4943
4946
4948
4951
4954
4957
4960
4962
4965
4968
4971
4974
4977
4980
4983
4986
4989
4992
4995
4998
5001
5004
5007
5010
5013
5016
5019
5022
5025
5028
5031
5034
5037
5040
5043
5046
5049
5052
5055
5058
5061
5064
5067
5070
5072
5075
5078
5080
5083
5086
5088
5091
5094
5097
5099
5102
5105
5107
5110
5113
5115
5118
5121
5124
5126
5129
5132
5134
5137
5140
5142
5145
5148
5151
5153
5156
5159
5161
5164
5167
5170
5172
5175
5178
5181
5184
5186
5189
5192
5195
5198
5201
5203
5206
5209
5212
5215
5217
5220
5223
5226
5229
5232
5234
5237
5240
5243
5246
5248
5251
5254
5257
5260
5263
5265
5268
5271
5274
5277
5280
5285
5290
5295
5301
5306
5311
5316
5322
5327
5332
5337
5343
5348
5353
5358
5364
5369
5374
5380
5383
5386
5389
5392
5395
5398
5401
5404
5407
5410
5413
5416
5419
5422
5425
5428
5431
5435
5438
5441
5444
5447
5450
5453
5456
5459
5462
5465
5468
5471
5474
5477
5480
5483
5486
5490
5493
5496
5500
5503
5506
5510
5513
5516
5520
5523
5526
5530
5533
5536
5540
5543
5546
5550
5553
5556
5560
5563
5566
5569
5573
5576
5580
5583
5586
5590
5593
5596
5600
5603
5606
5609
5612
5615
5618
5621
5624
5627
5630
5633
5636
5639
5642
5645
5648
5651
5654
5657
5660
5663
5666
5669
5672
5675
5678
5681
5684
5687
5690
5693
5696
5700
5703
5706
5709
5712
5715
5718
5721
5724
5727
5730
5733
5736
5739
5742
5745
5748
5751
5755
5758
5761
5764
5767
5770
5773
5776
5779
5782
5785
5788
5791
5794
5797
5800
5803
5806
5810
5812
5815
5818
5820
5823
5826
5828
5831
5834
5837
5839
5842
5845
5847
5850
5853
5855
5858
5861
5864
5866
5869
5872
5874
5877
5880
5882
5885
5888
5891
5893
5896
5899
5901
5904
5907
5910
5912
5915
5918
5921
5924
5927
5930
5933
5936
5939
5942
5945
5948
5951
5954
5957
5960
5963
5966
5969
5972
5975
5978
5981
5984
5987
5990
5993
5996
5999
6002
6005
6008
6011
6014
6017
6020
6022
6025
6028
6031
6034
6036
6039
6042
6045
6048
6051
6053
6056
6059
6062
6065
6067
6070
6073
6076
6079
6082
6084
6087
6090
6093
6096
6098
6101
6104
6107
6110
6113
6115
6118
6121
6124
6127
6130
6133
6137
6140
6144
6148
6151
6155
6159
6162
6166
6170
6173
6177
6180
6184
6188
6191
6195
6199
6202
6206
6210
6213
6217
6220
6224
6228
6231
6235
6239
6242
6246
6250
6252
6255
6258
6260
6263
6266
6268
6271
6274
6276
6279
6282
6284
6287
6290
6292
6295
6298
6300
6303
6306
6309
6311
6314
6317
6319
6322
6325
6327
6330
6333
6335
6338
6341
6343
6346
6349
6351
6354
6357
6360
6363
6366
6370
6373
6377
6380
6384
6387
6391
6394
6397
6401
6404
6408
6411
6415
6418
6422
6425
6428
6432
6435
6439
6442
6446
6449
6453
6456
6460
6462
6465
6468
6470
6473
6476
6478
6481
6484
6486
6489
6492
6494
6497
6500
6502
6505
6508
6510
6513
6516
6519
6521
6524
6527
6529
6532
6535
6537
6540
6543
6545
6548
6551
6553
6556
6559
6561
6564
6567
6570
6573
6576
6579
6582
6585
6588
6591
6595
6598
6601
6604
6607
6610
6613
6616
6620
6623
6626
6629
6632
6635
6638
6641
6645
6648
6651
6654
6657
6660
6663
6666
6670
6676
6683
6689
6696
6703
6710
6716
6723
6730
6736
6743
6750
6756
6763
6770
6776
6783
6790
6794
6799
6804
6809
6813
6818
6823
6828
6832
6837
6842
6847
6851
6856
6861
6866
6870
6875
6880
6885
6890
6896
6903
6910
6917
6924
6931
6938
6945
6951
6958
6965
6972
6979
6986
6993
7000
7006
7012
7019
7025
7032
7038
7045
7051
7058
7064
7071
7077
7084
7090
7097
7103
7110
7114
7119
7124
7129
7133
7138
7143
7148
7152
7157
7162
7167
7171
7176
7181
7186
7190
7195
7200
7205
7210
7215
7220
7225
7230
7235
7240
7245
7250
7255
7260
7265
7270
7275
7280
7285
7290
7295
7300
7305
7310
7315
7320
7324
7328
7333
7337
7341
7346
7350
7354
7359
7363
7367
7372
7376
7380
7385
7389
7393
7398
7402
7406
7411
7415
7420
7424
7428
7432
7436
7441
7445
7449
7453
7458
7462
7466
7470
7475
7479
7483
7487
7491
7496
7500
7504
7508
7513
7517
7521
7525
7530
7537
7544
7552
7559
7566
7574
7581
7588
7596
7603
7610
7617
7625
7632
7640
7646
7652
7658
7664
7670
7676
7682
7688
7695
7701
7707
7713
7719
7725
7731
7737
7743
7750
7754
7759
7764
7769
7774
7778
7783
7788
7793
7798
7802
7807
7812
7817
7822
7826
7831
7836
7841
7846
7850
7855
7860
7865
7870
7874
7878
7883
7887
7891
7896
7900
7904
7909
7913
7917
7922
7926
7930
7935
7939
7943
7948
7952
7956
7961
7965
7970
7974
7979
7983
7988
7992
7997
8002
8006
8011
8015
8020
8025
8029
8034
8038
8043
8047
8052
8057
8061
8066
8070
8075
8080
8083
8087
8091
8094
8098
8102
8105
8109
8113
8117
8120
8124
8128
8131
8135
8139
8142
8146
8150
8154
8157
8161
8165
8168
8172
8176
8180
8185
8190
8196
8202
8207
8213
8218
8224
8229
8235
8240
8245
8251
8257
8262
8267
8273
8279
8284
8290
8294
8298
8302
8306
8310
8314
8318
8322
8326
8330
8334
8338
8342
8347
8351
8355
8359
8363
8367
8371
8375
8379
8383
8387
8391
8395
8400
8411
8422
8433
8444
8455
8466
8477
8488
8499
8510
8514
8518
8522
8526
8531
8535
8539
8543
8548
8552
8556
8560
8565
8569
8573
8577
8581
8586
8590
8594
8598
8603
8607
8611
8615
8620
8623
8626
8630
8633
8637
8640
8644
8647
8651
8654
8657
8661
8664
8668
8671
8675
8678
8682
8685
8688
8692
8695
8699
8702
8706
8709
8713
8716
8720
8725
8731
8736
8742
8747
8753
8758
8764
8769
8775
8780
8786
8791
8797
8802
8808
8813
8819
8824
8830
8834
8839
8843
8848
8852
8857
8862
8866
8871
8875
8880
8885
8889
8894
8898
8903
8907
8912
8917
8921
8926
8930
8935
8940
8946
8952
8958
8964
8970
8976
8982
8988
8995
9001
9007
9013
9019
9025
9031
9037
9043
9050
9054
9058
9063
9067
9071
9076
9080
9084
9089
9093
9097
9102
9106
9110
9115
9119
9123
9128
9132
9136
9141
9145
9150
9157
9164
9172
9179
9186
9194
9201
9208
9216
9223
9230
9238
9245
9252
9260
9269
9278
9287
9296
9306
9315
9324
9333
9343
9352
9361
9370
9380
9383
9387
9390
9394
9397
9401
9404
9408
9411
9415
9419
9422
9426
9429
9433
9436
9440
9443
9447
9450
9454
9458
9461
9465
9468
9472
9475
9479
9482
9486
9490
9495
9501
9506
9512
9517
9523
9528
9534
9539
9545
9550
9556
9561
9567
9572
9578
9583
9589
9594
9600
9607
9615
9623
9630
9638
9646
9653
9661
9669
9676
9684
9692
9700
9705
9709
9715
9719
9725
9730
9735
9740
9745
9750
9754
9760
9765
9770
9775
9780
9785
9790
9795
9800
9805
9810
9817
9825
9833
9841
9849
9857
9865
9872
9880
9888
9896
9904
9912
9920
9923
9927
9931
9935
9939
9943
9947
9951
9955
9959
9963
9967
9971
9975
9978
9982
9986
9990
9994
9998
10002
10006
10010
10014
10018
10022
10026
10030
10034
10038
10043
10047
10051
10056
10060
10064
10069
10073
10077
10082
10086
10090
10095
10099
10103
10108
10112
10116
10121
10125
10130
10133
10137
10140
10144
10147
10151
10154
10158
10161
10165
10169
10172
10176
10179
10183
10186
10190
10193
10197
10200
10204
10208
10211
10215
10218
10222
10225
10229
10232
10236
10240
10243
10246
10249
10252
10255
10258
10261
10264
10267
10270
10273
10276
10279
10282
10285
10288
10291
10295
10298
10301
10304
10307
10310
10313
10316
10319
10322
10325
10328
10331
10334
10337
10340
10343
10346
10350
10353
10357
10360
10364
10367
10371
10375
10378
10382
10385
10389
10392
10396
10399
10403
10407
10410
10414
10417
10421
10424
10428
10432
10435
10439
10442
10446
10450
10453
10457
10460
10464
10468
10472
10475
10479
10483
10486
10490
10494
10497
10501
10504
10508
10512
10516
10519
10523
10527
10530
10534
10538
10541
10545
10549
10552
10556
10560
10564
10568
10572
10576
10580
10585
10589
10593
10597
10601
10605
10610
10614
10618
10622
10626
10630
10635
10639
10643
10647
10651
10655
10660
10664
10668
10672
10676
10681
10685
10689
10693
10698
10702
10706
10710
10715
10719
10723
10727
10731
10736
10740
10744
10748
10753
10757
10761
10765
10770
10775
10780
10786
10792
10797
10803
10808
10814
10819
10825
10830
10836
10841
10847
10852
10858
10863
10869
10874
10880
10883
10887
10891
10895
10898
10902
10906
10910
10914
10917
10921
10925
10929
10933
10936
10940
10944
10948
10952
10955
10959
10963
10967
10971
10974
10978
10982
10986
10990
10994
10998
11002
11006
11010
11014
11018
11022
11026
11030
11034
11038
11042
11047
11051
11055
11059
11063
11067
11071
11075
11079
11083
11087
11091
11095
11100
11104
11108
11113
11117
11121
11126
11130
11134
11139
11143
11147
11152
11156
11160
11165
11169
11173
11178
11182
11186
11191
11195
11200
11204
11208
11213
11217
11222
11226
11230
11235
11239
11244
11248
11252
11257
11261
11266
11270
11274
11279
11283
11288
11292
11296
11301
11305
11310
11315
11320
11325
11330
11335
11340
11345
11350
11355
11360
11365
11370
11375
11380
11385
11390
11395
11400
11405
11410
11417
11424
11432
11439
11446
11454
11461
11468
11476
11483
11490
11498
11505
11512
11520
11525
11530
11535
11540
11546
11551
11556
11561
11567
11572
11577
11582
11588
11593
11598
11603
11609
11614
11619
11624
11630
11634
11639
11643
11648
11652
11657
11662
11666
11671
11675
11680
11685
11689
11694
11698
11703
11707
11712
11717
11721
11726
11730
11735
11740
11744
11748
11752
11757
11761
11765
11770
11774
11778
11782
11787
11791
11795
11800
11804
11808
11812
11817
11821
11825
11830
11834
11838
11842
11847
11851
11855
11860
11868
11876
11885
11893
11901
11910
11918
11926
11935
11943
11951
11960
11964
11969
11973
11978
11982
11987
11992
11996
12001
12005
12010
12015
12019
12024
12028
12033
12037
12042
12047
12051
12056
12060
12065
12070
12075
12080
12085
12091
12096
12101
12106
12112
12117
12122
12127
12133
12138
12143
12148
12154
12159
12164
12170
12173
12176
12179
12182
12185
12188
12192
12195
12198
12201
12204
12207
12210
12214
12217
12220
12223
12226
12229
12232
12235
12239
12242
12245
12248
12251
12254
12258
12261
12264
12267
12270
12273
12276
12280
12283
12288
12292
12296
12299
12304
12308
12312
12316
12320
12324
12328
12332
12336
12340
12344
12348
12352
12356
12360
12364
12368
12372
12376
12380
12384
12388
12392
12396
12401
12405
12409
12413
12418
12422
12426
12430
12435
12439
12443
12447
12451
12456
12460
12464
12468
12473
12477
12481
12485
12490
12493
12497
12501
12505
12509
12513
12517
12521
12525
12529
12533
12537
12541
12545
12548
12552
12556
12560
12564
12568
12572
12576
12580
12584
12588
12592
12596
12600
12603
12607
12611
12615
12619
12623
12626
12630
12634
12638
12642
12646
12649
12653
12657
12661
12665
12669
12673
12676
12680
12684
12688
12692
12696
12700
12702
12705
12708
12711
12714
12717
12720
12723
12726
12729
12732
12735
12738
12741
12744
12747
12750
12753
12756
12759
12762
12765
12768
12771
12774
12777
12780
12783
12786
12789
12792
12795
12798
12801
12804
12807
12810
12812
12815
12817
12820
12822
12825
12827
12830
12832
12835
12837
12840
12842
12845
12847
12850
12852
12855
12857
12860
12862
12865
12867
12870
12872
12875
12877
12880
12882
12885
12887
12890
12892
12895
12897
12900
12902
12905
12907
12910
12912
12914
12917
12919
12921
12924
12926
12928
12931
12933
12935
12938
12940
12942
12945
12947
12949
12952
12954
12956
12959
12961
12963
12966
12968
12970
12973
12975
12977
12980
12982
12984
12987
12989
12991
12994
12996
12998
13001
13003
13005
13008
13010
13012
13015
13017
13020
13022
13024
13027
13029
13032
13034
13037
13039
13042
13044
13046
13049
13051
13054
13056
13059
13061
13064
13066
13068
13071
13073
13076
13078
13081
13083
13086
13088
13090
13093
13095
13098
13100
13103
13105
13108
13110
13112
13115
13117
13120
13122
13125
13127
13130
13132
13135
13138
13140
13143
13146
13148
13151
13154
13156
13159
13162
13164
13167
13170
13172
13175
13178
13180
13183
13186
13189
13191
13194
13197
13199
13202
13205
13207
13210
13213
13215
13218
13221
13223
13226
13229
13231
13234
13237
13240
13242
13244
13247
13249
13252
13254
13256
13259
13261
13264
13266
13268
13271
13273
13276
13278
13280
13283
13285
13288
13290
13292
13295
13297
13299
13302
13304
13307
13309
13312
13314
13316
13319
13321
13324
13326
13328
13331
13333
13336
13338
13340
13343
13345
13347
13350
13352
13355
13357
13360
13363
13366
13370
13373
13376
13379
13383
13386
13390
13393
13396
13400
13403
13406
13410
13413
13416
13420
13423
13426
13430
13433
13436
13440
13443
13446
13450
13453
13456
13460
13463
13466
13470
13472
13474
13476
13478
13481
13483
13485
13487
13490
13492
13494
13496
13498
13501
13503
13505
13507
13510
13512
13514
13516
13518
13521
13523
13525
13527
13530
13532
13534
13536
13538
13541
13543
13545
13547
13550
13552
13554
13556
13558
13561
13563
13565
13567
13570
13572
13574
13576
13578
13581
13583
13585
13587
13590
13592
13594
13596
13599
13601
13603
13605
13608
13610
13612
13615
13617
13619
13621
13624
13626
13628
13630
13633
13635
13637
13640
13642
13644
13646
13649
13651
13653
13655
13658
13660
13662
13665
13667
13669
13671
13674
13676
13678
13680
13683
13685
13687
13690
13692
13694
13697
13699
13702
13704
13707
13709
13712
13714
13716
13719
13721
13724
13726
13729
13731
13734
13736
13738
13741
13743
13746
13748
13751
13753
13756
13758
13760
13763
13765
13768
13770
13773
13775
13778
13780
13782
13785
13787
13790
13792
13795
13797
13800
13802
13805
13807
13810
13812
13815
13817
13820
13823
13825
13828
13830
13833
13835
13838
13841
13843
13846
13848
13851
13853
13856
13858
13861
13864
13866
13869
13871
13874
13876
13879
13882
13884
13887
13889
13892
13894
13897
13900
13902
13905
13908
13910
13913
13916
13918
13921
13924
13926
13929
13932
13934
13937
13940
13942
13945
13948
13950
13953
13956
13959
13961
13964
13967
13969
13972
13975
13977
13980
13983
13985
13988
13991
13993
13996
13999
14001
14004
14007
14010
14012
14015
14017
14020
14022
14025
14027
14030
14033
14035
14038
14040
14043
14045
14048
14050
14053
14056
14058
14061
14063
14066
14068
14071
14073
14076
14079
14081
14084
14086
14089
14091
14094
14096
14099
14102
14104
14107
14109
14112
14114
14117
14120
14122
14125
14127
14130
14133
14135
14138
14141
14143
14146
14148
14151
14154
14156
14159
14162
14164
14167
14170
14172
14175
14177
14180
14183
14185
14188
14191
14193
14196
14198
14201
14204
14206
14209
14212
14214
14217
14220
14224
14228
14232
14236
14241
14245
14249
14253
14258
14262
14266
14270
14275
14279
14283
14287
14291
14296
14300
14304
14308
14313
14317
14321
14325
14330
14335
14340
14345
14350
14355
14360
14365
14370
14375
14379
14385
14390
14395
14400
14405
14410
14415
14420
14424
14430
14433
14437
14441
14445
14449
14453
14457
14461
14465
14469
14473
14477
14481
14485
14488
14492
14496
14500
14504
14508
14512
14516
14520
14524
14528
14532
14536
14540
14542
14545
14548
14551
14554
14557
14560
14563
14566
14569
14572
14575
14578
14581
14584
14587
14590
14592
14595
14598
14601
14604
14607
14610
14613
14616
14619
14622
14625
14628
14631
14634
14637
14640
14642
14644
14646
14648
14651
14653
14655
14657
14660
14662
14664
14666
14669
14671
14673
14675
14678
14680
14682
14684
14687
14689
14691
14693
14696
14698
14700
14702
14705
14707
14709
14711
14714
14716
14718
14720
14723
14725
14727
14729
14732
14734
14736
14738
14741
14743
14745
14747
14750
14752
14755
14758
14760
14763
14766
14768
14771
14774
14776
14779
14782
14784
14787
14790
14792
14795
14798
14800
14803
14806
14809
14811
14814
14817
14819
14822
14825
14827
14830
14833
14835
14838
14841
14843
14846
14849
14851
14854
14857
14860
14863
14866
14869
14872
14875
14878
14881
14884
14887
14890
14893
14896
14899
14902
14905
14908
14911
14914
14917
14920
14923
14926
14929
14932
14935
14938
14941
14944
14947
14950
14953
14956
14960
14962
14965
14968
14971
14974
14977
14980
14983
14986
14989
14992
14995
14998
15001
15004
15007
15010
15013
15016
15019
15022
15025
15028
15031
15034
15037
15040
15043
15046
15049
15052
15055
15058
15061
15064
15067
15070
15072
15075
15077
15080
15082
15085
15087
15090
15092
15095
15097
15100
15102
15105
15107
15110
15112
15115
15117
15120
15122
15125
15127
15130
15132
15135
15137
15140
15142
15145
15147
15150
15152
15155
15157
15160
15162
15165
15167
15170
15172
15175
15177
15180
15182
15185
15187
15190
15193
15195
15198
15200
15203
15205
15208
15210
15213
15216
15218
15221
15223
15226
15228
15231
15233
15236
15239
15241
15244
15246
15249
15251
15254
15256
15259
15262
15264
15267
15269
15272
15274
15277
15280
15282
15284
15286
15289
15291
15293
15296
15298
15300
15303
15305
15307
15310
15312
15314
15317
15319
15321
15324
15326
15328
15331
15333
15335
15338
15340
15342
15345
15347
15349
15352
15354
15356
15359
15361
15363
15366
15368
15370
15373
15375
15377
15380
15383
15387
15390
15394
15397
15401
15404
15408
15411
15415
15419
15422
15426
15429
15433
15436
15440
15443
15447
15450
15454
15458
15461
15465
15468
15472
15475
15479
15482
15486
15490
15492
15495
15498
15501
15503
15506
15509
15512
15514
15517
15520
15523
15525
15528
15531
15534
15536
15539
15542
15545
15547
15550
15553
15556
15558
15561
15564
15567
15569
15572
15575
15578
15580
15583
15586
15589
15591
15594
15597
15600
15602
15605
15608
15611
15613
15616
15619
15622
15625
15627
15630
15633
15636
15638
15641
15644
15647
15649
15652
15655
15658
15661
15663
15666
15669
15672
15674
15677
15680
15683
15686
15688
15691
15694
15697
15700
15702
15705
15708
15711
15714
15717
15720
15723
15726
15729
15732
15735
15738
15741
15744
15747
15750
15753
15756
15759
15762
15765
15768
15771
15774
15777
15780
15783
15786
15789
15792
15795
15798
15801
15804
15807
15810
15812
15815
15817
15820
15822
15825
15827
15830
15832
15835
15837
15840
15842
15845
15847
15850
15852
15855
15857
15860
15862
15865
15867
15870
15872
15875
15877
15880
15882
15885
15887
15890
15892
15895
15897
15900
15902
15905
15907
15910
15915
15921
15927
15933
15938
15944
15950
15956
15962
15967
15973
15979
15985
15991
15996
16002
16008
16014
16020
16026
16032
16039
16045
16051
16058
16064
16070
16077
16083
16090
16096
16102
16109
16115
16121
16128
16134
16140
16147
16153
16160
16162
16165
16167
16170
16172
16175
16177
16180
16183
16185
16188
16190
16193
16195
16198
16200
16203
16206
16208
16211
16213
16216
16218
16221
16223
16226
16229
16231
16234
16236
16239
16241
16244
16246
16249
16252
16254
16257
16259
16262
16264
16267
16270
16272
16275
16278
16281
16284
16287
16290
16293
16296
16298
16301
16304
16307
16310
16313
16316
16319
16322
16325
16327
16330
16333
16336
16339
16342
16345
16348
16351
16353
16356
16359
16362
16365
16368
16371
16374
16377
16379
16382
16384
16387
16389
16392
16394
16397
16399
16401
16404
16406
16409
16411
16414
16416
16419
16421
16424
16426
16428
16431
16433
16436
16438
16441
16443
16445
16448
16450
16453
16455
16458
16460
16463
16465
16468
16470
16472
16475
16477
16480
16482
16485
16487
16490
16493
16497
16501
16505
16509
16513
16517
16521
16525
16529
16533
16537
16541
16545
16548
16552
16556
16560
16564
16568
16572
16576
16580
16584
16588
16592
16596
16600
16603
16607
16611
16615
16619
16623
16626
16630
16634
16638
16642
16646
16650
16653
16657
16661
16665
16669
16673
16676
16680
16684
16688
16692
16696
16700
16703
16706
16710
16713
16716
16720
16723
16726
16730
16733
16736
16740
16743
16746
16750
16753
16756
16759
16763
16766
16770
16773
16776
16779
16783
16786
16790
16793
16796
16799
16803
16806
16810
16812
16815
16817
16820
16823
16825
16828
16831
16833
16836
16838
16841
16844
16846
16849
16852
16854
16857
16860
16862
16865
16867
16870
16873
16875
16878
16881
16883
16886
16888
16891
16894
16896
16899
16902
16904
16907
16910
16913
16916
16919
16922
16926
16929
16932
16935
16939
16942
16945
16948
16952
16955
16958
16961
16965
16968
16971
16974
16977
16981
16984
16987
16990
16994
16997
17000
17003
17007
17010
17013
17016
17020
17022
17025
17027
17030
17032
17035
17037
17040
17042
17044
17047
17050
17052
17055
17057
17060
17062
17064
17067
17070
17072
17075
17077
17080
17082
17085
17087
17090
17092
17095
17097
17099
17102
17105
17107
17110
17112
17115
17117
17119
17122
17125
17127
17130
17133
17136
17140
17143
17146
17150
17153
17156
17160
17163
17166
17169
17173
17176
17180
17183
17186
17189
17193
17196
17200
17203
17206
17209
17213
17216
17220
17223
17226
17229
17233
17236
17240
17242
17245
17248
17250
17253
17256
17258
17261
17264
17266
17269
17272
17274
17277
17280
17282
17285
17288
17290
17293
17296
17299
17301
17304
17307
17309
17312
17315
17317
17320
17323
17325
17328
17331
17333
17336
17339
17341
17344
17347
17350
17354
17358
17362
17366
17370
17374
17378
17382
17386
17390
17394
17398
17402
17406
17410
17414
17418
17422
17426
17430
17434
17438
17442
17445
17450
17452
17454
17457
17459
17461
17464
17466
17469
17471
17473
17476
17478
17481
17483
17485
17488
17490
17493
17495
17497
17500
17502
17505
17507
17509
17512
17514
17516
17519
17521
17524
17526
17528
17531
17533
17536
17538
17540
17543
17545
17548
17550
17552
17555
17557
17560
17563
17566
17569
17572
17576
17579
17582
17585
17589
17592
17595
17598
17602
17605
17608
17611
17615
17618
17621
17624
17627
17631
17634
17637
17640
17644
17647
17650
17653
17657
17660
17663
17666
17670
17672
17674
17676
17678
17680
17682
17685
17687
17689
17691
17693
17695
17698
17700
17702
17704
17706
17708
17710
17713
17715
17717
17719
17721
17723
17726
17728
17730
17732
17734
17736
17739
17741
17743
17745
17747
17749
17751
17754
17756
17758
17760
17762
17764
17767
17769
17771
17773
17775
17777
17780
17782
17785
17788
17791
17794
17797
17800
17802
17805
17808
17811
17814
17817
17820
17822
17825
17828
17831
17834
17837
17840
17842
17845
17848
17851
17854
17857
17860
17862
17865
17868
17871
17874
17877
17880
17882
17885
17888
17891
17894
17897
17900
17903
17906
17909
17912
17915
17918
17920
17923
17926
17929
17932
17935
17938
17941
17944
17947
17950
17953
17956
17959
17961
17964
17967
17970
17973
17976
17979
17982
17985
17988
17991
17994
17997
18000
18002
18004
18007
18009
18011
18014
18016
18019
18021
18023
18026
18028
18031
18033
18035
18038
18040
18043
18045
18047
18050
18052
18055
18057
18059
18062
18064
18066
18069
18071
18074
18076
18078
18081
18083
18086
18088
18090
18093
18095
18098
18100
18102
18105
18107
18110
18113
18116
18119
18122
18126
18129
18132
18135
18139
18142
18145
18148
18151
18155
18158
18161
18164
18168
18171
18174
18177
18180
18184
18187
18190
18193
18197
18200
18203
18206
18210
18213
18216
18219
18222
18225
18228
18231
18234
18237
18240
18243
18246
18249
18252
18255
18258
18261
18265
18268
18271
18274
18277
18280
18283
18286
18289
18292
18295
18298
18301
18304
18307
18310
18313
18316
18320
18322
18325
18327
18330
18332
18335
18337
18340
18342
18345
18347
18350
18352
18355
18357
18360
18362
18365
18367
18370
18372
18375
18377
18380
18382
18385
18387
18390
18392
18395
18397
18400
18402
18405
18407
18410
18412
18415
18417
18420
18423
18426
18429
18432
18435
18438
18441
18444
18447
18450
18453
18456
18459
18462
18465
18468
18471
18475
18478
18481
18484
18487
18490
18493
18496
18499
18502
18505
18508
18511
18514
18517
18520
18523
18526
18530
18533
18537
18540
18544
18547
18551
18555
18558
18562
18565
18569
18572
18576
18580
18583
18587
18590
18594
18597
18601
18605
18608
18612
18615
18619
18622
18626
18630
18633
18636
18639
18642
18645
18648
18651
18654
18657
18660
18663
18666
18669
18672
18675
18678
18681
18684
18687
18689
18692
18695
18698
18702
18705
18708
18711
18714
18717
18720
18723
18726
18729
18732
18735
18738
18741
18744
18747
18750
18755
18760
18766
18771
18777
18782
18787
18793
18798
18804
18809
18814
18820
18825
18831
18836
18842
18847
18852
18858
18863
18869
18874
18880
18888
18897
18905
18914
18922
18931
18939
18948
18957
18965
18974
18982
18991
19000
19003
19006
19009
19012
19015
19018
19022
19025
19028
19031
19034
19037
19040
19044
19047
19050
19053
19056
19059
19062
19066
19069
19072
19075
19078
19081
19084
19088
19091
19094
19097
19100
19103
19106
19110
19112
19115
19118
19121
19124
19127
19130
19133
19136
19139
19142
19145
19148
19151
19154
19157
19160
19162
19165
19168
19171
19174
19177
19180
19183
19186
19189
19192
19195
19198
19201
19204
19207
19210
19212
19215
19218
19221
19224
19226
19229
19232
19235
19238
19241
19243
19246
19249
19252
19255
19257
19260
19263
19266
19269
19272
19274
19277
19280
19283
19286
19288
19291
19294
19297
19300
19303
19305
19308
19311
19314
19317
19320
19322
19325
19328
19330
19333
19336
19338
19341
19344
19347
19349
19352
19355
19357
19360
19363
19365
19368
19371
19374
19376
19379
19382
19384
19387
19390
19392
19395
19398
19401
19403
19406
19409
19411
19414
19417
19420
19422
19424
19427
19429
19431
19434
19436
19439
19441
19443
19446
19448
19451
19453
19455
19458
19460
19463
19465
19467
19470
19472
19475
19477
19479
19482
19484
19486
19489
19491
19494
19496
19498
19501
19503
19506
19508
19510
19513
19515
19518
19520
19522
19525
19527
19530
19533
19536
19540
19543
19547
19550
19554
19557
19561
19564
19567
19571
19574
19578
19581
19585
19588
19592
19595
19598
19602
19605
19609
19612
19616
19619
19623
19626
19630
19632
19635
19638
19641
19644
19647
19650
19653
19656
19658
19661
19664
19667
19670
19673
19676
19679
19682
19685
19687
19690
19693
19696
19699
19702
19705
19708
19711
19713
19716
19719
19722
19725
19728
19731
19734
19737
19740
19744
19748
19753
19757
19762
19766
19770
19775
19779
19784
19788
19792
19797
19801
19806
19810
19814
19819
19823
19828
19832
19836
19841
19845
19850
19854
19859
19864
19869
19873
19878
19883
19888
19892
19897
19902
19907
19911
19916
19921
19926
19930
19935
19940
19945
19950
19956
19963
19970
19977
19984
19991
19998
20005
20011
20018
20025
20032
20039
20046
20053
20060
20066
20072
20078
20085
20091
20097
20103
20110
20116
20122
20128
20134
20141
20147
20153
20160
20165
20171
20177
20183
20188
20194
20200
20206
20212
20217
20223
20229
20235
20241
20246
20252
20258
20264
20270
20273
20276
20279
20282
20285
20288
20291
20295
20298
20301
20304
20307
20310
20314
20317
20320
20323
20326
20329
20332
20336
20339
20342
20345
20348
20351
20354
20358
20361
20364
20367
20370
20373
20376
20380
20383
20387
20391
20395
20399
20403
20407
20411
20415
20419
20423
20427
20431
20435
20438
20442
20446
20450
20454
20458
20462
20466
20470
20474
20478
20482
20486
20490
20494
20499
20503
20508
20512
20517
20522
20526
20531
20535
20540
20545
20549
20554
20558
20563
20567
20572
20577
20581
20586
20590
20595
20600
20604
20608
20612
20616
20620
20624
20628
20632
20636
20640
20644
20648
20652
20656
20660
20664
20668
20672
20676
20680
20684
20688
20692
20695
20700
20702
20705
20707
20710
20712
20715
20717
20720
20722
20724
20727
20730
20732
20735
20737
20740
20742
20744
20747
20750
20752
20755
20757
20759
20762
20765
20767
20770
20772
20775
20777
20779
20782
20785
20787
20790
20792
20794
20797
20799
20802
20805
20807
20810
20812
20815
20818
20821
20824
20827
20830
20833
20836
20839
20842
20845
20848
20851
20854
20857
20860
20862
20865
20868
20871
20874
20877
20880
20883
20886
20889
20892
20895
20898
20901
20904
20907
20910
20912
20915
20918
20921
20924
20927
20930
20933
20936
20939
20942
20945
20948
20951
20954
20957
20960
20963
20966
20969
20972
20975
20978
20981
20984
20987
20990
20993
20996
20999
21002
21005
21008
21011
21014
21017
21020
21024
21029
21033
21038
21042
21047
21052
21056
21061
21065
21070
21075
21079
21084
21088
21093
21097
21102
21107
21111
21116
21120
21125
21130
21132
21135
21138
21141
21144
21147
21150
21153
21156
21158
21161
21164
21167
21170
21173
21176
21179
21182
21185
21187
21190
21193
21196
21199
21202
21205
21208
21211
21213
21216
21219
21222
21225
21228
21231
21234
21237
21240
21243
21246
21249
21252
21255
21258
21262
21265
21268
21271
21274
21277
21280
21284
21287
21290
21293
21296
21299
21302
21306
21309
21312
21315
21318
21321
21324
21328
21331
21334
21337
21340
21343
21346
21350
21353
21356
21360
21363
21367
21370
21374
21377
21381
21384
21387
21391
21394
21398
21401
21405
21408
21412
21415
21418
21422
21425
21429
21432
21436
21439
21443
21446
21450
21453
21456
21459
21462
21465
21468
21471
21475
21478
21481
21484
21487
21490
21494
21497
21500
21503
21506
21509
21512
21516
21519
21522
21525
21528
21531
21534
21538
21541
21544
21547
21550
21553
21556
21560
21564
21570
21575
21580
21585
21590
21595
21599
21605
21610
21615
21620
21625
21630
21634
21640
21645
21650
21655
21660
21663
21667
21671
21675
21679
21683
21687
21691
21695
21699
21703
21707
21711
21715
21718
21722
21726
21730
21734
21738
21742
21746
21750
21754
21758
21762
21766
21770
21772
21775
21778
21781
21784
21787
21790
21793
21796
21798
21801
21804
21807
21810
21813
21816
21819
21822
21825
21827
21830
21833
21836
21839
21842
21845
21848
21851
21853
21856
21859
21862
21865
21868
21871
21874
21877
21880
21884
21888
21893
21897
21901
21906
21910
21915
21919
21924
21928
21932
21937
21941
21945
21950
21954
21959
21963
21968
21972
21976
21981
21985
21990
21998
22006
22015
22023
22032
22040
22049
22057
22066
22074
22083
22091
22100
22107
22114
22121
22128
22135
22142
22150
22157
22164
22171
22178
22185
22192
22200
22203
22207
22211
22215
22219
22223
22227
22231
22235
22239
22243
22247
22251
22255
22258
22262
22266
22270
22274
22278
22282
22286
22290
22294
22298
22302
22306
22310
22319
22328
22337
22346
22355
22364
22373
22382
22391
22400
22410
22420
22430
22440
22450
22460
22470
22480
22490
22500
22509
22520
22526
22533
22540
22547
22554
22561
22568
22575
22581
22588
22595
22602
22609
22616
22623
22630
22637
22646
22654
22662
22669
22678
22686
22694
22702
22710
22718
22726
22734
22742
22750
22757
22765
22773
22781
22789
22797
22805
22812
22820
22828
22836
22844
22852
22860
22866
22872
22878
22884
22891
22897
22903
22910
22916
22922
22928
22935
22941
22947
22953
22960
22968
22976
22985
22993
23002
23010
23019
23027
23036
23044
23053
23061
23070
23075
23081
23086
23092
23097
23103
23108
23114
23120
23125
23131
23136
23142
23147
23153
23158
23164
23170
23173
23177
23181
23185
23189
23193
23197
23201
23205
23209
23213
23217
23221
23225
23228
23232
23236
23240
23244
23248
23252
23256
23260
23264
23268
23272
23276
23280
23285
23290
23295
23301
23306
23311
23316
23322
23327
23332
23337
23343
23348
23353
23358
23364
23369
23374
23380
23385
23390
23396
23401
23407
23412
23418
23423
23429
23434
23439
23445
23450
23456
23461
23467
23472
23478
23483
23489
23494
23500
23503
23507
23510
23514
23517
23521
23524
23528
23531
23535
23539
23542
23546
23549
23553
23556
23560
23563
23567
23570
23574
23578
23581
23585
23588
23592
23595
23599
23602
23606
23610
23615
23621
23627
23633
23639
23645
23651
23657
23662
23668
23674
23680
23686
23692
23698
23704
23710
23714
23718
23722
23726
23730
23734
23738
23742
23746
23750
23754
23758
23762
23767
23771
23775
23779
23783
23787
23791
23795
23799
23803
23807
23811
23815
23820
23825
23830
23835
23841
23846
23851
23856
23862
23867
23872
23877
23883
23888
23893
23898
23904
23909
23914
23920
23923
23927
23931
23935
23938
23942
23946
23950
23954
23957
23961
23965
23969
23973
23976
23980
23984
23988
23992
23995
23999
24003
24007
24011
24014
24018
24022
24026
24030
24035
24041
24047
24052
24058
24064
24070
24075
24081
24087
24092
24098
24104
24110
24115
24121
24127
24132
24138
24144
24150
24157
24165
24172
24180
24187
24195
24202
24210
24217
24224
24232
24240
24247
24255
24262
24270
24276
24282
24288
24294
24300
24306
24312
24318
24325
24331
24337
24343
24349
24355
24361
24367
24373
24380
24386
24392
24399
24405
24412
24418
24425
24431
24438
24444
24451
24457
24464
24470
24477
24483
24490
24495
24500
24505
24510
24516
24521
24526
24531
24537
24542
24547
24552
24558
24563
24568
24573
24579
24584
24589
24594
24600
24604
24609
24614
24619
24623
24628
24633
24638
24642
24647
24652
24657
24661
24666
24671
24676
24680
24685
24690
24695
24700
24703
24706
24710
24713
24717
24720
24724
24727
24730
24734
24737
24741
24744
24748
24751
24755
24758
24761
24765
24768
24772
24775
24779
24782
24785
24789
24792
24796
24799
24803
24806
24810
24812
24815
24818
24821
24824
24827
24830
24832
24835
24838
24841
24844
24847
24849
24852
24855
24858
24861
24864
24867
24870
24872
24875
24878
24881
24884
24887
24890
24892
24895
24898
24901
24904
24907
24910
24913
24917
24921
24924
24928
24932
24935
24939
24943
24946
24950
24954
24957
24961
24965
24968
24972
24976
24979
24983
24987
24990
24994
24998
25001
25005
25009
25012
25016
25020
25022
25025
25027
25030
25032
25035
25037
25040
25043
25045
25048
25050
25053
25055
25058
25060
25063
25066
25068
25071
25073
25076
25078
25081
25083
25086
25089
25091
25094
25096
25099
25101
25104
25106
25109
25112
25114
25117
25119
25122
25124
25127
25130
25133
25136
25140
25143
25146
25150
25153
25156
25160
25163
25166
25169
25173
25176
25180
25183
25186
25189
25193
25196
25200
25203
25206
25210
25213
25216
25220
25223
25226
25230
25233
25236
25240
25243
25246
25250
25253
25257
25260
25264
25267
25271
25274
25278
25281
25285
25289
25292
25296
25299
25303
25306
25310
25313
25317
25320
25324
25328
25331
25335
25338
25342
25345
25349
25352
25356
25360
25363
25366
25369
25372
25375
25378
25381
25384
25388
25391
25394
25397
25400
25403
25406
25410
25413
25416
25419
25422
25425
25428
25431
25435
25438
25441
25444
25447
25450
25453
25456
25460
25462
25465
25468
25470
25473
25476
25478
25481
25484
25486
25489
25492
25494
25497
25500
25502
25505
25508
25510
25513
25516
25519
25521
25524
25527
25529
25532
25535
25537
25540
25543
25545
25548
25551
25553
25556
25559
25561
25564
25567
25570
25573
25576
25579
25582
25585
25588
25591
25595
25598
25601
25604
25607
25610
25613
25616
25620
25623
25626
25629
25632
25635
25638
25641
25645
25648
25651
25654
25657
25660
25663
25666
25670
25672
25675
25677
25680
25682
25685
25687
25690
25692
25695
25697
25700
25702
25705
25707
25710
25712
25715
25717
25720
25722
25725
25727
25730
25732
25735
25737
25740
25742
25745
25747
25750
25752
25755
25757
25760
25762
25765
25767
25770
25772
25775
25777
25780
25785
25790
25795
25801
25806
25811
25816
25822
25827
25832
25837
25843
25848
25853
25858
25864
25869
25874
25880
25885
25891
25896
25901
25907
25913
25918
25924
25929
25935
25940
25945
25951
25956
25962
25968
25973
25979
25984
25990
25996
26002
26009
26015
26022
26028
26035
26041
26048
26054
26061
26067
26074
26080
26087
26093
26100
26107
26114
26121
26128
26135
26142
26150
26157
26164
26171
26178
26185
26192
26200
26204
26209
26213
26218
26222
26227
26232
26236
26241
26245
26250
26255
26259
26264
26268
26273
26277
26282
26287
26291
26296
26300
26305
26310
26312
26315
26318
26321
26324
26327
26330
26332
26335
26338
26341
26344
26347
26349
26352
26355
26358
26361
26364
26367
26370
26372
26375
26378
26381
26384
26387
26390
26392
26395
26398
26401
26404
26407
26410
26414
26418
26423
26427
26432
26436
26440
26445
26449
26454
26458
26462
26467
26471
26476
26480
26484
26489
26493
26498
26502
26506
26511
26515
26520
26523
26527
26531
26535
26538
26542
26546
26550
26554
26557
26561
26565
26569
26573
26576
26580
26584
26588
26592
26595
26599
26603
26607
26611
26614
26618
26622
26626
26630
26635
26641
26646
26651
26657
26663
26668
26674
26679
26685
26690
26695
26701
26706
26712
26718
26723
26729
26734
26740
26745
26750
26755
26760
26766
26771
26776
26781
26787
26792
26797
26802
26808
26813
26818
26823
26829
26834
26839
26844
26850
26855
26861
26866
26872
26877
26883
26888
26894
26900
26905
26911
26916
26922
26927
26933
26938
26944
26950
26954
26958
26963
26967
26971
26976
26980
26985
26989
26994
26998
27002
27007
27011
27016
27020
27024
27029
27033
27038
27042
27046
27051
27055
27060
27065
27071
27076
27082
27087
27093
27098
27104
27110
27115
27121
27126
27132
27137
27143
27148
27154
27160
27165
27171
27177
27183
27188
27194
27200
27206
27212
27217
27223
27229
27235
27241
27246
27252
27258
27264
27270
27275
27280
27285
27290
27294
27300
27305
27310
27314
27320
27325
27330
27335
27340
27345
27349
27355
27360
27365
27369
27375
27380
27384
27390
27395
27400
27404
27410
27415
27419
27424
27430
27435
27439
27445
27450
27455
27459
27465
27470
27474
27479
27485
27490
27495
27501
27506
27512
27518
27523
27529
27535
27540
27546
27552
27557
27563
27569
27574
27580
27586
27591
27597
27603
27608
27614
27620
27625
27630
27635
27640
27645
27650
27655
27660
27665
27670
27675
27680
27685
27689
27695
27700
27705
27710
27715
27720
27724
27728
27733
27737
27741
27746
27750
27755
27759
27764
27768
27772
27777
27781
27785
27790
27794
27799
27803
27808
27812
27816
27821
27825
27830
27836
27843
27849
27856
27863
27869
27876
27883
27890
27896
27903
27910
27916
27923
27930
27940
27950
27960
27970
27980
27990
28000
28009
28020
28029
28040
28044
28050
28055
28060
28064
28070
28075
28080
28085
28090
28095
28100
28105
28110
28115
28120
28125
28130
28135
28140
28145
28150
28155
28160
28166
28171
28176
28181
28187
28192
28197
28202
28208
28213
28218
28223
28229
28234
28239
28244
28250
28255
28261
28267
28272
28278
28284
28290
28295
28301
28307
28312
28318
28324
28330
28335
28341
28347
28352
28358
28364
28370
28374
28378
28383
28387
28391
28396
28400
28404
28409
28413
28417
28422
28426
28430
28435
28439
28443
28448
28452
28456
28461
28465
28470
28474
28479
28483
28488
28492
28497
28502
28506
28511
28515
28520
28525
28529
28534
28538
28543
28547
28552
28557
28561
28566
28570
28575
28580
28588
28596
28605
28613
28622
28630
28639
28647
28656
28664
28673
28681
28690
28697
28705
28713
28721
28729
28737
28745
28752
28760
28768
28776
28784
28792
28800
28805
28810
28815
28820
28825
28830
28835
28840
28845
28850
28855
28860
28865
28870
28875
28880
28885
28890
28895
28900
28905
28910
28919
28928
28937
28946
28955
28965
28974
28983
28992
29001
29010
29020
29025
29031
29036
29041
29047
29053
29058
29064
29069
29075
29080
29086
29091
29096
29102
29108
29113
29119
29124
29130
29137
29144
29151
29159
29166
29174
29181
29188
29195
29203
29210
29218
29225
29232
29240
29249
29258
29267
29276
29286
29295
29304
29313
29323
29332
29341
29350
29360
29364
29368
29373
29377
29381
29386
29390
29394
29399
29403
29407
29412
29416
29420
29425
29429
29433
29438
29442
29446
29451
29455
29460
29466
29472
29478
29484
29490
29496
29502
29508
29515
29521
29527
29533
29539
29545
29551
29557
29563
29570
29575
29580
29585
29590
29595
29600
29605
29610
29615
29620
29625
29630
29635
29640
29645
29650
29655
29660
29665
29670
29678
29687
29695
29704
29712
29721
29730
29738
29747
29755
29764
29772
29781
29790
29796
29803
29810
29816
29823
29830
29836
29843
29850
29856
29863
29870
29876
29883
29890
29896
29903
29910
29917
29924
29931
29938
29945
29951
29958
29965
29972
29979
29986
29993
30000
