3
7
11
14
18
22
25
29
33
36
40
44
47
51
55
58
62
66
69
73
77
80
84
88
91
95
99
102
106
110
112
114
116
118
121
123
125
127
130
132
134
136
138
141
143
145
147
150
152
154
156
158
161
163
165
167
169
172
174
176
178
181
183
185
187
190
192
194
196
198
201
203
205
207
210
279
350
352
354
356
358
360
362
364
366
368
370
372
374
376
379
381
383
385
387
389
391
393
395
397
399
401
403
406
408
410
412
414
416
418
420
422
424
426
428
430
433
435
437
439
441
443
445
447
449
451
453
455
457
460
463
467
471
475
479
483
487
490
494
498
502
506
510
514
518
521
525
529
533
537
541
545
549
552
556
560
564
568
572
576
580
582
584
586
589
591
593
596
598
600
603
605
607
610
612
614
617
619
621
624
626
628
631
633
635
638
640
642
645
647
649
652
654
656
659
661
663
666
668
670
673
675
677
680
694
708
722
736
750
764
778
791
805
820
822
824
826
828
831
833
835
837
840
842
844
846
848
851
853
855
857
860
862
864
866
868
871
873
875
877
879
882
884
886
888
891
893
895
897
899
902
904
906
908
911
913
915
917
919
922
924
926
928
931
933
935
937
940
943
947
950
954
958
961
965
968
972
976
979
983
986
990
994
997
1001
1004
1008
1012
1015
1019
1023
1026
1030
1033
1037
1041
1044
1048
1051
1055
1059
1062
1066
1070
1072
1074
1077
1079
1082
1084
1087
1089
1092
1094
1096
1099
1101
1104
1106
1109
1111
1114
1116
1118
1121
1123
1126
1128
1131
1133
1136
1138
1140
1143
1145
1148
1150
1153
1155
1158
1160
1162
1165
1167
1170
1172
1175
1177
1180
1183
1186
1189
1192
1195
1198
1201
1204
1207
1210
1214
1217
1220
1223
1226
1229
1232
1235
1238
1241
1245
1248
1251
1254
1257
1260
1263
1266
1269
1272
1275
1279
1282
1285
1288
1291
1294
1297
1300
1303
1306
1310
1312
1314
1316
1318
1320
1322
1325
1327
1329
1331
1333
1335
1338
1340
1342
1344
1346
1348
1350
1353
1355
1357
1359
1361
1363
1366
1368
1370
1372
1374
1376
1379
1381
1383
1385
1387
1389
1391
1394
1396
1398
1400
1402
1404
1407
1409
1411
1413
1415
1417
1420
1424
1428
1433
1437
1442
1446
1451
1455
1460
1464
1468
1473
1477
1482
1486
1491
1495
1500
1504
1508
1513
1517
1522
1526
1531
1535
1540
1542
1544
1546
1548
1551
1553
1555
1557
1560
1562
1564
1566
1568
1571
1573
1575
1577
1580
1582
1584
1586
1588
1591
1593
1595
1597
1599
1602
1604
1606
1608
1611
1613
1615
1617
1619
1622
1624
1626
1628
1631
1633
1635
1637
1640
1657
1674
1692
1710
1727
1745
1762
1780
1782
1784
1786
1788
1790
1792
1794
1796
1798
1800
1802
1804
1806
1808
1810
1812
1814
1816
1818
1820
1822
1824
1826
1828
1831
1833
1835
1837
1839
1841
1843
1845
1847
1849
1851
1853
1855
1857
1859
1861
1863
1865
1867
1869
1871
1873
1875
1877
1880
1914
1948
1981
2016
2050
2052
2054
2056
2058
2060
2062
2064
2066
2068
2070
2072
2074
2076
2078
2080
2082
2084
2086
2088
2090
2092
2094
2096
2098
2100
2102
2105
2107
2109
2111
2113
2115
2117
2119
2121
2123
2125
2127
2129
2131
2133
2135
2137
2139
2141
2143
2145
2147
2149
2151
2153
2155
2157
2160
2164
2169
2174
2179
2184
2188
2193
2198
2203
2208
2212
2217
2222
2227
2231
2236
2241
2246
2251
2256
2260
2265
2270
2275
2280
2282
2284
2286
2289
2291
2293
2295
2298
2300
2302
2304
2307
2309
2311
2313
2316
2318
2320
2323
2325
2327
2329
2332
2334
2336
2338
2341
2343
2345
2347
2350
2352
2354
2356
2359
2361
2363
2366
2368
2370
2372
2375
2377
2379
2381
2384
2386
2388
2390
2393
2395
2397
2400
2403
2407
2410
2414
2418
2421
2425
2429
2432
2436
2440
2443
2447
2450
2454
2458
2461
2465
2469
2472
2476
2480
2483
2487
2490
2494
2498
2501
2505
2509
2512
2516
2520
2522
2524
2526
2529
2531
2533
2536
2538
2540
2543
2545
2547
2550
2552
2554
2556
2559
2561
2563
2566
2568
2570
2573
2575
2577
2580
2582
2584
2586
2589
2591
2593
2596
2598
2600
2603
2605
2607
2610
2612
2614
2616
2619
2621
2623
2626
2628
2630
2633
2635
2637
2640
2643
2647
2650
2654
2658
2661
2665
2669
2672
2676
2680
2683
2687
2690
2694
2698
2701
2705
2709
2712
2716
2719
2723
2727
2730
2734
2738
2741
2745
2749
2752
2756
2760
2763
2766
2769
2772
2775
2779
2782
2785
2788
2791
2794
2798
2801
2804
2807
2810
2813
2817
2820
2823
2826
2829
2832
2836
2839
2842
2845
2848
2851
2855
2858
2861
2864
2867
2870
2874
2877
2880
2883
2886
2890
2892
2894
2897
2899
2901
2904
2906
2909
2911
2913
2916
2918
2921
2923
2925
2928
2930
2933
2935
2937
2940
2942
2945
2947
2949
2952
2954
2956
2959
2961
2964
2966
2968
2971
2973
2976
2978
2980
2983
2985
2988
2990
2992
2995
2997
3000
3007
3014
3022
3029
3036
3044
3051
3058
3066
3073
3080
3088
3095
3102
3110
3117
3125
3132
3139
3147
3154
3161
3169
3176
3183
3191
3198
3205
3213
3220
3227
3235
3242
3250
3252
3254
3256
3258
3260
3262
3264
3266
3268
3270
3272
3274
3276
3278
3280
3282
3284
3286
3288
3290
3292
3294
3296
3298
3300
3302
3304
3307
3309
3311
3313
3315
3317
3319
3321
3323
3325
3327
3329
3331
3333
3335
3337
3339
3341
3343
3345
3347
3349
3351
3353
3355
3357
3360
3363
3367
3371
3375
3379
3383
3387
3390
3394
3398
3402
3406
3410
3414
3418
3421
3425
3429
3433
3437
3441
3445
3449
3452
3456
3460
3464
3468
3472
3476
3480
3484
3489
3494
3499
3504
3509
3514
3519
3524
3528
3533
3538
3543
3548
3553
3558
3563
3568
3573
3577
3582
3587
3592
3597
3602
3607
3612
3617
3622
3626
3631
3636
3641
3646
3651
3656
3661
3666
3671
3675
3680
3685
3690
3695
3700
3705
3710
3715
3720
3722
3724
3726
3729
3731
3733
3735
3738
3740
3742
3744
3747
3749
3751
3753
3756
3758
3760
3763
3765
3767
3769
3772
3774
3776
3778
3781
3783
3785
3787
3790
3792
3794
3796
3799
3801
3803
3806
3808
3810
3812
3815
3817
3819
3821
3824
3826
3828
3830
3833
3835
3837
3840
3844
3848
3853
3857
3862
3866
3871
3875
3880
3884
3889
3893
3898
3902
3907
3911
3916
3920
3925
3929
3934
3938
3943
3947
3952
3956
3961
3965
3970
3972
3975
3978
3981
3983
3986
3989
3992
3994
3997
4000
4003
4005
4008
4011
4014
4016
4019
4022
4025
4027
4030
4033
4036
4038
4041
4044
4046
4049
4052
4055
4058
4060
4063
4066
4069
4071
4074
4077
4080
4083
4086
4090
4094
4097
4101
4104
4108
4111
4115
4118
4122
4125
4129
4132
4136
4139
4143
4146
4150
4153
4157
4160
4164
4167
4171
4174
4178
4181
4185
4188
4192
4195
4199
4202
4205
4209
4213
4216
4220
4222
4224
4226
4228
4231
4233
4235
4237
4239
4242
4244
4246
4248
4250
4253
4255
4257
4259
4261
4264
4266
4268
4270
4272
4274
4277
4279
4281
4283
4286
4288
4290
4292
4294
4297
4299
4301
4303
4305
4308
4310
4312
4314
4316
4319
4321
4323
4325
4327
4330
4333
4336
4340
4343
4347
4350
4353
4357
4360
4364
4367
4370
4374
4377
4381
4384
4388
4391
4394
4398
4401
4405
4408
4411
4415
4418
4422
4425
4429
4432
4435
4439
4442
4446
4449
4452
4456
4459
4463
4466
4470
4472
4475
4478
4481
4484
4487
4490
4492
4495
4498
4501
4504
4507
4510
4512
4515
4518
4521
4524
4527
4529
4532
4535
4538
4541
4544
4547
4550
4552
4555
4558
4561
4564
4567
4570
4572
4575
4578
4581
4584
4587
4590
4595
4601
4607
4613
4618
4624
4630
4636
4641
4647
4653
4659
4664
4670
4676
4682
4687
4693
4699
4705
4710
4716
4722
4728
4733
4739
4745
4751
4756
4762
4768
4774
4779
4785
4791
4797
4802
4808
4814
4820
4822
4824
4827
4829
4832
4834
4837
4839
4841
4844
4846
4849
4851
4854
4856
4859
4861
4863
4866
4868
4871
4873
4876
4878
4880
4883
4885
4888
4890
4893
4895
4898
4900
4902
4905
4907
4910
4912
4915
4917
4920
4923
4927
4931
4935
4938
4942
4946
4950
4954
4957
4961
4965
4969
4972
4976
4980
4984
4988
4991
4995
4999
5003
5007
5010
5014
5018
5022
5025
5029
5033
5037
5041
5044
5048
5052
5056
5060
5062
5064
5067
5069
5072
5074
5077
5079
5081
5084
5086
5089
5091
5094
5096
5099
5101
5103
5106
5108
5111
5113
5116
5118
5120
5123
5125
5128
5130
5133
5135
5138
5140
5142
5145
5147
5150
5152
5155
5157
5160
5166
5173
5180
5186
5193
5200
5206
5213
5220
5226
5233
5240
5246
5253
5260
5266
5273
5280
5286
5293
5300
5306
5313
5320
5326
5333
5340
5346
5353
5360
5366
5373
5380
5386
5393
5400
5406
5413
5420
5422
5424
5427
5429
5432
5434
5436
5439
5441
5444
5446
5448
5451
5453
5456
5458
5460
5463
5465
5468
5470
5472
5475
5477
5480
5482
5484
5487
5489
5492
5494
5497
5499
5501
5504
5506
5509
5511
5513
5516
5518
5521
5523
5525
5528
5530
5533
5535
5537
5540
5542
5545
5547
5550
5553
5557
5561
5564
5568
5572
5576
5580
5583
5587
5591
5595
5598
5602
5606
5609
5613
5617
5621
5625
5628
5632
5636
5640
5643
5647
5651
5655
5658
5662
5666
5670
5672
5674
5676
5679
5681
5683
5686
5688
5690
5692
5695
5697
5699
5702
5704
5706
5708
5711
5713
5715
5718
5720
5722
5725
5727
5729
5731
5734
5736
5738
5741
5743
5745
5747
5750
5752
5754
5757
5759
5761
5763
5766
5768
5770
5773
5775
5777
5780
5786
5792
5799
5805
5812
5818
5825
5831
5838
5844
5851
5857
5864
5870
5877
5883
5890
5896
5903
5909
5916
5922
5929
5935
5942
5948
5955
5961
5968
5974
5981
5987
5994
6000
6007
6013
6020
6022
6024
6026
6029
6031
6033
6035
6038
6040
6042
6044
6047
6049
6051
6053
6056
6058
6060
6063
6065
6067
6069
6072
6074
6076
6078
6081
6083
6085
6087
6090
6092
6094
6096
6099
6101
6103
6106
6108
6110
6112
6115
6117
6119
6121
6124
6126
6128
6130
6133
6135
6137
6140
6144
6148
6152
6156
6160
6164
6168
6172
6176
6180
6184
6188
6192
6196
6200
6205
6209
6213
6217
6221
6225
6229
6233
6237
6241
6245
6249
6253
6257
6261
6265
6270
6272
6274
6277
6279
6281
6284
6286
6288
6291
6293
6295
6298
6300
6302
6305
6307
6309
6312
6314
6316
6319
6321
6323
6326
6328
6330
6333
6335
6337
6340
6342
6344
6347
6349
6351
6354
6356
6358
6361
6363
6365
6368
6370
6372
6375
6377
6380
6384
6388
6392
6396
6400
6404
6408
6413
6417
6421
6425
6429
6433
6437
6442
6446
6450
6454
6458
6462
6466
6471
6475
6479
6483
6487
6491
6495
6500
6503
6506
6509
6512
6515
6519
6522
6525
6528
6531
6535
6538
6541
6544
6547
6550
6554
6557
6560
6563
6566
6570
6573
6576
6579
6582
6585
6589
6592
6595
6598
6601
6604
6608
6611
6614
6617
6620
6624
6627
6630
6633
6636
6640
6642
6645
6647
6649
6652
6654
6657
6660
6662
6665
6667
6670
6672
6675
6677
6680
6682
6685
6687
6689
6692
6695
6697
6700
6702
6705
6707
6710
6712
6715
6717
6720
6722
6725
6727
6729
6732
6735
6737
6740
6742
6745
6747
6750
6814
6880
6882
6884
6887
6889
6892
6894
6896
6899
6901
6904
6906
6908
6911
6913
6916
6918
6920
6923
6925
6928
6930
6932
6935
6937
6940
6942
6945
6947
6949
6952
6954
6957
6959
6961
6964
6966
6969
6971
6973
6976
6978
6981
6983
6985
6988
6990
6993
6995
6997
7000
7002
7005
7007
7010
7017
7024
7032
7039
7047
7054
7061
7069
7076
7084
7091
7099
7106
7113
7121
7128
7136
7143
7150
7158
7165
7173
7180
7188
7195
7202
7210
7217
7225
7232
7240
7242
7244
7246
7248
7251
7253
7255
7257
7260
7262
7264
7266
7268
7271
7273
7275
7277
7280
7282
7284
7286
7288
7291
7293
7295
7297
7300
7302
7304
7306
7308
7311
7313
7315
7317
7320
7322
7324
7326
7328
7331
7333
7335
7337
7340
7342
7344
7346
7348
7351
7353
7355
7357
7360
7363
7367
7371
7375
7378
7382
7386
7390
7393
7397
7401
7405
7408
7412
7416
7420
7423
7427
7431
7435
7438
7442
7446
7450
7453
7457
7461
7465
7468
7472
7476
7480
7482
7484
7486
7489
7491
7493
7495
7498
7500
7502
7504
7507
7509
7511
7513
7516
7518
7520
7523
7525
7527
7529
7532
7534
7536
7538
7541
7543
7545
7547
7550
7552
7554
7556
7559
7561
7563
7566
7568
7570
7572
7575
7577
7579
7581
7584
7586
7588
7590
7593
7595
7597
7600
7603
7607
7610
7614
7617
7621
7624
7628
7631
7635
7638
7642
7645
7649
7652
7656
7660
7663
7667
7670
7674
7677
7681
7684
7688
7691
7695
7698
7702
7705
7709
7712
7716
7720
7722
7725
7727
7729
7732
7734
7737
7739
7742
7745
7747
7750
7752
7755
7757
7760
7762
7765
7767
7770
7772
7774
7777
7779
7782
7785
7787
7790
7792
7795
7797
7800
7802
7805
7807
7810
7812
7814
7817
7819
7822
7824
7827
7830
7832
7835
7837
7840
7842
7845
7847
7850
7853
7856
7859
7862
7866
7869
7872
7875
7879
7882
7885
7888
7892
7895
7898
7901
7904
7908
7911
7914
7917
7921
7924
7927
7930
7934
7937
7940
7943
7947
7950
7953
7956
7960
7964
7969
7974
7979
7984
7988
7993
7998
8003
8007
8012
8017
8022
8027
8032
8036
8041
8046
8051
8055
8060
8065
8070
8075
8080
8084
8089
8094
8099
8103
8108
8113
8118
8123
8128
8132
8137
8142
8147
8151
8156
8161
8166
8171
8176
8180
8185
8190
8195
8200
8202
8204
8206
8209
8211
8213
8216
8218
8220
8223
8225
8227
8230
8232
8234
8236
8239
8241
8243
8246
8248
8250
8253
8255
8257
8260
8262
8264
8266
8269
8271
8273
8276
8278
8280
8283
8285
8287
8290
8292
8294
8296
8299
8301
8303
8306
8308
8310
8313
8315
8317
8320
8323
8327
8331
8335
8339
8343
8347
8350
8354
8358
8362
8366
8370
8374
8378
8381
8385
8389
8393
8397
8401
8405
8409
8412
8416
8420
8424
8428
8432
8436
8440
8442
8444
8446
8448
8451
8453
8455
8457
8459
8462
8464
8466
8468
8471
8473
8475
8477
8480
8482
8484
8486
8488
8491
8493
8495
8497
8500
8502
8504
8506
8508
8511
8513
8515
8517
8520
8522
8524
8526
8528
8531
8533
8535
8537
8540
8542
8544
8546
8548
8551
8553
8555
8557
8560
8563
8567
8571
8575
8578
8582
8586
8590
8593
8597
8601
8605
8608
8612
8616
8620
8623
8627
8631
8635
8638
8642
8646
8650
8653
8657
8661
8665
8668
8672
8676
8680
8683
8686
8689
8692
8695
8698
8701
8704
8707
8710
8713
8716
8719
8722
8725
8728
8731
8734
8737
8740
8743
8746
8749
8752
8755
8758
8761
8764
8767
8770
8773
8776
8779
8782
8785
8788
8791
8794
8797
8800
8803
8806
8810
8813
8816
8819
8822
8826
8829
8832
8835
8839
8842
8845
8848
8852
8855
8858
8861
8865
8868
8871
8874
8878
8881
8884
8887
8891
8894
8897
8900
8904
8907
8910
8913
8917
8920
8923
8926
8930
8935
8940
8946
8951
8957
8962
8968
8973
8979
8984
8990
8995
9001
9006
9012
9017
9023
9028
9034
9039
9045
9050
9055
9061
9066
9072
9077
9083
9088
9094
9099
9105
9110
9116
9121
9127
9132
9138
9143
9149
9154
9160
9162
9164
9166
9168
9171
9173
9175
9177
9180
9182
9184
9186
9188
9191
9193
9195
9197
9200
9202
9204
9206
9208
9211
9213
9215
9217
9220
9222
9224
9226
9228
9231
9233
9235
9237
9240
9242
9244
9246
9248
9251
9253
9255
9257
9260
9262
9264
9266
9268
9271
9273
9275
9277
9280
9290
9300
9311
9321
9331
9341
9352
9362
9373
9383
9393
9404
9414
9424
9434
9445
9455
9466
9476
9486
9497
9507
9517
9528
9538
9548
9559
9569
9579
9590
9594
9598
9602
9606
9610
9614
9618
9622
9626
9630
9634
9638
9642
9647
9651
9655
9659
9663
9667
9671
9675
9679
9683
9687
9691
9695
9700
9704
9708
9712
9716
9720
9724
9728
9732
9736
9740
9744
9748
9752
9757
9761
9765
9769
9773
9777
9781
9785
9789
9793
9797
9801
9805
9810
9812
9814
9816
9818
9821
9823
9825
9827
9830
9832
9834
9836
9838
9841
9843
9845
9847
9850
9852
9854
9856
9858
9861
9863
9865
9867
9870
9872
9874
9876
9878
9881
9883
9885
9887
9890
9892
9894
9896
9898
9901
9903
9905
9907
9910
9912
9914
9916
9918
9921
9923
9925
9927
9930
9933
9937
9940
9944
9947
9951
9954
9958
9961
9965
9968
9972
9975
9979
9982
9986
9990
9993
9997
10000
10004
10007
10011
10014
10018
10021
10025
10028
10032
10035
10039
10042
10046
10050
10052
10054
10056
10059
10061
10063
10066
10068
10070
10072
10075
10077
10079
10082
10084
10086
10088
10091
10093
10095
10098
10100
10102
10105
10107
10109
10111
10114
10116
10118
10121
10123
10125
10127
10130
10132
10134
10137
10139
10141
10143
10146
10148
10150
10153
10155
10157
10160
10163
10167
10171
10175
10179
10183
10187
10190
10194
10198
10202
10206
10210
10214
10218
10221
10225
10229
10233
10237
10241
10245
10249
10252
10256
10260
10264
10268
10272
10276
10280
10282
10284
10286
10289
10291
10293
10295
10298
10300
10302
10304
10307
10309
10311
10313
10316
10318
10320
10323
10325
10327
10329
10332
10334
10336
10338
10341
10343
10345
10347
10350
10352
10354
10356
10359
10361
10363
10366
10368
10370
10372
10375
10377
10379
10381
10384
10386
10388
10390
10393
10395
10397
10400
10403
10407
10410
10414
10417
10421
10424
10428
10431
10435
10438
10442
10445
10449
10452
10456
10460
10463
10467
10470
10474
10477
10481
10484
10488
10491
10495
10498
10502
10505
10509
10512
10516
10520
10522
10524
10527
10529
10532
10534
10537
10539
10542
10544
10546
10549
10551
10554
10556
10559
10561
10564
10566
10569
10571
10573
10576
10578
10581
10583
10586
10588
10591
10593
10596
10598
10600
10603
10605
10608
10610
10613
10615
10618
10620
10623
10625
10627
10630
10632
10635
10637
10640
10642
10645
10647
10650
10653
10657
10661
10665
10669
10673
10677
10680
10684
10688
10692
10696
10700
10704
10708
10711
10715
10719
10723
10727
10731
10735
10739
10742
10746
10750
10754
10758
10762
10766
10770
10775
10780
10785
10790
10796
10801
10806
10811
10816
10822
10827
10832
10837
10843
10848
10853
10858
10863
10869
10874
10879
10884
10890
10895
10900
10905
10910
10916
10921
10926
10931
10936
10942
10947
10952
10957
10963
10968
10973
10978
10983
10989
10994
10999
11004
11010
11012
11014
11016
11018
11020
11022
11024
11026
11028
11030
11032
11034
11036
11038
11040
11042
11044
11046
11048
11050
11052
11054
11056
11058
11060
11062
11065
11067
11069
11071
11073
11075
11077
11079
11081
11083
11085
11087
11089
11091
11093
11095
11097
11099
11101
11103
11105
11107
11109
11111
11113
11115
11117
11120
11124
11128
11133
11137
11142
11146
11151
11155
11160
11164
11168
11173
11177
11182
11186
11191
11195
11200
11204
11208
11213
11217
11222
11226
11231
11235
11240
11242
11244
11246
11248
11251
11253
11255
11257
11260
11262
11264
11266
11268
11271
11273
11275
11277
11280
11282
11284
11286
11288
11291
11293
11295
11297
11300
11302
11304
11306
11308
11311
11313
11315
11317
11320
11322
11324
11326
11328
11331
11333
11335
11337
11340
11342
11344
11346
11348
11351
11353
11355
11357
11360
11363
11367
11371
11375
11379
11383
11387
11390
11394
11398
11402
11406
11410
11414
11418
11421
11425
11429
11433
11437
11441
11445
11449
11452
11456
11460
11464
11468
11472
11476
11480
11482
11484
11486
11488
11491
11493
11495
11497
11500
11502
11504
11506
11509
11511
11513
11515
11518
11520
11522
11524
11527
11529
11531
11533
11536
11538
11540
11542
11545
11547
11549
11551
11554
11556
11558
11560
11563
11565
11567
11569
11572
11574
11576
11578
11581
11583
11585
11587
11590
11598
11607
11616
11624
11633
11642
11650
11659
11668
11677
11685
11694
11703
11711
11720
11729
11738
11746
11755
11764
11772
11781
11790
11799
11807
11816
11825
11833
11842
11851
11860
11861
11863
11865
11867
11869
11871
11873
11875
11876
11878
11880
11882
11884
11886
11888
11890
11892
11893
11895
11897
11899
11901
11903
11905
11907
11909
11910
11912
11914
11916
11918
11920
11922
11924
11926
11927
11929
11931
11933
11935
11937
11939
11941
11943
11944
11946
11948
11950
11952
11954
11956
11958
11960
11971
11983
11995
12007
12019
12030
12042
12054
12066
12078
12090
12101
12113
12125
12137
12149
12160
12172
12184
12196
12208
12220
12231
12243
12255
12267
12279
12290
12302
12314
12326
12338
12350
12352
12354
12356
12358
12361
12363
12365
12367
12370
12372
12374
12376
12378
12381
12383
12385
12387
12390
12392
12394
12396
12398
12401
12403
12405
12407
12410
12412
12414
12416
12418
12421
12423
12425
12427
12430
12432
12434
12436
12438
12441
12443
12445
12447
12450
12452
12454
12456
12458
12461
12463
12465
12467
12470
12473
12476
12479
12482
12485
12488
12491
12494
12497
12500
12503
12506
12509
12512
12515
12518
12521
12525
12528
12531
12534
12537
12540
12543
12546
12549
12552
12555
12558
12561
12564
12567
12570
12573
12576
12580
12582
12585
12587
12590
12592
12595
12597
12600
12602
12605
12607
12610
12612
12615
12617
12620
12622
12625
12627
12629
12632
12635
12637
12640
12642
12645
12647
12650
12652
12655
12657
12660
12662
12665
12667
12670
12672
12674
12677
12680
12682
12684
12687
12690
12692
12694
12697
12700
12703
12707
12711
12715
12718
12722
12726
12730
12733
12737
12741
12745
12748
12752
12756
12760
12763
12767
12771
12775
12778
12782
12786
12790
12793
12797
12801
12805
12808
12812
12816
12820
12822
12824
12827
12829
12832
12834
12837
12839
12842
12844
12846
12849
12851
12854
12856
12859
12861
12864
12866
12869
12871
12873
12876
12878
12881
12883
12886
12888
12891
12893
12896
12898
12900
12903
12905
12908
12910
12913
12915
12918
12920
12923
12925
12927
12930
12932
12935
12937
12940
12942
12945
12947
12950
12953
12956
12959
12962
12966
12969
12972
12975
12979
12982
12985
12988
12992
12995
12998
13001
13004
13008
13011
13014
13017
13021
13024
13027
13030
13034
13037
13040
13043
13047
13050
13053
13056
13060
13062
13064
13067
13069
13072
13074
13077
13079
13082
13084
13086
13089
13091
13094
13096
13099
13101
13104
13106
13108
13111
13113
13116
13118
13121
13123
13126
13128
13131
13133
13135
13138
13140
13143
13145
13148
13150
13153
13155
13157
13160
13162
13165
13167
13170
13172
13175
13177
13180
13183
13187
13190
13194
13197
13201
13204
13208
13211
13215
13218
13222
13225
13229
13232
13236
13239
13243
13246
13250
13253
13257
13260
13264
13267
13271
13274
13278
13281
13285
13288
13292
13295
13299
13302
13306
13310
13312
13314
13317
13319
13321
13324
13326
13329
13331
13333
13336
13338
13341
13343
13345
13348
13350
13353
13355
13357
13360
13362
13365
13367
13369
13372
13374
13376
13379
13381
13384
13386
13388
13391
13393
13396
13398
13400
13403
13405
13408
13410
13412
13415
13417
13420
13423
13426
13429
13432
13435
13438
13440
13443
13447
13450
13453
13456
13459
13462
13465
13468
13471
13474
13477
13480
13482
13485
13488
13492
13495
13498
13501
13504
13507
13510
13513
13516
13519
13521
13524
13527
13530
13533
13536
13540
13543
13546
13549
13552
13555
13558
13561
13564
13567
13570
13574
13577
13580
13583
13586
13589
13592
13595
13598
13601
13605
13608
13611
13614
13617
13620
13623
13626
13629
13632
13635
13639
13642
13645
13648
13651
13654
13657
13660
13663
13666
13670
13672
13675
13678
13681
13683
13686
13689
13692
13694
13697
13700
13703
13705
13708
13711
13714
13716
13719
13722
13725
13727
13730
13733
13735
13738
13741
13744
13747
13749
13752
13755
13758
13760
13763
13766
13769
13771
13774
13777
13780
13786
13792
13799
13805
13812
13818
13825
13831
13838
13844
13851
13857
13864
13870
13877
13883
13890
13896
13903
13909
13916
13922
13929
13935
13942
13948
13955
13961
13968
13974
13981
13987
13994
14000
14007
14013
14020
14022
14024
14026
14028
14031
14033
14035
14037
14040
14042
14044
14046
14049
14051
14053
14055
14058
14060
14062
14064
14067
14069
14071
14073
14076
14078
14080
14082
14085
14087
14089
14091
14094
14096
14098
14100
14103
14105
14107
14109
14112
14114
14116
14118
14121
14123
14125
14127
14130
14134
14139
14143
14148
14152
14157
14161
14166
14170
14175
14179
14184
14188
14193
14197
14202
14206
14211
14215
14220
14224
14229
14233
14238
14242
14247
14251
14256
14260
14265
14270
14272
14274
14276
14279
14281
14283
14286
14288
14290
14292
14295
14297
14299
14302
14304
14306
14308
14311
14313
14315
14318
14320
14322
14325
14327
14329
14331
14334
14336
14338
14341
14343
14345
14347
14350
14352
14354
14357
14359
14361
14363
14366
14368
14370
14373
14375
14377
14380
14387
14394
14401
14408
14415
14422
14430
14437
14444
14451
14458
14465
14472
14480
14487
14494
14501
14508
14515
14522
14530
14537
14544
14551
14558
14565
14572
14580
14587
14594
14601
14608
14615
14622
14630
14632
14634
14636
14639
14641
14643
14645
14648
14650
14652
14654
14657
14659
14661
14663
14666
14668
14670
14673
14675
14677
14679
14682
14684
14686
14688
14691
14693
14695
14697
14700
14702
14704
14706
14709
14711
14713
14716
14718
14720
14722
14725
14727
14729
14731
14734
14736
14738
14740
14743
14745
14747
14750
14753
14756
14760
14763
14766
14770
14773
14776
14780
14783
14786
14790
14793
14796
14799
14803
14806
14810
14813
14816
14820
14823
14826
14830
14833
14836
14840
14843
14846
14850
14853
14856
14860
14862
14864
14866
14868
14870
14873
14875
14877
14879
14881
14883
14886
14888
14890
14892
14894
14896
14899
14901
14903
14905
14907
14910
14912
14914
14916
14918
14920
14923
14925
14927
14929
14931
14933
14936
14938
14940
14942
14944
14946
14949
14951
14953
14955
14957
14960
14967
14975
14983
14991
14999
15007
15015
15023
15031
15039
15047
15055
15063
15071
15079
15087
15095
15102
15110
15118
15126
15134
15142
15150
15158
15166
15174
15182
15190
15198
15206
15214
15222
15230
15232
15234
15236
15238
15240
15242
15244
15246
15248
15250
15252
15254
15256
15258
15260
15262
15264
15266
15268
15270
15272
15274
15276
15278
15280
15282
15285
15287
15289
15291
15293
15295
15297
15299
15301
15303
15305
15307
15309
15311
15313
15315
15317
15319
15321
15323
15325
15327
15329
15331
15333
15335
15337
15340
15344
15348
15352
15356
15360
15364
15368
15373
15377
15381
15385
15389
15393
15397
15402
15406
15410
15414
15418
15422
15426
15431
15435
15439
15443
15447
15451
15455
15460
15462
15464
15466
15469
15471
15473
15476
15478
15480
15483
15485
15487
15490
15492
15494
15496
15499
15501
15503
15506
15508
15510
15513
15515
15517
15520
15522
15524
15526
15529
15531
15533
15536
15538
15540
15543
15545
15547
15550
15552
15554
15556
15559
15561
15563
15566
15568
15570
15573
15575
15577
15580
15583
15587
15591
15595
15599
15602
15606
15610
15614
15618
15622
15625
15629
15633
15637
15641
15645
15648
15652
15656
15660
15664
15667
15671
15675
15679
15683
15687
15690
15694
15698
15702
15706
15710
15712
15715
15717
15720
15722
15725
15727
15730
15732
15735
15737
15740
15742
15745
15747
15750
15752
15755
15757
15760
15762
15765
15767
15770
15772
15775
15777
15780
15782
15785
15787
15790
15792
15795
15797
15800
15802
15805
15807
15810
15812
15815
15817
15820
15844
15868
15892
15916
15940
15942
15944
15946
15948
15951
15953
15955
15957
15959
15962
15964
15966
15968
15971
15973
15975
15977
15979
15982
15984
15986
15988
15991
15993
15995
15997
16000
16002
16004
16006
16008
16011
16013
16015
16017
16020
16022
16024
16026
16028
16031
16033
16035
16037
16040
16042
16044
16046
16048
16051
16053
16055
16057
16059
16064
16068
16073
16077
16081
16085
16090
16094
16099
16103
16107
16111
16116
16120
16125
16129
16133
16138
16142
16146
16151
16155
16159
16164
16168
16172
16177
16181
16185
16190
16192
16194
16196
16198
16200
16202
16204
16206
16209
16211
16213
16215
16217
16219
16221
16223
16225
16228
16230
16232
16234
16236
16238
16240
16242
16245
16247
16249
16251
16253
16255
16257
16259
16261
16264
16266
16268
16270
16272
16274
16276
16278
16280
16283
16285
16287
16289
16291
16293
16295
16297
16300
16304
16309
16313
16318
16323
16327
16332
16337
16341
16346
16351
16355
16360
16365
16369
16374
16378
16383
16388
16392
16397
16402
16406
16411
16416
16420
16425
16430
16432
16434
16436
16438
16440
16442
16444
16446
16449
16451
16453
16455
16457
16459
16461
16463
16465
16468
16470
16472
16474
16476
16478
16480
16482
16485
16487
16489
16491
16493
16495
16497
16499
16501
16504
16506
16508
16510
16512
16514
16516
16518
16520
16523
16525
16527
16529
16531
16533
16535
16537
16540
16549
16558
16567
16577
16586
16595
16604
16614
16623
16632
16641
16651
16660
16669
16678
16688
16697
16706
16715
16725
16734
16743
16752
16762
16771
16780
16790
16792
16794
16796
16798
16800
16802
16804
16806
16808
16810
16812
16814
16816
16818
16820
16822
16824
16826
16828
16830
16832
16834
16836
16838
16840
16842
16845
16847
16849
16851
16853
16855
16857
16859
16861
16863
16865
16867
16869
16871
16873
16875
16877
16879
16881
16883
16885
16887
16889
16891
16893
16895
16897
16900
16910
16919
16930
16939
16950
16959
16970
16980
16990
17000
17009
17020
17029
17040
17049
17060
17070
17080
17090
17099
17110
17119
17130
17140
17150
17160
17169
17180
17189
17200
17202
17204
17207
17209
17212
17214
17217
17219
17222
17224
17226
17229
17231
17234
17236
17239
17241
17244
17246
17249
17251
17253
17256
17258
17261
17263
17266
17268
17271
17273
17276
17278
17280
17283
17285
17288
17290
17293
17295
17298
17300
17303
17305
17307
17310
17312
17315
17317
17320
17322
17325
17327
17330
17333
17337
17340
17344
17347
17351
17354
17358
17361
17365
17369
17372
17376
17379
17383
17386
17390
17393
17397
17400
17404
17408
17411
17415
17418
17422
17425
17429
17432
17436
17440
17442
17444
17446
17448
17451
17453
17455
17457
17459
17462
17464
17466
17468
17470
17473
17475
17477
17479
17481
17484
17486
17488
17490
17492
17495
17497
17499
17501
17503
17506
17508
17510
17512
17514
17517
17519
17521
17523
17525
17528
17530
17532
17534
17536
17539
17541
17543
17545
17547
17550
17553
17557
17560
17564
17568
17571
17575
17578
17582
17586
17589
17593
17596
17600
17604
17607
17611
17615
17618
17622
17625
17629
17633
17636
17640
17643
17647
17651
17654
17658
17661
17665
17669
17672
17676
17680
17683
17686
17689
17692
17695
17698
17701
17704
17707
17710
17713
17716
17719
17722
17725
17728
17731
17734
17737
17740
17743
17746
17749
17752
17755
17758
17761
17764
17767
17770
17773
17776
17779
17782
17785
17788
17791
17794
17797
17800
17803
17807
17811
17815
17819
17823
17827
17831
17835
17839
17843
17847
17851
17855
17859
17863
17866
17870
17874
17878
17882
17886
17890
17894
17898
17902
17906
17910
17914
17918
17922
17926
17930
17932
17934
17936
17938
17940
17942
17945
17947
17949
17951
17953
17955
17958
17960
17962
17964
17966
17968
17970
17973
17975
17977
17979
17981
17983
17986
17988
17990
17992
17994
17996
17999
18001
18003
18005
18007
18009
18011
18014
18016
18018
18020
18022
18024
18027
18029
18031
18033
18035
18037
18040
18048
18057
18066
18075
18084
18093
18102
18111
18120
18128
18137
18146
18155
18164
18173
18182
18191
18200
18208
18217
18226
18235
18244
18253
18262
18271
18280
18282
18284
18286
18289
18291
18293
18296
18298
18300
18303
18305
18307
18310
18312
18314
18316
18319
18321
18323
18326
18328
18330
18333
18335
18337
18340
18342
18344
18346
18349
18351
18353
18356
18358
18360
18363
18365
18367
18369
18372
18374
18376
18379
18381
18383
18386
18388
18390
18393
18395
18397
18400
18403
18406
18409
18412
18416
18419
18422
18425
18429
18432
18435
18438
18442
18445
18448
18451
18455
18458
18461
18464
18468
18471
18474
18477
18481
18484
18487
18490
18494
18497
18500
18503
18507
18510
18513
18516
18520
18522
18524
18526
18529
18531
18533
18536
18538
18540
18542
18545
18547
18549
18552
18554
18556
18558
18561
18563
18565
18568
18570
18572
18575
18577
18579
18581
18584
18586
18588
18591
18593
18595
18597
18600
18602
18604
18607
18609
18611
18613
18616
18618
18620
18623
18625
18627
18630
18695
18760
18762
18764
18766
18768
18771
18773
18775
18777
18780
18782
18784
18786
18788
18791
18793
18795
18797
18800
18802
18804
18806
18808
18811
18813
18815
18817
18820
18822
18824
18826
18828
18831
18833
18835
18837
18840
18842
18844
18846
18848
18851
18853
18855
18857
18860
18862
18864
18866
18868
18871
18873
18875
18877
18880
18887
18895
18902
18910
18917
18925
18932
18939
18947
18955
18962
18970
18977
18985
18992
19000
19007
19015
19022
19030
19037
19045
19052
19060
19067
19075
19082
19090
19097
19105
19112
19120
19121
19123
19125
19127
19129
19131
19133
19135
19136
19138
19140
19142
19144
19146
19148
19150
19152
19153
19155
19157
19159
19161
19163
19165
19167
19169
19170
19172
19174
19176
19178
19180
19182
19184
19186
19187
19189
19191
19193
19195
19197
19199
19201
19203
19204
19206
19208
19210
19212
19214
19216
19218
19220
19224
19228
19232
19237
19241
19245
19250
19254
19258
19262
19267
19271
19275
19280
19284
19288
19292
19297
19301
19305
19310
19314
19318
19322
19327
19331
19335
19340
19344
19348
19352
19357
19361
19365
19370
19372
19374
19376
19379
19381
19383
19386
19388
19390
19393
19395
19397
19400
19402
19404
19406
19409
19411
19413
19416
19418
19420
19423
19425
19427
19430
19432
19434
19436
19439
19441
19443
19446
19448
19450
19453
19455
19457
19460
19462
19464
19466
19469
19471
19473
19476
19478
19480
19483
19485
19487
19490
19492
19495
19498
19501
19504
19507
19510
19513
19516
19519
19522
19525
19528
19531
19534
19537
19540
19543
19546
19549
19552
19555
19558
19561
19564
19567
19570
19573
19576
19579
19582
19585
19588
19591
19594
19597
19600
19602
19604
19606
19608
19611
19613
19615
19617
19620
19622
19624
19626
19628
19631
19633
19635
19637
19640
19642
19644
19646
19648
19651
19653
19655
19657
19660
19662
19664
19666
19668
19671
19673
19675
19677
19680
19682
19684
19686
19688
19691
19693
19695
19697
19700
19704
19708
19712
19716
19720
19724
19728
19732
19736
19740
19744
19748
19752
19756
19760
19764
19768
19772
19777
19781
19785
19789
19793
19797
19801
19805
19809
19813
19817
19821
19825
19829
19833
19837
19841
19845
19850
19854
19858
19863
19867
19871
19876
19880
19884
19889
19893
19897
19902
19906
19910
19915
19919
19923
19928
19932
19936
19941
19945
19949
19954
19958
19962
19967
19971
19975
19980
19984
19988
19993
19997
20001
20006
20010
20014
20019
20023
20027
20032
20036
20040
20045
20049
20053
20058
20062
20066
20071
20075
20080
20082
20084
20086
20088
20091
20093
20095
20097
20099
20102
20104
20106
20108
20111
20113
20115
20117
20119
20122
20124
20126
20128
20131
20133
20135
20137
20139
20142
20144
20146
20148
20151
20153
20155
20157
20160
20162
20164
20166
20168
20171
20173
20175
20177
20180
20182
20184
20186
20188
20191
20193
20195
20197
20200
20203
20207
20211
20215
20219
20223
20227
20231
20235
20239
20243
20247
20251
20255
20259
20263
20266
20270
20274
20278
20282
20286
20290
20294
20298
20302
20306
20310
20314
20318
20322
20326
20330
20332
20334
20336
20338
20340
20342
20344
20346
20348
20350
20352
20354
20356
20358
20360
20362
20364
20366
20368
20370
20372
20374
20376
20378
20380
20382
20384
20387
20389
20391
20393
20395
20397
20399
20401
20403
20405
20407
20409
20411
20413
20415
20417
20419
20421
20423
20425
20427
20429
20431
20433
20435
20437
20440
20444
20448
20452
20456
20460
20464
20468
20473
20477
20481
20485
20489
20493
20497
20502
20506
20510
20514
20518
20522
20526
20531
20535
20539
20543
20547
20551
20555
20560
20562
20564
20566
20568
20570
20572
20574
20576
20578
20580
20582
20584
20586
20588
20590
20592
20594
20596
20598
20600
20602
20604
20606
20608
20611
20613
20615
20617
20619
20621
20623
20625
20627
20629
20631
20633
20635
20637
20639
20641
20643
20645
20647
20649
20651
20653
20655
20657
20660
20664
20668
20672
20676
20681
20685
20689
20693
20698
20702
20706
20710
20715
20719
20723
20727
20732
20736
20740
20744
20749
20753
20757
20761
20766
20770
20774
20778
20783
20787
20791
20795
20800
20802
20804
20807
20809
20811
20814
20816
20819
20821
20823
20826
20828
20830
20833
20835
20838
20840
20842
20845
20847
20849
20852
20854
20857
20859
20861
20864
20866
20869
20871
20873
20876
20878
20880
20883
20885
20888
20890
20892
20895
20897
20900
20913
20927
20942
20956
20970
20984
20997
21012
21026
21040
21042
21044
21046
21049
21051
21053
21056
21058
21060
21063
21065
21067
21070
21072
21074
21076
21079
21081
21083
21086
21088
21090
21093
21095
21097
21100
21102
21104
21106
21109
21111
21113
21116
21118
21120
21123
21125
21127
21130
21132
21134
21136
21139
21141
21143
21146
21148
21150
21153
21155
21157
21160
21163
21166
21170
21173
21176
21180
21183
21186
21190
21193
21196
21200
21203
21206
21210
21213
21216
21220
21223
21226
21230
21233
21236
21240
21243
21246
21250
21253
21256
21259
21263
21266
21270
21273
21276
21279
21283
21286
21290
21292
21294
21296
21299
21301
21303
21306
21308
21310
21312
21315
21317
21319
21322
21324
21326
21328
21331
21333
21335
21338
21340
21342
21345
21347
21349
21351
21354
21356
21358
21361
21363
21365
21367
21370
21372
21374
21377
21379
21381
21383
21386
21388
21390
21393
21395
21397
21400
21403
21407
21411
21415
21419
21423
21427
21430
21434
21438
21442
21446
21450
21454
21458
21461
21465
21469
21473
21477
21481
21485
21489
21492
21496
21500
21504
21508
21512
21516
21520
21522
21524
21527
21529
21531
21534
21536
21539
21541
21543
21546
21548
21551
21553
21555
21558
21560
21563
21565
21567
21570
21572
21575
21577
21579
21582
21584
21586
21589
21591
21594
21596
21598
21601
21603
21606
21608
21610
21613
21615
21618
21620
21622
21625
21627
21630
21639
21648
21657
21666
21675
21684
21693
21702
21712
21721
21730
21739
21748
21757
21766
21775
21785
21794
21803
21812
21821
21830
21839
21848
21857
21867
21876
21885
21894
21903
21912
21921
21930
21940
21942
21944
21946
21948
21951
21953
21955
21957
21960
21962
21964
21966
21969
21971
21973
21975
21978
21980
21982
21984
21987
21989
21991
21993
21996
21998
22000
22002
22005
22007
22009
22011
22014
22016
22018
22020
22023
22025
22027
22029
22032
22034
22036
22038
22041
22043
22045
22047
22050
22052
22055
22058
22061
22064
22067
22070
22073
22076
22078
22081
22084
22087
22090
22093
22096
22099
22102
22105
22107
22110
22113
22116
22119
22122
22125
22128
22131
22133
22136
22139
22142
22145
22148
22151
22154
22157
22160
22163
22166
22169
22172
22176
22179
22182
22185
22189
22192
22195
22198
22202
22205
22208
22211
22215
22218
22221
22224
22228
22231
22234
22237
22241
22244
22247
22250
22254
22257
22260
22263
22267
22270
22273
22276
22280
22282
22284
22287
22289
22292
22294
22297
22299
22301
22304
22306
22309
22311
22314
22316
22319
22321
22323
22326
22328
22331
22333
22336
22338
22340
22343
22345
22348
22350
22353
22355
22358
22360
22362
22365
22367
22370
22372
22375
22377
22380
22520
22522
22524
22526
22528
22531
22533
22535
22537
22540
22542
22544
22546
22548
22551
22553
22555
22557
22560
22562
22564
22566
22568
22571
22573
22575
22577
22580
22582
22584
22586
22588
22591
22593
22595
22597
22600
22602
22604
22606
22608
22611
22613
22615
22617
22620
22622
22624
22626
22628
22631
22633
22635
22637
22640
22644
22648
22652
22656
22660
22664
22668
22672
22676
22680
22684
22688
22692
22696
22700
22704
22708
22712
22716
22720
22724
22728
22732
22736
22740
22744
22748
22752
22756
22760
22764
22769
22774
22779
22784
22788
22793
22798
22803
22808
22812
22817
22822
22827
22832
22837
22841
22846
22851
22856
22861
22865
22870
22875
22880
22885
22890
22894
22899
22904
22909
22914
22918
22923
22928
22933
22938
22942
22947
22952
22957
22962
22967
22971
22976
22981
22986
22991
22995
23000
23005
23010
23015
23020
23022
23024
23026
23028
23031
23033
23035
23037
23040
23042
23044
23046
23048
23051
23053
23055
23057
23060
23062
23064
23066
23068
23071
23073
23075
23077
23080
23082
23084
23086
23088
23091
23093
23095
23097
23100
23102
23104
23106
23108
23111
23113
23115
23117
23120
23122
23124
23126
23128
23131
23133
23135
23137
23140
23143
23147
23150
23154
23157
23161
23164
23168
23171
23175
23178
23182
23185
23189
23192
23196
23200
23203
23207
23210
23214
23217
23221
23224
23228
23231
23235
23238
23242
23245
23249
23252
23256
23260
23263
23266
23269
23272
23275
23278
23281
23284
23287
23290
23293
23296
23299
23302
23305
23308
23311
23314
23317
23320
23323
23326
23329
23332
23335
23338
23341
23344
23347
23350
23353
23356
23359
23362
23365
23368
23371
23374
23377
23380
23383
23386
23390
23392
23395
23398
23401
23403
23406
23409
23412
23414
23417
23420
23423
23425
23428
23431
23434
23436
23439
23442
23445
23447
23450
23453
23456
23458
23461
23464
23467
23469
23472
23475
23478
23480
23483
23486
23489
23491
23494
23497
23500
23506
23512
23518
23525
23531
23537
23544
23550
23556
23563
23569
23575
23582
23588
23594
23601
23607
23613
23619
23626
23632
23638
23645
23651
23657
23664
23670
23676
23683
23689
23695
23702
23708
23714
23721
23727
23733
23740
23742
23744
23746
23748
23751
23753
23755
23757
23759
23762
23764
23766
23768
23771
23773
23775
23777
23779
23782
23784
23786
23788
23791
23793
23795
23797
23799
23802
23804
23806
23808
23811
23813
23815
23817
23820
23822
23824
23826
23828
23831
23833
23835
23837
23840
23842
23844
23846
23848
23851
23853
23855
23857
23860
23864
23869
23873
23878
23883
23887
23892
23897
23901
23906
23911
23915
23920
23924
23929
23934
23938
23943
23948
23952
23957
23962
23966
23971
23976
23980
23985
23990
23992
23994
23997
23999
24001
24004
24006
24009
24011
24013
24016
24018
24021
24023
24025
24028
24030
24033
24035
24037
24040
24042
24045
24047
24049
24052
24054
24056
24059
24061
24064
24066
24068
24071
24073
24076
24078
24080
24083
24085
24088
24090
24092
24095
24097
24100
24104
24108
24112
24116
24120
24124
24128
24132
24136
24140
24144
24148
24152
24156
24160
24165
24169
24173
24177
24181
24185
24189
24193
24197
24201
24205
24209
24213
24217
24221
24225
24230
24232
24235
24237
24240
24242
24245
24247
24250
24252
24255
24257
24260
24262
24265
24267
24270
24272
24275
24277
24280
24282
24285
24287
24290
24292
24295
24297
24300
24302
24305
24307
24310
24312
24315
24317
24320
24322
24325
24327
24330
24332
24335
24337
24340
24342
24345
24347
24350
24353
24356
24359
24362
24366
24369
24372
24375
24379
24382
24385
24388
24392
24395
24398
24401
24405
24408
24411
24414
24417
24421
24424
24427
24430
24434
24437
24440
24443
24447
24450
24453
24456
24460
24463
24466
24469
24472
24475
24478
24481
24484
24487
24490
24493
24496
24499
24502
24505
24508
24511
24515
24518
24521
24524
24527
24530
24533
24536
24539
24542
24545
24548
24551
24554
24557
24560
24563
24566
24570
24613
24656
24700
24702
24704
24707
24709
24712
24714
24716
24719
24721
24724
24726
24728
24731
24733
24736
24738
24740
24743
24745
24748
24750
24752
24755
24757
24760
24762
24765
24767
24769
24772
24774
24777
24779
24781
24784
24786
24789
24791
24793
24796
24798
24801
24803
24805
24808
24810
24813
24815
24817
24820
24822
24825
24827
24830
24833
24836
24840
24843
24847
24850
24854
24857
24860
24864
24867
24871
24874
24878
24881
24884
24888
24891
24895
24898
24902
24905
24909
24912
24915
24919
24922
24926
24929
24933
24936
24940
24942
24945
24948
24951
24953
24956
24959
24962
24964
24967
24970
24973
24975
24978
24981
24984
24987
24989
24992
24995
24998
25000
25003
25006
25009
25011
25014
25017
25020
25022
25025
25028
25031
25034
25036
25039
25042
25045
25047
25050
25053
25056
25058
25061
25064
25067
25070
25073
25077
25081
25084
25088
25092
25095
25099
25103
25106
25110
25114
25117
25121
25125
25128
25132
25136
25139
25143
25147
25150
25154
25158
25161
25165
25169
25172
25176
25180
25182
25184
25187
25189
25191
25194
25196
25198
25201
25203
25205
25208
25210
25212
25215
25217
25220
25222
25224
25227
25229
25231
25234
25236
25238
25241
25243
25245
25248
25250
25252
25255
25257
25260
25262
25264
25267
25269
25271
25274
25276
25278
25281
25283
25285
25288
25290
25292
25295
25297
25300
25307
25315
25323
25331
25339
25346
25354
25362
25370
25378
25385
25393
25401
25409
25417
25425
25432
25440
25448
25456
25464
25471
25479
25487
25495
25503
25510
25518
25526
25534
25542
25550
25552
25554
25556
25558
25560
25562
25564
25566
25568
25570
25572
25574
25576
25578
25580
25582
25584
25586
25588
25590
25592
25594
25596
25598
25601
25603
25605
25607
25609
25611
25613
25615
25617
25619
25621
25623
25625
25627
25629
25631
25633
25635
25637
25639
25641
25643
25645
25647
25650
25666
25683
25700
25717
25733
25750
25767
25784
25800
25817
25834
25851
25868
25884
25901
25918
25935
25951
25968
25985
26002
26019
26035
26052
26069
26086
26102
26119
26136
26153
26170
26172
26174
26176
26178
26180
26182
26184
26186
26188
26190
26192
26194
26196
26198
26200
26202
26204
26206
26208
26210
26212
26214
26216
26218
26220
26222
26225
26227
26229
26231
26233
26235
26237
26239
26241
26243
26245
26247
26249
26251
26253
26255
26257
26259
26261
26263
26265
26267
26269
26271
26273
26275
26277
26280
26283
26286
26289
26292
26295
26298
26301
26304
26307
26310
26313
26316
26319
26322
26325
26328
26331
26334
26337
26340
26343
26346
26349
26352
26355
26358
26361
26364
26367
26370
26373
26376
26380
26383
26386
26389
26392
26396
26399
26402
26405
26409
26412
26415
26418
26422
26425
26428
26431
26435
26438
26441
26444
26448
26451
26454
26457
26461
26464
26467
26470
26474
26477
26480
26483
26487
26490
26493
26496
26500
26502
26504
26506
26509
26511
26513
26516
26518
26520
26523
26525
26527
26530
26532
26534
26536
26539
26541
26543
26546
26548
26550
26553
26555
26557
26560
26562
26564
26566
26569
26571
26573
26576
26578
26580
26583
26585
26587
26590
26592
26594
26596
26599
26601
26603
26606
26608
26610
26613
26615
26617
26620
26623
26627
26631
26635
26639
26643
26647
26650
26654
26658
26662
26666
26670
26674
26678
26681
26685
26689
26693
26697
26701
26705
26709
26712
26716
26720
26724
26728
26732
26736
26740
26742
26744
26747
26749
26751
26754
26756
26758
26761
26763
26765
26768
26770
26772
26775
26777
26779
26782
26784
26787
26789
26791
26794
26796
26798
26801
26803
26805
26808
26810
26812
26815
26817
26820
26822
26824
26827
26829
26831
26834
26836
26838
26841
26843
26845
26848
26850
26852
26855
26857
26860
26863
26866
26870
26873
26877
26880
26884
26887
26890
26894
26897
26901
26904
26908
26911
26914
26918
26921
26925
26928
26932
26935
26938
26942
26945
26949
26952
26956
26959
26962
26966
26969
26973
26976
26980
26982
26984
26987
26989
26992
26994
26996
26999
27001
27004
27006
27008
27011
27013
27016
27018
27020
27023
27025
27028
27030
27032
27035
27037
27040
27042
27044
27047
27049
27052
27054
27056
27059
27061
27064
27066
27068
27071
27073
27076
27078
27080
27083
27085
27088
27090
27092
27095
27097
27100
27110
27120
27130
27140
27150
27160
27170
27180
27190
27200
27210
27220
27230
27240
27250
27260
27270
27280
27290
27300
27310
27320
27330
27340
27349
27360
27369
27380
27389
27400
27402
27404
27406
27409
27411
27413
27415
27418
27420
27422
27424
27427
27429
27431
27433
27436
27438
27440
27443
27445
27447
27449
27452
27454
27456
27458
27461
27463
27465
27467
27470
27472
27474
27476
27479
27481
27483
27486
27488
27490
27492
27495
27497
27499
27501
27504
27506
27508
27510
27513
27515
27517
27520
27523
27527
27530
27534
27537
27541
27544
27548
27551
27555
27559
27562
27566
27569
27573
27576
27580
27583
27587
27590
27594
27598
27601
27605
27608
27612
27615
27619
27622
27626
27630
27632
27635
27638
27641
27644
27647
27650
27653
27656
27659
27662
27665
27668
27670
27673
27676
27679
27682
27685
27688
27691
27694
27697
27700
27703
27706
27709
27711
27714
27717
27720
27723
27726
27729
27732
27735
27738
27741
27744
27747
27750
27752
27755
27757
27760
27763
27765
27768
27770
27773
27776
27778
27781
27783
27786
27789
27791
27794
27796
27799
27802
27804
27807
27810
27812
27815
27817
27820
27823
27825
27828
27830
27833
27836
27838
27841
27843
27846
27849
27851
27854
27856
27859
27862
27864
27867
27870
27873
27876
27879
27882
27885
27888
27891
27894
27897
27900
27903
27906
27909
27912
27915
27918
27921
27924
27927
27930
27933
27936
27939
27942
27945
27948
27951
27954
27957
27960
27962
27965
27968
27971
27974
27977
27980
27984
27987
27990
27992
27995
27997
28000
28003
28005
28008
28010
28013
28016
28018
28021
28023
28026
28029
28031
28034
28036
28039
28042
28044
28047
28049
28052
28055
28057
28060
28063
28065
28068
28070
28073
28076
28078
28081
28083
28086
28089
28091
28094
28096
28099
28102
28104
28107
28110
28113
28116
28119
28122
28125
28128
28131
28134
28137
28140
28143
28146
28150
28153
28156
28159
28162
28165
28168
28171
28174
28177
28180
28183
28186
28190
28193
28196
28199
28202
28205
28208
28211
28214
28217
28220
28223
28226
28230
28232
28234
28236
28239
28241
28243
28246
28248
28250
28252
28255
28257
28259
28262
28264
28266
28268
28271
28273
28275
28278
28280
28282
28285
28287
28289
28291
28294
28296
28298
28301
28303
28305
28307
28310
28312
28314
28317
28319
28321
28323
28326
28328
28330
28333
28335
28337
28340
28343
28346
28350
28353
28356
28360
28363
28366
28370
28373
28376
28380
28383
28386
28390
28393
28396
28400
28403
28406
28410
28413
28416
28420
28423
28426
28430
28433
28436
28440
28443
28446
28450
28453
28456
28460
28463
28467
28471
28475
28479
28483
28487
28491
28495
28499
28503
28507
28511
28515
28519
28523
28527
28531
28535
28538
28542
28546
28550
28554
28558
28562
28566
28570
28574
28578
28582
28586
28590
28594
28598
28602
28606
28610
28612
28615
28617
28620
28623
28625
28628
28631
28633
28636
28638
28641
28644
28646
28649
28652
28654
28657
28660
28662
28665
28667
28670
28673
28675
28678
28681
28683
28686
28688
28691
28694
28696
28699
28702
28704
28707
28710
28713
28717
28721
28724
28728
28732
28736
28739
28743
28747
28750
28754
28758
28762
28765
28769
28773
28776
28780
28784
28788
28791
28795
28799
28802
28806
28810
28814
28817
28821
28825
28828
28832
28836
28840
28842
28844
28847
28849
28851
28854
28856
28859
28861
28863
28866
28868
28870
28873
28875
28878
28880
28882
28885
28887
28890
28892
28894
28897
28899
28901
28904
28906
28909
28911
28913
28916
28918
28920
28923
28925
28928
28930
28932
28935
28937
28940
28972
29005
29037
29070
29102
29134
29167
29200
29202
29204
29206
29209
29211
29213
29215
29218
29220
29222
29224
29227
29229
29231
29233
29236
29238
29240
29243
29245
29247
29249
29252
29254
29256
29258
29261
29263
29265
29267
29270
29272
29274
29276
29279
29281
29283
29286
29288
29290
29292
29295
29297
29299
29301
29304
29306
29308
29310
29313
29315
29317
29320
29323
29326
29329
29332
29336
29339
29342
29345
29349
29352
29355
29358
29362
29365
29368
29371
29375
29378
29381
29384
29388
29391
29394
29397
29401
29404
29407
29410
29414
29417
29420
29423
29427
29430
29433
29436
29440
29442
29444
29446
29448
29451
29453
29455
29457
29460
29462
29464
29466
29468
29471
29473
29475
29477
29480
29482
29484
29486
29488
29491
29493
29495
29497
29500
29502
29504
29506
29508
29511
29513
29515
29517
29520
29522
29524
29526
29528
29531
29533
29535
29537
29540
29542
29544
29546
29548
29551
29553
29555
29557
29560
29563
29566
29569
29572
29576
29579
29582
29585
29589
29592
29595
29598
29602
29605
29608
29611
29615
29618
29621
29624
29628
29631
29634
29637
29641
29644
29647
29650
29654
29657
29660
29663
29667
29670
29673
29676
29680
29685
29690
29695
29700
29706
29711
29716
29721
29726
29732
29737
29742
29747
29753
29758
29763
29768
29773
29779
29784
29789
29794
29800
29805
29810
29815
29820
29826
29831
29836
29841
29846
29852
29857
29862
29867
29873
29878
29883
29888
29893
29899
29904
29909
29914
29920
